/home/gurevich/rep/quast/quast.pyc -t 16 -j  --meta  --bed-file /Molly/gurevich/MetaQUAST/res_final/res_cami_final/combined_reference/structural_variations/combined_reference.bed --no-check-meta  --contig-thresholds 1000,5000,10000,25000,50000 -R /Molly/gurevich/MetaQUAST/res_final/res_cami_final/quast_corrected_input/alpha_proteobacterium_LLX12A.fasta -o /Molly/gurevich/MetaQUAST/res_final/res_cami_final/runs_per_reference/alpha_proteobacterium_LLX12A --labels "Gold_Assembly, IDBA_UD, Ray, SOAPdenovo2, SPAdes" /Molly/gurevich/MetaQUAST/res_final/res_cami_final/quast_corrected_input/Gold_Assembly_to_alpha_proteobacterium_LLX12A.fasta /Molly/gurevich/MetaQUAST/res_final/res_cami_final/quast_corrected_input/IDBA_UD_to_alpha_proteobacterium_LLX12A.fasta /Molly/gurevich/MetaQUAST/res_final/res_cami_final/quast_corrected_input/Ray_to_alpha_proteobacterium_LLX12A.fasta /Molly/gurevich/MetaQUAST/res_final/res_cami_final/quast_corrected_input/SOAPdenovo2_to_alpha_proteobacterium_LLX12A.fasta /Molly/gurevich/MetaQUAST/res_final/res_cami_final/quast_corrected_input/SPAdes_to_alpha_proteobacterium_LLX12A.fasta

Started: 2015-11-09 19:54:54

Logging to /Molly/gurevich/MetaQUAST/res_final/res_cami_final/runs_per_reference/alpha_proteobacterium_LLX12A/quast.log

NOTICE: Output directory already exists. Existing Nucmer alignments can be used.

Reference:
  /Molly/gurevich/MetaQUAST/res_final/res_cami_final/quast_corrected_input/alpha_proteobacterium_LLX12A.fasta ==> alpha_proteobacterium_LLX12A

Contigs:
  1  /Molly/gurevich/MetaQUAST/res_final/res_cami_final/quast_corrected_input/Gold_Assembly_to_alpha_proteobacterium_LLX12A.fasta ==> Gold_Assembly
  2  /Molly/gurevich/MetaQUAST/res_final/res_cami_final/quast_corrected_input/IDBA_UD_to_alpha_proteobacterium_LLX12A.fasta ==> IDBA_UD
  3  /Molly/gurevich/MetaQUAST/res_final/res_cami_final/quast_corrected_input/Ray_to_alpha_proteobacterium_LLX12A.fasta ==> Ray
  4  /Molly/gurevich/MetaQUAST/res_final/res_cami_final/quast_corrected_input/SOAPdenovo2_to_alpha_proteobacterium_LLX12A.fasta ==> SOAPdenovo2
  5  /Molly/gurevich/MetaQUAST/res_final/res_cami_final/quast_corrected_input/SPAdes_to_alpha_proteobacterium_LLX12A.fasta ==> SPAdes

2015-11-09 19:54:55
Running Basic statistics processor...
  Reference genome:
    alpha_proteobacterium_LLX12A.fasta, Reference length = 5961098, Reference GC % = 64.23
  Contig files: 
    1  Gold_Assembly
    2  IDBA_UD
    3  Ray
    4  SOAPdenovo2
    5  SPAdes
  Calculating N50 and L50...
    1  Gold_Assembly, N50 = 24106, L50 = 75, Total length = 5938654, GC % = 64.24, # N's per 100 kbp =  0.00
    2  IDBA_UD, N50 = 4554, L50 = 380, Total length = 5431012, GC % = 64.10, # N's per 100 kbp =  0.00
    3  Ray, N50 = 733, L50 = 1149, Total length = 2264306, GC % = 64.39, # N's per 100 kbp =  5.79
    4  SOAPdenovo2, N50 = 1465, L50 = 1081, Total length = 4907211, GC % = 64.18, # N's per 100 kbp =  99.16
    5  SPAdes, N50 = 4019, L50 = 427, Total length = 5533131, GC % = 64.28, # N's per 100 kbp =  35.06
  Drawing Nx plot...
    saved to /Molly/gurevich/MetaQUAST/res_final/res_cami_final/runs_per_reference/alpha_proteobacterium_LLX12A/basic_stats/Nx_plot.pdf
  Drawing NGx plot...
    saved to /Molly/gurevich/MetaQUAST/res_final/res_cami_final/runs_per_reference/alpha_proteobacterium_LLX12A/basic_stats/NGx_plot.pdf
  Drawing cumulative plot...
    saved to /Molly/gurevich/MetaQUAST/res_final/res_cami_final/runs_per_reference/alpha_proteobacterium_LLX12A/basic_stats/cumulative_plot.pdf
  Drawing GC content plot...
    saved to /Molly/gurevich/MetaQUAST/res_final/res_cami_final/runs_per_reference/alpha_proteobacterium_LLX12A/basic_stats/GC_content_plot.pdf
Done.

2015-11-09 19:55:01
Running Contig analyzer...
  2  IDBA_UD
  1  Gold_Assembly
  4  SOAPdenovo2
  5  SPAdes
  3  Ray
  1  Logging to files /Molly/gurevich/MetaQUAST/res_final/res_cami_final/runs_per_reference/alpha_proteobacterium_LLX12A/contigs_reports/contigs_report_Gold_Assembly.stdout and contigs_report_Gold_Assembly.stderr...
  4  Logging to files /Molly/gurevich/MetaQUAST/res_final/res_cami_final/runs_per_reference/alpha_proteobacterium_LLX12A/contigs_reports/contigs_report_SOAPdenovo2.stdout and contigs_report_SOAPdenovo2.stderr...
  2  Logging to files /Molly/gurevich/MetaQUAST/res_final/res_cami_final/runs_per_reference/alpha_proteobacterium_LLX12A/contigs_reports/contigs_report_IDBA_UD.stdout and contigs_report_IDBA_UD.stderr...
  2  Using existing Nucmer alignments... 
  1  Using existing Nucmer alignments... 
  5  Logging to files /Molly/gurevich/MetaQUAST/res_final/res_cami_final/runs_per_reference/alpha_proteobacterium_LLX12A/contigs_reports/contigs_report_SPAdes.stdout and contigs_report_SPAdes.stderr...
  5  Using existing Nucmer alignments... 
  3  Logging to files /Molly/gurevich/MetaQUAST/res_final/res_cami_final/runs_per_reference/alpha_proteobacterium_LLX12A/contigs_reports/contigs_report_Ray.stdout and contigs_report_Ray.stderr...
  4  Using existing Nucmer alignments... 
  3  Using existing Nucmer alignments... 
  3  Alignments: runs_per_reference/alpha_proteobacterium_LLX12A/contigs_reports/alignments_Ray.tsv
  3  Analysis is finished.

  1  Alignments: runs_per_reference/alpha_proteobacterium_LLX12A/contigs_reports/alignments_Gold_Assembly.tsv
  1  Analysis is finished.

  2  Alignments: runs_per_reference/alpha_proteobacterium_LLX12A/contigs_reports/alignments_IDBA_UD.tsv
  2  Analysis is finished.

  5  Alignments: runs_per_reference/alpha_proteobacterium_LLX12A/contigs_reports/alignments_SPAdes.tsv
  5  Analysis is finished.

  4  Alignments: runs_per_reference/alpha_proteobacterium_LLX12A/contigs_reports/alignments_SOAPdenovo2.tsv
  4  Analysis is finished.

  Creating total report...
    saved to /Molly/gurevich/MetaQUAST/res_final/res_cami_final/runs_per_reference/alpha_proteobacterium_LLX12A/contigs_reports/misassemblies_report.txt, misassemblies_report.tsv, and misassemblies_report.tex
  Transposed version of total report...
    saved to /Molly/gurevich/MetaQUAST/res_final/res_cami_final/runs_per_reference/alpha_proteobacterium_LLX12A/contigs_reports/transposed_report_misassemblies.txt, transposed_report_misassemblies.tsv, and transposed_report_misassemblies.tex
  Creating total report...
    saved to /Molly/gurevich/MetaQUAST/res_final/res_cami_final/runs_per_reference/alpha_proteobacterium_LLX12A/contigs_reports/unaligned_report.txt, unaligned_report.tsv, and unaligned_report.tex
  Drawing misassemblies by types plot...
    saved to /Molly/gurevich/MetaQUAST/res_final/res_cami_final/runs_per_reference/alpha_proteobacterium_LLX12A/contigs_reports/misassemblies_plot.pdf
Done.

2015-11-09 19:55:07
Running NA-NGA calculation...
  1  Gold_Assembly, Largest alignment = 143040, NA50 = 24106, NGA50 = 24106, LA50 = 75, LGA50 = 75
  2  IDBA_UD, Largest alignment = 24606, NA50 = 4375, NGA50 = 4021, LA50 = 397, LGA50 = 461
  3  Ray, Largest alignment = 3154, NA50 = 733, LA50 = 1150
  4  SOAPdenovo2, Largest alignment = 7658, NA50 = 1464, NGA50 = 1218, LA50 = 1082, LGA50 = 1477
  5  SPAdes, Largest alignment = 19191, NA50 = 3786, NGA50 = 3450, LA50 = 458, LGA50 = 518
  Drawing cumulative plot...
    saved to /Molly/gurevich/MetaQUAST/res_final/res_cami_final/runs_per_reference/alpha_proteobacterium_LLX12A/aligned_stats/cumulative_plot.pdf
  Drawing NAx plot...
    saved to /Molly/gurevich/MetaQUAST/res_final/res_cami_final/runs_per_reference/alpha_proteobacterium_LLX12A/aligned_stats/NAx_plot.pdf
  Drawing NGAx plot...
    saved to /Molly/gurevich/MetaQUAST/res_final/res_cami_final/runs_per_reference/alpha_proteobacterium_LLX12A/aligned_stats/NGAx_plot.pdf
Done.

2015-11-09 19:55:10
Running Genome analyzer...
  NOTICE: No file with genes provided. Use the -G option if you want to specify it.
  NOTICE: No file with operons provided. Use the -O option if you want to specify it.
  1  Gold_Assembly
  2  IDBA_UD
  3  Ray
  4  SOAPdenovo2
  5  SPAdes
  3  Analysis is finished.
  4  Analysis is finished.
  5  Analysis is finished.
  2  Analysis is finished.
  1  Analysis is finished.
  Drawing Genome fraction, % histogram...
    saved to /Molly/gurevich/MetaQUAST/res_final/res_cami_final/runs_per_reference/alpha_proteobacterium_LLX12A/genome_stats/genome_fraction_histogram.pdf
Done.

NOTICE: Genes are not predicted by default. Use --gene-finding option to enable it.

2015-11-09 19:55:14
Drawing large plots...
This may take a while: press Ctrl-C to skip this step..
  1 of 2: Creating contig alignment plot...
  2 of 2: Creating PDF with all tables and plots...
Done

2015-11-09 19:56:09
RESULTS:
  Text versions of total report are saved to /Molly/gurevich/MetaQUAST/res_final/res_cami_final/runs_per_reference/alpha_proteobacterium_LLX12A/report.txt, report.tsv, and report.tex
  Text versions of transposed total report are saved to /Molly/gurevich/MetaQUAST/res_final/res_cami_final/runs_per_reference/alpha_proteobacterium_LLX12A/transposed_report.txt, transposed_report.tsv, and transposed_report.tex
  HTML version (interactive tables and plots) saved to /Molly/gurevich/MetaQUAST/res_final/res_cami_final/runs_per_reference/alpha_proteobacterium_LLX12A/report.html
  PDF version (tables and plots) saved to /Molly/gurevich/MetaQUAST/res_final/res_cami_final/runs_per_reference/alpha_proteobacterium_LLX12A/report.pdf
  Contig alignment plot: /Molly/gurevich/MetaQUAST/res_final/res_cami_final/runs_per_reference/alpha_proteobacterium_LLX12A/alignment.svg
