Aligning contigs to reference...
	Using existing Nucmer alignments...
Parsing coords...
Loading reference...
	Loaded [Bacteroides_finegoldii_gi_482849993_ref_NZ_]
Loading SNPs...
Loading regions...
	No regions given, using whole reference.
	Total Regions: 1
	Total Region Length: 5124109
Analyzing contigs...
CONTIG: scaffold-2416 (1955bp)
Top Length: 493  Top ID: 98.38
		This contig is misassembled. 2 total aligns.
			Warning! This contig is more unaligned than misassembled. Contig length is 1955 and total length of all aligns is 910
		Alignment: 3077043 3077459 | 1191 775 | 417 417 | 98.32 | Bacteroides_finegoldii_gi_482849993_ref_NZ_ scaffold-2416
		Alignment: 3076963 3077455 | 1815 1323 | 493 493 | 98.38 | Bacteroides_finegoldii_gi_482849993_ref_NZ_ scaffold-2416
		Unaligned bases: 1045
		This contig has both significant aligned and unaligned parts (of length >= min-contig)! It can contain interspecies translocations
CONTIG: scaffold-2557 (19388bp)
Top Length: 75  Top ID: 100.0
			Skipping redundant alignments after choosing the best set of alignments
		Skipping redundant alignment 4323885 4323959 | 8987 8913 | 75 75 | 100.0 | Bacteroides_finegoldii_gi_482849993_ref_NZ_ scaffold-2557
		This contig is partially unaligned. (Aligned 75 out of 19388 bases)
		Alignment: 2820077 2820151 | 8987 8913 | 75 75 | 100.0 | Bacteroides_finegoldii_gi_482849993_ref_NZ_ scaffold-2557
		Unaligned bases: 1 to 8912 (8912)
		Unaligned bases: 8988 to 19388 (10401)

CONTIG: scaffold-2644 (17224bp)
Top Length: 17221  Top ID: 97.35
		One align captures most of this contig: 4519092 4536228 | 2 17222 | 17137 17221 | 97.35 | Bacteroides_finegoldii_gi_482849993_ref_NZ_ scaffold-2644

CONTIG: scaffold-2865 (13412bp)
Top Length: 9279  Top ID: 95.66
		Skipping redundant alignment 4494966 4495280 | 13097 13412 | 315 316 | 96.84 | Bacteroides_finegoldii_gi_482849993_ref_NZ_ scaffold-2865
		This contig is partially unaligned. (Aligned 9279 out of 13412 bases)
		Alignment: 4483080 4492358 | 4134 13412 | 9279 9279 | 95.66 | Bacteroides_finegoldii_gi_482849993_ref_NZ_ scaffold-2865
		Unaligned bases: 1 to 4133 (4133)
		This contig has both significant aligned and unaligned parts (of length >= min-contig)! It can contain interspecies translocations

CONTIG: scaffold-3224 (2014bp)
Top Length: 353  Top ID: 95.18
		This contig is partially unaligned. (Aligned 353 out of 2014 bases)
		Alignment: 4349334 4349686 | 1662 2014 | 353 353 | 95.18 | Bacteroides_finegoldii_gi_482849993_ref_NZ_ scaffold-3224
		Unaligned bases: 1 to 1661 (1661)

CONTIG: scaffold-3618 (2424bp)
Top Length: 2419  Top ID: 99.59
		One align captures most of this contig: 1857391 1859809 | 2424 6 | 2419 2419 | 99.59 | Bacteroides_finegoldii_gi_482849993_ref_NZ_ scaffold-3618

CONTIG: scaffold-4535 (740bp)
Top Length: 738  Top ID: 97.02
		One align captures most of this contig: 3033480 3034217 | 739 2 | 738 738 | 97.02 | Bacteroides_finegoldii_gi_482849993_ref_NZ_ scaffold-4535

CONTIG: scaffold-4548 (1414bp)
Top Length: 1414  Top ID: 99.93
		One align captures most of this contig: 3288298 3289711 | 1414 1 | 1414 1414 | 99.93 | Bacteroides_finegoldii_gi_482849993_ref_NZ_ scaffold-4548

CONTIG: scaffold-4957 (1130bp)
Top Length: 1130  Top ID: 99.73
		One align captures most of this contig: 4631667 4632796 | 1130 1 | 1130 1130 | 99.73 | Bacteroides_finegoldii_gi_482849993_ref_NZ_ scaffold-4957

CONTIG: scaffold-6737 (634bp)
Top Length: 629  Top ID: 97.46
		One align captures most of this contig: 3037224 3037852 | 634 6 | 629 629 | 97.46 | Bacteroides_finegoldii_gi_482849993_ref_NZ_ scaffold-6737

CONTIG: scaffold-9382 (823bp)
Top Length: 823  Top ID: 95.5
		One align captures most of this contig: 3051629 3052451 | 1 823 | 823 823 | 95.5 | Bacteroides_finegoldii_gi_482849993_ref_NZ_ scaffold-9382

CONTIG: scaffold-10650 (513bp)
Top Length: 513  Top ID: 95.71
		Marking as insignificant: 5121173 5121542 | 370 1 | 370 370 | 96.76 | Bacteroides_finegoldii_gi_482849993_ref_NZ_ scaffold-10650
		Marking as insignificant: 713045 713414 | 1 370 | 370 370 | 96.76 | Bacteroides_finegoldii_gi_482849993_ref_NZ_ scaffold-10650
		One align captures most of this contig: 4324040 4324552 | 513 1 | 513 513 | 95.71 | Bacteroides_finegoldii_gi_482849993_ref_NZ_ scaffold-10650

CONTIG: scaffold-18886 (1280bp)
Top Length: 1278  Top ID: 96.79
		One align captures most of this contig: 3054983 3056260 | 1 1278 | 1278 1278 | 96.79 | Bacteroides_finegoldii_gi_482849993_ref_NZ_ scaffold-18886

CONTIG: scaffold-24452 (1157bp)
Top Length: 84  Top ID: 100.0
		Skipping redundant alignment 4900672 4900748 | 515 439 | 77 77 | 100.0 | Bacteroides_finegoldii_gi_482849993_ref_NZ_ scaffold-24452
		This contig is partially unaligned. (Aligned 84 out of 1157 bases)
		Alignment: 4900557 4900640 | 519 436 | 84 84 | 100.0 | Bacteroides_finegoldii_gi_482849993_ref_NZ_ scaffold-24452
		Unaligned bases: 1 to 435 (435)
		Unaligned bases: 520 to 1157 (638)

CONTIG: scaffold-36192 (802bp)
Top Length: 802  Top ID: 98.0
		One align captures most of this contig: 3063561 3064362 | 802 1 | 802 802 | 98.0 | Bacteroides_finegoldii_gi_482849993_ref_NZ_ scaffold-36192

CONTIG: scaffold-57067 (780bp)
Top Length: 780  Top ID: 99.1
		One align captures most of this contig: 3876840 3877619 | 780 1 | 780 780 | 99.1 | Bacteroides_finegoldii_gi_482849993_ref_NZ_ scaffold-57067

CONTIG: scaffold-72254 (3323bp)
Top Length: 3137  Top ID: 95.32
			Skipping redundant alignments after choosing the best set of alignments
		Skipping redundant alignment 4462843 4465965 | 46 3167 | 3123 3122 | 95.23 | Bacteroides_finegoldii_gi_482849993_ref_NZ_ scaffold-72254
		Skipping redundant alignment 4467401 4470537 | 46 3182 | 3137 3137 | 95.32 | Bacteroides_finegoldii_gi_482849993_ref_NZ_ scaffold-72254
		Skipping redundant alignment 4472611 4475733 | 46 3167 | 3123 3122 | 95.23 | Bacteroides_finegoldii_gi_482849993_ref_NZ_ scaffold-72254
		Skipping redundant alignment 4477169 4480290 | 46 3167 | 3122 3122 | 95.36 | Bacteroides_finegoldii_gi_482849993_ref_NZ_ scaffold-72254
		This contig is partially unaligned. (Aligned 3137 out of 3323 bases)
		Alignment: 4457633 4460769 | 46 3182 | 3137 3137 | 95.32 | Bacteroides_finegoldii_gi_482849993_ref_NZ_ scaffold-72254
		Unaligned bases: 1 to 45 (45)
		Unaligned bases: 3183 to 3323 (141)

CONTIG: scaffold-84623 (907bp)
Top Length: 907  Top ID: 99.78
		One align captures most of this contig: 3880116 3881022 | 907 1 | 907 907 | 99.78 | Bacteroides_finegoldii_gi_482849993_ref_NZ_ scaffold-84623

CONTIG: scaffold-120235 (514bp)
Top Length: 514  Top ID: 98.83
		One align captures most of this contig: 3075791 3076304 | 514 1 | 514 514 | 98.83 | Bacteroides_finegoldii_gi_482849993_ref_NZ_ scaffold-120235

CONTIG: scaffold-128369 (1088bp)
Top Length: 1088  Top ID: 99.26
		One align captures most of this contig: 3881282 3882367 | 1 1088 | 1086 1088 | 99.26 | Bacteroides_finegoldii_gi_482849993_ref_NZ_ scaffold-128369

CONTIG: scaffold-143287 (978bp)
Top Length: 977  Top ID: 96.11
		One align captures most of this contig: 3056119 3057095 | 978 2 | 977 977 | 96.11 | Bacteroides_finegoldii_gi_482849993_ref_NZ_ scaffold-143287

CONTIG: scaffold-161466 (686bp)
Top Length: 686  Top ID: 97.08
		One align captures most of this contig: 3054509 3055194 | 686 1 | 686 686 | 97.08 | Bacteroides_finegoldii_gi_482849993_ref_NZ_ scaffold-161466

CONTIG: scaffold-195399 (43716bp)
Top Length: 20758  Top ID: 96.72
		Skipping redundant alignment 4462211 4462754 | 41019 41562 | 544 544 | 95.59 | Bacteroides_finegoldii_gi_482849993_ref_NZ_ scaffold-195399
		Skipping redundant alignment 4471979 4472522 | 41019 41562 | 544 544 | 95.59 | Bacteroides_finegoldii_gi_482849993_ref_NZ_ scaffold-195399
		Skipping redundant alignment 4466771 4467312 | 41021 41562 | 542 542 | 95.02 | Bacteroides_finegoldii_gi_482849993_ref_NZ_ scaffold-195399
		Skipping redundant alignment 4476539 4477080 | 41021 41562 | 542 542 | 95.02 | Bacteroides_finegoldii_gi_482849993_ref_NZ_ scaffold-195399
			Skipping redundant alignments after choosing the best set of alignments
		Skipping redundant alignment 4462843 4464875 | 41684 43716 | 2033 2033 | 96.17 | Bacteroides_finegoldii_gi_482849993_ref_NZ_ scaffold-195399
		Skipping redundant alignment 4467401 4469433 | 41684 43716 | 2033 2033 | 96.21 | Bacteroides_finegoldii_gi_482849993_ref_NZ_ scaffold-195399
		Skipping redundant alignment 4472611 4474643 | 41684 43716 | 2033 2033 | 96.17 | Bacteroides_finegoldii_gi_482849993_ref_NZ_ scaffold-195399
		Skipping redundant alignment 4477169 4479201 | 41684 43716 | 2033 2033 | 96.21 | Bacteroides_finegoldii_gi_482849993_ref_NZ_ scaffold-195399
		This contig is misassembled. 11 total aligns.
			Real Alignment 1: 4416372 4422585 | 1 6215 | 6214 6215 | 97.17 | Bacteroides_finegoldii_gi_482849993_ref_NZ_ scaffold-195399
			  Overlap between these two alignments (local misassembly). Inconsistency = -389 
			Real Alignment 2: 4436786 4457544 | 20805 41562 | 20759 20758 | 96.72 | Bacteroides_finegoldii_gi_482849993_ref_NZ_ scaffold-195399
			  Overlap between these two alignments (local misassembly). Inconsistency = -33 
			Real Alignment 3: 4457633 4459665 | 41684 43716 | 2033 2033 | 96.21 | Bacteroides_finegoldii_gi_482849993_ref_NZ_ scaffold-195399
		This contig has significant unaligned parts (of length >= min-contig)! It can contain interspecies translocations

Analyzing coverage...
Writing SNPs into /Molly/gurevich/MetaQUAST/res_final/res_metahit_final/runs_per_reference/Bacteroides_finegoldii/contigs_reports/nucmer_output/Ray.used_snps
	Reference Bacteroides_finegoldii_gi_482849993_ref_NZ_: 26 total alignments. 1 total regions.
		Region: 1 to 5124109 (5124109 bp)
			START in gap: 1 to 1857391 (1857390 bp)
			Align 1: 1857391 1859809 scaffold-3618 2424 6
				Gap between this and next alignment: 1859809 to 2820077 (960267 bp)
				Next Alignment: 2820077 2820151 scaffold-2557 8987 8913

			Align 2: 2820077 2820151 scaffold-2557 8987 8913
				Gap between this and next alignment: 2820151 to 3033480 (213328 bp)
				Next Alignment: 3033480 3034217 scaffold-4535 739 2

			Align 3: 3033480 3034217 scaffold-4535 739 2
				Gap between this and next alignment: 3034217 to 3037224 (3006 bp)
				Next Alignment: 3037224 3037852 scaffold-6737 634 6

			Align 4: 3037224 3037852 scaffold-6737 634 6
				Gap between this and next alignment: 3037852 to 3051629 (13776 bp)
				Next Alignment: 3051629 3052451 scaffold-9382 1 823

			Align 5: 3051629 3052451 scaffold-9382 1 823
				Gap between this and next alignment: 3052451 to 3054509 (2057 bp)
				Next Alignment: 3054509 3055194 scaffold-161466 686 1

			Align 6: 3054509 3055194 scaffold-161466 686 1
				Negative gap (overlap) between this and next alignment: 3055194 to 3054983 (-211 bp)
				Next Alignment: 3054983 3056260 scaffold-18886 1 1278

			Previous gap was negative, modifying coordinates to ignore overlap
				Moving contig start from 1 to 213.
			Align 7: 3055195 3056260 scaffold-18886 213 1278
				Negative gap (overlap) between this and next alignment: 3056260 to 3056119 (-141 bp)
				Next Alignment: 3056119 3057095 scaffold-143287 978 2

			Previous gap was negative, modifying coordinates to ignore overlap
				Moving contig start from 978 to 836.
			Align 8: 3056261 3057095 scaffold-143287 836 2
				Gap between this and next alignment: 3057095 to 3063561 (6465 bp)
				Next Alignment: 3063561 3064362 scaffold-36192 802 1

			Align 9: 3063561 3064362 scaffold-36192 802 1
				Gap between this and next alignment: 3064362 to 3075791 (11428 bp)
				Next Alignment: 3075791 3076304 scaffold-120235 514 1

			Align 10: 3075791 3076304 scaffold-120235 514 1
				Gap between this and next alignment: 3076304 to 3076963 (658 bp)
				Next Alignment: 3076963 3077455 scaffold-2416 1815 1323

			Align 11: 3076963 3077455 scaffold-2416 1815 1323
				Negative gap (overlap) between this and next alignment: 3077455 to 3077043 (-412 bp)
				Next Alignment: 3077043 3077459 scaffold-2416 1191 775

			Previous gap was negative, modifying coordinates to ignore overlap
				Moving contig start from 1191 to 778.
			Align 12: 3077456 3077459 scaffold-2416 778 775
				Gap between this and next alignment: 3077459 to 3288298 (210838 bp)
				Next Alignment: 3288298 3289711 scaffold-4548 1414 1

			Align 13: 3288298 3289711 scaffold-4548 1414 1
				Gap between this and next alignment: 3289711 to 3876840 (587128 bp)
				Next Alignment: 3876840 3877619 scaffold-57067 780 1

			Align 14: 3876840 3877619 scaffold-57067 780 1
				Gap between this and next alignment: 3877619 to 3880116 (2496 bp)
				Next Alignment: 3880116 3881022 scaffold-84623 907 1

			Align 15: 3880116 3881022 scaffold-84623 907 1
				Gap between this and next alignment: 3881022 to 3881282 (259 bp)
				Next Alignment: 3881282 3882367 scaffold-128369 1 1088

			Align 16: 3881282 3882367 scaffold-128369 1 1088
				Gap between this and next alignment: 3882367 to 4324040 (441672 bp)
				Next Alignment: 4324040 4324552 scaffold-10650 513 1

			Align 17: 4324040 4324552 scaffold-10650 513 1
				Gap between this and next alignment: 4324552 to 4349334 (24781 bp)
				Next Alignment: 4349334 4349686 scaffold-3224 1662 2014

			Align 18: 4349334 4349686 scaffold-3224 1662 2014
				Gap between this and next alignment: 4349686 to 4416372 (66685 bp)
				Next Alignment: 4416372 4422585 scaffold-195399 1 6215

			Align 19: 4416372 4422585 scaffold-195399 1 6215
				Gap between this and next alignment: 4422585 to 4436786 (14200 bp)
				Next Alignment: 4436786 4457544 scaffold-195399 20805 41562

			Align 20: 4436786 4457544 scaffold-195399 20805 41562
				Gap between this and next alignment: 4457544 to 4457633 (88 bp)
				Next Alignment: 4457633 4460769 scaffold-72254 46 3182

			Align 21: 4457633 4460769 scaffold-72254 46 3182
				The next alignment (4457633 4459665 scaffold-195399 41684 43716) is redundant. Skipping.
				Gap between this and next alignment: 4460769 to 4483080 (22310 bp)
				Next Alignment: 4483080 4492358 scaffold-2865 4134 13412

			Align 23: 4483080 4492358 scaffold-2865 4134 13412
				Gap between this and next alignment: 4492358 to 4519092 (26733 bp)
				Next Alignment: 4519092 4536228 scaffold-2644 2 17222

			Align 24: 4519092 4536228 scaffold-2644 2 17222
				Gap between this and next alignment: 4536228 to 4631667 (95438 bp)
				Next Alignment: 4631667 4632796 scaffold-4957 1130 1

			Align 25: 4631667 4632796 scaffold-4957 1130 1
				Gap between this and next alignment: 4632796 to 4900557 (267760 bp)
				Next Alignment: 4900557 4900640 scaffold-24452 519 436

			Align 26: 4900557 4900640 scaffold-24452 519 436
			END in gap: 4900640 to 5124109 (223469 bp)

Analysis is finished!
Founded SNPs were written into /Molly/gurevich/MetaQUAST/res_final/res_metahit_final/runs_per_reference/Bacteroides_finegoldii/contigs_reports/nucmer_output/Ray.used_snps

Results:
	Local Misassemblies: 2
	Misassemblies: 0
		Relocations: 0
		Translocations: 0
		Inversions: 0
	Fake misassemblies matched with structural variations: 0
	Misassembled Contigs: 0
	Misassembled Contig Bases: 0
	Misassemblies Inter-Contig Overlap: 0
Uncovered Regions: 0 (0)
Unaligned Contigs: 0 + 6 part
Partially Unaligned Contigs with Misassemblies: 1
Unaligned Contig Bases: 27411

Ambiguously Mapped Contigs: 0
Total Bases in Ambiguously Mapped Contigs: 0
Note that --allow-ambiguity option was set to "one" and only first alignment per each contig was used.

	Covered Bases: 71877

	SNPs: 1968
	Insertions: 123
	Deletions: 37

	Positive Gaps: 23
		Internal Gaps:  1
		External Gaps:  22
		External Gap Total:  5038032
		External Gap Average: 229001
	Negative Gaps: 3
		Internal Overlaps:  1
		External Overlaps:  2
		External Overlaps Total: -352
		External Overlaps Average: -176
	Contigs with Redundant Alignments: 1 (2033)
