Aligning contigs to reference...
	Using existing Nucmer alignments...
Parsing coords...
Loading reference...
	Loaded [Bacteroides_finegoldii_gi_482849993_ref_NZ_]
Loading SNPs...
Loading regions...
	No regions given, using whole reference.
	Total Regions: 1
	Total Region Length: 5124109
Analyzing contigs...
CONTIG: scaffold_232 (52119bp)
Top Length: 150  Top ID: 95.33
		This contig is partially unaligned. (Aligned 150 out of 52119 bases)
		Alignment: 1229766 1229915 | 7112 7261 | 150 150 | 95.33 | Bacteroides_finegoldii_gi_482849993_ref_NZ_ scaffold_232
		Unaligned bases: 1 to 7111 (7111)
		Unaligned bases: 7262 to 52119 (44858)

CONTIG: scaffold_394 (19869bp)
Top Length: 19869  Top ID: 96.79
		Marking as insignificant: 4471979 4472300 | 323 2 | 322 322 | 95.65 | Bacteroides_finegoldii_gi_482849993_ref_NZ_ scaffold_394
		Marking as insignificant: 4462211 4462532 | 323 2 | 322 322 | 95.65 | Bacteroides_finegoldii_gi_482849993_ref_NZ_ scaffold_394
		One align captures most of this contig: 4437453 4457323 | 19869 1 | 19871 19869 | 96.79 | Bacteroides_finegoldii_gi_482849993_ref_NZ_ scaffold_394

CONTIG: scaffold_996 (22776bp)
Top Length: 80  Top ID: 97.5
		This contig is partially unaligned. (Aligned 80 out of 22776 bases)
		Alignment: 4145650 4145729 | 2701 2622 | 80 80 | 97.5 | Bacteroides_finegoldii_gi_482849993_ref_NZ_ scaffold_996
		Unaligned bases: 1 to 2621 (2621)
		Unaligned bases: 2702 to 22776 (20075)

CONTIG: scaffold_1092 (11176bp)
Top Length: 11140  Top ID: 99.53
		One align captures most of this contig: 4594682 4605827 | 1 11140 | 11146 11140 | 99.53 | Bacteroides_finegoldii_gi_482849993_ref_NZ_ scaffold_1092

CONTIG: scaffold_1127 (7151bp)
Top Length: 7151  Top ID: 99.75
		One align captures most of this contig: 4558279 4565429 | 1 7151 | 7151 7151 | 99.75 | Bacteroides_finegoldii_gi_482849993_ref_NZ_ scaffold_1127

CONTIG: scaffold_1720 (4835bp)
Top Length: 4835  Top ID: 96.03
		One align captures most of this contig: 3071470 3076304 | 1 4835 | 4835 4835 | 96.03 | Bacteroides_finegoldii_gi_482849993_ref_NZ_ scaffold_1720

CONTIG: scaffold_2106 (4045bp)
Top Length: 1036  Top ID: 98.36
		This contig is partially unaligned. (Aligned 1036 out of 4045 bases)
		Alignment: 3052906 3053941 | 1039 4 | 1036 1036 | 98.36 | Bacteroides_finegoldii_gi_482849993_ref_NZ_ scaffold_2106
		Unaligned bases: 1 to 3 (3)
		Unaligned bases: 1040 to 4045 (3006)
		This contig has both significant aligned and unaligned parts (of length >= min-contig)! It can contain interspecies translocations

CONTIG: scaffold_2226 (8957bp)
Top Length: 116  Top ID: 99.14
		This contig is partially unaligned. (Aligned 116 out of 8957 bases)
		Alignment: 286376 286491 | 4 119 | 116 116 | 99.14 | Bacteroides_finegoldii_gi_482849993_ref_NZ_ scaffold_2226
		Unaligned bases: 1 to 3 (3)
		Unaligned bases: 120 to 8957 (8838)

CONTIG: scaffold_3074 (5961bp)
Top Length: 5898  Top ID: 96.14
		This contig is partially unaligned. (Aligned 5898 out of 5961 bases)
		Alignment: 3731195 3737093 | 5958 61 | 5899 5898 | 96.14 | Bacteroides_finegoldii_gi_482849993_ref_NZ_ scaffold_3074
		Unaligned bases: 1 to 60 (60)
		Unaligned bases: 5959 to 5961 (3)

CONTIG: scaffold_3727 (2645bp)
Top Length: 79  Top ID: 100.0
		This contig is partially unaligned. (Aligned 79 out of 2645 bases)
		Alignment: 1795507 1795585 | 2567 2645 | 79 79 | 100.0 | Bacteroides_finegoldii_gi_482849993_ref_NZ_ scaffold_3727
		Unaligned bases: 1 to 2566 (2566)

CONTIG: scaffold_4183 (5498bp)
Top Length: 2086  Top ID: 95.02
		This contig is partially unaligned. (Aligned 2086 out of 5498 bases)
		Alignment: 433075 435160 | 2086 1 | 2086 2086 | 95.02 | Bacteroides_finegoldii_gi_482849993_ref_NZ_ scaffold_4183
		Unaligned bases: 2087 to 5498 (3412)
		This contig has both significant aligned and unaligned parts (of length >= min-contig)! It can contain interspecies translocations

CONTIG: scaffold_4492 (2308bp)
Top Length: 1867  Top ID: 96.57
			Skipping redundant alignments after choosing the best set of alignments
		Skipping redundant alignment 4457633 4459499 | 1867 1 | 1867 1867 | 96.52 | Bacteroides_finegoldii_gi_482849993_ref_NZ_ scaffold_4492
		Skipping redundant alignment 4466993 4467312 | 2308 1989 | 320 320 | 96.25 | Bacteroides_finegoldii_gi_482849993_ref_NZ_ scaffold_4492
		Skipping redundant alignment 4467401 4469267 | 1867 1 | 1867 1867 | 96.52 | Bacteroides_finegoldii_gi_482849993_ref_NZ_ scaffold_4492
		Skipping redundant alignment 4472203 4472522 | 2308 1989 | 320 320 | 96.25 | Bacteroides_finegoldii_gi_482849993_ref_NZ_ scaffold_4492
		Skipping redundant alignment 4472611 4474477 | 1867 1 | 1867 1867 | 96.57 | Bacteroides_finegoldii_gi_482849993_ref_NZ_ scaffold_4492
		Skipping redundant alignment 4476761 4477080 | 2308 1989 | 320 320 | 96.25 | Bacteroides_finegoldii_gi_482849993_ref_NZ_ scaffold_4492
		Skipping redundant alignment 4477169 4479035 | 1867 1 | 1867 1867 | 96.52 | Bacteroides_finegoldii_gi_482849993_ref_NZ_ scaffold_4492
		This contig is misassembled. 9 total aligns.
			Real Alignment 1: 4462843 4464709 | 1867 1 | 1867 1867 | 96.57 | Bacteroides_finegoldii_gi_482849993_ref_NZ_ scaffold_4492
			  Overlap between these two alignments (local misassembly). Inconsistency = -33 
			Real Alignment 2: 4462435 4462754 | 2308 1989 | 320 320 | 96.25 | Bacteroides_finegoldii_gi_482849993_ref_NZ_ scaffold_4492

CONTIG: scaffold_4496 (2307bp)
Top Length: 2307  Top ID: 99.74
		One align captures most of this contig: 4617474 4619780 | 1 2307 | 2307 2307 | 99.74 | Bacteroides_finegoldii_gi_482849993_ref_NZ_ scaffold_4496

CONTIG: scaffold_4693 (3885bp)
Top Length: 3885  Top ID: 99.18
		One align captures most of this contig: 4570714 4574602 | 3885 1 | 3889 3885 | 99.18 | Bacteroides_finegoldii_gi_482849993_ref_NZ_ scaffold_4693

CONTIG: scaffold_5182 (2792bp)
Top Length: 322  Top ID: 95.03
			Skipping redundant alignments after choosing the best set of alignments
		Skipping redundant alignment 4471979 4472300 | 2470 2791 | 322 322 | 95.03 | Bacteroides_finegoldii_gi_482849993_ref_NZ_ scaffold_5182
		This contig is partially unaligned. (Aligned 322 out of 2792 bases)
		Alignment: 4462211 4462532 | 2470 2791 | 322 322 | 95.03 | Bacteroides_finegoldii_gi_482849993_ref_NZ_ scaffold_5182
		Unaligned bases: 1 to 2469 (2469)
		Unaligned bases: 2792 to 2792 (1)

CONTIG: scaffold_5613 (1968bp)
Top Length: 1968  Top ID: 99.95
		One align captures most of this contig: 3869431 3871398 | 1 1968 | 1968 1968 | 99.95 | Bacteroides_finegoldii_gi_482849993_ref_NZ_ scaffold_5613

CONTIG: scaffold_6198 (2995bp)
Top Length: 2995  Top ID: 97.43
		One align captures most of this contig: 4565706 4568696 | 2995 1 | 2991 2995 | 97.43 | Bacteroides_finegoldii_gi_482849993_ref_NZ_ scaffold_6198

CONTIG: scaffold_6216 (3063bp)
Top Length: 358  Top ID: 100.0
		This contig is misassembled. 2 total aligns.
			Warning! This contig is more unaligned than misassembled. Contig length is 3063 and total length of all aligns is 524
		Alignment: 1976727 1976891 | 1672 1837 | 165 166 | 98.8 | Bacteroides_finegoldii_gi_482849993_ref_NZ_ scaffold_6216
		Alignment: 3710563 3710920 | 2965 2608 | 358 358 | 100.0 | Bacteroides_finegoldii_gi_482849993_ref_NZ_ scaffold_6216
		Unaligned bases: 2539
		This contig has both significant aligned and unaligned parts (of length >= min-contig)! It can contain interspecies translocations
CONTIG: scaffold_6240 (1831bp)
Top Length: 1576  Top ID: 98.8
		This contig is partially unaligned. (Aligned 1576 out of 1831 bases)
		Alignment: 4352389 4353965 | 1 1576 | 1577 1576 | 98.8 | Bacteroides_finegoldii_gi_482849993_ref_NZ_ scaffold_6240
		Unaligned bases: 1577 to 1831 (255)

CONTIG: scaffold_7093 (2910bp)
Top Length: 565  Top ID: 97.17
		This contig is partially unaligned. (Aligned 565 out of 2910 bases)
		Alignment: 3294538 3295102 | 565 1 | 565 565 | 97.17 | Bacteroides_finegoldii_gi_482849993_ref_NZ_ scaffold_7093
		Unaligned bases: 566 to 2910 (2345)
		This contig has both significant aligned and unaligned parts (of length >= min-contig)! It can contain interspecies translocations

CONTIG: scaffold_7526 (1609bp)
Top Length: 1356  Top ID: 99.71
		This contig is partially unaligned. (Aligned 1356 out of 1609 bases)
		Alignment: 4556052 4557407 | 159 1514 | 1356 1356 | 99.71 | Bacteroides_finegoldii_gi_482849993_ref_NZ_ scaffold_7526
		Unaligned bases: 1 to 158 (158)
		Unaligned bases: 1515 to 1609 (95)

CONTIG: scaffold_7547 (1606bp)
Top Length: 1606  Top ID: 100.0
		One align captures most of this contig: 3711347 3712952 | 1 1606 | 1606 1606 | 100.0 | Bacteroides_finegoldii_gi_482849993_ref_NZ_ scaffold_7547

CONTIG: scaffold_8179 (2187bp)
Top Length: 2187  Top ID: 97.35
		One align captures most of this contig: 4623913 4626093 | 1 2187 | 2181 2187 | 97.35 | Bacteroides_finegoldii_gi_482849993_ref_NZ_ scaffold_8179

CONTIG: scaffold_8212 (1512bp)
Top Length: 217  Top ID: 97.24
		This contig is partially unaligned. (Aligned 217 out of 1512 bases)
		Alignment: 3077243 3077459 | 1 217 | 217 217 | 97.24 | Bacteroides_finegoldii_gi_482849993_ref_NZ_ scaffold_8212
		Unaligned bases: 218 to 1512 (1295)

CONTIG: scaffold_8764 (1438bp)
Top Length: 1136  Top ID: 95.6
		This contig is partially unaligned. (Aligned 1136 out of 1438 bases)
		Alignment: 1319763 1320897 | 302 1437 | 1135 1136 | 95.6 | Bacteroides_finegoldii_gi_482849993_ref_NZ_ scaffold_8764
		Unaligned bases: 1 to 301 (301)
		Unaligned bases: 1438 to 1438 (1)

CONTIG: scaffold_8976 (1414bp)
Top Length: 1414  Top ID: 98.94
		One align captures most of this contig: 3037671 3039084 | 1 1414 | 1414 1414 | 98.94 | Bacteroides_finegoldii_gi_482849993_ref_NZ_ scaffold_8976

CONTIG: scaffold_9048 (1406bp)
Top Length: 99  Top ID: 95.96
		This contig is partially unaligned. (Aligned 99 out of 1406 bases)
		Alignment: 436642 436740 | 1 99 | 99 99 | 95.96 | Bacteroides_finegoldii_gi_482849993_ref_NZ_ scaffold_9048
		Unaligned bases: 100 to 1406 (1307)

CONTIG: scaffold_9208 (2326bp)
Top Length: 1387  Top ID: 98.13
		This contig is misassembled. 2 total aligns.
			Real Alignment 1: 4801382 4802075 | 85 778 | 694 694 | 95.82 | Bacteroides_finegoldii_gi_482849993_ref_NZ_ scaffold_9208
			  Fake misassembly between these two alignments: inconsistency = -2 , gap in the contig is small or absent or filled mostly with Ns (short indel: insertion of length 2; 0 mismatches)
			Real Alignment 2: 4802235 4803621 | 940 2326 | 1387 1387 | 98.13 | Bacteroides_finegoldii_gi_482849993_ref_NZ_ scaffold_9208

CONTIG: scaffold_9326 (3283bp)
Top Length: 3283  Top ID: 95.62
		One align captures most of this contig: 1219683 1222969 | 3283 1 | 3287 3283 | 95.62 | Bacteroides_finegoldii_gi_482849993_ref_NZ_ scaffold_9326

CONTIG: scaffold_9509 (2228bp)
Top Length: 99  Top ID: 97.98
		This contig is misassembled. 2 total aligns.
			Warning! This contig is more unaligned than misassembled. Contig length is 2228 and total length of all aligns is 181
		Alignment: 4354723 4354821 | 1 99 | 99 99 | 97.98 | Bacteroides_finegoldii_gi_482849993_ref_NZ_ scaffold_9509
		Alignment: 4353883 4353965 | 99 181 | 83 83 | 100.0 | Bacteroides_finegoldii_gi_482849993_ref_NZ_ scaffold_9509
		Unaligned bases: 2047
CONTIG: scaffold_9555 (2643bp)
Top Length: 2643  Top ID: 97.06
		One align captures most of this contig: 4588794 4591444 | 1 2643 | 2651 2643 | 97.06 | Bacteroides_finegoldii_gi_482849993_ref_NZ_ scaffold_9555

CONTIG: scaffold_9654 (1337bp)
Top Length: 1337  Top ID: 100.0
		One align captures most of this contig: 745494 746830 | 1 1337 | 1337 1337 | 100.0 | Bacteroides_finegoldii_gi_482849993_ref_NZ_ scaffold_9654

CONTIG: scaffold_9666 (1337bp)
Top Length: 166  Top ID: 97.59
		This contig is partially unaligned. (Aligned 166 out of 1337 bases)
		Alignment: 577541 577706 | 1337 1172 | 166 166 | 97.59 | Bacteroides_finegoldii_gi_482849993_ref_NZ_ scaffold_9666
		Unaligned bases: 1 to 1171 (1171)

CONTIG: scaffold_9977 (1303bp)
Top Length: 1299  Top ID: 99.69
		One align captures most of this contig: 4577704 4579002 | 5 1303 | 1299 1299 | 99.69 | Bacteroides_finegoldii_gi_482849993_ref_NZ_ scaffold_9977

CONTIG: scaffold_11049 (1206bp)
Top Length: 197  Top ID: 96.95
		Skipping redundant alignment 2820077 2820167 | 1101 1011 | 91 91 | 98.9 | Bacteroides_finegoldii_gi_482849993_ref_NZ_ scaffold_11049
		This contig is partially unaligned. (Aligned 197 out of 1206 bases)
		Alignment: 713644 713840 | 1010 1206 | 197 197 | 96.95 | Bacteroides_finegoldii_gi_482849993_ref_NZ_ scaffold_11049
		Unaligned bases: 1 to 1009 (1009)

CONTIG: scaffold_11684 (1762bp)
Top Length: 1241  Top ID: 99.36
		This contig is misassembled. 2 total aligns.
			Excluding internal overlap of size 3 between Alignment 1 and 2:  3696805 3697328 | 1239 1762 | 524 524 --> 3696808 3697328 | 1242 1762 | 521 521
			Real Alignment 1: 3673281 3674513 | 1 1241 | 1233 1241 | 99.36 | Bacteroides_finegoldii_gi_482849993_ref_NZ_ scaffold_11684
			  Extensive misassembly ( relocation, inconsistency = 22294 ) between these two alignments
			Real Alignment 2: 3696808 3697328 | 1242 1762 | 521 521 | 99.81 | Bacteroides_finegoldii_gi_482849993_ref_NZ_ scaffold_11684

CONTIG: scaffold_11730 (2120bp)
Top Length: 208  Top ID: 95.67
		This contig is partially unaligned. (Aligned 208 out of 2120 bases)
		Alignment: 2050345 2050552 | 2120 1913 | 208 208 | 95.67 | Bacteroides_finegoldii_gi_482849993_ref_NZ_ scaffold_11730
		Unaligned bases: 1 to 1912 (1912)

CONTIG: scaffold_11795 (1145bp)
Top Length: 1145  Top ID: 98.86
		One align captures most of this contig: 4360285 4361429 | 1 1145 | 1145 1145 | 98.86 | Bacteroides_finegoldii_gi_482849993_ref_NZ_ scaffold_11795

CONTIG: scaffold_12126 (1120bp)
Top Length: 1120  Top ID: 99.38
		One align captures most of this contig: 4569313 4570432 | 1 1120 | 1120 1120 | 99.38 | Bacteroides_finegoldii_gi_482849993_ref_NZ_ scaffold_12126

CONTIG: scaffold_12598 (1088bp)
Top Length: 165  Top ID: 95.78
		This contig is partially unaligned. (Aligned 165 out of 1088 bases)
		Alignment: 335261 335426 | 8 172 | 166 165 | 95.78 | Bacteroides_finegoldii_gi_482849993_ref_NZ_ scaffold_12598
		Unaligned bases: 1 to 7 (7)
		Unaligned bases: 173 to 1088 (916)

CONTIG: scaffold_12662 (1538bp)
Top Length: 857  Top ID: 95.57
		This contig is partially unaligned. (Aligned 857 out of 1538 bases)
		Alignment: 4353966 4354822 | 682 1538 | 857 857 | 95.57 | Bacteroides_finegoldii_gi_482849993_ref_NZ_ scaffold_12662
		Unaligned bases: 1 to 681 (681)
		This contig has both significant aligned and unaligned parts (of length >= min-contig)! It can contain interspecies translocations

CONTIG: scaffold_12700 (1080bp)
Top Length: 1080  Top ID: 98.24
		One align captures most of this contig: 3801288 3802367 | 1 1080 | 1080 1080 | 98.24 | Bacteroides_finegoldii_gi_482849993_ref_NZ_ scaffold_12700

CONTIG: scaffold_12701 (1080bp)
Top Length: 827  Top ID: 95.53
		This contig is partially unaligned. (Aligned 827 out of 1080 bases)
		Alignment: 4548158 4548984 | 247 1073 | 827 827 | 95.53 | Bacteroides_finegoldii_gi_482849993_ref_NZ_ scaffold_12701
		Unaligned bases: 1 to 246 (246)
		Unaligned bases: 1074 to 1080 (7)

CONTIG: scaffold_12935 (1240bp)
Top Length: 1175  Top ID: 95.84
		This contig is partially unaligned. (Aligned 1175 out of 1240 bases)
		Alignment: 4351200 4352375 | 66 1240 | 1176 1175 | 95.84 | Bacteroides_finegoldii_gi_482849993_ref_NZ_ scaffold_12935
		Unaligned bases: 1 to 65 (65)

CONTIG: scaffold_12992 (1060bp)
Top Length: 1059  Top ID: 97.26
		One align captures most of this contig: 2897249 2898307 | 1059 1 | 1059 1059 | 97.26 | Bacteroides_finegoldii_gi_482849993_ref_NZ_ scaffold_12992

CONTIG: scaffold_13107 (1053bp)
Top Length: 1053  Top ID: 97.34
		One align captures most of this contig: 4400609 4401662 | 1053 1 | 1054 1053 | 97.34 | Bacteroides_finegoldii_gi_482849993_ref_NZ_ scaffold_13107

CONTIG: scaffold_13348 (1740bp)
Top Length: 1740  Top ID: 95.66
		One align captures most of this contig: 4591594 4593344 | 1 1740 | 1751 1740 | 95.66 | Bacteroides_finegoldii_gi_482849993_ref_NZ_ scaffold_13348

CONTIG: scaffold_13549 (1027bp)
Top Length: 115  Top ID: 99.13
		This contig is partially unaligned. (Aligned 115 out of 1027 bases)
		Alignment: 1531880 1531994 | 1 115 | 115 115 | 99.13 | Bacteroides_finegoldii_gi_482849993_ref_NZ_ scaffold_13549
		Unaligned bases: 116 to 1027 (912)

CONTIG: scaffold_13636 (1021bp)
Top Length: 1021  Top ID: 98.33
		One align captures most of this contig: 3077271 3078291 | 1 1021 | 1021 1021 | 98.33 | Bacteroides_finegoldii_gi_482849993_ref_NZ_ scaffold_13636

CONTIG: scaffold_13815 (1536bp)
Top Length: 98  Top ID: 98.98
		This contig is partially unaligned. (Aligned 98 out of 1536 bases)
		Alignment: 4354724 4354821 | 1536 1439 | 98 98 | 98.98 | Bacteroides_finegoldii_gi_482849993_ref_NZ_ scaffold_13815
		Unaligned bases: 1 to 1438 (1438)

CONTIG: scaffold_13885 (1006bp)
Top Length: 222  Top ID: 95.05
		This contig is partially unaligned. (Aligned 222 out of 1006 bases)
		Alignment: 310215 310436 | 225 4 | 222 222 | 95.05 | Bacteroides_finegoldii_gi_482849993_ref_NZ_ scaffold_13885
		Unaligned bases: 1 to 3 (3)
		Unaligned bases: 226 to 1006 (781)

CONTIG: scaffold_14291 (982bp)
Top Length: 982  Top ID: 99.9
		One align captures most of this contig: 4580316 4581297 | 982 1 | 982 982 | 99.9 | Bacteroides_finegoldii_gi_482849993_ref_NZ_ scaffold_14291

CONTIG: scaffold_14869 (950bp)
Top Length: 950  Top ID: 99.26
		Marking as insignificant: 3208088 3208247 | 791 950 | 160 160 | 96.88 | Bacteroides_finegoldii_gi_482849993_ref_NZ_ scaffold_14869
		Marking as insignificant: 2707911 2708863 | 950 1 | 953 950 | 97.59 | Bacteroides_finegoldii_gi_482849993_ref_NZ_ scaffold_14869
		One align captures most of this contig: 1185843 1186791 | 950 1 | 949 950 | 99.26 | Bacteroides_finegoldii_gi_482849993_ref_NZ_ scaffold_14869

CONTIG: scaffold_15188 (934bp)
Top Length: 934  Top ID: 99.46
		One align captures most of this contig: 4583095 4584028 | 934 1 | 934 934 | 99.46 | Bacteroides_finegoldii_gi_482849993_ref_NZ_ scaffold_15188

CONTIG: scaffold_15299 (928bp)
Top Length: 73  Top ID: 100.0
		This contig is partially unaligned. (Aligned 73 out of 928 bases)
		Alignment: 4993702 4993774 | 1 73 | 73 73 | 100.0 | Bacteroides_finegoldii_gi_482849993_ref_NZ_ scaffold_15299
		Unaligned bases: 74 to 928 (855)

CONTIG: scaffold_15442 (921bp)
Top Length: 877  Top ID: 99.2
		This contig is partially unaligned. (Aligned 877 out of 921 bases)
		Alignment: 4396959 4397835 | 45 921 | 877 877 | 99.2 | Bacteroides_finegoldii_gi_482849993_ref_NZ_ scaffold_15442
		Unaligned bases: 1 to 44 (44)

CONTIG: scaffold_15570 (914bp)
Top Length: 905  Top ID: 98.67
		One align captures most of this contig: 3078213 3079117 | 905 1 | 905 905 | 98.67 | Bacteroides_finegoldii_gi_482849993_ref_NZ_ scaffold_15570

CONTIG: scaffold_15728 (2380bp)
Top Length: 651  Top ID: 97.85
		This contig is partially unaligned. (Aligned 651 out of 2380 bases)
		Alignment: 4662617 4663267 | 2125 1475 | 651 651 | 97.85 | Bacteroides_finegoldii_gi_482849993_ref_NZ_ scaffold_15728
		Unaligned bases: 1 to 1474 (1474)
		Unaligned bases: 2126 to 2380 (255)
		This contig has both significant aligned and unaligned parts (of length >= min-contig)! It can contain interspecies translocations

CONTIG: scaffold_16088 (890bp)
Top Length: 123  Top ID: 100.0
		This contig is partially unaligned. (Aligned 123 out of 890 bases)
		Alignment: 4033503 4033625 | 768 890 | 123 123 | 100.0 | Bacteroides_finegoldii_gi_482849993_ref_NZ_ scaffold_16088
		Unaligned bases: 1 to 767 (767)

CONTIG: scaffold_16701 (1340bp)
Top Length: 1321  Top ID: 97.28
		This contig is partially unaligned. (Aligned 1321 out of 1340 bases)
		Alignment: 2250269 2251587 | 20 1340 | 1319 1321 | 97.28 | Bacteroides_finegoldii_gi_482849993_ref_NZ_ scaffold_16701
		Unaligned bases: 1 to 19 (19)

CONTIG: scaffold_16795 (861bp)
Top Length: 144  Top ID: 99.31
		This contig is partially unaligned. (Aligned 144 out of 861 bases)
		Alignment: 3777154 3777297 | 718 861 | 144 144 | 99.31 | Bacteroides_finegoldii_gi_482849993_ref_NZ_ scaffold_16795
		Unaligned bases: 1 to 717 (717)

CONTIG: scaffold_17194 (846bp)
Top Length: 846  Top ID: 99.88
		One align captures most of this contig: 3708440 3709285 | 1 846 | 846 846 | 99.88 | Bacteroides_finegoldii_gi_482849993_ref_NZ_ scaffold_17194

CONTIG: scaffold_17937 (1308bp)
Top Length: 1308  Top ID: 99.77
		One align captures most of this contig: 3705052 3706361 | 1308 1 | 1310 1308 | 99.77 | Bacteroides_finegoldii_gi_482849993_ref_NZ_ scaffold_17937

CONTIG: scaffold_18213 (811bp)
Top Length: 648  Top ID: 97.22
		This contig is partially unaligned. (Aligned 648 out of 811 bases)
		Alignment: 3357574 3358221 | 160 807 | 648 648 | 97.22 | Bacteroides_finegoldii_gi_482849993_ref_NZ_ scaffold_18213
		Unaligned bases: 1 to 159 (159)
		Unaligned bases: 808 to 811 (4)

CONTIG: scaffold_18233 (811bp)
Top Length: 811  Top ID: 95.81
		One align captures most of this contig: 4795436 4796246 | 1 811 | 811 811 | 95.81 | Bacteroides_finegoldii_gi_482849993_ref_NZ_ scaffold_18233

CONTIG: scaffold_18787 (793bp)
Top Length: 746  Top ID: 96.38
		This contig is partially unaligned. (Aligned 746 out of 793 bases)
		Alignment: 606115 606860 | 48 793 | 746 746 | 96.38 | Bacteroides_finegoldii_gi_482849993_ref_NZ_ scaffold_18787
		Unaligned bases: 1 to 47 (47)

CONTIG: scaffold_18838 (791bp)
Top Length: 75  Top ID: 100.0
			Skipping redundant alignments after choosing the best set of alignments
		Skipping redundant alignment 4323885 4323959 | 106 180 | 75 75 | 100.0 | Bacteroides_finegoldii_gi_482849993_ref_NZ_ scaffold_18838
		This contig is partially unaligned. (Aligned 75 out of 791 bases)
		Alignment: 2820077 2820151 | 106 180 | 75 75 | 100.0 | Bacteroides_finegoldii_gi_482849993_ref_NZ_ scaffold_18838
		Unaligned bases: 1 to 105 (105)
		Unaligned bases: 181 to 791 (611)

CONTIG: scaffold_18927 (789bp)
Top Length: 789  Top ID: 99.37
		One align captures most of this contig: 4582096 4582884 | 789 1 | 789 789 | 99.37 | Bacteroides_finegoldii_gi_482849993_ref_NZ_ scaffold_18927

CONTIG: scaffold_19012 (1105bp)
Top Length: 1105  Top ID: 97.19
		One align captures most of this contig: 3315522 3316624 | 1105 1 | 1103 1105 | 97.19 | Bacteroides_finegoldii_gi_482849993_ref_NZ_ scaffold_19012

CONTIG: scaffold_19029 (786bp)
Top Length: 786  Top ID: 99.87
		One align captures most of this contig: 3704255 3705040 | 786 1 | 786 786 | 99.87 | Bacteroides_finegoldii_gi_482849993_ref_NZ_ scaffold_19029

CONTIG: scaffold_19234 (1955bp)
Top Length: 1955  Top ID: 99.64
		One align captures most of this contig: 3706344 3708294 | 1 1955 | 1951 1955 | 99.64 | Bacteroides_finegoldii_gi_482849993_ref_NZ_ scaffold_19234

CONTIG: scaffold_19290 (777bp)
Top Length: 777  Top ID: 99.36
		Marking as insignificant: 3782971 3783068 | 1 98 | 98 98 | 96.94 | Bacteroides_finegoldii_gi_482849993_ref_NZ_ scaffold_19290
		One align captures most of this contig: 3779435 3780211 | 1 777 | 777 777 | 99.36 | Bacteroides_finegoldii_gi_482849993_ref_NZ_ scaffold_19290

CONTIG: scaffold_19385 (774bp)
Top Length: 226  Top ID: 96.02
		This contig is misassembled. 2 total aligns.
			Warning! This contig is more unaligned than misassembled. Contig length is 774 and total length of all aligns is 380
		Alignment: 4958245 4958398 | 154 1 | 154 154 | 97.4 | Bacteroides_finegoldii_gi_482849993_ref_NZ_ scaffold_19385
		Alignment: 2013127 2013352 | 575 350 | 226 226 | 96.02 | Bacteroides_finegoldii_gi_482849993_ref_NZ_ scaffold_19385
		Unaligned bases: 394
CONTIG: scaffold_19588 (1467bp)
Top Length: 1467  Top ID: 99.59
		One align captures most of this contig: 4605986 4607446 | 1467 1 | 1461 1467 | 99.59 | Bacteroides_finegoldii_gi_482849993_ref_NZ_ scaffold_19588

CONTIG: scaffold_19799 (763bp)
Top Length: 763  Top ID: 98.95
		One align captures most of this contig: 1882203 1882965 | 763 1 | 763 763 | 98.95 | Bacteroides_finegoldii_gi_482849993_ref_NZ_ scaffold_19799

CONTIG: scaffold_19833 (762bp)
Top Length: 762  Top ID: 98.29
		One align captures most of this contig: 3923535 3924296 | 762 1 | 762 762 | 98.29 | Bacteroides_finegoldii_gi_482849993_ref_NZ_ scaffold_19833

CONTIG: scaffold_19857 (761bp)
Top Length: 761  Top ID: 95.22
		One align captures most of this contig: 1891700 1892472 | 1 761 | 773 761 | 95.22 | Bacteroides_finegoldii_gi_482849993_ref_NZ_ scaffold_19857

CONTIG: scaffold_20278 (748bp)
Top Length: 748  Top ID: 98.13
		One align captures most of this contig: 3076206 3076953 | 748 1 | 748 748 | 98.13 | Bacteroides_finegoldii_gi_482849993_ref_NZ_ scaffold_20278

CONTIG: scaffold_20663 (737bp)
Top Length: 737  Top ID: 96.07
		One align captures most of this contig: 2131169 2131905 | 737 1 | 737 737 | 96.07 | Bacteroides_finegoldii_gi_482849993_ref_NZ_ scaffold_20663

CONTIG: scaffold_20731 (735bp)
Top Length: 735  Top ID: 98.91
		One align captures most of this contig: 1947615 1948349 | 1 735 | 735 735 | 98.91 | Bacteroides_finegoldii_gi_482849993_ref_NZ_ scaffold_20731

CONTIG: scaffold_21489 (713bp)
Top Length: 713  Top ID: 98.74
		Marking as insignificant: 5116336 5117048 | 1 713 | 713 713 | 97.48 | Bacteroides_finegoldii_gi_482849993_ref_NZ_ scaffold_21489
		This contig has 4 significant alignments. [An ambiguously mapped contig]
		Using only first of these alignment (option --ambiguity-usage is set to "one"):
		Alignment: 1100888 1101600 | 1 713 | 713 713 | 98.74 | Bacteroides_finegoldii_gi_482849993_ref_NZ_ scaffold_21489
		Skipping alignment  3812909 3813621 | 1 713 | 713 713 | 98.74 | Bacteroides_finegoldii_gi_482849993_ref_NZ_ scaffold_21489
		Skipping alignment  4940753 4941465 | 1 713 | 713 713 | 98.74 | Bacteroides_finegoldii_gi_482849993_ref_NZ_ scaffold_21489
		Skipping alignment  5102461 5103173 | 1 713 | 713 713 | 98.6 | Bacteroides_finegoldii_gi_482849993_ref_NZ_ scaffold_21489

CONTIG: scaffold_21902 (702bp)
Top Length: 700  Top ID: 99.0
		One align captures most of this contig: 3959277 3959976 | 1 700 | 700 700 | 99.0 | Bacteroides_finegoldii_gi_482849993_ref_NZ_ scaffold_21902

CONTIG: scaffold_22972 (676bp)
Top Length: 615  Top ID: 97.72
		This contig is partially unaligned. (Aligned 615 out of 676 bases)
		Alignment: 3318191 3318805 | 615 1 | 615 615 | 97.72 | Bacteroides_finegoldii_gi_482849993_ref_NZ_ scaffold_22972
		Unaligned bases: 616 to 676 (61)

CONTIG: scaffold_23136 (672bp)
Top Length: 672  Top ID: 97.77
		One align captures most of this contig: 3070897 3071568 | 1 672 | 672 672 | 97.77 | Bacteroides_finegoldii_gi_482849993_ref_NZ_ scaffold_23136

CONTIG: scaffold_23714 (1073bp)
Top Length: 391  Top ID: 96.68
		This contig is partially unaligned. (Aligned 391 out of 1073 bases)
		Alignment: 285605 285995 | 683 1073 | 391 391 | 96.68 | Bacteroides_finegoldii_gi_482849993_ref_NZ_ scaffold_23714
		Unaligned bases: 1 to 682 (682)

CONTIG: scaffold_24423 (645bp)
Top Length: 645  Top ID: 99.22
		One align captures most of this contig: 540040 540684 | 645 1 | 645 645 | 99.22 | Bacteroides_finegoldii_gi_482849993_ref_NZ_ scaffold_24423

CONTIG: scaffold_24530 (642bp)
Top Length: 251  Top ID: 98.8
		This contig is partially unaligned. (Aligned 251 out of 642 bases)
		Alignment: 3076963 3077213 | 392 642 | 251 251 | 98.8 | Bacteroides_finegoldii_gi_482849993_ref_NZ_ scaffold_24530
		Unaligned bases: 1 to 391 (391)

CONTIG: scaffold_24542 (642bp)
Top Length: 642  Top ID: 99.84
		One align captures most of this contig: 4616178 4616819 | 642 1 | 642 642 | 99.84 | Bacteroides_finegoldii_gi_482849993_ref_NZ_ scaffold_24542

CONTIG: scaffold_24652 (640bp)
Top Length: 640  Top ID: 96.09
		Marking as insignificant: 3098019 3098246 | 1 228 | 228 228 | 97.81 | Bacteroides_finegoldii_gi_482849993_ref_NZ_ scaffold_24652
		This contig has 2 significant alignments. [An ambiguously mapped contig]
		Using only first of these alignment (option --ambiguity-usage is set to "one"):
		Alignment: 5106923 5107562 | 640 1 | 640 640 | 96.09 | Bacteroides_finegoldii_gi_482849993_ref_NZ_ scaffold_24652
		Skipping alignment  5105332 5105971 | 640 1 | 640 640 | 95.31 | Bacteroides_finegoldii_gi_482849993_ref_NZ_ scaffold_24652

CONTIG: scaffold_24928 (634bp)
Top Length: 630  Top ID: 95.71
		One align captures most of this contig: 4594151 4594780 | 630 1 | 630 630 | 95.71 | Bacteroides_finegoldii_gi_482849993_ref_NZ_ scaffold_24928

CONTIG: scaffold_25974 (614bp)
Top Length: 613  Top ID: 99.35
		One align captures most of this contig: 4797318 4797930 | 613 1 | 613 613 | 99.35 | Bacteroides_finegoldii_gi_482849993_ref_NZ_ scaffold_25974

CONTIG: scaffold_26331 (607bp)
Top Length: 607  Top ID: 99.84
		One align captures most of this contig: 3065070 3065676 | 1 607 | 607 607 | 99.84 | Bacteroides_finegoldii_gi_482849993_ref_NZ_ scaffold_26331

CONTIG: scaffold_26431 (605bp)
Top Length: 604  Top ID: 97.02
		One align captures most of this contig: 2347936 2348539 | 605 2 | 604 604 | 97.02 | Bacteroides_finegoldii_gi_482849993_ref_NZ_ scaffold_26431

CONTIG: scaffold_26560 (603bp)
Top Length: 93  Top ID: 98.92
		This contig is partially unaligned. (Aligned 93 out of 603 bases)
		Alignment: 1125027 1125119 | 511 603 | 93 93 | 98.92 | Bacteroides_finegoldii_gi_482849993_ref_NZ_ scaffold_26560
		Unaligned bases: 1 to 510 (510)

CONTIG: scaffold_26666 (600bp)
Top Length: 600  Top ID: 97.83
		One align captures most of this contig: 4542812 4543411 | 600 1 | 600 600 | 97.83 | Bacteroides_finegoldii_gi_482849993_ref_NZ_ scaffold_26666

CONTIG: scaffold_27415 (584bp)
Top Length: 584  Top ID: 96.4
		One align captures most of this contig: 2895565 2896148 | 1 584 | 584 584 | 96.4 | Bacteroides_finegoldii_gi_482849993_ref_NZ_ scaffold_27415

CONTIG: scaffold_28028 (564bp)
Top Length: 149  Top ID: 100.0
		This contig is partially unaligned. (Aligned 149 out of 564 bases)
		Alignment: 1722114 1722262 | 416 564 | 149 149 | 100.0 | Bacteroides_finegoldii_gi_482849993_ref_NZ_ scaffold_28028
		Unaligned bases: 1 to 415 (415)

CONTIG: scaffold_29227 (529bp)
Top Length: 529  Top ID: 96.03
		This contig has 5 significant alignments. [An ambiguously mapped contig]
		Using only first of these alignment (option --ambiguity-usage is set to "one"):
		Alignment: 4459401 4459929 | 1 529 | 529 529 | 96.03 | Bacteroides_finegoldii_gi_482849993_ref_NZ_ scaffold_29227
		Skipping alignment  4469169 4469697 | 1 529 | 529 529 | 96.03 | Bacteroides_finegoldii_gi_482849993_ref_NZ_ scaffold_29227
		Skipping alignment  4464611 4465139 | 1 529 | 529 529 | 95.65 | Bacteroides_finegoldii_gi_482849993_ref_NZ_ scaffold_29227
		Skipping alignment  4474379 4474907 | 1 529 | 529 529 | 95.65 | Bacteroides_finegoldii_gi_482849993_ref_NZ_ scaffold_29227
		Skipping alignment  4478937 4479465 | 1 529 | 529 529 | 95.65 | Bacteroides_finegoldii_gi_482849993_ref_NZ_ scaffold_29227

CONTIG: scaffold_30167 (508bp)
Top Length: 508  Top ID: 99.8
		One align captures most of this contig: 747972 748479 | 1 508 | 508 508 | 99.8 | Bacteroides_finegoldii_gi_482849993_ref_NZ_ scaffold_30167

CONTIG: scaffold_30225 (964bp)
Top Length: 288  Top ID: 97.92
		This contig is partially unaligned. (Aligned 288 out of 964 bases)
		Alignment: 1217640 1217927 | 288 1 | 288 288 | 97.92 | Bacteroides_finegoldii_gi_482849993_ref_NZ_ scaffold_30225
		Unaligned bases: 289 to 964 (676)

CONTIG: scaffold_30232 (506bp)
Top Length: 506  Top ID: 98.62
		One align captures most of this contig: 2294065 2294570 | 1 506 | 506 506 | 98.62 | Bacteroides_finegoldii_gi_482849993_ref_NZ_ scaffold_30232

CONTIG: scaffold_32541 (762bp)
Top Length: 673  Top ID: 96.14
		This contig is misassembled. 2 total aligns.
			Excluding internal overlap of size 10 between Alignment 1 and 2:  3808911 3809009 | 1 99 | 99 99 --> 3808911 3808999 | 1 89 | 89 89
			Real Alignment 1: 3808911 3808999 | 1 89 | 89 89 | 98.99 | Bacteroides_finegoldii_gi_482849993_ref_NZ_ scaffold_32541
			  Overlap between these two alignments (local misassembly). Inconsistency = -361 
			Real Alignment 2: 3808639 3809303 | 90 762 | 665 673 | 96.14 | Bacteroides_finegoldii_gi_482849993_ref_NZ_ scaffold_32541

Analyzing coverage...
Writing SNPs into /Molly/gurevich/MetaQUAST/res_final/res_metahit_final/runs_per_reference/Bacteroides_finegoldii/contigs_reports/nucmer_output/IDBA_UD.used_snps
	Reference Bacteroides_finegoldii_gi_482849993_ref_NZ_: 109 total alignments. 1 total regions.
		Region: 1 to 5124109 (5124109 bp)
			START in gap: 1 to 285605 (285604 bp)
			Align 1: 285605 285995 scaffold_23714 683 1073
				Gap between this and next alignment: 285995 to 286376 (380 bp)
				Next Alignment: 286376 286491 scaffold_2226 4 119

			Align 2: 286376 286491 scaffold_2226 4 119
				Gap between this and next alignment: 286491 to 310215 (23723 bp)
				Next Alignment: 310215 310436 scaffold_13885 225 4

			Align 3: 310215 310436 scaffold_13885 225 4
				Gap between this and next alignment: 310436 to 335261 (24824 bp)
				Next Alignment: 335261 335426 scaffold_12598 8 172

			Align 4: 335261 335426 scaffold_12598 8 172
				Gap between this and next alignment: 335426 to 433075 (97648 bp)
				Next Alignment: 433075 435160 scaffold_4183 2086 1

			Align 5: 433075 435160 scaffold_4183 2086 1
				Gap between this and next alignment: 435160 to 436642 (1481 bp)
				Next Alignment: 436642 436740 scaffold_9048 1 99

			Align 6: 436642 436740 scaffold_9048 1 99
				Gap between this and next alignment: 436740 to 540040 (103299 bp)
				Next Alignment: 540040 540684 scaffold_24423 645 1

			Align 7: 540040 540684 scaffold_24423 645 1
				Gap between this and next alignment: 540684 to 577541 (36856 bp)
				Next Alignment: 577541 577706 scaffold_9666 1337 1172

			Align 8: 577541 577706 scaffold_9666 1337 1172
				Gap between this and next alignment: 577706 to 606115 (28408 bp)
				Next Alignment: 606115 606860 scaffold_18787 48 793

			Align 9: 606115 606860 scaffold_18787 48 793
				Gap between this and next alignment: 606860 to 713644 (106783 bp)
				Next Alignment: 713644 713840 scaffold_11049 1010 1206

			Align 10: 713644 713840 scaffold_11049 1010 1206
				Gap between this and next alignment: 713840 to 745494 (31653 bp)
				Next Alignment: 745494 746830 scaffold_9654 1 1337

			Align 11: 745494 746830 scaffold_9654 1 1337
				Gap between this and next alignment: 746830 to 747972 (1141 bp)
				Next Alignment: 747972 748479 scaffold_30167 1 508

			Align 12: 747972 748479 scaffold_30167 1 508
				Gap between this and next alignment: 748479 to 1100888 (352408 bp)
				Next Alignment: 1100888 1101600 scaffold_21489 1 713

			Align 13: 1100888 1101600 scaffold_21489 1 713
				Gap between this and next alignment: 1101600 to 1125027 (23426 bp)
				Next Alignment: 1125027 1125119 scaffold_26560 511 603

			Align 14: 1125027 1125119 scaffold_26560 511 603
				Gap between this and next alignment: 1125119 to 1185843 (60723 bp)
				Next Alignment: 1185843 1186791 scaffold_14869 950 1

			Align 15: 1185843 1186791 scaffold_14869 950 1
				Gap between this and next alignment: 1186791 to 1217640 (30848 bp)
				Next Alignment: 1217640 1217927 scaffold_30225 288 1

			Align 16: 1217640 1217927 scaffold_30225 288 1
				Gap between this and next alignment: 1217927 to 1219683 (1755 bp)
				Next Alignment: 1219683 1222969 scaffold_9326 3283 1

			Align 17: 1219683 1222969 scaffold_9326 3283 1
				Gap between this and next alignment: 1222969 to 1229766 (6796 bp)
				Next Alignment: 1229766 1229915 scaffold_232 7112 7261

			Align 18: 1229766 1229915 scaffold_232 7112 7261
				Gap between this and next alignment: 1229915 to 1319763 (89847 bp)
				Next Alignment: 1319763 1320897 scaffold_8764 302 1437

			Align 19: 1319763 1320897 scaffold_8764 302 1437
				Gap between this and next alignment: 1320897 to 1531880 (210982 bp)
				Next Alignment: 1531880 1531994 scaffold_13549 1 115

			Align 20: 1531880 1531994 scaffold_13549 1 115
				Gap between this and next alignment: 1531994 to 1722114 (190119 bp)
				Next Alignment: 1722114 1722262 scaffold_28028 416 564

			Align 21: 1722114 1722262 scaffold_28028 416 564
				Gap between this and next alignment: 1722262 to 1795507 (73244 bp)
				Next Alignment: 1795507 1795585 scaffold_3727 2567 2645

			Align 22: 1795507 1795585 scaffold_3727 2567 2645
				Gap between this and next alignment: 1795585 to 1882203 (86617 bp)
				Next Alignment: 1882203 1882965 scaffold_19799 763 1

			Align 23: 1882203 1882965 scaffold_19799 763 1
				Gap between this and next alignment: 1882965 to 1891700 (8734 bp)
				Next Alignment: 1891700 1892472 scaffold_19857 1 761

			Align 24: 1891700 1892472 scaffold_19857 1 761
				Gap between this and next alignment: 1892472 to 1947615 (55142 bp)
				Next Alignment: 1947615 1948349 scaffold_20731 1 735

			Align 25: 1947615 1948349 scaffold_20731 1 735
				Gap between this and next alignment: 1948349 to 1976727 (28377 bp)
				Next Alignment: 1976727 1976891 scaffold_6216 1672 1837

			Align 26: 1976727 1976891 scaffold_6216 1672 1837
				Gap between this and next alignment: 1976891 to 2013127 (36235 bp)
				Next Alignment: 2013127 2013352 scaffold_19385 575 350

			Align 27: 2013127 2013352 scaffold_19385 575 350
				Gap between this and next alignment: 2013352 to 2050345 (36992 bp)
				Next Alignment: 2050345 2050552 scaffold_11730 2120 1913

			Align 28: 2050345 2050552 scaffold_11730 2120 1913
				Gap between this and next alignment: 2050552 to 2131169 (80616 bp)
				Next Alignment: 2131169 2131905 scaffold_20663 737 1

			Align 29: 2131169 2131905 scaffold_20663 737 1
				Gap between this and next alignment: 2131905 to 2250269 (118363 bp)
				Next Alignment: 2250269 2251587 scaffold_16701 20 1340

			Align 30: 2250269 2251587 scaffold_16701 20 1340
				Gap between this and next alignment: 2251587 to 2294065 (42477 bp)
				Next Alignment: 2294065 2294570 scaffold_30232 1 506

			Align 31: 2294065 2294570 scaffold_30232 1 506
				Gap between this and next alignment: 2294570 to 2347936 (53365 bp)
				Next Alignment: 2347936 2348539 scaffold_26431 605 2

			Align 32: 2347936 2348539 scaffold_26431 605 2
				Gap between this and next alignment: 2348539 to 2820077 (471537 bp)
				Next Alignment: 2820077 2820151 scaffold_18838 106 180

			Align 33: 2820077 2820151 scaffold_18838 106 180
				Gap between this and next alignment: 2820151 to 2895565 (75413 bp)
				Next Alignment: 2895565 2896148 scaffold_27415 1 584

			Align 34: 2895565 2896148 scaffold_27415 1 584
				Gap between this and next alignment: 2896148 to 2897249 (1100 bp)
				Next Alignment: 2897249 2898307 scaffold_12992 1059 1

			Align 35: 2897249 2898307 scaffold_12992 1059 1
				Gap between this and next alignment: 2898307 to 3037671 (139363 bp)
				Next Alignment: 3037671 3039084 scaffold_8976 1 1414

			Align 36: 3037671 3039084 scaffold_8976 1 1414
				Gap between this and next alignment: 3039084 to 3052906 (13821 bp)
				Next Alignment: 3052906 3053941 scaffold_2106 1039 4

			Align 37: 3052906 3053941 scaffold_2106 1039 4
				Gap between this and next alignment: 3053941 to 3065070 (11128 bp)
				Next Alignment: 3065070 3065676 scaffold_26331 1 607

			Align 38: 3065070 3065676 scaffold_26331 1 607
				Gap between this and next alignment: 3065676 to 3070897 (5220 bp)
				Next Alignment: 3070897 3071568 scaffold_23136 1 672

			Align 39: 3070897 3071568 scaffold_23136 1 672
				Negative gap (overlap) between this and next alignment: 3071568 to 3071470 (-98 bp)
				Next Alignment: 3071470 3076304 scaffold_1720 1 4835

			Previous gap was negative, modifying coordinates to ignore overlap
				Moving contig start from 1 to 100.
			Align 40: 3071569 3076304 scaffold_1720 100 4835
				Negative gap (overlap) between this and next alignment: 3076304 to 3076206 (-98 bp)
				Next Alignment: 3076206 3076953 scaffold_20278 748 1

			Previous gap was negative, modifying coordinates to ignore overlap
				Moving contig start from 748 to 649.
			Align 41: 3076305 3076953 scaffold_20278 649 1
				Gap between this and next alignment: 3076953 to 3076963 (9 bp)
				Next Alignment: 3076963 3077213 scaffold_24530 392 642

			Align 42: 3076963 3077213 scaffold_24530 392 642
				Gap between this and next alignment: 3077213 to 3077243 (29 bp)
				Next Alignment: 3077243 3077459 scaffold_8212 1 217

			Align 43: 3077243 3077459 scaffold_8212 1 217
				Negative gap (overlap) between this and next alignment: 3077459 to 3077271 (-188 bp)
				Next Alignment: 3077271 3078291 scaffold_13636 1 1021

			Previous gap was negative, modifying coordinates to ignore overlap
				Moving contig start from 1 to 190.
			Align 44: 3077460 3078291 scaffold_13636 190 1021
				Negative gap (overlap) between this and next alignment: 3078291 to 3078213 (-78 bp)
				Next Alignment: 3078213 3079117 scaffold_15570 905 1

			Previous gap was negative, modifying coordinates to ignore overlap
				Moving contig start from 905 to 826.
			Align 45: 3078292 3079117 scaffold_15570 826 1
				Gap between this and next alignment: 3079117 to 3294538 (215420 bp)
				Next Alignment: 3294538 3295102 scaffold_7093 565 1

			Align 46: 3294538 3295102 scaffold_7093 565 1
				Gap between this and next alignment: 3295102 to 3315522 (20419 bp)
				Next Alignment: 3315522 3316624 scaffold_19012 1105 1

			Align 47: 3315522 3316624 scaffold_19012 1105 1
				Gap between this and next alignment: 3316624 to 3318191 (1566 bp)
				Next Alignment: 3318191 3318805 scaffold_22972 615 1

			Align 48: 3318191 3318805 scaffold_22972 615 1
				Gap between this and next alignment: 3318805 to 3357574 (38768 bp)
				Next Alignment: 3357574 3358221 scaffold_18213 160 807

			Align 49: 3357574 3358221 scaffold_18213 160 807
				Gap between this and next alignment: 3358221 to 3673281 (315059 bp)
				Next Alignment: 3673281 3674513 scaffold_11684 1 1241

			Align 50: 3673281 3674513 scaffold_11684 1 1241
				Gap between this and next alignment: 3674513 to 3696808 (22294 bp)
				Next Alignment: 3696808 3697328 scaffold_11684 1242 1762

			Align 51: 3696808 3697328 scaffold_11684 1242 1762
				Gap between this and next alignment: 3697328 to 3704255 (6926 bp)
				Next Alignment: 3704255 3705040 scaffold_19029 786 1

			Align 52: 3704255 3705040 scaffold_19029 786 1
				Gap between this and next alignment: 3705040 to 3705052 (11 bp)
				Next Alignment: 3705052 3706361 scaffold_17937 1308 1

			Align 53: 3705052 3706361 scaffold_17937 1308 1
				Negative gap (overlap) between this and next alignment: 3706361 to 3706344 (-17 bp)
				Next Alignment: 3706344 3708294 scaffold_19234 1 1955

			Previous gap was negative, modifying coordinates to ignore overlap
				Moving contig start from 1 to 19.
			Align 54: 3706362 3708294 scaffold_19234 19 1955
				Gap between this and next alignment: 3708294 to 3708440 (145 bp)
				Next Alignment: 3708440 3709285 scaffold_17194 1 846

			Align 55: 3708440 3709285 scaffold_17194 1 846
				Gap between this and next alignment: 3709285 to 3710563 (1277 bp)
				Next Alignment: 3710563 3710920 scaffold_6216 2965 2608

			Align 56: 3710563 3710920 scaffold_6216 2965 2608
				Gap between this and next alignment: 3710920 to 3711347 (426 bp)
				Next Alignment: 3711347 3712952 scaffold_7547 1 1606

			Align 57: 3711347 3712952 scaffold_7547 1 1606
				Gap between this and next alignment: 3712952 to 3731195 (18242 bp)
				Next Alignment: 3731195 3737093 scaffold_3074 5958 61

			Align 58: 3731195 3737093 scaffold_3074 5958 61
				Gap between this and next alignment: 3737093 to 3777154 (40060 bp)
				Next Alignment: 3777154 3777297 scaffold_16795 718 861

			Align 59: 3777154 3777297 scaffold_16795 718 861
				Gap between this and next alignment: 3777297 to 3779435 (2137 bp)
				Next Alignment: 3779435 3780211 scaffold_19290 1 777

			Align 60: 3779435 3780211 scaffold_19290 1 777
				Gap between this and next alignment: 3780211 to 3801288 (21076 bp)
				Next Alignment: 3801288 3802367 scaffold_12700 1 1080

			Align 61: 3801288 3802367 scaffold_12700 1 1080
				Gap between this and next alignment: 3802367 to 3808639 (6271 bp)
				Next Alignment: 3808639 3809303 scaffold_32541 90 762

			Align 62: 3808639 3809303 scaffold_32541 90 762
				The next alignment (3808911 3808999 scaffold_32541 1 89) is redundant. Skipping.
				Gap between this and next alignment: 3809303 to 3869431 (60127 bp)
				Next Alignment: 3869431 3871398 scaffold_5613 1 1968

			Align 64: 3869431 3871398 scaffold_5613 1 1968
				Gap between this and next alignment: 3871398 to 3923535 (52136 bp)
				Next Alignment: 3923535 3924296 scaffold_19833 762 1

			Align 65: 3923535 3924296 scaffold_19833 762 1
				Gap between this and next alignment: 3924296 to 3959277 (34980 bp)
				Next Alignment: 3959277 3959976 scaffold_21902 1 700

			Align 66: 3959277 3959976 scaffold_21902 1 700
				Gap between this and next alignment: 3959976 to 4033503 (73526 bp)
				Next Alignment: 4033503 4033625 scaffold_16088 768 890

			Align 67: 4033503 4033625 scaffold_16088 768 890
				Gap between this and next alignment: 4033625 to 4145650 (112024 bp)
				Next Alignment: 4145650 4145729 scaffold_996 2701 2622

			Align 68: 4145650 4145729 scaffold_996 2701 2622
				Gap between this and next alignment: 4145729 to 4351200 (205470 bp)
				Next Alignment: 4351200 4352375 scaffold_12935 66 1240

			Align 69: 4351200 4352375 scaffold_12935 66 1240
				Gap between this and next alignment: 4352375 to 4352389 (13 bp)
				Next Alignment: 4352389 4353965 scaffold_6240 1 1576

			Align 70: 4352389 4353965 scaffold_6240 1 1576
				The next alignment (4353883 4353965 scaffold_9509 99 181) is redundant. Skipping.
				Next Alignment: 4353966 4354822 scaffold_12662 682 1538

			Align 72: 4353966 4354822 scaffold_12662 682 1538
				The next alignment (4354723 4354821 scaffold_9509 1 99) is redundant. Skipping.
				The next alignment (4354724 4354821 scaffold_13815 1536 1439) is redundant. Skipping.
				Gap between this and next alignment: 4354822 to 4360285 (5462 bp)
				Next Alignment: 4360285 4361429 scaffold_11795 1 1145

			Align 75: 4360285 4361429 scaffold_11795 1 1145
				Gap between this and next alignment: 4361429 to 4396959 (35529 bp)
				Next Alignment: 4396959 4397835 scaffold_15442 45 921

			Align 76: 4396959 4397835 scaffold_15442 45 921
				Gap between this and next alignment: 4397835 to 4400609 (2773 bp)
				Next Alignment: 4400609 4401662 scaffold_13107 1053 1

			Align 77: 4400609 4401662 scaffold_13107 1053 1
				Gap between this and next alignment: 4401662 to 4437453 (35790 bp)
				Next Alignment: 4437453 4457323 scaffold_394 19869 1

			Align 78: 4437453 4457323 scaffold_394 19869 1
				Gap between this and next alignment: 4457323 to 4459401 (2077 bp)
				Next Alignment: 4459401 4459929 scaffold_29227 1 529

			Align 79: 4459401 4459929 scaffold_29227 1 529
				Gap between this and next alignment: 4459929 to 4462211 (2281 bp)
				Next Alignment: 4462211 4462532 scaffold_5182 2470 2791

			Align 80: 4462211 4462532 scaffold_5182 2470 2791
				Negative gap (overlap) between this and next alignment: 4462532 to 4462435 (-97 bp)
				Next Alignment: 4462435 4462754 scaffold_4492 2308 1989

			Previous gap was negative, modifying coordinates to ignore overlap
				Moving contig start from 2308 to 2210.
			Align 81: 4462533 4462754 scaffold_4492 2210 1989
				Gap between this and next alignment: 4462754 to 4462843 (88 bp)
				Next Alignment: 4462843 4464709 scaffold_4492 1867 1

			Align 82: 4462843 4464709 scaffold_4492 1867 1
				Gap between this and next alignment: 4464709 to 4542812 (78102 bp)
				Next Alignment: 4542812 4543411 scaffold_26666 600 1

			Align 83: 4542812 4543411 scaffold_26666 600 1
				Gap between this and next alignment: 4543411 to 4548158 (4746 bp)
				Next Alignment: 4548158 4548984 scaffold_12701 247 1073

			Align 84: 4548158 4548984 scaffold_12701 247 1073
				Gap between this and next alignment: 4548984 to 4556052 (7067 bp)
				Next Alignment: 4556052 4557407 scaffold_7526 159 1514

			Align 85: 4556052 4557407 scaffold_7526 159 1514
				Gap between this and next alignment: 4557407 to 4558279 (871 bp)
				Next Alignment: 4558279 4565429 scaffold_1127 1 7151

			Align 86: 4558279 4565429 scaffold_1127 1 7151
				Gap between this and next alignment: 4565429 to 4565706 (276 bp)
				Next Alignment: 4565706 4568696 scaffold_6198 2995 1

			Align 87: 4565706 4568696 scaffold_6198 2995 1
				Gap between this and next alignment: 4568696 to 4569313 (616 bp)
				Next Alignment: 4569313 4570432 scaffold_12126 1 1120

			Align 88: 4569313 4570432 scaffold_12126 1 1120
				Gap between this and next alignment: 4570432 to 4570714 (281 bp)
				Next Alignment: 4570714 4574602 scaffold_4693 3885 1

			Align 89: 4570714 4574602 scaffold_4693 3885 1
				Gap between this and next alignment: 4574602 to 4577704 (3101 bp)
				Next Alignment: 4577704 4579002 scaffold_9977 5 1303

			Align 90: 4577704 4579002 scaffold_9977 5 1303
				Gap between this and next alignment: 4579002 to 4580316 (1313 bp)
				Next Alignment: 4580316 4581297 scaffold_14291 982 1

			Align 91: 4580316 4581297 scaffold_14291 982 1
				Gap between this and next alignment: 4581297 to 4582096 (798 bp)
				Next Alignment: 4582096 4582884 scaffold_18927 789 1

			Align 92: 4582096 4582884 scaffold_18927 789 1
				Gap between this and next alignment: 4582884 to 4583095 (210 bp)
				Next Alignment: 4583095 4584028 scaffold_15188 934 1

			Align 93: 4583095 4584028 scaffold_15188 934 1
				Gap between this and next alignment: 4584028 to 4588794 (4765 bp)
				Next Alignment: 4588794 4591444 scaffold_9555 1 2643

			Align 94: 4588794 4591444 scaffold_9555 1 2643
				Gap between this and next alignment: 4591444 to 4591594 (149 bp)
				Next Alignment: 4591594 4593344 scaffold_13348 1 1740

			Align 95: 4591594 4593344 scaffold_13348 1 1740
				Gap between this and next alignment: 4593344 to 4594151 (806 bp)
				Next Alignment: 4594151 4594780 scaffold_24928 630 1

			Align 96: 4594151 4594780 scaffold_24928 630 1
				Negative gap (overlap) between this and next alignment: 4594780 to 4594682 (-98 bp)
				Next Alignment: 4594682 4605827 scaffold_1092 1 11140

			Previous gap was negative, modifying coordinates to ignore overlap
				Moving contig start from 1 to 100.
			Align 97: 4594781 4605827 scaffold_1092 100 11140
				Gap between this and next alignment: 4605827 to 4605986 (158 bp)
				Next Alignment: 4605986 4607446 scaffold_19588 1467 1

			Align 98: 4605986 4607446 scaffold_19588 1467 1
				Gap between this and next alignment: 4607446 to 4616178 (8731 bp)
				Next Alignment: 4616178 4616819 scaffold_24542 642 1

			Align 99: 4616178 4616819 scaffold_24542 642 1
				Gap between this and next alignment: 4616819 to 4617474 (654 bp)
				Next Alignment: 4617474 4619780 scaffold_4496 1 2307

			Align 100: 4617474 4619780 scaffold_4496 1 2307
				Gap between this and next alignment: 4619780 to 4623913 (4132 bp)
				Next Alignment: 4623913 4626093 scaffold_8179 1 2187

			Align 101: 4623913 4626093 scaffold_8179 1 2187
				Gap between this and next alignment: 4626093 to 4662617 (36523 bp)
				Next Alignment: 4662617 4663267 scaffold_15728 2125 1475

			Align 102: 4662617 4663267 scaffold_15728 2125 1475
				Gap between this and next alignment: 4663267 to 4795436 (132168 bp)
				Next Alignment: 4795436 4796246 scaffold_18233 1 811

			Align 103: 4795436 4796246 scaffold_18233 1 811
				Gap between this and next alignment: 4796246 to 4797318 (1071 bp)
				Next Alignment: 4797318 4797930 scaffold_25974 613 1

			Align 104: 4797318 4797930 scaffold_25974 613 1
				Gap between this and next alignment: 4797930 to 4801382 (3451 bp)
				Next Alignment: 4801382 4802075 scaffold_9208 85 778

			Align 105: 4801382 4802075 scaffold_9208 85 778
				Gap between this and next alignment: 4802075 to 4802235 (159 bp)
				Next Alignment: 4802235 4803621 scaffold_9208 940 2326

			Align 106: 4802235 4803621 scaffold_9208 940 2326
				Gap between this and next alignment: 4803621 to 4958245 (154623 bp)
				Next Alignment: 4958245 4958398 scaffold_19385 154 1

			Align 107: 4958245 4958398 scaffold_19385 154 1
				Gap between this and next alignment: 4958398 to 4993702 (35303 bp)
				Next Alignment: 4993702 4993774 scaffold_15299 1 73

			Align 108: 4993702 4993774 scaffold_15299 1 73
				Gap between this and next alignment: 4993774 to 5106923 (113148 bp)
				Next Alignment: 5106923 5107562 scaffold_24652 640 1

			Align 109: 5106923 5107562 scaffold_24652 640 1
			END in gap: 5107562 to 5124109 (16547 bp)

Analysis is finished!
Founded SNPs were written into /Molly/gurevich/MetaQUAST/res_final/res_metahit_final/runs_per_reference/Bacteroides_finegoldii/contigs_reports/nucmer_output/IDBA_UD.used_snps

Results:
	Local Misassemblies: 2
	Misassemblies: 1
		Relocations: 1
		Translocations: 0
		Inversions: 0
	Fake misassemblies matched with structural variations: 0
	Misassembled Contigs: 1
	Misassembled Contig Bases: 1762
	Misassemblies Inter-Contig Overlap: 0
Uncovered Regions: 0 (0)
Unaligned Contigs: 0 + 42 part
Partially Unaligned Contigs with Misassemblies: 3
Unaligned Contig Bases: 122703

Ambiguously Mapped Contigs: 3
Total Bases in Ambiguously Mapped Contigs: 1882
Note that --allow-ambiguity option was set to "one" and only first alignment per each contig was used.

	Covered Bases: 135481

	SNPs: 2440
	Insertions: 62
	Deletions: 71

	Positive Gaps: 98
		Internal Gaps:  3
		External Gaps:  95
		External Gap Total:  4966087
		External Gap Average: 52275
	Negative Gaps: 7
		Internal Overlaps:  0
		External Overlaps:  7
		External Overlaps Total: -674
		External Overlaps Average: -96
	Contigs with Redundant Alignments: 3 (369)
