Aligning contigs to reference...
	Using existing Nucmer alignments...
Parsing coords...
Loading reference...
	Loaded [Bacteroides_finegoldii_gi_482849993_ref_NZ_]
Loading SNPs...
Loading regions...
	No regions given, using whole reference.
	Total Regions: 1
	Total Region Length: 5124109
Analyzing contigs...
CONTIG: scaffold895__7.2 (1246bp)
Top Length: 237  Top ID: 97.89
		This contig is misassembled. 2 total aligns.
			Warning! This contig is more unaligned than misassembled. Contig length is 1246 and total length of all aligns is 352
		Alignment: 3053855 3054091 | 894 1130 | 237 237 | 97.89 | Bacteroides_finegoldii_gi_482849993_ref_NZ_ scaffold895__7.2
		Alignment: 3054223 3054337 | 1132 1246 | 115 115 | 97.39 | Bacteroides_finegoldii_gi_482849993_ref_NZ_ scaffold895__7.2
		Unaligned bases: 894
CONTIG: scaffold1758__3.4 (511bp)
Top Length: 141  Top ID: 100.0
		This contig is misassembled. 3 total aligns.
			Real Alignment 1: 3707623 3707723 | 101 1 | 101 101 | 100.0 | Bacteroides_finegoldii_gi_482849993_ref_NZ_ scaffold1758__3.4
			  Gap between these two alignments (local misassembly). Inconsistency = 149 
			Real Alignment 2: 3707255 3707395 | 320 180 | 141 141 | 100.0 | Bacteroides_finegoldii_gi_482849993_ref_NZ_ scaffold1758__3.4
			  Gap between these two alignments (local misassembly). Inconsistency = 150 
			Real Alignment 3: 3706914 3707049 | 511 376 | 136 136 | 100.0 | Bacteroides_finegoldii_gi_482849993_ref_NZ_ scaffold1758__3.4

CONTIG: scaffold1787__3.5 (575bp)
Top Length: 164  Top ID: 100.0
		This contig is misassembled. 4 total aligns.
			Real Alignment 1: 3705052 3705152 | 101 1 | 101 101 | 100.0 | Bacteroides_finegoldii_gi_482849993_ref_NZ_ scaffold1787__3.5
			  Gap between these two alignments (local misassembly). Inconsistency = 147 
			Real Alignment 2: 3704683 3704846 | 323 160 | 164 164 | 100.0 | Bacteroides_finegoldii_gi_482849993_ref_NZ_ scaffold1787__3.5
			  Gap between these two alignments (local misassembly). Inconsistency = 148 
			Real Alignment 3: 3704416 3704532 | 442 326 | 117 117 | 100.0 | Bacteroides_finegoldii_gi_482849993_ref_NZ_ scaffold1787__3.5
			  Gap between these two alignments (local misassembly). Inconsistency = 152 
			Real Alignment 4: 3704131 3704222 | 575 484 | 92 92 | 100.0 | Bacteroides_finegoldii_gi_482849993_ref_NZ_ scaffold1787__3.5

CONTIG: scaffold3343__3.9 (1595bp)
Top Length: 99  Top ID: 100.0
		This contig is partially unaligned. (Aligned 99 out of 1595 bases)
		Alignment: 3547681 3547779 | 1066 1164 | 99 99 | 100.0 | Bacteroides_finegoldii_gi_482849993_ref_NZ_ scaffold3343__3.9
		Unaligned bases: 1 to 1065 (1065)
		Unaligned bases: 1165 to 1595 (431)

CONTIG: scaffold4882__2.4 (1226bp)
Top Length: 733  Top ID: 95.5
		This contig is partially unaligned. (Aligned 733 out of 1226 bases)
		Alignment: 2091821 2092553 | 494 1226 | 733 733 | 95.5 | Bacteroides_finegoldii_gi_482849993_ref_NZ_ scaffold4882__2.4
		Unaligned bases: 1 to 493 (493)

CONTIG: scaffold7417__2.4 (532bp)
Top Length: 105  Top ID: 97.14
		This contig is partially unaligned. (Aligned 105 out of 532 bases)
		Alignment: 2895711 2895815 | 105 1 | 105 105 | 97.14 | Bacteroides_finegoldii_gi_482849993_ref_NZ_ scaffold7417__2.4
		Unaligned bases: 106 to 532 (427)

CONTIG: scaffold7580__5.6 (758bp)
Top Length: 157  Top ID: 99.36
		This contig is misassembled. 2 total aligns.
			Warning! This contig is more unaligned than misassembled. Contig length is 758 and total length of all aligns is 279
		Alignment: 3062553 3062674 | 403 524 | 122 122 | 98.36 | Bacteroides_finegoldii_gi_482849993_ref_NZ_ scaffold7580__5.6
		Alignment: 3062903 3063059 | 602 758 | 157 157 | 99.36 | Bacteroides_finegoldii_gi_482849993_ref_NZ_ scaffold7580__5.6
		Unaligned bases: 479
CONTIG: scaffold7845__4.3 (586bp)
Top Length: 207  Top ID: 95.17
		This contig is misassembled. 2 total aligns.
			Real Alignment 1: 3067973 3068179 | 124 330 | 207 207 | 95.17 | Bacteroides_finegoldii_gi_482849993_ref_NZ_ scaffold7845__4.3
			  Gap between these two alignments (local misassembly). Inconsistency = 146 
			Real Alignment 2: 3068456 3068581 | 461 586 | 126 126 | 97.62 | Bacteroides_finegoldii_gi_482849993_ref_NZ_ scaffold7845__4.3

CONTIG: scaffold13339__5.6 (639bp)
Top Length: 158  Top ID: 98.73
		This contig is misassembled. 4 total aligns.
			Real Alignment 1: 3038579 3038688 | 1 110 | 110 110 | 100.0 | Bacteroides_finegoldii_gi_482849993_ref_NZ_ scaffold13339__5.6
			  Gap between these two alignments (local misassembly). Inconsistency = 158 
			Real Alignment 2: 3038954 3039044 | 218 308 | 91 91 | 100.0 | Bacteroides_finegoldii_gi_482849993_ref_NZ_ scaffold13339__5.6
			  Gap between these two alignments (local misassembly). Inconsistency = 124 
			Real Alignment 3: 3039170 3039327 | 310 467 | 158 158 | 98.73 | Bacteroides_finegoldii_gi_482849993_ref_NZ_ scaffold13339__5.6
			  Gap between these two alignments (local misassembly). Inconsistency = 144 
			Real Alignment 4: 3039543 3039643 | 539 639 | 101 101 | 100.0 | Bacteroides_finegoldii_gi_482849993_ref_NZ_ scaffold13339__5.6

CONTIG: scaffold19620__3.0 (692bp)
Top Length: 205  Top ID: 99.02
		This contig is misassembled. 4 total aligns.
			Real Alignment 1: 747204 747318 | 115 1 | 115 115 | 100.0 | Bacteroides_finegoldii_gi_482849993_ref_NZ_ scaffold19620__3.0
			  Gap between these two alignments (local misassembly). Inconsistency = 144 
			Real Alignment 2: 746857 746989 | 318 186 | 133 133 | 100.0 | Bacteroides_finegoldii_gi_482849993_ref_NZ_ scaffold19620__3.0
			  Gap between these two alignments (local misassembly). Inconsistency = 154 
			Real Alignment 3: 746488 746692 | 533 329 | 205 205 | 99.02 | Bacteroides_finegoldii_gi_482849993_ref_NZ_ scaffold19620__3.0
			  Gap between these two alignments (local misassembly). Inconsistency = 129 
			Real Alignment 4: 746200 746357 | 692 535 | 158 158 | 100.0 | Bacteroides_finegoldii_gi_482849993_ref_NZ_ scaffold19620__3.0

CONTIG: scaffold21579__2.0 (642bp)
Top Length: 418  Top ID: 97.13
		This contig is misassembled. 2 total aligns.
			Real Alignment 1: 4799160 4799276 | 117 1 | 117 117 | 98.29 | Bacteroides_finegoldii_gi_482849993_ref_NZ_ scaffold21579__2.0
			  Gap between these two alignments (local misassembly). Inconsistency = 146 
			Real Alignment 2: 4798489 4798906 | 642 225 | 418 418 | 97.13 | Bacteroides_finegoldii_gi_482849993_ref_NZ_ scaffold21579__2.0

CONTIG: scaffold22759__2.0 (553bp)
Top Length: 332  Top ID: 100.0
		This contig is misassembled. 2 total aligns.
			Real Alignment 1: 3711893 3712011 | 1 119 | 119 119 | 99.16 | Bacteroides_finegoldii_gi_482849993_ref_NZ_ scaffold22759__2.0
			  Gap between these two alignments (local misassembly). Inconsistency = 155 
			Real Alignment 2: 3712269 3712600 | 222 553 | 332 332 | 100.0 | Bacteroides_finegoldii_gi_482849993_ref_NZ_ scaffold22759__2.0

CONTIG: scaffold23741__3.0 (525bp)
Top Length: 118  Top ID: 95.76
		This contig is partially unaligned. (Aligned 118 out of 525 bases)
		Alignment: 300754 300871 | 3 120 | 118 118 | 95.76 | Bacteroides_finegoldii_gi_482849993_ref_NZ_ scaffold23741__3.0
		Unaligned bases: 1 to 2 (2)
		Unaligned bases: 121 to 525 (405)

CONTIG: scaffold24591__3.2 (1038bp)
Top Length: 111  Top ID: 99.1
		This contig is partially unaligned. (Aligned 111 out of 1038 bases)
		Alignment: 2252509 2252619 | 928 1038 | 111 111 | 99.1 | Bacteroides_finegoldii_gi_482849993_ref_NZ_ scaffold24591__3.2
		Unaligned bases: 1 to 927 (927)

CONTIG: scaffold24991__3.3 (564bp)
Top Length: 144  Top ID: 96.53
		This contig is misassembled. 2 total aligns.
			Warning! This contig is more unaligned than misassembled. Contig length is 564 and total length of all aligns is 255
		Alignment: 1459992 1460102 | 213 323 | 111 111 | 100.0 | Bacteroides_finegoldii_gi_482849993_ref_NZ_ scaffold24991__3.3
		Alignment: 1460349 1460492 | 421 564 | 144 144 | 96.53 | Bacteroides_finegoldii_gi_482849993_ref_NZ_ scaffold24991__3.3
		Unaligned bases: 309
CONTIG: scaffold26295__1.3 (597bp)
Top Length: 143  Top ID: 97.9
		This contig is partially unaligned. (Aligned 143 out of 597 bases)
		Alignment: 4547914 4548056 | 597 455 | 143 143 | 97.9 | Bacteroides_finegoldii_gi_482849993_ref_NZ_ scaffold26295__1.3
		Unaligned bases: 1 to 454 (454)

CONTIG: scaffold27002__3.6 (1673bp)
Top Length: 123  Top ID: 97.56
		This contig is partially unaligned. (Aligned 123 out of 1673 bases)
		Alignment: 2780647 2780769 | 673 551 | 123 123 | 97.56 | Bacteroides_finegoldii_gi_482849993_ref_NZ_ scaffold27002__3.6
		Unaligned bases: 1 to 550 (550)
		Unaligned bases: 674 to 1673 (1000)

CONTIG: scaffold27733__2.8 (521bp)
Top Length: 270  Top ID: 98.52
		This contig is partially unaligned. (Aligned 270 out of 521 bases)
		Alignment: 1321102 1321371 | 1 270 | 270 270 | 98.52 | Bacteroides_finegoldii_gi_482849993_ref_NZ_ scaffold27733__2.8
		Unaligned bases: 271 to 521 (251)

CONTIG: scaffold28415__5.4 (754bp)
Top Length: 545  Top ID: 97.25
		This contig is misassembled. 2 total aligns.
			Real Alignment 1: 4212079 4212202 | 124 1 | 124 124 | 99.19 | Bacteroides_finegoldii_gi_482849993_ref_NZ_ scaffold28415__5.4
			  Gap between these two alignments (local misassembly). Inconsistency = 141 
			Real Alignment 2: 4211308 4211852 | 754 210 | 545 545 | 97.25 | Bacteroides_finegoldii_gi_482849993_ref_NZ_ scaffold28415__5.4

CONTIG: scaffold29411__2.0 (1725bp)
Top Length: 211  Top ID: 95.73
		This contig is partially unaligned. (Aligned 211 out of 1725 bases)
		Alignment: 292141 292351 | 923 1133 | 211 211 | 95.73 | Bacteroides_finegoldii_gi_482849993_ref_NZ_ scaffold29411__2.0
		Unaligned bases: 1 to 922 (922)
		Unaligned bases: 1134 to 1725 (592)

CONTIG: scaffold30563__2.7 (1114bp)
Top Length: 185  Top ID: 95.68
		This contig is misassembled. 2 total aligns.
			Warning! This contig is more unaligned than misassembled. Contig length is 1114 and total length of all aligns is 282
		Alignment: 1157046 1157142 | 97 1 | 97 97 | 97.94 | Bacteroides_finegoldii_gi_482849993_ref_NZ_ scaffold30563__2.7
		Alignment: 1156316 1156500 | 531 347 | 185 185 | 95.68 | Bacteroides_finegoldii_gi_482849993_ref_NZ_ scaffold30563__2.7
		Unaligned bases: 832
CONTIG: scaffold30951__3.8 (506bp)
Top Length: 128  Top ID: 96.88
		This contig is partially unaligned. (Aligned 128 out of 506 bases)
		Alignment: 3560479 3560606 | 2 129 | 128 128 | 96.88 | Bacteroides_finegoldii_gi_482849993_ref_NZ_ scaffold30951__3.8
		Unaligned bases: 1 to 1 (1)
		Unaligned bases: 130 to 506 (377)

CONTIG: scaffold30969__2.5 (521bp)
Top Length: 227  Top ID: 98.24
		This contig is partially unaligned. (Aligned 227 out of 521 bases)
		Alignment: 303768 303994 | 226 452 | 227 227 | 98.24 | Bacteroides_finegoldii_gi_482849993_ref_NZ_ scaffold30969__2.5
		Unaligned bases: 1 to 225 (225)
		Unaligned bases: 453 to 521 (69)

CONTIG: scaffold31523__2.5 (1249bp)
Top Length: 435  Top ID: 97.47
		This contig is misassembled. 6 total aligns.
			Real Alignment 1: 742162 742291 | 1 130 | 130 130 | 100.0 | Bacteroides_finegoldii_gi_482849993_ref_NZ_ scaffold31523__2.5
			  Gap between these two alignments (local misassembly). Inconsistency = 145 
			Real Alignment 2: 742485 742631 | 179 325 | 147 147 | 97.28 | Bacteroides_finegoldii_gi_482849993_ref_NZ_ scaffold31523__2.5
			  Gap between these two alignments (local misassembly). Inconsistency = 135 
			Real Alignment 3: 742768 742877 | 327 436 | 110 110 | 99.09 | Bacteroides_finegoldii_gi_482849993_ref_NZ_ scaffold31523__2.5
			  Gap between these two alignments (local misassembly). Inconsistency = 137 
			Real Alignment 4: 743019 743160 | 441 582 | 142 142 | 98.59 | Bacteroides_finegoldii_gi_482849993_ref_NZ_ scaffold31523__2.5
			  Gap between these two alignments (local misassembly). Inconsistency = 153 
			Real Alignment 5: 743328 743530 | 597 799 | 203 203 | 99.01 | Bacteroides_finegoldii_gi_482849993_ref_NZ_ scaffold31523__2.5
			  Gap between these two alignments (local misassembly). Inconsistency = 151 
			Real Alignment 6: 743697 744131 | 815 1249 | 435 435 | 97.47 | Bacteroides_finegoldii_gi_482849993_ref_NZ_ scaffold31523__2.5

CONTIG: scaffold32370__2.0 (626bp)
Top Length: 105  Top ID: 97.14
			Skipping redundant alignments after choosing the best set of alignments
		Skipping redundant alignment 3468646 3468749 | 29 132 | 104 104 | 97.12 | Bacteroides_finegoldii_gi_482849993_ref_NZ_ scaffold32370__2.0
		This contig is partially unaligned. (Aligned 105 out of 626 bases)
		Alignment: 2257485 2257589 | 132 28 | 105 105 | 97.14 | Bacteroides_finegoldii_gi_482849993_ref_NZ_ scaffold32370__2.0
		Unaligned bases: 1 to 27 (27)
		Unaligned bases: 133 to 626 (494)

CONTIG: scaffold33077__2.0 (679bp)
Top Length: 392  Top ID: 97.45
		This contig is misassembled. 3 total aligns.
			Real Alignment 1: 4694729 4694860 | 1 132 | 132 132 | 99.24 | Bacteroides_finegoldii_gi_482849993_ref_NZ_ scaffold33077__2.0
			  Gap between these two alignments (local misassembly). Inconsistency = 148 
			Real Alignment 2: 4695030 4695421 | 154 545 | 392 392 | 97.45 | Bacteroides_finegoldii_gi_482849993_ref_NZ_ scaffold33077__2.0
			  Gap between these two alignments (local misassembly). Inconsistency = 151 
			Real Alignment 3: 4695574 4695706 | 547 679 | 133 133 | 99.25 | Bacteroides_finegoldii_gi_482849993_ref_NZ_ scaffold33077__2.0

CONTIG: scaffold34053__3.0 (681bp)
Top Length: 352  Top ID: 96.31
		This contig is partially unaligned. (Aligned 352 out of 681 bases)
		Alignment: 4806579 4806930 | 1 352 | 352 352 | 96.31 | Bacteroides_finegoldii_gi_482849993_ref_NZ_ scaffold34053__3.0
		Unaligned bases: 353 to 681 (329)

CONTIG: scaffold36015__2.6 (915bp)
Top Length: 497  Top ID: 97.79
		This contig is misassembled. 2 total aligns.
			Real Alignment 1: 4054983 4055120 | 1 138 | 138 138 | 98.55 | Bacteroides_finegoldii_gi_482849993_ref_NZ_ scaffold36015__2.6
			  Gap between these two alignments (local misassembly). Inconsistency = 147 
			Real Alignment 2: 4055320 4055816 | 191 687 | 497 497 | 97.79 | Bacteroides_finegoldii_gi_482849993_ref_NZ_ scaffold36015__2.6

CONTIG: scaffold37044__2.4 (512bp)
Top Length: 141  Top ID: 100.0
		This contig is misassembled. 2 total aligns.
			Real Alignment 1: 744688 744828 | 1 141 | 141 141 | 100.0 | Bacteroides_finegoldii_gi_482849993_ref_NZ_ scaffold37044__2.4
			  Gap between these two alignments (local misassembly). Inconsistency = 293 
			Real Alignment 2: 745364 745492 | 384 512 | 129 129 | 96.9 | Bacteroides_finegoldii_gi_482849993_ref_NZ_ scaffold37044__2.4

CONTIG: scaffold39102__2.6 (746bp)
Top Length: 124  Top ID: 97.58
		This contig is partially unaligned. (Aligned 124 out of 746 bases)
		Alignment: 305061 305184 | 295 172 | 124 124 | 97.58 | Bacteroides_finegoldii_gi_482849993_ref_NZ_ scaffold39102__2.6
		Unaligned bases: 1 to 171 (171)
		Unaligned bases: 296 to 746 (451)

CONTIG: scaffold42219__3.3 (512bp)
Top Length: 342  Top ID: 97.08
		This contig is misassembled. 2 total aligns.
			Real Alignment 1: 3842492 3842644 | 1 153 | 153 153 | 98.69 | Bacteroides_finegoldii_gi_482849993_ref_NZ_ scaffold42219__3.3
			  Gap between these two alignments (local misassembly). Inconsistency = 148 
			Real Alignment 2: 3842810 3843151 | 171 512 | 342 342 | 97.08 | Bacteroides_finegoldii_gi_482849993_ref_NZ_ scaffold42219__3.3

CONTIG: scaffold42827__3.0 (674bp)
Top Length: 380  Top ID: 98.17
		This contig is misassembled. 2 total aligns.
			Real Alignment 1: 3723214 3723595 | 157 536 | 382 380 | 98.17 | Bacteroides_finegoldii_gi_482849993_ref_NZ_ scaffold42827__3.0
			  Gap between these two alignments (local misassembly). Inconsistency = 143 
			Real Alignment 2: 3723740 3723876 | 538 674 | 137 137 | 99.27 | Bacteroides_finegoldii_gi_482849993_ref_NZ_ scaffold42827__3.0

CONTIG: scaffold44080__3.8 (2052bp)
Top Length: 330  Top ID: 100.0
		This contig is partially unaligned. (Aligned 330 out of 2052 bases)
		Alignment: 3077425 3077754 | 2052 1723 | 330 330 | 100.0 | Bacteroides_finegoldii_gi_482849993_ref_NZ_ scaffold44080__3.8
		Unaligned bases: 1 to 1722 (1722)

CONTIG: scaffold44120__3.3 (554bp)
Top Length: 320  Top ID: 97.81
		This contig is misassembled. 2 total aligns.
			Real Alignment 1: 3312114 3312273 | 160 1 | 160 160 | 98.75 | Bacteroides_finegoldii_gi_482849993_ref_NZ_ scaffold44120__3.3
			  Gap between these two alignments (local misassembly). Inconsistency = 142 
			Real Alignment 2: 3311578 3311897 | 554 235 | 320 320 | 97.81 | Bacteroides_finegoldii_gi_482849993_ref_NZ_ scaffold44120__3.3

CONTIG: scaffold44925__3.6 (776bp)
Top Length: 612  Top ID: 97.06
		This contig is misassembled. 2 total aligns.
			Real Alignment 1: 3821293 3821455 | 1 163 | 163 163 | 97.55 | Bacteroides_finegoldii_gi_482849993_ref_NZ_ scaffold44925__3.6
			  Gap between these two alignments (local misassembly). Inconsistency = 135 
			Real Alignment 2: 3821592 3822203 | 165 776 | 612 612 | 97.06 | Bacteroides_finegoldii_gi_482849993_ref_NZ_ scaffold44925__3.6

CONTIG: scaffold45165__3.7 (667bp)
Top Length: 255  Top ID: 98.82
		This contig is misassembled. 2 total aligns.
			Real Alignment 1: 4351500 4351655 | 230 385 | 156 156 | 97.44 | Bacteroides_finegoldii_gi_482849993_ref_NZ_ scaffold45165__3.7
			  Gap between these two alignments (local misassembly). Inconsistency = 152 
			Real Alignment 2: 4351833 4352087 | 411 665 | 255 255 | 98.82 | Bacteroides_finegoldii_gi_482849993_ref_NZ_ scaffold45165__3.7

CONTIG: scaffold45264__2.7 (914bp)
Top Length: 216  Top ID: 97.69
		This contig is misassembled. 2 total aligns.
			Warning! This contig is more unaligned than misassembled. Contig length is 914 and total length of all aligns is 359
		Alignment: 1312973 1313188 | 476 691 | 216 216 | 97.69 | Bacteroides_finegoldii_gi_482849993_ref_NZ_ scaffold45264__2.7
		Alignment: 1313407 1313549 | 772 914 | 143 143 | 95.8 | Bacteroides_finegoldii_gi_482849993_ref_NZ_ scaffold45264__2.7
		Unaligned bases: 555
CONTIG: scaffold45686__2.8 (837bp)
Top Length: 166  Top ID: 97.59
		This contig is partially unaligned. (Aligned 166 out of 837 bases)
		Alignment: 4795512 4795677 | 1 166 | 166 166 | 97.59 | Bacteroides_finegoldii_gi_482849993_ref_NZ_ scaffold45686__2.8
		Unaligned bases: 167 to 837 (671)

CONTIG: scaffold47987__2.4 (523bp)
Top Length: 232  Top ID: 99.57
		This contig is misassembled. 2 total aligns.
			Real Alignment 1: 572551 572782 | 232 1 | 232 232 | 99.57 | Bacteroides_finegoldii_gi_482849993_ref_NZ_ scaffold47987__2.4
			  Gap between these two alignments (local misassembly). Inconsistency = 148 
			Real Alignment 2: 572255 572398 | 380 237 | 144 144 | 99.31 | Bacteroides_finegoldii_gi_482849993_ref_NZ_ scaffold47987__2.4

CONTIG: scaffold48717__2.3 (524bp)
Top Length: 341  Top ID: 98.83
		This contig is misassembled. 2 total aligns.
			Real Alignment 1: 1452544 1452720 | 4 180 | 177 177 | 97.74 | Bacteroides_finegoldii_gi_482849993_ref_NZ_ scaffold48717__2.3
			  Gap between these two alignments (local misassembly). Inconsistency = 134 
			Real Alignment 2: 1452856 1453196 | 182 522 | 341 341 | 98.83 | Bacteroides_finegoldii_gi_482849993_ref_NZ_ scaffold48717__2.3

CONTIG: scaffold49830__1.8 (1113bp)
Top Length: 513  Top ID: 96.69
		This contig is misassembled. 3 total aligns.
			Real Alignment 1: 618446 618958 | 705 193 | 513 513 | 96.69 | Bacteroides_finegoldii_gi_482849993_ref_NZ_ scaffold49830__1.8
			  Gap between these two alignments (local misassembly). Inconsistency = 139 
			Real Alignment 2: 618078 618304 | 934 708 | 227 227 | 96.04 | Bacteroides_finegoldii_gi_482849993_ref_NZ_ scaffold49830__1.8
			  Gap between these two alignments (local misassembly). Inconsistency = 111 
			Real Alignment 3: 617788 617965 | 1113 936 | 178 178 | 98.88 | Bacteroides_finegoldii_gi_482849993_ref_NZ_ scaffold49830__1.8

CONTIG: scaffold49841__3.0 (761bp)
Top Length: 235  Top ID: 98.3
		This contig is partially unaligned. (Aligned 235 out of 761 bases)
		Alignment: 4797533 4797767 | 527 761 | 235 235 | 98.3 | Bacteroides_finegoldii_gi_482849993_ref_NZ_ scaffold49841__3.0
		Unaligned bases: 1 to 526 (526)

CONTIG: scaffold50218__1.9 (767bp)
Top Length: 222  Top ID: 99.55
		This contig is misassembled. 4 total aligns.
			Real Alignment 1: 3705900 3706090 | 191 1 | 191 191 | 100.0 | Bacteroides_finegoldii_gi_482849993_ref_NZ_ scaffold50218__1.9
			  Gap between these two alignments (local misassembly). Inconsistency = 121 
			Real Alignment 2: 3705556 3705777 | 414 193 | 222 222 | 99.55 | Bacteroides_finegoldii_gi_482849993_ref_NZ_ scaffold50218__1.9
			  Gap between these two alignments (local misassembly). Inconsistency = 150 
			Real Alignment 3: 3705136 3705335 | 684 485 | 200 200 | 99.5 | Bacteroides_finegoldii_gi_482849993_ref_NZ_ scaffold50218__1.9
			  Gap between these two alignments (local misassembly). Inconsistency = 139 
			Real Alignment 4: 3704914 3704981 | 767 700 | 68 68 | 100.0 | Bacteroides_finegoldii_gi_482849993_ref_NZ_ scaffold50218__1.9

CONTIG: scaffold50786__2.6 (540bp)
Top Length: 250  Top ID: 96.0
		This contig is misassembled. 2 total aligns.
			Real Alignment 1: 1662089 1662284 | 196 1 | 196 196 | 97.45 | Bacteroides_finegoldii_gi_482849993_ref_NZ_ scaffold50786__2.6
			  Gap between these two alignments (local misassembly). Inconsistency = 142 
			Real Alignment 2: 1661603 1661852 | 540 291 | 250 250 | 96.0 | Bacteroides_finegoldii_gi_482849993_ref_NZ_ scaffold50786__2.6

CONTIG: scaffold51543__2.3 (755bp)
Top Length: 203  Top ID: 99.01
		This contig is partially unaligned. (Aligned 203 out of 755 bases)
		Alignment: 3673344 3673546 | 203 1 | 203 203 | 99.01 | Bacteroides_finegoldii_gi_482849993_ref_NZ_ scaffold51543__2.3
		Unaligned bases: 204 to 755 (552)

CONTIG: scaffold53713__2.5 (519bp)
Top Length: 235  Top ID: 98.72
		This contig is misassembled. 2 total aligns.
			Real Alignment 1: 4679673 4679907 | 1 235 | 235 235 | 98.72 | Bacteroides_finegoldii_gi_482849993_ref_NZ_ scaffold53713__2.5
			  Gap between these two alignments (local misassembly). Inconsistency = 145 
			Real Alignment 2: 4680127 4680336 | 310 519 | 210 210 | 95.24 | Bacteroides_finegoldii_gi_482849993_ref_NZ_ scaffold53713__2.5

CONTIG: scaffold53951__3.5 (871bp)
Top Length: 240  Top ID: 96.27
		This contig is partially unaligned. (Aligned 240 out of 871 bases)
		Alignment: 1965521 1965760 | 1 240 | 240 240 | 96.27 | Bacteroides_finegoldii_gi_482849993_ref_NZ_ scaffold53951__3.5
		Unaligned bases: 241 to 871 (631)

CONTIG: scaffold54942__2.6 (661bp)
Top Length: 263  Top ID: 95.44
		This contig is partially unaligned. (Aligned 263 out of 661 bases)
		Alignment: 4804290 4804552 | 3 265 | 263 263 | 95.44 | Bacteroides_finegoldii_gi_482849993_ref_NZ_ scaffold54942__2.6
		Unaligned bases: 1 to 2 (2)
		Unaligned bases: 266 to 661 (396)

CONTIG: scaffold55310__2.5 (671bp)
Top Length: 85  Top ID: 95.29
		This contig is partially unaligned. (Aligned 85 out of 671 bases)
		Alignment: 693558 693642 | 1 85 | 85 85 | 95.29 | Bacteroides_finegoldii_gi_482849993_ref_NZ_ scaffold55310__2.5
		Unaligned bases: 86 to 671 (586)

CONTIG: scaffold55897__2.3 (999bp)
Top Length: 298  Top ID: 100.0
		This contig is partially unaligned. (Aligned 298 out of 999 bases)
		Alignment: 1194117 1194414 | 298 1 | 298 298 | 100.0 | Bacteroides_finegoldii_gi_482849993_ref_NZ_ scaffold55897__2.3
		Unaligned bases: 299 to 999 (701)

CONTIG: scaffold56430__2.5 (657bp)
Top Length: 299  Top ID: 96.99
		This contig is partially unaligned. (Aligned 299 out of 657 bases)
		Alignment: 4666860 4667158 | 657 359 | 299 299 | 96.99 | Bacteroides_finegoldii_gi_482849993_ref_NZ_ scaffold56430__2.5
		Unaligned bases: 1 to 358 (358)

CONTIG: scaffold56986__2.7 (1155bp)
Top Length: 765  Top ID: 98.95
		This contig is misassembled. 2 total aligns.
			Real Alignment 1: 4365110 4365497 | 2 389 | 388 388 | 96.39 | Bacteroides_finegoldii_gi_482849993_ref_NZ_ scaffold56986__2.7
			  Gap between these two alignments (local misassembly). Inconsistency = 130 
			Real Alignment 2: 4365629 4366393 | 391 1155 | 765 765 | 98.95 | Bacteroides_finegoldii_gi_482849993_ref_NZ_ scaffold56986__2.7

CONTIG: scaffold56991__3.0 (1164bp)
Top Length: 722  Top ID: 97.65
		This contig is misassembled. 2 total aligns.
			Real Alignment 1: 3545707 3546095 | 389 1 | 389 389 | 96.4 | Bacteroides_finegoldii_gi_482849993_ref_NZ_ scaffold56991__3.0
			  Gap between these two alignments (local misassembly). Inconsistency = 152 
			Real Alignment 2: 3544780 3545501 | 1164 443 | 722 722 | 97.65 | Bacteroides_finegoldii_gi_482849993_ref_NZ_ scaffold56991__3.0

CONTIG: C723988_10.0 (542bp)
Top Length: 542  Top ID: 97.05
		One align captures most of this contig: 3054335 3054876 | 542 1 | 542 542 | 97.05 | Bacteroides_finegoldii_gi_482849993_ref_NZ_ C723988_10.0

CONTIG: C724460__8.0 (546bp)
Top Length: 546  Top ID: 99.82
		One align captures most of this contig: 3877405 3877950 | 1 546 | 546 546 | 99.82 | Bacteroides_finegoldii_gi_482849993_ref_NZ_ C724460__8.0

CONTIG: C724750_10.0 (549bp)
Top Length: 549  Top ID: 97.09
		One align captures most of this contig: 3040707 3041255 | 1 549 | 549 549 | 97.09 | Bacteroides_finegoldii_gi_482849993_ref_NZ_ C724750_10.0

CONTIG: C725210__3.0 (555bp)
Top Length: 555  Top ID: 99.28
		One align captures most of this contig: 3779504 3780058 | 555 1 | 555 555 | 99.28 | Bacteroides_finegoldii_gi_482849993_ref_NZ_ C725210__3.0

CONTIG: C725264_50.0 (555bp)
Top Length: 555  Top ID: 98.92
		One align captures most of this contig: 4489509 4490063 | 555 1 | 555 555 | 98.92 | Bacteroides_finegoldii_gi_482849993_ref_NZ_ C725264_50.0

CONTIG: C725884_12.0 (562bp)
Top Length: 562  Top ID: 99.47
		One align captures most of this contig: 3881852 3882413 | 1 562 | 562 562 | 99.47 | Bacteroides_finegoldii_gi_482849993_ref_NZ_ C725884_12.0

CONTIG: C727604_62.0 (583bp)
Top Length: 583  Top ID: 99.49
		One align captures most of this contig: 4512509 4513091 | 583 1 | 583 583 | 99.49 | Bacteroides_finegoldii_gi_482849993_ref_NZ_ C727604_62.0

CONTIG: C730818_13.0 (623bp)
Top Length: 623  Top ID: 97.75
		One align captures most of this contig: 3074079 3074701 | 1 623 | 623 623 | 97.75 | Bacteroides_finegoldii_gi_482849993_ref_NZ_ C730818_13.0

CONTIG: C733818_15.0 (665bp)
Top Length: 665  Top ID: 96.39
		One align captures most of this contig: 2215073 2215737 | 1 665 | 665 665 | 96.39 | Bacteroides_finegoldii_gi_482849993_ref_NZ_ C733818_15.0

CONTIG: C734494_60.0 (675bp)
Top Length: 675  Top ID: 99.41
		One align captures most of this contig: 4511080 4511754 | 675 1 | 675 675 | 99.41 | Bacteroides_finegoldii_gi_482849993_ref_NZ_ C734494_60.0

CONTIG: C734522__7.0 (676bp)
Top Length: 676  Top ID: 96.45
		Marking as insignificant: 5121173 5121594 | 255 676 | 422 422 | 97.16 | Bacteroides_finegoldii_gi_482849993_ref_NZ_ C734522__7.0
		Marking as insignificant: 712993 713414 | 676 255 | 422 422 | 97.16 | Bacteroides_finegoldii_gi_482849993_ref_NZ_ C734522__7.0
		One align captures most of this contig: 4323929 4324604 | 1 676 | 676 676 | 96.45 | Bacteroides_finegoldii_gi_482849993_ref_NZ_ C734522__7.0

CONTIG: C735692_58.0 (696bp)
Top Length: 696  Top ID: 99.28
		One align captures most of this contig: 4491393 4492089 | 696 1 | 697 696 | 99.28 | Bacteroides_finegoldii_gi_482849993_ref_NZ_ C735692_58.0

CONTIG: C735696__4.0 (696bp)
Top Length: 696  Top ID: 99.43
		One align captures most of this contig: 3078422 3079117 | 1 696 | 696 696 | 99.43 | Bacteroides_finegoldii_gi_482849993_ref_NZ_ C735696__4.0

CONTIG: C736686_12.0 (714bp)
Top Length: 714  Top ID: 96.64
		One align captures most of this contig: 3036120 3036833 | 1 714 | 714 714 | 96.64 | Bacteroides_finegoldii_gi_482849993_ref_NZ_ C736686_12.0

CONTIG: C738968_13.0 (762bp)
Top Length: 762  Top ID: 97.24
		One align captures most of this contig: 3037224 3037985 | 762 1 | 762 762 | 97.24 | Bacteroides_finegoldii_gi_482849993_ref_NZ_ C738968_13.0

CONTIG: C739192__9.0 (767bp)
Top Length: 767  Top ID: 99.09
		One align captures most of this contig: 3877923 3878689 | 767 1 | 767 767 | 99.09 | Bacteroides_finegoldii_gi_482849993_ref_NZ_ C739192__9.0

CONTIG: C739924__8.0 (784bp)
Top Length: 784  Top ID: 95.03
		One align captures most of this contig: 3072712 3073495 | 784 1 | 784 784 | 95.03 | Bacteroides_finegoldii_gi_482849993_ref_NZ_ C739924__8.0

CONTIG: C740098_63.0 (788bp)
Top Length: 788  Top ID: 98.73
		One align captures most of this contig: 4522620 4523407 | 788 1 | 788 788 | 98.73 | Bacteroides_finegoldii_gi_482849993_ref_NZ_ C740098_63.0

CONTIG: C740262__9.0 (792bp)
Top Length: 792  Top ID: 95.45
		One align captures most of this contig: 3059914 3060705 | 792 1 | 792 792 | 95.45 | Bacteroides_finegoldii_gi_482849993_ref_NZ_ C740262__9.0

CONTIG: C740542_56.0 (800bp)
Top Length: 800  Top ID: 98.38
		One align captures most of this contig: 4511724 4512523 | 1 800 | 800 800 | 98.38 | Bacteroides_finegoldii_gi_482849993_ref_NZ_ C740542_56.0

CONTIG: C740884_52.0 (809bp)
Top Length: 809  Top ID: 99.75
		One align captures most of this contig: 4506207 4507015 | 809 1 | 809 809 | 99.75 | Bacteroides_finegoldii_gi_482849993_ref_NZ_ C740884_52.0

CONTIG: C744550_58.0 (918bp)
Top Length: 918  Top ID: 98.91
		One align captures most of this contig: 4490457 4491374 | 1 918 | 918 918 | 98.91 | Bacteroides_finegoldii_gi_482849993_ref_NZ_ C744550_58.0

CONTIG: C745356__6.0 (945bp)
Top Length: 945  Top ID: 95.56
		One align captures most of this contig: 3052058 3053001 | 1 945 | 944 945 | 95.56 | Bacteroides_finegoldii_gi_482849993_ref_NZ_ C745356__6.0

CONTIG: C745444_27.0 (948bp)
Top Length: 945  Top ID: 96.1
		One align captures most of this contig: 324793 325740 | 4 948 | 948 945 | 96.1 | Bacteroides_finegoldii_gi_482849993_ref_NZ_ C745444_27.0

CONTIG: C746530_53.0 (992bp)
Top Length: 992  Top ID: 95.67
		One align captures most of this contig: 4487648 4488639 | 992 1 | 992 992 | 95.67 | Bacteroides_finegoldii_gi_482849993_ref_NZ_ C746530_53.0

CONTIG: C746826_61.0 (1004bp)
Top Length: 1004  Top ID: 99.8
		One align captures most of this contig: 4515782 4516785 | 1 1004 | 1004 1004 | 99.8 | Bacteroides_finegoldii_gi_482849993_ref_NZ_ C746826_61.0

CONTIG: C749496_59.0 (1134bp)
Top Length: 1134  Top ID: 98.85
		One align captures most of this contig: 4505104 4506237 | 1134 1 | 1134 1134 | 98.85 | Bacteroides_finegoldii_gi_482849993_ref_NZ_ C749496_59.0

CONTIG: C749946_63.0 (1155bp)
Top Length: 1155  Top ID: 99.57
		One align captures most of this contig: 4517922 4519076 | 1 1155 | 1155 1155 | 99.57 | Bacteroides_finegoldii_gi_482849993_ref_NZ_ C749946_63.0

CONTIG: C751248_59.0 (1235bp)
Top Length: 716  Top ID: 95.95
			Skipping redundant alignments after choosing the best set of alignments
		Skipping redundant alignment 4457633 4458348 | 716 1 | 716 716 | 95.95 | Bacteroides_finegoldii_gi_482849993_ref_NZ_ C751248_59.0
		Skipping redundant alignment 4467401 4468116 | 716 1 | 716 716 | 95.95 | Bacteroides_finegoldii_gi_482849993_ref_NZ_ C751248_59.0
		Skipping redundant alignment 4472128 4472522 | 1232 838 | 395 395 | 95.44 | Bacteroides_finegoldii_gi_482849993_ref_NZ_ C751248_59.0
		Skipping redundant alignment 4472611 4473326 | 716 1 | 716 716 | 95.95 | Bacteroides_finegoldii_gi_482849993_ref_NZ_ C751248_59.0
		Skipping redundant alignment 4477169 4477884 | 716 1 | 716 716 | 95.95 | Bacteroides_finegoldii_gi_482849993_ref_NZ_ C751248_59.0
		This contig is misassembled. 7 total aligns.
			Real Alignment 1: 4462843 4463558 | 716 1 | 716 716 | 95.95 | Bacteroides_finegoldii_gi_482849993_ref_NZ_ C751248_59.0
			  Overlap between these two alignments (local misassembly). Inconsistency = -33 
			Real Alignment 2: 4462360 4462754 | 1232 838 | 395 395 | 95.44 | Bacteroides_finegoldii_gi_482849993_ref_NZ_ C751248_59.0

CONTIG: C751466__4.0 (1250bp)
Top Length: 1250  Top ID: 96.72
		One align captures most of this contig: 1422027 1423276 | 1250 1 | 1250 1250 | 96.72 | Bacteroides_finegoldii_gi_482849993_ref_NZ_ C751466__4.0

CONTIG: C752102_62.0 (1290bp)
Top Length: 1290  Top ID: 97.0
		One align captures most of this contig: 4495250 4496551 | 1 1290 | 1302 1290 | 97.0 | Bacteroides_finegoldii_gi_482849993_ref_NZ_ C752102_62.0

CONTIG: C753498_35.0 (1396bp)
Top Length: 1396  Top ID: 96.06
		This contig has 5 significant alignments. [An ambiguously mapped contig]
		Using only first of these alignment (option --ambiguity-usage is set to "one"):
		Alignment: 4458324 4459719 | 1396 1 | 1396 1396 | 96.06 | Bacteroides_finegoldii_gi_482849993_ref_NZ_ C753498_35.0
		Skipping alignment  4468092 4469487 | 1396 1 | 1396 1396 | 96.06 | Bacteroides_finegoldii_gi_482849993_ref_NZ_ C753498_35.0
		Skipping alignment  4463534 4464929 | 1396 1 | 1396 1396 | 95.99 | Bacteroides_finegoldii_gi_482849993_ref_NZ_ C753498_35.0
		Skipping alignment  4473302 4474697 | 1396 1 | 1396 1396 | 95.99 | Bacteroides_finegoldii_gi_482849993_ref_NZ_ C753498_35.0
		Skipping alignment  4477860 4479249 | 1396 7 | 1390 1390 | 96.12 | Bacteroides_finegoldii_gi_482849993_ref_NZ_ C753498_35.0

CONTIG: C755196_63.0 (1566bp)
Top Length: 1566  Top ID: 98.72
		One align captures most of this contig: 4514247 4515812 | 1566 1 | 1566 1566 | 98.72 | Bacteroides_finegoldii_gi_482849993_ref_NZ_ C755196_63.0

CONTIG: C759894__3.0 (2269bp)
Top Length: 80  Top ID: 97.5
		This contig is partially unaligned. (Aligned 80 out of 2269 bases)
		Alignment: 4145650 4145729 | 330 251 | 80 80 | 97.5 | Bacteroides_finegoldii_gi_482849993_ref_NZ_ C759894__3.0
		Unaligned bases: 1 to 250 (250)
		Unaligned bases: 331 to 2269 (1939)

CONTIG: C762462_63.0 (3068bp)
Top Length: 3068  Top ID: 99.25
		One align captures most of this contig: 4519580 4522648 | 3068 1 | 3069 3068 | 99.25 | Bacteroides_finegoldii_gi_482849993_ref_NZ_ C762462_63.0

CONTIG: C763418_51.0 (3539bp)
Top Length: 3539  Top ID: 98.84
		One align captures most of this contig: 4507565 4511106 | 3539 1 | 3542 3539 | 98.84 | Bacteroides_finegoldii_gi_482849993_ref_NZ_ C763418_51.0

Analyzing coverage...
Writing SNPs into /Molly/gurevich/MetaQUAST/res_final/res_metahit_final/runs_per_reference/Bacteroides_finegoldii/contigs_reports/nucmer_output/SOAPdenovo2.used_snps
	Reference Bacteroides_finegoldii_gi_482849993_ref_NZ_: 135 total alignments. 1 total regions.
		Region: 1 to 5124109 (5124109 bp)
			START in gap: 1 to 292141 (292140 bp)
			Align 1: 292141 292351 scaffold29411__2.0 923 1133
				Gap between this and next alignment: 292351 to 300754 (8402 bp)
				Next Alignment: 300754 300871 scaffold23741__3.0 3 120

			Align 2: 300754 300871 scaffold23741__3.0 3 120
				Gap between this and next alignment: 300871 to 303768 (2896 bp)
				Next Alignment: 303768 303994 scaffold30969__2.5 226 452

			Align 3: 303768 303994 scaffold30969__2.5 226 452
				Gap between this and next alignment: 303994 to 305061 (1066 bp)
				Next Alignment: 305061 305184 scaffold39102__2.6 295 172

			Align 4: 305061 305184 scaffold39102__2.6 295 172
				Gap between this and next alignment: 305184 to 324793 (19608 bp)
				Next Alignment: 324793 325740 C745444_27.0 4 948

			Align 5: 324793 325740 C745444_27.0 4 948
				Gap between this and next alignment: 325740 to 572255 (246514 bp)
				Next Alignment: 572255 572398 scaffold47987__2.4 380 237

			Align 6: 572255 572398 scaffold47987__2.4 380 237
				Gap between this and next alignment: 572398 to 572551 (152 bp)
				Next Alignment: 572551 572782 scaffold47987__2.4 232 1

			Align 7: 572551 572782 scaffold47987__2.4 232 1
				Gap between this and next alignment: 572782 to 617788 (45005 bp)
				Next Alignment: 617788 617965 scaffold49830__1.8 1113 936

			Align 8: 617788 617965 scaffold49830__1.8 1113 936
				Gap between this and next alignment: 617965 to 618078 (112 bp)
				Next Alignment: 618078 618304 scaffold49830__1.8 934 708

			Align 9: 618078 618304 scaffold49830__1.8 934 708
				Gap between this and next alignment: 618304 to 618446 (141 bp)
				Next Alignment: 618446 618958 scaffold49830__1.8 705 193

			Align 10: 618446 618958 scaffold49830__1.8 705 193
				Gap between this and next alignment: 618958 to 693558 (74599 bp)
				Next Alignment: 693558 693642 scaffold55310__2.5 1 85

			Align 11: 693558 693642 scaffold55310__2.5 1 85
				Gap between this and next alignment: 693642 to 742162 (48519 bp)
				Next Alignment: 742162 742291 scaffold31523__2.5 1 130

			Align 12: 742162 742291 scaffold31523__2.5 1 130
				Gap between this and next alignment: 742291 to 742485 (193 bp)
				Next Alignment: 742485 742631 scaffold31523__2.5 179 325

			Align 13: 742485 742631 scaffold31523__2.5 179 325
				Gap between this and next alignment: 742631 to 742768 (136 bp)
				Next Alignment: 742768 742877 scaffold31523__2.5 327 436

			Align 14: 742768 742877 scaffold31523__2.5 327 436
				Gap between this and next alignment: 742877 to 743019 (141 bp)
				Next Alignment: 743019 743160 scaffold31523__2.5 441 582

			Align 15: 743019 743160 scaffold31523__2.5 441 582
				Gap between this and next alignment: 743160 to 743328 (167 bp)
				Next Alignment: 743328 743530 scaffold31523__2.5 597 799

			Align 16: 743328 743530 scaffold31523__2.5 597 799
				Gap between this and next alignment: 743530 to 743697 (166 bp)
				Next Alignment: 743697 744131 scaffold31523__2.5 815 1249

			Align 17: 743697 744131 scaffold31523__2.5 815 1249
				Gap between this and next alignment: 744131 to 744688 (556 bp)
				Next Alignment: 744688 744828 scaffold37044__2.4 1 141

			Align 18: 744688 744828 scaffold37044__2.4 1 141
				Gap between this and next alignment: 744828 to 745364 (535 bp)
				Next Alignment: 745364 745492 scaffold37044__2.4 384 512

			Align 19: 745364 745492 scaffold37044__2.4 384 512
				Gap between this and next alignment: 745492 to 746200 (707 bp)
				Next Alignment: 746200 746357 scaffold19620__3.0 692 535

			Align 20: 746200 746357 scaffold19620__3.0 692 535
				Gap between this and next alignment: 746357 to 746488 (130 bp)
				Next Alignment: 746488 746692 scaffold19620__3.0 533 329

			Align 21: 746488 746692 scaffold19620__3.0 533 329
				Gap between this and next alignment: 746692 to 746857 (164 bp)
				Next Alignment: 746857 746989 scaffold19620__3.0 318 186

			Align 22: 746857 746989 scaffold19620__3.0 318 186
				Gap between this and next alignment: 746989 to 747204 (214 bp)
				Next Alignment: 747204 747318 scaffold19620__3.0 115 1

			Align 23: 747204 747318 scaffold19620__3.0 115 1
				Gap between this and next alignment: 747318 to 1156316 (408997 bp)
				Next Alignment: 1156316 1156500 scaffold30563__2.7 531 347

			Align 24: 1156316 1156500 scaffold30563__2.7 531 347
				Gap between this and next alignment: 1156500 to 1157046 (545 bp)
				Next Alignment: 1157046 1157142 scaffold30563__2.7 97 1

			Align 25: 1157046 1157142 scaffold30563__2.7 97 1
				Gap between this and next alignment: 1157142 to 1194117 (36974 bp)
				Next Alignment: 1194117 1194414 scaffold55897__2.3 298 1

			Align 26: 1194117 1194414 scaffold55897__2.3 298 1
				Gap between this and next alignment: 1194414 to 1312973 (118558 bp)
				Next Alignment: 1312973 1313188 scaffold45264__2.7 476 691

			Align 27: 1312973 1313188 scaffold45264__2.7 476 691
				Gap between this and next alignment: 1313188 to 1313407 (218 bp)
				Next Alignment: 1313407 1313549 scaffold45264__2.7 772 914

			Align 28: 1313407 1313549 scaffold45264__2.7 772 914
				Gap between this and next alignment: 1313549 to 1321102 (7552 bp)
				Next Alignment: 1321102 1321371 scaffold27733__2.8 1 270

			Align 29: 1321102 1321371 scaffold27733__2.8 1 270
				Gap between this and next alignment: 1321371 to 1422027 (100655 bp)
				Next Alignment: 1422027 1423276 C751466__4.0 1250 1

			Align 30: 1422027 1423276 C751466__4.0 1250 1
				Gap between this and next alignment: 1423276 to 1452544 (29267 bp)
				Next Alignment: 1452544 1452720 scaffold48717__2.3 4 180

			Align 31: 1452544 1452720 scaffold48717__2.3 4 180
				Gap between this and next alignment: 1452720 to 1452856 (135 bp)
				Next Alignment: 1452856 1453196 scaffold48717__2.3 182 522

			Align 32: 1452856 1453196 scaffold48717__2.3 182 522
				Gap between this and next alignment: 1453196 to 1459992 (6795 bp)
				Next Alignment: 1459992 1460102 scaffold24991__3.3 213 323

			Align 33: 1459992 1460102 scaffold24991__3.3 213 323
				Gap between this and next alignment: 1460102 to 1460349 (246 bp)
				Next Alignment: 1460349 1460492 scaffold24991__3.3 421 564

			Align 34: 1460349 1460492 scaffold24991__3.3 421 564
				Gap between this and next alignment: 1460492 to 1661603 (201110 bp)
				Next Alignment: 1661603 1661852 scaffold50786__2.6 540 291

			Align 35: 1661603 1661852 scaffold50786__2.6 540 291
				Gap between this and next alignment: 1661852 to 1662089 (236 bp)
				Next Alignment: 1662089 1662284 scaffold50786__2.6 196 1

			Align 36: 1662089 1662284 scaffold50786__2.6 196 1
				Gap between this and next alignment: 1662284 to 1965521 (303236 bp)
				Next Alignment: 1965521 1965760 scaffold53951__3.5 1 240

			Align 37: 1965521 1965760 scaffold53951__3.5 1 240
				Gap between this and next alignment: 1965760 to 2091821 (126060 bp)
				Next Alignment: 2091821 2092553 scaffold4882__2.4 494 1226

			Align 38: 2091821 2092553 scaffold4882__2.4 494 1226
				Gap between this and next alignment: 2092553 to 2215073 (122519 bp)
				Next Alignment: 2215073 2215737 C733818_15.0 1 665

			Align 39: 2215073 2215737 C733818_15.0 1 665
				Gap between this and next alignment: 2215737 to 2252509 (36771 bp)
				Next Alignment: 2252509 2252619 scaffold24591__3.2 928 1038

			Align 40: 2252509 2252619 scaffold24591__3.2 928 1038
				Gap between this and next alignment: 2252619 to 2257485 (4865 bp)
				Next Alignment: 2257485 2257589 scaffold32370__2.0 132 28

			Align 41: 2257485 2257589 scaffold32370__2.0 132 28
				Gap between this and next alignment: 2257589 to 2780647 (523057 bp)
				Next Alignment: 2780647 2780769 scaffold27002__3.6 673 551

			Align 42: 2780647 2780769 scaffold27002__3.6 673 551
				Gap between this and next alignment: 2780769 to 2895711 (114941 bp)
				Next Alignment: 2895711 2895815 scaffold7417__2.4 105 1

			Align 43: 2895711 2895815 scaffold7417__2.4 105 1
				Gap between this and next alignment: 2895815 to 3036120 (140304 bp)
				Next Alignment: 3036120 3036833 C736686_12.0 1 714

			Align 44: 3036120 3036833 C736686_12.0 1 714
				Gap between this and next alignment: 3036833 to 3037224 (390 bp)
				Next Alignment: 3037224 3037985 C738968_13.0 762 1

			Align 45: 3037224 3037985 C738968_13.0 762 1
				Gap between this and next alignment: 3037985 to 3038579 (593 bp)
				Next Alignment: 3038579 3038688 scaffold13339__5.6 1 110

			Align 46: 3038579 3038688 scaffold13339__5.6 1 110
				Gap between this and next alignment: 3038688 to 3038954 (265 bp)
				Next Alignment: 3038954 3039044 scaffold13339__5.6 218 308

			Align 47: 3038954 3039044 scaffold13339__5.6 218 308
				Gap between this and next alignment: 3039044 to 3039170 (125 bp)
				Next Alignment: 3039170 3039327 scaffold13339__5.6 310 467

			Align 48: 3039170 3039327 scaffold13339__5.6 310 467
				Gap between this and next alignment: 3039327 to 3039543 (215 bp)
				Next Alignment: 3039543 3039643 scaffold13339__5.6 539 639

			Align 49: 3039543 3039643 scaffold13339__5.6 539 639
				Gap between this and next alignment: 3039643 to 3040707 (1063 bp)
				Next Alignment: 3040707 3041255 C724750_10.0 1 549

			Align 50: 3040707 3041255 C724750_10.0 1 549
				Gap between this and next alignment: 3041255 to 3052058 (10802 bp)
				Next Alignment: 3052058 3053001 C745356__6.0 1 945

			Align 51: 3052058 3053001 C745356__6.0 1 945
				Gap between this and next alignment: 3053001 to 3053855 (853 bp)
				Next Alignment: 3053855 3054091 scaffold895__7.2 894 1130

			Align 52: 3053855 3054091 scaffold895__7.2 894 1130
				Gap between this and next alignment: 3054091 to 3054223 (131 bp)
				Next Alignment: 3054223 3054337 scaffold895__7.2 1132 1246

			Align 53: 3054223 3054337 scaffold895__7.2 1132 1246
				Negative gap (overlap) between this and next alignment: 3054337 to 3054335 (-2 bp)
				Next Alignment: 3054335 3054876 C723988_10.0 542 1

			Previous gap was negative, modifying coordinates to ignore overlap
				Moving contig start from 542 to 539.
			Align 54: 3054338 3054876 C723988_10.0 539 1
				Gap between this and next alignment: 3054876 to 3059914 (5037 bp)
				Next Alignment: 3059914 3060705 C740262__9.0 792 1

			Align 55: 3059914 3060705 C740262__9.0 792 1
				Gap between this and next alignment: 3060705 to 3062553 (1847 bp)
				Next Alignment: 3062553 3062674 scaffold7580__5.6 403 524

			Align 56: 3062553 3062674 scaffold7580__5.6 403 524
				Gap between this and next alignment: 3062674 to 3062903 (228 bp)
				Next Alignment: 3062903 3063059 scaffold7580__5.6 602 758

			Align 57: 3062903 3063059 scaffold7580__5.6 602 758
				Gap between this and next alignment: 3063059 to 3067973 (4913 bp)
				Next Alignment: 3067973 3068179 scaffold7845__4.3 124 330

			Align 58: 3067973 3068179 scaffold7845__4.3 124 330
				Gap between this and next alignment: 3068179 to 3068456 (276 bp)
				Next Alignment: 3068456 3068581 scaffold7845__4.3 461 586

			Align 59: 3068456 3068581 scaffold7845__4.3 461 586
				Gap between this and next alignment: 3068581 to 3072712 (4130 bp)
				Next Alignment: 3072712 3073495 C739924__8.0 784 1

			Align 60: 3072712 3073495 C739924__8.0 784 1
				Gap between this and next alignment: 3073495 to 3074079 (583 bp)
				Next Alignment: 3074079 3074701 C730818_13.0 1 623

			Align 61: 3074079 3074701 C730818_13.0 1 623
				Gap between this and next alignment: 3074701 to 3077425 (2723 bp)
				Next Alignment: 3077425 3077754 scaffold44080__3.8 2052 1723

			Align 62: 3077425 3077754 scaffold44080__3.8 2052 1723
				Gap between this and next alignment: 3077754 to 3078422 (667 bp)
				Next Alignment: 3078422 3079117 C735696__4.0 1 696

			Align 63: 3078422 3079117 C735696__4.0 1 696
				Gap between this and next alignment: 3079117 to 3311578 (232460 bp)
				Next Alignment: 3311578 3311897 scaffold44120__3.3 554 235

			Align 64: 3311578 3311897 scaffold44120__3.3 554 235
				Gap between this and next alignment: 3311897 to 3312114 (216 bp)
				Next Alignment: 3312114 3312273 scaffold44120__3.3 160 1

			Align 65: 3312114 3312273 scaffold44120__3.3 160 1
				Gap between this and next alignment: 3312273 to 3544780 (232506 bp)
				Next Alignment: 3544780 3545501 scaffold56991__3.0 1164 443

			Align 66: 3544780 3545501 scaffold56991__3.0 1164 443
				Gap between this and next alignment: 3545501 to 3545707 (205 bp)
				Next Alignment: 3545707 3546095 scaffold56991__3.0 389 1

			Align 67: 3545707 3546095 scaffold56991__3.0 389 1
				Gap between this and next alignment: 3546095 to 3547681 (1585 bp)
				Next Alignment: 3547681 3547779 scaffold3343__3.9 1066 1164

			Align 68: 3547681 3547779 scaffold3343__3.9 1066 1164
				Gap between this and next alignment: 3547779 to 3560479 (12699 bp)
				Next Alignment: 3560479 3560606 scaffold30951__3.8 2 129

			Align 69: 3560479 3560606 scaffold30951__3.8 2 129
				Gap between this and next alignment: 3560606 to 3673344 (112737 bp)
				Next Alignment: 3673344 3673546 scaffold51543__2.3 203 1

			Align 70: 3673344 3673546 scaffold51543__2.3 203 1
				Gap between this and next alignment: 3673546 to 3704131 (30584 bp)
				Next Alignment: 3704131 3704222 scaffold1787__3.5 575 484

			Align 71: 3704131 3704222 scaffold1787__3.5 575 484
				Gap between this and next alignment: 3704222 to 3704416 (193 bp)
				Next Alignment: 3704416 3704532 scaffold1787__3.5 442 326

			Align 72: 3704416 3704532 scaffold1787__3.5 442 326
				Gap between this and next alignment: 3704532 to 3704683 (150 bp)
				Next Alignment: 3704683 3704846 scaffold1787__3.5 323 160

			Align 73: 3704683 3704846 scaffold1787__3.5 323 160
				Gap between this and next alignment: 3704846 to 3704914 (67 bp)
				Next Alignment: 3704914 3704981 scaffold50218__1.9 767 700

			Align 74: 3704914 3704981 scaffold50218__1.9 767 700
				Gap between this and next alignment: 3704981 to 3705052 (70 bp)
				Next Alignment: 3705052 3705152 scaffold1787__3.5 101 1

			Align 75: 3705052 3705152 scaffold1787__3.5 101 1
				Negative gap (overlap) between this and next alignment: 3705152 to 3705136 (-16 bp)
				Next Alignment: 3705136 3705335 scaffold50218__1.9 684 485

			Previous gap was negative, modifying coordinates to ignore overlap
				Moving contig start from 684 to 667.
			Align 76: 3705153 3705335 scaffold50218__1.9 667 485
				Gap between this and next alignment: 3705335 to 3705556 (220 bp)
				Next Alignment: 3705556 3705777 scaffold50218__1.9 414 193

			Align 77: 3705556 3705777 scaffold50218__1.9 414 193
				Gap between this and next alignment: 3705777 to 3705900 (122 bp)
				Next Alignment: 3705900 3706090 scaffold50218__1.9 191 1

			Align 78: 3705900 3706090 scaffold50218__1.9 191 1
				Gap between this and next alignment: 3706090 to 3706914 (823 bp)
				Next Alignment: 3706914 3707049 scaffold1758__3.4 511 376

			Align 79: 3706914 3707049 scaffold1758__3.4 511 376
				Gap between this and next alignment: 3707049 to 3707255 (205 bp)
				Next Alignment: 3707255 3707395 scaffold1758__3.4 320 180

			Align 80: 3707255 3707395 scaffold1758__3.4 320 180
				Gap between this and next alignment: 3707395 to 3707623 (227 bp)
				Next Alignment: 3707623 3707723 scaffold1758__3.4 101 1

			Align 81: 3707623 3707723 scaffold1758__3.4 101 1
				Gap between this and next alignment: 3707723 to 3711893 (4169 bp)
				Next Alignment: 3711893 3712011 scaffold22759__2.0 1 119

			Align 82: 3711893 3712011 scaffold22759__2.0 1 119
				Gap between this and next alignment: 3712011 to 3712269 (257 bp)
				Next Alignment: 3712269 3712600 scaffold22759__2.0 222 553

			Align 83: 3712269 3712600 scaffold22759__2.0 222 553
				Gap between this and next alignment: 3712600 to 3723214 (10613 bp)
				Next Alignment: 3723214 3723595 scaffold42827__3.0 157 536

			Align 84: 3723214 3723595 scaffold42827__3.0 157 536
				Gap between this and next alignment: 3723595 to 3723740 (144 bp)
				Next Alignment: 3723740 3723876 scaffold42827__3.0 538 674

			Align 85: 3723740 3723876 scaffold42827__3.0 538 674
				Gap between this and next alignment: 3723876 to 3779504 (55627 bp)
				Next Alignment: 3779504 3780058 C725210__3.0 555 1

			Align 86: 3779504 3780058 C725210__3.0 555 1
				Gap between this and next alignment: 3780058 to 3821293 (41234 bp)
				Next Alignment: 3821293 3821455 scaffold44925__3.6 1 163

			Align 87: 3821293 3821455 scaffold44925__3.6 1 163
				Gap between this and next alignment: 3821455 to 3821592 (136 bp)
				Next Alignment: 3821592 3822203 scaffold44925__3.6 165 776

			Align 88: 3821592 3822203 scaffold44925__3.6 165 776
				Gap between this and next alignment: 3822203 to 3842492 (20288 bp)
				Next Alignment: 3842492 3842644 scaffold42219__3.3 1 153

			Align 89: 3842492 3842644 scaffold42219__3.3 1 153
				Gap between this and next alignment: 3842644 to 3842810 (165 bp)
				Next Alignment: 3842810 3843151 scaffold42219__3.3 171 512

			Align 90: 3842810 3843151 scaffold42219__3.3 171 512
				Gap between this and next alignment: 3843151 to 3877405 (34253 bp)
				Next Alignment: 3877405 3877950 C724460__8.0 1 546

			Align 91: 3877405 3877950 C724460__8.0 1 546
				Negative gap (overlap) between this and next alignment: 3877950 to 3877923 (-27 bp)
				Next Alignment: 3877923 3878689 C739192__9.0 767 1

			Previous gap was negative, modifying coordinates to ignore overlap
				Moving contig start from 767 to 739.
			Align 92: 3877951 3878689 C739192__9.0 739 1
				Gap between this and next alignment: 3878689 to 3881852 (3162 bp)
				Next Alignment: 3881852 3882413 C725884_12.0 1 562

			Align 93: 3881852 3882413 C725884_12.0 1 562
				Gap between this and next alignment: 3882413 to 4054983 (172569 bp)
				Next Alignment: 4054983 4055120 scaffold36015__2.6 1 138

			Align 94: 4054983 4055120 scaffold36015__2.6 1 138
				Gap between this and next alignment: 4055120 to 4055320 (199 bp)
				Next Alignment: 4055320 4055816 scaffold36015__2.6 191 687

			Align 95: 4055320 4055816 scaffold36015__2.6 191 687
				Gap between this and next alignment: 4055816 to 4145650 (89833 bp)
				Next Alignment: 4145650 4145729 C759894__3.0 330 251

			Align 96: 4145650 4145729 C759894__3.0 330 251
				Gap between this and next alignment: 4145729 to 4211308 (65578 bp)
				Next Alignment: 4211308 4211852 scaffold28415__5.4 754 210

			Align 97: 4211308 4211852 scaffold28415__5.4 754 210
				Gap between this and next alignment: 4211852 to 4212079 (226 bp)
				Next Alignment: 4212079 4212202 scaffold28415__5.4 124 1

			Align 98: 4212079 4212202 scaffold28415__5.4 124 1
				Gap between this and next alignment: 4212202 to 4323929 (111726 bp)
				Next Alignment: 4323929 4324604 C734522__7.0 1 676

			Align 99: 4323929 4324604 C734522__7.0 1 676
				Gap between this and next alignment: 4324604 to 4351500 (26895 bp)
				Next Alignment: 4351500 4351655 scaffold45165__3.7 230 385

			Align 100: 4351500 4351655 scaffold45165__3.7 230 385
				Gap between this and next alignment: 4351655 to 4351833 (177 bp)
				Next Alignment: 4351833 4352087 scaffold45165__3.7 411 665

			Align 101: 4351833 4352087 scaffold45165__3.7 411 665
				Gap between this and next alignment: 4352087 to 4365110 (13022 bp)
				Next Alignment: 4365110 4365497 scaffold56986__2.7 2 389

			Align 102: 4365110 4365497 scaffold56986__2.7 2 389
				Gap between this and next alignment: 4365497 to 4365629 (131 bp)
				Next Alignment: 4365629 4366393 scaffold56986__2.7 391 1155

			Align 103: 4365629 4366393 scaffold56986__2.7 391 1155
				Gap between this and next alignment: 4366393 to 4458324 (91930 bp)
				Next Alignment: 4458324 4459719 C753498_35.0 1396 1

			Align 104: 4458324 4459719 C753498_35.0 1396 1
				Gap between this and next alignment: 4459719 to 4462360 (2640 bp)
				Next Alignment: 4462360 4462754 C751248_59.0 1232 838

			Align 105: 4462360 4462754 C751248_59.0 1232 838
				Gap between this and next alignment: 4462754 to 4462843 (88 bp)
				Next Alignment: 4462843 4463558 C751248_59.0 716 1

			Align 106: 4462843 4463558 C751248_59.0 716 1
				Gap between this and next alignment: 4463558 to 4487648 (24089 bp)
				Next Alignment: 4487648 4488639 C746530_53.0 992 1

			Align 107: 4487648 4488639 C746530_53.0 992 1
				Gap between this and next alignment: 4488639 to 4489509 (869 bp)
				Next Alignment: 4489509 4490063 C725264_50.0 555 1

			Align 108: 4489509 4490063 C725264_50.0 555 1
				Gap between this and next alignment: 4490063 to 4490457 (393 bp)
				Next Alignment: 4490457 4491374 C744550_58.0 1 918

			Align 109: 4490457 4491374 C744550_58.0 1 918
				Gap between this and next alignment: 4491374 to 4491393 (18 bp)
				Next Alignment: 4491393 4492089 C735692_58.0 696 1

			Align 110: 4491393 4492089 C735692_58.0 696 1
				Gap between this and next alignment: 4492089 to 4495250 (3160 bp)
				Next Alignment: 4495250 4496551 C752102_62.0 1 1290

			Align 111: 4495250 4496551 C752102_62.0 1 1290
				Gap between this and next alignment: 4496551 to 4505104 (8552 bp)
				Next Alignment: 4505104 4506237 C749496_59.0 1134 1

			Align 112: 4505104 4506237 C749496_59.0 1134 1
				Negative gap (overlap) between this and next alignment: 4506237 to 4506207 (-30 bp)
				Next Alignment: 4506207 4507015 C740884_52.0 809 1

			Previous gap was negative, modifying coordinates to ignore overlap
				Moving contig start from 809 to 778.
			Align 113: 4506238 4507015 C740884_52.0 778 1
				Gap between this and next alignment: 4507015 to 4507565 (549 bp)
				Next Alignment: 4507565 4511106 C763418_51.0 3539 1

			Align 114: 4507565 4511106 C763418_51.0 3539 1
				Negative gap (overlap) between this and next alignment: 4511106 to 4511080 (-26 bp)
				Next Alignment: 4511080 4511754 C734494_60.0 675 1

			Previous gap was negative, modifying coordinates to ignore overlap
				Moving contig start from 675 to 648.
			Align 115: 4511107 4511754 C734494_60.0 648 1
				Negative gap (overlap) between this and next alignment: 4511754 to 4511724 (-30 bp)
				Next Alignment: 4511724 4512523 C740542_56.0 1 800

			Previous gap was negative, modifying coordinates to ignore overlap
				Moving contig start from 1 to 32.
			Align 116: 4511755 4512523 C740542_56.0 32 800
				Negative gap (overlap) between this and next alignment: 4512523 to 4512509 (-14 bp)
				Next Alignment: 4512509 4513091 C727604_62.0 583 1

			Previous gap was negative, modifying coordinates to ignore overlap
				Moving contig start from 583 to 568.
			Align 117: 4512524 4513091 C727604_62.0 568 1
				Gap between this and next alignment: 4513091 to 4514247 (1155 bp)
				Next Alignment: 4514247 4515812 C755196_63.0 1566 1

			Align 118: 4514247 4515812 C755196_63.0 1566 1
				Negative gap (overlap) between this and next alignment: 4515812 to 4515782 (-30 bp)
				Next Alignment: 4515782 4516785 C746826_61.0 1 1004

			Previous gap was negative, modifying coordinates to ignore overlap
				Moving contig start from 1 to 32.
			Align 119: 4515813 4516785 C746826_61.0 32 1004
				Gap between this and next alignment: 4516785 to 4517922 (1136 bp)
				Next Alignment: 4517922 4519076 C749946_63.0 1 1155

			Align 120: 4517922 4519076 C749946_63.0 1 1155
				Gap between this and next alignment: 4519076 to 4519580 (503 bp)
				Next Alignment: 4519580 4522648 C762462_63.0 3068 1

			Align 121: 4519580 4522648 C762462_63.0 3068 1
				Negative gap (overlap) between this and next alignment: 4522648 to 4522620 (-28 bp)
				Next Alignment: 4522620 4523407 C740098_63.0 788 1

			Previous gap was negative, modifying coordinates to ignore overlap
				Moving contig start from 788 to 759.
			Align 122: 4522649 4523407 C740098_63.0 759 1
				Gap between this and next alignment: 4523407 to 4547914 (24506 bp)
				Next Alignment: 4547914 4548056 scaffold26295__1.3 597 455

			Align 123: 4547914 4548056 scaffold26295__1.3 597 455
				Gap between this and next alignment: 4548056 to 4666860 (118803 bp)
				Next Alignment: 4666860 4667158 scaffold56430__2.5 657 359

			Align 124: 4666860 4667158 scaffold56430__2.5 657 359
				Gap between this and next alignment: 4667158 to 4679673 (12514 bp)
				Next Alignment: 4679673 4679907 scaffold53713__2.5 1 235

			Align 125: 4679673 4679907 scaffold53713__2.5 1 235
				Gap between this and next alignment: 4679907 to 4680127 (219 bp)
				Next Alignment: 4680127 4680336 scaffold53713__2.5 310 519

			Align 126: 4680127 4680336 scaffold53713__2.5 310 519
				Gap between this and next alignment: 4680336 to 4694729 (14392 bp)
				Next Alignment: 4694729 4694860 scaffold33077__2.0 1 132

			Align 127: 4694729 4694860 scaffold33077__2.0 1 132
				Gap between this and next alignment: 4694860 to 4695030 (169 bp)
				Next Alignment: 4695030 4695421 scaffold33077__2.0 154 545

			Align 128: 4695030 4695421 scaffold33077__2.0 154 545
				Gap between this and next alignment: 4695421 to 4695574 (152 bp)
				Next Alignment: 4695574 4695706 scaffold33077__2.0 547 679

			Align 129: 4695574 4695706 scaffold33077__2.0 547 679
				Gap between this and next alignment: 4695706 to 4795512 (99805 bp)
				Next Alignment: 4795512 4795677 scaffold45686__2.8 1 166

			Align 130: 4795512 4795677 scaffold45686__2.8 1 166
				Gap between this and next alignment: 4795677 to 4797533 (1855 bp)
				Next Alignment: 4797533 4797767 scaffold49841__3.0 527 761

			Align 131: 4797533 4797767 scaffold49841__3.0 527 761
				Gap between this and next alignment: 4797767 to 4798489 (721 bp)
				Next Alignment: 4798489 4798906 scaffold21579__2.0 642 225

			Align 132: 4798489 4798906 scaffold21579__2.0 642 225
				Gap between this and next alignment: 4798906 to 4799160 (253 bp)
				Next Alignment: 4799160 4799276 scaffold21579__2.0 117 1

			Align 133: 4799160 4799276 scaffold21579__2.0 117 1
				Gap between this and next alignment: 4799276 to 4804290 (5013 bp)
				Next Alignment: 4804290 4804552 scaffold54942__2.6 3 265

			Align 134: 4804290 4804552 scaffold54942__2.6 3 265
				Gap between this and next alignment: 4804552 to 4806579 (2026 bp)
				Next Alignment: 4806579 4806930 scaffold34053__3.0 1 352

			Align 135: 4806579 4806930 scaffold34053__3.0 1 352
			END in gap: 4806930 to 5124109 (317179 bp)

Analysis is finished!
Founded SNPs were written into /Molly/gurevich/MetaQUAST/res_final/res_metahit_final/runs_per_reference/Bacteroides_finegoldii/contigs_reports/nucmer_output/SOAPdenovo2.used_snps

Results:
	Local Misassemblies: 41
	Misassemblies: 0
		Relocations: 0
		Translocations: 0
		Inversions: 0
	Fake misassemblies matched with structural variations: 0
	Misassembled Contigs: 0
	Misassembled Contig Bases: 0
	Misassemblies Inter-Contig Overlap: 0
Uncovered Regions: 0 (0)
Unaligned Contigs: 0 + 29 part
Partially Unaligned Contigs with Misassemblies: 5
Unaligned Contig Bases: 21066

Ambiguously Mapped Contigs: 1
Total Bases in Ambiguously Mapped Contigs: 1396
Note that --allow-ambiguity option was set to "one" and only first alignment per each contig was used.

	Covered Bases: 55802

	SNPs: 1108
	Insertions: 5
	Deletions: 26

	Positive Gaps: 127
		Internal Gaps:  44
		External Gaps:  83
		External Gap Total:  5059582
		External Gap Average: 60959
	Negative Gaps: 9
		Internal Overlaps:  0
		External Overlaps:  9
		External Overlaps Total: -203
		External Overlaps Average: -23
	Contigs with Redundant Alignments: 0 (0)
