Aligning contigs to reference...
	Using existing Nucmer alignments...
Parsing coords...
Loading reference...
	Loaded [Geobacillus_sp_JF8_gi_563649971_ref_NC_]
Loading SNPs...
Loading regions...
	No regions given, using whole reference.
	Total Regions: 1
	Total Region Length: 3446630
Analyzing contigs...
CONTIG: S_S1_C4223 (2780101bp)
Top Length: 2780101  Top ID: 100.0
		Marking as insignificant: 2074623 2074691 | 91481 91413 | 69 69 | 100.0 | Geobacillus_sp_JF8_gi_563649971_ref_NC_ S_S1_C4223
		Marking as insignificant: 91428 91496 | 2074676 2074608 | 69 69 | 100.0 | Geobacillus_sp_JF8_gi_563649971_ref_NC_ S_S1_C4223
		Marking as insignificant: 2811445 2811517 | 91481 91409 | 73 73 | 98.63 | Geobacillus_sp_JF8_gi_563649971_ref_NC_ S_S1_C4223
		Marking as insignificant: 2806552 2806623 | 2071210 2071281 | 72 72 | 100.0 | Geobacillus_sp_JF8_gi_563649971_ref_NC_ S_S1_C4223
		Marking as insignificant: 2071225 2071296 | 88881 88810 | 72 72 | 100.0 | Geobacillus_sp_JF8_gi_563649971_ref_NC_ S_S1_C4223
		Marking as insignificant: 88825 88896 | 2071281 2071210 | 72 72 | 100.0 | Geobacillus_sp_JF8_gi_563649971_ref_NC_ S_S1_C4223
		Marking as insignificant: 2807994 2808066 | 498464 498392 | 73 73 | 100.0 | Geobacillus_sp_JF8_gi_563649971_ref_NC_ S_S1_C4223
		Marking as insignificant: 2807994 2808066 | 68165 68093 | 73 73 | 100.0 | Geobacillus_sp_JF8_gi_563649971_ref_NC_ S_S1_C4223
		Marking as insignificant: 2806551 2806623 | 88882 88810 | 73 73 | 100.0 | Geobacillus_sp_JF8_gi_563649971_ref_NC_ S_S1_C4223
		Marking as insignificant: 2071224 2071296 | 158947 158875 | 73 73 | 100.0 | Geobacillus_sp_JF8_gi_563649971_ref_NC_ S_S1_C4223
		Marking as insignificant: 158890 158962 | 2071281 2071209 | 73 73 | 100.0 | Geobacillus_sp_JF8_gi_563649971_ref_NC_ S_S1_C4223
		Marking as insignificant: 2806552 2806625 | 158946 158873 | 74 74 | 100.0 | Geobacillus_sp_JF8_gi_563649971_ref_NC_ S_S1_C4223
		Marking as insignificant: 1677359 1677432 | 498145 498072 | 74 74 | 100.0 | Geobacillus_sp_JF8_gi_563649971_ref_NC_ S_S1_C4223
		Marking as insignificant: 498087 498160 | 1677417 1677344 | 74 74 | 100.0 | Geobacillus_sp_JF8_gi_563649971_ref_NC_ S_S1_C4223
		Marking as insignificant: 2807994 2808068 | 218992 218918 | 75 75 | 100.0 | Geobacillus_sp_JF8_gi_563649971_ref_NC_ S_S1_C4223
		Marking as insignificant: 2807992 2808066 | 158481 158407 | 75 75 | 100.0 | Geobacillus_sp_JF8_gi_563649971_ref_NC_ S_S1_C4223
		Marking as insignificant: 2071142 2071216 | 220056 219982 | 75 75 | 100.0 | Geobacillus_sp_JF8_gi_563649971_ref_NC_ S_S1_C4223
		Marking as insignificant: 219997 220071 | 2071201 2071127 | 75 75 | 100.0 | Geobacillus_sp_JF8_gi_563649971_ref_NC_ S_S1_C4223
		Marking as insignificant: 2807584 2807659 | 219097 219022 | 76 76 | 100.0 | Geobacillus_sp_JF8_gi_563649971_ref_NC_ S_S1_C4223
		Marking as insignificant: 1677357 1677432 | 12609 12534 | 76 76 | 100.0 | Geobacillus_sp_JF8_gi_563649971_ref_NC_ S_S1_C4223
		Marking as insignificant: 1677357 1677432 | 31778 31703 | 76 76 | 100.0 | Geobacillus_sp_JF8_gi_563649971_ref_NC_ S_S1_C4223
		Marking as insignificant: 31718 31793 | 1677417 1677342 | 76 76 | 100.0 | Geobacillus_sp_JF8_gi_563649971_ref_NC_ S_S1_C4223
		Marking as insignificant: 12549 12624 | 1677417 1677342 | 76 76 | 100.0 | Geobacillus_sp_JF8_gi_563649971_ref_NC_ S_S1_C4223
		Marking as insignificant: 2071139 2071216 | 496723 496646 | 78 78 | 100.0 | Geobacillus_sp_JF8_gi_563649971_ref_NC_ S_S1_C4223
		Marking as insignificant: 1732653 1732730 | 158659 158582 | 78 78 | 100.0 | Geobacillus_sp_JF8_gi_563649971_ref_NC_ S_S1_C4223
		Marking as insignificant: 496661 496738 | 2071201 2071124 | 78 78 | 100.0 | Geobacillus_sp_JF8_gi_563649971_ref_NC_ S_S1_C4223
		Marking as insignificant: 158597 158674 | 1732715 1732638 | 78 78 | 100.0 | Geobacillus_sp_JF8_gi_563649971_ref_NC_ S_S1_C4223
		Marking as insignificant: 2021558 2021636 | 584839 584761 | 79 79 | 100.0 | Geobacillus_sp_JF8_gi_563649971_ref_NC_ S_S1_C4223
		Marking as insignificant: 2021483 2021561 | 584839 584761 | 79 79 | 100.0 | Geobacillus_sp_JF8_gi_563649971_ref_NC_ S_S1_C4223
		Marking as insignificant: 2021408 2021486 | 584839 584761 | 79 79 | 100.0 | Geobacillus_sp_JF8_gi_563649971_ref_NC_ S_S1_C4223
		Marking as insignificant: 2021333 2021411 | 584839 584761 | 79 79 | 100.0 | Geobacillus_sp_JF8_gi_563649971_ref_NC_ S_S1_C4223
		Marking as insignificant: 2019715 2019793 | 584839 584761 | 79 79 | 100.0 | Geobacillus_sp_JF8_gi_563649971_ref_NC_ S_S1_C4223
		Marking as insignificant: 2019640 2019718 | 584839 584761 | 79 79 | 100.0 | Geobacillus_sp_JF8_gi_563649971_ref_NC_ S_S1_C4223
		Marking as insignificant: 1693669 1693747 | 584839 584761 | 79 79 | 100.0 | Geobacillus_sp_JF8_gi_563649971_ref_NC_ S_S1_C4223
		Marking as insignificant: 584776 584854 | 2021621 2021543 | 79 79 | 100.0 | Geobacillus_sp_JF8_gi_563649971_ref_NC_ S_S1_C4223
		Marking as insignificant: 584776 584854 | 2019778 2019700 | 79 79 | 100.0 | Geobacillus_sp_JF8_gi_563649971_ref_NC_ S_S1_C4223
		Marking as insignificant: 584776 584854 | 2019703 2019625 | 79 79 | 100.0 | Geobacillus_sp_JF8_gi_563649971_ref_NC_ S_S1_C4223
		Marking as insignificant: 584776 584854 | 1693732 1693654 | 79 79 | 100.0 | Geobacillus_sp_JF8_gi_563649971_ref_NC_ S_S1_C4223
		Marking as insignificant: 584776 584854 | 2021396 2021318 | 79 79 | 100.0 | Geobacillus_sp_JF8_gi_563649971_ref_NC_ S_S1_C4223
		Marking as insignificant: 584776 584854 | 2021546 2021468 | 79 79 | 100.0 | Geobacillus_sp_JF8_gi_563649971_ref_NC_ S_S1_C4223
		Marking as insignificant: 584776 584854 | 2021471 2021393 | 79 79 | 100.0 | Geobacillus_sp_JF8_gi_563649971_ref_NC_ S_S1_C4223
		Marking as insignificant: 2807909 2807988 | 88197 88118 | 80 80 | 100.0 | Geobacillus_sp_JF8_gi_563649971_ref_NC_ S_S1_C4223
		Marking as insignificant: 2019562 2019643 | 584842 584761 | 82 82 | 100.0 | Geobacillus_sp_JF8_gi_563649971_ref_NC_ S_S1_C4223
		Marking as insignificant: 584776 584857 | 2019628 2019547 | 82 82 | 100.0 | Geobacillus_sp_JF8_gi_563649971_ref_NC_ S_S1_C4223
		Marking as insignificant: 2019561 2019643 | 1301544 1301462 | 83 83 | 98.8 | Geobacillus_sp_JF8_gi_563649971_ref_NC_ S_S1_C4223
		Marking as insignificant: 1301477 1301559 | 2019628 2019546 | 83 83 | 98.8 | Geobacillus_sp_JF8_gi_563649971_ref_NC_ S_S1_C4223
		Marking as insignificant: 2806710 2806794 | 497535 497451 | 85 85 | 97.65 | Geobacillus_sp_JF8_gi_563649971_ref_NC_ S_S1_C4223
		Marking as insignificant: 584770 584854 | 2021701 2021618 | 85 84 | 98.82 | Geobacillus_sp_JF8_gi_563649971_ref_NC_ S_S1_C4223
		Marking as insignificant: 2021633 2021716 | 584839 584755 | 84 85 | 98.82 | Geobacillus_sp_JF8_gi_563649971_ref_NC_ S_S1_C4223
		Marking as insignificant: 1677897 1677980 | 219906 219823 | 84 84 | 100.0 | Geobacillus_sp_JF8_gi_563649971_ref_NC_ S_S1_C4223
		Marking as insignificant: 219838 219921 | 1677965 1677882 | 84 84 | 100.0 | Geobacillus_sp_JF8_gi_563649971_ref_NC_ S_S1_C4223
		Marking as insignificant: 2021548 2021636 | 1301550 1301462 | 89 89 | 100.0 | Geobacillus_sp_JF8_gi_563649971_ref_NC_ S_S1_C4223
		Marking as insignificant: 2021473 2021561 | 1301550 1301462 | 89 89 | 100.0 | Geobacillus_sp_JF8_gi_563649971_ref_NC_ S_S1_C4223
		Marking as insignificant: 2021398 2021486 | 1301550 1301462 | 89 89 | 100.0 | Geobacillus_sp_JF8_gi_563649971_ref_NC_ S_S1_C4223
		Marking as insignificant: 2019705 2019793 | 1301550 1301462 | 89 89 | 100.0 | Geobacillus_sp_JF8_gi_563649971_ref_NC_ S_S1_C4223
		Marking as insignificant: 2019630 2019718 | 1301550 1301462 | 89 89 | 100.0 | Geobacillus_sp_JF8_gi_563649971_ref_NC_ S_S1_C4223
		Marking as insignificant: 1301477 1301565 | 2021471 2021383 | 89 89 | 100.0 | Geobacillus_sp_JF8_gi_563649971_ref_NC_ S_S1_C4223
		Marking as insignificant: 1301477 1301565 | 2021546 2021458 | 89 89 | 100.0 | Geobacillus_sp_JF8_gi_563649971_ref_NC_ S_S1_C4223
		Marking as insignificant: 1301477 1301565 | 2021621 2021533 | 89 89 | 100.0 | Geobacillus_sp_JF8_gi_563649971_ref_NC_ S_S1_C4223
		Marking as insignificant: 1301477 1301565 | 2019703 2019615 | 89 89 | 100.0 | Geobacillus_sp_JF8_gi_563649971_ref_NC_ S_S1_C4223
		Marking as insignificant: 1301477 1301565 | 2019778 2019690 | 89 89 | 100.0 | Geobacillus_sp_JF8_gi_563649971_ref_NC_ S_S1_C4223
		Marking as insignificant: 1677787 1677880 | 1579306 1579213 | 94 94 | 97.87 | Geobacillus_sp_JF8_gi_563649971_ref_NC_ S_S1_C4223
		Marking as insignificant: 1579228 1579321 | 1677865 1677772 | 94 94 | 97.87 | Geobacillus_sp_JF8_gi_563649971_ref_NC_ S_S1_C4223
		Marking as insignificant: 1693739 1693837 | 322187 322090 | 99 98 | 96.97 | Geobacillus_sp_JF8_gi_563649971_ref_NC_ S_S1_C4223
		Marking as insignificant: 322105 322202 | 1693822 1693724 | 98 99 | 96.97 | Geobacillus_sp_JF8_gi_563649971_ref_NC_ S_S1_C4223
		Marking as insignificant: 1301468 1301565 | 2021704 2021608 | 98 97 | 98.98 | Geobacillus_sp_JF8_gi_563649971_ref_NC_ S_S1_C4223
		Marking as insignificant: 1430691 1430789 | 322187 322090 | 99 98 | 97.98 | Geobacillus_sp_JF8_gi_563649971_ref_NC_ S_S1_C4223
		Marking as insignificant: 322105 322202 | 1430774 1430676 | 98 99 | 97.98 | Geobacillus_sp_JF8_gi_563649971_ref_NC_ S_S1_C4223
		Marking as insignificant: 2021623 2021719 | 1301550 1301453 | 97 98 | 98.98 | Geobacillus_sp_JF8_gi_563649971_ref_NC_ S_S1_C4223
		Marking as insignificant: 3370697 3370799 | 2732556 2732658 | 103 103 | 97.09 | Geobacillus_sp_JF8_gi_563649971_ref_NC_ S_S1_C4223
		Marking as insignificant: 3080476 3080579 | 2732659 2732556 | 104 104 | 97.12 | Geobacillus_sp_JF8_gi_563649971_ref_NC_ S_S1_C4223
		Marking as insignificant: 1427468 1427573 | 924801 924696 | 106 106 | 98.11 | Geobacillus_sp_JF8_gi_563649971_ref_NC_ S_S1_C4223
		Marking as insignificant: 924711 924816 | 1427558 1427453 | 106 106 | 98.11 | Geobacillus_sp_JF8_gi_563649971_ref_NC_ S_S1_C4223
		Marking as insignificant: 2071374 2071490 | 494969 494853 | 117 117 | 96.58 | Geobacillus_sp_JF8_gi_563649971_ref_NC_ S_S1_C4223
		Marking as insignificant: 494868 494984 | 2071475 2071359 | 117 117 | 96.58 | Geobacillus_sp_JF8_gi_563649971_ref_NC_ S_S1_C4223
		Marking as insignificant: 2071374 2071490 | 94669 94553 | 117 117 | 97.44 | Geobacillus_sp_JF8_gi_563649971_ref_NC_ S_S1_C4223
		Marking as insignificant: 94568 94684 | 2071475 2071359 | 117 117 | 97.44 | Geobacillus_sp_JF8_gi_563649971_ref_NC_ S_S1_C4223
		Marking as insignificant: 1678147 1678264 | 16219 16102 | 118 118 | 99.15 | Geobacillus_sp_JF8_gi_563649971_ref_NC_ S_S1_C4223
		Marking as insignificant: 16117 16234 | 1678249 1678132 | 118 118 | 99.15 | Geobacillus_sp_JF8_gi_563649971_ref_NC_ S_S1_C4223
		Marking as insignificant: 1678145 1678264 | 94983 94864 | 120 120 | 98.33 | Geobacillus_sp_JF8_gi_563649971_ref_NC_ S_S1_C4223
		Marking as insignificant: 94879 94998 | 1678249 1678130 | 120 120 | 98.33 | Geobacillus_sp_JF8_gi_563649971_ref_NC_ S_S1_C4223
		Marking as insignificant: 1678145 1678264 | 35409 35290 | 120 120 | 99.17 | Geobacillus_sp_JF8_gi_563649971_ref_NC_ S_S1_C4223
		Marking as insignificant: 35305 35424 | 1678249 1678130 | 120 120 | 99.17 | Geobacillus_sp_JF8_gi_563649971_ref_NC_ S_S1_C4223
		Marking as insignificant: 1678144 1678264 | 225845 225725 | 121 121 | 99.17 | Geobacillus_sp_JF8_gi_563649971_ref_NC_ S_S1_C4223
		Marking as insignificant: 1678146 1678266 | 256536 256416 | 121 121 | 99.17 | Geobacillus_sp_JF8_gi_563649971_ref_NC_ S_S1_C4223
		Marking as insignificant: 256431 256551 | 1678251 1678131 | 121 121 | 99.17 | Geobacillus_sp_JF8_gi_563649971_ref_NC_ S_S1_C4223
		Marking as insignificant: 225740 225860 | 1678249 1678129 | 121 121 | 99.17 | Geobacillus_sp_JF8_gi_563649971_ref_NC_ S_S1_C4223
		Marking as insignificant: 1678144 1678268 | 158035 157911 | 125 125 | 96.8 | Geobacillus_sp_JF8_gi_563649971_ref_NC_ S_S1_C4223
		Marking as insignificant: 157926 158050 | 1678253 1678129 | 125 125 | 96.8 | Geobacillus_sp_JF8_gi_563649971_ref_NC_ S_S1_C4223
		Marking as insignificant: 1296227 1296370 | 1678272 1678130 | 144 143 | 95.14 | Geobacillus_sp_JF8_gi_563649971_ref_NC_ S_S1_C4223
		Marking as insignificant: 1678145 1678287 | 1296355 1296212 | 143 144 | 95.14 | Geobacillus_sp_JF8_gi_563649971_ref_NC_ S_S1_C4223
		Marking as insignificant: 2925567 2925716 | 2522950 2522801 | 150 150 | 100.0 | Geobacillus_sp_JF8_gi_563649971_ref_NC_ S_S1_C4223
		Marking as insignificant: 2925567 2925716 | 2610947 2610798 | 150 150 | 100.0 | Geobacillus_sp_JF8_gi_563649971_ref_NC_ S_S1_C4223
		Marking as insignificant: 2925567 2925718 | 940739 940588 | 152 152 | 100.0 | Geobacillus_sp_JF8_gi_563649971_ref_NC_ S_S1_C4223
		Marking as insignificant: 2925560 2925720 | 1507875 1507714 | 161 162 | 98.15 | Geobacillus_sp_JF8_gi_563649971_ref_NC_ S_S1_C4223
		Marking as insignificant: 2836831 2837048 | 2694251 2694468 | 218 218 | 96.79 | Geobacillus_sp_JF8_gi_563649971_ref_NC_ S_S1_C4223
		Marking as insignificant: 2836831 2837053 | 1947640 1947418 | 223 223 | 96.41 | Geobacillus_sp_JF8_gi_563649971_ref_NC_ S_S1_C4223
		Marking as insignificant: 2694257 2694483 | 1523936 1523711 | 227 226 | 96.04 | Geobacillus_sp_JF8_gi_563649971_ref_NC_ S_S1_C4223
		Marking as insignificant: 2694257 2694483 | 1947649 1947423 | 227 227 | 96.04 | Geobacillus_sp_JF8_gi_563649971_ref_NC_ S_S1_C4223
		Marking as insignificant: 1947438 1947664 | 2694468 2694242 | 227 227 | 96.04 | Geobacillus_sp_JF8_gi_563649971_ref_NC_ S_S1_C4223
		Marking as insignificant: 1523726 1523951 | 2694468 2694242 | 226 227 | 96.04 | Geobacillus_sp_JF8_gi_563649971_ref_NC_ S_S1_C4223
		Marking as insignificant: 2770290 2770546 | 1307512 1307256 | 257 257 | 99.22 | Geobacillus_sp_JF8_gi_563649971_ref_NC_ S_S1_C4223
		Marking as insignificant: 1307271 1307527 | 2770531 2770275 | 257 257 | 99.22 | Geobacillus_sp_JF8_gi_563649971_ref_NC_ S_S1_C4223
		Marking as insignificant: 1689882 1690215 | 322528 322195 | 334 334 | 95.21 | Geobacillus_sp_JF8_gi_563649971_ref_NC_ S_S1_C4223
		Marking as insignificant: 322210 322543 | 1690200 1689867 | 334 334 | 95.21 | Geobacillus_sp_JF8_gi_563649971_ref_NC_ S_S1_C4223
		Marking as insignificant: 2770196 2770546 | 1429141 1428794 | 351 348 | 97.44 | Geobacillus_sp_JF8_gi_563649971_ref_NC_ S_S1_C4223
		Marking as insignificant: 1428809 1429156 | 2770531 2770181 | 348 351 | 97.44 | Geobacillus_sp_JF8_gi_563649971_ref_NC_ S_S1_C4223
		Marking as insignificant: 2770196 2770546 | 1307954 1307604 | 351 351 | 99.43 | Geobacillus_sp_JF8_gi_563649971_ref_NC_ S_S1_C4223
		Marking as insignificant: 1307619 1307969 | 2770531 2770181 | 351 351 | 99.43 | Geobacillus_sp_JF8_gi_563649971_ref_NC_ S_S1_C4223
		Marking as insignificant: 1307528 1307969 | 322620 322179 | 442 442 | 96.15 | Geobacillus_sp_JF8_gi_563649971_ref_NC_ S_S1_C4223
		Marking as insignificant: 322194 322635 | 1307954 1307513 | 442 442 | 96.15 | Geobacillus_sp_JF8_gi_563649971_ref_NC_ S_S1_C4223
		Marking as insignificant: 2770547 2771120 | 1428026 1427453 | 574 574 | 99.3 | Geobacillus_sp_JF8_gi_563649971_ref_NC_ S_S1_C4223
		Marking as insignificant: 1427468 1428041 | 2771105 2770532 | 574 574 | 99.3 | Geobacillus_sp_JF8_gi_563649971_ref_NC_ S_S1_C4223
		Marking as insignificant: 1689306 1689880 | 1054113 1053539 | 575 575 | 99.3 | Geobacillus_sp_JF8_gi_563649971_ref_NC_ S_S1_C4223
		Marking as insignificant: 1053554 1054128 | 1689865 1689291 | 575 575 | 99.3 | Geobacillus_sp_JF8_gi_563649971_ref_NC_ S_S1_C4223
		Marking as insignificant: 2770547 2771121 | 1306488 1305914 | 575 575 | 99.65 | Geobacillus_sp_JF8_gi_563649971_ref_NC_ S_S1_C4223
		Marking as insignificant: 1305929 1306503 | 2771106 2770532 | 575 575 | 99.65 | Geobacillus_sp_JF8_gi_563649971_ref_NC_ S_S1_C4223
		Marking as insignificant: 3143460 3144292 | 319640 318808 | 833 833 | 99.28 | Geobacillus_sp_JF8_gi_563649971_ref_NC_ S_S1_C4223
		Marking as insignificant: 2770212 2771120 | 1690200 1689292 | 909 909 | 98.57 | Geobacillus_sp_JF8_gi_563649971_ref_NC_ S_S1_C4223
		Marking as insignificant: 1689307 1690215 | 2771105 2770197 | 909 909 | 98.57 | Geobacillus_sp_JF8_gi_563649971_ref_NC_ S_S1_C4223
		Marking as insignificant: 1427468 1428844 | 1054112 1052742 | 1377 1371 | 98.77 | Geobacillus_sp_JF8_gi_563649971_ref_NC_ S_S1_C4223
		Marking as insignificant: 1305930 1307306 | 1054112 1052742 | 1377 1371 | 98.84 | Geobacillus_sp_JF8_gi_563649971_ref_NC_ S_S1_C4223
		Marking as insignificant: 1052757 1054127 | 1428829 1427453 | 1371 1377 | 98.77 | Geobacillus_sp_JF8_gi_563649971_ref_NC_ S_S1_C4223
		Marking as insignificant: 1052757 1054127 | 1307291 1305915 | 1371 1377 | 98.84 | Geobacillus_sp_JF8_gi_563649971_ref_NC_ S_S1_C4223
		Marking as insignificant: 3027772 3029267 | 1303032 1301537 | 1496 1496 | 99.93 | Geobacillus_sp_JF8_gi_563649971_ref_NC_ S_S1_C4223
		Marking as insignificant: 1305930 1307527 | 323870 322273 | 1598 1598 | 95.81 | Geobacillus_sp_JF8_gi_563649971_ref_NC_ S_S1_C4223
		Marking as insignificant: 322288 323885 | 1307512 1305915 | 1598 1598 | 95.81 | Geobacillus_sp_JF8_gi_563649971_ref_NC_ S_S1_C4223
		Marking as insignificant: 3027721 3029267 | 2019775 2021321 | 1547 1547 | 100.0 | Geobacillus_sp_JF8_gi_563649971_ref_NC_ S_S1_C4223
		Marking as insignificant: 3027718 3029271 | 1429135 1430688 | 1554 1554 | 99.68 | Geobacillus_sp_JF8_gi_563649971_ref_NC_ S_S1_C4223
		Marking as insignificant: 3027718 3029267 | 1692108 1693657 | 1550 1550 | 100.0 | Geobacillus_sp_JF8_gi_563649971_ref_NC_ S_S1_C4223
		Marking as insignificant: 2811669 2813248 | 12456 10877 | 1580 1580 | 99.3 | Geobacillus_sp_JF8_gi_563649971_ref_NC_ S_S1_C4223
		Marking as insignificant: 2811669 2813248 | 31625 30045 | 1580 1581 | 99.3 | Geobacillus_sp_JF8_gi_563649971_ref_NC_ S_S1_C4223
		Marking as insignificant: 2019841 2021411 | 1303032 1301462 | 1571 1571 | 99.94 | Geobacillus_sp_JF8_gi_563649971_ref_NC_ S_S1_C4223
		Marking as insignificant: 1301477 1303047 | 2021396 2019826 | 1571 1571 | 99.94 | Geobacillus_sp_JF8_gi_563649971_ref_NC_ S_S1_C4223
		Marking as insignificant: 2074847 2076426 | 12456 10877 | 1580 1580 | 99.68 | Geobacillus_sp_JF8_gi_563649971_ref_NC_ S_S1_C4223
		Marking as insignificant: 30060 31640 | 2076411 2074832 | 1581 1580 | 99.68 | Geobacillus_sp_JF8_gi_563649971_ref_NC_ S_S1_C4223
		Marking as insignificant: 10892 12471 | 2076411 2074832 | 1580 1580 | 99.68 | Geobacillus_sp_JF8_gi_563649971_ref_NC_ S_S1_C4223
		Marking as insignificant: 2074847 2076426 | 31625 30045 | 1580 1581 | 99.68 | Geobacillus_sp_JF8_gi_563649971_ref_NC_ S_S1_C4223
		Marking as insignificant: 2811655 2813248 | 491551 489958 | 1594 1594 | 99.31 | Geobacillus_sp_JF8_gi_563649971_ref_NC_ S_S1_C4223
		Marking as insignificant: 2074833 2076426 | 491551 489958 | 1594 1594 | 99.62 | Geobacillus_sp_JF8_gi_563649971_ref_NC_ S_S1_C4223
		Marking as insignificant: 489973 491566 | 2076411 2074818 | 1594 1594 | 99.62 | Geobacillus_sp_JF8_gi_563649971_ref_NC_ S_S1_C4223
		Marking as insignificant: 322194 323885 | 1429141 1427453 | 1692 1689 | 95.45 | Geobacillus_sp_JF8_gi_563649971_ref_NC_ S_S1_C4223
		Marking as insignificant: 1427468 1429156 | 323870 322179 | 1689 1692 | 95.45 | Geobacillus_sp_JF8_gi_563649971_ref_NC_ S_S1_C4223
		Marking as insignificant: 2811655 2813326 | 1292840 1291173 | 1672 1668 | 98.33 | Geobacillus_sp_JF8_gi_563649971_ref_NC_ S_S1_C4223
		Marking as insignificant: 2074833 2076504 | 1292840 1291172 | 1672 1669 | 98.56 | Geobacillus_sp_JF8_gi_563649971_ref_NC_ S_S1_C4223
		Marking as insignificant: 1291187 1292855 | 2076489 2074818 | 1669 1672 | 98.56 | Geobacillus_sp_JF8_gi_563649971_ref_NC_ S_S1_C4223
		Marking as insignificant: 2811648 2813313 | 253109 251446 | 1666 1664 | 99.4 | Geobacillus_sp_JF8_gi_563649971_ref_NC_ S_S1_C4223
		Marking as insignificant: 2074826 2076493 | 253109 251444 | 1668 1666 | 99.4 | Geobacillus_sp_JF8_gi_563649971_ref_NC_ S_S1_C4223
		Marking as insignificant: 1301385 1303047 | 1693822 1692162 | 1663 1661 | 99.76 | Geobacillus_sp_JF8_gi_563649971_ref_NC_ S_S1_C4223
		Marking as insignificant: 251459 253124 | 2076478 2074811 | 1666 1668 | 99.4 | Geobacillus_sp_JF8_gi_563649971_ref_NC_ S_S1_C4223
		Marking as insignificant: 1692177 1693837 | 1303032 1301370 | 1661 1663 | 99.76 | Geobacillus_sp_JF8_gi_563649971_ref_NC_ S_S1_C4223
		Marking as insignificant: 2074658 2076427 | 91245 89476 | 1770 1770 | 99.21 | Geobacillus_sp_JF8_gi_563649971_ref_NC_ S_S1_C4223
		Marking as insignificant: 89491 91260 | 2076412 2074643 | 1770 1770 | 99.21 | Geobacillus_sp_JF8_gi_563649971_ref_NC_ S_S1_C4223
		Marking as insignificant: 2811480 2813249 | 91245 89476 | 1770 1770 | 99.55 | Geobacillus_sp_JF8_gi_563649971_ref_NC_ S_S1_C4223
		Marking as insignificant: 3121008 3122787 | 2012610 2014391 | 1780 1782 | 99.21 | Geobacillus_sp_JF8_gi_563649971_ref_NC_ S_S1_C4223
		Marking as insignificant: 3121009 3122789 | 1308002 1309784 | 1781 1783 | 99.21 | Geobacillus_sp_JF8_gi_563649971_ref_NC_ S_S1_C4223
		Marking as insignificant: 3121008 3122787 | 923442 921661 | 1780 1782 | 99.27 | Geobacillus_sp_JF8_gi_563649971_ref_NC_ S_S1_C4223
		Marking as insignificant: 3121007 3122786 | 1420714 1418933 | 1780 1782 | 99.27 | Geobacillus_sp_JF8_gi_563649971_ref_NC_ S_S1_C4223
		Marking as insignificant: 3121007 3122786 | 2278275 2280056 | 1780 1782 | 99.27 | Geobacillus_sp_JF8_gi_563649971_ref_NC_ S_S1_C4223
		Marking as insignificant: 3121007 3122787 | 2576997 2578779 | 1781 1783 | 99.27 | Geobacillus_sp_JF8_gi_563649971_ref_NC_ S_S1_C4223
		Marking as insignificant: 3121007 3122784 | 1399862 1398083 | 1778 1780 | 99.49 | Geobacillus_sp_JF8_gi_563649971_ref_NC_ S_S1_C4223
		Marking as insignificant: 2012625 2014401 | 1399861 1398085 | 1777 1777 | 99.66 | Geobacillus_sp_JF8_gi_563649971_ref_NC_ S_S1_C4223
		Marking as insignificant: 1398100 1399876 | 2014386 2012610 | 1777 1777 | 99.66 | Geobacillus_sp_JF8_gi_563649971_ref_NC_ S_S1_C4223
		Marking as insignificant: 2012625 2014405 | 1304807 1303027 | 1781 1781 | 99.49 | Geobacillus_sp_JF8_gi_563649971_ref_NC_ S_S1_C4223
		Marking as insignificant: 1303042 1304822 | 2014390 2012610 | 1781 1781 | 99.49 | Geobacillus_sp_JF8_gi_563649971_ref_NC_ S_S1_C4223
		Marking as insignificant: 3121005 3122786 | 1304810 1303027 | 1782 1784 | 99.38 | Geobacillus_sp_JF8_gi_563649971_ref_NC_ S_S1_C4223
		Marking as insignificant: 2826885 2828663 | 1399861 1398083 | 1779 1779 | 99.66 | Geobacillus_sp_JF8_gi_563649971_ref_NC_ S_S1_C4223
		Marking as insignificant: 3131626 3133406 | 1303027 1304807 | 1781 1781 | 99.55 | Geobacillus_sp_JF8_gi_563649971_ref_NC_ S_S1_C4223
		Marking as insignificant: 2826885 2828665 | 1304807 1303027 | 1781 1781 | 99.55 | Geobacillus_sp_JF8_gi_563649971_ref_NC_ S_S1_C4223
		Marking as insignificant: 1308017 1309796 | 1304806 1303027 | 1780 1780 | 99.61 | Geobacillus_sp_JF8_gi_563649971_ref_NC_ S_S1_C4223
		Marking as insignificant: 1303042 1304821 | 1309781 1308002 | 1780 1780 | 99.61 | Geobacillus_sp_JF8_gi_563649971_ref_NC_ S_S1_C4223
		Marking as insignificant: 2577012 2578793 | 1304808 1303027 | 1782 1782 | 99.55 | Geobacillus_sp_JF8_gi_563649971_ref_NC_ S_S1_C4223
		Marking as insignificant: 2278290 2280071 | 1304808 1303027 | 1782 1782 | 99.55 | Geobacillus_sp_JF8_gi_563649971_ref_NC_ S_S1_C4223
		Marking as insignificant: 1303042 1304823 | 2578778 2576997 | 1782 1782 | 99.55 | Geobacillus_sp_JF8_gi_563649971_ref_NC_ S_S1_C4223
		Marking as insignificant: 1303042 1304823 | 2280056 2278275 | 1782 1782 | 99.55 | Geobacillus_sp_JF8_gi_563649971_ref_NC_ S_S1_C4223
		Marking as insignificant: 1308012 1309794 | 1399864 1398083 | 1783 1782 | 99.66 | Geobacillus_sp_JF8_gi_563649971_ref_NC_ S_S1_C4223
		Marking as insignificant: 1398098 1399879 | 1309779 1307997 | 1782 1783 | 99.66 | Geobacillus_sp_JF8_gi_563649971_ref_NC_ S_S1_C4223
		Marking as insignificant: 3131624 3133406 | 1398078 1399861 | 1783 1784 | 99.61 | Geobacillus_sp_JF8_gi_563649971_ref_NC_ S_S1_C4223
		Marking as insignificant: 2278286 2280069 | 1399866 1398083 | 1784 1784 | 99.66 | Geobacillus_sp_JF8_gi_563649971_ref_NC_ S_S1_C4223
		Marking as insignificant: 1398098 1399881 | 2280054 2278271 | 1784 1784 | 99.66 | Geobacillus_sp_JF8_gi_563649971_ref_NC_ S_S1_C4223
		Marking as insignificant: 3131625 3133405 | 1309782 1308002 | 1781 1781 | 99.83 | Geobacillus_sp_JF8_gi_563649971_ref_NC_ S_S1_C4223
		Marking as insignificant: 2577011 2578795 | 1399863 1398079 | 1785 1785 | 99.61 | Geobacillus_sp_JF8_gi_563649971_ref_NC_ S_S1_C4223
		Marking as insignificant: 1398094 1399878 | 2578780 2576996 | 1785 1785 | 99.61 | Geobacillus_sp_JF8_gi_563649971_ref_NC_ S_S1_C4223
		Marking as insignificant: 3131625 3133406 | 2578779 2576998 | 1782 1782 | 99.78 | Geobacillus_sp_JF8_gi_563649971_ref_NC_ S_S1_C4223
		Marking as insignificant: 1418948 1420727 | 1309781 1308002 | 1780 1780 | 99.94 | Geobacillus_sp_JF8_gi_563649971_ref_NC_ S_S1_C4223
		Marking as insignificant: 1308017 1309796 | 1420712 1418933 | 1780 1780 | 99.94 | Geobacillus_sp_JF8_gi_563649971_ref_NC_ S_S1_C4223
		Marking as insignificant: 3131626 3133406 | 2280056 2278276 | 1781 1781 | 99.89 | Geobacillus_sp_JF8_gi_563649971_ref_NC_ S_S1_C4223
		Marking as insignificant: 2012625 2014405 | 1420713 1418933 | 1781 1781 | 99.94 | Geobacillus_sp_JF8_gi_563649971_ref_NC_ S_S1_C4223
		Marking as insignificant: 1418948 1420728 | 2014390 2012610 | 1781 1781 | 99.94 | Geobacillus_sp_JF8_gi_563649971_ref_NC_ S_S1_C4223
		Marking as insignificant: 1308017 1309797 | 923441 921661 | 1781 1781 | 99.94 | Geobacillus_sp_JF8_gi_563649971_ref_NC_ S_S1_C4223
		Marking as insignificant: 921676 923456 | 1309782 1308002 | 1781 1781 | 99.94 | Geobacillus_sp_JF8_gi_563649971_ref_NC_ S_S1_C4223
		Marking as insignificant: 2577012 2578793 | 1420714 1418933 | 1782 1782 | 99.89 | Geobacillus_sp_JF8_gi_563649971_ref_NC_ S_S1_C4223
		Marking as insignificant: 1418948 1420729 | 2578778 2576997 | 1782 1782 | 99.89 | Geobacillus_sp_JF8_gi_563649971_ref_NC_ S_S1_C4223
		Marking as insignificant: 2826885 2828665 | 2278276 2280056 | 1781 1781 | 100.0 | Geobacillus_sp_JF8_gi_563649971_ref_NC_ S_S1_C4223
		Marking as insignificant: 2826885 2828665 | 1420713 1418933 | 1781 1781 | 100.0 | Geobacillus_sp_JF8_gi_563649971_ref_NC_ S_S1_C4223
		Marking as insignificant: 2278291 2280071 | 923442 921662 | 1781 1781 | 100.0 | Geobacillus_sp_JF8_gi_563649971_ref_NC_ S_S1_C4223
		Marking as insignificant: 921677 923457 | 2280056 2278276 | 1781 1781 | 100.0 | Geobacillus_sp_JF8_gi_563649971_ref_NC_ S_S1_C4223
		Marking as insignificant: 3131625 3133407 | 921661 923443 | 1783 1783 | 99.89 | Geobacillus_sp_JF8_gi_563649971_ref_NC_ S_S1_C4223
		Marking as insignificant: 2826886 2828668 | 1308002 1309784 | 1783 1783 | 99.94 | Geobacillus_sp_JF8_gi_563649971_ref_NC_ S_S1_C4223
		Marking as insignificant: 2826884 2828666 | 2012609 2014391 | 1783 1783 | 99.94 | Geobacillus_sp_JF8_gi_563649971_ref_NC_ S_S1_C4223
		Marking as insignificant: 2012624 2014406 | 923443 921661 | 1783 1783 | 99.94 | Geobacillus_sp_JF8_gi_563649971_ref_NC_ S_S1_C4223
		Marking as insignificant: 921676 923458 | 2014391 2012609 | 1783 1783 | 99.94 | Geobacillus_sp_JF8_gi_563649971_ref_NC_ S_S1_C4223
		Marking as insignificant: 2577013 2578796 | 923442 921659 | 1784 1784 | 99.89 | Geobacillus_sp_JF8_gi_563649971_ref_NC_ S_S1_C4223
		Marking as insignificant: 921674 923457 | 2578781 2576998 | 1784 1784 | 99.89 | Geobacillus_sp_JF8_gi_563649971_ref_NC_ S_S1_C4223
		Marking as insignificant: 3131623 3133408 | 2014393 2012608 | 1786 1786 | 99.83 | Geobacillus_sp_JF8_gi_563649971_ref_NC_ S_S1_C4223
		Marking as insignificant: 2278290 2280072 | 1420714 1418932 | 1783 1783 | 100.0 | Geobacillus_sp_JF8_gi_563649971_ref_NC_ S_S1_C4223
		Marking as insignificant: 1418947 1420729 | 2280057 2278275 | 1783 1783 | 100.0 | Geobacillus_sp_JF8_gi_563649971_ref_NC_ S_S1_C4223
		Marking as insignificant: 2826883 2828666 | 923444 921661 | 1784 1784 | 100.0 | Geobacillus_sp_JF8_gi_563649971_ref_NC_ S_S1_C4223
		Marking as insignificant: 3131626 3133416 | 1418933 1420722 | 1791 1790 | 99.78 | Geobacillus_sp_JF8_gi_563649971_ref_NC_ S_S1_C4223
		Marking as insignificant: 2826873 2828666 | 2576987 2578779 | 1794 1793 | 99.72 | Geobacillus_sp_JF8_gi_563649971_ref_NC_ S_S1_C4223
		Marking as insignificant: 2074658 2076491 | 222238 220407 | 1834 1832 | 98.36 | Geobacillus_sp_JF8_gi_563649971_ref_NC_ S_S1_C4223
		Marking as insignificant: 220422 222253 | 2076476 2074643 | 1832 1834 | 98.36 | Geobacillus_sp_JF8_gi_563649971_ref_NC_ S_S1_C4223
		Marking as insignificant: 2811480 2813316 | 222238 220404 | 1837 1835 | 98.42 | Geobacillus_sp_JF8_gi_563649971_ref_NC_ S_S1_C4223
		Marking as insignificant: 2074623 2076491 | 154562 152695 | 1869 1868 | 99.14 | Geobacillus_sp_JF8_gi_563649971_ref_NC_ S_S1_C4223
		Marking as insignificant: 152710 154577 | 2076476 2074608 | 1868 1869 | 99.14 | Geobacillus_sp_JF8_gi_563649971_ref_NC_ S_S1_C4223
		Marking as insignificant: 3209958 3211848 | 2097597 2095707 | 1891 1891 | 99.37 | Geobacillus_sp_JF8_gi_563649971_ref_NC_ S_S1_C4223
		Marking as insignificant: 3381123 3383012 | 1690203 1692092 | 1890 1890 | 100.0 | Geobacillus_sp_JF8_gi_563649971_ref_NC_ S_S1_C4223
		Marking as insignificant: 3375222 3377111 | 1278732 1280621 | 1890 1890 | 100.0 | Geobacillus_sp_JF8_gi_563649971_ref_NC_ S_S1_C4223
		Marking as insignificant: 3375222 3377111 | 1577769 1575880 | 1890 1890 | 100.0 | Geobacillus_sp_JF8_gi_563649971_ref_NC_ S_S1_C4223
		Marking as insignificant: 3375222 3377111 | 790384 788495 | 1890 1890 | 100.0 | Geobacillus_sp_JF8_gi_563649971_ref_NC_ S_S1_C4223
		Marking as insignificant: 3223387 3225276 | 1690203 1692092 | 1890 1890 | 100.0 | Geobacillus_sp_JF8_gi_563649971_ref_NC_ S_S1_C4223
		Marking as insignificant: 1690218 1692107 | 1280621 1278732 | 1890 1890 | 100.0 | Geobacillus_sp_JF8_gi_563649971_ref_NC_ S_S1_C4223
		Marking as insignificant: 1278747 1280636 | 1692092 1690203 | 1890 1890 | 100.0 | Geobacillus_sp_JF8_gi_563649971_ref_NC_ S_S1_C4223
		Marking as insignificant: 3223387 3225277 | 1575880 1577770 | 1891 1891 | 100.0 | Geobacillus_sp_JF8_gi_563649971_ref_NC_ S_S1_C4223
		Marking as insignificant: 3223387 3225277 | 788495 790385 | 1891 1891 | 100.0 | Geobacillus_sp_JF8_gi_563649971_ref_NC_ S_S1_C4223
		Marking as insignificant: 3381122 3383013 | 1575879 1577770 | 1892 1892 | 100.0 | Geobacillus_sp_JF8_gi_563649971_ref_NC_ S_S1_C4223
		Marking as insignificant: 3223387 3225278 | 1280621 1278730 | 1892 1892 | 100.0 | Geobacillus_sp_JF8_gi_563649971_ref_NC_ S_S1_C4223
		Marking as insignificant: 1575894 1577785 | 1280622 1278731 | 1892 1892 | 100.0 | Geobacillus_sp_JF8_gi_563649971_ref_NC_ S_S1_C4223
		Marking as insignificant: 1278746 1280637 | 1577770 1575879 | 1892 1892 | 100.0 | Geobacillus_sp_JF8_gi_563649971_ref_NC_ S_S1_C4223
		Marking as insignificant: 1278746 1280638 | 790385 788493 | 1893 1893 | 100.0 | Geobacillus_sp_JF8_gi_563649971_ref_NC_ S_S1_C4223
		Marking as insignificant: 788508 790400 | 1280623 1278731 | 1893 1893 | 100.0 | Geobacillus_sp_JF8_gi_563649971_ref_NC_ S_S1_C4223
		Marking as insignificant: 3381121 3383014 | 1280623 1278730 | 1894 1894 | 100.0 | Geobacillus_sp_JF8_gi_563649971_ref_NC_ S_S1_C4223
		Marking as insignificant: 3381119 3383020 | 788491 790392 | 1902 1902 | 99.95 | Geobacillus_sp_JF8_gi_563649971_ref_NC_ S_S1_C4223
		Marking as insignificant: 3375216 3377118 | 1692098 1690196 | 1903 1903 | 100.0 | Geobacillus_sp_JF8_gi_563649971_ref_NC_ S_S1_C4223
		Marking as insignificant: 2811445 2813422 | 154562 152586 | 1978 1977 | 98.69 | Geobacillus_sp_JF8_gi_563649971_ref_NC_ S_S1_C4223
		Marking as insignificant: 2808493 2811442 | 15809 12859 | 2950 2951 | 99.63 | Geobacillus_sp_JF8_gi_563649971_ref_NC_ S_S1_C4223
		Marking as insignificant: 2808493 2811442 | 1296135 1293186 | 2950 2950 | 99.73 | Geobacillus_sp_JF8_gi_563649971_ref_NC_ S_S1_C4223
		Marking as insignificant: 2808493 2811442 | 34977 32028 | 2950 2950 | 99.76 | Geobacillus_sp_JF8_gi_563649971_ref_NC_ S_S1_C4223
		Marking as insignificant: 2808493 2811442 | 157627 154678 | 2950 2950 | 99.86 | Geobacillus_sp_JF8_gi_563649971_ref_NC_ S_S1_C4223
		Marking as insignificant: 2071671 2074620 | 1296135 1293186 | 2950 2950 | 99.86 | Geobacillus_sp_JF8_gi_563649971_ref_NC_ S_S1_C4223
		Marking as insignificant: 1293201 1296150 | 2074605 2071656 | 2950 2950 | 99.86 | Geobacillus_sp_JF8_gi_563649971_ref_NC_ S_S1_C4223
		Marking as insignificant: 2071668 2074620 | 494849 491897 | 2953 2953 | 99.9 | Geobacillus_sp_JF8_gi_563649971_ref_NC_ S_S1_C4223
		Marking as insignificant: 491912 494864 | 2074605 2071653 | 2953 2953 | 99.9 | Geobacillus_sp_JF8_gi_563649971_ref_NC_ S_S1_C4223
		Marking as insignificant: 2071659 2074620 | 94558 91597 | 2962 2962 | 99.66 | Geobacillus_sp_JF8_gi_563649971_ref_NC_ S_S1_C4223
		Marking as insignificant: 2071655 2074620 | 157639 154678 | 2966 2962 | 99.66 | Geobacillus_sp_JF8_gi_563649971_ref_NC_ S_S1_C4223
		Marking as insignificant: 91612 94573 | 2074605 2071644 | 2962 2962 | 99.66 | Geobacillus_sp_JF8_gi_563649971_ref_NC_ S_S1_C4223
		Marking as insignificant: 2071655 2074620 | 34989 32028 | 2966 2962 | 99.7 | Geobacillus_sp_JF8_gi_563649971_ref_NC_ S_S1_C4223
		Marking as insignificant: 2071655 2074620 | 15821 12859 | 2966 2963 | 99.7 | Geobacillus_sp_JF8_gi_563649971_ref_NC_ S_S1_C4223
		Marking as insignificant: 154693 157654 | 2074605 2071640 | 2962 2966 | 99.66 | Geobacillus_sp_JF8_gi_563649971_ref_NC_ S_S1_C4223
		Marking as insignificant: 32043 35004 | 2074605 2071640 | 2962 2966 | 99.7 | Geobacillus_sp_JF8_gi_563649971_ref_NC_ S_S1_C4223
		Marking as insignificant: 12874 15836 | 2074605 2071640 | 2963 2966 | 99.7 | Geobacillus_sp_JF8_gi_563649971_ref_NC_ S_S1_C4223
		Marking as insignificant: 2808493 2811476 | 225354 222371 | 2984 2984 | 99.7 | Geobacillus_sp_JF8_gi_563649971_ref_NC_ S_S1_C4223
		Marking as insignificant: 2071655 2074654 | 225366 222371 | 3000 2996 | 99.63 | Geobacillus_sp_JF8_gi_563649971_ref_NC_ S_S1_C4223
		Marking as insignificant: 2808481 2811476 | 256303 253308 | 2996 2996 | 99.67 | Geobacillus_sp_JF8_gi_563649971_ref_NC_ S_S1_C4223
		Marking as insignificant: 222386 225381 | 2074639 2071640 | 2996 3000 | 99.63 | Geobacillus_sp_JF8_gi_563649971_ref_NC_ S_S1_C4223
		Marking as insignificant: 2071648 2074654 | 256314 253308 | 3007 3007 | 99.8 | Geobacillus_sp_JF8_gi_563649971_ref_NC_ S_S1_C4223
		Marking as insignificant: 253323 256329 | 2074639 2071633 | 3007 3007 | 99.8 | Geobacillus_sp_JF8_gi_563649971_ref_NC_ S_S1_C4223
		Marking as insignificant: 2808361 2811442 | 494978 491897 | 3082 3082 | 99.64 | Geobacillus_sp_JF8_gi_563649971_ref_NC_ S_S1_C4223
		Marking as insignificant: 2808361 2811442 | 94678 91597 | 3082 3082 | 99.64 | Geobacillus_sp_JF8_gi_563649971_ref_NC_ S_S1_C4223
		Marking as insignificant: 2808481 2813313 | 2071644 2076476 | 4833 4833 | 99.46 | Geobacillus_sp_JF8_gi_563649971_ref_NC_ S_S1_C4223
		One align captures most of this contig: 16 2780116 | 1 2780101 | 2780101 2780101 | 100.0 | Geobacillus_sp_JF8_gi_563649971_ref_NC_ S_S1_C4223

CONTIG: S_S1_C20662 (39660bp)
Top Length: 788  Top ID: 96.98
		This contig is misassembled. 2 total aligns.
			Warning! This contig is more unaligned than misassembled. Contig length is 39660 and total length of all aligns is 1128
		Alignment: 3120147 3120487 | 10951 11290 | 341 340 | 96.77 | Geobacillus_sp_JF8_gi_563649971_ref_NC_ S_S1_C20662
		Alignment: 3144289 3145082 | 37871 37084 | 794 788 | 96.98 | Geobacillus_sp_JF8_gi_563649971_ref_NC_ S_S1_C20662
		Unaligned bases: 38532
		This contig has both significant aligned and unaligned parts (of length >= min-contig)! It can contain interspecies translocations
CONTIG: S_S1_C44260 (666481bp)
Top Length: 666481  Top ID: 100.0
		Marking as insignificant: 91424 91496 | 31374 31302 | 73 73 | 98.63 | Geobacillus_sp_JF8_gi_563649971_ref_NC_ S_S1_C44260
		Marking as insignificant: 2071225 2071296 | 26409 26480 | 72 72 | 100.0 | Geobacillus_sp_JF8_gi_563649971_ref_NC_ S_S1_C44260
		Marking as insignificant: 498407 498479 | 27923 27851 | 73 73 | 100.0 | Geobacillus_sp_JF8_gi_563649971_ref_NC_ S_S1_C44260
		Marking as insignificant: 88825 88897 | 26480 26408 | 73 73 | 100.0 | Geobacillus_sp_JF8_gi_563649971_ref_NC_ S_S1_C44260
		Marking as insignificant: 68108 68180 | 27923 27851 | 73 73 | 100.0 | Geobacillus_sp_JF8_gi_563649971_ref_NC_ S_S1_C44260
		Marking as insignificant: 158888 158961 | 26482 26409 | 74 74 | 100.0 | Geobacillus_sp_JF8_gi_563649971_ref_NC_ S_S1_C44260
		Marking as insignificant: 218933 219007 | 27925 27851 | 75 75 | 100.0 | Geobacillus_sp_JF8_gi_563649971_ref_NC_ S_S1_C44260
		Marking as insignificant: 158422 158496 | 27923 27849 | 75 75 | 100.0 | Geobacillus_sp_JF8_gi_563649971_ref_NC_ S_S1_C44260
		Marking as insignificant: 219037 219112 | 27516 27441 | 76 76 | 100.0 | Geobacillus_sp_JF8_gi_563649971_ref_NC_ S_S1_C44260
		Marking as insignificant: 88133 88212 | 27845 27766 | 80 80 | 100.0 | Geobacillus_sp_JF8_gi_563649971_ref_NC_ S_S1_C44260
		Marking as insignificant: 497466 497550 | 26651 26567 | 85 85 | 97.65 | Geobacillus_sp_JF8_gi_563649971_ref_NC_ S_S1_C44260
		Marking as insignificant: 2732571 2732673 | 590554 590656 | 103 103 | 97.09 | Geobacillus_sp_JF8_gi_563649971_ref_NC_ S_S1_C44260
		Marking as insignificant: 2732571 2732674 | 300436 300333 | 104 104 | 97.12 | Geobacillus_sp_JF8_gi_563649971_ref_NC_ S_S1_C44260
		Marking as insignificant: 2610813 2610962 | 145573 145424 | 150 150 | 100.0 | Geobacillus_sp_JF8_gi_563649971_ref_NC_ S_S1_C44260
		Marking as insignificant: 2522816 2522965 | 145573 145424 | 150 150 | 100.0 | Geobacillus_sp_JF8_gi_563649971_ref_NC_ S_S1_C44260
		Marking as insignificant: 940603 940754 | 145575 145424 | 152 152 | 100.0 | Geobacillus_sp_JF8_gi_563649971_ref_NC_ S_S1_C44260
		Marking as insignificant: 1507729 1507890 | 145577 145417 | 162 161 | 98.15 | Geobacillus_sp_JF8_gi_563649971_ref_NC_ S_S1_C44260
		Marking as insignificant: 2694266 2694483 | 56688 56905 | 218 218 | 96.79 | Geobacillus_sp_JF8_gi_563649971_ref_NC_ S_S1_C44260
		Marking as insignificant: 1947433 1947655 | 56910 56688 | 223 223 | 96.41 | Geobacillus_sp_JF8_gi_563649971_ref_NC_ S_S1_C44260
		Marking as insignificant: 318823 319655 | 364149 363317 | 833 833 | 99.28 | Geobacillus_sp_JF8_gi_563649971_ref_NC_ S_S1_C44260
		Marking as insignificant: 1301552 1303047 | 249124 247629 | 1496 1496 | 99.93 | Geobacillus_sp_JF8_gi_563649971_ref_NC_ S_S1_C44260
		Marking as insignificant: 2019790 2021336 | 247578 249124 | 1547 1547 | 100.0 | Geobacillus_sp_JF8_gi_563649971_ref_NC_ S_S1_C44260
		Marking as insignificant: 1429150 1430703 | 247575 249128 | 1554 1554 | 99.68 | Geobacillus_sp_JF8_gi_563649971_ref_NC_ S_S1_C44260
		Marking as insignificant: 1692123 1693672 | 247575 249124 | 1550 1550 | 100.0 | Geobacillus_sp_JF8_gi_563649971_ref_NC_ S_S1_C44260
		Marking as insignificant: 30060 31640 | 33105 31526 | 1581 1580 | 99.3 | Geobacillus_sp_JF8_gi_563649971_ref_NC_ S_S1_C44260
		Marking as insignificant: 10892 12471 | 33105 31526 | 1580 1580 | 99.3 | Geobacillus_sp_JF8_gi_563649971_ref_NC_ S_S1_C44260
		Marking as insignificant: 489973 491566 | 33105 31512 | 1594 1594 | 99.31 | Geobacillus_sp_JF8_gi_563649971_ref_NC_ S_S1_C44260
		Marking as insignificant: 1291188 1292855 | 33183 31512 | 1668 1672 | 98.33 | Geobacillus_sp_JF8_gi_563649971_ref_NC_ S_S1_C44260
		Marking as insignificant: 251461 253124 | 33170 31505 | 1664 1666 | 99.4 | Geobacillus_sp_JF8_gi_563649971_ref_NC_ S_S1_C44260
		Marking as insignificant: 89491 91222 | 33106 31375 | 1732 1732 | 99.88 | Geobacillus_sp_JF8_gi_563649971_ref_NC_ S_S1_C44260
		Marking as insignificant: 2012625 2014406 | 340865 342644 | 1782 1780 | 99.21 | Geobacillus_sp_JF8_gi_563649971_ref_NC_ S_S1_C44260
		Marking as insignificant: 1308017 1309799 | 340866 342646 | 1783 1781 | 99.21 | Geobacillus_sp_JF8_gi_563649971_ref_NC_ S_S1_C44260
		Marking as insignificant: 2278290 2280071 | 340864 342643 | 1782 1780 | 99.27 | Geobacillus_sp_JF8_gi_563649971_ref_NC_ S_S1_C44260
		Marking as insignificant: 1418948 1420729 | 342643 340864 | 1782 1780 | 99.27 | Geobacillus_sp_JF8_gi_563649971_ref_NC_ S_S1_C44260
		Marking as insignificant: 921676 923457 | 342644 340865 | 1782 1780 | 99.27 | Geobacillus_sp_JF8_gi_563649971_ref_NC_ S_S1_C44260
		Marking as insignificant: 2577012 2578794 | 340864 342644 | 1783 1781 | 99.27 | Geobacillus_sp_JF8_gi_563649971_ref_NC_ S_S1_C44260
		Marking as insignificant: 1398098 1399877 | 342641 340864 | 1780 1778 | 99.49 | Geobacillus_sp_JF8_gi_563649971_ref_NC_ S_S1_C44260
		Marking as insignificant: 3131625 3133406 | 342644 340865 | 1782 1780 | 99.38 | Geobacillus_sp_JF8_gi_563649971_ref_NC_ S_S1_C44260
		Marking as insignificant: 3121008 3122787 | 353263 351482 | 1780 1782 | 99.38 | Geobacillus_sp_JF8_gi_563649971_ref_NC_ S_S1_C44260
		Marking as insignificant: 1303042 1304825 | 342643 340862 | 1784 1782 | 99.38 | Geobacillus_sp_JF8_gi_563649971_ref_NC_ S_S1_C44260
		Marking as insignificant: 1398098 1399876 | 48520 46742 | 1779 1779 | 99.66 | Geobacillus_sp_JF8_gi_563649971_ref_NC_ S_S1_C44260
		Marking as insignificant: 1303042 1304822 | 351483 353263 | 1781 1781 | 99.55 | Geobacillus_sp_JF8_gi_563649971_ref_NC_ S_S1_C44260
		Marking as insignificant: 1303042 1304822 | 48522 46742 | 1781 1781 | 99.55 | Geobacillus_sp_JF8_gi_563649971_ref_NC_ S_S1_C44260
		Marking as insignificant: 1398093 1399876 | 351481 353263 | 1784 1783 | 99.61 | Geobacillus_sp_JF8_gi_563649971_ref_NC_ S_S1_C44260
		Marking as insignificant: 1308017 1309797 | 353262 351482 | 1781 1781 | 99.83 | Geobacillus_sp_JF8_gi_563649971_ref_NC_ S_S1_C44260
		Marking as insignificant: 2577013 2578794 | 353263 351482 | 1782 1782 | 99.78 | Geobacillus_sp_JF8_gi_563649971_ref_NC_ S_S1_C44260
		Marking as insignificant: 2278291 2280071 | 353263 351483 | 1781 1781 | 99.89 | Geobacillus_sp_JF8_gi_563649971_ref_NC_ S_S1_C44260
		Marking as insignificant: 2278291 2280071 | 46742 48522 | 1781 1781 | 100.0 | Geobacillus_sp_JF8_gi_563649971_ref_NC_ S_S1_C44260
		Marking as insignificant: 1418948 1420728 | 48522 46742 | 1781 1781 | 100.0 | Geobacillus_sp_JF8_gi_563649971_ref_NC_ S_S1_C44260
		Marking as insignificant: 3131625 3133407 | 48523 46741 | 1783 1783 | 99.89 | Geobacillus_sp_JF8_gi_563649971_ref_NC_ S_S1_C44260
		Marking as insignificant: 2826884 2828666 | 353264 351482 | 1783 1783 | 99.89 | Geobacillus_sp_JF8_gi_563649971_ref_NC_ S_S1_C44260
		Marking as insignificant: 921676 923458 | 351482 353264 | 1783 1783 | 99.89 | Geobacillus_sp_JF8_gi_563649971_ref_NC_ S_S1_C44260
		Marking as insignificant: 2012624 2014406 | 46741 48523 | 1783 1783 | 99.94 | Geobacillus_sp_JF8_gi_563649971_ref_NC_ S_S1_C44260
		Marking as insignificant: 1308017 1309799 | 46743 48525 | 1783 1783 | 99.94 | Geobacillus_sp_JF8_gi_563649971_ref_NC_ S_S1_C44260
		Marking as insignificant: 2012623 2014408 | 353265 351480 | 1786 1786 | 99.83 | Geobacillus_sp_JF8_gi_563649971_ref_NC_ S_S1_C44260
		Marking as insignificant: 921676 923459 | 48523 46740 | 1784 1784 | 100.0 | Geobacillus_sp_JF8_gi_563649971_ref_NC_ S_S1_C44260
		Marking as insignificant: 1418948 1420737 | 351483 353273 | 1790 1791 | 99.78 | Geobacillus_sp_JF8_gi_563649971_ref_NC_ S_S1_C44260
		Marking as insignificant: 2577002 2578794 | 46730 48523 | 1793 1794 | 99.72 | Geobacillus_sp_JF8_gi_563649971_ref_NC_ S_S1_C44260
		Marking as insignificant: 220419 222253 | 33173 31337 | 1835 1837 | 98.42 | Geobacillus_sp_JF8_gi_563649971_ref_NC_ S_S1_C44260
		Marking as insignificant: 3368951 3370799 | 302182 300334 | 1849 1849 | 99.57 | Geobacillus_sp_JF8_gi_563649971_ref_NC_ S_S1_C44260
		Marking as insignificant: 3080477 3082325 | 590656 588808 | 1849 1849 | 99.57 | Geobacillus_sp_JF8_gi_563649971_ref_NC_ S_S1_C44260
		Marking as insignificant: 2095722 2097612 | 431705 429815 | 1891 1891 | 99.37 | Geobacillus_sp_JF8_gi_563649971_ref_NC_ S_S1_C44260
		Marking as insignificant: 3381123 3383012 | 596968 595079 | 1890 1890 | 100.0 | Geobacillus_sp_JF8_gi_563649971_ref_NC_ S_S1_C44260
		Marking as insignificant: 3375222 3377111 | 602869 600980 | 1890 1890 | 100.0 | Geobacillus_sp_JF8_gi_563649971_ref_NC_ S_S1_C44260
		Marking as insignificant: 3375222 3377111 | 445133 443244 | 1890 1890 | 100.0 | Geobacillus_sp_JF8_gi_563649971_ref_NC_ S_S1_C44260
		Marking as insignificant: 3223387 3225276 | 596968 595079 | 1890 1890 | 100.0 | Geobacillus_sp_JF8_gi_563649971_ref_NC_ S_S1_C44260
		Marking as insignificant: 1690218 1692107 | 600980 602869 | 1890 1890 | 100.0 | Geobacillus_sp_JF8_gi_563649971_ref_NC_ S_S1_C44260
		Marking as insignificant: 1690218 1692107 | 443244 445133 | 1890 1890 | 100.0 | Geobacillus_sp_JF8_gi_563649971_ref_NC_ S_S1_C44260
		Marking as insignificant: 1575895 1577784 | 596968 595079 | 1890 1890 | 100.0 | Geobacillus_sp_JF8_gi_563649971_ref_NC_ S_S1_C44260
		Marking as insignificant: 1278747 1280636 | 595079 596968 | 1890 1890 | 100.0 | Geobacillus_sp_JF8_gi_563649971_ref_NC_ S_S1_C44260
		Marking as insignificant: 788510 790399 | 596968 595079 | 1890 1890 | 100.0 | Geobacillus_sp_JF8_gi_563649971_ref_NC_ S_S1_C44260
		Marking as insignificant: 1575895 1577785 | 443244 445134 | 1891 1891 | 100.0 | Geobacillus_sp_JF8_gi_563649971_ref_NC_ S_S1_C44260
		Marking as insignificant: 788510 790400 | 443244 445134 | 1891 1891 | 100.0 | Geobacillus_sp_JF8_gi_563649971_ref_NC_ S_S1_C44260
		Marking as insignificant: 1575894 1577785 | 600979 602870 | 1892 1892 | 100.0 | Geobacillus_sp_JF8_gi_563649971_ref_NC_ S_S1_C44260
		Marking as insignificant: 1278745 1280636 | 445135 443244 | 1892 1892 | 100.0 | Geobacillus_sp_JF8_gi_563649971_ref_NC_ S_S1_C44260
		Marking as insignificant: 1278745 1280638 | 602871 600978 | 1894 1894 | 100.0 | Geobacillus_sp_JF8_gi_563649971_ref_NC_ S_S1_C44260
		Marking as insignificant: 788506 790407 | 600976 602877 | 1902 1902 | 99.95 | Geobacillus_sp_JF8_gi_563649971_ref_NC_ S_S1_C44260
		Marking as insignificant: 1690211 1692113 | 596975 595073 | 1903 1903 | 100.0 | Geobacillus_sp_JF8_gi_563649971_ref_NC_ S_S1_C44260
		Marking as insignificant: 152601 154577 | 33279 31302 | 1977 1978 | 98.69 | Geobacillus_sp_JF8_gi_563649971_ref_NC_ S_S1_C44260
		Marking as insignificant: 12874 15824 | 31299 28350 | 2951 2950 | 99.63 | Geobacillus_sp_JF8_gi_563649971_ref_NC_ S_S1_C44260
		Marking as insignificant: 1293201 1296150 | 31299 28350 | 2950 2950 | 99.73 | Geobacillus_sp_JF8_gi_563649971_ref_NC_ S_S1_C44260
		Marking as insignificant: 32043 34992 | 31299 28350 | 2950 2950 | 99.76 | Geobacillus_sp_JF8_gi_563649971_ref_NC_ S_S1_C44260
		Marking as insignificant: 154693 157642 | 31299 28350 | 2950 2950 | 99.86 | Geobacillus_sp_JF8_gi_563649971_ref_NC_ S_S1_C44260
		Marking as insignificant: 222386 225369 | 31333 28350 | 2984 2984 | 99.7 | Geobacillus_sp_JF8_gi_563649971_ref_NC_ S_S1_C44260
		Marking as insignificant: 253323 256318 | 31333 28338 | 2996 2996 | 99.67 | Geobacillus_sp_JF8_gi_563649971_ref_NC_ S_S1_C44260
		Marking as insignificant: 491912 494993 | 31299 28218 | 3082 3082 | 99.64 | Geobacillus_sp_JF8_gi_563649971_ref_NC_ S_S1_C44260
		Marking as insignificant: 91612 94693 | 31299 28218 | 3082 3082 | 99.64 | Geobacillus_sp_JF8_gi_563649971_ref_NC_ S_S1_C44260
		Marking as insignificant: 2071659 2076491 | 28338 33170 | 4833 4833 | 99.46 | Geobacillus_sp_JF8_gi_563649971_ref_NC_ S_S1_C44260
		One align captures most of this contig: 2780144 3446624 | 1 666481 | 666481 666481 | 100.0 | Geobacillus_sp_JF8_gi_563649971_ref_NC_ S_S1_C44260

Analyzing coverage...
Writing SNPs into /Molly/gurevich/MetaQUAST/res_final/res_cami_final/runs_per_reference/Geobacillus_sp_JF8/contigs_reports/nucmer_output/Gold_Assembly.used_snps
	Reference Geobacillus_sp_JF8_gi_563649971_ref_NC_: 4 total alignments. 1 total regions.
		Region: 1 to 3446630 (3446630 bp)
			START in gap: 1 to 16 (15 bp)
			Align 1: 16 2780116 S_S1_C4223 1 2780101
				Gap between this and next alignment: 2780116 to 2780144 (27 bp)
				Next Alignment: 2780144 3446624 S_S1_C44260 1 666481

			Align 2: 2780144 3446624 S_S1_C44260 1 666481
				The next alignment (3120147 3120487 S_S1_C20662 10951 11290) is redundant. Skipping.
				The next alignment (3144289 3145082 S_S1_C20662 37871 37084) is redundant. Skipping.

Analysis is finished!
Founded SNPs were written into /Molly/gurevich/MetaQUAST/res_final/res_cami_final/runs_per_reference/Geobacillus_sp_JF8/contigs_reports/nucmer_output/Gold_Assembly.used_snps

Results:
	Local Misassemblies: 0
	Misassemblies: 0
		Relocations: 0
		Translocations: 0
		Inversions: 0
	Fake misassemblies matched with structural variations: 0
	Misassembled Contigs: 0
	Misassembled Contig Bases: 0
	Misassemblies Inter-Contig Overlap: 0
Uncovered Regions: 0 (0)
Unaligned Contigs: 0 + 1 part
Partially Unaligned Contigs with Misassemblies: 1
Unaligned Contig Bases: 38532

Ambiguously Mapped Contigs: 0
Total Bases in Ambiguously Mapped Contigs: 0
Note that --allow-ambiguity option was set to "one" and only first alignment per each contig was used.

	Covered Bases: 3446582

	SNPs: 0
	Insertions: 0
	Deletions: 0

	Positive Gaps: 2
		Internal Gaps:  0
		External Gaps:  2
		External Gap Total:  42
		External Gap Average: 21
	Negative Gaps: 0
		Internal Overlaps:  0
		External Overlaps:  0
		External Overlaps Total:  0
		External Overlaps Average: 0
	Contigs with Redundant Alignments: 1 (1135)
