glimmerhmm.c: In function 'int main(int, char**)':
glimmerhmm.c:128: warning: format '%d' expects type 'int', but argument 3 has type 'long int'
glimmerhmm.c:128: warning: format '%d' expects type 'int', but argument 3 has type 'long int'
glimmerhmm.c: In function 'long int printexon(List*, int*, int*, int*, long int, long int, long int, int*, long int, FILE*, char*, int, int*)':
glimmerhmm.c:645: warning: format '%7d' expects type 'int', but argument 7 has type 'long int'
glimmerhmm.c:645: warning: format '%7d' expects type 'int', but argument 7 has type 'long int'
glimmerhmm.c:664: warning: format '%7d' expects type 'int', but argument 7 has type 'long int'
glimmerhmm.c:664: warning: format '%7d' expects type 'int', but argument 7 has type 'long int'
glimmerhmm.c:683: warning: format '%7d' expects type 'int', but argument 7 has type 'long int'
glimmerhmm.c:683: warning: format '%7d' expects type 'int', but argument 7 has type 'long int'
glimmerhmm.c:703: warning: format '%7d' expects type 'int', but argument 7 has type 'long int'
glimmerhmm.c:703: warning: format '%7d' expects type 'int', but argument 7 has type 'long int'
glimmerhmm.c:722: warning: format '%7d' expects type 'int', but argument 7 has type 'long int'
glimmerhmm.c:722: warning: format '%7d' expects type 'int', but argument 7 has type 'long int'
glimmerhmm.c:743: warning: format '%7d' expects type 'int', but argument 7 has type 'long int'
glimmerhmm.c:743: warning: format '%7d' expects type 'int', but argument 7 has type 'long int'
glimmerhmm.c:763: warning: format '%7d' expects type 'int', but argument 7 has type 'long int'
glimmerhmm.c:763: warning: format '%7d' expects type 'int', but argument 7 has type 'long int'
glimmerhmm.c:781: warning: format '%7d' expects type 'int', but argument 7 has type 'long int'
glimmerhmm.c:781: warning: format '%7d' expects type 'int', but argument 7 has type 'long int'
graph.c: In function 'Site** graph(char*, long int, char*, long int*, char*, long int, int, char*, int, int)':
graph.c:1051: warning: format '%d' expects type 'int', but argument 3 has type 'long int'
graph.c:1051: warning: format '%d' expects type 'int', but argument 3 has type 'long int'
graph.c:1062: warning: format '%d' expects type 'int', but argument 3 has type 'long int'
graph.c:1062: warning: format '%d' expects type 'int', but argument 3 has type 'long int'
graph.c:1089: warning: format '%d' expects type 'int', but argument 3 has type 'long int'
graph.c:1089: warning: format '%d' expects type 'int', but argument 3 has type 'long int'
graph.c:1233: warning: format '%d' expects type 'int*', but argument 4 has type 'long int*'
graph.c:1233: warning: format '%d' expects type 'int*', but argument 5 has type 'long int*'
graph.c:1233: warning: format '%e' expects type 'float*', but argument 7 has type 'double*'
graph.c:1233: warning: format '%d' expects type 'int*', but argument 4 has type 'long int*'
graph.c:1233: warning: format '%d' expects type 'int*', but argument 5 has type 'long int*'
graph.c:1233: warning: format '%e' expects type 'float*', but argument 7 has type 'double*'
graph.c:2085: warning: format '%d' expects type 'int', but argument 3 has type 'long int'
graph.c:2085: warning: format '%d' expects type 'int', but argument 3 has type 'long int'
tree_util_prob.c: In function 'tree_node* read_tree(char*)':
tree_util_prob.c:64: warning: deprecated conversion from string constant to 'char*'
tree_util_prob.c:67: warning: deprecated conversion from string constant to 'char*'
tree_util_prob.c:70: warning: deprecated conversion from string constant to 'char*'
tree_util_prob.c: In function 'tree_node* read_hp(FILE*)':
tree_util_prob.c:192: warning: deprecated conversion from string constant to 'char*'
tree_util_prob.c:196: warning: deprecated conversion from string constant to 'char*'
tree_util_prob.c:198: warning: deprecated conversion from string constant to 'char*'
util.c: In function 'int* ivector(int, int)':
util.c:84: warning: deprecated conversion from string constant to 'char*'
util.c: In function 'float* vector(int, int)':
util.c:101: warning: deprecated conversion from string constant to 'char*'
util.c: In function 'double* dvector(int, int)':
util.c:118: warning: deprecated conversion from string constant to 'char*'
