/home/gurevich/rep/quast/quast.pyc -t 16 -j  --meta  --bed-file /Molly/gurevich/MetaQUAST/res_final/res_metahit_final/combined_reference/structural_variations/combined_reference.bed --no-check-meta  --contig-thresholds 1000,5000,10000,25000,50000 -R /Molly/gurevich/MetaQUAST/res_final/res_metahit_final/quast_corrected_input/Eubacterium_rectale_M104_1.fasta -o /Molly/gurevich/MetaQUAST/res_final/res_metahit_final/runs_per_reference/Eubacterium_rectale_M104_1 --labels "IDBA_UD, Ray, SOAPdenovo2, SPAdes" /Molly/gurevich/MetaQUAST/res_final/res_metahit_final/quast_corrected_input/IDBA_UD_to_Eubacterium_rectale_M104_1.fasta /Molly/gurevich/MetaQUAST/res_final/res_metahit_final/quast_corrected_input/Ray_to_Eubacterium_rectale_M104_1.fasta /Molly/gurevich/MetaQUAST/res_final/res_metahit_final/quast_corrected_input/SOAPdenovo2_to_Eubacterium_rectale_M104_1.fasta /Molly/gurevich/MetaQUAST/res_final/res_metahit_final/quast_corrected_input/SPAdes_to_Eubacterium_rectale_M104_1.fasta

Started: 2015-11-09 20:27:23

Logging to /Molly/gurevich/MetaQUAST/res_final/res_metahit_final/runs_per_reference/Eubacterium_rectale_M104_1/quast.log

NOTICE: Output directory already exists. Existing Nucmer alignments can be used.

Reference:
  /Molly/gurevich/MetaQUAST/res_final/res_metahit_final/quast_corrected_input/Eubacterium_rectale_M104_1.fasta ==> Eubacterium_rectale_M104_1

Contigs:
  1  /Molly/gurevich/MetaQUAST/res_final/res_metahit_final/quast_corrected_input/IDBA_UD_to_Eubacterium_rectale_M104_1.fasta ==> IDBA_UD
  2  /Molly/gurevich/MetaQUAST/res_final/res_metahit_final/quast_corrected_input/Ray_to_Eubacterium_rectale_M104_1.fasta ==> Ray
  3  /Molly/gurevich/MetaQUAST/res_final/res_metahit_final/quast_corrected_input/SOAPdenovo2_to_Eubacterium_rectale_M104_1.fasta ==> SOAPdenovo2
  4  /Molly/gurevich/MetaQUAST/res_final/res_metahit_final/quast_corrected_input/SPAdes_to_Eubacterium_rectale_M104_1.fasta ==> SPAdes

2015-11-09 20:27:24
Running Basic statistics processor...
  Reference genome:
    Eubacterium_rectale_M104_1.fasta, Reference length = 3698419, Reference GC % = 40.55
  Contig files: 
    1  IDBA_UD
    2  Ray
    3  SOAPdenovo2
    4  SPAdes
  Calculating N50 and L50...
    1  IDBA_UD, N50 = 28442, L50 = 16, Total length = 1508421, GC % = 41.18, # N's per 100 kbp =  56.95
    2  Ray, N50 = 17800, L50 = 7, Total length = 418337, GC % = 42.10, # N's per 100 kbp =  2003.17
    3  SOAPdenovo2, N50 = 1344, L50 = 30, Total length = 149083, GC % = 38.74, # N's per 100 kbp =  3370.61
    4  SPAdes, N50 = 25191, L50 = 12, Total length = 1321670, GC % = 40.65, # N's per 100 kbp =  582.52
  Drawing Nx plot...
    saved to /Molly/gurevich/MetaQUAST/res_final/res_metahit_final/runs_per_reference/Eubacterium_rectale_M104_1/basic_stats/Nx_plot.pdf
  Drawing NGx plot...
    saved to /Molly/gurevich/MetaQUAST/res_final/res_metahit_final/runs_per_reference/Eubacterium_rectale_M104_1/basic_stats/NGx_plot.pdf
  Drawing cumulative plot...
    saved to /Molly/gurevich/MetaQUAST/res_final/res_metahit_final/runs_per_reference/Eubacterium_rectale_M104_1/basic_stats/cumulative_plot.pdf
  Drawing GC content plot...
    saved to /Molly/gurevich/MetaQUAST/res_final/res_metahit_final/runs_per_reference/Eubacterium_rectale_M104_1/basic_stats/GC_content_plot.pdf
Done.

2015-11-09 20:27:27
Running Contig analyzer...
  1  IDBA_UD
  3  SOAPdenovo2
  2  Ray
  4  SPAdes
  1  Logging to files /Molly/gurevich/MetaQUAST/res_final/res_metahit_final/runs_per_reference/Eubacterium_rectale_M104_1/contigs_reports/contigs_report_IDBA_UD.stdout and contigs_report_IDBA_UD.stderr...
  3  Logging to files /Molly/gurevich/MetaQUAST/res_final/res_metahit_final/runs_per_reference/Eubacterium_rectale_M104_1/contigs_reports/contigs_report_SOAPdenovo2.stdout and contigs_report_SOAPdenovo2.stderr...
  2  Logging to files /Molly/gurevich/MetaQUAST/res_final/res_metahit_final/runs_per_reference/Eubacterium_rectale_M104_1/contigs_reports/contigs_report_Ray.stdout and contigs_report_Ray.stderr...
  3  Using existing Nucmer alignments... 
  2  Using existing Nucmer alignments... 
  1  Using existing Nucmer alignments... 
  4  Using existing Nucmer alignments... 
  2  Alignments: runs_per_reference/Eubacterium_rectale_M104_1/contigs_reports/alignments_Ray.tsv
  2  Analysis is finished.

  3  Alignments: runs_per_reference/Eubacterium_rectale_M104_1/contigs_reports/alignments_SOAPdenovo2.tsv
  3  Analysis is finished.

  4  Alignments: runs_per_reference/Eubacterium_rectale_M104_1/contigs_reports/alignments_SPAdes.tsv
  1  Alignments: runs_per_reference/Eubacterium_rectale_M104_1/contigs_reports/alignments_IDBA_UD.tsv
  1  Analysis is finished.

  4  Analysis is finished.

  Creating total report...
    saved to /Molly/gurevich/MetaQUAST/res_final/res_metahit_final/runs_per_reference/Eubacterium_rectale_M104_1/contigs_reports/misassemblies_report.txt, misassemblies_report.tsv, and misassemblies_report.tex
  Transposed version of total report...
    saved to /Molly/gurevich/MetaQUAST/res_final/res_metahit_final/runs_per_reference/Eubacterium_rectale_M104_1/contigs_reports/transposed_report_misassemblies.txt, transposed_report_misassemblies.tsv, and transposed_report_misassemblies.tex
  Creating total report...
    saved to /Molly/gurevich/MetaQUAST/res_final/res_metahit_final/runs_per_reference/Eubacterium_rectale_M104_1/contigs_reports/unaligned_report.txt, unaligned_report.tsv, and unaligned_report.tex
  Drawing misassemblies by types plot...
    saved to /Molly/gurevich/MetaQUAST/res_final/res_metahit_final/runs_per_reference/Eubacterium_rectale_M104_1/contigs_reports/misassemblies_plot.pdf
Done.

2015-11-09 20:27:30
Running NA-NGA calculation...
  1  IDBA_UD, Largest alignment = 8202, NA50 = None, LA50 = None
  2  Ray, Largest alignment = 9719, NA50 = None, LA50 = None
  3  SOAPdenovo2, Largest alignment = 4753, NA50 = 628, LA50 = 60
  4  SPAdes, Largest alignment = 8204, NA50 = None, LA50 = None
  Drawing cumulative plot...
    saved to /Molly/gurevich/MetaQUAST/res_final/res_metahit_final/runs_per_reference/Eubacterium_rectale_M104_1/aligned_stats/cumulative_plot.pdf
  Drawing NAx plot...
    saved to /Molly/gurevich/MetaQUAST/res_final/res_metahit_final/runs_per_reference/Eubacterium_rectale_M104_1/aligned_stats/NAx_plot.pdf
  Drawing NGAx plot...
    saved to /Molly/gurevich/MetaQUAST/res_final/res_metahit_final/runs_per_reference/Eubacterium_rectale_M104_1/aligned_stats/NGAx_plot.pdf
Done.

2015-11-09 20:27:33
Running Genome analyzer...
  NOTICE: No file with genes provided. Use the -G option if you want to specify it.
  NOTICE: No file with operons provided. Use the -O option if you want to specify it.
  1  IDBA_UD
  2  Ray
  3  SOAPdenovo2
  4  SPAdes
  2  Analysis is finished.
  3  Analysis is finished.
  1  Analysis is finished.
  4  Analysis is finished.
  Drawing Genome fraction, % histogram...
    saved to /Molly/gurevich/MetaQUAST/res_final/res_metahit_final/runs_per_reference/Eubacterium_rectale_M104_1/genome_stats/genome_fraction_histogram.pdf
Done.

NOTICE: Genes are not predicted by default. Use --gene-finding option to enable it.

2015-11-09 20:27:34
Drawing large plots...
This may take a while: press Ctrl-C to skip this step..
  1 of 2: Creating contig alignment plot...
  2 of 2: Creating PDF with all tables and plots...
Done

2015-11-09 20:27:40
RESULTS:
  Text versions of total report are saved to /Molly/gurevich/MetaQUAST/res_final/res_metahit_final/runs_per_reference/Eubacterium_rectale_M104_1/report.txt, report.tsv, and report.tex
  Text versions of transposed total report are saved to /Molly/gurevich/MetaQUAST/res_final/res_metahit_final/runs_per_reference/Eubacterium_rectale_M104_1/transposed_report.txt, transposed_report.tsv, and transposed_report.tex
  HTML version (interactive tables and plots) saved to /Molly/gurevich/MetaQUAST/res_final/res_metahit_final/runs_per_reference/Eubacterium_rectale_M104_1/report.html
  PDF version (tables and plots) saved to /Molly/gurevich/MetaQUAST/res_final/res_metahit_final/runs_per_reference/Eubacterium_rectale_M104_1/report.pdf
  Contig alignment plot: /Molly/gurevich/MetaQUAST/res_final/res_metahit_final/runs_per_reference/Eubacterium_rectale_M104_1/alignment.svg
