/home/gurevich/rep/quast/quast.pyc -t 16 -j  --meta  --bed-file /Molly/gurevich/MetaQUAST/res_final/res_metahit_final/combined_reference/structural_variations/combined_reference.bed --no-check-meta  --contig-thresholds 1000,5000,10000,25000,50000 -R /Molly/gurevich/MetaQUAST/res_final/res_metahit_final/quast_corrected_input/Akkermansia_muciniphila_ATCC_BAA-835.fasta -o /Molly/gurevich/MetaQUAST/res_final/res_metahit_final/runs_per_reference/Akkermansia_muciniphila_ATCC_BAA-835 --labels "IDBA_UD, SPAdes" /Molly/gurevich/MetaQUAST/res_final/res_metahit_final/quast_corrected_input/IDBA_UD_to_Akkermansia_muciniphila_ATCC_BAA-835.fasta /Molly/gurevich/MetaQUAST/res_final/res_metahit_final/quast_corrected_input/SPAdes_to_Akkermansia_muciniphila_ATCC_BAA-835.fasta

Started: 2015-11-09 20:04:48

Logging to /Molly/gurevich/MetaQUAST/res_final/res_metahit_final/runs_per_reference/Akkermansia_muciniphila_ATCC_BAA-835/quast.log

NOTICE: Output directory already exists. Existing Nucmer alignments can be used.

Reference:
  /Molly/gurevich/MetaQUAST/res_final/res_metahit_final/quast_corrected_input/Akkermansia_muciniphila_ATCC_BAA-835.fasta ==> Akkermansia_muciniphila_ATCC_BAA-835

Contigs:
  1  /Molly/gurevich/MetaQUAST/res_final/res_metahit_final/quast_corrected_input/IDBA_UD_to_Akkermansia_muciniphila_ATCC_BAA-835.fasta ==> IDBA_UD
  2  /Molly/gurevich/MetaQUAST/res_final/res_metahit_final/quast_corrected_input/SPAdes_to_Akkermansia_muciniphila_ATCC_BAA-835.fasta ==> SPAdes

2015-11-09 20:04:48
Running Basic statistics processor...
  Reference genome:
    Akkermansia_muciniphila_ATCC_BAA-835.fasta, Reference length = 2664102, Reference GC % = 55.76
  Contig files: 
    1  IDBA_UD
    2  SPAdes
  Calculating N50 and L50...
    1  IDBA_UD, N50 = 3247, L50 = 1, Total length = 3247, GC % = 52.91, # N's per 100 kbp =  0.00
    2  SPAdes, N50 = 1155, L50 = 1, Total length = 1730, GC % = 50.16, # N's per 100 kbp =  9075.14
  Drawing Nx plot...
    saved to /Molly/gurevich/MetaQUAST/res_final/res_metahit_final/runs_per_reference/Akkermansia_muciniphila_ATCC_BAA-835/basic_stats/Nx_plot.pdf
  Drawing NGx plot...
    saved to /Molly/gurevich/MetaQUAST/res_final/res_metahit_final/runs_per_reference/Akkermansia_muciniphila_ATCC_BAA-835/basic_stats/NGx_plot.pdf
  Drawing cumulative plot...
    saved to /Molly/gurevich/MetaQUAST/res_final/res_metahit_final/runs_per_reference/Akkermansia_muciniphila_ATCC_BAA-835/basic_stats/cumulative_plot.pdf
  Drawing GC content plot...
    saved to /Molly/gurevich/MetaQUAST/res_final/res_metahit_final/runs_per_reference/Akkermansia_muciniphila_ATCC_BAA-835/basic_stats/GC_content_plot.pdf
Done.

2015-11-09 20:04:50
Running Contig analyzer...
  1  IDBA_UD
  2  SPAdes
  1  Logging to files /Molly/gurevich/MetaQUAST/res_final/res_metahit_final/runs_per_reference/Akkermansia_muciniphila_ATCC_BAA-835/contigs_reports/contigs_report_IDBA_UD.stdout and contigs_report_IDBA_UD.stderr...
  2  Logging to files /Molly/gurevich/MetaQUAST/res_final/res_metahit_final/runs_per_reference/Akkermansia_muciniphila_ATCC_BAA-835/contigs_reports/contigs_report_SPAdes.stdout and contigs_report_SPAdes.stderr...
  1  Using existing Nucmer alignments... 
  2  Using existing Nucmer alignments... 
  1  Alignments: runs_per_reference/Akkermansia_muciniphila_ATCC_BAA-835/contigs_reports/alignments_IDBA_UD.tsv
  2  Alignments: runs_per_reference/Akkermansia_muciniphila_ATCC_BAA-835/contigs_reports/alignments_SPAdes.tsv
  1  Analysis is finished.

  2  Analysis is finished.

  Creating total report...
    saved to /Molly/gurevich/MetaQUAST/res_final/res_metahit_final/runs_per_reference/Akkermansia_muciniphila_ATCC_BAA-835/contigs_reports/misassemblies_report.txt, misassemblies_report.tsv, and misassemblies_report.tex
  Transposed version of total report...
    saved to /Molly/gurevich/MetaQUAST/res_final/res_metahit_final/runs_per_reference/Akkermansia_muciniphila_ATCC_BAA-835/contigs_reports/transposed_report_misassemblies.txt, transposed_report_misassemblies.tsv, and transposed_report_misassemblies.tex
  Creating total report...
    saved to /Molly/gurevich/MetaQUAST/res_final/res_metahit_final/runs_per_reference/Akkermansia_muciniphila_ATCC_BAA-835/contigs_reports/unaligned_report.txt, unaligned_report.tsv, and unaligned_report.tex
  Drawing misassemblies by types plot...
    saved to /Molly/gurevich/MetaQUAST/res_final/res_metahit_final/runs_per_reference/Akkermansia_muciniphila_ATCC_BAA-835/contigs_reports/misassemblies_plot.pdf
Done.

2015-11-09 20:04:52
Running NA-NGA calculation...
  1  IDBA_UD, Largest alignment = 83, NA50 = None, LA50 = None
  2  SPAdes, Largest alignment = 228, NA50 = None, LA50 = None
  Drawing cumulative plot...
    saved to /Molly/gurevich/MetaQUAST/res_final/res_metahit_final/runs_per_reference/Akkermansia_muciniphila_ATCC_BAA-835/aligned_stats/cumulative_plot.pdf
  Drawing NAx plot...
    saved to /Molly/gurevich/MetaQUAST/res_final/res_metahit_final/runs_per_reference/Akkermansia_muciniphila_ATCC_BAA-835/aligned_stats/NAx_plot.pdf
  Drawing NGAx plot...
    saved to /Molly/gurevich/MetaQUAST/res_final/res_metahit_final/runs_per_reference/Akkermansia_muciniphila_ATCC_BAA-835/aligned_stats/NGAx_plot.pdf
Done.

2015-11-09 20:04:53
Running Genome analyzer...
  NOTICE: No file with genes provided. Use the -G option if you want to specify it.
  NOTICE: No file with operons provided. Use the -O option if you want to specify it.
  1  IDBA_UD
  2  SPAdes
  1  Analysis is finished.
  2  Analysis is finished.
  Drawing Genome fraction, % histogram...
    saved to /Molly/gurevich/MetaQUAST/res_final/res_metahit_final/runs_per_reference/Akkermansia_muciniphila_ATCC_BAA-835/genome_stats/genome_fraction_histogram.pdf
Done.

NOTICE: Genes are not predicted by default. Use --gene-finding option to enable it.

2015-11-09 20:04:54
Drawing large plots...
This may take a while: press Ctrl-C to skip this step..
  1 of 2: Creating contig alignment plot...
  2 of 2: Creating PDF with all tables and plots...
Done

2015-11-09 20:05:16
RESULTS:
  Text versions of total report are saved to /Molly/gurevich/MetaQUAST/res_final/res_metahit_final/runs_per_reference/Akkermansia_muciniphila_ATCC_BAA-835/report.txt, report.tsv, and report.tex
  Text versions of transposed total report are saved to /Molly/gurevich/MetaQUAST/res_final/res_metahit_final/runs_per_reference/Akkermansia_muciniphila_ATCC_BAA-835/transposed_report.txt, transposed_report.tsv, and transposed_report.tex
  HTML version (interactive tables and plots) saved to /Molly/gurevich/MetaQUAST/res_final/res_metahit_final/runs_per_reference/Akkermansia_muciniphila_ATCC_BAA-835/report.html
  PDF version (tables and plots) saved to /Molly/gurevich/MetaQUAST/res_final/res_metahit_final/runs_per_reference/Akkermansia_muciniphila_ATCC_BAA-835/report.pdf
  Contig alignment plot: /Molly/gurevich/MetaQUAST/res_final/res_metahit_final/runs_per_reference/Akkermansia_muciniphila_ATCC_BAA-835/alignment.svg
