Aligning contigs to reference...
	Using existing Nucmer alignments...
Parsing coords...
Loading reference...
	Loaded [Holdemania_filiformis_gi_224581026_ref_NZ_]
Loading SNPs...
Loading regions...
	No regions given, using whole reference.
	Total Regions: 1
	Total Region Length: 3932923
Analyzing contigs...
CONTIG: scaffold20014__5.5 (541bp)
Top Length: 407  Top ID: 98.53
		This contig is partially unaligned. (Aligned 407 out of 541 bases)
		Alignment: 2213141 2213547 | 541 135 | 407 407 | 98.53 | Holdemania_filiformis_gi_224581026_ref_NZ_ scaffold20014__5.5
		Unaligned bases: 1 to 134 (134)

CONTIG: scaffold30724__7.1 (902bp)
Top Length: 407  Top ID: 99.26
		This contig is misassembled. 3 total aligns.
			Real Alignment 1: 2209459 2209803 | 1 346 | 345 346 | 99.13 | Holdemania_filiformis_gi_224581026_ref_NZ_ scaffold30724__7.1
			  Gap between these two alignments (local misassembly). Inconsistency = 150 
			Real Alignment 2: 2209957 2210363 | 350 756 | 407 407 | 99.26 | Holdemania_filiformis_gi_224581026_ref_NZ_ scaffold30724__7.1
			  Gap between these two alignments (local misassembly). Inconsistency = 150 
			Real Alignment 3: 2210550 2210659 | 793 902 | 110 110 | 100.0 | Holdemania_filiformis_gi_224581026_ref_NZ_ scaffold30724__7.1

CONTIG: scaffold31272__3.0 (520bp)
Top Length: 248  Top ID: 97.58
		This contig is partially unaligned. (Aligned 248 out of 520 bases)
		Alignment: 2221774 2222021 | 1 248 | 248 248 | 97.58 | Holdemania_filiformis_gi_224581026_ref_NZ_ scaffold31272__3.0
		Unaligned bases: 249 to 520 (272)

CONTIG: scaffold35346__4.4 (835bp)
Top Length: 658  Top ID: 100.0
		This contig is partially unaligned. (Aligned 658 out of 835 bases)
		Alignment: 2236116 2236773 | 835 178 | 658 658 | 100.0 | Holdemania_filiformis_gi_224581026_ref_NZ_ scaffold35346__4.4
		Unaligned bases: 1 to 177 (177)

CONTIG: scaffold36730_11.9 (1315bp)
Top Length: 652  Top ID: 100.0
		This contig is misassembled. 2 total aligns.
			Real Alignment 1: 2174461 2175112 | 295 946 | 652 652 | 100.0 | Holdemania_filiformis_gi_224581026_ref_NZ_ scaffold36730_11.9
			  Gap between these two alignments (local misassembly). Inconsistency = 144 
			Real Alignment 2: 2175258 2175625 | 948 1315 | 368 368 | 100.0 | Holdemania_filiformis_gi_224581026_ref_NZ_ scaffold36730_11.9

CONTIG: scaffold57754__5.3 (2763bp)
Top Length: 1176  Top ID: 99.66
		This contig is misassembled. 3 total aligns.
			Real Alignment 1: 2234600 2235197 | 598 1 | 598 598 | 100.0 | Holdemania_filiformis_gi_224581026_ref_NZ_ scaffold57754__5.3
			  Gap between these two alignments (local misassembly). Inconsistency = 144 
			Real Alignment 2: 2233247 2234422 | 1807 632 | 1176 1176 | 99.66 | Holdemania_filiformis_gi_224581026_ref_NZ_ scaffold57754__5.3
			  Gap between these two alignments (local misassembly). Inconsistency = 155 
			Real Alignment 3: 2232136 2233026 | 2763 1873 | 891 891 | 99.89 | Holdemania_filiformis_gi_224581026_ref_NZ_ scaffold57754__5.3

CONTIG: C720098_13.0 (506bp)
Top Length: 506  Top ID: 98.22
		One align captures most of this contig: 2190726 2191231 | 1 506 | 506 506 | 98.22 | Holdemania_filiformis_gi_224581026_ref_NZ_ C720098_13.0

CONTIG: C729442__5.0 (605bp)
Top Length: 605  Top ID: 100.0
		One align captures most of this contig: 2235231 2235835 | 1 605 | 605 605 | 100.0 | Holdemania_filiformis_gi_224581026_ref_NZ_ C729442__5.0

CONTIG: C734716_39.0 (679bp)
Top Length: 679  Top ID: 97.2
		One align captures most of this contig: 3103409 3104087 | 1 679 | 679 679 | 97.2 | Holdemania_filiformis_gi_224581026_ref_NZ_ C734716_39.0

CONTIG: C736156__5.0 (704bp)
Top Length: 144  Top ID: 97.24
		This contig is partially unaligned. (Aligned 144 out of 704 bases)
		Alignment: 2238624 2238767 | 1 144 | 144 144 | 97.24 | Holdemania_filiformis_gi_224581026_ref_NZ_ C736156__5.0
		Unaligned bases: 145 to 704 (560)

CONTIG: C736776_12.0 (716bp)
Top Length: 687  Top ID: 99.85
		This contig is partially unaligned. (Aligned 687 out of 716 bases)
		Alignment: 2176821 2177507 | 1 687 | 687 687 | 99.85 | Holdemania_filiformis_gi_224581026_ref_NZ_ C736776_12.0
		Unaligned bases: 688 to 716 (29)

CONTIG: C739788_40.0 (781bp)
Top Length: 781  Top ID: 99.62
		One align captures most of this contig: 3338783 3339563 | 781 1 | 781 781 | 99.62 | Holdemania_filiformis_gi_224581026_ref_NZ_ C739788_40.0

CONTIG: C739810_17.0 (781bp)
Top Length: 781  Top ID: 97.7
		One align captures most of this contig: 2208688 2209467 | 1 781 | 780 781 | 97.7 | Holdemania_filiformis_gi_224581026_ref_NZ_ C739810_17.0

CONTIG: C742238_31.0 (845bp)
Top Length: 843  Top ID: 96.68
		One align captures most of this contig: 2193930 2194772 | 843 1 | 843 843 | 96.68 | Holdemania_filiformis_gi_224581026_ref_NZ_ C742238_31.0

CONTIG: C742350_15.0 (848bp)
Top Length: 845  Top ID: 99.88
		One align captures most of this contig: 2175997 2176841 | 1 845 | 845 845 | 99.88 | Holdemania_filiformis_gi_224581026_ref_NZ_ C742350_15.0

CONTIG: C745204_17.0 (939bp)
Top Length: 931  Top ID: 98.28
		One align captures most of this contig: 2191684 2192614 | 1 931 | 931 931 | 98.28 | Holdemania_filiformis_gi_224581026_ref_NZ_ C745204_17.0

CONTIG: C746266__8.0 (981bp)
Top Length: 981  Top ID: 99.9
		One align captures most of this contig: 2212191 2213171 | 1 981 | 981 981 | 99.9 | Holdemania_filiformis_gi_224581026_ref_NZ_ C746266__8.0

CONTIG: C748944__8.0 (1108bp)
Top Length: 1108  Top ID: 99.91
		One align captures most of this contig: 2237067 2238174 | 1 1108 | 1108 1108 | 99.91 | Holdemania_filiformis_gi_224581026_ref_NZ_ C748944__8.0

Analyzing coverage...
Writing SNPs into /Molly/gurevich/MetaQUAST/res_final/res_metahit_final/runs_per_reference/Holdemania_filiformis/contigs_reports/nucmer_output/SOAPdenovo2.used_snps
	Reference Holdemania_filiformis_gi_224581026_ref_NZ_: 23 total alignments. 1 total regions.
		Region: 1 to 3932923 (3932923 bp)
			START in gap: 1 to 2174461 (2174460 bp)
			Align 1: 2174461 2175112 scaffold36730_11.9 295 946
				Gap between this and next alignment: 2175112 to 2175258 (145 bp)
				Next Alignment: 2175258 2175625 scaffold36730_11.9 948 1315

			Align 2: 2175258 2175625 scaffold36730_11.9 948 1315
				Gap between this and next alignment: 2175625 to 2175997 (371 bp)
				Next Alignment: 2175997 2176841 C742350_15.0 1 845

			Align 3: 2175997 2176841 C742350_15.0 1 845
				Negative gap (overlap) between this and next alignment: 2176841 to 2176821 (-20 bp)
				Next Alignment: 2176821 2177507 C736776_12.0 1 687

			Previous gap was negative, modifying coordinates to ignore overlap
				Moving contig start from 1 to 22.
			Align 4: 2176842 2177507 C736776_12.0 22 687
				Gap between this and next alignment: 2177507 to 2190726 (13218 bp)
				Next Alignment: 2190726 2191231 C720098_13.0 1 506

			Align 5: 2190726 2191231 C720098_13.0 1 506
				Gap between this and next alignment: 2191231 to 2191684 (452 bp)
				Next Alignment: 2191684 2192614 C745204_17.0 1 931

			Align 6: 2191684 2192614 C745204_17.0 1 931
				Gap between this and next alignment: 2192614 to 2193930 (1315 bp)
				Next Alignment: 2193930 2194772 C742238_31.0 843 1

			Align 7: 2193930 2194772 C742238_31.0 843 1
				Gap between this and next alignment: 2194772 to 2208688 (13915 bp)
				Next Alignment: 2208688 2209467 C739810_17.0 1 781

			Align 8: 2208688 2209467 C739810_17.0 1 781
				Negative gap (overlap) between this and next alignment: 2209467 to 2209459 (-8 bp)
				Next Alignment: 2209459 2209803 scaffold30724__7.1 1 346

			Previous gap was negative, modifying coordinates to ignore overlap
				Moving contig start from 1 to 10.
			Align 9: 2209468 2209803 scaffold30724__7.1 10 346
				Gap between this and next alignment: 2209803 to 2209957 (153 bp)
				Next Alignment: 2209957 2210363 scaffold30724__7.1 350 756

			Align 10: 2209957 2210363 scaffold30724__7.1 350 756
				Gap between this and next alignment: 2210363 to 2210550 (186 bp)
				Next Alignment: 2210550 2210659 scaffold30724__7.1 793 902

			Align 11: 2210550 2210659 scaffold30724__7.1 793 902
				Gap between this and next alignment: 2210659 to 2212191 (1531 bp)
				Next Alignment: 2212191 2213171 C746266__8.0 1 981

			Align 12: 2212191 2213171 C746266__8.0 1 981
				Negative gap (overlap) between this and next alignment: 2213171 to 2213141 (-30 bp)
				Next Alignment: 2213141 2213547 scaffold20014__5.5 541 135

			Previous gap was negative, modifying coordinates to ignore overlap
				Moving contig start from 541 to 510.
			Align 13: 2213172 2213547 scaffold20014__5.5 510 135
				Gap between this and next alignment: 2213547 to 2221774 (8226 bp)
				Next Alignment: 2221774 2222021 scaffold31272__3.0 1 248

			Align 14: 2221774 2222021 scaffold31272__3.0 1 248
				Gap between this and next alignment: 2222021 to 2232136 (10114 bp)
				Next Alignment: 2232136 2233026 scaffold57754__5.3 2763 1873

			Align 15: 2232136 2233026 scaffold57754__5.3 2763 1873
				Gap between this and next alignment: 2233026 to 2233247 (220 bp)
				Next Alignment: 2233247 2234422 scaffold57754__5.3 1807 632

			Align 16: 2233247 2234422 scaffold57754__5.3 1807 632
				Gap between this and next alignment: 2234422 to 2234600 (177 bp)
				Next Alignment: 2234600 2235197 scaffold57754__5.3 598 1

			Align 17: 2234600 2235197 scaffold57754__5.3 598 1
				Gap between this and next alignment: 2235197 to 2235231 (33 bp)
				Next Alignment: 2235231 2235835 C729442__5.0 1 605

			Align 18: 2235231 2235835 C729442__5.0 1 605
				Gap between this and next alignment: 2235835 to 2236116 (280 bp)
				Next Alignment: 2236116 2236773 scaffold35346__4.4 835 178

			Align 19: 2236116 2236773 scaffold35346__4.4 835 178
				Gap between this and next alignment: 2236773 to 2237067 (293 bp)
				Next Alignment: 2237067 2238174 C748944__8.0 1 1108

			Align 20: 2237067 2238174 C748944__8.0 1 1108
				Gap between this and next alignment: 2238174 to 2238624 (449 bp)
				Next Alignment: 2238624 2238767 C736156__5.0 1 144

			Align 21: 2238624 2238767 C736156__5.0 1 144
				Gap between this and next alignment: 2238767 to 3103409 (864641 bp)
				Next Alignment: 3103409 3104087 C734716_39.0 1 679

			Align 22: 3103409 3104087 C734716_39.0 1 679
				Gap between this and next alignment: 3104087 to 3338783 (234695 bp)
				Next Alignment: 3338783 3339563 C739788_40.0 781 1

			Align 23: 3338783 3339563 C739788_40.0 781 1
			END in gap: 3339563 to 3932923 (593360 bp)

Analysis is finished!
Founded SNPs were written into /Molly/gurevich/MetaQUAST/res_final/res_metahit_final/runs_per_reference/Holdemania_filiformis/contigs_reports/nucmer_output/SOAPdenovo2.used_snps

Results:
	Local Misassemblies: 5
	Misassemblies: 0
		Relocations: 0
		Translocations: 0
		Inversions: 0
	Fake misassemblies matched with structural variations: 0
	Misassembled Contigs: 0
	Misassembled Contig Bases: 0
	Misassemblies Inter-Contig Overlap: 0
Uncovered Regions: 0 (0)
Unaligned Contigs: 0 + 5 part
Partially Unaligned Contigs with Misassemblies: 0
Unaligned Contig Bases: 1172

Ambiguously Mapped Contigs: 0
Total Bases in Ambiguously Mapped Contigs: 0
Note that --allow-ambiguity option was set to "one" and only first alignment per each contig was used.

	Covered Bases: 14689

	SNPs: 120
	Insertions: 3
	Deletions: 1

	Positive Gaps: 21
		Internal Gaps:  5
		External Gaps:  16
		External Gap Total:  3917353
		External Gap Average: 244835
	Negative Gaps: 3
		Internal Overlaps:  0
		External Overlaps:  3
		External Overlaps Total: -58
		External Overlaps Average: -19
	Contigs with Redundant Alignments: 0 (0)
