Aligning contigs to reference...
	Using existing Nucmer alignments...
Parsing coords...
Loading reference...
	Loaded [Holdemania_filiformis_gi_224581026_ref_NZ_]
Loading SNPs...
Loading regions...
	No regions given, using whole reference.
	Total Regions: 1
	Total Region Length: 3932923
Analyzing contigs...
CONTIG: NODE_363_length_28342_cov_5.34348_ID_725 (28342bp)
Top Length: 533  Top ID: 96.62
		This contig is partially unaligned. (Aligned 533 out of 28342 bases)
		Alignment: 3104863 3105395 | 24464 24996 | 533 533 | 96.62 | Holdemania_filiformis_gi_224581026_ref_NZ_ NODE_363_length_28342_cov_5.34348_ID_725
		Unaligned bases: 1 to 24463 (24463)
		Unaligned bases: 24997 to 28342 (3346)
		This contig has both significant aligned and unaligned parts (of length >= min-contig)! It can contain interspecies translocations

CONTIG: NODE_414_length_25598_cov_2.85902_ID_827 (25598bp)
Top Length: 3047  Top ID: 99.93
		This contig is partially unaligned. (Aligned 3047 out of 25598 bases)
		Alignment: 2174461 2177507 | 22499 25545 | 3047 3047 | 99.93 | Holdemania_filiformis_gi_224581026_ref_NZ_ NODE_414_length_25598_cov_2.85902_ID_827
		Unaligned bases: 1 to 22498 (22498)
		Unaligned bases: 25546 to 25598 (53)
		This contig has both significant aligned and unaligned parts (of length >= min-contig)! It can contain interspecies translocations

CONTIG: NODE_617_length_18482_cov_6.28925_ID_1233 (18482bp)
Top Length: 11133  Top ID: 95.43
		This contig is partially unaligned. (Aligned 11133 out of 18482 bases)
		Alignment: 2196813 2207945 | 4414 15546 | 11133 11133 | 95.43 | Holdemania_filiformis_gi_224581026_ref_NZ_ NODE_617_length_18482_cov_6.28925_ID_1233
		Unaligned bases: 1 to 4413 (4413)
		Unaligned bases: 15547 to 18482 (2936)
		This contig has both significant aligned and unaligned parts (of length >= min-contig)! It can contain interspecies translocations

CONTIG: NODE_702_length_16575_cov_3.421_ID_1403 (16575bp)
Top Length: 523  Top ID: 96.18
		This contig is partially unaligned. (Aligned 523 out of 16575 bases)
		Alignment: 3331949 3332471 | 523 1 | 523 523 | 96.18 | Holdemania_filiformis_gi_224581026_ref_NZ_ NODE_702_length_16575_cov_3.421_ID_1403
		Unaligned bases: 524 to 16575 (16052)
		This contig has both significant aligned and unaligned parts (of length >= min-contig)! It can contain interspecies translocations

CONTIG: NODE_951_length_12780_cov_1.99898_ID_1901 (12780bp)
Top Length: 7130  Top ID: 98.98
		This contig is misassembled. 2 total aligns.
			Excluding internal overlap of size 9 between Alignment 1 and 2:  2218109 2219368 | 10920 9661 | 1260 1260 --> 2218109 2219359 | 10920 9670 | 1251 1251
			Real Alignment 1: 2231643 2238767 | 9669 2540 | 7125 7130 | 98.98 | Holdemania_filiformis_gi_224581026_ref_NZ_ NODE_951_length_12780_cov_1.99898_ID_1901
			  Extensive misassembly ( relocation, inconsistency = 12283 ) between these two alignments
			Real Alignment 2: 2218109 2219359 | 10920 9670 | 1251 1251 | 95.64 | Holdemania_filiformis_gi_224581026_ref_NZ_ NODE_951_length_12780_cov_1.99898_ID_1901
		This contig has significant unaligned parts (of length >= min-contig)! It can contain interspecies translocations

CONTIG: NODE_1912_length_6940_cov_7.72578_ID_3823 (6940bp)
Top Length: 983  Top ID: 99.69
		This contig is partially unaligned. (Aligned 983 out of 6940 bases)
		Alignment: 3075429 3076411 | 6938 5956 | 983 983 | 99.69 | Holdemania_filiformis_gi_224581026_ref_NZ_ NODE_1912_length_6940_cov_7.72578_ID_3823
		Unaligned bases: 1 to 5955 (5955)
		Unaligned bases: 6939 to 6940 (2)
		This contig has both significant aligned and unaligned parts (of length >= min-contig)! It can contain interspecies translocations

CONTIG: NODE_2060_length_6565_cov_1.5616_ID_4119 (6565bp)
Top Length: 1309  Top ID: 99.62
		This contig is partially unaligned. (Aligned 1309 out of 6565 bases)
		Alignment: 2212285 2213593 | 558 1866 | 1309 1309 | 99.62 | Holdemania_filiformis_gi_224581026_ref_NZ_ NODE_2060_length_6565_cov_1.5616_ID_4119
		Unaligned bases: 1 to 557 (557)
		Unaligned bases: 1867 to 6565 (4699)
		This contig has both significant aligned and unaligned parts (of length >= min-contig)! It can contain interspecies translocations

CONTIG: NODE_6875_length_2558_cov_4.30643_ID_13749 (2558bp)
Top Length: 2555  Top ID: 98.36
		One align captures most of this contig: 2208107 2210660 | 1 2555 | 2554 2555 | 98.36 | Holdemania_filiformis_gi_224581026_ref_NZ_ NODE_6875_length_2558_cov_4.30643_ID_13749

CONTIG: NODE_9047_length_2022_cov_12.9568_ID_18093 (2022bp)
Top Length: 970  Top ID: 99.28
		This contig is partially unaligned. (Aligned 970 out of 2022 bases)
		Alignment: 3338616 3339585 | 972 3 | 970 970 | 99.28 | Holdemania_filiformis_gi_224581026_ref_NZ_ NODE_9047_length_2022_cov_12.9568_ID_18093
		Unaligned bases: 1 to 2 (2)
		Unaligned bases: 973 to 2022 (1050)
		This contig has both significant aligned and unaligned parts (of length >= min-contig)! It can contain interspecies translocations

CONTIG: NODE_14453_length_1313_cov_17.4746_ID_28905 (1313bp)
Top Length: 1313  Top ID: 98.02
		One align captures most of this contig: 3077394 3078706 | 1313 1 | 1313 1313 | 98.02 | Holdemania_filiformis_gi_224581026_ref_NZ_ NODE_14453_length_1313_cov_17.4746_ID_28905

CONTIG: NODE_15027_length_1264_cov_1.26551_ID_30053 (1264bp)
Top Length: 684  Top ID: 95.33
		This contig is partially unaligned. (Aligned 684 out of 1264 bases)
		Alignment: 2213875 2214559 | 581 1264 | 685 684 | 95.33 | Holdemania_filiformis_gi_224581026_ref_NZ_ NODE_15027_length_1264_cov_1.26551_ID_30053
		Unaligned bases: 1 to 580 (580)
		This contig has both significant aligned and unaligned parts (of length >= min-contig)! It can contain interspecies translocations

CONTIG: NODE_15338_length_1239_cov_0.972973_ID_30675 (1239bp)
Top Length: 1239  Top ID: 98.79
		One align captures most of this contig: 2177602 2178840 | 1 1239 | 1239 1239 | 98.79 | Holdemania_filiformis_gi_224581026_ref_NZ_ NODE_15338_length_1239_cov_0.972973_ID_30675

CONTIG: NODE_15371_length_1237_cov_20.4814_ID_30741 (1237bp)
Top Length: 1237  Top ID: 95.15
		One align captures most of this contig: 3332417 3333653 | 1 1237 | 1237 1237 | 95.15 | Holdemania_filiformis_gi_224581026_ref_NZ_ NODE_15371_length_1237_cov_20.4814_ID_30741

CONTIG: NODE_18931_length_1014_cov_0.828989_ID_37861 (1014bp)
Top Length: 1013  Top ID: 98.32
		One align captures most of this contig: 2216635 2217647 | 1 1013 | 1013 1013 | 98.32 | Holdemania_filiformis_gi_224581026_ref_NZ_ NODE_18931_length_1014_cov_0.828989_ID_37861

CONTIG: NODE_20987_length_919_cov_1.12616_ID_41973 (919bp)
Top Length: 100  Top ID: 99.0
		This contig is partially unaligned. (Aligned 100 out of 919 bases)
		Alignment: 3551366 3551465 | 1 100 | 100 100 | 99.0 | Holdemania_filiformis_gi_224581026_ref_NZ_ NODE_20987_length_919_cov_1.12616_ID_41973
		Unaligned bases: 101 to 919 (819)

CONTIG: NODE_23275_length_835_cov_6.74359_ID_46549 (835bp)
Top Length: 835  Top ID: 95.95
		One align captures most of this contig: 3059309 3060145 | 1 835 | 837 835 | 95.95 | Holdemania_filiformis_gi_224581026_ref_NZ_ NODE_23275_length_835_cov_6.74359_ID_46549

CONTIG: NODE_24272_length_798_cov_4.09556_ID_48543 (798bp)
Top Length: 795  Top ID: 95.85
		One align captures most of this contig: 2190664 2191458 | 1 795 | 795 795 | 95.85 | Holdemania_filiformis_gi_224581026_ref_NZ_ NODE_24272_length_798_cov_4.09556_ID_48543

CONTIG: NODE_24278_length_798_cov_4.39973_ID_48555 (798bp)
Top Length: 798  Top ID: 99.62
		One align captures most of this contig: 2188607 2189404 | 798 1 | 798 798 | 99.62 | Holdemania_filiformis_gi_224581026_ref_NZ_ NODE_24278_length_798_cov_4.39973_ID_48555

CONTIG: NODE_24366_length_795_cov_1.60676_ID_48731 (795bp)
Top Length: 671  Top ID: 100.0
		This contig is misassembled. 2 total aligns.
			Excluding internal overlap of size 2 between Alignment 1 and 2:  2183123 2183237 | 1 115 | 115 115 --> 2183123 2183235 | 1 113 | 113 113
			Real Alignment 1: 2183123 2183235 | 1 113 | 113 113 | 100.0 | Holdemania_filiformis_gi_224581026_ref_NZ_ NODE_24366_length_795_cov_1.60676_ID_48731
			  Extensive misassembly ( relocation, inconsistency = 2053 ) between these two alignments
			Real Alignment 2: 2185289 2185959 | 114 784 | 671 671 | 100.0 | Holdemania_filiformis_gi_224581026_ref_NZ_ NODE_24366_length_795_cov_1.60676_ID_48731

CONTIG: NODE_24916_length_778_cov_16.7815_ID_49831 (778bp)
Top Length: 162  Top ID: 99.38
		Skipping redundant alignment 3336676 3336835 | 778 619 | 160 160 | 96.25 | Holdemania_filiformis_gi_224581026_ref_NZ_ NODE_24916_length_778_cov_16.7815_ID_49831
		This contig is partially unaligned. (Aligned 162 out of 778 bases)
		Alignment: 3339533 3339694 | 778 617 | 162 162 | 99.38 | Holdemania_filiformis_gi_224581026_ref_NZ_ NODE_24916_length_778_cov_16.7815_ID_49831
		Unaligned bases: 1 to 616 (616)

CONTIG: NODE_25668_length_754_cov_0.83834_ID_51335 (754bp)
Top Length: 250  Top ID: 98.4
		This contig is partially unaligned. (Aligned 250 out of 754 bases)
		Alignment: 1079699 1079948 | 754 505 | 250 250 | 98.4 | Holdemania_filiformis_gi_224581026_ref_NZ_ NODE_25668_length_754_cov_0.83834_ID_51335
		Unaligned bases: 1 to 504 (504)

CONTIG: NODE_32557_length_602_cov_0.40585_ID_65113 (602bp)
Top Length: 74  Top ID: 100.0
		This contig is partially unaligned. (Aligned 74 out of 602 bases)
		Alignment: 3395962 3396035 | 602 529 | 74 74 | 100.0 | Holdemania_filiformis_gi_224581026_ref_NZ_ NODE_32557_length_602_cov_0.40585_ID_65113
		Unaligned bases: 1 to 528 (528)

CONTIG: NODE_35647_length_558_cov_1.50298_ID_71293 (558bp)
Top Length: 494  Top ID: 99.39
		This contig is partially unaligned. (Aligned 494 out of 558 bases)
		Alignment: 1050446 1050939 | 1 494 | 494 494 | 99.39 | Holdemania_filiformis_gi_224581026_ref_NZ_ NODE_35647_length_558_cov_1.50298_ID_71293
		Unaligned bases: 495 to 558 (64)

CONTIG: NODE_36833_length_543_cov_0.684426_ID_73665 (543bp)
Top Length: 112  Top ID: 100.0
		This contig is partially unaligned. (Aligned 112 out of 543 bases)
		Alignment: 3922438 3922549 | 115 4 | 112 112 | 100.0 | Holdemania_filiformis_gi_224581026_ref_NZ_ NODE_36833_length_543_cov_0.684426_ID_73665
		Unaligned bases: 1 to 3 (3)
		Unaligned bases: 116 to 543 (428)

CONTIG: NODE_40543_length_500_cov_8.51461_ID_81085 (500bp)
Top Length: 500  Top ID: 98.2
		One align captures most of this contig: 3076951 3077448 | 1 500 | 498 500 | 98.2 | Holdemania_filiformis_gi_224581026_ref_NZ_ NODE_40543_length_500_cov_8.51461_ID_81085

Analyzing coverage...
Writing SNPs into /Molly/gurevich/MetaQUAST/res_final/res_metahit_final/runs_per_reference/Holdemania_filiformis/contigs_reports/nucmer_output/SPAdes.used_snps
	Reference Holdemania_filiformis_gi_224581026_ref_NZ_: 27 total alignments. 1 total regions.
		Region: 1 to 3932923 (3932923 bp)
			START in gap: 1 to 1050446 (1050445 bp)
			Align 1: 1050446 1050939 NODE_35647_length_558_cov_1.50298_ID_71293 1 494
				Gap between this and next alignment: 1050939 to 1079699 (28759 bp)
				Next Alignment: 1079699 1079948 NODE_25668_length_754_cov_0.83834_ID_51335 754 505

			Align 2: 1079699 1079948 NODE_25668_length_754_cov_0.83834_ID_51335 754 505
				Gap between this and next alignment: 1079948 to 2174461 (1094512 bp)
				Next Alignment: 2174461 2177507 NODE_414_length_25598_cov_2.85902_ID_827 22499 25545

			Align 3: 2174461 2177507 NODE_414_length_25598_cov_2.85902_ID_827 22499 25545
				Gap between this and next alignment: 2177507 to 2177602 (94 bp)
				Next Alignment: 2177602 2178840 NODE_15338_length_1239_cov_0.972973_ID_30675 1 1239

			Align 4: 2177602 2178840 NODE_15338_length_1239_cov_0.972973_ID_30675 1 1239
				Gap between this and next alignment: 2178840 to 2183123 (4282 bp)
				Next Alignment: 2183123 2183235 NODE_24366_length_795_cov_1.60676_ID_48731 1 113

			Align 5: 2183123 2183235 NODE_24366_length_795_cov_1.60676_ID_48731 1 113
				Gap between this and next alignment: 2183235 to 2185289 (2053 bp)
				Next Alignment: 2185289 2185959 NODE_24366_length_795_cov_1.60676_ID_48731 114 784

			Align 6: 2185289 2185959 NODE_24366_length_795_cov_1.60676_ID_48731 114 784
				Gap between this and next alignment: 2185959 to 2188607 (2647 bp)
				Next Alignment: 2188607 2189404 NODE_24278_length_798_cov_4.39973_ID_48555 798 1

			Align 7: 2188607 2189404 NODE_24278_length_798_cov_4.39973_ID_48555 798 1
				Gap between this and next alignment: 2189404 to 2190664 (1259 bp)
				Next Alignment: 2190664 2191458 NODE_24272_length_798_cov_4.09556_ID_48543 1 795

			Align 8: 2190664 2191458 NODE_24272_length_798_cov_4.09556_ID_48543 1 795
				Gap between this and next alignment: 2191458 to 2196813 (5354 bp)
				Next Alignment: 2196813 2207945 NODE_617_length_18482_cov_6.28925_ID_1233 4414 15546

			Align 9: 2196813 2207945 NODE_617_length_18482_cov_6.28925_ID_1233 4414 15546
				Gap between this and next alignment: 2207945 to 2208107 (161 bp)
				Next Alignment: 2208107 2210660 NODE_6875_length_2558_cov_4.30643_ID_13749 1 2555

			Align 10: 2208107 2210660 NODE_6875_length_2558_cov_4.30643_ID_13749 1 2555
				Gap between this and next alignment: 2210660 to 2212285 (1624 bp)
				Next Alignment: 2212285 2213593 NODE_2060_length_6565_cov_1.5616_ID_4119 558 1866

			Align 11: 2212285 2213593 NODE_2060_length_6565_cov_1.5616_ID_4119 558 1866
				Gap between this and next alignment: 2213593 to 2213875 (281 bp)
				Next Alignment: 2213875 2214559 NODE_15027_length_1264_cov_1.26551_ID_30053 581 1264

			Align 12: 2213875 2214559 NODE_15027_length_1264_cov_1.26551_ID_30053 581 1264
				Gap between this and next alignment: 2214559 to 2216635 (2075 bp)
				Next Alignment: 2216635 2217647 NODE_18931_length_1014_cov_0.828989_ID_37861 1 1013

			Align 13: 2216635 2217647 NODE_18931_length_1014_cov_0.828989_ID_37861 1 1013
				Gap between this and next alignment: 2217647 to 2218109 (461 bp)
				Next Alignment: 2218109 2219359 NODE_951_length_12780_cov_1.99898_ID_1901 10920 9670

			Align 14: 2218109 2219359 NODE_951_length_12780_cov_1.99898_ID_1901 10920 9670
				Gap between this and next alignment: 2219359 to 2231643 (12283 bp)
				Next Alignment: 2231643 2238767 NODE_951_length_12780_cov_1.99898_ID_1901 9669 2540

			Align 15: 2231643 2238767 NODE_951_length_12780_cov_1.99898_ID_1901 9669 2540
				Gap between this and next alignment: 2238767 to 3059309 (820541 bp)
				Next Alignment: 3059309 3060145 NODE_23275_length_835_cov_6.74359_ID_46549 1 835

			Align 16: 3059309 3060145 NODE_23275_length_835_cov_6.74359_ID_46549 1 835
				Gap between this and next alignment: 3060145 to 3075429 (15283 bp)
				Next Alignment: 3075429 3076411 NODE_1912_length_6940_cov_7.72578_ID_3823 6938 5956

			Align 17: 3075429 3076411 NODE_1912_length_6940_cov_7.72578_ID_3823 6938 5956
				Gap between this and next alignment: 3076411 to 3076951 (539 bp)
				Next Alignment: 3076951 3077448 NODE_40543_length_500_cov_8.51461_ID_81085 1 500

			Align 18: 3076951 3077448 NODE_40543_length_500_cov_8.51461_ID_81085 1 500
				Negative gap (overlap) between this and next alignment: 3077448 to 3077394 (-54 bp)
				Next Alignment: 3077394 3078706 NODE_14453_length_1313_cov_17.4746_ID_28905 1313 1

			Previous gap was negative, modifying coordinates to ignore overlap
				Moving contig start from 1313 to 1258.
			Align 19: 3077449 3078706 NODE_14453_length_1313_cov_17.4746_ID_28905 1258 1
				Gap between this and next alignment: 3078706 to 3104863 (26156 bp)
				Next Alignment: 3104863 3105395 NODE_363_length_28342_cov_5.34348_ID_725 24464 24996

			Align 20: 3104863 3105395 NODE_363_length_28342_cov_5.34348_ID_725 24464 24996
				Gap between this and next alignment: 3105395 to 3331949 (226553 bp)
				Next Alignment: 3331949 3332471 NODE_702_length_16575_cov_3.421_ID_1403 523 1

			Align 21: 3331949 3332471 NODE_702_length_16575_cov_3.421_ID_1403 523 1
				Negative gap (overlap) between this and next alignment: 3332471 to 3332417 (-54 bp)
				Next Alignment: 3332417 3333653 NODE_15371_length_1237_cov_20.4814_ID_30741 1 1237

			Previous gap was negative, modifying coordinates to ignore overlap
				Moving contig start from 1 to 56.
			Align 22: 3332472 3333653 NODE_15371_length_1237_cov_20.4814_ID_30741 56 1237
				Gap between this and next alignment: 3333653 to 3338616 (4962 bp)
				Next Alignment: 3338616 3339585 NODE_9047_length_2022_cov_12.9568_ID_18093 972 3

			Align 23: 3338616 3339585 NODE_9047_length_2022_cov_12.9568_ID_18093 972 3
				Negative gap (overlap) between this and next alignment: 3339585 to 3339533 (-52 bp)
				Next Alignment: 3339533 3339694 NODE_24916_length_778_cov_16.7815_ID_49831 778 617

			Previous gap was negative, modifying coordinates to ignore overlap
				Moving contig start from 778 to 725.
			Align 24: 3339586 3339694 NODE_24916_length_778_cov_16.7815_ID_49831 725 617
				Gap between this and next alignment: 3339694 to 3395962 (56267 bp)
				Next Alignment: 3395962 3396035 NODE_32557_length_602_cov_0.40585_ID_65113 602 529

			Align 25: 3395962 3396035 NODE_32557_length_602_cov_0.40585_ID_65113 602 529
				Gap between this and next alignment: 3396035 to 3551366 (155330 bp)
				Next Alignment: 3551366 3551465 NODE_20987_length_919_cov_1.12616_ID_41973 1 100

			Align 26: 3551366 3551465 NODE_20987_length_919_cov_1.12616_ID_41973 1 100
				Gap between this and next alignment: 3551465 to 3922438 (370972 bp)
				Next Alignment: 3922438 3922549 NODE_36833_length_543_cov_0.684426_ID_73665 115 4

			Align 27: 3922438 3922549 NODE_36833_length_543_cov_0.684426_ID_73665 115 4
			END in gap: 3922549 to 3932923 (10374 bp)

Analysis is finished!
Founded SNPs were written into /Molly/gurevich/MetaQUAST/res_final/res_metahit_final/runs_per_reference/Holdemania_filiformis/contigs_reports/nucmer_output/SPAdes.used_snps

Results:
	Local Misassemblies: 0
	Misassemblies: 2
		Relocations: 2
		Translocations: 0
		Inversions: 0
	Fake misassemblies matched with structural variations: 0
	Misassembled Contigs: 2
	Misassembled Contig Bases: 13575
	Misassemblies Inter-Contig Overlap: 0
Uncovered Regions: 0 (0)
Unaligned Contigs: 0 + 14 part
Partially Unaligned Contigs with Misassemblies: 0
Unaligned Contig Bases: 89568

Ambiguously Mapped Contigs: 0
Total Bases in Ambiguously Mapped Contigs: 0
Note that --allow-ambiguity option was set to "one" and only first alignment per each contig was used.

	Covered Bases: 39656

	SNPs: 833
	Insertions: 13
	Deletions: 8

	Positive Gaps: 25
		Internal Gaps:  2
		External Gaps:  23
		External Gap Total:  3878931
		External Gap Average: 168649
	Negative Gaps: 3
		Internal Overlaps:  0
		External Overlaps:  3
		External Overlaps Total: -160
		External Overlaps Average: -53
	Contigs with Redundant Alignments: 0 (0)
