/home/miheenko/quast/quast.pyc -t 8 --plots-format png -1 /Molly/miheenko/data/ERR011189_1.00.0_0.cor.fastq -2 /Molly/miheenko/data/ERR011189_2.00.0_0.cor.fastq --meta  --no-check-meta  --contig-thresholds 1000,5000,10000,25000,50000 -R /Molly/miheenko/quast_results/res_metahit_final/quast_corrected_input/Ruminococcus_sp_SR1_5.fasta -o /Molly/miheenko/quast_results/res_metahit_final/runs_per_reference/Ruminococcus_sp_SR1_5 --bed-fpath /Molly/miheenko/quast_results/res_metahit_final/combined_reference/structural_variations/combined_reference.bed --labels "IDBA_UD, Ray, SOAPdenovo2, SPAdes" /Molly/miheenko/quast_results/res_metahit_final/quast_corrected_input/IDBA_UD_to_Ruminococcus_sp_SR1_5.fasta /Molly/miheenko/quast_results/res_metahit_final/quast_corrected_input/Ray_to_Ruminococcus_sp_SR1_5.fasta /Molly/miheenko/quast_results/res_metahit_final/quast_corrected_input/SOAPdenovo2_to_Ruminococcus_sp_SR1_5.fasta /Molly/miheenko/quast_results/res_metahit_final/quast_corrected_input/SPAdes_to_Ruminococcus_sp_SR1_5.fasta

Started: 2015-10-29 02:08:17

Logging to /Molly/miheenko/quast_results/res_metahit_final/runs_per_reference/Ruminococcus_sp_SR1_5/quast.log

Reference:
  /Molly/miheenko/quast_results/res_metahit_final/quast_corrected_input/Ruminococcus_sp_SR1_5.fasta ==> Ruminococcus_sp_SR1_5

Contigs:
  1  /Molly/miheenko/quast_results/res_metahit_final/quast_corrected_input/IDBA_UD_to_Ruminococcus_sp_SR1_5.fasta ==> IDBA_UD
  2  /Molly/miheenko/quast_results/res_metahit_final/quast_corrected_input/Ray_to_Ruminococcus_sp_SR1_5.fasta ==> Ray
  3  /Molly/miheenko/quast_results/res_metahit_final/quast_corrected_input/SOAPdenovo2_to_Ruminococcus_sp_SR1_5.fasta ==> SOAPdenovo2
  4  /Molly/miheenko/quast_results/res_metahit_final/quast_corrected_input/SPAdes_to_Ruminococcus_sp_SR1_5.fasta ==> SPAdes

2015-10-29 02:08:18
Running Basic statistics processor...
  Reference genome:
    Ruminococcus_sp_SR1_5.fasta, Reference length = 3545606, Reference GC % = 44.19
  Contig files: 
    1  IDBA_UD
    2  Ray
    3  SOAPdenovo2
    4  SPAdes
  Calculating N50 and L50...
    1  IDBA_UD, N50 = 27793, L50 = 3, Total length = 452997, GC % = 44.15, # N's per 100 kbp =  88.96
    2  Ray, N50 = 7669, L50 = 3, Total length = 42442, GC % = 39.73, # N's per 100 kbp =  1069.70
    3  SOAPdenovo2, N50 = 1238, L50 = 11, Total length = 55919, GC % = 39.42, # N's per 100 kbp =  4647.79
    4  SPAdes, N50 = 8401, L50 = 7, Total length = 525309, GC % = 40.64, # N's per 100 kbp =  935.07
  Drawing Nx plot...
    saved to /Molly/miheenko/quast_results/res_metahit_final/runs_per_reference/Ruminococcus_sp_SR1_5/basic_stats/Nx_plot.png
  Drawing NGx plot...
    saved to /Molly/miheenko/quast_results/res_metahit_final/runs_per_reference/Ruminococcus_sp_SR1_5/basic_stats/NGx_plot.png
  Drawing cumulative plot...
    saved to /Molly/miheenko/quast_results/res_metahit_final/runs_per_reference/Ruminococcus_sp_SR1_5/basic_stats/cumulative_plot.png
  Drawing GC content plot...
    saved to /Molly/miheenko/quast_results/res_metahit_final/runs_per_reference/Ruminococcus_sp_SR1_5/basic_stats/GC_content_plot.png
Done.

2015-10-29 02:08:20
Running Contig analyzer...
  1  IDBA_UD
  3  SOAPdenovo2
  4  SPAdes
  3  Logging to files /Molly/miheenko/quast_results/res_metahit_final/runs_per_reference/Ruminococcus_sp_SR1_5/contigs_reports/contigs_report_SOAPdenovo2.stdout and contigs_report_SOAPdenovo2.stderr...
  3  Running Nucmer
  4  Logging to files /Molly/miheenko/quast_results/res_metahit_final/runs_per_reference/Ruminococcus_sp_SR1_5/contigs_reports/contigs_report_SPAdes.stdout and contigs_report_SPAdes.stderr...
  4  Running Nucmer
  2  Logging to files /Molly/miheenko/quast_results/res_metahit_final/runs_per_reference/Ruminococcus_sp_SR1_5/contigs_reports/contigs_report_Ray.stdout and contigs_report_Ray.stderr...
  2  Running Nucmer
  1  Logging to files /Molly/miheenko/quast_results/res_metahit_final/runs_per_reference/Ruminococcus_sp_SR1_5/contigs_reports/contigs_report_IDBA_UD.stdout and contigs_report_IDBA_UD.stderr...
  1  Running Nucmer
  3  /home/miheenko/quast/libs/MUMmer3.23-linux/nucmer -c 65 -l 65 --maxmatch -p /Molly/miheenko/quast_results/res_metahit_final/runs_per_reference/Ruminococcus_sp_SR1_5/contigs_reports/nucmer_output/SOAPdenovo2 \
     /Molly/miheenko/quast_results/res_metahit_final/runs_per_reference/Ruminococcus_sp_SR1_5/quast_corrected_input/Ruminococcus_sp_SR1_5.fasta \
     /Molly/miheenko/quast_results/res_metahit_final/quast_corrected_input/SOAPdenovo2_to_Ruminococcus_sp_SR1_5.fasta \
     >> /Molly/miheenko/quast_results/res_metahit_final/runs_per_reference/Ruminococcus_sp_SR1_5/contigs_reports/contigs_report_SOAPdenovo2.stdout \
     2>> /Molly/miheenko/quast_results/res_metahit_final/runs_per_reference/Ruminococcus_sp_SR1_5/contigs_reports/contigs_report_SOAPdenovo2.stderr
  4  /home/miheenko/quast/libs/MUMmer3.23-linux/nucmer -c 65 -l 65 --maxmatch -p /Molly/miheenko/quast_results/res_metahit_final/runs_per_reference/Ruminococcus_sp_SR1_5/contigs_reports/nucmer_output/SPAdes \
     /Molly/miheenko/quast_results/res_metahit_final/runs_per_reference/Ruminococcus_sp_SR1_5/quast_corrected_input/Ruminococcus_sp_SR1_5.fasta \
     /Molly/miheenko/quast_results/res_metahit_final/quast_corrected_input/SPAdes_to_Ruminococcus_sp_SR1_5.fasta \
     >> /Molly/miheenko/quast_results/res_metahit_final/runs_per_reference/Ruminococcus_sp_SR1_5/contigs_reports/contigs_report_SPAdes.stdout \
     2>> /Molly/miheenko/quast_results/res_metahit_final/runs_per_reference/Ruminococcus_sp_SR1_5/contigs_reports/contigs_report_SPAdes.stderr
  2  /home/miheenko/quast/libs/MUMmer3.23-linux/nucmer -c 65 -l 65 --maxmatch -p /Molly/miheenko/quast_results/res_metahit_final/runs_per_reference/Ruminococcus_sp_SR1_5/contigs_reports/nucmer_output/Ray \
     /Molly/miheenko/quast_results/res_metahit_final/runs_per_reference/Ruminococcus_sp_SR1_5/quast_corrected_input/Ruminococcus_sp_SR1_5.fasta \
     /Molly/miheenko/quast_results/res_metahit_final/quast_corrected_input/Ray_to_Ruminococcus_sp_SR1_5.fasta \
     >> /Molly/miheenko/quast_results/res_metahit_final/runs_per_reference/Ruminococcus_sp_SR1_5/contigs_reports/contigs_report_Ray.stdout \
     2>> /Molly/miheenko/quast_results/res_metahit_final/runs_per_reference/Ruminococcus_sp_SR1_5/contigs_reports/contigs_report_Ray.stderr
  1  /home/miheenko/quast/libs/MUMmer3.23-linux/nucmer -c 65 -l 65 --maxmatch -p /Molly/miheenko/quast_results/res_metahit_final/runs_per_reference/Ruminococcus_sp_SR1_5/contigs_reports/nucmer_output/IDBA_UD \
     /Molly/miheenko/quast_results/res_metahit_final/runs_per_reference/Ruminococcus_sp_SR1_5/quast_corrected_input/Ruminococcus_sp_SR1_5.fasta \
     /Molly/miheenko/quast_results/res_metahit_final/quast_corrected_input/IDBA_UD_to_Ruminococcus_sp_SR1_5.fasta \
     >> /Molly/miheenko/quast_results/res_metahit_final/runs_per_reference/Ruminococcus_sp_SR1_5/contigs_reports/contigs_report_IDBA_UD.stdout \
     2>> /Molly/miheenko/quast_results/res_metahit_final/runs_per_reference/Ruminococcus_sp_SR1_5/contigs_reports/contigs_report_IDBA_UD.stderr
  3  /home/miheenko/quast/libs/MUMmer3.23-linux/delta-filter -i 95 -l 0 /Molly/miheenko/quast_results/res_metahit_final/runs_per_reference/Ruminococcus_sp_SR1_5/contigs_reports/nucmer_output/SOAPdenovo2.delta \
     > /Molly/miheenko/quast_results/res_metahit_final/runs_per_reference/Ruminococcus_sp_SR1_5/contigs_reports/nucmer_output/SOAPdenovo2.fdelta \
     2> /Molly/miheenko/quast_results/res_metahit_final/runs_per_reference/Ruminococcus_sp_SR1_5/contigs_reports/contigs_report_SOAPdenovo2.stderr
  2  /home/miheenko/quast/libs/MUMmer3.23-linux/delta-filter -i 95 -l 0 /Molly/miheenko/quast_results/res_metahit_final/runs_per_reference/Ruminococcus_sp_SR1_5/contigs_reports/nucmer_output/Ray.delta \
     > /Molly/miheenko/quast_results/res_metahit_final/runs_per_reference/Ruminococcus_sp_SR1_5/contigs_reports/nucmer_output/Ray.fdelta \
     2> /Molly/miheenko/quast_results/res_metahit_final/runs_per_reference/Ruminococcus_sp_SR1_5/contigs_reports/contigs_report_Ray.stderr
  3  /home/miheenko/quast/libs/MUMmer3.23-linux/show-coords /Molly/miheenko/quast_results/res_metahit_final/runs_per_reference/Ruminococcus_sp_SR1_5/contigs_reports/nucmer_output/SOAPdenovo2.delta \
     > /Molly/miheenko/quast_results/res_metahit_final/runs_per_reference/Ruminococcus_sp_SR1_5/contigs_reports/nucmer_output/SOAPdenovo2.coords_tmp \
     2> /Molly/miheenko/quast_results/res_metahit_final/runs_per_reference/Ruminococcus_sp_SR1_5/contigs_reports/contigs_report_SOAPdenovo2.stderr
  2  /home/miheenko/quast/libs/MUMmer3.23-linux/show-coords /Molly/miheenko/quast_results/res_metahit_final/runs_per_reference/Ruminococcus_sp_SR1_5/contigs_reports/nucmer_output/Ray.delta \
     > /Molly/miheenko/quast_results/res_metahit_final/runs_per_reference/Ruminococcus_sp_SR1_5/contigs_reports/nucmer_output/Ray.coords_tmp \
     2> /Molly/miheenko/quast_results/res_metahit_final/runs_per_reference/Ruminococcus_sp_SR1_5/contigs_reports/contigs_report_Ray.stderr
  3  /home/miheenko/quast/libs/MUMmer3.23-linux/show-snps -S -T -H /Molly/miheenko/quast_results/res_metahit_final/runs_per_reference/Ruminococcus_sp_SR1_5/contigs_reports/nucmer_output/SOAPdenovo2.delta \
     < /Molly/miheenko/quast_results/res_metahit_final/runs_per_reference/Ruminococcus_sp_SR1_5/contigs_reports/nucmer_output/SOAPdenovo2.coords.headless \
     > /Molly/miheenko/quast_results/res_metahit_final/runs_per_reference/Ruminococcus_sp_SR1_5/contigs_reports/nucmer_output/SOAPdenovo2.all_snps \
     2> /Molly/miheenko/quast_results/res_metahit_final/runs_per_reference/Ruminococcus_sp_SR1_5/contigs_reports/contigs_report_SOAPdenovo2.stderr
  2  /home/miheenko/quast/libs/MUMmer3.23-linux/show-snps -S -T -H /Molly/miheenko/quast_results/res_metahit_final/runs_per_reference/Ruminococcus_sp_SR1_5/contigs_reports/nucmer_output/Ray.delta \
     < /Molly/miheenko/quast_results/res_metahit_final/runs_per_reference/Ruminococcus_sp_SR1_5/contigs_reports/nucmer_output/Ray.coords.headless \
     > /Molly/miheenko/quast_results/res_metahit_final/runs_per_reference/Ruminococcus_sp_SR1_5/contigs_reports/nucmer_output/Ray.all_snps \
     2> /Molly/miheenko/quast_results/res_metahit_final/runs_per_reference/Ruminococcus_sp_SR1_5/contigs_reports/contigs_report_Ray.stderr
  1  /home/miheenko/quast/libs/MUMmer3.23-linux/delta-filter -i 95 -l 0 /Molly/miheenko/quast_results/res_metahit_final/runs_per_reference/Ruminococcus_sp_SR1_5/contigs_reports/nucmer_output/IDBA_UD.delta \
     > /Molly/miheenko/quast_results/res_metahit_final/runs_per_reference/Ruminococcus_sp_SR1_5/contigs_reports/nucmer_output/IDBA_UD.fdelta \
     2> /Molly/miheenko/quast_results/res_metahit_final/runs_per_reference/Ruminococcus_sp_SR1_5/contigs_reports/contigs_report_IDBA_UD.stderr
  4  /home/miheenko/quast/libs/MUMmer3.23-linux/delta-filter -i 95 -l 0 /Molly/miheenko/quast_results/res_metahit_final/runs_per_reference/Ruminococcus_sp_SR1_5/contigs_reports/nucmer_output/SPAdes.delta \
     > /Molly/miheenko/quast_results/res_metahit_final/runs_per_reference/Ruminococcus_sp_SR1_5/contigs_reports/nucmer_output/SPAdes.fdelta \
     2> /Molly/miheenko/quast_results/res_metahit_final/runs_per_reference/Ruminococcus_sp_SR1_5/contigs_reports/contigs_report_SPAdes.stderr
  1  /home/miheenko/quast/libs/MUMmer3.23-linux/show-coords /Molly/miheenko/quast_results/res_metahit_final/runs_per_reference/Ruminococcus_sp_SR1_5/contigs_reports/nucmer_output/IDBA_UD.delta \
     > /Molly/miheenko/quast_results/res_metahit_final/runs_per_reference/Ruminococcus_sp_SR1_5/contigs_reports/nucmer_output/IDBA_UD.coords_tmp \
     2> /Molly/miheenko/quast_results/res_metahit_final/runs_per_reference/Ruminococcus_sp_SR1_5/contigs_reports/contigs_report_IDBA_UD.stderr
  4  /home/miheenko/quast/libs/MUMmer3.23-linux/show-coords /Molly/miheenko/quast_results/res_metahit_final/runs_per_reference/Ruminococcus_sp_SR1_5/contigs_reports/nucmer_output/SPAdes.delta \
     > /Molly/miheenko/quast_results/res_metahit_final/runs_per_reference/Ruminococcus_sp_SR1_5/contigs_reports/nucmer_output/SPAdes.coords_tmp \
     2> /Molly/miheenko/quast_results/res_metahit_final/runs_per_reference/Ruminococcus_sp_SR1_5/contigs_reports/contigs_report_SPAdes.stderr
  1  /home/miheenko/quast/libs/MUMmer3.23-linux/show-snps -S -T -H /Molly/miheenko/quast_results/res_metahit_final/runs_per_reference/Ruminococcus_sp_SR1_5/contigs_reports/nucmer_output/IDBA_UD.delta \
     < /Molly/miheenko/quast_results/res_metahit_final/runs_per_reference/Ruminococcus_sp_SR1_5/contigs_reports/nucmer_output/IDBA_UD.coords.headless \
     > /Molly/miheenko/quast_results/res_metahit_final/runs_per_reference/Ruminococcus_sp_SR1_5/contigs_reports/nucmer_output/IDBA_UD.all_snps \
     2> /Molly/miheenko/quast_results/res_metahit_final/runs_per_reference/Ruminococcus_sp_SR1_5/contigs_reports/contigs_report_IDBA_UD.stderr
  2  Alignments: ../../../../../../Molly/miheenko/quast_results/res_metahit_final/runs_per_reference/Ruminococcus_sp_SR1_5/contigs_reports/alignments_Ray.tsv
  2  Analysis is finished.

  4  /home/miheenko/quast/libs/MUMmer3.23-linux/show-snps -S -T -H /Molly/miheenko/quast_results/res_metahit_final/runs_per_reference/Ruminococcus_sp_SR1_5/contigs_reports/nucmer_output/SPAdes.delta \
     < /Molly/miheenko/quast_results/res_metahit_final/runs_per_reference/Ruminococcus_sp_SR1_5/contigs_reports/nucmer_output/SPAdes.coords.headless \
     > /Molly/miheenko/quast_results/res_metahit_final/runs_per_reference/Ruminococcus_sp_SR1_5/contigs_reports/nucmer_output/SPAdes.all_snps \
     2> /Molly/miheenko/quast_results/res_metahit_final/runs_per_reference/Ruminococcus_sp_SR1_5/contigs_reports/contigs_report_SPAdes.stderr
  3  Alignments: ../../../../../../Molly/miheenko/quast_results/res_metahit_final/runs_per_reference/Ruminococcus_sp_SR1_5/contigs_reports/alignments_SOAPdenovo2.tsv
  3  Analysis is finished.

  1  Alignments: ../../../../../../Molly/miheenko/quast_results/res_metahit_final/runs_per_reference/Ruminococcus_sp_SR1_5/contigs_reports/alignments_IDBA_UD.tsv
  1  Analysis is finished.

  4  Alignments: ../../../../../../Molly/miheenko/quast_results/res_metahit_final/runs_per_reference/Ruminococcus_sp_SR1_5/contigs_reports/alignments_SPAdes.tsv
  4  Analysis is finished.

  Creating total report...
    saved to /Molly/miheenko/quast_results/res_metahit_final/runs_per_reference/Ruminococcus_sp_SR1_5/contigs_reports/misassemblies_report.txt, misassemblies_report.tsv, and misassemblies_report.tex
  Transposed version of total report...
    saved to /Molly/miheenko/quast_results/res_metahit_final/runs_per_reference/Ruminococcus_sp_SR1_5/contigs_reports/transposed_report_misassemblies.txt, transposed_report_misassemblies.tsv, and transposed_report_misassemblies.tex
  Creating total report...
    saved to /Molly/miheenko/quast_results/res_metahit_final/runs_per_reference/Ruminococcus_sp_SR1_5/contigs_reports/unaligned_report.txt, unaligned_report.tsv, and unaligned_report.tex
  Drawing misassemblies by types plot...
    saved to /Molly/miheenko/quast_results/res_metahit_final/runs_per_reference/Ruminococcus_sp_SR1_5/contigs_reports/misassemblies_plot.png
Done.

2015-10-29 02:08:27
Running NA-NGA calculation...
  1  IDBA_UD, Largest alignment = 9029, NA50 = None, LA50 = None
  2  Ray, Largest alignment = 5104, NA50 = None, LA50 = None
  3  SOAPdenovo2, Largest alignment = 2413, NA50 = 553, LA50 = 29
  4  SPAdes, Largest alignment = 5105, NA50 = None, LA50 = None
  Drawing cumulative plot...
    saved to /Molly/miheenko/quast_results/res_metahit_final/runs_per_reference/Ruminococcus_sp_SR1_5/aligned_stats/cumulative_plot.png
  Drawing NAx plot...
    saved to /Molly/miheenko/quast_results/res_metahit_final/runs_per_reference/Ruminococcus_sp_SR1_5/aligned_stats/NAx_plot.png
  Drawing NGAx plot...
    saved to /Molly/miheenko/quast_results/res_metahit_final/runs_per_reference/Ruminococcus_sp_SR1_5/aligned_stats/NGAx_plot.png
Done.

2015-10-29 02:08:28
Running Genome analyzer...
  NOTICE: No file with genes provided. Use the -G option if you want to specify it.
  NOTICE: No file with operons provided. Use the -O option if you want to specify it.
  1  IDBA_UD
  2  Ray
  3  SOAPdenovo2
  4  SPAdes
  3  Analysis is finished.
  2  Analysis is finished.
  1  Analysis is finished.
  4  Analysis is finished.
  Drawing Genome fraction, % histogram...
    saved to /Molly/miheenko/quast_results/res_metahit_final/runs_per_reference/Ruminococcus_sp_SR1_5/genome_stats/genome_fraction_histogram.png
Done.

NOTICE: Genes are not predicted by default. Use --gene-finding option to enable it.

2015-10-29 02:08:29
Drawing large plots...
This may take a while: press Ctrl-C to skip this step..
  1 of 2: Creating contig alignment plot...
  2 of 2: Creating PDF with all tables and plots...
Done

2015-10-29 02:08:33
RESULTS:
  Text versions of total report are saved to /Molly/miheenko/quast_results/res_metahit_final/runs_per_reference/Ruminococcus_sp_SR1_5/report.txt, report.tsv, and report.tex
  Text versions of transposed total report are saved to /Molly/miheenko/quast_results/res_metahit_final/runs_per_reference/Ruminococcus_sp_SR1_5/transposed_report.txt, transposed_report.tsv, and transposed_report.tex
  HTML version (interactive tables and plots) saved to /Molly/miheenko/quast_results/res_metahit_final/runs_per_reference/Ruminococcus_sp_SR1_5/report.html
  PDF version (tables and plots) saved to /Molly/miheenko/quast_results/res_metahit_final/runs_per_reference/Ruminococcus_sp_SR1_5/report.pdf
  Contig alignment plot: /Molly/miheenko/quast_results/res_metahit_final/runs_per_reference/Ruminococcus_sp_SR1_5/alignment.svg
