Aligning contigs to reference...
	Using existing Nucmer alignments...
Parsing coords...
Loading reference...
	Loaded [Anaerotruncus_colihominis_gi_224021158_ref_NZ_]
Loading SNPs...
Loading regions...
	No regions given, using whole reference.
	Total Regions: 1
	Total Region Length: 3719688
Analyzing contigs...
CONTIG: NODE_206_length_39677_cov_5.33065_ID_411 (39677bp)
Top Length: 28907  Top ID: 97.61
		This contig is misassembled. 3 total aligns.
			Real Alignment 1: 352624 381529 | 1955 30861 | 28906 28907 | 97.61 | Anaerotruncus_colihominis_gi_224021158_ref_NZ_ NODE_206_length_39677_cov_5.33065_ID_411
			  Fake misassembly (caused by structural variations of genome) between these two alignments
			Real Alignment 2: 382364 383101 | 36852 37591 | 738 740 | 97.3 | Anaerotruncus_colihominis_gi_224021158_ref_NZ_ NODE_206_length_39677_cov_5.33065_ID_411
			  Fake misassembly (caused by structural variations of genome) between these two alignments
			Real Alignment 3: 1133325 1135360 | 37592 39628 | 2036 2037 | 96.76 | Anaerotruncus_colihominis_gi_224021158_ref_NZ_ NODE_206_length_39677_cov_5.33065_ID_411
		This contig has significant unaligned parts (of length >= min-contig)! It can contain interspecies translocations

CONTIG: NODE_363_length_28342_cov_5.34348_ID_725 (28342bp)
Top Length: 21525  Top ID: 97.28
		This contig is partially unaligned. (Aligned 21525 out of 28342 bases)
		Alignment: 1174075 1195600 | 22038 514 | 21526 21525 | 97.28 | Anaerotruncus_colihominis_gi_224021158_ref_NZ_ NODE_363_length_28342_cov_5.34348_ID_725
		Unaligned bases: 1 to 513 (513)
		Unaligned bases: 22039 to 28342 (6304)
		This contig has both significant aligned and unaligned parts (of length >= min-contig)! It can contain interspecies translocations

CONTIG: NODE_383_length_27250_cov_5.85181_ID_765 (27250bp)
Top Length: 317  Top ID: 95.9
			Skipping redundant alignments after choosing the best set of alignments
		Skipping redundant alignment 2584464 2584780 | 27250 26934 | 317 317 | 95.9 | Anaerotruncus_colihominis_gi_224021158_ref_NZ_ NODE_383_length_27250_cov_5.85181_ID_765
		This contig is partially unaligned. (Aligned 317 out of 27250 bases)
		Alignment: 182180 182496 | 27250 26934 | 317 317 | 95.27 | Anaerotruncus_colihominis_gi_224021158_ref_NZ_ NODE_383_length_27250_cov_5.85181_ID_765
		Unaligned bases: 1 to 26933 (26933)

CONTIG: NODE_510_length_21524_cov_4.3975_ID_1019 (21524bp)
Top Length: 5447  Top ID: 95.95
		This contig is partially unaligned. (Aligned 5447 out of 21524 bases)
		Alignment: 2612771 2618217 | 21524 16078 | 5447 5447 | 95.95 | Anaerotruncus_colihominis_gi_224021158_ref_NZ_ NODE_510_length_21524_cov_4.3975_ID_1019
		Unaligned bases: 1 to 16077 (16077)
		This contig has both significant aligned and unaligned parts (of length >= min-contig)! It can contain interspecies translocations

CONTIG: NODE_724_length_16096_cov_4.99059_ID_1447 (16096bp)
Top Length: 9814  Top ID: 95.49
		This contig is partially unaligned. (Aligned 9814 out of 16096 bases)
		Alignment: 1135357 1145178 | 16048 6235 | 9822 9814 | 95.49 | Anaerotruncus_colihominis_gi_224021158_ref_NZ_ NODE_724_length_16096_cov_4.99059_ID_1447
		Unaligned bases: 1 to 6234 (6234)
		Unaligned bases: 16049 to 16096 (48)
		This contig has both significant aligned and unaligned parts (of length >= min-contig)! It can contain interspecies translocations

CONTIG: NODE_2060_length_6565_cov_1.5616_ID_4119 (6565bp)
Top Length: 399  Top ID: 95.99
		This contig is partially unaligned. (Aligned 399 out of 6565 bases)
		Alignment: 3219821 3220219 | 6565 6167 | 399 399 | 95.99 | Anaerotruncus_colihominis_gi_224021158_ref_NZ_ NODE_2060_length_6565_cov_1.5616_ID_4119
		Unaligned bases: 1 to 6166 (6166)

CONTIG: NODE_2724_length_5319_cov_4.60182_ID_5447 (5319bp)
Top Length: 79  Top ID: 97.47
		This contig is partially unaligned. (Aligned 79 out of 5319 bases)
		Alignment: 953935 954013 | 4873 4951 | 79 79 | 97.47 | Anaerotruncus_colihominis_gi_224021158_ref_NZ_ NODE_2724_length_5319_cov_4.60182_ID_5447
		Unaligned bases: 1 to 4872 (4872)
		Unaligned bases: 4952 to 5319 (368)

CONTIG: NODE_3141_length_4770_cov_1.08568_ID_6281 (4770bp)
Top Length: 3183  Top ID: 96.61
		This contig is misassembled. 2 total aligns.
			Real Alignment 1: 1459953 1463135 | 3727 545 | 3183 3183 | 96.61 | Anaerotruncus_colihominis_gi_224021158_ref_NZ_ NODE_3141_length_4770_cov_1.08568_ID_6281
			  Fake misassembly between these two alignments: inconsistency = 6 , gap in the contig is small or absent or filled mostly with Ns (long indel: deletion of length 6; 0 mismatches)
			Real Alignment 2: 1458904 1459766 | 4770 3908 | 863 863 | 96.87 | Anaerotruncus_colihominis_gi_224021158_ref_NZ_ NODE_3141_length_4770_cov_1.08568_ID_6281
		This contig has significant unaligned parts (of length >= min-contig)! It can contain interspecies translocations

CONTIG: NODE_5453_length_3103_cov_2.52133_ID_10905 (3103bp)
Top Length: 1494  Top ID: 95.66
		This contig is partially unaligned. (Aligned 1494 out of 3103 bases)
		Alignment: 2598114 2599607 | 1 1494 | 1494 1494 | 95.66 | Anaerotruncus_colihominis_gi_224021158_ref_NZ_ NODE_5453_length_3103_cov_2.52133_ID_10905
		Unaligned bases: 1495 to 3103 (1609)
		This contig has both significant aligned and unaligned parts (of length >= min-contig)! It can contain interspecies translocations

CONTIG: NODE_5628_length_3027_cov_3.86709_ID_11255 (3027bp)
Top Length: 3027  Top ID: 99.57
		One align captures most of this contig: 2565453 2568483 | 3027 1 | 3031 3027 | 99.57 | Anaerotruncus_colihominis_gi_224021158_ref_NZ_ NODE_5628_length_3027_cov_3.86709_ID_11255

CONTIG: NODE_6429_length_2704_cov_13.4806_ID_12857 (2704bp)
Top Length: 2259  Top ID: 97.7
			Skipping redundant alignments after choosing the best set of alignments
		Skipping redundant alignment 2592335 2594594 | 4 2263 | 2260 2260 | 96.59 | Anaerotruncus_colihominis_gi_224021158_ref_NZ_ NODE_6429_length_2704_cov_13.4806_ID_12857
		This contig is partially unaligned. (Aligned 2259 out of 2704 bases)
		Alignment: 190233 192491 | 4 2262 | 2259 2259 | 97.7 | Anaerotruncus_colihominis_gi_224021158_ref_NZ_ NODE_6429_length_2704_cov_13.4806_ID_12857
		Unaligned bases: 1 to 3 (3)
		Unaligned bases: 2263 to 2704 (442)

CONTIG: NODE_8474_length_2130_cov_2.08193_ID_16947 (2130bp)
Top Length: 164  Top ID: 98.78
			Skipping redundant alignments after choosing the best set of alignments
		Skipping redundant alignment 2587840 2588003 | 164 1 | 164 164 | 98.78 | Anaerotruncus_colihominis_gi_224021158_ref_NZ_ NODE_8474_length_2130_cov_2.08193_ID_16947
		This contig is partially unaligned. (Aligned 164 out of 2130 bases)
		Alignment: 185302 185465 | 164 1 | 164 164 | 98.17 | Anaerotruncus_colihominis_gi_224021158_ref_NZ_ NODE_8474_length_2130_cov_2.08193_ID_16947
		Unaligned bases: 165 to 2130 (1966)

CONTIG: NODE_11747_length_1588_cov_5.2968_ID_23493 (1588bp)
Top Length: 94  Top ID: 100.0
		This contig is partially unaligned. (Aligned 94 out of 1588 bases)
		Alignment: 2577692 2577785 | 1477 1570 | 94 94 | 100.0 | Anaerotruncus_colihominis_gi_224021158_ref_NZ_ NODE_11747_length_1588_cov_5.2968_ID_23493
		Unaligned bases: 1 to 1476 (1476)
		Unaligned bases: 1571 to 1588 (18)

CONTIG: NODE_12780_length_1469_cov_3.78925_ID_25559 (1469bp)
Top Length: 1469  Top ID: 97.21
		One align captures most of this contig: 2595630 2597098 | 1 1469 | 1469 1469 | 97.21 | Anaerotruncus_colihominis_gi_224021158_ref_NZ_ NODE_12780_length_1469_cov_3.78925_ID_25559

CONTIG: NODE_13084_length_1438_cov_3.49819_ID_26167 (1438bp)
Top Length: 72  Top ID: 100.0
		This contig is partially unaligned. (Aligned 72 out of 1438 bases)
		Alignment: 3470760 3470831 | 1367 1438 | 72 72 | 100.0 | Anaerotruncus_colihominis_gi_224021158_ref_NZ_ NODE_13084_length_1438_cov_3.49819_ID_26167
		Unaligned bases: 1 to 1366 (1366)

CONTIG: NODE_13125_length_1435_cov_3.39203_ID_26249 (1435bp)
Top Length: 159  Top ID: 95.6
		This contig is partially unaligned. (Aligned 159 out of 1435 bases)
		Alignment: 2584040 2584196 | 159 1 | 157 159 | 95.6 | Anaerotruncus_colihominis_gi_224021158_ref_NZ_ NODE_13125_length_1435_cov_3.39203_ID_26249
		Unaligned bases: 160 to 1435 (1276)

CONTIG: NODE_13437_length_1404_cov_17.3832_ID_26873 (1404bp)
Top Length: 1404  Top ID: 97.51
		One align captures most of this contig: 2564104 2565507 | 1 1404 | 1404 1404 | 97.51 | Anaerotruncus_colihominis_gi_224021158_ref_NZ_ NODE_13437_length_1404_cov_17.3832_ID_26873

CONTIG: NODE_13717_length_1377_cov_0.914523_ID_27433 (1377bp)
Top Length: 252  Top ID: 95.65
		This contig is partially unaligned. (Aligned 252 out of 1377 bases)
		Alignment: 1342280 1342531 | 543 794 | 252 252 | 95.65 | Anaerotruncus_colihominis_gi_224021158_ref_NZ_ NODE_13717_length_1377_cov_0.914523_ID_27433
		Unaligned bases: 1 to 542 (542)
		Unaligned bases: 795 to 1377 (583)

CONTIG: NODE_14453_length_1313_cov_17.4746_ID_28905 (1313bp)
Top Length: 1313  Top ID: 98.17
		This contig has 2 significant alignments. [An ambiguously mapped contig]
		Using only first of these alignment (option --ambiguity-usage is set to "one"):
		Alignment: 184153 185465 | 1313 1 | 1313 1313 | 98.17 | Anaerotruncus_colihominis_gi_224021158_ref_NZ_ NODE_14453_length_1313_cov_17.4746_ID_28905
		Skipping alignment  2586691 2588003 | 1313 1 | 1313 1313 | 97.64 | Anaerotruncus_colihominis_gi_224021158_ref_NZ_ NODE_14453_length_1313_cov_17.4746_ID_28905

CONTIG: NODE_18725_length_1025_cov_0.584536_ID_37449 (1025bp)
Top Length: 696  Top ID: 98.71
		This contig is misassembled. 2 total aligns.
			Real Alignment 1: 1340508 1341204 | 725 30 | 697 696 | 98.71 | Anaerotruncus_colihominis_gi_224021158_ref_NZ_ NODE_18725_length_1025_cov_0.584536_ID_37449
			  Fake misassembly between these two alignments: inconsistency = 1 , gap in the contig is small or absent or filled mostly with Ns (short indel: deletion of length 1; 0 mismatches)
			Real Alignment 2: 1340207 1340415 | 1025 817 | 209 209 | 98.56 | Anaerotruncus_colihominis_gi_224021158_ref_NZ_ NODE_18725_length_1025_cov_0.584536_ID_37449

CONTIG: NODE_20117_length_955_cov_0.487778_ID_40233 (955bp)
Top Length: 67  Top ID: 100.0
		This contig is partially unaligned. (Aligned 67 out of 955 bases)
		Alignment: 3231777 3231843 | 239 305 | 67 67 | 100.0 | Anaerotruncus_colihominis_gi_224021158_ref_NZ_ NODE_20117_length_955_cov_0.487778_ID_40233
		Unaligned bases: 1 to 238 (238)
		Unaligned bases: 306 to 955 (650)

CONTIG: NODE_39229_length_515_cov_2.58913_ID_78457 (515bp)
Top Length: 515  Top ID: 97.67
		One align captures most of this contig: 1346347 1346861 | 1 515 | 515 515 | 97.67 | Anaerotruncus_colihominis_gi_224021158_ref_NZ_ NODE_39229_length_515_cov_2.58913_ID_78457

Analyzing coverage...
Writing SNPs into /Molly/gurevich/MetaQUAST/res_final/res_metahit_final/runs_per_reference/Anaerotruncus_colihominis/contigs_reports/nucmer_output/SPAdes.used_snps
	Reference Anaerotruncus_colihominis_gi_224021158_ref_NZ_: 26 total alignments. 1 total regions.
		Region: 1 to 3719688 (3719688 bp)
			START in gap: 1 to 182180 (182179 bp)
			Align 1: 182180 182496 NODE_383_length_27250_cov_5.85181_ID_765 27250 26934
				Gap between this and next alignment: 182496 to 184153 (1656 bp)
				Next Alignment: 184153 185465 NODE_14453_length_1313_cov_17.4746_ID_28905 1313 1

			Align 2: 184153 185465 NODE_14453_length_1313_cov_17.4746_ID_28905 1313 1
				The next alignment (185302 185465 NODE_8474_length_2130_cov_2.08193_ID_16947 164 1) is redundant. Skipping.
				Gap between this and next alignment: 185465 to 190233 (4767 bp)
				Next Alignment: 190233 192491 NODE_6429_length_2704_cov_13.4806_ID_12857 4 2262

			Align 4: 190233 192491 NODE_6429_length_2704_cov_13.4806_ID_12857 4 2262
				Gap between this and next alignment: 192491 to 352624 (160132 bp)
				Next Alignment: 352624 381529 NODE_206_length_39677_cov_5.33065_ID_411 1955 30861

			Align 5: 352624 381529 NODE_206_length_39677_cov_5.33065_ID_411 1955 30861
				Gap between this and next alignment: 381529 to 382364 (834 bp)
				Next Alignment: 382364 383101 NODE_206_length_39677_cov_5.33065_ID_411 36852 37591

			Align 6: 382364 383101 NODE_206_length_39677_cov_5.33065_ID_411 36852 37591
				Gap between this and next alignment: 383101 to 953935 (570833 bp)
				Next Alignment: 953935 954013 NODE_2724_length_5319_cov_4.60182_ID_5447 4873 4951

			Align 7: 953935 954013 NODE_2724_length_5319_cov_4.60182_ID_5447 4873 4951
				Gap between this and next alignment: 954013 to 1133325 (179311 bp)
				Next Alignment: 1133325 1135360 NODE_206_length_39677_cov_5.33065_ID_411 37592 39628

			Align 8: 1133325 1135360 NODE_206_length_39677_cov_5.33065_ID_411 37592 39628
				Negative gap (overlap) between this and next alignment: 1135360 to 1135357 (-3 bp)
				Next Alignment: 1135357 1145178 NODE_724_length_16096_cov_4.99059_ID_1447 16048 6235

			Previous gap was negative, modifying coordinates to ignore overlap
				Moving contig start from 16048 to 16044.
			Align 9: 1135361 1145178 NODE_724_length_16096_cov_4.99059_ID_1447 16044 6235
				Gap between this and next alignment: 1145178 to 1174075 (28896 bp)
				Next Alignment: 1174075 1195600 NODE_363_length_28342_cov_5.34348_ID_725 22038 514

			Align 10: 1174075 1195600 NODE_363_length_28342_cov_5.34348_ID_725 22038 514
				Gap between this and next alignment: 1195600 to 1340207 (144606 bp)
				Next Alignment: 1340207 1340415 NODE_18725_length_1025_cov_0.584536_ID_37449 1025 817

			Align 11: 1340207 1340415 NODE_18725_length_1025_cov_0.584536_ID_37449 1025 817
				Gap between this and next alignment: 1340415 to 1340508 (92 bp)
				Next Alignment: 1340508 1341204 NODE_18725_length_1025_cov_0.584536_ID_37449 725 30

			Align 12: 1340508 1341204 NODE_18725_length_1025_cov_0.584536_ID_37449 725 30
				Gap between this and next alignment: 1341204 to 1342280 (1075 bp)
				Next Alignment: 1342280 1342531 NODE_13717_length_1377_cov_0.914523_ID_27433 543 794

			Align 13: 1342280 1342531 NODE_13717_length_1377_cov_0.914523_ID_27433 543 794
				Gap between this and next alignment: 1342531 to 1346347 (3815 bp)
				Next Alignment: 1346347 1346861 NODE_39229_length_515_cov_2.58913_ID_78457 1 515

			Align 14: 1346347 1346861 NODE_39229_length_515_cov_2.58913_ID_78457 1 515
				Gap between this and next alignment: 1346861 to 1458904 (112042 bp)
				Next Alignment: 1458904 1459766 NODE_3141_length_4770_cov_1.08568_ID_6281 4770 3908

			Align 15: 1458904 1459766 NODE_3141_length_4770_cov_1.08568_ID_6281 4770 3908
				Gap between this and next alignment: 1459766 to 1459953 (186 bp)
				Next Alignment: 1459953 1463135 NODE_3141_length_4770_cov_1.08568_ID_6281 3727 545

			Align 16: 1459953 1463135 NODE_3141_length_4770_cov_1.08568_ID_6281 3727 545
				Gap between this and next alignment: 1463135 to 2564104 (1100968 bp)
				Next Alignment: 2564104 2565507 NODE_13437_length_1404_cov_17.3832_ID_26873 1 1404

			Align 17: 2564104 2565507 NODE_13437_length_1404_cov_17.3832_ID_26873 1 1404
				Negative gap (overlap) between this and next alignment: 2565507 to 2565453 (-54 bp)
				Next Alignment: 2565453 2568483 NODE_5628_length_3027_cov_3.86709_ID_11255 3027 1

			Previous gap was negative, modifying coordinates to ignore overlap
				Moving contig start from 3027 to 2972.
			Align 18: 2565508 2568483 NODE_5628_length_3027_cov_3.86709_ID_11255 2972 1
				Gap between this and next alignment: 2568483 to 2577692 (9208 bp)
				Next Alignment: 2577692 2577785 NODE_11747_length_1588_cov_5.2968_ID_23493 1477 1570

			Align 19: 2577692 2577785 NODE_11747_length_1588_cov_5.2968_ID_23493 1477 1570
				Gap between this and next alignment: 2577785 to 2584040 (6254 bp)
				Next Alignment: 2584040 2584196 NODE_13125_length_1435_cov_3.39203_ID_26249 159 1

			Align 20: 2584040 2584196 NODE_13125_length_1435_cov_3.39203_ID_26249 159 1
				Gap between this and next alignment: 2584196 to 2595630 (11433 bp)
				Next Alignment: 2595630 2597098 NODE_12780_length_1469_cov_3.78925_ID_25559 1 1469

			Align 21: 2595630 2597098 NODE_12780_length_1469_cov_3.78925_ID_25559 1 1469
				Gap between this and next alignment: 2597098 to 2598114 (1015 bp)
				Next Alignment: 2598114 2599607 NODE_5453_length_3103_cov_2.52133_ID_10905 1 1494

			Align 22: 2598114 2599607 NODE_5453_length_3103_cov_2.52133_ID_10905 1 1494
				Gap between this and next alignment: 2599607 to 2612771 (13163 bp)
				Next Alignment: 2612771 2618217 NODE_510_length_21524_cov_4.3975_ID_1019 21524 16078

			Align 23: 2612771 2618217 NODE_510_length_21524_cov_4.3975_ID_1019 21524 16078
				Gap between this and next alignment: 2618217 to 3219821 (601603 bp)
				Next Alignment: 3219821 3220219 NODE_2060_length_6565_cov_1.5616_ID_4119 6565 6167

			Align 24: 3219821 3220219 NODE_2060_length_6565_cov_1.5616_ID_4119 6565 6167
				Gap between this and next alignment: 3220219 to 3231777 (11557 bp)
				Next Alignment: 3231777 3231843 NODE_20117_length_955_cov_0.487778_ID_40233 239 305

			Align 25: 3231777 3231843 NODE_20117_length_955_cov_0.487778_ID_40233 239 305
				Gap between this and next alignment: 3231843 to 3470760 (238916 bp)
				Next Alignment: 3470760 3470831 NODE_13084_length_1438_cov_3.49819_ID_26167 1367 1438

			Align 26: 3470760 3470831 NODE_13084_length_1438_cov_3.49819_ID_26167 1367 1438
			END in gap: 3470831 to 3719688 (248857 bp)

Analysis is finished!
Founded SNPs were written into /Molly/gurevich/MetaQUAST/res_final/res_metahit_final/runs_per_reference/Anaerotruncus_colihominis/contigs_reports/nucmer_output/SPAdes.used_snps

Results:
	Local Misassemblies: 0
	Misassemblies: 0
		Relocations: 0
		Translocations: 0
		Inversions: 0
	Fake misassemblies matched with structural variations: 2
	Misassembled Contigs: 0
	Misassembled Contig Bases: 0
	Misassemblies Inter-Contig Overlap: 0
Uncovered Regions: 0 (0)
Unaligned Contigs: 0 + 14 part
Partially Unaligned Contigs with Misassemblies: 0
Unaligned Contig Bases: 77684

Ambiguously Mapped Contigs: 1
Total Bases in Ambiguously Mapped Contigs: 1313
Note that --allow-ambiguity option was set to "one" and only first alignment per each contig was used.

	Covered Bases: 86290

	SNPs: 2380
	Insertions: 29
	Deletions: 46

	Positive Gaps: 24
		Internal Gaps:  3
		External Gaps:  21
		External Gap Total:  3632286
		External Gap Average: 172966
	Negative Gaps: 2
		Internal Overlaps:  0
		External Overlaps:  2
		External Overlaps Total: -57
		External Overlaps Average: -28
	Contigs with Redundant Alignments: 1 (164)
