/home/gurevich/rep/quast/quast.pyc -t 16 -j  --meta  --bed-file /Molly/gurevich/MetaQUAST/res_final/res_hmp_final/combined_reference/structural_variations/combined_reference.bed --combined-ref  --ambiguity-usage all -R /Molly/gurevich/MetaQUAST/res_final/res_hmp_final/quast_corrected_input/combined_reference.fasta -o /Molly/gurevich/MetaQUAST/res_final/res_hmp_final/combined_reference --labels "IDBA_UD, Ray, SOAPdenovo2, SPAdes" /Molly/gurevich/MetaQUAST/res_final/res_hmp_final/combined_reference/../quast_corrected_input/IDBA_UD.fasta /Molly/gurevich/MetaQUAST/res_final/res_hmp_final/combined_reference/../quast_corrected_input/Ray.fasta /Molly/gurevich/MetaQUAST/res_final/res_hmp_final/combined_reference/../quast_corrected_input/SOAPdenovo2.fasta /Molly/gurevich/MetaQUAST/res_final/res_hmp_final/combined_reference/../quast_corrected_input/SPAdes.fasta

Started: 2015-11-09 20:12:48

Logging to /Molly/gurevich/MetaQUAST/res_final/res_hmp_final/combined_reference/quast.log

NOTICE: Output directory already exists. Existing Nucmer alignments can be used.

Reference:
  /Molly/gurevich/MetaQUAST/res_final/res_hmp_final/quast_corrected_input/combined_reference.fasta ==> combined_reference

Contigs:
  1  /Molly/gurevich/MetaQUAST/res_final/res_hmp_final/combined_reference/../quast_corrected_input/IDBA_UD.fasta ==> IDBA_UD
  2  /Molly/gurevich/MetaQUAST/res_final/res_hmp_final/combined_reference/../quast_corrected_input/Ray.fasta ==> Ray
  3  /Molly/gurevich/MetaQUAST/res_final/res_hmp_final/combined_reference/../quast_corrected_input/SOAPdenovo2.fasta ==> SOAPdenovo2
  4  /Molly/gurevich/MetaQUAST/res_final/res_hmp_final/combined_reference/../quast_corrected_input/SPAdes.fasta ==> SPAdes

2015-11-09 20:13:28
Running Basic statistics processor...
  Reference genome:
    combined_reference.fasta__2, Reference length = 60553137, Reference GC % = 42.40
  Contig files: 
    1  IDBA_UD
    2  Ray
    3  SOAPdenovo2
    4  SPAdes
  Calculating N50 and L50...
    1  IDBA_UD, N50 = 2722, L50 = 5789, Total length = 99459279, GC % = 43.27, # N's per 100 kbp =  0.12
    2  Ray, N50 = 11920, L50 = 1152, Total length = 72065155, GC % = 42.89, # N's per 100 kbp =  661.67
    3  SOAPdenovo2, N50 = 2900, L50 = 3051, Total length = 64684975, GC % = 43.39, # N's per 100 kbp =  3523.30
    4  SPAdes, N50 = 3135, L50 = 4259, Total length = 92249098, GC % = 42.75, # N's per 100 kbp =  142.89
  Drawing Nx plot...
    saved to /Molly/gurevich/MetaQUAST/res_final/res_hmp_final/combined_reference/basic_stats/Nx_plot.pdf
  Drawing cumulative plot...
    saved to /Molly/gurevich/MetaQUAST/res_final/res_hmp_final/combined_reference/basic_stats/cumulative_plot.pdf
Done.

2015-11-09 20:14:01
Running Contig analyzer...
  1  IDBA_UD
  1  Logging to files /Molly/gurevich/MetaQUAST/res_final/res_hmp_final/combined_reference/contigs_reports/contigs_report_IDBA_UD.stdout and contigs_report_IDBA_UD.stderr...
  1  Using existing Nucmer alignments... 
  1  Alignments: contigs_reports/alignments_IDBA_UD.tsv
  1  Analysis is finished.

  2  Ray
  2  Logging to files /Molly/gurevich/MetaQUAST/res_final/res_hmp_final/combined_reference/contigs_reports/contigs_report_Ray.stdout and contigs_report_Ray.stderr...
  2  Using existing Nucmer alignments... 
  2  Alignments: contigs_reports/alignments_Ray.tsv
  2  Analysis is finished.

  3  SOAPdenovo2
  3  Logging to files /Molly/gurevich/MetaQUAST/res_final/res_hmp_final/combined_reference/contigs_reports/contigs_report_SOAPdenovo2.stdout and contigs_report_SOAPdenovo2.stderr...
  3  Using existing Nucmer alignments... 
  3  Alignments: contigs_reports/alignments_SOAPdenovo2.tsv
  3  Analysis is finished.

  4  SPAdes
  4  Logging to files /Molly/gurevich/MetaQUAST/res_final/res_hmp_final/combined_reference/contigs_reports/contigs_report_SPAdes.stdout and contigs_report_SPAdes.stderr...
  4  Using existing Nucmer alignments... 
  4  Alignments: contigs_reports/alignments_SPAdes.tsv
  4  Analysis is finished.

  Information about interspecies translocations by references is saved to /Molly/gurevich/MetaQUAST/res_final/res_hmp_final/combined_reference/contigs_reports/interspecies_translocations_by_refs.info
  Creating total report...
    saved to /Molly/gurevich/MetaQUAST/res_final/res_hmp_final/combined_reference/contigs_reports/misassemblies_report.txt, misassemblies_report.tsv, and misassemblies_report.tex
  Transposed version of total report...
    saved to /Molly/gurevich/MetaQUAST/res_final/res_hmp_final/combined_reference/contigs_reports/transposed_report_misassemblies.txt, transposed_report_misassemblies.tsv, and transposed_report_misassemblies.tex
  Creating total report...
    saved to /Molly/gurevich/MetaQUAST/res_final/res_hmp_final/combined_reference/contigs_reports/unaligned_report.txt, unaligned_report.tsv, and unaligned_report.tex
  Drawing misassemblies by types plot...
    saved to /Molly/gurevich/MetaQUAST/res_final/res_hmp_final/combined_reference/contigs_reports/misassemblies_plot.pdf
Done.

2015-11-09 20:18:01
Running NA-NGA calculation...
  1  IDBA_UD, Largest alignment = 281176, NA50 = None, LA50 = None
  2  Ray, Largest alignment = 281272, NA50 = None, LA50 = None
  3  SOAPdenovo2, Largest alignment = 248950, NA50 = None, LA50 = None
  4  SPAdes, Largest alignment = 281148, NA50 = None, LA50 = None
  Drawing cumulative plot...
    saved to /Molly/gurevich/MetaQUAST/res_final/res_hmp_final/combined_reference/aligned_stats/cumulative_plot.pdf
  Drawing NAx plot...
    saved to /Molly/gurevich/MetaQUAST/res_final/res_hmp_final/combined_reference/aligned_stats/NAx_plot.pdf
Done.

2015-11-09 20:18:10
Running Genome analyzer...
  NOTICE: No file with genes provided. Use the -G option if you want to specify it.
  NOTICE: No file with operons provided. Use the -O option if you want to specify it.
  1  IDBA_UD
  2  Ray
  3  SOAPdenovo2
  4  SPAdes
  3  Analysis is finished.
  2  Analysis is finished.
  4  Analysis is finished.
  1  Analysis is finished.
  Drawing Genome fraction, % histogram...
    saved to /Molly/gurevich/MetaQUAST/res_final/res_hmp_final/combined_reference/genome_stats/genome_fraction_histogram.pdf
Done.

NOTICE: Genes are not predicted by default. Use --gene-finding option to enable it.

2015-11-09 20:18:36
Drawing large plots...
This may take a while: press Ctrl-C to skip this step..
  1 of 2: Creating contig alignment plot...
..step skipped!

2015-11-09 20:20:41
RESULTS:
  Text versions of total report are saved to /Molly/gurevich/MetaQUAST/res_final/res_hmp_final/combined_reference/report.txt, report.tsv, and report.tex
  Text versions of transposed total report are saved to /Molly/gurevich/MetaQUAST/res_final/res_hmp_final/combined_reference/transposed_report.txt, transposed_report.tsv, and transposed_report.tex
  HTML version (interactive tables and plots) saved to /Molly/gurevich/MetaQUAST/res_final/res_hmp_final/combined_reference/report.html
