Aligning contigs to reference...
	Using existing Nucmer alignments...
Parsing coords...
Loading reference...
	Loaded [Clostridium_bolteae_gi_488642143_ref_NZ_]
Loading SNPs...
Loading regions...
	No regions given, using whole reference.
	Total Regions: 1
	Total Region Length: 6538460
Analyzing contigs...
CONTIG: scaffold_43 (94894bp)
Top Length: 85  Top ID: 98.82
		This contig is partially unaligned. (Aligned 85 out of 94894 bases)
		Alignment: 70808 70891 | 94460 94376 | 84 85 | 98.82 | Clostridium_bolteae_gi_488642143_ref_NZ_ scaffold_43
		Unaligned bases: 1 to 94375 (94375)
		Unaligned bases: 94461 to 94894 (434)

CONTIG: scaffold_209 (43793bp)
Top Length: 13877  Top ID: 99.85
		This contig is misassembled. 5 total aligns.
			Real Alignment 1: 5912819 5915437 | 7934 5315 | 2619 2620 | 97.98 | Clostridium_bolteae_gi_488642143_ref_NZ_ scaffold_209
			  Fake misassembly (caused by structural variations of genome) between these two alignments
			Real Alignment 2: 5900646 5910694 | 18006 7961 | 10049 10046 | 97.2 | Clostridium_bolteae_gi_488642143_ref_NZ_ scaffold_209
			  Overlap between these two alignments (local misassembly). Inconsistency = -18 
			Real Alignment 3: 5886673 5900549 | 31997 18121 | 13877 13877 | 99.85 | Clostridium_bolteae_gi_488642143_ref_NZ_ scaffold_209
			  Extensive misassembly ( relocation, inconsistency = -2506 ) between these two alignments
			Real Alignment 4: 5882399 5886673 | 38777 34503 | 4275 4275 | 100.0 | Clostridium_bolteae_gi_488642143_ref_NZ_ scaffold_209
			  Extensive misassembly ( relocation, inconsistency = -2409 ) between these two alignments
			Real Alignment 5: 5881105 5882401 | 42480 41184 | 1297 1297 | 100.0 | Clostridium_bolteae_gi_488642143_ref_NZ_ scaffold_209
		This contig has significant unaligned parts (of length >= min-contig)! It can contain interspecies translocations

CONTIG: scaffold_288 (26791bp)
Top Length: 87  Top ID: 97.7
		Skipping redundant alignment 5767457 5767533 | 4338 4262 | 77 77 | 100.0 | Clostridium_bolteae_gi_488642143_ref_NZ_ scaffold_288
		This contig is partially unaligned. (Aligned 87 out of 26791 bases)
		Alignment: 71156 71242 | 4258 4344 | 87 87 | 97.7 | Clostridium_bolteae_gi_488642143_ref_NZ_ scaffold_288
		Unaligned bases: 1 to 4257 (4257)
		Unaligned bases: 4345 to 26791 (22447)

CONTIG: scaffold_351 (46522bp)
Top Length: 2703  Top ID: 97.82
		This contig is partially unaligned. (Aligned 2703 out of 46522 bases)
		Alignment: 250254 252957 | 32365 29663 | 2704 2703 | 97.82 | Clostridium_bolteae_gi_488642143_ref_NZ_ scaffold_351
		Unaligned bases: 1 to 29662 (29662)
		Unaligned bases: 32366 to 46522 (14157)
		This contig has both significant aligned and unaligned parts (of length >= min-contig)! It can contain interspecies translocations

CONTIG: scaffold_728 (11530bp)
Top Length: 3450  Top ID: 97.88
		This contig is partially unaligned. (Aligned 3450 out of 11530 bases)
		Alignment: 241640 245089 | 4912 8361 | 3450 3450 | 97.88 | Clostridium_bolteae_gi_488642143_ref_NZ_ scaffold_728
		Unaligned bases: 1 to 4911 (4911)
		Unaligned bases: 8362 to 11530 (3169)
		This contig has both significant aligned and unaligned parts (of length >= min-contig)! It can contain interspecies translocations

CONTIG: scaffold_860 (9475bp)
Top Length: 7222  Top ID: 99.99
		This contig is partially unaligned. (Aligned 7222 out of 9475 bases)
		Alignment: 5868393 5875614 | 9186 1965 | 7222 7222 | 99.99 | Clostridium_bolteae_gi_488642143_ref_NZ_ scaffold_860
		Unaligned bases: 1 to 1964 (1964)
		Unaligned bases: 9187 to 9475 (289)
		This contig has both significant aligned and unaligned parts (of length >= min-contig)! It can contain interspecies translocations

CONTIG: scaffold_1205 (10672bp)
Top Length: 98  Top ID: 100.0
		This contig is partially unaligned. (Aligned 98 out of 10672 bases)
		Alignment: 2935862 2935959 | 10672 10575 | 98 98 | 100.0 | Clostridium_bolteae_gi_488642143_ref_NZ_ scaffold_1205
		Unaligned bases: 1 to 10574 (10574)

CONTIG: scaffold_1795 (6056bp)
Top Length: 6055  Top ID: 99.95
		One align captures most of this contig: 2929904 2935959 | 1 6055 | 6056 6055 | 99.95 | Clostridium_bolteae_gi_488642143_ref_NZ_ scaffold_1795

CONTIG: scaffold_2800 (3240bp)
Top Length: 189  Top ID: 96.83
		This contig is partially unaligned. (Aligned 189 out of 3240 bases)
		Alignment: 250372 250560 | 1 189 | 189 189 | 96.83 | Clostridium_bolteae_gi_488642143_ref_NZ_ scaffold_2800
		Unaligned bases: 190 to 3240 (3051)

CONTIG: scaffold_3628 (3076bp)
Top Length: 266  Top ID: 95.86
		This contig is partially unaligned. (Aligned 266 out of 3076 bases)
		Alignment: 194360 194624 | 1 266 | 265 266 | 95.86 | Clostridium_bolteae_gi_488642143_ref_NZ_ scaffold_3628
		Unaligned bases: 267 to 3076 (2810)

CONTIG: scaffold_3682 (2669bp)
Top Length: 2403  Top ID: 96.38
		This contig is partially unaligned. (Aligned 2403 out of 2669 bases)
		Alignment: 4400933 4403335 | 33 2435 | 2403 2403 | 96.38 | Clostridium_bolteae_gi_488642143_ref_NZ_ scaffold_3682
		Unaligned bases: 1 to 32 (32)
		Unaligned bases: 2436 to 2669 (234)

CONTIG: scaffold_4023 (3138bp)
Top Length: 68  Top ID: 100.0
		Skipping redundant alignment 2752988 2753052 | 2 66 | 65 65 | 100.0 | Clostridium_bolteae_gi_488642143_ref_NZ_ scaffold_4023
		This contig is partially unaligned. (Aligned 68 out of 3138 bases)
		Alignment: 2753011 2753078 | 1 68 | 68 68 | 100.0 | Clostridium_bolteae_gi_488642143_ref_NZ_ scaffold_4023
		Unaligned bases: 69 to 3138 (3070)

CONTIG: scaffold_4177 (4000bp)
Top Length: 4000  Top ID: 97.51
		One align captures most of this contig: 190329 194334 | 4000 1 | 4006 4000 | 97.51 | Clostridium_bolteae_gi_488642143_ref_NZ_ scaffold_4177

CONTIG: scaffold_4810 (2713bp)
Top Length: 172  Top ID: 97.09
		This contig is partially unaligned. (Aligned 172 out of 2713 bases)
		Alignment: 188283 188454 | 172 1 | 172 172 | 97.09 | Clostridium_bolteae_gi_488642143_ref_NZ_ scaffold_4810
		Unaligned bases: 173 to 2713 (2541)

CONTIG: scaffold_5926 (2241bp)
Top Length: 2241  Top ID: 96.52
		One align captures most of this contig: 208607 210847 | 1 2241 | 2241 2241 | 96.52 | Clostridium_bolteae_gi_488642143_ref_NZ_ scaffold_5926

CONTIG: scaffold_5975 (2566bp)
Top Length: 2566  Top ID: 98.21
		One align captures most of this contig: 194902 197468 | 2566 1 | 2567 2566 | 98.21 | Clostridium_bolteae_gi_488642143_ref_NZ_ scaffold_5975

CONTIG: scaffold_6051 (3721bp)
Top Length: 1334  Top ID: 95.8
		This contig is misassembled. 3 total aligns.
			Real Alignment 1: 4417935 4419088 | 1152 1 | 1154 1152 | 97.14 | Clostridium_bolteae_gi_488642143_ref_NZ_ scaffold_6051
			  Overlap between these two alignments (local misassembly). Inconsistency = -607 
			Excluding internal overlap of size 9 between Alignment 2 and 3:  4417388 4417935 | 2308 1759 | 548 550 --> 4417397 4417935 | 2299 1759 | 539 541
			Real Alignment 2: 4417397 4417935 | 2299 1759 | 539 541 | 95.45 | Clostridium_bolteae_gi_488642143_ref_NZ_ scaffold_6051
			  Extensive misassembly ( relocation, inconsistency = 52346 ) between these two alignments
			Real Alignment 3: 4363717 4365050 | 3633 2300 | 1334 1334 | 95.8 | Clostridium_bolteae_gi_488642143_ref_NZ_ scaffold_6051
		This contig has significant unaligned parts (of length >= min-contig)! It can contain interspecies translocations

CONTIG: scaffold_6163 (1847bp)
Top Length: 1847  Top ID: 97.78
		One align captures most of this contig: 203875 205721 | 1 1847 | 1847 1847 | 97.78 | Clostridium_bolteae_gi_488642143_ref_NZ_ scaffold_6163

CONTIG: scaffold_6309 (1817bp)
Top Length: 1817  Top ID: 97.14
		One align captures most of this contig: 202190 203973 | 1817 1 | 1784 1817 | 97.14 | Clostridium_bolteae_gi_488642143_ref_NZ_ scaffold_6309

CONTIG: scaffold_7305 (1772bp)
Top Length: 1772  Top ID: 98.93
		One align captures most of this contig: 212380 214150 | 1772 1 | 1771 1772 | 98.93 | Clostridium_bolteae_gi_488642143_ref_NZ_ scaffold_7305

CONTIG: scaffold_8937 (1418bp)
Top Length: 82  Top ID: 95.12
		This contig is misassembled. 2 total aligns.
			Warning! This contig is more unaligned than misassembled. Contig length is 1418 and total length of all aligns is 158
		Alignment: 62063 62138 | 495 570 | 76 76 | 100.0 | Clostridium_bolteae_gi_488642143_ref_NZ_ scaffold_8937
		Alignment: 4825079 4825160 | 746 665 | 82 82 | 95.12 | Clostridium_bolteae_gi_488642143_ref_NZ_ scaffold_8937
		Unaligned bases: 1260
CONTIG: scaffold_9970 (1303bp)
Top Length: 172  Top ID: 98.26
		This contig is partially unaligned. (Aligned 172 out of 1303 bases)
		Alignment: 188283 188454 | 172 1 | 172 172 | 98.26 | Clostridium_bolteae_gi_488642143_ref_NZ_ scaffold_9970
		Unaligned bases: 173 to 1303 (1131)

CONTIG: scaffold_10867 (1220bp)
Top Length: 1214  Top ID: 98.02
		One align captures most of this contig: 200427 201640 | 1 1214 | 1214 1214 | 98.02 | Clostridium_bolteae_gi_488642143_ref_NZ_ scaffold_10867

CONTIG: scaffold_11372 (1179bp)
Top Length: 77  Top ID: 97.4
		Skipping redundant alignment 67149 67220 | 1 72 | 72 72 | 98.61 | Clostridium_bolteae_gi_488642143_ref_NZ_ scaffold_11372
		Skipping redundant alignment 3216260 3216331 | 72 1 | 72 72 | 98.61 | Clostridium_bolteae_gi_488642143_ref_NZ_ scaffold_11372
			Skipping redundant alignments after choosing the best set of alignments
		Skipping redundant alignment 5622335 5622411 | 77 1 | 77 77 | 97.4 | Clostridium_bolteae_gi_488642143_ref_NZ_ scaffold_11372
		This contig is partially unaligned. (Aligned 77 out of 1179 bases)
		Alignment: 55207 55283 | 1 77 | 77 77 | 97.4 | Clostridium_bolteae_gi_488642143_ref_NZ_ scaffold_11372
		Unaligned bases: 78 to 1179 (1102)

CONTIG: scaffold_11568 (1163bp)
Top Length: 196  Top ID: 100.0
		This contig is partially unaligned. (Aligned 196 out of 1163 bases)
		Alignment: 2928334 2928529 | 196 1 | 196 196 | 100.0 | Clostridium_bolteae_gi_488642143_ref_NZ_ scaffold_11568
		Unaligned bases: 197 to 1163 (967)

CONTIG: scaffold_12515 (1093bp)
Top Length: 1093  Top ID: 97.8
		One align captures most of this contig: 210402 211494 | 1 1093 | 1093 1093 | 97.8 | Clostridium_bolteae_gi_488642143_ref_NZ_ scaffold_12515

CONTIG: scaffold_14884 (2387bp)
Top Length: 77  Top ID: 97.4
		Skipping redundant alignment 67149 67220 | 1 72 | 72 72 | 98.61 | Clostridium_bolteae_gi_488642143_ref_NZ_ scaffold_14884
		Skipping redundant alignment 3216260 3216331 | 72 1 | 72 72 | 98.61 | Clostridium_bolteae_gi_488642143_ref_NZ_ scaffold_14884
			Skipping redundant alignments after choosing the best set of alignments
		Skipping redundant alignment 5622335 5622411 | 77 1 | 77 77 | 97.4 | Clostridium_bolteae_gi_488642143_ref_NZ_ scaffold_14884
		This contig is partially unaligned. (Aligned 77 out of 2387 bases)
		Alignment: 55207 55283 | 1 77 | 77 77 | 97.4 | Clostridium_bolteae_gi_488642143_ref_NZ_ scaffold_14884
		Unaligned bases: 78 to 2387 (2310)

CONTIG: scaffold_15744 (905bp)
Top Length: 905  Top ID: 98.01
		One align captures most of this contig: 4414603 4415507 | 905 1 | 905 905 | 98.01 | Clostridium_bolteae_gi_488642143_ref_NZ_ scaffold_15744

CONTIG: scaffold_16069 (891bp)
Top Length: 891  Top ID: 95.51
		One align captures most of this contig: 203083 203973 | 1 891 | 891 891 | 95.51 | Clostridium_bolteae_gi_488642143_ref_NZ_ scaffold_16069

CONTIG: scaffold_16566 (870bp)
Top Length: 868  Top ID: 95.39
		One align captures most of this contig: 204008 204875 | 870 3 | 868 868 | 95.39 | Clostridium_bolteae_gi_488642143_ref_NZ_ scaffold_16566

CONTIG: scaffold_17817 (825bp)
Top Length: 208  Top ID: 96.63
		This contig is partially unaligned. (Aligned 208 out of 825 bases)
		Alignment: 208020 208227 | 686 479 | 208 208 | 96.63 | Clostridium_bolteae_gi_488642143_ref_NZ_ scaffold_17817
		Unaligned bases: 1 to 478 (478)
		Unaligned bases: 687 to 825 (139)

CONTIG: scaffold_19206 (780bp)
Top Length: 778  Top ID: 98.33
		One align captures most of this contig: 198869 199646 | 3 780 | 778 778 | 98.33 | Clostridium_bolteae_gi_488642143_ref_NZ_ scaffold_19206

CONTIG: scaffold_19414 (774bp)
Top Length: 551  Top ID: 99.27
		This contig is partially unaligned. (Aligned 551 out of 774 bases)
		Alignment: 189876 190426 | 223 773 | 551 551 | 99.27 | Clostridium_bolteae_gi_488642143_ref_NZ_ scaffold_19414
		Unaligned bases: 1 to 222 (222)
		Unaligned bases: 774 to 774 (1)

CONTIG: scaffold_20793 (733bp)
Top Length: 732  Top ID: 97.81
		One align captures most of this contig: 201549 202280 | 732 1 | 732 732 | 97.81 | Clostridium_bolteae_gi_488642143_ref_NZ_ scaffold_20793

CONTIG: scaffold_23642 (661bp)
Top Length: 70  Top ID: 100.0
		This contig is partially unaligned. (Aligned 70 out of 661 bases)
		Alignment: 5342243 5342312 | 70 1 | 70 70 | 100.0 | Clostridium_bolteae_gi_488642143_ref_NZ_ scaffold_23642
		Unaligned bases: 71 to 661 (591)

CONTIG: scaffold_24436 (644bp)
Top Length: 644  Top ID: 96.89
		One align captures most of this contig: 197370 198013 | 644 1 | 644 644 | 96.89 | Clostridium_bolteae_gi_488642143_ref_NZ_ scaffold_24436

CONTIG: scaffold_24704 (755bp)
Top Length: 755  Top ID: 95.26
		Marking as insignificant: 5768093 5768455 | 755 393 | 363 363 | 96.69 | Clostridium_bolteae_gi_488642143_ref_NZ_ scaffold_24704
		This contig has 2 significant alignments. [An ambiguously mapped contig]
		Using only first of these alignment (option --ambiguity-usage is set to "one"):
		Alignment: 69333 70090 | 1 755 | 758 755 | 95.26 | Clostridium_bolteae_gi_488642143_ref_NZ_ scaffold_24704
		Skipping alignment  5619322 5620079 | 755 1 | 758 755 | 95.26 | Clostridium_bolteae_gi_488642143_ref_NZ_ scaffold_24704

CONTIG: scaffold_26827 (597bp)
Top Length: 178  Top ID: 95.51
			Skipping redundant alignments after choosing the best set of alignments
		Skipping redundant alignment 5621670 5621847 | 1 178 | 178 178 | 95.51 | Clostridium_bolteae_gi_488642143_ref_NZ_ scaffold_26827
		This contig is partially unaligned. (Aligned 178 out of 597 bases)
		Alignment: 67565 67742 | 178 1 | 178 178 | 95.51 | Clostridium_bolteae_gi_488642143_ref_NZ_ scaffold_26827
		Unaligned bases: 179 to 597 (419)

CONTIG: scaffold_27016 (593bp)
Top Length: 593  Top ID: 97.47
		One align captures most of this contig: 206394 206986 | 1 593 | 593 593 | 97.47 | Clostridium_bolteae_gi_488642143_ref_NZ_ scaffold_27016

CONTIG: scaffold_29409 (1172bp)
Top Length: 77  Top ID: 100.0
			Skipping redundant alignments after choosing the best set of alignments
		Skipping redundant alignment 67236 67310 | 710 636 | 75 75 | 100.0 | Clostridium_bolteae_gi_488642143_ref_NZ_ scaffold_29409
		Skipping redundant alignment 3216170 3216244 | 636 710 | 75 75 | 100.0 | Clostridium_bolteae_gi_488642143_ref_NZ_ scaffold_29409
		This contig is misassembled. 4 total aligns.
			Warning! This contig is more unaligned than misassembled. Contig length is 1172 and total length of all aligns is 152
		Alignment: 5622102 5622176 | 636 710 | 75 75 | 100.0 | Clostridium_bolteae_gi_488642143_ref_NZ_ scaffold_29409
		Alignment: 5622102 5622178 | 719 795 | 77 77 | 100.0 | Clostridium_bolteae_gi_488642143_ref_NZ_ scaffold_29409
		Unaligned bases: 1020
CONTIG: scaffold_29694 (518bp)
Top Length: 518  Top ID: 95.75
		One align captures most of this contig: 199812 200329 | 1 518 | 518 518 | 95.75 | Clostridium_bolteae_gi_488642143_ref_NZ_ scaffold_29694

CONTIG: scaffold_30428 (695bp)
Top Length: 695  Top ID: 96.7
		One align captures most of this contig: 199828 200525 | 1 695 | 698 695 | 96.7 | Clostridium_bolteae_gi_488642143_ref_NZ_ scaffold_30428

CONTIG: scaffold_32056 (758bp)
Top Length: 758  Top ID: 97.51
		One align captures most of this contig: 205623 206385 | 1 758 | 763 758 | 97.51 | Clostridium_bolteae_gi_488642143_ref_NZ_ scaffold_32056

CONTIG: scaffold_34259 (648bp)
Top Length: 129  Top ID: 95.38
			Skipping redundant alignments after choosing the best set of alignments
		Skipping redundant alignment 5620125 5620253 | 1 129 | 129 129 | 95.38 | Clostridium_bolteae_gi_488642143_ref_NZ_ scaffold_34259
		This contig is partially unaligned. (Aligned 129 out of 648 bases)
		Alignment: 69159 69287 | 129 1 | 129 129 | 95.38 | Clostridium_bolteae_gi_488642143_ref_NZ_ scaffold_34259
		Unaligned bases: 130 to 648 (519)

CONTIG: scaffold_34413 (728bp)
Top Length: 728  Top ID: 98.9
		One align captures most of this contig: 4427967 4428694 | 728 1 | 728 728 | 98.9 | Clostridium_bolteae_gi_488642143_ref_NZ_ scaffold_34413

CONTIG: scaffold_39072 (715bp)
Top Length: 83  Top ID: 97.59
		Skipping redundant alignment 5622250 5622323 | 38 111 | 74 74 | 100.0 | Clostridium_bolteae_gi_488642143_ref_NZ_ scaffold_39072
		This contig is partially unaligned. (Aligned 83 out of 715 bases)
		Alignment: 55378 55459 | 120 38 | 82 83 | 97.59 | Clostridium_bolteae_gi_488642143_ref_NZ_ scaffold_39072
		Unaligned bases: 1 to 37 (37)
		Unaligned bases: 121 to 715 (595)

Analyzing coverage...
Writing SNPs into /Molly/gurevich/MetaQUAST/res_final/res_metahit_final/runs_per_reference/Clostridium_bolteae/contigs_reports/nucmer_output/IDBA_UD.used_snps
	Reference Clostridium_bolteae_gi_488642143_ref_NZ_: 54 total alignments. 1 total regions.
		Region: 1 to 6538460 (6538460 bp)
			START in gap: 1 to 55207 (55206 bp)
			Align 1: 55207 55283 scaffold_11372 1 77
				The next alignment (55207 55283 scaffold_14884 1 77) is redundant. Skipping.
				Gap between this and next alignment: 55283 to 55378 (94 bp)
				Next Alignment: 55378 55459 scaffold_39072 120 38

			Align 3: 55378 55459 scaffold_39072 120 38
				Gap between this and next alignment: 55459 to 62063 (6603 bp)
				Next Alignment: 62063 62138 scaffold_8937 495 570

			Align 4: 62063 62138 scaffold_8937 495 570
				Gap between this and next alignment: 62138 to 67565 (5426 bp)
				Next Alignment: 67565 67742 scaffold_26827 178 1

			Align 5: 67565 67742 scaffold_26827 178 1
				Gap between this and next alignment: 67742 to 69159 (1416 bp)
				Next Alignment: 69159 69287 scaffold_34259 129 1

			Align 6: 69159 69287 scaffold_34259 129 1
				Gap between this and next alignment: 69287 to 69333 (45 bp)
				Next Alignment: 69333 70090 scaffold_24704 1 755

			Align 7: 69333 70090 scaffold_24704 1 755
				Gap between this and next alignment: 70090 to 70808 (717 bp)
				Next Alignment: 70808 70891 scaffold_43 94460 94376

			Align 8: 70808 70891 scaffold_43 94460 94376
				Gap between this and next alignment: 70891 to 71156 (264 bp)
				Next Alignment: 71156 71242 scaffold_288 4258 4344

			Align 9: 71156 71242 scaffold_288 4258 4344
				Gap between this and next alignment: 71242 to 188283 (117040 bp)
				Next Alignment: 188283 188454 scaffold_4810 172 1

			Align 10: 188283 188454 scaffold_4810 172 1
				The next alignment (188283 188454 scaffold_9970 172 1) is redundant. Skipping.
				Gap between this and next alignment: 188454 to 189876 (1421 bp)
				Next Alignment: 189876 190426 scaffold_19414 223 773

			Align 12: 189876 190426 scaffold_19414 223 773
				Negative gap (overlap) between this and next alignment: 190426 to 190329 (-97 bp)
				Next Alignment: 190329 194334 scaffold_4177 4000 1

			Previous gap was negative, modifying coordinates to ignore overlap
				Moving contig start from 4000 to 3902.
			Align 13: 190427 194334 scaffold_4177 3902 1
				Gap between this and next alignment: 194334 to 194360 (25 bp)
				Next Alignment: 194360 194624 scaffold_3628 1 266

			Align 14: 194360 194624 scaffold_3628 1 266
				Gap between this and next alignment: 194624 to 194902 (277 bp)
				Next Alignment: 194902 197468 scaffold_5975 2566 1

			Align 15: 194902 197468 scaffold_5975 2566 1
				Negative gap (overlap) between this and next alignment: 197468 to 197370 (-98 bp)
				Next Alignment: 197370 198013 scaffold_24436 644 1

			Previous gap was negative, modifying coordinates to ignore overlap
				Moving contig start from 644 to 545.
			Align 16: 197469 198013 scaffold_24436 545 1
				Gap between this and next alignment: 198013 to 198869 (855 bp)
				Next Alignment: 198869 199646 scaffold_19206 3 780

			Align 17: 198869 199646 scaffold_19206 3 780
				Gap between this and next alignment: 199646 to 199812 (165 bp)
				Next Alignment: 199812 200329 scaffold_29694 1 518

			Align 18: 199812 200329 scaffold_29694 1 518
				Negative gap (overlap) between this and next alignment: 200329 to 199828 (-501 bp)
				Next Alignment: 199828 200525 scaffold_30428 1 695

			Previous gap was negative, modifying coordinates to ignore overlap
				Moving contig start from 1 to 502.
			Align 19: 200330 200525 scaffold_30428 502 695
				Negative gap (overlap) between this and next alignment: 200525 to 200427 (-98 bp)
				Next Alignment: 200427 201640 scaffold_10867 1 1214

			Previous gap was negative, modifying coordinates to ignore overlap
				Moving contig start from 1 to 100.
			Align 20: 200526 201640 scaffold_10867 100 1214
				Negative gap (overlap) between this and next alignment: 201640 to 201549 (-91 bp)
				Next Alignment: 201549 202280 scaffold_20793 732 1

			Previous gap was negative, modifying coordinates to ignore overlap
				Moving contig start from 732 to 640.
			Align 21: 201641 202280 scaffold_20793 640 1
				Negative gap (overlap) between this and next alignment: 202280 to 202190 (-90 bp)
				Next Alignment: 202190 203973 scaffold_6309 1817 1

			Previous gap was negative, modifying coordinates to ignore overlap
				Moving contig start from 1817 to 1726.
			Align 22: 202281 203973 scaffold_6309 1726 1
				The next alignment (203083 203973 scaffold_16069 1 891) is redundant. Skipping.
				Negative gap (overlap) between this and next alignment: 203973 to 203875 (-98 bp)
				Next Alignment: 203875 205721 scaffold_6163 1 1847

			Previous gap was negative, modifying coordinates to ignore overlap
				Moving contig start from 1 to 100.
			Align 24: 203974 205721 scaffold_6163 100 1847
				The next alignment (204008 204875 scaffold_16566 870 3) is redundant. Skipping.
				Negative gap (overlap) between this and next alignment: 205721 to 205623 (-98 bp)
				Next Alignment: 205623 206385 scaffold_32056 1 758

			Previous gap was negative, modifying coordinates to ignore overlap
				Moving contig start from 1 to 100.
			Align 26: 205722 206385 scaffold_32056 100 758
				Gap between this and next alignment: 206385 to 206394 (8 bp)
				Next Alignment: 206394 206986 scaffold_27016 1 593

			Align 27: 206394 206986 scaffold_27016 1 593
				Gap between this and next alignment: 206986 to 208020 (1033 bp)
				Next Alignment: 208020 208227 scaffold_17817 686 479

			Align 28: 208020 208227 scaffold_17817 686 479
				Gap between this and next alignment: 208227 to 208607 (379 bp)
				Next Alignment: 208607 210847 scaffold_5926 1 2241

			Align 29: 208607 210847 scaffold_5926 1 2241
				Negative gap (overlap) between this and next alignment: 210847 to 210402 (-445 bp)
				Next Alignment: 210402 211494 scaffold_12515 1 1093

			Previous gap was negative, modifying coordinates to ignore overlap
				Moving contig start from 1 to 447.
			Align 30: 210848 211494 scaffold_12515 447 1093
				Gap between this and next alignment: 211494 to 212380 (885 bp)
				Next Alignment: 212380 214150 scaffold_7305 1772 1

			Align 31: 212380 214150 scaffold_7305 1772 1
				Gap between this and next alignment: 214150 to 241640 (27489 bp)
				Next Alignment: 241640 245089 scaffold_728 4912 8361

			Align 32: 241640 245089 scaffold_728 4912 8361
				Gap between this and next alignment: 245089 to 250254 (5164 bp)
				Next Alignment: 250254 252957 scaffold_351 32365 29663

			Align 33: 250254 252957 scaffold_351 32365 29663
				The next alignment (250372 250560 scaffold_2800 1 189) is redundant. Skipping.
				Gap between this and next alignment: 252957 to 2753011 (2500053 bp)
				Next Alignment: 2753011 2753078 scaffold_4023 1 68

			Align 35: 2753011 2753078 scaffold_4023 1 68
				Gap between this and next alignment: 2753078 to 2928334 (175255 bp)
				Next Alignment: 2928334 2928529 scaffold_11568 196 1

			Align 36: 2928334 2928529 scaffold_11568 196 1
				Gap between this and next alignment: 2928529 to 2929904 (1374 bp)
				Next Alignment: 2929904 2935959 scaffold_1795 1 6055

			Align 37: 2929904 2935959 scaffold_1795 1 6055
				The next alignment (2935862 2935959 scaffold_1205 10672 10575) is redundant. Skipping.
				Gap between this and next alignment: 2935959 to 4363717 (1427757 bp)
				Next Alignment: 4363717 4365050 scaffold_6051 3633 2300

			Align 39: 4363717 4365050 scaffold_6051 3633 2300
				Gap between this and next alignment: 4365050 to 4400933 (35882 bp)
				Next Alignment: 4400933 4403335 scaffold_3682 33 2435

			Align 40: 4400933 4403335 scaffold_3682 33 2435
				Gap between this and next alignment: 4403335 to 4414603 (11267 bp)
				Next Alignment: 4414603 4415507 scaffold_15744 905 1

			Align 41: 4414603 4415507 scaffold_15744 905 1
				Gap between this and next alignment: 4415507 to 4417397 (1889 bp)
				Next Alignment: 4417397 4417935 scaffold_6051 2299 1759

			Align 42: 4417397 4417935 scaffold_6051 2299 1759
				Negative gap (overlap) between this and next alignment: 4417935 to 4417935 (0 bp)
				Next Alignment: 4417935 4419088 scaffold_6051 1152 1

			Previous gap was negative, modifying coordinates to ignore overlap
				Moving contig start from 1152 to 1151.
			Align 43: 4417936 4419088 scaffold_6051 1151 1
				Gap between this and next alignment: 4419088 to 4427967 (8878 bp)
				Next Alignment: 4427967 4428694 scaffold_34413 728 1

			Align 44: 4427967 4428694 scaffold_34413 728 1
				Gap between this and next alignment: 4428694 to 4825079 (396384 bp)
				Next Alignment: 4825079 4825160 scaffold_8937 746 665

			Align 45: 4825079 4825160 scaffold_8937 746 665
				Gap between this and next alignment: 4825160 to 5342243 (517082 bp)
				Next Alignment: 5342243 5342312 scaffold_23642 70 1

			Align 46: 5342243 5342312 scaffold_23642 70 1
				Gap between this and next alignment: 5342312 to 5622102 (279789 bp)
				Next Alignment: 5622102 5622176 scaffold_29409 636 710

			Align 47: 5622102 5622176 scaffold_29409 636 710
				Negative gap (overlap) between this and next alignment: 5622176 to 5622102 (-74 bp)
				Next Alignment: 5622102 5622178 scaffold_29409 719 795

			Previous gap was negative, modifying coordinates to ignore overlap
				Moving contig start from 719 to 794.
			Align 48: 5622177 5622178 scaffold_29409 794 795
				Gap between this and next alignment: 5622178 to 5868393 (246214 bp)
				Next Alignment: 5868393 5875614 scaffold_860 9186 1965

			Align 49: 5868393 5875614 scaffold_860 9186 1965
				Gap between this and next alignment: 5875614 to 5881105 (5490 bp)
				Next Alignment: 5881105 5882401 scaffold_209 42480 41184

			Align 50: 5881105 5882401 scaffold_209 42480 41184
				Negative gap (overlap) between this and next alignment: 5882401 to 5882399 (-2 bp)
				Next Alignment: 5882399 5886673 scaffold_209 38777 34503

			Previous gap was negative, modifying coordinates to ignore overlap
				Moving contig start from 38777 to 38774.
			Align 51: 5882402 5886673 scaffold_209 38774 34503
				Negative gap (overlap) between this and next alignment: 5886673 to 5886673 (0 bp)
				Next Alignment: 5886673 5900549 scaffold_209 31997 18121

			Previous gap was negative, modifying coordinates to ignore overlap
				Moving contig start from 31997 to 31996.
			Align 52: 5886674 5900549 scaffold_209 31996 18121
				Gap between this and next alignment: 5900549 to 5900646 (96 bp)
				Next Alignment: 5900646 5910694 scaffold_209 18006 7961

			Align 53: 5900646 5910694 scaffold_209 18006 7961
				Gap between this and next alignment: 5910694 to 5912819 (2124 bp)
				Next Alignment: 5912819 5915437 scaffold_209 7934 5315

			Align 54: 5912819 5915437 scaffold_209 7934 5315
			END in gap: 5915437 to 6538460 (623023 bp)

Analysis is finished!
Founded SNPs were written into /Molly/gurevich/MetaQUAST/res_final/res_metahit_final/runs_per_reference/Clostridium_bolteae/contigs_reports/nucmer_output/IDBA_UD.used_snps

Results:
	Local Misassemblies: 2
	Misassemblies: 3
		Relocations: 3
		Translocations: 0
		Inversions: 0
	Fake misassemblies matched with structural variations: 1
	Misassembled Contigs: 2
	Misassembled Contig Bases: 47514
	Misassemblies Inter-Contig Overlap: 0
Uncovered Regions: 0 (0)
Unaligned Contigs: 0 + 23 part
Partially Unaligned Contigs with Misassemblies: 2
Unaligned Contig Bases: 208768

Ambiguously Mapped Contigs: 1
Total Bases in Ambiguously Mapped Contigs: 755
Note that --allow-ambiguity option was set to "one" and only first alignment per each contig was used.

	Covered Bases: 81391

	SNPs: 1183
	Insertions: 50
	Deletions: 35

	Positive Gaps: 36
		Internal Gaps:  2
		External Gaps:  34
		External Gap Total:  6454849
		External Gap Average: 189848
	Negative Gaps: 13
		Internal Overlaps:  4
		External Overlaps:  9
		External Overlaps Total: -1616
		External Overlaps Average: -180
	Contigs with Redundant Alignments: 6 (2295)
