Aligning contigs to reference...
	Using existing Nucmer alignments...
Parsing coords...
Loading reference...
	Loaded [Clostridium_bolteae_gi_488642143_ref_NZ_]
Loading SNPs...
Loading regions...
	No regions given, using whole reference.
	Total Regions: 1
	Total Region Length: 6538460
Analyzing contigs...
CONTIG: scaffold2413__9.0 (2838bp)
Top Length: 1878  Top ID: 99.89
		This contig is misassembled. 2 total aligns.
			Real Alignment 1: 2933363 2935240 | 2047 170 | 1878 1878 | 99.89 | Clostridium_bolteae_gi_488642143_ref_NZ_ scaffold2413__9.0
			  Gap between these two alignments (local misassembly). Inconsistency = 309 
			Real Alignment 2: 2932263 2932798 | 2838 2303 | 536 536 | 100.0 | Clostridium_bolteae_gi_488642143_ref_NZ_ scaffold2413__9.0

CONTIG: scaffold8556__8.4 (564bp)
Top Length: 106  Top ID: 100.0
		This contig is partially unaligned. (Aligned 106 out of 564 bases)
		Alignment: 5886673 5886778 | 106 1 | 106 106 | 100.0 | Clostridium_bolteae_gi_488642143_ref_NZ_ scaffold8556__8.4
		Unaligned bases: 107 to 564 (458)

CONTIG: scaffold9496_13.9 (1093bp)
Top Length: 827  Top ID: 96.37
		This contig is partially unaligned. (Aligned 827 out of 1093 bases)
		Alignment: 5902610 5903431 | 265 1091 | 822 827 | 96.37 | Clostridium_bolteae_gi_488642143_ref_NZ_ scaffold9496_13.9
		Unaligned bases: 1 to 264 (264)
		Unaligned bases: 1092 to 1093 (2)

CONTIG: scaffold15740__5.4 (551bp)
Top Length: 283  Top ID: 98.59
		This contig is misassembled. 2 total aligns.
			Real Alignment 1: 2932011 2932293 | 283 1 | 283 283 | 98.59 | Clostridium_bolteae_gi_488642143_ref_NZ_ scaffold15740__5.4
			  Gap between these two alignments (local misassembly). Inconsistency = 144 
			Real Alignment 2: 2931733 2931813 | 417 337 | 81 81 | 100.0 | Clostridium_bolteae_gi_488642143_ref_NZ_ scaffold15740__5.4

CONTIG: scaffold24351__6.1 (724bp)
Top Length: 199  Top ID: 96.98
		This contig is misassembled. 2 total aligns.
			Real Alignment 1: 2930700 2930898 | 1 199 | 199 199 | 96.98 | Clostridium_bolteae_gi_488642143_ref_NZ_ scaffold24351__6.1
			  Gap between these two alignments (local misassembly). Inconsistency = 305 
			Real Alignment 2: 2931542 2931728 | 538 724 | 187 187 | 99.47 | Clostridium_bolteae_gi_488642143_ref_NZ_ scaffold24351__6.1

CONTIG: scaffold41020__3.7 (668bp)
Top Length: 249  Top ID: 95.18
		This contig is misassembled. 3 total aligns.
			Real Alignment 1: 770938 771086 | 1 150 | 149 150 | 98.0 | Clostridium_bolteae_gi_488642143_ref_NZ_ scaffold41020__3.7
			  Gap between these two alignments (local misassembly). Inconsistency = 151 
			Real Alignment 2: 771285 771503 | 198 416 | 219 219 | 97.26 | Clostridium_bolteae_gi_488642143_ref_NZ_ scaffold41020__3.7
			  Gap between these two alignments (local misassembly). Inconsistency = 146 
			Real Alignment 3: 771651 771899 | 418 666 | 249 249 | 95.18 | Clostridium_bolteae_gi_488642143_ref_NZ_ scaffold41020__3.7

CONTIG: scaffold46273__7.6 (809bp)
Top Length: 130  Top ID: 98.46
		This contig is partially unaligned. (Aligned 130 out of 809 bases)
		Alignment: 241640 241769 | 498 369 | 130 130 | 98.46 | Clostridium_bolteae_gi_488642143_ref_NZ_ scaffold46273__7.6
		Unaligned bases: 1 to 368 (368)
		Unaligned bases: 499 to 809 (311)

CONTIG: scaffold54350_14.2 (3461bp)
Top Length: 2825  Top ID: 97.7
		This contig is misassembled. 3 total aligns.
			Real Alignment 1: 5906473 5906721 | 1 249 | 249 249 | 97.99 | Clostridium_bolteae_gi_488642143_ref_NZ_ scaffold54350_14.2
			  Gap between these two alignments (local misassembly). Inconsistency = 149 
			Real Alignment 2: 5906926 5907173 | 305 552 | 248 248 | 98.39 | Clostridium_bolteae_gi_488642143_ref_NZ_ scaffold54350_14.2
			  Gap between these two alignments (local misassembly). Inconsistency = 139 
			Real Alignment 3: 5907314 5910139 | 554 3378 | 2826 2825 | 97.7 | Clostridium_bolteae_gi_488642143_ref_NZ_ scaffold54350_14.2

CONTIG: scaffold54954_14.4 (1251bp)
Top Length: 920  Top ID: 96.41
		This contig is partially unaligned. (Aligned 920 out of 1251 bases)
		Alignment: 225271 226190 | 332 1251 | 920 920 | 96.41 | Clostridium_bolteae_gi_488642143_ref_NZ_ scaffold54954_14.4
		Unaligned bases: 1 to 331 (331)

CONTIG: scaffold57445_15.5 (2807bp)
Top Length: 1380  Top ID: 98.04
		This contig is misassembled. 3 total aligns.
			Real Alignment 1: 5903407 5904283 | 1 877 | 877 877 | 97.49 | Clostridium_bolteae_gi_488642143_ref_NZ_ scaffold57445_15.5
			  Gap between these two alignments (local misassembly). Inconsistency = 150 
			Real Alignment 2: 5904533 5904982 | 977 1426 | 450 450 | 98.67 | Clostridium_bolteae_gi_488642143_ref_NZ_ scaffold57445_15.5
			  Gap between these two alignments (local misassembly). Inconsistency = 134 
			Real Alignment 3: 5905118 5906495 | 1428 2807 | 1378 1380 | 98.04 | Clostridium_bolteae_gi_488642143_ref_NZ_ scaffold57445_15.5

CONTIG: scaffold57469__9.3 (624bp)
Top Length: 486  Top ID: 98.56
		This contig is partially unaligned. (Aligned 486 out of 624 bases)
		Alignment: 2405952 2406436 | 486 1 | 485 486 | 98.56 | Clostridium_bolteae_gi_488642143_ref_NZ_ scaffold57469__9.3
		Unaligned bases: 487 to 624 (138)

CONTIG: scaffold58281_11.0 (3106bp)
Top Length: 1525  Top ID: 100.0
		This contig is misassembled. 2 total aligns.
			Real Alignment 1: 5882425 5883921 | 1 1497 | 1497 1497 | 100.0 | Clostridium_bolteae_gi_488642143_ref_NZ_ scaffold58281_11.0
			  Gap between these two alignments (local misassembly). Inconsistency = 153 
			Real Alignment 2: 5884159 5885683 | 1582 3106 | 1525 1525 | 100.0 | Clostridium_bolteae_gi_488642143_ref_NZ_ scaffold58281_11.0

CONTIG: scaffold58322_12.1 (4683bp)
Top Length: 2862  Top ID: 99.9
		This contig is misassembled. 2 total aligns.
			Real Alignment 1: 5887333 5889123 | 1 1791 | 1791 1791 | 99.94 | Clostridium_bolteae_gi_488642143_ref_NZ_ scaffold58322_12.1
			  Gap between these two alignments (local misassembly). Inconsistency = 151 
			Real Alignment 2: 5889305 5892166 | 1822 4683 | 2862 2862 | 99.9 | Clostridium_bolteae_gi_488642143_ref_NZ_ scaffold58322_12.1

CONTIG: C719600_10.0 (501bp)
Top Length: 501  Top ID: 99.4
		One align captures most of this contig: 5885653 5886153 | 501 1 | 501 501 | 99.4 | Clostridium_bolteae_gi_488642143_ref_NZ_ C719600_10.0

CONTIG: C726806__7.0 (573bp)
Top Length: 573  Top ID: 99.65
		One align captures most of this contig: 5886772 5887344 | 573 1 | 573 573 | 99.65 | Clostridium_bolteae_gi_488642143_ref_NZ_ C726806__7.0

CONTIG: C732300_16.0 (643bp)
Top Length: 395  Top ID: 98.74
		This contig is partially unaligned. (Aligned 395 out of 643 bases)
		Alignment: 4404725 4405119 | 1 395 | 395 395 | 98.74 | Clostridium_bolteae_gi_488642143_ref_NZ_ C732300_16.0
		Unaligned bases: 396 to 643 (248)

CONTIG: C734388_14.0 (673bp)
Top Length: 673  Top ID: 100.0
		One align captures most of this contig: 5898909 5899581 | 1 673 | 673 673 | 100.0 | Clostridium_bolteae_gi_488642143_ref_NZ_ C734388_14.0

CONTIG: C736398_14.0 (708bp)
Top Length: 708  Top ID: 99.44
		One align captures most of this contig: 5901521 5902228 | 1 708 | 708 708 | 99.44 | Clostridium_bolteae_gi_488642143_ref_NZ_ C736398_14.0

CONTIG: C740456_72.0 (797bp)
Top Length: 797  Top ID: 99.37
		One align captures most of this contig: 214010 214806 | 1 797 | 797 797 | 99.37 | Clostridium_bolteae_gi_488642143_ref_NZ_ C740456_72.0

CONTIG: C742238_31.0 (845bp)
Top Length: 845  Top ID: 96.69
		One align captures most of this contig: 199561 200405 | 845 1 | 845 845 | 96.69 | Clostridium_bolteae_gi_488642143_ref_NZ_ C742238_31.0

CONTIG: C742884_73.0 (865bp)
Top Length: 865  Top ID: 98.96
		One align captures most of this contig: 212733 213597 | 865 1 | 865 865 | 98.96 | Clostridium_bolteae_gi_488642143_ref_NZ_ C742884_73.0

CONTIG: C744892_26.0 (929bp)
Top Length: 929  Top ID: 97.85
		One align captures most of this contig: 4405786 4406714 | 929 1 | 929 929 | 97.85 | Clostridium_bolteae_gi_488642143_ref_NZ_ C744892_26.0

CONTIG: C750736_19.0 (1204bp)
Top Length: 1204  Top ID: 99.67
		One align captures most of this contig: 4403537 4404740 | 1 1204 | 1204 1204 | 99.67 | Clostridium_bolteae_gi_488642143_ref_NZ_ C750736_19.0

CONTIG: C756096_13.0 (1660bp)
Top Length: 999  Top ID: 97.9
		This contig is partially unaligned. (Aligned 999 out of 1660 bases)
		Alignment: 5899551 5900549 | 1660 662 | 999 999 | 97.9 | Clostridium_bolteae_gi_488642143_ref_NZ_ C756096_13.0
		Unaligned bases: 1 to 661 (661)
		This contig has both significant aligned and unaligned parts (of length >= min-contig)! It can contain interspecies translocations

CONTIG: C760422_10.0 (2386bp)
Top Length: 2254  Top ID: 97.12
		This contig is partially unaligned. (Aligned 2254 out of 2386 bases)
		Alignment: 4401082 4403335 | 2386 133 | 2254 2254 | 97.12 | Clostridium_bolteae_gi_488642143_ref_NZ_ C760422_10.0
		Unaligned bases: 1 to 132 (132)

CONTIG: C760680_23.0 (2451bp)
Top Length: 2425  Top ID: 99.05
		This contig is partially unaligned. (Aligned 2425 out of 2451 bases)
		Alignment: 250533 252957 | 1 2425 | 2425 2425 | 99.05 | Clostridium_bolteae_gi_488642143_ref_NZ_ C760680_23.0
		Unaligned bases: 2426 to 2451 (26)

CONTIG: C762338_17.0 (3012bp)
Top Length: 2490  Top ID: 97.91
		This contig is partially unaligned. (Aligned 2490 out of 3012 bases)
		Alignment: 5912819 5915308 | 2490 1 | 2490 2490 | 97.91 | Clostridium_bolteae_gi_488642143_ref_NZ_ C762338_17.0
		Unaligned bases: 2491 to 3012 (522)
		This contig has both significant aligned and unaligned parts (of length >= min-contig)! It can contain interspecies translocations

CONTIG: C763722_13.0 (3766bp)
Top Length: 3765  Top ID: 100.0
		One align captures most of this contig: 5868393 5872157 | 3765 1 | 3765 3765 | 100.0 | Clostridium_bolteae_gi_488642143_ref_NZ_ C763722_13.0

CONTIG: C763744__9.0 (3775bp)
Top Length: 2348  Top ID: 98.17
		This contig is partially unaligned. (Aligned 2348 out of 3775 bases)
		Alignment: 242742 245089 | 1 2348 | 2348 2348 | 98.17 | Clostridium_bolteae_gi_488642143_ref_NZ_ C763744__9.0
		Unaligned bases: 2349 to 3775 (1427)
		This contig has both significant aligned and unaligned parts (of length >= min-contig)! It can contain interspecies translocations

CONTIG: C763892_15.0 (3866bp)
Top Length: 1297  Top ID: 100.0
		This contig is partially unaligned. (Aligned 1297 out of 3866 bases)
		Alignment: 5881105 5882401 | 3740 2444 | 1297 1297 | 100.0 | Clostridium_bolteae_gi_488642143_ref_NZ_ C763892_15.0
		Unaligned bases: 1 to 2443 (2443)
		Unaligned bases: 3741 to 3866 (126)
		This contig has both significant aligned and unaligned parts (of length >= min-contig)! It can contain interspecies translocations

CONTIG: C764460_15.0 (4357bp)
Top Length: 4357  Top ID: 99.95
		One align captures most of this contig: 5892159 5896515 | 1 4357 | 4357 4357 | 99.95 | Clostridium_bolteae_gi_488642143_ref_NZ_ C764460_15.0

CONTIG: C765660_14.0 (6085bp)
Top Length: 3475  Top ID: 99.97
		This contig is partially unaligned. (Aligned 3475 out of 6085 bases)
		Alignment: 5872140 5875614 | 6085 2611 | 3475 3475 | 99.97 | Clostridium_bolteae_gi_488642143_ref_NZ_ C765660_14.0
		Unaligned bases: 1 to 2610 (2610)
		This contig has both significant aligned and unaligned parts (of length >= min-contig)! It can contain interspecies translocations

Analyzing coverage...
Writing SNPs into /Molly/gurevich/MetaQUAST/res_final/res_metahit_final/runs_per_reference/Clostridium_bolteae/contigs_reports/nucmer_output/SOAPdenovo2.used_snps
	Reference Clostridium_bolteae_gi_488642143_ref_NZ_: 43 total alignments. 1 total regions.
		Region: 1 to 6538460 (6538460 bp)
			START in gap: 1 to 199561 (199560 bp)
			Align 1: 199561 200405 C742238_31.0 845 1
				Gap between this and next alignment: 200405 to 212733 (12327 bp)
				Next Alignment: 212733 213597 C742884_73.0 865 1

			Align 2: 212733 213597 C742884_73.0 865 1
				Gap between this and next alignment: 213597 to 214010 (412 bp)
				Next Alignment: 214010 214806 C740456_72.0 1 797

			Align 3: 214010 214806 C740456_72.0 1 797
				Gap between this and next alignment: 214806 to 225271 (10464 bp)
				Next Alignment: 225271 226190 scaffold54954_14.4 332 1251

			Align 4: 225271 226190 scaffold54954_14.4 332 1251
				Gap between this and next alignment: 226190 to 241640 (15449 bp)
				Next Alignment: 241640 241769 scaffold46273__7.6 498 369

			Align 5: 241640 241769 scaffold46273__7.6 498 369
				Gap between this and next alignment: 241769 to 242742 (972 bp)
				Next Alignment: 242742 245089 C763744__9.0 1 2348

			Align 6: 242742 245089 C763744__9.0 1 2348
				Gap between this and next alignment: 245089 to 250533 (5443 bp)
				Next Alignment: 250533 252957 C760680_23.0 1 2425

			Align 7: 250533 252957 C760680_23.0 1 2425
				Gap between this and next alignment: 252957 to 770938 (517980 bp)
				Next Alignment: 770938 771086 scaffold41020__3.7 1 150

			Align 8: 770938 771086 scaffold41020__3.7 1 150
				Gap between this and next alignment: 771086 to 771285 (198 bp)
				Next Alignment: 771285 771503 scaffold41020__3.7 198 416

			Align 9: 771285 771503 scaffold41020__3.7 198 416
				Gap between this and next alignment: 771503 to 771651 (147 bp)
				Next Alignment: 771651 771899 scaffold41020__3.7 418 666

			Align 10: 771651 771899 scaffold41020__3.7 418 666
				Gap between this and next alignment: 771899 to 2405952 (1634052 bp)
				Next Alignment: 2405952 2406436 scaffold57469__9.3 486 1

			Align 11: 2405952 2406436 scaffold57469__9.3 486 1
				Gap between this and next alignment: 2406436 to 2930700 (524263 bp)
				Next Alignment: 2930700 2930898 scaffold24351__6.1 1 199

			Align 12: 2930700 2930898 scaffold24351__6.1 1 199
				Gap between this and next alignment: 2930898 to 2931542 (643 bp)
				Next Alignment: 2931542 2931728 scaffold24351__6.1 538 724

			Align 13: 2931542 2931728 scaffold24351__6.1 538 724
				Gap between this and next alignment: 2931728 to 2931733 (4 bp)
				Next Alignment: 2931733 2931813 scaffold15740__5.4 417 337

			Align 14: 2931733 2931813 scaffold15740__5.4 417 337
				Gap between this and next alignment: 2931813 to 2932011 (197 bp)
				Next Alignment: 2932011 2932293 scaffold15740__5.4 283 1

			Align 15: 2932011 2932293 scaffold15740__5.4 283 1
				Negative gap (overlap) between this and next alignment: 2932293 to 2932263 (-30 bp)
				Next Alignment: 2932263 2932798 scaffold2413__9.0 2838 2303

			Previous gap was negative, modifying coordinates to ignore overlap
				Moving contig start from 2838 to 2807.
			Align 16: 2932294 2932798 scaffold2413__9.0 2807 2303
				Gap between this and next alignment: 2932798 to 2933363 (564 bp)
				Next Alignment: 2933363 2935240 scaffold2413__9.0 2047 170

			Align 17: 2933363 2935240 scaffold2413__9.0 2047 170
				Gap between this and next alignment: 2935240 to 4401082 (1465841 bp)
				Next Alignment: 4401082 4403335 C760422_10.0 2386 133

			Align 18: 4401082 4403335 C760422_10.0 2386 133
				Gap between this and next alignment: 4403335 to 4403537 (201 bp)
				Next Alignment: 4403537 4404740 C750736_19.0 1 1204

			Align 19: 4403537 4404740 C750736_19.0 1 1204
				Negative gap (overlap) between this and next alignment: 4404740 to 4404725 (-15 bp)
				Next Alignment: 4404725 4405119 C732300_16.0 1 395

			Previous gap was negative, modifying coordinates to ignore overlap
				Moving contig start from 1 to 17.
			Align 20: 4404741 4405119 C732300_16.0 17 395
				Gap between this and next alignment: 4405119 to 4405786 (666 bp)
				Next Alignment: 4405786 4406714 C744892_26.0 929 1

			Align 21: 4405786 4406714 C744892_26.0 929 1
				Gap between this and next alignment: 4406714 to 5868393 (1461678 bp)
				Next Alignment: 5868393 5872157 C763722_13.0 3765 1

			Align 22: 5868393 5872157 C763722_13.0 3765 1
				Negative gap (overlap) between this and next alignment: 5872157 to 5872140 (-17 bp)
				Next Alignment: 5872140 5875614 C765660_14.0 6085 2611

			Previous gap was negative, modifying coordinates to ignore overlap
				Moving contig start from 6085 to 6067.
			Align 23: 5872158 5875614 C765660_14.0 6067 2611
				Gap between this and next alignment: 5875614 to 5881105 (5490 bp)
				Next Alignment: 5881105 5882401 C763892_15.0 3740 2444

			Align 24: 5881105 5882401 C763892_15.0 3740 2444
				Gap between this and next alignment: 5882401 to 5882425 (23 bp)
				Next Alignment: 5882425 5883921 scaffold58281_11.0 1 1497

			Align 25: 5882425 5883921 scaffold58281_11.0 1 1497
				Gap between this and next alignment: 5883921 to 5884159 (237 bp)
				Next Alignment: 5884159 5885683 scaffold58281_11.0 1582 3106

			Align 26: 5884159 5885683 scaffold58281_11.0 1582 3106
				Negative gap (overlap) between this and next alignment: 5885683 to 5885653 (-30 bp)
				Next Alignment: 5885653 5886153 C719600_10.0 501 1

			Previous gap was negative, modifying coordinates to ignore overlap
				Moving contig start from 501 to 470.
			Align 27: 5885684 5886153 C719600_10.0 470 1
				Gap between this and next alignment: 5886153 to 5886673 (519 bp)
				Next Alignment: 5886673 5886778 scaffold8556__8.4 106 1

			Align 28: 5886673 5886778 scaffold8556__8.4 106 1
				Negative gap (overlap) between this and next alignment: 5886778 to 5886772 (-6 bp)
				Next Alignment: 5886772 5887344 C726806__7.0 573 1

			Previous gap was negative, modifying coordinates to ignore overlap
				Moving contig start from 573 to 566.
			Align 29: 5886779 5887344 C726806__7.0 566 1
				Negative gap (overlap) between this and next alignment: 5887344 to 5887333 (-11 bp)
				Next Alignment: 5887333 5889123 scaffold58322_12.1 1 1791

			Previous gap was negative, modifying coordinates to ignore overlap
				Moving contig start from 1 to 13.
			Align 30: 5887345 5889123 scaffold58322_12.1 13 1791
				Gap between this and next alignment: 5889123 to 5889305 (181 bp)
				Next Alignment: 5889305 5892166 scaffold58322_12.1 1822 4683

			Align 31: 5889305 5892166 scaffold58322_12.1 1822 4683
				Negative gap (overlap) between this and next alignment: 5892166 to 5892159 (-7 bp)
				Next Alignment: 5892159 5896515 C764460_15.0 1 4357

			Previous gap was negative, modifying coordinates to ignore overlap
				Moving contig start from 1 to 9.
			Align 32: 5892167 5896515 C764460_15.0 9 4357
				Gap between this and next alignment: 5896515 to 5898909 (2393 bp)
				Next Alignment: 5898909 5899581 C734388_14.0 1 673

			Align 33: 5898909 5899581 C734388_14.0 1 673
				Negative gap (overlap) between this and next alignment: 5899581 to 5899551 (-30 bp)
				Next Alignment: 5899551 5900549 C756096_13.0 1660 662

			Previous gap was negative, modifying coordinates to ignore overlap
				Moving contig start from 1660 to 1629.
			Align 34: 5899582 5900549 C756096_13.0 1629 662
				Gap between this and next alignment: 5900549 to 5901521 (971 bp)
				Next Alignment: 5901521 5902228 C736398_14.0 1 708

			Align 35: 5901521 5902228 C736398_14.0 1 708
				Gap between this and next alignment: 5902228 to 5902610 (381 bp)
				Next Alignment: 5902610 5903431 scaffold9496_13.9 265 1091

			Align 36: 5902610 5903431 scaffold9496_13.9 265 1091
				Negative gap (overlap) between this and next alignment: 5903431 to 5903407 (-24 bp)
				Next Alignment: 5903407 5904283 scaffold57445_15.5 1 877

			Previous gap was negative, modifying coordinates to ignore overlap
				Moving contig start from 1 to 26.
			Align 37: 5903432 5904283 scaffold57445_15.5 26 877
				Gap between this and next alignment: 5904283 to 5904533 (249 bp)
				Next Alignment: 5904533 5904982 scaffold57445_15.5 977 1426

			Align 38: 5904533 5904982 scaffold57445_15.5 977 1426
				Gap between this and next alignment: 5904982 to 5905118 (135 bp)
				Next Alignment: 5905118 5906495 scaffold57445_15.5 1428 2807

			Align 39: 5905118 5906495 scaffold57445_15.5 1428 2807
				Negative gap (overlap) between this and next alignment: 5906495 to 5906473 (-22 bp)
				Next Alignment: 5906473 5906721 scaffold54350_14.2 1 249

			Previous gap was negative, modifying coordinates to ignore overlap
				Moving contig start from 1 to 24.
			Align 40: 5906496 5906721 scaffold54350_14.2 24 249
				Gap between this and next alignment: 5906721 to 5906926 (204 bp)
				Next Alignment: 5906926 5907173 scaffold54350_14.2 305 552

			Align 41: 5906926 5907173 scaffold54350_14.2 305 552
				Gap between this and next alignment: 5907173 to 5907314 (140 bp)
				Next Alignment: 5907314 5910139 scaffold54350_14.2 554 3378

			Align 42: 5907314 5910139 scaffold54350_14.2 554 3378
				Gap between this and next alignment: 5910139 to 5912819 (2679 bp)
				Next Alignment: 5912819 5915308 C762338_17.0 2490 1

			Align 43: 5912819 5915308 C762338_17.0 2490 1
			END in gap: 5915308 to 6538460 (623152 bp)

Analysis is finished!
Founded SNPs were written into /Molly/gurevich/MetaQUAST/res_final/res_metahit_final/runs_per_reference/Clostridium_bolteae/contigs_reports/nucmer_output/SOAPdenovo2.used_snps

Results:
	Local Misassemblies: 11
	Misassemblies: 0
		Relocations: 0
		Translocations: 0
		Inversions: 0
	Fake misassemblies matched with structural variations: 0
	Misassembled Contigs: 0
	Misassembled Contig Bases: 0
	Misassemblies Inter-Contig Overlap: 0
Uncovered Regions: 0 (0)
Unaligned Contigs: 0 + 13 part
Partially Unaligned Contigs with Misassemblies: 0
Unaligned Contig Bases: 10067

Ambiguously Mapped Contigs: 0
Total Bases in Ambiguously Mapped Contigs: 0
Note that --allow-ambiguity option was set to "one" and only first alignment per each contig was used.

	Covered Bases: 50645

	SNPs: 513
	Insertions: 10
	Deletions: 2

	Positive Gaps: 34
		Internal Gaps:  11
		External Gaps:  23
		External Gap Total:  6484920
		External Gap Average: 281953
	Negative Gaps: 10
		Internal Overlaps:  0
		External Overlaps:  10
		External Overlaps Total: -192
		External Overlaps Average: -19
	Contigs with Redundant Alignments: 0 (0)
