/home/gurevich/rep/quast/quast.pyc -t 16 -j  --meta  --bed-file /Molly/gurevich/MetaQUAST/res_final/res_cami_final/combined_reference/structural_variations/combined_reference.bed --no-check-meta  --contig-thresholds 1000,5000,10000,25000,50000 -R /Molly/gurevich/MetaQUAST/res_final/res_cami_final/quast_corrected_input/Sphingobium_yanoikuyae_ATCC_51230.fasta -o /Molly/gurevich/MetaQUAST/res_final/res_cami_final/runs_per_reference/Sphingobium_yanoikuyae_ATCC_51230 --labels "Gold_Assembly, IDBA_UD, Ray, SOAPdenovo2, SPAdes" /Molly/gurevich/MetaQUAST/res_final/res_cami_final/quast_corrected_input/Gold_Assembly_to_Sphingobium_yanoikuyae_ATCC_51230.fasta /Molly/gurevich/MetaQUAST/res_final/res_cami_final/quast_corrected_input/IDBA_UD_to_Sphingobium_yanoikuyae_ATCC_51230.fasta /Molly/gurevich/MetaQUAST/res_final/res_cami_final/quast_corrected_input/Ray_to_Sphingobium_yanoikuyae_ATCC_51230.fasta /Molly/gurevich/MetaQUAST/res_final/res_cami_final/quast_corrected_input/SOAPdenovo2_to_Sphingobium_yanoikuyae_ATCC_51230.fasta /Molly/gurevich/MetaQUAST/res_final/res_cami_final/quast_corrected_input/SPAdes_to_Sphingobium_yanoikuyae_ATCC_51230.fasta

Started: 2015-11-09 19:53:30

Logging to /Molly/gurevich/MetaQUAST/res_final/res_cami_final/runs_per_reference/Sphingobium_yanoikuyae_ATCC_51230/quast.log

NOTICE: Output directory already exists. Existing Nucmer alignments can be used.

Reference:
  /Molly/gurevich/MetaQUAST/res_final/res_cami_final/quast_corrected_input/Sphingobium_yanoikuyae_ATCC_51230.fasta ==> Sphingobium_yanoikuyae_ATCC_51230

Contigs:
  1  /Molly/gurevich/MetaQUAST/res_final/res_cami_final/quast_corrected_input/Gold_Assembly_to_Sphingobium_yanoikuyae_ATCC_51230.fasta ==> Gold_Assembly
  2  /Molly/gurevich/MetaQUAST/res_final/res_cami_final/quast_corrected_input/IDBA_UD_to_Sphingobium_yanoikuyae_ATCC_51230.fasta ==> IDBA_UD
  3  /Molly/gurevich/MetaQUAST/res_final/res_cami_final/quast_corrected_input/Ray_to_Sphingobium_yanoikuyae_ATCC_51230.fasta ==> Ray
  4  /Molly/gurevich/MetaQUAST/res_final/res_cami_final/quast_corrected_input/SOAPdenovo2_to_Sphingobium_yanoikuyae_ATCC_51230.fasta ==> SOAPdenovo2
  5  /Molly/gurevich/MetaQUAST/res_final/res_cami_final/quast_corrected_input/SPAdes_to_Sphingobium_yanoikuyae_ATCC_51230.fasta ==> SPAdes

2015-11-09 19:53:31
Running Basic statistics processor...
  Reference genome:
    Sphingobium_yanoikuyae_ATCC_51230.fasta, Reference length = 5532579, Reference GC % = 64.39
  Contig files: 
    1  Gold_Assembly
    2  IDBA_UD
    3  Ray
    4  SOAPdenovo2
    5  SPAdes
  Calculating N50 and L50...
    1  Gold_Assembly, N50 = 3797, L50 = 5, Total length = 44872, GC % = 62.91, # N's per 100 kbp =  0.00
    2  IDBA_UD, N50 = 4331, L50 = 47, Total length = 701798, GC % = 65.19, # N's per 100 kbp =  0.00
    3  Ray, N50 = 717, L50 = 45, Total length = 79394, GC % = 63.79, # N's per 100 kbp =  84.39
    4  SOAPdenovo2, N50 = 1155, L50 = 37, Total length = 129037, GC % = 63.15, # N's per 100 kbp =  158.87
    5  SPAdes, N50 = 3806, L50 = 53, Total length = 655371, GC % = 65.28, # N's per 100 kbp =  31.74
  Drawing Nx plot...
    saved to /Molly/gurevich/MetaQUAST/res_final/res_cami_final/runs_per_reference/Sphingobium_yanoikuyae_ATCC_51230/basic_stats/Nx_plot.pdf
  Drawing NGx plot...
    saved to /Molly/gurevich/MetaQUAST/res_final/res_cami_final/runs_per_reference/Sphingobium_yanoikuyae_ATCC_51230/basic_stats/NGx_plot.pdf
  Drawing cumulative plot...
    saved to /Molly/gurevich/MetaQUAST/res_final/res_cami_final/runs_per_reference/Sphingobium_yanoikuyae_ATCC_51230/basic_stats/cumulative_plot.pdf
  Drawing GC content plot...
    saved to /Molly/gurevich/MetaQUAST/res_final/res_cami_final/runs_per_reference/Sphingobium_yanoikuyae_ATCC_51230/basic_stats/GC_content_plot.pdf
Done.

2015-11-09 19:53:34
Running Contig analyzer...
  1  Gold_Assembly
  2  IDBA_UD
  3  Ray
  4  SOAPdenovo2
  5  SPAdes
  1  Logging to files /Molly/gurevich/MetaQUAST/res_final/res_cami_final/runs_per_reference/Sphingobium_yanoikuyae_ATCC_51230/contigs_reports/contigs_report_Gold_Assembly.stdout and contigs_report_Gold_Assembly.stderr...
  2  Logging to files /Molly/gurevich/MetaQUAST/res_final/res_cami_final/runs_per_reference/Sphingobium_yanoikuyae_ATCC_51230/contigs_reports/contigs_report_IDBA_UD.stdout and contigs_report_IDBA_UD.stderr...
  5  Logging to files /Molly/gurevich/MetaQUAST/res_final/res_cami_final/runs_per_reference/Sphingobium_yanoikuyae_ATCC_51230/contigs_reports/contigs_report_SPAdes.stdout and contigs_report_SPAdes.stderr...
  3  Logging to files /Molly/gurevich/MetaQUAST/res_final/res_cami_final/runs_per_reference/Sphingobium_yanoikuyae_ATCC_51230/contigs_reports/contigs_report_Ray.stdout and contigs_report_Ray.stderr...
  4  Logging to files /Molly/gurevich/MetaQUAST/res_final/res_cami_final/runs_per_reference/Sphingobium_yanoikuyae_ATCC_51230/contigs_reports/contigs_report_SOAPdenovo2.stdout and contigs_report_SOAPdenovo2.stderr...
  5  Using existing Nucmer alignments... 
  1  Using existing Nucmer alignments... 
  4  Using existing Nucmer alignments... 
  2  Using existing Nucmer alignments... 
  3  Using existing Nucmer alignments... 
  1  Alignments: runs_per_reference/Sphingobium_yanoikuyae_ATCC_51230/contigs_reports/alignments_Gold_Assembly.tsv
  1  Analysis is finished.

  3  Alignments: runs_per_reference/Sphingobium_yanoikuyae_ATCC_51230/contigs_reports/alignments_Ray.tsv
  3  Analysis is finished.

  4  Alignments: runs_per_reference/Sphingobium_yanoikuyae_ATCC_51230/contigs_reports/alignments_SOAPdenovo2.tsv
  4  Analysis is finished.

  2  Alignments: runs_per_reference/Sphingobium_yanoikuyae_ATCC_51230/contigs_reports/alignments_IDBA_UD.tsv
  5  Alignments: runs_per_reference/Sphingobium_yanoikuyae_ATCC_51230/contigs_reports/alignments_SPAdes.tsv
  2  Analysis is finished.

  5  Analysis is finished.

  Creating total report...
    saved to /Molly/gurevich/MetaQUAST/res_final/res_cami_final/runs_per_reference/Sphingobium_yanoikuyae_ATCC_51230/contigs_reports/misassemblies_report.txt, misassemblies_report.tsv, and misassemblies_report.tex
  Transposed version of total report...
    saved to /Molly/gurevich/MetaQUAST/res_final/res_cami_final/runs_per_reference/Sphingobium_yanoikuyae_ATCC_51230/contigs_reports/transposed_report_misassemblies.txt, transposed_report_misassemblies.tsv, and transposed_report_misassemblies.tex
  Creating total report...
    saved to /Molly/gurevich/MetaQUAST/res_final/res_cami_final/runs_per_reference/Sphingobium_yanoikuyae_ATCC_51230/contigs_reports/unaligned_report.txt, unaligned_report.tsv, and unaligned_report.tex
  Drawing misassemblies by types plot...
    saved to /Molly/gurevich/MetaQUAST/res_final/res_cami_final/runs_per_reference/Sphingobium_yanoikuyae_ATCC_51230/contigs_reports/misassemblies_plot.pdf
Done.

2015-11-09 19:53:37
Running NA-NGA calculation...
  1  Gold_Assembly, Largest alignment = 8270, NA50 = 3797, LA50 = 5
  2  IDBA_UD, Largest alignment = 18643, NA50 = 2745, LA50 = 70
  3  Ray, Largest alignment = 1764, NA50 = 717, LA50 = 45
  4  SOAPdenovo2, Largest alignment = 3792, NA50 = 1155, LA50 = 37
  5  SPAdes, Largest alignment = 13857, NA50 = 2806, LA50 = 67
  Drawing cumulative plot...
    saved to /Molly/gurevich/MetaQUAST/res_final/res_cami_final/runs_per_reference/Sphingobium_yanoikuyae_ATCC_51230/aligned_stats/cumulative_plot.pdf
  Drawing NAx plot...
    saved to /Molly/gurevich/MetaQUAST/res_final/res_cami_final/runs_per_reference/Sphingobium_yanoikuyae_ATCC_51230/aligned_stats/NAx_plot.pdf
  Drawing NGAx plot...
    saved to /Molly/gurevich/MetaQUAST/res_final/res_cami_final/runs_per_reference/Sphingobium_yanoikuyae_ATCC_51230/aligned_stats/NGAx_plot.pdf
Done.

2015-11-09 19:53:38
Running Genome analyzer...
  NOTICE: No file with genes provided. Use the -G option if you want to specify it.
  NOTICE: No file with operons provided. Use the -O option if you want to specify it.
  1  Gold_Assembly
  2  IDBA_UD
  3  Ray
  5  SPAdes
  4  SOAPdenovo2
  1  Analysis is finished.
  4  Analysis is finished.
  3  Analysis is finished.
  5  Analysis is finished.
  2  Analysis is finished.
  Drawing Genome fraction, % histogram...
    saved to /Molly/gurevich/MetaQUAST/res_final/res_cami_final/runs_per_reference/Sphingobium_yanoikuyae_ATCC_51230/genome_stats/genome_fraction_histogram.pdf
Done.

NOTICE: Genes are not predicted by default. Use --gene-finding option to enable it.

2015-11-09 19:53:40
Drawing large plots...
This may take a while: press Ctrl-C to skip this step..
  1 of 2: Creating contig alignment plot...
  2 of 2: Creating PDF with all tables and plots...
Done

2015-11-09 19:53:47
RESULTS:
  Text versions of total report are saved to /Molly/gurevich/MetaQUAST/res_final/res_cami_final/runs_per_reference/Sphingobium_yanoikuyae_ATCC_51230/report.txt, report.tsv, and report.tex
  Text versions of transposed total report are saved to /Molly/gurevich/MetaQUAST/res_final/res_cami_final/runs_per_reference/Sphingobium_yanoikuyae_ATCC_51230/transposed_report.txt, transposed_report.tsv, and transposed_report.tex
  HTML version (interactive tables and plots) saved to /Molly/gurevich/MetaQUAST/res_final/res_cami_final/runs_per_reference/Sphingobium_yanoikuyae_ATCC_51230/report.html
  PDF version (tables and plots) saved to /Molly/gurevich/MetaQUAST/res_final/res_cami_final/runs_per_reference/Sphingobium_yanoikuyae_ATCC_51230/report.pdf
  Contig alignment plot: /Molly/gurevich/MetaQUAST/res_final/res_cami_final/runs_per_reference/Sphingobium_yanoikuyae_ATCC_51230/alignment.svg
