Aligning contigs to reference...
	Using existing Nucmer alignments...
Parsing coords...
Loading reference...
	Loaded [Eubacterium_ventriosum_gi_211596808_ref_NZ_]
	Loaded [Eubacterium_ventriosum_gi_211596809_ref_NZ_]
	Loaded [Eubacterium_ventriosum_gi_211596810_ref_NZ_]
	Loaded [Eubacterium_ventriosum_gi_211596811_ref_NZ_]
	Loaded [Eubacterium_ventriosum_gi_211596812_ref_NZ_]
	Loaded [Eubacterium_ventriosum_gi_211596813_ref_NZ_]
	Loaded [Eubacterium_ventriosum_gi_211596814_ref_NZ_]
	Loaded [Eubacterium_ventriosum_gi_211596815_ref_NZ_]
	Loaded [Eubacterium_ventriosum_gi_211596816_ref_NZ_]
	Loaded [Eubacterium_ventriosum_gi_211596817_ref_NZ_]
	Loaded [Eubacterium_ventriosum_gi_211596818_ref_NZ_]
	Loaded [Eubacterium_ventriosum_gi_211596819_ref_NZ_]
	Loaded [Eubacterium_ventriosum_gi_211596820_ref_NZ_]
	Loaded [Eubacterium_ventriosum_gi_211596821_ref_NZ_]
	Loaded [Eubacterium_ventriosum_gi_211596822_ref_NZ_]
	Loaded [Eubacterium_ventriosum_gi_211596823_ref_NZ_]
	Loaded [Eubacterium_ventriosum_gi_211596824_ref_NZ_]
	Loaded [Eubacterium_ventriosum_gi_211596825_ref_NZ_]
	Loaded [Eubacterium_ventriosum_gi_211596826_ref_NZ_]
	Loaded [Eubacterium_ventriosum_gi_211596827_ref_NZ_]
	Loaded [Eubacterium_ventriosum_gi_211596828_ref_NZ_]
	Loaded [Eubacterium_ventriosum_gi_211596829_ref_NZ_]
	Loaded [Eubacterium_ventriosum_gi_211596830_ref_NZ_]
	Loaded [Eubacterium_ventriosum_gi_211596831_ref_NZ_]
	Loaded [Eubacterium_ventriosum_gi_211596832_ref_NZ_]
	Loaded [Eubacterium_ventriosum_gi_211596833_ref_NZ_]
	Loaded [Eubacterium_ventriosum_gi_211596834_ref_NZ_]
Loading SNPs...
Loading regions...
	No regions given, using whole reference.
	Total Regions: 27
	Total Region Length: 2870795
Analyzing contigs...
CONTIG: scaffold-50264 (1617bp)
Top Length: 687  Top ID: 97.38
		This contig is partially unaligned. (Aligned 687 out of 1617 bases)
		Alignment: 281482 282168 | 1 687 | 687 687 | 97.38 | Eubacterium_ventriosum_gi_211596811_ref_NZ_ scaffold-50264
		Unaligned bases: 688 to 1617 (930)
		This contig has both significant aligned and unaligned parts (of length >= min-contig)! It can contain interspecies translocations

CONTIG: scaffold-51294 (1420bp)
Top Length: 1420  Top ID: 99.15
		One align captures most of this contig: 275381 276800 | 1420 1 | 1420 1420 | 99.15 | Eubacterium_ventriosum_gi_211596811_ref_NZ_ scaffold-51294

CONTIG: scaffold-98497 (1185bp)
Top Length: 1184  Top ID: 99.32
		One align captures most of this contig: 277102 278285 | 1 1184 | 1184 1184 | 99.32 | Eubacterium_ventriosum_gi_211596811_ref_NZ_ scaffold-98497

CONTIG: scaffold-6256 (558bp)
Top Length: 558  Top ID: 98.21
		One align captures most of this contig: 2838 3395 | 558 1 | 558 558 | 98.21 | Eubacterium_ventriosum_gi_211596829_ref_NZ_ scaffold-6256

CONTIG: scaffold-6185 (571bp)
Top Length: 571  Top ID: 97.9
		One align captures most of this contig: 40125 40695 | 1 571 | 571 571 | 97.9 | Eubacterium_ventriosum_gi_211596814_ref_NZ_ scaffold-6185

CONTIG: scaffold-1949 (1729bp)
Top Length: 86  Top ID: 96.51
			Skipping redundant alignments after choosing the best set of alignments
		Skipping redundant alignment 69188 69273 | 1395 1310 | 86 86 | 96.51 | Eubacterium_ventriosum_gi_211596829_ref_NZ_ scaffold-1949
		This contig is partially unaligned. (Aligned 86 out of 1729 bases)
		Alignment: 45123 45208 | 1310 1395 | 86 86 | 96.51 | Eubacterium_ventriosum_gi_211596826_ref_NZ_ scaffold-1949
		Unaligned bases: 1 to 1309 (1309)
		Unaligned bases: 1396 to 1729 (334)

CONTIG: scaffold-15886 (1260bp)
Top Length: 1260  Top ID: 99.05
		One align captures most of this contig: 81690 82949 | 1260 1 | 1260 1260 | 99.05 | Eubacterium_ventriosum_gi_211596817_ref_NZ_ scaffold-15886

CONTIG: scaffold-377 (12057bp)
Top Length: 108  Top ID: 97.22
		This contig is partially unaligned. (Aligned 108 out of 12057 bases)
		Alignment: 223996 224103 | 8504 8397 | 108 108 | 97.22 | Eubacterium_ventriosum_gi_211596831_ref_NZ_ scaffold-377
		Unaligned bases: 1 to 8396 (8396)
		Unaligned bases: 8505 to 12057 (3553)

CONTIG: scaffold-2385 (2576bp)
Top Length: 478  Top ID: 95.82
		This contig is misassembled. 2 total aligns.
			Warning! This contig is more unaligned than misassembled. Contig length is 2576 and total length of all aligns is 693
		Alignment: 225814 226028 | 823 609 | 215 215 | 98.6 | Eubacterium_ventriosum_gi_211596831_ref_NZ_ scaffold-2385
		Alignment: 225206 225683 | 1582 1105 | 478 478 | 95.82 | Eubacterium_ventriosum_gi_211596831_ref_NZ_ scaffold-2385
		Unaligned bases: 1883
		This contig has both significant aligned and unaligned parts (of length >= min-contig)! It can contain interspecies translocations
CONTIG: scaffold-1965 (3861bp)
Top Length: 2008  Top ID: 98.9
		This contig is misassembled. 3 total aligns.
			Real Alignment 1: 120249 122256 | 2008 1 | 2008 2008 | 98.9 | Eubacterium_ventriosum_gi_211596816_ref_NZ_ scaffold-1965
			  Overlap between these two alignments (local misassembly). Inconsistency = -200 
			Real Alignment 2: 119327 120418 | 3130 2039 | 1092 1092 | 98.81 | Eubacterium_ventriosum_gi_211596816_ref_NZ_ scaffold-1965
			  Overlap between these two alignments (local misassembly). Inconsistency = -165 
			Real Alignment 3: 118763 119325 | 3861 3297 | 563 565 | 98.23 | Eubacterium_ventriosum_gi_211596816_ref_NZ_ scaffold-1965

CONTIG: scaffold-3064 (3005bp)
Top Length: 424  Top ID: 99.76
		This contig is misassembled. 2 total aligns.
			Warning! This contig is more unaligned than misassembled. Contig length is 3005 and total length of all aligns is 841
		Alignment: 121911 122334 | 1 424 | 424 424 | 99.76 | Eubacterium_ventriosum_gi_211596816_ref_NZ_ scaffold-3064
		Alignment: 122189 122605 | 2589 3005 | 417 417 | 97.84 | Eubacterium_ventriosum_gi_211596816_ref_NZ_ scaffold-3064
		Unaligned bases: 2164
		This contig has both significant aligned and unaligned parts (of length >= min-contig)! It can contain interspecies translocations
CONTIG: scaffold-9463 (1084bp)
Top Length: 1083  Top ID: 97.79
		One align captures most of this contig: 101316 102402 | 1083 1 | 1087 1083 | 97.79 | Eubacterium_ventriosum_gi_211596816_ref_NZ_ scaffold-9463

CONTIG: scaffold-9572 (2177bp)
Top Length: 2177  Top ID: 99.59
		One align captures most of this contig: 104397 106573 | 2177 1 | 2177 2177 | 99.59 | Eubacterium_ventriosum_gi_211596816_ref_NZ_ scaffold-9572

CONTIG: scaffold-16980 (1015bp)
Top Length: 1015  Top ID: 99.61
		One align captures most of this contig: 106645 107659 | 1015 1 | 1015 1015 | 99.61 | Eubacterium_ventriosum_gi_211596816_ref_NZ_ scaffold-16980

CONTIG: scaffold-406 (13588bp)
Top Length: 815  Top ID: 97.79
		This contig is partially unaligned. (Aligned 815 out of 13588 bases)
		Alignment: 2926 3738 | 6322 5508 | 813 815 | 97.79 | Eubacterium_ventriosum_gi_211596823_ref_NZ_ scaffold-406
		Unaligned bases: 1 to 5507 (5507)
		Unaligned bases: 6323 to 13588 (7266)
		This contig has both significant aligned and unaligned parts (of length >= min-contig)! It can contain interspecies translocations

CONTIG: scaffold-23084 (1480bp)
Top Length: 953  Top ID: 96.55
		This contig is misassembled. 2 total aligns.
			Excluding internal overlap of size 11 between Alignment 1 and 2:  3737 4027 | 943 1233 | 291 291 --> 3748 4027 | 954 1233 | 280 280
			Real Alignment 1: 97967 98921 | 953 1 | 955 953 | 96.55 | Eubacterium_ventriosum_gi_211596816_ref_NZ_ scaffold-23084
			  Extensive misassembly ( translocation ) between these two alignments
			Real Alignment 2: 3748 4027 | 954 1233 | 280 280 | 98.28 | Eubacterium_ventriosum_gi_211596823_ref_NZ_ scaffold-23084

Analyzing coverage...
Writing SNPs into /Molly/gurevich/MetaQUAST/res_final/res_metahit_final/runs_per_reference/Eubacterium_ventriosum/contigs_reports/nucmer_output/Ray.used_snps
	Reference Eubacterium_ventriosum_gi_211596817_ref_NZ_: 1 total alignments. 1 total regions.
		Region: 1 to 291583 (291583 bp)
			START in gap: 1 to 81690 (81689 bp)
			Align 1: 81690 82949 scaffold-15886 1260 1
			END in gap: 82949 to 291583 (208634 bp)

ERROR: Reference Eubacterium_ventriosum_gi_211596813_ref_NZ_ does not have any alignments!  Check that this is the same file used for alignment.
ERROR: Alignment Reference Headers: ['Eubacterium_ventriosum_gi_211596829_ref_NZ_', 'Eubacterium_ventriosum_gi_211596817_ref_NZ_', 'Eubacterium_ventriosum_gi_211596816_ref_NZ_', 'Eubacterium_ventriosum_gi_211596814_ref_NZ_', 'Eubacterium_ventriosum_gi_211596826_ref_NZ_', 'Eubacterium_ventriosum_gi_211596823_ref_NZ_', 'Eubacterium_ventriosum_gi_211596831_ref_NZ_', 'Eubacterium_ventriosum_gi_211596811_ref_NZ_']
ERROR: Reference Eubacterium_ventriosum_gi_211596827_ref_NZ_ does not have any alignments!  Check that this is the same file used for alignment.
ERROR: Alignment Reference Headers: ['Eubacterium_ventriosum_gi_211596829_ref_NZ_', 'Eubacterium_ventriosum_gi_211596817_ref_NZ_', 'Eubacterium_ventriosum_gi_211596816_ref_NZ_', 'Eubacterium_ventriosum_gi_211596814_ref_NZ_', 'Eubacterium_ventriosum_gi_211596826_ref_NZ_', 'Eubacterium_ventriosum_gi_211596823_ref_NZ_', 'Eubacterium_ventriosum_gi_211596831_ref_NZ_', 'Eubacterium_ventriosum_gi_211596811_ref_NZ_']
ERROR: Reference Eubacterium_ventriosum_gi_211596815_ref_NZ_ does not have any alignments!  Check that this is the same file used for alignment.
ERROR: Alignment Reference Headers: ['Eubacterium_ventriosum_gi_211596829_ref_NZ_', 'Eubacterium_ventriosum_gi_211596817_ref_NZ_', 'Eubacterium_ventriosum_gi_211596816_ref_NZ_', 'Eubacterium_ventriosum_gi_211596814_ref_NZ_', 'Eubacterium_ventriosum_gi_211596826_ref_NZ_', 'Eubacterium_ventriosum_gi_211596823_ref_NZ_', 'Eubacterium_ventriosum_gi_211596831_ref_NZ_', 'Eubacterium_ventriosum_gi_211596811_ref_NZ_']
ERROR: Reference Eubacterium_ventriosum_gi_211596818_ref_NZ_ does not have any alignments!  Check that this is the same file used for alignment.
ERROR: Alignment Reference Headers: ['Eubacterium_ventriosum_gi_211596829_ref_NZ_', 'Eubacterium_ventriosum_gi_211596817_ref_NZ_', 'Eubacterium_ventriosum_gi_211596816_ref_NZ_', 'Eubacterium_ventriosum_gi_211596814_ref_NZ_', 'Eubacterium_ventriosum_gi_211596826_ref_NZ_', 'Eubacterium_ventriosum_gi_211596823_ref_NZ_', 'Eubacterium_ventriosum_gi_211596831_ref_NZ_', 'Eubacterium_ventriosum_gi_211596811_ref_NZ_']
ERROR: Reference Eubacterium_ventriosum_gi_211596822_ref_NZ_ does not have any alignments!  Check that this is the same file used for alignment.
ERROR: Alignment Reference Headers: ['Eubacterium_ventriosum_gi_211596829_ref_NZ_', 'Eubacterium_ventriosum_gi_211596817_ref_NZ_', 'Eubacterium_ventriosum_gi_211596816_ref_NZ_', 'Eubacterium_ventriosum_gi_211596814_ref_NZ_', 'Eubacterium_ventriosum_gi_211596826_ref_NZ_', 'Eubacterium_ventriosum_gi_211596823_ref_NZ_', 'Eubacterium_ventriosum_gi_211596831_ref_NZ_', 'Eubacterium_ventriosum_gi_211596811_ref_NZ_']
ERROR: Reference Eubacterium_ventriosum_gi_211596820_ref_NZ_ does not have any alignments!  Check that this is the same file used for alignment.
ERROR: Alignment Reference Headers: ['Eubacterium_ventriosum_gi_211596829_ref_NZ_', 'Eubacterium_ventriosum_gi_211596817_ref_NZ_', 'Eubacterium_ventriosum_gi_211596816_ref_NZ_', 'Eubacterium_ventriosum_gi_211596814_ref_NZ_', 'Eubacterium_ventriosum_gi_211596826_ref_NZ_', 'Eubacterium_ventriosum_gi_211596823_ref_NZ_', 'Eubacterium_ventriosum_gi_211596831_ref_NZ_', 'Eubacterium_ventriosum_gi_211596811_ref_NZ_']
ERROR: Reference Eubacterium_ventriosum_gi_211596808_ref_NZ_ does not have any alignments!  Check that this is the same file used for alignment.
ERROR: Alignment Reference Headers: ['Eubacterium_ventriosum_gi_211596829_ref_NZ_', 'Eubacterium_ventriosum_gi_211596817_ref_NZ_', 'Eubacterium_ventriosum_gi_211596816_ref_NZ_', 'Eubacterium_ventriosum_gi_211596814_ref_NZ_', 'Eubacterium_ventriosum_gi_211596826_ref_NZ_', 'Eubacterium_ventriosum_gi_211596823_ref_NZ_', 'Eubacterium_ventriosum_gi_211596831_ref_NZ_', 'Eubacterium_ventriosum_gi_211596811_ref_NZ_']
	Reference Eubacterium_ventriosum_gi_211596816_ref_NZ_: 9 total alignments. 1 total regions.
		Region: 1 to 457499 (457499 bp)
			START in gap: 1 to 97967 (97966 bp)
			Align 1: 97967 98921 scaffold-23084 953 1
				Gap between this and next alignment: 98921 to 101316 (2394 bp)
				Next Alignment: 101316 102402 scaffold-9463 1083 1

			Align 2: 101316 102402 scaffold-9463 1083 1
				Gap between this and next alignment: 102402 to 104397 (1994 bp)
				Next Alignment: 104397 106573 scaffold-9572 2177 1

			Align 3: 104397 106573 scaffold-9572 2177 1
				Gap between this and next alignment: 106573 to 106645 (71 bp)
				Next Alignment: 106645 107659 scaffold-16980 1015 1

			Align 4: 106645 107659 scaffold-16980 1015 1
				Gap between this and next alignment: 107659 to 118763 (11103 bp)
				Next Alignment: 118763 119325 scaffold-1965 3861 3297

			Align 5: 118763 119325 scaffold-1965 3861 3297
				Gap between this and next alignment: 119325 to 119327 (1 bp)
				Next Alignment: 119327 120418 scaffold-1965 3130 2039

			Align 6: 119327 120418 scaffold-1965 3130 2039
				Negative gap (overlap) between this and next alignment: 120418 to 120249 (-169 bp)
				Next Alignment: 120249 122256 scaffold-1965 2008 1

			Previous gap was negative, modifying coordinates to ignore overlap
				Moving contig start from 2008 to 1838.
			Align 7: 120419 122256 scaffold-1965 1838 1
				Negative gap (overlap) between this and next alignment: 122256 to 121911 (-345 bp)
				Next Alignment: 121911 122334 scaffold-3064 1 424

			Previous gap was negative, modifying coordinates to ignore overlap
				Moving contig start from 1 to 347.
			Align 8: 122257 122334 scaffold-3064 347 424
				Negative gap (overlap) between this and next alignment: 122334 to 122189 (-145 bp)
				Next Alignment: 122189 122605 scaffold-3064 2589 3005

			Previous gap was negative, modifying coordinates to ignore overlap
				Moving contig start from 2589 to 2735.
			Align 9: 122335 122605 scaffold-3064 2735 3005
			END in gap: 122605 to 457499 (334894 bp)

	Reference Eubacterium_ventriosum_gi_211596814_ref_NZ_: 1 total alignments. 1 total regions.
		Region: 1 to 72687 (72687 bp)
			START in gap: 1 to 40125 (40124 bp)
			Align 1: 40125 40695 scaffold-6185 1 571
			END in gap: 40695 to 72687 (31992 bp)

ERROR: Reference Eubacterium_ventriosum_gi_211596819_ref_NZ_ does not have any alignments!  Check that this is the same file used for alignment.
ERROR: Alignment Reference Headers: ['Eubacterium_ventriosum_gi_211596829_ref_NZ_', 'Eubacterium_ventriosum_gi_211596817_ref_NZ_', 'Eubacterium_ventriosum_gi_211596816_ref_NZ_', 'Eubacterium_ventriosum_gi_211596814_ref_NZ_', 'Eubacterium_ventriosum_gi_211596826_ref_NZ_', 'Eubacterium_ventriosum_gi_211596823_ref_NZ_', 'Eubacterium_ventriosum_gi_211596831_ref_NZ_', 'Eubacterium_ventriosum_gi_211596811_ref_NZ_']
ERROR: Reference Eubacterium_ventriosum_gi_211596809_ref_NZ_ does not have any alignments!  Check that this is the same file used for alignment.
ERROR: Alignment Reference Headers: ['Eubacterium_ventriosum_gi_211596829_ref_NZ_', 'Eubacterium_ventriosum_gi_211596817_ref_NZ_', 'Eubacterium_ventriosum_gi_211596816_ref_NZ_', 'Eubacterium_ventriosum_gi_211596814_ref_NZ_', 'Eubacterium_ventriosum_gi_211596826_ref_NZ_', 'Eubacterium_ventriosum_gi_211596823_ref_NZ_', 'Eubacterium_ventriosum_gi_211596831_ref_NZ_', 'Eubacterium_ventriosum_gi_211596811_ref_NZ_']
	Reference Eubacterium_ventriosum_gi_211596811_ref_NZ_: 3 total alignments. 1 total regions.
		Region: 1 to 309531 (309531 bp)
			START in gap: 1 to 275381 (275380 bp)
			Align 1: 275381 276800 scaffold-51294 1420 1
				Gap between this and next alignment: 276800 to 277102 (301 bp)
				Next Alignment: 277102 278285 scaffold-98497 1 1184

			Align 2: 277102 278285 scaffold-98497 1 1184
				Gap between this and next alignment: 278285 to 281482 (3196 bp)
				Next Alignment: 281482 282168 scaffold-50264 1 687

			Align 3: 281482 282168 scaffold-50264 1 687
			END in gap: 282168 to 309531 (27363 bp)

ERROR: Reference Eubacterium_ventriosum_gi_211596825_ref_NZ_ does not have any alignments!  Check that this is the same file used for alignment.
ERROR: Alignment Reference Headers: ['Eubacterium_ventriosum_gi_211596829_ref_NZ_', 'Eubacterium_ventriosum_gi_211596817_ref_NZ_', 'Eubacterium_ventriosum_gi_211596816_ref_NZ_', 'Eubacterium_ventriosum_gi_211596814_ref_NZ_', 'Eubacterium_ventriosum_gi_211596826_ref_NZ_', 'Eubacterium_ventriosum_gi_211596823_ref_NZ_', 'Eubacterium_ventriosum_gi_211596831_ref_NZ_', 'Eubacterium_ventriosum_gi_211596811_ref_NZ_']
ERROR: Reference Eubacterium_ventriosum_gi_211596812_ref_NZ_ does not have any alignments!  Check that this is the same file used for alignment.
ERROR: Alignment Reference Headers: ['Eubacterium_ventriosum_gi_211596829_ref_NZ_', 'Eubacterium_ventriosum_gi_211596817_ref_NZ_', 'Eubacterium_ventriosum_gi_211596816_ref_NZ_', 'Eubacterium_ventriosum_gi_211596814_ref_NZ_', 'Eubacterium_ventriosum_gi_211596826_ref_NZ_', 'Eubacterium_ventriosum_gi_211596823_ref_NZ_', 'Eubacterium_ventriosum_gi_211596831_ref_NZ_', 'Eubacterium_ventriosum_gi_211596811_ref_NZ_']
	Reference Eubacterium_ventriosum_gi_211596826_ref_NZ_: 1 total alignments. 1 total regions.
		Region: 1 to 46207 (46207 bp)
			START in gap: 1 to 45123 (45122 bp)
			Align 1: 45123 45208 scaffold-1949 1310 1395
			END in gap: 45208 to 46207 (999 bp)

ERROR: Reference Eubacterium_ventriosum_gi_211596834_ref_NZ_ does not have any alignments!  Check that this is the same file used for alignment.
ERROR: Alignment Reference Headers: ['Eubacterium_ventriosum_gi_211596829_ref_NZ_', 'Eubacterium_ventriosum_gi_211596817_ref_NZ_', 'Eubacterium_ventriosum_gi_211596816_ref_NZ_', 'Eubacterium_ventriosum_gi_211596814_ref_NZ_', 'Eubacterium_ventriosum_gi_211596826_ref_NZ_', 'Eubacterium_ventriosum_gi_211596823_ref_NZ_', 'Eubacterium_ventriosum_gi_211596831_ref_NZ_', 'Eubacterium_ventriosum_gi_211596811_ref_NZ_']
ERROR: Reference Eubacterium_ventriosum_gi_211596828_ref_NZ_ does not have any alignments!  Check that this is the same file used for alignment.
ERROR: Alignment Reference Headers: ['Eubacterium_ventriosum_gi_211596829_ref_NZ_', 'Eubacterium_ventriosum_gi_211596817_ref_NZ_', 'Eubacterium_ventriosum_gi_211596816_ref_NZ_', 'Eubacterium_ventriosum_gi_211596814_ref_NZ_', 'Eubacterium_ventriosum_gi_211596826_ref_NZ_', 'Eubacterium_ventriosum_gi_211596823_ref_NZ_', 'Eubacterium_ventriosum_gi_211596831_ref_NZ_', 'Eubacterium_ventriosum_gi_211596811_ref_NZ_']
	Reference Eubacterium_ventriosum_gi_211596831_ref_NZ_: 3 total alignments. 1 total regions.
		Region: 1 to 247920 (247920 bp)
			START in gap: 1 to 223996 (223995 bp)
			Align 1: 223996 224103 scaffold-377 8504 8397
				Gap between this and next alignment: 224103 to 225206 (1102 bp)
				Next Alignment: 225206 225683 scaffold-2385 1582 1105

			Align 2: 225206 225683 scaffold-2385 1582 1105
				Gap between this and next alignment: 225683 to 225814 (130 bp)
				Next Alignment: 225814 226028 scaffold-2385 823 609

			Align 3: 225814 226028 scaffold-2385 823 609
			END in gap: 226028 to 247920 (21892 bp)

ERROR: Reference Eubacterium_ventriosum_gi_211596833_ref_NZ_ does not have any alignments!  Check that this is the same file used for alignment.
ERROR: Alignment Reference Headers: ['Eubacterium_ventriosum_gi_211596829_ref_NZ_', 'Eubacterium_ventriosum_gi_211596817_ref_NZ_', 'Eubacterium_ventriosum_gi_211596816_ref_NZ_', 'Eubacterium_ventriosum_gi_211596814_ref_NZ_', 'Eubacterium_ventriosum_gi_211596826_ref_NZ_', 'Eubacterium_ventriosum_gi_211596823_ref_NZ_', 'Eubacterium_ventriosum_gi_211596831_ref_NZ_', 'Eubacterium_ventriosum_gi_211596811_ref_NZ_']
	Reference Eubacterium_ventriosum_gi_211596829_ref_NZ_: 1 total alignments. 1 total regions.
		Region: 1 to 153405 (153405 bp)
			START in gap: 1 to 2838 (2837 bp)
			Align 1: 2838 3395 scaffold-6256 558 1
			END in gap: 3395 to 153405 (150010 bp)

	Reference Eubacterium_ventriosum_gi_211596823_ref_NZ_: 2 total alignments. 1 total regions.
		Region: 1 to 19651 (19651 bp)
			START in gap: 1 to 2926 (2925 bp)
			Align 1: 2926 3738 scaffold-406 6322 5508
				Gap between this and next alignment: 3738 to 3748 (9 bp)
				Next Alignment: 3748 4027 scaffold-23084 954 1233

			Align 2: 3748 4027 scaffold-23084 954 1233
			END in gap: 4027 to 19651 (15624 bp)

ERROR: Reference Eubacterium_ventriosum_gi_211596821_ref_NZ_ does not have any alignments!  Check that this is the same file used for alignment.
ERROR: Alignment Reference Headers: ['Eubacterium_ventriosum_gi_211596829_ref_NZ_', 'Eubacterium_ventriosum_gi_211596817_ref_NZ_', 'Eubacterium_ventriosum_gi_211596816_ref_NZ_', 'Eubacterium_ventriosum_gi_211596814_ref_NZ_', 'Eubacterium_ventriosum_gi_211596826_ref_NZ_', 'Eubacterium_ventriosum_gi_211596823_ref_NZ_', 'Eubacterium_ventriosum_gi_211596831_ref_NZ_', 'Eubacterium_ventriosum_gi_211596811_ref_NZ_']
ERROR: Reference Eubacterium_ventriosum_gi_211596830_ref_NZ_ does not have any alignments!  Check that this is the same file used for alignment.
ERROR: Alignment Reference Headers: ['Eubacterium_ventriosum_gi_211596829_ref_NZ_', 'Eubacterium_ventriosum_gi_211596817_ref_NZ_', 'Eubacterium_ventriosum_gi_211596816_ref_NZ_', 'Eubacterium_ventriosum_gi_211596814_ref_NZ_', 'Eubacterium_ventriosum_gi_211596826_ref_NZ_', 'Eubacterium_ventriosum_gi_211596823_ref_NZ_', 'Eubacterium_ventriosum_gi_211596831_ref_NZ_', 'Eubacterium_ventriosum_gi_211596811_ref_NZ_']
ERROR: Reference Eubacterium_ventriosum_gi_211596832_ref_NZ_ does not have any alignments!  Check that this is the same file used for alignment.
ERROR: Alignment Reference Headers: ['Eubacterium_ventriosum_gi_211596829_ref_NZ_', 'Eubacterium_ventriosum_gi_211596817_ref_NZ_', 'Eubacterium_ventriosum_gi_211596816_ref_NZ_', 'Eubacterium_ventriosum_gi_211596814_ref_NZ_', 'Eubacterium_ventriosum_gi_211596826_ref_NZ_', 'Eubacterium_ventriosum_gi_211596823_ref_NZ_', 'Eubacterium_ventriosum_gi_211596831_ref_NZ_', 'Eubacterium_ventriosum_gi_211596811_ref_NZ_']
ERROR: Reference Eubacterium_ventriosum_gi_211596824_ref_NZ_ does not have any alignments!  Check that this is the same file used for alignment.
ERROR: Alignment Reference Headers: ['Eubacterium_ventriosum_gi_211596829_ref_NZ_', 'Eubacterium_ventriosum_gi_211596817_ref_NZ_', 'Eubacterium_ventriosum_gi_211596816_ref_NZ_', 'Eubacterium_ventriosum_gi_211596814_ref_NZ_', 'Eubacterium_ventriosum_gi_211596826_ref_NZ_', 'Eubacterium_ventriosum_gi_211596823_ref_NZ_', 'Eubacterium_ventriosum_gi_211596831_ref_NZ_', 'Eubacterium_ventriosum_gi_211596811_ref_NZ_']
ERROR: Reference Eubacterium_ventriosum_gi_211596810_ref_NZ_ does not have any alignments!  Check that this is the same file used for alignment.
ERROR: Alignment Reference Headers: ['Eubacterium_ventriosum_gi_211596829_ref_NZ_', 'Eubacterium_ventriosum_gi_211596817_ref_NZ_', 'Eubacterium_ventriosum_gi_211596816_ref_NZ_', 'Eubacterium_ventriosum_gi_211596814_ref_NZ_', 'Eubacterium_ventriosum_gi_211596826_ref_NZ_', 'Eubacterium_ventriosum_gi_211596823_ref_NZ_', 'Eubacterium_ventriosum_gi_211596831_ref_NZ_', 'Eubacterium_ventriosum_gi_211596811_ref_NZ_']
Analysis is finished!
Founded SNPs were written into /Molly/gurevich/MetaQUAST/res_final/res_metahit_final/runs_per_reference/Eubacterium_ventriosum/contigs_reports/nucmer_output/Ray.used_snps

Results:
	Local Misassemblies: 2
	Misassemblies: 1
		Relocations: 0
		Translocations: 1
		Inversions: 0
	Fake misassemblies matched with structural variations: 0
	Misassembled Contigs: 1
	Misassembled Contig Bases: 1480
	Misassemblies Inter-Contig Overlap: 0
Uncovered Regions: 0 (0)
Unaligned Contigs: 0 + 6 part
Partially Unaligned Contigs with Misassemblies: 2
Unaligned Contig Bases: 31342

Ambiguously Mapped Contigs: 0
Total Bases in Ambiguously Mapped Contigs: 0
Note that --allow-ambiguity option was set to "one" and only first alignment per each contig was used.

	Covered Bases: 16736

	SNPs: 233
	Insertions: 5
	Deletions: 7

	Positive Gaps: 26
		Internal Gaps:  2
		External Gaps:  24
		External Gap Total:  1581616
		External Gap Average: 65901
	Negative Gaps: 3
		Internal Overlaps:  2
		External Overlaps:  1
		External Overlaps Total: -345
		External Overlaps Average: -345
	Contigs with Redundant Alignments: 0 (0)
