Aligning contigs to reference...
	Using existing Nucmer alignments...
Parsing coords...
Loading reference...
	Loaded [Eubacterium_ventriosum_gi_211596808_ref_NZ_]
	Loaded [Eubacterium_ventriosum_gi_211596809_ref_NZ_]
	Loaded [Eubacterium_ventriosum_gi_211596810_ref_NZ_]
	Loaded [Eubacterium_ventriosum_gi_211596811_ref_NZ_]
	Loaded [Eubacterium_ventriosum_gi_211596812_ref_NZ_]
	Loaded [Eubacterium_ventriosum_gi_211596813_ref_NZ_]
	Loaded [Eubacterium_ventriosum_gi_211596814_ref_NZ_]
	Loaded [Eubacterium_ventriosum_gi_211596815_ref_NZ_]
	Loaded [Eubacterium_ventriosum_gi_211596816_ref_NZ_]
	Loaded [Eubacterium_ventriosum_gi_211596817_ref_NZ_]
	Loaded [Eubacterium_ventriosum_gi_211596818_ref_NZ_]
	Loaded [Eubacterium_ventriosum_gi_211596819_ref_NZ_]
	Loaded [Eubacterium_ventriosum_gi_211596820_ref_NZ_]
	Loaded [Eubacterium_ventriosum_gi_211596821_ref_NZ_]
	Loaded [Eubacterium_ventriosum_gi_211596822_ref_NZ_]
	Loaded [Eubacterium_ventriosum_gi_211596823_ref_NZ_]
	Loaded [Eubacterium_ventriosum_gi_211596824_ref_NZ_]
	Loaded [Eubacterium_ventriosum_gi_211596825_ref_NZ_]
	Loaded [Eubacterium_ventriosum_gi_211596826_ref_NZ_]
	Loaded [Eubacterium_ventriosum_gi_211596827_ref_NZ_]
	Loaded [Eubacterium_ventriosum_gi_211596828_ref_NZ_]
	Loaded [Eubacterium_ventriosum_gi_211596829_ref_NZ_]
	Loaded [Eubacterium_ventriosum_gi_211596830_ref_NZ_]
	Loaded [Eubacterium_ventriosum_gi_211596831_ref_NZ_]
	Loaded [Eubacterium_ventriosum_gi_211596832_ref_NZ_]
	Loaded [Eubacterium_ventriosum_gi_211596833_ref_NZ_]
	Loaded [Eubacterium_ventriosum_gi_211596834_ref_NZ_]
Loading SNPs...
Loading regions...
	No regions given, using whole reference.
	Total Regions: 27
	Total Region Length: 2870795
Analyzing contigs...
CONTIG: C736424_76.0 (708bp)
Top Length: 708  Top ID: 98.59
		One align captures most of this contig: 119711 120418 | 708 1 | 708 708 | 98.59 | Eubacterium_ventriosum_gi_211596816_ref_NZ_ C736424_76.0

CONTIG: C757802_31.0 (1887bp)
Top Length: 1887  Top ID: 99.58
		One align captures most of this contig: 104638 106524 | 1 1887 | 1887 1887 | 99.58 | Eubacterium_ventriosum_gi_211596816_ref_NZ_ C757802_31.0

CONTIG: C757962_26.0 (1911bp)
Top Length: 1911  Top ID: 99.32
		One align captures most of this contig: 114472 116382 | 1911 1 | 1911 1911 | 99.32 | Eubacterium_ventriosum_gi_211596816_ref_NZ_ C757962_26.0

CONTIG: scaffold10023__3.3 (686bp)
Top Length: 354  Top ID: 97.46
		This contig is partially unaligned. (Aligned 354 out of 686 bases)
		Alignment: 17477 17830 | 2 355 | 354 354 | 97.46 | Eubacterium_ventriosum_gi_211596814_ref_NZ_ scaffold10023__3.3
		Unaligned bases: 1 to 1 (1)
		Unaligned bases: 356 to 686 (331)

CONTIG: scaffold15638__2.6 (685bp)
Top Length: 154  Top ID: 99.35
		This contig is misassembled. 3 total aligns.
			Real Alignment 1: 18843 18954 | 112 1 | 112 112 | 97.32 | Eubacterium_ventriosum_gi_211596814_ref_NZ_ scaffold15638__2.6
			  Gap between these two alignments (local misassembly). Inconsistency = 267 
			Real Alignment 2: 18166 18319 | 522 369 | 154 154 | 99.35 | Eubacterium_ventriosum_gi_211596814_ref_NZ_ scaffold15638__2.6
			  Gap between these two alignments (local misassembly). Inconsistency = 150 
			Real Alignment 3: 17853 18003 | 685 535 | 151 151 | 98.01 | Eubacterium_ventriosum_gi_211596814_ref_NZ_ scaffold15638__2.6

CONTIG: scaffold26488__2.5 (1000bp)
Top Length: 408  Top ID: 99.02
		This contig is misassembled. 2 total aligns.
			Real Alignment 1: 34844 35251 | 189 596 | 408 408 | 99.02 | Eubacterium_ventriosum_gi_211596814_ref_NZ_ scaffold26488__2.5
			  Gap between these two alignments (local misassembly). Inconsistency = 149 
			Real Alignment 2: 35405 35804 | 601 1000 | 400 400 | 95.5 | Eubacterium_ventriosum_gi_211596814_ref_NZ_ scaffold26488__2.5

CONTIG: scaffold35827__2.2 (1117bp)
Top Length: 507  Top ID: 97.44
		This contig is misassembled. 4 total aligns.
			Real Alignment 1: 50950 51456 | 507 1 | 507 507 | 97.44 | Eubacterium_ventriosum_gi_211596814_ref_NZ_ scaffold35827__2.2
			  Gap between these two alignments (local misassembly). Inconsistency = 119 
			Real Alignment 2: 50644 50829 | 695 509 | 186 187 | 98.4 | Eubacterium_ventriosum_gi_211596814_ref_NZ_ scaffold35827__2.2
			  Gap between these two alignments (local misassembly). Inconsistency = 145 
			Real Alignment 3: 50308 50414 | 886 780 | 107 107 | 97.2 | Eubacterium_ventriosum_gi_211596814_ref_NZ_ scaffold35827__2.2
			  Gap between these two alignments (local misassembly). Inconsistency = 149 
			Real Alignment 4: 49928 50052 | 1117 993 | 125 125 | 96.0 | Eubacterium_ventriosum_gi_211596814_ref_NZ_ scaffold35827__2.2

CONTIG: scaffold35860__2.7 (882bp)
Top Length: 406  Top ID: 97.78
		This contig is partially unaligned. (Aligned 406 out of 882 bases)
		Alignment: 28869 29274 | 406 1 | 406 406 | 97.78 | Eubacterium_ventriosum_gi_211596814_ref_NZ_ scaffold35860__2.7
		Unaligned bases: 407 to 882 (476)

CONTIG: scaffold37692__2.8 (744bp)
Top Length: 323  Top ID: 98.14
		This contig is misassembled. 3 total aligns.
			Real Alignment 1: 14698 14839 | 142 1 | 142 142 | 98.59 | Eubacterium_ventriosum_gi_211596814_ref_NZ_ scaffold37692__2.8
			  Gap between these two alignments (local misassembly). Inconsistency = 150 
			Real Alignment 2: 14190 14512 | 500 178 | 323 323 | 98.14 | Eubacterium_ventriosum_gi_211596814_ref_NZ_ scaffold37692__2.8
			  Gap between these two alignments (local misassembly). Inconsistency = 141 
			Real Alignment 3: 13805 14037 | 744 512 | 233 233 | 98.28 | Eubacterium_ventriosum_gi_211596814_ref_NZ_ scaffold37692__2.8

CONTIG: scaffold48360__3.0 (1148bp)
Top Length: 272  Top ID: 98.53
		This contig is misassembled. 5 total aligns.
			Real Alignment 1: 16723 16997 | 275 1 | 275 275 | 96.36 | Eubacterium_ventriosum_gi_211596814_ref_NZ_ scaffold48360__3.0
			  Gap between these two alignments (local misassembly). Inconsistency = 143 
			Real Alignment 2: 16255 16526 | 600 329 | 272 272 | 98.53 | Eubacterium_ventriosum_gi_211596814_ref_NZ_ scaffold48360__3.0
			  Gap between these two alignments (local misassembly). Inconsistency = 131 
			Real Alignment 3: 15975 16121 | 749 603 | 147 147 | 97.28 | Eubacterium_ventriosum_gi_211596814_ref_NZ_ scaffold48360__3.0
			  Gap between these two alignments (local misassembly). Inconsistency = 138 
			Real Alignment 4: 15665 15835 | 921 751 | 171 171 | 98.25 | Eubacterium_ventriosum_gi_211596814_ref_NZ_ scaffold48360__3.0
			  Gap between these two alignments (local misassembly). Inconsistency = 150 
			Real Alignment 5: 15288 15481 | 1148 955 | 194 194 | 95.88 | Eubacterium_ventriosum_gi_211596814_ref_NZ_ scaffold48360__3.0

CONTIG: scaffold48680__4.0 (508bp)
Top Length: 264  Top ID: 97.35
		This contig is misassembled. 2 total aligns.
			Real Alignment 1: 13111 13290 | 1 180 | 180 180 | 96.67 | Eubacterium_ventriosum_gi_211596814_ref_NZ_ scaffold48680__4.0
			  Gap between these two alignments (local misassembly). Inconsistency = 144 
			Real Alignment 2: 13499 13762 | 245 508 | 264 264 | 97.35 | Eubacterium_ventriosum_gi_211596814_ref_NZ_ scaffold48680__4.0

CONTIG: scaffold54017__2.0 (606bp)
Top Length: 288  Top ID: 96.19
		This contig is misassembled. 2 total aligns.
			Real Alignment 1: 32500 32741 | 1 242 | 242 242 | 96.28 | Eubacterium_ventriosum_gi_211596814_ref_NZ_ scaffold54017__2.0
			  Gap between these two alignments (local misassembly). Inconsistency = 148 
			Real Alignment 2: 32966 33254 | 319 606 | 289 288 | 96.19 | Eubacterium_ventriosum_gi_211596814_ref_NZ_ scaffold54017__2.0

CONTIG: scaffold54470__2.6 (818bp)
Top Length: 283  Top ID: 96.47
		This contig is misassembled. 3 total aligns.
			Real Alignment 1: 24867 25118 | 252 1 | 252 252 | 97.62 | Eubacterium_ventriosum_gi_211596814_ref_NZ_ scaffold54470__2.6
			  Gap between these two alignments (local misassembly). Inconsistency = 142 
			Real Alignment 2: 24472 24696 | 505 281 | 225 225 | 97.33 | Eubacterium_ventriosum_gi_211596814_ref_NZ_ scaffold54470__2.6
			  Gap between these two alignments (local misassembly). Inconsistency = 148 
			Real Alignment 3: 24011 24293 | 818 536 | 283 283 | 96.47 | Eubacterium_ventriosum_gi_211596814_ref_NZ_ scaffold54470__2.6

CONTIG: scaffold54655__3.0 (529bp)
Top Length: 242  Top ID: 100.0
		This contig is partially unaligned. (Aligned 242 out of 529 bases)
		Alignment: 30747 30988 | 288 529 | 242 242 | 100.0 | Eubacterium_ventriosum_gi_211596814_ref_NZ_ scaffold54655__3.0
		Unaligned bases: 1 to 287 (287)

CONTIG: scaffold55435__2.7 (849bp)
Top Length: 528  Top ID: 97.16
		This contig is misassembled. 2 total aligns.
			Real Alignment 1: 47689 47967 | 1 279 | 279 279 | 96.42 | Eubacterium_ventriosum_gi_211596814_ref_NZ_ scaffold55435__2.7
			  Gap between these two alignments (local misassembly). Inconsistency = 148 
			Real Alignment 2: 48158 48685 | 322 849 | 528 528 | 97.16 | Eubacterium_ventriosum_gi_211596814_ref_NZ_ scaffold55435__2.7

CONTIG: scaffold55446__2.0 (634bp)
Top Length: 280  Top ID: 97.5
		This contig is misassembled. 2 total aligns.
			Real Alignment 1: 8975 9254 | 280 1 | 280 280 | 97.5 | Eubacterium_ventriosum_gi_211596814_ref_NZ_ scaffold55446__2.0
			  Gap between these two alignments (local misassembly). Inconsistency = 152 
			Real Alignment 2: 8469 8746 | 634 357 | 278 278 | 98.2 | Eubacterium_ventriosum_gi_211596814_ref_NZ_ scaffold55446__2.0

CONTIG: scaffold56428__3.7 (1090bp)
Top Length: 328  Top ID: 96.95
		This contig is partially unaligned. (Aligned 328 out of 1090 bases)
		Alignment: 20170 20497 | 328 1 | 328 328 | 96.95 | Eubacterium_ventriosum_gi_211596814_ref_NZ_ scaffold56428__3.7
		Unaligned bases: 329 to 1090 (762)

CONTIG: C722458__3.0 (527bp)
Top Length: 527  Top ID: 96.96
		One align captures most of this contig: 22955 23481 | 1 527 | 527 527 | 96.96 | Eubacterium_ventriosum_gi_211596814_ref_NZ_ C722458__3.0

CONTIG: C725298__2.0 (556bp)
Top Length: 556  Top ID: 97.48
		One align captures most of this contig: 25433 25988 | 1 556 | 556 556 | 97.48 | Eubacterium_ventriosum_gi_211596814_ref_NZ_ C725298__2.0

CONTIG: C731246__4.0 (629bp)
Top Length: 306  Top ID: 98.04
		This contig is misassembled. 2 total aligns.
			Real Alignment 1: 49269 49574 | 306 1 | 306 306 | 98.04 | Eubacterium_ventriosum_gi_211596814_ref_NZ_ C731246__4.0
			  Gap between these two alignments (local misassembly). Inconsistency = 255 
			Real Alignment 2: 48691 48945 | 629 375 | 255 255 | 95.29 | Eubacterium_ventriosum_gi_211596814_ref_NZ_ C731246__4.0

CONTIG: C733106__4.0 (655bp)
Top Length: 619  Top ID: 98.22
		This contig is partially unaligned. (Aligned 619 out of 655 bases)
		Alignment: 7824 8441 | 622 4 | 618 619 | 98.22 | Eubacterium_ventriosum_gi_211596814_ref_NZ_ C733106__4.0
		Unaligned bases: 1 to 3 (3)
		Unaligned bases: 623 to 655 (33)

CONTIG: C741278__3.0 (818bp)
Top Length: 603  Top ID: 95.2
		This contig is misassembled. 2 total aligns.
			Real Alignment 1: 45962 46565 | 603 1 | 604 603 | 95.2 | Eubacterium_ventriosum_gi_211596814_ref_NZ_ C741278__3.0
			  Gap between these two alignments (local misassembly). Inconsistency = 111 
			Real Alignment 2: 45636 45831 | 818 623 | 196 196 | 97.96 | Eubacterium_ventriosum_gi_211596814_ref_NZ_ C741278__3.0

CONTIG: C747942__2.0 (1058bp)
Top Length: 1058  Top ID: 98.02
		One align captures most of this contig: 39738 40795 | 1 1058 | 1058 1058 | 98.02 | Eubacterium_ventriosum_gi_211596814_ref_NZ_ C747942__2.0

CONTIG: C756220_15.0 (1676bp)
Top Length: 809  Top ID: 97.9
		This contig is partially unaligned. (Aligned 809 out of 1676 bases)
		Alignment: 2926 3732 | 868 1676 | 807 809 | 97.9 | Eubacterium_ventriosum_gi_211596823_ref_NZ_ C756220_15.0
		Unaligned bases: 1 to 867 (867)
		This contig has both significant aligned and unaligned parts (of length >= min-contig)! It can contain interspecies translocations

CONTIG: C724596_63.0 (548bp)
Top Length: 548  Top ID: 98.91
		One align captures most of this contig: 277446 277993 | 1 548 | 548 548 | 98.91 | Eubacterium_ventriosum_gi_211596811_ref_NZ_ C724596_63.0

CONTIG: C752606_66.0 (1326bp)
Top Length: 1326  Top ID: 99.4
		One align captures most of this contig: 277972 279297 | 1326 1 | 1326 1326 | 99.4 | Eubacterium_ventriosum_gi_211596811_ref_NZ_ C752606_66.0

CONTIG: scaffold2393__2.0 (835bp)
Top Length: 285  Top ID: 100.0
		This contig is misassembled. 4 total aligns.
			Real Alignment 1: 34380 34480 | 101 1 | 101 101 | 98.02 | Eubacterium_ventriosum_gi_211596817_ref_NZ_ scaffold2393__2.0
			  Gap between these two alignments (local misassembly). Inconsistency = 137 
			Real Alignment 2: 34046 34196 | 298 148 | 151 151 | 98.68 | Eubacterium_ventriosum_gi_211596817_ref_NZ_ scaffold2393__2.0
			  Gap between these two alignments (local misassembly). Inconsistency = 146 
			Real Alignment 3: 33718 33887 | 480 311 | 170 170 | 100.0 | Eubacterium_ventriosum_gi_211596817_ref_NZ_ scaffold2393__2.0
			  Gap between these two alignments (local misassembly). Inconsistency = 144 
			Real Alignment 4: 33219 33503 | 835 551 | 285 285 | 100.0 | Eubacterium_ventriosum_gi_211596817_ref_NZ_ scaffold2393__2.0

CONTIG: C756378__8.0 (1695bp)
Top Length: 1693  Top ID: 98.82
		One align captures most of this contig: 81615 83307 | 1 1693 | 1693 1693 | 98.82 | Eubacterium_ventriosum_gi_211596817_ref_NZ_ C756378__8.0

CONTIG: scaffold32939__8.1 (1020bp)
Top Length: 133  Top ID: 98.5
		This contig is partially unaligned. (Aligned 133 out of 1020 bases)
		Alignment: 109131 109263 | 1 133 | 133 133 | 98.5 | Eubacterium_ventriosum_gi_211596815_ref_NZ_ scaffold32939__8.1
		Unaligned bases: 134 to 1020 (887)

CONTIG: scaffold9350_12.2 (532bp)
Top Length: 242  Top ID: 100.0
		This contig is misassembled. 2 total aligns.
			Real Alignment 1: 127690 127931 | 428 187 | 242 242 | 100.0 | Eubacterium_ventriosum_gi_211596828_ref_NZ_ scaffold9350_12.2
			  Gap between these two alignments (local misassembly). Inconsistency = 115 
			Real Alignment 2: 127471 127573 | 532 430 | 103 103 | 99.03 | Eubacterium_ventriosum_gi_211596828_ref_NZ_ scaffold9350_12.2

CONTIG: scaffold21252__2.4 (558bp)
Top Length: 174  Top ID: 99.43
		This contig is misassembled. 2 total aligns.
			Real Alignment 1: 116718 116871 | 226 379 | 154 154 | 96.1 | Eubacterium_ventriosum_gi_211596828_ref_NZ_ scaffold21252__2.4
			  Gap between these two alignments (local misassembly). Inconsistency = 140 
			Real Alignment 2: 117017 117190 | 385 558 | 174 174 | 99.43 | Eubacterium_ventriosum_gi_211596828_ref_NZ_ scaffold21252__2.4

CONTIG: scaffold56121__1.9 (1272bp)
Top Length: 754  Top ID: 98.01
		This contig is misassembled. 2 total aligns.
			Real Alignment 1: 113875 114628 | 880 127 | 754 754 | 98.01 | Eubacterium_ventriosum_gi_211596828_ref_NZ_ scaffold56121__1.9
			  Gap between these two alignments (local misassembly). Inconsistency = 128 
			Real Alignment 2: 113536 113745 | 1091 882 | 210 210 | 100.0 | Eubacterium_ventriosum_gi_211596828_ref_NZ_ scaffold56121__1.9

CONTIG: C733160__4.0 (655bp)
Top Length: 655  Top ID: 99.39
		One align captures most of this contig: 111447 112101 | 655 1 | 655 655 | 99.39 | Eubacterium_ventriosum_gi_211596828_ref_NZ_ C733160__4.0

CONTIG: C737124_20.0 (722bp)
Top Length: 722  Top ID: 97.37
		One align captures most of this contig: 124606 125327 | 1 722 | 722 722 | 97.37 | Eubacterium_ventriosum_gi_211596828_ref_NZ_ C737124_20.0

CONTIG: C747806_10.0 (1050bp)
Top Length: 1044  Top ID: 95.11
		One align captures most of this contig: 133901 134944 | 1 1044 | 1044 1044 | 95.11 | Eubacterium_ventriosum_gi_211596828_ref_NZ_ C747806_10.0

CONTIG: scaffold27848__9.4 (1042bp)
Top Length: 654  Top ID: 97.4
		This contig is partially unaligned. (Aligned 654 out of 1042 bases)
		Alignment: 225375 226028 | 206 859 | 654 654 | 97.4 | Eubacterium_ventriosum_gi_211596831_ref_NZ_ scaffold27848__9.4
		Unaligned bases: 1 to 205 (205)
		Unaligned bases: 860 to 1042 (183)

CONTIG: scaffold38711__7.7 (509bp)
Top Length: 199  Top ID: 99.5
		This contig is misassembled. 2 total aligns.
			Real Alignment 1: 151346 151458 | 167 279 | 113 113 | 99.12 | Eubacterium_ventriosum_gi_211596831_ref_NZ_ scaffold38711__7.7
			  Gap between these two alignments (local misassembly). Inconsistency = 136 
			Real Alignment 2: 151626 151824 | 311 509 | 199 199 | 99.5 | Eubacterium_ventriosum_gi_211596831_ref_NZ_ scaffold38711__7.7

CONTIG: C761556_17.0 (2715bp)
Top Length: 2715  Top ID: 99.78
		One align captures most of this contig: 148376 151090 | 1 2715 | 2715 2715 | 99.78 | Eubacterium_ventriosum_gi_211596831_ref_NZ_ C761556_17.0

CONTIG: scaffold54416__2.8 (930bp)
Top Length: 678  Top ID: 99.41
		This contig is misassembled. 2 total aligns.
			Real Alignment 1: 6822 7072 | 1 251 | 251 251 | 98.01 | Eubacterium_ventriosum_gi_211596829_ref_NZ_ scaffold54416__2.8
			  Gap between these two alignments (local misassembly). Inconsistency = 146 
			Real Alignment 2: 7220 7897 | 253 930 | 678 678 | 99.41 | Eubacterium_ventriosum_gi_211596829_ref_NZ_ scaffold54416__2.8

CONTIG: scaffold55404__3.8 (1179bp)
Top Length: 846  Top ID: 98.11
		This contig is misassembled. 2 total aligns.
			Real Alignment 1: 2362 2639 | 1 278 | 278 278 | 100.0 | Eubacterium_ventriosum_gi_211596829_ref_NZ_ scaffold55404__3.8
			  Gap between these two alignments (local misassembly). Inconsistency = 150 
			Real Alignment 2: 2845 3690 | 334 1179 | 846 846 | 98.11 | Eubacterium_ventriosum_gi_211596829_ref_NZ_ scaffold55404__3.8

CONTIG: C725574_35.0 (559bp)
Top Length: 559  Top ID: 99.46
		One align captures most of this contig: 8802 9360 | 559 1 | 559 559 | 99.46 | Eubacterium_ventriosum_gi_211596829_ref_NZ_ C725574_35.0

CONTIG: C729742_38.0 (609bp)
Top Length: 609  Top ID: 99.67
		One align captures most of this contig: 14460 15068 | 609 1 | 609 609 | 99.67 | Eubacterium_ventriosum_gi_211596829_ref_NZ_ C729742_38.0

CONTIG: C734716_39.0 (679bp)
Top Length: 679  Top ID: 98.09
		Marking as insignificant: 78017 78695 | 1 679 | 679 679 | 96.76 | Eubacterium_ventriosum_gi_211596817_ref_NZ_ C734716_39.0
		One align captures most of this contig: 83 760 | 1 679 | 678 679 | 98.09 | Eubacterium_ventriosum_gi_211596829_ref_NZ_ C734716_39.0

CONTIG: C735556__5.0 (694bp)
Top Length: 694  Top ID: 97.98
		One align captures most of this contig: 3661 4354 | 1 694 | 694 694 | 97.98 | Eubacterium_ventriosum_gi_211596829_ref_NZ_ C735556__5.0

CONTIG: C748646_37.0 (1093bp)
Top Length: 1093  Top ID: 99.91
		One align captures most of this contig: 15038 16130 | 1093 1 | 1093 1093 | 99.91 | Eubacterium_ventriosum_gi_211596829_ref_NZ_ C748646_37.0

CONTIG: C751516_25.0 (1253bp)
Top Length: 1252  Top ID: 100.0
		One align captures most of this contig: 11991 13242 | 1252 1 | 1252 1252 | 100.0 | Eubacterium_ventriosum_gi_211596829_ref_NZ_ C751516_25.0

Analyzing coverage...
Writing SNPs into /Molly/gurevich/MetaQUAST/res_final/res_metahit_final/runs_per_reference/Eubacterium_ventriosum/contigs_reports/nucmer_output/SOAPdenovo2.used_snps
	Reference Eubacterium_ventriosum_gi_211596817_ref_NZ_: 5 total alignments. 1 total regions.
		Region: 1 to 291583 (291583 bp)
			START in gap: 1 to 33219 (33218 bp)
			Align 1: 33219 33503 scaffold2393__2.0 835 551
				Gap between this and next alignment: 33503 to 33718 (214 bp)
				Next Alignment: 33718 33887 scaffold2393__2.0 480 311

			Align 2: 33718 33887 scaffold2393__2.0 480 311
				Gap between this and next alignment: 33887 to 34046 (158 bp)
				Next Alignment: 34046 34196 scaffold2393__2.0 298 148

			Align 3: 34046 34196 scaffold2393__2.0 298 148
				Gap between this and next alignment: 34196 to 34380 (183 bp)
				Next Alignment: 34380 34480 scaffold2393__2.0 101 1

			Align 4: 34380 34480 scaffold2393__2.0 101 1
				Gap between this and next alignment: 34480 to 81615 (47134 bp)
				Next Alignment: 81615 83307 C756378__8.0 1 1693

			Align 5: 81615 83307 C756378__8.0 1 1693
			END in gap: 83307 to 291583 (208276 bp)

ERROR: Reference Eubacterium_ventriosum_gi_211596813_ref_NZ_ does not have any alignments!  Check that this is the same file used for alignment.
ERROR: Alignment Reference Headers: ['Eubacterium_ventriosum_gi_211596829_ref_NZ_', 'Eubacterium_ventriosum_gi_211596831_ref_NZ_', 'Eubacterium_ventriosum_gi_211596823_ref_NZ_', 'Eubacterium_ventriosum_gi_211596814_ref_NZ_', 'Eubacterium_ventriosum_gi_211596816_ref_NZ_', 'Eubacterium_ventriosum_gi_211596828_ref_NZ_', 'Eubacterium_ventriosum_gi_211596817_ref_NZ_', 'Eubacterium_ventriosum_gi_211596815_ref_NZ_', 'Eubacterium_ventriosum_gi_211596811_ref_NZ_']
ERROR: Reference Eubacterium_ventriosum_gi_211596827_ref_NZ_ does not have any alignments!  Check that this is the same file used for alignment.
ERROR: Alignment Reference Headers: ['Eubacterium_ventriosum_gi_211596829_ref_NZ_', 'Eubacterium_ventriosum_gi_211596831_ref_NZ_', 'Eubacterium_ventriosum_gi_211596823_ref_NZ_', 'Eubacterium_ventriosum_gi_211596814_ref_NZ_', 'Eubacterium_ventriosum_gi_211596816_ref_NZ_', 'Eubacterium_ventriosum_gi_211596828_ref_NZ_', 'Eubacterium_ventriosum_gi_211596817_ref_NZ_', 'Eubacterium_ventriosum_gi_211596815_ref_NZ_', 'Eubacterium_ventriosum_gi_211596811_ref_NZ_']
	Reference Eubacterium_ventriosum_gi_211596815_ref_NZ_: 1 total alignments. 1 total regions.
		Region: 1 to 150936 (150936 bp)
			START in gap: 1 to 109131 (109130 bp)
			Align 1: 109131 109263 scaffold32939__8.1 1 133
			END in gap: 109263 to 150936 (41673 bp)

ERROR: Reference Eubacterium_ventriosum_gi_211596818_ref_NZ_ does not have any alignments!  Check that this is the same file used for alignment.
ERROR: Alignment Reference Headers: ['Eubacterium_ventriosum_gi_211596829_ref_NZ_', 'Eubacterium_ventriosum_gi_211596831_ref_NZ_', 'Eubacterium_ventriosum_gi_211596823_ref_NZ_', 'Eubacterium_ventriosum_gi_211596814_ref_NZ_', 'Eubacterium_ventriosum_gi_211596816_ref_NZ_', 'Eubacterium_ventriosum_gi_211596828_ref_NZ_', 'Eubacterium_ventriosum_gi_211596817_ref_NZ_', 'Eubacterium_ventriosum_gi_211596815_ref_NZ_', 'Eubacterium_ventriosum_gi_211596811_ref_NZ_']
ERROR: Reference Eubacterium_ventriosum_gi_211596822_ref_NZ_ does not have any alignments!  Check that this is the same file used for alignment.
ERROR: Alignment Reference Headers: ['Eubacterium_ventriosum_gi_211596829_ref_NZ_', 'Eubacterium_ventriosum_gi_211596831_ref_NZ_', 'Eubacterium_ventriosum_gi_211596823_ref_NZ_', 'Eubacterium_ventriosum_gi_211596814_ref_NZ_', 'Eubacterium_ventriosum_gi_211596816_ref_NZ_', 'Eubacterium_ventriosum_gi_211596828_ref_NZ_', 'Eubacterium_ventriosum_gi_211596817_ref_NZ_', 'Eubacterium_ventriosum_gi_211596815_ref_NZ_', 'Eubacterium_ventriosum_gi_211596811_ref_NZ_']
ERROR: Reference Eubacterium_ventriosum_gi_211596820_ref_NZ_ does not have any alignments!  Check that this is the same file used for alignment.
ERROR: Alignment Reference Headers: ['Eubacterium_ventriosum_gi_211596829_ref_NZ_', 'Eubacterium_ventriosum_gi_211596831_ref_NZ_', 'Eubacterium_ventriosum_gi_211596823_ref_NZ_', 'Eubacterium_ventriosum_gi_211596814_ref_NZ_', 'Eubacterium_ventriosum_gi_211596816_ref_NZ_', 'Eubacterium_ventriosum_gi_211596828_ref_NZ_', 'Eubacterium_ventriosum_gi_211596817_ref_NZ_', 'Eubacterium_ventriosum_gi_211596815_ref_NZ_', 'Eubacterium_ventriosum_gi_211596811_ref_NZ_']
ERROR: Reference Eubacterium_ventriosum_gi_211596808_ref_NZ_ does not have any alignments!  Check that this is the same file used for alignment.
ERROR: Alignment Reference Headers: ['Eubacterium_ventriosum_gi_211596829_ref_NZ_', 'Eubacterium_ventriosum_gi_211596831_ref_NZ_', 'Eubacterium_ventriosum_gi_211596823_ref_NZ_', 'Eubacterium_ventriosum_gi_211596814_ref_NZ_', 'Eubacterium_ventriosum_gi_211596816_ref_NZ_', 'Eubacterium_ventriosum_gi_211596828_ref_NZ_', 'Eubacterium_ventriosum_gi_211596817_ref_NZ_', 'Eubacterium_ventriosum_gi_211596815_ref_NZ_', 'Eubacterium_ventriosum_gi_211596811_ref_NZ_']
	Reference Eubacterium_ventriosum_gi_211596816_ref_NZ_: 3 total alignments. 1 total regions.
		Region: 1 to 457499 (457499 bp)
			START in gap: 1 to 104638 (104637 bp)
			Align 1: 104638 106524 C757802_31.0 1 1887
				Gap between this and next alignment: 106524 to 114472 (7947 bp)
				Next Alignment: 114472 116382 C757962_26.0 1911 1

			Align 2: 114472 116382 C757962_26.0 1911 1
				Gap between this and next alignment: 116382 to 119711 (3328 bp)
				Next Alignment: 119711 120418 C736424_76.0 708 1

			Align 3: 119711 120418 C736424_76.0 708 1
			END in gap: 120418 to 457499 (337081 bp)

	Reference Eubacterium_ventriosum_gi_211596814_ref_NZ_: 40 total alignments. 1 total regions.
		Region: 1 to 72687 (72687 bp)
			START in gap: 1 to 7824 (7823 bp)
			Align 1: 7824 8441 C733106__4.0 622 4
				Gap between this and next alignment: 8441 to 8469 (27 bp)
				Next Alignment: 8469 8746 scaffold55446__2.0 634 357

			Align 2: 8469 8746 scaffold55446__2.0 634 357
				Gap between this and next alignment: 8746 to 8975 (228 bp)
				Next Alignment: 8975 9254 scaffold55446__2.0 280 1

			Align 3: 8975 9254 scaffold55446__2.0 280 1
				Gap between this and next alignment: 9254 to 13111 (3856 bp)
				Next Alignment: 13111 13290 scaffold48680__4.0 1 180

			Align 4: 13111 13290 scaffold48680__4.0 1 180
				Gap between this and next alignment: 13290 to 13499 (208 bp)
				Next Alignment: 13499 13762 scaffold48680__4.0 245 508

			Align 5: 13499 13762 scaffold48680__4.0 245 508
				Gap between this and next alignment: 13762 to 13805 (42 bp)
				Next Alignment: 13805 14037 scaffold37692__2.8 744 512

			Align 6: 13805 14037 scaffold37692__2.8 744 512
				Gap between this and next alignment: 14037 to 14190 (152 bp)
				Next Alignment: 14190 14512 scaffold37692__2.8 500 178

			Align 7: 14190 14512 scaffold37692__2.8 500 178
				Gap between this and next alignment: 14512 to 14698 (185 bp)
				Next Alignment: 14698 14839 scaffold37692__2.8 142 1

			Align 8: 14698 14839 scaffold37692__2.8 142 1
				Gap between this and next alignment: 14839 to 15288 (448 bp)
				Next Alignment: 15288 15481 scaffold48360__3.0 1148 955

			Align 9: 15288 15481 scaffold48360__3.0 1148 955
				Gap between this and next alignment: 15481 to 15665 (183 bp)
				Next Alignment: 15665 15835 scaffold48360__3.0 921 751

			Align 10: 15665 15835 scaffold48360__3.0 921 751
				Gap between this and next alignment: 15835 to 15975 (139 bp)
				Next Alignment: 15975 16121 scaffold48360__3.0 749 603

			Align 11: 15975 16121 scaffold48360__3.0 749 603
				Gap between this and next alignment: 16121 to 16255 (133 bp)
				Next Alignment: 16255 16526 scaffold48360__3.0 600 329

			Align 12: 16255 16526 scaffold48360__3.0 600 329
				Gap between this and next alignment: 16526 to 16723 (196 bp)
				Next Alignment: 16723 16997 scaffold48360__3.0 275 1

			Align 13: 16723 16997 scaffold48360__3.0 275 1
				Gap between this and next alignment: 16997 to 17477 (479 bp)
				Next Alignment: 17477 17830 scaffold10023__3.3 2 355

			Align 14: 17477 17830 scaffold10023__3.3 2 355
				Gap between this and next alignment: 17830 to 17853 (22 bp)
				Next Alignment: 17853 18003 scaffold15638__2.6 685 535

			Align 15: 17853 18003 scaffold15638__2.6 685 535
				Gap between this and next alignment: 18003 to 18166 (162 bp)
				Next Alignment: 18166 18319 scaffold15638__2.6 522 369

			Align 16: 18166 18319 scaffold15638__2.6 522 369
				Gap between this and next alignment: 18319 to 18843 (523 bp)
				Next Alignment: 18843 18954 scaffold15638__2.6 112 1

			Align 17: 18843 18954 scaffold15638__2.6 112 1
				Gap between this and next alignment: 18954 to 20170 (1215 bp)
				Next Alignment: 20170 20497 scaffold56428__3.7 328 1

			Align 18: 20170 20497 scaffold56428__3.7 328 1
				Gap between this and next alignment: 20497 to 22955 (2457 bp)
				Next Alignment: 22955 23481 C722458__3.0 1 527

			Align 19: 22955 23481 C722458__3.0 1 527
				Gap between this and next alignment: 23481 to 24011 (529 bp)
				Next Alignment: 24011 24293 scaffold54470__2.6 818 536

			Align 20: 24011 24293 scaffold54470__2.6 818 536
				Gap between this and next alignment: 24293 to 24472 (178 bp)
				Next Alignment: 24472 24696 scaffold54470__2.6 505 281

			Align 21: 24472 24696 scaffold54470__2.6 505 281
				Gap between this and next alignment: 24696 to 24867 (170 bp)
				Next Alignment: 24867 25118 scaffold54470__2.6 252 1

			Align 22: 24867 25118 scaffold54470__2.6 252 1
				Gap between this and next alignment: 25118 to 25433 (314 bp)
				Next Alignment: 25433 25988 C725298__2.0 1 556

			Align 23: 25433 25988 C725298__2.0 1 556
				Gap between this and next alignment: 25988 to 28869 (2880 bp)
				Next Alignment: 28869 29274 scaffold35860__2.7 406 1

			Align 24: 28869 29274 scaffold35860__2.7 406 1
				Gap between this and next alignment: 29274 to 30747 (1472 bp)
				Next Alignment: 30747 30988 scaffold54655__3.0 288 529

			Align 25: 30747 30988 scaffold54655__3.0 288 529
				Gap between this and next alignment: 30988 to 32500 (1511 bp)
				Next Alignment: 32500 32741 scaffold54017__2.0 1 242

			Align 26: 32500 32741 scaffold54017__2.0 1 242
				Gap between this and next alignment: 32741 to 32966 (224 bp)
				Next Alignment: 32966 33254 scaffold54017__2.0 319 606

			Align 27: 32966 33254 scaffold54017__2.0 319 606
				Gap between this and next alignment: 33254 to 34844 (1589 bp)
				Next Alignment: 34844 35251 scaffold26488__2.5 189 596

			Align 28: 34844 35251 scaffold26488__2.5 189 596
				Gap between this and next alignment: 35251 to 35405 (153 bp)
				Next Alignment: 35405 35804 scaffold26488__2.5 601 1000

			Align 29: 35405 35804 scaffold26488__2.5 601 1000
				Gap between this and next alignment: 35804 to 39738 (3933 bp)
				Next Alignment: 39738 40795 C747942__2.0 1 1058

			Align 30: 39738 40795 C747942__2.0 1 1058
				Gap between this and next alignment: 40795 to 45636 (4840 bp)
				Next Alignment: 45636 45831 C741278__3.0 818 623

			Align 31: 45636 45831 C741278__3.0 818 623
				Gap between this and next alignment: 45831 to 45962 (130 bp)
				Next Alignment: 45962 46565 C741278__3.0 603 1

			Align 32: 45962 46565 C741278__3.0 603 1
				Gap between this and next alignment: 46565 to 47689 (1123 bp)
				Next Alignment: 47689 47967 scaffold55435__2.7 1 279

			Align 33: 47689 47967 scaffold55435__2.7 1 279
				Gap between this and next alignment: 47967 to 48158 (190 bp)
				Next Alignment: 48158 48685 scaffold55435__2.7 322 849

			Align 34: 48158 48685 scaffold55435__2.7 322 849
				Gap between this and next alignment: 48685 to 48691 (5 bp)
				Next Alignment: 48691 48945 C731246__4.0 629 375

			Align 35: 48691 48945 C731246__4.0 629 375
				Gap between this and next alignment: 48945 to 49269 (323 bp)
				Next Alignment: 49269 49574 C731246__4.0 306 1

			Align 36: 49269 49574 C731246__4.0 306 1
				Gap between this and next alignment: 49574 to 49928 (353 bp)
				Next Alignment: 49928 50052 scaffold35827__2.2 1117 993

			Align 37: 49928 50052 scaffold35827__2.2 1117 993
				Gap between this and next alignment: 50052 to 50308 (255 bp)
				Next Alignment: 50308 50414 scaffold35827__2.2 886 780

			Align 38: 50308 50414 scaffold35827__2.2 886 780
				Gap between this and next alignment: 50414 to 50644 (229 bp)
				Next Alignment: 50644 50829 scaffold35827__2.2 695 509

			Align 39: 50644 50829 scaffold35827__2.2 695 509
				Gap between this and next alignment: 50829 to 50950 (120 bp)
				Next Alignment: 50950 51456 scaffold35827__2.2 507 1

			Align 40: 50950 51456 scaffold35827__2.2 507 1
			END in gap: 51456 to 72687 (21231 bp)

ERROR: Reference Eubacterium_ventriosum_gi_211596819_ref_NZ_ does not have any alignments!  Check that this is the same file used for alignment.
ERROR: Alignment Reference Headers: ['Eubacterium_ventriosum_gi_211596829_ref_NZ_', 'Eubacterium_ventriosum_gi_211596831_ref_NZ_', 'Eubacterium_ventriosum_gi_211596823_ref_NZ_', 'Eubacterium_ventriosum_gi_211596814_ref_NZ_', 'Eubacterium_ventriosum_gi_211596816_ref_NZ_', 'Eubacterium_ventriosum_gi_211596828_ref_NZ_', 'Eubacterium_ventriosum_gi_211596817_ref_NZ_', 'Eubacterium_ventriosum_gi_211596815_ref_NZ_', 'Eubacterium_ventriosum_gi_211596811_ref_NZ_']
ERROR: Reference Eubacterium_ventriosum_gi_211596809_ref_NZ_ does not have any alignments!  Check that this is the same file used for alignment.
ERROR: Alignment Reference Headers: ['Eubacterium_ventriosum_gi_211596829_ref_NZ_', 'Eubacterium_ventriosum_gi_211596831_ref_NZ_', 'Eubacterium_ventriosum_gi_211596823_ref_NZ_', 'Eubacterium_ventriosum_gi_211596814_ref_NZ_', 'Eubacterium_ventriosum_gi_211596816_ref_NZ_', 'Eubacterium_ventriosum_gi_211596828_ref_NZ_', 'Eubacterium_ventriosum_gi_211596817_ref_NZ_', 'Eubacterium_ventriosum_gi_211596815_ref_NZ_', 'Eubacterium_ventriosum_gi_211596811_ref_NZ_']
	Reference Eubacterium_ventriosum_gi_211596811_ref_NZ_: 2 total alignments. 1 total regions.
		Region: 1 to 309531 (309531 bp)
			START in gap: 1 to 277446 (277445 bp)
			Align 1: 277446 277993 C724596_63.0 1 548
				Negative gap (overlap) between this and next alignment: 277993 to 277972 (-21 bp)
				Next Alignment: 277972 279297 C752606_66.0 1326 1

			Previous gap was negative, modifying coordinates to ignore overlap
				Moving contig start from 1326 to 1304.
			Align 2: 277994 279297 C752606_66.0 1304 1
			END in gap: 279297 to 309531 (30234 bp)

ERROR: Reference Eubacterium_ventriosum_gi_211596825_ref_NZ_ does not have any alignments!  Check that this is the same file used for alignment.
ERROR: Alignment Reference Headers: ['Eubacterium_ventriosum_gi_211596829_ref_NZ_', 'Eubacterium_ventriosum_gi_211596831_ref_NZ_', 'Eubacterium_ventriosum_gi_211596823_ref_NZ_', 'Eubacterium_ventriosum_gi_211596814_ref_NZ_', 'Eubacterium_ventriosum_gi_211596816_ref_NZ_', 'Eubacterium_ventriosum_gi_211596828_ref_NZ_', 'Eubacterium_ventriosum_gi_211596817_ref_NZ_', 'Eubacterium_ventriosum_gi_211596815_ref_NZ_', 'Eubacterium_ventriosum_gi_211596811_ref_NZ_']
ERROR: Reference Eubacterium_ventriosum_gi_211596812_ref_NZ_ does not have any alignments!  Check that this is the same file used for alignment.
ERROR: Alignment Reference Headers: ['Eubacterium_ventriosum_gi_211596829_ref_NZ_', 'Eubacterium_ventriosum_gi_211596831_ref_NZ_', 'Eubacterium_ventriosum_gi_211596823_ref_NZ_', 'Eubacterium_ventriosum_gi_211596814_ref_NZ_', 'Eubacterium_ventriosum_gi_211596816_ref_NZ_', 'Eubacterium_ventriosum_gi_211596828_ref_NZ_', 'Eubacterium_ventriosum_gi_211596817_ref_NZ_', 'Eubacterium_ventriosum_gi_211596815_ref_NZ_', 'Eubacterium_ventriosum_gi_211596811_ref_NZ_']
ERROR: Reference Eubacterium_ventriosum_gi_211596826_ref_NZ_ does not have any alignments!  Check that this is the same file used for alignment.
ERROR: Alignment Reference Headers: ['Eubacterium_ventriosum_gi_211596829_ref_NZ_', 'Eubacterium_ventriosum_gi_211596831_ref_NZ_', 'Eubacterium_ventriosum_gi_211596823_ref_NZ_', 'Eubacterium_ventriosum_gi_211596814_ref_NZ_', 'Eubacterium_ventriosum_gi_211596816_ref_NZ_', 'Eubacterium_ventriosum_gi_211596828_ref_NZ_', 'Eubacterium_ventriosum_gi_211596817_ref_NZ_', 'Eubacterium_ventriosum_gi_211596815_ref_NZ_', 'Eubacterium_ventriosum_gi_211596811_ref_NZ_']
ERROR: Reference Eubacterium_ventriosum_gi_211596834_ref_NZ_ does not have any alignments!  Check that this is the same file used for alignment.
ERROR: Alignment Reference Headers: ['Eubacterium_ventriosum_gi_211596829_ref_NZ_', 'Eubacterium_ventriosum_gi_211596831_ref_NZ_', 'Eubacterium_ventriosum_gi_211596823_ref_NZ_', 'Eubacterium_ventriosum_gi_211596814_ref_NZ_', 'Eubacterium_ventriosum_gi_211596816_ref_NZ_', 'Eubacterium_ventriosum_gi_211596828_ref_NZ_', 'Eubacterium_ventriosum_gi_211596817_ref_NZ_', 'Eubacterium_ventriosum_gi_211596815_ref_NZ_', 'Eubacterium_ventriosum_gi_211596811_ref_NZ_']
	Reference Eubacterium_ventriosum_gi_211596828_ref_NZ_: 9 total alignments. 1 total regions.
		Region: 1 to 147207 (147207 bp)
			START in gap: 1 to 111447 (111446 bp)
			Align 1: 111447 112101 C733160__4.0 655 1
				Gap between this and next alignment: 112101 to 113536 (1434 bp)
				Next Alignment: 113536 113745 scaffold56121__1.9 1091 882

			Align 2: 113536 113745 scaffold56121__1.9 1091 882
				Gap between this and next alignment: 113745 to 113875 (129 bp)
				Next Alignment: 113875 114628 scaffold56121__1.9 880 127

			Align 3: 113875 114628 scaffold56121__1.9 880 127
				Gap between this and next alignment: 114628 to 116718 (2089 bp)
				Next Alignment: 116718 116871 scaffold21252__2.4 226 379

			Align 4: 116718 116871 scaffold21252__2.4 226 379
				Gap between this and next alignment: 116871 to 117017 (145 bp)
				Next Alignment: 117017 117190 scaffold21252__2.4 385 558

			Align 5: 117017 117190 scaffold21252__2.4 385 558
				Gap between this and next alignment: 117190 to 124606 (7415 bp)
				Next Alignment: 124606 125327 C737124_20.0 1 722

			Align 6: 124606 125327 C737124_20.0 1 722
				Gap between this and next alignment: 125327 to 127471 (2143 bp)
				Next Alignment: 127471 127573 scaffold9350_12.2 532 430

			Align 7: 127471 127573 scaffold9350_12.2 532 430
				Gap between this and next alignment: 127573 to 127690 (116 bp)
				Next Alignment: 127690 127931 scaffold9350_12.2 428 187

			Align 8: 127690 127931 scaffold9350_12.2 428 187
				Gap between this and next alignment: 127931 to 133901 (5969 bp)
				Next Alignment: 133901 134944 C747806_10.0 1 1044

			Align 9: 133901 134944 C747806_10.0 1 1044
			END in gap: 134944 to 147207 (12263 bp)

	Reference Eubacterium_ventriosum_gi_211596831_ref_NZ_: 4 total alignments. 1 total regions.
		Region: 1 to 247920 (247920 bp)
			START in gap: 1 to 148376 (148375 bp)
			Align 1: 148376 151090 C761556_17.0 1 2715
				Gap between this and next alignment: 151090 to 151346 (255 bp)
				Next Alignment: 151346 151458 scaffold38711__7.7 167 279

			Align 2: 151346 151458 scaffold38711__7.7 167 279
				Gap between this and next alignment: 151458 to 151626 (167 bp)
				Next Alignment: 151626 151824 scaffold38711__7.7 311 509

			Align 3: 151626 151824 scaffold38711__7.7 311 509
				Gap between this and next alignment: 151824 to 225375 (73550 bp)
				Next Alignment: 225375 226028 scaffold27848__9.4 206 859

			Align 4: 225375 226028 scaffold27848__9.4 206 859
			END in gap: 226028 to 247920 (21892 bp)

ERROR: Reference Eubacterium_ventriosum_gi_211596833_ref_NZ_ does not have any alignments!  Check that this is the same file used for alignment.
ERROR: Alignment Reference Headers: ['Eubacterium_ventriosum_gi_211596829_ref_NZ_', 'Eubacterium_ventriosum_gi_211596831_ref_NZ_', 'Eubacterium_ventriosum_gi_211596823_ref_NZ_', 'Eubacterium_ventriosum_gi_211596814_ref_NZ_', 'Eubacterium_ventriosum_gi_211596816_ref_NZ_', 'Eubacterium_ventriosum_gi_211596828_ref_NZ_', 'Eubacterium_ventriosum_gi_211596817_ref_NZ_', 'Eubacterium_ventriosum_gi_211596815_ref_NZ_', 'Eubacterium_ventriosum_gi_211596811_ref_NZ_']
	Reference Eubacterium_ventriosum_gi_211596829_ref_NZ_: 10 total alignments. 1 total regions.
		Region: 1 to 153405 (153405 bp)
			START in gap: 1 to 83 (82 bp)
			Align 1: 83 760 C734716_39.0 1 679
				Gap between this and next alignment: 760 to 2362 (1601 bp)
				Next Alignment: 2362 2639 scaffold55404__3.8 1 278

			Align 2: 2362 2639 scaffold55404__3.8 1 278
				Gap between this and next alignment: 2639 to 2845 (205 bp)
				Next Alignment: 2845 3690 scaffold55404__3.8 334 1179

			Align 3: 2845 3690 scaffold55404__3.8 334 1179
				Negative gap (overlap) between this and next alignment: 3690 to 3661 (-29 bp)
				Next Alignment: 3661 4354 C735556__5.0 1 694

			Previous gap was negative, modifying coordinates to ignore overlap
				Moving contig start from 1 to 31.
			Align 4: 3691 4354 C735556__5.0 31 694
				Gap between this and next alignment: 4354 to 6822 (2467 bp)
				Next Alignment: 6822 7072 scaffold54416__2.8 1 251

			Align 5: 6822 7072 scaffold54416__2.8 1 251
				Gap between this and next alignment: 7072 to 7220 (147 bp)
				Next Alignment: 7220 7897 scaffold54416__2.8 253 930

			Align 6: 7220 7897 scaffold54416__2.8 253 930
				Gap between this and next alignment: 7897 to 8802 (904 bp)
				Next Alignment: 8802 9360 C725574_35.0 559 1

			Align 7: 8802 9360 C725574_35.0 559 1
				Gap between this and next alignment: 9360 to 11991 (2630 bp)
				Next Alignment: 11991 13242 C751516_25.0 1252 1

			Align 8: 11991 13242 C751516_25.0 1252 1
				Gap between this and next alignment: 13242 to 14460 (1217 bp)
				Next Alignment: 14460 15068 C729742_38.0 609 1

			Align 9: 14460 15068 C729742_38.0 609 1
				Negative gap (overlap) between this and next alignment: 15068 to 15038 (-30 bp)
				Next Alignment: 15038 16130 C748646_37.0 1093 1

			Previous gap was negative, modifying coordinates to ignore overlap
				Moving contig start from 1093 to 1062.
			Align 10: 15069 16130 C748646_37.0 1062 1
			END in gap: 16130 to 153405 (137275 bp)

	Reference Eubacterium_ventriosum_gi_211596823_ref_NZ_: 1 total alignments. 1 total regions.
		Region: 1 to 19651 (19651 bp)
			START in gap: 1 to 2926 (2925 bp)
			Align 1: 2926 3732 C756220_15.0 868 1676
			END in gap: 3732 to 19651 (15919 bp)

ERROR: Reference Eubacterium_ventriosum_gi_211596821_ref_NZ_ does not have any alignments!  Check that this is the same file used for alignment.
ERROR: Alignment Reference Headers: ['Eubacterium_ventriosum_gi_211596829_ref_NZ_', 'Eubacterium_ventriosum_gi_211596831_ref_NZ_', 'Eubacterium_ventriosum_gi_211596823_ref_NZ_', 'Eubacterium_ventriosum_gi_211596814_ref_NZ_', 'Eubacterium_ventriosum_gi_211596816_ref_NZ_', 'Eubacterium_ventriosum_gi_211596828_ref_NZ_', 'Eubacterium_ventriosum_gi_211596817_ref_NZ_', 'Eubacterium_ventriosum_gi_211596815_ref_NZ_', 'Eubacterium_ventriosum_gi_211596811_ref_NZ_']
ERROR: Reference Eubacterium_ventriosum_gi_211596830_ref_NZ_ does not have any alignments!  Check that this is the same file used for alignment.
ERROR: Alignment Reference Headers: ['Eubacterium_ventriosum_gi_211596829_ref_NZ_', 'Eubacterium_ventriosum_gi_211596831_ref_NZ_', 'Eubacterium_ventriosum_gi_211596823_ref_NZ_', 'Eubacterium_ventriosum_gi_211596814_ref_NZ_', 'Eubacterium_ventriosum_gi_211596816_ref_NZ_', 'Eubacterium_ventriosum_gi_211596828_ref_NZ_', 'Eubacterium_ventriosum_gi_211596817_ref_NZ_', 'Eubacterium_ventriosum_gi_211596815_ref_NZ_', 'Eubacterium_ventriosum_gi_211596811_ref_NZ_']
ERROR: Reference Eubacterium_ventriosum_gi_211596832_ref_NZ_ does not have any alignments!  Check that this is the same file used for alignment.
ERROR: Alignment Reference Headers: ['Eubacterium_ventriosum_gi_211596829_ref_NZ_', 'Eubacterium_ventriosum_gi_211596831_ref_NZ_', 'Eubacterium_ventriosum_gi_211596823_ref_NZ_', 'Eubacterium_ventriosum_gi_211596814_ref_NZ_', 'Eubacterium_ventriosum_gi_211596816_ref_NZ_', 'Eubacterium_ventriosum_gi_211596828_ref_NZ_', 'Eubacterium_ventriosum_gi_211596817_ref_NZ_', 'Eubacterium_ventriosum_gi_211596815_ref_NZ_', 'Eubacterium_ventriosum_gi_211596811_ref_NZ_']
ERROR: Reference Eubacterium_ventriosum_gi_211596824_ref_NZ_ does not have any alignments!  Check that this is the same file used for alignment.
ERROR: Alignment Reference Headers: ['Eubacterium_ventriosum_gi_211596829_ref_NZ_', 'Eubacterium_ventriosum_gi_211596831_ref_NZ_', 'Eubacterium_ventriosum_gi_211596823_ref_NZ_', 'Eubacterium_ventriosum_gi_211596814_ref_NZ_', 'Eubacterium_ventriosum_gi_211596816_ref_NZ_', 'Eubacterium_ventriosum_gi_211596828_ref_NZ_', 'Eubacterium_ventriosum_gi_211596817_ref_NZ_', 'Eubacterium_ventriosum_gi_211596815_ref_NZ_', 'Eubacterium_ventriosum_gi_211596811_ref_NZ_']
ERROR: Reference Eubacterium_ventriosum_gi_211596810_ref_NZ_ does not have any alignments!  Check that this is the same file used for alignment.
ERROR: Alignment Reference Headers: ['Eubacterium_ventriosum_gi_211596829_ref_NZ_', 'Eubacterium_ventriosum_gi_211596831_ref_NZ_', 'Eubacterium_ventriosum_gi_211596823_ref_NZ_', 'Eubacterium_ventriosum_gi_211596814_ref_NZ_', 'Eubacterium_ventriosum_gi_211596816_ref_NZ_', 'Eubacterium_ventriosum_gi_211596828_ref_NZ_', 'Eubacterium_ventriosum_gi_211596817_ref_NZ_', 'Eubacterium_ventriosum_gi_211596815_ref_NZ_', 'Eubacterium_ventriosum_gi_211596811_ref_NZ_']
Analysis is finished!
Founded SNPs were written into /Molly/gurevich/MetaQUAST/res_final/res_metahit_final/runs_per_reference/Eubacterium_ventriosum/contigs_reports/nucmer_output/SOAPdenovo2.used_snps

Results:
	Local Misassemblies: 29
	Misassemblies: 0
		Relocations: 0
		Translocations: 0
		Inversions: 0
	Fake misassemblies matched with structural variations: 0
	Misassembled Contigs: 0
	Misassembled Contig Bases: 0
	Misassemblies Inter-Contig Overlap: 0
Uncovered Regions: 0 (0)
Unaligned Contigs: 0 + 8 part
Partially Unaligned Contigs with Misassemblies: 0
Unaligned Contig Bases: 4035

Ambiguously Mapped Contigs: 0
Total Bases in Ambiguously Mapped Contigs: 0
Note that --allow-ambiguity option was set to "one" and only first alignment per each contig was used.

	Covered Bases: 36771

	SNPs: 578
	Insertions: 5
	Deletions: 2

	Positive Gaps: 81
		Internal Gaps:  29
		External Gaps:  52
		External Gap Total:  1808103
		External Gap Average: 34771
	Negative Gaps: 3
		Internal Overlaps:  0
		External Overlaps:  3
		External Overlaps Total: -80
		External Overlaps Average: -27
	Contigs with Redundant Alignments: 0 (0)
