Aligning contigs to reference...
	Using existing Nucmer alignments...
Parsing coords...
Loading reference...
	Loaded [Eubacterium_ventriosum_gi_211596808_ref_NZ_]
	Loaded [Eubacterium_ventriosum_gi_211596809_ref_NZ_]
	Loaded [Eubacterium_ventriosum_gi_211596810_ref_NZ_]
	Loaded [Eubacterium_ventriosum_gi_211596811_ref_NZ_]
	Loaded [Eubacterium_ventriosum_gi_211596812_ref_NZ_]
	Loaded [Eubacterium_ventriosum_gi_211596813_ref_NZ_]
	Loaded [Eubacterium_ventriosum_gi_211596814_ref_NZ_]
	Loaded [Eubacterium_ventriosum_gi_211596815_ref_NZ_]
	Loaded [Eubacterium_ventriosum_gi_211596816_ref_NZ_]
	Loaded [Eubacterium_ventriosum_gi_211596817_ref_NZ_]
	Loaded [Eubacterium_ventriosum_gi_211596818_ref_NZ_]
	Loaded [Eubacterium_ventriosum_gi_211596819_ref_NZ_]
	Loaded [Eubacterium_ventriosum_gi_211596820_ref_NZ_]
	Loaded [Eubacterium_ventriosum_gi_211596821_ref_NZ_]
	Loaded [Eubacterium_ventriosum_gi_211596822_ref_NZ_]
	Loaded [Eubacterium_ventriosum_gi_211596823_ref_NZ_]
	Loaded [Eubacterium_ventriosum_gi_211596824_ref_NZ_]
	Loaded [Eubacterium_ventriosum_gi_211596825_ref_NZ_]
	Loaded [Eubacterium_ventriosum_gi_211596826_ref_NZ_]
	Loaded [Eubacterium_ventriosum_gi_211596827_ref_NZ_]
	Loaded [Eubacterium_ventriosum_gi_211596828_ref_NZ_]
	Loaded [Eubacterium_ventriosum_gi_211596829_ref_NZ_]
	Loaded [Eubacterium_ventriosum_gi_211596830_ref_NZ_]
	Loaded [Eubacterium_ventriosum_gi_211596831_ref_NZ_]
	Loaded [Eubacterium_ventriosum_gi_211596832_ref_NZ_]
	Loaded [Eubacterium_ventriosum_gi_211596833_ref_NZ_]
	Loaded [Eubacterium_ventriosum_gi_211596834_ref_NZ_]
Loading SNPs...
Loading regions...
	No regions given, using whole reference.
	Total Regions: 27
	Total Region Length: 2870795
Analyzing contigs...
CONTIG: NODE_94_length_60890_cov_6.25817_ID_187 (60890bp)
Top Length: 4371  Top ID: 99.45
		This contig is partially unaligned. (Aligned 4371 out of 60890 bases)
		Alignment: 102015 106385 | 4371 1 | 4371 4371 | 99.45 | Eubacterium_ventriosum_gi_211596816_ref_NZ_ NODE_94_length_60890_cov_6.25817_ID_187
		Unaligned bases: 4372 to 60890 (56519)
		This contig has both significant aligned and unaligned parts (of length >= min-contig)! It can contain interspecies translocations

CONTIG: NODE_1993_length_6731_cov_2.87103_ID_3985 (6731bp)
Top Length: 203  Top ID: 95.59
		This contig is partially unaligned. (Aligned 203 out of 6731 bases)
		Alignment: 101361 101564 | 1 203 | 204 203 | 95.59 | Eubacterium_ventriosum_gi_211596816_ref_NZ_ NODE_1993_length_6731_cov_2.87103_ID_3985
		Unaligned bases: 204 to 6731 (6528)

CONTIG: NODE_2713_length_5332_cov_2.78416_ID_5425 (5332bp)
Top Length: 864  Top ID: 96.66
		Skipping redundant alignment 118626 118842 | 856 640 | 217 217 | 96.31 | Eubacterium_ventriosum_gi_211596816_ref_NZ_ NODE_2713_length_5332_cov_2.78416_ID_5425
		This contig is misassembled. 3 total aligns.
			Warning! This contig is more unaligned than misassembled. Contig length is 5332 and total length of all aligns is 1245
		Alignment: 101202 102069 | 864 1 | 868 864 | 96.66 | Eubacterium_ventriosum_gi_211596816_ref_NZ_ NODE_2713_length_5332_cov_2.78416_ID_5425
		Alignment: 97985 98366 | 1381 1001 | 382 381 | 97.14 | Eubacterium_ventriosum_gi_211596816_ref_NZ_ NODE_2713_length_5332_cov_2.78416_ID_5425
		Unaligned bases: 4087
		This contig has both significant aligned and unaligned parts (of length >= min-contig)! It can contain interspecies translocations
CONTIG: NODE_9031_length_2027_cov_29.7865_ID_18061 (2027bp)
Top Length: 2027  Top ID: 98.77
		Marking as insignificant: 456964 457184 | 1569 1789 | 221 221 | 97.29 | Eubacterium_ventriosum_gi_211596816_ref_NZ_ NODE_9031_length_2027_cov_29.7865_ID_18061
		One align captures most of this contig: 444366 446391 | 1 2027 | 2026 2027 | 98.77 | Eubacterium_ventriosum_gi_211596816_ref_NZ_ NODE_9031_length_2027_cov_29.7865_ID_18061

CONTIG: NODE_13174_length_1431_cov_1.05378_ID_26347 (1431bp)
Top Length: 1431  Top ID: 99.23
		Marking as insignificant: 27246 27331 | 233 148 | 86 86 | 97.67 | Eubacterium_ventriosum_gi_211596824_ref_NZ_ NODE_13174_length_1431_cov_1.05378_ID_26347
		Marking as insignificant: 27139 27245 | 1431 1325 | 107 107 | 99.07 | Eubacterium_ventriosum_gi_211596824_ref_NZ_ NODE_13174_length_1431_cov_1.05378_ID_26347
		Marking as insignificant: 2211 2445 | 235 1 | 235 235 | 97.87 | Eubacterium_ventriosum_gi_211596810_ref_NZ_ NODE_13174_length_1431_cov_1.05378_ID_26347
		Marking as insignificant: 916 2109 | 1431 241 | 1194 1191 | 98.66 | Eubacterium_ventriosum_gi_211596810_ref_NZ_ NODE_13174_length_1431_cov_1.05378_ID_26347
		This contig has 2 significant alignments. [An ambiguously mapped contig]
		Using only first of these alignment (option --ambiguity-usage is set to "one"):
		Alignment: 296512 297942 | 1 1431 | 1431 1431 | 99.23 | Eubacterium_ventriosum_gi_211596816_ref_NZ_ NODE_13174_length_1431_cov_1.05378_ID_26347
		Skipping alignment  25476 26906 | 1431 1 | 1431 1431 | 99.23 | Eubacterium_ventriosum_gi_211596824_ref_NZ_ NODE_13174_length_1431_cov_1.05378_ID_26347

CONTIG: NODE_14032_length_1350_cov_27.3552_ID_28063 (1350bp)
Top Length: 1350  Top ID: 98.74
		One align captures most of this contig: 119070 120418 | 1350 1 | 1349 1350 | 98.74 | Eubacterium_ventriosum_gi_211596816_ref_NZ_ NODE_14032_length_1350_cov_27.3552_ID_28063

CONTIG: NODE_17822_length_1076_cov_3.77277_ID_35643 (1076bp)
Top Length: 1076  Top ID: 97.58
		One align captures most of this contig: 89293 90367 | 1 1076 | 1075 1076 | 97.58 | Eubacterium_ventriosum_gi_211596816_ref_NZ_ NODE_17822_length_1076_cov_3.77277_ID_35643

CONTIG: NODE_20490_length_938_cov_0.90034_ID_40979 (938bp)
Top Length: 938  Top ID: 99.26
		One align captures most of this contig: 116964 117904 | 1 938 | 941 938 | 99.26 | Eubacterium_ventriosum_gi_211596816_ref_NZ_ NODE_20490_length_938_cov_0.90034_ID_40979

CONTIG: NODE_21060_length_916_cov_8.27642_ID_42119 (916bp)
Top Length: 916  Top ID: 96.4
		One align captures most of this contig: 122189 123104 | 916 1 | 916 916 | 96.4 | Eubacterium_ventriosum_gi_211596816_ref_NZ_ NODE_21060_length_916_cov_8.27642_ID_42119

CONTIG: NODE_961_length_12637_cov_1.27261_ID_1921 (12637bp)
Top Length: 12625  Top ID: 96.73
		One align captures most of this contig: 17010 29621 | 12625 1 | 12612 12625 | 96.73 | Eubacterium_ventriosum_gi_211596814_ref_NZ_ NODE_961_length_12637_cov_1.27261_ID_1921

CONTIG: NODE_2758_length_5270_cov_1.21572_ID_5515 (5270bp)
Top Length: 2793  Top ID: 97.82
		This contig is misassembled. 3 total aligns.
			Real Alignment 1: 10210 10865 | 62 718 | 656 657 | 97.72 | Eubacterium_ventriosum_gi_211596814_ref_NZ_ NODE_2758_length_5270_cov_1.21572_ID_5515
			  Fake misassembly between these two alignments: inconsistency = -2 , gap in the contig is small or absent or filled mostly with Ns (short indel: insertion of length 2; 24 mismatches)
			Real Alignment 2: 11006 11691 | 861 1547 | 686 687 | 95.2 | Eubacterium_ventriosum_gi_211596814_ref_NZ_ NODE_2758_length_5270_cov_1.21572_ID_5515
			  Gap between these two alignments (local misassembly). Inconsistency = 458 
			Real Alignment 3: 13080 15872 | 2478 5270 | 2793 2793 | 97.82 | Eubacterium_ventriosum_gi_211596814_ref_NZ_ NODE_2758_length_5270_cov_1.21572_ID_5515
		This contig has significant unaligned parts (of length >= min-contig)! It can contain interspecies translocations

CONTIG: NODE_3171_length_4734_cov_1.11135_ID_6341 (4734bp)
Top Length: 2176  Top ID: 95.68
		This contig is misassembled. 3 total aligns.
			Real Alignment 1: 49647 50449 | 1073 1875 | 803 803 | 96.89 | Eubacterium_ventriosum_gi_211596814_ref_NZ_ NODE_3171_length_4734_cov_1.11135_ID_6341
			  Fake misassembly between these two alignments: inconsistency = -3 , gap in the contig is small or absent or filled mostly with Ns (short indel: insertion of length 3; 0 mismatches)
			Excluding internal overlap of size 110 between Alignment 2 and 3:  16015 16685 | 4036 4707 | 671 672 --> 16125 16685 | 4146 4707 | 561 562
			Real Alignment 2: 50541 52715 | 1970 4145 | 2175 2176 | 95.68 | Eubacterium_ventriosum_gi_211596814_ref_NZ_ NODE_3171_length_4734_cov_1.11135_ID_6341
			  Extensive misassembly ( relocation, inconsistency = -36591 ) between these two alignments
			Real Alignment 3: 16125 16685 | 4146 4707 | 561 562 | 97.77 | Eubacterium_ventriosum_gi_211596814_ref_NZ_ NODE_3171_length_4734_cov_1.11135_ID_6341
		This contig has significant unaligned parts (of length >= min-contig)! It can contain interspecies translocations

CONTIG: NODE_3476_length_4415_cov_1.44427_ID_6951 (4415bp)
Top Length: 1898  Top ID: 96.1
		This contig is misassembled. 4 total aligns.
			Real Alignment 1: 44808 45831 | 1 1024 | 1024 1024 | 98.34 | Eubacterium_ventriosum_gi_211596814_ref_NZ_ NODE_3476_length_4415_cov_1.44427_ID_6951
			  Gap between these two alignments (local misassembly). Inconsistency = 111 
			Real Alignment 2: 45962 46914 | 1044 1995 | 953 952 | 95.28 | Eubacterium_ventriosum_gi_211596814_ref_NZ_ NODE_3476_length_4415_cov_1.44427_ID_6951
			  Overlap between these two alignments (local misassembly). Inconsistency = -6 
			Real Alignment 3: 47048 48945 | 2135 4032 | 1898 1898 | 96.1 | Eubacterium_ventriosum_gi_211596814_ref_NZ_ NODE_3476_length_4415_cov_1.44427_ID_6951
			  Gap between these two alignments (local misassembly). Inconsistency = 255 
			Real Alignment 4: 49269 49583 | 4101 4415 | 315 315 | 98.1 | Eubacterium_ventriosum_gi_211596814_ref_NZ_ NODE_3476_length_4415_cov_1.44427_ID_6951

CONTIG: NODE_4664_length_3509_cov_1.29936_ID_9327 (3509bp)
Top Length: 3509  Top ID: 96.81
		One align captures most of this contig: 37425 40892 | 1 3509 | 3468 3509 | 96.81 | Eubacterium_ventriosum_gi_211596814_ref_NZ_ NODE_4664_length_3509_cov_1.29936_ID_9327

CONTIG: NODE_5668_length_3010_cov_1.01286_ID_11335 (3010bp)
Top Length: 413  Top ID: 98.06
		This contig is partially unaligned. (Aligned 413 out of 3010 bases)
		Alignment: 34214 34626 | 3010 2598 | 413 413 | 98.06 | Eubacterium_ventriosum_gi_211596814_ref_NZ_ NODE_5668_length_3010_cov_1.01286_ID_11335
		Unaligned bases: 1 to 2597 (2597)

CONTIG: NODE_7370_length_2410_cov_1.05435_ID_14739 (2410bp)
Top Length: 2410  Top ID: 95.23
		One align captures most of this contig: 31569 33979 | 1 2410 | 2411 2410 | 95.23 | Eubacterium_ventriosum_gi_211596814_ref_NZ_ NODE_7370_length_2410_cov_1.05435_ID_14739

CONTIG: NODE_7582_length_2348_cov_0.895334_ID_15163 (2348bp)
Top Length: 1535  Top ID: 97.59
		This contig is partially unaligned. (Aligned 1535 out of 2348 bases)
		Alignment: 42779 44312 | 2142 608 | 1534 1535 | 97.59 | Eubacterium_ventriosum_gi_211596814_ref_NZ_ NODE_7582_length_2348_cov_0.895334_ID_15163
		Unaligned bases: 1 to 607 (607)
		Unaligned bases: 2143 to 2348 (206)
		This contig has both significant aligned and unaligned parts (of length >= min-contig)! It can contain interspecies translocations

CONTIG: NODE_11830_length_1577_cov_1.17937_ID_23659 (1577bp)
Top Length: 1426  Top ID: 98.46
		This contig is partially unaligned. (Aligned 1426 out of 1577 bases)
		Alignment: 8466 9888 | 1577 152 | 1423 1426 | 98.46 | Eubacterium_ventriosum_gi_211596814_ref_NZ_ NODE_11830_length_1577_cov_1.17937_ID_23659
		Unaligned bases: 1 to 151 (151)

CONTIG: NODE_17134_length_1118_cov_1.47601_ID_34267 (1118bp)
Top Length: 1118  Top ID: 97.76
		One align captures most of this contig: 29883 31000 | 1118 1 | 1118 1118 | 97.76 | Eubacterium_ventriosum_gi_211596814_ref_NZ_ NODE_17134_length_1118_cov_1.47601_ID_34267

CONTIG: NODE_23003_length_844_cov_1.45754_ID_46005 (844bp)
Top Length: 844  Top ID: 95.14
		One align captures most of this contig: 41511 42354 | 1 844 | 844 844 | 95.14 | Eubacterium_ventriosum_gi_211596814_ref_NZ_ NODE_23003_length_844_cov_1.45754_ID_46005

CONTIG: NODE_23585_length_824_cov_1.09883_ID_47169 (824bp)
Top Length: 512  Top ID: 98.44
		This contig is partially unaligned. (Aligned 512 out of 824 bases)
		Alignment: 7954 8465 | 697 186 | 512 512 | 98.44 | Eubacterium_ventriosum_gi_211596814_ref_NZ_ NODE_23585_length_824_cov_1.09883_ID_47169
		Unaligned bases: 1 to 185 (185)
		Unaligned bases: 698 to 824 (127)

CONTIG: NODE_25601_length_756_cov_1.43081_ID_51201 (756bp)
Top Length: 672  Top ID: 97.19
		This contig is partially unaligned. (Aligned 672 out of 756 bases)
		Alignment: 53657 54331 | 737 66 | 675 672 | 97.19 | Eubacterium_ventriosum_gi_211596814_ref_NZ_ NODE_25601_length_756_cov_1.43081_ID_51201
		Unaligned bases: 1 to 65 (65)
		Unaligned bases: 738 to 756 (19)

CONTIG: NODE_10798_length_1722_cov_27.3995_ID_21595 (1722bp)
Top Length: 84  Top ID: 96.43
		This contig is partially unaligned. (Aligned 84 out of 1722 bases)
		Alignment: 5831 5911 | 497 414 | 81 84 | 96.43 | Eubacterium_ventriosum_gi_211596808_ref_NZ_ NODE_10798_length_1722_cov_27.3995_ID_21595
		Unaligned bases: 1 to 413 (413)
		Unaligned bases: 498 to 1722 (1225)

CONTIG: NODE_211_length_38848_cov_6.93749_ID_421 (38848bp)
Top Length: 86  Top ID: 96.51
			Skipping redundant alignments after choosing the best set of alignments
		Skipping redundant alignment 69188 69273 | 2096 2011 | 86 86 | 96.51 | Eubacterium_ventriosum_gi_211596829_ref_NZ_ NODE_211_length_38848_cov_6.93749_ID_421
		This contig is partially unaligned. (Aligned 86 out of 38848 bases)
		Alignment: 45123 45208 | 2011 2096 | 86 86 | 96.51 | Eubacterium_ventriosum_gi_211596826_ref_NZ_ NODE_211_length_38848_cov_6.93749_ID_421
		Unaligned bases: 1 to 2010 (2010)
		Unaligned bases: 2097 to 38848 (36752)

CONTIG: NODE_11509_length_1618_cov_2.66219_ID_23017 (1618bp)
Top Length: 76  Top ID: 98.68
		This contig is partially unaligned. (Aligned 76 out of 1618 bases)
		Alignment: 45477 45552 | 1534 1459 | 76 76 | 98.68 | Eubacterium_ventriosum_gi_211596826_ref_NZ_ NODE_11509_length_1618_cov_2.66219_ID_23017
		Unaligned bases: 1 to 1458 (1458)
		Unaligned bases: 1535 to 1618 (84)

CONTIG: NODE_40_length_85969_cov_7.38487_ID_79 (85969bp)
Top Length: 4184  Top ID: 99.24
		This contig is misassembled. 2 total aligns.
			Warning! This contig is more unaligned than misassembled. Contig length is 85969 and total length of all aligns is 4532
		Alignment: 279561 279908 | 18015 17668 | 348 348 | 99.43 | Eubacterium_ventriosum_gi_211596811_ref_NZ_ NODE_40_length_85969_cov_7.38487_ID_79
		Alignment: 275381 279564 | 83962 79779 | 4184 4184 | 99.24 | Eubacterium_ventriosum_gi_211596811_ref_NZ_ NODE_40_length_85969_cov_7.38487_ID_79
		Unaligned bases: 81437
		This contig has both significant aligned and unaligned parts (of length >= min-contig)! It can contain interspecies translocations
CONTIG: NODE_3055_length_4857_cov_1.21783_ID_6109 (4857bp)
Top Length: 76  Top ID: 96.05
		This contig is partially unaligned. (Aligned 76 out of 4857 bases)
		Alignment: 101121 101195 | 2955 3030 | 75 76 | 96.05 | Eubacterium_ventriosum_gi_211596811_ref_NZ_ NODE_3055_length_4857_cov_1.21783_ID_6109
		Unaligned bases: 1 to 2954 (2954)
		Unaligned bases: 3031 to 4857 (1827)

CONTIG: NODE_5770_length_2971_cov_2.64918_ID_11539 (2971bp)
Top Length: 93  Top ID: 100.0
		This contig is partially unaligned. (Aligned 93 out of 2971 bases)
		Alignment: 90291 90383 | 2432 2524 | 93 93 | 100.0 | Eubacterium_ventriosum_gi_211596817_ref_NZ_ NODE_5770_length_2971_cov_2.64918_ID_11539
		Unaligned bases: 1 to 2431 (2431)
		Unaligned bases: 2525 to 2971 (447)

CONTIG: NODE_7058_length_2502_cov_2.72007_ID_14115 (2502bp)
Top Length: 2488  Top ID: 99.2
		One align captures most of this contig: 81216 83703 | 2502 15 | 2488 2488 | 99.2 | Eubacterium_ventriosum_gi_211596817_ref_NZ_ NODE_7058_length_2502_cov_2.72007_ID_14115

CONTIG: NODE_14929_length_1271_cov_0.516447_ID_29857 (1271bp)
Top Length: 814  Top ID: 98.89
		This contig is misassembled. 2 total aligns.
			Real Alignment 1: 47584 47856 | 18 290 | 273 273 | 99.63 | Eubacterium_ventriosum_gi_211596817_ref_NZ_ NODE_14929_length_1271_cov_0.516447_ID_29857
			  Fake misassembly between these two alignments: inconsistency = -2 , gap in the contig is small or absent or filled mostly with Ns (short indel: insertion of length 2; 0 mismatches)
			Real Alignment 2: 48022 48835 | 458 1271 | 814 814 | 98.89 | Eubacterium_ventriosum_gi_211596817_ref_NZ_ NODE_14929_length_1271_cov_0.516447_ID_29857

CONTIG: NODE_16140_length_1180_cov_0.760889_ID_32279 (1180bp)
Top Length: 1180  Top ID: 99.66
		One align captures most of this contig: 35766 36945 | 1180 1 | 1180 1180 | 99.66 | Eubacterium_ventriosum_gi_211596817_ref_NZ_ NODE_16140_length_1180_cov_0.760889_ID_32279

CONTIG: NODE_16457_length_1158_cov_0.990027_ID_32913 (1158bp)
Top Length: 1158  Top ID: 98.27
		One align captures most of this contig: 33094 34245 | 1158 1 | 1152 1158 | 98.27 | Eubacterium_ventriosum_gi_211596817_ref_NZ_ NODE_16457_length_1158_cov_0.990027_ID_32913

CONTIG: NODE_21693_length_893_cov_0.689737_ID_43385 (893bp)
Top Length: 892  Top ID: 95.07
		One align captures most of this contig: 54177 55064 | 893 2 | 888 892 | 95.07 | Eubacterium_ventriosum_gi_211596817_ref_NZ_ NODE_21693_length_893_cov_0.689737_ID_43385

CONTIG: NODE_22527_length_861_cov_0.899504_ID_45053 (861bp)
Top Length: 861  Top ID: 99.54
		One align captures most of this contig: 34662 35522 | 1 861 | 861 861 | 99.54 | Eubacterium_ventriosum_gi_211596817_ref_NZ_ NODE_22527_length_861_cov_0.899504_ID_45053

CONTIG: NODE_23897_length_811_cov_1.00661_ID_47793 (811bp)
Top Length: 91  Top ID: 98.9
		This contig is partially unaligned. (Aligned 91 out of 811 bases)
		Alignment: 155697 155786 | 1 91 | 90 91 | 98.9 | Eubacterium_ventriosum_gi_211596817_ref_NZ_ NODE_23897_length_811_cov_1.00661_ID_47793
		Unaligned bases: 92 to 811 (720)

CONTIG: NODE_24895_length_778_cov_0.604426_ID_49789 (778bp)
Top Length: 778  Top ID: 99.36
		One align captures most of this contig: 92472 93249 | 778 1 | 778 778 | 99.36 | Eubacterium_ventriosum_gi_211596817_ref_NZ_ NODE_24895_length_778_cov_0.604426_ID_49789

CONTIG: NODE_29774_length_653_cov_0.680602_ID_59547 (653bp)
Top Length: 653  Top ID: 99.69
		One align captures most of this contig: 89014 89666 | 1 653 | 653 653 | 99.69 | Eubacterium_ventriosum_gi_211596817_ref_NZ_ NODE_29774_length_653_cov_0.680602_ID_59547

CONTIG: NODE_30997_length_629_cov_0.6777_ID_61993 (629bp)
Top Length: 629  Top ID: 99.36
		One align captures most of this contig: 53297 53925 | 1 629 | 629 629 | 99.36 | Eubacterium_ventriosum_gi_211596817_ref_NZ_ NODE_30997_length_629_cov_0.6777_ID_61993

CONTIG: NODE_32296_length_606_cov_0.593466_ID_64591 (606bp)
Top Length: 257  Top ID: 99.61
		This contig is misassembled. 2 total aligns.
			Real Alignment 1: 50771 51019 | 1 249 | 249 249 | 100.0 | Eubacterium_ventriosum_gi_211596817_ref_NZ_ NODE_32296_length_606_cov_0.593466_ID_64591
			  Fake misassembly between these two alignments: inconsistency = -11 , gap in the contig is small or absent or filled mostly with Ns (long indel: insertion of length 11; 0 mismatches)
			Real Alignment 2: 51109 51365 | 350 606 | 257 257 | 99.61 | Eubacterium_ventriosum_gi_211596817_ref_NZ_ NODE_32296_length_606_cov_0.593466_ID_64591

CONTIG: NODE_35151_length_564_cov_0.856582_ID_70301 (564bp)
Top Length: 564  Top ID: 98.94
		One align captures most of this contig: 30975 31538 | 1 564 | 564 564 | 98.94 | Eubacterium_ventriosum_gi_211596817_ref_NZ_ NODE_35151_length_564_cov_0.856582_ID_70301

CONTIG: NODE_35564_length_559_cov_0.857143_ID_71127 (559bp)
Top Length: 559  Top ID: 99.64
		One align captures most of this contig: 40620 41178 | 1 559 | 559 559 | 99.64 | Eubacterium_ventriosum_gi_211596817_ref_NZ_ NODE_35564_length_559_cov_0.857143_ID_71127

CONTIG: NODE_39464_length_512_cov_0.781182_ID_78927 (512bp)
Top Length: 367  Top ID: 99.73
		This contig is partially unaligned. (Aligned 367 out of 512 bases)
		Alignment: 34326 34692 | 388 22 | 367 367 | 99.73 | Eubacterium_ventriosum_gi_211596817_ref_NZ_ NODE_39464_length_512_cov_0.781182_ID_78927
		Unaligned bases: 1 to 21 (21)
		Unaligned bases: 389 to 512 (124)

CONTIG: NODE_2787_length_5222_cov_1.12773_ID_5573 (5222bp)
Top Length: 108  Top ID: 100.0
		This contig is partially unaligned. (Aligned 108 out of 5222 bases)
		Alignment: 109435 109542 | 1428 1321 | 108 108 | 100.0 | Eubacterium_ventriosum_gi_211596815_ref_NZ_ NODE_2787_length_5222_cov_1.12773_ID_5573
		Unaligned bases: 1 to 1320 (1320)
		Unaligned bases: 1429 to 5222 (3794)

CONTIG: NODE_30451_length_639_cov_0.712329_ID_60901 (639bp)
Top Length: 285  Top ID: 99.3
		This contig is partially unaligned. (Aligned 285 out of 639 bases)
		Alignment: 135695 135979 | 3 287 | 285 285 | 99.3 | Eubacterium_ventriosum_gi_211596815_ref_NZ_ NODE_30451_length_639_cov_0.712329_ID_60901
		Unaligned bases: 1 to 2 (2)
		Unaligned bases: 288 to 639 (352)

CONTIG: NODE_35820_length_555_cov_0.616_ID_71639 (555bp)
Top Length: 124  Top ID: 100.0
		This contig is partially unaligned. (Aligned 124 out of 555 bases)
		Alignment: 101227 101350 | 432 555 | 124 124 | 100.0 | Eubacterium_ventriosum_gi_211596815_ref_NZ_ NODE_35820_length_555_cov_0.616_ID_71639
		Unaligned bases: 1 to 431 (431)

CONTIG: NODE_37183_length_539_cov_1.02686_ID_74365 (539bp)
Top Length: 125  Top ID: 96.8
		This contig is partially unaligned. (Aligned 125 out of 539 bases)
		Alignment: 56338 56462 | 415 539 | 125 125 | 96.8 | Eubacterium_ventriosum_gi_211596815_ref_NZ_ NODE_37183_length_539_cov_1.02686_ID_74365
		Unaligned bases: 1 to 414 (414)

CONTIG: NODE_676_length_17026_cov_6.31607_ID_1351 (17026bp)
Top Length: 815  Top ID: 97.91
		This contig is partially unaligned. (Aligned 815 out of 17026 bases)
		Alignment: 2926 3738 | 10649 11463 | 813 815 | 97.91 | Eubacterium_ventriosum_gi_211596823_ref_NZ_ NODE_676_length_17026_cov_6.31607_ID_1351
		Unaligned bases: 1 to 10648 (10648)
		Unaligned bases: 11464 to 17026 (5563)
		This contig has both significant aligned and unaligned parts (of length >= min-contig)! It can contain interspecies translocations

CONTIG: NODE_689_length_16865_cov_4.04099_ID_1377 (16865bp)
Top Length: 137  Top ID: 99.27
		This contig is partially unaligned. (Aligned 137 out of 16865 bases)
		Alignment: 1999 2135 | 137 1 | 137 137 | 99.27 | Eubacterium_ventriosum_gi_211596823_ref_NZ_ NODE_689_length_16865_cov_4.04099_ID_1377
		Unaligned bases: 138 to 16865 (16728)

CONTIG: NODE_35348_length_562_cov_7.36095_ID_70695 (562bp)
Top Length: 291  Top ID: 98.28
		This contig is misassembled. 2 total aligns.
			Excluding internal overlap of size 11 between Alignment 1 and 2:  97967 98072 | 399 504 | 106 106 --> 97978 98072 | 410 504 | 95 95
			Real Alignment 1: 3737 4027 | 409 119 | 291 291 | 98.28 | Eubacterium_ventriosum_gi_211596823_ref_NZ_ NODE_35348_length_562_cov_7.36095_ID_70695
			  Extensive misassembly ( translocation ) between these two alignments
			Real Alignment 2: 97978 98072 | 410 504 | 95 95 | 98.11 | Eubacterium_ventriosum_gi_211596816_ref_NZ_ NODE_35348_length_562_cov_7.36095_ID_70695

CONTIG: NODE_39265_length_514_cov_0.540305_ID_78529 (514bp)
Top Length: 123  Top ID: 95.93
		This contig is partially unaligned. (Aligned 123 out of 514 bases)
		Alignment: 90895 91016 | 102 224 | 122 123 | 95.93 | Eubacterium_ventriosum_gi_211596830_ref_NZ_ NODE_39265_length_514_cov_0.540305_ID_78529
		Unaligned bases: 1 to 101 (101)
		Unaligned bases: 225 to 514 (290)

CONTIG: NODE_15897_length_1197_cov_1.05079_ID_31793 (1197bp)
Top Length: 80  Top ID: 98.77
		This contig is partially unaligned. (Aligned 80 out of 1197 bases)
		Alignment: 11592 11672 | 1118 1197 | 81 80 | 98.77 | Eubacterium_ventriosum_gi_211596832_ref_NZ_ NODE_15897_length_1197_cov_1.05079_ID_31793
		Unaligned bases: 1 to 1117 (1117)

CONTIG: NODE_28126_length_689_cov_0.635647_ID_56251 (689bp)
Top Length: 137  Top ID: 99.27
		This contig is partially unaligned. (Aligned 137 out of 689 bases)
		Alignment: 232430 232566 | 137 1 | 137 137 | 99.27 | Eubacterium_ventriosum_gi_211596832_ref_NZ_ NODE_28126_length_689_cov_0.635647_ID_56251
		Unaligned bases: 138 to 689 (552)

CONTIG: NODE_1931_length_6893_cov_1.15458_ID_3861 (6893bp)
Top Length: 1089  Top ID: 98.81
		This contig is misassembled. 3 total aligns.
			Warning! This contig is more unaligned than misassembled. Contig length is 6893 and total length of all aligns is 1618
		Alignment: 112748 113146 | 3846 4244 | 399 399 | 100.0 | Eubacterium_ventriosum_gi_211596828_ref_NZ_ NODE_1931_length_6893_cov_1.15458_ID_3861
		Alignment: 113273 113402 | 4369 4498 | 130 130 | 98.46 | Eubacterium_ventriosum_gi_211596828_ref_NZ_ NODE_1931_length_6893_cov_1.15458_ID_3861
		Alignment: 113536 114624 | 4749 5837 | 1089 1089 | 98.81 | Eubacterium_ventriosum_gi_211596828_ref_NZ_ NODE_1931_length_6893_cov_1.15458_ID_3861
		Unaligned bases: 5275
		This contig has both significant aligned and unaligned parts (of length >= min-contig)! It can contain interspecies translocations
CONTIG: NODE_8622_length_2104_cov_1.87945_ID_17243 (2104bp)
Top Length: 94  Top ID: 95.74
		This contig is partially unaligned. (Aligned 94 out of 2104 bases)
		Alignment: 138543 138636 | 1803 1896 | 94 94 | 95.74 | Eubacterium_ventriosum_gi_211596828_ref_NZ_ NODE_8622_length_2104_cov_1.87945_ID_17243
		Unaligned bases: 1 to 1802 (1802)
		Unaligned bases: 1897 to 2104 (208)

CONTIG: NODE_10512_length_1764_cov_1.055_ID_21023 (1764bp)
Top Length: 734  Top ID: 98.23
		This contig is partially unaligned. (Aligned 734 out of 1764 bases)
		Alignment: 116467 117201 | 1031 1764 | 735 734 | 98.23 | Eubacterium_ventriosum_gi_211596828_ref_NZ_ NODE_10512_length_1764_cov_1.055_ID_21023
		Unaligned bases: 1 to 1030 (1030)
		This contig has both significant aligned and unaligned parts (of length >= min-contig)! It can contain interspecies translocations

CONTIG: NODE_22564_length_860_cov_0.915528_ID_45127 (860bp)
Top Length: 92  Top ID: 100.0
		This contig is partially unaligned. (Aligned 92 out of 860 bases)
		Alignment: 117429 117520 | 1 92 | 92 92 | 100.0 | Eubacterium_ventriosum_gi_211596828_ref_NZ_ NODE_22564_length_860_cov_0.915528_ID_45127
		Unaligned bases: 93 to 860 (768)

CONTIG: NODE_33478_length_588_cov_0.851782_ID_66955 (588bp)
Top Length: 588  Top ID: 97.28
		One align captures most of this contig: 87961 88548 | 588 1 | 588 588 | 97.28 | Eubacterium_ventriosum_gi_211596828_ref_NZ_ NODE_33478_length_588_cov_0.851782_ID_66955

CONTIG: NODE_5748_length_2979_cov_1.17476_ID_11495 (2979bp)
Top Length: 141  Top ID: 100.0
		This contig is partially unaligned. (Aligned 141 out of 2979 bases)
		Alignment: 62139 62279 | 2979 2839 | 141 141 | 100.0 | Eubacterium_ventriosum_gi_211596829_ref_NZ_ NODE_5748_length_2979_cov_1.17476_ID_11495
		Unaligned bases: 1 to 2838 (2838)

CONTIG: NODE_7096_length_2491_cov_1.75903_ID_14191 (2491bp)
Top Length: 2491  Top ID: 98.43
		Marking as insignificant: 4591 4655 | 1 65 | 65 65 | 100.0 | Eubacterium_ventriosum_gi_211596829_ref_NZ_ NODE_7096_length_2491_cov_1.75903_ID_14191
		One align captures most of this contig: 2079 4565 | 1 2491 | 2487 2491 | 98.43 | Eubacterium_ventriosum_gi_211596829_ref_NZ_ NODE_7096_length_2491_cov_1.75903_ID_14191

CONTIG: NODE_9403_length_1958_cov_0.863374_ID_18805 (1958bp)
Top Length: 133  Top ID: 96.27
		This contig is partially unaligned. (Aligned 133 out of 1958 bases)
		Alignment: 117689 117822 | 1958 1826 | 134 133 | 96.27 | Eubacterium_ventriosum_gi_211596829_ref_NZ_ NODE_9403_length_1958_cov_0.863374_ID_18805
		Unaligned bases: 1 to 1825 (1825)

CONTIG: NODE_15805_length_1203_cov_1.97735_ID_31609 (1203bp)
Top Length: 1203  Top ID: 100.0
		One align captures most of this contig: 6767 7969 | 1 1203 | 1203 1203 | 100.0 | Eubacterium_ventriosum_gi_211596829_ref_NZ_ NODE_15805_length_1203_cov_1.97735_ID_31609

CONTIG: NODE_113_length_57182_cov_10.214_ID_225 (57182bp)
Top Length: 844  Top ID: 96.21
		This contig is partially unaligned. (Aligned 844 out of 57182 bases)
		Alignment: 143635 144463 | 1218 2061 | 829 844 | 96.21 | Eubacterium_ventriosum_gi_211596831_ref_NZ_ NODE_113_length_57182_cov_10.214_ID_225
		Unaligned bases: 1 to 1217 (1217)
		Unaligned bases: 2062 to 57182 (55121)
		This contig has both significant aligned and unaligned parts (of length >= min-contig)! It can contain interspecies translocations

CONTIG: NODE_163_length_45766_cov_3.60042_ID_325 (45766bp)
Top Length: 1156  Top ID: 98.79
		This contig is misassembled. 2 total aligns.
			Warning! This contig is more unaligned than misassembled. Contig length is 45766 and total length of all aligns is 1591
		Alignment: 142091 143245 | 39151 37996 | 1155 1156 | 98.79 | Eubacterium_ventriosum_gi_211596831_ref_NZ_ NODE_163_length_45766_cov_3.60042_ID_325
		Alignment: 144696 145130 | 45747 45313 | 435 435 | 98.62 | Eubacterium_ventriosum_gi_211596831_ref_NZ_ NODE_163_length_45766_cov_3.60042_ID_325
		Unaligned bases: 44175
		This contig has both significant aligned and unaligned parts (of length >= min-contig)! It can contain interspecies translocations
CONTIG: NODE_1034_length_11893_cov_5.48201_ID_2067 (11893bp)
Top Length: 108  Top ID: 96.3
		This contig is partially unaligned. (Aligned 108 out of 11893 bases)
		Alignment: 223996 224103 | 3745 3852 | 108 108 | 96.3 | Eubacterium_ventriosum_gi_211596831_ref_NZ_ NODE_1034_length_11893_cov_5.48201_ID_2067
		Unaligned bases: 1 to 3744 (3744)
		Unaligned bases: 3853 to 11893 (8041)

CONTIG: NODE_5523_length_3066_cov_1.21754_ID_11045 (3066bp)
Top Length: 314  Top ID: 95.24
		This contig is partially unaligned. (Aligned 314 out of 3066 bases)
		Alignment: 221441 221755 | 2412 2099 | 315 314 | 95.24 | Eubacterium_ventriosum_gi_211596831_ref_NZ_ NODE_5523_length_3066_cov_1.21754_ID_11045
		Unaligned bases: 1 to 2098 (2098)
		Unaligned bases: 2413 to 3066 (654)

CONTIG: NODE_30793_length_633_cov_0.738754_ID_61585 (633bp)
Top Length: 251  Top ID: 99.2
		This contig is partially unaligned. (Aligned 251 out of 633 bases)
		Alignment: 204329 204579 | 633 383 | 251 251 | 99.2 | Eubacterium_ventriosum_gi_211596831_ref_NZ_ NODE_30793_length_633_cov_0.738754_ID_61585
		Unaligned bases: 1 to 382 (382)

CONTIG: NODE_32345_length_605_cov_0.794545_ID_64689 (605bp)
Top Length: 168  Top ID: 97.02
		This contig is partially unaligned. (Aligned 168 out of 605 bases)
		Alignment: 42341 42508 | 423 590 | 168 168 | 97.02 | Eubacterium_ventriosum_gi_211596831_ref_NZ_ NODE_32345_length_605_cov_0.794545_ID_64689
		Unaligned bases: 1 to 422 (422)
		Unaligned bases: 591 to 605 (15)

CONTIG: NODE_15794_length_1203_cov_0.720383_ID_31587 (1203bp)
Top Length: 169  Top ID: 97.63
		This contig is partially unaligned. (Aligned 169 out of 1203 bases)
		Alignment: 43629 43797 | 1203 1035 | 169 169 | 97.63 | Eubacterium_ventriosum_gi_211596824_ref_NZ_ NODE_15794_length_1203_cov_0.720383_ID_31587
		Unaligned bases: 1 to 1034 (1034)

CONTIG: NODE_4634_length_3529_cov_3.08031_ID_9267 (3529bp)
Top Length: 89  Top ID: 100.0
		This contig is partially unaligned. (Aligned 89 out of 3529 bases)
		Alignment: 42063 42151 | 3528 3440 | 89 89 | 100.0 | Eubacterium_ventriosum_gi_211596827_ref_NZ_ NODE_4634_length_3529_cov_3.08031_ID_9267
		Unaligned bases: 1 to 3439 (3439)
		Unaligned bases: 3529 to 3529 (1)

Analyzing coverage...
Writing SNPs into /Molly/gurevich/MetaQUAST/res_final/res_metahit_final/runs_per_reference/Eubacterium_ventriosum/contigs_reports/nucmer_output/SPAdes.used_snps
	Reference Eubacterium_ventriosum_gi_211596817_ref_NZ_: 17 total alignments. 1 total regions.
		Region: 1 to 291583 (291583 bp)
			START in gap: 1 to 30975 (30974 bp)
			Align 1: 30975 31538 NODE_35151_length_564_cov_0.856582_ID_70301 1 564
				Gap between this and next alignment: 31538 to 33094 (1555 bp)
				Next Alignment: 33094 34245 NODE_16457_length_1158_cov_0.990027_ID_32913 1158 1

			Align 2: 33094 34245 NODE_16457_length_1158_cov_0.990027_ID_32913 1158 1
				Gap between this and next alignment: 34245 to 34326 (80 bp)
				Next Alignment: 34326 34692 NODE_39464_length_512_cov_0.781182_ID_78927 388 22

			Align 3: 34326 34692 NODE_39464_length_512_cov_0.781182_ID_78927 388 22
				Negative gap (overlap) between this and next alignment: 34692 to 34662 (-30 bp)
				Next Alignment: 34662 35522 NODE_22527_length_861_cov_0.899504_ID_45053 1 861

			Previous gap was negative, modifying coordinates to ignore overlap
				Moving contig start from 1 to 32.
			Align 4: 34693 35522 NODE_22527_length_861_cov_0.899504_ID_45053 32 861
				Gap between this and next alignment: 35522 to 35766 (243 bp)
				Next Alignment: 35766 36945 NODE_16140_length_1180_cov_0.760889_ID_32279 1180 1

			Align 5: 35766 36945 NODE_16140_length_1180_cov_0.760889_ID_32279 1180 1
				Gap between this and next alignment: 36945 to 40620 (3674 bp)
				Next Alignment: 40620 41178 NODE_35564_length_559_cov_0.857143_ID_71127 1 559

			Align 6: 40620 41178 NODE_35564_length_559_cov_0.857143_ID_71127 1 559
				Gap between this and next alignment: 41178 to 47584 (6405 bp)
				Next Alignment: 47584 47856 NODE_14929_length_1271_cov_0.516447_ID_29857 18 290

			Align 7: 47584 47856 NODE_14929_length_1271_cov_0.516447_ID_29857 18 290
				Gap between this and next alignment: 47856 to 48022 (165 bp)
				Next Alignment: 48022 48835 NODE_14929_length_1271_cov_0.516447_ID_29857 458 1271

			Align 8: 48022 48835 NODE_14929_length_1271_cov_0.516447_ID_29857 458 1271
				Gap between this and next alignment: 48835 to 50771 (1935 bp)
				Next Alignment: 50771 51019 NODE_32296_length_606_cov_0.593466_ID_64591 1 249

			Align 9: 50771 51019 NODE_32296_length_606_cov_0.593466_ID_64591 1 249
				Gap between this and next alignment: 51019 to 51109 (89 bp)
				Next Alignment: 51109 51365 NODE_32296_length_606_cov_0.593466_ID_64591 350 606

			Align 10: 51109 51365 NODE_32296_length_606_cov_0.593466_ID_64591 350 606
				Gap between this and next alignment: 51365 to 53297 (1931 bp)
				Next Alignment: 53297 53925 NODE_30997_length_629_cov_0.6777_ID_61993 1 629

			Align 11: 53297 53925 NODE_30997_length_629_cov_0.6777_ID_61993 1 629
				Gap between this and next alignment: 53925 to 54177 (251 bp)
				Next Alignment: 54177 55064 NODE_21693_length_893_cov_0.689737_ID_43385 893 2

			Align 12: 54177 55064 NODE_21693_length_893_cov_0.689737_ID_43385 893 2
				Gap between this and next alignment: 55064 to 81216 (26151 bp)
				Next Alignment: 81216 83703 NODE_7058_length_2502_cov_2.72007_ID_14115 2502 15

			Align 13: 81216 83703 NODE_7058_length_2502_cov_2.72007_ID_14115 2502 15
				Gap between this and next alignment: 83703 to 89014 (5310 bp)
				Next Alignment: 89014 89666 NODE_29774_length_653_cov_0.680602_ID_59547 1 653

			Align 14: 89014 89666 NODE_29774_length_653_cov_0.680602_ID_59547 1 653
				Gap between this and next alignment: 89666 to 90291 (624 bp)
				Next Alignment: 90291 90383 NODE_5770_length_2971_cov_2.64918_ID_11539 2432 2524

			Align 15: 90291 90383 NODE_5770_length_2971_cov_2.64918_ID_11539 2432 2524
				Gap between this and next alignment: 90383 to 92472 (2088 bp)
				Next Alignment: 92472 93249 NODE_24895_length_778_cov_0.604426_ID_49789 778 1

			Align 16: 92472 93249 NODE_24895_length_778_cov_0.604426_ID_49789 778 1
				Gap between this and next alignment: 93249 to 155697 (62447 bp)
				Next Alignment: 155697 155786 NODE_23897_length_811_cov_1.00661_ID_47793 1 91

			Align 17: 155697 155786 NODE_23897_length_811_cov_1.00661_ID_47793 1 91
			END in gap: 155786 to 291583 (135797 bp)

ERROR: Reference Eubacterium_ventriosum_gi_211596813_ref_NZ_ does not have any alignments!  Check that this is the same file used for alignment.
ERROR: Alignment Reference Headers: ['Eubacterium_ventriosum_gi_211596829_ref_NZ_', 'Eubacterium_ventriosum_gi_211596827_ref_NZ_', 'Eubacterium_ventriosum_gi_211596831_ref_NZ_', 'Eubacterium_ventriosum_gi_211596808_ref_NZ_', 'Eubacterium_ventriosum_gi_211596816_ref_NZ_', 'Eubacterium_ventriosum_gi_211596814_ref_NZ_', 'Eubacterium_ventriosum_gi_211596826_ref_NZ_', 'Eubacterium_ventriosum_gi_211596823_ref_NZ_', 'Eubacterium_ventriosum_gi_211596828_ref_NZ_', 'Eubacterium_ventriosum_gi_211596830_ref_NZ_', 'Eubacterium_ventriosum_gi_211596817_ref_NZ_', 'Eubacterium_ventriosum_gi_211596832_ref_NZ_', 'Eubacterium_ventriosum_gi_211596815_ref_NZ_', 'Eubacterium_ventriosum_gi_211596824_ref_NZ_', 'Eubacterium_ventriosum_gi_211596811_ref_NZ_']
	Reference Eubacterium_ventriosum_gi_211596827_ref_NZ_: 1 total alignments. 1 total regions.
		Region: 1 to 62353 (62353 bp)
			START in gap: 1 to 42063 (42062 bp)
			Align 1: 42063 42151 NODE_4634_length_3529_cov_3.08031_ID_9267 3528 3440
			END in gap: 42151 to 62353 (20202 bp)

	Reference Eubacterium_ventriosum_gi_211596815_ref_NZ_: 4 total alignments. 1 total regions.
		Region: 1 to 150936 (150936 bp)
			START in gap: 1 to 56338 (56337 bp)
			Align 1: 56338 56462 NODE_37183_length_539_cov_1.02686_ID_74365 415 539
				Gap between this and next alignment: 56462 to 101227 (44764 bp)
				Next Alignment: 101227 101350 NODE_35820_length_555_cov_0.616_ID_71639 432 555

			Align 2: 101227 101350 NODE_35820_length_555_cov_0.616_ID_71639 432 555
				Gap between this and next alignment: 101350 to 109435 (8084 bp)
				Next Alignment: 109435 109542 NODE_2787_length_5222_cov_1.12773_ID_5573 1428 1321

			Align 3: 109435 109542 NODE_2787_length_5222_cov_1.12773_ID_5573 1428 1321
				Gap between this and next alignment: 109542 to 135695 (26152 bp)
				Next Alignment: 135695 135979 NODE_30451_length_639_cov_0.712329_ID_60901 3 287

			Align 4: 135695 135979 NODE_30451_length_639_cov_0.712329_ID_60901 3 287
			END in gap: 135979 to 150936 (14957 bp)

ERROR: Reference Eubacterium_ventriosum_gi_211596818_ref_NZ_ does not have any alignments!  Check that this is the same file used for alignment.
ERROR: Alignment Reference Headers: ['Eubacterium_ventriosum_gi_211596829_ref_NZ_', 'Eubacterium_ventriosum_gi_211596827_ref_NZ_', 'Eubacterium_ventriosum_gi_211596831_ref_NZ_', 'Eubacterium_ventriosum_gi_211596808_ref_NZ_', 'Eubacterium_ventriosum_gi_211596816_ref_NZ_', 'Eubacterium_ventriosum_gi_211596814_ref_NZ_', 'Eubacterium_ventriosum_gi_211596826_ref_NZ_', 'Eubacterium_ventriosum_gi_211596823_ref_NZ_', 'Eubacterium_ventriosum_gi_211596828_ref_NZ_', 'Eubacterium_ventriosum_gi_211596830_ref_NZ_', 'Eubacterium_ventriosum_gi_211596817_ref_NZ_', 'Eubacterium_ventriosum_gi_211596832_ref_NZ_', 'Eubacterium_ventriosum_gi_211596815_ref_NZ_', 'Eubacterium_ventriosum_gi_211596824_ref_NZ_', 'Eubacterium_ventriosum_gi_211596811_ref_NZ_']
ERROR: Reference Eubacterium_ventriosum_gi_211596822_ref_NZ_ does not have any alignments!  Check that this is the same file used for alignment.
ERROR: Alignment Reference Headers: ['Eubacterium_ventriosum_gi_211596829_ref_NZ_', 'Eubacterium_ventriosum_gi_211596827_ref_NZ_', 'Eubacterium_ventriosum_gi_211596831_ref_NZ_', 'Eubacterium_ventriosum_gi_211596808_ref_NZ_', 'Eubacterium_ventriosum_gi_211596816_ref_NZ_', 'Eubacterium_ventriosum_gi_211596814_ref_NZ_', 'Eubacterium_ventriosum_gi_211596826_ref_NZ_', 'Eubacterium_ventriosum_gi_211596823_ref_NZ_', 'Eubacterium_ventriosum_gi_211596828_ref_NZ_', 'Eubacterium_ventriosum_gi_211596830_ref_NZ_', 'Eubacterium_ventriosum_gi_211596817_ref_NZ_', 'Eubacterium_ventriosum_gi_211596832_ref_NZ_', 'Eubacterium_ventriosum_gi_211596815_ref_NZ_', 'Eubacterium_ventriosum_gi_211596824_ref_NZ_', 'Eubacterium_ventriosum_gi_211596811_ref_NZ_']
ERROR: Reference Eubacterium_ventriosum_gi_211596820_ref_NZ_ does not have any alignments!  Check that this is the same file used for alignment.
ERROR: Alignment Reference Headers: ['Eubacterium_ventriosum_gi_211596829_ref_NZ_', 'Eubacterium_ventriosum_gi_211596827_ref_NZ_', 'Eubacterium_ventriosum_gi_211596831_ref_NZ_', 'Eubacterium_ventriosum_gi_211596808_ref_NZ_', 'Eubacterium_ventriosum_gi_211596816_ref_NZ_', 'Eubacterium_ventriosum_gi_211596814_ref_NZ_', 'Eubacterium_ventriosum_gi_211596826_ref_NZ_', 'Eubacterium_ventriosum_gi_211596823_ref_NZ_', 'Eubacterium_ventriosum_gi_211596828_ref_NZ_', 'Eubacterium_ventriosum_gi_211596830_ref_NZ_', 'Eubacterium_ventriosum_gi_211596817_ref_NZ_', 'Eubacterium_ventriosum_gi_211596832_ref_NZ_', 'Eubacterium_ventriosum_gi_211596815_ref_NZ_', 'Eubacterium_ventriosum_gi_211596824_ref_NZ_', 'Eubacterium_ventriosum_gi_211596811_ref_NZ_']
	Reference Eubacterium_ventriosum_gi_211596808_ref_NZ_: 1 total alignments. 1 total regions.
		Region: 1 to 5922 (5922 bp)
			START in gap: 1 to 5831 (5830 bp)
			Align 1: 5831 5911 NODE_10798_length_1722_cov_27.3995_ID_21595 497 414
			END in gap: 5911 to 5922 (11 bp)

	Reference Eubacterium_ventriosum_gi_211596816_ref_NZ_: 11 total alignments. 1 total regions.
		Region: 1 to 457499 (457499 bp)
			START in gap: 1 to 89293 (89292 bp)
			Align 1: 89293 90367 NODE_17822_length_1076_cov_3.77277_ID_35643 1 1076
				Gap between this and next alignment: 90367 to 97978 (7610 bp)
				Next Alignment: 97978 98072 NODE_35348_length_562_cov_7.36095_ID_70695 410 504

			Align 2: 97978 98072 NODE_35348_length_562_cov_7.36095_ID_70695 410 504
				Negative gap (overlap) between this and next alignment: 98072 to 97985 (-87 bp)
				Next Alignment: 97985 98366 NODE_2713_length_5332_cov_2.78416_ID_5425 1381 1001

			Previous gap was negative, modifying coordinates to ignore overlap
				Moving contig start from 1381 to 1293.
			Align 3: 98073 98366 NODE_2713_length_5332_cov_2.78416_ID_5425 1293 1001
				Gap between this and next alignment: 98366 to 101202 (2835 bp)
				Next Alignment: 101202 102069 NODE_2713_length_5332_cov_2.78416_ID_5425 864 1

			Align 4: 101202 102069 NODE_2713_length_5332_cov_2.78416_ID_5425 864 1
				The next alignment (101361 101564 NODE_1993_length_6731_cov_2.87103_ID_3985 1 203) is redundant. Skipping.
				Negative gap (overlap) between this and next alignment: 102069 to 102015 (-54 bp)
				Next Alignment: 102015 106385 NODE_94_length_60890_cov_6.25817_ID_187 4371 1

			Previous gap was negative, modifying coordinates to ignore overlap
				Moving contig start from 4371 to 4316.
			Align 6: 102070 106385 NODE_94_length_60890_cov_6.25817_ID_187 4316 1
				Gap between this and next alignment: 106385 to 116964 (10578 bp)
				Next Alignment: 116964 117904 NODE_20490_length_938_cov_0.90034_ID_40979 1 938

			Align 7: 116964 117904 NODE_20490_length_938_cov_0.90034_ID_40979 1 938
				Gap between this and next alignment: 117904 to 119070 (1165 bp)
				Next Alignment: 119070 120418 NODE_14032_length_1350_cov_27.3552_ID_28063 1350 1

			Align 8: 119070 120418 NODE_14032_length_1350_cov_27.3552_ID_28063 1350 1
				Gap between this and next alignment: 120418 to 122189 (1770 bp)
				Next Alignment: 122189 123104 NODE_21060_length_916_cov_8.27642_ID_42119 916 1

			Align 9: 122189 123104 NODE_21060_length_916_cov_8.27642_ID_42119 916 1
				Gap between this and next alignment: 123104 to 296512 (173407 bp)
				Next Alignment: 296512 297942 NODE_13174_length_1431_cov_1.05378_ID_26347 1 1431

			Align 10: 296512 297942 NODE_13174_length_1431_cov_1.05378_ID_26347 1 1431
				Gap between this and next alignment: 297942 to 444366 (146423 bp)
				Next Alignment: 444366 446391 NODE_9031_length_2027_cov_29.7865_ID_18061 1 2027

			Align 11: 444366 446391 NODE_9031_length_2027_cov_29.7865_ID_18061 1 2027
			END in gap: 446391 to 457499 (11108 bp)

	Reference Eubacterium_ventriosum_gi_211596814_ref_NZ_: 20 total alignments. 1 total regions.
		Region: 1 to 72687 (72687 bp)
			START in gap: 1 to 7954 (7953 bp)
			Align 1: 7954 8465 NODE_23585_length_824_cov_1.09883_ID_47169 697 186
				Next Alignment: 8466 9888 NODE_11830_length_1577_cov_1.17937_ID_23659 1577 152

			Align 2: 8466 9888 NODE_11830_length_1577_cov_1.17937_ID_23659 1577 152
				Gap between this and next alignment: 9888 to 10210 (321 bp)
				Next Alignment: 10210 10865 NODE_2758_length_5270_cov_1.21572_ID_5515 62 718

			Align 3: 10210 10865 NODE_2758_length_5270_cov_1.21572_ID_5515 62 718
				Gap between this and next alignment: 10865 to 11006 (140 bp)
				Next Alignment: 11006 11691 NODE_2758_length_5270_cov_1.21572_ID_5515 861 1547

			Align 4: 11006 11691 NODE_2758_length_5270_cov_1.21572_ID_5515 861 1547
				Gap between this and next alignment: 11691 to 13080 (1388 bp)
				Next Alignment: 13080 15872 NODE_2758_length_5270_cov_1.21572_ID_5515 2478 5270

			Align 5: 13080 15872 NODE_2758_length_5270_cov_1.21572_ID_5515 2478 5270
				Gap between this and next alignment: 15872 to 16125 (252 bp)
				Next Alignment: 16125 16685 NODE_3171_length_4734_cov_1.11135_ID_6341 4146 4707

			Align 6: 16125 16685 NODE_3171_length_4734_cov_1.11135_ID_6341 4146 4707
				Gap between this and next alignment: 16685 to 17010 (324 bp)
				Next Alignment: 17010 29621 NODE_961_length_12637_cov_1.27261_ID_1921 12625 1

			Align 7: 17010 29621 NODE_961_length_12637_cov_1.27261_ID_1921 12625 1
				Gap between this and next alignment: 29621 to 29883 (261 bp)
				Next Alignment: 29883 31000 NODE_17134_length_1118_cov_1.47601_ID_34267 1118 1

			Align 8: 29883 31000 NODE_17134_length_1118_cov_1.47601_ID_34267 1118 1
				Gap between this and next alignment: 31000 to 31569 (568 bp)
				Next Alignment: 31569 33979 NODE_7370_length_2410_cov_1.05435_ID_14739 1 2410

			Align 9: 31569 33979 NODE_7370_length_2410_cov_1.05435_ID_14739 1 2410
				Gap between this and next alignment: 33979 to 34214 (234 bp)
				Next Alignment: 34214 34626 NODE_5668_length_3010_cov_1.01286_ID_11335 3010 2598

			Align 10: 34214 34626 NODE_5668_length_3010_cov_1.01286_ID_11335 3010 2598
				Gap between this and next alignment: 34626 to 37425 (2798 bp)
				Next Alignment: 37425 40892 NODE_4664_length_3509_cov_1.29936_ID_9327 1 3509

			Align 11: 37425 40892 NODE_4664_length_3509_cov_1.29936_ID_9327 1 3509
				Gap between this and next alignment: 40892 to 41511 (618 bp)
				Next Alignment: 41511 42354 NODE_23003_length_844_cov_1.45754_ID_46005 1 844

			Align 12: 41511 42354 NODE_23003_length_844_cov_1.45754_ID_46005 1 844
				Gap between this and next alignment: 42354 to 42779 (424 bp)
				Next Alignment: 42779 44312 NODE_7582_length_2348_cov_0.895334_ID_15163 2142 608

			Align 13: 42779 44312 NODE_7582_length_2348_cov_0.895334_ID_15163 2142 608
				Gap between this and next alignment: 44312 to 44808 (495 bp)
				Next Alignment: 44808 45831 NODE_3476_length_4415_cov_1.44427_ID_6951 1 1024

			Align 14: 44808 45831 NODE_3476_length_4415_cov_1.44427_ID_6951 1 1024
				Gap between this and next alignment: 45831 to 45962 (130 bp)
				Next Alignment: 45962 46914 NODE_3476_length_4415_cov_1.44427_ID_6951 1044 1995

			Align 15: 45962 46914 NODE_3476_length_4415_cov_1.44427_ID_6951 1044 1995
				Gap between this and next alignment: 46914 to 47048 (133 bp)
				Next Alignment: 47048 48945 NODE_3476_length_4415_cov_1.44427_ID_6951 2135 4032

			Align 16: 47048 48945 NODE_3476_length_4415_cov_1.44427_ID_6951 2135 4032
				Gap between this and next alignment: 48945 to 49269 (323 bp)
				Next Alignment: 49269 49583 NODE_3476_length_4415_cov_1.44427_ID_6951 4101 4415

			Align 17: 49269 49583 NODE_3476_length_4415_cov_1.44427_ID_6951 4101 4415
				Gap between this and next alignment: 49583 to 49647 (63 bp)
				Next Alignment: 49647 50449 NODE_3171_length_4734_cov_1.11135_ID_6341 1073 1875

			Align 18: 49647 50449 NODE_3171_length_4734_cov_1.11135_ID_6341 1073 1875
				Gap between this and next alignment: 50449 to 50541 (91 bp)
				Next Alignment: 50541 52715 NODE_3171_length_4734_cov_1.11135_ID_6341 1970 4145

			Align 19: 50541 52715 NODE_3171_length_4734_cov_1.11135_ID_6341 1970 4145
				Gap between this and next alignment: 52715 to 53657 (941 bp)
				Next Alignment: 53657 54331 NODE_25601_length_756_cov_1.43081_ID_51201 737 66

			Align 20: 53657 54331 NODE_25601_length_756_cov_1.43081_ID_51201 737 66
			END in gap: 54331 to 72687 (18356 bp)

ERROR: Reference Eubacterium_ventriosum_gi_211596819_ref_NZ_ does not have any alignments!  Check that this is the same file used for alignment.
ERROR: Alignment Reference Headers: ['Eubacterium_ventriosum_gi_211596829_ref_NZ_', 'Eubacterium_ventriosum_gi_211596827_ref_NZ_', 'Eubacterium_ventriosum_gi_211596831_ref_NZ_', 'Eubacterium_ventriosum_gi_211596808_ref_NZ_', 'Eubacterium_ventriosum_gi_211596816_ref_NZ_', 'Eubacterium_ventriosum_gi_211596814_ref_NZ_', 'Eubacterium_ventriosum_gi_211596826_ref_NZ_', 'Eubacterium_ventriosum_gi_211596823_ref_NZ_', 'Eubacterium_ventriosum_gi_211596828_ref_NZ_', 'Eubacterium_ventriosum_gi_211596830_ref_NZ_', 'Eubacterium_ventriosum_gi_211596817_ref_NZ_', 'Eubacterium_ventriosum_gi_211596832_ref_NZ_', 'Eubacterium_ventriosum_gi_211596815_ref_NZ_', 'Eubacterium_ventriosum_gi_211596824_ref_NZ_', 'Eubacterium_ventriosum_gi_211596811_ref_NZ_']
ERROR: Reference Eubacterium_ventriosum_gi_211596809_ref_NZ_ does not have any alignments!  Check that this is the same file used for alignment.
ERROR: Alignment Reference Headers: ['Eubacterium_ventriosum_gi_211596829_ref_NZ_', 'Eubacterium_ventriosum_gi_211596827_ref_NZ_', 'Eubacterium_ventriosum_gi_211596831_ref_NZ_', 'Eubacterium_ventriosum_gi_211596808_ref_NZ_', 'Eubacterium_ventriosum_gi_211596816_ref_NZ_', 'Eubacterium_ventriosum_gi_211596814_ref_NZ_', 'Eubacterium_ventriosum_gi_211596826_ref_NZ_', 'Eubacterium_ventriosum_gi_211596823_ref_NZ_', 'Eubacterium_ventriosum_gi_211596828_ref_NZ_', 'Eubacterium_ventriosum_gi_211596830_ref_NZ_', 'Eubacterium_ventriosum_gi_211596817_ref_NZ_', 'Eubacterium_ventriosum_gi_211596832_ref_NZ_', 'Eubacterium_ventriosum_gi_211596815_ref_NZ_', 'Eubacterium_ventriosum_gi_211596824_ref_NZ_', 'Eubacterium_ventriosum_gi_211596811_ref_NZ_']
	Reference Eubacterium_ventriosum_gi_211596811_ref_NZ_: 3 total alignments. 1 total regions.
		Region: 1 to 309531 (309531 bp)
			START in gap: 1 to 101121 (101120 bp)
			Align 1: 101121 101195 NODE_3055_length_4857_cov_1.21783_ID_6109 2955 3030
				Gap between this and next alignment: 101195 to 275381 (174185 bp)
				Next Alignment: 275381 279564 NODE_40_length_85969_cov_7.38487_ID_79 83962 79779

			Align 2: 275381 279564 NODE_40_length_85969_cov_7.38487_ID_79 83962 79779
				Negative gap (overlap) between this and next alignment: 279564 to 279561 (-3 bp)
				Next Alignment: 279561 279908 NODE_40_length_85969_cov_7.38487_ID_79 18015 17668

			Previous gap was negative, modifying coordinates to ignore overlap
				Moving contig start from 18015 to 18011.
			Align 3: 279565 279908 NODE_40_length_85969_cov_7.38487_ID_79 18011 17668
			END in gap: 279908 to 309531 (29623 bp)

ERROR: Reference Eubacterium_ventriosum_gi_211596825_ref_NZ_ does not have any alignments!  Check that this is the same file used for alignment.
ERROR: Alignment Reference Headers: ['Eubacterium_ventriosum_gi_211596829_ref_NZ_', 'Eubacterium_ventriosum_gi_211596827_ref_NZ_', 'Eubacterium_ventriosum_gi_211596831_ref_NZ_', 'Eubacterium_ventriosum_gi_211596808_ref_NZ_', 'Eubacterium_ventriosum_gi_211596816_ref_NZ_', 'Eubacterium_ventriosum_gi_211596814_ref_NZ_', 'Eubacterium_ventriosum_gi_211596826_ref_NZ_', 'Eubacterium_ventriosum_gi_211596823_ref_NZ_', 'Eubacterium_ventriosum_gi_211596828_ref_NZ_', 'Eubacterium_ventriosum_gi_211596830_ref_NZ_', 'Eubacterium_ventriosum_gi_211596817_ref_NZ_', 'Eubacterium_ventriosum_gi_211596832_ref_NZ_', 'Eubacterium_ventriosum_gi_211596815_ref_NZ_', 'Eubacterium_ventriosum_gi_211596824_ref_NZ_', 'Eubacterium_ventriosum_gi_211596811_ref_NZ_']
ERROR: Reference Eubacterium_ventriosum_gi_211596812_ref_NZ_ does not have any alignments!  Check that this is the same file used for alignment.
ERROR: Alignment Reference Headers: ['Eubacterium_ventriosum_gi_211596829_ref_NZ_', 'Eubacterium_ventriosum_gi_211596827_ref_NZ_', 'Eubacterium_ventriosum_gi_211596831_ref_NZ_', 'Eubacterium_ventriosum_gi_211596808_ref_NZ_', 'Eubacterium_ventriosum_gi_211596816_ref_NZ_', 'Eubacterium_ventriosum_gi_211596814_ref_NZ_', 'Eubacterium_ventriosum_gi_211596826_ref_NZ_', 'Eubacterium_ventriosum_gi_211596823_ref_NZ_', 'Eubacterium_ventriosum_gi_211596828_ref_NZ_', 'Eubacterium_ventriosum_gi_211596830_ref_NZ_', 'Eubacterium_ventriosum_gi_211596817_ref_NZ_', 'Eubacterium_ventriosum_gi_211596832_ref_NZ_', 'Eubacterium_ventriosum_gi_211596815_ref_NZ_', 'Eubacterium_ventriosum_gi_211596824_ref_NZ_', 'Eubacterium_ventriosum_gi_211596811_ref_NZ_']
	Reference Eubacterium_ventriosum_gi_211596826_ref_NZ_: 2 total alignments. 1 total regions.
		Region: 1 to 46207 (46207 bp)
			START in gap: 1 to 45123 (45122 bp)
			Align 1: 45123 45208 NODE_211_length_38848_cov_6.93749_ID_421 2011 2096
				Gap between this and next alignment: 45208 to 45477 (268 bp)
				Next Alignment: 45477 45552 NODE_11509_length_1618_cov_2.66219_ID_23017 1534 1459

			Align 2: 45477 45552 NODE_11509_length_1618_cov_2.66219_ID_23017 1534 1459
			END in gap: 45552 to 46207 (655 bp)

ERROR: Reference Eubacterium_ventriosum_gi_211596834_ref_NZ_ does not have any alignments!  Check that this is the same file used for alignment.
ERROR: Alignment Reference Headers: ['Eubacterium_ventriosum_gi_211596829_ref_NZ_', 'Eubacterium_ventriosum_gi_211596827_ref_NZ_', 'Eubacterium_ventriosum_gi_211596831_ref_NZ_', 'Eubacterium_ventriosum_gi_211596808_ref_NZ_', 'Eubacterium_ventriosum_gi_211596816_ref_NZ_', 'Eubacterium_ventriosum_gi_211596814_ref_NZ_', 'Eubacterium_ventriosum_gi_211596826_ref_NZ_', 'Eubacterium_ventriosum_gi_211596823_ref_NZ_', 'Eubacterium_ventriosum_gi_211596828_ref_NZ_', 'Eubacterium_ventriosum_gi_211596830_ref_NZ_', 'Eubacterium_ventriosum_gi_211596817_ref_NZ_', 'Eubacterium_ventriosum_gi_211596832_ref_NZ_', 'Eubacterium_ventriosum_gi_211596815_ref_NZ_', 'Eubacterium_ventriosum_gi_211596824_ref_NZ_', 'Eubacterium_ventriosum_gi_211596811_ref_NZ_']
	Reference Eubacterium_ventriosum_gi_211596828_ref_NZ_: 7 total alignments. 1 total regions.
		Region: 1 to 147207 (147207 bp)
			START in gap: 1 to 87961 (87960 bp)
			Align 1: 87961 88548 NODE_33478_length_588_cov_0.851782_ID_66955 588 1
				Gap between this and next alignment: 88548 to 112748 (24199 bp)
				Next Alignment: 112748 113146 NODE_1931_length_6893_cov_1.15458_ID_3861 3846 4244

			Align 2: 112748 113146 NODE_1931_length_6893_cov_1.15458_ID_3861 3846 4244
				Gap between this and next alignment: 113146 to 113273 (126 bp)
				Next Alignment: 113273 113402 NODE_1931_length_6893_cov_1.15458_ID_3861 4369 4498

			Align 3: 113273 113402 NODE_1931_length_6893_cov_1.15458_ID_3861 4369 4498
				Gap between this and next alignment: 113402 to 113536 (133 bp)
				Next Alignment: 113536 114624 NODE_1931_length_6893_cov_1.15458_ID_3861 4749 5837

			Align 4: 113536 114624 NODE_1931_length_6893_cov_1.15458_ID_3861 4749 5837
				Gap between this and next alignment: 114624 to 116467 (1842 bp)
				Next Alignment: 116467 117201 NODE_10512_length_1764_cov_1.055_ID_21023 1031 1764

			Align 5: 116467 117201 NODE_10512_length_1764_cov_1.055_ID_21023 1031 1764
				Gap between this and next alignment: 117201 to 117429 (227 bp)
				Next Alignment: 117429 117520 NODE_22564_length_860_cov_0.915528_ID_45127 1 92

			Align 6: 117429 117520 NODE_22564_length_860_cov_0.915528_ID_45127 1 92
				Gap between this and next alignment: 117520 to 138543 (21022 bp)
				Next Alignment: 138543 138636 NODE_8622_length_2104_cov_1.87945_ID_17243 1803 1896

			Align 7: 138543 138636 NODE_8622_length_2104_cov_1.87945_ID_17243 1803 1896
			END in gap: 138636 to 147207 (8571 bp)

	Reference Eubacterium_ventriosum_gi_211596831_ref_NZ_: 7 total alignments. 1 total regions.
		Region: 1 to 247920 (247920 bp)
			START in gap: 1 to 42341 (42340 bp)
			Align 1: 42341 42508 NODE_32345_length_605_cov_0.794545_ID_64689 423 590
				Gap between this and next alignment: 42508 to 142091 (99582 bp)
				Next Alignment: 142091 143245 NODE_163_length_45766_cov_3.60042_ID_325 39151 37996

			Align 2: 142091 143245 NODE_163_length_45766_cov_3.60042_ID_325 39151 37996
				Gap between this and next alignment: 143245 to 143635 (389 bp)
				Next Alignment: 143635 144463 NODE_113_length_57182_cov_10.214_ID_225 1218 2061

			Align 3: 143635 144463 NODE_113_length_57182_cov_10.214_ID_225 1218 2061
				Gap between this and next alignment: 144463 to 144696 (232 bp)
				Next Alignment: 144696 145130 NODE_163_length_45766_cov_3.60042_ID_325 45747 45313

			Align 4: 144696 145130 NODE_163_length_45766_cov_3.60042_ID_325 45747 45313
				Gap between this and next alignment: 145130 to 204329 (59198 bp)
				Next Alignment: 204329 204579 NODE_30793_length_633_cov_0.738754_ID_61585 633 383

			Align 5: 204329 204579 NODE_30793_length_633_cov_0.738754_ID_61585 633 383
				Gap between this and next alignment: 204579 to 221441 (16861 bp)
				Next Alignment: 221441 221755 NODE_5523_length_3066_cov_1.21754_ID_11045 2412 2099

			Align 6: 221441 221755 NODE_5523_length_3066_cov_1.21754_ID_11045 2412 2099
				Gap between this and next alignment: 221755 to 223996 (2240 bp)
				Next Alignment: 223996 224103 NODE_1034_length_11893_cov_5.48201_ID_2067 3745 3852

			Align 7: 223996 224103 NODE_1034_length_11893_cov_5.48201_ID_2067 3745 3852
			END in gap: 224103 to 247920 (23817 bp)

ERROR: Reference Eubacterium_ventriosum_gi_211596833_ref_NZ_ does not have any alignments!  Check that this is the same file used for alignment.
ERROR: Alignment Reference Headers: ['Eubacterium_ventriosum_gi_211596829_ref_NZ_', 'Eubacterium_ventriosum_gi_211596827_ref_NZ_', 'Eubacterium_ventriosum_gi_211596831_ref_NZ_', 'Eubacterium_ventriosum_gi_211596808_ref_NZ_', 'Eubacterium_ventriosum_gi_211596816_ref_NZ_', 'Eubacterium_ventriosum_gi_211596814_ref_NZ_', 'Eubacterium_ventriosum_gi_211596826_ref_NZ_', 'Eubacterium_ventriosum_gi_211596823_ref_NZ_', 'Eubacterium_ventriosum_gi_211596828_ref_NZ_', 'Eubacterium_ventriosum_gi_211596830_ref_NZ_', 'Eubacterium_ventriosum_gi_211596817_ref_NZ_', 'Eubacterium_ventriosum_gi_211596832_ref_NZ_', 'Eubacterium_ventriosum_gi_211596815_ref_NZ_', 'Eubacterium_ventriosum_gi_211596824_ref_NZ_', 'Eubacterium_ventriosum_gi_211596811_ref_NZ_']
	Reference Eubacterium_ventriosum_gi_211596829_ref_NZ_: 4 total alignments. 1 total regions.
		Region: 1 to 153405 (153405 bp)
			START in gap: 1 to 2079 (2078 bp)
			Align 1: 2079 4565 NODE_7096_length_2491_cov_1.75903_ID_14191 1 2491
				Gap between this and next alignment: 4565 to 6767 (2201 bp)
				Next Alignment: 6767 7969 NODE_15805_length_1203_cov_1.97735_ID_31609 1 1203

			Align 2: 6767 7969 NODE_15805_length_1203_cov_1.97735_ID_31609 1 1203
				Gap between this and next alignment: 7969 to 62139 (54169 bp)
				Next Alignment: 62139 62279 NODE_5748_length_2979_cov_1.17476_ID_11495 2979 2839

			Align 3: 62139 62279 NODE_5748_length_2979_cov_1.17476_ID_11495 2979 2839
				Gap between this and next alignment: 62279 to 117689 (55409 bp)
				Next Alignment: 117689 117822 NODE_9403_length_1958_cov_0.863374_ID_18805 1958 1826

			Align 4: 117689 117822 NODE_9403_length_1958_cov_0.863374_ID_18805 1958 1826
			END in gap: 117822 to 153405 (35583 bp)

	Reference Eubacterium_ventriosum_gi_211596823_ref_NZ_: 3 total alignments. 1 total regions.
		Region: 1 to 19651 (19651 bp)
			START in gap: 1 to 1999 (1998 bp)
			Align 1: 1999 2135 NODE_689_length_16865_cov_4.04099_ID_1377 137 1
				Gap between this and next alignment: 2135 to 2926 (790 bp)
				Next Alignment: 2926 3738 NODE_676_length_17026_cov_6.31607_ID_1351 10649 11463

			Align 2: 2926 3738 NODE_676_length_17026_cov_6.31607_ID_1351 10649 11463
				Negative gap (overlap) between this and next alignment: 3738 to 3737 (-1 bp)
				Next Alignment: 3737 4027 NODE_35348_length_562_cov_7.36095_ID_70695 409 119

			Previous gap was negative, modifying coordinates to ignore overlap
				Moving contig start from 409 to 407.
			Align 3: 3739 4027 NODE_35348_length_562_cov_7.36095_ID_70695 407 119
			END in gap: 4027 to 19651 (15624 bp)

ERROR: Reference Eubacterium_ventriosum_gi_211596821_ref_NZ_ does not have any alignments!  Check that this is the same file used for alignment.
ERROR: Alignment Reference Headers: ['Eubacterium_ventriosum_gi_211596829_ref_NZ_', 'Eubacterium_ventriosum_gi_211596827_ref_NZ_', 'Eubacterium_ventriosum_gi_211596831_ref_NZ_', 'Eubacterium_ventriosum_gi_211596808_ref_NZ_', 'Eubacterium_ventriosum_gi_211596816_ref_NZ_', 'Eubacterium_ventriosum_gi_211596814_ref_NZ_', 'Eubacterium_ventriosum_gi_211596826_ref_NZ_', 'Eubacterium_ventriosum_gi_211596823_ref_NZ_', 'Eubacterium_ventriosum_gi_211596828_ref_NZ_', 'Eubacterium_ventriosum_gi_211596830_ref_NZ_', 'Eubacterium_ventriosum_gi_211596817_ref_NZ_', 'Eubacterium_ventriosum_gi_211596832_ref_NZ_', 'Eubacterium_ventriosum_gi_211596815_ref_NZ_', 'Eubacterium_ventriosum_gi_211596824_ref_NZ_', 'Eubacterium_ventriosum_gi_211596811_ref_NZ_']
	Reference Eubacterium_ventriosum_gi_211596830_ref_NZ_: 1 total alignments. 1 total regions.
		Region: 1 to 227161 (227161 bp)
			START in gap: 1 to 90895 (90894 bp)
			Align 1: 90895 91016 NODE_39265_length_514_cov_0.540305_ID_78529 102 224
			END in gap: 91016 to 227161 (136145 bp)

	Reference Eubacterium_ventriosum_gi_211596832_ref_NZ_: 2 total alignments. 1 total regions.
		Region: 1 to 380853 (380853 bp)
			START in gap: 1 to 11592 (11591 bp)
			Align 1: 11592 11672 NODE_15897_length_1197_cov_1.05079_ID_31793 1118 1197
				Gap between this and next alignment: 11672 to 232430 (220757 bp)
				Next Alignment: 232430 232566 NODE_28126_length_689_cov_0.635647_ID_56251 137 1

			Align 2: 232430 232566 NODE_28126_length_689_cov_0.635647_ID_56251 137 1
			END in gap: 232566 to 380853 (148287 bp)

	Reference Eubacterium_ventriosum_gi_211596824_ref_NZ_: 1 total alignments. 1 total regions.
		Region: 1 to 45109 (45109 bp)
			START in gap: 1 to 43629 (43628 bp)
			Align 1: 43629 43797 NODE_15794_length_1203_cov_0.720383_ID_31587 1203 1035
			END in gap: 43797 to 45109 (1312 bp)

ERROR: Reference Eubacterium_ventriosum_gi_211596810_ref_NZ_ does not have any alignments!  Check that this is the same file used for alignment.
ERROR: Alignment Reference Headers: ['Eubacterium_ventriosum_gi_211596829_ref_NZ_', 'Eubacterium_ventriosum_gi_211596827_ref_NZ_', 'Eubacterium_ventriosum_gi_211596831_ref_NZ_', 'Eubacterium_ventriosum_gi_211596808_ref_NZ_', 'Eubacterium_ventriosum_gi_211596816_ref_NZ_', 'Eubacterium_ventriosum_gi_211596814_ref_NZ_', 'Eubacterium_ventriosum_gi_211596826_ref_NZ_', 'Eubacterium_ventriosum_gi_211596823_ref_NZ_', 'Eubacterium_ventriosum_gi_211596828_ref_NZ_', 'Eubacterium_ventriosum_gi_211596830_ref_NZ_', 'Eubacterium_ventriosum_gi_211596817_ref_NZ_', 'Eubacterium_ventriosum_gi_211596832_ref_NZ_', 'Eubacterium_ventriosum_gi_211596815_ref_NZ_', 'Eubacterium_ventriosum_gi_211596824_ref_NZ_', 'Eubacterium_ventriosum_gi_211596811_ref_NZ_']
Analysis is finished!
Founded SNPs were written into /Molly/gurevich/MetaQUAST/res_final/res_metahit_final/runs_per_reference/Eubacterium_ventriosum/contigs_reports/nucmer_output/SPAdes.used_snps

Results:
	Local Misassemblies: 4
	Misassemblies: 2
		Relocations: 1
		Translocations: 1
		Inversions: 0
	Fake misassemblies matched with structural variations: 0
	Misassembled Contigs: 2
	Misassembled Contig Bases: 5296
	Misassemblies Inter-Contig Overlap: 0
Uncovered Regions: 0 (0)
Unaligned Contigs: 0 + 39 part
Partially Unaligned Contigs with Misassemblies: 4
Unaligned Contig Bases: 378395

Ambiguously Mapped Contigs: 1
Total Bases in Ambiguously Mapped Contigs: 1431
Note that --allow-ambiguity option was set to "one" and only first alignment per each contig was used.

	Covered Bases: 79727

	SNPs: 1473
	Insertions: 128
	Deletions: 23

	Positive Gaps: 92
		Internal Gaps:  11
		External Gaps:  81
		External Gap Total:  2532744
		External Gap Average: 31268
	Negative Gaps: 5
		Internal Overlaps:  1
		External Overlaps:  4
		External Overlaps Total: -172
		External Overlaps Average: -43
	Contigs with Redundant Alignments: 1 (204)
