/home/gurevich/rep/quast/quast.pyc -t 16 -j  --meta  --bed-file /Molly/gurevich/MetaQUAST/res_final/res_metahit_final/combined_reference/structural_variations/combined_reference.bed --no-check-meta  --contig-thresholds 1000,5000,10000,25000,50000 -R /Molly/gurevich/MetaQUAST/res_final/res_metahit_final/quast_corrected_input/Bacteroides_cellulosilyticus.fasta -o /Molly/gurevich/MetaQUAST/res_final/res_metahit_final/runs_per_reference/Bacteroides_cellulosilyticus --labels "IDBA_UD, Ray, SOAPdenovo2, SPAdes" /Molly/gurevich/MetaQUAST/res_final/res_metahit_final/quast_corrected_input/IDBA_UD_to_Bacteroides_cellulosilyticus.fasta /Molly/gurevich/MetaQUAST/res_final/res_metahit_final/quast_corrected_input/Ray_to_Bacteroides_cellulosilyticus.fasta /Molly/gurevich/MetaQUAST/res_final/res_metahit_final/quast_corrected_input/SOAPdenovo2_to_Bacteroides_cellulosilyticus.fasta /Molly/gurevich/MetaQUAST/res_final/res_metahit_final/quast_corrected_input/SPAdes_to_Bacteroides_cellulosilyticus.fasta

Started: 2015-11-09 20:06:09

Logging to /Molly/gurevich/MetaQUAST/res_final/res_metahit_final/runs_per_reference/Bacteroides_cellulosilyticus/quast.log

NOTICE: Output directory already exists. Existing Nucmer alignments can be used.

Reference:
  /Molly/gurevich/MetaQUAST/res_final/res_metahit_final/quast_corrected_input/Bacteroides_cellulosilyticus.fasta ==> Bacteroides_cellulosilyticus

Contigs:
  1  /Molly/gurevich/MetaQUAST/res_final/res_metahit_final/quast_corrected_input/IDBA_UD_to_Bacteroides_cellulosilyticus.fasta ==> IDBA_UD
  2  /Molly/gurevich/MetaQUAST/res_final/res_metahit_final/quast_corrected_input/Ray_to_Bacteroides_cellulosilyticus.fasta ==> Ray
  3  /Molly/gurevich/MetaQUAST/res_final/res_metahit_final/quast_corrected_input/SOAPdenovo2_to_Bacteroides_cellulosilyticus.fasta ==> SOAPdenovo2
  4  /Molly/gurevich/MetaQUAST/res_final/res_metahit_final/quast_corrected_input/SPAdes_to_Bacteroides_cellulosilyticus.fasta ==> SPAdes

2015-11-09 20:06:10
Running Basic statistics processor...
  Reference genome:
    Bacteroides_cellulosilyticus.fasta, Reference length = 7694202, Reference GC % = 43.05
  Contig files: 
    1  IDBA_UD
    2  Ray
    3  SOAPdenovo2
    4  SPAdes
  Calculating N50 and L50...
    1  IDBA_UD, N50 = 2830, L50 = 11, Total length = 118064, GC % = 44.23, # N's per 100 kbp =  409.95
    2  Ray, N50 = 88128, L50 = 1, Total length = 163447, GC % = 47.78, # N's per 100 kbp =  1119.02
    3  SOAPdenovo2, N50 = 1734, L50 = 21, Total length = 145763, GC % = 47.01, # N's per 100 kbp =  818.45
    4  SPAdes, N50 = 118876, L50 = 1, Total length = 207743, GC % = 46.42, # N's per 100 kbp =  831.32
  Drawing Nx plot...
    saved to /Molly/gurevich/MetaQUAST/res_final/res_metahit_final/runs_per_reference/Bacteroides_cellulosilyticus/basic_stats/Nx_plot.pdf
  Drawing NGx plot...
    saved to /Molly/gurevich/MetaQUAST/res_final/res_metahit_final/runs_per_reference/Bacteroides_cellulosilyticus/basic_stats/NGx_plot.pdf
  Drawing cumulative plot...
    saved to /Molly/gurevich/MetaQUAST/res_final/res_metahit_final/runs_per_reference/Bacteroides_cellulosilyticus/basic_stats/cumulative_plot.pdf
  Drawing GC content plot...
    saved to /Molly/gurevich/MetaQUAST/res_final/res_metahit_final/runs_per_reference/Bacteroides_cellulosilyticus/basic_stats/GC_content_plot.pdf
Done.

2015-11-09 20:06:13
Running Contig analyzer...
  1  IDBA_UD
  3  SOAPdenovo2
  4  SPAdes
  1  Logging to files /Molly/gurevich/MetaQUAST/res_final/res_metahit_final/runs_per_reference/Bacteroides_cellulosilyticus/contigs_reports/contigs_report_IDBA_UD.stdout and contigs_report_IDBA_UD.stderr...
  4  Logging to files /Molly/gurevich/MetaQUAST/res_final/res_metahit_final/runs_per_reference/Bacteroides_cellulosilyticus/contigs_reports/contigs_report_SPAdes.stdout and contigs_report_SPAdes.stderr...
  2  Logging to files /Molly/gurevich/MetaQUAST/res_final/res_metahit_final/runs_per_reference/Bacteroides_cellulosilyticus/contigs_reports/contigs_report_Ray.stdout and contigs_report_Ray.stderr...
  3  Logging to files /Molly/gurevich/MetaQUAST/res_final/res_metahit_final/runs_per_reference/Bacteroides_cellulosilyticus/contigs_reports/contigs_report_SOAPdenovo2.stdout and contigs_report_SOAPdenovo2.stderr...
  1  Using existing Nucmer alignments... 
  3  Using existing Nucmer alignments... 
  2  Using existing Nucmer alignments... 
  4  Using existing Nucmer alignments... 
  1  Alignments: runs_per_reference/Bacteroides_cellulosilyticus/contigs_reports/alignments_IDBA_UD.tsv
  1  Analysis is finished.

  4  Alignments: runs_per_reference/Bacteroides_cellulosilyticus/contigs_reports/alignments_SPAdes.tsv
  4  Analysis is finished.

  2  Alignments: runs_per_reference/Bacteroides_cellulosilyticus/contigs_reports/alignments_Ray.tsv
  2  Analysis is finished.

  3  Alignments: runs_per_reference/Bacteroides_cellulosilyticus/contigs_reports/alignments_SOAPdenovo2.tsv
  3  Analysis is finished.

  Creating total report...
    saved to /Molly/gurevich/MetaQUAST/res_final/res_metahit_final/runs_per_reference/Bacteroides_cellulosilyticus/contigs_reports/misassemblies_report.txt, misassemblies_report.tsv, and misassemblies_report.tex
  Transposed version of total report...
    saved to /Molly/gurevich/MetaQUAST/res_final/res_metahit_final/runs_per_reference/Bacteroides_cellulosilyticus/contigs_reports/transposed_report_misassemblies.txt, transposed_report_misassemblies.tsv, and transposed_report_misassemblies.tex
  Creating total report...
    saved to /Molly/gurevich/MetaQUAST/res_final/res_metahit_final/runs_per_reference/Bacteroides_cellulosilyticus/contigs_reports/unaligned_report.txt, unaligned_report.tsv, and unaligned_report.tex
  Drawing misassemblies by types plot...
    saved to /Molly/gurevich/MetaQUAST/res_final/res_metahit_final/runs_per_reference/Bacteroides_cellulosilyticus/contigs_reports/misassemblies_plot.pdf
Done.

2015-11-09 20:06:15
Running NA-NGA calculation...
  1  IDBA_UD, Largest alignment = 11140, NA50 = 1740, LA50 = 15
  2  Ray, Largest alignment = 21366, NA50 = None, LA50 = None
  3  SOAPdenovo2, Largest alignment = 9696, NA50 = 1707, LA50 = 21
  4  SPAdes, Largest alignment = 8310, NA50 = None, LA50 = None
  Drawing cumulative plot...
    saved to /Molly/gurevich/MetaQUAST/res_final/res_metahit_final/runs_per_reference/Bacteroides_cellulosilyticus/aligned_stats/cumulative_plot.pdf
  Drawing NAx plot...
    saved to /Molly/gurevich/MetaQUAST/res_final/res_metahit_final/runs_per_reference/Bacteroides_cellulosilyticus/aligned_stats/NAx_plot.pdf
  Drawing NGAx plot...
    saved to /Molly/gurevich/MetaQUAST/res_final/res_metahit_final/runs_per_reference/Bacteroides_cellulosilyticus/aligned_stats/NGAx_plot.pdf
Done.

2015-11-09 20:06:17
Running Genome analyzer...
  NOTICE: No file with genes provided. Use the -G option if you want to specify it.
  NOTICE: No file with operons provided. Use the -O option if you want to specify it.
  1  IDBA_UD
  2  Ray
  4  SPAdes
  2  Analysis is finished.
  1  Analysis is finished.
  4  Analysis is finished.
  3  Analysis is finished.
  Drawing Genome fraction, % histogram...
    saved to /Molly/gurevich/MetaQUAST/res_final/res_metahit_final/runs_per_reference/Bacteroides_cellulosilyticus/genome_stats/genome_fraction_histogram.pdf
Done.

NOTICE: Genes are not predicted by default. Use --gene-finding option to enable it.

2015-11-09 20:06:20
Drawing large plots...
This may take a while: press Ctrl-C to skip this step..
  1 of 2: Creating contig alignment plot...
  2 of 2: Creating PDF with all tables and plots...
Done

2015-11-09 20:06:24
RESULTS:
  Text versions of total report are saved to /Molly/gurevich/MetaQUAST/res_final/res_metahit_final/runs_per_reference/Bacteroides_cellulosilyticus/report.txt, report.tsv, and report.tex
  Text versions of transposed total report are saved to /Molly/gurevich/MetaQUAST/res_final/res_metahit_final/runs_per_reference/Bacteroides_cellulosilyticus/transposed_report.txt, transposed_report.tsv, and transposed_report.tex
  HTML version (interactive tables and plots) saved to /Molly/gurevich/MetaQUAST/res_final/res_metahit_final/runs_per_reference/Bacteroides_cellulosilyticus/report.html
  PDF version (tables and plots) saved to /Molly/gurevich/MetaQUAST/res_final/res_metahit_final/runs_per_reference/Bacteroides_cellulosilyticus/report.pdf
  Contig alignment plot: /Molly/gurevich/MetaQUAST/res_final/res_metahit_final/runs_per_reference/Bacteroides_cellulosilyticus/alignment.svg
