Aligning contigs to reference...
	Running Nucmer
Parsing coords...
Loading reference...
	Loaded [Bacteroides_sp_D1_gi_345651577_ref_NZ_]
	Loaded [Bacteroides_sp_D1_gi_345651578_ref_NZ_]
	Loaded [Bacteroides_sp_D1_gi_345651579_ref_NZ_]
	Loaded [Bacteroides_sp_D1_gi_345651580_ref_NZ_]
	Loaded [Bacteroides_sp_D1_gi_345651581_ref_NZ_]
	Loaded [Bacteroides_sp_D1_gi_345651582_ref_NZ_]
	Loaded [Bacteroides_sp_D1_gi_345651583_ref_NZ_]
	Loaded [Bacteroides_sp_D1_gi_345651584_ref_NZ_]
	Loaded [Bacteroides_sp_D1_gi_345651585_ref_NZ_]
	Loaded [Bacteroides_sp_D1_gi_345651586_ref_NZ_]
	Loaded [Bacteroides_sp_D1_gi_345651587_ref_NZ_]
	Loaded [Bacteroides_sp_D1_gi_345651588_ref_NZ_]
	Loaded [Bacteroides_sp_D1_gi_345651589_ref_NZ_]
	Loaded [Bacteroides_sp_D1_gi_345651590_ref_NZ_]
	Loaded [Bacteroides_sp_D1_gi_345651591_ref_NZ_]
	Loaded [Bacteroides_sp_D1_gi_345651592_ref_NZ_]
	Loaded [Bacteroides_sp_D1_gi_345651593_ref_NZ_]
	Loaded [Bacteroides_sp_D1_gi_345651594_ref_NZ_]
	Loaded [Bacteroides_sp_D1_gi_345651595_ref_NZ_]
	Loaded [Bacteroides_sp_D1_gi_345651596_ref_NZ_]
	Loaded [Bacteroides_sp_D1_gi_345651597_ref_NZ_]
	Loaded [Bacteroides_sp_D1_gi_345651598_ref_NZ_]
Loading SNPs...
Loading regions...
	No regions given, using whole reference.
	Total Regions: 22
	Total Region Length: 5974559
Analyzing contigs...
CONTIG: scaffold-2589 (14202bp)
Top Length: 14202  Top ID: 99.94
		One align captures most of this contig: 1099531 1113732 | 1 14202 | 14202 14202 | 99.94 | Bacteroides_sp_D1_gi_345651597_ref_NZ_ scaffold-2589

CONTIG: scaffold-6226 (598bp)
Top Length: 598  Top ID: 100.0
		One align captures most of this contig: 141772 142369 | 1 598 | 598 598 | 100.0 | Bacteroides_sp_D1_gi_345651597_ref_NZ_ scaffold-6226

CONTIG: scaffold-6598 (3346bp)
Top Length: 3346  Top ID: 99.97
		One align captures most of this contig: 1120532 1123877 | 3346 1 | 3346 3346 | 99.97 | Bacteroides_sp_D1_gi_345651597_ref_NZ_ scaffold-6598

CONTIG: scaffold-65181 (580bp)
Top Length: 580  Top ID: 98.62
		One align captures most of this contig: 153058 153637 | 1 580 | 580 580 | 98.62 | Bacteroides_sp_D1_gi_345651597_ref_NZ_ scaffold-65181

CONTIG: scaffold-47 (17196bp)
Top Length: 2689  Top ID: 96.88
		This contig is partially unaligned. (Aligned 2689 out of 17196 bases)
		Alignment: 80997 83687 | 13735 16423 | 2691 2689 | 96.88 | Bacteroides_sp_D1_gi_345651583_ref_NZ_ scaffold-47
		Unaligned bases: 1 to 13734 (13734)
		Unaligned bases: 16424 to 17196 (773)
		This contig has both significant aligned and unaligned parts (of length >= min-contig)! It can contain interspecies translocations

CONTIG: scaffold-9182 (559bp)
Top Length: 559  Top ID: 99.64
		Marking as insignificant: 43337 43620 | 284 1 | 284 284 | 99.65 | Bacteroides_sp_D1_gi_345651582_ref_NZ_ scaffold-9182
		One align captures most of this contig: 29046 29604 | 559 1 | 559 559 | 99.64 | Bacteroides_sp_D1_gi_345651582_ref_NZ_ scaffold-9182

CONTIG: scaffold-3410 (1783bp)
Top Length: 1783  Top ID: 96.41
		One align captures most of this contig: 13163 14945 | 1 1783 | 1783 1783 | 96.41 | Bacteroides_sp_D1_gi_345651590_ref_NZ_ scaffold-3410

CONTIG: scaffold-4262 (1560bp)
Top Length: 1457  Top ID: 100.0
		Skipping redundant alignment 501192 501454 | 1 263 | 263 263 | 100.0 | Bacteroides_sp_D1_gi_345651578_ref_NZ_ scaffold-4262
		Skipping redundant alignment 54436 54696 | 262 1 | 261 262 | 99.62 | Bacteroides_sp_D1_gi_345651585_ref_NZ_ scaffold-4262
		Skipping redundant alignment 1 278 | 1178 1455 | 278 278 | 100.0 | Bacteroides_sp_D1_gi_345651596_ref_NZ_ scaffold-4262
		Skipping redundant alignment 1 254 | 1201 1454 | 254 254 | 100.0 | Bacteroides_sp_D1_gi_345651597_ref_NZ_ scaffold-4262
		Skipping redundant alignment 54136 54335 | 1457 1258 | 200 200 | 100.0 | Bacteroides_sp_D1_gi_345651585_ref_NZ_ scaffold-4262
		Skipping redundant alignment 409035 409134 | 1461 1560 | 100 100 | 100.0 | Bacteroides_sp_D1_gi_345651578_ref_NZ_ scaffold-4262
		Skipping redundant alignment 1050532 1050631 | 1560 1461 | 100 100 | 100.0 | Bacteroides_sp_D1_gi_345651597_ref_NZ_ scaffold-4262
		Skipping redundant alignment 577074 577173 | 1461 1560 | 100 100 | 100.0 | Bacteroides_sp_D1_gi_345651586_ref_NZ_ scaffold-4262
		Skipping redundant alignment 179 278 | 1560 1461 | 100 100 | 100.0 | Bacteroides_sp_D1_gi_345651595_ref_NZ_ scaffold-4262
		Skipping redundant alignment 166597 166696 | 1461 1560 | 100 100 | 100.0 | Bacteroides_sp_D1_gi_345651595_ref_NZ_ scaffold-4262
		Skipping redundant alignment 69131 69230 | 1560 1461 | 100 100 | 100.0 | Bacteroides_sp_D1_gi_345651593_ref_NZ_ scaffold-4262
		Skipping redundant alignment 503684 503783 | 1560 1461 | 100 100 | 99.0 | Bacteroides_sp_D1_gi_345651578_ref_NZ_ scaffold-4262
		Skipping redundant alignment 234403 234502 | 1560 1461 | 100 100 | 99.0 | Bacteroides_sp_D1_gi_345651589_ref_NZ_ scaffold-4262
		This contig is misassembled. 15 total aligns.
			Excluding internal overlap of size 5 between Alignment 1 and 2:  681687 681796 | 1453 1560 | 110 108 --> 681692 681796 | 1458 1560 | 105 103
			Real Alignment 1: 502158 503614 | 1 1457 | 1457 1457 | 100.0 | Bacteroides_sp_D1_gi_345651578_ref_NZ_ scaffold-4262
			  Extensive misassembly ( translocation ) between these two alignments
			Real Alignment 2: 681692 681796 | 1458 1560 | 105 103 | 97.27 | Bacteroides_sp_D1_gi_345651590_ref_NZ_ scaffold-4262

CONTIG: scaffold-5118 (665bp)
Top Length: 665  Top ID: 100.0
		One align captures most of this contig: 383566 384230 | 1 665 | 665 665 | 100.0 | Bacteroides_sp_D1_gi_345651590_ref_NZ_ scaffold-5118

CONTIG: scaffold-6604 (507bp)
Top Length: 507  Top ID: 99.61
		One align captures most of this contig: 384604 385110 | 1 507 | 507 507 | 99.61 | Bacteroides_sp_D1_gi_345651590_ref_NZ_ scaffold-6604

CONTIG: scaffold-6575 (973bp)
Top Length: 973  Top ID: 99.49
		One align captures most of this contig: 91625 92597 | 1 973 | 973 973 | 99.49 | Bacteroides_sp_D1_gi_345651578_ref_NZ_ scaffold-6575

CONTIG: scaffold-7712 (1098bp)
Top Length: 1096  Top ID: 100.0
		Marking as insignificant: 50399 50560 | 1 162 | 162 162 | 100.0 | Bacteroides_sp_D1_gi_345651578_ref_NZ_ scaffold-7712
		Marking as insignificant: 178101 178265 | 165 1 | 165 165 | 99.39 | Bacteroides_sp_D1_gi_345651579_ref_NZ_ scaffold-7712
		Marking as insignificant: 2 172 | 171 1 | 171 171 | 99.42 | Bacteroides_sp_D1_gi_345651584_ref_NZ_ scaffold-7712
		Marking as insignificant: 1133876 1134078 | 1 203 | 203 203 | 99.51 | Bacteroides_sp_D1_gi_345651597_ref_NZ_ scaffold-7712
		Marking as insignificant: 177775 178000 | 1098 874 | 226 225 | 98.67 | Bacteroides_sp_D1_gi_345651579_ref_NZ_ scaffold-7712
		Marking as insignificant: 152193 152416 | 1098 875 | 224 224 | 100.0 | Bacteroides_sp_D1_gi_345651580_ref_NZ_ scaffold-7712
		Marking as insignificant: 140395 140627 | 1098 866 | 233 233 | 100.0 | Bacteroides_sp_D1_gi_345651577_ref_NZ_ scaffold-7712
		Marking as insignificant: 8350 8624 | 824 1098 | 275 275 | 100.0 | Bacteroides_sp_D1_gi_345651595_ref_NZ_ scaffold-7712
		Marking as insignificant: 12106 12386 | 1098 818 | 281 281 | 99.64 | Bacteroides_sp_D1_gi_345651597_ref_NZ_ scaffold-7712
		Marking as insignificant: 225765 226057 | 805 1096 | 293 292 | 99.66 | Bacteroides_sp_D1_gi_345651589_ref_NZ_ scaffold-7712
		Marking as insignificant: 153844 154140 | 881 585 | 297 297 | 100.0 | Bacteroides_sp_D1_gi_345651580_ref_NZ_ scaffold-7712
		Marking as insignificant: 441532 441833 | 797 1098 | 302 302 | 99.34 | Bacteroides_sp_D1_gi_345651591_ref_NZ_ scaffold-7712
		Marking as insignificant: 133017 133338 | 1098 778 | 322 321 | 99.69 | Bacteroides_sp_D1_gi_345651580_ref_NZ_ scaffold-7712
		Marking as insignificant: 687749 688075 | 1098 772 | 327 327 | 100.0 | Bacteroides_sp_D1_gi_345651590_ref_NZ_ scaffold-7712
		One align captures most of this contig: 50747 51842 | 1 1096 | 1096 1096 | 100.0 | Bacteroides_sp_D1_gi_345651578_ref_NZ_ scaffold-7712

CONTIG: scaffold-10949 (650bp)
Top Length: 650  Top ID: 99.23
		One align captures most of this contig: 443078 443727 | 1 650 | 650 650 | 99.23 | Bacteroides_sp_D1_gi_345651578_ref_NZ_ scaffold-10949

CONTIG: scaffold-1698 (3669bp)
Top Length: 574  Top ID: 95.82
		This contig is partially unaligned. (Aligned 574 out of 3669 bases)
		Alignment: 90223 90796 | 574 1 | 574 574 | 95.82 | Bacteroides_sp_D1_gi_345651598_ref_NZ_ scaffold-1698
		Unaligned bases: 575 to 3669 (3095)
		This contig has both significant aligned and unaligned parts (of length >= min-contig)! It can contain interspecies translocations

CONTIG: scaffold-171161 (806bp)
Top Length: 806  Top ID: 96.9
		Marking as insignificant: 93122 93192 | 806 736 | 71 71 | 100.0 | Bacteroides_sp_D1_gi_345651578_ref_NZ_ scaffold-171161
		Marking as insignificant: 1117442 1117546 | 702 806 | 105 105 | 99.05 | Bacteroides_sp_D1_gi_345651597_ref_NZ_ scaffold-171161
		Marking as insignificant: 244802 244953 | 806 655 | 152 152 | 98.68 | Bacteroides_sp_D1_gi_345651595_ref_NZ_ scaffold-171161
		Marking as insignificant: 89836 90018 | 806 624 | 183 183 | 98.91 | Bacteroides_sp_D1_gi_345651598_ref_NZ_ scaffold-171161
		Marking as insignificant: 34851 35034 | 623 806 | 184 184 | 98.91 | Bacteroides_sp_D1_gi_345651592_ref_NZ_ scaffold-171161
		One align captures most of this contig: 90333 91138 | 806 1 | 806 806 | 96.9 | Bacteroides_sp_D1_gi_345651598_ref_NZ_ scaffold-171161

CONTIG: scaffold-5846 (1146bp)
Top Length: 1146  Top ID: 99.83
		One align captures most of this contig: 71401 72546 | 1 1146 | 1146 1146 | 99.83 | Bacteroides_sp_D1_gi_345651580_ref_NZ_ scaffold-5846

CONTIG: scaffold-8122 (1105bp)
Top Length: 1098  Top ID: 99.64
		One align captures most of this contig: 80072 81169 | 1 1098 | 1098 1098 | 99.64 | Bacteroides_sp_D1_gi_345651580_ref_NZ_ scaffold-8122

CONTIG: scaffold-10856 (1661bp)
Top Length: 1661  Top ID: 99.82
		One align captures most of this contig: 72024 73684 | 1 1661 | 1661 1661 | 99.82 | Bacteroides_sp_D1_gi_345651580_ref_NZ_ scaffold-10856

CONTIG: scaffold-26756 (613bp)
Top Length: 613  Top ID: 100.0
		One align captures most of this contig: 68047 68659 | 613 1 | 613 613 | 100.0 | Bacteroides_sp_D1_gi_345651580_ref_NZ_ scaffold-26756

CONTIG: scaffold-44960 (1033bp)
Top Length: 1033  Top ID: 99.81
		One align captures most of this contig: 61478 62510 | 1033 1 | 1033 1033 | 99.81 | Bacteroides_sp_D1_gi_345651580_ref_NZ_ scaffold-44960

CONTIG: scaffold-51784 (1121bp)
Top Length: 1121  Top ID: 99.29
		One align captures most of this contig: 64086 65206 | 1121 1 | 1121 1121 | 99.29 | Bacteroides_sp_D1_gi_345651580_ref_NZ_ scaffold-51784

CONTIG: scaffold-57067 (780bp)
Top Length: 780  Top ID: 99.1
		One align captures most of this contig: 59477 60256 | 1 780 | 780 780 | 99.1 | Bacteroides_sp_D1_gi_345651580_ref_NZ_ scaffold-57067

CONTIG: scaffold-61227 (880bp)
Top Length: 880  Top ID: 98.18
		One align captures most of this contig: 65435 66314 | 880 1 | 880 880 | 98.18 | Bacteroides_sp_D1_gi_345651580_ref_NZ_ scaffold-61227

CONTIG: scaffold-84623 (907bp)
Top Length: 907  Top ID: 99.78
		One align captures most of this contig: 56074 56980 | 1 907 | 907 907 | 99.78 | Bacteroides_sp_D1_gi_345651580_ref_NZ_ scaffold-84623

CONTIG: scaffold-97615 (525bp)
Top Length: 525  Top ID: 100.0
		One align captures most of this contig: 62970 63494 | 1 525 | 525 525 | 100.0 | Bacteroides_sp_D1_gi_345651580_ref_NZ_ scaffold-97615

CONTIG: scaffold-128369 (1088bp)
Top Length: 1088  Top ID: 99.26
		One align captures most of this contig: 54729 55814 | 1088 1 | 1086 1088 | 99.26 | Bacteroides_sp_D1_gi_345651580_ref_NZ_ scaffold-128369

CONTIG: scaffold-195323 (5447bp)
Top Length: 5447  Top ID: 99.96
		One align captures most of this contig: 74174 79620 | 1 5447 | 5447 5447 | 99.96 | Bacteroides_sp_D1_gi_345651580_ref_NZ_ scaffold-195323

CONTIG: scaffold-4957 (1130bp)
Top Length: 1130  Top ID: 99.73
		One align captures most of this contig: 344507 345636 | 1 1130 | 1130 1130 | 99.73 | Bacteroides_sp_D1_gi_345651586_ref_NZ_ scaffold-4957

CONTIG: scaffold-17681 (1443bp)
Top Length: 1443  Top ID: 99.65
		Marking as insignificant: 501697 501777 | 1443 1363 | 81 81 | 100.0 | Bacteroides_sp_D1_gi_345651578_ref_NZ_ scaffold-17681
		Marking as insignificant: 912805 912889 | 1443 1359 | 85 85 | 100.0 | Bacteroides_sp_D1_gi_345651597_ref_NZ_ scaffold-17681
		Marking as insignificant: 503612 503783 | 172 1 | 172 172 | 99.42 | Bacteroides_sp_D1_gi_345651578_ref_NZ_ scaffold-17681
		Marking as insignificant: 682032 682252 | 1223 1443 | 221 221 | 95.5 | Bacteroides_sp_D1_gi_345651590_ref_NZ_ scaffold-17681
		Marking as insignificant: 681697 681931 | 1 235 | 235 235 | 98.3 | Bacteroides_sp_D1_gi_345651590_ref_NZ_ scaffold-17681
		Marking as insignificant: 68610 68843 | 1443 1210 | 234 234 | 99.57 | Bacteroides_sp_D1_gi_345651593_ref_NZ_ scaffold-17681
		Marking as insignificant: 409413 409646 | 1210 1443 | 234 234 | 99.57 | Bacteroides_sp_D1_gi_345651578_ref_NZ_ scaffold-17681
		Marking as insignificant: 578798 579031 | 1210 1443 | 234 234 | 100.0 | Bacteroides_sp_D1_gi_345651586_ref_NZ_ scaffold-17681
		Marking as insignificant: 233855 234096 | 1443 1202 | 242 242 | 99.17 | Bacteroides_sp_D1_gi_345651589_ref_NZ_ scaffold-17681
		Marking as insignificant: 1050379 1050631 | 253 1 | 253 253 | 100.0 | Bacteroides_sp_D1_gi_345651597_ref_NZ_ scaffold-17681
		Marking as insignificant: 252803 253075 | 1443 1171 | 273 273 | 96.35 | Bacteroides_sp_D1_gi_345651586_ref_NZ_ scaffold-17681
		Marking as insignificant: 166993 167260 | 1176 1443 | 268 268 | 99.25 | Bacteroides_sp_D1_gi_345651595_ref_NZ_ scaffold-17681
		Marking as insignificant: 1050011 1050278 | 1443 1176 | 268 268 | 100.0 | Bacteroides_sp_D1_gi_345651597_ref_NZ_ scaffold-17681
		Marking as insignificant: 501878 502149 | 436 165 | 272 272 | 98.53 | Bacteroides_sp_D1_gi_345651578_ref_NZ_ scaffold-17681
		Marking as insignificant: 1 278 | 278 1 | 278 278 | 100.0 | Bacteroides_sp_D1_gi_345651595_ref_NZ_ scaffold-17681
		Marking as insignificant: 409035 409312 | 1 278 | 278 278 | 100.0 | Bacteroides_sp_D1_gi_345651578_ref_NZ_ scaffold-17681
		Marking as insignificant: 68948 69230 | 283 1 | 283 283 | 100.0 | Bacteroides_sp_D1_gi_345651593_ref_NZ_ scaffold-17681
		Marking as insignificant: 166597 166892 | 1 296 | 296 296 | 100.0 | Bacteroides_sp_D1_gi_345651595_ref_NZ_ scaffold-17681
		Marking as insignificant: 234197 234502 | 306 1 | 306 306 | 98.69 | Bacteroides_sp_D1_gi_345651589_ref_NZ_ scaffold-17681
		One align captures most of this contig: 577074 578516 | 1 1443 | 1443 1443 | 99.65 | Bacteroides_sp_D1_gi_345651586_ref_NZ_ scaffold-17681

CONTIG: scaffold-4608 (833bp)
Top Length: 833  Top ID: 99.64
		One align captures most of this contig: 94946 95779 | 1 833 | 834 833 | 99.64 | Bacteroides_sp_D1_gi_345651581_ref_NZ_ scaffold-4608

CONTIG: scaffold-5180 (657bp)
Top Length: 656  Top ID: 99.7
		One align captures most of this contig: 90629 91284 | 1 656 | 656 656 | 99.7 | Bacteroides_sp_D1_gi_345651581_ref_NZ_ scaffold-5180

CONTIG: scaffold-5722 (658bp)
Top Length: 655  Top ID: 98.02
		One align captures most of this contig: 75427 76081 | 655 1 | 655 655 | 98.02 | Bacteroides_sp_D1_gi_345651581_ref_NZ_ scaffold-5722

CONTIG: scaffold-76703 (570bp)
Top Length: 569  Top ID: 96.31
		One align captures most of this contig: 48883 49451 | 2 570 | 569 569 | 96.31 | Bacteroides_sp_D1_gi_345651581_ref_NZ_ scaffold-76703

CONTIG: scaffold-6055 (549bp)
Top Length: 549  Top ID: 98.91
		One align captures most of this contig: 21854 22402 | 1 549 | 549 549 | 98.91 | Bacteroides_sp_D1_gi_345651584_ref_NZ_ scaffold-6055

CONTIG: scaffold-7448 (619bp)
Top Length: 619  Top ID: 100.0
		One align captures most of this contig: 19746 20364 | 1 619 | 619 619 | 100.0 | Bacteroides_sp_D1_gi_345651584_ref_NZ_ scaffold-7448

CONTIG: scaffold-11278 (562bp)
Top Length: 562  Top ID: 99.82
		One align captures most of this contig: 16593 17154 | 1 562 | 562 562 | 99.82 | Bacteroides_sp_D1_gi_345651584_ref_NZ_ scaffold-11278

Analyzing coverage...
Writing SNPs into /Molly/gurevich/MetaQUAST/res_final/res_metahit_final/runs_per_reference/Bacteroides_sp_D1/contigs_reports/nucmer_output/Ray.used_snps
	Reference Bacteroides_sp_D1_gi_345651597_ref_NZ_: 4 total alignments. 1 total regions.
		Region: 1 to 1170575 (1170575 bp)
			START in gap: 1 to 141772 (141771 bp)
			Align 1: 141772 142369 scaffold-6226 1 598
				Gap between this and next alignment: 142369 to 153058 (10688 bp)
				Next Alignment: 153058 153637 scaffold-65181 1 580

			Align 2: 153058 153637 scaffold-65181 1 580
				Gap between this and next alignment: 153637 to 1099531 (945893 bp)
				Next Alignment: 1099531 1113732 scaffold-2589 1 14202

			Align 3: 1099531 1113732 scaffold-2589 1 14202
				Gap between this and next alignment: 1113732 to 1120532 (6799 bp)
				Next Alignment: 1120532 1123877 scaffold-6598 3346 1

			Align 4: 1120532 1123877 scaffold-6598 3346 1
			END in gap: 1123877 to 1170575 (46698 bp)

	Reference Bacteroides_sp_D1_gi_345651580_ref_NZ_: 12 total alignments. 1 total regions.
		Region: 1 to 203385 (203385 bp)
			START in gap: 1 to 54729 (54728 bp)
			Align 1: 54729 55814 scaffold-128369 1088 1
				Gap between this and next alignment: 55814 to 56074 (259 bp)
				Next Alignment: 56074 56980 scaffold-84623 1 907

			Align 2: 56074 56980 scaffold-84623 1 907
				Gap between this and next alignment: 56980 to 59477 (2496 bp)
				Next Alignment: 59477 60256 scaffold-57067 1 780

			Align 3: 59477 60256 scaffold-57067 1 780
				Gap between this and next alignment: 60256 to 61478 (1221 bp)
				Next Alignment: 61478 62510 scaffold-44960 1033 1

			Align 4: 61478 62510 scaffold-44960 1033 1
				Gap between this and next alignment: 62510 to 62970 (459 bp)
				Next Alignment: 62970 63494 scaffold-97615 1 525

			Align 5: 62970 63494 scaffold-97615 1 525
				Gap between this and next alignment: 63494 to 64086 (591 bp)
				Next Alignment: 64086 65206 scaffold-51784 1121 1

			Align 6: 64086 65206 scaffold-51784 1121 1
				Gap between this and next alignment: 65206 to 65435 (228 bp)
				Next Alignment: 65435 66314 scaffold-61227 880 1

			Align 7: 65435 66314 scaffold-61227 880 1
				Gap between this and next alignment: 66314 to 68047 (1732 bp)
				Next Alignment: 68047 68659 scaffold-26756 613 1

			Align 8: 68047 68659 scaffold-26756 613 1
				Gap between this and next alignment: 68659 to 71401 (2741 bp)
				Next Alignment: 71401 72546 scaffold-5846 1 1146

			Align 9: 71401 72546 scaffold-5846 1 1146
				Negative gap (overlap) between this and next alignment: 72546 to 72024 (-522 bp)
				Next Alignment: 72024 73684 scaffold-10856 1 1661

			Previous gap was negative, modifying coordinates to ignore overlap
				Moving contig start from 1 to 524.
			Align 10: 72547 73684 scaffold-10856 524 1661
				Gap between this and next alignment: 73684 to 74174 (489 bp)
				Next Alignment: 74174 79620 scaffold-195323 1 5447

			Align 11: 74174 79620 scaffold-195323 1 5447
				Gap between this and next alignment: 79620 to 80072 (451 bp)
				Next Alignment: 80072 81169 scaffold-8122 1 1098

			Align 12: 80072 81169 scaffold-8122 1 1098
			END in gap: 81169 to 203385 (122216 bp)

ERROR: Reference Bacteroides_sp_D1_gi_345651594_ref_NZ_ does not have any alignments!  Check that this is the same file used for alignment.
ERROR: Alignment Reference Headers: ['Bacteroides_sp_D1_gi_345651584_ref_NZ_', 'Bacteroides_sp_D1_gi_345651582_ref_NZ_', 'Bacteroides_sp_D1_gi_345651583_ref_NZ_', 'Bacteroides_sp_D1_gi_345651597_ref_NZ_', 'Bacteroides_sp_D1_gi_345651578_ref_NZ_', 'Bacteroides_sp_D1_gi_345651586_ref_NZ_', 'Bacteroides_sp_D1_gi_345651598_ref_NZ_', 'Bacteroides_sp_D1_gi_345651580_ref_NZ_', 'Bacteroides_sp_D1_gi_345651581_ref_NZ_', 'Bacteroides_sp_D1_gi_345651590_ref_NZ_']
	Reference Bacteroides_sp_D1_gi_345651583_ref_NZ_: 1 total alignments. 1 total regions.
		Region: 1 to 125405 (125405 bp)
			START in gap: 1 to 80997 (80996 bp)
			Align 1: 80997 83687 scaffold-47 13735 16423
			END in gap: 83687 to 125405 (41718 bp)

ERROR: Reference Bacteroides_sp_D1_gi_345651579_ref_NZ_ does not have any alignments!  Check that this is the same file used for alignment.
ERROR: Alignment Reference Headers: ['Bacteroides_sp_D1_gi_345651584_ref_NZ_', 'Bacteroides_sp_D1_gi_345651582_ref_NZ_', 'Bacteroides_sp_D1_gi_345651583_ref_NZ_', 'Bacteroides_sp_D1_gi_345651597_ref_NZ_', 'Bacteroides_sp_D1_gi_345651578_ref_NZ_', 'Bacteroides_sp_D1_gi_345651586_ref_NZ_', 'Bacteroides_sp_D1_gi_345651598_ref_NZ_', 'Bacteroides_sp_D1_gi_345651580_ref_NZ_', 'Bacteroides_sp_D1_gi_345651581_ref_NZ_', 'Bacteroides_sp_D1_gi_345651590_ref_NZ_']
ERROR: Reference Bacteroides_sp_D1_gi_345651596_ref_NZ_ does not have any alignments!  Check that this is the same file used for alignment.
ERROR: Alignment Reference Headers: ['Bacteroides_sp_D1_gi_345651584_ref_NZ_', 'Bacteroides_sp_D1_gi_345651582_ref_NZ_', 'Bacteroides_sp_D1_gi_345651583_ref_NZ_', 'Bacteroides_sp_D1_gi_345651597_ref_NZ_', 'Bacteroides_sp_D1_gi_345651578_ref_NZ_', 'Bacteroides_sp_D1_gi_345651586_ref_NZ_', 'Bacteroides_sp_D1_gi_345651598_ref_NZ_', 'Bacteroides_sp_D1_gi_345651580_ref_NZ_', 'Bacteroides_sp_D1_gi_345651581_ref_NZ_', 'Bacteroides_sp_D1_gi_345651590_ref_NZ_']
	Reference Bacteroides_sp_D1_gi_345651590_ref_NZ_: 4 total alignments. 1 total regions.
		Region: 1 to 688075 (688075 bp)
			START in gap: 1 to 13163 (13162 bp)
			Align 1: 13163 14945 scaffold-3410 1 1783
				Gap between this and next alignment: 14945 to 383566 (368620 bp)
				Next Alignment: 383566 384230 scaffold-5118 1 665

			Align 2: 383566 384230 scaffold-5118 1 665
				Gap between this and next alignment: 384230 to 384604 (373 bp)
				Next Alignment: 384604 385110 scaffold-6604 1 507

			Align 3: 384604 385110 scaffold-6604 1 507
				Gap between this and next alignment: 385110 to 681692 (296581 bp)
				Next Alignment: 681692 681796 scaffold-4262 1458 1560

			Align 4: 681692 681796 scaffold-4262 1458 1560
			END in gap: 681796 to 688075 (6279 bp)

ERROR: Reference Bacteroides_sp_D1_gi_345651588_ref_NZ_ does not have any alignments!  Check that this is the same file used for alignment.
ERROR: Alignment Reference Headers: ['Bacteroides_sp_D1_gi_345651584_ref_NZ_', 'Bacteroides_sp_D1_gi_345651582_ref_NZ_', 'Bacteroides_sp_D1_gi_345651583_ref_NZ_', 'Bacteroides_sp_D1_gi_345651597_ref_NZ_', 'Bacteroides_sp_D1_gi_345651578_ref_NZ_', 'Bacteroides_sp_D1_gi_345651586_ref_NZ_', 'Bacteroides_sp_D1_gi_345651598_ref_NZ_', 'Bacteroides_sp_D1_gi_345651580_ref_NZ_', 'Bacteroides_sp_D1_gi_345651581_ref_NZ_', 'Bacteroides_sp_D1_gi_345651590_ref_NZ_']
ERROR: Reference Bacteroides_sp_D1_gi_345651595_ref_NZ_ does not have any alignments!  Check that this is the same file used for alignment.
ERROR: Alignment Reference Headers: ['Bacteroides_sp_D1_gi_345651584_ref_NZ_', 'Bacteroides_sp_D1_gi_345651582_ref_NZ_', 'Bacteroides_sp_D1_gi_345651583_ref_NZ_', 'Bacteroides_sp_D1_gi_345651597_ref_NZ_', 'Bacteroides_sp_D1_gi_345651578_ref_NZ_', 'Bacteroides_sp_D1_gi_345651586_ref_NZ_', 'Bacteroides_sp_D1_gi_345651598_ref_NZ_', 'Bacteroides_sp_D1_gi_345651580_ref_NZ_', 'Bacteroides_sp_D1_gi_345651581_ref_NZ_', 'Bacteroides_sp_D1_gi_345651590_ref_NZ_']
ERROR: Reference Bacteroides_sp_D1_gi_345651591_ref_NZ_ does not have any alignments!  Check that this is the same file used for alignment.
ERROR: Alignment Reference Headers: ['Bacteroides_sp_D1_gi_345651584_ref_NZ_', 'Bacteroides_sp_D1_gi_345651582_ref_NZ_', 'Bacteroides_sp_D1_gi_345651583_ref_NZ_', 'Bacteroides_sp_D1_gi_345651597_ref_NZ_', 'Bacteroides_sp_D1_gi_345651578_ref_NZ_', 'Bacteroides_sp_D1_gi_345651586_ref_NZ_', 'Bacteroides_sp_D1_gi_345651598_ref_NZ_', 'Bacteroides_sp_D1_gi_345651580_ref_NZ_', 'Bacteroides_sp_D1_gi_345651581_ref_NZ_', 'Bacteroides_sp_D1_gi_345651590_ref_NZ_']
	Reference Bacteroides_sp_D1_gi_345651584_ref_NZ_: 3 total alignments. 1 total regions.
		Region: 1 to 127473 (127473 bp)
			START in gap: 1 to 16593 (16592 bp)
			Align 1: 16593 17154 scaffold-11278 1 562
				Gap between this and next alignment: 17154 to 19746 (2591 bp)
				Next Alignment: 19746 20364 scaffold-7448 1 619

			Align 2: 19746 20364 scaffold-7448 1 619
				Gap between this and next alignment: 20364 to 21854 (1489 bp)
				Next Alignment: 21854 22402 scaffold-6055 1 549

			Align 3: 21854 22402 scaffold-6055 1 549
			END in gap: 22402 to 127473 (105071 bp)

	Reference Bacteroides_sp_D1_gi_345651578_ref_NZ_: 4 total alignments. 1 total regions.
		Region: 1 to 806781 (806781 bp)
			START in gap: 1 to 50747 (50746 bp)
			Align 1: 50747 51842 scaffold-7712 1 1096
				Gap between this and next alignment: 51842 to 91625 (39782 bp)
				Next Alignment: 91625 92597 scaffold-6575 1 973

			Align 2: 91625 92597 scaffold-6575 1 973
				Gap between this and next alignment: 92597 to 443078 (350480 bp)
				Next Alignment: 443078 443727 scaffold-10949 1 650

			Align 3: 443078 443727 scaffold-10949 1 650
				Gap between this and next alignment: 443727 to 502158 (58430 bp)
				Next Alignment: 502158 503614 scaffold-4262 1 1457

			Align 4: 502158 503614 scaffold-4262 1 1457
			END in gap: 503614 to 806781 (303167 bp)

	Reference Bacteroides_sp_D1_gi_345651586_ref_NZ_: 2 total alignments. 1 total regions.
		Region: 1 to 613812 (613812 bp)
			START in gap: 1 to 344507 (344506 bp)
			Align 1: 344507 345636 scaffold-4957 1 1130
				Gap between this and next alignment: 345636 to 577074 (231437 bp)
				Next Alignment: 577074 578516 scaffold-17681 1 1443

			Align 2: 577074 578516 scaffold-17681 1 1443
			END in gap: 578516 to 613812 (35296 bp)

	Reference Bacteroides_sp_D1_gi_345651598_ref_NZ_: 2 total alignments. 1 total regions.
		Region: 1 to 91521 (91521 bp)
			START in gap: 1 to 90223 (90222 bp)
			Align 1: 90223 90796 scaffold-1698 574 1
				Negative gap (overlap) between this and next alignment: 90796 to 90333 (-463 bp)
				Next Alignment: 90333 91138 scaffold-171161 806 1

			Previous gap was negative, modifying coordinates to ignore overlap
				Moving contig start from 806 to 342.
			Align 2: 90797 91138 scaffold-171161 342 1
			END in gap: 91138 to 91521 (383 bp)

ERROR: Reference Bacteroides_sp_D1_gi_345651592_ref_NZ_ does not have any alignments!  Check that this is the same file used for alignment.
ERROR: Alignment Reference Headers: ['Bacteroides_sp_D1_gi_345651584_ref_NZ_', 'Bacteroides_sp_D1_gi_345651582_ref_NZ_', 'Bacteroides_sp_D1_gi_345651583_ref_NZ_', 'Bacteroides_sp_D1_gi_345651597_ref_NZ_', 'Bacteroides_sp_D1_gi_345651578_ref_NZ_', 'Bacteroides_sp_D1_gi_345651586_ref_NZ_', 'Bacteroides_sp_D1_gi_345651598_ref_NZ_', 'Bacteroides_sp_D1_gi_345651580_ref_NZ_', 'Bacteroides_sp_D1_gi_345651581_ref_NZ_', 'Bacteroides_sp_D1_gi_345651590_ref_NZ_']
	Reference Bacteroides_sp_D1_gi_345651581_ref_NZ_: 4 total alignments. 1 total regions.
		Region: 1 to 123233 (123233 bp)
			START in gap: 1 to 48883 (48882 bp)
			Align 1: 48883 49451 scaffold-76703 2 570
				Gap between this and next alignment: 49451 to 75427 (25975 bp)
				Next Alignment: 75427 76081 scaffold-5722 655 1

			Align 2: 75427 76081 scaffold-5722 655 1
				Gap between this and next alignment: 76081 to 90629 (14547 bp)
				Next Alignment: 90629 91284 scaffold-5180 1 656

			Align 3: 90629 91284 scaffold-5180 1 656
				Gap between this and next alignment: 91284 to 94946 (3661 bp)
				Next Alignment: 94946 95779 scaffold-4608 1 833

			Align 4: 94946 95779 scaffold-4608 1 833
			END in gap: 95779 to 123233 (27454 bp)

ERROR: Reference Bacteroides_sp_D1_gi_345651589_ref_NZ_ does not have any alignments!  Check that this is the same file used for alignment.
ERROR: Alignment Reference Headers: ['Bacteroides_sp_D1_gi_345651584_ref_NZ_', 'Bacteroides_sp_D1_gi_345651582_ref_NZ_', 'Bacteroides_sp_D1_gi_345651583_ref_NZ_', 'Bacteroides_sp_D1_gi_345651597_ref_NZ_', 'Bacteroides_sp_D1_gi_345651578_ref_NZ_', 'Bacteroides_sp_D1_gi_345651586_ref_NZ_', 'Bacteroides_sp_D1_gi_345651598_ref_NZ_', 'Bacteroides_sp_D1_gi_345651580_ref_NZ_', 'Bacteroides_sp_D1_gi_345651581_ref_NZ_', 'Bacteroides_sp_D1_gi_345651590_ref_NZ_']
ERROR: Reference Bacteroides_sp_D1_gi_345651593_ref_NZ_ does not have any alignments!  Check that this is the same file used for alignment.
ERROR: Alignment Reference Headers: ['Bacteroides_sp_D1_gi_345651584_ref_NZ_', 'Bacteroides_sp_D1_gi_345651582_ref_NZ_', 'Bacteroides_sp_D1_gi_345651583_ref_NZ_', 'Bacteroides_sp_D1_gi_345651597_ref_NZ_', 'Bacteroides_sp_D1_gi_345651578_ref_NZ_', 'Bacteroides_sp_D1_gi_345651586_ref_NZ_', 'Bacteroides_sp_D1_gi_345651598_ref_NZ_', 'Bacteroides_sp_D1_gi_345651580_ref_NZ_', 'Bacteroides_sp_D1_gi_345651581_ref_NZ_', 'Bacteroides_sp_D1_gi_345651590_ref_NZ_']
	Reference Bacteroides_sp_D1_gi_345651582_ref_NZ_: 1 total alignments. 1 total regions.
		Region: 1 to 57478 (57478 bp)
			START in gap: 1 to 29046 (29045 bp)
			Align 1: 29046 29604 scaffold-9182 559 1
			END in gap: 29604 to 57478 (27874 bp)

ERROR: Reference Bacteroides_sp_D1_gi_345651585_ref_NZ_ does not have any alignments!  Check that this is the same file used for alignment.
ERROR: Alignment Reference Headers: ['Bacteroides_sp_D1_gi_345651584_ref_NZ_', 'Bacteroides_sp_D1_gi_345651582_ref_NZ_', 'Bacteroides_sp_D1_gi_345651583_ref_NZ_', 'Bacteroides_sp_D1_gi_345651597_ref_NZ_', 'Bacteroides_sp_D1_gi_345651578_ref_NZ_', 'Bacteroides_sp_D1_gi_345651586_ref_NZ_', 'Bacteroides_sp_D1_gi_345651598_ref_NZ_', 'Bacteroides_sp_D1_gi_345651580_ref_NZ_', 'Bacteroides_sp_D1_gi_345651581_ref_NZ_', 'Bacteroides_sp_D1_gi_345651590_ref_NZ_']
ERROR: Reference Bacteroides_sp_D1_gi_345651577_ref_NZ_ does not have any alignments!  Check that this is the same file used for alignment.
ERROR: Alignment Reference Headers: ['Bacteroides_sp_D1_gi_345651584_ref_NZ_', 'Bacteroides_sp_D1_gi_345651582_ref_NZ_', 'Bacteroides_sp_D1_gi_345651583_ref_NZ_', 'Bacteroides_sp_D1_gi_345651597_ref_NZ_', 'Bacteroides_sp_D1_gi_345651578_ref_NZ_', 'Bacteroides_sp_D1_gi_345651586_ref_NZ_', 'Bacteroides_sp_D1_gi_345651598_ref_NZ_', 'Bacteroides_sp_D1_gi_345651580_ref_NZ_', 'Bacteroides_sp_D1_gi_345651581_ref_NZ_', 'Bacteroides_sp_D1_gi_345651590_ref_NZ_']
ERROR: Reference Bacteroides_sp_D1_gi_345651587_ref_NZ_ does not have any alignments!  Check that this is the same file used for alignment.
ERROR: Alignment Reference Headers: ['Bacteroides_sp_D1_gi_345651584_ref_NZ_', 'Bacteroides_sp_D1_gi_345651582_ref_NZ_', 'Bacteroides_sp_D1_gi_345651583_ref_NZ_', 'Bacteroides_sp_D1_gi_345651597_ref_NZ_', 'Bacteroides_sp_D1_gi_345651578_ref_NZ_', 'Bacteroides_sp_D1_gi_345651586_ref_NZ_', 'Bacteroides_sp_D1_gi_345651598_ref_NZ_', 'Bacteroides_sp_D1_gi_345651580_ref_NZ_', 'Bacteroides_sp_D1_gi_345651581_ref_NZ_', 'Bacteroides_sp_D1_gi_345651590_ref_NZ_']
Analysis is finished!
Founded SNPs were written into /Molly/gurevich/MetaQUAST/res_final/res_metahit_final/runs_per_reference/Bacteroides_sp_D1/contigs_reports/nucmer_output/Ray.used_snps

Results:
	Local Misassemblies: 0
	Misassemblies: 1
		Relocations: 0
		Translocations: 1
		Inversions: 0
	Fake misassemblies matched with structural variations: 0
	Misassembled Contigs: 1
	Misassembled Contig Bases: 1560
	Misassemblies Inter-Contig Overlap: 0
Uncovered Regions: 0 (0)
Unaligned Contigs: 0 + 2 part
Partially Unaligned Contigs with Misassemblies: 0
Unaligned Contig Bases: 17602

Ambiguously Mapped Contigs: 0
Total Bases in Ambiguously Mapped Contigs: 0
Note that --allow-ambiguity option was set to "one" and only first alignment per each contig was used.

	Covered Bases: 52919

	SNPs: 306
	Insertions: 7
	Deletions: 10

	Positive Gaps: 45
		Internal Gaps:  0
		External Gaps:  45
		External Gap Total:  3954819
		External Gap Average: 87885
	Negative Gaps: 2
		Internal Overlaps:  0
		External Overlaps:  2
		External Overlaps Total: -985
		External Overlaps Average: -492
	Contigs with Redundant Alignments: 0 (0)
