Aligning contigs to reference...
	Using existing Nucmer alignments...
Parsing coords...
Loading reference...
	Loaded [Butyrivibrio_crossotus_gi_226597570_ref_NZ_]
	Loaded [Butyrivibrio_crossotus_gi_226597571_ref_NZ_]
	Loaded [Butyrivibrio_crossotus_gi_226597572_ref_NZ_]
	Loaded [Butyrivibrio_crossotus_gi_226597573_ref_NZ_]
	Loaded [Butyrivibrio_crossotus_gi_226597574_ref_NZ_]
	Loaded [Butyrivibrio_crossotus_gi_226597575_ref_NZ_]
	Loaded [Butyrivibrio_crossotus_gi_226597576_ref_NZ_]
	Loaded [Butyrivibrio_crossotus_gi_226597577_ref_NZ_]
	Loaded [Butyrivibrio_crossotus_gi_226597578_ref_NZ_]
	Loaded [Butyrivibrio_crossotus_gi_226597579_ref_NZ_]
	Loaded [Butyrivibrio_crossotus_gi_226597580_ref_NZ_]
	Loaded [Butyrivibrio_crossotus_gi_226597581_ref_NZ_]
	Loaded [Butyrivibrio_crossotus_gi_226597582_ref_NZ_]
	Loaded [Butyrivibrio_crossotus_gi_226597583_ref_NZ_]
	Loaded [Butyrivibrio_crossotus_gi_226597584_ref_NZ_]
	Loaded [Butyrivibrio_crossotus_gi_226597585_ref_NZ_]
	Loaded [Butyrivibrio_crossotus_gi_226597586_ref_NZ_]
	Loaded [Butyrivibrio_crossotus_gi_226597587_ref_NZ_]
	Loaded [Butyrivibrio_crossotus_gi_226597588_ref_NZ_]
	Loaded [Butyrivibrio_crossotus_gi_226597589_ref_NZ_]
	Loaded [Butyrivibrio_crossotus_gi_226597590_ref_NZ_]
	Loaded [Butyrivibrio_crossotus_gi_226597591_ref_NZ_]
	Loaded [Butyrivibrio_crossotus_gi_226597592_ref_NZ_]
	Loaded [Butyrivibrio_crossotus_gi_226597593_ref_NZ_]
	Loaded [Butyrivibrio_crossotus_gi_226597594_ref_NZ_]
	Loaded [Butyrivibrio_crossotus_gi_226597595_ref_NZ_]
	Loaded [Butyrivibrio_crossotus_gi_226597596_ref_NZ_]
	Loaded [Butyrivibrio_crossotus_gi_226597597_ref_NZ_]
	Loaded [Butyrivibrio_crossotus_gi_226597598_ref_NZ_]
	Loaded [Butyrivibrio_crossotus_gi_226597599_ref_NZ_]
	Loaded [Butyrivibrio_crossotus_gi_226597600_ref_NZ_]
Loading SNPs...
Loading regions...
	No regions given, using whole reference.
	Total Regions: 31
	Total Region Length: 2496039
Analyzing contigs...
CONTIG: NODE_14798_length_1282_cov_0.779951_ID_29595 (1282bp)
Top Length: 310  Top ID: 95.16
		This contig is partially unaligned. (Aligned 310 out of 1282 bases)
		Alignment: 261051 261360 | 310 1 | 310 310 | 95.16 | Butyrivibrio_crossotus_gi_226597585_ref_NZ_ NODE_14798_length_1282_cov_0.779951_ID_29595
		Unaligned bases: 311 to 1282 (972)

CONTIG: NODE_57_length_74759_cov_5.5387_ID_113 (74759bp)
Top Length: 100  Top ID: 97.03
		Skipping redundant alignment 73798 73888 | 48820 48730 | 91 91 | 97.8 | Butyrivibrio_crossotus_gi_226597588_ref_NZ_ NODE_57_length_74759_cov_5.5387_ID_113
		This contig is partially unaligned. (Aligned 100 out of 74759 bases)
		Alignment: 73691 73791 | 48828 48729 | 101 100 | 97.03 | Butyrivibrio_crossotus_gi_226597588_ref_NZ_ NODE_57_length_74759_cov_5.5387_ID_113
		Unaligned bases: 1 to 48728 (48728)
		Unaligned bases: 48829 to 74759 (25931)

CONTIG: NODE_193_length_41584_cov_2.44588_ID_385 (41584bp)
Top Length: 83  Top ID: 97.62
		Skipping redundant alignment 60589 60664 | 27412 27487 | 76 76 | 100.0 | Butyrivibrio_crossotus_gi_226597591_ref_NZ_ NODE_193_length_41584_cov_2.44588_ID_385
		Skipping redundant alignment 46465 46540 | 27412 27487 | 76 76 | 100.0 | Butyrivibrio_crossotus_gi_226597592_ref_NZ_ NODE_193_length_41584_cov_2.44588_ID_385
		This contig is partially unaligned. (Aligned 83 out of 41584 bases)
		Alignment: 90111 90194 | 27405 27487 | 84 83 | 97.62 | Butyrivibrio_crossotus_gi_226597588_ref_NZ_ NODE_193_length_41584_cov_2.44588_ID_385
		Unaligned bases: 1 to 27404 (27404)
		Unaligned bases: 27488 to 41584 (14097)

CONTIG: NODE_541_length_20595_cov_4.39557_ID_1081 (20595bp)
Top Length: 91  Top ID: 100.0
		Skipping redundant alignment 73801 73888 | 3927 3840 | 88 88 | 97.73 | Butyrivibrio_crossotus_gi_226597588_ref_NZ_ NODE_541_length_20595_cov_4.39557_ID_1081
		This contig is partially unaligned. (Aligned 91 out of 20595 bases)
		Alignment: 73701 73791 | 3929 3839 | 91 91 | 100.0 | Butyrivibrio_crossotus_gi_226597588_ref_NZ_ NODE_541_length_20595_cov_4.39557_ID_1081
		Unaligned bases: 1 to 3838 (3838)
		Unaligned bases: 3930 to 20595 (16666)

CONTIG: NODE_9_length_131559_cov_5.15914_ID_17 (131559bp)
Top Length: 70  Top ID: 100.0
		This contig is partially unaligned. (Aligned 70 out of 131559 bases)
		Alignment: 60140 60209 | 70 1 | 70 70 | 100.0 | Butyrivibrio_crossotus_gi_226597590_ref_NZ_ NODE_9_length_131559_cov_5.15914_ID_17
		Unaligned bases: 71 to 131559 (131489)

CONTIG: NODE_40_length_85969_cov_7.38487_ID_79 (85969bp)
Top Length: 3213  Top ID: 99.66
		This contig is partially unaligned. (Aligned 3213 out of 85969 bases)
		Alignment: 934518 937730 | 3570 358 | 3213 3213 | 99.66 | Butyrivibrio_crossotus_gi_226597590_ref_NZ_ NODE_40_length_85969_cov_7.38487_ID_79
		Unaligned bases: 1 to 357 (357)
		Unaligned bases: 3571 to 85969 (82399)
		This contig has both significant aligned and unaligned parts (of length >= min-contig)! It can contain interspecies translocations

CONTIG: NODE_108_length_58346_cov_4.81133_ID_215 (58346bp)
Top Length: 790  Top ID: 96.97
		This contig is partially unaligned. (Aligned 790 out of 58346 bases)
		Alignment: 59529 60319 | 47347 46558 | 791 790 | 96.97 | Butyrivibrio_crossotus_gi_226597590_ref_NZ_ NODE_108_length_58346_cov_4.81133_ID_215
		Unaligned bases: 1 to 46557 (46557)
		Unaligned bases: 47348 to 58346 (10999)
		This contig has both significant aligned and unaligned parts (of length >= min-contig)! It can contain interspecies translocations

CONTIG: NODE_361_length_28535_cov_4.30137_ID_721 (28535bp)
Top Length: 1793  Top ID: 95.74
		This contig is partially unaligned. (Aligned 1793 out of 28535 bases)
		Alignment: 36492 38298 | 26618 28410 | 1807 1793 | 95.74 | Butyrivibrio_crossotus_gi_226597590_ref_NZ_ NODE_361_length_28535_cov_4.30137_ID_721
		Unaligned bases: 1 to 26617 (26617)
		Unaligned bases: 28411 to 28535 (125)
		This contig has both significant aligned and unaligned parts (of length >= min-contig)! It can contain interspecies translocations

CONTIG: NODE_489_length_22219_cov_6.18535_ID_977 (22219bp)
Top Length: 6492  Top ID: 96.43
		This contig is partially unaligned. (Aligned 6492 out of 22219 bases)
		Alignment: 17583 24071 | 2747 9238 | 6489 6492 | 96.43 | Butyrivibrio_crossotus_gi_226597590_ref_NZ_ NODE_489_length_22219_cov_6.18535_ID_977
		Unaligned bases: 1 to 2746 (2746)
		Unaligned bases: 9239 to 22219 (12981)
		This contig has both significant aligned and unaligned parts (of length >= min-contig)! It can contain interspecies translocations

CONTIG: NODE_577_length_19620_cov_2.49389_ID_1153 (19620bp)
Top Length: 168  Top ID: 95.27
		This contig is partially unaligned. (Aligned 168 out of 19620 bases)
		Alignment: 33592 33759 | 11212 11379 | 168 168 | 95.27 | Butyrivibrio_crossotus_gi_226597590_ref_NZ_ NODE_577_length_19620_cov_2.49389_ID_1153
		Unaligned bases: 1 to 11211 (11211)
		Unaligned bases: 11380 to 19620 (8241)

CONTIG: NODE_942_length_12830_cov_5.53808_ID_1883 (12830bp)
Top Length: 531  Top ID: 96.8
		This contig is partially unaligned. (Aligned 531 out of 12830 bases)
		Alignment: 585537 586067 | 7253 6723 | 531 531 | 96.8 | Butyrivibrio_crossotus_gi_226597590_ref_NZ_ NODE_942_length_12830_cov_5.53808_ID_1883
		Unaligned bases: 1 to 6722 (6722)
		Unaligned bases: 7254 to 12830 (5577)
		This contig has both significant aligned and unaligned parts (of length >= min-contig)! It can contain interspecies translocations

CONTIG: NODE_1265_length_9938_cov_5.44956_ID_2529 (9938bp)
Top Length: 117  Top ID: 99.15
		This contig is partially unaligned. (Aligned 117 out of 9938 bases)
		Alignment: 30208 30323 | 117 1 | 116 117 | 99.15 | Butyrivibrio_crossotus_gi_226597590_ref_NZ_ NODE_1265_length_9938_cov_5.44956_ID_2529
		Unaligned bases: 118 to 9938 (9821)

CONTIG: NODE_1376_length_9186_cov_9.48768_ID_2751 (9186bp)
Top Length: 3255  Top ID: 97.11
		This contig is misassembled. 2 total aligns.
			Warning! This contig is more unaligned than misassembled. Contig length is 9186 and total length of all aligns is 3796
		Alignment: 1042954 1043494 | 16 556 | 541 541 | 98.15 | Butyrivibrio_crossotus_gi_226597590_ref_NZ_ NODE_1376_length_9186_cov_9.48768_ID_2751
		Alignment: 1043646 1046847 | 968 4222 | 3202 3255 | 97.11 | Butyrivibrio_crossotus_gi_226597590_ref_NZ_ NODE_1376_length_9186_cov_9.48768_ID_2751
		Unaligned bases: 5390
		This contig has both significant aligned and unaligned parts (of length >= min-contig)! It can contain interspecies translocations
CONTIG: NODE_1783_length_7348_cov_18.2434_ID_3565 (7348bp)
Top Length: 2651  Top ID: 97.32
		This contig is misassembled. 2 total aligns.
			Real Alignment 1: 953210 954599 | 1 1390 | 1390 1390 | 99.35 | Butyrivibrio_crossotus_gi_226597590_ref_NZ_ NODE_1783_length_7348_cov_18.2434_ID_3565
			  Fake misassembly between these two alignments: inconsistency = -57 , gap in the contig is small or absent or filled mostly with Ns (long indel: insertion of length 57; 0 mismatches)
			Real Alignment 2: 955464 958114 | 2312 4962 | 2651 2651 | 97.32 | Butyrivibrio_crossotus_gi_226597590_ref_NZ_ NODE_1783_length_7348_cov_18.2434_ID_3565
		This contig has significant unaligned parts (of length >= min-contig)! It can contain interspecies translocations

CONTIG: NODE_1893_length_7010_cov_1.98994_ID_3785 (7010bp)
Top Length: 1099  Top ID: 95.45
		This contig is partially unaligned. (Aligned 1099 out of 7010 bases)
		Alignment: 584339 585436 | 4254 5352 | 1098 1099 | 95.45 | Butyrivibrio_crossotus_gi_226597590_ref_NZ_ NODE_1893_length_7010_cov_1.98994_ID_3785
		Unaligned bases: 1 to 4253 (4253)
		Unaligned bases: 5353 to 7010 (1658)
		This contig has both significant aligned and unaligned parts (of length >= min-contig)! It can contain interspecies translocations

CONTIG: NODE_2160_length_6368_cov_1.45937_ID_4319 (6368bp)
Top Length: 4546  Top ID: 96.88
		This contig is partially unaligned. (Aligned 4546 out of 6368 bases)
		Alignment: 856122 860663 | 6368 1823 | 4542 4546 | 96.88 | Butyrivibrio_crossotus_gi_226597590_ref_NZ_ NODE_2160_length_6368_cov_1.45937_ID_4319
		Unaligned bases: 1 to 1822 (1822)
		This contig has both significant aligned and unaligned parts (of length >= min-contig)! It can contain interspecies translocations

CONTIG: NODE_2180_length_6327_cov_4.25702_ID_4359 (6327bp)
Top Length: 6243  Top ID: 99.86
		This contig is partially unaligned. (Aligned 6243 out of 6327 bases)
		Alignment: 962433 968675 | 6 6248 | 6243 6243 | 99.86 | Butyrivibrio_crossotus_gi_226597590_ref_NZ_ NODE_2180_length_6327_cov_4.25702_ID_4359
		Unaligned bases: 1 to 5 (5)
		Unaligned bases: 6249 to 6327 (79)

CONTIG: NODE_2952_length_4999_cov_3.54531_ID_5903 (4999bp)
Top Length: 86  Top ID: 98.84
		This contig is partially unaligned. (Aligned 86 out of 4999 bases)
		Alignment: 445684 445769 | 4914 4999 | 86 86 | 98.84 | Butyrivibrio_crossotus_gi_226597590_ref_NZ_ NODE_2952_length_4999_cov_3.54531_ID_5903
		Unaligned bases: 1 to 4913 (4913)

CONTIG: NODE_3529_length_4358_cov_2.41855_ID_7057 (4358bp)
Top Length: 1330  Top ID: 98.57
		This contig is partially unaligned. (Aligned 1330 out of 4358 bases)
		Alignment: 436007 437326 | 1368 39 | 1320 1330 | 98.57 | Butyrivibrio_crossotus_gi_226597590_ref_NZ_ NODE_3529_length_4358_cov_2.41855_ID_7057
		Unaligned bases: 1 to 38 (38)
		Unaligned bases: 1369 to 4358 (2990)
		This contig has both significant aligned and unaligned parts (of length >= min-contig)! It can contain interspecies translocations

CONTIG: NODE_4225_length_3803_cov_1.65368_ID_8449 (3803bp)
Top Length: 3803  Top ID: 99.19
		One align captures most of this contig: 52921 56723 | 3803 1 | 3803 3803 | 99.19 | Butyrivibrio_crossotus_gi_226597590_ref_NZ_ NODE_4225_length_3803_cov_1.65368_ID_8449

CONTIG: NODE_4508_length_3610_cov_14.5204_ID_9015 (3610bp)
Top Length: 2159  Top ID: 98.7
		This contig is partially unaligned. (Aligned 2159 out of 3610 bases)
		Alignment: 11187 13343 | 1452 3610 | 2157 2159 | 98.7 | Butyrivibrio_crossotus_gi_226597590_ref_NZ_ NODE_4508_length_3610_cov_14.5204_ID_9015
		Unaligned bases: 1 to 1451 (1451)
		This contig has both significant aligned and unaligned parts (of length >= min-contig)! It can contain interspecies translocations

CONTIG: NODE_5364_length_3144_cov_1.24668_ID_10727 (3144bp)
Top Length: 765  Top ID: 95.69
		This contig is partially unaligned. (Aligned 765 out of 3144 bases)
		Alignment: 920466 921230 | 1670 2434 | 765 765 | 95.69 | Butyrivibrio_crossotus_gi_226597590_ref_NZ_ NODE_5364_length_3144_cov_1.24668_ID_10727
		Unaligned bases: 1 to 1669 (1669)
		Unaligned bases: 2435 to 3144 (710)
		This contig has both significant aligned and unaligned parts (of length >= min-contig)! It can contain interspecies translocations

CONTIG: NODE_5649_length_3015_cov_1.72703_ID_11297 (3015bp)
Top Length: 3015  Top ID: 99.64
		One align captures most of this contig: 431811 434829 | 1 3015 | 3019 3015 | 99.64 | Butyrivibrio_crossotus_gi_226597590_ref_NZ_ NODE_5649_length_3015_cov_1.72703_ID_11297

CONTIG: NODE_6121_length_2815_cov_2.15435_ID_12241 (2815bp)
Top Length: 87  Top ID: 98.85
		This contig is partially unaligned. (Aligned 87 out of 2815 bases)
		Alignment: 1039719 1039805 | 2621 2707 | 87 87 | 98.85 | Butyrivibrio_crossotus_gi_226597590_ref_NZ_ NODE_6121_length_2815_cov_2.15435_ID_12241
		Unaligned bases: 1 to 2620 (2620)
		Unaligned bases: 2708 to 2815 (108)

CONTIG: NODE_6210_length_2779_cov_1.19016_ID_12419 (2779bp)
Top Length: 1345  Top ID: 99.18
		This contig is misassembled. 2 total aligns.
			Real Alignment 1: 440130 441066 | 1341 405 | 937 937 | 99.36 | Butyrivibrio_crossotus_gi_226597590_ref_NZ_ NODE_6210_length_2779_cov_1.19016_ID_12419
			  Fake misassembly between these two alignments: inconsistency = 2 , gap in the contig is small or absent or filled mostly with Ns (short indel: deletion of length 2; 0 mismatches)
			Real Alignment 2: 438689 440034 | 2779 1435 | 1346 1345 | 99.18 | Butyrivibrio_crossotus_gi_226597590_ref_NZ_ NODE_6210_length_2779_cov_1.19016_ID_12419

CONTIG: NODE_6467_length_2693_cov_18.5705_ID_12933 (2693bp)
Top Length: 2692  Top ID: 98.89
		One align captures most of this contig: 30269 32960 | 2693 2 | 2692 2692 | 98.89 | Butyrivibrio_crossotus_gi_226597590_ref_NZ_ NODE_6467_length_2693_cov_18.5705_ID_12933

CONTIG: NODE_6707_length_2609_cov_0.927173_ID_13413 (2609bp)
Top Length: 602  Top ID: 96.01
		This contig is partially unaligned. (Aligned 602 out of 2609 bases)
		Alignment: 28836 29437 | 302 903 | 602 602 | 96.01 | Butyrivibrio_crossotus_gi_226597590_ref_NZ_ NODE_6707_length_2609_cov_0.927173_ID_13413
		Unaligned bases: 1 to 301 (301)
		Unaligned bases: 904 to 2609 (1706)
		This contig has both significant aligned and unaligned parts (of length >= min-contig)! It can contain interspecies translocations

CONTIG: NODE_7365_length_2412_cov_1.32711_ID_14729 (2412bp)
Top Length: 1554  Top ID: 99.03
		This contig is partially unaligned. (Aligned 1554 out of 2412 bases)
		Alignment: 25419 26971 | 859 2412 | 1553 1554 | 99.03 | Butyrivibrio_crossotus_gi_226597590_ref_NZ_ NODE_7365_length_2412_cov_1.32711_ID_14729
		Unaligned bases: 1 to 858 (858)
		This contig has both significant aligned and unaligned parts (of length >= min-contig)! It can contain interspecies translocations

CONTIG: NODE_7959_length_2247_cov_1.03878_ID_15917 (2247bp)
Top Length: 1084  Top ID: 97.14
		This contig is partially unaligned. (Aligned 1084 out of 2247 bases)
		Alignment: 851999 853081 | 1084 1 | 1083 1084 | 97.14 | Butyrivibrio_crossotus_gi_226597590_ref_NZ_ NODE_7959_length_2247_cov_1.03878_ID_15917
		Unaligned bases: 1085 to 2247 (1163)
		This contig has both significant aligned and unaligned parts (of length >= min-contig)! It can contain interspecies translocations

CONTIG: NODE_8271_length_2176_cov_3.18906_ID_16541 (2176bp)
Top Length: 213  Top ID: 97.65
		This contig is partially unaligned. (Aligned 213 out of 2176 bases)
		Alignment: 459865 460077 | 1600 1388 | 213 213 | 97.65 | Butyrivibrio_crossotus_gi_226597590_ref_NZ_ NODE_8271_length_2176_cov_3.18906_ID_16541
		Unaligned bases: 1 to 1387 (1387)
		Unaligned bases: 1601 to 2176 (576)

CONTIG: NODE_8777_length_2074_cov_3.8321_ID_17553 (2074bp)
Top Length: 248  Top ID: 95.97
		This contig is partially unaligned. (Aligned 248 out of 2074 bases)
		Alignment: 320876 321123 | 1827 2074 | 248 248 | 95.97 | Butyrivibrio_crossotus_gi_226597590_ref_NZ_ NODE_8777_length_2074_cov_3.8321_ID_17553
		Unaligned bases: 1 to 1826 (1826)

CONTIG: NODE_9031_length_2027_cov_29.7865_ID_18061 (2027bp)
Top Length: 2027  Top ID: 98.47
		One align captures most of this contig: 445715 447741 | 2027 1 | 2027 2027 | 98.47 | Butyrivibrio_crossotus_gi_226597590_ref_NZ_ NODE_9031_length_2027_cov_29.7865_ID_18061

CONTIG: NODE_9574_length_1923_cov_2.17291_ID_19147 (1923bp)
Top Length: 738  Top ID: 95.26
		This contig is misassembled. 2 total aligns.
			Real Alignment 1: 43375 44112 | 3 740 | 738 738 | 95.26 | Butyrivibrio_crossotus_gi_226597590_ref_NZ_ NODE_9574_length_1923_cov_2.17291_ID_19147
			  Overlap between these two alignments (local misassembly). Inconsistency = -21 
			Real Alignment 2: 44662 45274 | 1311 1923 | 613 613 | 97.55 | Butyrivibrio_crossotus_gi_226597590_ref_NZ_ NODE_9574_length_1923_cov_2.17291_ID_19147
		This contig has significant unaligned parts (of length >= min-contig)! It can contain interspecies translocations

CONTIG: NODE_10315_length_1794_cov_0.92927_ID_20629 (1794bp)
Top Length: 1300  Top ID: 96.69
		This contig is misassembled. 2 total aligns.
			Excluding internal overlap of size 1 between Alignment 1 and 2:  29785 30211 | 1319 1744 | 427 426 --> 29786 30211 | 1320 1744 | 426 425
			Real Alignment 1: 26929 28228 | 20 1319 | 1300 1300 | 96.69 | Butyrivibrio_crossotus_gi_226597590_ref_NZ_ NODE_10315_length_1794_cov_0.92927_ID_20629
			  Extensive misassembly ( relocation, inconsistency = 1557 ) between these two alignments
			Real Alignment 2: 29786 30211 | 1320 1744 | 426 425 | 97.89 | Butyrivibrio_crossotus_gi_226597590_ref_NZ_ NODE_10315_length_1794_cov_0.92927_ID_20629

CONTIG: NODE_11085_length_1679_cov_2.45936_ID_22169 (1679bp)
Top Length: 1679  Top ID: 97.56
		One align captures most of this contig: 57650 59328 | 1 1679 | 1679 1679 | 97.56 | Butyrivibrio_crossotus_gi_226597590_ref_NZ_ NODE_11085_length_1679_cov_2.45936_ID_22169

CONTIG: NODE_11315_length_1645_cov_1.55283_ID_22629 (1645bp)
Top Length: 453  Top ID: 97.79
		This contig is partially unaligned. (Aligned 453 out of 1645 bases)
		Alignment: 943066 943518 | 1645 1193 | 453 453 | 97.79 | Butyrivibrio_crossotus_gi_226597590_ref_NZ_ NODE_11315_length_1645_cov_1.55283_ID_22629
		Unaligned bases: 1 to 1192 (1192)

CONTIG: NODE_11527_length_1616_cov_1.90327_ID_23053 (1616bp)
Top Length: 1408  Top ID: 97.51
		This contig is partially unaligned. (Aligned 1408 out of 1616 bases)
		Alignment: 854822 856229 | 209 1616 | 1408 1408 | 97.51 | Butyrivibrio_crossotus_gi_226597590_ref_NZ_ NODE_11527_length_1616_cov_1.90327_ID_23053
		Unaligned bases: 1 to 208 (208)

CONTIG: NODE_11664_length_1599_cov_1.66904_ID_23327 (1599bp)
Top Length: 945  Top ID: 98.31
		This contig is misassembled. 2 total aligns.
			Excluding internal overlap of size 1 between Alignment 1 and 2:  43091 43414 | 1276 1599 | 324 324 --> 43092 43414 | 1277 1599 | 323 323
			Real Alignment 1: 41478 42423 | 332 1276 | 946 945 | 98.31 | Butyrivibrio_crossotus_gi_226597590_ref_NZ_ NODE_11664_length_1599_cov_1.66904_ID_23327
			  Gap between these two alignments (local misassembly). Inconsistency = 668 
			Real Alignment 2: 43092 43414 | 1277 1599 | 323 323 | 98.46 | Butyrivibrio_crossotus_gi_226597590_ref_NZ_ NODE_11664_length_1599_cov_1.66904_ID_23327

CONTIG: NODE_13231_length_1425_cov_8.42555_ID_26461 (1425bp)
Top Length: 117  Top ID: 96.58
		This contig is partially unaligned. (Aligned 117 out of 1425 bases)
		Alignment: 953149 953264 | 1309 1425 | 116 117 | 96.58 | Butyrivibrio_crossotus_gi_226597590_ref_NZ_ NODE_13231_length_1425_cov_8.42555_ID_26461
		Unaligned bases: 1 to 1308 (1308)

CONTIG: NODE_13417_length_1405_cov_1.41037_ID_26833 (1405bp)
Top Length: 1405  Top ID: 99.5
		One align captures most of this contig: 39057 40461 | 1405 1 | 1405 1405 | 99.5 | Butyrivibrio_crossotus_gi_226597590_ref_NZ_ NODE_13417_length_1405_cov_1.41037_ID_26833

CONTIG: NODE_14032_length_1350_cov_27.3552_ID_28063 (1350bp)
Top Length: 1350  Top ID: 98.52
		One align captures most of this contig: 951257 952602 | 1 1350 | 1346 1350 | 98.52 | Butyrivibrio_crossotus_gi_226597590_ref_NZ_ NODE_14032_length_1350_cov_27.3552_ID_28063

CONTIG: NODE_14146_length_1339_cov_1.14408_ID_28291 (1339bp)
Top Length: 1338  Top ID: 98.36
		One align captures most of this contig: 437298 438635 | 1 1338 | 1338 1338 | 98.36 | Butyrivibrio_crossotus_gi_226597590_ref_NZ_ NODE_14146_length_1339_cov_1.14408_ID_28291

CONTIG: NODE_15609_length_1218_cov_1.51075_ID_31217 (1218bp)
Top Length: 1218  Top ID: 99.1
		One align captures most of this contig: 430257 431474 | 1218 1 | 1218 1218 | 99.1 | Butyrivibrio_crossotus_gi_226597590_ref_NZ_ NODE_15609_length_1218_cov_1.51075_ID_31217

CONTIG: NODE_15960_length_1193_cov_1.80844_ID_31919 (1193bp)
Top Length: 1193  Top ID: 99.33
		One align captures most of this contig: 13360 14552 | 1193 1 | 1193 1193 | 99.33 | Butyrivibrio_crossotus_gi_226597590_ref_NZ_ NODE_15960_length_1193_cov_1.80844_ID_31919

CONTIG: NODE_17805_length_1077_cov_2.05577_ID_35609 (1077bp)
Top Length: 1075  Top ID: 98.7
		One align captures most of this contig: 60667 61740 | 1 1075 | 1074 1075 | 98.7 | Butyrivibrio_crossotus_gi_226597590_ref_NZ_ NODE_17805_length_1077_cov_2.05577_ID_35609

CONTIG: NODE_19560_length_984_cov_0.78902_ID_39119 (984bp)
Top Length: 918  Top ID: 96.19
		This contig is partially unaligned. (Aligned 918 out of 984 bases)
		Alignment: 503051 503968 | 65 982 | 918 918 | 96.19 | Butyrivibrio_crossotus_gi_226597590_ref_NZ_ NODE_19560_length_984_cov_0.78902_ID_39119
		Unaligned bases: 1 to 64 (64)
		Unaligned bases: 983 to 984 (2)

CONTIG: NODE_19762_length_974_cov_18.9695_ID_39523 (974bp)
Top Length: 974  Top ID: 99.38
		One align captures most of this contig: 954545 955518 | 1 974 | 974 974 | 99.38 | Butyrivibrio_crossotus_gi_226597590_ref_NZ_ NODE_19762_length_974_cov_18.9695_ID_39523

CONTIG: NODE_22118_length_877_cov_3.20438_ID_44235 (877bp)
Top Length: 776  Top ID: 98.07
		This contig is partially unaligned. (Aligned 776 out of 877 bases)
		Alignment: 447687 448463 | 877 102 | 777 776 | 98.07 | Butyrivibrio_crossotus_gi_226597590_ref_NZ_ NODE_22118_length_877_cov_3.20438_ID_44235
		Unaligned bases: 1 to 101 (101)

CONTIG: NODE_24498_length_790_cov_1.66395_ID_48995 (790bp)
Top Length: 790  Top ID: 99.87
		One align captures most of this contig: 16948 17738 | 1 790 | 791 790 | 99.87 | Butyrivibrio_crossotus_gi_226597590_ref_NZ_ NODE_24498_length_790_cov_1.66395_ID_48995

CONTIG: NODE_26756_length_724_cov_1.25859_ID_53511 (724bp)
Top Length: 724  Top ID: 99.86
		One align captures most of this contig: 34917 35640 | 724 1 | 724 724 | 99.86 | Butyrivibrio_crossotus_gi_226597590_ref_NZ_ NODE_26756_length_724_cov_1.25859_ID_53511

CONTIG: NODE_30527_length_638_cov_1.44425_ID_61053 (638bp)
Top Length: 635  Top ID: 97.64
		One align captures most of this contig: 56655 57290 | 4 638 | 636 635 | 97.64 | Butyrivibrio_crossotus_gi_226597590_ref_NZ_ NODE_30527_length_638_cov_1.44425_ID_61053

CONTIG: NODE_33165_length_593_cov_1.02602_ID_66329 (593bp)
Top Length: 593  Top ID: 99.66
		One align captures most of this contig: 35869 36461 | 593 1 | 593 593 | 99.66 | Butyrivibrio_crossotus_gi_226597590_ref_NZ_ NODE_33165_length_593_cov_1.02602_ID_66329

CONTIG: NODE_33280_length_591_cov_1.82463_ID_66559 (591bp)
Top Length: 591  Top ID: 99.83
		One align captures most of this contig: 49826 50416 | 1 591 | 591 591 | 99.83 | Butyrivibrio_crossotus_gi_226597590_ref_NZ_ NODE_33280_length_591_cov_1.82463_ID_66559

CONTIG: NODE_35634_length_558_cov_1.04374_ID_71267 (558bp)
Top Length: 558  Top ID: 98.03
		One align captures most of this contig: 10350 10907 | 558 1 | 558 558 | 98.03 | Butyrivibrio_crossotus_gi_226597590_ref_NZ_ NODE_35634_length_558_cov_1.04374_ID_71267

CONTIG: NODE_36492_length_547_cov_0.813008_ID_72983 (547bp)
Top Length: 544  Top ID: 97.61
		One align captures most of this contig: 34124 34667 | 547 4 | 544 544 | 97.61 | Butyrivibrio_crossotus_gi_226597590_ref_NZ_ NODE_36492_length_547_cov_0.813008_ID_72983

CONTIG: NODE_39800_length_508_cov_1.69757_ID_79599 (508bp)
Top Length: 508  Top ID: 99.02
		One align captures most of this contig: 61701 62207 | 1 508 | 507 508 | 99.02 | Butyrivibrio_crossotus_gi_226597590_ref_NZ_ NODE_39800_length_508_cov_1.69757_ID_79599

CONTIG: NODE_40531_length_500_cov_7.38652_ID_81061 (500bp)
Top Length: 85  Top ID: 100.0
		This contig is partially unaligned. (Aligned 85 out of 500 bases)
		Alignment: 445685 445769 | 416 500 | 85 85 | 100.0 | Butyrivibrio_crossotus_gi_226597590_ref_NZ_ NODE_40531_length_500_cov_7.38652_ID_81061
		Unaligned bases: 1 to 415 (415)

CONTIG: NODE_20986_length_919_cov_47.6192_ID_41971 (919bp)
Top Length: 380  Top ID: 97.89
		This contig is partially unaligned. (Aligned 380 out of 919 bases)
		Alignment: 1761 2140 | 540 919 | 380 380 | 97.89 | Butyrivibrio_crossotus_gi_226597580_ref_NZ_ NODE_20986_length_919_cov_47.6192_ID_41971
		Unaligned bases: 1 to 539 (539)

CONTIG: NODE_568_length_19959_cov_6.55044_ID_1135 (19959bp)
Top Length: 89  Top ID: 100.0
		This contig is partially unaligned. (Aligned 89 out of 19959 bases)
		Alignment: 349 437 | 321 409 | 89 89 | 100.0 | Butyrivibrio_crossotus_gi_226597589_ref_NZ_ NODE_568_length_19959_cov_6.55044_ID_1135
		Unaligned bases: 1 to 320 (320)
		Unaligned bases: 410 to 19959 (19550)

CONTIG: NODE_630_length_18130_cov_4.94124_ID_1259 (18130bp)
Top Length: 805  Top ID: 95.16
		This contig is partially unaligned. (Aligned 805 out of 18130 bases)
		Alignment: 60221 61025 | 16347 17151 | 805 805 | 95.16 | Butyrivibrio_crossotus_gi_226597589_ref_NZ_ NODE_630_length_18130_cov_4.94124_ID_1259
		Unaligned bases: 1 to 16346 (16346)
		Unaligned bases: 17152 to 18130 (979)
		This contig has both significant aligned and unaligned parts (of length >= min-contig)! It can contain interspecies translocations

CONTIG: NODE_94_length_60890_cov_6.25817_ID_187 (60890bp)
Top Length: 344  Top ID: 96.22
		This contig is misassembled. 2 total aligns.
			Warning! This contig is more unaligned than misassembled. Contig length is 60890 and total length of all aligns is 548
		Alignment: 958055 958258 | 1766 1969 | 204 204 | 98.04 | Butyrivibrio_crossotus_gi_226597590_ref_NZ_ NODE_94_length_60890_cov_6.25817_ID_187
		Alignment: 225142 225484 | 5437 5780 | 343 344 | 96.22 | Butyrivibrio_crossotus_gi_226597586_ref_NZ_ NODE_94_length_60890_cov_6.25817_ID_187
		Unaligned bases: 60342
		This contig has both significant aligned and unaligned parts (of length >= min-contig)! It can contain interspecies translocations
CONTIG: NODE_427_length_24988_cov_7.12634_ID_853 (24988bp)
Top Length: 7714  Top ID: 97.74
		Skipping redundant alignment 280316 280553 | 14439 14202 | 238 238 | 98.32 | Butyrivibrio_crossotus_gi_226597586_ref_NZ_ NODE_427_length_24988_cov_7.12634_ID_853
		This contig is misassembled. 3 total aligns.
			Warning! This contig is more unaligned than misassembled. Contig length is 24988 and total length of all aligns is 7961
		Alignment: 280918 281164 | 14429 14183 | 247 247 | 97.18 | Butyrivibrio_crossotus_gi_226597586_ref_NZ_ NODE_427_length_24988_cov_7.12634_ID_853
		Alignment: 270075 277788 | 24930 17217 | 7714 7714 | 97.74 | Butyrivibrio_crossotus_gi_226597586_ref_NZ_ NODE_427_length_24988_cov_7.12634_ID_853
		Unaligned bases: 17027
		This contig has both significant aligned and unaligned parts (of length >= min-contig)! It can contain interspecies translocations
CONTIG: NODE_528_length_20898_cov_5.04131_ID_1055 (20898bp)
Top Length: 343  Top ID: 97.09
		This contig is partially unaligned. (Aligned 343 out of 20898 bases)
		Alignment: 279835 280178 | 12049 12391 | 344 343 | 97.09 | Butyrivibrio_crossotus_gi_226597586_ref_NZ_ NODE_528_length_20898_cov_5.04131_ID_1055
		Unaligned bases: 1 to 12048 (12048)
		Unaligned bases: 12392 to 20898 (8507)

CONTIG: NODE_874_length_13527_cov_4.20992_ID_1747 (13527bp)
Top Length: 506  Top ID: 97.04
		This contig is misassembled. 2 total aligns.
			Warning! This contig is more unaligned than misassembled. Contig length is 13527 and total length of all aligns is 707
		Alignment: 225494 225695 | 12689 12890 | 202 202 | 100.0 | Butyrivibrio_crossotus_gi_226597586_ref_NZ_ NODE_874_length_13527_cov_4.20992_ID_1747
		Alignment: 225860 226365 | 12890 13395 | 506 506 | 97.04 | Butyrivibrio_crossotus_gi_226597586_ref_NZ_ NODE_874_length_13527_cov_4.20992_ID_1747
		Unaligned bases: 12820
		This contig has both significant aligned and unaligned parts (of length >= min-contig)! It can contain interspecies translocations
CONTIG: NODE_1327_length_9516_cov_7.63704_ID_2653 (9516bp)
Top Length: 6970  Top ID: 99.56
		This contig is misassembled. 2 total aligns.
			Real Alignment 1: 246921 253890 | 1 6970 | 6970 6970 | 99.56 | Butyrivibrio_crossotus_gi_226597586_ref_NZ_ NODE_1327_length_9516_cov_7.63704_ID_2653
			  Extensive misassembly ( relocation, inconsistency = 8487 ) between these two alignments
			Real Alignment 2: 264752 264923 | 9345 9516 | 172 172 | 95.93 | Butyrivibrio_crossotus_gi_226597586_ref_NZ_ NODE_1327_length_9516_cov_7.63704_ID_2653
		This contig has significant unaligned parts (of length >= min-contig)! It can contain interspecies translocations

CONTIG: NODE_1341_length_9379_cov_8.33719_ID_2681 (9379bp)
Top Length: 5450  Top ID: 96.79
		This contig is misassembled. 2 total aligns.
			Real Alignment 1: 227952 233399 | 5450 1 | 5448 5450 | 96.79 | Butyrivibrio_crossotus_gi_226597586_ref_NZ_ NODE_1341_length_9379_cov_8.33719_ID_2681
			  Extensive misassembly ( translocation ) between these two alignments
			Real Alignment 2: 1049749 1049832 | 9100 9017 | 84 84 | 97.62 | Butyrivibrio_crossotus_gi_226597590_ref_NZ_ NODE_1341_length_9379_cov_8.33719_ID_2681
		This contig has significant unaligned parts (of length >= min-contig)! It can contain interspecies translocations

CONTIG: NODE_1912_length_6940_cov_7.72578_ID_3823 (6940bp)
Top Length: 4452  Top ID: 95.91
		This contig is partially unaligned. (Aligned 4452 out of 6940 bases)
		Alignment: 242422 246874 | 1414 5865 | 4453 4452 | 95.91 | Butyrivibrio_crossotus_gi_226597586_ref_NZ_ NODE_1912_length_6940_cov_7.72578_ID_3823
		Unaligned bases: 1 to 1413 (1413)
		Unaligned bases: 5866 to 6940 (1075)
		This contig has both significant aligned and unaligned parts (of length >= min-contig)! It can contain interspecies translocations

CONTIG: NODE_2904_length_5054_cov_1.17664_ID_5807 (5054bp)
Top Length: 98  Top ID: 98.98
		This contig is partially unaligned. (Aligned 98 out of 5054 bases)
		Alignment: 229935 230032 | 4957 5054 | 98 98 | 98.98 | Butyrivibrio_crossotus_gi_226597586_ref_NZ_ NODE_2904_length_5054_cov_1.17664_ID_5807
		Unaligned bases: 1 to 4956 (4956)

CONTIG: NODE_5638_length_3020_cov_4.44486_ID_11275 (3020bp)
Top Length: 3020  Top ID: 96.53
		One align captures most of this contig: 261797 264850 | 3020 1 | 3054 3020 | 96.53 | Butyrivibrio_crossotus_gi_226597586_ref_NZ_ NODE_5638_length_3020_cov_4.44486_ID_11275

CONTIG: NODE_6076_length_2833_cov_7.48884_ID_12151 (2833bp)
Top Length: 1139  Top ID: 97.45
		This contig is partially unaligned. (Aligned 1139 out of 2833 bases)
		Alignment: 268938 270076 | 1329 191 | 1139 1139 | 97.45 | Butyrivibrio_crossotus_gi_226597586_ref_NZ_ NODE_6076_length_2833_cov_7.48884_ID_12151
		Unaligned bases: 1 to 190 (190)
		Unaligned bases: 1330 to 2833 (1504)
		This contig has both significant aligned and unaligned parts (of length >= min-contig)! It can contain interspecies translocations

CONTIG: NODE_6743_length_2597_cov_2.62392_ID_13485 (2597bp)
Top Length: 155  Top ID: 96.13
		This contig is partially unaligned. (Aligned 155 out of 2597 bases)
		Alignment: 233507 233661 | 2443 2597 | 155 155 | 96.13 | Butyrivibrio_crossotus_gi_226597586_ref_NZ_ NODE_6743_length_2597_cov_2.62392_ID_13485
		Unaligned bases: 1 to 2442 (2442)

CONTIG: NODE_7462_length_2381_cov_16.4901_ID_14923 (2381bp)
Top Length: 2381  Top ID: 95.97
		One align captures most of this contig: 266127 268506 | 2381 1 | 2380 2381 | 95.97 | Butyrivibrio_crossotus_gi_226597586_ref_NZ_ NODE_7462_length_2381_cov_16.4901_ID_14923

CONTIG: NODE_14631_length_1297_cov_5.40902_ID_29261 (1297bp)
Top Length: 375  Top ID: 97.61
		This contig is partially unaligned. (Aligned 375 out of 1297 bases)
		Alignment: 221706 222080 | 106 480 | 375 375 | 97.61 | Butyrivibrio_crossotus_gi_226597586_ref_NZ_ NODE_14631_length_1297_cov_5.40902_ID_29261
		Unaligned bases: 1 to 105 (105)
		Unaligned bases: 481 to 1297 (817)

CONTIG: NODE_31720_length_617_cov_1.50534_ID_63439 (617bp)
Top Length: 612  Top ID: 97.22
		One align captures most of this contig: 279043 279654 | 1 612 | 612 612 | 97.22 | Butyrivibrio_crossotus_gi_226597586_ref_NZ_ NODE_31720_length_617_cov_1.50534_ID_63439

CONTIG: NODE_39941_length_507_cov_12.9381_ID_79881 (507bp)
Top Length: 507  Top ID: 98.62
		One align captures most of this contig: 266570 267076 | 507 1 | 507 507 | 98.62 | Butyrivibrio_crossotus_gi_226597586_ref_NZ_ NODE_39941_length_507_cov_12.9381_ID_79881

Analyzing coverage...
Writing SNPs into /Molly/gurevich/MetaQUAST/res_final/res_metahit_final/runs_per_reference/Butyrivibrio_crossotus/contigs_reports/nucmer_output/SPAdes.used_snps
ERROR: Reference Butyrivibrio_crossotus_gi_226597596_ref_NZ_ does not have any alignments!  Check that this is the same file used for alignment.
ERROR: Alignment Reference Headers: ['Butyrivibrio_crossotus_gi_226597585_ref_NZ_', 'Butyrivibrio_crossotus_gi_226597590_ref_NZ_', 'Butyrivibrio_crossotus_gi_226597589_ref_NZ_', 'Butyrivibrio_crossotus_gi_226597588_ref_NZ_', 'Butyrivibrio_crossotus_gi_226597586_ref_NZ_', 'Butyrivibrio_crossotus_gi_226597580_ref_NZ_']
ERROR: Reference Butyrivibrio_crossotus_gi_226597594_ref_NZ_ does not have any alignments!  Check that this is the same file used for alignment.
ERROR: Alignment Reference Headers: ['Butyrivibrio_crossotus_gi_226597585_ref_NZ_', 'Butyrivibrio_crossotus_gi_226597590_ref_NZ_', 'Butyrivibrio_crossotus_gi_226597589_ref_NZ_', 'Butyrivibrio_crossotus_gi_226597588_ref_NZ_', 'Butyrivibrio_crossotus_gi_226597586_ref_NZ_', 'Butyrivibrio_crossotus_gi_226597580_ref_NZ_']
	Reference Butyrivibrio_crossotus_gi_226597589_ref_NZ_: 2 total alignments. 1 total regions.
		Region: 1 to 106473 (106473 bp)
			START in gap: 1 to 349 (348 bp)
			Align 1: 349 437 NODE_568_length_19959_cov_6.55044_ID_1135 321 409
				Gap between this and next alignment: 437 to 60221 (59783 bp)
				Next Alignment: 60221 61025 NODE_630_length_18130_cov_4.94124_ID_1259 16347 17151

			Align 2: 60221 61025 NODE_630_length_18130_cov_4.94124_ID_1259 16347 17151
			END in gap: 61025 to 106473 (45448 bp)

ERROR: Reference Butyrivibrio_crossotus_gi_226597597_ref_NZ_ does not have any alignments!  Check that this is the same file used for alignment.
ERROR: Alignment Reference Headers: ['Butyrivibrio_crossotus_gi_226597585_ref_NZ_', 'Butyrivibrio_crossotus_gi_226597590_ref_NZ_', 'Butyrivibrio_crossotus_gi_226597589_ref_NZ_', 'Butyrivibrio_crossotus_gi_226597588_ref_NZ_', 'Butyrivibrio_crossotus_gi_226597586_ref_NZ_', 'Butyrivibrio_crossotus_gi_226597580_ref_NZ_']
	Reference Butyrivibrio_crossotus_gi_226597586_ref_NZ_: 18 total alignments. 1 total regions.
		Region: 1 to 305755 (305755 bp)
			START in gap: 1 to 221706 (221705 bp)
			Align 1: 221706 222080 NODE_14631_length_1297_cov_5.40902_ID_29261 106 480
				Gap between this and next alignment: 222080 to 225142 (3061 bp)
				Next Alignment: 225142 225484 NODE_94_length_60890_cov_6.25817_ID_187 5437 5780

			Align 2: 225142 225484 NODE_94_length_60890_cov_6.25817_ID_187 5437 5780
				Gap between this and next alignment: 225484 to 225494 (9 bp)
				Next Alignment: 225494 225695 NODE_874_length_13527_cov_4.20992_ID_1747 12689 12890

			Align 3: 225494 225695 NODE_874_length_13527_cov_4.20992_ID_1747 12689 12890
				Gap between this and next alignment: 225695 to 225860 (164 bp)
				Next Alignment: 225860 226365 NODE_874_length_13527_cov_4.20992_ID_1747 12890 13395

			Align 4: 225860 226365 NODE_874_length_13527_cov_4.20992_ID_1747 12890 13395
				Gap between this and next alignment: 226365 to 227952 (1586 bp)
				Next Alignment: 227952 233399 NODE_1341_length_9379_cov_8.33719_ID_2681 5450 1

			Align 5: 227952 233399 NODE_1341_length_9379_cov_8.33719_ID_2681 5450 1
				The next alignment (229935 230032 NODE_2904_length_5054_cov_1.17664_ID_5807 4957 5054) is redundant. Skipping.
				Gap between this and next alignment: 233399 to 233507 (107 bp)
				Next Alignment: 233507 233661 NODE_6743_length_2597_cov_2.62392_ID_13485 2443 2597

			Align 7: 233507 233661 NODE_6743_length_2597_cov_2.62392_ID_13485 2443 2597
				Gap between this and next alignment: 233661 to 242422 (8760 bp)
				Next Alignment: 242422 246874 NODE_1912_length_6940_cov_7.72578_ID_3823 1414 5865

			Align 8: 242422 246874 NODE_1912_length_6940_cov_7.72578_ID_3823 1414 5865
				Gap between this and next alignment: 246874 to 246921 (46 bp)
				Next Alignment: 246921 253890 NODE_1327_length_9516_cov_7.63704_ID_2653 1 6970

			Align 9: 246921 253890 NODE_1327_length_9516_cov_7.63704_ID_2653 1 6970
				Gap between this and next alignment: 253890 to 261797 (7906 bp)
				Next Alignment: 261797 264850 NODE_5638_length_3020_cov_4.44486_ID_11275 3020 1

			Align 10: 261797 264850 NODE_5638_length_3020_cov_4.44486_ID_11275 3020 1
				Negative gap (overlap) between this and next alignment: 264850 to 264752 (-98 bp)
				Next Alignment: 264752 264923 NODE_1327_length_9516_cov_7.63704_ID_2653 9345 9516

			Previous gap was negative, modifying coordinates to ignore overlap
				Moving contig start from 9345 to 9444.
			Align 11: 264851 264923 NODE_1327_length_9516_cov_7.63704_ID_2653 9444 9516
				Gap between this and next alignment: 264923 to 266127 (1203 bp)
				Next Alignment: 266127 268506 NODE_7462_length_2381_cov_16.4901_ID_14923 2381 1

			Align 12: 266127 268506 NODE_7462_length_2381_cov_16.4901_ID_14923 2381 1
				The next alignment (266570 267076 NODE_39941_length_507_cov_12.9381_ID_79881 507 1) is redundant. Skipping.
				Gap between this and next alignment: 268506 to 268938 (431 bp)
				Next Alignment: 268938 270076 NODE_6076_length_2833_cov_7.48884_ID_12151 1329 191

			Align 14: 268938 270076 NODE_6076_length_2833_cov_7.48884_ID_12151 1329 191
				Negative gap (overlap) between this and next alignment: 270076 to 270075 (-1 bp)
				Next Alignment: 270075 277788 NODE_427_length_24988_cov_7.12634_ID_853 24930 17217

			Previous gap was negative, modifying coordinates to ignore overlap
				Moving contig start from 24930 to 24928.
			Align 15: 270077 277788 NODE_427_length_24988_cov_7.12634_ID_853 24928 17217
				Gap between this and next alignment: 277788 to 279043 (1254 bp)
				Next Alignment: 279043 279654 NODE_31720_length_617_cov_1.50534_ID_63439 1 612

			Align 16: 279043 279654 NODE_31720_length_617_cov_1.50534_ID_63439 1 612
				Gap between this and next alignment: 279654 to 279835 (180 bp)
				Next Alignment: 279835 280178 NODE_528_length_20898_cov_5.04131_ID_1055 12049 12391

			Align 17: 279835 280178 NODE_528_length_20898_cov_5.04131_ID_1055 12049 12391
				Gap between this and next alignment: 280178 to 280918 (739 bp)
				Next Alignment: 280918 281164 NODE_427_length_24988_cov_7.12634_ID_853 14429 14183

			Align 18: 280918 281164 NODE_427_length_24988_cov_7.12634_ID_853 14429 14183
			END in gap: 281164 to 305755 (24591 bp)

ERROR: Reference Butyrivibrio_crossotus_gi_226597577_ref_NZ_ does not have any alignments!  Check that this is the same file used for alignment.
ERROR: Alignment Reference Headers: ['Butyrivibrio_crossotus_gi_226597585_ref_NZ_', 'Butyrivibrio_crossotus_gi_226597590_ref_NZ_', 'Butyrivibrio_crossotus_gi_226597589_ref_NZ_', 'Butyrivibrio_crossotus_gi_226597588_ref_NZ_', 'Butyrivibrio_crossotus_gi_226597586_ref_NZ_', 'Butyrivibrio_crossotus_gi_226597580_ref_NZ_']
ERROR: Reference Butyrivibrio_crossotus_gi_226597583_ref_NZ_ does not have any alignments!  Check that this is the same file used for alignment.
ERROR: Alignment Reference Headers: ['Butyrivibrio_crossotus_gi_226597585_ref_NZ_', 'Butyrivibrio_crossotus_gi_226597590_ref_NZ_', 'Butyrivibrio_crossotus_gi_226597589_ref_NZ_', 'Butyrivibrio_crossotus_gi_226597588_ref_NZ_', 'Butyrivibrio_crossotus_gi_226597586_ref_NZ_', 'Butyrivibrio_crossotus_gi_226597580_ref_NZ_']
ERROR: Reference Butyrivibrio_crossotus_gi_226597582_ref_NZ_ does not have any alignments!  Check that this is the same file used for alignment.
ERROR: Alignment Reference Headers: ['Butyrivibrio_crossotus_gi_226597585_ref_NZ_', 'Butyrivibrio_crossotus_gi_226597590_ref_NZ_', 'Butyrivibrio_crossotus_gi_226597589_ref_NZ_', 'Butyrivibrio_crossotus_gi_226597588_ref_NZ_', 'Butyrivibrio_crossotus_gi_226597586_ref_NZ_', 'Butyrivibrio_crossotus_gi_226597580_ref_NZ_']
ERROR: Reference Butyrivibrio_crossotus_gi_226597574_ref_NZ_ does not have any alignments!  Check that this is the same file used for alignment.
ERROR: Alignment Reference Headers: ['Butyrivibrio_crossotus_gi_226597585_ref_NZ_', 'Butyrivibrio_crossotus_gi_226597590_ref_NZ_', 'Butyrivibrio_crossotus_gi_226597589_ref_NZ_', 'Butyrivibrio_crossotus_gi_226597588_ref_NZ_', 'Butyrivibrio_crossotus_gi_226597586_ref_NZ_', 'Butyrivibrio_crossotus_gi_226597580_ref_NZ_']
	Reference Butyrivibrio_crossotus_gi_226597588_ref_NZ_: 3 total alignments. 1 total regions.
		Region: 1 to 253147 (253147 bp)
			START in gap: 1 to 73691 (73690 bp)
			Align 1: 73691 73791 NODE_57_length_74759_cov_5.5387_ID_113 48828 48729
				The next alignment (73701 73791 NODE_541_length_20595_cov_4.39557_ID_1081 3929 3839) is redundant. Skipping.
				Gap between this and next alignment: 73791 to 90111 (16319 bp)
				Next Alignment: 90111 90194 NODE_193_length_41584_cov_2.44588_ID_385 27405 27487

			Align 3: 90111 90194 NODE_193_length_41584_cov_2.44588_ID_385 27405 27487
			END in gap: 90194 to 253147 (162953 bp)

ERROR: Reference Butyrivibrio_crossotus_gi_226597592_ref_NZ_ does not have any alignments!  Check that this is the same file used for alignment.
ERROR: Alignment Reference Headers: ['Butyrivibrio_crossotus_gi_226597585_ref_NZ_', 'Butyrivibrio_crossotus_gi_226597590_ref_NZ_', 'Butyrivibrio_crossotus_gi_226597589_ref_NZ_', 'Butyrivibrio_crossotus_gi_226597588_ref_NZ_', 'Butyrivibrio_crossotus_gi_226597586_ref_NZ_', 'Butyrivibrio_crossotus_gi_226597580_ref_NZ_']
	Reference Butyrivibrio_crossotus_gi_226597580_ref_NZ_: 1 total alignments. 1 total regions.
		Region: 1 to 5674 (5674 bp)
			START in gap: 1 to 1761 (1760 bp)
			Align 1: 1761 2140 NODE_20986_length_919_cov_47.6192_ID_41971 540 919
			END in gap: 2140 to 5674 (3534 bp)

ERROR: Reference Butyrivibrio_crossotus_gi_226597600_ref_NZ_ does not have any alignments!  Check that this is the same file used for alignment.
ERROR: Alignment Reference Headers: ['Butyrivibrio_crossotus_gi_226597585_ref_NZ_', 'Butyrivibrio_crossotus_gi_226597590_ref_NZ_', 'Butyrivibrio_crossotus_gi_226597589_ref_NZ_', 'Butyrivibrio_crossotus_gi_226597588_ref_NZ_', 'Butyrivibrio_crossotus_gi_226597586_ref_NZ_', 'Butyrivibrio_crossotus_gi_226597580_ref_NZ_']
ERROR: Reference Butyrivibrio_crossotus_gi_226597576_ref_NZ_ does not have any alignments!  Check that this is the same file used for alignment.
ERROR: Alignment Reference Headers: ['Butyrivibrio_crossotus_gi_226597585_ref_NZ_', 'Butyrivibrio_crossotus_gi_226597590_ref_NZ_', 'Butyrivibrio_crossotus_gi_226597589_ref_NZ_', 'Butyrivibrio_crossotus_gi_226597588_ref_NZ_', 'Butyrivibrio_crossotus_gi_226597586_ref_NZ_', 'Butyrivibrio_crossotus_gi_226597580_ref_NZ_']
ERROR: Reference Butyrivibrio_crossotus_gi_226597599_ref_NZ_ does not have any alignments!  Check that this is the same file used for alignment.
ERROR: Alignment Reference Headers: ['Butyrivibrio_crossotus_gi_226597585_ref_NZ_', 'Butyrivibrio_crossotus_gi_226597590_ref_NZ_', 'Butyrivibrio_crossotus_gi_226597589_ref_NZ_', 'Butyrivibrio_crossotus_gi_226597588_ref_NZ_', 'Butyrivibrio_crossotus_gi_226597586_ref_NZ_', 'Butyrivibrio_crossotus_gi_226597580_ref_NZ_']
	Reference Butyrivibrio_crossotus_gi_226597585_ref_NZ_: 1 total alignments. 1 total regions.
		Region: 1 to 399583 (399583 bp)
			START in gap: 1 to 261051 (261050 bp)
			Align 1: 261051 261360 NODE_14798_length_1282_cov_0.779951_ID_29595 310 1
			END in gap: 261360 to 399583 (138223 bp)

ERROR: Reference Butyrivibrio_crossotus_gi_226597587_ref_NZ_ does not have any alignments!  Check that this is the same file used for alignment.
ERROR: Alignment Reference Headers: ['Butyrivibrio_crossotus_gi_226597585_ref_NZ_', 'Butyrivibrio_crossotus_gi_226597590_ref_NZ_', 'Butyrivibrio_crossotus_gi_226597589_ref_NZ_', 'Butyrivibrio_crossotus_gi_226597588_ref_NZ_', 'Butyrivibrio_crossotus_gi_226597586_ref_NZ_', 'Butyrivibrio_crossotus_gi_226597580_ref_NZ_']
ERROR: Reference Butyrivibrio_crossotus_gi_226597575_ref_NZ_ does not have any alignments!  Check that this is the same file used for alignment.
ERROR: Alignment Reference Headers: ['Butyrivibrio_crossotus_gi_226597585_ref_NZ_', 'Butyrivibrio_crossotus_gi_226597590_ref_NZ_', 'Butyrivibrio_crossotus_gi_226597589_ref_NZ_', 'Butyrivibrio_crossotus_gi_226597588_ref_NZ_', 'Butyrivibrio_crossotus_gi_226597586_ref_NZ_', 'Butyrivibrio_crossotus_gi_226597580_ref_NZ_']
ERROR: Reference Butyrivibrio_crossotus_gi_226597584_ref_NZ_ does not have any alignments!  Check that this is the same file used for alignment.
ERROR: Alignment Reference Headers: ['Butyrivibrio_crossotus_gi_226597585_ref_NZ_', 'Butyrivibrio_crossotus_gi_226597590_ref_NZ_', 'Butyrivibrio_crossotus_gi_226597589_ref_NZ_', 'Butyrivibrio_crossotus_gi_226597588_ref_NZ_', 'Butyrivibrio_crossotus_gi_226597586_ref_NZ_', 'Butyrivibrio_crossotus_gi_226597580_ref_NZ_']
ERROR: Reference Butyrivibrio_crossotus_gi_226597595_ref_NZ_ does not have any alignments!  Check that this is the same file used for alignment.
ERROR: Alignment Reference Headers: ['Butyrivibrio_crossotus_gi_226597585_ref_NZ_', 'Butyrivibrio_crossotus_gi_226597590_ref_NZ_', 'Butyrivibrio_crossotus_gi_226597589_ref_NZ_', 'Butyrivibrio_crossotus_gi_226597588_ref_NZ_', 'Butyrivibrio_crossotus_gi_226597586_ref_NZ_', 'Butyrivibrio_crossotus_gi_226597580_ref_NZ_']
ERROR: Reference Butyrivibrio_crossotus_gi_226597570_ref_NZ_ does not have any alignments!  Check that this is the same file used for alignment.
ERROR: Alignment Reference Headers: ['Butyrivibrio_crossotus_gi_226597585_ref_NZ_', 'Butyrivibrio_crossotus_gi_226597590_ref_NZ_', 'Butyrivibrio_crossotus_gi_226597589_ref_NZ_', 'Butyrivibrio_crossotus_gi_226597588_ref_NZ_', 'Butyrivibrio_crossotus_gi_226597586_ref_NZ_', 'Butyrivibrio_crossotus_gi_226597580_ref_NZ_']
ERROR: Reference Butyrivibrio_crossotus_gi_226597572_ref_NZ_ does not have any alignments!  Check that this is the same file used for alignment.
ERROR: Alignment Reference Headers: ['Butyrivibrio_crossotus_gi_226597585_ref_NZ_', 'Butyrivibrio_crossotus_gi_226597590_ref_NZ_', 'Butyrivibrio_crossotus_gi_226597589_ref_NZ_', 'Butyrivibrio_crossotus_gi_226597588_ref_NZ_', 'Butyrivibrio_crossotus_gi_226597586_ref_NZ_', 'Butyrivibrio_crossotus_gi_226597580_ref_NZ_']
ERROR: Reference Butyrivibrio_crossotus_gi_226597598_ref_NZ_ does not have any alignments!  Check that this is the same file used for alignment.
ERROR: Alignment Reference Headers: ['Butyrivibrio_crossotus_gi_226597585_ref_NZ_', 'Butyrivibrio_crossotus_gi_226597590_ref_NZ_', 'Butyrivibrio_crossotus_gi_226597589_ref_NZ_', 'Butyrivibrio_crossotus_gi_226597588_ref_NZ_', 'Butyrivibrio_crossotus_gi_226597586_ref_NZ_', 'Butyrivibrio_crossotus_gi_226597580_ref_NZ_']
ERROR: Reference Butyrivibrio_crossotus_gi_226597578_ref_NZ_ does not have any alignments!  Check that this is the same file used for alignment.
ERROR: Alignment Reference Headers: ['Butyrivibrio_crossotus_gi_226597585_ref_NZ_', 'Butyrivibrio_crossotus_gi_226597590_ref_NZ_', 'Butyrivibrio_crossotus_gi_226597589_ref_NZ_', 'Butyrivibrio_crossotus_gi_226597588_ref_NZ_', 'Butyrivibrio_crossotus_gi_226597586_ref_NZ_', 'Butyrivibrio_crossotus_gi_226597580_ref_NZ_']
	Reference Butyrivibrio_crossotus_gi_226597590_ref_NZ_: 61 total alignments. 1 total regions.
		Region: 1 to 1117448 (1117448 bp)
			START in gap: 1 to 10350 (10349 bp)
			Align 1: 10350 10907 NODE_35634_length_558_cov_1.04374_ID_71267 558 1
				Gap between this and next alignment: 10907 to 11187 (279 bp)
				Next Alignment: 11187 13343 NODE_4508_length_3610_cov_14.5204_ID_9015 1452 3610

			Align 2: 11187 13343 NODE_4508_length_3610_cov_14.5204_ID_9015 1452 3610
				Gap between this and next alignment: 13343 to 13360 (16 bp)
				Next Alignment: 13360 14552 NODE_15960_length_1193_cov_1.80844_ID_31919 1193 1

			Align 3: 13360 14552 NODE_15960_length_1193_cov_1.80844_ID_31919 1193 1
				Gap between this and next alignment: 14552 to 16948 (2395 bp)
				Next Alignment: 16948 17738 NODE_24498_length_790_cov_1.66395_ID_48995 1 790

			Align 4: 16948 17738 NODE_24498_length_790_cov_1.66395_ID_48995 1 790
				Negative gap (overlap) between this and next alignment: 17738 to 17583 (-155 bp)
				Next Alignment: 17583 24071 NODE_489_length_22219_cov_6.18535_ID_977 2747 9238

			Previous gap was negative, modifying coordinates to ignore overlap
				Moving contig start from 2747 to 2906.
			Align 5: 17739 24071 NODE_489_length_22219_cov_6.18535_ID_977 2906 9238
				Gap between this and next alignment: 24071 to 25419 (1347 bp)
				Next Alignment: 25419 26971 NODE_7365_length_2412_cov_1.32711_ID_14729 859 2412

			Align 6: 25419 26971 NODE_7365_length_2412_cov_1.32711_ID_14729 859 2412
				Negative gap (overlap) between this and next alignment: 26971 to 26929 (-42 bp)
				Next Alignment: 26929 28228 NODE_10315_length_1794_cov_0.92927_ID_20629 20 1319

			Previous gap was negative, modifying coordinates to ignore overlap
				Moving contig start from 20 to 63.
			Align 7: 26972 28228 NODE_10315_length_1794_cov_0.92927_ID_20629 63 1319
				Gap between this and next alignment: 28228 to 28836 (607 bp)
				Next Alignment: 28836 29437 NODE_6707_length_2609_cov_0.927173_ID_13413 302 903

			Align 8: 28836 29437 NODE_6707_length_2609_cov_0.927173_ID_13413 302 903
				Gap between this and next alignment: 29437 to 29786 (348 bp)
				Next Alignment: 29786 30211 NODE_10315_length_1794_cov_0.92927_ID_20629 1320 1744

			Align 9: 29786 30211 NODE_10315_length_1794_cov_0.92927_ID_20629 1320 1744
				Negative gap (overlap) between this and next alignment: 30211 to 30208 (-3 bp)
				Next Alignment: 30208 30323 NODE_1265_length_9938_cov_5.44956_ID_2529 117 1

			Previous gap was negative, modifying coordinates to ignore overlap
				Moving contig start from 117 to 112.
			Align 10: 30212 30323 NODE_1265_length_9938_cov_5.44956_ID_2529 112 1
				Negative gap (overlap) between this and next alignment: 30323 to 30269 (-54 bp)
				Next Alignment: 30269 32960 NODE_6467_length_2693_cov_18.5705_ID_12933 2693 2

			Previous gap was negative, modifying coordinates to ignore overlap
				Moving contig start from 2693 to 2638.
			Align 11: 30324 32960 NODE_6467_length_2693_cov_18.5705_ID_12933 2638 2
				Gap between this and next alignment: 32960 to 33592 (631 bp)
				Next Alignment: 33592 33759 NODE_577_length_19620_cov_2.49389_ID_1153 11212 11379

			Align 12: 33592 33759 NODE_577_length_19620_cov_2.49389_ID_1153 11212 11379
				Gap between this and next alignment: 33759 to 34124 (364 bp)
				Next Alignment: 34124 34667 NODE_36492_length_547_cov_0.813008_ID_72983 547 4

			Align 13: 34124 34667 NODE_36492_length_547_cov_0.813008_ID_72983 547 4
				Gap between this and next alignment: 34667 to 34917 (249 bp)
				Next Alignment: 34917 35640 NODE_26756_length_724_cov_1.25859_ID_53511 724 1

			Align 14: 34917 35640 NODE_26756_length_724_cov_1.25859_ID_53511 724 1
				Gap between this and next alignment: 35640 to 35869 (228 bp)
				Next Alignment: 35869 36461 NODE_33165_length_593_cov_1.02602_ID_66329 593 1

			Align 15: 35869 36461 NODE_33165_length_593_cov_1.02602_ID_66329 593 1
				Gap between this and next alignment: 36461 to 36492 (30 bp)
				Next Alignment: 36492 38298 NODE_361_length_28535_cov_4.30137_ID_721 26618 28410

			Align 16: 36492 38298 NODE_361_length_28535_cov_4.30137_ID_721 26618 28410
				Gap between this and next alignment: 38298 to 39057 (758 bp)
				Next Alignment: 39057 40461 NODE_13417_length_1405_cov_1.41037_ID_26833 1405 1

			Align 17: 39057 40461 NODE_13417_length_1405_cov_1.41037_ID_26833 1405 1
				Gap between this and next alignment: 40461 to 41478 (1016 bp)
				Next Alignment: 41478 42423 NODE_11664_length_1599_cov_1.66904_ID_23327 332 1276

			Align 18: 41478 42423 NODE_11664_length_1599_cov_1.66904_ID_23327 332 1276
				Gap between this and next alignment: 42423 to 43092 (668 bp)
				Next Alignment: 43092 43414 NODE_11664_length_1599_cov_1.66904_ID_23327 1277 1599

			Align 19: 43092 43414 NODE_11664_length_1599_cov_1.66904_ID_23327 1277 1599
				Negative gap (overlap) between this and next alignment: 43414 to 43375 (-39 bp)
				Next Alignment: 43375 44112 NODE_9574_length_1923_cov_2.17291_ID_19147 3 740

			Previous gap was negative, modifying coordinates to ignore overlap
				Moving contig start from 3 to 43.
			Align 20: 43415 44112 NODE_9574_length_1923_cov_2.17291_ID_19147 43 740
				Gap between this and next alignment: 44112 to 44662 (549 bp)
				Next Alignment: 44662 45274 NODE_9574_length_1923_cov_2.17291_ID_19147 1311 1923

			Align 21: 44662 45274 NODE_9574_length_1923_cov_2.17291_ID_19147 1311 1923
				Gap between this and next alignment: 45274 to 49826 (4551 bp)
				Next Alignment: 49826 50416 NODE_33280_length_591_cov_1.82463_ID_66559 1 591

			Align 22: 49826 50416 NODE_33280_length_591_cov_1.82463_ID_66559 1 591
				Gap between this and next alignment: 50416 to 52921 (2504 bp)
				Next Alignment: 52921 56723 NODE_4225_length_3803_cov_1.65368_ID_8449 3803 1

			Align 23: 52921 56723 NODE_4225_length_3803_cov_1.65368_ID_8449 3803 1
				Negative gap (overlap) between this and next alignment: 56723 to 56655 (-68 bp)
				Next Alignment: 56655 57290 NODE_30527_length_638_cov_1.44425_ID_61053 4 638

			Previous gap was negative, modifying coordinates to ignore overlap
				Moving contig start from 4 to 73.
			Align 24: 56724 57290 NODE_30527_length_638_cov_1.44425_ID_61053 73 638
				Gap between this and next alignment: 57290 to 57650 (359 bp)
				Next Alignment: 57650 59328 NODE_11085_length_1679_cov_2.45936_ID_22169 1 1679

			Align 25: 57650 59328 NODE_11085_length_1679_cov_2.45936_ID_22169 1 1679
				Gap between this and next alignment: 59328 to 59529 (200 bp)
				Next Alignment: 59529 60319 NODE_108_length_58346_cov_4.81133_ID_215 47347 46558

			Align 26: 59529 60319 NODE_108_length_58346_cov_4.81133_ID_215 47347 46558
				The next alignment (60140 60209 NODE_9_length_131559_cov_5.15914_ID_17 70 1) is redundant. Skipping.
				Gap between this and next alignment: 60319 to 60667 (347 bp)
				Next Alignment: 60667 61740 NODE_17805_length_1077_cov_2.05577_ID_35609 1 1075

			Align 28: 60667 61740 NODE_17805_length_1077_cov_2.05577_ID_35609 1 1075
				Negative gap (overlap) between this and next alignment: 61740 to 61701 (-39 bp)
				Next Alignment: 61701 62207 NODE_39800_length_508_cov_1.69757_ID_79599 1 508

			Previous gap was negative, modifying coordinates to ignore overlap
				Moving contig start from 1 to 41.
			Align 29: 61741 62207 NODE_39800_length_508_cov_1.69757_ID_79599 41 508
				Gap between this and next alignment: 62207 to 320876 (258668 bp)
				Next Alignment: 320876 321123 NODE_8777_length_2074_cov_3.8321_ID_17553 1827 2074

			Align 30: 320876 321123 NODE_8777_length_2074_cov_3.8321_ID_17553 1827 2074
				Gap between this and next alignment: 321123 to 430257 (109133 bp)
				Next Alignment: 430257 431474 NODE_15609_length_1218_cov_1.51075_ID_31217 1218 1

			Align 31: 430257 431474 NODE_15609_length_1218_cov_1.51075_ID_31217 1218 1
				Gap between this and next alignment: 431474 to 431811 (336 bp)
				Next Alignment: 431811 434829 NODE_5649_length_3015_cov_1.72703_ID_11297 1 3015

			Align 32: 431811 434829 NODE_5649_length_3015_cov_1.72703_ID_11297 1 3015
				Gap between this and next alignment: 434829 to 436007 (1177 bp)
				Next Alignment: 436007 437326 NODE_3529_length_4358_cov_2.41855_ID_7057 1368 39

			Align 33: 436007 437326 NODE_3529_length_4358_cov_2.41855_ID_7057 1368 39
				Negative gap (overlap) between this and next alignment: 437326 to 437298 (-28 bp)
				Next Alignment: 437298 438635 NODE_14146_length_1339_cov_1.14408_ID_28291 1 1338

			Previous gap was negative, modifying coordinates to ignore overlap
				Moving contig start from 1 to 30.
			Align 34: 437327 438635 NODE_14146_length_1339_cov_1.14408_ID_28291 30 1338
				Gap between this and next alignment: 438635 to 438689 (53 bp)
				Next Alignment: 438689 440034 NODE_6210_length_2779_cov_1.19016_ID_12419 2779 1435

			Align 35: 438689 440034 NODE_6210_length_2779_cov_1.19016_ID_12419 2779 1435
				Gap between this and next alignment: 440034 to 440130 (95 bp)
				Next Alignment: 440130 441066 NODE_6210_length_2779_cov_1.19016_ID_12419 1341 405

			Align 36: 440130 441066 NODE_6210_length_2779_cov_1.19016_ID_12419 1341 405
				Gap between this and next alignment: 441066 to 445684 (4617 bp)
				Next Alignment: 445684 445769 NODE_2952_length_4999_cov_3.54531_ID_5903 4914 4999

			Align 37: 445684 445769 NODE_2952_length_4999_cov_3.54531_ID_5903 4914 4999
				The next alignment (445685 445769 NODE_40531_length_500_cov_7.38652_ID_81061 416 500) is redundant. Skipping.
				Negative gap (overlap) between this and next alignment: 445769 to 445715 (-54 bp)
				Next Alignment: 445715 447741 NODE_9031_length_2027_cov_29.7865_ID_18061 2027 1

			Previous gap was negative, modifying coordinates to ignore overlap
				Moving contig start from 2027 to 1972.
			Align 39: 445770 447741 NODE_9031_length_2027_cov_29.7865_ID_18061 1972 1
				Negative gap (overlap) between this and next alignment: 447741 to 447687 (-54 bp)
				Next Alignment: 447687 448463 NODE_22118_length_877_cov_3.20438_ID_44235 877 102

			Previous gap was negative, modifying coordinates to ignore overlap
				Moving contig start from 877 to 822.
			Align 40: 447742 448463 NODE_22118_length_877_cov_3.20438_ID_44235 822 102
				Gap between this and next alignment: 448463 to 459865 (11401 bp)
				Next Alignment: 459865 460077 NODE_8271_length_2176_cov_3.18906_ID_16541 1600 1388

			Align 41: 459865 460077 NODE_8271_length_2176_cov_3.18906_ID_16541 1600 1388
				Gap between this and next alignment: 460077 to 503051 (42973 bp)
				Next Alignment: 503051 503968 NODE_19560_length_984_cov_0.78902_ID_39119 65 982

			Align 42: 503051 503968 NODE_19560_length_984_cov_0.78902_ID_39119 65 982
				Gap between this and next alignment: 503968 to 584339 (80370 bp)
				Next Alignment: 584339 585436 NODE_1893_length_7010_cov_1.98994_ID_3785 4254 5352

			Align 43: 584339 585436 NODE_1893_length_7010_cov_1.98994_ID_3785 4254 5352
				Gap between this and next alignment: 585436 to 585537 (100 bp)
				Next Alignment: 585537 586067 NODE_942_length_12830_cov_5.53808_ID_1883 7253 6723

			Align 44: 585537 586067 NODE_942_length_12830_cov_5.53808_ID_1883 7253 6723
				Gap between this and next alignment: 586067 to 851999 (265931 bp)
				Next Alignment: 851999 853081 NODE_7959_length_2247_cov_1.03878_ID_15917 1084 1

			Align 45: 851999 853081 NODE_7959_length_2247_cov_1.03878_ID_15917 1084 1
				Gap between this and next alignment: 853081 to 854822 (1740 bp)
				Next Alignment: 854822 856229 NODE_11527_length_1616_cov_1.90327_ID_23053 209 1616

			Align 46: 854822 856229 NODE_11527_length_1616_cov_1.90327_ID_23053 209 1616
				Negative gap (overlap) between this and next alignment: 856229 to 856122 (-107 bp)
				Next Alignment: 856122 860663 NODE_2160_length_6368_cov_1.45937_ID_4319 6368 1823

			Previous gap was negative, modifying coordinates to ignore overlap
				Moving contig start from 6368 to 6260.
			Align 47: 856230 860663 NODE_2160_length_6368_cov_1.45937_ID_4319 6260 1823
				Gap between this and next alignment: 860663 to 920466 (59802 bp)
				Next Alignment: 920466 921230 NODE_5364_length_3144_cov_1.24668_ID_10727 1670 2434

			Align 48: 920466 921230 NODE_5364_length_3144_cov_1.24668_ID_10727 1670 2434
				Gap between this and next alignment: 921230 to 934518 (13287 bp)
				Next Alignment: 934518 937730 NODE_40_length_85969_cov_7.38487_ID_79 3570 358

			Align 49: 934518 937730 NODE_40_length_85969_cov_7.38487_ID_79 3570 358
				Gap between this and next alignment: 937730 to 943066 (5335 bp)
				Next Alignment: 943066 943518 NODE_11315_length_1645_cov_1.55283_ID_22629 1645 1193

			Align 50: 943066 943518 NODE_11315_length_1645_cov_1.55283_ID_22629 1645 1193
				Gap between this and next alignment: 943518 to 951257 (7738 bp)
				Next Alignment: 951257 952602 NODE_14032_length_1350_cov_27.3552_ID_28063 1 1350

			Align 51: 951257 952602 NODE_14032_length_1350_cov_27.3552_ID_28063 1 1350
				Gap between this and next alignment: 952602 to 953149 (546 bp)
				Next Alignment: 953149 953264 NODE_13231_length_1425_cov_8.42555_ID_26461 1309 1425

			Align 52: 953149 953264 NODE_13231_length_1425_cov_8.42555_ID_26461 1309 1425
				Negative gap (overlap) between this and next alignment: 953264 to 953210 (-54 bp)
				Next Alignment: 953210 954599 NODE_1783_length_7348_cov_18.2434_ID_3565 1 1390

			Previous gap was negative, modifying coordinates to ignore overlap
				Moving contig start from 1 to 56.
			Align 53: 953265 954599 NODE_1783_length_7348_cov_18.2434_ID_3565 56 1390
				Negative gap (overlap) between this and next alignment: 954599 to 954545 (-54 bp)
				Next Alignment: 954545 955518 NODE_19762_length_974_cov_18.9695_ID_39523 1 974

			Previous gap was negative, modifying coordinates to ignore overlap
				Moving contig start from 1 to 56.
			Align 54: 954600 955518 NODE_19762_length_974_cov_18.9695_ID_39523 56 974
				Negative gap (overlap) between this and next alignment: 955518 to 955464 (-54 bp)
				Next Alignment: 955464 958114 NODE_1783_length_7348_cov_18.2434_ID_3565 2312 4962

			Previous gap was negative, modifying coordinates to ignore overlap
				Moving contig start from 2312 to 2367.
			Align 55: 955519 958114 NODE_1783_length_7348_cov_18.2434_ID_3565 2367 4962
				Negative gap (overlap) between this and next alignment: 958114 to 958055 (-59 bp)
				Next Alignment: 958055 958258 NODE_94_length_60890_cov_6.25817_ID_187 1766 1969

			Previous gap was negative, modifying coordinates to ignore overlap
				Moving contig start from 1766 to 1826.
			Align 56: 958115 958258 NODE_94_length_60890_cov_6.25817_ID_187 1826 1969
				Gap between this and next alignment: 958258 to 962433 (4174 bp)
				Next Alignment: 962433 968675 NODE_2180_length_6327_cov_4.25702_ID_4359 6 6248

			Align 57: 962433 968675 NODE_2180_length_6327_cov_4.25702_ID_4359 6 6248
				Gap between this and next alignment: 968675 to 1039719 (71043 bp)
				Next Alignment: 1039719 1039805 NODE_6121_length_2815_cov_2.15435_ID_12241 2621 2707

			Align 58: 1039719 1039805 NODE_6121_length_2815_cov_2.15435_ID_12241 2621 2707
				Gap between this and next alignment: 1039805 to 1042954 (3148 bp)
				Next Alignment: 1042954 1043494 NODE_1376_length_9186_cov_9.48768_ID_2751 16 556

			Align 59: 1042954 1043494 NODE_1376_length_9186_cov_9.48768_ID_2751 16 556
				Gap between this and next alignment: 1043494 to 1043646 (151 bp)
				Next Alignment: 1043646 1046847 NODE_1376_length_9186_cov_9.48768_ID_2751 968 4222

			Align 60: 1043646 1046847 NODE_1376_length_9186_cov_9.48768_ID_2751 968 4222
				Gap between this and next alignment: 1046847 to 1049749 (2901 bp)
				Next Alignment: 1049749 1049832 NODE_1341_length_9379_cov_8.33719_ID_2681 9100 9017

			Align 61: 1049749 1049832 NODE_1341_length_9379_cov_8.33719_ID_2681 9100 9017
			END in gap: 1049832 to 1117448 (67616 bp)

ERROR: Reference Butyrivibrio_crossotus_gi_226597591_ref_NZ_ does not have any alignments!  Check that this is the same file used for alignment.
ERROR: Alignment Reference Headers: ['Butyrivibrio_crossotus_gi_226597585_ref_NZ_', 'Butyrivibrio_crossotus_gi_226597590_ref_NZ_', 'Butyrivibrio_crossotus_gi_226597589_ref_NZ_', 'Butyrivibrio_crossotus_gi_226597588_ref_NZ_', 'Butyrivibrio_crossotus_gi_226597586_ref_NZ_', 'Butyrivibrio_crossotus_gi_226597580_ref_NZ_']
ERROR: Reference Butyrivibrio_crossotus_gi_226597571_ref_NZ_ does not have any alignments!  Check that this is the same file used for alignment.
ERROR: Alignment Reference Headers: ['Butyrivibrio_crossotus_gi_226597585_ref_NZ_', 'Butyrivibrio_crossotus_gi_226597590_ref_NZ_', 'Butyrivibrio_crossotus_gi_226597589_ref_NZ_', 'Butyrivibrio_crossotus_gi_226597588_ref_NZ_', 'Butyrivibrio_crossotus_gi_226597586_ref_NZ_', 'Butyrivibrio_crossotus_gi_226597580_ref_NZ_']
ERROR: Reference Butyrivibrio_crossotus_gi_226597573_ref_NZ_ does not have any alignments!  Check that this is the same file used for alignment.
ERROR: Alignment Reference Headers: ['Butyrivibrio_crossotus_gi_226597585_ref_NZ_', 'Butyrivibrio_crossotus_gi_226597590_ref_NZ_', 'Butyrivibrio_crossotus_gi_226597589_ref_NZ_', 'Butyrivibrio_crossotus_gi_226597588_ref_NZ_', 'Butyrivibrio_crossotus_gi_226597586_ref_NZ_', 'Butyrivibrio_crossotus_gi_226597580_ref_NZ_']
ERROR: Reference Butyrivibrio_crossotus_gi_226597579_ref_NZ_ does not have any alignments!  Check that this is the same file used for alignment.
ERROR: Alignment Reference Headers: ['Butyrivibrio_crossotus_gi_226597585_ref_NZ_', 'Butyrivibrio_crossotus_gi_226597590_ref_NZ_', 'Butyrivibrio_crossotus_gi_226597589_ref_NZ_', 'Butyrivibrio_crossotus_gi_226597588_ref_NZ_', 'Butyrivibrio_crossotus_gi_226597586_ref_NZ_', 'Butyrivibrio_crossotus_gi_226597580_ref_NZ_']
ERROR: Reference Butyrivibrio_crossotus_gi_226597581_ref_NZ_ does not have any alignments!  Check that this is the same file used for alignment.
ERROR: Alignment Reference Headers: ['Butyrivibrio_crossotus_gi_226597585_ref_NZ_', 'Butyrivibrio_crossotus_gi_226597590_ref_NZ_', 'Butyrivibrio_crossotus_gi_226597589_ref_NZ_', 'Butyrivibrio_crossotus_gi_226597588_ref_NZ_', 'Butyrivibrio_crossotus_gi_226597586_ref_NZ_', 'Butyrivibrio_crossotus_gi_226597580_ref_NZ_']
ERROR: Reference Butyrivibrio_crossotus_gi_226597593_ref_NZ_ does not have any alignments!  Check that this is the same file used for alignment.
ERROR: Alignment Reference Headers: ['Butyrivibrio_crossotus_gi_226597585_ref_NZ_', 'Butyrivibrio_crossotus_gi_226597590_ref_NZ_', 'Butyrivibrio_crossotus_gi_226597589_ref_NZ_', 'Butyrivibrio_crossotus_gi_226597588_ref_NZ_', 'Butyrivibrio_crossotus_gi_226597586_ref_NZ_', 'Butyrivibrio_crossotus_gi_226597580_ref_NZ_']
Analysis is finished!
Founded SNPs were written into /Molly/gurevich/MetaQUAST/res_final/res_metahit_final/runs_per_reference/Butyrivibrio_crossotus/contigs_reports/nucmer_output/SPAdes.used_snps

Results:
	Local Misassemblies: 2
	Misassemblies: 3
		Relocations: 2
		Translocations: 1
		Inversions: 0
	Fake misassemblies matched with structural variations: 0
	Misassembled Contigs: 3
	Misassembled Contig Bases: 20689
	Misassemblies Inter-Contig Overlap: 0
Uncovered Regions: 0 (0)
Unaligned Contigs: 0 + 44 part
Partially Unaligned Contigs with Misassemblies: 4
Unaligned Contig Bases: 693271

Ambiguously Mapped Contigs: 0
Total Bases in Ambiguously Mapped Contigs: 0
Note that --allow-ambiguity option was set to "one" and only first alignment per each contig was used.

	Covered Bases: 113100

	SNPs: 2063
	Insertions: 155
	Deletions: 81

	Positive Gaps: 70
		Internal Gaps:  5
		External Gaps:  65
		External Gap Total:  2073353
		External Gap Average: 31898
	Negative Gaps: 17
		Internal Overlaps:  0
		External Overlaps:  17
		External Overlaps Total: -963
		External Overlaps Average: -57
	Contigs with Redundant Alignments: 5 (851)
