Aligning contigs to reference...
	Using existing Nucmer alignments...
Parsing coords...
Loading reference...
	Loaded [Butyrivibrio_crossotus_gi_226597570_ref_NZ_]
	Loaded [Butyrivibrio_crossotus_gi_226597571_ref_NZ_]
	Loaded [Butyrivibrio_crossotus_gi_226597572_ref_NZ_]
	Loaded [Butyrivibrio_crossotus_gi_226597573_ref_NZ_]
	Loaded [Butyrivibrio_crossotus_gi_226597574_ref_NZ_]
	Loaded [Butyrivibrio_crossotus_gi_226597575_ref_NZ_]
	Loaded [Butyrivibrio_crossotus_gi_226597576_ref_NZ_]
	Loaded [Butyrivibrio_crossotus_gi_226597577_ref_NZ_]
	Loaded [Butyrivibrio_crossotus_gi_226597578_ref_NZ_]
	Loaded [Butyrivibrio_crossotus_gi_226597579_ref_NZ_]
	Loaded [Butyrivibrio_crossotus_gi_226597580_ref_NZ_]
	Loaded [Butyrivibrio_crossotus_gi_226597581_ref_NZ_]
	Loaded [Butyrivibrio_crossotus_gi_226597582_ref_NZ_]
	Loaded [Butyrivibrio_crossotus_gi_226597583_ref_NZ_]
	Loaded [Butyrivibrio_crossotus_gi_226597584_ref_NZ_]
	Loaded [Butyrivibrio_crossotus_gi_226597585_ref_NZ_]
	Loaded [Butyrivibrio_crossotus_gi_226597586_ref_NZ_]
	Loaded [Butyrivibrio_crossotus_gi_226597587_ref_NZ_]
	Loaded [Butyrivibrio_crossotus_gi_226597588_ref_NZ_]
	Loaded [Butyrivibrio_crossotus_gi_226597589_ref_NZ_]
	Loaded [Butyrivibrio_crossotus_gi_226597590_ref_NZ_]
	Loaded [Butyrivibrio_crossotus_gi_226597591_ref_NZ_]
	Loaded [Butyrivibrio_crossotus_gi_226597592_ref_NZ_]
	Loaded [Butyrivibrio_crossotus_gi_226597593_ref_NZ_]
	Loaded [Butyrivibrio_crossotus_gi_226597594_ref_NZ_]
	Loaded [Butyrivibrio_crossotus_gi_226597595_ref_NZ_]
	Loaded [Butyrivibrio_crossotus_gi_226597596_ref_NZ_]
	Loaded [Butyrivibrio_crossotus_gi_226597597_ref_NZ_]
	Loaded [Butyrivibrio_crossotus_gi_226597598_ref_NZ_]
	Loaded [Butyrivibrio_crossotus_gi_226597599_ref_NZ_]
	Loaded [Butyrivibrio_crossotus_gi_226597600_ref_NZ_]
Loading SNPs...
Loading regions...
	No regions given, using whole reference.
	Total Regions: 31
	Total Region Length: 2496039
Analyzing contigs...
CONTIG: scaffold_9 (180109bp)
Top Length: 100  Top ID: 97.03
		Skipping redundant alignment 73798 73888 | 55230 55320 | 91 91 | 97.8 | Butyrivibrio_crossotus_gi_226597588_ref_NZ_ scaffold_9
		This contig is partially unaligned. (Aligned 100 out of 180109 bases)
		Alignment: 73691 73791 | 55222 55321 | 101 100 | 97.03 | Butyrivibrio_crossotus_gi_226597588_ref_NZ_ scaffold_9
		Unaligned bases: 1 to 55221 (55221)
		Unaligned bases: 55322 to 180109 (124788)

CONTIG: scaffold_269 (33371bp)
Top Length: 83  Top ID: 97.62
		Skipping redundant alignment 60589 60664 | 30867 30942 | 76 76 | 100.0 | Butyrivibrio_crossotus_gi_226597591_ref_NZ_ scaffold_269
		Skipping redundant alignment 46465 46540 | 30867 30942 | 76 76 | 100.0 | Butyrivibrio_crossotus_gi_226597592_ref_NZ_ scaffold_269
		This contig is partially unaligned. (Aligned 83 out of 33371 bases)
		Alignment: 90111 90194 | 30860 30942 | 84 83 | 97.62 | Butyrivibrio_crossotus_gi_226597588_ref_NZ_ scaffold_269
		Unaligned bases: 1 to 30859 (30859)
		Unaligned bases: 30943 to 33371 (2429)

CONTIG: scaffold_336 (44443bp)
Top Length: 90  Top ID: 100.0
		Skipping redundant alignment 73801 73887 | 32542 32456 | 87 87 | 97.7 | Butyrivibrio_crossotus_gi_226597588_ref_NZ_ scaffold_336
		This contig is partially unaligned. (Aligned 90 out of 44443 bases)
		Alignment: 73700 73789 | 32545 32456 | 90 90 | 100.0 | Butyrivibrio_crossotus_gi_226597588_ref_NZ_ scaffold_336
		Unaligned bases: 1 to 32455 (32455)
		Unaligned bases: 32546 to 44443 (11898)

CONTIG: scaffold_3287 (4375bp)
Top Length: 91  Top ID: 100.0
		Skipping redundant alignment 73801 73888 | 3922 3835 | 88 88 | 97.73 | Butyrivibrio_crossotus_gi_226597588_ref_NZ_ scaffold_3287
		This contig is partially unaligned. (Aligned 91 out of 4375 bases)
		Alignment: 73701 73791 | 3924 3834 | 91 91 | 100.0 | Butyrivibrio_crossotus_gi_226597588_ref_NZ_ scaffold_3287
		Unaligned bases: 1 to 3833 (3833)
		Unaligned bases: 3925 to 4375 (451)

CONTIG: scaffold_5014 (2458bp)
Top Length: 76  Top ID: 100.0
			Skipping redundant alignments after choosing the best set of alignments
		Skipping redundant alignment 60590 60665 | 1082 1007 | 76 76 | 100.0 | Butyrivibrio_crossotus_gi_226597591_ref_NZ_ scaffold_5014
		This contig is partially unaligned. (Aligned 76 out of 2458 bases)
		Alignment: 90120 90195 | 1082 1007 | 76 76 | 100.0 | Butyrivibrio_crossotus_gi_226597588_ref_NZ_ scaffold_5014
		Unaligned bases: 1 to 1006 (1006)
		Unaligned bases: 1083 to 2458 (1376)

CONTIG: scaffold_6551 (1771bp)
Top Length: 89  Top ID: 100.0
		Skipping redundant alignment 73801 73886 | 1460 1545 | 86 86 | 97.67 | Butyrivibrio_crossotus_gi_226597588_ref_NZ_ scaffold_6551
		This contig is partially unaligned. (Aligned 89 out of 1771 bases)
		Alignment: 73700 73788 | 1457 1545 | 89 89 | 100.0 | Butyrivibrio_crossotus_gi_226597588_ref_NZ_ scaffold_6551
		Unaligned bases: 1 to 1456 (1456)
		Unaligned bases: 1546 to 1771 (226)

CONTIG: scaffold_9520 (1351bp)
Top Length: 83  Top ID: 96.39
		Skipping redundant alignment 1 77 | 177 255 | 77 79 | 96.2 | Butyrivibrio_crossotus_gi_226597585_ref_NZ_ scaffold_9520
		Skipping redundant alignment 305680 305755 | 255 178 | 76 78 | 96.15 | Butyrivibrio_crossotus_gi_226597586_ref_NZ_ scaffold_9520
		This contig is partially unaligned. (Aligned 83 out of 1351 bases)
		Alignment: 3 83 | 173 255 | 81 83 | 96.39 | Butyrivibrio_crossotus_gi_226597588_ref_NZ_ scaffold_9520
		Unaligned bases: 1 to 172 (172)
		Unaligned bases: 256 to 1351 (1096)

CONTIG: scaffold_10132 (2155bp)
Top Length: 70  Top ID: 98.57
		Skipping redundant alignment 3 68 | 296 361 | 66 66 | 100.0 | Butyrivibrio_crossotus_gi_226597585_ref_NZ_ scaffold_10132
		Skipping redundant alignment 305689 305754 | 361 296 | 66 66 | 100.0 | Butyrivibrio_crossotus_gi_226597586_ref_NZ_ scaffold_10132
		This contig is partially unaligned. (Aligned 70 out of 2155 bases)
		Alignment: 5 74 | 292 361 | 70 70 | 98.57 | Butyrivibrio_crossotus_gi_226597588_ref_NZ_ scaffold_10132
		Unaligned bases: 1 to 291 (291)
		Unaligned bases: 362 to 2155 (1794)

CONTIG: scaffold_31 (83095bp)
Top Length: 180  Top ID: 95.58
		This contig is partially unaligned. (Aligned 180 out of 83095 bases)
		Alignment: 32808 32988 | 83095 82916 | 181 180 | 95.58 | Butyrivibrio_crossotus_gi_226597590_ref_NZ_ scaffold_31
		Unaligned bases: 1 to 82915 (82915)

CONTIG: scaffold_93 (111563bp)
Top Length: 3210  Top ID: 99.6
		This contig is partially unaligned. (Aligned 3210 out of 111563 bases)
		Alignment: 934518 937730 | 76600 79809 | 3213 3210 | 99.6 | Butyrivibrio_crossotus_gi_226597590_ref_NZ_ scaffold_93
		Unaligned bases: 1 to 76599 (76599)
		Unaligned bases: 79810 to 111563 (31754)
		This contig has both significant aligned and unaligned parts (of length >= min-contig)! It can contain interspecies translocations

CONTIG: scaffold_448 (26645bp)
Top Length: 1793  Top ID: 95.74
		This contig is partially unaligned. (Aligned 1793 out of 26645 bases)
		Alignment: 36492 38298 | 1983 191 | 1807 1793 | 95.74 | Butyrivibrio_crossotus_gi_226597590_ref_NZ_ scaffold_448
		Unaligned bases: 1 to 190 (190)
		Unaligned bases: 1984 to 26645 (24662)
		This contig has both significant aligned and unaligned parts (of length >= min-contig)! It can contain interspecies translocations

CONTIG: scaffold_737 (11417bp)
Top Length: 6492  Top ID: 96.44
		This contig is partially unaligned. (Aligned 6492 out of 11417 bases)
		Alignment: 17583 24071 | 3895 10386 | 6489 6492 | 96.44 | Butyrivibrio_crossotus_gi_226597590_ref_NZ_ scaffold_737
		Unaligned bases: 1 to 3894 (3894)
		Unaligned bases: 10387 to 11417 (1031)
		This contig has both significant aligned and unaligned parts (of length >= min-contig)! It can contain interspecies translocations

CONTIG: scaffold_824 (9952bp)
Top Length: 168  Top ID: 95.27
		This contig is partially unaligned. (Aligned 168 out of 9952 bases)
		Alignment: 33592 33759 | 6244 6411 | 168 168 | 95.27 | Butyrivibrio_crossotus_gi_226597590_ref_NZ_ scaffold_824
		Unaligned bases: 1 to 6243 (6243)
		Unaligned bases: 6412 to 9952 (3541)

CONTIG: scaffold_877 (12880bp)
Top Length: 531  Top ID: 96.8
		This contig is partially unaligned. (Aligned 531 out of 12880 bases)
		Alignment: 585537 586067 | 7253 6723 | 531 531 | 96.8 | Butyrivibrio_crossotus_gi_226597590_ref_NZ_ scaffold_877
		Unaligned bases: 1 to 6722 (6722)
		Unaligned bases: 7254 to 12880 (5627)
		This contig has both significant aligned and unaligned parts (of length >= min-contig)! It can contain interspecies translocations

CONTIG: scaffold_1180 (9861bp)
Top Length: 5846  Top ID: 97.25
		This contig is partially unaligned. (Aligned 5846 out of 9861 bases)
		Alignment: 854822 860663 | 3277 9122 | 5842 5846 | 97.25 | Butyrivibrio_crossotus_gi_226597590_ref_NZ_ scaffold_1180
		Unaligned bases: 1 to 3276 (3276)
		Unaligned bases: 9123 to 9861 (739)
		This contig has both significant aligned and unaligned parts (of length >= min-contig)! It can contain interspecies translocations

CONTIG: scaffold_1279 (6392bp)
Top Length: 98  Top ID: 100.0
		This contig is partially unaligned. (Aligned 98 out of 6392 bases)
		Alignment: 30212 30309 | 98 1 | 98 98 | 100.0 | Butyrivibrio_crossotus_gi_226597590_ref_NZ_ scaffold_1279
		Unaligned bases: 99 to 6392 (6294)

CONTIG: scaffold_1336 (6028bp)
Top Length: 1099  Top ID: 95.45
		This contig is partially unaligned. (Aligned 1099 out of 6028 bases)
		Alignment: 584339 585436 | 1775 677 | 1098 1099 | 95.45 | Butyrivibrio_crossotus_gi_226597590_ref_NZ_ scaffold_1336
		Unaligned bases: 1 to 676 (676)
		Unaligned bases: 1776 to 6028 (4253)
		This contig has both significant aligned and unaligned parts (of length >= min-contig)! It can contain interspecies translocations

CONTIG: scaffold_1525 (5374bp)
Top Length: 3717  Top ID: 99.03
		This contig is partially unaligned. (Aligned 3717 out of 5374 bases)
		Alignment: 55944 59661 | 3717 1 | 3718 3717 | 99.03 | Butyrivibrio_crossotus_gi_226597590_ref_NZ_ scaffold_1525
		Unaligned bases: 3718 to 5374 (1657)
		This contig has both significant aligned and unaligned parts (of length >= min-contig)! It can contain interspecies translocations

CONTIG: scaffold_1743 (8610bp)
Top Length: 6241  Top ID: 99.86
		This contig is misassembled. 2 total aligns.
			Excluding internal overlap of size 5 between Alignment 1 and 2:  445686 445885 | 8411 8610 | 200 200 --> 445691 445885 | 8416 8610 | 195 195
			Real Alignment 1: 962433 968675 | 2175 8415 | 6243 6241 | 99.86 | Butyrivibrio_crossotus_gi_226597590_ref_NZ_ scaffold_1743
			  Extensive misassembly ( relocation, inconsistency = -522985 ) between these two alignments
			Real Alignment 2: 445691 445885 | 8416 8610 | 195 195 | 97.5 | Butyrivibrio_crossotus_gi_226597590_ref_NZ_ scaffold_1743
		This contig has significant unaligned parts (of length >= min-contig)! It can contain interspecies translocations

CONTIG: scaffold_1760 (6894bp)
Top Length: 3255  Top ID: 97.11
		This contig is misassembled. 2 total aligns.
			Real Alignment 1: 1043646 1046847 | 5625 2371 | 3202 3255 | 97.11 | Butyrivibrio_crossotus_gi_226597590_ref_NZ_ scaffold_1760
			  Overlap between these two alignments (local misassembly). Inconsistency = -260 
			Real Alignment 2: 1042915 1043494 | 6616 6037 | 580 580 | 96.72 | Butyrivibrio_crossotus_gi_226597590_ref_NZ_ scaffold_1760
		This contig has significant unaligned parts (of length >= min-contig)! It can contain interspecies translocations

CONTIG: scaffold_1901 (4393bp)
Top Length: 103  Top ID: 99.03
		This contig is partially unaligned. (Aligned 103 out of 4393 bases)
		Alignment: 30208 30309 | 4291 4393 | 102 103 | 99.03 | Butyrivibrio_crossotus_gi_226597590_ref_NZ_ scaffold_1901
		Unaligned bases: 1 to 4290 (4290)

CONTIG: scaffold_1906 (5865bp)
Top Length: 1833  Top ID: 97.07
		This contig is partially unaligned. (Aligned 1833 out of 5865 bases)
		Alignment: 445936 447777 | 5865 4033 | 1842 1833 | 97.07 | Butyrivibrio_crossotus_gi_226597590_ref_NZ_ scaffold_1906
		Unaligned bases: 1 to 4032 (4032)
		This contig has both significant aligned and unaligned parts (of length >= min-contig)! It can contain interspecies translocations

CONTIG: scaffold_2088 (4805bp)
Top Length: 1424  Top ID: 98.53
		This contig is partially unaligned. (Aligned 1424 out of 4805 bases)
		Alignment: 437327 438750 | 3382 4805 | 1424 1424 | 98.53 | Butyrivibrio_crossotus_gi_226597590_ref_NZ_ scaffold_2088
		Unaligned bases: 1 to 3381 (3381)
		This contig has both significant aligned and unaligned parts (of length >= min-contig)! It can contain interspecies translocations

CONTIG: scaffold_2501 (3529bp)
Top Length: 200  Top ID: 98.5
		This contig is partially unaligned. (Aligned 200 out of 3529 bases)
		Alignment: 30210 30409 | 200 1 | 200 200 | 98.5 | Butyrivibrio_crossotus_gi_226597590_ref_NZ_ scaffold_2501
		Unaligned bases: 201 to 3529 (3329)

CONTIG: scaffold_3033 (3910bp)
Top Length: 3127  Top ID: 95.17
		This contig is misassembled. 2 total aligns.
			Excluding internal overlap of size 4 between Alignment 1 and 2:  454474 455151 | 3910 3233 | 678 678 --> 454474 455147 | 3910 3237 | 674 674
			Real Alignment 1: 455564 458671 | 3236 110 | 3108 3127 | 95.17 | Butyrivibrio_crossotus_gi_226597590_ref_NZ_ scaffold_3033
			  Gap between these two alignments (local misassembly). Inconsistency = 416 
			Real Alignment 2: 454474 455147 | 3910 3237 | 674 674 | 96.46 | Butyrivibrio_crossotus_gi_226597590_ref_NZ_ scaffold_3033

CONTIG: scaffold_3348 (5720bp)
Top Length: 296  Top ID: 95.27
		This contig is partially unaligned. (Aligned 296 out of 5720 bases)
		Alignment: 320876 321171 | 5063 5358 | 296 296 | 95.27 | Butyrivibrio_crossotus_gi_226597590_ref_NZ_ scaffold_3348
		Unaligned bases: 1 to 5062 (5062)
		Unaligned bases: 5359 to 5720 (362)

CONTIG: scaffold_3767 (2631bp)
Top Length: 2368  Top ID: 97.28
		This contig is partially unaligned. (Aligned 2368 out of 2631 bases)
		Alignment: 13238 15625 | 2631 264 | 2388 2368 | 97.28 | Butyrivibrio_crossotus_gi_226597590_ref_NZ_ scaffold_3767
		Unaligned bases: 1 to 263 (263)

CONTIG: scaffold_4007 (2503bp)
Top Length: 2031  Top ID: 98.87
		This contig is partially unaligned. (Aligned 2031 out of 2503 bases)
		Alignment: 25419 27448 | 2031 1 | 2030 2031 | 98.87 | Butyrivibrio_crossotus_gi_226597590_ref_NZ_ scaffold_4007
		Unaligned bases: 2032 to 2503 (472)

CONTIG: scaffold_4285 (2386bp)
Top Length: 213  Top ID: 97.65
		This contig is partially unaligned. (Aligned 213 out of 2386 bases)
		Alignment: 459865 460077 | 1766 1554 | 213 213 | 97.65 | Butyrivibrio_crossotus_gi_226597590_ref_NZ_ scaffold_4285
		Unaligned bases: 1 to 1553 (1553)
		Unaligned bases: 1767 to 2386 (620)

CONTIG: scaffold_4286 (2385bp)
Top Length: 2385  Top ID: 99.12
		One align captures most of this contig: 53481 55865 | 2385 1 | 2385 2385 | 99.12 | Butyrivibrio_crossotus_gi_226597590_ref_NZ_ scaffold_4286

CONTIG: scaffold_4676 (2242bp)
Top Length: 2242  Top ID: 98.88
		One align captures most of this contig: 4247 6488 | 2242 1 | 2242 2242 | 98.88 | Butyrivibrio_crossotus_gi_226597590_ref_NZ_ scaffold_4676

CONTIG: scaffold_4736 (2224bp)
Top Length: 1922  Top ID: 99.48
		This contig is partially unaligned. (Aligned 1922 out of 2224 bases)
		Alignment: 43619 45540 | 303 2224 | 1922 1922 | 99.48 | Butyrivibrio_crossotus_gi_226597590_ref_NZ_ scaffold_4736
		Unaligned bases: 1 to 302 (302)

CONTIG: scaffold_5213 (3291bp)
Top Length: 3291  Top ID: 99.67
		One align captures most of this contig: 47460 50753 | 3291 1 | 3294 3291 | 99.67 | Butyrivibrio_crossotus_gi_226597590_ref_NZ_ scaffold_5213

CONTIG: scaffold_5943 (1890bp)
Top Length: 1890  Top ID: 99.95
		One align captures most of this contig: 15055 16944 | 1890 1 | 1890 1890 | 99.95 | Butyrivibrio_crossotus_gi_226597590_ref_NZ_ scaffold_5943

CONTIG: scaffold_6032 (1871bp)
Top Length: 99  Top ID: 100.0
		This contig is partially unaligned. (Aligned 99 out of 1871 bases)
		Alignment: 12534 12632 | 1 99 | 99 99 | 100.0 | Butyrivibrio_crossotus_gi_226597590_ref_NZ_ scaffold_6032
		Unaligned bases: 100 to 1871 (1772)

CONTIG: scaffold_6174 (1844bp)
Top Length: 765  Top ID: 95.69
		This contig is partially unaligned. (Aligned 765 out of 1844 bases)
		Alignment: 920466 921230 | 1557 793 | 765 765 | 95.69 | Butyrivibrio_crossotus_gi_226597590_ref_NZ_ scaffold_6174
		Unaligned bases: 1 to 792 (792)
		Unaligned bases: 1558 to 1844 (287)
		This contig has both significant aligned and unaligned parts (of length >= min-contig)! It can contain interspecies translocations

CONTIG: scaffold_6792 (2477bp)
Top Length: 2369  Top ID: 99.03
		This contig is partially unaligned. (Aligned 2369 out of 2477 bases)
		Alignment: 438691 441066 | 1 2369 | 2376 2369 | 99.03 | Butyrivibrio_crossotus_gi_226597590_ref_NZ_ scaffold_6792
		Unaligned bases: 2370 to 2477 (108)

CONTIG: scaffold_6889 (2998bp)
Top Length: 87  Top ID: 98.85
		This contig is partially unaligned. (Aligned 87 out of 2998 bases)
		Alignment: 1039719 1039805 | 399 313 | 87 87 | 98.85 | Butyrivibrio_crossotus_gi_226597590_ref_NZ_ scaffold_6889
		Unaligned bases: 1 to 312 (312)
		Unaligned bases: 400 to 2998 (2599)

CONTIG: scaffold_7008 (1858bp)
Top Length: 648  Top ID: 95.38
		This contig is partially unaligned. (Aligned 648 out of 1858 bases)
		Alignment: 1049002 1049650 | 1799 1152 | 649 648 | 95.38 | Butyrivibrio_crossotus_gi_226597590_ref_NZ_ scaffold_7008
		Unaligned bases: 1 to 1151 (1151)
		Unaligned bases: 1800 to 1858 (59)
		This contig has both significant aligned and unaligned parts (of length >= min-contig)! It can contain interspecies translocations

CONTIG: scaffold_7532 (1608bp)
Top Length: 99  Top ID: 100.0
		This contig is partially unaligned. (Aligned 99 out of 1608 bases)
		Alignment: 956967 957065 | 1 99 | 99 99 | 100.0 | Butyrivibrio_crossotus_gi_226597590_ref_NZ_ scaffold_7532
		Unaligned bases: 100 to 1608 (1509)

CONTIG: scaffold_8176 (2769bp)
Top Length: 2769  Top ID: 99.82
		One align captures most of this contig: 50698 53468 | 2769 1 | 2771 2769 | 99.82 | Butyrivibrio_crossotus_gi_226597590_ref_NZ_ scaffold_8176

CONTIG: scaffold_8853 (3504bp)
Top Length: 2163  Top ID: 98.52
		This contig is partially unaligned. (Aligned 2163 out of 3504 bases)
		Alignment: 11187 13343 | 2163 1 | 2157 2163 | 98.52 | Butyrivibrio_crossotus_gi_226597590_ref_NZ_ scaffold_8853
		Unaligned bases: 2164 to 3504 (1341)
		This contig has both significant aligned and unaligned parts (of length >= min-contig)! It can contain interspecies translocations

CONTIG: scaffold_9142 (1980bp)
Top Length: 217  Top ID: 97.24
		This contig is partially unaligned. (Aligned 217 out of 1980 bases)
		Alignment: 852792 853008 | 1980 1764 | 217 217 | 97.24 | Butyrivibrio_crossotus_gi_226597590_ref_NZ_ scaffold_9142
		Unaligned bases: 1 to 1763 (1763)

CONTIG: scaffold_10242 (1278bp)
Top Length: 1278  Top ID: 99.06
		One align captures most of this contig: 954501 955778 | 1 1278 | 1278 1278 | 99.06 | Butyrivibrio_crossotus_gi_226597590_ref_NZ_ scaffold_10242

CONTIG: scaffold_11067 (1205bp)
Top Length: 1024  Top ID: 99.02
		This contig is partially unaligned. (Aligned 1024 out of 1205 bases)
		Alignment: 39438 40461 | 1024 1 | 1024 1024 | 99.02 | Butyrivibrio_crossotus_gi_226597590_ref_NZ_ scaffold_11067
		Unaligned bases: 1025 to 1205 (181)

CONTIG: scaffold_11358 (1181bp)
Top Length: 1181  Top ID: 99.24
		One align captures most of this contig: 953210 954390 | 1 1181 | 1181 1181 | 99.24 | Butyrivibrio_crossotus_gi_226597590_ref_NZ_ scaffold_11358

CONTIG: scaffold_11501 (1168bp)
Top Length: 942  Top ID: 98.41
		This contig is misassembled. 2 total aligns.
			Excluding internal overlap of size 1 between Alignment 1 and 2:  43091 43315 | 942 1168 | 225 227 --> 43092 43315 | 943 1168 | 224 226
			Real Alignment 1: 41482 42423 | 1 942 | 942 942 | 98.41 | Butyrivibrio_crossotus_gi_226597590_ref_NZ_ scaffold_11501
			  Gap between these two alignments (local misassembly). Inconsistency = 668 
			Real Alignment 2: 43092 43315 | 943 1168 | 224 226 | 96.92 | Butyrivibrio_crossotus_gi_226597590_ref_NZ_ scaffold_11501

CONTIG: scaffold_11604 (1161bp)
Top Length: 1161  Top ID: 99.91
		One align captures most of this contig: 30311 31471 | 1161 1 | 1161 1161 | 99.91 | Butyrivibrio_crossotus_gi_226597590_ref_NZ_ scaffold_11604

CONTIG: scaffold_12149 (1119bp)
Top Length: 771  Top ID: 98.06
		This contig is partially unaligned. (Aligned 771 out of 1119 bases)
		Alignment: 447692 448463 | 1119 349 | 772 771 | 98.06 | Butyrivibrio_crossotus_gi_226597590_ref_NZ_ scaffold_12149
		Unaligned bases: 1 to 348 (348)

CONTIG: scaffold_12317 (1107bp)
Top Length: 1107  Top ID: 99.19
		One align captures most of this contig: 31800 32906 | 1 1107 | 1107 1107 | 99.19 | Butyrivibrio_crossotus_gi_226597590_ref_NZ_ scaffold_12317

CONTIG: scaffold_12639 (1085bp)
Top Length: 1085  Top ID: 99.72
		One align captures most of this contig: 45551 46635 | 1085 1 | 1085 1085 | 99.72 | Butyrivibrio_crossotus_gi_226597590_ref_NZ_ scaffold_12639

CONTIG: scaffold_12949 (1063bp)
Top Length: 1063  Top ID: 98.68
		One align captures most of this contig: 951257 952319 | 1063 1 | 1063 1063 | 98.68 | Butyrivibrio_crossotus_gi_226597590_ref_NZ_ scaffold_12949

CONTIG: scaffold_14170 (990bp)
Top Length: 211  Top ID: 98.1
		This contig is partially unaligned. (Aligned 211 out of 990 bases)
		Alignment: 943009 943219 | 780 990 | 211 211 | 98.1 | Butyrivibrio_crossotus_gi_226597590_ref_NZ_ scaffold_14170
		Unaligned bases: 1 to 779 (779)

CONTIG: scaffold_14742 (957bp)
Top Length: 957  Top ID: 99.9
		One align captures most of this contig: 16883 17840 | 1 957 | 958 957 | 99.9 | Butyrivibrio_crossotus_gi_226597590_ref_NZ_ scaffold_14742

CONTIG: scaffold_14967 (1679bp)
Top Length: 398  Top ID: 98.99
		This contig is partially unaligned. (Aligned 398 out of 1679 bases)
		Alignment: 943121 943518 | 1 398 | 398 398 | 98.99 | Butyrivibrio_crossotus_gi_226597590_ref_NZ_ scaffold_14967
		Unaligned bases: 399 to 1679 (1281)

CONTIG: scaffold_18317 (808bp)
Top Length: 730  Top ID: 98.36
		This contig is misassembled. 2 total aligns.
			Excluding internal overlap of size 94 between Alignment 1 and 2:  435801 435972 | 808 637 | 172 172 --> 435801 435878 | 808 731 | 78 78
			Real Alignment 1: 436007 436736 | 730 1 | 730 730 | 98.36 | Butyrivibrio_crossotus_gi_226597590_ref_NZ_ scaffold_18317
			  Gap between these two alignments (local misassembly). Inconsistency = 128 
			Real Alignment 2: 435801 435878 | 808 731 | 78 78 | 97.11 | Butyrivibrio_crossotus_gi_226597590_ref_NZ_ scaffold_18317

CONTIG: scaffold_20151 (751bp)
Top Length: 751  Top ID: 100.0
		One align captures most of this contig: 34927 35677 | 751 1 | 751 751 | 100.0 | Butyrivibrio_crossotus_gi_226597590_ref_NZ_ scaffold_20151

CONTIG: scaffold_20659 (974bp)
Top Length: 106  Top ID: 97.17
		This contig is partially unaligned. (Aligned 106 out of 974 bases)
		Alignment: 953149 953253 | 106 1 | 105 106 | 97.17 | Butyrivibrio_crossotus_gi_226597590_ref_NZ_ scaffold_20659
		Unaligned bases: 107 to 974 (868)

CONTIG: scaffold_21322 (718bp)
Top Length: 718  Top ID: 99.16
		One align captures most of this contig: 35869 36586 | 718 1 | 718 718 | 99.16 | Butyrivibrio_crossotus_gi_226597590_ref_NZ_ scaffold_21322

CONTIG: scaffold_22509 (687bp)
Top Length: 445  Top ID: 98.2
		This contig is partially unaligned. (Aligned 445 out of 687 bases)
		Alignment: 27561 28005 | 687 243 | 445 445 | 98.2 | Butyrivibrio_crossotus_gi_226597590_ref_NZ_ scaffold_22509
		Unaligned bases: 1 to 242 (242)

CONTIG: scaffold_22830 (679bp)
Top Length: 678  Top ID: 98.38
		One align captures most of this contig: 10608 11285 | 2 679 | 678 678 | 98.38 | Butyrivibrio_crossotus_gi_226597590_ref_NZ_ scaffold_22830

CONTIG: scaffold_22872 (678bp)
Top Length: 99  Top ID: 98.99
		This contig is partially unaligned. (Aligned 99 out of 678 bases)
		Alignment: 951209 951307 | 99 1 | 99 99 | 98.99 | Butyrivibrio_crossotus_gi_226597590_ref_NZ_ scaffold_22872
		Unaligned bases: 100 to 678 (579)

CONTIG: scaffold_23863 (657bp)
Top Length: 551  Top ID: 96.73
		This contig is partially unaligned. (Aligned 551 out of 657 bases)
		Alignment: 1040771 1041321 | 1 551 | 551 551 | 96.73 | Butyrivibrio_crossotus_gi_226597590_ref_NZ_ scaffold_23863
		Unaligned bases: 552 to 657 (106)

CONTIG: scaffold_25444 (624bp)
Top Length: 624  Top ID: 98.4
		One align captures most of this contig: 952504 953127 | 1 624 | 624 624 | 98.4 | Butyrivibrio_crossotus_gi_226597590_ref_NZ_ scaffold_25444

CONTIG: scaffold_26410 (605bp)
Top Length: 605  Top ID: 96.2
		One align captures most of this contig: 851923 852526 | 1 605 | 604 605 | 96.2 | Butyrivibrio_crossotus_gi_226597590_ref_NZ_ scaffold_26410

CONTIG: scaffold_28177 (559bp)
Top Length: 262  Top ID: 97.33
		This contig is partially unaligned. (Aligned 262 out of 559 bases)
		Alignment: 1047863 1048124 | 559 298 | 262 262 | 97.33 | Butyrivibrio_crossotus_gi_226597590_ref_NZ_ scaffold_28177
		Unaligned bases: 1 to 297 (297)

CONTIG: scaffold_29379 (526bp)
Top Length: 526  Top ID: 98.48
		One align captures most of this contig: 24712 25237 | 526 1 | 526 526 | 98.48 | Butyrivibrio_crossotus_gi_226597590_ref_NZ_ scaffold_29379

CONTIG: scaffold_30020 (511bp)
Top Length: 277  Top ID: 96.75
		This contig is partially unaligned. (Aligned 277 out of 511 bases)
		Alignment: 1042692 1042968 | 1 277 | 277 277 | 96.75 | Butyrivibrio_crossotus_gi_226597590_ref_NZ_ scaffold_30020
		Unaligned bases: 278 to 511 (234)

CONTIG: scaffold_36246 (522bp)
Top Length: 522  Top ID: 96.2
		One align captures most of this contig: 31373 31898 | 522 1 | 526 522 | 96.2 | Butyrivibrio_crossotus_gi_226597590_ref_NZ_ scaffold_36246

CONTIG: scaffold_227 (29509bp)
Top Length: 805  Top ID: 95.16
		This contig is partially unaligned. (Aligned 805 out of 29509 bases)
		Alignment: 60221 61025 | 27746 28550 | 805 805 | 95.16 | Butyrivibrio_crossotus_gi_226597589_ref_NZ_ scaffold_227
		Unaligned bases: 1 to 27745 (27745)
		Unaligned bases: 28551 to 29509 (959)
		This contig has both significant aligned and unaligned parts (of length >= min-contig)! It can contain interspecies translocations

CONTIG: scaffold_166 (80507bp)
Top Length: 344  Top ID: 96.22
		This contig is partially unaligned. (Aligned 344 out of 80507 bases)
		Alignment: 225142 225484 | 79291 78948 | 343 344 | 96.22 | Butyrivibrio_crossotus_gi_226597586_ref_NZ_ scaffold_166
		Unaligned bases: 1 to 78947 (78947)
		Unaligned bases: 79292 to 80507 (1216)

CONTIG: scaffold_580 (25068bp)
Top Length: 7714  Top ID: 97.74
		Skipping redundant alignment 280316 280553 | 14138 13901 | 238 238 | 98.32 | Butyrivibrio_crossotus_gi_226597586_ref_NZ_ scaffold_580
		This contig is misassembled. 3 total aligns.
			Warning! This contig is more unaligned than misassembled. Contig length is 25068 and total length of all aligns is 7961
		Alignment: 280918 281164 | 14128 13882 | 247 247 | 97.18 | Butyrivibrio_crossotus_gi_226597586_ref_NZ_ scaffold_580
		Alignment: 270075 277788 | 24645 16932 | 7714 7714 | 97.74 | Butyrivibrio_crossotus_gi_226597586_ref_NZ_ scaffold_580
		Unaligned bases: 17107
		This contig has both significant aligned and unaligned parts (of length >= min-contig)! It can contain interspecies translocations
CONTIG: scaffold_647 (25068bp)
Top Length: 488  Top ID: 96.73
		This contig is partially unaligned. (Aligned 488 out of 25068 bases)
		Alignment: 279835 280323 | 4908 4421 | 489 488 | 96.73 | Butyrivibrio_crossotus_gi_226597586_ref_NZ_ scaffold_647
		Unaligned bases: 1 to 4420 (4420)
		Unaligned bases: 4909 to 25068 (20160)

CONTIG: scaffold_906 (15501bp)
Top Length: 5935  Top ID: 96.31
		This contig is misassembled. 3 total aligns.
			Real Alignment 1: 242422 246874 | 4650 199 | 4453 4452 | 95.94 | Butyrivibrio_crossotus_gi_226597586_ref_NZ_ scaffold_906
			  Extensive misassembly ( relocation, inconsistency = 7378 ) between these two alignments
			Real Alignment 2: 227952 233880 | 11748 5814 | 5929 5935 | 96.31 | Butyrivibrio_crossotus_gi_226597586_ref_NZ_ scaffold_906
			  Extensive misassembly ( translocation ) between these two alignments
			Real Alignment 3: 1049757 1049832 | 15391 15316 | 76 76 | 100.0 | Butyrivibrio_crossotus_gi_226597590_ref_NZ_ scaffold_906
		This contig has significant unaligned parts (of length >= min-contig)! It can contain interspecies translocations

CONTIG: scaffold_951 (9852bp)
Top Length: 188  Top ID: 97.88
		This contig is partially unaligned. (Aligned 188 out of 9852 bases)
		Alignment: 279990 280178 | 8835 8648 | 189 188 | 97.88 | Butyrivibrio_crossotus_gi_226597586_ref_NZ_ scaffold_951
		Unaligned bases: 1 to 8647 (8647)
		Unaligned bases: 8836 to 9852 (1017)

CONTIG: scaffold_1015 (9188bp)
Top Length: 379  Top ID: 96.84
		This contig is partially unaligned. (Aligned 379 out of 9188 bases)
		Alignment: 221706 222080 | 1344 966 | 375 379 | 96.84 | Butyrivibrio_crossotus_gi_226597586_ref_NZ_ scaffold_1015
		Unaligned bases: 1 to 965 (965)
		Unaligned bases: 1345 to 9188 (7844)

CONTIG: scaffold_1093 (7373bp)
Top Length: 7004  Top ID: 99.44
		This contig is partially unaligned. (Aligned 7004 out of 7373 bases)
		Alignment: 246887 253890 | 197 7200 | 7004 7004 | 99.44 | Butyrivibrio_crossotus_gi_226597586_ref_NZ_ scaffold_1093
		Unaligned bases: 1 to 196 (196)
		Unaligned bases: 7201 to 7373 (173)

CONTIG: scaffold_1632 (10330bp)
Top Length: 506  Top ID: 97.04
		This contig is misassembled. 2 total aligns.
			Warning! This contig is more unaligned than misassembled. Contig length is 10330 and total length of all aligns is 707
		Alignment: 225494 225695 | 6913 7114 | 202 202 | 100.0 | Butyrivibrio_crossotus_gi_226597586_ref_NZ_ scaffold_1632
		Alignment: 225860 226365 | 7114 7619 | 506 506 | 97.04 | Butyrivibrio_crossotus_gi_226597586_ref_NZ_ scaffold_1632
		Unaligned bases: 9623
		This contig has both significant aligned and unaligned parts (of length >= min-contig)! It can contain interspecies translocations
CONTIG: scaffold_2398 (3639bp)
Top Length: 1926  Top ID: 99.38
		This contig is misassembled. 2 total aligns.
			Excluding internal overlap of size 3 between Alignment 1 and 2:  263298 265013 | 1924 3639 | 1716 1716 --> 263301 265013 | 1927 3639 | 1713 1713
			Real Alignment 1: 259074 260999 | 1 1926 | 1926 1926 | 99.38 | Butyrivibrio_crossotus_gi_226597586_ref_NZ_ scaffold_2398
			  Extensive misassembly ( relocation, inconsistency = 2301 ) between these two alignments
			Real Alignment 2: 263301 265013 | 1927 3639 | 1713 1713 | 99.53 | Butyrivibrio_crossotus_gi_226597586_ref_NZ_ scaffold_2398

CONTIG: scaffold_2772 (3260bp)
Top Length: 1139  Top ID: 97.45
		This contig is partially unaligned. (Aligned 1139 out of 3260 bases)
		Alignment: 268938 270076 | 1522 384 | 1139 1139 | 97.45 | Butyrivibrio_crossotus_gi_226597586_ref_NZ_ scaffold_2772
		Unaligned bases: 1 to 383 (383)
		Unaligned bases: 1523 to 3260 (1738)
		This contig has both significant aligned and unaligned parts (of length >= min-contig)! It can contain interspecies translocations

CONTIG: scaffold_5680 (1954bp)
Top Length: 1948  Top ID: 96.3
		One align captures most of this contig: 261803 263750 | 1954 7 | 1948 1948 | 96.3 | Butyrivibrio_crossotus_gi_226597586_ref_NZ_ scaffold_5680

CONTIG: scaffold_12537 (1092bp)
Top Length: 1092  Top ID: 99.36
		One align captures most of this contig: 267064 268155 | 1092 1 | 1092 1092 | 99.36 | Butyrivibrio_crossotus_gi_226597586_ref_NZ_ scaffold_12537

CONTIG: scaffold_18344 (1087bp)
Top Length: 983  Top ID: 95.44
		This contig is misassembled. 2 total aligns.
			Excluding internal overlap of size 3 between Alignment 1 and 2:  226081 226187 | 1087 981 | 107 107 --> 226081 226184 | 1087 984 | 104 104
			Real Alignment 1: 278998 279984 | 983 1 | 987 983 | 95.44 | Butyrivibrio_crossotus_gi_226597586_ref_NZ_ scaffold_18344
			  Extensive misassembly ( relocation, inconsistency = 52813 ) between these two alignments
			Real Alignment 2: 226081 226184 | 1087 984 | 104 104 | 98.13 | Butyrivibrio_crossotus_gi_226597586_ref_NZ_ scaffold_18344

CONTIG: scaffold_21898 (703bp)
Top Length: 703  Top ID: 97.16
		One align captures most of this contig: 261056 261758 | 703 1 | 703 703 | 97.16 | Butyrivibrio_crossotus_gi_226597586_ref_NZ_ scaffold_21898

CONTIG: scaffold_23774 (794bp)
Top Length: 228  Top ID: 95.18
		This contig is partially unaligned. (Aligned 228 out of 794 bases)
		Alignment: 233291 233509 | 478 705 | 219 228 | 95.18 | Butyrivibrio_crossotus_gi_226597586_ref_NZ_ scaffold_23774
		Unaligned bases: 1 to 477 (477)
		Unaligned bases: 706 to 794 (89)

CONTIG: scaffold_32993 (580bp)
Top Length: 580  Top ID: 98.11
		One align captures most of this contig: 266581 267162 | 580 1 | 582 580 | 98.11 | Butyrivibrio_crossotus_gi_226597586_ref_NZ_ scaffold_32993

Analyzing coverage...
Writing SNPs into /Molly/gurevich/MetaQUAST/res_final/res_metahit_final/runs_per_reference/Butyrivibrio_crossotus/contigs_reports/nucmer_output/IDBA_UD.used_snps
ERROR: Reference Butyrivibrio_crossotus_gi_226597596_ref_NZ_ does not have any alignments!  Check that this is the same file used for alignment.
ERROR: Alignment Reference Headers: ['Butyrivibrio_crossotus_gi_226597586_ref_NZ_', 'Butyrivibrio_crossotus_gi_226597589_ref_NZ_', 'Butyrivibrio_crossotus_gi_226597588_ref_NZ_', 'Butyrivibrio_crossotus_gi_226597590_ref_NZ_']
ERROR: Reference Butyrivibrio_crossotus_gi_226597594_ref_NZ_ does not have any alignments!  Check that this is the same file used for alignment.
ERROR: Alignment Reference Headers: ['Butyrivibrio_crossotus_gi_226597586_ref_NZ_', 'Butyrivibrio_crossotus_gi_226597589_ref_NZ_', 'Butyrivibrio_crossotus_gi_226597588_ref_NZ_', 'Butyrivibrio_crossotus_gi_226597590_ref_NZ_']
	Reference Butyrivibrio_crossotus_gi_226597589_ref_NZ_: 1 total alignments. 1 total regions.
		Region: 1 to 106473 (106473 bp)
			START in gap: 1 to 60221 (60220 bp)
			Align 1: 60221 61025 scaffold_227 27746 28550
			END in gap: 61025 to 106473 (45448 bp)

ERROR: Reference Butyrivibrio_crossotus_gi_226597597_ref_NZ_ does not have any alignments!  Check that this is the same file used for alignment.
ERROR: Alignment Reference Headers: ['Butyrivibrio_crossotus_gi_226597586_ref_NZ_', 'Butyrivibrio_crossotus_gi_226597589_ref_NZ_', 'Butyrivibrio_crossotus_gi_226597588_ref_NZ_', 'Butyrivibrio_crossotus_gi_226597590_ref_NZ_']
	Reference Butyrivibrio_crossotus_gi_226597586_ref_NZ_: 21 total alignments. 1 total regions.
		Region: 1 to 305755 (305755 bp)
			START in gap: 1 to 221706 (221705 bp)
			Align 1: 221706 222080 scaffold_1015 1344 966
				Gap between this and next alignment: 222080 to 225142 (3061 bp)
				Next Alignment: 225142 225484 scaffold_166 79291 78948

			Align 2: 225142 225484 scaffold_166 79291 78948
				Gap between this and next alignment: 225484 to 225494 (9 bp)
				Next Alignment: 225494 225695 scaffold_1632 6913 7114

			Align 3: 225494 225695 scaffold_1632 6913 7114
				Gap between this and next alignment: 225695 to 225860 (164 bp)
				Next Alignment: 225860 226365 scaffold_1632 7114 7619

			Align 4: 225860 226365 scaffold_1632 7114 7619
				The next alignment (226081 226184 scaffold_18344 1087 984) is redundant. Skipping.
				Gap between this and next alignment: 226365 to 227952 (1586 bp)
				Next Alignment: 227952 233880 scaffold_906 11748 5814

			Align 6: 227952 233880 scaffold_906 11748 5814
				The next alignment (233291 233509 scaffold_23774 478 705) is redundant. Skipping.
				Gap between this and next alignment: 233880 to 242422 (8541 bp)
				Next Alignment: 242422 246874 scaffold_906 4650 199

			Align 8: 242422 246874 scaffold_906 4650 199
				Gap between this and next alignment: 246874 to 246887 (12 bp)
				Next Alignment: 246887 253890 scaffold_1093 197 7200

			Align 9: 246887 253890 scaffold_1093 197 7200
				Gap between this and next alignment: 253890 to 259074 (5183 bp)
				Next Alignment: 259074 260999 scaffold_2398 1 1926

			Align 10: 259074 260999 scaffold_2398 1 1926
				Gap between this and next alignment: 260999 to 261056 (56 bp)
				Next Alignment: 261056 261758 scaffold_21898 703 1

			Align 11: 261056 261758 scaffold_21898 703 1
				Gap between this and next alignment: 261758 to 261803 (44 bp)
				Next Alignment: 261803 263750 scaffold_5680 1954 7

			Align 12: 261803 263750 scaffold_5680 1954 7
				Negative gap (overlap) between this and next alignment: 263750 to 263301 (-449 bp)
				Next Alignment: 263301 265013 scaffold_2398 1927 3639

			Previous gap was negative, modifying coordinates to ignore overlap
				Moving contig start from 1927 to 2377.
			Align 13: 263751 265013 scaffold_2398 2377 3639
				Gap between this and next alignment: 265013 to 266581 (1567 bp)
				Next Alignment: 266581 267162 scaffold_32993 580 1

			Align 14: 266581 267162 scaffold_32993 580 1
				Negative gap (overlap) between this and next alignment: 267162 to 267064 (-98 bp)
				Next Alignment: 267064 268155 scaffold_12537 1092 1

			Previous gap was negative, modifying coordinates to ignore overlap
				Moving contig start from 1092 to 993.
			Align 15: 267163 268155 scaffold_12537 993 1
				Gap between this and next alignment: 268155 to 268938 (782 bp)
				Next Alignment: 268938 270076 scaffold_2772 1522 384

			Align 16: 268938 270076 scaffold_2772 1522 384
				Negative gap (overlap) between this and next alignment: 270076 to 270075 (-1 bp)
				Next Alignment: 270075 277788 scaffold_580 24645 16932

			Previous gap was negative, modifying coordinates to ignore overlap
				Moving contig start from 24645 to 24643.
			Align 17: 270077 277788 scaffold_580 24643 16932
				Gap between this and next alignment: 277788 to 278998 (1209 bp)
				Next Alignment: 278998 279984 scaffold_18344 983 1

			Align 18: 278998 279984 scaffold_18344 983 1
				Negative gap (overlap) between this and next alignment: 279984 to 279835 (-149 bp)
				Next Alignment: 279835 280323 scaffold_647 4908 4421

			Previous gap was negative, modifying coordinates to ignore overlap
				Moving contig start from 4908 to 4758.
			Align 19: 279985 280323 scaffold_647 4758 4421
				The next alignment (279990 280178 scaffold_951 8835 8648) is redundant. Skipping.
				Gap between this and next alignment: 280323 to 280918 (594 bp)
				Next Alignment: 280918 281164 scaffold_580 14128 13882

			Align 21: 280918 281164 scaffold_580 14128 13882
			END in gap: 281164 to 305755 (24591 bp)

ERROR: Reference Butyrivibrio_crossotus_gi_226597577_ref_NZ_ does not have any alignments!  Check that this is the same file used for alignment.
ERROR: Alignment Reference Headers: ['Butyrivibrio_crossotus_gi_226597586_ref_NZ_', 'Butyrivibrio_crossotus_gi_226597589_ref_NZ_', 'Butyrivibrio_crossotus_gi_226597588_ref_NZ_', 'Butyrivibrio_crossotus_gi_226597590_ref_NZ_']
ERROR: Reference Butyrivibrio_crossotus_gi_226597583_ref_NZ_ does not have any alignments!  Check that this is the same file used for alignment.
ERROR: Alignment Reference Headers: ['Butyrivibrio_crossotus_gi_226597586_ref_NZ_', 'Butyrivibrio_crossotus_gi_226597589_ref_NZ_', 'Butyrivibrio_crossotus_gi_226597588_ref_NZ_', 'Butyrivibrio_crossotus_gi_226597590_ref_NZ_']
ERROR: Reference Butyrivibrio_crossotus_gi_226597582_ref_NZ_ does not have any alignments!  Check that this is the same file used for alignment.
ERROR: Alignment Reference Headers: ['Butyrivibrio_crossotus_gi_226597586_ref_NZ_', 'Butyrivibrio_crossotus_gi_226597589_ref_NZ_', 'Butyrivibrio_crossotus_gi_226597588_ref_NZ_', 'Butyrivibrio_crossotus_gi_226597590_ref_NZ_']
ERROR: Reference Butyrivibrio_crossotus_gi_226597574_ref_NZ_ does not have any alignments!  Check that this is the same file used for alignment.
ERROR: Alignment Reference Headers: ['Butyrivibrio_crossotus_gi_226597586_ref_NZ_', 'Butyrivibrio_crossotus_gi_226597589_ref_NZ_', 'Butyrivibrio_crossotus_gi_226597588_ref_NZ_', 'Butyrivibrio_crossotus_gi_226597590_ref_NZ_']
	Reference Butyrivibrio_crossotus_gi_226597588_ref_NZ_: 8 total alignments. 1 total regions.
		Region: 1 to 253147 (253147 bp)
			START in gap: 1 to 3 (2 bp)
			Align 1: 3 83 scaffold_9520 173 255
				The next alignment (5 74 scaffold_10132 292 361) is redundant. Skipping.
				Gap between this and next alignment: 83 to 73691 (73607 bp)
				Next Alignment: 73691 73791 scaffold_9 55222 55321

			Align 3: 73691 73791 scaffold_9 55222 55321
				The next alignment (73700 73789 scaffold_336 32545 32456) is redundant. Skipping.
				The next alignment (73700 73788 scaffold_6551 1457 1545) is redundant. Skipping.
				The next alignment (73701 73791 scaffold_3287 3924 3834) is redundant. Skipping.
				Gap between this and next alignment: 73791 to 90111 (16319 bp)
				Next Alignment: 90111 90194 scaffold_269 30860 30942

			Align 7: 90111 90194 scaffold_269 30860 30942
				Negative gap (overlap) between this and next alignment: 90194 to 90120 (-74 bp)
				Next Alignment: 90120 90195 scaffold_5014 1082 1007

			Previous gap was negative, modifying coordinates to ignore overlap
				Moving contig start from 1082 to 1007.
			Align 8: 90195 90195 scaffold_5014 1007 1007
			END in gap: 90195 to 253147 (162952 bp)

ERROR: Reference Butyrivibrio_crossotus_gi_226597592_ref_NZ_ does not have any alignments!  Check that this is the same file used for alignment.
ERROR: Alignment Reference Headers: ['Butyrivibrio_crossotus_gi_226597586_ref_NZ_', 'Butyrivibrio_crossotus_gi_226597589_ref_NZ_', 'Butyrivibrio_crossotus_gi_226597588_ref_NZ_', 'Butyrivibrio_crossotus_gi_226597590_ref_NZ_']
ERROR: Reference Butyrivibrio_crossotus_gi_226597580_ref_NZ_ does not have any alignments!  Check that this is the same file used for alignment.
ERROR: Alignment Reference Headers: ['Butyrivibrio_crossotus_gi_226597586_ref_NZ_', 'Butyrivibrio_crossotus_gi_226597589_ref_NZ_', 'Butyrivibrio_crossotus_gi_226597588_ref_NZ_', 'Butyrivibrio_crossotus_gi_226597590_ref_NZ_']
ERROR: Reference Butyrivibrio_crossotus_gi_226597600_ref_NZ_ does not have any alignments!  Check that this is the same file used for alignment.
ERROR: Alignment Reference Headers: ['Butyrivibrio_crossotus_gi_226597586_ref_NZ_', 'Butyrivibrio_crossotus_gi_226597589_ref_NZ_', 'Butyrivibrio_crossotus_gi_226597588_ref_NZ_', 'Butyrivibrio_crossotus_gi_226597590_ref_NZ_']
ERROR: Reference Butyrivibrio_crossotus_gi_226597576_ref_NZ_ does not have any alignments!  Check that this is the same file used for alignment.
ERROR: Alignment Reference Headers: ['Butyrivibrio_crossotus_gi_226597586_ref_NZ_', 'Butyrivibrio_crossotus_gi_226597589_ref_NZ_', 'Butyrivibrio_crossotus_gi_226597588_ref_NZ_', 'Butyrivibrio_crossotus_gi_226597590_ref_NZ_']
ERROR: Reference Butyrivibrio_crossotus_gi_226597599_ref_NZ_ does not have any alignments!  Check that this is the same file used for alignment.
ERROR: Alignment Reference Headers: ['Butyrivibrio_crossotus_gi_226597586_ref_NZ_', 'Butyrivibrio_crossotus_gi_226597589_ref_NZ_', 'Butyrivibrio_crossotus_gi_226597588_ref_NZ_', 'Butyrivibrio_crossotus_gi_226597590_ref_NZ_']
ERROR: Reference Butyrivibrio_crossotus_gi_226597585_ref_NZ_ does not have any alignments!  Check that this is the same file used for alignment.
ERROR: Alignment Reference Headers: ['Butyrivibrio_crossotus_gi_226597586_ref_NZ_', 'Butyrivibrio_crossotus_gi_226597589_ref_NZ_', 'Butyrivibrio_crossotus_gi_226597588_ref_NZ_', 'Butyrivibrio_crossotus_gi_226597590_ref_NZ_']
ERROR: Reference Butyrivibrio_crossotus_gi_226597587_ref_NZ_ does not have any alignments!  Check that this is the same file used for alignment.
ERROR: Alignment Reference Headers: ['Butyrivibrio_crossotus_gi_226597586_ref_NZ_', 'Butyrivibrio_crossotus_gi_226597589_ref_NZ_', 'Butyrivibrio_crossotus_gi_226597588_ref_NZ_', 'Butyrivibrio_crossotus_gi_226597590_ref_NZ_']
ERROR: Reference Butyrivibrio_crossotus_gi_226597575_ref_NZ_ does not have any alignments!  Check that this is the same file used for alignment.
ERROR: Alignment Reference Headers: ['Butyrivibrio_crossotus_gi_226597586_ref_NZ_', 'Butyrivibrio_crossotus_gi_226597589_ref_NZ_', 'Butyrivibrio_crossotus_gi_226597588_ref_NZ_', 'Butyrivibrio_crossotus_gi_226597590_ref_NZ_']
ERROR: Reference Butyrivibrio_crossotus_gi_226597584_ref_NZ_ does not have any alignments!  Check that this is the same file used for alignment.
ERROR: Alignment Reference Headers: ['Butyrivibrio_crossotus_gi_226597586_ref_NZ_', 'Butyrivibrio_crossotus_gi_226597589_ref_NZ_', 'Butyrivibrio_crossotus_gi_226597588_ref_NZ_', 'Butyrivibrio_crossotus_gi_226597590_ref_NZ_']
ERROR: Reference Butyrivibrio_crossotus_gi_226597595_ref_NZ_ does not have any alignments!  Check that this is the same file used for alignment.
ERROR: Alignment Reference Headers: ['Butyrivibrio_crossotus_gi_226597586_ref_NZ_', 'Butyrivibrio_crossotus_gi_226597589_ref_NZ_', 'Butyrivibrio_crossotus_gi_226597588_ref_NZ_', 'Butyrivibrio_crossotus_gi_226597590_ref_NZ_']
ERROR: Reference Butyrivibrio_crossotus_gi_226597570_ref_NZ_ does not have any alignments!  Check that this is the same file used for alignment.
ERROR: Alignment Reference Headers: ['Butyrivibrio_crossotus_gi_226597586_ref_NZ_', 'Butyrivibrio_crossotus_gi_226597589_ref_NZ_', 'Butyrivibrio_crossotus_gi_226597588_ref_NZ_', 'Butyrivibrio_crossotus_gi_226597590_ref_NZ_']
ERROR: Reference Butyrivibrio_crossotus_gi_226597572_ref_NZ_ does not have any alignments!  Check that this is the same file used for alignment.
ERROR: Alignment Reference Headers: ['Butyrivibrio_crossotus_gi_226597586_ref_NZ_', 'Butyrivibrio_crossotus_gi_226597589_ref_NZ_', 'Butyrivibrio_crossotus_gi_226597588_ref_NZ_', 'Butyrivibrio_crossotus_gi_226597590_ref_NZ_']
ERROR: Reference Butyrivibrio_crossotus_gi_226597598_ref_NZ_ does not have any alignments!  Check that this is the same file used for alignment.
ERROR: Alignment Reference Headers: ['Butyrivibrio_crossotus_gi_226597586_ref_NZ_', 'Butyrivibrio_crossotus_gi_226597589_ref_NZ_', 'Butyrivibrio_crossotus_gi_226597588_ref_NZ_', 'Butyrivibrio_crossotus_gi_226597590_ref_NZ_']
ERROR: Reference Butyrivibrio_crossotus_gi_226597578_ref_NZ_ does not have any alignments!  Check that this is the same file used for alignment.
ERROR: Alignment Reference Headers: ['Butyrivibrio_crossotus_gi_226597586_ref_NZ_', 'Butyrivibrio_crossotus_gi_226597589_ref_NZ_', 'Butyrivibrio_crossotus_gi_226597588_ref_NZ_', 'Butyrivibrio_crossotus_gi_226597590_ref_NZ_']
	Reference Butyrivibrio_crossotus_gi_226597590_ref_NZ_: 67 total alignments. 1 total regions.
		Region: 1 to 1117448 (1117448 bp)
			START in gap: 1 to 4247 (4246 bp)
			Align 1: 4247 6488 scaffold_4676 2242 1
				Gap between this and next alignment: 6488 to 10608 (4119 bp)
				Next Alignment: 10608 11285 scaffold_22830 2 679

			Align 2: 10608 11285 scaffold_22830 2 679
				Negative gap (overlap) between this and next alignment: 11285 to 11187 (-98 bp)
				Next Alignment: 11187 13343 scaffold_8853 2163 1

			Previous gap was negative, modifying coordinates to ignore overlap
				Moving contig start from 2163 to 2064.
			Align 3: 11286 13343 scaffold_8853 2064 1
				The next alignment (12534 12632 scaffold_6032 1 99) is redundant. Skipping.
				Negative gap (overlap) between this and next alignment: 13343 to 13238 (-105 bp)
				Next Alignment: 13238 15625 scaffold_3767 2631 264

			Previous gap was negative, modifying coordinates to ignore overlap
				Moving contig start from 2631 to 2525.
			Align 5: 13344 15625 scaffold_3767 2525 264
				Negative gap (overlap) between this and next alignment: 15625 to 15055 (-570 bp)
				Next Alignment: 15055 16944 scaffold_5943 1890 1

			Previous gap was negative, modifying coordinates to ignore overlap
				Moving contig start from 1890 to 1319.
			Align 6: 15626 16944 scaffold_5943 1319 1
				Negative gap (overlap) between this and next alignment: 16944 to 16883 (-61 bp)
				Next Alignment: 16883 17840 scaffold_14742 1 957

			Previous gap was negative, modifying coordinates to ignore overlap
				Moving contig start from 1 to 63.
			Align 7: 16945 17840 scaffold_14742 63 957
				Negative gap (overlap) between this and next alignment: 17840 to 17583 (-257 bp)
				Next Alignment: 17583 24071 scaffold_737 3895 10386

			Previous gap was negative, modifying coordinates to ignore overlap
				Moving contig start from 3895 to 4156.
			Align 8: 17841 24071 scaffold_737 4156 10386
				Gap between this and next alignment: 24071 to 24712 (640 bp)
				Next Alignment: 24712 25237 scaffold_29379 526 1

			Align 9: 24712 25237 scaffold_29379 526 1
				Gap between this and next alignment: 25237 to 25419 (181 bp)
				Next Alignment: 25419 27448 scaffold_4007 2031 1

			Align 10: 25419 27448 scaffold_4007 2031 1
				Gap between this and next alignment: 27448 to 27561 (112 bp)
				Next Alignment: 27561 28005 scaffold_22509 687 243

			Align 11: 27561 28005 scaffold_22509 687 243
				Gap between this and next alignment: 28005 to 30208 (2202 bp)
				Next Alignment: 30208 30309 scaffold_1901 4291 4393

			Align 12: 30208 30309 scaffold_1901 4291 4393
				Negative gap (overlap) between this and next alignment: 30309 to 30210 (-99 bp)
				Next Alignment: 30210 30409 scaffold_2501 200 1

			Previous gap was negative, modifying coordinates to ignore overlap
				Moving contig start from 200 to 100.
			Align 13: 30310 30409 scaffold_2501 100 1
				The next alignment (30212 30309 scaffold_1279 98 1) is redundant. Skipping.
				Negative gap (overlap) between this and next alignment: 30409 to 30311 (-98 bp)
				Next Alignment: 30311 31471 scaffold_11604 1161 1

			Previous gap was negative, modifying coordinates to ignore overlap
				Moving contig start from 1161 to 1062.
			Align 15: 30410 31471 scaffold_11604 1062 1
				Negative gap (overlap) between this and next alignment: 31471 to 31373 (-98 bp)
				Next Alignment: 31373 31898 scaffold_36246 522 1

			Previous gap was negative, modifying coordinates to ignore overlap
				Moving contig start from 522 to 423.
			Align 16: 31472 31898 scaffold_36246 423 1
				Negative gap (overlap) between this and next alignment: 31898 to 31800 (-98 bp)
				Next Alignment: 31800 32906 scaffold_12317 1 1107

			Previous gap was negative, modifying coordinates to ignore overlap
				Moving contig start from 1 to 100.
			Align 17: 31899 32906 scaffold_12317 100 1107
				Negative gap (overlap) between this and next alignment: 32906 to 32808 (-98 bp)
				Next Alignment: 32808 32988 scaffold_31 83095 82916

			Previous gap was negative, modifying coordinates to ignore overlap
				Moving contig start from 83095 to 82996.
			Align 18: 32907 32988 scaffold_31 82996 82916
				Gap between this and next alignment: 32988 to 33592 (603 bp)
				Next Alignment: 33592 33759 scaffold_824 6244 6411

			Align 19: 33592 33759 scaffold_824 6244 6411
				Gap between this and next alignment: 33759 to 34927 (1167 bp)
				Next Alignment: 34927 35677 scaffold_20151 751 1

			Align 20: 34927 35677 scaffold_20151 751 1
				Gap between this and next alignment: 35677 to 35869 (191 bp)
				Next Alignment: 35869 36586 scaffold_21322 718 1

			Align 21: 35869 36586 scaffold_21322 718 1
				Negative gap (overlap) between this and next alignment: 36586 to 36492 (-94 bp)
				Next Alignment: 36492 38298 scaffold_448 1983 191

			Previous gap was negative, modifying coordinates to ignore overlap
				Moving contig start from 1983 to 1902.
			Align 22: 36587 38298 scaffold_448 1902 191
				Gap between this and next alignment: 38298 to 39438 (1139 bp)
				Next Alignment: 39438 40461 scaffold_11067 1024 1

			Align 23: 39438 40461 scaffold_11067 1024 1
				Gap between this and next alignment: 40461 to 41482 (1020 bp)
				Next Alignment: 41482 42423 scaffold_11501 1 942

			Align 24: 41482 42423 scaffold_11501 1 942
				Gap between this and next alignment: 42423 to 43092 (668 bp)
				Next Alignment: 43092 43315 scaffold_11501 943 1168

			Align 25: 43092 43315 scaffold_11501 943 1168
				Gap between this and next alignment: 43315 to 43619 (303 bp)
				Next Alignment: 43619 45540 scaffold_4736 303 2224

			Align 26: 43619 45540 scaffold_4736 303 2224
				Gap between this and next alignment: 45540 to 45551 (10 bp)
				Next Alignment: 45551 46635 scaffold_12639 1085 1

			Align 27: 45551 46635 scaffold_12639 1085 1
				Gap between this and next alignment: 46635 to 47460 (824 bp)
				Next Alignment: 47460 50753 scaffold_5213 3291 1

			Align 28: 47460 50753 scaffold_5213 3291 1
				Negative gap (overlap) between this and next alignment: 50753 to 50698 (-55 bp)
				Next Alignment: 50698 53468 scaffold_8176 2769 1

			Previous gap was negative, modifying coordinates to ignore overlap
				Moving contig start from 2769 to 2713.
			Align 29: 50754 53468 scaffold_8176 2713 1
				Gap between this and next alignment: 53468 to 53481 (12 bp)
				Next Alignment: 53481 55865 scaffold_4286 2385 1

			Align 30: 53481 55865 scaffold_4286 2385 1
				Gap between this and next alignment: 55865 to 55944 (78 bp)
				Next Alignment: 55944 59661 scaffold_1525 3717 1

			Align 31: 55944 59661 scaffold_1525 3717 1
				Gap between this and next alignment: 59661 to 320876 (261214 bp)
				Next Alignment: 320876 321171 scaffold_3348 5063 5358

			Align 32: 320876 321171 scaffold_3348 5063 5358
				Gap between this and next alignment: 321171 to 435801 (114629 bp)
				Next Alignment: 435801 435878 scaffold_18317 808 731

			Align 33: 435801 435878 scaffold_18317 808 731
				Gap between this and next alignment: 435878 to 436007 (128 bp)
				Next Alignment: 436007 436736 scaffold_18317 730 1

			Align 34: 436007 436736 scaffold_18317 730 1
				Gap between this and next alignment: 436736 to 437327 (590 bp)
				Next Alignment: 437327 438750 scaffold_2088 3382 4805

			Align 35: 437327 438750 scaffold_2088 3382 4805
				Negative gap (overlap) between this and next alignment: 438750 to 438691 (-59 bp)
				Next Alignment: 438691 441066 scaffold_6792 1 2369

			Previous gap was negative, modifying coordinates to ignore overlap
				Moving contig start from 1 to 61.
			Align 36: 438751 441066 scaffold_6792 61 2369
				Gap between this and next alignment: 441066 to 445691 (4624 bp)
				Next Alignment: 445691 445885 scaffold_1743 8416 8610

			Align 37: 445691 445885 scaffold_1743 8416 8610
				Gap between this and next alignment: 445885 to 445936 (50 bp)
				Next Alignment: 445936 447777 scaffold_1906 5865 4033

			Align 38: 445936 447777 scaffold_1906 5865 4033
				Negative gap (overlap) between this and next alignment: 447777 to 447692 (-85 bp)
				Next Alignment: 447692 448463 scaffold_12149 1119 349

			Previous gap was negative, modifying coordinates to ignore overlap
				Moving contig start from 1119 to 1033.
			Align 39: 447778 448463 scaffold_12149 1033 349
				Gap between this and next alignment: 448463 to 454474 (6010 bp)
				Next Alignment: 454474 455147 scaffold_3033 3910 3237

			Align 40: 454474 455147 scaffold_3033 3910 3237
				Gap between this and next alignment: 455147 to 455564 (416 bp)
				Next Alignment: 455564 458671 scaffold_3033 3236 110

			Align 41: 455564 458671 scaffold_3033 3236 110
				Gap between this and next alignment: 458671 to 459865 (1193 bp)
				Next Alignment: 459865 460077 scaffold_4285 1766 1554

			Align 42: 459865 460077 scaffold_4285 1766 1554
				Gap between this and next alignment: 460077 to 584339 (124261 bp)
				Next Alignment: 584339 585436 scaffold_1336 1775 677

			Align 43: 584339 585436 scaffold_1336 1775 677
				Gap between this and next alignment: 585436 to 585537 (100 bp)
				Next Alignment: 585537 586067 scaffold_877 7253 6723

			Align 44: 585537 586067 scaffold_877 7253 6723
				Gap between this and next alignment: 586067 to 851923 (265855 bp)
				Next Alignment: 851923 852526 scaffold_26410 1 605

			Align 45: 851923 852526 scaffold_26410 1 605
				Gap between this and next alignment: 852526 to 852792 (265 bp)
				Next Alignment: 852792 853008 scaffold_9142 1980 1764

			Align 46: 852792 853008 scaffold_9142 1980 1764
				Gap between this and next alignment: 853008 to 854822 (1813 bp)
				Next Alignment: 854822 860663 scaffold_1180 3277 9122

			Align 47: 854822 860663 scaffold_1180 3277 9122
				Gap between this and next alignment: 860663 to 920466 (59802 bp)
				Next Alignment: 920466 921230 scaffold_6174 1557 793

			Align 48: 920466 921230 scaffold_6174 1557 793
				Gap between this and next alignment: 921230 to 934518 (13287 bp)
				Next Alignment: 934518 937730 scaffold_93 76600 79809

			Align 49: 934518 937730 scaffold_93 76600 79809
				Gap between this and next alignment: 937730 to 943009 (5278 bp)
				Next Alignment: 943009 943219 scaffold_14170 780 990

			Align 50: 943009 943219 scaffold_14170 780 990
				Negative gap (overlap) between this and next alignment: 943219 to 943121 (-98 bp)
				Next Alignment: 943121 943518 scaffold_14967 1 398

			Previous gap was negative, modifying coordinates to ignore overlap
				Moving contig start from 1 to 100.
			Align 51: 943220 943518 scaffold_14967 100 398
				Gap between this and next alignment: 943518 to 951209 (7690 bp)
				Next Alignment: 951209 951307 scaffold_22872 99 1

			Align 52: 951209 951307 scaffold_22872 99 1
				Negative gap (overlap) between this and next alignment: 951307 to 951257 (-50 bp)
				Next Alignment: 951257 952319 scaffold_12949 1063 1

			Previous gap was negative, modifying coordinates to ignore overlap
				Moving contig start from 1063 to 1012.
			Align 53: 951308 952319 scaffold_12949 1012 1
				Gap between this and next alignment: 952319 to 952504 (184 bp)
				Next Alignment: 952504 953127 scaffold_25444 1 624

			Align 54: 952504 953127 scaffold_25444 1 624
				Gap between this and next alignment: 953127 to 953149 (21 bp)
				Next Alignment: 953149 953253 scaffold_20659 106 1

			Align 55: 953149 953253 scaffold_20659 106 1
				Negative gap (overlap) between this and next alignment: 953253 to 953210 (-43 bp)
				Next Alignment: 953210 954390 scaffold_11358 1 1181

			Previous gap was negative, modifying coordinates to ignore overlap
				Moving contig start from 1 to 45.
			Align 56: 953254 954390 scaffold_11358 45 1181
				Gap between this and next alignment: 954390 to 954501 (110 bp)
				Next Alignment: 954501 955778 scaffold_10242 1 1278

			Align 57: 954501 955778 scaffold_10242 1 1278
				Gap between this and next alignment: 955778 to 956967 (1188 bp)
				Next Alignment: 956967 957065 scaffold_7532 1 99

			Align 58: 956967 957065 scaffold_7532 1 99
				Gap between this and next alignment: 957065 to 962433 (5367 bp)
				Next Alignment: 962433 968675 scaffold_1743 2175 8415

			Align 59: 962433 968675 scaffold_1743 2175 8415
				Gap between this and next alignment: 968675 to 1039719 (71043 bp)
				Next Alignment: 1039719 1039805 scaffold_6889 399 313

			Align 60: 1039719 1039805 scaffold_6889 399 313
				Gap between this and next alignment: 1039805 to 1040771 (965 bp)
				Next Alignment: 1040771 1041321 scaffold_23863 1 551

			Align 61: 1040771 1041321 scaffold_23863 1 551
				Gap between this and next alignment: 1041321 to 1042692 (1370 bp)
				Next Alignment: 1042692 1042968 scaffold_30020 1 277

			Align 62: 1042692 1042968 scaffold_30020 1 277
				Negative gap (overlap) between this and next alignment: 1042968 to 1042915 (-53 bp)
				Next Alignment: 1042915 1043494 scaffold_1760 6616 6037

			Previous gap was negative, modifying coordinates to ignore overlap
				Moving contig start from 6616 to 6562.
			Align 63: 1042969 1043494 scaffold_1760 6562 6037
				Gap between this and next alignment: 1043494 to 1043646 (151 bp)
				Next Alignment: 1043646 1046847 scaffold_1760 5625 2371

			Align 64: 1043646 1046847 scaffold_1760 5625 2371
				Gap between this and next alignment: 1046847 to 1047863 (1015 bp)
				Next Alignment: 1047863 1048124 scaffold_28177 559 298

			Align 65: 1047863 1048124 scaffold_28177 559 298
				Gap between this and next alignment: 1048124 to 1049002 (877 bp)
				Next Alignment: 1049002 1049650 scaffold_7008 1799 1152

			Align 66: 1049002 1049650 scaffold_7008 1799 1152
				Gap between this and next alignment: 1049650 to 1049757 (106 bp)
				Next Alignment: 1049757 1049832 scaffold_906 15391 15316

			Align 67: 1049757 1049832 scaffold_906 15391 15316
			END in gap: 1049832 to 1117448 (67616 bp)

ERROR: Reference Butyrivibrio_crossotus_gi_226597591_ref_NZ_ does not have any alignments!  Check that this is the same file used for alignment.
ERROR: Alignment Reference Headers: ['Butyrivibrio_crossotus_gi_226597586_ref_NZ_', 'Butyrivibrio_crossotus_gi_226597589_ref_NZ_', 'Butyrivibrio_crossotus_gi_226597588_ref_NZ_', 'Butyrivibrio_crossotus_gi_226597590_ref_NZ_']
ERROR: Reference Butyrivibrio_crossotus_gi_226597571_ref_NZ_ does not have any alignments!  Check that this is the same file used for alignment.
ERROR: Alignment Reference Headers: ['Butyrivibrio_crossotus_gi_226597586_ref_NZ_', 'Butyrivibrio_crossotus_gi_226597589_ref_NZ_', 'Butyrivibrio_crossotus_gi_226597588_ref_NZ_', 'Butyrivibrio_crossotus_gi_226597590_ref_NZ_']
ERROR: Reference Butyrivibrio_crossotus_gi_226597573_ref_NZ_ does not have any alignments!  Check that this is the same file used for alignment.
ERROR: Alignment Reference Headers: ['Butyrivibrio_crossotus_gi_226597586_ref_NZ_', 'Butyrivibrio_crossotus_gi_226597589_ref_NZ_', 'Butyrivibrio_crossotus_gi_226597588_ref_NZ_', 'Butyrivibrio_crossotus_gi_226597590_ref_NZ_']
ERROR: Reference Butyrivibrio_crossotus_gi_226597579_ref_NZ_ does not have any alignments!  Check that this is the same file used for alignment.
ERROR: Alignment Reference Headers: ['Butyrivibrio_crossotus_gi_226597586_ref_NZ_', 'Butyrivibrio_crossotus_gi_226597589_ref_NZ_', 'Butyrivibrio_crossotus_gi_226597588_ref_NZ_', 'Butyrivibrio_crossotus_gi_226597590_ref_NZ_']
ERROR: Reference Butyrivibrio_crossotus_gi_226597581_ref_NZ_ does not have any alignments!  Check that this is the same file used for alignment.
ERROR: Alignment Reference Headers: ['Butyrivibrio_crossotus_gi_226597586_ref_NZ_', 'Butyrivibrio_crossotus_gi_226597589_ref_NZ_', 'Butyrivibrio_crossotus_gi_226597588_ref_NZ_', 'Butyrivibrio_crossotus_gi_226597590_ref_NZ_']
ERROR: Reference Butyrivibrio_crossotus_gi_226597593_ref_NZ_ does not have any alignments!  Check that this is the same file used for alignment.
ERROR: Alignment Reference Headers: ['Butyrivibrio_crossotus_gi_226597586_ref_NZ_', 'Butyrivibrio_crossotus_gi_226597589_ref_NZ_', 'Butyrivibrio_crossotus_gi_226597588_ref_NZ_', 'Butyrivibrio_crossotus_gi_226597590_ref_NZ_']
Analysis is finished!
Founded SNPs were written into /Molly/gurevich/MetaQUAST/res_final/res_metahit_final/runs_per_reference/Butyrivibrio_crossotus/contigs_reports/nucmer_output/IDBA_UD.used_snps

Results:
	Local Misassemblies: 4
	Misassemblies: 5
		Relocations: 4
		Translocations: 1
		Inversions: 0
	Fake misassemblies matched with structural variations: 0
	Misassembled Contigs: 4
	Misassembled Contig Bases: 28837
	Misassemblies Inter-Contig Overlap: 0
Uncovered Regions: 0 (0)
Unaligned Contigs: 0 + 55 part
Partially Unaligned Contigs with Misassemblies: 2
Unaligned Contig Bases: 751404

Ambiguously Mapped Contigs: 0
Total Bases in Ambiguously Mapped Contigs: 0
Note that --allow-ambiguity option was set to "one" and only first alignment per each contig was used.

	Covered Bases: 120438

	SNPs: 1931
	Insertions: 97
	Deletions: 79

	Positive Gaps: 69
		Internal Gaps:  6
		External Gaps:  63
		External Gap Total:  1652317
		External Gap Average: 26227
	Negative Gaps: 23
		Internal Overlaps:  0
		External Overlaps:  23
		External Overlaps Total: -2890
		External Overlaps Average: -126
	Contigs with Redundant Alignments: 7 (1049)
