/home/gurevich/rep/quast/quast.pyc -t 16 -j  --meta  --bed-file /Molly/gurevich/MetaQUAST/res_final/res_metahit_final/combined_reference/structural_variations/combined_reference.bed --no-check-meta  --contig-thresholds 1000,5000,10000,25000,50000 -R /Molly/gurevich/MetaQUAST/res_final/res_metahit_final/quast_corrected_input/Clostridium_sp_L2-50.fasta -o /Molly/gurevich/MetaQUAST/res_final/res_metahit_final/runs_per_reference/Clostridium_sp_L2-50 --labels "IDBA_UD, Ray, SOAPdenovo2, SPAdes" /Molly/gurevich/MetaQUAST/res_final/res_metahit_final/quast_corrected_input/IDBA_UD_to_Clostridium_sp_L2-50.fasta /Molly/gurevich/MetaQUAST/res_final/res_metahit_final/quast_corrected_input/Ray_to_Clostridium_sp_L2-50.fasta /Molly/gurevich/MetaQUAST/res_final/res_metahit_final/quast_corrected_input/SOAPdenovo2_to_Clostridium_sp_L2-50.fasta /Molly/gurevich/MetaQUAST/res_final/res_metahit_final/quast_corrected_input/SPAdes_to_Clostridium_sp_L2-50.fasta

Started: 2015-11-09 20:25:35

Logging to /Molly/gurevich/MetaQUAST/res_final/res_metahit_final/runs_per_reference/Clostridium_sp_L2-50/quast.log

NOTICE: Output directory already exists. Existing Nucmer alignments can be used.

Reference:
  /Molly/gurevich/MetaQUAST/res_final/res_metahit_final/quast_corrected_input/Clostridium_sp_L2-50.fasta ==> Clostridium_sp_L2-50

Contigs:
  1  /Molly/gurevich/MetaQUAST/res_final/res_metahit_final/quast_corrected_input/IDBA_UD_to_Clostridium_sp_L2-50.fasta ==> IDBA_UD
  2  /Molly/gurevich/MetaQUAST/res_final/res_metahit_final/quast_corrected_input/Ray_to_Clostridium_sp_L2-50.fasta ==> Ray
  3  /Molly/gurevich/MetaQUAST/res_final/res_metahit_final/quast_corrected_input/SOAPdenovo2_to_Clostridium_sp_L2-50.fasta ==> SOAPdenovo2
  4  /Molly/gurevich/MetaQUAST/res_final/res_metahit_final/quast_corrected_input/SPAdes_to_Clostridium_sp_L2-50.fasta ==> SPAdes

2015-11-09 20:25:36
Running Basic statistics processor...
  Reference genome:
    Clostridium_sp_L2-50.fasta, Reference length = 2954616, Reference GC % = 41.37
  Contig files: 
    1  IDBA_UD
    2  Ray
    3  SOAPdenovo2
    4  SPAdes
  Calculating N50 and L50...
    1  IDBA_UD, N50 = 77126, L50 = 4, Total length = 809887, GC % = 43.42, # N's per 100 kbp =  24.94
    2  Ray, N50 = 6563, L50 = 3, Total length = 102721, GC % = 41.97, # N's per 100 kbp =  1763.03
    3  SOAPdenovo2, N50 = 1050, L50 = 36, Total length = 120596, GC % = 45.09, # N's per 100 kbp =  4141.93
    4  SPAdes, N50 = 26166, L50 = 6, Total length = 627177, GC % = 42.45, # N's per 100 kbp =  309.16
  Drawing Nx plot...
    saved to /Molly/gurevich/MetaQUAST/res_final/res_metahit_final/runs_per_reference/Clostridium_sp_L2-50/basic_stats/Nx_plot.pdf
  Drawing NGx plot...
    saved to /Molly/gurevich/MetaQUAST/res_final/res_metahit_final/runs_per_reference/Clostridium_sp_L2-50/basic_stats/NGx_plot.pdf
  Drawing cumulative plot...
    saved to /Molly/gurevich/MetaQUAST/res_final/res_metahit_final/runs_per_reference/Clostridium_sp_L2-50/basic_stats/cumulative_plot.pdf
  Drawing GC content plot...
    saved to /Molly/gurevich/MetaQUAST/res_final/res_metahit_final/runs_per_reference/Clostridium_sp_L2-50/basic_stats/GC_content_plot.pdf
Done.

2015-11-09 20:25:38
Running Contig analyzer...
  1  IDBA_UD
  2  Ray
  3  SOAPdenovo2
  4  SPAdes
  2  Logging to files /Molly/gurevich/MetaQUAST/res_final/res_metahit_final/runs_per_reference/Clostridium_sp_L2-50/contigs_reports/contigs_report_Ray.stdout and contigs_report_Ray.stderr...
  3  Logging to files /Molly/gurevich/MetaQUAST/res_final/res_metahit_final/runs_per_reference/Clostridium_sp_L2-50/contigs_reports/contigs_report_SOAPdenovo2.stdout and contigs_report_SOAPdenovo2.stderr...
  4  Logging to files /Molly/gurevich/MetaQUAST/res_final/res_metahit_final/runs_per_reference/Clostridium_sp_L2-50/contigs_reports/contigs_report_SPAdes.stdout and contigs_report_SPAdes.stderr...
  1  Logging to files /Molly/gurevich/MetaQUAST/res_final/res_metahit_final/runs_per_reference/Clostridium_sp_L2-50/contigs_reports/contigs_report_IDBA_UD.stdout and contigs_report_IDBA_UD.stderr...
  1  Using existing Nucmer alignments... 
  2  Using existing Nucmer alignments... 
  3  Using existing Nucmer alignments... 
  4  Using existing Nucmer alignments... 
  2  Alignments: runs_per_reference/Clostridium_sp_L2-50/contigs_reports/alignments_Ray.tsv
  2  Analysis is finished.

  4  Alignments: runs_per_reference/Clostridium_sp_L2-50/contigs_reports/alignments_SPAdes.tsv
  4  Analysis is finished.

  1  Alignments: runs_per_reference/Clostridium_sp_L2-50/contigs_reports/alignments_IDBA_UD.tsv
  1  Analysis is finished.

  3  Alignments: runs_per_reference/Clostridium_sp_L2-50/contigs_reports/alignments_SOAPdenovo2.tsv
  3  Analysis is finished.

  Creating total report...
    saved to /Molly/gurevich/MetaQUAST/res_final/res_metahit_final/runs_per_reference/Clostridium_sp_L2-50/contigs_reports/misassemblies_report.txt, misassemblies_report.tsv, and misassemblies_report.tex
  Transposed version of total report...
    saved to /Molly/gurevich/MetaQUAST/res_final/res_metahit_final/runs_per_reference/Clostridium_sp_L2-50/contigs_reports/transposed_report_misassemblies.txt, transposed_report_misassemblies.tsv, and transposed_report_misassemblies.tex
  Creating total report...
    saved to /Molly/gurevich/MetaQUAST/res_final/res_metahit_final/runs_per_reference/Clostridium_sp_L2-50/contigs_reports/unaligned_report.txt, unaligned_report.tsv, and unaligned_report.tex
  Drawing misassemblies by types plot...
    saved to /Molly/gurevich/MetaQUAST/res_final/res_metahit_final/runs_per_reference/Clostridium_sp_L2-50/contigs_reports/misassemblies_plot.pdf
Done.

2015-11-09 20:25:41
Running NA-NGA calculation...
  1  IDBA_UD, Largest alignment = 19893, NA50 = None, LA50 = None
  2  Ray, Largest alignment = 4456, NA50 = None, LA50 = None
  3  SOAPdenovo2, Largest alignment = 3059, NA50 = 751, LA50 = 48
  4  SPAdes, Largest alignment = 15302, NA50 = None, LA50 = None
  Drawing cumulative plot...
    saved to /Molly/gurevich/MetaQUAST/res_final/res_metahit_final/runs_per_reference/Clostridium_sp_L2-50/aligned_stats/cumulative_plot.pdf
  Drawing NAx plot...
    saved to /Molly/gurevich/MetaQUAST/res_final/res_metahit_final/runs_per_reference/Clostridium_sp_L2-50/aligned_stats/NAx_plot.pdf
  Drawing NGAx plot...
    saved to /Molly/gurevich/MetaQUAST/res_final/res_metahit_final/runs_per_reference/Clostridium_sp_L2-50/aligned_stats/NGAx_plot.pdf
Done.

2015-11-09 20:25:42
Running Genome analyzer...
  NOTICE: No file with genes provided. Use the -G option if you want to specify it.
  NOTICE: No file with operons provided. Use the -O option if you want to specify it.
  1  IDBA_UD
  2  Ray
  3  SOAPdenovo2
  4  SPAdes
  2  Analysis is finished.
  1  Analysis is finished.
  4  Analysis is finished.
  3  Analysis is finished.
  Drawing Genome fraction, % histogram...
    saved to /Molly/gurevich/MetaQUAST/res_final/res_metahit_final/runs_per_reference/Clostridium_sp_L2-50/genome_stats/genome_fraction_histogram.pdf
Done.

NOTICE: Genes are not predicted by default. Use --gene-finding option to enable it.

2015-11-09 20:25:43
Drawing large plots...
This may take a while: press Ctrl-C to skip this step..
  1 of 2: Creating contig alignment plot...
  2 of 2: Creating PDF with all tables and plots...
Done

2015-11-09 20:25:47
RESULTS:
  Text versions of total report are saved to /Molly/gurevich/MetaQUAST/res_final/res_metahit_final/runs_per_reference/Clostridium_sp_L2-50/report.txt, report.tsv, and report.tex
  Text versions of transposed total report are saved to /Molly/gurevich/MetaQUAST/res_final/res_metahit_final/runs_per_reference/Clostridium_sp_L2-50/transposed_report.txt, transposed_report.tsv, and transposed_report.tex
  HTML version (interactive tables and plots) saved to /Molly/gurevich/MetaQUAST/res_final/res_metahit_final/runs_per_reference/Clostridium_sp_L2-50/report.html
  PDF version (tables and plots) saved to /Molly/gurevich/MetaQUAST/res_final/res_metahit_final/runs_per_reference/Clostridium_sp_L2-50/report.pdf
  Contig alignment plot: /Molly/gurevich/MetaQUAST/res_final/res_metahit_final/runs_per_reference/Clostridium_sp_L2-50/alignment.svg
