1: PREPARING DATA
2,3: RUNNING mummer AND CREATING CLUSTERS
# reading input file "/Users/vladsaveliev/Dropbox/bio/quast/quast-website/quast_app/files/ecoli/regular_report/contigs_reports/nucmer_output/IDBA-UD_contig.ntref" of length 4639676
# construct suffix tree for sequence of length 4639676
# (maximum reference length is 536870908)
# (maximum query length is 4294967295)
# process 46396 characters per dot
#....................................................................................................
# CONSTRUCTIONTIME /Users/vladsaveliev/Dropbox/bio/quast_master/libs/MUMmer3.23-osx/mummer /Users/vladsaveliev/Dropbox/bio/quast/quast-website/quast_app/files/ecoli/regular_report/contigs_reports/nucmer_output/IDBA-UD_contig.ntref 2.29
# reading input file "/Users/vladsaveliev/Dropbox/bio/quast/quast-website/quast_app/files/ecoli/regular_report/corrected_input/IDBA-UD_contig" of length 4734714
# matching query-file "/Users/vladsaveliev/Dropbox/bio/quast/quast-website/quast_app/files/ecoli/regular_report/corrected_input/IDBA-UD_contig"
# against subject-file "/Users/vladsaveliev/Dropbox/bio/quast/quast-website/quast_app/files/ecoli/regular_report/contigs_reports/nucmer_output/IDBA-UD_contig.ntref"
# COMPLETETIME /Users/vladsaveliev/Dropbox/bio/quast_master/libs/MUMmer3.23-osx/mummer /Users/vladsaveliev/Dropbox/bio/quast/quast-website/quast_app/files/ecoli/regular_report/contigs_reports/nucmer_output/IDBA-UD_contig.ntref 6.67
# SPACE /Users/vladsaveliev/Dropbox/bio/quast_master/libs/MUMmer3.23-osx/mummer /Users/vladsaveliev/Dropbox/bio/quast/quast-website/quast_app/files/ecoli/regular_report/contigs_reports/nucmer_output/IDBA-UD_contig.ntref 9.09
4: FINISHING DATA
Filtering alignments
Extracting alignment coordinates
Analyzing SNPs
Extracting alignment breakpoints
Generating report file
