/home/gurevich/rep/quast/quast.pyc -t 16 -j  --meta  --bed-file /Molly/gurevich/MetaQUAST/res_final/res_metahit_final/combined_reference/structural_variations/combined_reference.bed --no-check-meta  --contig-thresholds 1000,5000,10000,25000,50000 -R /Molly/gurevich/MetaQUAST/res_final/res_metahit_final/quast_corrected_input/Dorea_formicigenerans.fasta -o /Molly/gurevich/MetaQUAST/res_final/res_metahit_final/runs_per_reference/Dorea_formicigenerans --labels "IDBA_UD, Ray, SOAPdenovo2, SPAdes" /Molly/gurevich/MetaQUAST/res_final/res_metahit_final/quast_corrected_input/IDBA_UD_to_Dorea_formicigenerans.fasta /Molly/gurevich/MetaQUAST/res_final/res_metahit_final/quast_corrected_input/Ray_to_Dorea_formicigenerans.fasta /Molly/gurevich/MetaQUAST/res_final/res_metahit_final/quast_corrected_input/SOAPdenovo2_to_Dorea_formicigenerans.fasta /Molly/gurevich/MetaQUAST/res_final/res_metahit_final/quast_corrected_input/SPAdes_to_Dorea_formicigenerans.fasta

Started: 2015-11-09 20:26:22

Logging to /Molly/gurevich/MetaQUAST/res_final/res_metahit_final/runs_per_reference/Dorea_formicigenerans/quast.log

NOTICE: Output directory already exists. Existing Nucmer alignments can be used.

Reference:
  /Molly/gurevich/MetaQUAST/res_final/res_metahit_final/quast_corrected_input/Dorea_formicigenerans.fasta ==> Dorea_formicigenerans

Contigs:
  1  /Molly/gurevich/MetaQUAST/res_final/res_metahit_final/quast_corrected_input/IDBA_UD_to_Dorea_formicigenerans.fasta ==> IDBA_UD
  2  /Molly/gurevich/MetaQUAST/res_final/res_metahit_final/quast_corrected_input/Ray_to_Dorea_formicigenerans.fasta ==> Ray
  3  /Molly/gurevich/MetaQUAST/res_final/res_metahit_final/quast_corrected_input/SOAPdenovo2_to_Dorea_formicigenerans.fasta ==> SOAPdenovo2
  4  /Molly/gurevich/MetaQUAST/res_final/res_metahit_final/quast_corrected_input/SPAdes_to_Dorea_formicigenerans.fasta ==> SPAdes

2015-11-09 20:26:23
Running Basic statistics processor...
  Reference genome:
    Dorea_formicigenerans.fasta, Reference length = 3843583, Reference GC % = 40.34
  Contig files: 
    1  IDBA_UD
    2  Ray
    3  SOAPdenovo2
    4  SPAdes
  Calculating N50 and L50...
    1  IDBA_UD, N50 = 50587, L50 = 6, Total length = 1045093, GC % = 42.38, # N's per 100 kbp =  53.87
    2  Ray, N50 = 5615, L50 = 10, Total length = 194449, GC % = 40.81, # N's per 100 kbp =  2351.26
    3  SOAPdenovo2, N50 = 1583, L50 = 16, Total length = 103677, GC % = 38.44, # N's per 100 kbp =  2829.94
    4  SPAdes, N50 = 14985, L50 = 8, Total length = 494317, GC % = 39.91, # N's per 100 kbp =  595.77
  Drawing Nx plot...
    saved to /Molly/gurevich/MetaQUAST/res_final/res_metahit_final/runs_per_reference/Dorea_formicigenerans/basic_stats/Nx_plot.pdf
  Drawing NGx plot...
    saved to /Molly/gurevich/MetaQUAST/res_final/res_metahit_final/runs_per_reference/Dorea_formicigenerans/basic_stats/NGx_plot.pdf
  Drawing cumulative plot...
    saved to /Molly/gurevich/MetaQUAST/res_final/res_metahit_final/runs_per_reference/Dorea_formicigenerans/basic_stats/cumulative_plot.pdf
  Drawing GC content plot...
    saved to /Molly/gurevich/MetaQUAST/res_final/res_metahit_final/runs_per_reference/Dorea_formicigenerans/basic_stats/GC_content_plot.pdf
Done.

2015-11-09 20:26:25
Running Contig analyzer...
  1  IDBA_UD
  2  Ray
  4  SPAdes
  3  SOAPdenovo2
  1  Logging to files /Molly/gurevich/MetaQUAST/res_final/res_metahit_final/runs_per_reference/Dorea_formicigenerans/contigs_reports/contigs_report_IDBA_UD.stdout and contigs_report_IDBA_UD.stderr...
  2  Logging to files /Molly/gurevich/MetaQUAST/res_final/res_metahit_final/runs_per_reference/Dorea_formicigenerans/contigs_reports/contigs_report_Ray.stdout and contigs_report_Ray.stderr...
  3  Logging to files /Molly/gurevich/MetaQUAST/res_final/res_metahit_final/runs_per_reference/Dorea_formicigenerans/contigs_reports/contigs_report_SOAPdenovo2.stdout and contigs_report_SOAPdenovo2.stderr...
  4  Logging to files /Molly/gurevich/MetaQUAST/res_final/res_metahit_final/runs_per_reference/Dorea_formicigenerans/contigs_reports/contigs_report_SPAdes.stdout and contigs_report_SPAdes.stderr...
  1  Using existing Nucmer alignments... 
  3  Using existing Nucmer alignments... 
  4  Using existing Nucmer alignments... 
  2  Using existing Nucmer alignments... 
  4  Alignments: runs_per_reference/Dorea_formicigenerans/contigs_reports/alignments_SPAdes.tsv
  3  Alignments: runs_per_reference/Dorea_formicigenerans/contigs_reports/alignments_SOAPdenovo2.tsv
  3  Analysis is finished.

  4  Analysis is finished.

  1  Alignments: runs_per_reference/Dorea_formicigenerans/contigs_reports/alignments_IDBA_UD.tsv
  1  Analysis is finished.

  2  Alignments: runs_per_reference/Dorea_formicigenerans/contigs_reports/alignments_Ray.tsv
  2  Analysis is finished.

  Creating total report...
    saved to /Molly/gurevich/MetaQUAST/res_final/res_metahit_final/runs_per_reference/Dorea_formicigenerans/contigs_reports/misassemblies_report.txt, misassemblies_report.tsv, and misassemblies_report.tex
  Transposed version of total report...
    saved to /Molly/gurevich/MetaQUAST/res_final/res_metahit_final/runs_per_reference/Dorea_formicigenerans/contigs_reports/transposed_report_misassemblies.txt, transposed_report_misassemblies.tsv, and transposed_report_misassemblies.tex
  Creating total report...
    saved to /Molly/gurevich/MetaQUAST/res_final/res_metahit_final/runs_per_reference/Dorea_formicigenerans/contigs_reports/unaligned_report.txt, unaligned_report.tsv, and unaligned_report.tex
  Drawing misassemblies by types plot...
    saved to /Molly/gurevich/MetaQUAST/res_final/res_metahit_final/runs_per_reference/Dorea_formicigenerans/contigs_reports/misassemblies_plot.pdf
Done.

2015-11-09 20:26:27
Running NA-NGA calculation...
  1  IDBA_UD, Largest alignment = 18100, NA50 = None, LA50 = None
  2  Ray, Largest alignment = 9474, NA50 = None, LA50 = None
  3  SOAPdenovo2, Largest alignment = 11864, NA50 = 692, LA50 = 32
  4  SPAdes, Largest alignment = 18091, NA50 = None, LA50 = None
  Drawing cumulative plot...
    saved to /Molly/gurevich/MetaQUAST/res_final/res_metahit_final/runs_per_reference/Dorea_formicigenerans/aligned_stats/cumulative_plot.pdf
  Drawing NAx plot...
    saved to /Molly/gurevich/MetaQUAST/res_final/res_metahit_final/runs_per_reference/Dorea_formicigenerans/aligned_stats/NAx_plot.pdf
  Drawing NGAx plot...
    saved to /Molly/gurevich/MetaQUAST/res_final/res_metahit_final/runs_per_reference/Dorea_formicigenerans/aligned_stats/NGAx_plot.pdf
Done.

2015-11-09 20:26:28
Running Genome analyzer...
  NOTICE: No file with genes provided. Use the -G option if you want to specify it.
  NOTICE: No file with operons provided. Use the -O option if you want to specify it.
  1  IDBA_UD
  2  Ray
  3  SOAPdenovo2
  4  SPAdes
  3  Analysis is finished.
  2  Analysis is finished.
  4  Analysis is finished.
  1  Analysis is finished.
  Drawing Genome fraction, % histogram...
    saved to /Molly/gurevich/MetaQUAST/res_final/res_metahit_final/runs_per_reference/Dorea_formicigenerans/genome_stats/genome_fraction_histogram.pdf
Done.

NOTICE: Genes are not predicted by default. Use --gene-finding option to enable it.

2015-11-09 20:26:30
Drawing large plots...
This may take a while: press Ctrl-C to skip this step..
  1 of 2: Creating contig alignment plot...
  2 of 2: Creating PDF with all tables and plots...
Done

2015-11-09 20:26:35
RESULTS:
  Text versions of total report are saved to /Molly/gurevich/MetaQUAST/res_final/res_metahit_final/runs_per_reference/Dorea_formicigenerans/report.txt, report.tsv, and report.tex
  Text versions of transposed total report are saved to /Molly/gurevich/MetaQUAST/res_final/res_metahit_final/runs_per_reference/Dorea_formicigenerans/transposed_report.txt, transposed_report.tsv, and transposed_report.tex
  HTML version (interactive tables and plots) saved to /Molly/gurevich/MetaQUAST/res_final/res_metahit_final/runs_per_reference/Dorea_formicigenerans/report.html
  PDF version (tables and plots) saved to /Molly/gurevich/MetaQUAST/res_final/res_metahit_final/runs_per_reference/Dorea_formicigenerans/report.pdf
  Contig alignment plot: /Molly/gurevich/MetaQUAST/res_final/res_metahit_final/runs_per_reference/Dorea_formicigenerans/alignment.svg
