Aligning contigs to reference...
	Using existing Nucmer alignments...
Parsing coords...
Loading reference...
	Loaded [Clostridium_leptum_gi_223667820_ref_NZ_]
Loading SNPs...
Loading regions...
	No regions given, using whole reference.
	Total Regions: 1
	Total Region Length: 3270209
Analyzing contigs...
CONTIG: scaffold26036__4.3 (720bp)
Top Length: 126  Top ID: 98.41
			Skipping redundant alignments after choosing the best set of alignments
		Skipping redundant alignment 2888892 2888983 | 720 629 | 92 92 | 100.0 | Clostridium_leptum_gi_223667820_ref_NZ_ scaffold26036__4.3
		Skipping redundant alignment 2889215 2889332 | 546 429 | 118 118 | 99.15 | Clostridium_leptum_gi_223667820_ref_NZ_ scaffold26036__4.3
		Skipping redundant alignment 2889528 2889593 | 379 314 | 66 66 | 100.0 | Clostridium_leptum_gi_223667820_ref_NZ_ scaffold26036__4.3
		Skipping redundant alignment 2889779 2889868 | 276 187 | 90 90 | 98.89 | Clostridium_leptum_gi_223667820_ref_NZ_ scaffold26036__4.3
		Skipping redundant alignment 2890078 2890203 | 126 1 | 126 126 | 98.41 | Clostridium_leptum_gi_223667820_ref_NZ_ scaffold26036__4.3
		This contig is misassembled. 10 total aligns.
			Real Alignment 1: 1010815 1010940 | 126 1 | 126 126 | 98.41 | Clostridium_leptum_gi_223667820_ref_NZ_ scaffold26036__4.3
			  Gap between these two alignments (local misassembly). Inconsistency = 149 
			Real Alignment 2: 1010516 1010605 | 276 187 | 90 90 | 98.89 | Clostridium_leptum_gi_223667820_ref_NZ_ scaffold26036__4.3
			  Gap between these two alignments (local misassembly). Inconsistency = 148 
			Real Alignment 3: 1010265 1010330 | 379 314 | 66 66 | 100.0 | Clostridium_leptum_gi_223667820_ref_NZ_ scaffold26036__4.3
			  Gap between these two alignments (local misassembly). Inconsistency = 146 
			Real Alignment 4: 1009952 1010069 | 546 429 | 118 118 | 99.15 | Clostridium_leptum_gi_223667820_ref_NZ_ scaffold26036__4.3
			  Gap between these two alignments (local misassembly). Inconsistency = 149 
			Real Alignment 5: 1009629 1009720 | 720 629 | 92 92 | 100.0 | Clostridium_leptum_gi_223667820_ref_NZ_ scaffold26036__4.3

CONTIG: scaffold31126__4.6 (550bp)
Top Length: 130  Top ID: 97.69
		This contig is partially unaligned. (Aligned 130 out of 550 bases)
		Alignment: 2880912 2881041 | 1 130 | 130 130 | 97.69 | Clostridium_leptum_gi_223667820_ref_NZ_ scaffold31126__4.6
		Unaligned bases: 131 to 550 (420)

CONTIG: scaffold41120__2.7 (891bp)
Top Length: 186  Top ID: 98.92
		This contig is partially unaligned. (Aligned 186 out of 891 bases)
		Alignment: 2642594 2642779 | 219 404 | 186 186 | 98.92 | Clostridium_leptum_gi_223667820_ref_NZ_ scaffold41120__2.7
		Unaligned bases: 1 to 218 (218)
		Unaligned bases: 405 to 891 (487)

CONTIG: scaffold51889__2.2 (986bp)
Top Length: 207  Top ID: 98.07
		This contig is partially unaligned. (Aligned 207 out of 986 bases)
		Alignment: 2860289 2860495 | 207 1 | 207 207 | 98.07 | Clostridium_leptum_gi_223667820_ref_NZ_ scaffold51889__2.2
		Unaligned bases: 208 to 986 (779)

CONTIG: C731626_48.0 (633bp)
Top Length: 633  Top ID: 99.68
		One align captures most of this contig: 2884409 2885041 | 633 1 | 633 633 | 99.68 | Clostridium_leptum_gi_223667820_ref_NZ_ C731626_48.0

CONTIG: C740456_72.0 (797bp)
Top Length: 797  Top ID: 100.0
		One align captures most of this contig: 3167045 3167841 | 1 797 | 797 797 | 100.0 | Clostridium_leptum_gi_223667820_ref_NZ_ C740456_72.0

CONTIG: C742884_73.0 (865bp)
Top Length: 865  Top ID: 99.08
		One align captures most of this contig: 3165768 3166632 | 865 1 | 865 865 | 99.08 | Clostridium_leptum_gi_223667820_ref_NZ_ C742884_73.0

CONTIG: C747996_15.0 (1061bp)
Top Length: 1061  Top ID: 100.0
		One align captures most of this contig: 3169541 3170601 | 1 1061 | 1061 1061 | 100.0 | Clostridium_leptum_gi_223667820_ref_NZ_ C747996_15.0

CONTIG: C749472_16.0 (1133bp)
Top Length: 1133  Top ID: 100.0
		One align captures most of this contig: 3168439 3169571 | 1 1133 | 1133 1133 | 100.0 | Clostridium_leptum_gi_223667820_ref_NZ_ C749472_16.0

CONTIG: C752372_17.0 (1307bp)
Top Length: 1307  Top ID: 99.85
		One align captures most of this contig: 3172816 3174122 | 1 1307 | 1307 1307 | 99.85 | Clostridium_leptum_gi_223667820_ref_NZ_ C752372_17.0

CONTIG: C752386_25.0 (1308bp)
Top Length: 1307  Top ID: 100.0
		One align captures most of this contig: 3174460 3175766 | 2 1308 | 1307 1307 | 100.0 | Clostridium_leptum_gi_223667820_ref_NZ_ C752386_25.0

CONTIG: C752534_61.0 (1320bp)
Top Length: 1320  Top ID: 99.92
		One align captures most of this contig: 2885400 2886719 | 1 1320 | 1320 1320 | 99.92 | Clostridium_leptum_gi_223667820_ref_NZ_ C752534_61.0

CONTIG: C758522__8.0 (2005bp)
Top Length: 2005  Top ID: 99.7
		One align captures most of this contig: 3170575 3172579 | 2005 1 | 2005 2005 | 99.7 | Clostridium_leptum_gi_223667820_ref_NZ_ C758522__8.0

Analyzing coverage...
Writing SNPs into /Molly/gurevich/MetaQUAST/res_final/res_metahit_final/runs_per_reference/Clostridium_leptum/contigs_reports/nucmer_output/SOAPdenovo2.used_snps
	Reference Clostridium_leptum_gi_223667820_ref_NZ_: 17 total alignments. 1 total regions.
		Region: 1 to 3270209 (3270209 bp)
			START in gap: 1 to 1009629 (1009628 bp)
			Align 1: 1009629 1009720 scaffold26036__4.3 720 629
				Gap between this and next alignment: 1009720 to 1009952 (231 bp)
				Next Alignment: 1009952 1010069 scaffold26036__4.3 546 429

			Align 2: 1009952 1010069 scaffold26036__4.3 546 429
				Gap between this and next alignment: 1010069 to 1010265 (195 bp)
				Next Alignment: 1010265 1010330 scaffold26036__4.3 379 314

			Align 3: 1010265 1010330 scaffold26036__4.3 379 314
				Gap between this and next alignment: 1010330 to 1010516 (185 bp)
				Next Alignment: 1010516 1010605 scaffold26036__4.3 276 187

			Align 4: 1010516 1010605 scaffold26036__4.3 276 187
				Gap between this and next alignment: 1010605 to 1010815 (209 bp)
				Next Alignment: 1010815 1010940 scaffold26036__4.3 126 1

			Align 5: 1010815 1010940 scaffold26036__4.3 126 1
				Gap between this and next alignment: 1010940 to 2642594 (1631653 bp)
				Next Alignment: 2642594 2642779 scaffold41120__2.7 219 404

			Align 6: 2642594 2642779 scaffold41120__2.7 219 404
				Gap between this and next alignment: 2642779 to 2860289 (217509 bp)
				Next Alignment: 2860289 2860495 scaffold51889__2.2 207 1

			Align 7: 2860289 2860495 scaffold51889__2.2 207 1
				Gap between this and next alignment: 2860495 to 2880912 (20416 bp)
				Next Alignment: 2880912 2881041 scaffold31126__4.6 1 130

			Align 8: 2880912 2881041 scaffold31126__4.6 1 130
				Gap between this and next alignment: 2881041 to 2884409 (3367 bp)
				Next Alignment: 2884409 2885041 C731626_48.0 633 1

			Align 9: 2884409 2885041 C731626_48.0 633 1
				Gap between this and next alignment: 2885041 to 2885400 (358 bp)
				Next Alignment: 2885400 2886719 C752534_61.0 1 1320

			Align 10: 2885400 2886719 C752534_61.0 1 1320
				Gap between this and next alignment: 2886719 to 3165768 (279048 bp)
				Next Alignment: 3165768 3166632 C742884_73.0 865 1

			Align 11: 3165768 3166632 C742884_73.0 865 1
				Gap between this and next alignment: 3166632 to 3167045 (412 bp)
				Next Alignment: 3167045 3167841 C740456_72.0 1 797

			Align 12: 3167045 3167841 C740456_72.0 1 797
				Gap between this and next alignment: 3167841 to 3168439 (597 bp)
				Next Alignment: 3168439 3169571 C749472_16.0 1 1133

			Align 13: 3168439 3169571 C749472_16.0 1 1133
				Negative gap (overlap) between this and next alignment: 3169571 to 3169541 (-30 bp)
				Next Alignment: 3169541 3170601 C747996_15.0 1 1061

			Previous gap was negative, modifying coordinates to ignore overlap
				Moving contig start from 1 to 32.
			Align 14: 3169572 3170601 C747996_15.0 32 1061
				Negative gap (overlap) between this and next alignment: 3170601 to 3170575 (-26 bp)
				Next Alignment: 3170575 3172579 C758522__8.0 2005 1

			Previous gap was negative, modifying coordinates to ignore overlap
				Moving contig start from 2005 to 1978.
			Align 15: 3170602 3172579 C758522__8.0 1978 1
				Gap between this and next alignment: 3172579 to 3172816 (236 bp)
				Next Alignment: 3172816 3174122 C752372_17.0 1 1307

			Align 16: 3172816 3174122 C752372_17.0 1 1307
				Gap between this and next alignment: 3174122 to 3174460 (337 bp)
				Next Alignment: 3174460 3175766 C752386_25.0 2 1308

			Align 17: 3174460 3175766 C752386_25.0 2 1308
			END in gap: 3175766 to 3270209 (94443 bp)

Analysis is finished!
Founded SNPs were written into /Molly/gurevich/MetaQUAST/res_final/res_metahit_final/runs_per_reference/Clostridium_leptum/contigs_reports/nucmer_output/SOAPdenovo2.used_snps

Results:
	Local Misassemblies: 4
	Misassemblies: 0
		Relocations: 0
		Translocations: 0
		Inversions: 0
	Fake misassemblies matched with structural variations: 0
	Misassembled Contigs: 0
	Misassembled Contig Bases: 0
	Misassemblies Inter-Contig Overlap: 0
Uncovered Regions: 0 (0)
Unaligned Contigs: 0 + 3 part
Partially Unaligned Contigs with Misassemblies: 0
Unaligned Contig Bases: 1904

Ambiguously Mapped Contigs: 0
Total Bases in Ambiguously Mapped Contigs: 0
Note that --allow-ambiguity option was set to "one" and only first alignment per each contig was used.

	Covered Bases: 11385

	SNPs: 32
	Insertions: 0
	Deletions: 0

	Positive Gaps: 16
		Internal Gaps:  4
		External Gaps:  12
		External Gap Total:  3258004
		External Gap Average: 271500
	Negative Gaps: 2
		Internal Overlaps:  0
		External Overlaps:  2
		External Overlaps Total: -56
		External Overlaps Average: -28
	Contigs with Redundant Alignments: 0 (0)
