/home/gurevich/rep/quast/quast.pyc -t 16 -j  --meta  --bed-file /Molly/gurevich/MetaQUAST/res_final/res_metahit_final/combined_reference/structural_variations/combined_reference.bed --no-check-meta  --contig-thresholds 1000,5000,10000,25000,50000 -R /Molly/gurevich/MetaQUAST/res_final/res_metahit_final/quast_corrected_input/Bacteroides_sp_XB1A.fasta -o /Molly/gurevich/MetaQUAST/res_final/res_metahit_final/runs_per_reference/Bacteroides_sp_XB1A --labels "IDBA_UD, Ray, SOAPdenovo2, SPAdes" /Molly/gurevich/MetaQUAST/res_final/res_metahit_final/quast_corrected_input/IDBA_UD_to_Bacteroides_sp_XB1A.fasta /Molly/gurevich/MetaQUAST/res_final/res_metahit_final/quast_corrected_input/Ray_to_Bacteroides_sp_XB1A.fasta /Molly/gurevich/MetaQUAST/res_final/res_metahit_final/quast_corrected_input/SOAPdenovo2_to_Bacteroides_sp_XB1A.fasta /Molly/gurevich/MetaQUAST/res_final/res_metahit_final/quast_corrected_input/SPAdes_to_Bacteroides_sp_XB1A.fasta

Started: 2015-11-09 20:18:13

Logging to /Molly/gurevich/MetaQUAST/res_final/res_metahit_final/runs_per_reference/Bacteroides_sp_XB1A/quast.log

Reference:
  /Molly/gurevich/MetaQUAST/res_final/res_metahit_final/quast_corrected_input/Bacteroides_sp_XB1A.fasta ==> Bacteroides_sp_XB1A

Contigs:
  1  /Molly/gurevich/MetaQUAST/res_final/res_metahit_final/quast_corrected_input/IDBA_UD_to_Bacteroides_sp_XB1A.fasta ==> IDBA_UD
  2  /Molly/gurevich/MetaQUAST/res_final/res_metahit_final/quast_corrected_input/Ray_to_Bacteroides_sp_XB1A.fasta ==> Ray
  3  /Molly/gurevich/MetaQUAST/res_final/res_metahit_final/quast_corrected_input/SOAPdenovo2_to_Bacteroides_sp_XB1A.fasta ==> SOAPdenovo2
  4  /Molly/gurevich/MetaQUAST/res_final/res_metahit_final/quast_corrected_input/SPAdes_to_Bacteroides_sp_XB1A.fasta ==> SPAdes

2015-11-09 20:18:14
Running Basic statistics processor...
  Reference genome:
    Bacteroides_sp_XB1A.fasta, Reference length = 5976145, Reference GC % = 41.89
  Contig files: 
    1  IDBA_UD
    2  Ray
    3  SOAPdenovo2
    4  SPAdes
  Calculating N50 and L50...
    1  IDBA_UD, N50 = 2018, L50 = 217, Total length = 1714464, GC % = 42.39, # N's per 100 kbp =  158.53
    2  Ray, N50 = 6015, L50 = 3, Total length = 64438, GC % = 41.15, # N's per 100 kbp =  585.06
    3  SOAPdenovo2, N50 = 806, L50 = 138, Total length = 338323, GC % = 41.49, # N's per 100 kbp =  7736.69
    4  SPAdes, N50 = 2517, L50 = 131, Total length = 1360204, GC % = 42.48, # N's per 100 kbp =  692.76
  Drawing Nx plot...
    saved to /Molly/gurevich/MetaQUAST/res_final/res_metahit_final/runs_per_reference/Bacteroides_sp_XB1A/basic_stats/Nx_plot.pdf
  Drawing NGx plot...
    saved to /Molly/gurevich/MetaQUAST/res_final/res_metahit_final/runs_per_reference/Bacteroides_sp_XB1A/basic_stats/NGx_plot.pdf
  Drawing cumulative plot...
    saved to /Molly/gurevich/MetaQUAST/res_final/res_metahit_final/runs_per_reference/Bacteroides_sp_XB1A/basic_stats/cumulative_plot.pdf
  Drawing GC content plot...
    saved to /Molly/gurevich/MetaQUAST/res_final/res_metahit_final/runs_per_reference/Bacteroides_sp_XB1A/basic_stats/GC_content_plot.pdf
Done.

2015-11-09 20:18:17
Running Contig analyzer...
  1  IDBA_UD
  2  Ray
  3  SOAPdenovo2
  4  SPAdes
  4  Logging to files /Molly/gurevich/MetaQUAST/res_final/res_metahit_final/runs_per_reference/Bacteroides_sp_XB1A/contigs_reports/contigs_report_SPAdes.stdout and contigs_report_SPAdes.stderr...
  4  Running Nucmer
  1  Logging to files /Molly/gurevich/MetaQUAST/res_final/res_metahit_final/runs_per_reference/Bacteroides_sp_XB1A/contigs_reports/contigs_report_IDBA_UD.stdout and contigs_report_IDBA_UD.stderr...
  1  Running Nucmer
  2  Logging to files /Molly/gurevich/MetaQUAST/res_final/res_metahit_final/runs_per_reference/Bacteroides_sp_XB1A/contigs_reports/contigs_report_Ray.stdout and contigs_report_Ray.stderr...
  2  Running Nucmer
  3  Logging to files /Molly/gurevich/MetaQUAST/res_final/res_metahit_final/runs_per_reference/Bacteroides_sp_XB1A/contigs_reports/contigs_report_SOAPdenovo2.stdout and contigs_report_SOAPdenovo2.stderr...
  3  Running Nucmer
  2  /home/gurevich/rep/quast/libs/MUMmer3.23-linux/nucmer -c 65 -l 65 --maxmatch \
     -p runs_per_reference/Bacteroides_sp_XB1A/contigs_reports/nucmer_output/Ray runs_per_reference/Bacteroides_sp_XB1A/quast_corrected_input/Bacteroides_sp_XB1A.fasta \
     quast_corrected_input/Ray_to_Bacteroides_sp_XB1A.fasta >> runs_per_reference/Bacteroides_sp_XB1A/contigs_reports/contigs_report_Ray.stdout \
     2>> runs_per_reference/Bacteroides_sp_XB1A/contigs_reports/contigs_report_Ray.stderr
  4  /home/gurevich/rep/quast/libs/MUMmer3.23-linux/nucmer -c 65 -l 65 --maxmatch \
     -p runs_per_reference/Bacteroides_sp_XB1A/contigs_reports/nucmer_output/SPAdes \
     runs_per_reference/Bacteroides_sp_XB1A/quast_corrected_input/Bacteroides_sp_XB1A.fasta \
     quast_corrected_input/SPAdes_to_Bacteroides_sp_XB1A.fasta >> runs_per_reference/Bacteroides_sp_XB1A/contigs_reports/contigs_report_SPAdes.stdout \
     2>> runs_per_reference/Bacteroides_sp_XB1A/contigs_reports/contigs_report_SPAdes.stderr
  1  /home/gurevich/rep/quast/libs/MUMmer3.23-linux/nucmer -c 65 -l 65 --maxmatch \
     -p runs_per_reference/Bacteroides_sp_XB1A/contigs_reports/nucmer_output/IDBA_UD \
     runs_per_reference/Bacteroides_sp_XB1A/quast_corrected_input/Bacteroides_sp_XB1A.fasta \
     quast_corrected_input/IDBA_UD_to_Bacteroides_sp_XB1A.fasta >> runs_per_reference/Bacteroides_sp_XB1A/contigs_reports/contigs_report_IDBA_UD.stdout \
     2>> runs_per_reference/Bacteroides_sp_XB1A/contigs_reports/contigs_report_IDBA_UD.stderr
  3  /home/gurevich/rep/quast/libs/MUMmer3.23-linux/nucmer -c 65 -l 65 --maxmatch \
     -p runs_per_reference/Bacteroides_sp_XB1A/contigs_reports/nucmer_output/SOAPdenovo2 \
     runs_per_reference/Bacteroides_sp_XB1A/quast_corrected_input/Bacteroides_sp_XB1A.fasta \
     quast_corrected_input/SOAPdenovo2_to_Bacteroides_sp_XB1A.fasta >> runs_per_reference/Bacteroides_sp_XB1A/contigs_reports/contigs_report_SOAPdenovo2.stdout \
     2>> runs_per_reference/Bacteroides_sp_XB1A/contigs_reports/contigs_report_SOAPdenovo2.stderr
  2  /home/gurevich/rep/quast/libs/MUMmer3.23-linux/delta-filter -i 95 -l 0 runs_per_reference/Bacteroides_sp_XB1A/contigs_reports/nucmer_output/Ray.delta \
     > runs_per_reference/Bacteroides_sp_XB1A/contigs_reports/nucmer_output/Ray.fdelta \
     2> runs_per_reference/Bacteroides_sp_XB1A/contigs_reports/contigs_report_Ray.stderr
  2  /home/gurevich/rep/quast/libs/MUMmer3.23-linux/show-coords runs_per_reference/Bacteroides_sp_XB1A/contigs_reports/nucmer_output/Ray.delta \
     > runs_per_reference/Bacteroides_sp_XB1A/contigs_reports/nucmer_output/Ray.coords_tmp \
     2> runs_per_reference/Bacteroides_sp_XB1A/contigs_reports/contigs_report_Ray.stderr
  2  /home/gurevich/rep/quast/libs/MUMmer3.23-linux/show-snps -S -T -H runs_per_reference/Bacteroides_sp_XB1A/contigs_reports/nucmer_output/Ray.delta \
     < runs_per_reference/Bacteroides_sp_XB1A/contigs_reports/nucmer_output/Ray.coords.headless \
     > runs_per_reference/Bacteroides_sp_XB1A/contigs_reports/nucmer_output/Ray.all_snps \
     2> runs_per_reference/Bacteroides_sp_XB1A/contigs_reports/contigs_report_Ray.stderr
  3  /home/gurevich/rep/quast/libs/MUMmer3.23-linux/delta-filter -i 95 -l 0 runs_per_reference/Bacteroides_sp_XB1A/contigs_reports/nucmer_output/SOAPdenovo2.delta \
     > runs_per_reference/Bacteroides_sp_XB1A/contigs_reports/nucmer_output/SOAPdenovo2.fdelta \
     2> runs_per_reference/Bacteroides_sp_XB1A/contigs_reports/contigs_report_SOAPdenovo2.stderr
  3  /home/gurevich/rep/quast/libs/MUMmer3.23-linux/show-coords runs_per_reference/Bacteroides_sp_XB1A/contigs_reports/nucmer_output/SOAPdenovo2.delta \
     > runs_per_reference/Bacteroides_sp_XB1A/contigs_reports/nucmer_output/SOAPdenovo2.coords_tmp \
     2> runs_per_reference/Bacteroides_sp_XB1A/contigs_reports/contigs_report_SOAPdenovo2.stderr
  2  Alignments: runs_per_reference/Bacteroides_sp_XB1A/contigs_reports/alignments_Ray.tsv
  2  Analysis is finished.

  3  /home/gurevich/rep/quast/libs/MUMmer3.23-linux/show-snps -S -T -H runs_per_reference/Bacteroides_sp_XB1A/contigs_reports/nucmer_output/SOAPdenovo2.delta \
     < runs_per_reference/Bacteroides_sp_XB1A/contigs_reports/nucmer_output/SOAPdenovo2.coords.headless \
     > runs_per_reference/Bacteroides_sp_XB1A/contigs_reports/nucmer_output/SOAPdenovo2.all_snps \
     2> runs_per_reference/Bacteroides_sp_XB1A/contigs_reports/contigs_report_SOAPdenovo2.stderr
  1  /home/gurevich/rep/quast/libs/MUMmer3.23-linux/delta-filter -i 95 -l 0 runs_per_reference/Bacteroides_sp_XB1A/contigs_reports/nucmer_output/IDBA_UD.delta \
     > runs_per_reference/Bacteroides_sp_XB1A/contigs_reports/nucmer_output/IDBA_UD.fdelta \
     2> runs_per_reference/Bacteroides_sp_XB1A/contigs_reports/contigs_report_IDBA_UD.stderr
  1  /home/gurevich/rep/quast/libs/MUMmer3.23-linux/show-coords runs_per_reference/Bacteroides_sp_XB1A/contigs_reports/nucmer_output/IDBA_UD.delta \
     > runs_per_reference/Bacteroides_sp_XB1A/contigs_reports/nucmer_output/IDBA_UD.coords_tmp \
     2> runs_per_reference/Bacteroides_sp_XB1A/contigs_reports/contigs_report_IDBA_UD.stderr
  1  /home/gurevich/rep/quast/libs/MUMmer3.23-linux/show-snps -S -T -H runs_per_reference/Bacteroides_sp_XB1A/contigs_reports/nucmer_output/IDBA_UD.delta \
     < runs_per_reference/Bacteroides_sp_XB1A/contigs_reports/nucmer_output/IDBA_UD.coords.headless \
     > runs_per_reference/Bacteroides_sp_XB1A/contigs_reports/nucmer_output/IDBA_UD.all_snps \
     2> runs_per_reference/Bacteroides_sp_XB1A/contigs_reports/contigs_report_IDBA_UD.stderr
  4  /home/gurevich/rep/quast/libs/MUMmer3.23-linux/delta-filter -i 95 -l 0 runs_per_reference/Bacteroides_sp_XB1A/contigs_reports/nucmer_output/SPAdes.delta \
     > runs_per_reference/Bacteroides_sp_XB1A/contigs_reports/nucmer_output/SPAdes.fdelta \
     2> runs_per_reference/Bacteroides_sp_XB1A/contigs_reports/contigs_report_SPAdes.stderr
  4  /home/gurevich/rep/quast/libs/MUMmer3.23-linux/show-coords runs_per_reference/Bacteroides_sp_XB1A/contigs_reports/nucmer_output/SPAdes.delta \
     > runs_per_reference/Bacteroides_sp_XB1A/contigs_reports/nucmer_output/SPAdes.coords_tmp \
     2> runs_per_reference/Bacteroides_sp_XB1A/contigs_reports/contigs_report_SPAdes.stderr
  4  /home/gurevich/rep/quast/libs/MUMmer3.23-linux/show-snps -S -T -H runs_per_reference/Bacteroides_sp_XB1A/contigs_reports/nucmer_output/SPAdes.delta \
     < runs_per_reference/Bacteroides_sp_XB1A/contigs_reports/nucmer_output/SPAdes.coords.headless \
     > runs_per_reference/Bacteroides_sp_XB1A/contigs_reports/nucmer_output/SPAdes.all_snps \
     2> runs_per_reference/Bacteroides_sp_XB1A/contigs_reports/contigs_report_SPAdes.stderr
  3  Alignments: runs_per_reference/Bacteroides_sp_XB1A/contigs_reports/alignments_SOAPdenovo2.tsv
  1  Alignments: runs_per_reference/Bacteroides_sp_XB1A/contigs_reports/alignments_IDBA_UD.tsv
  3  Analysis is finished.

  1  Analysis is finished.

  4  Alignments: runs_per_reference/Bacteroides_sp_XB1A/contigs_reports/alignments_SPAdes.tsv
  4  Analysis is finished.

  Creating total report...
    saved to /Molly/gurevich/MetaQUAST/res_final/res_metahit_final/runs_per_reference/Bacteroides_sp_XB1A/contigs_reports/misassemblies_report.txt, misassemblies_report.tsv, and misassemblies_report.tex
  Transposed version of total report...
    saved to /Molly/gurevich/MetaQUAST/res_final/res_metahit_final/runs_per_reference/Bacteroides_sp_XB1A/contigs_reports/transposed_report_misassemblies.txt, transposed_report_misassemblies.tsv, and transposed_report_misassemblies.tex
  Creating total report...
    saved to /Molly/gurevich/MetaQUAST/res_final/res_metahit_final/runs_per_reference/Bacteroides_sp_XB1A/contigs_reports/unaligned_report.txt, unaligned_report.tsv, and unaligned_report.tex
  Drawing misassemblies by types plot...
    saved to /Molly/gurevich/MetaQUAST/res_final/res_metahit_final/runs_per_reference/Bacteroides_sp_XB1A/contigs_reports/misassemblies_plot.pdf
Done.

2015-11-09 20:18:35
Running NA-NGA calculation...
  1  IDBA_UD, Largest alignment = 14202, NA50 = 1643, LA50 = 271
  2  Ray, Largest alignment = 14202, NA50 = 354, LA50 = 22
  3  SOAPdenovo2, Largest alignment = 5467, NA50 = 579, LA50 = 185
  4  SPAdes, Largest alignment = 17666, NA50 = 1488, LA50 = 225
  Drawing cumulative plot...
    saved to /Molly/gurevich/MetaQUAST/res_final/res_metahit_final/runs_per_reference/Bacteroides_sp_XB1A/aligned_stats/cumulative_plot.pdf
  Drawing NAx plot...
    saved to /Molly/gurevich/MetaQUAST/res_final/res_metahit_final/runs_per_reference/Bacteroides_sp_XB1A/aligned_stats/NAx_plot.pdf
  Drawing NGAx plot...
    saved to /Molly/gurevich/MetaQUAST/res_final/res_metahit_final/runs_per_reference/Bacteroides_sp_XB1A/aligned_stats/NGAx_plot.pdf
Done.

2015-11-09 20:18:38
Running Genome analyzer...
  NOTICE: No file with genes provided. Use the -G option if you want to specify it.
  NOTICE: No file with operons provided. Use the -O option if you want to specify it.
  1  IDBA_UD
  2  Ray
  3  SOAPdenovo2
  4  SPAdes
  2  Analysis is finished.
  3  Analysis is finished.
  4  Analysis is finished.
  1  Analysis is finished.
  Drawing Genome fraction, % histogram...
    saved to /Molly/gurevich/MetaQUAST/res_final/res_metahit_final/runs_per_reference/Bacteroides_sp_XB1A/genome_stats/genome_fraction_histogram.pdf
Done.

NOTICE: Genes are not predicted by default. Use --gene-finding option to enable it.

2015-11-09 20:18:41
Drawing large plots...
This may take a while: press Ctrl-C to skip this step..
  1 of 2: Creating contig alignment plot...
  2 of 2: Creating PDF with all tables and plots...
Done

2015-11-09 20:18:54
RESULTS:
  Text versions of total report are saved to /Molly/gurevich/MetaQUAST/res_final/res_metahit_final/runs_per_reference/Bacteroides_sp_XB1A/report.txt, report.tsv, and report.tex
  Text versions of transposed total report are saved to /Molly/gurevich/MetaQUAST/res_final/res_metahit_final/runs_per_reference/Bacteroides_sp_XB1A/transposed_report.txt, transposed_report.tsv, and transposed_report.tex
  HTML version (interactive tables and plots) saved to /Molly/gurevich/MetaQUAST/res_final/res_metahit_final/runs_per_reference/Bacteroides_sp_XB1A/report.html
  PDF version (tables and plots) saved to /Molly/gurevich/MetaQUAST/res_final/res_metahit_final/runs_per_reference/Bacteroides_sp_XB1A/report.pdf
  Contig alignment plot: /Molly/gurevich/MetaQUAST/res_final/res_metahit_final/runs_per_reference/Bacteroides_sp_XB1A/alignment.svg
