Aligning contigs to reference...
	Using existing Nucmer alignments...
Parsing coords...
Loading reference...
	Loaded [Eubacterium_siraeum_gi_485091756_ref_NZ_]
Loading SNPs...
Loading regions...
	No regions given, using whole reference.
	Total Regions: 1
	Total Region Length: 2664035
Analyzing contigs...
CONTIG: NODE_2724_length_5319_cov_4.60182_ID_5447 (5319bp)
Top Length: 83  Top ID: 98.8
		Skipping redundant alignment 482684 482760 | 4735 4811 | 77 77 | 100.0 | Eubacterium_siraeum_gi_485091756_ref_NZ_ NODE_2724_length_5319_cov_4.60182_ID_5447
		This contig is partially unaligned. (Aligned 83 out of 5319 bases)
		Alignment: 697597 697679 | 4813 4731 | 83 83 | 98.8 | Eubacterium_siraeum_gi_485091756_ref_NZ_ NODE_2724_length_5319_cov_4.60182_ID_5447
		Unaligned bases: 1 to 4730 (4730)
		Unaligned bases: 4814 to 5319 (506)

CONTIG: NODE_2761_length_5265_cov_1.29098_ID_5521 (5265bp)
Top Length: 909  Top ID: 98.79
		This contig is partially unaligned. (Aligned 909 out of 5265 bases)
		Alignment: 1395858 1396766 | 4357 5265 | 909 909 | 98.79 | Eubacterium_siraeum_gi_485091756_ref_NZ_ NODE_2761_length_5265_cov_1.29098_ID_5521
		Unaligned bases: 1 to 4356 (4356)
		This contig has both significant aligned and unaligned parts (of length >= min-contig)! It can contain interspecies translocations

CONTIG: NODE_3054_length_4859_cov_3.26311_ID_6107 (4859bp)
Top Length: 1436  Top ID: 97.35
		This contig is partially unaligned. (Aligned 1436 out of 4859 bases)
		Alignment: 1968405 1969838 | 1764 3199 | 1434 1436 | 97.35 | Eubacterium_siraeum_gi_485091756_ref_NZ_ NODE_3054_length_4859_cov_3.26311_ID_6107
		Unaligned bases: 1 to 1763 (1763)
		Unaligned bases: 3200 to 4859 (1660)
		This contig has both significant aligned and unaligned parts (of length >= min-contig)! It can contain interspecies translocations

CONTIG: NODE_7801_length_2289_cov_45.4794_ID_15601 (2289bp)
Top Length: 2289  Top ID: 99.43
		One align captures most of this contig: 437301 439589 | 1 2289 | 2289 2289 | 99.43 | Eubacterium_siraeum_gi_485091756_ref_NZ_ NODE_7801_length_2289_cov_45.4794_ID_15601

CONTIG: NODE_10582_length_1754_cov_3.6857_ID_21163 (1754bp)
Top Length: 92  Top ID: 96.74
		This contig is partially unaligned. (Aligned 92 out of 1754 bases)
		Alignment: 533866 533957 | 1754 1663 | 92 92 | 96.74 | Eubacterium_siraeum_gi_485091756_ref_NZ_ NODE_10582_length_1754_cov_3.6857_ID_21163
		Unaligned bases: 1 to 1662 (1662)

CONTIG: NODE_10595_length_1752_cov_1.02652_ID_21189 (1752bp)
Top Length: 859  Top ID: 99.19
		This contig is partially unaligned. (Aligned 859 out of 1752 bases)
		Alignment: 1396770 1397628 | 1752 894 | 859 859 | 99.19 | Eubacterium_siraeum_gi_485091756_ref_NZ_ NODE_10595_length_1752_cov_1.02652_ID_21189
		Unaligned bases: 1 to 893 (893)
		This contig has both significant aligned and unaligned parts (of length >= min-contig)! It can contain interspecies translocations

CONTIG: NODE_36675_length_545_cov_24.0531_ID_73349 (545bp)
Top Length: 545  Top ID: 98.35
		One align captures most of this contig: 533379 533920 | 545 1 | 542 545 | 98.35 | Eubacterium_siraeum_gi_485091756_ref_NZ_ NODE_36675_length_545_cov_24.0531_ID_73349

Analyzing coverage...
Writing SNPs into /Molly/gurevich/MetaQUAST/res_final/res_metahit_final/runs_per_reference/Eubacterium_siraeum/contigs_reports/nucmer_output/SPAdes.used_snps
	Reference Eubacterium_siraeum_gi_485091756_ref_NZ_: 7 total alignments. 1 total regions.
		Region: 1 to 2664035 (2664035 bp)
			START in gap: 1 to 437301 (437300 bp)
			Align 1: 437301 439589 NODE_7801_length_2289_cov_45.4794_ID_15601 1 2289
				Gap between this and next alignment: 439589 to 533379 (93789 bp)
				Next Alignment: 533379 533920 NODE_36675_length_545_cov_24.0531_ID_73349 545 1

			Align 2: 533379 533920 NODE_36675_length_545_cov_24.0531_ID_73349 545 1
				Negative gap (overlap) between this and next alignment: 533920 to 533866 (-54 bp)
				Next Alignment: 533866 533957 NODE_10582_length_1754_cov_3.6857_ID_21163 1754 1663

			Previous gap was negative, modifying coordinates to ignore overlap
				Moving contig start from 1754 to 1699.
			Align 3: 533921 533957 NODE_10582_length_1754_cov_3.6857_ID_21163 1699 1663
				Gap between this and next alignment: 533957 to 697597 (163639 bp)
				Next Alignment: 697597 697679 NODE_2724_length_5319_cov_4.60182_ID_5447 4813 4731

			Align 4: 697597 697679 NODE_2724_length_5319_cov_4.60182_ID_5447 4813 4731
				Gap between this and next alignment: 697679 to 1395858 (698178 bp)
				Next Alignment: 1395858 1396766 NODE_2761_length_5265_cov_1.29098_ID_5521 4357 5265

			Align 5: 1395858 1396766 NODE_2761_length_5265_cov_1.29098_ID_5521 4357 5265
				Gap between this and next alignment: 1396766 to 1396770 (3 bp)
				Next Alignment: 1396770 1397628 NODE_10595_length_1752_cov_1.02652_ID_21189 1752 894

			Align 6: 1396770 1397628 NODE_10595_length_1752_cov_1.02652_ID_21189 1752 894
				Gap between this and next alignment: 1397628 to 1968405 (570776 bp)
				Next Alignment: 1968405 1969838 NODE_3054_length_4859_cov_3.26311_ID_6107 1764 3199

			Align 7: 1968405 1969838 NODE_3054_length_4859_cov_3.26311_ID_6107 1764 3199
			END in gap: 1969838 to 2664035 (694197 bp)

Analysis is finished!
Founded SNPs were written into /Molly/gurevich/MetaQUAST/res_final/res_metahit_final/runs_per_reference/Eubacterium_siraeum/contigs_reports/nucmer_output/SPAdes.used_snps

Results:
	Local Misassemblies: 0
	Misassemblies: 0
		Relocations: 0
		Translocations: 0
		Inversions: 0
	Fake misassemblies matched with structural variations: 0
	Misassembled Contigs: 0
	Misassembled Contig Bases: 0
	Misassemblies Inter-Contig Overlap: 0
Uncovered Regions: 0 (0)
Unaligned Contigs: 0 + 5 part
Partially Unaligned Contigs with Misassemblies: 0
Unaligned Contig Bases: 15570

Ambiguously Mapped Contigs: 0
Total Bases in Ambiguously Mapped Contigs: 0
Note that --allow-ambiguity option was set to "one" and only first alignment per each contig was used.

	Covered Bases: 6153

	SNPs: 76
	Insertions: 5
	Deletions: 0

	Positive Gaps: 7
		Internal Gaps:  0
		External Gaps:  7
		External Gap Total:  2657882
		External Gap Average: 379697
	Negative Gaps: 1
		Internal Overlaps:  0
		External Overlaps:  1
		External Overlaps Total: -54
		External Overlaps Average: -54
	Contigs with Redundant Alignments: 0 (0)
