/home/gurevich/rep/quast/quast.pyc -t 16 -j  --meta  --bed-file /Molly/gurevich/MetaQUAST/res_final/res_hmp_final/combined_reference/structural_variations/combined_reference.bed --no-check-meta  --contig-thresholds 1000,5000,10000,25000,50000 -R /Molly/gurevich/MetaQUAST/res_final/res_hmp_final/quast_corrected_input/Veillonella_atypica_KON.fasta -o /Molly/gurevich/MetaQUAST/res_final/res_hmp_final/runs_per_reference/Veillonella_atypica_KON --labels "IDBA_UD, Ray, SOAPdenovo2, SPAdes" /Molly/gurevich/MetaQUAST/res_final/res_hmp_final/quast_corrected_input/IDBA_UD_to_Veillonella_atypica_KON.fasta /Molly/gurevich/MetaQUAST/res_final/res_hmp_final/quast_corrected_input/Ray_to_Veillonella_atypica_KON.fasta /Molly/gurevich/MetaQUAST/res_final/res_hmp_final/quast_corrected_input/SOAPdenovo2_to_Veillonella_atypica_KON.fasta /Molly/gurevich/MetaQUAST/res_final/res_hmp_final/quast_corrected_input/SPAdes_to_Veillonella_atypica_KON.fasta

Started: 2015-11-09 20:39:01

Logging to /Molly/gurevich/MetaQUAST/res_final/res_hmp_final/runs_per_reference/Veillonella_atypica_KON/quast.log

NOTICE: Output directory already exists. Existing Nucmer alignments can be used.

Reference:
  /Molly/gurevich/MetaQUAST/res_final/res_hmp_final/quast_corrected_input/Veillonella_atypica_KON.fasta ==> Veillonella_atypica_KON

Contigs:
  1  /Molly/gurevich/MetaQUAST/res_final/res_hmp_final/quast_corrected_input/IDBA_UD_to_Veillonella_atypica_KON.fasta ==> IDBA_UD
  2  /Molly/gurevich/MetaQUAST/res_final/res_hmp_final/quast_corrected_input/Ray_to_Veillonella_atypica_KON.fasta ==> Ray
  3  /Molly/gurevich/MetaQUAST/res_final/res_hmp_final/quast_corrected_input/SOAPdenovo2_to_Veillonella_atypica_KON.fasta ==> SOAPdenovo2
  4  /Molly/gurevich/MetaQUAST/res_final/res_hmp_final/quast_corrected_input/SPAdes_to_Veillonella_atypica_KON.fasta ==> SPAdes

2015-11-09 20:39:02
Running Basic statistics processor...
  Reference genome:
    Veillonella_atypica_KON.fasta, Reference length = 2002578, Reference GC % = 38.99
  Contig files: 
    1  IDBA_UD
    2  Ray
    3  SOAPdenovo2
    4  SPAdes
  Calculating N50 and L50...
    1  IDBA_UD, N50 = 876, L50 = 159, Total length = 553034, GC % = 38.47, # N's per 100 kbp =  0.00
    2  Ray, N50 = 11323, L50 = 9, Total length = 311984, GC % = 37.70, # N's per 100 kbp =  661.57
    3  SOAPdenovo2, N50 = 2140, L50 = 12, Total length = 99967, GC % = 38.64, # N's per 100 kbp =  8281.73
    4  SPAdes, N50 = 810, L50 = 174, Total length = 480701, GC % = 38.27, # N's per 100 kbp =  0.00
  Drawing Nx plot...
    saved to /Molly/gurevich/MetaQUAST/res_final/res_hmp_final/runs_per_reference/Veillonella_atypica_KON/basic_stats/Nx_plot.pdf
  Drawing NGx plot...
    saved to /Molly/gurevich/MetaQUAST/res_final/res_hmp_final/runs_per_reference/Veillonella_atypica_KON/basic_stats/NGx_plot.pdf
  Drawing cumulative plot...
    saved to /Molly/gurevich/MetaQUAST/res_final/res_hmp_final/runs_per_reference/Veillonella_atypica_KON/basic_stats/cumulative_plot.pdf
  Drawing GC content plot...
    saved to /Molly/gurevich/MetaQUAST/res_final/res_hmp_final/runs_per_reference/Veillonella_atypica_KON/basic_stats/GC_content_plot.pdf
Done.

2015-11-09 20:39:04
Running Contig analyzer...
  1  IDBA_UD
  2  Ray
  3  SOAPdenovo2
  4  SPAdes
  3  Logging to files /Molly/gurevich/MetaQUAST/res_final/res_hmp_final/runs_per_reference/Veillonella_atypica_KON/contigs_reports/contigs_report_SOAPdenovo2.stdout and contigs_report_SOAPdenovo2.stderr...
  2  Logging to files /Molly/gurevich/MetaQUAST/res_final/res_hmp_final/runs_per_reference/Veillonella_atypica_KON/contigs_reports/contigs_report_Ray.stdout and contigs_report_Ray.stderr...
  2  Running Nucmer
  3  Running Nucmer
  3  /home/gurevich/rep/quast/libs/MUMmer3.23-linux/nucmer -c 65 -l 65 --maxmatch \
     -p /Molly/gurevich/MetaQUAST/res_final/res_hmp_final/runs_per_reference/Veillonella_atypica_KON/contigs_reports/nucmer_output/SOAPdenovo2 \
     /Molly/gurevich/MetaQUAST/res_final/res_hmp_final/runs_per_reference/Veillonella_atypica_KON/quast_corrected_input/Veillonella_atypica_KON.fasta \
     /Molly/gurevich/MetaQUAST/res_final/res_hmp_final/quast_corrected_input/SOAPdenovo2_to_Veillonella_atypica_KON.fasta \
     >> /Molly/gurevich/MetaQUAST/res_final/res_hmp_final/runs_per_reference/Veillonella_atypica_KON/contigs_reports/contigs_report_SOAPdenovo2.stdout \
     2>> /Molly/gurevich/MetaQUAST/res_final/res_hmp_final/runs_per_reference/Veillonella_atypica_KON/contigs_reports/contigs_report_SOAPdenovo2.stderr
  2  /home/gurevich/rep/quast/libs/MUMmer3.23-linux/nucmer -c 65 -l 65 --maxmatch \
     -p /Molly/gurevich/MetaQUAST/res_final/res_hmp_final/runs_per_reference/Veillonella_atypica_KON/contigs_reports/nucmer_output/Ray \
     /Molly/gurevich/MetaQUAST/res_final/res_hmp_final/runs_per_reference/Veillonella_atypica_KON/quast_corrected_input/Veillonella_atypica_KON.fasta \
     /Molly/gurevich/MetaQUAST/res_final/res_hmp_final/quast_corrected_input/Ray_to_Veillonella_atypica_KON.fasta \
     >> /Molly/gurevich/MetaQUAST/res_final/res_hmp_final/runs_per_reference/Veillonella_atypica_KON/contigs_reports/contigs_report_Ray.stdout \
     2>> /Molly/gurevich/MetaQUAST/res_final/res_hmp_final/runs_per_reference/Veillonella_atypica_KON/contigs_reports/contigs_report_Ray.stderr
  1  Logging to files /Molly/gurevich/MetaQUAST/res_final/res_hmp_final/runs_per_reference/Veillonella_atypica_KON/contigs_reports/contigs_report_IDBA_UD.stdout and contigs_report_IDBA_UD.stderr...
  1  Running Nucmer
  1  /home/gurevich/rep/quast/libs/MUMmer3.23-linux/nucmer -c 65 -l 65 --maxmatch \
     -p /Molly/gurevich/MetaQUAST/res_final/res_hmp_final/runs_per_reference/Veillonella_atypica_KON/contigs_reports/nucmer_output/IDBA_UD \
     /Molly/gurevich/MetaQUAST/res_final/res_hmp_final/runs_per_reference/Veillonella_atypica_KON/quast_corrected_input/Veillonella_atypica_KON.fasta \
     /Molly/gurevich/MetaQUAST/res_final/res_hmp_final/quast_corrected_input/IDBA_UD_to_Veillonella_atypica_KON.fasta \
     >> /Molly/gurevich/MetaQUAST/res_final/res_hmp_final/runs_per_reference/Veillonella_atypica_KON/contigs_reports/contigs_report_IDBA_UD.stdout \
     2>> /Molly/gurevich/MetaQUAST/res_final/res_hmp_final/runs_per_reference/Veillonella_atypica_KON/contigs_reports/contigs_report_IDBA_UD.stderr
  4  Logging to files /Molly/gurevich/MetaQUAST/res_final/res_hmp_final/runs_per_reference/Veillonella_atypica_KON/contigs_reports/contigs_report_SPAdes.stdout and contigs_report_SPAdes.stderr...
  4  Running Nucmer
  4  /home/gurevich/rep/quast/libs/MUMmer3.23-linux/nucmer -c 65 -l 65 --maxmatch \
     -p /Molly/gurevich/MetaQUAST/res_final/res_hmp_final/runs_per_reference/Veillonella_atypica_KON/contigs_reports/nucmer_output/SPAdes \
     /Molly/gurevich/MetaQUAST/res_final/res_hmp_final/runs_per_reference/Veillonella_atypica_KON/quast_corrected_input/Veillonella_atypica_KON.fasta \
     /Molly/gurevich/MetaQUAST/res_final/res_hmp_final/quast_corrected_input/SPAdes_to_Veillonella_atypica_KON.fasta \
     >> /Molly/gurevich/MetaQUAST/res_final/res_hmp_final/runs_per_reference/Veillonella_atypica_KON/contigs_reports/contigs_report_SPAdes.stdout \
     2>> /Molly/gurevich/MetaQUAST/res_final/res_hmp_final/runs_per_reference/Veillonella_atypica_KON/contigs_reports/contigs_report_SPAdes.stderr
  3  /home/gurevich/rep/quast/libs/MUMmer3.23-linux/delta-filter -i 95 -l 0 /Molly/gurevich/MetaQUAST/res_final/res_hmp_final/runs_per_reference/Veillonella_atypica_KON/contigs_reports/nucmer_output/SOAPdenovo2.delta \
     > /Molly/gurevich/MetaQUAST/res_final/res_hmp_final/runs_per_reference/Veillonella_atypica_KON/contigs_reports/nucmer_output/SOAPdenovo2.fdelta \
     2> /Molly/gurevich/MetaQUAST/res_final/res_hmp_final/runs_per_reference/Veillonella_atypica_KON/contigs_reports/contigs_report_SOAPdenovo2.stderr
  3  /home/gurevich/rep/quast/libs/MUMmer3.23-linux/show-coords /Molly/gurevich/MetaQUAST/res_final/res_hmp_final/runs_per_reference/Veillonella_atypica_KON/contigs_reports/nucmer_output/SOAPdenovo2.delta \
     > /Molly/gurevich/MetaQUAST/res_final/res_hmp_final/runs_per_reference/Veillonella_atypica_KON/contigs_reports/nucmer_output/SOAPdenovo2.coords_tmp \
     2> /Molly/gurevich/MetaQUAST/res_final/res_hmp_final/runs_per_reference/Veillonella_atypica_KON/contigs_reports/contigs_report_SOAPdenovo2.stderr
  3  /home/gurevich/rep/quast/libs/MUMmer3.23-linux/show-snps -S -T -H /Molly/gurevich/MetaQUAST/res_final/res_hmp_final/runs_per_reference/Veillonella_atypica_KON/contigs_reports/nucmer_output/SOAPdenovo2.delta \
     < /Molly/gurevich/MetaQUAST/res_final/res_hmp_final/runs_per_reference/Veillonella_atypica_KON/contigs_reports/nucmer_output/SOAPdenovo2.coords.headless \
     > /Molly/gurevich/MetaQUAST/res_final/res_hmp_final/runs_per_reference/Veillonella_atypica_KON/contigs_reports/nucmer_output/SOAPdenovo2.all_snps \
     2> /Molly/gurevich/MetaQUAST/res_final/res_hmp_final/runs_per_reference/Veillonella_atypica_KON/contigs_reports/contigs_report_SOAPdenovo2.stderr
  2  /home/gurevich/rep/quast/libs/MUMmer3.23-linux/delta-filter -i 95 -l 0 /Molly/gurevich/MetaQUAST/res_final/res_hmp_final/runs_per_reference/Veillonella_atypica_KON/contigs_reports/nucmer_output/Ray.delta \
     > /Molly/gurevich/MetaQUAST/res_final/res_hmp_final/runs_per_reference/Veillonella_atypica_KON/contigs_reports/nucmer_output/Ray.fdelta \
     2> /Molly/gurevich/MetaQUAST/res_final/res_hmp_final/runs_per_reference/Veillonella_atypica_KON/contigs_reports/contigs_report_Ray.stderr
  3  Alignments: ../runs_per_reference/Veillonella_atypica_KON/contigs_reports/alignments_SOAPdenovo2.tsv
  3  Analysis is finished.

  2  /home/gurevich/rep/quast/libs/MUMmer3.23-linux/show-coords /Molly/gurevich/MetaQUAST/res_final/res_hmp_final/runs_per_reference/Veillonella_atypica_KON/contigs_reports/nucmer_output/Ray.delta \
     > /Molly/gurevich/MetaQUAST/res_final/res_hmp_final/runs_per_reference/Veillonella_atypica_KON/contigs_reports/nucmer_output/Ray.coords_tmp \
     2> /Molly/gurevich/MetaQUAST/res_final/res_hmp_final/runs_per_reference/Veillonella_atypica_KON/contigs_reports/contigs_report_Ray.stderr
  2  /home/gurevich/rep/quast/libs/MUMmer3.23-linux/show-snps -S -T -H /Molly/gurevich/MetaQUAST/res_final/res_hmp_final/runs_per_reference/Veillonella_atypica_KON/contigs_reports/nucmer_output/Ray.delta \
     < /Molly/gurevich/MetaQUAST/res_final/res_hmp_final/runs_per_reference/Veillonella_atypica_KON/contigs_reports/nucmer_output/Ray.coords.headless \
     > /Molly/gurevich/MetaQUAST/res_final/res_hmp_final/runs_per_reference/Veillonella_atypica_KON/contigs_reports/nucmer_output/Ray.all_snps \
     2> /Molly/gurevich/MetaQUAST/res_final/res_hmp_final/runs_per_reference/Veillonella_atypica_KON/contigs_reports/contigs_report_Ray.stderr
  4  /home/gurevich/rep/quast/libs/MUMmer3.23-linux/delta-filter -i 95 -l 0 /Molly/gurevich/MetaQUAST/res_final/res_hmp_final/runs_per_reference/Veillonella_atypica_KON/contigs_reports/nucmer_output/SPAdes.delta \
     > /Molly/gurevich/MetaQUAST/res_final/res_hmp_final/runs_per_reference/Veillonella_atypica_KON/contigs_reports/nucmer_output/SPAdes.fdelta \
     2> /Molly/gurevich/MetaQUAST/res_final/res_hmp_final/runs_per_reference/Veillonella_atypica_KON/contigs_reports/contigs_report_SPAdes.stderr
  4  /home/gurevich/rep/quast/libs/MUMmer3.23-linux/show-coords /Molly/gurevich/MetaQUAST/res_final/res_hmp_final/runs_per_reference/Veillonella_atypica_KON/contigs_reports/nucmer_output/SPAdes.delta \
     > /Molly/gurevich/MetaQUAST/res_final/res_hmp_final/runs_per_reference/Veillonella_atypica_KON/contigs_reports/nucmer_output/SPAdes.coords_tmp \
     2> /Molly/gurevich/MetaQUAST/res_final/res_hmp_final/runs_per_reference/Veillonella_atypica_KON/contigs_reports/contigs_report_SPAdes.stderr
  4  /home/gurevich/rep/quast/libs/MUMmer3.23-linux/show-snps -S -T -H /Molly/gurevich/MetaQUAST/res_final/res_hmp_final/runs_per_reference/Veillonella_atypica_KON/contigs_reports/nucmer_output/SPAdes.delta \
     < /Molly/gurevich/MetaQUAST/res_final/res_hmp_final/runs_per_reference/Veillonella_atypica_KON/contigs_reports/nucmer_output/SPAdes.coords.headless \
     > /Molly/gurevich/MetaQUAST/res_final/res_hmp_final/runs_per_reference/Veillonella_atypica_KON/contigs_reports/nucmer_output/SPAdes.all_snps \
     2> /Molly/gurevich/MetaQUAST/res_final/res_hmp_final/runs_per_reference/Veillonella_atypica_KON/contigs_reports/contigs_report_SPAdes.stderr
  1  /home/gurevich/rep/quast/libs/MUMmer3.23-linux/delta-filter -i 95 -l 0 /Molly/gurevich/MetaQUAST/res_final/res_hmp_final/runs_per_reference/Veillonella_atypica_KON/contigs_reports/nucmer_output/IDBA_UD.delta \
     > /Molly/gurevich/MetaQUAST/res_final/res_hmp_final/runs_per_reference/Veillonella_atypica_KON/contigs_reports/nucmer_output/IDBA_UD.fdelta \
     2> /Molly/gurevich/MetaQUAST/res_final/res_hmp_final/runs_per_reference/Veillonella_atypica_KON/contigs_reports/contigs_report_IDBA_UD.stderr
  1  /home/gurevich/rep/quast/libs/MUMmer3.23-linux/show-coords /Molly/gurevich/MetaQUAST/res_final/res_hmp_final/runs_per_reference/Veillonella_atypica_KON/contigs_reports/nucmer_output/IDBA_UD.delta \
     > /Molly/gurevich/MetaQUAST/res_final/res_hmp_final/runs_per_reference/Veillonella_atypica_KON/contigs_reports/nucmer_output/IDBA_UD.coords_tmp \
     2> /Molly/gurevich/MetaQUAST/res_final/res_hmp_final/runs_per_reference/Veillonella_atypica_KON/contigs_reports/contigs_report_IDBA_UD.stderr
  2  Alignments: ../runs_per_reference/Veillonella_atypica_KON/contigs_reports/alignments_Ray.tsv
  2  Analysis is finished.

  1  /home/gurevich/rep/quast/libs/MUMmer3.23-linux/show-snps -S -T -H /Molly/gurevich/MetaQUAST/res_final/res_hmp_final/runs_per_reference/Veillonella_atypica_KON/contigs_reports/nucmer_output/IDBA_UD.delta \
     < /Molly/gurevich/MetaQUAST/res_final/res_hmp_final/runs_per_reference/Veillonella_atypica_KON/contigs_reports/nucmer_output/IDBA_UD.coords.headless \
     > /Molly/gurevich/MetaQUAST/res_final/res_hmp_final/runs_per_reference/Veillonella_atypica_KON/contigs_reports/nucmer_output/IDBA_UD.all_snps \
     2> /Molly/gurevich/MetaQUAST/res_final/res_hmp_final/runs_per_reference/Veillonella_atypica_KON/contigs_reports/contigs_report_IDBA_UD.stderr
  4  Alignments: ../runs_per_reference/Veillonella_atypica_KON/contigs_reports/alignments_SPAdes.tsv
  4  Analysis is finished.

  1  Alignments: ../runs_per_reference/Veillonella_atypica_KON/contigs_reports/alignments_IDBA_UD.tsv
  1  Analysis is finished.

  Creating total report...
    saved to /Molly/gurevich/MetaQUAST/res_final/res_hmp_final/runs_per_reference/Veillonella_atypica_KON/contigs_reports/misassemblies_report.txt, misassemblies_report.tsv, and misassemblies_report.tex
  Transposed version of total report...
    saved to /Molly/gurevich/MetaQUAST/res_final/res_hmp_final/runs_per_reference/Veillonella_atypica_KON/contigs_reports/transposed_report_misassemblies.txt, transposed_report_misassemblies.tsv, and transposed_report_misassemblies.tex
  Creating total report...
    saved to /Molly/gurevich/MetaQUAST/res_final/res_hmp_final/runs_per_reference/Veillonella_atypica_KON/contigs_reports/unaligned_report.txt, unaligned_report.tsv, and unaligned_report.tex
  Drawing misassemblies by types plot...
    saved to /Molly/gurevich/MetaQUAST/res_final/res_hmp_final/runs_per_reference/Veillonella_atypica_KON/contigs_reports/misassemblies_plot.pdf
Done.

2015-11-09 20:39:11
Running NA-NGA calculation...
  1  IDBA_UD, Largest alignment = 7233, NA50 = 591, LA50 = 313
  2  Ray, Largest alignment = 3434, NA50 = None, LA50 = None
  3  SOAPdenovo2, Largest alignment = 2791, NA50 = None, LA50 = None
  4  SPAdes, Largest alignment = 4269, NA50 = 654, LA50 = 263
  Drawing cumulative plot...
    saved to /Molly/gurevich/MetaQUAST/res_final/res_hmp_final/runs_per_reference/Veillonella_atypica_KON/aligned_stats/cumulative_plot.pdf
  Drawing NAx plot...
    saved to /Molly/gurevich/MetaQUAST/res_final/res_hmp_final/runs_per_reference/Veillonella_atypica_KON/aligned_stats/NAx_plot.pdf
  Drawing NGAx plot...
    saved to /Molly/gurevich/MetaQUAST/res_final/res_hmp_final/runs_per_reference/Veillonella_atypica_KON/aligned_stats/NGAx_plot.pdf
Done.

2015-11-09 20:39:12
Running Genome analyzer...
  NOTICE: No file with genes provided. Use the -G option if you want to specify it.
  NOTICE: No file with operons provided. Use the -O option if you want to specify it.
  1  IDBA_UD
  2  Ray
  3  SOAPdenovo2
  4  SPAdes
  2  Analysis is finished.
  3  Analysis is finished.
  4  Analysis is finished.
  1  Analysis is finished.
  Drawing Genome fraction, % histogram...
    saved to /Molly/gurevich/MetaQUAST/res_final/res_hmp_final/runs_per_reference/Veillonella_atypica_KON/genome_stats/genome_fraction_histogram.pdf
Done.

NOTICE: Genes are not predicted by default. Use --gene-finding option to enable it.

2015-11-09 20:39:14
Drawing large plots...
This may take a while: press Ctrl-C to skip this step..
  1 of 2: Creating contig alignment plot...
  2 of 2: Creating PDF with all tables and plots...
Done

2015-11-09 20:39:22
RESULTS:
  Text versions of total report are saved to /Molly/gurevich/MetaQUAST/res_final/res_hmp_final/runs_per_reference/Veillonella_atypica_KON/report.txt, report.tsv, and report.tex
  Text versions of transposed total report are saved to /Molly/gurevich/MetaQUAST/res_final/res_hmp_final/runs_per_reference/Veillonella_atypica_KON/transposed_report.txt, transposed_report.tsv, and transposed_report.tex
  HTML version (interactive tables and plots) saved to /Molly/gurevich/MetaQUAST/res_final/res_hmp_final/runs_per_reference/Veillonella_atypica_KON/report.html
  PDF version (tables and plots) saved to /Molly/gurevich/MetaQUAST/res_final/res_hmp_final/runs_per_reference/Veillonella_atypica_KON/report.pdf
  Contig alignment plot: /Molly/gurevich/MetaQUAST/res_final/res_hmp_final/runs_per_reference/Veillonella_atypica_KON/alignment.svg
