Aligning contigs to reference...
	Using existing Nucmer alignments...
Parsing coords...
Loading reference...
	Loaded [Rhodobacter_sp_AKP1_gi_429205584_ref_NZ_]
	Loaded [Rhodobacter_sp_AKP1_gi_429205926_ref_NZ_]
	Loaded [Rhodobacter_sp_AKP1_gi_429205966_ref_NZ_]
	Loaded [Rhodobacter_sp_AKP1_gi_429206341_ref_NZ_]
	Loaded [Rhodobacter_sp_AKP1_gi_429206369_ref_NZ_]
	Loaded [Rhodobacter_sp_AKP1_gi_429206618_ref_NZ_]
	Loaded [Rhodobacter_sp_AKP1_gi_429206650_ref_NZ_]
	Loaded [Rhodobacter_sp_AKP1_gi_429206792_ref_NZ_]
	Loaded [Rhodobacter_sp_AKP1_gi_429206935_ref_NZ_]
	Loaded [Rhodobacter_sp_AKP1_gi_429206937_ref_NZ_]
	Loaded [Rhodobacter_sp_AKP1_gi_429206939_ref_NZ_]
	Loaded [Rhodobacter_sp_AKP1_gi_429207094_ref_NZ_]
	Loaded [Rhodobacter_sp_AKP1_gi_429207559_ref_NZ_]
	Loaded [Rhodobacter_sp_AKP1_gi_429207574_ref_NZ_]
	Loaded [Rhodobacter_sp_AKP1_gi_429207690_ref_NZ_]
	Loaded [Rhodobacter_sp_AKP1_gi_429207945_ref_NZ_]
	Loaded [Rhodobacter_sp_AKP1_gi_429208069_ref_NZ_]
	Loaded [Rhodobacter_sp_AKP1_gi_429208142_ref_NZ_]
	Loaded [Rhodobacter_sp_AKP1_gi_429208285_ref_NZ_]
	Loaded [Rhodobacter_sp_AKP1_gi_429208488_ref_NZ_]
	Loaded [Rhodobacter_sp_AKP1_gi_429208551_ref_NZ_]
	Loaded [Rhodobacter_sp_AKP1_gi_429208552_ref_NZ_]
	Loaded [Rhodobacter_sp_AKP1_gi_429208561_ref_NZ_]
	Loaded [Rhodobacter_sp_AKP1_gi_429208572_ref_NZ_]
	Loaded [Rhodobacter_sp_AKP1_gi_429208693_ref_NZ_]
	Loaded [Rhodobacter_sp_AKP1_gi_429208694_ref_NZ_]
	Loaded [Rhodobacter_sp_AKP1_gi_429208745_ref_NZ_]
	Loaded [Rhodobacter_sp_AKP1_gi_429208858_ref_NZ_]
	Loaded [Rhodobacter_sp_AKP1_gi_429208943_ref_NZ_]
	Loaded [Rhodobacter_sp_AKP1_gi_429208946_ref_NZ_]
	Loaded [Rhodobacter_sp_AKP1_gi_429209015_ref_NZ_]
	Loaded [Rhodobacter_sp_AKP1_gi_429209127_ref_NZ_]
	Loaded [Rhodobacter_sp_AKP1_gi_429209173_ref_NZ_]
	Loaded [Rhodobacter_sp_AKP1_gi_429209390_ref_NZ_]
	Loaded [Rhodobacter_sp_AKP1_gi_429209391_ref_NZ_]
	Loaded [Rhodobacter_sp_AKP1_gi_429209392_ref_NZ_]
	Loaded [Rhodobacter_sp_AKP1_gi_429209464_ref_NZ_]
	Loaded [Rhodobacter_sp_AKP1_gi_429209465_ref_NZ_]
	Loaded [Rhodobacter_sp_AKP1_gi_429209472_ref_NZ_]
	Loaded [Rhodobacter_sp_AKP1_gi_429209517_ref_NZ_]
	Loaded [Rhodobacter_sp_AKP1_gi_429209523_ref_NZ_]
	Loaded [Rhodobacter_sp_AKP1_gi_429209623_ref_NZ_]
	Loaded [Rhodobacter_sp_AKP1_gi_429209679_ref_NZ_]
	Loaded [Rhodobacter_sp_AKP1_gi_429209701_ref_NZ_]
	Loaded [Rhodobacter_sp_AKP1_gi_429209784_ref_NZ_]
	Loaded [Rhodobacter_sp_AKP1_gi_429209807_ref_NZ_]
	Loaded [Rhodobacter_sp_AKP1_gi_429209849_ref_NZ_]
	Loaded [Rhodobacter_sp_AKP1_gi_429209850_ref_NZ_]
	Loaded [Rhodobacter_sp_AKP1_gi_429209853_ref_NZ_]
	Loaded [Rhodobacter_sp_AKP1_gi_429209854_ref_NZ_]
	Loaded [Rhodobacter_sp_AKP1_gi_429209881_ref_NZ_]
	Loaded [Rhodobacter_sp_AKP1_gi_429209897_ref_NZ_]
	Loaded [Rhodobacter_sp_AKP1_gi_429209898_ref_NZ_]
	Loaded [Rhodobacter_sp_AKP1_gi_429209904_ref_NZ_]
	Loaded [Rhodobacter_sp_AKP1_gi_429209910_ref_NZ_]
	Loaded [Rhodobacter_sp_AKP1_gi_429209916_ref_NZ_]
	Loaded [Rhodobacter_sp_AKP1_gi_429209917_ref_NZ_]
	Loaded [Rhodobacter_sp_AKP1_gi_429209929_ref_NZ_]
	Loaded [Rhodobacter_sp_AKP1_gi_429209931_ref_NZ_]
	Loaded [Rhodobacter_sp_AKP1_gi_429209955_ref_NZ_]
	Loaded [Rhodobacter_sp_AKP1_gi_429209957_ref_NZ_]
	Loaded [Rhodobacter_sp_AKP1_gi_429209961_ref_NZ_]
	Loaded [Rhodobacter_sp_AKP1_gi_429209962_ref_NZ_]
	Loaded [Rhodobacter_sp_AKP1_gi_429209970_ref_NZ_]
	Loaded [Rhodobacter_sp_AKP1_gi_429209976_ref_NZ_]
	Loaded [Rhodobacter_sp_AKP1_gi_429209979_ref_NZ_]
	Loaded [Rhodobacter_sp_AKP1_gi_429209983_ref_NZ_]
	Loaded [Rhodobacter_sp_AKP1_gi_429210002_ref_NZ_]
	Loaded [Rhodobacter_sp_AKP1_gi_429210005_ref_NZ_]
	Loaded [Rhodobacter_sp_AKP1_gi_429210028_ref_NZ_]
	Loaded [Rhodobacter_sp_AKP1_gi_429210029_ref_NZ_]
	Loaded [Rhodobacter_sp_AKP1_gi_429210035_ref_NZ_]
	Loaded [Rhodobacter_sp_AKP1_gi_429210036_ref_NZ_]
	Loaded [Rhodobacter_sp_AKP1_gi_429210038_ref_NZ_]
	Loaded [Rhodobacter_sp_AKP1_gi_429210053_ref_NZ_]
	Loaded [Rhodobacter_sp_AKP1_gi_429210054_ref_NZ_]
	Loaded [Rhodobacter_sp_AKP1_gi_429210056_ref_NZ_]
	Loaded [Rhodobacter_sp_AKP1_gi_429210057_ref_NZ_]
	Loaded [Rhodobacter_sp_AKP1_gi_429210058_ref_NZ_]
	Loaded [Rhodobacter_sp_AKP1_gi_429210062_ref_NZ_]
	Loaded [Rhodobacter_sp_AKP1_gi_429210068_ref_NZ_]
	Loaded [Rhodobacter_sp_AKP1_gi_429210069_ref_NZ_]
	Loaded [Rhodobacter_sp_AKP1_gi_429210073_ref_NZ_]
	Loaded [Rhodobacter_sp_AKP1_gi_429210074_ref_NZ_]
	Loaded [Rhodobacter_sp_AKP1_gi_429210076_ref_NZ_]
	Loaded [Rhodobacter_sp_AKP1_gi_429210081_ref_NZ_]
	Loaded [Rhodobacter_sp_AKP1_gi_429210088_ref_NZ_]
	Loaded [Rhodobacter_sp_AKP1_gi_429210089_ref_NZ_]
	Loaded [Rhodobacter_sp_AKP1_gi_429210091_ref_NZ_]
	Loaded [Rhodobacter_sp_AKP1_gi_429210092_ref_NZ_]
	Loaded [Rhodobacter_sp_AKP1_gi_429210095_ref_NZ_]
	Loaded [Rhodobacter_sp_AKP1_gi_429210097_ref_NZ_]
	Loaded [Rhodobacter_sp_AKP1_gi_429210098_ref_NZ_]
	Loaded [Rhodobacter_sp_AKP1_gi_429210099_ref_NZ_]
	Loaded [Rhodobacter_sp_AKP1_gi_429210100_ref_NZ_]
	Loaded [Rhodobacter_sp_AKP1_gi_429210102_ref_NZ_]
	Loaded [Rhodobacter_sp_AKP1_gi_429210103_ref_NZ_]
	Loaded [Rhodobacter_sp_AKP1_gi_429210104_ref_NZ_]
	Loaded [Rhodobacter_sp_AKP1_gi_429210105_ref_NZ_]
	Loaded [Rhodobacter_sp_AKP1_gi_429210106_ref_NZ_]
	Loaded [Rhodobacter_sp_AKP1_gi_429210107_ref_NZ_]
	Loaded [Rhodobacter_sp_AKP1_gi_429210108_ref_NZ_]
Loading SNPs...
Loading regions...
	No regions given, using whole reference.
	Total Regions: 102
	Total Region Length: 4675770
Analyzing contigs...
CONTIG: C8215957__2.0 (519bp)
Top Length: 516  Top ID: 97.29
		One align captures most of this contig: 23530 24045 | 4 519 | 516 516 | 97.29 | Rhodobacter_sp_AKP1_gi_429206618_ref_NZ_ C8215957__2.0

CONTIG: C8216927__1.0 (526bp)
Top Length: 526  Top ID: 97.15
		One align captures most of this contig: 46352 46877 | 1 526 | 526 526 | 97.15 | Rhodobacter_sp_AKP1_gi_429207945_ref_NZ_ C8216927__1.0

CONTIG: scaffold4035__2.0 (613bp)
Top Length: 613  Top ID: 97.07
		One align captures most of this contig: 316714 317328 | 1 613 | 615 613 | 97.07 | Rhodobacter_sp_AKP1_gi_429205584_ref_NZ_ scaffold4035__2.0

CONTIG: C8213235__1.0 (501bp)
Top Length: 501  Top ID: 97.8
		One align captures most of this contig: 362775 363275 | 1 501 | 501 501 | 97.8 | Rhodobacter_sp_AKP1_gi_429205584_ref_NZ_ C8213235__1.0

CONTIG: C8213395__1.0 (502bp)
Top Length: 502  Top ID: 96.41
		One align captures most of this contig: 291300 291801 | 1 502 | 502 502 | 96.41 | Rhodobacter_sp_AKP1_gi_429205584_ref_NZ_ C8213395__1.0

CONTIG: C8223843__2.0 (579bp)
Top Length: 579  Top ID: 98.96
		One align captures most of this contig: 331610 332188 | 1 579 | 579 579 | 98.96 | Rhodobacter_sp_AKP1_gi_429205584_ref_NZ_ C8223843__2.0

CONTIG: C8227007__2.0 (606bp)
Top Length: 606  Top ID: 99.67
		One align captures most of this contig: 185281 185886 | 1 606 | 606 606 | 99.67 | Rhodobacter_sp_AKP1_gi_429209173_ref_NZ_ C8227007__2.0

CONTIG: C8231843__1.0 (653bp)
Top Length: 652  Top ID: 98.47
		One align captures most of this contig: 15996 16647 | 2 653 | 652 652 | 98.47 | Rhodobacter_sp_AKP1_gi_429206650_ref_NZ_ C8231843__1.0

CONTIG: scaffold9161__2.0 (682bp)
Top Length: 682  Top ID: 97.65
		One align captures most of this contig: 110203 110884 | 1 682 | 682 682 | 97.65 | Rhodobacter_sp_AKP1_gi_429208285_ref_NZ_ scaffold9161__2.0

CONTIG: scaffold3019__5.0 (716bp)
Top Length: 716  Top ID: 100.0
		One align captures most of this contig: 1069 1784 | 716 1 | 716 716 | 100.0 | Rhodobacter_sp_AKP1_gi_429209961_ref_NZ_ scaffold3019__5.0

CONTIG: scaffold7794__5.0 (814bp)
Top Length: 603  Top ID: 99.01
		This contig is misassembled. 2 total aligns.
			Real Alignment 1: 1 607 | 603 1 | 607 603 | 99.01 | Rhodobacter_sp_AKP1_gi_429209464_ref_NZ_ scaffold7794__5.0
			  Extensive misassembly ( translocation ) between these two alignments
			Real Alignment 2: 142 218 | 738 814 | 77 77 | 100.0 | Rhodobacter_sp_AKP1_gi_429209961_ref_NZ_ scaffold7794__5.0

CONTIG: C8230703__2.0 (641bp)
Top Length: 641  Top ID: 99.06
		One align captures most of this contig: 4793 5433 | 1 641 | 641 641 | 99.06 | Rhodobacter_sp_AKP1_gi_429207559_ref_NZ_ C8230703__2.0

CONTIG: scaffold4725__4.5 (1067bp)
Top Length: 1067  Top ID: 99.81
		One align captures most of this contig: 1625 2691 | 1067 1 | 1067 1067 | 99.81 | Rhodobacter_sp_AKP1_gi_429209464_ref_NZ_ scaffold4725__4.5

CONTIG: scaffold9465__2.0 (727bp)
Top Length: 727  Top ID: 96.7
		One align captures most of this contig: 54709 55436 | 727 1 | 728 727 | 96.7 | Rhodobacter_sp_AKP1_gi_429206792_ref_NZ_ scaffold9465__2.0

CONTIG: C8213671__1.0 (504bp)
Top Length: 504  Top ID: 98.21
		One align captures most of this contig: 195535 196038 | 1 504 | 504 504 | 98.21 | Rhodobacter_sp_AKP1_gi_429205966_ref_NZ_ C8213671__1.0

CONTIG: C8219255__1.0 (542bp)
Top Length: 542  Top ID: 97.42
		One align captures most of this contig: 166849 167390 | 1 542 | 542 542 | 97.42 | Rhodobacter_sp_AKP1_gi_429205966_ref_NZ_ C8219255__1.0

CONTIG: C8215007__1.0 (513bp)
Top Length: 513  Top ID: 98.05
		One align captures most of this contig: 18459 18971 | 1 513 | 513 513 | 98.05 | Rhodobacter_sp_AKP1_gi_429207690_ref_NZ_ C8215007__1.0

CONTIG: C8220883__1.0 (555bp)
Top Length: 555  Top ID: 96.58
		One align captures most of this contig: 55360 55914 | 1 555 | 555 555 | 96.58 | Rhodobacter_sp_AKP1_gi_429207690_ref_NZ_ C8220883__1.0

CONTIG: scaffold1163__1.2 (545bp)
Top Length: 545  Top ID: 96.22
		One align captures most of this contig: 85137 85691 | 545 1 | 555 545 | 96.22 | Rhodobacter_sp_AKP1_gi_429206369_ref_NZ_ scaffold1163__1.2

CONTIG: C8216481__1.0 (523bp)
Top Length: 523  Top ID: 97.32
		One align captures most of this contig: 141813 142335 | 523 1 | 523 523 | 97.32 | Rhodobacter_sp_AKP1_gi_429206369_ref_NZ_ C8216481__1.0

CONTIG: C8219251__2.0 (542bp)
Top Length: 542  Top ID: 96.68
		One align captures most of this contig: 44387 44928 | 542 1 | 542 542 | 96.68 | Rhodobacter_sp_AKP1_gi_429206369_ref_NZ_ C8219251__2.0

CONTIG: C8226999__2.0 (606bp)
Top Length: 606  Top ID: 96.05
		One align captures most of this contig: 111601 112207 | 606 1 | 607 606 | 96.05 | Rhodobacter_sp_AKP1_gi_429207574_ref_NZ_ C8226999__2.0

CONTIG: scaffold8211__2.0 (527bp)
Top Length: 527  Top ID: 96.62
		One align captures most of this contig: 17779 18310 | 527 1 | 532 527 | 96.62 | Rhodobacter_sp_AKP1_gi_429210005_ref_NZ_ scaffold8211__2.0

CONTIG: C8223883__1.0 (579bp)
Top Length: 576  Top ID: 98.09
		One align captures most of this contig: 99379 99954 | 576 1 | 576 576 | 98.09 | Rhodobacter_sp_AKP1_gi_429209015_ref_NZ_ C8223883__1.0

CONTIG: C8222823__1.0 (570bp)
Top Length: 570  Top ID: 97.72
		One align captures most of this contig: 69964 70533 | 1 570 | 570 570 | 97.72 | Rhodobacter_sp_AKP1_gi_429206939_ref_NZ_ C8222823__1.0

CONTIG: C8222475__1.0 (567bp)
Top Length: 567  Top ID: 98.24
		One align captures most of this contig: 25846 26412 | 1 567 | 567 567 | 98.24 | Rhodobacter_sp_AKP1_gi_429208745_ref_NZ_ C8222475__1.0

Analyzing coverage...
Writing SNPs into /Molly/gurevich/MetaQUAST/res_final/res_cami_final/runs_per_reference/Rhodobacter_sp_AKP1/contigs_reports/nucmer_output/SOAPdenovo2.used_snps
	Reference Rhodobacter_sp_AKP1_gi_429206618_ref_NZ_: 1 total alignments. 1 total regions.
		Region: 1 to 33779 (33779 bp)
			START in gap: 1 to 23530 (23529 bp)
			Align 1: 23530 24045 C8215957__2.0 4 519
			END in gap: 24045 to 33779 (9734 bp)

ERROR: Reference Rhodobacter_sp_AKP1_gi_429208561_ref_NZ_ does not have any alignments!  Check that this is the same file used for alignment.
ERROR: Alignment Reference Headers: ['Rhodobacter_sp_AKP1_gi_429209173_ref_NZ_', 'Rhodobacter_sp_AKP1_gi_429206792_ref_NZ_', 'Rhodobacter_sp_AKP1_gi_429206618_ref_NZ_', 'Rhodobacter_sp_AKP1_gi_429205966_ref_NZ_', 'Rhodobacter_sp_AKP1_gi_429207574_ref_NZ_', 'Rhodobacter_sp_AKP1_gi_429208745_ref_NZ_', 'Rhodobacter_sp_AKP1_gi_429206939_ref_NZ_', 'Rhodobacter_sp_AKP1_gi_429210005_ref_NZ_', 'Rhodobacter_sp_AKP1_gi_429207559_ref_NZ_', 'Rhodobacter_sp_AKP1_gi_429209464_ref_NZ_', 'Rhodobacter_sp_AKP1_gi_429207690_ref_NZ_', 'Rhodobacter_sp_AKP1_gi_429205584_ref_NZ_', 'Rhodobacter_sp_AKP1_gi_429208285_ref_NZ_', 'Rhodobacter_sp_AKP1_gi_429209015_ref_NZ_', 'Rhodobacter_sp_AKP1_gi_429206650_ref_NZ_', 'Rhodobacter_sp_AKP1_gi_429209961_ref_NZ_', 'Rhodobacter_sp_AKP1_gi_429206369_ref_NZ_', 'Rhodobacter_sp_AKP1_gi_429207945_ref_NZ_']
ERROR: Reference Rhodobacter_sp_AKP1_gi_429209472_ref_NZ_ does not have any alignments!  Check that this is the same file used for alignment.
ERROR: Alignment Reference Headers: ['Rhodobacter_sp_AKP1_gi_429209173_ref_NZ_', 'Rhodobacter_sp_AKP1_gi_429206792_ref_NZ_', 'Rhodobacter_sp_AKP1_gi_429206618_ref_NZ_', 'Rhodobacter_sp_AKP1_gi_429205966_ref_NZ_', 'Rhodobacter_sp_AKP1_gi_429207574_ref_NZ_', 'Rhodobacter_sp_AKP1_gi_429208745_ref_NZ_', 'Rhodobacter_sp_AKP1_gi_429206939_ref_NZ_', 'Rhodobacter_sp_AKP1_gi_429210005_ref_NZ_', 'Rhodobacter_sp_AKP1_gi_429207559_ref_NZ_', 'Rhodobacter_sp_AKP1_gi_429209464_ref_NZ_', 'Rhodobacter_sp_AKP1_gi_429207690_ref_NZ_', 'Rhodobacter_sp_AKP1_gi_429205584_ref_NZ_', 'Rhodobacter_sp_AKP1_gi_429208285_ref_NZ_', 'Rhodobacter_sp_AKP1_gi_429209015_ref_NZ_', 'Rhodobacter_sp_AKP1_gi_429206650_ref_NZ_', 'Rhodobacter_sp_AKP1_gi_429209961_ref_NZ_', 'Rhodobacter_sp_AKP1_gi_429206369_ref_NZ_', 'Rhodobacter_sp_AKP1_gi_429207945_ref_NZ_']
ERROR: Reference Rhodobacter_sp_AKP1_gi_429210062_ref_NZ_ does not have any alignments!  Check that this is the same file used for alignment.
ERROR: Alignment Reference Headers: ['Rhodobacter_sp_AKP1_gi_429209173_ref_NZ_', 'Rhodobacter_sp_AKP1_gi_429206792_ref_NZ_', 'Rhodobacter_sp_AKP1_gi_429206618_ref_NZ_', 'Rhodobacter_sp_AKP1_gi_429205966_ref_NZ_', 'Rhodobacter_sp_AKP1_gi_429207574_ref_NZ_', 'Rhodobacter_sp_AKP1_gi_429208745_ref_NZ_', 'Rhodobacter_sp_AKP1_gi_429206939_ref_NZ_', 'Rhodobacter_sp_AKP1_gi_429210005_ref_NZ_', 'Rhodobacter_sp_AKP1_gi_429207559_ref_NZ_', 'Rhodobacter_sp_AKP1_gi_429209464_ref_NZ_', 'Rhodobacter_sp_AKP1_gi_429207690_ref_NZ_', 'Rhodobacter_sp_AKP1_gi_429205584_ref_NZ_', 'Rhodobacter_sp_AKP1_gi_429208285_ref_NZ_', 'Rhodobacter_sp_AKP1_gi_429209015_ref_NZ_', 'Rhodobacter_sp_AKP1_gi_429206650_ref_NZ_', 'Rhodobacter_sp_AKP1_gi_429209961_ref_NZ_', 'Rhodobacter_sp_AKP1_gi_429206369_ref_NZ_', 'Rhodobacter_sp_AKP1_gi_429207945_ref_NZ_']
	Reference Rhodobacter_sp_AKP1_gi_429206792_ref_NZ_: 1 total alignments. 1 total regions.
		Region: 1 to 151962 (151962 bp)
			START in gap: 1 to 54709 (54708 bp)
			Align 1: 54709 55436 scaffold9465__2.0 727 1
			END in gap: 55436 to 151962 (96526 bp)

ERROR: Reference Rhodobacter_sp_AKP1_gi_429209929_ref_NZ_ does not have any alignments!  Check that this is the same file used for alignment.
ERROR: Alignment Reference Headers: ['Rhodobacter_sp_AKP1_gi_429209173_ref_NZ_', 'Rhodobacter_sp_AKP1_gi_429206792_ref_NZ_', 'Rhodobacter_sp_AKP1_gi_429206618_ref_NZ_', 'Rhodobacter_sp_AKP1_gi_429205966_ref_NZ_', 'Rhodobacter_sp_AKP1_gi_429207574_ref_NZ_', 'Rhodobacter_sp_AKP1_gi_429208745_ref_NZ_', 'Rhodobacter_sp_AKP1_gi_429206939_ref_NZ_', 'Rhodobacter_sp_AKP1_gi_429210005_ref_NZ_', 'Rhodobacter_sp_AKP1_gi_429207559_ref_NZ_', 'Rhodobacter_sp_AKP1_gi_429209464_ref_NZ_', 'Rhodobacter_sp_AKP1_gi_429207690_ref_NZ_', 'Rhodobacter_sp_AKP1_gi_429205584_ref_NZ_', 'Rhodobacter_sp_AKP1_gi_429208285_ref_NZ_', 'Rhodobacter_sp_AKP1_gi_429209015_ref_NZ_', 'Rhodobacter_sp_AKP1_gi_429206650_ref_NZ_', 'Rhodobacter_sp_AKP1_gi_429209961_ref_NZ_', 'Rhodobacter_sp_AKP1_gi_429206369_ref_NZ_', 'Rhodobacter_sp_AKP1_gi_429207945_ref_NZ_']
	Reference Rhodobacter_sp_AKP1_gi_429208285_ref_NZ_: 1 total alignments. 1 total regions.
		Region: 1 to 212353 (212353 bp)
			START in gap: 1 to 110203 (110202 bp)
			Align 1: 110203 110884 scaffold9161__2.0 1 682
			END in gap: 110884 to 212353 (101469 bp)

ERROR: Reference Rhodobacter_sp_AKP1_gi_429209807_ref_NZ_ does not have any alignments!  Check that this is the same file used for alignment.
ERROR: Alignment Reference Headers: ['Rhodobacter_sp_AKP1_gi_429209173_ref_NZ_', 'Rhodobacter_sp_AKP1_gi_429206792_ref_NZ_', 'Rhodobacter_sp_AKP1_gi_429206618_ref_NZ_', 'Rhodobacter_sp_AKP1_gi_429205966_ref_NZ_', 'Rhodobacter_sp_AKP1_gi_429207574_ref_NZ_', 'Rhodobacter_sp_AKP1_gi_429208745_ref_NZ_', 'Rhodobacter_sp_AKP1_gi_429206939_ref_NZ_', 'Rhodobacter_sp_AKP1_gi_429210005_ref_NZ_', 'Rhodobacter_sp_AKP1_gi_429207559_ref_NZ_', 'Rhodobacter_sp_AKP1_gi_429209464_ref_NZ_', 'Rhodobacter_sp_AKP1_gi_429207690_ref_NZ_', 'Rhodobacter_sp_AKP1_gi_429205584_ref_NZ_', 'Rhodobacter_sp_AKP1_gi_429208285_ref_NZ_', 'Rhodobacter_sp_AKP1_gi_429209015_ref_NZ_', 'Rhodobacter_sp_AKP1_gi_429206650_ref_NZ_', 'Rhodobacter_sp_AKP1_gi_429209961_ref_NZ_', 'Rhodobacter_sp_AKP1_gi_429206369_ref_NZ_', 'Rhodobacter_sp_AKP1_gi_429207945_ref_NZ_']
ERROR: Reference Rhodobacter_sp_AKP1_gi_429210058_ref_NZ_ does not have any alignments!  Check that this is the same file used for alignment.
ERROR: Alignment Reference Headers: ['Rhodobacter_sp_AKP1_gi_429209173_ref_NZ_', 'Rhodobacter_sp_AKP1_gi_429206792_ref_NZ_', 'Rhodobacter_sp_AKP1_gi_429206618_ref_NZ_', 'Rhodobacter_sp_AKP1_gi_429205966_ref_NZ_', 'Rhodobacter_sp_AKP1_gi_429207574_ref_NZ_', 'Rhodobacter_sp_AKP1_gi_429208745_ref_NZ_', 'Rhodobacter_sp_AKP1_gi_429206939_ref_NZ_', 'Rhodobacter_sp_AKP1_gi_429210005_ref_NZ_', 'Rhodobacter_sp_AKP1_gi_429207559_ref_NZ_', 'Rhodobacter_sp_AKP1_gi_429209464_ref_NZ_', 'Rhodobacter_sp_AKP1_gi_429207690_ref_NZ_', 'Rhodobacter_sp_AKP1_gi_429205584_ref_NZ_', 'Rhodobacter_sp_AKP1_gi_429208285_ref_NZ_', 'Rhodobacter_sp_AKP1_gi_429209015_ref_NZ_', 'Rhodobacter_sp_AKP1_gi_429206650_ref_NZ_', 'Rhodobacter_sp_AKP1_gi_429209961_ref_NZ_', 'Rhodobacter_sp_AKP1_gi_429206369_ref_NZ_', 'Rhodobacter_sp_AKP1_gi_429207945_ref_NZ_']
ERROR: Reference Rhodobacter_sp_AKP1_gi_429210074_ref_NZ_ does not have any alignments!  Check that this is the same file used for alignment.
ERROR: Alignment Reference Headers: ['Rhodobacter_sp_AKP1_gi_429209173_ref_NZ_', 'Rhodobacter_sp_AKP1_gi_429206792_ref_NZ_', 'Rhodobacter_sp_AKP1_gi_429206618_ref_NZ_', 'Rhodobacter_sp_AKP1_gi_429205966_ref_NZ_', 'Rhodobacter_sp_AKP1_gi_429207574_ref_NZ_', 'Rhodobacter_sp_AKP1_gi_429208745_ref_NZ_', 'Rhodobacter_sp_AKP1_gi_429206939_ref_NZ_', 'Rhodobacter_sp_AKP1_gi_429210005_ref_NZ_', 'Rhodobacter_sp_AKP1_gi_429207559_ref_NZ_', 'Rhodobacter_sp_AKP1_gi_429209464_ref_NZ_', 'Rhodobacter_sp_AKP1_gi_429207690_ref_NZ_', 'Rhodobacter_sp_AKP1_gi_429205584_ref_NZ_', 'Rhodobacter_sp_AKP1_gi_429208285_ref_NZ_', 'Rhodobacter_sp_AKP1_gi_429209015_ref_NZ_', 'Rhodobacter_sp_AKP1_gi_429206650_ref_NZ_', 'Rhodobacter_sp_AKP1_gi_429209961_ref_NZ_', 'Rhodobacter_sp_AKP1_gi_429206369_ref_NZ_', 'Rhodobacter_sp_AKP1_gi_429207945_ref_NZ_']
	Reference Rhodobacter_sp_AKP1_gi_429206650_ref_NZ_: 1 total alignments. 1 total regions.
		Region: 1 to 140348 (140348 bp)
			START in gap: 1 to 15996 (15995 bp)
			Align 1: 15996 16647 C8231843__1.0 2 653
			END in gap: 16647 to 140348 (123701 bp)

ERROR: Reference Rhodobacter_sp_AKP1_gi_429209465_ref_NZ_ does not have any alignments!  Check that this is the same file used for alignment.
ERROR: Alignment Reference Headers: ['Rhodobacter_sp_AKP1_gi_429209173_ref_NZ_', 'Rhodobacter_sp_AKP1_gi_429206792_ref_NZ_', 'Rhodobacter_sp_AKP1_gi_429206618_ref_NZ_', 'Rhodobacter_sp_AKP1_gi_429205966_ref_NZ_', 'Rhodobacter_sp_AKP1_gi_429207574_ref_NZ_', 'Rhodobacter_sp_AKP1_gi_429208745_ref_NZ_', 'Rhodobacter_sp_AKP1_gi_429206939_ref_NZ_', 'Rhodobacter_sp_AKP1_gi_429210005_ref_NZ_', 'Rhodobacter_sp_AKP1_gi_429207559_ref_NZ_', 'Rhodobacter_sp_AKP1_gi_429209464_ref_NZ_', 'Rhodobacter_sp_AKP1_gi_429207690_ref_NZ_', 'Rhodobacter_sp_AKP1_gi_429205584_ref_NZ_', 'Rhodobacter_sp_AKP1_gi_429208285_ref_NZ_', 'Rhodobacter_sp_AKP1_gi_429209015_ref_NZ_', 'Rhodobacter_sp_AKP1_gi_429206650_ref_NZ_', 'Rhodobacter_sp_AKP1_gi_429209961_ref_NZ_', 'Rhodobacter_sp_AKP1_gi_429206369_ref_NZ_', 'Rhodobacter_sp_AKP1_gi_429207945_ref_NZ_']
ERROR: Reference Rhodobacter_sp_AKP1_gi_429210057_ref_NZ_ does not have any alignments!  Check that this is the same file used for alignment.
ERROR: Alignment Reference Headers: ['Rhodobacter_sp_AKP1_gi_429209173_ref_NZ_', 'Rhodobacter_sp_AKP1_gi_429206792_ref_NZ_', 'Rhodobacter_sp_AKP1_gi_429206618_ref_NZ_', 'Rhodobacter_sp_AKP1_gi_429205966_ref_NZ_', 'Rhodobacter_sp_AKP1_gi_429207574_ref_NZ_', 'Rhodobacter_sp_AKP1_gi_429208745_ref_NZ_', 'Rhodobacter_sp_AKP1_gi_429206939_ref_NZ_', 'Rhodobacter_sp_AKP1_gi_429210005_ref_NZ_', 'Rhodobacter_sp_AKP1_gi_429207559_ref_NZ_', 'Rhodobacter_sp_AKP1_gi_429209464_ref_NZ_', 'Rhodobacter_sp_AKP1_gi_429207690_ref_NZ_', 'Rhodobacter_sp_AKP1_gi_429205584_ref_NZ_', 'Rhodobacter_sp_AKP1_gi_429208285_ref_NZ_', 'Rhodobacter_sp_AKP1_gi_429209015_ref_NZ_', 'Rhodobacter_sp_AKP1_gi_429206650_ref_NZ_', 'Rhodobacter_sp_AKP1_gi_429209961_ref_NZ_', 'Rhodobacter_sp_AKP1_gi_429206369_ref_NZ_', 'Rhodobacter_sp_AKP1_gi_429207945_ref_NZ_']
ERROR: Reference Rhodobacter_sp_AKP1_gi_429209917_ref_NZ_ does not have any alignments!  Check that this is the same file used for alignment.
ERROR: Alignment Reference Headers: ['Rhodobacter_sp_AKP1_gi_429209173_ref_NZ_', 'Rhodobacter_sp_AKP1_gi_429206792_ref_NZ_', 'Rhodobacter_sp_AKP1_gi_429206618_ref_NZ_', 'Rhodobacter_sp_AKP1_gi_429205966_ref_NZ_', 'Rhodobacter_sp_AKP1_gi_429207574_ref_NZ_', 'Rhodobacter_sp_AKP1_gi_429208745_ref_NZ_', 'Rhodobacter_sp_AKP1_gi_429206939_ref_NZ_', 'Rhodobacter_sp_AKP1_gi_429210005_ref_NZ_', 'Rhodobacter_sp_AKP1_gi_429207559_ref_NZ_', 'Rhodobacter_sp_AKP1_gi_429209464_ref_NZ_', 'Rhodobacter_sp_AKP1_gi_429207690_ref_NZ_', 'Rhodobacter_sp_AKP1_gi_429205584_ref_NZ_', 'Rhodobacter_sp_AKP1_gi_429208285_ref_NZ_', 'Rhodobacter_sp_AKP1_gi_429209015_ref_NZ_', 'Rhodobacter_sp_AKP1_gi_429206650_ref_NZ_', 'Rhodobacter_sp_AKP1_gi_429209961_ref_NZ_', 'Rhodobacter_sp_AKP1_gi_429206369_ref_NZ_', 'Rhodobacter_sp_AKP1_gi_429207945_ref_NZ_']
ERROR: Reference Rhodobacter_sp_AKP1_gi_429209970_ref_NZ_ does not have any alignments!  Check that this is the same file used for alignment.
ERROR: Alignment Reference Headers: ['Rhodobacter_sp_AKP1_gi_429209173_ref_NZ_', 'Rhodobacter_sp_AKP1_gi_429206792_ref_NZ_', 'Rhodobacter_sp_AKP1_gi_429206618_ref_NZ_', 'Rhodobacter_sp_AKP1_gi_429205966_ref_NZ_', 'Rhodobacter_sp_AKP1_gi_429207574_ref_NZ_', 'Rhodobacter_sp_AKP1_gi_429208745_ref_NZ_', 'Rhodobacter_sp_AKP1_gi_429206939_ref_NZ_', 'Rhodobacter_sp_AKP1_gi_429210005_ref_NZ_', 'Rhodobacter_sp_AKP1_gi_429207559_ref_NZ_', 'Rhodobacter_sp_AKP1_gi_429209464_ref_NZ_', 'Rhodobacter_sp_AKP1_gi_429207690_ref_NZ_', 'Rhodobacter_sp_AKP1_gi_429205584_ref_NZ_', 'Rhodobacter_sp_AKP1_gi_429208285_ref_NZ_', 'Rhodobacter_sp_AKP1_gi_429209015_ref_NZ_', 'Rhodobacter_sp_AKP1_gi_429206650_ref_NZ_', 'Rhodobacter_sp_AKP1_gi_429209961_ref_NZ_', 'Rhodobacter_sp_AKP1_gi_429206369_ref_NZ_', 'Rhodobacter_sp_AKP1_gi_429207945_ref_NZ_']
ERROR: Reference Rhodobacter_sp_AKP1_gi_429209854_ref_NZ_ does not have any alignments!  Check that this is the same file used for alignment.
ERROR: Alignment Reference Headers: ['Rhodobacter_sp_AKP1_gi_429209173_ref_NZ_', 'Rhodobacter_sp_AKP1_gi_429206792_ref_NZ_', 'Rhodobacter_sp_AKP1_gi_429206618_ref_NZ_', 'Rhodobacter_sp_AKP1_gi_429205966_ref_NZ_', 'Rhodobacter_sp_AKP1_gi_429207574_ref_NZ_', 'Rhodobacter_sp_AKP1_gi_429208745_ref_NZ_', 'Rhodobacter_sp_AKP1_gi_429206939_ref_NZ_', 'Rhodobacter_sp_AKP1_gi_429210005_ref_NZ_', 'Rhodobacter_sp_AKP1_gi_429207559_ref_NZ_', 'Rhodobacter_sp_AKP1_gi_429209464_ref_NZ_', 'Rhodobacter_sp_AKP1_gi_429207690_ref_NZ_', 'Rhodobacter_sp_AKP1_gi_429205584_ref_NZ_', 'Rhodobacter_sp_AKP1_gi_429208285_ref_NZ_', 'Rhodobacter_sp_AKP1_gi_429209015_ref_NZ_', 'Rhodobacter_sp_AKP1_gi_429206650_ref_NZ_', 'Rhodobacter_sp_AKP1_gi_429209961_ref_NZ_', 'Rhodobacter_sp_AKP1_gi_429206369_ref_NZ_', 'Rhodobacter_sp_AKP1_gi_429207945_ref_NZ_']
ERROR: Reference Rhodobacter_sp_AKP1_gi_429208858_ref_NZ_ does not have any alignments!  Check that this is the same file used for alignment.
ERROR: Alignment Reference Headers: ['Rhodobacter_sp_AKP1_gi_429209173_ref_NZ_', 'Rhodobacter_sp_AKP1_gi_429206792_ref_NZ_', 'Rhodobacter_sp_AKP1_gi_429206618_ref_NZ_', 'Rhodobacter_sp_AKP1_gi_429205966_ref_NZ_', 'Rhodobacter_sp_AKP1_gi_429207574_ref_NZ_', 'Rhodobacter_sp_AKP1_gi_429208745_ref_NZ_', 'Rhodobacter_sp_AKP1_gi_429206939_ref_NZ_', 'Rhodobacter_sp_AKP1_gi_429210005_ref_NZ_', 'Rhodobacter_sp_AKP1_gi_429207559_ref_NZ_', 'Rhodobacter_sp_AKP1_gi_429209464_ref_NZ_', 'Rhodobacter_sp_AKP1_gi_429207690_ref_NZ_', 'Rhodobacter_sp_AKP1_gi_429205584_ref_NZ_', 'Rhodobacter_sp_AKP1_gi_429208285_ref_NZ_', 'Rhodobacter_sp_AKP1_gi_429209015_ref_NZ_', 'Rhodobacter_sp_AKP1_gi_429206650_ref_NZ_', 'Rhodobacter_sp_AKP1_gi_429209961_ref_NZ_', 'Rhodobacter_sp_AKP1_gi_429206369_ref_NZ_', 'Rhodobacter_sp_AKP1_gi_429207945_ref_NZ_']
ERROR: Reference Rhodobacter_sp_AKP1_gi_429210076_ref_NZ_ does not have any alignments!  Check that this is the same file used for alignment.
ERROR: Alignment Reference Headers: ['Rhodobacter_sp_AKP1_gi_429209173_ref_NZ_', 'Rhodobacter_sp_AKP1_gi_429206792_ref_NZ_', 'Rhodobacter_sp_AKP1_gi_429206618_ref_NZ_', 'Rhodobacter_sp_AKP1_gi_429205966_ref_NZ_', 'Rhodobacter_sp_AKP1_gi_429207574_ref_NZ_', 'Rhodobacter_sp_AKP1_gi_429208745_ref_NZ_', 'Rhodobacter_sp_AKP1_gi_429206939_ref_NZ_', 'Rhodobacter_sp_AKP1_gi_429210005_ref_NZ_', 'Rhodobacter_sp_AKP1_gi_429207559_ref_NZ_', 'Rhodobacter_sp_AKP1_gi_429209464_ref_NZ_', 'Rhodobacter_sp_AKP1_gi_429207690_ref_NZ_', 'Rhodobacter_sp_AKP1_gi_429205584_ref_NZ_', 'Rhodobacter_sp_AKP1_gi_429208285_ref_NZ_', 'Rhodobacter_sp_AKP1_gi_429209015_ref_NZ_', 'Rhodobacter_sp_AKP1_gi_429206650_ref_NZ_', 'Rhodobacter_sp_AKP1_gi_429209961_ref_NZ_', 'Rhodobacter_sp_AKP1_gi_429206369_ref_NZ_', 'Rhodobacter_sp_AKP1_gi_429207945_ref_NZ_']
ERROR: Reference Rhodobacter_sp_AKP1_gi_429207094_ref_NZ_ does not have any alignments!  Check that this is the same file used for alignment.
ERROR: Alignment Reference Headers: ['Rhodobacter_sp_AKP1_gi_429209173_ref_NZ_', 'Rhodobacter_sp_AKP1_gi_429206792_ref_NZ_', 'Rhodobacter_sp_AKP1_gi_429206618_ref_NZ_', 'Rhodobacter_sp_AKP1_gi_429205966_ref_NZ_', 'Rhodobacter_sp_AKP1_gi_429207574_ref_NZ_', 'Rhodobacter_sp_AKP1_gi_429208745_ref_NZ_', 'Rhodobacter_sp_AKP1_gi_429206939_ref_NZ_', 'Rhodobacter_sp_AKP1_gi_429210005_ref_NZ_', 'Rhodobacter_sp_AKP1_gi_429207559_ref_NZ_', 'Rhodobacter_sp_AKP1_gi_429209464_ref_NZ_', 'Rhodobacter_sp_AKP1_gi_429207690_ref_NZ_', 'Rhodobacter_sp_AKP1_gi_429205584_ref_NZ_', 'Rhodobacter_sp_AKP1_gi_429208285_ref_NZ_', 'Rhodobacter_sp_AKP1_gi_429209015_ref_NZ_', 'Rhodobacter_sp_AKP1_gi_429206650_ref_NZ_', 'Rhodobacter_sp_AKP1_gi_429209961_ref_NZ_', 'Rhodobacter_sp_AKP1_gi_429206369_ref_NZ_', 'Rhodobacter_sp_AKP1_gi_429207945_ref_NZ_']
ERROR: Reference Rhodobacter_sp_AKP1_gi_429208069_ref_NZ_ does not have any alignments!  Check that this is the same file used for alignment.
ERROR: Alignment Reference Headers: ['Rhodobacter_sp_AKP1_gi_429209173_ref_NZ_', 'Rhodobacter_sp_AKP1_gi_429206792_ref_NZ_', 'Rhodobacter_sp_AKP1_gi_429206618_ref_NZ_', 'Rhodobacter_sp_AKP1_gi_429205966_ref_NZ_', 'Rhodobacter_sp_AKP1_gi_429207574_ref_NZ_', 'Rhodobacter_sp_AKP1_gi_429208745_ref_NZ_', 'Rhodobacter_sp_AKP1_gi_429206939_ref_NZ_', 'Rhodobacter_sp_AKP1_gi_429210005_ref_NZ_', 'Rhodobacter_sp_AKP1_gi_429207559_ref_NZ_', 'Rhodobacter_sp_AKP1_gi_429209464_ref_NZ_', 'Rhodobacter_sp_AKP1_gi_429207690_ref_NZ_', 'Rhodobacter_sp_AKP1_gi_429205584_ref_NZ_', 'Rhodobacter_sp_AKP1_gi_429208285_ref_NZ_', 'Rhodobacter_sp_AKP1_gi_429209015_ref_NZ_', 'Rhodobacter_sp_AKP1_gi_429206650_ref_NZ_', 'Rhodobacter_sp_AKP1_gi_429209961_ref_NZ_', 'Rhodobacter_sp_AKP1_gi_429206369_ref_NZ_', 'Rhodobacter_sp_AKP1_gi_429207945_ref_NZ_']
ERROR: Reference Rhodobacter_sp_AKP1_gi_429210054_ref_NZ_ does not have any alignments!  Check that this is the same file used for alignment.
ERROR: Alignment Reference Headers: ['Rhodobacter_sp_AKP1_gi_429209173_ref_NZ_', 'Rhodobacter_sp_AKP1_gi_429206792_ref_NZ_', 'Rhodobacter_sp_AKP1_gi_429206618_ref_NZ_', 'Rhodobacter_sp_AKP1_gi_429205966_ref_NZ_', 'Rhodobacter_sp_AKP1_gi_429207574_ref_NZ_', 'Rhodobacter_sp_AKP1_gi_429208745_ref_NZ_', 'Rhodobacter_sp_AKP1_gi_429206939_ref_NZ_', 'Rhodobacter_sp_AKP1_gi_429210005_ref_NZ_', 'Rhodobacter_sp_AKP1_gi_429207559_ref_NZ_', 'Rhodobacter_sp_AKP1_gi_429209464_ref_NZ_', 'Rhodobacter_sp_AKP1_gi_429207690_ref_NZ_', 'Rhodobacter_sp_AKP1_gi_429205584_ref_NZ_', 'Rhodobacter_sp_AKP1_gi_429208285_ref_NZ_', 'Rhodobacter_sp_AKP1_gi_429209015_ref_NZ_', 'Rhodobacter_sp_AKP1_gi_429206650_ref_NZ_', 'Rhodobacter_sp_AKP1_gi_429209961_ref_NZ_', 'Rhodobacter_sp_AKP1_gi_429206369_ref_NZ_', 'Rhodobacter_sp_AKP1_gi_429207945_ref_NZ_']
ERROR: Reference Rhodobacter_sp_AKP1_gi_429209976_ref_NZ_ does not have any alignments!  Check that this is the same file used for alignment.
ERROR: Alignment Reference Headers: ['Rhodobacter_sp_AKP1_gi_429209173_ref_NZ_', 'Rhodobacter_sp_AKP1_gi_429206792_ref_NZ_', 'Rhodobacter_sp_AKP1_gi_429206618_ref_NZ_', 'Rhodobacter_sp_AKP1_gi_429205966_ref_NZ_', 'Rhodobacter_sp_AKP1_gi_429207574_ref_NZ_', 'Rhodobacter_sp_AKP1_gi_429208745_ref_NZ_', 'Rhodobacter_sp_AKP1_gi_429206939_ref_NZ_', 'Rhodobacter_sp_AKP1_gi_429210005_ref_NZ_', 'Rhodobacter_sp_AKP1_gi_429207559_ref_NZ_', 'Rhodobacter_sp_AKP1_gi_429209464_ref_NZ_', 'Rhodobacter_sp_AKP1_gi_429207690_ref_NZ_', 'Rhodobacter_sp_AKP1_gi_429205584_ref_NZ_', 'Rhodobacter_sp_AKP1_gi_429208285_ref_NZ_', 'Rhodobacter_sp_AKP1_gi_429209015_ref_NZ_', 'Rhodobacter_sp_AKP1_gi_429206650_ref_NZ_', 'Rhodobacter_sp_AKP1_gi_429209961_ref_NZ_', 'Rhodobacter_sp_AKP1_gi_429206369_ref_NZ_', 'Rhodobacter_sp_AKP1_gi_429207945_ref_NZ_']
ERROR: Reference Rhodobacter_sp_AKP1_gi_429209850_ref_NZ_ does not have any alignments!  Check that this is the same file used for alignment.
ERROR: Alignment Reference Headers: ['Rhodobacter_sp_AKP1_gi_429209173_ref_NZ_', 'Rhodobacter_sp_AKP1_gi_429206792_ref_NZ_', 'Rhodobacter_sp_AKP1_gi_429206618_ref_NZ_', 'Rhodobacter_sp_AKP1_gi_429205966_ref_NZ_', 'Rhodobacter_sp_AKP1_gi_429207574_ref_NZ_', 'Rhodobacter_sp_AKP1_gi_429208745_ref_NZ_', 'Rhodobacter_sp_AKP1_gi_429206939_ref_NZ_', 'Rhodobacter_sp_AKP1_gi_429210005_ref_NZ_', 'Rhodobacter_sp_AKP1_gi_429207559_ref_NZ_', 'Rhodobacter_sp_AKP1_gi_429209464_ref_NZ_', 'Rhodobacter_sp_AKP1_gi_429207690_ref_NZ_', 'Rhodobacter_sp_AKP1_gi_429205584_ref_NZ_', 'Rhodobacter_sp_AKP1_gi_429208285_ref_NZ_', 'Rhodobacter_sp_AKP1_gi_429209015_ref_NZ_', 'Rhodobacter_sp_AKP1_gi_429206650_ref_NZ_', 'Rhodobacter_sp_AKP1_gi_429209961_ref_NZ_', 'Rhodobacter_sp_AKP1_gi_429206369_ref_NZ_', 'Rhodobacter_sp_AKP1_gi_429207945_ref_NZ_']
ERROR: Reference Rhodobacter_sp_AKP1_gi_429209849_ref_NZ_ does not have any alignments!  Check that this is the same file used for alignment.
ERROR: Alignment Reference Headers: ['Rhodobacter_sp_AKP1_gi_429209173_ref_NZ_', 'Rhodobacter_sp_AKP1_gi_429206792_ref_NZ_', 'Rhodobacter_sp_AKP1_gi_429206618_ref_NZ_', 'Rhodobacter_sp_AKP1_gi_429205966_ref_NZ_', 'Rhodobacter_sp_AKP1_gi_429207574_ref_NZ_', 'Rhodobacter_sp_AKP1_gi_429208745_ref_NZ_', 'Rhodobacter_sp_AKP1_gi_429206939_ref_NZ_', 'Rhodobacter_sp_AKP1_gi_429210005_ref_NZ_', 'Rhodobacter_sp_AKP1_gi_429207559_ref_NZ_', 'Rhodobacter_sp_AKP1_gi_429209464_ref_NZ_', 'Rhodobacter_sp_AKP1_gi_429207690_ref_NZ_', 'Rhodobacter_sp_AKP1_gi_429205584_ref_NZ_', 'Rhodobacter_sp_AKP1_gi_429208285_ref_NZ_', 'Rhodobacter_sp_AKP1_gi_429209015_ref_NZ_', 'Rhodobacter_sp_AKP1_gi_429206650_ref_NZ_', 'Rhodobacter_sp_AKP1_gi_429209961_ref_NZ_', 'Rhodobacter_sp_AKP1_gi_429206369_ref_NZ_', 'Rhodobacter_sp_AKP1_gi_429207945_ref_NZ_']
ERROR: Reference Rhodobacter_sp_AKP1_gi_429208142_ref_NZ_ does not have any alignments!  Check that this is the same file used for alignment.
ERROR: Alignment Reference Headers: ['Rhodobacter_sp_AKP1_gi_429209173_ref_NZ_', 'Rhodobacter_sp_AKP1_gi_429206792_ref_NZ_', 'Rhodobacter_sp_AKP1_gi_429206618_ref_NZ_', 'Rhodobacter_sp_AKP1_gi_429205966_ref_NZ_', 'Rhodobacter_sp_AKP1_gi_429207574_ref_NZ_', 'Rhodobacter_sp_AKP1_gi_429208745_ref_NZ_', 'Rhodobacter_sp_AKP1_gi_429206939_ref_NZ_', 'Rhodobacter_sp_AKP1_gi_429210005_ref_NZ_', 'Rhodobacter_sp_AKP1_gi_429207559_ref_NZ_', 'Rhodobacter_sp_AKP1_gi_429209464_ref_NZ_', 'Rhodobacter_sp_AKP1_gi_429207690_ref_NZ_', 'Rhodobacter_sp_AKP1_gi_429205584_ref_NZ_', 'Rhodobacter_sp_AKP1_gi_429208285_ref_NZ_', 'Rhodobacter_sp_AKP1_gi_429209015_ref_NZ_', 'Rhodobacter_sp_AKP1_gi_429206650_ref_NZ_', 'Rhodobacter_sp_AKP1_gi_429209961_ref_NZ_', 'Rhodobacter_sp_AKP1_gi_429206369_ref_NZ_', 'Rhodobacter_sp_AKP1_gi_429207945_ref_NZ_']
ERROR: Reference Rhodobacter_sp_AKP1_gi_429210108_ref_NZ_ does not have any alignments!  Check that this is the same file used for alignment.
ERROR: Alignment Reference Headers: ['Rhodobacter_sp_AKP1_gi_429209173_ref_NZ_', 'Rhodobacter_sp_AKP1_gi_429206792_ref_NZ_', 'Rhodobacter_sp_AKP1_gi_429206618_ref_NZ_', 'Rhodobacter_sp_AKP1_gi_429205966_ref_NZ_', 'Rhodobacter_sp_AKP1_gi_429207574_ref_NZ_', 'Rhodobacter_sp_AKP1_gi_429208745_ref_NZ_', 'Rhodobacter_sp_AKP1_gi_429206939_ref_NZ_', 'Rhodobacter_sp_AKP1_gi_429210005_ref_NZ_', 'Rhodobacter_sp_AKP1_gi_429207559_ref_NZ_', 'Rhodobacter_sp_AKP1_gi_429209464_ref_NZ_', 'Rhodobacter_sp_AKP1_gi_429207690_ref_NZ_', 'Rhodobacter_sp_AKP1_gi_429205584_ref_NZ_', 'Rhodobacter_sp_AKP1_gi_429208285_ref_NZ_', 'Rhodobacter_sp_AKP1_gi_429209015_ref_NZ_', 'Rhodobacter_sp_AKP1_gi_429206650_ref_NZ_', 'Rhodobacter_sp_AKP1_gi_429209961_ref_NZ_', 'Rhodobacter_sp_AKP1_gi_429206369_ref_NZ_', 'Rhodobacter_sp_AKP1_gi_429207945_ref_NZ_']
ERROR: Reference Rhodobacter_sp_AKP1_gi_429209957_ref_NZ_ does not have any alignments!  Check that this is the same file used for alignment.
ERROR: Alignment Reference Headers: ['Rhodobacter_sp_AKP1_gi_429209173_ref_NZ_', 'Rhodobacter_sp_AKP1_gi_429206792_ref_NZ_', 'Rhodobacter_sp_AKP1_gi_429206618_ref_NZ_', 'Rhodobacter_sp_AKP1_gi_429205966_ref_NZ_', 'Rhodobacter_sp_AKP1_gi_429207574_ref_NZ_', 'Rhodobacter_sp_AKP1_gi_429208745_ref_NZ_', 'Rhodobacter_sp_AKP1_gi_429206939_ref_NZ_', 'Rhodobacter_sp_AKP1_gi_429210005_ref_NZ_', 'Rhodobacter_sp_AKP1_gi_429207559_ref_NZ_', 'Rhodobacter_sp_AKP1_gi_429209464_ref_NZ_', 'Rhodobacter_sp_AKP1_gi_429207690_ref_NZ_', 'Rhodobacter_sp_AKP1_gi_429205584_ref_NZ_', 'Rhodobacter_sp_AKP1_gi_429208285_ref_NZ_', 'Rhodobacter_sp_AKP1_gi_429209015_ref_NZ_', 'Rhodobacter_sp_AKP1_gi_429206650_ref_NZ_', 'Rhodobacter_sp_AKP1_gi_429209961_ref_NZ_', 'Rhodobacter_sp_AKP1_gi_429206369_ref_NZ_', 'Rhodobacter_sp_AKP1_gi_429207945_ref_NZ_']
	Reference Rhodobacter_sp_AKP1_gi_429206939_ref_NZ_: 1 total alignments. 1 total regions.
		Region: 1 to 167901 (167901 bp)
			START in gap: 1 to 69964 (69963 bp)
			Align 1: 69964 70533 C8222823__1.0 1 570
			END in gap: 70533 to 167901 (97368 bp)

ERROR: Reference Rhodobacter_sp_AKP1_gi_429208943_ref_NZ_ does not have any alignments!  Check that this is the same file used for alignment.
ERROR: Alignment Reference Headers: ['Rhodobacter_sp_AKP1_gi_429209173_ref_NZ_', 'Rhodobacter_sp_AKP1_gi_429206792_ref_NZ_', 'Rhodobacter_sp_AKP1_gi_429206618_ref_NZ_', 'Rhodobacter_sp_AKP1_gi_429205966_ref_NZ_', 'Rhodobacter_sp_AKP1_gi_429207574_ref_NZ_', 'Rhodobacter_sp_AKP1_gi_429208745_ref_NZ_', 'Rhodobacter_sp_AKP1_gi_429206939_ref_NZ_', 'Rhodobacter_sp_AKP1_gi_429210005_ref_NZ_', 'Rhodobacter_sp_AKP1_gi_429207559_ref_NZ_', 'Rhodobacter_sp_AKP1_gi_429209464_ref_NZ_', 'Rhodobacter_sp_AKP1_gi_429207690_ref_NZ_', 'Rhodobacter_sp_AKP1_gi_429205584_ref_NZ_', 'Rhodobacter_sp_AKP1_gi_429208285_ref_NZ_', 'Rhodobacter_sp_AKP1_gi_429209015_ref_NZ_', 'Rhodobacter_sp_AKP1_gi_429206650_ref_NZ_', 'Rhodobacter_sp_AKP1_gi_429209961_ref_NZ_', 'Rhodobacter_sp_AKP1_gi_429206369_ref_NZ_', 'Rhodobacter_sp_AKP1_gi_429207945_ref_NZ_']
ERROR: Reference Rhodobacter_sp_AKP1_gi_429206341_ref_NZ_ does not have any alignments!  Check that this is the same file used for alignment.
ERROR: Alignment Reference Headers: ['Rhodobacter_sp_AKP1_gi_429209173_ref_NZ_', 'Rhodobacter_sp_AKP1_gi_429206792_ref_NZ_', 'Rhodobacter_sp_AKP1_gi_429206618_ref_NZ_', 'Rhodobacter_sp_AKP1_gi_429205966_ref_NZ_', 'Rhodobacter_sp_AKP1_gi_429207574_ref_NZ_', 'Rhodobacter_sp_AKP1_gi_429208745_ref_NZ_', 'Rhodobacter_sp_AKP1_gi_429206939_ref_NZ_', 'Rhodobacter_sp_AKP1_gi_429210005_ref_NZ_', 'Rhodobacter_sp_AKP1_gi_429207559_ref_NZ_', 'Rhodobacter_sp_AKP1_gi_429209464_ref_NZ_', 'Rhodobacter_sp_AKP1_gi_429207690_ref_NZ_', 'Rhodobacter_sp_AKP1_gi_429205584_ref_NZ_', 'Rhodobacter_sp_AKP1_gi_429208285_ref_NZ_', 'Rhodobacter_sp_AKP1_gi_429209015_ref_NZ_', 'Rhodobacter_sp_AKP1_gi_429206650_ref_NZ_', 'Rhodobacter_sp_AKP1_gi_429209961_ref_NZ_', 'Rhodobacter_sp_AKP1_gi_429206369_ref_NZ_', 'Rhodobacter_sp_AKP1_gi_429207945_ref_NZ_']
ERROR: Reference Rhodobacter_sp_AKP1_gi_429210035_ref_NZ_ does not have any alignments!  Check that this is the same file used for alignment.
ERROR: Alignment Reference Headers: ['Rhodobacter_sp_AKP1_gi_429209173_ref_NZ_', 'Rhodobacter_sp_AKP1_gi_429206792_ref_NZ_', 'Rhodobacter_sp_AKP1_gi_429206618_ref_NZ_', 'Rhodobacter_sp_AKP1_gi_429205966_ref_NZ_', 'Rhodobacter_sp_AKP1_gi_429207574_ref_NZ_', 'Rhodobacter_sp_AKP1_gi_429208745_ref_NZ_', 'Rhodobacter_sp_AKP1_gi_429206939_ref_NZ_', 'Rhodobacter_sp_AKP1_gi_429210005_ref_NZ_', 'Rhodobacter_sp_AKP1_gi_429207559_ref_NZ_', 'Rhodobacter_sp_AKP1_gi_429209464_ref_NZ_', 'Rhodobacter_sp_AKP1_gi_429207690_ref_NZ_', 'Rhodobacter_sp_AKP1_gi_429205584_ref_NZ_', 'Rhodobacter_sp_AKP1_gi_429208285_ref_NZ_', 'Rhodobacter_sp_AKP1_gi_429209015_ref_NZ_', 'Rhodobacter_sp_AKP1_gi_429206650_ref_NZ_', 'Rhodobacter_sp_AKP1_gi_429209961_ref_NZ_', 'Rhodobacter_sp_AKP1_gi_429206369_ref_NZ_', 'Rhodobacter_sp_AKP1_gi_429207945_ref_NZ_']
ERROR: Reference Rhodobacter_sp_AKP1_gi_429209391_ref_NZ_ does not have any alignments!  Check that this is the same file used for alignment.
ERROR: Alignment Reference Headers: ['Rhodobacter_sp_AKP1_gi_429209173_ref_NZ_', 'Rhodobacter_sp_AKP1_gi_429206792_ref_NZ_', 'Rhodobacter_sp_AKP1_gi_429206618_ref_NZ_', 'Rhodobacter_sp_AKP1_gi_429205966_ref_NZ_', 'Rhodobacter_sp_AKP1_gi_429207574_ref_NZ_', 'Rhodobacter_sp_AKP1_gi_429208745_ref_NZ_', 'Rhodobacter_sp_AKP1_gi_429206939_ref_NZ_', 'Rhodobacter_sp_AKP1_gi_429210005_ref_NZ_', 'Rhodobacter_sp_AKP1_gi_429207559_ref_NZ_', 'Rhodobacter_sp_AKP1_gi_429209464_ref_NZ_', 'Rhodobacter_sp_AKP1_gi_429207690_ref_NZ_', 'Rhodobacter_sp_AKP1_gi_429205584_ref_NZ_', 'Rhodobacter_sp_AKP1_gi_429208285_ref_NZ_', 'Rhodobacter_sp_AKP1_gi_429209015_ref_NZ_', 'Rhodobacter_sp_AKP1_gi_429206650_ref_NZ_', 'Rhodobacter_sp_AKP1_gi_429209961_ref_NZ_', 'Rhodobacter_sp_AKP1_gi_429206369_ref_NZ_', 'Rhodobacter_sp_AKP1_gi_429207945_ref_NZ_']
ERROR: Reference Rhodobacter_sp_AKP1_gi_429210056_ref_NZ_ does not have any alignments!  Check that this is the same file used for alignment.
ERROR: Alignment Reference Headers: ['Rhodobacter_sp_AKP1_gi_429209173_ref_NZ_', 'Rhodobacter_sp_AKP1_gi_429206792_ref_NZ_', 'Rhodobacter_sp_AKP1_gi_429206618_ref_NZ_', 'Rhodobacter_sp_AKP1_gi_429205966_ref_NZ_', 'Rhodobacter_sp_AKP1_gi_429207574_ref_NZ_', 'Rhodobacter_sp_AKP1_gi_429208745_ref_NZ_', 'Rhodobacter_sp_AKP1_gi_429206939_ref_NZ_', 'Rhodobacter_sp_AKP1_gi_429210005_ref_NZ_', 'Rhodobacter_sp_AKP1_gi_429207559_ref_NZ_', 'Rhodobacter_sp_AKP1_gi_429209464_ref_NZ_', 'Rhodobacter_sp_AKP1_gi_429207690_ref_NZ_', 'Rhodobacter_sp_AKP1_gi_429205584_ref_NZ_', 'Rhodobacter_sp_AKP1_gi_429208285_ref_NZ_', 'Rhodobacter_sp_AKP1_gi_429209015_ref_NZ_', 'Rhodobacter_sp_AKP1_gi_429206650_ref_NZ_', 'Rhodobacter_sp_AKP1_gi_429209961_ref_NZ_', 'Rhodobacter_sp_AKP1_gi_429206369_ref_NZ_', 'Rhodobacter_sp_AKP1_gi_429207945_ref_NZ_']
ERROR: Reference Rhodobacter_sp_AKP1_gi_429210104_ref_NZ_ does not have any alignments!  Check that this is the same file used for alignment.
ERROR: Alignment Reference Headers: ['Rhodobacter_sp_AKP1_gi_429209173_ref_NZ_', 'Rhodobacter_sp_AKP1_gi_429206792_ref_NZ_', 'Rhodobacter_sp_AKP1_gi_429206618_ref_NZ_', 'Rhodobacter_sp_AKP1_gi_429205966_ref_NZ_', 'Rhodobacter_sp_AKP1_gi_429207574_ref_NZ_', 'Rhodobacter_sp_AKP1_gi_429208745_ref_NZ_', 'Rhodobacter_sp_AKP1_gi_429206939_ref_NZ_', 'Rhodobacter_sp_AKP1_gi_429210005_ref_NZ_', 'Rhodobacter_sp_AKP1_gi_429207559_ref_NZ_', 'Rhodobacter_sp_AKP1_gi_429209464_ref_NZ_', 'Rhodobacter_sp_AKP1_gi_429207690_ref_NZ_', 'Rhodobacter_sp_AKP1_gi_429205584_ref_NZ_', 'Rhodobacter_sp_AKP1_gi_429208285_ref_NZ_', 'Rhodobacter_sp_AKP1_gi_429209015_ref_NZ_', 'Rhodobacter_sp_AKP1_gi_429206650_ref_NZ_', 'Rhodobacter_sp_AKP1_gi_429209961_ref_NZ_', 'Rhodobacter_sp_AKP1_gi_429206369_ref_NZ_', 'Rhodobacter_sp_AKP1_gi_429207945_ref_NZ_']
ERROR: Reference Rhodobacter_sp_AKP1_gi_429209979_ref_NZ_ does not have any alignments!  Check that this is the same file used for alignment.
ERROR: Alignment Reference Headers: ['Rhodobacter_sp_AKP1_gi_429209173_ref_NZ_', 'Rhodobacter_sp_AKP1_gi_429206792_ref_NZ_', 'Rhodobacter_sp_AKP1_gi_429206618_ref_NZ_', 'Rhodobacter_sp_AKP1_gi_429205966_ref_NZ_', 'Rhodobacter_sp_AKP1_gi_429207574_ref_NZ_', 'Rhodobacter_sp_AKP1_gi_429208745_ref_NZ_', 'Rhodobacter_sp_AKP1_gi_429206939_ref_NZ_', 'Rhodobacter_sp_AKP1_gi_429210005_ref_NZ_', 'Rhodobacter_sp_AKP1_gi_429207559_ref_NZ_', 'Rhodobacter_sp_AKP1_gi_429209464_ref_NZ_', 'Rhodobacter_sp_AKP1_gi_429207690_ref_NZ_', 'Rhodobacter_sp_AKP1_gi_429205584_ref_NZ_', 'Rhodobacter_sp_AKP1_gi_429208285_ref_NZ_', 'Rhodobacter_sp_AKP1_gi_429209015_ref_NZ_', 'Rhodobacter_sp_AKP1_gi_429206650_ref_NZ_', 'Rhodobacter_sp_AKP1_gi_429209961_ref_NZ_', 'Rhodobacter_sp_AKP1_gi_429206369_ref_NZ_', 'Rhodobacter_sp_AKP1_gi_429207945_ref_NZ_']
ERROR: Reference Rhodobacter_sp_AKP1_gi_429210081_ref_NZ_ does not have any alignments!  Check that this is the same file used for alignment.
ERROR: Alignment Reference Headers: ['Rhodobacter_sp_AKP1_gi_429209173_ref_NZ_', 'Rhodobacter_sp_AKP1_gi_429206792_ref_NZ_', 'Rhodobacter_sp_AKP1_gi_429206618_ref_NZ_', 'Rhodobacter_sp_AKP1_gi_429205966_ref_NZ_', 'Rhodobacter_sp_AKP1_gi_429207574_ref_NZ_', 'Rhodobacter_sp_AKP1_gi_429208745_ref_NZ_', 'Rhodobacter_sp_AKP1_gi_429206939_ref_NZ_', 'Rhodobacter_sp_AKP1_gi_429210005_ref_NZ_', 'Rhodobacter_sp_AKP1_gi_429207559_ref_NZ_', 'Rhodobacter_sp_AKP1_gi_429209464_ref_NZ_', 'Rhodobacter_sp_AKP1_gi_429207690_ref_NZ_', 'Rhodobacter_sp_AKP1_gi_429205584_ref_NZ_', 'Rhodobacter_sp_AKP1_gi_429208285_ref_NZ_', 'Rhodobacter_sp_AKP1_gi_429209015_ref_NZ_', 'Rhodobacter_sp_AKP1_gi_429206650_ref_NZ_', 'Rhodobacter_sp_AKP1_gi_429209961_ref_NZ_', 'Rhodobacter_sp_AKP1_gi_429206369_ref_NZ_', 'Rhodobacter_sp_AKP1_gi_429207945_ref_NZ_']
ERROR: Reference Rhodobacter_sp_AKP1_gi_429210069_ref_NZ_ does not have any alignments!  Check that this is the same file used for alignment.
ERROR: Alignment Reference Headers: ['Rhodobacter_sp_AKP1_gi_429209173_ref_NZ_', 'Rhodobacter_sp_AKP1_gi_429206792_ref_NZ_', 'Rhodobacter_sp_AKP1_gi_429206618_ref_NZ_', 'Rhodobacter_sp_AKP1_gi_429205966_ref_NZ_', 'Rhodobacter_sp_AKP1_gi_429207574_ref_NZ_', 'Rhodobacter_sp_AKP1_gi_429208745_ref_NZ_', 'Rhodobacter_sp_AKP1_gi_429206939_ref_NZ_', 'Rhodobacter_sp_AKP1_gi_429210005_ref_NZ_', 'Rhodobacter_sp_AKP1_gi_429207559_ref_NZ_', 'Rhodobacter_sp_AKP1_gi_429209464_ref_NZ_', 'Rhodobacter_sp_AKP1_gi_429207690_ref_NZ_', 'Rhodobacter_sp_AKP1_gi_429205584_ref_NZ_', 'Rhodobacter_sp_AKP1_gi_429208285_ref_NZ_', 'Rhodobacter_sp_AKP1_gi_429209015_ref_NZ_', 'Rhodobacter_sp_AKP1_gi_429206650_ref_NZ_', 'Rhodobacter_sp_AKP1_gi_429209961_ref_NZ_', 'Rhodobacter_sp_AKP1_gi_429206369_ref_NZ_', 'Rhodobacter_sp_AKP1_gi_429207945_ref_NZ_']
ERROR: Reference Rhodobacter_sp_AKP1_gi_429208694_ref_NZ_ does not have any alignments!  Check that this is the same file used for alignment.
ERROR: Alignment Reference Headers: ['Rhodobacter_sp_AKP1_gi_429209173_ref_NZ_', 'Rhodobacter_sp_AKP1_gi_429206792_ref_NZ_', 'Rhodobacter_sp_AKP1_gi_429206618_ref_NZ_', 'Rhodobacter_sp_AKP1_gi_429205966_ref_NZ_', 'Rhodobacter_sp_AKP1_gi_429207574_ref_NZ_', 'Rhodobacter_sp_AKP1_gi_429208745_ref_NZ_', 'Rhodobacter_sp_AKP1_gi_429206939_ref_NZ_', 'Rhodobacter_sp_AKP1_gi_429210005_ref_NZ_', 'Rhodobacter_sp_AKP1_gi_429207559_ref_NZ_', 'Rhodobacter_sp_AKP1_gi_429209464_ref_NZ_', 'Rhodobacter_sp_AKP1_gi_429207690_ref_NZ_', 'Rhodobacter_sp_AKP1_gi_429205584_ref_NZ_', 'Rhodobacter_sp_AKP1_gi_429208285_ref_NZ_', 'Rhodobacter_sp_AKP1_gi_429209015_ref_NZ_', 'Rhodobacter_sp_AKP1_gi_429206650_ref_NZ_', 'Rhodobacter_sp_AKP1_gi_429209961_ref_NZ_', 'Rhodobacter_sp_AKP1_gi_429206369_ref_NZ_', 'Rhodobacter_sp_AKP1_gi_429207945_ref_NZ_']
ERROR: Reference Rhodobacter_sp_AKP1_gi_429209127_ref_NZ_ does not have any alignments!  Check that this is the same file used for alignment.
ERROR: Alignment Reference Headers: ['Rhodobacter_sp_AKP1_gi_429209173_ref_NZ_', 'Rhodobacter_sp_AKP1_gi_429206792_ref_NZ_', 'Rhodobacter_sp_AKP1_gi_429206618_ref_NZ_', 'Rhodobacter_sp_AKP1_gi_429205966_ref_NZ_', 'Rhodobacter_sp_AKP1_gi_429207574_ref_NZ_', 'Rhodobacter_sp_AKP1_gi_429208745_ref_NZ_', 'Rhodobacter_sp_AKP1_gi_429206939_ref_NZ_', 'Rhodobacter_sp_AKP1_gi_429210005_ref_NZ_', 'Rhodobacter_sp_AKP1_gi_429207559_ref_NZ_', 'Rhodobacter_sp_AKP1_gi_429209464_ref_NZ_', 'Rhodobacter_sp_AKP1_gi_429207690_ref_NZ_', 'Rhodobacter_sp_AKP1_gi_429205584_ref_NZ_', 'Rhodobacter_sp_AKP1_gi_429208285_ref_NZ_', 'Rhodobacter_sp_AKP1_gi_429209015_ref_NZ_', 'Rhodobacter_sp_AKP1_gi_429206650_ref_NZ_', 'Rhodobacter_sp_AKP1_gi_429209961_ref_NZ_', 'Rhodobacter_sp_AKP1_gi_429206369_ref_NZ_', 'Rhodobacter_sp_AKP1_gi_429207945_ref_NZ_']
ERROR: Reference Rhodobacter_sp_AKP1_gi_429209904_ref_NZ_ does not have any alignments!  Check that this is the same file used for alignment.
ERROR: Alignment Reference Headers: ['Rhodobacter_sp_AKP1_gi_429209173_ref_NZ_', 'Rhodobacter_sp_AKP1_gi_429206792_ref_NZ_', 'Rhodobacter_sp_AKP1_gi_429206618_ref_NZ_', 'Rhodobacter_sp_AKP1_gi_429205966_ref_NZ_', 'Rhodobacter_sp_AKP1_gi_429207574_ref_NZ_', 'Rhodobacter_sp_AKP1_gi_429208745_ref_NZ_', 'Rhodobacter_sp_AKP1_gi_429206939_ref_NZ_', 'Rhodobacter_sp_AKP1_gi_429210005_ref_NZ_', 'Rhodobacter_sp_AKP1_gi_429207559_ref_NZ_', 'Rhodobacter_sp_AKP1_gi_429209464_ref_NZ_', 'Rhodobacter_sp_AKP1_gi_429207690_ref_NZ_', 'Rhodobacter_sp_AKP1_gi_429205584_ref_NZ_', 'Rhodobacter_sp_AKP1_gi_429208285_ref_NZ_', 'Rhodobacter_sp_AKP1_gi_429209015_ref_NZ_', 'Rhodobacter_sp_AKP1_gi_429206650_ref_NZ_', 'Rhodobacter_sp_AKP1_gi_429209961_ref_NZ_', 'Rhodobacter_sp_AKP1_gi_429206369_ref_NZ_', 'Rhodobacter_sp_AKP1_gi_429207945_ref_NZ_']
ERROR: Reference Rhodobacter_sp_AKP1_gi_429208693_ref_NZ_ does not have any alignments!  Check that this is the same file used for alignment.
ERROR: Alignment Reference Headers: ['Rhodobacter_sp_AKP1_gi_429209173_ref_NZ_', 'Rhodobacter_sp_AKP1_gi_429206792_ref_NZ_', 'Rhodobacter_sp_AKP1_gi_429206618_ref_NZ_', 'Rhodobacter_sp_AKP1_gi_429205966_ref_NZ_', 'Rhodobacter_sp_AKP1_gi_429207574_ref_NZ_', 'Rhodobacter_sp_AKP1_gi_429208745_ref_NZ_', 'Rhodobacter_sp_AKP1_gi_429206939_ref_NZ_', 'Rhodobacter_sp_AKP1_gi_429210005_ref_NZ_', 'Rhodobacter_sp_AKP1_gi_429207559_ref_NZ_', 'Rhodobacter_sp_AKP1_gi_429209464_ref_NZ_', 'Rhodobacter_sp_AKP1_gi_429207690_ref_NZ_', 'Rhodobacter_sp_AKP1_gi_429205584_ref_NZ_', 'Rhodobacter_sp_AKP1_gi_429208285_ref_NZ_', 'Rhodobacter_sp_AKP1_gi_429209015_ref_NZ_', 'Rhodobacter_sp_AKP1_gi_429206650_ref_NZ_', 'Rhodobacter_sp_AKP1_gi_429209961_ref_NZ_', 'Rhodobacter_sp_AKP1_gi_429206369_ref_NZ_', 'Rhodobacter_sp_AKP1_gi_429207945_ref_NZ_']
ERROR: Reference Rhodobacter_sp_AKP1_gi_429209390_ref_NZ_ does not have any alignments!  Check that this is the same file used for alignment.
ERROR: Alignment Reference Headers: ['Rhodobacter_sp_AKP1_gi_429209173_ref_NZ_', 'Rhodobacter_sp_AKP1_gi_429206792_ref_NZ_', 'Rhodobacter_sp_AKP1_gi_429206618_ref_NZ_', 'Rhodobacter_sp_AKP1_gi_429205966_ref_NZ_', 'Rhodobacter_sp_AKP1_gi_429207574_ref_NZ_', 'Rhodobacter_sp_AKP1_gi_429208745_ref_NZ_', 'Rhodobacter_sp_AKP1_gi_429206939_ref_NZ_', 'Rhodobacter_sp_AKP1_gi_429210005_ref_NZ_', 'Rhodobacter_sp_AKP1_gi_429207559_ref_NZ_', 'Rhodobacter_sp_AKP1_gi_429209464_ref_NZ_', 'Rhodobacter_sp_AKP1_gi_429207690_ref_NZ_', 'Rhodobacter_sp_AKP1_gi_429205584_ref_NZ_', 'Rhodobacter_sp_AKP1_gi_429208285_ref_NZ_', 'Rhodobacter_sp_AKP1_gi_429209015_ref_NZ_', 'Rhodobacter_sp_AKP1_gi_429206650_ref_NZ_', 'Rhodobacter_sp_AKP1_gi_429209961_ref_NZ_', 'Rhodobacter_sp_AKP1_gi_429206369_ref_NZ_', 'Rhodobacter_sp_AKP1_gi_429207945_ref_NZ_']
	Reference Rhodobacter_sp_AKP1_gi_429209464_ref_NZ_: 2 total alignments. 1 total regions.
		Region: 1 to 3247 (3247 bp)
			Align 1: 1 607 scaffold7794__5.0 603 1
				Gap between this and next alignment: 607 to 1625 (1017 bp)
				Next Alignment: 1625 2691 scaffold4725__4.5 1067 1

			Align 2: 1625 2691 scaffold4725__4.5 1067 1
			END in gap: 2691 to 3247 (556 bp)

ERROR: Reference Rhodobacter_sp_AKP1_gi_429210103_ref_NZ_ does not have any alignments!  Check that this is the same file used for alignment.
ERROR: Alignment Reference Headers: ['Rhodobacter_sp_AKP1_gi_429209173_ref_NZ_', 'Rhodobacter_sp_AKP1_gi_429206792_ref_NZ_', 'Rhodobacter_sp_AKP1_gi_429206618_ref_NZ_', 'Rhodobacter_sp_AKP1_gi_429205966_ref_NZ_', 'Rhodobacter_sp_AKP1_gi_429207574_ref_NZ_', 'Rhodobacter_sp_AKP1_gi_429208745_ref_NZ_', 'Rhodobacter_sp_AKP1_gi_429206939_ref_NZ_', 'Rhodobacter_sp_AKP1_gi_429210005_ref_NZ_', 'Rhodobacter_sp_AKP1_gi_429207559_ref_NZ_', 'Rhodobacter_sp_AKP1_gi_429209464_ref_NZ_', 'Rhodobacter_sp_AKP1_gi_429207690_ref_NZ_', 'Rhodobacter_sp_AKP1_gi_429205584_ref_NZ_', 'Rhodobacter_sp_AKP1_gi_429208285_ref_NZ_', 'Rhodobacter_sp_AKP1_gi_429209015_ref_NZ_', 'Rhodobacter_sp_AKP1_gi_429206650_ref_NZ_', 'Rhodobacter_sp_AKP1_gi_429209961_ref_NZ_', 'Rhodobacter_sp_AKP1_gi_429206369_ref_NZ_', 'Rhodobacter_sp_AKP1_gi_429207945_ref_NZ_']
ERROR: Reference Rhodobacter_sp_AKP1_gi_429210092_ref_NZ_ does not have any alignments!  Check that this is the same file used for alignment.
ERROR: Alignment Reference Headers: ['Rhodobacter_sp_AKP1_gi_429209173_ref_NZ_', 'Rhodobacter_sp_AKP1_gi_429206792_ref_NZ_', 'Rhodobacter_sp_AKP1_gi_429206618_ref_NZ_', 'Rhodobacter_sp_AKP1_gi_429205966_ref_NZ_', 'Rhodobacter_sp_AKP1_gi_429207574_ref_NZ_', 'Rhodobacter_sp_AKP1_gi_429208745_ref_NZ_', 'Rhodobacter_sp_AKP1_gi_429206939_ref_NZ_', 'Rhodobacter_sp_AKP1_gi_429210005_ref_NZ_', 'Rhodobacter_sp_AKP1_gi_429207559_ref_NZ_', 'Rhodobacter_sp_AKP1_gi_429209464_ref_NZ_', 'Rhodobacter_sp_AKP1_gi_429207690_ref_NZ_', 'Rhodobacter_sp_AKP1_gi_429205584_ref_NZ_', 'Rhodobacter_sp_AKP1_gi_429208285_ref_NZ_', 'Rhodobacter_sp_AKP1_gi_429209015_ref_NZ_', 'Rhodobacter_sp_AKP1_gi_429206650_ref_NZ_', 'Rhodobacter_sp_AKP1_gi_429209961_ref_NZ_', 'Rhodobacter_sp_AKP1_gi_429206369_ref_NZ_', 'Rhodobacter_sp_AKP1_gi_429207945_ref_NZ_']
ERROR: Reference Rhodobacter_sp_AKP1_gi_429208572_ref_NZ_ does not have any alignments!  Check that this is the same file used for alignment.
ERROR: Alignment Reference Headers: ['Rhodobacter_sp_AKP1_gi_429209173_ref_NZ_', 'Rhodobacter_sp_AKP1_gi_429206792_ref_NZ_', 'Rhodobacter_sp_AKP1_gi_429206618_ref_NZ_', 'Rhodobacter_sp_AKP1_gi_429205966_ref_NZ_', 'Rhodobacter_sp_AKP1_gi_429207574_ref_NZ_', 'Rhodobacter_sp_AKP1_gi_429208745_ref_NZ_', 'Rhodobacter_sp_AKP1_gi_429206939_ref_NZ_', 'Rhodobacter_sp_AKP1_gi_429210005_ref_NZ_', 'Rhodobacter_sp_AKP1_gi_429207559_ref_NZ_', 'Rhodobacter_sp_AKP1_gi_429209464_ref_NZ_', 'Rhodobacter_sp_AKP1_gi_429207690_ref_NZ_', 'Rhodobacter_sp_AKP1_gi_429205584_ref_NZ_', 'Rhodobacter_sp_AKP1_gi_429208285_ref_NZ_', 'Rhodobacter_sp_AKP1_gi_429209015_ref_NZ_', 'Rhodobacter_sp_AKP1_gi_429206650_ref_NZ_', 'Rhodobacter_sp_AKP1_gi_429209961_ref_NZ_', 'Rhodobacter_sp_AKP1_gi_429206369_ref_NZ_', 'Rhodobacter_sp_AKP1_gi_429207945_ref_NZ_']
ERROR: Reference Rhodobacter_sp_AKP1_gi_429210002_ref_NZ_ does not have any alignments!  Check that this is the same file used for alignment.
ERROR: Alignment Reference Headers: ['Rhodobacter_sp_AKP1_gi_429209173_ref_NZ_', 'Rhodobacter_sp_AKP1_gi_429206792_ref_NZ_', 'Rhodobacter_sp_AKP1_gi_429206618_ref_NZ_', 'Rhodobacter_sp_AKP1_gi_429205966_ref_NZ_', 'Rhodobacter_sp_AKP1_gi_429207574_ref_NZ_', 'Rhodobacter_sp_AKP1_gi_429208745_ref_NZ_', 'Rhodobacter_sp_AKP1_gi_429206939_ref_NZ_', 'Rhodobacter_sp_AKP1_gi_429210005_ref_NZ_', 'Rhodobacter_sp_AKP1_gi_429207559_ref_NZ_', 'Rhodobacter_sp_AKP1_gi_429209464_ref_NZ_', 'Rhodobacter_sp_AKP1_gi_429207690_ref_NZ_', 'Rhodobacter_sp_AKP1_gi_429205584_ref_NZ_', 'Rhodobacter_sp_AKP1_gi_429208285_ref_NZ_', 'Rhodobacter_sp_AKP1_gi_429209015_ref_NZ_', 'Rhodobacter_sp_AKP1_gi_429206650_ref_NZ_', 'Rhodobacter_sp_AKP1_gi_429209961_ref_NZ_', 'Rhodobacter_sp_AKP1_gi_429206369_ref_NZ_', 'Rhodobacter_sp_AKP1_gi_429207945_ref_NZ_']
	Reference Rhodobacter_sp_AKP1_gi_429209961_ref_NZ_: 2 total alignments. 1 total regions.
		Region: 1 to 2314 (2314 bp)
			START in gap: 1 to 142 (141 bp)
			Align 1: 142 218 scaffold7794__5.0 738 814
				Gap between this and next alignment: 218 to 1069 (850 bp)
				Next Alignment: 1069 1784 scaffold3019__5.0 716 1

			Align 2: 1069 1784 scaffold3019__5.0 716 1
			END in gap: 1784 to 2314 (530 bp)

ERROR: Reference Rhodobacter_sp_AKP1_gi_429206935_ref_NZ_ does not have any alignments!  Check that this is the same file used for alignment.
ERROR: Alignment Reference Headers: ['Rhodobacter_sp_AKP1_gi_429209173_ref_NZ_', 'Rhodobacter_sp_AKP1_gi_429206792_ref_NZ_', 'Rhodobacter_sp_AKP1_gi_429206618_ref_NZ_', 'Rhodobacter_sp_AKP1_gi_429205966_ref_NZ_', 'Rhodobacter_sp_AKP1_gi_429207574_ref_NZ_', 'Rhodobacter_sp_AKP1_gi_429208745_ref_NZ_', 'Rhodobacter_sp_AKP1_gi_429206939_ref_NZ_', 'Rhodobacter_sp_AKP1_gi_429210005_ref_NZ_', 'Rhodobacter_sp_AKP1_gi_429207559_ref_NZ_', 'Rhodobacter_sp_AKP1_gi_429209464_ref_NZ_', 'Rhodobacter_sp_AKP1_gi_429207690_ref_NZ_', 'Rhodobacter_sp_AKP1_gi_429205584_ref_NZ_', 'Rhodobacter_sp_AKP1_gi_429208285_ref_NZ_', 'Rhodobacter_sp_AKP1_gi_429209015_ref_NZ_', 'Rhodobacter_sp_AKP1_gi_429206650_ref_NZ_', 'Rhodobacter_sp_AKP1_gi_429209961_ref_NZ_', 'Rhodobacter_sp_AKP1_gi_429206369_ref_NZ_', 'Rhodobacter_sp_AKP1_gi_429207945_ref_NZ_']
ERROR: Reference Rhodobacter_sp_AKP1_gi_429209701_ref_NZ_ does not have any alignments!  Check that this is the same file used for alignment.
ERROR: Alignment Reference Headers: ['Rhodobacter_sp_AKP1_gi_429209173_ref_NZ_', 'Rhodobacter_sp_AKP1_gi_429206792_ref_NZ_', 'Rhodobacter_sp_AKP1_gi_429206618_ref_NZ_', 'Rhodobacter_sp_AKP1_gi_429205966_ref_NZ_', 'Rhodobacter_sp_AKP1_gi_429207574_ref_NZ_', 'Rhodobacter_sp_AKP1_gi_429208745_ref_NZ_', 'Rhodobacter_sp_AKP1_gi_429206939_ref_NZ_', 'Rhodobacter_sp_AKP1_gi_429210005_ref_NZ_', 'Rhodobacter_sp_AKP1_gi_429207559_ref_NZ_', 'Rhodobacter_sp_AKP1_gi_429209464_ref_NZ_', 'Rhodobacter_sp_AKP1_gi_429207690_ref_NZ_', 'Rhodobacter_sp_AKP1_gi_429205584_ref_NZ_', 'Rhodobacter_sp_AKP1_gi_429208285_ref_NZ_', 'Rhodobacter_sp_AKP1_gi_429209015_ref_NZ_', 'Rhodobacter_sp_AKP1_gi_429206650_ref_NZ_', 'Rhodobacter_sp_AKP1_gi_429209961_ref_NZ_', 'Rhodobacter_sp_AKP1_gi_429206369_ref_NZ_', 'Rhodobacter_sp_AKP1_gi_429207945_ref_NZ_']
ERROR: Reference Rhodobacter_sp_AKP1_gi_429210091_ref_NZ_ does not have any alignments!  Check that this is the same file used for alignment.
ERROR: Alignment Reference Headers: ['Rhodobacter_sp_AKP1_gi_429209173_ref_NZ_', 'Rhodobacter_sp_AKP1_gi_429206792_ref_NZ_', 'Rhodobacter_sp_AKP1_gi_429206618_ref_NZ_', 'Rhodobacter_sp_AKP1_gi_429205966_ref_NZ_', 'Rhodobacter_sp_AKP1_gi_429207574_ref_NZ_', 'Rhodobacter_sp_AKP1_gi_429208745_ref_NZ_', 'Rhodobacter_sp_AKP1_gi_429206939_ref_NZ_', 'Rhodobacter_sp_AKP1_gi_429210005_ref_NZ_', 'Rhodobacter_sp_AKP1_gi_429207559_ref_NZ_', 'Rhodobacter_sp_AKP1_gi_429209464_ref_NZ_', 'Rhodobacter_sp_AKP1_gi_429207690_ref_NZ_', 'Rhodobacter_sp_AKP1_gi_429205584_ref_NZ_', 'Rhodobacter_sp_AKP1_gi_429208285_ref_NZ_', 'Rhodobacter_sp_AKP1_gi_429209015_ref_NZ_', 'Rhodobacter_sp_AKP1_gi_429206650_ref_NZ_', 'Rhodobacter_sp_AKP1_gi_429209961_ref_NZ_', 'Rhodobacter_sp_AKP1_gi_429206369_ref_NZ_', 'Rhodobacter_sp_AKP1_gi_429207945_ref_NZ_']
ERROR: Reference Rhodobacter_sp_AKP1_gi_429210028_ref_NZ_ does not have any alignments!  Check that this is the same file used for alignment.
ERROR: Alignment Reference Headers: ['Rhodobacter_sp_AKP1_gi_429209173_ref_NZ_', 'Rhodobacter_sp_AKP1_gi_429206792_ref_NZ_', 'Rhodobacter_sp_AKP1_gi_429206618_ref_NZ_', 'Rhodobacter_sp_AKP1_gi_429205966_ref_NZ_', 'Rhodobacter_sp_AKP1_gi_429207574_ref_NZ_', 'Rhodobacter_sp_AKP1_gi_429208745_ref_NZ_', 'Rhodobacter_sp_AKP1_gi_429206939_ref_NZ_', 'Rhodobacter_sp_AKP1_gi_429210005_ref_NZ_', 'Rhodobacter_sp_AKP1_gi_429207559_ref_NZ_', 'Rhodobacter_sp_AKP1_gi_429209464_ref_NZ_', 'Rhodobacter_sp_AKP1_gi_429207690_ref_NZ_', 'Rhodobacter_sp_AKP1_gi_429205584_ref_NZ_', 'Rhodobacter_sp_AKP1_gi_429208285_ref_NZ_', 'Rhodobacter_sp_AKP1_gi_429209015_ref_NZ_', 'Rhodobacter_sp_AKP1_gi_429206650_ref_NZ_', 'Rhodobacter_sp_AKP1_gi_429209961_ref_NZ_', 'Rhodobacter_sp_AKP1_gi_429206369_ref_NZ_', 'Rhodobacter_sp_AKP1_gi_429207945_ref_NZ_']
ERROR: Reference Rhodobacter_sp_AKP1_gi_429210102_ref_NZ_ does not have any alignments!  Check that this is the same file used for alignment.
ERROR: Alignment Reference Headers: ['Rhodobacter_sp_AKP1_gi_429209173_ref_NZ_', 'Rhodobacter_sp_AKP1_gi_429206792_ref_NZ_', 'Rhodobacter_sp_AKP1_gi_429206618_ref_NZ_', 'Rhodobacter_sp_AKP1_gi_429205966_ref_NZ_', 'Rhodobacter_sp_AKP1_gi_429207574_ref_NZ_', 'Rhodobacter_sp_AKP1_gi_429208745_ref_NZ_', 'Rhodobacter_sp_AKP1_gi_429206939_ref_NZ_', 'Rhodobacter_sp_AKP1_gi_429210005_ref_NZ_', 'Rhodobacter_sp_AKP1_gi_429207559_ref_NZ_', 'Rhodobacter_sp_AKP1_gi_429209464_ref_NZ_', 'Rhodobacter_sp_AKP1_gi_429207690_ref_NZ_', 'Rhodobacter_sp_AKP1_gi_429205584_ref_NZ_', 'Rhodobacter_sp_AKP1_gi_429208285_ref_NZ_', 'Rhodobacter_sp_AKP1_gi_429209015_ref_NZ_', 'Rhodobacter_sp_AKP1_gi_429206650_ref_NZ_', 'Rhodobacter_sp_AKP1_gi_429209961_ref_NZ_', 'Rhodobacter_sp_AKP1_gi_429206369_ref_NZ_', 'Rhodobacter_sp_AKP1_gi_429207945_ref_NZ_']
	Reference Rhodobacter_sp_AKP1_gi_429209173_ref_NZ_: 1 total alignments. 1 total regions.
		Region: 1 to 225326 (225326 bp)
			START in gap: 1 to 185281 (185280 bp)
			Align 1: 185281 185886 C8227007__2.0 1 606
			END in gap: 185886 to 225326 (39440 bp)

ERROR: Reference Rhodobacter_sp_AKP1_gi_429208551_ref_NZ_ does not have any alignments!  Check that this is the same file used for alignment.
ERROR: Alignment Reference Headers: ['Rhodobacter_sp_AKP1_gi_429209173_ref_NZ_', 'Rhodobacter_sp_AKP1_gi_429206792_ref_NZ_', 'Rhodobacter_sp_AKP1_gi_429206618_ref_NZ_', 'Rhodobacter_sp_AKP1_gi_429205966_ref_NZ_', 'Rhodobacter_sp_AKP1_gi_429207574_ref_NZ_', 'Rhodobacter_sp_AKP1_gi_429208745_ref_NZ_', 'Rhodobacter_sp_AKP1_gi_429206939_ref_NZ_', 'Rhodobacter_sp_AKP1_gi_429210005_ref_NZ_', 'Rhodobacter_sp_AKP1_gi_429207559_ref_NZ_', 'Rhodobacter_sp_AKP1_gi_429209464_ref_NZ_', 'Rhodobacter_sp_AKP1_gi_429207690_ref_NZ_', 'Rhodobacter_sp_AKP1_gi_429205584_ref_NZ_', 'Rhodobacter_sp_AKP1_gi_429208285_ref_NZ_', 'Rhodobacter_sp_AKP1_gi_429209015_ref_NZ_', 'Rhodobacter_sp_AKP1_gi_429206650_ref_NZ_', 'Rhodobacter_sp_AKP1_gi_429209961_ref_NZ_', 'Rhodobacter_sp_AKP1_gi_429206369_ref_NZ_', 'Rhodobacter_sp_AKP1_gi_429207945_ref_NZ_']
	Reference Rhodobacter_sp_AKP1_gi_429209015_ref_NZ_: 1 total alignments. 1 total regions.
		Region: 1 to 140980 (140980 bp)
			START in gap: 1 to 99379 (99378 bp)
			Align 1: 99379 99954 C8223883__1.0 576 1
			END in gap: 99954 to 140980 (41026 bp)

ERROR: Reference Rhodobacter_sp_AKP1_gi_429209784_ref_NZ_ does not have any alignments!  Check that this is the same file used for alignment.
ERROR: Alignment Reference Headers: ['Rhodobacter_sp_AKP1_gi_429209173_ref_NZ_', 'Rhodobacter_sp_AKP1_gi_429206792_ref_NZ_', 'Rhodobacter_sp_AKP1_gi_429206618_ref_NZ_', 'Rhodobacter_sp_AKP1_gi_429205966_ref_NZ_', 'Rhodobacter_sp_AKP1_gi_429207574_ref_NZ_', 'Rhodobacter_sp_AKP1_gi_429208745_ref_NZ_', 'Rhodobacter_sp_AKP1_gi_429206939_ref_NZ_', 'Rhodobacter_sp_AKP1_gi_429210005_ref_NZ_', 'Rhodobacter_sp_AKP1_gi_429207559_ref_NZ_', 'Rhodobacter_sp_AKP1_gi_429209464_ref_NZ_', 'Rhodobacter_sp_AKP1_gi_429207690_ref_NZ_', 'Rhodobacter_sp_AKP1_gi_429205584_ref_NZ_', 'Rhodobacter_sp_AKP1_gi_429208285_ref_NZ_', 'Rhodobacter_sp_AKP1_gi_429209015_ref_NZ_', 'Rhodobacter_sp_AKP1_gi_429206650_ref_NZ_', 'Rhodobacter_sp_AKP1_gi_429209961_ref_NZ_', 'Rhodobacter_sp_AKP1_gi_429206369_ref_NZ_', 'Rhodobacter_sp_AKP1_gi_429207945_ref_NZ_']
ERROR: Reference Rhodobacter_sp_AKP1_gi_429209517_ref_NZ_ does not have any alignments!  Check that this is the same file used for alignment.
ERROR: Alignment Reference Headers: ['Rhodobacter_sp_AKP1_gi_429209173_ref_NZ_', 'Rhodobacter_sp_AKP1_gi_429206792_ref_NZ_', 'Rhodobacter_sp_AKP1_gi_429206618_ref_NZ_', 'Rhodobacter_sp_AKP1_gi_429205966_ref_NZ_', 'Rhodobacter_sp_AKP1_gi_429207574_ref_NZ_', 'Rhodobacter_sp_AKP1_gi_429208745_ref_NZ_', 'Rhodobacter_sp_AKP1_gi_429206939_ref_NZ_', 'Rhodobacter_sp_AKP1_gi_429210005_ref_NZ_', 'Rhodobacter_sp_AKP1_gi_429207559_ref_NZ_', 'Rhodobacter_sp_AKP1_gi_429209464_ref_NZ_', 'Rhodobacter_sp_AKP1_gi_429207690_ref_NZ_', 'Rhodobacter_sp_AKP1_gi_429205584_ref_NZ_', 'Rhodobacter_sp_AKP1_gi_429208285_ref_NZ_', 'Rhodobacter_sp_AKP1_gi_429209015_ref_NZ_', 'Rhodobacter_sp_AKP1_gi_429206650_ref_NZ_', 'Rhodobacter_sp_AKP1_gi_429209961_ref_NZ_', 'Rhodobacter_sp_AKP1_gi_429206369_ref_NZ_', 'Rhodobacter_sp_AKP1_gi_429207945_ref_NZ_']
ERROR: Reference Rhodobacter_sp_AKP1_gi_429210068_ref_NZ_ does not have any alignments!  Check that this is the same file used for alignment.
ERROR: Alignment Reference Headers: ['Rhodobacter_sp_AKP1_gi_429209173_ref_NZ_', 'Rhodobacter_sp_AKP1_gi_429206792_ref_NZ_', 'Rhodobacter_sp_AKP1_gi_429206618_ref_NZ_', 'Rhodobacter_sp_AKP1_gi_429205966_ref_NZ_', 'Rhodobacter_sp_AKP1_gi_429207574_ref_NZ_', 'Rhodobacter_sp_AKP1_gi_429208745_ref_NZ_', 'Rhodobacter_sp_AKP1_gi_429206939_ref_NZ_', 'Rhodobacter_sp_AKP1_gi_429210005_ref_NZ_', 'Rhodobacter_sp_AKP1_gi_429207559_ref_NZ_', 'Rhodobacter_sp_AKP1_gi_429209464_ref_NZ_', 'Rhodobacter_sp_AKP1_gi_429207690_ref_NZ_', 'Rhodobacter_sp_AKP1_gi_429205584_ref_NZ_', 'Rhodobacter_sp_AKP1_gi_429208285_ref_NZ_', 'Rhodobacter_sp_AKP1_gi_429209015_ref_NZ_', 'Rhodobacter_sp_AKP1_gi_429206650_ref_NZ_', 'Rhodobacter_sp_AKP1_gi_429209961_ref_NZ_', 'Rhodobacter_sp_AKP1_gi_429206369_ref_NZ_', 'Rhodobacter_sp_AKP1_gi_429207945_ref_NZ_']
	Reference Rhodobacter_sp_AKP1_gi_429205966_ref_NZ_: 2 total alignments. 1 total regions.
		Region: 1 to 372636 (372636 bp)
			START in gap: 1 to 166849 (166848 bp)
			Align 1: 166849 167390 C8219255__1.0 1 542
				Gap between this and next alignment: 167390 to 195535 (28144 bp)
				Next Alignment: 195535 196038 C8213671__1.0 1 504

			Align 2: 195535 196038 C8213671__1.0 1 504
			END in gap: 196038 to 372636 (176598 bp)

ERROR: Reference Rhodobacter_sp_AKP1_gi_429210097_ref_NZ_ does not have any alignments!  Check that this is the same file used for alignment.
ERROR: Alignment Reference Headers: ['Rhodobacter_sp_AKP1_gi_429209173_ref_NZ_', 'Rhodobacter_sp_AKP1_gi_429206792_ref_NZ_', 'Rhodobacter_sp_AKP1_gi_429206618_ref_NZ_', 'Rhodobacter_sp_AKP1_gi_429205966_ref_NZ_', 'Rhodobacter_sp_AKP1_gi_429207574_ref_NZ_', 'Rhodobacter_sp_AKP1_gi_429208745_ref_NZ_', 'Rhodobacter_sp_AKP1_gi_429206939_ref_NZ_', 'Rhodobacter_sp_AKP1_gi_429210005_ref_NZ_', 'Rhodobacter_sp_AKP1_gi_429207559_ref_NZ_', 'Rhodobacter_sp_AKP1_gi_429209464_ref_NZ_', 'Rhodobacter_sp_AKP1_gi_429207690_ref_NZ_', 'Rhodobacter_sp_AKP1_gi_429205584_ref_NZ_', 'Rhodobacter_sp_AKP1_gi_429208285_ref_NZ_', 'Rhodobacter_sp_AKP1_gi_429209015_ref_NZ_', 'Rhodobacter_sp_AKP1_gi_429206650_ref_NZ_', 'Rhodobacter_sp_AKP1_gi_429209961_ref_NZ_', 'Rhodobacter_sp_AKP1_gi_429206369_ref_NZ_', 'Rhodobacter_sp_AKP1_gi_429207945_ref_NZ_']
ERROR: Reference Rhodobacter_sp_AKP1_gi_429209898_ref_NZ_ does not have any alignments!  Check that this is the same file used for alignment.
ERROR: Alignment Reference Headers: ['Rhodobacter_sp_AKP1_gi_429209173_ref_NZ_', 'Rhodobacter_sp_AKP1_gi_429206792_ref_NZ_', 'Rhodobacter_sp_AKP1_gi_429206618_ref_NZ_', 'Rhodobacter_sp_AKP1_gi_429205966_ref_NZ_', 'Rhodobacter_sp_AKP1_gi_429207574_ref_NZ_', 'Rhodobacter_sp_AKP1_gi_429208745_ref_NZ_', 'Rhodobacter_sp_AKP1_gi_429206939_ref_NZ_', 'Rhodobacter_sp_AKP1_gi_429210005_ref_NZ_', 'Rhodobacter_sp_AKP1_gi_429207559_ref_NZ_', 'Rhodobacter_sp_AKP1_gi_429209464_ref_NZ_', 'Rhodobacter_sp_AKP1_gi_429207690_ref_NZ_', 'Rhodobacter_sp_AKP1_gi_429205584_ref_NZ_', 'Rhodobacter_sp_AKP1_gi_429208285_ref_NZ_', 'Rhodobacter_sp_AKP1_gi_429209015_ref_NZ_', 'Rhodobacter_sp_AKP1_gi_429206650_ref_NZ_', 'Rhodobacter_sp_AKP1_gi_429209961_ref_NZ_', 'Rhodobacter_sp_AKP1_gi_429206369_ref_NZ_', 'Rhodobacter_sp_AKP1_gi_429207945_ref_NZ_']
ERROR: Reference Rhodobacter_sp_AKP1_gi_429205926_ref_NZ_ does not have any alignments!  Check that this is the same file used for alignment.
ERROR: Alignment Reference Headers: ['Rhodobacter_sp_AKP1_gi_429209173_ref_NZ_', 'Rhodobacter_sp_AKP1_gi_429206792_ref_NZ_', 'Rhodobacter_sp_AKP1_gi_429206618_ref_NZ_', 'Rhodobacter_sp_AKP1_gi_429205966_ref_NZ_', 'Rhodobacter_sp_AKP1_gi_429207574_ref_NZ_', 'Rhodobacter_sp_AKP1_gi_429208745_ref_NZ_', 'Rhodobacter_sp_AKP1_gi_429206939_ref_NZ_', 'Rhodobacter_sp_AKP1_gi_429210005_ref_NZ_', 'Rhodobacter_sp_AKP1_gi_429207559_ref_NZ_', 'Rhodobacter_sp_AKP1_gi_429209464_ref_NZ_', 'Rhodobacter_sp_AKP1_gi_429207690_ref_NZ_', 'Rhodobacter_sp_AKP1_gi_429205584_ref_NZ_', 'Rhodobacter_sp_AKP1_gi_429208285_ref_NZ_', 'Rhodobacter_sp_AKP1_gi_429209015_ref_NZ_', 'Rhodobacter_sp_AKP1_gi_429206650_ref_NZ_', 'Rhodobacter_sp_AKP1_gi_429209961_ref_NZ_', 'Rhodobacter_sp_AKP1_gi_429206369_ref_NZ_', 'Rhodobacter_sp_AKP1_gi_429207945_ref_NZ_']
ERROR: Reference Rhodobacter_sp_AKP1_gi_429209955_ref_NZ_ does not have any alignments!  Check that this is the same file used for alignment.
ERROR: Alignment Reference Headers: ['Rhodobacter_sp_AKP1_gi_429209173_ref_NZ_', 'Rhodobacter_sp_AKP1_gi_429206792_ref_NZ_', 'Rhodobacter_sp_AKP1_gi_429206618_ref_NZ_', 'Rhodobacter_sp_AKP1_gi_429205966_ref_NZ_', 'Rhodobacter_sp_AKP1_gi_429207574_ref_NZ_', 'Rhodobacter_sp_AKP1_gi_429208745_ref_NZ_', 'Rhodobacter_sp_AKP1_gi_429206939_ref_NZ_', 'Rhodobacter_sp_AKP1_gi_429210005_ref_NZ_', 'Rhodobacter_sp_AKP1_gi_429207559_ref_NZ_', 'Rhodobacter_sp_AKP1_gi_429209464_ref_NZ_', 'Rhodobacter_sp_AKP1_gi_429207690_ref_NZ_', 'Rhodobacter_sp_AKP1_gi_429205584_ref_NZ_', 'Rhodobacter_sp_AKP1_gi_429208285_ref_NZ_', 'Rhodobacter_sp_AKP1_gi_429209015_ref_NZ_', 'Rhodobacter_sp_AKP1_gi_429206650_ref_NZ_', 'Rhodobacter_sp_AKP1_gi_429209961_ref_NZ_', 'Rhodobacter_sp_AKP1_gi_429206369_ref_NZ_', 'Rhodobacter_sp_AKP1_gi_429207945_ref_NZ_']
ERROR: Reference Rhodobacter_sp_AKP1_gi_429210038_ref_NZ_ does not have any alignments!  Check that this is the same file used for alignment.
ERROR: Alignment Reference Headers: ['Rhodobacter_sp_AKP1_gi_429209173_ref_NZ_', 'Rhodobacter_sp_AKP1_gi_429206792_ref_NZ_', 'Rhodobacter_sp_AKP1_gi_429206618_ref_NZ_', 'Rhodobacter_sp_AKP1_gi_429205966_ref_NZ_', 'Rhodobacter_sp_AKP1_gi_429207574_ref_NZ_', 'Rhodobacter_sp_AKP1_gi_429208745_ref_NZ_', 'Rhodobacter_sp_AKP1_gi_429206939_ref_NZ_', 'Rhodobacter_sp_AKP1_gi_429210005_ref_NZ_', 'Rhodobacter_sp_AKP1_gi_429207559_ref_NZ_', 'Rhodobacter_sp_AKP1_gi_429209464_ref_NZ_', 'Rhodobacter_sp_AKP1_gi_429207690_ref_NZ_', 'Rhodobacter_sp_AKP1_gi_429205584_ref_NZ_', 'Rhodobacter_sp_AKP1_gi_429208285_ref_NZ_', 'Rhodobacter_sp_AKP1_gi_429209015_ref_NZ_', 'Rhodobacter_sp_AKP1_gi_429206650_ref_NZ_', 'Rhodobacter_sp_AKP1_gi_429209961_ref_NZ_', 'Rhodobacter_sp_AKP1_gi_429206369_ref_NZ_', 'Rhodobacter_sp_AKP1_gi_429207945_ref_NZ_']
ERROR: Reference Rhodobacter_sp_AKP1_gi_429209897_ref_NZ_ does not have any alignments!  Check that this is the same file used for alignment.
ERROR: Alignment Reference Headers: ['Rhodobacter_sp_AKP1_gi_429209173_ref_NZ_', 'Rhodobacter_sp_AKP1_gi_429206792_ref_NZ_', 'Rhodobacter_sp_AKP1_gi_429206618_ref_NZ_', 'Rhodobacter_sp_AKP1_gi_429205966_ref_NZ_', 'Rhodobacter_sp_AKP1_gi_429207574_ref_NZ_', 'Rhodobacter_sp_AKP1_gi_429208745_ref_NZ_', 'Rhodobacter_sp_AKP1_gi_429206939_ref_NZ_', 'Rhodobacter_sp_AKP1_gi_429210005_ref_NZ_', 'Rhodobacter_sp_AKP1_gi_429207559_ref_NZ_', 'Rhodobacter_sp_AKP1_gi_429209464_ref_NZ_', 'Rhodobacter_sp_AKP1_gi_429207690_ref_NZ_', 'Rhodobacter_sp_AKP1_gi_429205584_ref_NZ_', 'Rhodobacter_sp_AKP1_gi_429208285_ref_NZ_', 'Rhodobacter_sp_AKP1_gi_429209015_ref_NZ_', 'Rhodobacter_sp_AKP1_gi_429206650_ref_NZ_', 'Rhodobacter_sp_AKP1_gi_429209961_ref_NZ_', 'Rhodobacter_sp_AKP1_gi_429206369_ref_NZ_', 'Rhodobacter_sp_AKP1_gi_429207945_ref_NZ_']
ERROR: Reference Rhodobacter_sp_AKP1_gi_429209623_ref_NZ_ does not have any alignments!  Check that this is the same file used for alignment.
ERROR: Alignment Reference Headers: ['Rhodobacter_sp_AKP1_gi_429209173_ref_NZ_', 'Rhodobacter_sp_AKP1_gi_429206792_ref_NZ_', 'Rhodobacter_sp_AKP1_gi_429206618_ref_NZ_', 'Rhodobacter_sp_AKP1_gi_429205966_ref_NZ_', 'Rhodobacter_sp_AKP1_gi_429207574_ref_NZ_', 'Rhodobacter_sp_AKP1_gi_429208745_ref_NZ_', 'Rhodobacter_sp_AKP1_gi_429206939_ref_NZ_', 'Rhodobacter_sp_AKP1_gi_429210005_ref_NZ_', 'Rhodobacter_sp_AKP1_gi_429207559_ref_NZ_', 'Rhodobacter_sp_AKP1_gi_429209464_ref_NZ_', 'Rhodobacter_sp_AKP1_gi_429207690_ref_NZ_', 'Rhodobacter_sp_AKP1_gi_429205584_ref_NZ_', 'Rhodobacter_sp_AKP1_gi_429208285_ref_NZ_', 'Rhodobacter_sp_AKP1_gi_429209015_ref_NZ_', 'Rhodobacter_sp_AKP1_gi_429206650_ref_NZ_', 'Rhodobacter_sp_AKP1_gi_429209961_ref_NZ_', 'Rhodobacter_sp_AKP1_gi_429206369_ref_NZ_', 'Rhodobacter_sp_AKP1_gi_429207945_ref_NZ_']
ERROR: Reference Rhodobacter_sp_AKP1_gi_429210100_ref_NZ_ does not have any alignments!  Check that this is the same file used for alignment.
ERROR: Alignment Reference Headers: ['Rhodobacter_sp_AKP1_gi_429209173_ref_NZ_', 'Rhodobacter_sp_AKP1_gi_429206792_ref_NZ_', 'Rhodobacter_sp_AKP1_gi_429206618_ref_NZ_', 'Rhodobacter_sp_AKP1_gi_429205966_ref_NZ_', 'Rhodobacter_sp_AKP1_gi_429207574_ref_NZ_', 'Rhodobacter_sp_AKP1_gi_429208745_ref_NZ_', 'Rhodobacter_sp_AKP1_gi_429206939_ref_NZ_', 'Rhodobacter_sp_AKP1_gi_429210005_ref_NZ_', 'Rhodobacter_sp_AKP1_gi_429207559_ref_NZ_', 'Rhodobacter_sp_AKP1_gi_429209464_ref_NZ_', 'Rhodobacter_sp_AKP1_gi_429207690_ref_NZ_', 'Rhodobacter_sp_AKP1_gi_429205584_ref_NZ_', 'Rhodobacter_sp_AKP1_gi_429208285_ref_NZ_', 'Rhodobacter_sp_AKP1_gi_429209015_ref_NZ_', 'Rhodobacter_sp_AKP1_gi_429206650_ref_NZ_', 'Rhodobacter_sp_AKP1_gi_429209961_ref_NZ_', 'Rhodobacter_sp_AKP1_gi_429206369_ref_NZ_', 'Rhodobacter_sp_AKP1_gi_429207945_ref_NZ_']
	Reference Rhodobacter_sp_AKP1_gi_429208745_ref_NZ_: 1 total alignments. 1 total regions.
		Region: 1 to 114747 (114747 bp)
			START in gap: 1 to 25846 (25845 bp)
			Align 1: 25846 26412 C8222475__1.0 1 567
			END in gap: 26412 to 114747 (88335 bp)

	Reference Rhodobacter_sp_AKP1_gi_429205584_ref_NZ_: 4 total alignments. 1 total regions.
		Region: 1 to 368596 (368596 bp)
			START in gap: 1 to 291300 (291299 bp)
			Align 1: 291300 291801 C8213395__1.0 1 502
				Gap between this and next alignment: 291801 to 316714 (24912 bp)
				Next Alignment: 316714 317328 scaffold4035__2.0 1 613

			Align 2: 316714 317328 scaffold4035__2.0 1 613
				Gap between this and next alignment: 317328 to 331610 (14281 bp)
				Next Alignment: 331610 332188 C8223843__2.0 1 579

			Align 3: 331610 332188 C8223843__2.0 1 579
				Gap between this and next alignment: 332188 to 362775 (30586 bp)
				Next Alignment: 362775 363275 C8213235__1.0 1 501

			Align 4: 362775 363275 C8213235__1.0 1 501
			END in gap: 363275 to 368596 (5321 bp)

	Reference Rhodobacter_sp_AKP1_gi_429206369_ref_NZ_: 3 total alignments. 1 total regions.
		Region: 1 to 267757 (267757 bp)
			START in gap: 1 to 44387 (44386 bp)
			Align 1: 44387 44928 C8219251__2.0 542 1
				Gap between this and next alignment: 44928 to 85137 (40208 bp)
				Next Alignment: 85137 85691 scaffold1163__1.2 545 1

			Align 2: 85137 85691 scaffold1163__1.2 545 1
				Gap between this and next alignment: 85691 to 141813 (56121 bp)
				Next Alignment: 141813 142335 C8216481__1.0 523 1

			Align 3: 141813 142335 C8216481__1.0 523 1
			END in gap: 142335 to 267757 (125422 bp)

	Reference Rhodobacter_sp_AKP1_gi_429207945_ref_NZ_: 1 total alignments. 1 total regions.
		Region: 1 to 126592 (126592 bp)
			START in gap: 1 to 46352 (46351 bp)
			Align 1: 46352 46877 C8216927__1.0 1 526
			END in gap: 46877 to 126592 (79715 bp)

ERROR: Reference Rhodobacter_sp_AKP1_gi_429209853_ref_NZ_ does not have any alignments!  Check that this is the same file used for alignment.
ERROR: Alignment Reference Headers: ['Rhodobacter_sp_AKP1_gi_429209173_ref_NZ_', 'Rhodobacter_sp_AKP1_gi_429206792_ref_NZ_', 'Rhodobacter_sp_AKP1_gi_429206618_ref_NZ_', 'Rhodobacter_sp_AKP1_gi_429205966_ref_NZ_', 'Rhodobacter_sp_AKP1_gi_429207574_ref_NZ_', 'Rhodobacter_sp_AKP1_gi_429208745_ref_NZ_', 'Rhodobacter_sp_AKP1_gi_429206939_ref_NZ_', 'Rhodobacter_sp_AKP1_gi_429210005_ref_NZ_', 'Rhodobacter_sp_AKP1_gi_429207559_ref_NZ_', 'Rhodobacter_sp_AKP1_gi_429209464_ref_NZ_', 'Rhodobacter_sp_AKP1_gi_429207690_ref_NZ_', 'Rhodobacter_sp_AKP1_gi_429205584_ref_NZ_', 'Rhodobacter_sp_AKP1_gi_429208285_ref_NZ_', 'Rhodobacter_sp_AKP1_gi_429209015_ref_NZ_', 'Rhodobacter_sp_AKP1_gi_429206650_ref_NZ_', 'Rhodobacter_sp_AKP1_gi_429209961_ref_NZ_', 'Rhodobacter_sp_AKP1_gi_429206369_ref_NZ_', 'Rhodobacter_sp_AKP1_gi_429207945_ref_NZ_']
ERROR: Reference Rhodobacter_sp_AKP1_gi_429210036_ref_NZ_ does not have any alignments!  Check that this is the same file used for alignment.
ERROR: Alignment Reference Headers: ['Rhodobacter_sp_AKP1_gi_429209173_ref_NZ_', 'Rhodobacter_sp_AKP1_gi_429206792_ref_NZ_', 'Rhodobacter_sp_AKP1_gi_429206618_ref_NZ_', 'Rhodobacter_sp_AKP1_gi_429205966_ref_NZ_', 'Rhodobacter_sp_AKP1_gi_429207574_ref_NZ_', 'Rhodobacter_sp_AKP1_gi_429208745_ref_NZ_', 'Rhodobacter_sp_AKP1_gi_429206939_ref_NZ_', 'Rhodobacter_sp_AKP1_gi_429210005_ref_NZ_', 'Rhodobacter_sp_AKP1_gi_429207559_ref_NZ_', 'Rhodobacter_sp_AKP1_gi_429209464_ref_NZ_', 'Rhodobacter_sp_AKP1_gi_429207690_ref_NZ_', 'Rhodobacter_sp_AKP1_gi_429205584_ref_NZ_', 'Rhodobacter_sp_AKP1_gi_429208285_ref_NZ_', 'Rhodobacter_sp_AKP1_gi_429209015_ref_NZ_', 'Rhodobacter_sp_AKP1_gi_429206650_ref_NZ_', 'Rhodobacter_sp_AKP1_gi_429209961_ref_NZ_', 'Rhodobacter_sp_AKP1_gi_429206369_ref_NZ_', 'Rhodobacter_sp_AKP1_gi_429207945_ref_NZ_']
ERROR: Reference Rhodobacter_sp_AKP1_gi_429209931_ref_NZ_ does not have any alignments!  Check that this is the same file used for alignment.
ERROR: Alignment Reference Headers: ['Rhodobacter_sp_AKP1_gi_429209173_ref_NZ_', 'Rhodobacter_sp_AKP1_gi_429206792_ref_NZ_', 'Rhodobacter_sp_AKP1_gi_429206618_ref_NZ_', 'Rhodobacter_sp_AKP1_gi_429205966_ref_NZ_', 'Rhodobacter_sp_AKP1_gi_429207574_ref_NZ_', 'Rhodobacter_sp_AKP1_gi_429208745_ref_NZ_', 'Rhodobacter_sp_AKP1_gi_429206939_ref_NZ_', 'Rhodobacter_sp_AKP1_gi_429210005_ref_NZ_', 'Rhodobacter_sp_AKP1_gi_429207559_ref_NZ_', 'Rhodobacter_sp_AKP1_gi_429209464_ref_NZ_', 'Rhodobacter_sp_AKP1_gi_429207690_ref_NZ_', 'Rhodobacter_sp_AKP1_gi_429205584_ref_NZ_', 'Rhodobacter_sp_AKP1_gi_429208285_ref_NZ_', 'Rhodobacter_sp_AKP1_gi_429209015_ref_NZ_', 'Rhodobacter_sp_AKP1_gi_429206650_ref_NZ_', 'Rhodobacter_sp_AKP1_gi_429209961_ref_NZ_', 'Rhodobacter_sp_AKP1_gi_429206369_ref_NZ_', 'Rhodobacter_sp_AKP1_gi_429207945_ref_NZ_']
ERROR: Reference Rhodobacter_sp_AKP1_gi_429208488_ref_NZ_ does not have any alignments!  Check that this is the same file used for alignment.
ERROR: Alignment Reference Headers: ['Rhodobacter_sp_AKP1_gi_429209173_ref_NZ_', 'Rhodobacter_sp_AKP1_gi_429206792_ref_NZ_', 'Rhodobacter_sp_AKP1_gi_429206618_ref_NZ_', 'Rhodobacter_sp_AKP1_gi_429205966_ref_NZ_', 'Rhodobacter_sp_AKP1_gi_429207574_ref_NZ_', 'Rhodobacter_sp_AKP1_gi_429208745_ref_NZ_', 'Rhodobacter_sp_AKP1_gi_429206939_ref_NZ_', 'Rhodobacter_sp_AKP1_gi_429210005_ref_NZ_', 'Rhodobacter_sp_AKP1_gi_429207559_ref_NZ_', 'Rhodobacter_sp_AKP1_gi_429209464_ref_NZ_', 'Rhodobacter_sp_AKP1_gi_429207690_ref_NZ_', 'Rhodobacter_sp_AKP1_gi_429205584_ref_NZ_', 'Rhodobacter_sp_AKP1_gi_429208285_ref_NZ_', 'Rhodobacter_sp_AKP1_gi_429209015_ref_NZ_', 'Rhodobacter_sp_AKP1_gi_429206650_ref_NZ_', 'Rhodobacter_sp_AKP1_gi_429209961_ref_NZ_', 'Rhodobacter_sp_AKP1_gi_429206369_ref_NZ_', 'Rhodobacter_sp_AKP1_gi_429207945_ref_NZ_']
ERROR: Reference Rhodobacter_sp_AKP1_gi_429210088_ref_NZ_ does not have any alignments!  Check that this is the same file used for alignment.
ERROR: Alignment Reference Headers: ['Rhodobacter_sp_AKP1_gi_429209173_ref_NZ_', 'Rhodobacter_sp_AKP1_gi_429206792_ref_NZ_', 'Rhodobacter_sp_AKP1_gi_429206618_ref_NZ_', 'Rhodobacter_sp_AKP1_gi_429205966_ref_NZ_', 'Rhodobacter_sp_AKP1_gi_429207574_ref_NZ_', 'Rhodobacter_sp_AKP1_gi_429208745_ref_NZ_', 'Rhodobacter_sp_AKP1_gi_429206939_ref_NZ_', 'Rhodobacter_sp_AKP1_gi_429210005_ref_NZ_', 'Rhodobacter_sp_AKP1_gi_429207559_ref_NZ_', 'Rhodobacter_sp_AKP1_gi_429209464_ref_NZ_', 'Rhodobacter_sp_AKP1_gi_429207690_ref_NZ_', 'Rhodobacter_sp_AKP1_gi_429205584_ref_NZ_', 'Rhodobacter_sp_AKP1_gi_429208285_ref_NZ_', 'Rhodobacter_sp_AKP1_gi_429209015_ref_NZ_', 'Rhodobacter_sp_AKP1_gi_429206650_ref_NZ_', 'Rhodobacter_sp_AKP1_gi_429209961_ref_NZ_', 'Rhodobacter_sp_AKP1_gi_429206369_ref_NZ_', 'Rhodobacter_sp_AKP1_gi_429207945_ref_NZ_']
ERROR: Reference Rhodobacter_sp_AKP1_gi_429210029_ref_NZ_ does not have any alignments!  Check that this is the same file used for alignment.
ERROR: Alignment Reference Headers: ['Rhodobacter_sp_AKP1_gi_429209173_ref_NZ_', 'Rhodobacter_sp_AKP1_gi_429206792_ref_NZ_', 'Rhodobacter_sp_AKP1_gi_429206618_ref_NZ_', 'Rhodobacter_sp_AKP1_gi_429205966_ref_NZ_', 'Rhodobacter_sp_AKP1_gi_429207574_ref_NZ_', 'Rhodobacter_sp_AKP1_gi_429208745_ref_NZ_', 'Rhodobacter_sp_AKP1_gi_429206939_ref_NZ_', 'Rhodobacter_sp_AKP1_gi_429210005_ref_NZ_', 'Rhodobacter_sp_AKP1_gi_429207559_ref_NZ_', 'Rhodobacter_sp_AKP1_gi_429209464_ref_NZ_', 'Rhodobacter_sp_AKP1_gi_429207690_ref_NZ_', 'Rhodobacter_sp_AKP1_gi_429205584_ref_NZ_', 'Rhodobacter_sp_AKP1_gi_429208285_ref_NZ_', 'Rhodobacter_sp_AKP1_gi_429209015_ref_NZ_', 'Rhodobacter_sp_AKP1_gi_429206650_ref_NZ_', 'Rhodobacter_sp_AKP1_gi_429209961_ref_NZ_', 'Rhodobacter_sp_AKP1_gi_429206369_ref_NZ_', 'Rhodobacter_sp_AKP1_gi_429207945_ref_NZ_']
ERROR: Reference Rhodobacter_sp_AKP1_gi_429209962_ref_NZ_ does not have any alignments!  Check that this is the same file used for alignment.
ERROR: Alignment Reference Headers: ['Rhodobacter_sp_AKP1_gi_429209173_ref_NZ_', 'Rhodobacter_sp_AKP1_gi_429206792_ref_NZ_', 'Rhodobacter_sp_AKP1_gi_429206618_ref_NZ_', 'Rhodobacter_sp_AKP1_gi_429205966_ref_NZ_', 'Rhodobacter_sp_AKP1_gi_429207574_ref_NZ_', 'Rhodobacter_sp_AKP1_gi_429208745_ref_NZ_', 'Rhodobacter_sp_AKP1_gi_429206939_ref_NZ_', 'Rhodobacter_sp_AKP1_gi_429210005_ref_NZ_', 'Rhodobacter_sp_AKP1_gi_429207559_ref_NZ_', 'Rhodobacter_sp_AKP1_gi_429209464_ref_NZ_', 'Rhodobacter_sp_AKP1_gi_429207690_ref_NZ_', 'Rhodobacter_sp_AKP1_gi_429205584_ref_NZ_', 'Rhodobacter_sp_AKP1_gi_429208285_ref_NZ_', 'Rhodobacter_sp_AKP1_gi_429209015_ref_NZ_', 'Rhodobacter_sp_AKP1_gi_429206650_ref_NZ_', 'Rhodobacter_sp_AKP1_gi_429209961_ref_NZ_', 'Rhodobacter_sp_AKP1_gi_429206369_ref_NZ_', 'Rhodobacter_sp_AKP1_gi_429207945_ref_NZ_']
	Reference Rhodobacter_sp_AKP1_gi_429207690_ref_NZ_: 2 total alignments. 1 total regions.
		Region: 1 to 242452 (242452 bp)
			START in gap: 1 to 18459 (18458 bp)
			Align 1: 18459 18971 C8215007__1.0 1 513
				Gap between this and next alignment: 18971 to 55360 (36388 bp)
				Next Alignment: 55360 55914 C8220883__1.0 1 555

			Align 2: 55360 55914 C8220883__1.0 1 555
			END in gap: 55914 to 242452 (186538 bp)

	Reference Rhodobacter_sp_AKP1_gi_429207559_ref_NZ_: 1 total alignments. 1 total regions.
		Region: 1 to 17593 (17593 bp)
			START in gap: 1 to 4793 (4792 bp)
			Align 1: 4793 5433 C8230703__2.0 1 641
			END in gap: 5433 to 17593 (12160 bp)

ERROR: Reference Rhodobacter_sp_AKP1_gi_429208552_ref_NZ_ does not have any alignments!  Check that this is the same file used for alignment.
ERROR: Alignment Reference Headers: ['Rhodobacter_sp_AKP1_gi_429209173_ref_NZ_', 'Rhodobacter_sp_AKP1_gi_429206792_ref_NZ_', 'Rhodobacter_sp_AKP1_gi_429206618_ref_NZ_', 'Rhodobacter_sp_AKP1_gi_429205966_ref_NZ_', 'Rhodobacter_sp_AKP1_gi_429207574_ref_NZ_', 'Rhodobacter_sp_AKP1_gi_429208745_ref_NZ_', 'Rhodobacter_sp_AKP1_gi_429206939_ref_NZ_', 'Rhodobacter_sp_AKP1_gi_429210005_ref_NZ_', 'Rhodobacter_sp_AKP1_gi_429207559_ref_NZ_', 'Rhodobacter_sp_AKP1_gi_429209464_ref_NZ_', 'Rhodobacter_sp_AKP1_gi_429207690_ref_NZ_', 'Rhodobacter_sp_AKP1_gi_429205584_ref_NZ_', 'Rhodobacter_sp_AKP1_gi_429208285_ref_NZ_', 'Rhodobacter_sp_AKP1_gi_429209015_ref_NZ_', 'Rhodobacter_sp_AKP1_gi_429206650_ref_NZ_', 'Rhodobacter_sp_AKP1_gi_429209961_ref_NZ_', 'Rhodobacter_sp_AKP1_gi_429206369_ref_NZ_', 'Rhodobacter_sp_AKP1_gi_429207945_ref_NZ_']
	Reference Rhodobacter_sp_AKP1_gi_429207574_ref_NZ_: 1 total alignments. 1 total regions.
		Region: 1 to 124905 (124905 bp)
			START in gap: 1 to 111601 (111600 bp)
			Align 1: 111601 112207 C8226999__2.0 606 1
			END in gap: 112207 to 124905 (12698 bp)

ERROR: Reference Rhodobacter_sp_AKP1_gi_429209983_ref_NZ_ does not have any alignments!  Check that this is the same file used for alignment.
ERROR: Alignment Reference Headers: ['Rhodobacter_sp_AKP1_gi_429209173_ref_NZ_', 'Rhodobacter_sp_AKP1_gi_429206792_ref_NZ_', 'Rhodobacter_sp_AKP1_gi_429206618_ref_NZ_', 'Rhodobacter_sp_AKP1_gi_429205966_ref_NZ_', 'Rhodobacter_sp_AKP1_gi_429207574_ref_NZ_', 'Rhodobacter_sp_AKP1_gi_429208745_ref_NZ_', 'Rhodobacter_sp_AKP1_gi_429206939_ref_NZ_', 'Rhodobacter_sp_AKP1_gi_429210005_ref_NZ_', 'Rhodobacter_sp_AKP1_gi_429207559_ref_NZ_', 'Rhodobacter_sp_AKP1_gi_429209464_ref_NZ_', 'Rhodobacter_sp_AKP1_gi_429207690_ref_NZ_', 'Rhodobacter_sp_AKP1_gi_429205584_ref_NZ_', 'Rhodobacter_sp_AKP1_gi_429208285_ref_NZ_', 'Rhodobacter_sp_AKP1_gi_429209015_ref_NZ_', 'Rhodobacter_sp_AKP1_gi_429206650_ref_NZ_', 'Rhodobacter_sp_AKP1_gi_429209961_ref_NZ_', 'Rhodobacter_sp_AKP1_gi_429206369_ref_NZ_', 'Rhodobacter_sp_AKP1_gi_429207945_ref_NZ_']
ERROR: Reference Rhodobacter_sp_AKP1_gi_429210099_ref_NZ_ does not have any alignments!  Check that this is the same file used for alignment.
ERROR: Alignment Reference Headers: ['Rhodobacter_sp_AKP1_gi_429209173_ref_NZ_', 'Rhodobacter_sp_AKP1_gi_429206792_ref_NZ_', 'Rhodobacter_sp_AKP1_gi_429206618_ref_NZ_', 'Rhodobacter_sp_AKP1_gi_429205966_ref_NZ_', 'Rhodobacter_sp_AKP1_gi_429207574_ref_NZ_', 'Rhodobacter_sp_AKP1_gi_429208745_ref_NZ_', 'Rhodobacter_sp_AKP1_gi_429206939_ref_NZ_', 'Rhodobacter_sp_AKP1_gi_429210005_ref_NZ_', 'Rhodobacter_sp_AKP1_gi_429207559_ref_NZ_', 'Rhodobacter_sp_AKP1_gi_429209464_ref_NZ_', 'Rhodobacter_sp_AKP1_gi_429207690_ref_NZ_', 'Rhodobacter_sp_AKP1_gi_429205584_ref_NZ_', 'Rhodobacter_sp_AKP1_gi_429208285_ref_NZ_', 'Rhodobacter_sp_AKP1_gi_429209015_ref_NZ_', 'Rhodobacter_sp_AKP1_gi_429206650_ref_NZ_', 'Rhodobacter_sp_AKP1_gi_429209961_ref_NZ_', 'Rhodobacter_sp_AKP1_gi_429206369_ref_NZ_', 'Rhodobacter_sp_AKP1_gi_429207945_ref_NZ_']
ERROR: Reference Rhodobacter_sp_AKP1_gi_429210098_ref_NZ_ does not have any alignments!  Check that this is the same file used for alignment.
ERROR: Alignment Reference Headers: ['Rhodobacter_sp_AKP1_gi_429209173_ref_NZ_', 'Rhodobacter_sp_AKP1_gi_429206792_ref_NZ_', 'Rhodobacter_sp_AKP1_gi_429206618_ref_NZ_', 'Rhodobacter_sp_AKP1_gi_429205966_ref_NZ_', 'Rhodobacter_sp_AKP1_gi_429207574_ref_NZ_', 'Rhodobacter_sp_AKP1_gi_429208745_ref_NZ_', 'Rhodobacter_sp_AKP1_gi_429206939_ref_NZ_', 'Rhodobacter_sp_AKP1_gi_429210005_ref_NZ_', 'Rhodobacter_sp_AKP1_gi_429207559_ref_NZ_', 'Rhodobacter_sp_AKP1_gi_429209464_ref_NZ_', 'Rhodobacter_sp_AKP1_gi_429207690_ref_NZ_', 'Rhodobacter_sp_AKP1_gi_429205584_ref_NZ_', 'Rhodobacter_sp_AKP1_gi_429208285_ref_NZ_', 'Rhodobacter_sp_AKP1_gi_429209015_ref_NZ_', 'Rhodobacter_sp_AKP1_gi_429206650_ref_NZ_', 'Rhodobacter_sp_AKP1_gi_429209961_ref_NZ_', 'Rhodobacter_sp_AKP1_gi_429206369_ref_NZ_', 'Rhodobacter_sp_AKP1_gi_429207945_ref_NZ_']
ERROR: Reference Rhodobacter_sp_AKP1_gi_429209881_ref_NZ_ does not have any alignments!  Check that this is the same file used for alignment.
ERROR: Alignment Reference Headers: ['Rhodobacter_sp_AKP1_gi_429209173_ref_NZ_', 'Rhodobacter_sp_AKP1_gi_429206792_ref_NZ_', 'Rhodobacter_sp_AKP1_gi_429206618_ref_NZ_', 'Rhodobacter_sp_AKP1_gi_429205966_ref_NZ_', 'Rhodobacter_sp_AKP1_gi_429207574_ref_NZ_', 'Rhodobacter_sp_AKP1_gi_429208745_ref_NZ_', 'Rhodobacter_sp_AKP1_gi_429206939_ref_NZ_', 'Rhodobacter_sp_AKP1_gi_429210005_ref_NZ_', 'Rhodobacter_sp_AKP1_gi_429207559_ref_NZ_', 'Rhodobacter_sp_AKP1_gi_429209464_ref_NZ_', 'Rhodobacter_sp_AKP1_gi_429207690_ref_NZ_', 'Rhodobacter_sp_AKP1_gi_429205584_ref_NZ_', 'Rhodobacter_sp_AKP1_gi_429208285_ref_NZ_', 'Rhodobacter_sp_AKP1_gi_429209015_ref_NZ_', 'Rhodobacter_sp_AKP1_gi_429206650_ref_NZ_', 'Rhodobacter_sp_AKP1_gi_429209961_ref_NZ_', 'Rhodobacter_sp_AKP1_gi_429206369_ref_NZ_', 'Rhodobacter_sp_AKP1_gi_429207945_ref_NZ_']
ERROR: Reference Rhodobacter_sp_AKP1_gi_429209392_ref_NZ_ does not have any alignments!  Check that this is the same file used for alignment.
ERROR: Alignment Reference Headers: ['Rhodobacter_sp_AKP1_gi_429209173_ref_NZ_', 'Rhodobacter_sp_AKP1_gi_429206792_ref_NZ_', 'Rhodobacter_sp_AKP1_gi_429206618_ref_NZ_', 'Rhodobacter_sp_AKP1_gi_429205966_ref_NZ_', 'Rhodobacter_sp_AKP1_gi_429207574_ref_NZ_', 'Rhodobacter_sp_AKP1_gi_429208745_ref_NZ_', 'Rhodobacter_sp_AKP1_gi_429206939_ref_NZ_', 'Rhodobacter_sp_AKP1_gi_429210005_ref_NZ_', 'Rhodobacter_sp_AKP1_gi_429207559_ref_NZ_', 'Rhodobacter_sp_AKP1_gi_429209464_ref_NZ_', 'Rhodobacter_sp_AKP1_gi_429207690_ref_NZ_', 'Rhodobacter_sp_AKP1_gi_429205584_ref_NZ_', 'Rhodobacter_sp_AKP1_gi_429208285_ref_NZ_', 'Rhodobacter_sp_AKP1_gi_429209015_ref_NZ_', 'Rhodobacter_sp_AKP1_gi_429206650_ref_NZ_', 'Rhodobacter_sp_AKP1_gi_429209961_ref_NZ_', 'Rhodobacter_sp_AKP1_gi_429206369_ref_NZ_', 'Rhodobacter_sp_AKP1_gi_429207945_ref_NZ_']
ERROR: Reference Rhodobacter_sp_AKP1_gi_429209916_ref_NZ_ does not have any alignments!  Check that this is the same file used for alignment.
ERROR: Alignment Reference Headers: ['Rhodobacter_sp_AKP1_gi_429209173_ref_NZ_', 'Rhodobacter_sp_AKP1_gi_429206792_ref_NZ_', 'Rhodobacter_sp_AKP1_gi_429206618_ref_NZ_', 'Rhodobacter_sp_AKP1_gi_429205966_ref_NZ_', 'Rhodobacter_sp_AKP1_gi_429207574_ref_NZ_', 'Rhodobacter_sp_AKP1_gi_429208745_ref_NZ_', 'Rhodobacter_sp_AKP1_gi_429206939_ref_NZ_', 'Rhodobacter_sp_AKP1_gi_429210005_ref_NZ_', 'Rhodobacter_sp_AKP1_gi_429207559_ref_NZ_', 'Rhodobacter_sp_AKP1_gi_429209464_ref_NZ_', 'Rhodobacter_sp_AKP1_gi_429207690_ref_NZ_', 'Rhodobacter_sp_AKP1_gi_429205584_ref_NZ_', 'Rhodobacter_sp_AKP1_gi_429208285_ref_NZ_', 'Rhodobacter_sp_AKP1_gi_429209015_ref_NZ_', 'Rhodobacter_sp_AKP1_gi_429206650_ref_NZ_', 'Rhodobacter_sp_AKP1_gi_429209961_ref_NZ_', 'Rhodobacter_sp_AKP1_gi_429206369_ref_NZ_', 'Rhodobacter_sp_AKP1_gi_429207945_ref_NZ_']
ERROR: Reference Rhodobacter_sp_AKP1_gi_429206937_ref_NZ_ does not have any alignments!  Check that this is the same file used for alignment.
ERROR: Alignment Reference Headers: ['Rhodobacter_sp_AKP1_gi_429209173_ref_NZ_', 'Rhodobacter_sp_AKP1_gi_429206792_ref_NZ_', 'Rhodobacter_sp_AKP1_gi_429206618_ref_NZ_', 'Rhodobacter_sp_AKP1_gi_429205966_ref_NZ_', 'Rhodobacter_sp_AKP1_gi_429207574_ref_NZ_', 'Rhodobacter_sp_AKP1_gi_429208745_ref_NZ_', 'Rhodobacter_sp_AKP1_gi_429206939_ref_NZ_', 'Rhodobacter_sp_AKP1_gi_429210005_ref_NZ_', 'Rhodobacter_sp_AKP1_gi_429207559_ref_NZ_', 'Rhodobacter_sp_AKP1_gi_429209464_ref_NZ_', 'Rhodobacter_sp_AKP1_gi_429207690_ref_NZ_', 'Rhodobacter_sp_AKP1_gi_429205584_ref_NZ_', 'Rhodobacter_sp_AKP1_gi_429208285_ref_NZ_', 'Rhodobacter_sp_AKP1_gi_429209015_ref_NZ_', 'Rhodobacter_sp_AKP1_gi_429206650_ref_NZ_', 'Rhodobacter_sp_AKP1_gi_429209961_ref_NZ_', 'Rhodobacter_sp_AKP1_gi_429206369_ref_NZ_', 'Rhodobacter_sp_AKP1_gi_429207945_ref_NZ_']
ERROR: Reference Rhodobacter_sp_AKP1_gi_429210105_ref_NZ_ does not have any alignments!  Check that this is the same file used for alignment.
ERROR: Alignment Reference Headers: ['Rhodobacter_sp_AKP1_gi_429209173_ref_NZ_', 'Rhodobacter_sp_AKP1_gi_429206792_ref_NZ_', 'Rhodobacter_sp_AKP1_gi_429206618_ref_NZ_', 'Rhodobacter_sp_AKP1_gi_429205966_ref_NZ_', 'Rhodobacter_sp_AKP1_gi_429207574_ref_NZ_', 'Rhodobacter_sp_AKP1_gi_429208745_ref_NZ_', 'Rhodobacter_sp_AKP1_gi_429206939_ref_NZ_', 'Rhodobacter_sp_AKP1_gi_429210005_ref_NZ_', 'Rhodobacter_sp_AKP1_gi_429207559_ref_NZ_', 'Rhodobacter_sp_AKP1_gi_429209464_ref_NZ_', 'Rhodobacter_sp_AKP1_gi_429207690_ref_NZ_', 'Rhodobacter_sp_AKP1_gi_429205584_ref_NZ_', 'Rhodobacter_sp_AKP1_gi_429208285_ref_NZ_', 'Rhodobacter_sp_AKP1_gi_429209015_ref_NZ_', 'Rhodobacter_sp_AKP1_gi_429206650_ref_NZ_', 'Rhodobacter_sp_AKP1_gi_429209961_ref_NZ_', 'Rhodobacter_sp_AKP1_gi_429206369_ref_NZ_', 'Rhodobacter_sp_AKP1_gi_429207945_ref_NZ_']
ERROR: Reference Rhodobacter_sp_AKP1_gi_429208946_ref_NZ_ does not have any alignments!  Check that this is the same file used for alignment.
ERROR: Alignment Reference Headers: ['Rhodobacter_sp_AKP1_gi_429209173_ref_NZ_', 'Rhodobacter_sp_AKP1_gi_429206792_ref_NZ_', 'Rhodobacter_sp_AKP1_gi_429206618_ref_NZ_', 'Rhodobacter_sp_AKP1_gi_429205966_ref_NZ_', 'Rhodobacter_sp_AKP1_gi_429207574_ref_NZ_', 'Rhodobacter_sp_AKP1_gi_429208745_ref_NZ_', 'Rhodobacter_sp_AKP1_gi_429206939_ref_NZ_', 'Rhodobacter_sp_AKP1_gi_429210005_ref_NZ_', 'Rhodobacter_sp_AKP1_gi_429207559_ref_NZ_', 'Rhodobacter_sp_AKP1_gi_429209464_ref_NZ_', 'Rhodobacter_sp_AKP1_gi_429207690_ref_NZ_', 'Rhodobacter_sp_AKP1_gi_429205584_ref_NZ_', 'Rhodobacter_sp_AKP1_gi_429208285_ref_NZ_', 'Rhodobacter_sp_AKP1_gi_429209015_ref_NZ_', 'Rhodobacter_sp_AKP1_gi_429206650_ref_NZ_', 'Rhodobacter_sp_AKP1_gi_429209961_ref_NZ_', 'Rhodobacter_sp_AKP1_gi_429206369_ref_NZ_', 'Rhodobacter_sp_AKP1_gi_429207945_ref_NZ_']
ERROR: Reference Rhodobacter_sp_AKP1_gi_429210107_ref_NZ_ does not have any alignments!  Check that this is the same file used for alignment.
ERROR: Alignment Reference Headers: ['Rhodobacter_sp_AKP1_gi_429209173_ref_NZ_', 'Rhodobacter_sp_AKP1_gi_429206792_ref_NZ_', 'Rhodobacter_sp_AKP1_gi_429206618_ref_NZ_', 'Rhodobacter_sp_AKP1_gi_429205966_ref_NZ_', 'Rhodobacter_sp_AKP1_gi_429207574_ref_NZ_', 'Rhodobacter_sp_AKP1_gi_429208745_ref_NZ_', 'Rhodobacter_sp_AKP1_gi_429206939_ref_NZ_', 'Rhodobacter_sp_AKP1_gi_429210005_ref_NZ_', 'Rhodobacter_sp_AKP1_gi_429207559_ref_NZ_', 'Rhodobacter_sp_AKP1_gi_429209464_ref_NZ_', 'Rhodobacter_sp_AKP1_gi_429207690_ref_NZ_', 'Rhodobacter_sp_AKP1_gi_429205584_ref_NZ_', 'Rhodobacter_sp_AKP1_gi_429208285_ref_NZ_', 'Rhodobacter_sp_AKP1_gi_429209015_ref_NZ_', 'Rhodobacter_sp_AKP1_gi_429206650_ref_NZ_', 'Rhodobacter_sp_AKP1_gi_429209961_ref_NZ_', 'Rhodobacter_sp_AKP1_gi_429206369_ref_NZ_', 'Rhodobacter_sp_AKP1_gi_429207945_ref_NZ_']
ERROR: Reference Rhodobacter_sp_AKP1_gi_429210095_ref_NZ_ does not have any alignments!  Check that this is the same file used for alignment.
ERROR: Alignment Reference Headers: ['Rhodobacter_sp_AKP1_gi_429209173_ref_NZ_', 'Rhodobacter_sp_AKP1_gi_429206792_ref_NZ_', 'Rhodobacter_sp_AKP1_gi_429206618_ref_NZ_', 'Rhodobacter_sp_AKP1_gi_429205966_ref_NZ_', 'Rhodobacter_sp_AKP1_gi_429207574_ref_NZ_', 'Rhodobacter_sp_AKP1_gi_429208745_ref_NZ_', 'Rhodobacter_sp_AKP1_gi_429206939_ref_NZ_', 'Rhodobacter_sp_AKP1_gi_429210005_ref_NZ_', 'Rhodobacter_sp_AKP1_gi_429207559_ref_NZ_', 'Rhodobacter_sp_AKP1_gi_429209464_ref_NZ_', 'Rhodobacter_sp_AKP1_gi_429207690_ref_NZ_', 'Rhodobacter_sp_AKP1_gi_429205584_ref_NZ_', 'Rhodobacter_sp_AKP1_gi_429208285_ref_NZ_', 'Rhodobacter_sp_AKP1_gi_429209015_ref_NZ_', 'Rhodobacter_sp_AKP1_gi_429206650_ref_NZ_', 'Rhodobacter_sp_AKP1_gi_429209961_ref_NZ_', 'Rhodobacter_sp_AKP1_gi_429206369_ref_NZ_', 'Rhodobacter_sp_AKP1_gi_429207945_ref_NZ_']
ERROR: Reference Rhodobacter_sp_AKP1_gi_429210089_ref_NZ_ does not have any alignments!  Check that this is the same file used for alignment.
ERROR: Alignment Reference Headers: ['Rhodobacter_sp_AKP1_gi_429209173_ref_NZ_', 'Rhodobacter_sp_AKP1_gi_429206792_ref_NZ_', 'Rhodobacter_sp_AKP1_gi_429206618_ref_NZ_', 'Rhodobacter_sp_AKP1_gi_429205966_ref_NZ_', 'Rhodobacter_sp_AKP1_gi_429207574_ref_NZ_', 'Rhodobacter_sp_AKP1_gi_429208745_ref_NZ_', 'Rhodobacter_sp_AKP1_gi_429206939_ref_NZ_', 'Rhodobacter_sp_AKP1_gi_429210005_ref_NZ_', 'Rhodobacter_sp_AKP1_gi_429207559_ref_NZ_', 'Rhodobacter_sp_AKP1_gi_429209464_ref_NZ_', 'Rhodobacter_sp_AKP1_gi_429207690_ref_NZ_', 'Rhodobacter_sp_AKP1_gi_429205584_ref_NZ_', 'Rhodobacter_sp_AKP1_gi_429208285_ref_NZ_', 'Rhodobacter_sp_AKP1_gi_429209015_ref_NZ_', 'Rhodobacter_sp_AKP1_gi_429206650_ref_NZ_', 'Rhodobacter_sp_AKP1_gi_429209961_ref_NZ_', 'Rhodobacter_sp_AKP1_gi_429206369_ref_NZ_', 'Rhodobacter_sp_AKP1_gi_429207945_ref_NZ_']
ERROR: Reference Rhodobacter_sp_AKP1_gi_429210053_ref_NZ_ does not have any alignments!  Check that this is the same file used for alignment.
ERROR: Alignment Reference Headers: ['Rhodobacter_sp_AKP1_gi_429209173_ref_NZ_', 'Rhodobacter_sp_AKP1_gi_429206792_ref_NZ_', 'Rhodobacter_sp_AKP1_gi_429206618_ref_NZ_', 'Rhodobacter_sp_AKP1_gi_429205966_ref_NZ_', 'Rhodobacter_sp_AKP1_gi_429207574_ref_NZ_', 'Rhodobacter_sp_AKP1_gi_429208745_ref_NZ_', 'Rhodobacter_sp_AKP1_gi_429206939_ref_NZ_', 'Rhodobacter_sp_AKP1_gi_429210005_ref_NZ_', 'Rhodobacter_sp_AKP1_gi_429207559_ref_NZ_', 'Rhodobacter_sp_AKP1_gi_429209464_ref_NZ_', 'Rhodobacter_sp_AKP1_gi_429207690_ref_NZ_', 'Rhodobacter_sp_AKP1_gi_429205584_ref_NZ_', 'Rhodobacter_sp_AKP1_gi_429208285_ref_NZ_', 'Rhodobacter_sp_AKP1_gi_429209015_ref_NZ_', 'Rhodobacter_sp_AKP1_gi_429206650_ref_NZ_', 'Rhodobacter_sp_AKP1_gi_429209961_ref_NZ_', 'Rhodobacter_sp_AKP1_gi_429206369_ref_NZ_', 'Rhodobacter_sp_AKP1_gi_429207945_ref_NZ_']
ERROR: Reference Rhodobacter_sp_AKP1_gi_429209910_ref_NZ_ does not have any alignments!  Check that this is the same file used for alignment.
ERROR: Alignment Reference Headers: ['Rhodobacter_sp_AKP1_gi_429209173_ref_NZ_', 'Rhodobacter_sp_AKP1_gi_429206792_ref_NZ_', 'Rhodobacter_sp_AKP1_gi_429206618_ref_NZ_', 'Rhodobacter_sp_AKP1_gi_429205966_ref_NZ_', 'Rhodobacter_sp_AKP1_gi_429207574_ref_NZ_', 'Rhodobacter_sp_AKP1_gi_429208745_ref_NZ_', 'Rhodobacter_sp_AKP1_gi_429206939_ref_NZ_', 'Rhodobacter_sp_AKP1_gi_429210005_ref_NZ_', 'Rhodobacter_sp_AKP1_gi_429207559_ref_NZ_', 'Rhodobacter_sp_AKP1_gi_429209464_ref_NZ_', 'Rhodobacter_sp_AKP1_gi_429207690_ref_NZ_', 'Rhodobacter_sp_AKP1_gi_429205584_ref_NZ_', 'Rhodobacter_sp_AKP1_gi_429208285_ref_NZ_', 'Rhodobacter_sp_AKP1_gi_429209015_ref_NZ_', 'Rhodobacter_sp_AKP1_gi_429206650_ref_NZ_', 'Rhodobacter_sp_AKP1_gi_429209961_ref_NZ_', 'Rhodobacter_sp_AKP1_gi_429206369_ref_NZ_', 'Rhodobacter_sp_AKP1_gi_429207945_ref_NZ_']
ERROR: Reference Rhodobacter_sp_AKP1_gi_429209523_ref_NZ_ does not have any alignments!  Check that this is the same file used for alignment.
ERROR: Alignment Reference Headers: ['Rhodobacter_sp_AKP1_gi_429209173_ref_NZ_', 'Rhodobacter_sp_AKP1_gi_429206792_ref_NZ_', 'Rhodobacter_sp_AKP1_gi_429206618_ref_NZ_', 'Rhodobacter_sp_AKP1_gi_429205966_ref_NZ_', 'Rhodobacter_sp_AKP1_gi_429207574_ref_NZ_', 'Rhodobacter_sp_AKP1_gi_429208745_ref_NZ_', 'Rhodobacter_sp_AKP1_gi_429206939_ref_NZ_', 'Rhodobacter_sp_AKP1_gi_429210005_ref_NZ_', 'Rhodobacter_sp_AKP1_gi_429207559_ref_NZ_', 'Rhodobacter_sp_AKP1_gi_429209464_ref_NZ_', 'Rhodobacter_sp_AKP1_gi_429207690_ref_NZ_', 'Rhodobacter_sp_AKP1_gi_429205584_ref_NZ_', 'Rhodobacter_sp_AKP1_gi_429208285_ref_NZ_', 'Rhodobacter_sp_AKP1_gi_429209015_ref_NZ_', 'Rhodobacter_sp_AKP1_gi_429206650_ref_NZ_', 'Rhodobacter_sp_AKP1_gi_429209961_ref_NZ_', 'Rhodobacter_sp_AKP1_gi_429206369_ref_NZ_', 'Rhodobacter_sp_AKP1_gi_429207945_ref_NZ_']
	Reference Rhodobacter_sp_AKP1_gi_429210005_ref_NZ_: 1 total alignments. 1 total regions.
		Region: 1 to 21521 (21521 bp)
			START in gap: 1 to 17779 (17778 bp)
			Align 1: 17779 18310 scaffold8211__2.0 527 1
			END in gap: 18310 to 21521 (3211 bp)

ERROR: Reference Rhodobacter_sp_AKP1_gi_429210073_ref_NZ_ does not have any alignments!  Check that this is the same file used for alignment.
ERROR: Alignment Reference Headers: ['Rhodobacter_sp_AKP1_gi_429209173_ref_NZ_', 'Rhodobacter_sp_AKP1_gi_429206792_ref_NZ_', 'Rhodobacter_sp_AKP1_gi_429206618_ref_NZ_', 'Rhodobacter_sp_AKP1_gi_429205966_ref_NZ_', 'Rhodobacter_sp_AKP1_gi_429207574_ref_NZ_', 'Rhodobacter_sp_AKP1_gi_429208745_ref_NZ_', 'Rhodobacter_sp_AKP1_gi_429206939_ref_NZ_', 'Rhodobacter_sp_AKP1_gi_429210005_ref_NZ_', 'Rhodobacter_sp_AKP1_gi_429207559_ref_NZ_', 'Rhodobacter_sp_AKP1_gi_429209464_ref_NZ_', 'Rhodobacter_sp_AKP1_gi_429207690_ref_NZ_', 'Rhodobacter_sp_AKP1_gi_429205584_ref_NZ_', 'Rhodobacter_sp_AKP1_gi_429208285_ref_NZ_', 'Rhodobacter_sp_AKP1_gi_429209015_ref_NZ_', 'Rhodobacter_sp_AKP1_gi_429206650_ref_NZ_', 'Rhodobacter_sp_AKP1_gi_429209961_ref_NZ_', 'Rhodobacter_sp_AKP1_gi_429206369_ref_NZ_', 'Rhodobacter_sp_AKP1_gi_429207945_ref_NZ_']
ERROR: Reference Rhodobacter_sp_AKP1_gi_429209679_ref_NZ_ does not have any alignments!  Check that this is the same file used for alignment.
ERROR: Alignment Reference Headers: ['Rhodobacter_sp_AKP1_gi_429209173_ref_NZ_', 'Rhodobacter_sp_AKP1_gi_429206792_ref_NZ_', 'Rhodobacter_sp_AKP1_gi_429206618_ref_NZ_', 'Rhodobacter_sp_AKP1_gi_429205966_ref_NZ_', 'Rhodobacter_sp_AKP1_gi_429207574_ref_NZ_', 'Rhodobacter_sp_AKP1_gi_429208745_ref_NZ_', 'Rhodobacter_sp_AKP1_gi_429206939_ref_NZ_', 'Rhodobacter_sp_AKP1_gi_429210005_ref_NZ_', 'Rhodobacter_sp_AKP1_gi_429207559_ref_NZ_', 'Rhodobacter_sp_AKP1_gi_429209464_ref_NZ_', 'Rhodobacter_sp_AKP1_gi_429207690_ref_NZ_', 'Rhodobacter_sp_AKP1_gi_429205584_ref_NZ_', 'Rhodobacter_sp_AKP1_gi_429208285_ref_NZ_', 'Rhodobacter_sp_AKP1_gi_429209015_ref_NZ_', 'Rhodobacter_sp_AKP1_gi_429206650_ref_NZ_', 'Rhodobacter_sp_AKP1_gi_429209961_ref_NZ_', 'Rhodobacter_sp_AKP1_gi_429206369_ref_NZ_', 'Rhodobacter_sp_AKP1_gi_429207945_ref_NZ_']
ERROR: Reference Rhodobacter_sp_AKP1_gi_429210106_ref_NZ_ does not have any alignments!  Check that this is the same file used for alignment.
ERROR: Alignment Reference Headers: ['Rhodobacter_sp_AKP1_gi_429209173_ref_NZ_', 'Rhodobacter_sp_AKP1_gi_429206792_ref_NZ_', 'Rhodobacter_sp_AKP1_gi_429206618_ref_NZ_', 'Rhodobacter_sp_AKP1_gi_429205966_ref_NZ_', 'Rhodobacter_sp_AKP1_gi_429207574_ref_NZ_', 'Rhodobacter_sp_AKP1_gi_429208745_ref_NZ_', 'Rhodobacter_sp_AKP1_gi_429206939_ref_NZ_', 'Rhodobacter_sp_AKP1_gi_429210005_ref_NZ_', 'Rhodobacter_sp_AKP1_gi_429207559_ref_NZ_', 'Rhodobacter_sp_AKP1_gi_429209464_ref_NZ_', 'Rhodobacter_sp_AKP1_gi_429207690_ref_NZ_', 'Rhodobacter_sp_AKP1_gi_429205584_ref_NZ_', 'Rhodobacter_sp_AKP1_gi_429208285_ref_NZ_', 'Rhodobacter_sp_AKP1_gi_429209015_ref_NZ_', 'Rhodobacter_sp_AKP1_gi_429206650_ref_NZ_', 'Rhodobacter_sp_AKP1_gi_429209961_ref_NZ_', 'Rhodobacter_sp_AKP1_gi_429206369_ref_NZ_', 'Rhodobacter_sp_AKP1_gi_429207945_ref_NZ_']
Analysis is finished!
Founded SNPs were written into /Molly/gurevich/MetaQUAST/res_final/res_cami_final/runs_per_reference/Rhodobacter_sp_AKP1/contigs_reports/nucmer_output/SOAPdenovo2.used_snps

Results:
	Local Misassemblies: 0
	Misassemblies: 1
		Relocations: 0
		Translocations: 1
		Inversions: 0
	Fake misassemblies matched with structural variations: 0
	Misassembled Contigs: 1
	Misassembled Contig Bases: 814
	Misassemblies Inter-Contig Overlap: 0
Uncovered Regions: 0 (0)
Unaligned Contigs: 0 + 0 part
Partially Unaligned Contigs with Misassemblies: 0
Unaligned Contig Bases: 0

Ambiguously Mapped Contigs: 0
Total Bases in Ambiguously Mapped Contigs: 0
Note that --allow-ambiguity option was set to "one" and only first alignment per each contig was used.

	Covered Bases: 15601

	SNPs: 300
	Insertions: 0
	Deletions: 23

	Positive Gaps: 44
		Internal Gaps:  0
		External Gaps:  44
		External Gap Total:  2719408
		External Gap Average: 61805
	Negative Gaps: 0
		Internal Overlaps:  0
		External Overlaps:  0
		External Overlaps Total:  0
		External Overlaps Average: 0
	Contigs with Redundant Alignments: 0 (0)
