/home/gurevich/rep/quast/quast.pyc -t 16 -j  --meta  --bed-file /Molly/gurevich/MetaQUAST/res_final/res_hmp_final/combined_reference/structural_variations/combined_reference.bed --no-check-meta  --contig-thresholds 1000,5000,10000,25000,50000 -R /Molly/gurevich/MetaQUAST/res_final/res_hmp_final/quast_corrected_input/Haemophilus_parainfluenzae_ATCC_33392.fasta -o /Molly/gurevich/MetaQUAST/res_final/res_hmp_final/runs_per_reference/Haemophilus_parainfluenzae_ATCC_33392 --labels "IDBA_UD, Ray, SOAPdenovo2, SPAdes" /Molly/gurevich/MetaQUAST/res_final/res_hmp_final/quast_corrected_input/IDBA_UD_to_Haemophilus_parainfluenzae_ATCC_33392.fasta /Molly/gurevich/MetaQUAST/res_final/res_hmp_final/quast_corrected_input/Ray_to_Haemophilus_parainfluenzae_ATCC_33392.fasta /Molly/gurevich/MetaQUAST/res_final/res_hmp_final/quast_corrected_input/SOAPdenovo2_to_Haemophilus_parainfluenzae_ATCC_33392.fasta /Molly/gurevich/MetaQUAST/res_final/res_hmp_final/quast_corrected_input/SPAdes_to_Haemophilus_parainfluenzae_ATCC_33392.fasta

Started: 2015-11-09 20:28:09

Logging to /Molly/gurevich/MetaQUAST/res_final/res_hmp_final/runs_per_reference/Haemophilus_parainfluenzae_ATCC_33392/quast.log

NOTICE: Output directory already exists. Existing Nucmer alignments can be used.

Reference:
  /Molly/gurevich/MetaQUAST/res_final/res_hmp_final/quast_corrected_input/Haemophilus_parainfluenzae_ATCC_33392.fasta ==> Haemophilus_parainfluenzae_ATCC_33392

Contigs:
  1  /Molly/gurevich/MetaQUAST/res_final/res_hmp_final/quast_corrected_input/IDBA_UD_to_Haemophilus_parainfluenzae_ATCC_33392.fasta ==> IDBA_UD
  2  /Molly/gurevich/MetaQUAST/res_final/res_hmp_final/quast_corrected_input/Ray_to_Haemophilus_parainfluenzae_ATCC_33392.fasta ==> Ray
  3  /Molly/gurevich/MetaQUAST/res_final/res_hmp_final/quast_corrected_input/SOAPdenovo2_to_Haemophilus_parainfluenzae_ATCC_33392.fasta ==> SOAPdenovo2
  4  /Molly/gurevich/MetaQUAST/res_final/res_hmp_final/quast_corrected_input/SPAdes_to_Haemophilus_parainfluenzae_ATCC_33392.fasta ==> SPAdes

2015-11-09 20:28:10
Running Basic statistics processor...
  Reference genome:
    Haemophilus_parainfluenzae_ATCC_33392.fasta, Reference length = 2124757, Reference GC % = 39.18
  Contig files: 
    1  IDBA_UD
    2  Ray
    3  SOAPdenovo2
    4  SPAdes
  Calculating N50 and L50...
    1  IDBA_UD, N50 = 1807, L50 = 183, Total length = 1341028, GC % = 39.17, # N's per 100 kbp =  0.00
    2  Ray, N50 = 40900, L50 = 16, Total length = 2448098, GC % = 40.19, # N's per 100 kbp =  290.88
    3  SOAPdenovo2, N50 = 836, L50 = 84, Total length = 289479, GC % = 38.77, # N's per 100 kbp =  1616.35
    4  SPAdes, N50 = 9622, L50 = 30, Total length = 1304291, GC % = 41.00, # N's per 100 kbp =  1803.05
  Drawing Nx plot...
    saved to /Molly/gurevich/MetaQUAST/res_final/res_hmp_final/runs_per_reference/Haemophilus_parainfluenzae_ATCC_33392/basic_stats/Nx_plot.pdf
  Drawing NGx plot...
    saved to /Molly/gurevich/MetaQUAST/res_final/res_hmp_final/runs_per_reference/Haemophilus_parainfluenzae_ATCC_33392/basic_stats/NGx_plot.pdf
  Drawing cumulative plot...
    saved to /Molly/gurevich/MetaQUAST/res_final/res_hmp_final/runs_per_reference/Haemophilus_parainfluenzae_ATCC_33392/basic_stats/cumulative_plot.pdf
  Drawing GC content plot...
    saved to /Molly/gurevich/MetaQUAST/res_final/res_hmp_final/runs_per_reference/Haemophilus_parainfluenzae_ATCC_33392/basic_stats/GC_content_plot.pdf
Done.

2015-11-09 20:28:13
Running Contig analyzer...
  1  IDBA_UD
  3  SOAPdenovo2
  4  SPAdes
  2  Logging to files /Molly/gurevich/MetaQUAST/res_final/res_hmp_final/runs_per_reference/Haemophilus_parainfluenzae_ATCC_33392/contigs_reports/contigs_report_Ray.stdout and contigs_report_Ray.stderr...
  3  Logging to files /Molly/gurevich/MetaQUAST/res_final/res_hmp_final/runs_per_reference/Haemophilus_parainfluenzae_ATCC_33392/contigs_reports/contigs_report_SOAPdenovo2.stdout and contigs_report_SOAPdenovo2.stderr...
  2  Running Nucmer
  3  Running Nucmer
  2  /home/gurevich/rep/quast/libs/MUMmer3.23-linux/nucmer -c 65 -l 65 --maxmatch \
     -p /Molly/gurevich/MetaQUAST/res_final/res_hmp_final/runs_per_reference/Haemophilus_parainfluenzae_ATCC_33392/contigs_reports/nucmer_output/Ray \
     /Molly/gurevich/MetaQUAST/res_final/res_hmp_final/runs_per_reference/Haemophilus_parainfluenzae_ATCC_33392/quast_corrected_input/Haemophilus_parainfluenzae_ATCC_33392.fasta \
     /Molly/gurevich/MetaQUAST/res_final/res_hmp_final/quast_corrected_input/Ray_to_Haemophilus_parainfluenzae_ATCC_33392.fasta \
     >> /Molly/gurevich/MetaQUAST/res_final/res_hmp_final/runs_per_reference/Haemophilus_parainfluenzae_ATCC_33392/contigs_reports/contigs_report_Ray.stdout \
     2>> /Molly/gurevich/MetaQUAST/res_final/res_hmp_final/runs_per_reference/Haemophilus_parainfluenzae_ATCC_33392/contigs_reports/contigs_report_Ray.stderr
  3  /home/gurevich/rep/quast/libs/MUMmer3.23-linux/nucmer -c 65 -l 65 --maxmatch \
     -p /Molly/gurevich/MetaQUAST/res_final/res_hmp_final/runs_per_reference/Haemophilus_parainfluenzae_ATCC_33392/contigs_reports/nucmer_output/SOAPdenovo2 \
     /Molly/gurevich/MetaQUAST/res_final/res_hmp_final/runs_per_reference/Haemophilus_parainfluenzae_ATCC_33392/quast_corrected_input/Haemophilus_parainfluenzae_ATCC_33392.fasta \
     /Molly/gurevich/MetaQUAST/res_final/res_hmp_final/quast_corrected_input/SOAPdenovo2_to_Haemophilus_parainfluenzae_ATCC_33392.fasta \
     >> /Molly/gurevich/MetaQUAST/res_final/res_hmp_final/runs_per_reference/Haemophilus_parainfluenzae_ATCC_33392/contigs_reports/contigs_report_SOAPdenovo2.stdout \
     2>> /Molly/gurevich/MetaQUAST/res_final/res_hmp_final/runs_per_reference/Haemophilus_parainfluenzae_ATCC_33392/contigs_reports/contigs_report_SOAPdenovo2.stderr
  4  Logging to files /Molly/gurevich/MetaQUAST/res_final/res_hmp_final/runs_per_reference/Haemophilus_parainfluenzae_ATCC_33392/contigs_reports/contigs_report_SPAdes.stdout and contigs_report_SPAdes.stderr...
  4  Running Nucmer
  4  /home/gurevich/rep/quast/libs/MUMmer3.23-linux/nucmer -c 65 -l 65 --maxmatch \
     -p /Molly/gurevich/MetaQUAST/res_final/res_hmp_final/runs_per_reference/Haemophilus_parainfluenzae_ATCC_33392/contigs_reports/nucmer_output/SPAdes \
     /Molly/gurevich/MetaQUAST/res_final/res_hmp_final/runs_per_reference/Haemophilus_parainfluenzae_ATCC_33392/quast_corrected_input/Haemophilus_parainfluenzae_ATCC_33392.fasta \
     /Molly/gurevich/MetaQUAST/res_final/res_hmp_final/quast_corrected_input/SPAdes_to_Haemophilus_parainfluenzae_ATCC_33392.fasta \
     >> /Molly/gurevich/MetaQUAST/res_final/res_hmp_final/runs_per_reference/Haemophilus_parainfluenzae_ATCC_33392/contigs_reports/contigs_report_SPAdes.stdout \
     2>> /Molly/gurevich/MetaQUAST/res_final/res_hmp_final/runs_per_reference/Haemophilus_parainfluenzae_ATCC_33392/contigs_reports/contigs_report_SPAdes.stderr
  1  Logging to files /Molly/gurevich/MetaQUAST/res_final/res_hmp_final/runs_per_reference/Haemophilus_parainfluenzae_ATCC_33392/contigs_reports/contigs_report_IDBA_UD.stdout and contigs_report_IDBA_UD.stderr...
  1  Running Nucmer
  1  /home/gurevich/rep/quast/libs/MUMmer3.23-linux/nucmer -c 65 -l 65 --maxmatch \
     -p /Molly/gurevich/MetaQUAST/res_final/res_hmp_final/runs_per_reference/Haemophilus_parainfluenzae_ATCC_33392/contigs_reports/nucmer_output/IDBA_UD \
     /Molly/gurevich/MetaQUAST/res_final/res_hmp_final/runs_per_reference/Haemophilus_parainfluenzae_ATCC_33392/quast_corrected_input/Haemophilus_parainfluenzae_ATCC_33392.fasta \
     /Molly/gurevich/MetaQUAST/res_final/res_hmp_final/quast_corrected_input/IDBA_UD_to_Haemophilus_parainfluenzae_ATCC_33392.fasta \
     >> /Molly/gurevich/MetaQUAST/res_final/res_hmp_final/runs_per_reference/Haemophilus_parainfluenzae_ATCC_33392/contigs_reports/contigs_report_IDBA_UD.stdout \
     2>> /Molly/gurevich/MetaQUAST/res_final/res_hmp_final/runs_per_reference/Haemophilus_parainfluenzae_ATCC_33392/contigs_reports/contigs_report_IDBA_UD.stderr
  3  /home/gurevich/rep/quast/libs/MUMmer3.23-linux/delta-filter -i 95 -l 0 /Molly/gurevich/MetaQUAST/res_final/res_hmp_final/runs_per_reference/Haemophilus_parainfluenzae_ATCC_33392/contigs_reports/nucmer_output/SOAPdenovo2.delta \
     > /Molly/gurevich/MetaQUAST/res_final/res_hmp_final/runs_per_reference/Haemophilus_parainfluenzae_ATCC_33392/contigs_reports/nucmer_output/SOAPdenovo2.fdelta \
     2> /Molly/gurevich/MetaQUAST/res_final/res_hmp_final/runs_per_reference/Haemophilus_parainfluenzae_ATCC_33392/contigs_reports/contigs_report_SOAPdenovo2.stderr
  3  /home/gurevich/rep/quast/libs/MUMmer3.23-linux/show-coords /Molly/gurevich/MetaQUAST/res_final/res_hmp_final/runs_per_reference/Haemophilus_parainfluenzae_ATCC_33392/contigs_reports/nucmer_output/SOAPdenovo2.delta \
     > /Molly/gurevich/MetaQUAST/res_final/res_hmp_final/runs_per_reference/Haemophilus_parainfluenzae_ATCC_33392/contigs_reports/nucmer_output/SOAPdenovo2.coords_tmp \
     2> /Molly/gurevich/MetaQUAST/res_final/res_hmp_final/runs_per_reference/Haemophilus_parainfluenzae_ATCC_33392/contigs_reports/contigs_report_SOAPdenovo2.stderr
  3  /home/gurevich/rep/quast/libs/MUMmer3.23-linux/show-snps -S -T -H /Molly/gurevich/MetaQUAST/res_final/res_hmp_final/runs_per_reference/Haemophilus_parainfluenzae_ATCC_33392/contigs_reports/nucmer_output/SOAPdenovo2.delta \
     < /Molly/gurevich/MetaQUAST/res_final/res_hmp_final/runs_per_reference/Haemophilus_parainfluenzae_ATCC_33392/contigs_reports/nucmer_output/SOAPdenovo2.coords.headless \
     > /Molly/gurevich/MetaQUAST/res_final/res_hmp_final/runs_per_reference/Haemophilus_parainfluenzae_ATCC_33392/contigs_reports/nucmer_output/SOAPdenovo2.all_snps \
     2> /Molly/gurevich/MetaQUAST/res_final/res_hmp_final/runs_per_reference/Haemophilus_parainfluenzae_ATCC_33392/contigs_reports/contigs_report_SOAPdenovo2.stderr
  3  Alignments: ../runs_per_reference/Haemophilus_parainfluenzae_ATCC_33392/contigs_reports/alignments_SOAPdenovo2.tsv
  3  Analysis is finished.

  4  /home/gurevich/rep/quast/libs/MUMmer3.23-linux/delta-filter -i 95 -l 0 /Molly/gurevich/MetaQUAST/res_final/res_hmp_final/runs_per_reference/Haemophilus_parainfluenzae_ATCC_33392/contigs_reports/nucmer_output/SPAdes.delta \
     > /Molly/gurevich/MetaQUAST/res_final/res_hmp_final/runs_per_reference/Haemophilus_parainfluenzae_ATCC_33392/contigs_reports/nucmer_output/SPAdes.fdelta \
     2> /Molly/gurevich/MetaQUAST/res_final/res_hmp_final/runs_per_reference/Haemophilus_parainfluenzae_ATCC_33392/contigs_reports/contigs_report_SPAdes.stderr
  4  /home/gurevich/rep/quast/libs/MUMmer3.23-linux/show-coords /Molly/gurevich/MetaQUAST/res_final/res_hmp_final/runs_per_reference/Haemophilus_parainfluenzae_ATCC_33392/contigs_reports/nucmer_output/SPAdes.delta \
     > /Molly/gurevich/MetaQUAST/res_final/res_hmp_final/runs_per_reference/Haemophilus_parainfluenzae_ATCC_33392/contigs_reports/nucmer_output/SPAdes.coords_tmp \
     2> /Molly/gurevich/MetaQUAST/res_final/res_hmp_final/runs_per_reference/Haemophilus_parainfluenzae_ATCC_33392/contigs_reports/contigs_report_SPAdes.stderr
  4  /home/gurevich/rep/quast/libs/MUMmer3.23-linux/show-snps -S -T -H /Molly/gurevich/MetaQUAST/res_final/res_hmp_final/runs_per_reference/Haemophilus_parainfluenzae_ATCC_33392/contigs_reports/nucmer_output/SPAdes.delta \
     < /Molly/gurevich/MetaQUAST/res_final/res_hmp_final/runs_per_reference/Haemophilus_parainfluenzae_ATCC_33392/contigs_reports/nucmer_output/SPAdes.coords.headless \
     > /Molly/gurevich/MetaQUAST/res_final/res_hmp_final/runs_per_reference/Haemophilus_parainfluenzae_ATCC_33392/contigs_reports/nucmer_output/SPAdes.all_snps \
     2> /Molly/gurevich/MetaQUAST/res_final/res_hmp_final/runs_per_reference/Haemophilus_parainfluenzae_ATCC_33392/contigs_reports/contigs_report_SPAdes.stderr
  1  /home/gurevich/rep/quast/libs/MUMmer3.23-linux/delta-filter -i 95 -l 0 /Molly/gurevich/MetaQUAST/res_final/res_hmp_final/runs_per_reference/Haemophilus_parainfluenzae_ATCC_33392/contigs_reports/nucmer_output/IDBA_UD.delta \
     > /Molly/gurevich/MetaQUAST/res_final/res_hmp_final/runs_per_reference/Haemophilus_parainfluenzae_ATCC_33392/contigs_reports/nucmer_output/IDBA_UD.fdelta \
     2> /Molly/gurevich/MetaQUAST/res_final/res_hmp_final/runs_per_reference/Haemophilus_parainfluenzae_ATCC_33392/contigs_reports/contigs_report_IDBA_UD.stderr
  1  /home/gurevich/rep/quast/libs/MUMmer3.23-linux/show-coords /Molly/gurevich/MetaQUAST/res_final/res_hmp_final/runs_per_reference/Haemophilus_parainfluenzae_ATCC_33392/contigs_reports/nucmer_output/IDBA_UD.delta \
     > /Molly/gurevich/MetaQUAST/res_final/res_hmp_final/runs_per_reference/Haemophilus_parainfluenzae_ATCC_33392/contigs_reports/nucmer_output/IDBA_UD.coords_tmp \
     2> /Molly/gurevich/MetaQUAST/res_final/res_hmp_final/runs_per_reference/Haemophilus_parainfluenzae_ATCC_33392/contigs_reports/contigs_report_IDBA_UD.stderr
  1  /home/gurevich/rep/quast/libs/MUMmer3.23-linux/show-snps -S -T -H /Molly/gurevich/MetaQUAST/res_final/res_hmp_final/runs_per_reference/Haemophilus_parainfluenzae_ATCC_33392/contigs_reports/nucmer_output/IDBA_UD.delta \
     < /Molly/gurevich/MetaQUAST/res_final/res_hmp_final/runs_per_reference/Haemophilus_parainfluenzae_ATCC_33392/contigs_reports/nucmer_output/IDBA_UD.coords.headless \
     > /Molly/gurevich/MetaQUAST/res_final/res_hmp_final/runs_per_reference/Haemophilus_parainfluenzae_ATCC_33392/contigs_reports/nucmer_output/IDBA_UD.all_snps \
     2> /Molly/gurevich/MetaQUAST/res_final/res_hmp_final/runs_per_reference/Haemophilus_parainfluenzae_ATCC_33392/contigs_reports/contigs_report_IDBA_UD.stderr
  4  Alignments: ../runs_per_reference/Haemophilus_parainfluenzae_ATCC_33392/contigs_reports/alignments_SPAdes.tsv
  4  Analysis is finished.

  1  Alignments: ../runs_per_reference/Haemophilus_parainfluenzae_ATCC_33392/contigs_reports/alignments_IDBA_UD.tsv
  1  Analysis is finished.

  2  /home/gurevich/rep/quast/libs/MUMmer3.23-linux/delta-filter -i 95 -l 0 /Molly/gurevich/MetaQUAST/res_final/res_hmp_final/runs_per_reference/Haemophilus_parainfluenzae_ATCC_33392/contigs_reports/nucmer_output/Ray.delta \
     > /Molly/gurevich/MetaQUAST/res_final/res_hmp_final/runs_per_reference/Haemophilus_parainfluenzae_ATCC_33392/contigs_reports/nucmer_output/Ray.fdelta \
     2> /Molly/gurevich/MetaQUAST/res_final/res_hmp_final/runs_per_reference/Haemophilus_parainfluenzae_ATCC_33392/contigs_reports/contigs_report_Ray.stderr
  2  /home/gurevich/rep/quast/libs/MUMmer3.23-linux/show-coords /Molly/gurevich/MetaQUAST/res_final/res_hmp_final/runs_per_reference/Haemophilus_parainfluenzae_ATCC_33392/contigs_reports/nucmer_output/Ray.delta \
     > /Molly/gurevich/MetaQUAST/res_final/res_hmp_final/runs_per_reference/Haemophilus_parainfluenzae_ATCC_33392/contigs_reports/nucmer_output/Ray.coords_tmp \
     2> /Molly/gurevich/MetaQUAST/res_final/res_hmp_final/runs_per_reference/Haemophilus_parainfluenzae_ATCC_33392/contigs_reports/contigs_report_Ray.stderr
  2  /home/gurevich/rep/quast/libs/MUMmer3.23-linux/show-snps -S -T -H /Molly/gurevich/MetaQUAST/res_final/res_hmp_final/runs_per_reference/Haemophilus_parainfluenzae_ATCC_33392/contigs_reports/nucmer_output/Ray.delta \
     < /Molly/gurevich/MetaQUAST/res_final/res_hmp_final/runs_per_reference/Haemophilus_parainfluenzae_ATCC_33392/contigs_reports/nucmer_output/Ray.coords.headless \
     > /Molly/gurevich/MetaQUAST/res_final/res_hmp_final/runs_per_reference/Haemophilus_parainfluenzae_ATCC_33392/contigs_reports/nucmer_output/Ray.all_snps \
     2> /Molly/gurevich/MetaQUAST/res_final/res_hmp_final/runs_per_reference/Haemophilus_parainfluenzae_ATCC_33392/contigs_reports/contigs_report_Ray.stderr
  2  Alignments: ../runs_per_reference/Haemophilus_parainfluenzae_ATCC_33392/contigs_reports/alignments_Ray.tsv
  2  Analysis is finished.

  Creating total report...
    saved to /Molly/gurevich/MetaQUAST/res_final/res_hmp_final/runs_per_reference/Haemophilus_parainfluenzae_ATCC_33392/contigs_reports/misassemblies_report.txt, misassemblies_report.tsv, and misassemblies_report.tex
  Transposed version of total report...
    saved to /Molly/gurevich/MetaQUAST/res_final/res_hmp_final/runs_per_reference/Haemophilus_parainfluenzae_ATCC_33392/contigs_reports/transposed_report_misassemblies.txt, transposed_report_misassemblies.tsv, and transposed_report_misassemblies.tex
  Creating total report...
    saved to /Molly/gurevich/MetaQUAST/res_final/res_hmp_final/runs_per_reference/Haemophilus_parainfluenzae_ATCC_33392/contigs_reports/unaligned_report.txt, unaligned_report.tsv, and unaligned_report.tex
  Drawing misassemblies by types plot...
    saved to /Molly/gurevich/MetaQUAST/res_final/res_hmp_final/runs_per_reference/Haemophilus_parainfluenzae_ATCC_33392/contigs_reports/misassemblies_plot.pdf
Done.

2015-11-09 20:28:37
Running NA-NGA calculation...
  1  IDBA_UD, Largest alignment = 15524, NA50 = 694, LA50 = 513
  2  Ray, Largest alignment = 28228, NA50 = None, LA50 = None
  3  SOAPdenovo2, Largest alignment = 6744, NA50 = 691, LA50 = 118
  4  SPAdes, Largest alignment = 20423, NA50 = 869, LA50 = 228
  Drawing cumulative plot...
    saved to /Molly/gurevich/MetaQUAST/res_final/res_hmp_final/runs_per_reference/Haemophilus_parainfluenzae_ATCC_33392/aligned_stats/cumulative_plot.pdf
  Drawing NAx plot...
    saved to /Molly/gurevich/MetaQUAST/res_final/res_hmp_final/runs_per_reference/Haemophilus_parainfluenzae_ATCC_33392/aligned_stats/NAx_plot.pdf
  Drawing NGAx plot...
    saved to /Molly/gurevich/MetaQUAST/res_final/res_hmp_final/runs_per_reference/Haemophilus_parainfluenzae_ATCC_33392/aligned_stats/NGAx_plot.pdf
Done.

2015-11-09 20:28:39
Running Genome analyzer...
  NOTICE: No file with genes provided. Use the -G option if you want to specify it.
  NOTICE: No file with operons provided. Use the -O option if you want to specify it.
  1  IDBA_UD
  2  Ray
  3  SOAPdenovo2
  4  SPAdes
  3  Analysis is finished.
  2  Analysis is finished.
  4  Analysis is finished.
  1  Analysis is finished.
  Drawing Genome fraction, % histogram...
    saved to /Molly/gurevich/MetaQUAST/res_final/res_hmp_final/runs_per_reference/Haemophilus_parainfluenzae_ATCC_33392/genome_stats/genome_fraction_histogram.pdf
Done.

NOTICE: Genes are not predicted by default. Use --gene-finding option to enable it.

2015-11-09 20:28:41
Drawing large plots...
This may take a while: press Ctrl-C to skip this step..
  1 of 2: Creating contig alignment plot...
  2 of 2: Creating PDF with all tables and plots...
Done

2015-11-09 20:28:51
RESULTS:
  Text versions of total report are saved to /Molly/gurevich/MetaQUAST/res_final/res_hmp_final/runs_per_reference/Haemophilus_parainfluenzae_ATCC_33392/report.txt, report.tsv, and report.tex
  Text versions of transposed total report are saved to /Molly/gurevich/MetaQUAST/res_final/res_hmp_final/runs_per_reference/Haemophilus_parainfluenzae_ATCC_33392/transposed_report.txt, transposed_report.tsv, and transposed_report.tex
  HTML version (interactive tables and plots) saved to /Molly/gurevich/MetaQUAST/res_final/res_hmp_final/runs_per_reference/Haemophilus_parainfluenzae_ATCC_33392/report.html
  PDF version (tables and plots) saved to /Molly/gurevich/MetaQUAST/res_final/res_hmp_final/runs_per_reference/Haemophilus_parainfluenzae_ATCC_33392/report.pdf
  Contig alignment plot: /Molly/gurevich/MetaQUAST/res_final/res_hmp_final/runs_per_reference/Haemophilus_parainfluenzae_ATCC_33392/alignment.svg
