Aligning contigs to reference...
	Running Nucmer
Parsing coords...
Loading reference...
	Loaded [Bacteroides_stercoris_gi_514973000_ref_NZ_]
	Loaded [Bacteroides_stercoris_gi_514973003_ref_NZ_]
	Loaded [Bacteroides_stercoris_gi_514973476_ref_NZ_]
	Loaded [Bacteroides_stercoris_gi_514973850_ref_NZ_]
	Loaded [Bacteroides_stercoris_gi_514974163_ref_NZ_]
	Loaded [Bacteroides_stercoris_gi_514974381_ref_NZ_]
	Loaded [Bacteroides_stercoris_gi_514974549_ref_NZ_]
	Loaded [Bacteroides_stercoris_gi_514974604_ref_NZ_]
	Loaded [Bacteroides_stercoris_gi_514974672_ref_NZ_]
	Loaded [Bacteroides_stercoris_gi_514974745_ref_NZ_]
Loading SNPs...
Loading regions...
	No regions given, using whole reference.
	Total Regions: 10
	Total Region Length: 4102660
Analyzing contigs...
CONTIG: scaffold-3822 (1491bp)
Top Length: 1491  Top ID: 99.6
		One align captures most of this contig: 88762 90252 | 1491 1 | 1491 1491 | 99.6 | Bacteroides_stercoris_gi_514974381_ref_NZ_ scaffold-3822

CONTIG: scaffold-6670 (526bp)
Top Length: 526  Top ID: 100.0
		One align captures most of this contig: 117622 118147 | 1 526 | 526 526 | 100.0 | Bacteroides_stercoris_gi_514974381_ref_NZ_ scaffold-6670

CONTIG: scaffold-3898 (1848bp)
Top Length: 351  Top ID: 96.3
		Skipping redundant alignment 622839 623185 | 347 1 | 347 347 | 96.54 | Bacteroides_stercoris_gi_514973000_ref_NZ_ scaffold-3898
		Skipping redundant alignment 278433 278779 | 347 1 | 347 347 | 96.54 | Bacteroides_stercoris_gi_514973850_ref_NZ_ scaffold-3898
		Skipping redundant alignment 92973 93319 | 347 1 | 347 347 | 96.25 | Bacteroides_stercoris_gi_514974549_ref_NZ_ scaffold-3898
		Skipping redundant alignment 958749 959094 | 346 1 | 346 346 | 96.24 | Bacteroides_stercoris_gi_514973000_ref_NZ_ scaffold-3898
		Skipping redundant alignment 468220 468564 | 345 1 | 345 345 | 96.23 | Bacteroides_stercoris_gi_514973476_ref_NZ_ scaffold-3898
		Skipping redundant alignment 839140 839450 | 347 37 | 311 311 | 96.46 | Bacteroides_stercoris_gi_514973000_ref_NZ_ scaffold-3898
		This contig is partially unaligned. (Aligned 351 out of 1848 bases)
		Alignment: 449816 450166 | 351 1 | 351 351 | 96.3 | Bacteroides_stercoris_gi_514974163_ref_NZ_ scaffold-3898
		Unaligned bases: 352 to 1848 (1497)

CONTIG: scaffold-30744 (2067bp)
Top Length: 364  Top ID: 96.44
		Skipping redundant alignment 624168 624524 | 2067 1711 | 357 357 | 97.2 | Bacteroides_stercoris_gi_514973000_ref_NZ_ scaffold-30744
		Skipping redundant alignment 840574 840930 | 2067 1711 | 357 357 | 97.2 | Bacteroides_stercoris_gi_514973000_ref_NZ_ scaffold-30744
		Skipping redundant alignment 960077 960433 | 2067 1711 | 357 357 | 97.2 | Bacteroides_stercoris_gi_514973000_ref_NZ_ scaffold-30744
		Skipping redundant alignment 469547 469903 | 2067 1711 | 357 357 | 96.92 | Bacteroides_stercoris_gi_514973476_ref_NZ_ scaffold-30744
		Skipping redundant alignment 94302 94658 | 2067 1711 | 357 357 | 96.92 | Bacteroides_stercoris_gi_514974549_ref_NZ_ scaffold-30744
		This contig is partially unaligned. (Aligned 364 out of 2067 bases)
		Alignment: 451149 451513 | 2067 1704 | 365 364 | 96.44 | Bacteroides_stercoris_gi_514974163_ref_NZ_ scaffold-30744
		Unaligned bases: 1 to 1703 (1703)

CONTIG: scaffold-1123 (4856bp)
Top Length: 72  Top ID: 98.61
		Skipping redundant alignment 160345 160413 | 2494 2426 | 69 69 | 100.0 | Bacteroides_stercoris_gi_514974381_ref_NZ_ scaffold-1123
		This contig is partially unaligned. (Aligned 72 out of 4856 bases)
		Alignment: 138696 138767 | 2497 2426 | 72 72 | 98.61 | Bacteroides_stercoris_gi_514973000_ref_NZ_ scaffold-1123
		Unaligned bases: 1 to 2425 (2425)
		Unaligned bases: 2498 to 4856 (2359)

CONTIG: scaffold-2040 (9313bp)
Top Length: 363  Top ID: 97.25
		Skipping redundant alignment 624168 624525 | 1 358 | 358 358 | 97.49 | Bacteroides_stercoris_gi_514973000_ref_NZ_ scaffold-2040
		Skipping redundant alignment 960077 960434 | 1 358 | 358 358 | 97.49 | Bacteroides_stercoris_gi_514973000_ref_NZ_ scaffold-2040
		Skipping redundant alignment 469547 469904 | 1 358 | 358 358 | 97.21 | Bacteroides_stercoris_gi_514973476_ref_NZ_ scaffold-2040
		Skipping redundant alignment 94302 94659 | 1 358 | 358 358 | 97.21 | Bacteroides_stercoris_gi_514974549_ref_NZ_ scaffold-2040
		Skipping redundant alignment 451149 451506 | 1 358 | 358 358 | 97.21 | Bacteroides_stercoris_gi_514974163_ref_NZ_ scaffold-2040
		This contig is partially unaligned. (Aligned 363 out of 9313 bases)
		Alignment: 840574 840936 | 1 363 | 363 363 | 97.25 | Bacteroides_stercoris_gi_514973000_ref_NZ_ scaffold-2040
		Unaligned bases: 364 to 9313 (8950)

CONTIG: scaffold-90264 (1109bp)
Top Length: 1108  Top ID: 95.94
		One align captures most of this contig: 330470 331576 | 1 1108 | 1107 1108 | 95.94 | Bacteroides_stercoris_gi_514973000_ref_NZ_ scaffold-90264

CONTIG: scaffold-48 (27618bp)
Top Length: 2113  Top ID: 96.88
		This contig is misassembled. 2 total aligns.
			Warning! This contig is more unaligned than misassembled. Contig length is 27618 and total length of all aligns is 2269
		Alignment: 146468 148580 | 9813 11925 | 2113 2113 | 96.88 | Bacteroides_stercoris_gi_514973850_ref_NZ_ scaffold-48
		Alignment: 283544 283700 | 27463 27618 | 157 156 | 96.82 | Bacteroides_stercoris_gi_514973476_ref_NZ_ scaffold-48
		Unaligned bases: 25349
		This contig has both significant aligned and unaligned parts (of length >= min-contig)! It can contain interspecies translocations
CONTIG: scaffold-1427 (10533bp)
Top Length: 74  Top ID: 100.0
		This contig is partially unaligned. (Aligned 74 out of 10533 bases)
		Alignment: 31627 31700 | 74 1 | 74 74 | 100.0 | Bacteroides_stercoris_gi_514973850_ref_NZ_ scaffold-1427
		Unaligned bases: 75 to 10533 (10459)

CONTIG: scaffold-7377 (890bp)
Top Length: 432  Top ID: 95.83
		This contig is partially unaligned. (Aligned 432 out of 890 bases)
		Alignment: 44707 45138 | 432 1 | 432 432 | 95.83 | Bacteroides_stercoris_gi_514973850_ref_NZ_ scaffold-7377
		Unaligned bases: 433 to 890 (458)

CONTIG: scaffold-67722 (975bp)
Top Length: 749  Top ID: 96.4
		This contig is partially unaligned. (Aligned 749 out of 975 bases)
		Alignment: 41357 42105 | 975 227 | 749 749 | 96.4 | Bacteroides_stercoris_gi_514973850_ref_NZ_ scaffold-67722
		Unaligned bases: 1 to 226 (226)

CONTIG: scaffold-71166 (1416bp)
Top Length: 1416  Top ID: 98.73
		Marking as insignificant: 90414 90518 | 1312 1416 | 105 105 | 100.0 | Bacteroides_stercoris_gi_514973476_ref_NZ_ scaffold-71166
		This contig has 2 significant alignments. [An ambiguously mapped contig]
		Using only first of these alignment (option --ambiguity-usage is set to "one"):
		Alignment: 34011 35425 | 1416 1 | 1415 1416 | 98.73 | Bacteroides_stercoris_gi_514974549_ref_NZ_ scaffold-71166
		Skipping alignment  474265 475680 | 1416 1 | 1416 1416 | 98.66 | Bacteroides_stercoris_gi_514973850_ref_NZ_ scaffold-71166

Analyzing coverage...
Writing SNPs into /Molly/gurevich/MetaQUAST/res_final/res_metahit_final/runs_per_reference/Bacteroides_stercoris/contigs_reports/nucmer_output/Ray.used_snps
ERROR: Reference Bacteroides_stercoris_gi_514973003_ref_NZ_ does not have any alignments!  Check that this is the same file used for alignment.
ERROR: Alignment Reference Headers: ['Bacteroides_stercoris_gi_514973850_ref_NZ_', 'Bacteroides_stercoris_gi_514974549_ref_NZ_', 'Bacteroides_stercoris_gi_514973476_ref_NZ_', 'Bacteroides_stercoris_gi_514974381_ref_NZ_', 'Bacteroides_stercoris_gi_514974163_ref_NZ_', 'Bacteroides_stercoris_gi_514973000_ref_NZ_']
	Reference Bacteroides_stercoris_gi_514973850_ref_NZ_: 4 total alignments. 1 total regions.
		Region: 1 to 676612 (676612 bp)
			START in gap: 1 to 31627 (31626 bp)
			Align 1: 31627 31700 scaffold-1427 74 1
				Gap between this and next alignment: 31700 to 41357 (9656 bp)
				Next Alignment: 41357 42105 scaffold-67722 975 227

			Align 2: 41357 42105 scaffold-67722 975 227
				Gap between this and next alignment: 42105 to 44707 (2601 bp)
				Next Alignment: 44707 45138 scaffold-7377 432 1

			Align 3: 44707 45138 scaffold-7377 432 1
				Gap between this and next alignment: 45138 to 146468 (101329 bp)
				Next Alignment: 146468 148580 scaffold-48 9813 11925

			Align 4: 146468 148580 scaffold-48 9813 11925
			END in gap: 148580 to 676612 (528032 bp)

	Reference Bacteroides_stercoris_gi_514974549_ref_NZ_: 1 total alignments. 1 total regions.
		Region: 1 to 266362 (266362 bp)
			START in gap: 1 to 34011 (34010 bp)
			Align 1: 34011 35425 scaffold-71166 1416 1
			END in gap: 35425 to 266362 (230937 bp)

	Reference Bacteroides_stercoris_gi_514973476_ref_NZ_: 1 total alignments. 1 total regions.
		Region: 1 to 889028 (889028 bp)
			START in gap: 1 to 283544 (283543 bp)
			Align 1: 283544 283700 scaffold-48 27463 27618
			END in gap: 283700 to 889028 (605328 bp)

ERROR: Reference Bacteroides_stercoris_gi_514974672_ref_NZ_ does not have any alignments!  Check that this is the same file used for alignment.
ERROR: Alignment Reference Headers: ['Bacteroides_stercoris_gi_514973850_ref_NZ_', 'Bacteroides_stercoris_gi_514974549_ref_NZ_', 'Bacteroides_stercoris_gi_514973476_ref_NZ_', 'Bacteroides_stercoris_gi_514974381_ref_NZ_', 'Bacteroides_stercoris_gi_514974163_ref_NZ_', 'Bacteroides_stercoris_gi_514973000_ref_NZ_']
	Reference Bacteroides_stercoris_gi_514974381_ref_NZ_: 2 total alignments. 1 total regions.
		Region: 1 to 359277 (359277 bp)
			START in gap: 1 to 88762 (88761 bp)
			Align 1: 88762 90252 scaffold-3822 1491 1
				Gap between this and next alignment: 90252 to 117622 (27369 bp)
				Next Alignment: 117622 118147 scaffold-6670 1 526

			Align 2: 117622 118147 scaffold-6670 1 526
			END in gap: 118147 to 359277 (241130 bp)

	Reference Bacteroides_stercoris_gi_514974163_ref_NZ_: 2 total alignments. 1 total regions.
		Region: 1 to 532255 (532255 bp)
			START in gap: 1 to 449816 (449815 bp)
			Align 1: 449816 450166 scaffold-3898 351 1
				Gap between this and next alignment: 450166 to 451149 (982 bp)
				Next Alignment: 451149 451513 scaffold-30744 2067 1704

			Align 2: 451149 451513 scaffold-30744 2067 1704
			END in gap: 451513 to 532255 (80742 bp)

	Reference Bacteroides_stercoris_gi_514973000_ref_NZ_: 3 total alignments. 1 total regions.
		Region: 1 to 967553 (967553 bp)
			START in gap: 1 to 138696 (138695 bp)
			Align 1: 138696 138767 scaffold-1123 2497 2426
				Gap between this and next alignment: 138767 to 330470 (191702 bp)
				Next Alignment: 330470 331576 scaffold-90264 1 1108

			Align 2: 330470 331576 scaffold-90264 1 1108
				Gap between this and next alignment: 331576 to 840574 (508997 bp)
				Next Alignment: 840574 840936 scaffold-2040 1 363

			Align 3: 840574 840936 scaffold-2040 1 363
			END in gap: 840936 to 967553 (126617 bp)

ERROR: Reference Bacteroides_stercoris_gi_514974745_ref_NZ_ does not have any alignments!  Check that this is the same file used for alignment.
ERROR: Alignment Reference Headers: ['Bacteroides_stercoris_gi_514973850_ref_NZ_', 'Bacteroides_stercoris_gi_514974549_ref_NZ_', 'Bacteroides_stercoris_gi_514973476_ref_NZ_', 'Bacteroides_stercoris_gi_514974381_ref_NZ_', 'Bacteroides_stercoris_gi_514974163_ref_NZ_', 'Bacteroides_stercoris_gi_514973000_ref_NZ_']
ERROR: Reference Bacteroides_stercoris_gi_514974604_ref_NZ_ does not have any alignments!  Check that this is the same file used for alignment.
ERROR: Alignment Reference Headers: ['Bacteroides_stercoris_gi_514973850_ref_NZ_', 'Bacteroides_stercoris_gi_514974549_ref_NZ_', 'Bacteroides_stercoris_gi_514973476_ref_NZ_', 'Bacteroides_stercoris_gi_514974381_ref_NZ_', 'Bacteroides_stercoris_gi_514974163_ref_NZ_', 'Bacteroides_stercoris_gi_514973000_ref_NZ_']
Analysis is finished!
Founded SNPs were written into /Molly/gurevich/MetaQUAST/res_final/res_metahit_final/runs_per_reference/Bacteroides_stercoris/contigs_reports/nucmer_output/Ray.used_snps

Results:
	Local Misassemblies: 0
	Misassemblies: 0
		Relocations: 0
		Translocations: 0
		Inversions: 0
	Fake misassemblies matched with structural variations: 0
	Misassembled Contigs: 0
	Misassembled Contig Bases: 0
	Misassemblies Inter-Contig Overlap: 0
Uncovered Regions: 0 (0)
Unaligned Contigs: 0 + 8 part
Partially Unaligned Contigs with Misassemblies: 1
Unaligned Contig Bases: 53426

Ambiguously Mapped Contigs: 1
Total Bases in Ambiguously Mapped Contigs: 1416
Note that --allow-ambiguity option was set to "one" and only first alignment per each contig was used.

	Covered Bases: 9215

	SNPs: 218
	Insertions: 2
	Deletions: 2

	Positive Gaps: 19
		Internal Gaps:  0
		External Gaps:  19
		External Gap Total:  3681872
		External Gap Average: 193783
	Negative Gaps: 0
		Internal Overlaps:  0
		External Overlaps:  0
		External Overlaps Total:  0
		External Overlaps Average: 0
	Contigs with Redundant Alignments: 0 (0)
