Aligning contigs to reference...
	Running Nucmer
Parsing coords...
Loading reference...
	Loaded [Prevotella_copri_gi_260447129_ref_NZ_]
	Loaded [Prevotella_copri_gi_260447130_ref_NZ_]
	Loaded [Prevotella_copri_gi_260447131_ref_NZ_]
	Loaded [Prevotella_copri_gi_260447132_ref_NZ_]
	Loaded [Prevotella_copri_gi_260447133_ref_NZ_]
	Loaded [Prevotella_copri_gi_260447134_ref_NZ_]
	Loaded [Prevotella_copri_gi_260447135_ref_NZ_]
	Loaded [Prevotella_copri_gi_260447136_ref_NZ_]
	Loaded [Prevotella_copri_gi_260447137_ref_NZ_]
	Loaded [Prevotella_copri_gi_260447138_ref_NZ_]
	Loaded [Prevotella_copri_gi_260447139_ref_NZ_]
	Loaded [Prevotella_copri_gi_260447140_ref_NZ_]
	Loaded [Prevotella_copri_gi_260447141_ref_NZ_]
	Loaded [Prevotella_copri_gi_260447142_ref_NZ_]
	Loaded [Prevotella_copri_gi_260447143_ref_NZ_]
	Loaded [Prevotella_copri_gi_260447144_ref_NZ_]
	Loaded [Prevotella_copri_gi_260447145_ref_NZ_]
	Loaded [Prevotella_copri_gi_260447146_ref_NZ_]
	Loaded [Prevotella_copri_gi_260447147_ref_NZ_]
	Loaded [Prevotella_copri_gi_260447148_ref_NZ_]
	Loaded [Prevotella_copri_gi_260447149_ref_NZ_]
	Loaded [Prevotella_copri_gi_260447150_ref_NZ_]
	Loaded [Prevotella_copri_gi_260447151_ref_NZ_]
	Loaded [Prevotella_copri_gi_260447152_ref_NZ_]
	Loaded [Prevotella_copri_gi_260447153_ref_NZ_]
	Loaded [Prevotella_copri_gi_260447154_ref_NZ_]
	Loaded [Prevotella_copri_gi_260447155_ref_NZ_]
Loading SNPs...
Loading regions...
	No regions given, using whole reference.
	Total Regions: 27
	Total Region Length: 3512473
Analyzing contigs...
CONTIG: C733888_28.0 (666bp)
Top Length: 641  Top ID: 97.67
		Skipping redundant alignment 283511 283600 | 1 88 | 90 88 | 95.56 | Prevotella_copri_gi_260447129_ref_NZ_ C733888_28.0
		This contig is partially unaligned. (Aligned 641 out of 666 bases)
		Alignment: 341193 341833 | 1 641 | 641 641 | 97.67 | Prevotella_copri_gi_260447129_ref_NZ_ C733888_28.0
		Unaligned bases: 642 to 666 (25)

CONTIG: C755042_26.0 (1551bp)
Top Length: 1072  Top ID: 96.27
		This contig is misassembled. 2 total aligns.
			Real Alignment 1: 334514 334756 | 265 23 | 243 243 | 97.94 | Prevotella_copri_gi_260447129_ref_NZ_ C755042_26.0
			  Overlap between these two alignments (local misassembly). Inconsistency = -141 
			Real Alignment 2: 333445 334514 | 1477 406 | 1070 1072 | 96.27 | Prevotella_copri_gi_260447129_ref_NZ_ C755042_26.0

CONTIG: C761306_11.0 (2629bp)
Top Length: 78  Top ID: 100.0
		This contig is partially unaligned. (Aligned 78 out of 2629 bases)
		Alignment: 274683 274760 | 2405 2482 | 78 78 | 100.0 | Prevotella_copri_gi_260447129_ref_NZ_ C761306_11.0
		Unaligned bases: 1 to 2404 (2404)
		Unaligned bases: 2483 to 2629 (147)

CONTIG: C763236_19.0 (3441bp)
Top Length: 922  Top ID: 96.42
		This contig is misassembled. 2 total aligns.
			Warning! This contig is more unaligned than misassembled. Contig length is 3441 and total length of all aligns is 1680
		Alignment: 275733 276490 | 65 822 | 758 758 | 96.17 | Prevotella_copri_gi_260447129_ref_NZ_ C763236_19.0
		Alignment: 276582 277503 | 2295 3216 | 922 922 | 96.42 | Prevotella_copri_gi_260447129_ref_NZ_ C763236_19.0
		Unaligned bases: 1761
		This contig has both significant aligned and unaligned parts (of length >= min-contig)! It can contain interspecies translocations
CONTIG: C763894_11.0 (3874bp)
Top Length: 193  Top ID: 98.45
			Skipping redundant alignments after choosing the best set of alignments
		Skipping redundant alignment 177419 177611 | 1 193 | 193 193 | 96.89 | Prevotella_copri_gi_260447129_ref_NZ_ C763894_11.0
		Skipping redundant alignment 72903 73095 | 1 193 | 193 193 | 96.37 | Prevotella_copri_gi_260447141_ref_NZ_ C763894_11.0
		Skipping redundant alignment 12 205 | 1 193 | 194 193 | 96.39 | Prevotella_copri_gi_260447145_ref_NZ_ C763894_11.0
		This contig is partially unaligned. (Aligned 193 out of 3874 bases)
		Alignment: 174697 174889 | 1 193 | 193 193 | 98.45 | Prevotella_copri_gi_260447129_ref_NZ_ C763894_11.0
		Unaligned bases: 194 to 3874 (3681)

CONTIG: C764918_23.0 (4868bp)
Top Length: 2441  Top ID: 96.07
		This contig is misassembled. 2 total aligns.
			Real Alignment 1: 329704 332120 | 642 3082 | 2417 2441 | 96.07 | Prevotella_copri_gi_260447129_ref_NZ_ C764918_23.0
			  Overlap between these two alignments (local misassembly). Inconsistency = -431 
			Real Alignment 2: 332267 333468 | 3660 4861 | 1202 1202 | 96.59 | Prevotella_copri_gi_260447129_ref_NZ_ C764918_23.0
		This contig has significant unaligned parts (of length >= min-contig)! It can contain interspecies translocations

CONTIG: C765666_30.0 (6098bp)
Top Length: 710  Top ID: 96.2
		This contig is partially unaligned. (Aligned 710 out of 6098 bases)
		Alignment: 334752 335461 | 6066 5357 | 710 710 | 96.2 | Prevotella_copri_gi_260447129_ref_NZ_ C765666_30.0
		Unaligned bases: 1 to 5356 (5356)
		Unaligned bases: 6067 to 6098 (32)
		This contig has both significant aligned and unaligned parts (of length >= min-contig)! It can contain interspecies translocations

CONTIG: C766224_23.0 (7887bp)
Top Length: 2017  Top ID: 95.2
		Skipping redundant alignment 285566 285750 | 1870 2054 | 185 185 | 95.14 | Prevotella_copri_gi_260447129_ref_NZ_ C766224_23.0
		This contig is misassembled. 4 total aligns.
			Warning! This contig is more unaligned than misassembled. Contig length is 7887 and total length of all aligns is 3308
		Alignment: 343589 344387 | 1868 2666 | 799 799 | 95.12 | Prevotella_copri_gi_260447129_ref_NZ_ C766224_23.0
		Alignment: 325166 325658 | 3029 3520 | 493 492 | 95.13 | Prevotella_copri_gi_260447129_ref_NZ_ C766224_23.0
		Alignment: 327700 329707 | 5832 7848 | 2008 2017 | 95.2 | Prevotella_copri_gi_260447129_ref_NZ_ C766224_23.0
		Unaligned bases: 4579
		This contig has both significant aligned and unaligned parts (of length >= min-contig)! It can contain interspecies translocations
Analyzing coverage...
Writing SNPs into /Molly/gurevich/MetaQUAST/res_final/res_metahit_final/runs_per_reference/Prevotella_copri/contigs_reports/nucmer_output/SOAPdenovo2.used_snps
ERROR: Reference Prevotella_copri_gi_260447136_ref_NZ_ does not have any alignments!  Check that this is the same file used for alignment.
ERROR: Alignment Reference Headers: ['Prevotella_copri_gi_260447129_ref_NZ_']
ERROR: Reference Prevotella_copri_gi_260447150_ref_NZ_ does not have any alignments!  Check that this is the same file used for alignment.
ERROR: Alignment Reference Headers: ['Prevotella_copri_gi_260447129_ref_NZ_']
ERROR: Reference Prevotella_copri_gi_260447131_ref_NZ_ does not have any alignments!  Check that this is the same file used for alignment.
ERROR: Alignment Reference Headers: ['Prevotella_copri_gi_260447129_ref_NZ_']
ERROR: Reference Prevotella_copri_gi_260447154_ref_NZ_ does not have any alignments!  Check that this is the same file used for alignment.
ERROR: Alignment Reference Headers: ['Prevotella_copri_gi_260447129_ref_NZ_']
ERROR: Reference Prevotella_copri_gi_260447148_ref_NZ_ does not have any alignments!  Check that this is the same file used for alignment.
ERROR: Alignment Reference Headers: ['Prevotella_copri_gi_260447129_ref_NZ_']
ERROR: Reference Prevotella_copri_gi_260447133_ref_NZ_ does not have any alignments!  Check that this is the same file used for alignment.
ERROR: Alignment Reference Headers: ['Prevotella_copri_gi_260447129_ref_NZ_']
ERROR: Reference Prevotella_copri_gi_260447144_ref_NZ_ does not have any alignments!  Check that this is the same file used for alignment.
ERROR: Alignment Reference Headers: ['Prevotella_copri_gi_260447129_ref_NZ_']
ERROR: Reference Prevotella_copri_gi_260447135_ref_NZ_ does not have any alignments!  Check that this is the same file used for alignment.
ERROR: Alignment Reference Headers: ['Prevotella_copri_gi_260447129_ref_NZ_']
ERROR: Reference Prevotella_copri_gi_260447134_ref_NZ_ does not have any alignments!  Check that this is the same file used for alignment.
ERROR: Alignment Reference Headers: ['Prevotella_copri_gi_260447129_ref_NZ_']
ERROR: Reference Prevotella_copri_gi_260447141_ref_NZ_ does not have any alignments!  Check that this is the same file used for alignment.
ERROR: Alignment Reference Headers: ['Prevotella_copri_gi_260447129_ref_NZ_']
ERROR: Reference Prevotella_copri_gi_260447140_ref_NZ_ does not have any alignments!  Check that this is the same file used for alignment.
ERROR: Alignment Reference Headers: ['Prevotella_copri_gi_260447129_ref_NZ_']
ERROR: Reference Prevotella_copri_gi_260447149_ref_NZ_ does not have any alignments!  Check that this is the same file used for alignment.
ERROR: Alignment Reference Headers: ['Prevotella_copri_gi_260447129_ref_NZ_']
ERROR: Reference Prevotella_copri_gi_260447132_ref_NZ_ does not have any alignments!  Check that this is the same file used for alignment.
ERROR: Alignment Reference Headers: ['Prevotella_copri_gi_260447129_ref_NZ_']
ERROR: Reference Prevotella_copri_gi_260447153_ref_NZ_ does not have any alignments!  Check that this is the same file used for alignment.
ERROR: Alignment Reference Headers: ['Prevotella_copri_gi_260447129_ref_NZ_']
ERROR: Reference Prevotella_copri_gi_260447138_ref_NZ_ does not have any alignments!  Check that this is the same file used for alignment.
ERROR: Alignment Reference Headers: ['Prevotella_copri_gi_260447129_ref_NZ_']
ERROR: Reference Prevotella_copri_gi_260447142_ref_NZ_ does not have any alignments!  Check that this is the same file used for alignment.
ERROR: Alignment Reference Headers: ['Prevotella_copri_gi_260447129_ref_NZ_']
ERROR: Reference Prevotella_copri_gi_260447130_ref_NZ_ does not have any alignments!  Check that this is the same file used for alignment.
ERROR: Alignment Reference Headers: ['Prevotella_copri_gi_260447129_ref_NZ_']
	Reference Prevotella_copri_gi_260447129_ref_NZ_: 13 total alignments. 1 total regions.
		Region: 1 to 866821 (866821 bp)
			START in gap: 1 to 174697 (174696 bp)
			Align 1: 174697 174889 C763894_11.0 1 193
				Gap between this and next alignment: 174889 to 274683 (99793 bp)
				Next Alignment: 274683 274760 C761306_11.0 2405 2482

			Align 2: 274683 274760 C761306_11.0 2405 2482
				Gap between this and next alignment: 274760 to 275733 (972 bp)
				Next Alignment: 275733 276490 C763236_19.0 65 822

			Align 3: 275733 276490 C763236_19.0 65 822
				Gap between this and next alignment: 276490 to 276582 (91 bp)
				Next Alignment: 276582 277503 C763236_19.0 2295 3216

			Align 4: 276582 277503 C763236_19.0 2295 3216
				Gap between this and next alignment: 277503 to 325166 (47662 bp)
				Next Alignment: 325166 325658 C766224_23.0 3029 3520

			Align 5: 325166 325658 C766224_23.0 3029 3520
				Gap between this and next alignment: 325658 to 327700 (2041 bp)
				Next Alignment: 327700 329707 C766224_23.0 5832 7848

			Align 6: 327700 329707 C766224_23.0 5832 7848
				Negative gap (overlap) between this and next alignment: 329707 to 329704 (-3 bp)
				Next Alignment: 329704 332120 C764918_23.0 642 3082

			Previous gap was negative, modifying coordinates to ignore overlap
				Moving contig start from 642 to 646.
			Align 7: 329708 332120 C764918_23.0 646 3082
				Gap between this and next alignment: 332120 to 332267 (146 bp)
				Next Alignment: 332267 333468 C764918_23.0 3660 4861

			Align 8: 332267 333468 C764918_23.0 3660 4861
				Negative gap (overlap) between this and next alignment: 333468 to 333445 (-23 bp)
				Next Alignment: 333445 334514 C755042_26.0 1477 406

			Previous gap was negative, modifying coordinates to ignore overlap
				Moving contig start from 1477 to 1453.
			Align 9: 333469 334514 C755042_26.0 1453 406
				Negative gap (overlap) between this and next alignment: 334514 to 334514 (0 bp)
				Next Alignment: 334514 334756 C755042_26.0 265 23

			Previous gap was negative, modifying coordinates to ignore overlap
				Moving contig start from 265 to 264.
			Align 10: 334515 334756 C755042_26.0 264 23
				Negative gap (overlap) between this and next alignment: 334756 to 334752 (-4 bp)
				Next Alignment: 334752 335461 C765666_30.0 6066 5357

			Previous gap was negative, modifying coordinates to ignore overlap
				Moving contig start from 6066 to 6061.
			Align 11: 334757 335461 C765666_30.0 6061 5357
				Gap between this and next alignment: 335461 to 341193 (5731 bp)
				Next Alignment: 341193 341833 C733888_28.0 1 641

			Align 12: 341193 341833 C733888_28.0 1 641
				Gap between this and next alignment: 341833 to 343589 (1755 bp)
				Next Alignment: 343589 344387 C766224_23.0 1868 2666

			Align 13: 343589 344387 C766224_23.0 1868 2666
			END in gap: 344387 to 866821 (522434 bp)

ERROR: Reference Prevotella_copri_gi_260447145_ref_NZ_ does not have any alignments!  Check that this is the same file used for alignment.
ERROR: Alignment Reference Headers: ['Prevotella_copri_gi_260447129_ref_NZ_']
ERROR: Reference Prevotella_copri_gi_260447147_ref_NZ_ does not have any alignments!  Check that this is the same file used for alignment.
ERROR: Alignment Reference Headers: ['Prevotella_copri_gi_260447129_ref_NZ_']
ERROR: Reference Prevotella_copri_gi_260447155_ref_NZ_ does not have any alignments!  Check that this is the same file used for alignment.
ERROR: Alignment Reference Headers: ['Prevotella_copri_gi_260447129_ref_NZ_']
ERROR: Reference Prevotella_copri_gi_260447137_ref_NZ_ does not have any alignments!  Check that this is the same file used for alignment.
ERROR: Alignment Reference Headers: ['Prevotella_copri_gi_260447129_ref_NZ_']
ERROR: Reference Prevotella_copri_gi_260447146_ref_NZ_ does not have any alignments!  Check that this is the same file used for alignment.
ERROR: Alignment Reference Headers: ['Prevotella_copri_gi_260447129_ref_NZ_']
ERROR: Reference Prevotella_copri_gi_260447152_ref_NZ_ does not have any alignments!  Check that this is the same file used for alignment.
ERROR: Alignment Reference Headers: ['Prevotella_copri_gi_260447129_ref_NZ_']
ERROR: Reference Prevotella_copri_gi_260447151_ref_NZ_ does not have any alignments!  Check that this is the same file used for alignment.
ERROR: Alignment Reference Headers: ['Prevotella_copri_gi_260447129_ref_NZ_']
ERROR: Reference Prevotella_copri_gi_260447139_ref_NZ_ does not have any alignments!  Check that this is the same file used for alignment.
ERROR: Alignment Reference Headers: ['Prevotella_copri_gi_260447129_ref_NZ_']
ERROR: Reference Prevotella_copri_gi_260447143_ref_NZ_ does not have any alignments!  Check that this is the same file used for alignment.
ERROR: Alignment Reference Headers: ['Prevotella_copri_gi_260447129_ref_NZ_']
Analysis is finished!
Founded SNPs were written into /Molly/gurevich/MetaQUAST/res_final/res_metahit_final/runs_per_reference/Prevotella_copri/contigs_reports/nucmer_output/SOAPdenovo2.used_snps

Results:
	Local Misassemblies: 2
	Misassemblies: 0
		Relocations: 0
		Translocations: 0
		Inversions: 0
	Fake misassemblies matched with structural variations: 0
	Misassembled Contigs: 0
	Misassembled Contig Bases: 0
	Misassemblies Inter-Contig Overlap: 0
Uncovered Regions: 0 (0)
Unaligned Contigs: 0 + 6 part
Partially Unaligned Contigs with Misassemblies: 2
Unaligned Contig Bases: 17985

Ambiguously Mapped Contigs: 0
Total Bases in Ambiguously Mapped Contigs: 0
Note that --allow-ambiguity option was set to "one" and only first alignment per each contig was used.

	Covered Bases: 11500

	SNPs: 392
	Insertions: 44
	Deletions: 10

	Positive Gaps: 10
		Internal Gaps:  3
		External Gaps:  7
		External Gap Total:  853043
		External Gap Average: 121863
	Negative Gaps: 4
		Internal Overlaps:  1
		External Overlaps:  3
		External Overlaps Total: -30
		External Overlaps Average: -10
	Contigs with Redundant Alignments: 0 (0)
