/home/gurevich/rep/quast/quast.pyc -t 16 -j  --meta  --bed-file /Molly/gurevich/MetaQUAST/res_final/res_hmp_final/combined_reference/structural_variations/combined_reference.bed --no-check-meta  --contig-thresholds 1000,5000,10000,25000,50000 -R /Molly/gurevich/MetaQUAST/res_final/res_hmp_final/quast_corrected_input/Streptococcus_infantis_X.fasta -o /Molly/gurevich/MetaQUAST/res_final/res_hmp_final/runs_per_reference/Streptococcus_infantis_X --labels "IDBA_UD, Ray, SOAPdenovo2, SPAdes" /Molly/gurevich/MetaQUAST/res_final/res_hmp_final/quast_corrected_input/IDBA_UD_to_Streptococcus_infantis_X.fasta /Molly/gurevich/MetaQUAST/res_final/res_hmp_final/quast_corrected_input/Ray_to_Streptococcus_infantis_X.fasta /Molly/gurevich/MetaQUAST/res_final/res_hmp_final/quast_corrected_input/SOAPdenovo2_to_Streptococcus_infantis_X.fasta /Molly/gurevich/MetaQUAST/res_final/res_hmp_final/quast_corrected_input/SPAdes_to_Streptococcus_infantis_X.fasta

Started: 2015-11-09 20:35:13

Logging to /Molly/gurevich/MetaQUAST/res_final/res_hmp_final/runs_per_reference/Streptococcus_infantis_X/quast.log

NOTICE: Output directory already exists. Existing Nucmer alignments can be used.

Reference:
  /Molly/gurevich/MetaQUAST/res_final/res_hmp_final/quast_corrected_input/Streptococcus_infantis_X.fasta ==> Streptococcus_infantis_X

Contigs:
  1  /Molly/gurevich/MetaQUAST/res_final/res_hmp_final/quast_corrected_input/IDBA_UD_to_Streptococcus_infantis_X.fasta ==> IDBA_UD
  2  /Molly/gurevich/MetaQUAST/res_final/res_hmp_final/quast_corrected_input/Ray_to_Streptococcus_infantis_X.fasta ==> Ray
  3  /Molly/gurevich/MetaQUAST/res_final/res_hmp_final/quast_corrected_input/SOAPdenovo2_to_Streptococcus_infantis_X.fasta ==> SOAPdenovo2
  4  /Molly/gurevich/MetaQUAST/res_final/res_hmp_final/quast_corrected_input/SPAdes_to_Streptococcus_infantis_X.fasta ==> SPAdes

2015-11-09 20:35:14
Running Basic statistics processor...
  Reference genome:
    Streptococcus_infantis_X.fasta, Reference length = 1869505, Reference GC % = 39.57
  Contig files: 
    1  IDBA_UD
    2  Ray
    3  SOAPdenovo2
    4  SPAdes
  Calculating N50 and L50...
    1  IDBA_UD, N50 = 1452, L50 = 295, Total length = 1813472, GC % = 38.85, # N's per 100 kbp =  0.99
    2  Ray, N50 = 23892, L50 = 41, Total length = 4310925, GC % = 40.21, # N's per 100 kbp =  454.36
    3  SOAPdenovo2, N50 = 1317, L50 = 98, Total length = 516627, GC % = 38.35, # N's per 100 kbp =  9563.57
    4  SPAdes, N50 = 1576, L50 = 425, Total length = 2527852, GC % = 39.52, # N's per 100 kbp =  61.63
  Drawing Nx plot...
    saved to /Molly/gurevich/MetaQUAST/res_final/res_hmp_final/runs_per_reference/Streptococcus_infantis_X/basic_stats/Nx_plot.pdf
  Drawing NGx plot...
    saved to /Molly/gurevich/MetaQUAST/res_final/res_hmp_final/runs_per_reference/Streptococcus_infantis_X/basic_stats/NGx_plot.pdf
  Drawing cumulative plot...
    saved to /Molly/gurevich/MetaQUAST/res_final/res_hmp_final/runs_per_reference/Streptococcus_infantis_X/basic_stats/cumulative_plot.pdf
  Drawing GC content plot...
    saved to /Molly/gurevich/MetaQUAST/res_final/res_hmp_final/runs_per_reference/Streptococcus_infantis_X/basic_stats/GC_content_plot.pdf
Done.

2015-11-09 20:35:18
Running Contig analyzer...
  1  IDBA_UD
  2  Ray
  3  SOAPdenovo2
  4  SPAdes
  3  Logging to files /Molly/gurevich/MetaQUAST/res_final/res_hmp_final/runs_per_reference/Streptococcus_infantis_X/contigs_reports/contigs_report_SOAPdenovo2.stdout and contigs_report_SOAPdenovo2.stderr...
  3  Running Nucmer
  3  /home/gurevich/rep/quast/libs/MUMmer3.23-linux/nucmer -c 65 -l 65 --maxmatch \
     -p /Molly/gurevich/MetaQUAST/res_final/res_hmp_final/runs_per_reference/Streptococcus_infantis_X/contigs_reports/nucmer_output/SOAPdenovo2 \
     /Molly/gurevich/MetaQUAST/res_final/res_hmp_final/runs_per_reference/Streptococcus_infantis_X/quast_corrected_input/Streptococcus_infantis_X.fasta \
     /Molly/gurevich/MetaQUAST/res_final/res_hmp_final/quast_corrected_input/SOAPdenovo2_to_Streptococcus_infantis_X.fasta \
     >> /Molly/gurevich/MetaQUAST/res_final/res_hmp_final/runs_per_reference/Streptococcus_infantis_X/contigs_reports/contigs_report_SOAPdenovo2.stdout \
     2>> /Molly/gurevich/MetaQUAST/res_final/res_hmp_final/runs_per_reference/Streptococcus_infantis_X/contigs_reports/contigs_report_SOAPdenovo2.stderr
  4  Logging to files /Molly/gurevich/MetaQUAST/res_final/res_hmp_final/runs_per_reference/Streptococcus_infantis_X/contigs_reports/contigs_report_SPAdes.stdout and contigs_report_SPAdes.stderr...
  4  Running Nucmer
  4  /home/gurevich/rep/quast/libs/MUMmer3.23-linux/nucmer -c 65 -l 65 --maxmatch \
     -p /Molly/gurevich/MetaQUAST/res_final/res_hmp_final/runs_per_reference/Streptococcus_infantis_X/contigs_reports/nucmer_output/SPAdes \
     /Molly/gurevich/MetaQUAST/res_final/res_hmp_final/runs_per_reference/Streptococcus_infantis_X/quast_corrected_input/Streptococcus_infantis_X.fasta \
     /Molly/gurevich/MetaQUAST/res_final/res_hmp_final/quast_corrected_input/SPAdes_to_Streptococcus_infantis_X.fasta \
     >> /Molly/gurevich/MetaQUAST/res_final/res_hmp_final/runs_per_reference/Streptococcus_infantis_X/contigs_reports/contigs_report_SPAdes.stdout \
     2>> /Molly/gurevich/MetaQUAST/res_final/res_hmp_final/runs_per_reference/Streptococcus_infantis_X/contigs_reports/contigs_report_SPAdes.stderr
  1  Logging to files /Molly/gurevich/MetaQUAST/res_final/res_hmp_final/runs_per_reference/Streptococcus_infantis_X/contigs_reports/contigs_report_IDBA_UD.stdout and contigs_report_IDBA_UD.stderr...
  2  Logging to files /Molly/gurevich/MetaQUAST/res_final/res_hmp_final/runs_per_reference/Streptococcus_infantis_X/contigs_reports/contigs_report_Ray.stdout and contigs_report_Ray.stderr...
  1  Running Nucmer
  2  Running Nucmer
  1  /home/gurevich/rep/quast/libs/MUMmer3.23-linux/nucmer -c 65 -l 65 --maxmatch \
     -p /Molly/gurevich/MetaQUAST/res_final/res_hmp_final/runs_per_reference/Streptococcus_infantis_X/contigs_reports/nucmer_output/IDBA_UD \
     /Molly/gurevich/MetaQUAST/res_final/res_hmp_final/runs_per_reference/Streptococcus_infantis_X/quast_corrected_input/Streptococcus_infantis_X.fasta \
     /Molly/gurevich/MetaQUAST/res_final/res_hmp_final/quast_corrected_input/IDBA_UD_to_Streptococcus_infantis_X.fasta \
     >> /Molly/gurevich/MetaQUAST/res_final/res_hmp_final/runs_per_reference/Streptococcus_infantis_X/contigs_reports/contigs_report_IDBA_UD.stdout \
     2>> /Molly/gurevich/MetaQUAST/res_final/res_hmp_final/runs_per_reference/Streptococcus_infantis_X/contigs_reports/contigs_report_IDBA_UD.stderr
  2  /home/gurevich/rep/quast/libs/MUMmer3.23-linux/nucmer -c 65 -l 65 --maxmatch \
     -p /Molly/gurevich/MetaQUAST/res_final/res_hmp_final/runs_per_reference/Streptococcus_infantis_X/contigs_reports/nucmer_output/Ray \
     /Molly/gurevich/MetaQUAST/res_final/res_hmp_final/runs_per_reference/Streptococcus_infantis_X/quast_corrected_input/Streptococcus_infantis_X.fasta \
     /Molly/gurevich/MetaQUAST/res_final/res_hmp_final/quast_corrected_input/Ray_to_Streptococcus_infantis_X.fasta \
     >> /Molly/gurevich/MetaQUAST/res_final/res_hmp_final/runs_per_reference/Streptococcus_infantis_X/contigs_reports/contigs_report_Ray.stdout \
     2>> /Molly/gurevich/MetaQUAST/res_final/res_hmp_final/runs_per_reference/Streptococcus_infantis_X/contigs_reports/contigs_report_Ray.stderr
  3  /home/gurevich/rep/quast/libs/MUMmer3.23-linux/delta-filter -i 95 -l 0 /Molly/gurevich/MetaQUAST/res_final/res_hmp_final/runs_per_reference/Streptococcus_infantis_X/contigs_reports/nucmer_output/SOAPdenovo2.delta \
     > /Molly/gurevich/MetaQUAST/res_final/res_hmp_final/runs_per_reference/Streptococcus_infantis_X/contigs_reports/nucmer_output/SOAPdenovo2.fdelta \
     2> /Molly/gurevich/MetaQUAST/res_final/res_hmp_final/runs_per_reference/Streptococcus_infantis_X/contigs_reports/contigs_report_SOAPdenovo2.stderr
  3  /home/gurevich/rep/quast/libs/MUMmer3.23-linux/show-coords /Molly/gurevich/MetaQUAST/res_final/res_hmp_final/runs_per_reference/Streptococcus_infantis_X/contigs_reports/nucmer_output/SOAPdenovo2.delta \
     > /Molly/gurevich/MetaQUAST/res_final/res_hmp_final/runs_per_reference/Streptococcus_infantis_X/contigs_reports/nucmer_output/SOAPdenovo2.coords_tmp \
     2> /Molly/gurevich/MetaQUAST/res_final/res_hmp_final/runs_per_reference/Streptococcus_infantis_X/contigs_reports/contigs_report_SOAPdenovo2.stderr
  3  /home/gurevich/rep/quast/libs/MUMmer3.23-linux/show-snps -S -T -H /Molly/gurevich/MetaQUAST/res_final/res_hmp_final/runs_per_reference/Streptococcus_infantis_X/contigs_reports/nucmer_output/SOAPdenovo2.delta \
     < /Molly/gurevich/MetaQUAST/res_final/res_hmp_final/runs_per_reference/Streptococcus_infantis_X/contigs_reports/nucmer_output/SOAPdenovo2.coords.headless \
     > /Molly/gurevich/MetaQUAST/res_final/res_hmp_final/runs_per_reference/Streptococcus_infantis_X/contigs_reports/nucmer_output/SOAPdenovo2.all_snps \
     2> /Molly/gurevich/MetaQUAST/res_final/res_hmp_final/runs_per_reference/Streptococcus_infantis_X/contigs_reports/contigs_report_SOAPdenovo2.stderr
  3  Alignments: ../runs_per_reference/Streptococcus_infantis_X/contigs_reports/alignments_SOAPdenovo2.tsv
  3  Analysis is finished.

  1  /home/gurevich/rep/quast/libs/MUMmer3.23-linux/delta-filter -i 95 -l 0 /Molly/gurevich/MetaQUAST/res_final/res_hmp_final/runs_per_reference/Streptococcus_infantis_X/contigs_reports/nucmer_output/IDBA_UD.delta \
     > /Molly/gurevich/MetaQUAST/res_final/res_hmp_final/runs_per_reference/Streptococcus_infantis_X/contigs_reports/nucmer_output/IDBA_UD.fdelta \
     2> /Molly/gurevich/MetaQUAST/res_final/res_hmp_final/runs_per_reference/Streptococcus_infantis_X/contigs_reports/contigs_report_IDBA_UD.stderr
  1  /home/gurevich/rep/quast/libs/MUMmer3.23-linux/show-coords /Molly/gurevich/MetaQUAST/res_final/res_hmp_final/runs_per_reference/Streptococcus_infantis_X/contigs_reports/nucmer_output/IDBA_UD.delta \
     > /Molly/gurevich/MetaQUAST/res_final/res_hmp_final/runs_per_reference/Streptococcus_infantis_X/contigs_reports/nucmer_output/IDBA_UD.coords_tmp \
     2> /Molly/gurevich/MetaQUAST/res_final/res_hmp_final/runs_per_reference/Streptococcus_infantis_X/contigs_reports/contigs_report_IDBA_UD.stderr
  1  /home/gurevich/rep/quast/libs/MUMmer3.23-linux/show-snps -S -T -H /Molly/gurevich/MetaQUAST/res_final/res_hmp_final/runs_per_reference/Streptococcus_infantis_X/contigs_reports/nucmer_output/IDBA_UD.delta \
     < /Molly/gurevich/MetaQUAST/res_final/res_hmp_final/runs_per_reference/Streptococcus_infantis_X/contigs_reports/nucmer_output/IDBA_UD.coords.headless \
     > /Molly/gurevich/MetaQUAST/res_final/res_hmp_final/runs_per_reference/Streptococcus_infantis_X/contigs_reports/nucmer_output/IDBA_UD.all_snps \
     2> /Molly/gurevich/MetaQUAST/res_final/res_hmp_final/runs_per_reference/Streptococcus_infantis_X/contigs_reports/contigs_report_IDBA_UD.stderr
  1  Alignments: ../runs_per_reference/Streptococcus_infantis_X/contigs_reports/alignments_IDBA_UD.tsv
  1  Analysis is finished.

  4  /home/gurevich/rep/quast/libs/MUMmer3.23-linux/delta-filter -i 95 -l 0 /Molly/gurevich/MetaQUAST/res_final/res_hmp_final/runs_per_reference/Streptococcus_infantis_X/contigs_reports/nucmer_output/SPAdes.delta \
     > /Molly/gurevich/MetaQUAST/res_final/res_hmp_final/runs_per_reference/Streptococcus_infantis_X/contigs_reports/nucmer_output/SPAdes.fdelta \
     2> /Molly/gurevich/MetaQUAST/res_final/res_hmp_final/runs_per_reference/Streptococcus_infantis_X/contigs_reports/contigs_report_SPAdes.stderr
  4  /home/gurevich/rep/quast/libs/MUMmer3.23-linux/show-coords /Molly/gurevich/MetaQUAST/res_final/res_hmp_final/runs_per_reference/Streptococcus_infantis_X/contigs_reports/nucmer_output/SPAdes.delta \
     > /Molly/gurevich/MetaQUAST/res_final/res_hmp_final/runs_per_reference/Streptococcus_infantis_X/contigs_reports/nucmer_output/SPAdes.coords_tmp \
     2> /Molly/gurevich/MetaQUAST/res_final/res_hmp_final/runs_per_reference/Streptococcus_infantis_X/contigs_reports/contigs_report_SPAdes.stderr
  4  /home/gurevich/rep/quast/libs/MUMmer3.23-linux/show-snps -S -T -H /Molly/gurevich/MetaQUAST/res_final/res_hmp_final/runs_per_reference/Streptococcus_infantis_X/contigs_reports/nucmer_output/SPAdes.delta \
     < /Molly/gurevich/MetaQUAST/res_final/res_hmp_final/runs_per_reference/Streptococcus_infantis_X/contigs_reports/nucmer_output/SPAdes.coords.headless \
     > /Molly/gurevich/MetaQUAST/res_final/res_hmp_final/runs_per_reference/Streptococcus_infantis_X/contigs_reports/nucmer_output/SPAdes.all_snps \
     2> /Molly/gurevich/MetaQUAST/res_final/res_hmp_final/runs_per_reference/Streptococcus_infantis_X/contigs_reports/contigs_report_SPAdes.stderr
  4  Alignments: ../runs_per_reference/Streptococcus_infantis_X/contigs_reports/alignments_SPAdes.tsv
  4  Analysis is finished.

  2  /home/gurevich/rep/quast/libs/MUMmer3.23-linux/delta-filter -i 95 -l 0 /Molly/gurevich/MetaQUAST/res_final/res_hmp_final/runs_per_reference/Streptococcus_infantis_X/contigs_reports/nucmer_output/Ray.delta \
     > /Molly/gurevich/MetaQUAST/res_final/res_hmp_final/runs_per_reference/Streptococcus_infantis_X/contigs_reports/nucmer_output/Ray.fdelta \
     2> /Molly/gurevich/MetaQUAST/res_final/res_hmp_final/runs_per_reference/Streptococcus_infantis_X/contigs_reports/contigs_report_Ray.stderr
  2  /home/gurevich/rep/quast/libs/MUMmer3.23-linux/show-coords /Molly/gurevich/MetaQUAST/res_final/res_hmp_final/runs_per_reference/Streptococcus_infantis_X/contigs_reports/nucmer_output/Ray.delta \
     > /Molly/gurevich/MetaQUAST/res_final/res_hmp_final/runs_per_reference/Streptococcus_infantis_X/contigs_reports/nucmer_output/Ray.coords_tmp \
     2> /Molly/gurevich/MetaQUAST/res_final/res_hmp_final/runs_per_reference/Streptococcus_infantis_X/contigs_reports/contigs_report_Ray.stderr
  2  /home/gurevich/rep/quast/libs/MUMmer3.23-linux/show-snps -S -T -H /Molly/gurevich/MetaQUAST/res_final/res_hmp_final/runs_per_reference/Streptococcus_infantis_X/contigs_reports/nucmer_output/Ray.delta \
     < /Molly/gurevich/MetaQUAST/res_final/res_hmp_final/runs_per_reference/Streptococcus_infantis_X/contigs_reports/nucmer_output/Ray.coords.headless \
     > /Molly/gurevich/MetaQUAST/res_final/res_hmp_final/runs_per_reference/Streptococcus_infantis_X/contigs_reports/nucmer_output/Ray.all_snps \
     2> /Molly/gurevich/MetaQUAST/res_final/res_hmp_final/runs_per_reference/Streptococcus_infantis_X/contigs_reports/contigs_report_Ray.stderr
  2  Alignments: ../runs_per_reference/Streptococcus_infantis_X/contigs_reports/alignments_Ray.tsv
  2  Analysis is finished.

  Creating total report...
    saved to /Molly/gurevich/MetaQUAST/res_final/res_hmp_final/runs_per_reference/Streptococcus_infantis_X/contigs_reports/misassemblies_report.txt, misassemblies_report.tsv, and misassemblies_report.tex
  Transposed version of total report...
    saved to /Molly/gurevich/MetaQUAST/res_final/res_hmp_final/runs_per_reference/Streptococcus_infantis_X/contigs_reports/transposed_report_misassemblies.txt, transposed_report_misassemblies.tsv, and transposed_report_misassemblies.tex
  Creating total report...
    saved to /Molly/gurevich/MetaQUAST/res_final/res_hmp_final/runs_per_reference/Streptococcus_infantis_X/contigs_reports/unaligned_report.txt, unaligned_report.tsv, and unaligned_report.tex
  Drawing misassemblies by types plot...
    saved to /Molly/gurevich/MetaQUAST/res_final/res_hmp_final/runs_per_reference/Streptococcus_infantis_X/contigs_reports/misassemblies_plot.pdf
Done.

2015-11-09 20:35:47
Running NA-NGA calculation...
  1  IDBA_UD, Largest alignment = 7823, NA50 = 156, NGA50 = 75, LA50 = 1241, LGA50 = 1490
  2  Ray, Largest alignment = 38107, NA50 = None, NGA50 = 4936, LA50 = None, LGA50 = 77
  3  SOAPdenovo2, Largest alignment = 7648, NA50 = None, LA50 = None
  4  SPAdes, Largest alignment = 8040, NA50 = 779, NGA50 = 1079, LA50 = 865, LGA50 = 503
  Drawing cumulative plot...
    saved to /Molly/gurevich/MetaQUAST/res_final/res_hmp_final/runs_per_reference/Streptococcus_infantis_X/aligned_stats/cumulative_plot.pdf
  Drawing NAx plot...
    saved to /Molly/gurevich/MetaQUAST/res_final/res_hmp_final/runs_per_reference/Streptococcus_infantis_X/aligned_stats/NAx_plot.pdf
  Drawing NGAx plot...
    saved to /Molly/gurevich/MetaQUAST/res_final/res_hmp_final/runs_per_reference/Streptococcus_infantis_X/aligned_stats/NGAx_plot.pdf
Done.

2015-11-09 20:35:49
Running Genome analyzer...
  NOTICE: No file with genes provided. Use the -G option if you want to specify it.
  NOTICE: No file with operons provided. Use the -O option if you want to specify it.
  1  IDBA_UD
  2  Ray
  3  SOAPdenovo2
  4  SPAdes
  3  Analysis is finished.
  1  Analysis is finished.
  2  Analysis is finished.
  4  Analysis is finished.
  Drawing Genome fraction, % histogram...
    saved to /Molly/gurevich/MetaQUAST/res_final/res_hmp_final/runs_per_reference/Streptococcus_infantis_X/genome_stats/genome_fraction_histogram.pdf
Done.

NOTICE: Genes are not predicted by default. Use --gene-finding option to enable it.

2015-11-09 20:35:51
Drawing large plots...
This may take a while: press Ctrl-C to skip this step..
  1 of 2: Creating contig alignment plot...
  2 of 2: Creating PDF with all tables and plots...
Done

2015-11-09 20:36:06
RESULTS:
  Text versions of total report are saved to /Molly/gurevich/MetaQUAST/res_final/res_hmp_final/runs_per_reference/Streptococcus_infantis_X/report.txt, report.tsv, and report.tex
  Text versions of transposed total report are saved to /Molly/gurevich/MetaQUAST/res_final/res_hmp_final/runs_per_reference/Streptococcus_infantis_X/transposed_report.txt, transposed_report.tsv, and transposed_report.tex
  HTML version (interactive tables and plots) saved to /Molly/gurevich/MetaQUAST/res_final/res_hmp_final/runs_per_reference/Streptococcus_infantis_X/report.html
  PDF version (tables and plots) saved to /Molly/gurevich/MetaQUAST/res_final/res_hmp_final/runs_per_reference/Streptococcus_infantis_X/report.pdf
  Contig alignment plot: /Molly/gurevich/MetaQUAST/res_final/res_hmp_final/runs_per_reference/Streptococcus_infantis_X/alignment.svg
