Aligning contigs to reference...
	Using existing Nucmer alignments...
Parsing coords...
Loading reference...
	Loaded [Sphingobium_yanoikuyae_ATCC_51230_gi_427407324_ref_NZ_]
	Loaded [Sphingobium_yanoikuyae_ATCC_51230_gi_427412226_ref_NZ_]
	Loaded [Sphingobium_yanoikuyae_ATCC_51230_gi_427412312_ref_NZ_]
	Loaded [Sphingobium_yanoikuyae_ATCC_51230_gi_427412345_ref_NZ_]
	Loaded [Sphingobium_yanoikuyae_ATCC_51230_gi_427412368_ref_NZ_]
	Loaded [Sphingobium_yanoikuyae_ATCC_51230_gi_427412374_ref_NZ_]
	Loaded [Sphingobium_yanoikuyae_ATCC_51230_gi_427412384_ref_NZ_]
	Loaded [Sphingobium_yanoikuyae_ATCC_51230_gi_427412392_ref_NZ_]
	Loaded [Sphingobium_yanoikuyae_ATCC_51230_gi_427412396_ref_NZ_]
Loading SNPs...
Loading regions...
	No regions given, using whole reference.
	Total Regions: 9
	Total Region Length: 5532579
Analyzing contigs...
CONTIG: scaffold-10563 (994bp)
Top Length: 994  Top ID: 99.9
		One align captures most of this contig: 32470 33463 | 1 994 | 994 994 | 99.9 | Sphingobium_yanoikuyae_ATCC_51230_gi_427412226_ref_NZ_ scaffold-10563

CONTIG: scaffold-16535 (657bp)
Top Length: 657  Top ID: 99.85
		One align captures most of this contig: 35686 36342 | 1 657 | 657 657 | 99.85 | Sphingobium_yanoikuyae_ATCC_51230_gi_427412226_ref_NZ_ scaffold-16535

CONTIG: scaffold-83721 (883bp)
Top Length: 883  Top ID: 99.89
		One align captures most of this contig: 59094 59976 | 883 1 | 883 883 | 99.89 | Sphingobium_yanoikuyae_ATCC_51230_gi_427412226_ref_NZ_ scaffold-83721

CONTIG: scaffold-8677 (543bp)
Top Length: 543  Top ID: 100.0
		One align captures most of this contig: 13190 13732 | 1 543 | 543 543 | 100.0 | Sphingobium_yanoikuyae_ATCC_51230_gi_427412345_ref_NZ_ scaffold-8677

CONTIG: scaffold-19690 (800bp)
Top Length: 800  Top ID: 99.75
		One align captures most of this contig: 9757 10556 | 800 1 | 800 800 | 99.75 | Sphingobium_yanoikuyae_ATCC_51230_gi_427412345_ref_NZ_ scaffold-19690

CONTIG: scaffold-20656 (766bp)
Top Length: 766  Top ID: 100.0
		One align captures most of this contig: 7919 8684 | 1 766 | 766 766 | 100.0 | Sphingobium_yanoikuyae_ATCC_51230_gi_427412345_ref_NZ_ scaffold-20656

CONTIG: scaffold-83411 (519bp)
Top Length: 519  Top ID: 99.81
		One align captures most of this contig: 12111 12629 | 1 519 | 519 519 | 99.81 | Sphingobium_yanoikuyae_ATCC_51230_gi_427412345_ref_NZ_ scaffold-83411

CONTIG: scaffold-28 (1771bp)
Top Length: 1395  Top ID: 97.56
		This contig is misassembled. 2 total aligns.
			Real Alignment 1: 3886631 3888025 | 1395 1 | 1395 1395 | 97.56 | Sphingobium_yanoikuyae_ATCC_51230_gi_427407324_ref_NZ_ scaffold-28
			  Overlap between these two alignments (local misassembly). Inconsistency = -254 
			Real Alignment 2: 3886509 3886877 | 1771 1403 | 369 369 | 96.48 | Sphingobium_yanoikuyae_ATCC_51230_gi_427407324_ref_NZ_ scaffold-28

CONTIG: scaffold-85 (845bp)
Top Length: 470  Top ID: 96.38
		This contig is misassembled. 2 total aligns.
			Real Alignment 1: 1815552 1816021 | 470 1 | 470 470 | 96.38 | Sphingobium_yanoikuyae_ATCC_51230_gi_427407324_ref_NZ_ scaffold-85
			  Overlap between these two alignments (local misassembly). Inconsistency = -234 
			Real Alignment 2: 1815411 1815725 | 845 531 | 315 315 | 95.56 | Sphingobium_yanoikuyae_ATCC_51230_gi_427407324_ref_NZ_ scaffold-85

CONTIG: scaffold-3651 (1187bp)
Top Length: 1187  Top ID: 99.83
		One align captures most of this contig: 3009675 3010861 | 1187 1 | 1187 1187 | 99.83 | Sphingobium_yanoikuyae_ATCC_51230_gi_427407324_ref_NZ_ scaffold-3651

CONTIG: scaffold-3753 (1265bp)
Top Length: 1265  Top ID: 99.13
		One align captures most of this contig: 3658840 3660104 | 1265 1 | 1265 1265 | 99.13 | Sphingobium_yanoikuyae_ATCC_51230_gi_427407324_ref_NZ_ scaffold-3753

CONTIG: scaffold-3998 (1089bp)
Top Length: 1089  Top ID: 100.0
		One align captures most of this contig: 5397643 5398731 | 1089 1 | 1089 1089 | 100.0 | Sphingobium_yanoikuyae_ATCC_51230_gi_427407324_ref_NZ_ scaffold-3998

CONTIG: scaffold-4611 (938bp)
Top Length: 938  Top ID: 99.04
		One align captures most of this contig: 4354214 4355151 | 1 938 | 938 938 | 99.04 | Sphingobium_yanoikuyae_ATCC_51230_gi_427407324_ref_NZ_ scaffold-4611

CONTIG: scaffold-4658 (973bp)
Top Length: 973  Top ID: 99.9
		One align captures most of this contig: 82410 83382 | 973 1 | 973 973 | 99.9 | Sphingobium_yanoikuyae_ATCC_51230_gi_427407324_ref_NZ_ scaffold-4658

CONTIG: scaffold-4917 (879bp)
Top Length: 879  Top ID: 99.54
		One align captures most of this contig: 54284 55162 | 1 879 | 879 879 | 99.54 | Sphingobium_yanoikuyae_ATCC_51230_gi_427407324_ref_NZ_ scaffold-4917

CONTIG: scaffold-5057 (843bp)
Top Length: 843  Top ID: 99.29
		One align captures most of this contig: 2320897 2321739 | 843 1 | 843 843 | 99.29 | Sphingobium_yanoikuyae_ATCC_51230_gi_427407324_ref_NZ_ scaffold-5057

CONTIG: scaffold-5059 (843bp)
Top Length: 843  Top ID: 100.0
		One align captures most of this contig: 5269422 5270264 | 1 843 | 843 843 | 100.0 | Sphingobium_yanoikuyae_ATCC_51230_gi_427407324_ref_NZ_ scaffold-5059

CONTIG: scaffold-5254 (789bp)
Top Length: 789  Top ID: 99.11
		One align captures most of this contig: 925099 925887 | 1 789 | 789 789 | 99.11 | Sphingobium_yanoikuyae_ATCC_51230_gi_427407324_ref_NZ_ scaffold-5254

CONTIG: scaffold-5520 (787bp)
Top Length: 787  Top ID: 99.11
		One align captures most of this contig: 3057188 3057974 | 1 787 | 787 787 | 99.11 | Sphingobium_yanoikuyae_ATCC_51230_gi_427407324_ref_NZ_ scaffold-5520

CONTIG: scaffold-5559 (750bp)
Top Length: 749  Top ID: 99.2
		One align captures most of this contig: 1823593 1824341 | 750 2 | 749 749 | 99.2 | Sphingobium_yanoikuyae_ATCC_51230_gi_427407324_ref_NZ_ scaffold-5559

CONTIG: scaffold-5909 (929bp)
Top Length: 929  Top ID: 99.14
		One align captures most of this contig: 655314 656242 | 929 1 | 929 929 | 99.14 | Sphingobium_yanoikuyae_ATCC_51230_gi_427407324_ref_NZ_ scaffold-5909

CONTIG: scaffold-6180 (712bp)
Top Length: 712  Top ID: 99.3
		One align captures most of this contig: 4366510 4367221 | 1 712 | 712 712 | 99.3 | Sphingobium_yanoikuyae_ATCC_51230_gi_427407324_ref_NZ_ scaffold-6180

CONTIG: scaffold-6302 (699bp)
Top Length: 699  Top ID: 99.14
		One align captures most of this contig: 3920278 3920976 | 1 699 | 699 699 | 99.14 | Sphingobium_yanoikuyae_ATCC_51230_gi_427407324_ref_NZ_ scaffold-6302

CONTIG: scaffold-6311 (872bp)
Top Length: 872  Top ID: 99.2
		One align captures most of this contig: 1003308 1004179 | 872 1 | 872 872 | 99.2 | Sphingobium_yanoikuyae_ATCC_51230_gi_427407324_ref_NZ_ scaffold-6311

CONTIG: scaffold-6364 (864bp)
Top Length: 864  Top ID: 99.65
		One align captures most of this contig: 85605 86468 | 1 864 | 864 864 | 99.65 | Sphingobium_yanoikuyae_ATCC_51230_gi_427407324_ref_NZ_ scaffold-6364

CONTIG: scaffold-6434 (648bp)
Top Length: 648  Top ID: 99.38
		One align captures most of this contig: 1274106 1274753 | 1 648 | 648 648 | 99.38 | Sphingobium_yanoikuyae_ATCC_51230_gi_427407324_ref_NZ_ scaffold-6434

CONTIG: scaffold-6608 (672bp)
Top Length: 672  Top ID: 100.0
		One align captures most of this contig: 5275902 5276573 | 1 672 | 672 672 | 100.0 | Sphingobium_yanoikuyae_ATCC_51230_gi_427407324_ref_NZ_ scaffold-6608

CONTIG: scaffold-6630 (630bp)
Top Length: 628  Top ID: 99.68
		One align captures most of this contig: 3410713 3411340 | 630 3 | 628 628 | 99.68 | Sphingobium_yanoikuyae_ATCC_51230_gi_427407324_ref_NZ_ scaffold-6630

CONTIG: scaffold-6636 (630bp)
Top Length: 630  Top ID: 100.0
		One align captures most of this contig: 29956 30585 | 630 1 | 630 630 | 100.0 | Sphingobium_yanoikuyae_ATCC_51230_gi_427407324_ref_NZ_ scaffold-6636

CONTIG: scaffold-6801 (654bp)
Top Length: 654  Top ID: 99.54
		One align captures most of this contig: 2008246 2008899 | 654 1 | 654 654 | 99.54 | Sphingobium_yanoikuyae_ATCC_51230_gi_427407324_ref_NZ_ scaffold-6801

CONTIG: scaffold-7347 (556bp)
Top Length: 556  Top ID: 99.82
		One align captures most of this contig: 79683 80238 | 1 556 | 556 556 | 99.82 | Sphingobium_yanoikuyae_ATCC_51230_gi_427407324_ref_NZ_ scaffold-7347

CONTIG: scaffold-7518 (819bp)
Top Length: 819  Top ID: 99.27
		One align captures most of this contig: 772445 773263 | 819 1 | 819 819 | 99.27 | Sphingobium_yanoikuyae_ATCC_51230_gi_427407324_ref_NZ_ scaffold-7518

CONTIG: scaffold-7567 (590bp)
Top Length: 590  Top ID: 99.66
		One align captures most of this contig: 2040847 2041436 | 590 1 | 590 590 | 99.66 | Sphingobium_yanoikuyae_ATCC_51230_gi_427407324_ref_NZ_ scaffold-7567

CONTIG: scaffold-7722 (527bp)
Top Length: 527  Top ID: 99.43
		One align captures most of this contig: 3597592 3598118 | 1 527 | 527 527 | 99.43 | Sphingobium_yanoikuyae_ATCC_51230_gi_427407324_ref_NZ_ scaffold-7722

CONTIG: scaffold-7946 (514bp)
Top Length: 514  Top ID: 99.42
		One align captures most of this contig: 3911108 3911621 | 1 514 | 514 514 | 99.42 | Sphingobium_yanoikuyae_ATCC_51230_gi_427407324_ref_NZ_ scaffold-7946

CONTIG: scaffold-7995 (770bp)
Top Length: 770  Top ID: 100.0
		One align captures most of this contig: 3011142 3011911 | 1 770 | 770 770 | 100.0 | Sphingobium_yanoikuyae_ATCC_51230_gi_427407324_ref_NZ_ scaffold-7995

CONTIG: scaffold-8032 (767bp)
Top Length: 767  Top ID: 99.61
		One align captures most of this contig: 57952 58718 | 767 1 | 767 767 | 99.61 | Sphingobium_yanoikuyae_ATCC_51230_gi_427407324_ref_NZ_ scaffold-8032

CONTIG: scaffold-8083 (507bp)
Top Length: 507  Top ID: 99.61
		One align captures most of this contig: 3968938 3969444 | 507 1 | 507 507 | 99.61 | Sphingobium_yanoikuyae_ATCC_51230_gi_427407324_ref_NZ_ scaffold-8083

CONTIG: scaffold-8205 (633bp)
Top Length: 633  Top ID: 99.21
		One align captures most of this contig: 3371645 3372277 | 633 1 | 633 633 | 99.21 | Sphingobium_yanoikuyae_ATCC_51230_gi_427407324_ref_NZ_ scaffold-8205

CONTIG: scaffold-9202 (713bp)
Top Length: 713  Top ID: 99.72
		One align captures most of this contig: 92909 93621 | 1 713 | 713 713 | 99.72 | Sphingobium_yanoikuyae_ATCC_51230_gi_427407324_ref_NZ_ scaffold-9202

CONTIG: scaffold-9516 (697bp)
Top Length: 697  Top ID: 99.14
		One align captures most of this contig: 3889141 3889837 | 1 697 | 697 697 | 99.14 | Sphingobium_yanoikuyae_ATCC_51230_gi_427407324_ref_NZ_ scaffold-9516

CONTIG: scaffold-10446 (1000bp)
Top Length: 1000  Top ID: 99.5
		One align captures most of this contig: 1072144 1073143 | 1 1000 | 1000 1000 | 99.5 | Sphingobium_yanoikuyae_ATCC_51230_gi_427407324_ref_NZ_ scaffold-10446

CONTIG: scaffold-10471 (633bp)
Top Length: 633  Top ID: 99.05
		One align captures most of this contig: 3969781 3970413 | 1 633 | 633 633 | 99.05 | Sphingobium_yanoikuyae_ATCC_51230_gi_427407324_ref_NZ_ scaffold-10471

CONTIG: scaffold-10480 (633bp)
Top Length: 633  Top ID: 99.37
		One align captures most of this contig: 546732 547364 | 1 633 | 633 633 | 99.37 | Sphingobium_yanoikuyae_ATCC_51230_gi_427407324_ref_NZ_ scaffold-10480

CONTIG: scaffold-10843 (616bp)
Top Length: 616  Top ID: 99.03
		One align captures most of this contig: 3130902 3131517 | 1 616 | 616 616 | 99.03 | Sphingobium_yanoikuyae_ATCC_51230_gi_427407324_ref_NZ_ scaffold-10843

CONTIG: scaffold-11577 (587bp)
Top Length: 587  Top ID: 99.66
		One align captures most of this contig: 25169 25755 | 1 587 | 587 587 | 99.66 | Sphingobium_yanoikuyae_ATCC_51230_gi_427407324_ref_NZ_ scaffold-11577

CONTIG: scaffold-12849 (572bp)
Top Length: 572  Top ID: 99.65
		One align captures most of this contig: 3848017 3848588 | 1 572 | 572 572 | 99.65 | Sphingobium_yanoikuyae_ATCC_51230_gi_427407324_ref_NZ_ scaffold-12849

CONTIG: scaffold-13082 (565bp)
Top Length: 565  Top ID: 99.29
		One align captures most of this contig: 1186907 1187471 | 565 1 | 565 565 | 99.29 | Sphingobium_yanoikuyae_ATCC_51230_gi_427407324_ref_NZ_ scaffold-13082

CONTIG: scaffold-14707 (783bp)
Top Length: 783  Top ID: 99.36
		One align captures most of this contig: 4047844 4048626 | 1 783 | 783 783 | 99.36 | Sphingobium_yanoikuyae_ATCC_51230_gi_427407324_ref_NZ_ scaffold-14707

CONTIG: scaffold-14714 (717bp)
Top Length: 717  Top ID: 99.86
		One align captures most of this contig: 18375 19091 | 1 717 | 717 717 | 99.86 | Sphingobium_yanoikuyae_ATCC_51230_gi_427407324_ref_NZ_ scaffold-14714

CONTIG: scaffold-14758 (544bp)
Top Length: 544  Top ID: 99.26
		One align captures most of this contig: 1187447 1187990 | 1 544 | 544 544 | 99.26 | Sphingobium_yanoikuyae_ATCC_51230_gi_427407324_ref_NZ_ scaffold-14758

CONTIG: scaffold-14907 (711bp)
Top Length: 711  Top ID: 99.44
		One align captures most of this contig: 2887636 2888346 | 711 1 | 711 711 | 99.44 | Sphingobium_yanoikuyae_ATCC_51230_gi_427407324_ref_NZ_ scaffold-14907

CONTIG: scaffold-14986 (536bp)
Top Length: 533  Top ID: 99.62
		One align captures most of this contig: 4448893 4449425 | 4 536 | 533 533 | 99.62 | Sphingobium_yanoikuyae_ATCC_51230_gi_427407324_ref_NZ_ scaffold-14986

CONTIG: scaffold-15417 (700bp)
Top Length: 700  Top ID: 99.01
		One align captures most of this contig: 1363810 1364515 | 700 1 | 706 700 | 99.01 | Sphingobium_yanoikuyae_ATCC_51230_gi_427407324_ref_NZ_ scaffold-15417

CONTIG: scaffold-15693 (515bp)
Top Length: 515  Top ID: 99.61
		One align captures most of this contig: 5369946 5370460 | 515 1 | 515 515 | 99.61 | Sphingobium_yanoikuyae_ATCC_51230_gi_427407324_ref_NZ_ scaffold-15693

CONTIG: scaffold-15788 (999bp)
Top Length: 999  Top ID: 99.9
		One align captures most of this contig: 16133 17131 | 1 999 | 999 999 | 99.9 | Sphingobium_yanoikuyae_ATCC_51230_gi_427407324_ref_NZ_ scaffold-15788

CONTIG: scaffold-16002 (506bp)
Top Length: 506  Top ID: 99.6
		One align captures most of this contig: 1854782 1855287 | 1 506 | 506 506 | 99.6 | Sphingobium_yanoikuyae_ATCC_51230_gi_427407324_ref_NZ_ scaffold-16002

CONTIG: scaffold-16139 (506bp)
Top Length: 506  Top ID: 99.8
		One align captures most of this contig: 3990967 3991472 | 506 1 | 506 506 | 99.8 | Sphingobium_yanoikuyae_ATCC_51230_gi_427407324_ref_NZ_ scaffold-16139

CONTIG: scaffold-16206 (502bp)
Top Length: 501  Top ID: 99.2
		One align captures most of this contig: 3254222 3254722 | 1 501 | 501 501 | 99.2 | Sphingobium_yanoikuyae_ATCC_51230_gi_427407324_ref_NZ_ scaffold-16206

CONTIG: scaffold-16238 (502bp)
Top Length: 502  Top ID: 99.8
		One align captures most of this contig: 5281706 5282207 | 502 1 | 502 502 | 99.8 | Sphingobium_yanoikuyae_ATCC_51230_gi_427407324_ref_NZ_ scaffold-16238

CONTIG: scaffold-16921 (597bp)
Top Length: 597  Top ID: 99.33
		One align captures most of this contig: 3389063 3389659 | 1 597 | 597 597 | 99.33 | Sphingobium_yanoikuyae_ATCC_51230_gi_427407324_ref_NZ_ scaffold-16921

CONTIG: scaffold-17602 (622bp)
Top Length: 622  Top ID: 100.0
		One align captures most of this contig: 5273698 5274319 | 1 622 | 622 622 | 100.0 | Sphingobium_yanoikuyae_ATCC_51230_gi_427407324_ref_NZ_ scaffold-17602

CONTIG: scaffold-17866 (615bp)
Top Length: 615  Top ID: 99.67
		One align captures most of this contig: 171986 172600 | 615 1 | 615 615 | 99.67 | Sphingobium_yanoikuyae_ATCC_51230_gi_427407324_ref_NZ_ scaffold-17866

CONTIG: scaffold-18405 (605bp)
Top Length: 605  Top ID: 99.83
		One align captures most of this contig: 5182532 5183136 | 1 605 | 605 605 | 99.83 | Sphingobium_yanoikuyae_ATCC_51230_gi_427407324_ref_NZ_ scaffold-18405

CONTIG: scaffold-18478 (840bp)
Top Length: 840  Top ID: 99.88
		One align captures most of this contig: 5180992 5181831 | 1 840 | 840 840 | 99.88 | Sphingobium_yanoikuyae_ATCC_51230_gi_427407324_ref_NZ_ scaffold-18478

CONTIG: scaffold-18500 (838bp)
Top Length: 838  Top ID: 99.88
		One align captures most of this contig: 14499 15336 | 838 1 | 838 838 | 99.88 | Sphingobium_yanoikuyae_ATCC_51230_gi_427407324_ref_NZ_ scaffold-18500

CONTIG: scaffold-19073 (588bp)
Top Length: 588  Top ID: 100.0
		One align captures most of this contig: 13568 14155 | 1 588 | 588 588 | 100.0 | Sphingobium_yanoikuyae_ATCC_51230_gi_427407324_ref_NZ_ scaffold-19073

CONTIG: scaffold-19846 (794bp)
Top Length: 794  Top ID: 99.87
		One align captures most of this contig: 5185729 5186522 | 794 1 | 794 794 | 99.87 | Sphingobium_yanoikuyae_ATCC_51230_gi_427407324_ref_NZ_ scaffold-19846

CONTIG: scaffold-20901 (759bp)
Top Length: 759  Top ID: 99.6
		One align captures most of this contig: 3833398 3834156 | 1 759 | 759 759 | 99.6 | Sphingobium_yanoikuyae_ATCC_51230_gi_427407324_ref_NZ_ scaffold-20901

CONTIG: scaffold-21385 (550bp)
Top Length: 550  Top ID: 99.82
		One align captures most of this contig: 1552 2101 | 550 1 | 550 550 | 99.82 | Sphingobium_yanoikuyae_ATCC_51230_gi_427407324_ref_NZ_ scaffold-21385

CONTIG: scaffold-21409 (542bp)
Top Length: 542  Top ID: 100.0
		One align captures most of this contig: 5257618 5258159 | 542 1 | 542 542 | 100.0 | Sphingobium_yanoikuyae_ATCC_51230_gi_427407324_ref_NZ_ scaffold-21409

CONTIG: scaffold-21521 (736bp)
Top Length: 736  Top ID: 100.0
		One align captures most of this contig: 5400580 5401315 | 736 1 | 736 736 | 100.0 | Sphingobium_yanoikuyae_ATCC_51230_gi_427407324_ref_NZ_ scaffold-21521

CONTIG: scaffold-22391 (708bp)
Top Length: 708  Top ID: 99.15
		One align captures most of this contig: 3995246 3995953 | 708 1 | 708 708 | 99.15 | Sphingobium_yanoikuyae_ATCC_51230_gi_427407324_ref_NZ_ scaffold-22391

CONTIG: scaffold-23067 (689bp)
Top Length: 689  Top ID: 99.27
		One align captures most of this contig: 5031415 5032103 | 1 689 | 689 689 | 99.27 | Sphingobium_yanoikuyae_ATCC_51230_gi_427407324_ref_NZ_ scaffold-23067

CONTIG: scaffold-23185 (518bp)
Top Length: 518  Top ID: 99.81
		One align captures most of this contig: 1354496 1355013 | 518 1 | 518 518 | 99.81 | Sphingobium_yanoikuyae_ATCC_51230_gi_427407324_ref_NZ_ scaffold-23185

CONTIG: scaffold-23533 (509bp)
Top Length: 509  Top ID: 99.41
		One align captures most of this contig: 565 1073 | 1 509 | 509 509 | 99.41 | Sphingobium_yanoikuyae_ATCC_51230_gi_427407324_ref_NZ_ scaffold-23533

CONTIG: scaffold-23976 (661bp)
Top Length: 661  Top ID: 99.09
		One align captures most of this contig: 672599 673259 | 1 661 | 661 661 | 99.09 | Sphingobium_yanoikuyae_ATCC_51230_gi_427407324_ref_NZ_ scaffold-23976

CONTIG: scaffold-24742 (642bp)
Top Length: 642  Top ID: 99.07
		One align captures most of this contig: 4850004 4850645 | 642 1 | 642 642 | 99.07 | Sphingobium_yanoikuyae_ATCC_51230_gi_427407324_ref_NZ_ scaffold-24742

CONTIG: scaffold-26977 (554bp)
Top Length: 554  Top ID: 99.82
		One align captures most of this contig: 4833780 4834333 | 1 554 | 554 554 | 99.82 | Sphingobium_yanoikuyae_ATCC_51230_gi_427407324_ref_NZ_ scaffold-26977

CONTIG: scaffold-27547 (581bp)
Top Length: 581  Top ID: 99.31
		One align captures most of this contig: 3478711 3479291 | 581 1 | 581 581 | 99.31 | Sphingobium_yanoikuyae_ATCC_51230_gi_427407324_ref_NZ_ scaffold-27547

CONTIG: scaffold-28607 (565bp)
Top Length: 565  Top ID: 99.82
		One align captures most of this contig: 5399760 5400324 | 565 1 | 565 565 | 99.82 | Sphingobium_yanoikuyae_ATCC_51230_gi_427407324_ref_NZ_ scaffold-28607

CONTIG: scaffold-29857 (539bp)
Top Length: 539  Top ID: 100.0
		Marking as insignificant: 5106939 5107483 | 1 539 | 545 539 | 98.9 | Sphingobium_yanoikuyae_ATCC_51230_gi_427407324_ref_NZ_ scaffold-29857
		One align captures most of this contig: 5373406 5373944 | 1 539 | 539 539 | 100.0 | Sphingobium_yanoikuyae_ATCC_51230_gi_427407324_ref_NZ_ scaffold-29857

CONTIG: scaffold-31510 (511bp)
Top Length: 511  Top ID: 100.0
		One align captures most of this contig: 5264044 5264554 | 1 511 | 511 511 | 100.0 | Sphingobium_yanoikuyae_ATCC_51230_gi_427407324_ref_NZ_ scaffold-31510

CONTIG: scaffold-32004 (505bp)
Top Length: 505  Top ID: 99.01
		One align captures most of this contig: 1753509 1754013 | 505 1 | 505 505 | 99.01 | Sphingobium_yanoikuyae_ATCC_51230_gi_427407324_ref_NZ_ scaffold-32004

CONTIG: scaffold-49046 (513bp)
Top Length: 513  Top ID: 99.42
		One align captures most of this contig: 2884631 2885143 | 513 1 | 513 513 | 99.42 | Sphingobium_yanoikuyae_ATCC_51230_gi_427407324_ref_NZ_ scaffold-49046

CONTIG: scaffold-59345 (1205bp)
Top Length: 1205  Top ID: 99.17
		One align captures most of this contig: 3917305 3918509 | 1 1205 | 1205 1205 | 99.17 | Sphingobium_yanoikuyae_ATCC_51230_gi_427407324_ref_NZ_ scaffold-59345

CONTIG: scaffold-61286 (941bp)
Top Length: 941  Top ID: 99.04
		One align captures most of this contig: 3503000 3503940 | 941 1 | 941 941 | 99.04 | Sphingobium_yanoikuyae_ATCC_51230_gi_427407324_ref_NZ_ scaffold-61286

CONTIG: scaffold-61519 (933bp)
Top Length: 933  Top ID: 100.0
		One align captures most of this contig: 5280769 5281701 | 933 1 | 933 933 | 100.0 | Sphingobium_yanoikuyae_ATCC_51230_gi_427407324_ref_NZ_ scaffold-61519

CONTIG: scaffold-66987 (786bp)
Top Length: 786  Top ID: 99.11
		One align captures most of this contig: 4464422 4465207 | 786 1 | 786 786 | 99.11 | Sphingobium_yanoikuyae_ATCC_51230_gi_427407324_ref_NZ_ scaffold-66987

CONTIG: scaffold-69413 (729bp)
Top Length: 725  Top ID: 99.72
		One align captures most of this contig: 2843626 2844350 | 725 1 | 725 725 | 99.72 | Sphingobium_yanoikuyae_ATCC_51230_gi_427407324_ref_NZ_ scaffold-69413

CONTIG: scaffold-69651 (725bp)
Top Length: 725  Top ID: 99.86
		One align captures most of this contig: 5266578 5267302 | 1 725 | 725 725 | 99.86 | Sphingobium_yanoikuyae_ATCC_51230_gi_427407324_ref_NZ_ scaffold-69651

CONTIG: scaffold-72966 (655bp)
Top Length: 655  Top ID: 100.0
		One align captures most of this contig: 77935 78589 | 1 655 | 655 655 | 100.0 | Sphingobium_yanoikuyae_ATCC_51230_gi_427407324_ref_NZ_ scaffold-72966

CONTIG: scaffold-78867 (615bp)
Top Length: 615  Top ID: 99.02
		One align captures most of this contig: 1299715 1300329 | 615 1 | 615 615 | 99.02 | Sphingobium_yanoikuyae_ATCC_51230_gi_427407324_ref_NZ_ scaffold-78867

CONTIG: scaffold-79911 (599bp)
Top Length: 599  Top ID: 99.67
		One align captures most of this contig: 936346 936944 | 599 1 | 599 599 | 99.67 | Sphingobium_yanoikuyae_ATCC_51230_gi_427407324_ref_NZ_ scaffold-79911

CONTIG: scaffold-80573 (586bp)
Top Length: 586  Top ID: 99.83
		One align captures most of this contig: 5268652 5269237 | 586 1 | 586 586 | 99.83 | Sphingobium_yanoikuyae_ATCC_51230_gi_427407324_ref_NZ_ scaffold-80573

CONTIG: scaffold-81035 (575bp)
Top Length: 575  Top ID: 99.13
		One align captures most of this contig: 2979517 2980091 | 575 1 | 575 575 | 99.13 | Sphingobium_yanoikuyae_ATCC_51230_gi_427407324_ref_NZ_ scaffold-81035

CONTIG: scaffold-81639 (618bp)
Top Length: 618  Top ID: 99.51
		One align captures most of this contig: 1148521 1149138 | 1 618 | 618 618 | 99.51 | Sphingobium_yanoikuyae_ATCC_51230_gi_427407324_ref_NZ_ scaffold-81639

CONTIG: scaffold-83176 (528bp)
Top Length: 526  Top ID: 100.0
		One align captures most of this contig: 1284997 1285522 | 1 526 | 526 526 | 100.0 | Sphingobium_yanoikuyae_ATCC_51230_gi_427407324_ref_NZ_ scaffold-83176

CONTIG: scaffold-83664 (895bp)
Top Length: 895  Top ID: 99.33
		One align captures most of this contig: 2353035 2353929 | 895 1 | 895 895 | 99.33 | Sphingobium_yanoikuyae_ATCC_51230_gi_427407324_ref_NZ_ scaffold-83664

CONTIG: scaffold-83682 (891bp)
Top Length: 891  Top ID: 99.55
		One align captures most of this contig: 91106 91996 | 1 891 | 891 891 | 99.55 | Sphingobium_yanoikuyae_ATCC_51230_gi_427407324_ref_NZ_ scaffold-83682

CONTIG: scaffold-84015 (831bp)
Top Length: 831  Top ID: 99.88
		One align captures most of this contig: 87347 88177 | 831 1 | 831 831 | 99.88 | Sphingobium_yanoikuyae_ATCC_51230_gi_427407324_ref_NZ_ scaffold-84015

CONTIG: scaffold-84209 (792bp)
Top Length: 792  Top ID: 99.37
		This contig has 2 significant alignments. [An ambiguously mapped contig]
		Using only first of these alignment (option --ambiguity-usage is set to "one"):
		Alignment: 5109217 5110008 | 792 1 | 792 792 | 99.37 | Sphingobium_yanoikuyae_ATCC_51230_gi_427407324_ref_NZ_ scaffold-84209
		Skipping alignment  5375678 5376469 | 792 1 | 792 792 | 99.37 | Sphingobium_yanoikuyae_ATCC_51230_gi_427407324_ref_NZ_ scaffold-84209

CONTIG: scaffold-84468 (750bp)
Top Length: 750  Top ID: 99.87
		One align captures most of this contig: 5370768 5371517 | 750 1 | 750 750 | 99.87 | Sphingobium_yanoikuyae_ATCC_51230_gi_427407324_ref_NZ_ scaffold-84468

CONTIG: scaffold-84492 (755bp)
Top Length: 755  Top ID: 100.0
		One align captures most of this contig: 1853437 1854191 | 755 1 | 755 755 | 100.0 | Sphingobium_yanoikuyae_ATCC_51230_gi_427407324_ref_NZ_ scaffold-84492

CONTIG: scaffold-85369 (736bp)
Top Length: 736  Top ID: 99.05
		One align captures most of this contig: 3570341 3571076 | 1 736 | 736 736 | 99.05 | Sphingobium_yanoikuyae_ATCC_51230_gi_427407324_ref_NZ_ scaffold-85369

CONTIG: scaffold-85475 (636bp)
Top Length: 636  Top ID: 99.84
		One align captures most of this contig: 5396059 5396694 | 1 636 | 636 636 | 99.84 | Sphingobium_yanoikuyae_ATCC_51230_gi_427407324_ref_NZ_ scaffold-85475

CONTIG: scaffold-85831 (611bp)
Top Length: 611  Top ID: 100.0
		One align captures most of this contig: 23136 23746 | 1 611 | 611 611 | 100.0 | Sphingobium_yanoikuyae_ATCC_51230_gi_427407324_ref_NZ_ scaffold-85831

CONTIG: scaffold-85984 (597bp)
Top Length: 597  Top ID: 99.5
		One align captures most of this contig: 1856140 1856736 | 597 1 | 597 597 | 99.5 | Sphingobium_yanoikuyae_ATCC_51230_gi_427407324_ref_NZ_ scaffold-85984

CONTIG: scaffold-86136 (580bp)
Top Length: 580  Top ID: 99.14
		One align captures most of this contig: 2168706 2169285 | 580 1 | 580 580 | 99.14 | Sphingobium_yanoikuyae_ATCC_51230_gi_427407324_ref_NZ_ scaffold-86136

CONTIG: scaffold-86301 (570bp)
Top Length: 570  Top ID: 99.65
		One align captures most of this contig: 1078334 1078903 | 1 570 | 570 570 | 99.65 | Sphingobium_yanoikuyae_ATCC_51230_gi_427407324_ref_NZ_ scaffold-86301

CONTIG: scaffold-87081 (518bp)
Top Length: 518  Top ID: 99.23
		One align captures most of this contig: 3588104 3588621 | 518 1 | 518 518 | 99.23 | Sphingobium_yanoikuyae_ATCC_51230_gi_427407324_ref_NZ_ scaffold-87081

CONTIG: scaffold-87297 (505bp)
Top Length: 505  Top ID: 99.01
		One align captures most of this contig: 4690120 4690624 | 505 1 | 505 505 | 99.01 | Sphingobium_yanoikuyae_ATCC_51230_gi_427407324_ref_NZ_ scaffold-87297

Analyzing coverage...
Writing SNPs into /Molly/gurevich/MetaQUAST/res_final/res_cami_final/runs_per_reference/Sphingobium_yanoikuyae_ATCC_51230/contigs_reports/nucmer_output/Ray.used_snps
ERROR: Reference Sphingobium_yanoikuyae_ATCC_51230_gi_427412368_ref_NZ_ does not have any alignments!  Check that this is the same file used for alignment.
ERROR: Alignment Reference Headers: ['Sphingobium_yanoikuyae_ATCC_51230_gi_427407324_ref_NZ_', 'Sphingobium_yanoikuyae_ATCC_51230_gi_427412345_ref_NZ_', 'Sphingobium_yanoikuyae_ATCC_51230_gi_427412226_ref_NZ_']
	Reference Sphingobium_yanoikuyae_ATCC_51230_gi_427412345_ref_NZ_: 4 total alignments. 1 total regions.
		Region: 1 to 20125 (20125 bp)
			START in gap: 1 to 7919 (7918 bp)
			Align 1: 7919 8684 scaffold-20656 1 766
				Gap between this and next alignment: 8684 to 9757 (1072 bp)
				Next Alignment: 9757 10556 scaffold-19690 800 1

			Align 2: 9757 10556 scaffold-19690 800 1
				Gap between this and next alignment: 10556 to 12111 (1554 bp)
				Next Alignment: 12111 12629 scaffold-83411 1 519

			Align 3: 12111 12629 scaffold-83411 1 519
				Gap between this and next alignment: 12629 to 13190 (560 bp)
				Next Alignment: 13190 13732 scaffold-8677 1 543

			Align 4: 13190 13732 scaffold-8677 1 543
			END in gap: 13732 to 20125 (6393 bp)

ERROR: Reference Sphingobium_yanoikuyae_ATCC_51230_gi_427412384_ref_NZ_ does not have any alignments!  Check that this is the same file used for alignment.
ERROR: Alignment Reference Headers: ['Sphingobium_yanoikuyae_ATCC_51230_gi_427407324_ref_NZ_', 'Sphingobium_yanoikuyae_ATCC_51230_gi_427412345_ref_NZ_', 'Sphingobium_yanoikuyae_ATCC_51230_gi_427412226_ref_NZ_']
ERROR: Reference Sphingobium_yanoikuyae_ATCC_51230_gi_427412374_ref_NZ_ does not have any alignments!  Check that this is the same file used for alignment.
ERROR: Alignment Reference Headers: ['Sphingobium_yanoikuyae_ATCC_51230_gi_427407324_ref_NZ_', 'Sphingobium_yanoikuyae_ATCC_51230_gi_427412345_ref_NZ_', 'Sphingobium_yanoikuyae_ATCC_51230_gi_427412226_ref_NZ_']
	Reference Sphingobium_yanoikuyae_ATCC_51230_gi_427407324_ref_NZ_: 107 total alignments. 1 total regions.
		Region: 1 to 5402660 (5402660 bp)
			START in gap: 1 to 565 (564 bp)
			Align 1: 565 1073 scaffold-23533 1 509
				Gap between this and next alignment: 1073 to 1552 (478 bp)
				Next Alignment: 1552 2101 scaffold-21385 550 1

			Align 2: 1552 2101 scaffold-21385 550 1
				Gap between this and next alignment: 2101 to 13568 (11466 bp)
				Next Alignment: 13568 14155 scaffold-19073 1 588

			Align 3: 13568 14155 scaffold-19073 1 588
				Gap between this and next alignment: 14155 to 14499 (343 bp)
				Next Alignment: 14499 15336 scaffold-18500 838 1

			Align 4: 14499 15336 scaffold-18500 838 1
				Gap between this and next alignment: 15336 to 16133 (796 bp)
				Next Alignment: 16133 17131 scaffold-15788 1 999

			Align 5: 16133 17131 scaffold-15788 1 999
				Gap between this and next alignment: 17131 to 18375 (1243 bp)
				Next Alignment: 18375 19091 scaffold-14714 1 717

			Align 6: 18375 19091 scaffold-14714 1 717
				Gap between this and next alignment: 19091 to 23136 (4044 bp)
				Next Alignment: 23136 23746 scaffold-85831 1 611

			Align 7: 23136 23746 scaffold-85831 1 611
				Gap between this and next alignment: 23746 to 25169 (1422 bp)
				Next Alignment: 25169 25755 scaffold-11577 1 587

			Align 8: 25169 25755 scaffold-11577 1 587
				Gap between this and next alignment: 25755 to 29956 (4200 bp)
				Next Alignment: 29956 30585 scaffold-6636 630 1

			Align 9: 29956 30585 scaffold-6636 630 1
				Gap between this and next alignment: 30585 to 54284 (23698 bp)
				Next Alignment: 54284 55162 scaffold-4917 1 879

			Align 10: 54284 55162 scaffold-4917 1 879
				Gap between this and next alignment: 55162 to 57952 (2789 bp)
				Next Alignment: 57952 58718 scaffold-8032 767 1

			Align 11: 57952 58718 scaffold-8032 767 1
				Gap between this and next alignment: 58718 to 77935 (19216 bp)
				Next Alignment: 77935 78589 scaffold-72966 1 655

			Align 12: 77935 78589 scaffold-72966 1 655
				Gap between this and next alignment: 78589 to 79683 (1093 bp)
				Next Alignment: 79683 80238 scaffold-7347 1 556

			Align 13: 79683 80238 scaffold-7347 1 556
				Gap between this and next alignment: 80238 to 82410 (2171 bp)
				Next Alignment: 82410 83382 scaffold-4658 973 1

			Align 14: 82410 83382 scaffold-4658 973 1
				Gap between this and next alignment: 83382 to 85605 (2222 bp)
				Next Alignment: 85605 86468 scaffold-6364 1 864

			Align 15: 85605 86468 scaffold-6364 1 864
				Gap between this and next alignment: 86468 to 87347 (878 bp)
				Next Alignment: 87347 88177 scaffold-84015 831 1

			Align 16: 87347 88177 scaffold-84015 831 1
				Gap between this and next alignment: 88177 to 91106 (2928 bp)
				Next Alignment: 91106 91996 scaffold-83682 1 891

			Align 17: 91106 91996 scaffold-83682 1 891
				Gap between this and next alignment: 91996 to 92909 (912 bp)
				Next Alignment: 92909 93621 scaffold-9202 1 713

			Align 18: 92909 93621 scaffold-9202 1 713
				Gap between this and next alignment: 93621 to 171986 (78364 bp)
				Next Alignment: 171986 172600 scaffold-17866 615 1

			Align 19: 171986 172600 scaffold-17866 615 1
				Gap between this and next alignment: 172600 to 546732 (374131 bp)
				Next Alignment: 546732 547364 scaffold-10480 1 633

			Align 20: 546732 547364 scaffold-10480 1 633
				Gap between this and next alignment: 547364 to 655314 (107949 bp)
				Next Alignment: 655314 656242 scaffold-5909 929 1

			Align 21: 655314 656242 scaffold-5909 929 1
				Gap between this and next alignment: 656242 to 672599 (16356 bp)
				Next Alignment: 672599 673259 scaffold-23976 1 661

			Align 22: 672599 673259 scaffold-23976 1 661
				Gap between this and next alignment: 673259 to 772445 (99185 bp)
				Next Alignment: 772445 773263 scaffold-7518 819 1

			Align 23: 772445 773263 scaffold-7518 819 1
				Gap between this and next alignment: 773263 to 925099 (151835 bp)
				Next Alignment: 925099 925887 scaffold-5254 1 789

			Align 24: 925099 925887 scaffold-5254 1 789
				Gap between this and next alignment: 925887 to 936346 (10458 bp)
				Next Alignment: 936346 936944 scaffold-79911 599 1

			Align 25: 936346 936944 scaffold-79911 599 1
				Gap between this and next alignment: 936944 to 1003308 (66363 bp)
				Next Alignment: 1003308 1004179 scaffold-6311 872 1

			Align 26: 1003308 1004179 scaffold-6311 872 1
				Gap between this and next alignment: 1004179 to 1072144 (67964 bp)
				Next Alignment: 1072144 1073143 scaffold-10446 1 1000

			Align 27: 1072144 1073143 scaffold-10446 1 1000
				Gap between this and next alignment: 1073143 to 1078334 (5190 bp)
				Next Alignment: 1078334 1078903 scaffold-86301 1 570

			Align 28: 1078334 1078903 scaffold-86301 1 570
				Gap between this and next alignment: 1078903 to 1148521 (69617 bp)
				Next Alignment: 1148521 1149138 scaffold-81639 1 618

			Align 29: 1148521 1149138 scaffold-81639 1 618
				Gap between this and next alignment: 1149138 to 1186907 (37768 bp)
				Next Alignment: 1186907 1187471 scaffold-13082 565 1

			Align 30: 1186907 1187471 scaffold-13082 565 1
				Negative gap (overlap) between this and next alignment: 1187471 to 1187447 (-24 bp)
				Next Alignment: 1187447 1187990 scaffold-14758 1 544

			Previous gap was negative, modifying coordinates to ignore overlap
				Moving contig start from 1 to 26.
			Align 31: 1187472 1187990 scaffold-14758 26 544
				Gap between this and next alignment: 1187990 to 1274106 (86115 bp)
				Next Alignment: 1274106 1274753 scaffold-6434 1 648

			Align 32: 1274106 1274753 scaffold-6434 1 648
				Gap between this and next alignment: 1274753 to 1284997 (10243 bp)
				Next Alignment: 1284997 1285522 scaffold-83176 1 526

			Align 33: 1284997 1285522 scaffold-83176 1 526
				Gap between this and next alignment: 1285522 to 1299715 (14192 bp)
				Next Alignment: 1299715 1300329 scaffold-78867 615 1

			Align 34: 1299715 1300329 scaffold-78867 615 1
				Gap between this and next alignment: 1300329 to 1354496 (54166 bp)
				Next Alignment: 1354496 1355013 scaffold-23185 518 1

			Align 35: 1354496 1355013 scaffold-23185 518 1
				Gap between this and next alignment: 1355013 to 1363810 (8796 bp)
				Next Alignment: 1363810 1364515 scaffold-15417 700 1

			Align 36: 1363810 1364515 scaffold-15417 700 1
				Gap between this and next alignment: 1364515 to 1753509 (388993 bp)
				Next Alignment: 1753509 1754013 scaffold-32004 505 1

			Align 37: 1753509 1754013 scaffold-32004 505 1
				Gap between this and next alignment: 1754013 to 1815411 (61397 bp)
				Next Alignment: 1815411 1815725 scaffold-85 845 531

			Align 38: 1815411 1815725 scaffold-85 845 531
				Negative gap (overlap) between this and next alignment: 1815725 to 1815552 (-173 bp)
				Next Alignment: 1815552 1816021 scaffold-85 470 1

			Previous gap was negative, modifying coordinates to ignore overlap
				Moving contig start from 470 to 296.
			Align 39: 1815726 1816021 scaffold-85 296 1
				Gap between this and next alignment: 1816021 to 1823593 (7571 bp)
				Next Alignment: 1823593 1824341 scaffold-5559 750 2

			Align 40: 1823593 1824341 scaffold-5559 750 2
				Gap between this and next alignment: 1824341 to 1853437 (29095 bp)
				Next Alignment: 1853437 1854191 scaffold-84492 755 1

			Align 41: 1853437 1854191 scaffold-84492 755 1
				Gap between this and next alignment: 1854191 to 1854782 (590 bp)
				Next Alignment: 1854782 1855287 scaffold-16002 1 506

			Align 42: 1854782 1855287 scaffold-16002 1 506
				Gap between this and next alignment: 1855287 to 1856140 (852 bp)
				Next Alignment: 1856140 1856736 scaffold-85984 597 1

			Align 43: 1856140 1856736 scaffold-85984 597 1
				Gap between this and next alignment: 1856736 to 2008246 (151509 bp)
				Next Alignment: 2008246 2008899 scaffold-6801 654 1

			Align 44: 2008246 2008899 scaffold-6801 654 1
				Gap between this and next alignment: 2008899 to 2040847 (31947 bp)
				Next Alignment: 2040847 2041436 scaffold-7567 590 1

			Align 45: 2040847 2041436 scaffold-7567 590 1
				Gap between this and next alignment: 2041436 to 2168706 (127269 bp)
				Next Alignment: 2168706 2169285 scaffold-86136 580 1

			Align 46: 2168706 2169285 scaffold-86136 580 1
				Gap between this and next alignment: 2169285 to 2320897 (151611 bp)
				Next Alignment: 2320897 2321739 scaffold-5057 843 1

			Align 47: 2320897 2321739 scaffold-5057 843 1
				Gap between this and next alignment: 2321739 to 2353035 (31295 bp)
				Next Alignment: 2353035 2353929 scaffold-83664 895 1

			Align 48: 2353035 2353929 scaffold-83664 895 1
				Gap between this and next alignment: 2353929 to 2843626 (489696 bp)
				Next Alignment: 2843626 2844350 scaffold-69413 725 1

			Align 49: 2843626 2844350 scaffold-69413 725 1
				Gap between this and next alignment: 2844350 to 2884631 (40280 bp)
				Next Alignment: 2884631 2885143 scaffold-49046 513 1

			Align 50: 2884631 2885143 scaffold-49046 513 1
				Gap between this and next alignment: 2885143 to 2887636 (2492 bp)
				Next Alignment: 2887636 2888346 scaffold-14907 711 1

			Align 51: 2887636 2888346 scaffold-14907 711 1
				Gap between this and next alignment: 2888346 to 2979517 (91170 bp)
				Next Alignment: 2979517 2980091 scaffold-81035 575 1

			Align 52: 2979517 2980091 scaffold-81035 575 1
				Gap between this and next alignment: 2980091 to 3009675 (29583 bp)
				Next Alignment: 3009675 3010861 scaffold-3651 1187 1

			Align 53: 3009675 3010861 scaffold-3651 1187 1
				Gap between this and next alignment: 3010861 to 3011142 (280 bp)
				Next Alignment: 3011142 3011911 scaffold-7995 1 770

			Align 54: 3011142 3011911 scaffold-7995 1 770
				Gap between this and next alignment: 3011911 to 3057188 (45276 bp)
				Next Alignment: 3057188 3057974 scaffold-5520 1 787

			Align 55: 3057188 3057974 scaffold-5520 1 787
				Gap between this and next alignment: 3057974 to 3130902 (72927 bp)
				Next Alignment: 3130902 3131517 scaffold-10843 1 616

			Align 56: 3130902 3131517 scaffold-10843 1 616
				Gap between this and next alignment: 3131517 to 3254222 (122704 bp)
				Next Alignment: 3254222 3254722 scaffold-16206 1 501

			Align 57: 3254222 3254722 scaffold-16206 1 501
				Gap between this and next alignment: 3254722 to 3371645 (116922 bp)
				Next Alignment: 3371645 3372277 scaffold-8205 633 1

			Align 58: 3371645 3372277 scaffold-8205 633 1
				Gap between this and next alignment: 3372277 to 3389063 (16785 bp)
				Next Alignment: 3389063 3389659 scaffold-16921 1 597

			Align 59: 3389063 3389659 scaffold-16921 1 597
				Gap between this and next alignment: 3389659 to 3410713 (21053 bp)
				Next Alignment: 3410713 3411340 scaffold-6630 630 3

			Align 60: 3410713 3411340 scaffold-6630 630 3
				Gap between this and next alignment: 3411340 to 3478711 (67370 bp)
				Next Alignment: 3478711 3479291 scaffold-27547 581 1

			Align 61: 3478711 3479291 scaffold-27547 581 1
				Gap between this and next alignment: 3479291 to 3503000 (23708 bp)
				Next Alignment: 3503000 3503940 scaffold-61286 941 1

			Align 62: 3503000 3503940 scaffold-61286 941 1
				Gap between this and next alignment: 3503940 to 3570341 (66400 bp)
				Next Alignment: 3570341 3571076 scaffold-85369 1 736

			Align 63: 3570341 3571076 scaffold-85369 1 736
				Gap between this and next alignment: 3571076 to 3588104 (17027 bp)
				Next Alignment: 3588104 3588621 scaffold-87081 518 1

			Align 64: 3588104 3588621 scaffold-87081 518 1
				Gap between this and next alignment: 3588621 to 3597592 (8970 bp)
				Next Alignment: 3597592 3598118 scaffold-7722 1 527

			Align 65: 3597592 3598118 scaffold-7722 1 527
				Gap between this and next alignment: 3598118 to 3658840 (60721 bp)
				Next Alignment: 3658840 3660104 scaffold-3753 1265 1

			Align 66: 3658840 3660104 scaffold-3753 1265 1
				Gap between this and next alignment: 3660104 to 3833398 (173293 bp)
				Next Alignment: 3833398 3834156 scaffold-20901 1 759

			Align 67: 3833398 3834156 scaffold-20901 1 759
				Gap between this and next alignment: 3834156 to 3848017 (13860 bp)
				Next Alignment: 3848017 3848588 scaffold-12849 1 572

			Align 68: 3848017 3848588 scaffold-12849 1 572
				Gap between this and next alignment: 3848588 to 3886509 (37920 bp)
				Next Alignment: 3886509 3886877 scaffold-28 1771 1403

			Align 69: 3886509 3886877 scaffold-28 1771 1403
				Negative gap (overlap) between this and next alignment: 3886877 to 3886631 (-246 bp)
				Next Alignment: 3886631 3888025 scaffold-28 1395 1

			Previous gap was negative, modifying coordinates to ignore overlap
				Moving contig start from 1395 to 1148.
			Align 70: 3886878 3888025 scaffold-28 1148 1
				Gap between this and next alignment: 3888025 to 3889141 (1115 bp)
				Next Alignment: 3889141 3889837 scaffold-9516 1 697

			Align 71: 3889141 3889837 scaffold-9516 1 697
				Gap between this and next alignment: 3889837 to 3911108 (21270 bp)
				Next Alignment: 3911108 3911621 scaffold-7946 1 514

			Align 72: 3911108 3911621 scaffold-7946 1 514
				Gap between this and next alignment: 3911621 to 3917305 (5683 bp)
				Next Alignment: 3917305 3918509 scaffold-59345 1 1205

			Align 73: 3917305 3918509 scaffold-59345 1 1205
				Gap between this and next alignment: 3918509 to 3920278 (1768 bp)
				Next Alignment: 3920278 3920976 scaffold-6302 1 699

			Align 74: 3920278 3920976 scaffold-6302 1 699
				Gap between this and next alignment: 3920976 to 3968938 (47961 bp)
				Next Alignment: 3968938 3969444 scaffold-8083 507 1

			Align 75: 3968938 3969444 scaffold-8083 507 1
				Gap between this and next alignment: 3969444 to 3969781 (336 bp)
				Next Alignment: 3969781 3970413 scaffold-10471 1 633

			Align 76: 3969781 3970413 scaffold-10471 1 633
				Gap between this and next alignment: 3970413 to 3990967 (20553 bp)
				Next Alignment: 3990967 3991472 scaffold-16139 506 1

			Align 77: 3990967 3991472 scaffold-16139 506 1
				Gap between this and next alignment: 3991472 to 3995246 (3773 bp)
				Next Alignment: 3995246 3995953 scaffold-22391 708 1

			Align 78: 3995246 3995953 scaffold-22391 708 1
				Gap between this and next alignment: 3995953 to 4047844 (51890 bp)
				Next Alignment: 4047844 4048626 scaffold-14707 1 783

			Align 79: 4047844 4048626 scaffold-14707 1 783
				Gap between this and next alignment: 4048626 to 4354214 (305587 bp)
				Next Alignment: 4354214 4355151 scaffold-4611 1 938

			Align 80: 4354214 4355151 scaffold-4611 1 938
				Gap between this and next alignment: 4355151 to 4366510 (11358 bp)
				Next Alignment: 4366510 4367221 scaffold-6180 1 712

			Align 81: 4366510 4367221 scaffold-6180 1 712
				Gap between this and next alignment: 4367221 to 4448893 (81671 bp)
				Next Alignment: 4448893 4449425 scaffold-14986 4 536

			Align 82: 4448893 4449425 scaffold-14986 4 536
				Gap between this and next alignment: 4449425 to 4464422 (14996 bp)
				Next Alignment: 4464422 4465207 scaffold-66987 786 1

			Align 83: 4464422 4465207 scaffold-66987 786 1
				Gap between this and next alignment: 4465207 to 4690120 (224912 bp)
				Next Alignment: 4690120 4690624 scaffold-87297 505 1

			Align 84: 4690120 4690624 scaffold-87297 505 1
				Gap between this and next alignment: 4690624 to 4833780 (143155 bp)
				Next Alignment: 4833780 4834333 scaffold-26977 1 554

			Align 85: 4833780 4834333 scaffold-26977 1 554
				Gap between this and next alignment: 4834333 to 4850004 (15670 bp)
				Next Alignment: 4850004 4850645 scaffold-24742 642 1

			Align 86: 4850004 4850645 scaffold-24742 642 1
				Gap between this and next alignment: 4850645 to 5031415 (180769 bp)
				Next Alignment: 5031415 5032103 scaffold-23067 1 689

			Align 87: 5031415 5032103 scaffold-23067 1 689
				Gap between this and next alignment: 5032103 to 5109217 (77113 bp)
				Next Alignment: 5109217 5110008 scaffold-84209 792 1

			Align 88: 5109217 5110008 scaffold-84209 792 1
				Gap between this and next alignment: 5110008 to 5180992 (70983 bp)
				Next Alignment: 5180992 5181831 scaffold-18478 1 840

			Align 89: 5180992 5181831 scaffold-18478 1 840
				Gap between this and next alignment: 5181831 to 5182532 (700 bp)
				Next Alignment: 5182532 5183136 scaffold-18405 1 605

			Align 90: 5182532 5183136 scaffold-18405 1 605
				Gap between this and next alignment: 5183136 to 5185729 (2592 bp)
				Next Alignment: 5185729 5186522 scaffold-19846 794 1

			Align 91: 5185729 5186522 scaffold-19846 794 1
				Gap between this and next alignment: 5186522 to 5257618 (71095 bp)
				Next Alignment: 5257618 5258159 scaffold-21409 542 1

			Align 92: 5257618 5258159 scaffold-21409 542 1
				Gap between this and next alignment: 5258159 to 5264044 (5884 bp)
				Next Alignment: 5264044 5264554 scaffold-31510 1 511

			Align 93: 5264044 5264554 scaffold-31510 1 511
				Gap between this and next alignment: 5264554 to 5266578 (2023 bp)
				Next Alignment: 5266578 5267302 scaffold-69651 1 725

			Align 94: 5266578 5267302 scaffold-69651 1 725
				Gap between this and next alignment: 5267302 to 5268652 (1349 bp)
				Next Alignment: 5268652 5269237 scaffold-80573 586 1

			Align 95: 5268652 5269237 scaffold-80573 586 1
				Gap between this and next alignment: 5269237 to 5269422 (184 bp)
				Next Alignment: 5269422 5270264 scaffold-5059 1 843

			Align 96: 5269422 5270264 scaffold-5059 1 843
				Gap between this and next alignment: 5270264 to 5273698 (3433 bp)
				Next Alignment: 5273698 5274319 scaffold-17602 1 622

			Align 97: 5273698 5274319 scaffold-17602 1 622
				Gap between this and next alignment: 5274319 to 5275902 (1582 bp)
				Next Alignment: 5275902 5276573 scaffold-6608 1 672

			Align 98: 5275902 5276573 scaffold-6608 1 672
				Gap between this and next alignment: 5276573 to 5280769 (4195 bp)
				Next Alignment: 5280769 5281701 scaffold-61519 933 1

			Align 99: 5280769 5281701 scaffold-61519 933 1
				Gap between this and next alignment: 5281701 to 5281706 (4 bp)
				Next Alignment: 5281706 5282207 scaffold-16238 502 1

			Align 100: 5281706 5282207 scaffold-16238 502 1
				Gap between this and next alignment: 5282207 to 5369946 (87738 bp)
				Next Alignment: 5369946 5370460 scaffold-15693 515 1

			Align 101: 5369946 5370460 scaffold-15693 515 1
				Gap between this and next alignment: 5370460 to 5370768 (307 bp)
				Next Alignment: 5370768 5371517 scaffold-84468 750 1

			Align 102: 5370768 5371517 scaffold-84468 750 1
				Gap between this and next alignment: 5371517 to 5373406 (1888 bp)
				Next Alignment: 5373406 5373944 scaffold-29857 1 539

			Align 103: 5373406 5373944 scaffold-29857 1 539
				Gap between this and next alignment: 5373944 to 5396059 (22114 bp)
				Next Alignment: 5396059 5396694 scaffold-85475 1 636

			Align 104: 5396059 5396694 scaffold-85475 1 636
				Gap between this and next alignment: 5396694 to 5397643 (948 bp)
				Next Alignment: 5397643 5398731 scaffold-3998 1089 1

			Align 105: 5397643 5398731 scaffold-3998 1089 1
				Gap between this and next alignment: 5398731 to 5399760 (1028 bp)
				Next Alignment: 5399760 5400324 scaffold-28607 565 1

			Align 106: 5399760 5400324 scaffold-28607 565 1
				Gap between this and next alignment: 5400324 to 5400580 (255 bp)
				Next Alignment: 5400580 5401315 scaffold-21521 736 1

			Align 107: 5400580 5401315 scaffold-21521 736 1
			END in gap: 5401315 to 5402660 (1345 bp)

ERROR: Reference Sphingobium_yanoikuyae_ATCC_51230_gi_427412396_ref_NZ_ does not have any alignments!  Check that this is the same file used for alignment.
ERROR: Alignment Reference Headers: ['Sphingobium_yanoikuyae_ATCC_51230_gi_427407324_ref_NZ_', 'Sphingobium_yanoikuyae_ATCC_51230_gi_427412345_ref_NZ_', 'Sphingobium_yanoikuyae_ATCC_51230_gi_427412226_ref_NZ_']
	Reference Sphingobium_yanoikuyae_ATCC_51230_gi_427412226_ref_NZ_: 3 total alignments. 1 total regions.
		Region: 1 to 68922 (68922 bp)
			START in gap: 1 to 32470 (32469 bp)
			Align 1: 32470 33463 scaffold-10563 1 994
				Gap between this and next alignment: 33463 to 35686 (2222 bp)
				Next Alignment: 35686 36342 scaffold-16535 1 657

			Align 2: 35686 36342 scaffold-16535 1 657
				Gap between this and next alignment: 36342 to 59094 (22751 bp)
				Next Alignment: 59094 59976 scaffold-83721 883 1

			Align 3: 59094 59976 scaffold-83721 883 1
			END in gap: 59976 to 68922 (8946 bp)

ERROR: Reference Sphingobium_yanoikuyae_ATCC_51230_gi_427412312_ref_NZ_ does not have any alignments!  Check that this is the same file used for alignment.
ERROR: Alignment Reference Headers: ['Sphingobium_yanoikuyae_ATCC_51230_gi_427407324_ref_NZ_', 'Sphingobium_yanoikuyae_ATCC_51230_gi_427412345_ref_NZ_', 'Sphingobium_yanoikuyae_ATCC_51230_gi_427412226_ref_NZ_']
ERROR: Reference Sphingobium_yanoikuyae_ATCC_51230_gi_427412392_ref_NZ_ does not have any alignments!  Check that this is the same file used for alignment.
ERROR: Alignment Reference Headers: ['Sphingobium_yanoikuyae_ATCC_51230_gi_427407324_ref_NZ_', 'Sphingobium_yanoikuyae_ATCC_51230_gi_427412345_ref_NZ_', 'Sphingobium_yanoikuyae_ATCC_51230_gi_427412226_ref_NZ_']
Analysis is finished!
Founded SNPs were written into /Molly/gurevich/MetaQUAST/res_final/res_cami_final/runs_per_reference/Sphingobium_yanoikuyae_ATCC_51230/contigs_reports/nucmer_output/Ray.used_snps

Results:
	Local Misassemblies: 2
	Misassemblies: 0
		Relocations: 0
		Translocations: 0
		Inversions: 0
	Fake misassemblies matched with structural variations: 0
	Misassembled Contigs: 0
	Misassembled Contig Bases: 0
	Misassemblies Inter-Contig Overlap: 0
Uncovered Regions: 0 (0)
Unaligned Contigs: 0 + 0 part
Partially Unaligned Contigs with Misassemblies: 0
Unaligned Contig Bases: 0

Ambiguously Mapped Contigs: 1
Total Bases in Ambiguously Mapped Contigs: 792
Note that --allow-ambiguity option was set to "one" and only first alignment per each contig was used.

	Covered Bases: 78874

	SNPs: 392
	Insertions: 0
	Deletions: 6

	Positive Gaps: 114
		Internal Gaps:  0
		External Gaps:  114
		External Gap Total:  5412833
		External Gap Average: 47481
	Negative Gaps: 3
		Internal Overlaps:  2
		External Overlaps:  1
		External Overlaps Total: -24
		External Overlaps Average: -24
	Contigs with Redundant Alignments: 0 (0)
