Aligning contigs to reference...
	Using existing Nucmer alignments...
Parsing coords...
Loading reference...
	Loaded [Sphingobium_yanoikuyae_ATCC_51230_gi_427407324_ref_NZ_]
	Loaded [Sphingobium_yanoikuyae_ATCC_51230_gi_427412226_ref_NZ_]
	Loaded [Sphingobium_yanoikuyae_ATCC_51230_gi_427412312_ref_NZ_]
	Loaded [Sphingobium_yanoikuyae_ATCC_51230_gi_427412345_ref_NZ_]
	Loaded [Sphingobium_yanoikuyae_ATCC_51230_gi_427412368_ref_NZ_]
	Loaded [Sphingobium_yanoikuyae_ATCC_51230_gi_427412374_ref_NZ_]
	Loaded [Sphingobium_yanoikuyae_ATCC_51230_gi_427412384_ref_NZ_]
	Loaded [Sphingobium_yanoikuyae_ATCC_51230_gi_427412392_ref_NZ_]
	Loaded [Sphingobium_yanoikuyae_ATCC_51230_gi_427412396_ref_NZ_]
Loading SNPs...
Loading regions...
	No regions given, using whole reference.
	Total Regions: 9
	Total Region Length: 5532579
Analyzing contigs...
CONTIG: S_S1_C27489 (5653bp)
Top Length: 5653  Top ID: 99.91
		One align captures most of this contig: 5010 10662 | 1 5653 | 5653 5653 | 99.91 | Sphingobium_yanoikuyae_ATCC_51230_gi_427412345_ref_NZ_ S_S1_C27489

CONTIG: S_S1_C3382 (1822bp)
Top Length: 1822  Top ID: 100.0
		One align captures most of this contig: 5274775 5276596 | 1 1822 | 1822 1822 | 100.0 | Sphingobium_yanoikuyae_ATCC_51230_gi_427407324_ref_NZ_ S_S1_C3382

CONTIG: S_S1_C3785 (3797bp)
Top Length: 3797  Top ID: 99.76
		One align captures most of this contig: 77855 81651 | 1 3797 | 3797 3797 | 99.76 | Sphingobium_yanoikuyae_ATCC_51230_gi_427407324_ref_NZ_ S_S1_C3785

CONTIG: S_S1_C5131 (573bp)
Top Length: 573  Top ID: 99.48
		One align captures most of this contig: 5267701 5268273 | 573 1 | 573 573 | 99.48 | Sphingobium_yanoikuyae_ATCC_51230_gi_427407324_ref_NZ_ S_S1_C5131

CONTIG: S_S1_C5178 (612bp)
Top Length: 612  Top ID: 100.0
		One align captures most of this contig: 94822 95433 | 1 612 | 612 612 | 100.0 | Sphingobium_yanoikuyae_ATCC_51230_gi_427407324_ref_NZ_ S_S1_C5178

CONTIG: S_S1_C11772 (1138bp)
Top Length: 1138  Top ID: 99.82
		One align captures most of this contig: 21862 23000 | 1 1138 | 1139 1138 | 99.82 | Sphingobium_yanoikuyae_ATCC_51230_gi_427407324_ref_NZ_ S_S1_C11772

CONTIG: S_S1_C18864 (4108bp)
Top Length: 4108  Top ID: 99.95
		One align captures most of this contig: 5268636 5272743 | 1 4108 | 4108 4108 | 99.95 | Sphingobium_yanoikuyae_ATCC_51230_gi_427407324_ref_NZ_ S_S1_C18864

CONTIG: S_S1_C24536 (8270bp)
Top Length: 8270  Top ID: 99.87
		One align captures most of this contig: 81698 89968 | 1 8270 | 8271 8270 | 99.87 | Sphingobium_yanoikuyae_ATCC_51230_gi_427407324_ref_NZ_ S_S1_C24536

CONTIG: S_S1_C28833 (1499bp)
Top Length: 1499  Top ID: 99.4
		One align captures most of this contig: 20280 21778 | 1 1499 | 1499 1499 | 99.4 | Sphingobium_yanoikuyae_ATCC_51230_gi_427407324_ref_NZ_ S_S1_C28833

CONTIG: S_S1_C29894 (557bp)
Top Length: 557  Top ID: 99.82
		One align captures most of this contig: 5279662 5280218 | 1 557 | 557 557 | 99.82 | Sphingobium_yanoikuyae_ATCC_51230_gi_427407324_ref_NZ_ S_S1_C29894

CONTIG: S_S1_C30773 (4184bp)
Top Length: 4184  Top ID: 99.69
		One align captures most of this contig: 90074 94257 | 4184 1 | 4184 4184 | 99.69 | Sphingobium_yanoikuyae_ATCC_51230_gi_427407324_ref_NZ_ S_S1_C30773

CONTIG: S_S1_C36277 (2004bp)
Top Length: 2004  Top ID: 99.35
		This contig has 4 significant alignments. [An ambiguously mapped contig]
		Using only first of these alignment (option --ambiguity-usage is set to "one"):
		Alignment: 591761 593765 | 1 2004 | 2005 2004 | 99.35 | Sphingobium_yanoikuyae_ATCC_51230_gi_427407324_ref_NZ_ S_S1_C36277
		Skipping alignment  2150042 2152047 | 1 2004 | 2006 2004 | 98.95 | Sphingobium_yanoikuyae_ATCC_51230_gi_427407324_ref_NZ_ S_S1_C36277
		Skipping alignment  2262926 2264931 | 1 2004 | 2006 2004 | 98.95 | Sphingobium_yanoikuyae_ATCC_51230_gi_427407324_ref_NZ_ S_S1_C36277
		Skipping alignment  5059771 5061776 | 2004 1 | 2006 2004 | 98.95 | Sphingobium_yanoikuyae_ATCC_51230_gi_427407324_ref_NZ_ S_S1_C36277

CONTIG: S_S1_C36913 (2205bp)
Top Length: 2205  Top ID: 99.82
		One align captures most of this contig: 28567 30771 | 1 2205 | 2205 2205 | 99.82 | Sphingobium_yanoikuyae_ATCC_51230_gi_427407324_ref_NZ_ S_S1_C36913

CONTIG: S_S1_C41514 (986bp)
Top Length: 986  Top ID: 99.9
		One align captures most of this contig: 5278648 5279633 | 1 986 | 986 986 | 99.9 | Sphingobium_yanoikuyae_ATCC_51230_gi_427407324_ref_NZ_ S_S1_C41514

CONTIG: S_S1_C44085 (1612bp)
Top Length: 1612  Top ID: 100.0
		One align captures most of this contig: 23118 24729 | 1 1612 | 1612 1612 | 100.0 | Sphingobium_yanoikuyae_ATCC_51230_gi_427407324_ref_NZ_ S_S1_C44085

CONTIG: S_S1_C46564 (539bp)
Top Length: 539  Top ID: 99.81
		One align captures most of this contig: 77165 77703 | 539 1 | 539 539 | 99.81 | Sphingobium_yanoikuyae_ATCC_51230_gi_427407324_ref_NZ_ S_S1_C46564

CONTIG: S_S1_C53839 (1634bp)
Top Length: 1634  Top ID: 100.0
		One align captures most of this contig: 5272747 5274380 | 1 1634 | 1634 1634 | 100.0 | Sphingobium_yanoikuyae_ATCC_51230_gi_427407324_ref_NZ_ S_S1_C53839

CONTIG: S_S1_C56122 (3679bp)
Top Length: 3679  Top ID: 99.76
		One align captures most of this contig: 24867 28545 | 1 3679 | 3679 3679 | 99.76 | Sphingobium_yanoikuyae_ATCC_51230_gi_427407324_ref_NZ_ S_S1_C56122

Analyzing coverage...
Writing SNPs into /Molly/gurevich/MetaQUAST/res_final/res_cami_final/runs_per_reference/Sphingobium_yanoikuyae_ATCC_51230/contigs_reports/nucmer_output/Gold_Assembly.used_snps
ERROR: Reference Sphingobium_yanoikuyae_ATCC_51230_gi_427412368_ref_NZ_ does not have any alignments!  Check that this is the same file used for alignment.
ERROR: Alignment Reference Headers: ['Sphingobium_yanoikuyae_ATCC_51230_gi_427407324_ref_NZ_', 'Sphingobium_yanoikuyae_ATCC_51230_gi_427412345_ref_NZ_']
	Reference Sphingobium_yanoikuyae_ATCC_51230_gi_427412345_ref_NZ_: 1 total alignments. 1 total regions.
		Region: 1 to 20125 (20125 bp)
			START in gap: 1 to 5010 (5009 bp)
			Align 1: 5010 10662 S_S1_C27489 1 5653
			END in gap: 10662 to 20125 (9463 bp)

ERROR: Reference Sphingobium_yanoikuyae_ATCC_51230_gi_427412384_ref_NZ_ does not have any alignments!  Check that this is the same file used for alignment.
ERROR: Alignment Reference Headers: ['Sphingobium_yanoikuyae_ATCC_51230_gi_427407324_ref_NZ_', 'Sphingobium_yanoikuyae_ATCC_51230_gi_427412345_ref_NZ_']
ERROR: Reference Sphingobium_yanoikuyae_ATCC_51230_gi_427412374_ref_NZ_ does not have any alignments!  Check that this is the same file used for alignment.
ERROR: Alignment Reference Headers: ['Sphingobium_yanoikuyae_ATCC_51230_gi_427407324_ref_NZ_', 'Sphingobium_yanoikuyae_ATCC_51230_gi_427412345_ref_NZ_']
	Reference Sphingobium_yanoikuyae_ATCC_51230_gi_427407324_ref_NZ_: 17 total alignments. 1 total regions.
		Region: 1 to 5402660 (5402660 bp)
			START in gap: 1 to 20280 (20279 bp)
			Align 1: 20280 21778 S_S1_C28833 1 1499
				Gap between this and next alignment: 21778 to 21862 (83 bp)
				Next Alignment: 21862 23000 S_S1_C11772 1 1138

			Align 2: 21862 23000 S_S1_C11772 1 1138
				Gap between this and next alignment: 23000 to 23118 (117 bp)
				Next Alignment: 23118 24729 S_S1_C44085 1 1612

			Align 3: 23118 24729 S_S1_C44085 1 1612
				Gap between this and next alignment: 24729 to 24867 (137 bp)
				Next Alignment: 24867 28545 S_S1_C56122 1 3679

			Align 4: 24867 28545 S_S1_C56122 1 3679
				Gap between this and next alignment: 28545 to 28567 (21 bp)
				Next Alignment: 28567 30771 S_S1_C36913 1 2205

			Align 5: 28567 30771 S_S1_C36913 1 2205
				Gap between this and next alignment: 30771 to 77165 (46393 bp)
				Next Alignment: 77165 77703 S_S1_C46564 539 1

			Align 6: 77165 77703 S_S1_C46564 539 1
				Gap between this and next alignment: 77703 to 77855 (151 bp)
				Next Alignment: 77855 81651 S_S1_C3785 1 3797

			Align 7: 77855 81651 S_S1_C3785 1 3797
				Gap between this and next alignment: 81651 to 81698 (46 bp)
				Next Alignment: 81698 89968 S_S1_C24536 1 8270

			Align 8: 81698 89968 S_S1_C24536 1 8270
				Gap between this and next alignment: 89968 to 90074 (105 bp)
				Next Alignment: 90074 94257 S_S1_C30773 4184 1

			Align 9: 90074 94257 S_S1_C30773 4184 1
				Gap between this and next alignment: 94257 to 94822 (564 bp)
				Next Alignment: 94822 95433 S_S1_C5178 1 612

			Align 10: 94822 95433 S_S1_C5178 1 612
				Gap between this and next alignment: 95433 to 591761 (496327 bp)
				Next Alignment: 591761 593765 S_S1_C36277 1 2004

			Align 11: 591761 593765 S_S1_C36277 1 2004
				Gap between this and next alignment: 593765 to 5267701 (4673935 bp)
				Next Alignment: 5267701 5268273 S_S1_C5131 573 1

			Align 12: 5267701 5268273 S_S1_C5131 573 1
				Gap between this and next alignment: 5268273 to 5268636 (362 bp)
				Next Alignment: 5268636 5272743 S_S1_C18864 1 4108

			Align 13: 5268636 5272743 S_S1_C18864 1 4108
				Gap between this and next alignment: 5272743 to 5272747 (3 bp)
				Next Alignment: 5272747 5274380 S_S1_C53839 1 1634

			Align 14: 5272747 5274380 S_S1_C53839 1 1634
				Gap between this and next alignment: 5274380 to 5274775 (394 bp)
				Next Alignment: 5274775 5276596 S_S1_C3382 1 1822

			Align 15: 5274775 5276596 S_S1_C3382 1 1822
				Gap between this and next alignment: 5276596 to 5278648 (2051 bp)
				Next Alignment: 5278648 5279633 S_S1_C41514 1 986

			Align 16: 5278648 5279633 S_S1_C41514 1 986
				Gap between this and next alignment: 5279633 to 5279662 (28 bp)
				Next Alignment: 5279662 5280218 S_S1_C29894 1 557

			Align 17: 5279662 5280218 S_S1_C29894 1 557
			END in gap: 5280218 to 5402660 (122442 bp)

ERROR: Reference Sphingobium_yanoikuyae_ATCC_51230_gi_427412396_ref_NZ_ does not have any alignments!  Check that this is the same file used for alignment.
ERROR: Alignment Reference Headers: ['Sphingobium_yanoikuyae_ATCC_51230_gi_427407324_ref_NZ_', 'Sphingobium_yanoikuyae_ATCC_51230_gi_427412345_ref_NZ_']
ERROR: Reference Sphingobium_yanoikuyae_ATCC_51230_gi_427412226_ref_NZ_ does not have any alignments!  Check that this is the same file used for alignment.
ERROR: Alignment Reference Headers: ['Sphingobium_yanoikuyae_ATCC_51230_gi_427407324_ref_NZ_', 'Sphingobium_yanoikuyae_ATCC_51230_gi_427412345_ref_NZ_']
ERROR: Reference Sphingobium_yanoikuyae_ATCC_51230_gi_427412312_ref_NZ_ does not have any alignments!  Check that this is the same file used for alignment.
ERROR: Alignment Reference Headers: ['Sphingobium_yanoikuyae_ATCC_51230_gi_427407324_ref_NZ_', 'Sphingobium_yanoikuyae_ATCC_51230_gi_427412345_ref_NZ_']
ERROR: Reference Sphingobium_yanoikuyae_ATCC_51230_gi_427412392_ref_NZ_ does not have any alignments!  Check that this is the same file used for alignment.
ERROR: Alignment Reference Headers: ['Sphingobium_yanoikuyae_ATCC_51230_gi_427407324_ref_NZ_', 'Sphingobium_yanoikuyae_ATCC_51230_gi_427412345_ref_NZ_']
Analysis is finished!
Founded SNPs were written into /Molly/gurevich/MetaQUAST/res_final/res_cami_final/runs_per_reference/Sphingobium_yanoikuyae_ATCC_51230/contigs_reports/nucmer_output/Gold_Assembly.used_snps

Results:
	Local Misassemblies: 0
	Misassemblies: 0
		Relocations: 0
		Translocations: 0
		Inversions: 0
	Fake misassemblies matched with structural variations: 0
	Misassembled Contigs: 0
	Misassembled Contig Bases: 0
	Misassemblies Inter-Contig Overlap: 0
Uncovered Regions: 0 (0)
Unaligned Contigs: 0 + 0 part
Partially Unaligned Contigs with Misassemblies: 0
Unaligned Contig Bases: 0

Ambiguously Mapped Contigs: 1
Total Bases in Ambiguously Mapped Contigs: 2004
Note that --allow-ambiguity option was set to "one" and only first alignment per each contig was used.

	Covered Bases: 44875

	SNPs: 74
	Insertions: 3
	Deletions: 6

	Positive Gaps: 20
		Internal Gaps:  0
		External Gaps:  20
		External Gap Total:  5377910
		External Gap Average: 268896
	Negative Gaps: 0
		Internal Overlaps:  0
		External Overlaps:  0
		External Overlaps Total:  0
		External Overlaps Average: 0
	Contigs with Redundant Alignments: 0 (0)
