Aligning contigs to reference...
	Using existing Nucmer alignments...
Parsing coords...
Loading reference...
	Loaded [Sphingobium_yanoikuyae_ATCC_51230_gi_427407324_ref_NZ_]
	Loaded [Sphingobium_yanoikuyae_ATCC_51230_gi_427412226_ref_NZ_]
	Loaded [Sphingobium_yanoikuyae_ATCC_51230_gi_427412312_ref_NZ_]
	Loaded [Sphingobium_yanoikuyae_ATCC_51230_gi_427412345_ref_NZ_]
	Loaded [Sphingobium_yanoikuyae_ATCC_51230_gi_427412368_ref_NZ_]
	Loaded [Sphingobium_yanoikuyae_ATCC_51230_gi_427412374_ref_NZ_]
	Loaded [Sphingobium_yanoikuyae_ATCC_51230_gi_427412384_ref_NZ_]
	Loaded [Sphingobium_yanoikuyae_ATCC_51230_gi_427412392_ref_NZ_]
	Loaded [Sphingobium_yanoikuyae_ATCC_51230_gi_427412396_ref_NZ_]
Loading SNPs...
Loading regions...
	No regions given, using whole reference.
	Total Regions: 9
	Total Region Length: 5532579
Analyzing contigs...
CONTIG: scaffold6716__3.8 (2029bp)
Top Length: 2027  Top ID: 97.85
		One align captures most of this contig: 35676 37709 | 2029 3 | 2034 2027 | 97.85 | Sphingobium_yanoikuyae_ATCC_51230_gi_427412226_ref_NZ_ scaffold6716__3.8

CONTIG: scaffold6910__2.2 (825bp)
Top Length: 825  Top ID: 99.64
		One align captures most of this contig: 58903 59727 | 825 1 | 825 825 | 99.64 | Sphingobium_yanoikuyae_ATCC_51230_gi_427412226_ref_NZ_ scaffold6910__2.2

CONTIG: scaffold8287__3.7 (839bp)
Top Length: 839  Top ID: 98.93
		One align captures most of this contig: 32904 33748 | 1 839 | 845 839 | 98.93 | Sphingobium_yanoikuyae_ATCC_51230_gi_427412226_ref_NZ_ scaffold8287__3.7

CONTIG: scaffold11390__2.5 (1718bp)
Top Length: 1718  Top ID: 97.92
		One align captures most of this contig: 57119 58851 | 1 1718 | 1733 1718 | 97.92 | Sphingobium_yanoikuyae_ATCC_51230_gi_427412226_ref_NZ_ scaffold11390__2.5

CONTIG: C8242023__3.0 (776bp)
Top Length: 776  Top ID: 99.87
		One align captures most of this contig: 34865 35640 | 1 776 | 776 776 | 99.87 | Sphingobium_yanoikuyae_ATCC_51230_gi_427412226_ref_NZ_ C8242023__3.0

CONTIG: scaffold2385__3.9 (1162bp)
Top Length: 1162  Top ID: 99.14
		One align captures most of this contig: 6935 8087 | 1162 1 | 1153 1162 | 99.14 | Sphingobium_yanoikuyae_ATCC_51230_gi_427412345_ref_NZ_ scaffold2385__3.9

CONTIG: scaffold8373__3.0 (1155bp)
Top Length: 1155  Top ID: 99.48
		One align captures most of this contig: 8055 9207 | 1155 1 | 1153 1155 | 99.48 | Sphingobium_yanoikuyae_ATCC_51230_gi_427412345_ref_NZ_ scaffold8373__3.0

CONTIG: scaffold8389__1.8 (1316bp)
Top Length: 1316  Top ID: 98.86
		One align captures most of this contig: 9302 10610 | 1 1316 | 1309 1316 | 98.86 | Sphingobium_yanoikuyae_ATCC_51230_gi_427412345_ref_NZ_ scaffold8389__1.8

CONTIG: scaffold9929__3.0 (790bp)
Top Length: 790  Top ID: 98.86
		One align captures most of this contig: 5930 6713 | 790 1 | 784 790 | 98.86 | Sphingobium_yanoikuyae_ATCC_51230_gi_427412345_ref_NZ_ scaffold9929__3.0

CONTIG: scaffold137__2.3 (682bp)
Top Length: 549  Top ID: 96.54
		This contig is partially unaligned. (Aligned 549 out of 682 bases)
		Alignment: 563671 564219 | 1 549 | 549 549 | 96.54 | Sphingobium_yanoikuyae_ATCC_51230_gi_427407324_ref_NZ_ scaffold137__2.3
		Unaligned bases: 550 to 682 (133)

CONTIG: scaffold946__3.8 (702bp)
Top Length: 702  Top ID: 99.43
		One align captures most of this contig: 3758433 3759134 | 702 1 | 702 702 | 99.43 | Sphingobium_yanoikuyae_ATCC_51230_gi_427407324_ref_NZ_ scaffold946__3.8

CONTIG: scaffold1350__3.5 (724bp)
Top Length: 724  Top ID: 95.99
		One align captures most of this contig: 5280859 5281553 | 724 1 | 695 724 | 95.99 | Sphingobium_yanoikuyae_ATCC_51230_gi_427407324_ref_NZ_ scaffold1350__3.5

CONTIG: scaffold1364__3.9 (734bp)
Top Length: 734  Top ID: 96.41
		One align captures most of this contig: 4709472 4710224 | 734 1 | 753 734 | 96.41 | Sphingobium_yanoikuyae_ATCC_51230_gi_427407324_ref_NZ_ scaffold1364__3.9

CONTIG: scaffold1369__2.9 (586bp)
Top Length: 586  Top ID: 98.65
		One align captures most of this contig: 658534 659124 | 1 586 | 591 586 | 98.65 | Sphingobium_yanoikuyae_ATCC_51230_gi_427407324_ref_NZ_ scaffold1369__2.9

CONTIG: scaffold2055__3.1 (1082bp)
Top Length: 1082  Top ID: 97.72
		One align captures most of this contig: 3910797 3911892 | 1 1082 | 1096 1082 | 97.72 | Sphingobium_yanoikuyae_ATCC_51230_gi_427407324_ref_NZ_ scaffold2055__3.1

CONTIG: scaffold2277__4.9 (1143bp)
Top Length: 616  Top ID: 96.6
		This contig is partially unaligned. (Aligned 616 out of 1143 bases)
		Alignment: 1792679 1793296 | 1143 528 | 618 616 | 96.6 | Sphingobium_yanoikuyae_ATCC_51230_gi_427407324_ref_NZ_ scaffold2277__4.9
		Unaligned bases: 1 to 527 (527)
		This contig has both significant aligned and unaligned parts (of length >= min-contig)! It can contain interspecies translocations

CONTIG: scaffold2558__4.3 (1097bp)
Top Length: 1097  Top ID: 99.09
		One align captures most of this contig: 2884065 2885161 | 1097 1 | 1097 1097 | 99.09 | Sphingobium_yanoikuyae_ATCC_51230_gi_427407324_ref_NZ_ scaffold2558__4.3

CONTIG: scaffold3463__3.3 (1018bp)
Top Length: 1018  Top ID: 98.25
		One align captures most of this contig: 21959 22988 | 1018 1 | 1030 1018 | 98.25 | Sphingobium_yanoikuyae_ATCC_51230_gi_427407324_ref_NZ_ scaffold3463__3.3

CONTIG: scaffold3857__4.9 (956bp)
Top Length: 956  Top ID: 99.06
		One align captures most of this contig: 1860882 1861835 | 956 1 | 954 956 | 99.06 | Sphingobium_yanoikuyae_ATCC_51230_gi_427407324_ref_NZ_ scaffold3857__4.9

CONTIG: scaffold3925__2.9 (1291bp)
Top Length: 1291  Top ID: 98.77
		This contig has 2 significant alignments. [An ambiguously mapped contig]
		Using only first of these alignment (option --ambiguity-usage is set to "one"):
		Alignment: 5109188 5110485 | 1 1291 | 1298 1291 | 98.77 | Sphingobium_yanoikuyae_ATCC_51230_gi_427407324_ref_NZ_ scaffold3925__2.9
		Skipping alignment  5375649 5376946 | 1 1291 | 1298 1291 | 98.77 | Sphingobium_yanoikuyae_ATCC_51230_gi_427407324_ref_NZ_ scaffold3925__2.9

CONTIG: scaffold4728__2.8 (1195bp)
Top Length: 1195  Top ID: 99.5
		One align captures most of this contig: 5268643 5269835 | 1195 1 | 1193 1195 | 99.5 | Sphingobium_yanoikuyae_ATCC_51230_gi_427407324_ref_NZ_ scaffold4728__2.8

CONTIG: scaffold4863__3.0 (983bp)
Top Length: 983  Top ID: 99.29
		One align captures most of this contig: 3906781 3907763 | 983 1 | 983 983 | 99.29 | Sphingobium_yanoikuyae_ATCC_51230_gi_427407324_ref_NZ_ scaffold4863__3.0

CONTIG: scaffold5680__3.3 (604bp)
Top Length: 604  Top ID: 97.55
		One align captures most of this contig: 3238000 3238612 | 1 604 | 613 604 | 97.55 | Sphingobium_yanoikuyae_ATCC_51230_gi_427407324_ref_NZ_ scaffold5680__3.3

CONTIG: scaffold5776__2.8 (883bp)
Top Length: 883  Top ID: 97.0
		One align captures most of this contig: 3647107 3648006 | 1 883 | 900 883 | 97.0 | Sphingobium_yanoikuyae_ATCC_51230_gi_427407324_ref_NZ_ scaffold5776__2.8

CONTIG: scaffold6420__3.8 (695bp)
Top Length: 695  Top ID: 96.98
		One align captures most of this contig: 1611264 1611958 | 695 1 | 695 695 | 96.98 | Sphingobium_yanoikuyae_ATCC_51230_gi_427407324_ref_NZ_ scaffold6420__3.8

CONTIG: scaffold6688__3.1 (1565bp)
Top Length: 1565  Top ID: 99.04
		Marking as insignificant: 5136074 5137643 | 1 1565 | 1570 1565 | 96.82 | Sphingobium_yanoikuyae_ATCC_51230_gi_427407324_ref_NZ_ scaffold6688__3.1
		One align captures most of this contig: 5391994 5393563 | 1 1565 | 1570 1565 | 99.04 | Sphingobium_yanoikuyae_ATCC_51230_gi_427407324_ref_NZ_ scaffold6688__3.1

CONTIG: scaffold6813__3.5 (650bp)
Top Length: 650  Top ID: 98.62
		One align captures most of this contig: 2885265 2885914 | 650 1 | 650 650 | 98.62 | Sphingobium_yanoikuyae_ATCC_51230_gi_427407324_ref_NZ_ scaffold6813__3.5

CONTIG: scaffold7238__2.6 (524bp)
Top Length: 524  Top ID: 95.8
		One align captures most of this contig: 91994 92504 | 1 524 | 511 524 | 95.8 | Sphingobium_yanoikuyae_ATCC_51230_gi_427407324_ref_NZ_ scaffold7238__2.6

CONTIG: scaffold7340__2.1 (1771bp)
Top Length: 1771  Top ID: 98.48
		One align captures most of this contig: 3813117 3814895 | 1 1771 | 1779 1771 | 98.48 | Sphingobium_yanoikuyae_ATCC_51230_gi_427407324_ref_NZ_ scaffold7340__2.1

CONTIG: scaffold7956__2.7 (1386bp)
Top Length: 1386  Top ID: 99.35
		One align captures most of this contig: 5271320 5272708 | 1 1386 | 1389 1386 | 99.35 | Sphingobium_yanoikuyae_ATCC_51230_gi_427407324_ref_NZ_ scaffold7956__2.7

CONTIG: scaffold8249__4.0 (555bp)
Top Length: 555  Top ID: 99.46
		This contig has 4 significant alignments. [An ambiguously mapped contig]
		Using only first of these alignment (option --ambiguity-usage is set to "one"):
		Alignment: 590072 590626 | 1 555 | 555 555 | 99.46 | Sphingobium_yanoikuyae_ATCC_51230_gi_427407324_ref_NZ_ scaffold8249__4.0
		Skipping alignment  2148352 2148907 | 1 555 | 556 555 | 99.28 | Sphingobium_yanoikuyae_ATCC_51230_gi_427407324_ref_NZ_ scaffold8249__4.0
		Skipping alignment  2261236 2261791 | 1 555 | 556 555 | 99.28 | Sphingobium_yanoikuyae_ATCC_51230_gi_427407324_ref_NZ_ scaffold8249__4.0
		Skipping alignment  5062911 5063466 | 555 1 | 556 555 | 99.28 | Sphingobium_yanoikuyae_ATCC_51230_gi_427407324_ref_NZ_ scaffold8249__4.0

CONTIG: scaffold8286__2.0 (523bp)
Top Length: 523  Top ID: 99.24
		One align captures most of this contig: 1859484 1860004 | 1 523 | 521 523 | 99.24 | Sphingobium_yanoikuyae_ATCC_51230_gi_427407324_ref_NZ_ scaffold8286__2.0

CONTIG: scaffold8347__4.0 (722bp)
Top Length: 722  Top ID: 98.48
		One align captures most of this contig: 546734 547457 | 722 1 | 724 722 | 98.48 | Sphingobium_yanoikuyae_ATCC_51230_gi_427407324_ref_NZ_ scaffold8347__4.0

CONTIG: scaffold8677__2.2 (1346bp)
Top Length: 1032  Top ID: 97.38
		This contig is partially unaligned. (Aligned 1032 out of 1346 bases)
		Alignment: 643155 644186 | 315 1346 | 1032 1032 | 97.38 | Sphingobium_yanoikuyae_ATCC_51230_gi_427407324_ref_NZ_ scaffold8677__2.2
		Unaligned bases: 1 to 314 (314)

CONTIG: scaffold8736__2.4 (684bp)
Top Length: 684  Top ID: 99.56
		One align captures most of this contig: 5399020 5399703 | 684 1 | 684 684 | 99.56 | Sphingobium_yanoikuyae_ATCC_51230_gi_427407324_ref_NZ_ scaffold8736__2.4

CONTIG: scaffold8865__3.3 (1077bp)
Top Length: 1077  Top ID: 98.62
		One align captures most of this contig: 5182531 5183619 | 1 1077 | 1089 1077 | 98.62 | Sphingobium_yanoikuyae_ATCC_51230_gi_427407324_ref_NZ_ scaffold8865__3.3

CONTIG: scaffold8904__3.8 (1212bp)
Top Length: 1212  Top ID: 99.26
		One align captures most of this contig: 1858212 1859421 | 1212 1 | 1210 1212 | 99.26 | Sphingobium_yanoikuyae_ATCC_51230_gi_427407324_ref_NZ_ scaffold8904__3.8

CONTIG: scaffold9026__2.6 (1632bp)
Top Length: 1632  Top ID: 98.17
		One align captures most of this contig: 5399671 5401312 | 1 1632 | 1642 1632 | 98.17 | Sphingobium_yanoikuyae_ATCC_51230_gi_427407324_ref_NZ_ scaffold9026__2.6

CONTIG: scaffold9206__2.6 (722bp)
Top Length: 722  Top ID: 98.89
		One align captures most of this contig: 5278683 5279396 | 1 722 | 714 722 | 98.89 | Sphingobium_yanoikuyae_ATCC_51230_gi_427407324_ref_NZ_ scaffold9206__2.6

CONTIG: scaffold9303__3.8 (874bp)
Top Length: 874  Top ID: 95.48
		This contig has 4 significant alignments. [An ambiguously mapped contig]
		Using only first of these alignment (option --ambiguity-usage is set to "one"):
		Alignment: 590616 591500 | 1 874 | 885 874 | 95.48 | Sphingobium_yanoikuyae_ATCC_51230_gi_427407324_ref_NZ_ scaffold9303__3.8
		Skipping alignment  2148897 2149781 | 1 874 | 885 874 | 95.48 | Sphingobium_yanoikuyae_ATCC_51230_gi_427407324_ref_NZ_ scaffold9303__3.8
		Skipping alignment  2261781 2262665 | 1 874 | 885 874 | 95.48 | Sphingobium_yanoikuyae_ATCC_51230_gi_427407324_ref_NZ_ scaffold9303__3.8
		Skipping alignment  5062037 5062921 | 874 1 | 885 874 | 95.48 | Sphingobium_yanoikuyae_ATCC_51230_gi_427407324_ref_NZ_ scaffold9303__3.8

CONTIG: scaffold9317__2.0 (661bp)
Top Length: 661  Top ID: 98.49
		Marking as insignificant: 5108658 5109314 | 1 661 | 657 661 | 97.13 | Sphingobium_yanoikuyae_ATCC_51230_gi_427407324_ref_NZ_ scaffold9317__2.0
		One align captures most of this contig: 5375119 5375775 | 1 661 | 657 661 | 98.49 | Sphingobium_yanoikuyae_ATCC_51230_gi_427407324_ref_NZ_ scaffold9317__2.0

CONTIG: scaffold9312__3.9 (2042bp)
Top Length: 2042  Top ID: 99.27
		One align captures most of this contig: 1849949 1851982 | 2042 1 | 2034 2042 | 99.27 | Sphingobium_yanoikuyae_ATCC_51230_gi_427407324_ref_NZ_ scaffold9312__3.9

CONTIG: scaffold9604__3.0 (998bp)
Top Length: 998  Top ID: 98.21
		One align captures most of this contig: 998124 999127 | 1 998 | 1004 998 | 98.21 | Sphingobium_yanoikuyae_ATCC_51230_gi_427407324_ref_NZ_ scaffold9604__3.0

CONTIG: scaffold10228__4.0 (3792bp)
Top Length: 3792  Top ID: 98.97
		Marking as insignificant: 21225 21671 | 6 452 | 447 447 | 99.11 | Sphingobium_yanoikuyae_ATCC_51230_gi_427412312_ref_NZ_ scaffold10228__4.0
		Marking as insignificant: 12492 12938 | 452 6 | 447 447 | 99.11 | Sphingobium_yanoikuyae_ATCC_51230_gi_427407324_ref_NZ_ scaffold10228__4.0
		Marking as insignificant: 5145474 5145920 | 452 6 | 447 447 | 99.33 | Sphingobium_yanoikuyae_ATCC_51230_gi_427407324_ref_NZ_ scaffold10228__4.0
		Marking as insignificant: 3646 4097 | 1 452 | 452 452 | 99.12 | Sphingobium_yanoikuyae_ATCC_51230_gi_427407324_ref_NZ_ scaffold10228__4.0
		One align captures most of this contig: 15314 19091 | 1 3792 | 3778 3792 | 98.97 | Sphingobium_yanoikuyae_ATCC_51230_gi_427407324_ref_NZ_ scaffold10228__4.0

CONTIG: scaffold10328__3.7 (2004bp)
Top Length: 2004  Top ID: 99.45
		One align captures most of this contig: 5370516 5372520 | 2004 1 | 2005 2004 | 99.45 | Sphingobium_yanoikuyae_ATCC_51230_gi_427407324_ref_NZ_ scaffold10328__3.7

CONTIG: scaffold10644__3.0 (1243bp)
Top Length: 1243  Top ID: 99.44
		One align captures most of this contig: 90081 91324 | 1243 1 | 1244 1243 | 99.44 | Sphingobium_yanoikuyae_ATCC_51230_gi_427407324_ref_NZ_ scaffold10644__3.0

CONTIG: scaffold10721__3.3 (1736bp)
Top Length: 1736  Top ID: 99.37
		One align captures most of this contig: 13603 15346 | 1 1736 | 1744 1736 | 99.37 | Sphingobium_yanoikuyae_ATCC_51230_gi_427407324_ref_NZ_ scaffold10721__3.3

CONTIG: scaffold10904__4.6 (1518bp)
Top Length: 1518  Top ID: 97.96
		One align captures most of this contig: 439258 440758 | 1518 1 | 1501 1518 | 97.96 | Sphingobium_yanoikuyae_ATCC_51230_gi_427407324_ref_NZ_ scaffold10904__4.6

CONTIG: scaffold10964__4.0 (1962bp)
Top Length: 1962  Top ID: 97.76
		One align captures most of this contig: 24889 26845 | 1 1962 | 1957 1962 | 97.76 | Sphingobium_yanoikuyae_ATCC_51230_gi_427407324_ref_NZ_ scaffold10964__4.0

CONTIG: scaffold11006__3.9 (680bp)
Top Length: 644  Top ID: 97.52
		This contig is partially unaligned. (Aligned 644 out of 680 bases)
		Alignment: 862498 863141 | 644 1 | 644 644 | 97.52 | Sphingobium_yanoikuyae_ATCC_51230_gi_427407324_ref_NZ_ scaffold11006__3.9
		Unaligned bases: 645 to 680 (36)

CONTIG: scaffold11218__3.0 (753bp)
Top Length: 753  Top ID: 99.2
		One align captures most of this contig: 3917312 3918062 | 1 753 | 751 753 | 99.2 | Sphingobium_yanoikuyae_ATCC_51230_gi_427407324_ref_NZ_ scaffold11218__3.0

CONTIG: scaffold11628__2.0 (1043bp)
Top Length: 1005  Top ID: 95.42
		This contig is partially unaligned. (Aligned 1005 out of 1043 bases)
		Alignment: 1210956 1211960 | 1005 1 | 1005 1005 | 95.42 | Sphingobium_yanoikuyae_ATCC_51230_gi_427407324_ref_NZ_ scaffold11628__2.0
		Unaligned bases: 1006 to 1043 (38)

CONTIG: scaffold11682__4.0 (3561bp)
Top Length: 3561  Top ID: 99.55
		One align captures most of this contig: 5264044 5267616 | 3561 1 | 3573 3561 | 99.55 | Sphingobium_yanoikuyae_ATCC_51230_gi_427407324_ref_NZ_ scaffold11682__4.0

CONTIG: C8213939__2.0 (506bp)
Top Length: 506  Top ID: 99.41
		One align captures most of this contig: 1854781 1855286 | 506 1 | 506 506 | 99.41 | Sphingobium_yanoikuyae_ATCC_51230_gi_427407324_ref_NZ_ C8213939__2.0

CONTIG: C8214259__2.0 (508bp)
Top Length: 508  Top ID: 98.62
		One align captures most of this contig: 3793379 3793886 | 1 508 | 508 508 | 98.62 | Sphingobium_yanoikuyae_ATCC_51230_gi_427407324_ref_NZ_ C8214259__2.0

CONTIG: C8214385__2.0 (509bp)
Top Length: 509  Top ID: 99.02
		One align captures most of this contig: 3565538 3566046 | 509 1 | 509 509 | 99.02 | Sphingobium_yanoikuyae_ATCC_51230_gi_427407324_ref_NZ_ C8214385__2.0

CONTIG: C8216373__3.0 (522bp)
Top Length: 522  Top ID: 99.62
		One align captures most of this contig: 5267716 5268237 | 522 1 | 522 522 | 99.62 | Sphingobium_yanoikuyae_ATCC_51230_gi_427407324_ref_NZ_ C8216373__3.0

CONTIG: C8216613__3.0 (524bp)
Top Length: 524  Top ID: 99.62
		One align captures most of this contig: 2312662 2313185 | 1 524 | 524 524 | 99.62 | Sphingobium_yanoikuyae_ATCC_51230_gi_427407324_ref_NZ_ C8216613__3.0

CONTIG: C8216921__3.0 (526bp)
Top Length: 526  Top ID: 99.05
		One align captures most of this contig: 3388928 3389453 | 526 1 | 526 526 | 99.05 | Sphingobium_yanoikuyae_ATCC_51230_gi_427407324_ref_NZ_ C8216921__3.0

CONTIG: C8218805__3.0 (539bp)
Top Length: 539  Top ID: 98.89
		One align captures most of this contig: 3991413 3991951 | 1 539 | 539 539 | 98.89 | Sphingobium_yanoikuyae_ATCC_51230_gi_427407324_ref_NZ_ C8218805__3.0

CONTIG: C8219281__3.0 (543bp)
Top Length: 543  Top ID: 99.82
		One align captures most of this contig: 1849372 1849914 | 543 1 | 543 543 | 99.82 | Sphingobium_yanoikuyae_ATCC_51230_gi_427407324_ref_NZ_ C8219281__3.0

CONTIG: C8219561__2.0 (545bp)
Top Length: 545  Top ID: 99.27
		One align captures most of this contig: 4448895 4449439 | 545 1 | 545 545 | 99.27 | Sphingobium_yanoikuyae_ATCC_51230_gi_427407324_ref_NZ_ C8219561__2.0

CONTIG: C8221639__3.0 (561bp)
Top Length: 561  Top ID: 99.64
		One align captures most of this contig: 3848016 3848576 | 1 561 | 561 561 | 99.64 | Sphingobium_yanoikuyae_ATCC_51230_gi_427407324_ref_NZ_ C8221639__3.0

CONTIG: C8223309__5.0 (575bp)
Top Length: 575  Top ID: 100.0
		One align captures most of this contig: 94858 95432 | 575 1 | 575 575 | 100.0 | Sphingobium_yanoikuyae_ATCC_51230_gi_427407324_ref_NZ_ C8223309__5.0

CONTIG: C8223613__2.0 (577bp)
Top Length: 577  Top ID: 98.96
		One align captures most of this contig: 3120865 3121441 | 577 1 | 577 577 | 98.96 | Sphingobium_yanoikuyae_ATCC_51230_gi_427407324_ref_NZ_ C8223613__2.0

CONTIG: C8223721__2.0 (578bp)
Top Length: 528  Top ID: 95.45
		This contig is partially unaligned. (Aligned 528 out of 578 bases)
		Alignment: 1696100 1696627 | 51 578 | 528 528 | 95.45 | Sphingobium_yanoikuyae_ATCC_51230_gi_427407324_ref_NZ_ C8223721__2.0
		Unaligned bases: 1 to 50 (50)

CONTIG: C8224203__3.0 (582bp)
Top Length: 582  Top ID: 99.14
		One align captures most of this contig: 2590979 2591560 | 1 582 | 582 582 | 99.14 | Sphingobium_yanoikuyae_ATCC_51230_gi_427407324_ref_NZ_ C8224203__3.0

CONTIG: C8226009__5.0 (597bp)
Top Length: 597  Top ID: 99.83
		One align captures most of this contig: 5280280 5280876 | 1 597 | 597 597 | 99.83 | Sphingobium_yanoikuyae_ATCC_51230_gi_427407324_ref_NZ_ C8226009__5.0

CONTIG: C8228731__3.0 (621bp)
Top Length: 621  Top ID: 99.19
		One align captures most of this contig: 3057343 3057963 | 1 621 | 621 621 | 99.19 | Sphingobium_yanoikuyae_ATCC_51230_gi_427407324_ref_NZ_ C8228731__3.0

CONTIG: C8229417__4.0 (628bp)
Top Length: 628  Top ID: 99.2
		One align captures most of this contig: 2843614 2844241 | 628 1 | 628 628 | 99.2 | Sphingobium_yanoikuyae_ATCC_51230_gi_427407324_ref_NZ_ C8229417__4.0

CONTIG: C8230679__3.0 (641bp)
Top Length: 641  Top ID: 99.84
		One align captures most of this contig: 54531 55171 | 641 1 | 641 641 | 99.84 | Sphingobium_yanoikuyae_ATCC_51230_gi_427407324_ref_NZ_ C8230679__3.0

CONTIG: C8231387__3.0 (648bp)
Top Length: 548  Top ID: 95.99
		This contig is partially unaligned. (Aligned 548 out of 648 bases)
		Alignment: 4833013 4833561 | 101 648 | 549 548 | 95.99 | Sphingobium_yanoikuyae_ATCC_51230_gi_427407324_ref_NZ_ C8231387__3.0
		Unaligned bases: 1 to 100 (100)

CONTIG: C8233147__2.0 (667bp)
Top Length: 667  Top ID: 98.8
		One align captures most of this contig: 4129258 4129924 | 667 1 | 667 667 | 98.8 | Sphingobium_yanoikuyae_ATCC_51230_gi_427407324_ref_NZ_ C8233147__2.0

CONTIG: C8233335__3.0 (669bp)
Top Length: 669  Top ID: 99.1
		This contig has 2 significant alignments. [An ambiguously mapped contig]
		Using only first of these alignment (option --ambiguity-usage is set to "one"):
		Alignment: 5378013 5378681 | 1 669 | 669 669 | 99.1 | Sphingobium_yanoikuyae_ATCC_51230_gi_427407324_ref_NZ_ C8233335__3.0
		Skipping alignment  5111552 5112220 | 1 669 | 669 669 | 98.21 | Sphingobium_yanoikuyae_ATCC_51230_gi_427407324_ref_NZ_ C8233335__3.0

CONTIG: C8233495__6.0 (671bp)
Top Length: 671  Top ID: 99.55
		One align captures most of this contig: 91327 91997 | 1 671 | 671 671 | 99.55 | Sphingobium_yanoikuyae_ATCC_51230_gi_427407324_ref_NZ_ C8233495__6.0

CONTIG: C8233857__3.0 (675bp)
Top Length: 675  Top ID: 99.26
		One align captures most of this contig: 636358 637032 | 675 1 | 675 675 | 99.26 | Sphingobium_yanoikuyae_ATCC_51230_gi_427407324_ref_NZ_ C8233857__3.0

CONTIG: C8235817__3.0 (697bp)
Top Length: 697  Top ID: 96.84
		One align captures most of this contig: 935522 936218 | 1 697 | 697 697 | 96.84 | Sphingobium_yanoikuyae_ATCC_51230_gi_427407324_ref_NZ_ C8235817__3.0

CONTIG: C8235995__4.0 (700bp)
Top Length: 700  Top ID: 98.86
		One align captures most of this contig: 890421 891120 | 700 1 | 700 700 | 98.86 | Sphingobium_yanoikuyae_ATCC_51230_gi_427407324_ref_NZ_ C8235995__4.0

CONTIG: C8237759__2.0 (720bp)
Top Length: 720  Top ID: 98.89
		One align captures most of this contig: 4062516 4063235 | 1 720 | 720 720 | 98.89 | Sphingobium_yanoikuyae_ATCC_51230_gi_427407324_ref_NZ_ C8237759__2.0

CONTIG: C8237869__4.0 (721bp)
Top Length: 721  Top ID: 98.89
		One align captures most of this contig: 19154 19874 | 1 721 | 721 721 | 98.89 | Sphingobium_yanoikuyae_ATCC_51230_gi_427407324_ref_NZ_ C8237869__4.0

CONTIG: C8238043__3.0 (723bp)
Top Length: 722  Top ID: 99.72
		One align captures most of this contig: 5274798 5275519 | 723 2 | 722 722 | 99.72 | Sphingobium_yanoikuyae_ATCC_51230_gi_427407324_ref_NZ_ C8238043__3.0

CONTIG: C8239291__2.0 (738bp)
Top Length: 738  Top ID: 99.73
		This contig has 2 significant alignments. [An ambiguously mapped contig]
		Using only first of these alignment (option --ambiguity-usage is set to "one"):
		Alignment: 5107543 5108280 | 1 738 | 738 738 | 99.73 | Sphingobium_yanoikuyae_ATCC_51230_gi_427407324_ref_NZ_ C8239291__2.0
		Skipping alignment  5374004 5374741 | 1 738 | 738 738 | 99.73 | Sphingobium_yanoikuyae_ATCC_51230_gi_427407324_ref_NZ_ C8239291__2.0

CONTIG: C8239673__3.0 (742bp)
Top Length: 722  Top ID: 98.06
		This contig is partially unaligned. (Aligned 722 out of 742 bases)
		Alignment: 1864826 1865547 | 21 742 | 722 722 | 98.06 | Sphingobium_yanoikuyae_ATCC_51230_gi_427407324_ref_NZ_ C8239673__3.0
		Unaligned bases: 1 to 20 (20)

CONTIG: C8239701__3.0 (743bp)
Top Length: 743  Top ID: 98.92
		One align captures most of this contig: 2320777 2321519 | 743 1 | 743 743 | 98.92 | Sphingobium_yanoikuyae_ATCC_51230_gi_427407324_ref_NZ_ C8239701__3.0

CONTIG: C8241657__3.0 (770bp)
Top Length: 770  Top ID: 99.74
		One align captures most of this contig: 1852086 1852855 | 1 770 | 770 770 | 99.74 | Sphingobium_yanoikuyae_ATCC_51230_gi_427407324_ref_NZ_ C8241657__3.0

CONTIG: C8243265__5.0 (793bp)
Top Length: 793  Top ID: 99.12
		One align captures most of this contig: 3658649 3659441 | 793 1 | 793 793 | 99.12 | Sphingobium_yanoikuyae_ATCC_51230_gi_427407324_ref_NZ_ C8243265__5.0

CONTIG: C8244181__4.0 (806bp)
Top Length: 806  Top ID: 99.01
		One align captures most of this contig: 3132082 3132887 | 1 806 | 806 806 | 99.01 | Sphingobium_yanoikuyae_ATCC_51230_gi_427407324_ref_NZ_ C8244181__4.0

CONTIG: C8245801__4.0 (834bp)
Top Length: 834  Top ID: 99.76
		One align captures most of this contig: 1207235 1208068 | 1 834 | 834 834 | 99.76 | Sphingobium_yanoikuyae_ATCC_51230_gi_427407324_ref_NZ_ C8245801__4.0

CONTIG: C8247523__3.0 (862bp)
Top Length: 862  Top ID: 100.0
		One align captures most of this contig: 88884 89745 | 1 862 | 862 862 | 100.0 | Sphingobium_yanoikuyae_ATCC_51230_gi_427407324_ref_NZ_ C8247523__3.0

CONTIG: C8247605__3.0 (863bp)
Top Length: 863  Top ID: 99.19
		One align captures most of this contig: 3911886 3912748 | 863 1 | 863 863 | 99.19 | Sphingobium_yanoikuyae_ATCC_51230_gi_427407324_ref_NZ_ C8247605__3.0

CONTIG: C8248889__4.0 (886bp)
Top Length: 886  Top ID: 99.32
		One align captures most of this contig: 936245 937130 | 1 886 | 886 886 | 99.32 | Sphingobium_yanoikuyae_ATCC_51230_gi_427407324_ref_NZ_ C8248889__4.0

CONTIG: C8249513__5.0 (897bp)
Top Length: 897  Top ID: 99.11
		One align captures most of this contig: 2353009 2353905 | 897 1 | 897 897 | 99.11 | Sphingobium_yanoikuyae_ATCC_51230_gi_427407324_ref_NZ_ C8249513__5.0

CONTIG: C8249671__3.0 (899bp)
Top Length: 899  Top ID: 99.89
		One align captures most of this contig: 1853404 1854302 | 1 899 | 899 899 | 99.89 | Sphingobium_yanoikuyae_ATCC_51230_gi_427407324_ref_NZ_ C8249671__3.0

CONTIG: C8249775__3.0 (901bp)
Top Length: 901  Top ID: 99.56
		One align captures most of this contig: 3907781 3908681 | 1 901 | 901 901 | 99.56 | Sphingobium_yanoikuyae_ATCC_51230_gi_427407324_ref_NZ_ C8249775__3.0

CONTIG: C8249997__3.0 (906bp)
Top Length: 906  Top ID: 99.34
		One align captures most of this contig: 5275669 5276574 | 1 906 | 906 906 | 99.34 | Sphingobium_yanoikuyae_ATCC_51230_gi_427407324_ref_NZ_ C8249997__3.0

CONTIG: C8250035__3.0 (906bp)
Top Length: 906  Top ID: 98.68
		This contig has 2 significant alignments. [An ambiguously mapped contig]
		Using only first of these alignment (option --ambiguity-usage is set to "one"):
		Alignment: 5110568 5111473 | 1 906 | 906 906 | 98.68 | Sphingobium_yanoikuyae_ATCC_51230_gi_427407324_ref_NZ_ C8250035__3.0
		Skipping alignment  5377029 5377934 | 1 906 | 906 906 | 98.68 | Sphingobium_yanoikuyae_ATCC_51230_gi_427407324_ref_NZ_ C8250035__3.0

CONTIG: C8252033__2.0 (945bp)
Top Length: 942  Top ID: 99.04
		One align captures most of this contig: 4380336 4381277 | 945 4 | 942 942 | 99.04 | Sphingobium_yanoikuyae_ATCC_51230_gi_427407324_ref_NZ_ C8252033__2.0

CONTIG: C8252083__2.0 (946bp)
Top Length: 946  Top ID: 98.94
		One align captures most of this contig: 2994062 2995007 | 946 1 | 946 946 | 98.94 | Sphingobium_yanoikuyae_ATCC_51230_gi_427407324_ref_NZ_ C8252083__2.0

CONTIG: C8254527__5.0 (997bp)
Top Length: 997  Top ID: 98.9
		One align captures most of this contig: 4354215 4355211 | 1 997 | 997 997 | 98.9 | Sphingobium_yanoikuyae_ATCC_51230_gi_427407324_ref_NZ_ C8254527__5.0

CONTIG: C8256495__3.0 (1041bp)
Top Length: 1041  Top ID: 99.9
		One align captures most of this contig: 3011054 3012094 | 1 1041 | 1041 1041 | 99.9 | Sphingobium_yanoikuyae_ATCC_51230_gi_427407324_ref_NZ_ C8256495__3.0

CONTIG: C8256641__4.0 (1044bp)
Top Length: 1029  Top ID: 96.89
		This contig is partially unaligned. (Aligned 1029 out of 1044 bases)
		Alignment: 1595255 1596283 | 1 1029 | 1029 1029 | 96.89 | Sphingobium_yanoikuyae_ATCC_51230_gi_427407324_ref_NZ_ C8256641__4.0
		Unaligned bases: 1030 to 1044 (15)

CONTIG: C8257159__4.0 (1058bp)
Top Length: 1058  Top ID: 99.43
		Marking as insignificant: 5100317 5100657 | 1058 718 | 341 341 | 98.83 | Sphingobium_yanoikuyae_ATCC_51230_gi_427407324_ref_NZ_ C8257159__4.0
		This contig has 2 significant alignments. [An ambiguously mapped contig]
		Using only first of these alignment (option --ambiguity-usage is set to "one"):
		Alignment: 5372903 5373960 | 1058 1 | 1058 1058 | 99.43 | Sphingobium_yanoikuyae_ATCC_51230_gi_427407324_ref_NZ_ C8257159__4.0
		Skipping alignment  5106436 5107499 | 1058 1 | 1064 1058 | 98.87 | Sphingobium_yanoikuyae_ATCC_51230_gi_427407324_ref_NZ_ C8257159__4.0

CONTIG: C8260617__3.0 (1153bp)
Top Length: 1151  Top ID: 99.83
		One align captures most of this contig: 23151 24301 | 1 1151 | 1151 1151 | 99.83 | Sphingobium_yanoikuyae_ATCC_51230_gi_427407324_ref_NZ_ C8260617__3.0

CONTIG: C8260683__4.0 (1155bp)
Top Length: 1155  Top ID: 99.48
		One align captures most of this contig: 1273635 1274789 | 1155 1 | 1155 1155 | 99.48 | Sphingobium_yanoikuyae_ATCC_51230_gi_427407324_ref_NZ_ C8260683__4.0

CONTIG: C8265829__2.0 (1332bp)
Top Length: 1332  Top ID: 98.72
		One align captures most of this contig: 2008337 2009668 | 1332 1 | 1332 1332 | 98.72 | Sphingobium_yanoikuyae_ATCC_51230_gi_427407324_ref_NZ_ C8265829__2.0

CONTIG: C8267113__4.0 (1385bp)
Top Length: 1385  Top ID: 99.13
		One align captures most of this contig: 20325 21709 | 1 1385 | 1385 1385 | 99.13 | Sphingobium_yanoikuyae_ATCC_51230_gi_427407324_ref_NZ_ C8267113__4.0

CONTIG: C8267539__4.0 (1405bp)
Top Length: 1405  Top ID: 99.36
		One align captures most of this contig: 1753099 1754503 | 1 1405 | 1405 1405 | 99.36 | Sphingobium_yanoikuyae_ATCC_51230_gi_427407324_ref_NZ_ C8267539__4.0

CONTIG: C8267639__4.0 (1412bp)
Top Length: 1412  Top ID: 99.86
		One align captures most of this contig: 5185728 5187139 | 1 1412 | 1412 1412 | 99.86 | Sphingobium_yanoikuyae_ATCC_51230_gi_427407324_ref_NZ_ C8267639__4.0

CONTIG: C8267831__4.0 (1421bp)
Top Length: 1421  Top ID: 99.37
		One align captures most of this contig: 1887724 1889145 | 1 1421 | 1422 1421 | 99.37 | Sphingobium_yanoikuyae_ATCC_51230_gi_427407324_ref_NZ_ C8267831__4.0

CONTIG: C8269431__3.0 (1499bp)
Top Length: 1468  Top ID: 96.12
		This contig is partially unaligned. (Aligned 1468 out of 1499 bases)
		Alignment: 1057688 1059155 | 1499 32 | 1468 1468 | 96.12 | Sphingobium_yanoikuyae_ATCC_51230_gi_427407324_ref_NZ_ C8269431__3.0
		Unaligned bases: 1 to 31 (31)

CONTIG: C8270463__4.0 (1562bp)
Top Length: 1562  Top ID: 99.94
		One align captures most of this contig: 5272756 5274317 | 1562 1 | 1562 1562 | 99.94 | Sphingobium_yanoikuyae_ATCC_51230_gi_427407324_ref_NZ_ C8270463__4.0

CONTIG: C8271641__3.0 (1634bp)
Top Length: 1634  Top ID: 99.63
		One align captures most of this contig: 92624 94257 | 1 1634 | 1634 1634 | 99.63 | Sphingobium_yanoikuyae_ATCC_51230_gi_427407324_ref_NZ_ C8271641__3.0

CONTIG: C8271651__4.0 (1634bp)
Top Length: 1634  Top ID: 99.76
		One align captures most of this contig: 5397116 5398749 | 1634 1 | 1634 1634 | 99.76 | Sphingobium_yanoikuyae_ATCC_51230_gi_427407324_ref_NZ_ C8271651__4.0

CONTIG: C8273603__4.0 (1774bp)
Top Length: 1774  Top ID: 99.83
		One align captures most of this contig: 86543 88316 | 1 1774 | 1774 1774 | 99.83 | Sphingobium_yanoikuyae_ATCC_51230_gi_427407324_ref_NZ_ C8273603__4.0

CONTIG: C8274281__3.0 (1826bp)
Top Length: 1826  Top ID: 99.67
		One align captures most of this contig: 28933 30758 | 1826 1 | 1826 1826 | 99.67 | Sphingobium_yanoikuyae_ATCC_51230_gi_427407324_ref_NZ_ C8274281__3.0

CONTIG: C8274707__4.0 (1862bp)
Top Length: 1862  Top ID: 99.79
		One align captures most of this contig: 81875 83736 | 1862 1 | 1862 1862 | 99.79 | Sphingobium_yanoikuyae_ATCC_51230_gi_427407324_ref_NZ_ C8274707__4.0

CONTIG: C8278921__4.0 (2337bp)
Top Length: 2337  Top ID: 99.06
		One align captures most of this contig: 933218 935554 | 1 2337 | 2337 2337 | 99.06 | Sphingobium_yanoikuyae_ATCC_51230_gi_427407324_ref_NZ_ C8278921__4.0

CONTIG: C8280025__4.0 (2515bp)
Top Length: 2480  Top ID: 96.46
		This contig is partially unaligned. (Aligned 2480 out of 2515 bases)
		Alignment: 1855041 1857522 | 2480 1 | 2482 2480 | 96.46 | Sphingobium_yanoikuyae_ATCC_51230_gi_427407324_ref_NZ_ C8280025__4.0
		Unaligned bases: 2481 to 2515 (35)

CONTIG: C8280843__3.0 (2682bp)
Top Length: 2682  Top ID: 99.66
		One align captures most of this contig: 83847 86529 | 1 2682 | 2683 2682 | 99.66 | Sphingobium_yanoikuyae_ATCC_51230_gi_427407324_ref_NZ_ C8280843__3.0

CONTIG: C8280827__3.0 (2678bp)
Top Length: 2678  Top ID: 99.59
		One align captures most of this contig: 77882 80559 | 1 2678 | 2678 2678 | 99.59 | Sphingobium_yanoikuyae_ATCC_51230_gi_427407324_ref_NZ_ C8280827__3.0

Analyzing coverage...
Writing SNPs into /Molly/gurevich/MetaQUAST/res_final/res_cami_final/runs_per_reference/Sphingobium_yanoikuyae_ATCC_51230/contigs_reports/nucmer_output/SOAPdenovo2.used_snps
ERROR: Reference Sphingobium_yanoikuyae_ATCC_51230_gi_427412368_ref_NZ_ does not have any alignments!  Check that this is the same file used for alignment.
ERROR: Alignment Reference Headers: ['Sphingobium_yanoikuyae_ATCC_51230_gi_427407324_ref_NZ_', 'Sphingobium_yanoikuyae_ATCC_51230_gi_427412345_ref_NZ_', 'Sphingobium_yanoikuyae_ATCC_51230_gi_427412226_ref_NZ_']
	Reference Sphingobium_yanoikuyae_ATCC_51230_gi_427412345_ref_NZ_: 4 total alignments. 1 total regions.
		Region: 1 to 20125 (20125 bp)
			START in gap: 1 to 5930 (5929 bp)
			Align 1: 5930 6713 scaffold9929__3.0 790 1
				Gap between this and next alignment: 6713 to 6935 (221 bp)
				Next Alignment: 6935 8087 scaffold2385__3.9 1162 1

			Align 2: 6935 8087 scaffold2385__3.9 1162 1
				Negative gap (overlap) between this and next alignment: 8087 to 8055 (-32 bp)
				Next Alignment: 8055 9207 scaffold8373__3.0 1155 1

			Previous gap was negative, modifying coordinates to ignore overlap
				Moving contig start from 1155 to 1122.
			Align 3: 8088 9207 scaffold8373__3.0 1122 1
				Gap between this and next alignment: 9207 to 9302 (94 bp)
				Next Alignment: 9302 10610 scaffold8389__1.8 1 1316

			Align 4: 9302 10610 scaffold8389__1.8 1 1316
			END in gap: 10610 to 20125 (9515 bp)

ERROR: Reference Sphingobium_yanoikuyae_ATCC_51230_gi_427412384_ref_NZ_ does not have any alignments!  Check that this is the same file used for alignment.
ERROR: Alignment Reference Headers: ['Sphingobium_yanoikuyae_ATCC_51230_gi_427407324_ref_NZ_', 'Sphingobium_yanoikuyae_ATCC_51230_gi_427412345_ref_NZ_', 'Sphingobium_yanoikuyae_ATCC_51230_gi_427412226_ref_NZ_']
ERROR: Reference Sphingobium_yanoikuyae_ATCC_51230_gi_427412374_ref_NZ_ does not have any alignments!  Check that this is the same file used for alignment.
ERROR: Alignment Reference Headers: ['Sphingobium_yanoikuyae_ATCC_51230_gi_427407324_ref_NZ_', 'Sphingobium_yanoikuyae_ATCC_51230_gi_427412345_ref_NZ_', 'Sphingobium_yanoikuyae_ATCC_51230_gi_427412226_ref_NZ_']
	Reference Sphingobium_yanoikuyae_ATCC_51230_gi_427407324_ref_NZ_: 111 total alignments. 1 total regions.
		Region: 1 to 5402660 (5402660 bp)
			START in gap: 1 to 13603 (13602 bp)
			Align 1: 13603 15346 scaffold10721__3.3 1 1736
				Negative gap (overlap) between this and next alignment: 15346 to 15314 (-32 bp)
				Next Alignment: 15314 19091 scaffold10228__4.0 1 3792

			Previous gap was negative, modifying coordinates to ignore overlap
				Moving contig start from 1 to 34.
			Align 2: 15347 19091 scaffold10228__4.0 34 3792
				Gap between this and next alignment: 19091 to 19154 (62 bp)
				Next Alignment: 19154 19874 C8237869__4.0 1 721

			Align 3: 19154 19874 C8237869__4.0 1 721
				Gap between this and next alignment: 19874 to 20325 (450 bp)
				Next Alignment: 20325 21709 C8267113__4.0 1 1385

			Align 4: 20325 21709 C8267113__4.0 1 1385
				Gap between this and next alignment: 21709 to 21959 (249 bp)
				Next Alignment: 21959 22988 scaffold3463__3.3 1018 1

			Align 5: 21959 22988 scaffold3463__3.3 1018 1
				Gap between this and next alignment: 22988 to 23151 (162 bp)
				Next Alignment: 23151 24301 C8260617__3.0 1 1151

			Align 6: 23151 24301 C8260617__3.0 1 1151
				Gap between this and next alignment: 24301 to 24889 (587 bp)
				Next Alignment: 24889 26845 scaffold10964__4.0 1 1962

			Align 7: 24889 26845 scaffold10964__4.0 1 1962
				Gap between this and next alignment: 26845 to 28933 (2087 bp)
				Next Alignment: 28933 30758 C8274281__3.0 1826 1

			Align 8: 28933 30758 C8274281__3.0 1826 1
				Gap between this and next alignment: 30758 to 54531 (23772 bp)
				Next Alignment: 54531 55171 C8230679__3.0 641 1

			Align 9: 54531 55171 C8230679__3.0 641 1
				Gap between this and next alignment: 55171 to 77882 (22710 bp)
				Next Alignment: 77882 80559 C8280827__3.0 1 2678

			Align 10: 77882 80559 C8280827__3.0 1 2678
				Gap between this and next alignment: 80559 to 81875 (1315 bp)
				Next Alignment: 81875 83736 C8274707__4.0 1862 1

			Align 11: 81875 83736 C8274707__4.0 1862 1
				Gap between this and next alignment: 83736 to 83847 (110 bp)
				Next Alignment: 83847 86529 C8280843__3.0 1 2682

			Align 12: 83847 86529 C8280843__3.0 1 2682
				Gap between this and next alignment: 86529 to 86543 (13 bp)
				Next Alignment: 86543 88316 C8273603__4.0 1 1774

			Align 13: 86543 88316 C8273603__4.0 1 1774
				Gap between this and next alignment: 88316 to 88884 (567 bp)
				Next Alignment: 88884 89745 C8247523__3.0 1 862

			Align 14: 88884 89745 C8247523__3.0 1 862
				Gap between this and next alignment: 89745 to 90081 (335 bp)
				Next Alignment: 90081 91324 scaffold10644__3.0 1243 1

			Align 15: 90081 91324 scaffold10644__3.0 1243 1
				Gap between this and next alignment: 91324 to 91327 (2 bp)
				Next Alignment: 91327 91997 C8233495__6.0 1 671

			Align 16: 91327 91997 C8233495__6.0 1 671
				Negative gap (overlap) between this and next alignment: 91997 to 91994 (-3 bp)
				Next Alignment: 91994 92504 scaffold7238__2.6 1 524

			Previous gap was negative, modifying coordinates to ignore overlap
				Moving contig start from 1 to 5.
			Align 17: 91998 92504 scaffold7238__2.6 5 524
				Gap between this and next alignment: 92504 to 92624 (119 bp)
				Next Alignment: 92624 94257 C8271641__3.0 1 1634

			Align 18: 92624 94257 C8271641__3.0 1 1634
				Gap between this and next alignment: 94257 to 94858 (600 bp)
				Next Alignment: 94858 95432 C8223309__5.0 575 1

			Align 19: 94858 95432 C8223309__5.0 575 1
				Gap between this and next alignment: 95432 to 439258 (343825 bp)
				Next Alignment: 439258 440758 scaffold10904__4.6 1518 1

			Align 20: 439258 440758 scaffold10904__4.6 1518 1
				Gap between this and next alignment: 440758 to 546734 (105975 bp)
				Next Alignment: 546734 547457 scaffold8347__4.0 722 1

			Align 21: 546734 547457 scaffold8347__4.0 722 1
				Gap between this and next alignment: 547457 to 563671 (16213 bp)
				Next Alignment: 563671 564219 scaffold137__2.3 1 549

			Align 22: 563671 564219 scaffold137__2.3 1 549
				Gap between this and next alignment: 564219 to 590072 (25852 bp)
				Next Alignment: 590072 590626 scaffold8249__4.0 1 555

			Align 23: 590072 590626 scaffold8249__4.0 1 555
				Negative gap (overlap) between this and next alignment: 590626 to 590616 (-10 bp)
				Next Alignment: 590616 591500 scaffold9303__3.8 1 874

			Previous gap was negative, modifying coordinates to ignore overlap
				Moving contig start from 1 to 12.
			Align 24: 590627 591500 scaffold9303__3.8 12 874
				Gap between this and next alignment: 591500 to 636358 (44857 bp)
				Next Alignment: 636358 637032 C8233857__3.0 675 1

			Align 25: 636358 637032 C8233857__3.0 675 1
				Gap between this and next alignment: 637032 to 643155 (6122 bp)
				Next Alignment: 643155 644186 scaffold8677__2.2 315 1346

			Align 26: 643155 644186 scaffold8677__2.2 315 1346
				Gap between this and next alignment: 644186 to 658534 (14347 bp)
				Next Alignment: 658534 659124 scaffold1369__2.9 1 586

			Align 27: 658534 659124 scaffold1369__2.9 1 586
				Gap between this and next alignment: 659124 to 862498 (203373 bp)
				Next Alignment: 862498 863141 scaffold11006__3.9 644 1

			Align 28: 862498 863141 scaffold11006__3.9 644 1
				Gap between this and next alignment: 863141 to 890421 (27279 bp)
				Next Alignment: 890421 891120 C8235995__4.0 700 1

			Align 29: 890421 891120 C8235995__4.0 700 1
				Gap between this and next alignment: 891120 to 933218 (42097 bp)
				Next Alignment: 933218 935554 C8278921__4.0 1 2337

			Align 30: 933218 935554 C8278921__4.0 1 2337
				Negative gap (overlap) between this and next alignment: 935554 to 935522 (-32 bp)
				Next Alignment: 935522 936218 C8235817__3.0 1 697

			Previous gap was negative, modifying coordinates to ignore overlap
				Moving contig start from 1 to 34.
			Align 31: 935555 936218 C8235817__3.0 34 697
				Gap between this and next alignment: 936218 to 936245 (26 bp)
				Next Alignment: 936245 937130 C8248889__4.0 1 886

			Align 32: 936245 937130 C8248889__4.0 1 886
				Gap between this and next alignment: 937130 to 998124 (60993 bp)
				Next Alignment: 998124 999127 scaffold9604__3.0 1 998

			Align 33: 998124 999127 scaffold9604__3.0 1 998
				Gap between this and next alignment: 999127 to 1057688 (58560 bp)
				Next Alignment: 1057688 1059155 C8269431__3.0 1499 32

			Align 34: 1057688 1059155 C8269431__3.0 1499 32
				Gap between this and next alignment: 1059155 to 1207235 (148079 bp)
				Next Alignment: 1207235 1208068 C8245801__4.0 1 834

			Align 35: 1207235 1208068 C8245801__4.0 1 834
				Gap between this and next alignment: 1208068 to 1210956 (2887 bp)
				Next Alignment: 1210956 1211960 scaffold11628__2.0 1005 1

			Align 36: 1210956 1211960 scaffold11628__2.0 1005 1
				Gap between this and next alignment: 1211960 to 1273635 (61674 bp)
				Next Alignment: 1273635 1274789 C8260683__4.0 1155 1

			Align 37: 1273635 1274789 C8260683__4.0 1155 1
				Gap between this and next alignment: 1274789 to 1595255 (320465 bp)
				Next Alignment: 1595255 1596283 C8256641__4.0 1 1029

			Align 38: 1595255 1596283 C8256641__4.0 1 1029
				Gap between this and next alignment: 1596283 to 1611264 (14980 bp)
				Next Alignment: 1611264 1611958 scaffold6420__3.8 695 1

			Align 39: 1611264 1611958 scaffold6420__3.8 695 1
				Gap between this and next alignment: 1611958 to 1696100 (84141 bp)
				Next Alignment: 1696100 1696627 C8223721__2.0 51 578

			Align 40: 1696100 1696627 C8223721__2.0 51 578
				Gap between this and next alignment: 1696627 to 1753099 (56471 bp)
				Next Alignment: 1753099 1754503 C8267539__4.0 1 1405

			Align 41: 1753099 1754503 C8267539__4.0 1 1405
				Gap between this and next alignment: 1754503 to 1792679 (38175 bp)
				Next Alignment: 1792679 1793296 scaffold2277__4.9 1143 528

			Align 42: 1792679 1793296 scaffold2277__4.9 1143 528
				Gap between this and next alignment: 1793296 to 1849372 (56075 bp)
				Next Alignment: 1849372 1849914 C8219281__3.0 543 1

			Align 43: 1849372 1849914 C8219281__3.0 543 1
				Gap between this and next alignment: 1849914 to 1849949 (34 bp)
				Next Alignment: 1849949 1851982 scaffold9312__3.9 2042 1

			Align 44: 1849949 1851982 scaffold9312__3.9 2042 1
				Gap between this and next alignment: 1851982 to 1852086 (103 bp)
				Next Alignment: 1852086 1852855 C8241657__3.0 1 770

			Align 45: 1852086 1852855 C8241657__3.0 1 770
				Gap between this and next alignment: 1852855 to 1853404 (548 bp)
				Next Alignment: 1853404 1854302 C8249671__3.0 1 899

			Align 46: 1853404 1854302 C8249671__3.0 1 899
				Gap between this and next alignment: 1854302 to 1854781 (478 bp)
				Next Alignment: 1854781 1855286 C8213939__2.0 506 1

			Align 47: 1854781 1855286 C8213939__2.0 506 1
				Negative gap (overlap) between this and next alignment: 1855286 to 1855041 (-245 bp)
				Next Alignment: 1855041 1857522 C8280025__4.0 2480 1

			Previous gap was negative, modifying coordinates to ignore overlap
				Moving contig start from 2480 to 2236.
			Align 48: 1855287 1857522 C8280025__4.0 2236 1
				Gap between this and next alignment: 1857522 to 1858212 (689 bp)
				Next Alignment: 1858212 1859421 scaffold8904__3.8 1212 1

			Align 49: 1858212 1859421 scaffold8904__3.8 1212 1
				Gap between this and next alignment: 1859421 to 1859484 (62 bp)
				Next Alignment: 1859484 1860004 scaffold8286__2.0 1 523

			Align 50: 1859484 1860004 scaffold8286__2.0 1 523
				Gap between this and next alignment: 1860004 to 1860882 (877 bp)
				Next Alignment: 1860882 1861835 scaffold3857__4.9 956 1

			Align 51: 1860882 1861835 scaffold3857__4.9 956 1
				Gap between this and next alignment: 1861835 to 1864826 (2990 bp)
				Next Alignment: 1864826 1865547 C8239673__3.0 21 742

			Align 52: 1864826 1865547 C8239673__3.0 21 742
				Gap between this and next alignment: 1865547 to 1887724 (22176 bp)
				Next Alignment: 1887724 1889145 C8267831__4.0 1 1421

			Align 53: 1887724 1889145 C8267831__4.0 1 1421
				Gap between this and next alignment: 1889145 to 2008337 (119191 bp)
				Next Alignment: 2008337 2009668 C8265829__2.0 1332 1

			Align 54: 2008337 2009668 C8265829__2.0 1332 1
				Gap between this and next alignment: 2009668 to 2312662 (302993 bp)
				Next Alignment: 2312662 2313185 C8216613__3.0 1 524

			Align 55: 2312662 2313185 C8216613__3.0 1 524
				Gap between this and next alignment: 2313185 to 2320777 (7591 bp)
				Next Alignment: 2320777 2321519 C8239701__3.0 743 1

			Align 56: 2320777 2321519 C8239701__3.0 743 1
				Gap between this and next alignment: 2321519 to 2353009 (31489 bp)
				Next Alignment: 2353009 2353905 C8249513__5.0 897 1

			Align 57: 2353009 2353905 C8249513__5.0 897 1
				Gap between this and next alignment: 2353905 to 2590979 (237073 bp)
				Next Alignment: 2590979 2591560 C8224203__3.0 1 582

			Align 58: 2590979 2591560 C8224203__3.0 1 582
				Gap between this and next alignment: 2591560 to 2843614 (252053 bp)
				Next Alignment: 2843614 2844241 C8229417__4.0 628 1

			Align 59: 2843614 2844241 C8229417__4.0 628 1
				Gap between this and next alignment: 2844241 to 2884065 (39823 bp)
				Next Alignment: 2884065 2885161 scaffold2558__4.3 1097 1

			Align 60: 2884065 2885161 scaffold2558__4.3 1097 1
				Gap between this and next alignment: 2885161 to 2885265 (103 bp)
				Next Alignment: 2885265 2885914 scaffold6813__3.5 650 1

			Align 61: 2885265 2885914 scaffold6813__3.5 650 1
				Gap between this and next alignment: 2885914 to 2994062 (108147 bp)
				Next Alignment: 2994062 2995007 C8252083__2.0 946 1

			Align 62: 2994062 2995007 C8252083__2.0 946 1
				Gap between this and next alignment: 2995007 to 3011054 (16046 bp)
				Next Alignment: 3011054 3012094 C8256495__3.0 1 1041

			Align 63: 3011054 3012094 C8256495__3.0 1 1041
				Gap between this and next alignment: 3012094 to 3057343 (45248 bp)
				Next Alignment: 3057343 3057963 C8228731__3.0 1 621

			Align 64: 3057343 3057963 C8228731__3.0 1 621
				Gap between this and next alignment: 3057963 to 3120865 (62901 bp)
				Next Alignment: 3120865 3121441 C8223613__2.0 577 1

			Align 65: 3120865 3121441 C8223613__2.0 577 1
				Gap between this and next alignment: 3121441 to 3132082 (10640 bp)
				Next Alignment: 3132082 3132887 C8244181__4.0 1 806

			Align 66: 3132082 3132887 C8244181__4.0 1 806
				Gap between this and next alignment: 3132887 to 3238000 (105112 bp)
				Next Alignment: 3238000 3238612 scaffold5680__3.3 1 604

			Align 67: 3238000 3238612 scaffold5680__3.3 1 604
				Gap between this and next alignment: 3238612 to 3388928 (150315 bp)
				Next Alignment: 3388928 3389453 C8216921__3.0 526 1

			Align 68: 3388928 3389453 C8216921__3.0 526 1
				Gap between this and next alignment: 3389453 to 3565538 (176084 bp)
				Next Alignment: 3565538 3566046 C8214385__2.0 509 1

			Align 69: 3565538 3566046 C8214385__2.0 509 1
				Gap between this and next alignment: 3566046 to 3647107 (81060 bp)
				Next Alignment: 3647107 3648006 scaffold5776__2.8 1 883

			Align 70: 3647107 3648006 scaffold5776__2.8 1 883
				Gap between this and next alignment: 3648006 to 3658649 (10642 bp)
				Next Alignment: 3658649 3659441 C8243265__5.0 793 1

			Align 71: 3658649 3659441 C8243265__5.0 793 1
				Gap between this and next alignment: 3659441 to 3758433 (98991 bp)
				Next Alignment: 3758433 3759134 scaffold946__3.8 702 1

			Align 72: 3758433 3759134 scaffold946__3.8 702 1
				Gap between this and next alignment: 3759134 to 3793379 (34244 bp)
				Next Alignment: 3793379 3793886 C8214259__2.0 1 508

			Align 73: 3793379 3793886 C8214259__2.0 1 508
				Gap between this and next alignment: 3793886 to 3813117 (19230 bp)
				Next Alignment: 3813117 3814895 scaffold7340__2.1 1 1771

			Align 74: 3813117 3814895 scaffold7340__2.1 1 1771
				Gap between this and next alignment: 3814895 to 3848016 (33120 bp)
				Next Alignment: 3848016 3848576 C8221639__3.0 1 561

			Align 75: 3848016 3848576 C8221639__3.0 1 561
				Gap between this and next alignment: 3848576 to 3906781 (58204 bp)
				Next Alignment: 3906781 3907763 scaffold4863__3.0 983 1

			Align 76: 3906781 3907763 scaffold4863__3.0 983 1
				Gap between this and next alignment: 3907763 to 3907781 (17 bp)
				Next Alignment: 3907781 3908681 C8249775__3.0 1 901

			Align 77: 3907781 3908681 C8249775__3.0 1 901
				Gap between this and next alignment: 3908681 to 3910797 (2115 bp)
				Next Alignment: 3910797 3911892 scaffold2055__3.1 1 1082

			Align 78: 3910797 3911892 scaffold2055__3.1 1 1082
				Negative gap (overlap) between this and next alignment: 3911892 to 3911886 (-6 bp)
				Next Alignment: 3911886 3912748 C8247605__3.0 863 1

			Previous gap was negative, modifying coordinates to ignore overlap
				Moving contig start from 863 to 856.
			Align 79: 3911893 3912748 C8247605__3.0 856 1
				Gap between this and next alignment: 3912748 to 3917312 (4563 bp)
				Next Alignment: 3917312 3918062 scaffold11218__3.0 1 753

			Align 80: 3917312 3918062 scaffold11218__3.0 1 753
				Gap between this and next alignment: 3918062 to 3991413 (73350 bp)
				Next Alignment: 3991413 3991951 C8218805__3.0 1 539

			Align 81: 3991413 3991951 C8218805__3.0 1 539
				Gap between this and next alignment: 3991951 to 4062516 (70564 bp)
				Next Alignment: 4062516 4063235 C8237759__2.0 1 720

			Align 82: 4062516 4063235 C8237759__2.0 1 720
				Gap between this and next alignment: 4063235 to 4129258 (66022 bp)
				Next Alignment: 4129258 4129924 C8233147__2.0 667 1

			Align 83: 4129258 4129924 C8233147__2.0 667 1
				Gap between this and next alignment: 4129924 to 4354215 (224290 bp)
				Next Alignment: 4354215 4355211 C8254527__5.0 1 997

			Align 84: 4354215 4355211 C8254527__5.0 1 997
				Gap between this and next alignment: 4355211 to 4380336 (25124 bp)
				Next Alignment: 4380336 4381277 C8252033__2.0 945 4

			Align 85: 4380336 4381277 C8252033__2.0 945 4
				Gap between this and next alignment: 4381277 to 4448895 (67617 bp)
				Next Alignment: 4448895 4449439 C8219561__2.0 545 1

			Align 86: 4448895 4449439 C8219561__2.0 545 1
				Gap between this and next alignment: 4449439 to 4709472 (260032 bp)
				Next Alignment: 4709472 4710224 scaffold1364__3.9 734 1

			Align 87: 4709472 4710224 scaffold1364__3.9 734 1
				Gap between this and next alignment: 4710224 to 4833013 (122788 bp)
				Next Alignment: 4833013 4833561 C8231387__3.0 101 648

			Align 88: 4833013 4833561 C8231387__3.0 101 648
				Gap between this and next alignment: 4833561 to 5107543 (273981 bp)
				Next Alignment: 5107543 5108280 C8239291__2.0 1 738

			Align 89: 5107543 5108280 C8239291__2.0 1 738
				Gap between this and next alignment: 5108280 to 5109188 (907 bp)
				Next Alignment: 5109188 5110485 scaffold3925__2.9 1 1291

			Align 90: 5109188 5110485 scaffold3925__2.9 1 1291
				Gap between this and next alignment: 5110485 to 5110568 (82 bp)
				Next Alignment: 5110568 5111473 C8250035__3.0 1 906

			Align 91: 5110568 5111473 C8250035__3.0 1 906
				Gap between this and next alignment: 5111473 to 5182531 (71057 bp)
				Next Alignment: 5182531 5183619 scaffold8865__3.3 1 1077

			Align 92: 5182531 5183619 scaffold8865__3.3 1 1077
				Gap between this and next alignment: 5183619 to 5185728 (2108 bp)
				Next Alignment: 5185728 5187139 C8267639__4.0 1 1412

			Align 93: 5185728 5187139 C8267639__4.0 1 1412
				Gap between this and next alignment: 5187139 to 5264044 (76904 bp)
				Next Alignment: 5264044 5267616 scaffold11682__4.0 3561 1

			Align 94: 5264044 5267616 scaffold11682__4.0 3561 1
				Gap between this and next alignment: 5267616 to 5267716 (99 bp)
				Next Alignment: 5267716 5268237 C8216373__3.0 522 1

			Align 95: 5267716 5268237 C8216373__3.0 522 1
				Gap between this and next alignment: 5268237 to 5268643 (405 bp)
				Next Alignment: 5268643 5269835 scaffold4728__2.8 1195 1

			Align 96: 5268643 5269835 scaffold4728__2.8 1195 1
				Gap between this and next alignment: 5269835 to 5271320 (1484 bp)
				Next Alignment: 5271320 5272708 scaffold7956__2.7 1 1386

			Align 97: 5271320 5272708 scaffold7956__2.7 1 1386
				Gap between this and next alignment: 5272708 to 5272756 (47 bp)
				Next Alignment: 5272756 5274317 C8270463__4.0 1562 1

			Align 98: 5272756 5274317 C8270463__4.0 1562 1
				Gap between this and next alignment: 5274317 to 5274798 (480 bp)
				Next Alignment: 5274798 5275519 C8238043__3.0 723 2

			Align 99: 5274798 5275519 C8238043__3.0 723 2
				Gap between this and next alignment: 5275519 to 5275669 (149 bp)
				Next Alignment: 5275669 5276574 C8249997__3.0 1 906

			Align 100: 5275669 5276574 C8249997__3.0 1 906
				Gap between this and next alignment: 5276574 to 5278683 (2108 bp)
				Next Alignment: 5278683 5279396 scaffold9206__2.6 1 722

			Align 101: 5278683 5279396 scaffold9206__2.6 1 722
				Gap between this and next alignment: 5279396 to 5280280 (883 bp)
				Next Alignment: 5280280 5280876 C8226009__5.0 1 597

			Align 102: 5280280 5280876 C8226009__5.0 1 597
				Negative gap (overlap) between this and next alignment: 5280876 to 5280859 (-17 bp)
				Next Alignment: 5280859 5281553 scaffold1350__3.5 724 1

			Previous gap was negative, modifying coordinates to ignore overlap
				Moving contig start from 724 to 706.
			Align 103: 5280877 5281553 scaffold1350__3.5 706 1
				Gap between this and next alignment: 5281553 to 5370516 (88962 bp)
				Next Alignment: 5370516 5372520 scaffold10328__3.7 2004 1

			Align 104: 5370516 5372520 scaffold10328__3.7 2004 1
				Gap between this and next alignment: 5372520 to 5372903 (382 bp)
				Next Alignment: 5372903 5373960 C8257159__4.0 1058 1

			Align 105: 5372903 5373960 C8257159__4.0 1058 1
				Gap between this and next alignment: 5373960 to 5375119 (1158 bp)
				Next Alignment: 5375119 5375775 scaffold9317__2.0 1 661

			Align 106: 5375119 5375775 scaffold9317__2.0 1 661
				Gap between this and next alignment: 5375775 to 5378013 (2237 bp)
				Next Alignment: 5378013 5378681 C8233335__3.0 1 669

			Align 107: 5378013 5378681 C8233335__3.0 1 669
				Gap between this and next alignment: 5378681 to 5391994 (13312 bp)
				Next Alignment: 5391994 5393563 scaffold6688__3.1 1 1565

			Align 108: 5391994 5393563 scaffold6688__3.1 1 1565
				Gap between this and next alignment: 5393563 to 5397116 (3552 bp)
				Next Alignment: 5397116 5398749 C8271651__4.0 1634 1

			Align 109: 5397116 5398749 C8271651__4.0 1634 1
				Gap between this and next alignment: 5398749 to 5399020 (270 bp)
				Next Alignment: 5399020 5399703 scaffold8736__2.4 684 1

			Align 110: 5399020 5399703 scaffold8736__2.4 684 1
				Negative gap (overlap) between this and next alignment: 5399703 to 5399671 (-32 bp)
				Next Alignment: 5399671 5401312 scaffold9026__2.6 1 1632

			Previous gap was negative, modifying coordinates to ignore overlap
				Moving contig start from 1 to 34.
			Align 111: 5399704 5401312 scaffold9026__2.6 34 1632
			END in gap: 5401312 to 5402660 (1348 bp)

ERROR: Reference Sphingobium_yanoikuyae_ATCC_51230_gi_427412396_ref_NZ_ does not have any alignments!  Check that this is the same file used for alignment.
ERROR: Alignment Reference Headers: ['Sphingobium_yanoikuyae_ATCC_51230_gi_427407324_ref_NZ_', 'Sphingobium_yanoikuyae_ATCC_51230_gi_427412345_ref_NZ_', 'Sphingobium_yanoikuyae_ATCC_51230_gi_427412226_ref_NZ_']
	Reference Sphingobium_yanoikuyae_ATCC_51230_gi_427412226_ref_NZ_: 5 total alignments. 1 total regions.
		Region: 1 to 68922 (68922 bp)
			START in gap: 1 to 32904 (32903 bp)
			Align 1: 32904 33748 scaffold8287__3.7 1 839
				Gap between this and next alignment: 33748 to 34865 (1116 bp)
				Next Alignment: 34865 35640 C8242023__3.0 1 776

			Align 2: 34865 35640 C8242023__3.0 1 776
				Gap between this and next alignment: 35640 to 35676 (35 bp)
				Next Alignment: 35676 37709 scaffold6716__3.8 2029 3

			Align 3: 35676 37709 scaffold6716__3.8 2029 3
				Gap between this and next alignment: 37709 to 57119 (19409 bp)
				Next Alignment: 57119 58851 scaffold11390__2.5 1 1718

			Align 4: 57119 58851 scaffold11390__2.5 1 1718
				Gap between this and next alignment: 58851 to 58903 (51 bp)
				Next Alignment: 58903 59727 scaffold6910__2.2 825 1

			Align 5: 58903 59727 scaffold6910__2.2 825 1
			END in gap: 59727 to 68922 (9195 bp)

ERROR: Reference Sphingobium_yanoikuyae_ATCC_51230_gi_427412312_ref_NZ_ does not have any alignments!  Check that this is the same file used for alignment.
ERROR: Alignment Reference Headers: ['Sphingobium_yanoikuyae_ATCC_51230_gi_427407324_ref_NZ_', 'Sphingobium_yanoikuyae_ATCC_51230_gi_427412345_ref_NZ_', 'Sphingobium_yanoikuyae_ATCC_51230_gi_427412226_ref_NZ_']
ERROR: Reference Sphingobium_yanoikuyae_ATCC_51230_gi_427412392_ref_NZ_ does not have any alignments!  Check that this is the same file used for alignment.
ERROR: Alignment Reference Headers: ['Sphingobium_yanoikuyae_ATCC_51230_gi_427407324_ref_NZ_', 'Sphingobium_yanoikuyae_ATCC_51230_gi_427412345_ref_NZ_', 'Sphingobium_yanoikuyae_ATCC_51230_gi_427412226_ref_NZ_']
Analysis is finished!
Founded SNPs were written into /Molly/gurevich/MetaQUAST/res_final/res_cami_final/runs_per_reference/Sphingobium_yanoikuyae_ATCC_51230/contigs_reports/nucmer_output/SOAPdenovo2.used_snps

Results:
	Local Misassemblies: 0
	Misassemblies: 0
		Relocations: 0
		Translocations: 0
		Inversions: 0
	Fake misassemblies matched with structural variations: 0
	Misassembled Contigs: 0
	Misassembled Contig Bases: 0
	Misassemblies Inter-Contig Overlap: 0
Uncovered Regions: 0 (0)
Unaligned Contigs: 0 + 11 part
Partially Unaligned Contigs with Misassemblies: 0
Unaligned Contig Bases: 1299

Ambiguously Mapped Contigs: 7
Total Bases in Ambiguously Mapped Contigs: 6091
Note that --allow-ambiguity option was set to "one" and only first alignment per each contig was used.

	Covered Bases: 127377

	SNPs: 954
	Insertions: 148
	Deletions: 211

	Positive Gaps: 114
		Internal Gaps:  0
		External Gaps:  114
		External Gap Total:  5364330
		External Gap Average: 47056
	Negative Gaps: 9
		Internal Overlaps:  0
		External Overlaps:  9
		External Overlaps Total: -409
		External Overlaps Average: -45
	Contigs with Redundant Alignments: 0 (0)
