Aligning contigs to reference...
	Using existing Nucmer alignments...
Parsing coords...
Loading reference...
	Loaded [Coprococcus_eutactus_gi_224514845_ref_NZ_]
	Loaded [Coprococcus_eutactus_gi_224514846_ref_NZ_]
	Loaded [Coprococcus_eutactus_gi_224514847_ref_NZ_]
	Loaded [Coprococcus_eutactus_gi_224514849_ref_NZ_]
	Loaded [Coprococcus_eutactus_gi_224514850_ref_NZ_]
	Loaded [Coprococcus_eutactus_gi_224514851_ref_NZ_]
	Loaded [Coprococcus_eutactus_gi_224514852_ref_NZ_]
	Loaded [Coprococcus_eutactus_gi_224514853_ref_NZ_]
	Loaded [Coprococcus_eutactus_gi_224514854_ref_NZ_]
	Loaded [Coprococcus_eutactus_gi_224514856_ref_NZ_]
	Loaded [Coprococcus_eutactus_gi_224514857_ref_NZ_]
	Loaded [Coprococcus_eutactus_gi_224514858_ref_NZ_]
	Loaded [Coprococcus_eutactus_gi_224514860_ref_NZ_]
	Loaded [Coprococcus_eutactus_gi_224514861_ref_NZ_]
	Loaded [Coprococcus_eutactus_gi_224514862_ref_NZ_]
	Loaded [Coprococcus_eutactus_gi_224514863_ref_NZ_]
	Loaded [Coprococcus_eutactus_gi_224514864_ref_NZ_]
	Loaded [Coprococcus_eutactus_gi_224514865_ref_NZ_]
	Loaded [Coprococcus_eutactus_gi_224514866_ref_NZ_]
	Loaded [Coprococcus_eutactus_gi_224514868_ref_NZ_]
	Loaded [Coprococcus_eutactus_gi_224514871_ref_NZ_]
	Loaded [Coprococcus_eutactus_gi_224514873_ref_NZ_]
	Loaded [Coprococcus_eutactus_gi_224514875_ref_NZ_]
Loading SNPs...
Loading regions...
	No regions given, using whole reference.
	Total Regions: 23
	Total Region Length: 3102987
Analyzing contigs...
CONTIG: NODE_2176_length_6338_cov_5.23381_ID_4351 (6338bp)
Top Length: 196  Top ID: 97.45
		This contig is partially unaligned. (Aligned 196 out of 6338 bases)
		Alignment: 137525 137720 | 1150 1345 | 196 196 | 97.45 | Coprococcus_eutactus_gi_224514875_ref_NZ_ NODE_2176_length_6338_cov_5.23381_ID_4351
		Unaligned bases: 1 to 1149 (1149)
		Unaligned bases: 1346 to 6338 (4993)

CONTIG: NODE_315_length_30774_cov_3.14307_ID_629 (30774bp)
Top Length: 1739  Top ID: 99.02
		This contig is partially unaligned. (Aligned 1739 out of 30774 bases)
		Alignment: 129120 130858 | 28857 27119 | 1739 1739 | 99.02 | Coprococcus_eutactus_gi_224514860_ref_NZ_ NODE_315_length_30774_cov_3.14307_ID_629
		Unaligned bases: 1 to 27118 (27118)
		Unaligned bases: 28858 to 30774 (1917)
		This contig has both significant aligned and unaligned parts (of length >= min-contig)! It can contain interspecies translocations

CONTIG: NODE_1872_length_7087_cov_2.7163_ID_3743 (7087bp)
Top Length: 140  Top ID: 95.71
		This contig is partially unaligned. (Aligned 140 out of 7087 bases)
		Alignment: 180373 180510 | 2301 2162 | 138 140 | 95.71 | Coprococcus_eutactus_gi_224514860_ref_NZ_ NODE_1872_length_7087_cov_2.7163_ID_3743
		Unaligned bases: 1 to 2161 (2161)
		Unaligned bases: 2302 to 7087 (4786)

CONTIG: NODE_3931_length_4019_cov_1.28153_ID_7861 (4019bp)
Top Length: 170  Top ID: 97.65
		This contig is partially unaligned. (Aligned 170 out of 4019 bases)
		Alignment: 120141 120310 | 1 170 | 170 170 | 97.65 | Coprococcus_eutactus_gi_224514860_ref_NZ_ NODE_3931_length_4019_cov_1.28153_ID_7861
		Unaligned bases: 171 to 4019 (3849)

CONTIG: NODE_5281_length_3181_cov_2.46609_ID_10561 (3181bp)
Top Length: 1015  Top ID: 95.17
		This contig is partially unaligned. (Aligned 1015 out of 3181 bases)
		Alignment: 350589 351596 | 1493 479 | 1008 1015 | 95.17 | Coprococcus_eutactus_gi_224514860_ref_NZ_ NODE_5281_length_3181_cov_2.46609_ID_10561
		Unaligned bases: 1 to 478 (478)
		Unaligned bases: 1494 to 3181 (1688)
		This contig has both significant aligned and unaligned parts (of length >= min-contig)! It can contain interspecies translocations

CONTIG: NODE_7989_length_2239_cov_8.14148_ID_15977 (2239bp)
Top Length: 328  Top ID: 100.0
		This contig is partially unaligned. (Aligned 328 out of 2239 bases)
		Alignment: 131209 131536 | 2187 1860 | 328 328 | 100.0 | Coprococcus_eutactus_gi_224514860_ref_NZ_ NODE_7989_length_2239_cov_8.14148_ID_15977
		Unaligned bases: 1 to 1859 (1859)
		Unaligned bases: 2188 to 2239 (52)

CONTIG: NODE_19726_length_976_cov_25.0575_ID_39451 (976bp)
Top Length: 976  Top ID: 98.87
		One align captures most of this contig: 124476 125451 | 1 976 | 976 976 | 98.87 | Coprococcus_eutactus_gi_224514860_ref_NZ_ NODE_19726_length_976_cov_25.0575_ID_39451

CONTIG: NODE_434_length_24700_cov_9.6786_ID_867 (24700bp)
Top Length: 85  Top ID: 97.65
		This contig is partially unaligned. (Aligned 85 out of 24700 bases)
		Alignment: 165153 165236 | 1 85 | 84 85 | 97.65 | Coprococcus_eutactus_gi_224514849_ref_NZ_ NODE_434_length_24700_cov_9.6786_ID_867
		Unaligned bases: 86 to 24700 (24615)

CONTIG: NODE_3097_length_4813_cov_1.2665_ID_6193 (4813bp)
Top Length: 4763  Top ID: 97.4
		This contig is partially unaligned. (Aligned 4763 out of 4813 bases)
		Alignment: 19283 24044 | 4813 51 | 4762 4763 | 97.4 | Coprococcus_eutactus_gi_224514853_ref_NZ_ NODE_3097_length_4813_cov_1.2665_ID_6193
		Unaligned bases: 1 to 50 (50)

CONTIG: NODE_3918_length_4026_cov_1.16671_ID_7835 (4026bp)
Top Length: 750  Top ID: 99.87
		This contig is partially unaligned. (Aligned 750 out of 4026 bases)
		Alignment: 18442 19191 | 4026 3277 | 750 750 | 99.87 | Coprococcus_eutactus_gi_224514853_ref_NZ_ NODE_3918_length_4026_cov_1.16671_ID_7835
		Unaligned bases: 1 to 3276 (3276)
		This contig has both significant aligned and unaligned parts (of length >= min-contig)! It can contain interspecies translocations

CONTIG: NODE_9492_length_1937_cov_1.42402_ID_18983 (1937bp)
Top Length: 1937  Top ID: 99.23
		One align captures most of this contig: 16042 17978 | 1 1937 | 1937 1937 | 99.23 | Coprococcus_eutactus_gi_224514853_ref_NZ_ NODE_9492_length_1937_cov_1.42402_ID_18983

CONTIG: NODE_14830_length_1279_cov_0.915033_ID_29659 (1279bp)
Top Length: 763  Top ID: 96.59
		This contig is partially unaligned. (Aligned 763 out of 1279 bases)
		Alignment: 11612 12374 | 517 1279 | 763 763 | 96.59 | Coprococcus_eutactus_gi_224514853_ref_NZ_ NODE_14830_length_1279_cov_0.915033_ID_29659
		Unaligned bases: 1 to 516 (516)
		This contig has both significant aligned and unaligned parts (of length >= min-contig)! It can contain interspecies translocations

CONTIG: NODE_15047_length_1262_cov_0.993372_ID_30093 (1262bp)
Top Length: 292  Top ID: 98.29
		This contig is partially unaligned. (Aligned 292 out of 1262 bases)
		Alignment: 9066 9357 | 577 868 | 292 292 | 98.29 | Coprococcus_eutactus_gi_224514853_ref_NZ_ NODE_15047_length_1262_cov_0.993372_ID_30093
		Unaligned bases: 1 to 576 (576)
		Unaligned bases: 869 to 1262 (394)

CONTIG: NODE_22143_length_876_cov_0.906212_ID_44285 (876bp)
Top Length: 505  Top ID: 97.23
		This contig is partially unaligned. (Aligned 505 out of 876 bases)
		Alignment: 9873 10377 | 876 372 | 505 505 | 97.23 | Coprococcus_eutactus_gi_224514853_ref_NZ_ NODE_22143_length_876_cov_0.906212_ID_44285
		Unaligned bases: 1 to 371 (371)

CONTIG: NODE_7801_length_2289_cov_45.4794_ID_15601 (2289bp)
Top Length: 2289  Top ID: 99.65
		One align captures most of this contig: 144370 146658 | 1 2289 | 2289 2289 | 99.65 | Coprococcus_eutactus_gi_224514862_ref_NZ_ NODE_7801_length_2289_cov_45.4794_ID_15601

CONTIG: NODE_289_length_32408_cov_3.45897_ID_577 (32408bp)
Top Length: 887  Top ID: 95.15
		This contig is partially unaligned. (Aligned 887 out of 32408 bases)
		Alignment: 71034 71920 | 12910 13796 | 887 887 | 95.15 | Coprococcus_eutactus_gi_224514866_ref_NZ_ NODE_289_length_32408_cov_3.45897_ID_577
		Unaligned bases: 1 to 12909 (12909)
		Unaligned bases: 13797 to 32408 (18612)
		This contig has both significant aligned and unaligned parts (of length >= min-contig)! It can contain interspecies translocations

CONTIG: NODE_9031_length_2027_cov_29.7865_ID_18061 (2027bp)
Top Length: 2027  Top ID: 98.57
		One align captures most of this contig: 88254 90280 | 1 2027 | 2027 2027 | 98.57 | Coprococcus_eutactus_gi_224514866_ref_NZ_ NODE_9031_length_2027_cov_29.7865_ID_18061

CONTIG: NODE_13815_length_1369_cov_1.05251_ID_27629 (1369bp)
Top Length: 1355  Top ID: 99.04
		This contig is partially unaligned. (Aligned 1355 out of 1369 bases)
		Alignment: 51501 52855 | 1355 1 | 1355 1355 | 99.04 | Coprococcus_eutactus_gi_224514866_ref_NZ_ NODE_13815_length_1369_cov_1.05251_ID_27629
		Unaligned bases: 1356 to 1369 (14)

CONTIG: NODE_15588_length_1220_cov_1.35365_ID_31175 (1220bp)
Top Length: 1220  Top ID: 99.1
		One align captures most of this contig: 50301 51520 | 1 1220 | 1220 1220 | 99.1 | Coprococcus_eutactus_gi_224514866_ref_NZ_ NODE_15588_length_1220_cov_1.35365_ID_31175

CONTIG: NODE_20183_length_952_cov_1.04236_ID_40365 (952bp)
Top Length: 952  Top ID: 99.26
		One align captures most of this contig: 53673 54624 | 952 1 | 952 952 | 99.26 | Coprococcus_eutactus_gi_224514866_ref_NZ_ NODE_20183_length_952_cov_1.04236_ID_40365

CONTIG: NODE_24182_length_800_cov_0.667114_ID_48363 (800bp)
Top Length: 759  Top ID: 98.55
		This contig is partially unaligned. (Aligned 759 out of 800 bases)
		Alignment: 52916 53674 | 800 42 | 759 759 | 98.55 | Coprococcus_eutactus_gi_224514866_ref_NZ_ NODE_24182_length_800_cov_0.667114_ID_48363
		Unaligned bases: 1 to 41 (41)

CONTIG: NODE_33836_length_583_cov_2.92235_ID_67671 (583bp)
Top Length: 437  Top ID: 99.77
		This contig is partially unaligned. (Aligned 437 out of 583 bases)
		Alignment: 65704 66140 | 583 147 | 437 437 | 99.77 | Coprococcus_eutactus_gi_224514866_ref_NZ_ NODE_33836_length_583_cov_2.92235_ID_67671
		Unaligned bases: 1 to 146 (146)

CONTIG: NODE_37174_length_539_cov_0.989669_ID_74347 (539bp)
Top Length: 539  Top ID: 99.63
		One align captures most of this contig: 56482 57020 | 539 1 | 539 539 | 99.63 | Coprococcus_eutactus_gi_224514866_ref_NZ_ NODE_37174_length_539_cov_0.989669_ID_74347

CONTIG: NODE_40093_length_505_cov_0.862222_ID_80185 (505bp)
Top Length: 505  Top ID: 97.26
		One align captures most of this contig: 55509 56019 | 1 505 | 511 505 | 97.26 | Coprococcus_eutactus_gi_224514866_ref_NZ_ NODE_40093_length_505_cov_0.862222_ID_80185

CONTIG: NODE_1347_length_9347_cov_7.22686_ID_2693 (9347bp)
Top Length: 3195  Top ID: 97.4
		This contig is partially unaligned. (Aligned 3195 out of 9347 bases)
		Alignment: 51276 54463 | 9335 6141 | 3188 3195 | 97.4 | Coprococcus_eutactus_gi_224514868_ref_NZ_ NODE_1347_length_9347_cov_7.22686_ID_2693
		Unaligned bases: 1 to 6140 (6140)
		Unaligned bases: 9336 to 9347 (12)
		This contig has both significant aligned and unaligned parts (of length >= min-contig)! It can contain interspecies translocations

CONTIG: NODE_2726_length_5317_cov_3.58381_ID_5451 (5317bp)
Top Length: 973  Top ID: 95.38
		This contig is partially unaligned. (Aligned 973 out of 5317 bases)
		Alignment: 44063 45035 | 2881 1909 | 973 973 | 95.38 | Coprococcus_eutactus_gi_224514868_ref_NZ_ NODE_2726_length_5317_cov_3.58381_ID_5451
		Unaligned bases: 1 to 1908 (1908)
		Unaligned bases: 2882 to 5317 (2436)
		This contig has both significant aligned and unaligned parts (of length >= min-contig)! It can contain interspecies translocations

CONTIG: NODE_12780_length_1469_cov_3.78925_ID_25559 (1469bp)
Top Length: 1469  Top ID: 97.48
		One align captures most of this contig: 42508 43976 | 1469 1 | 1469 1469 | 97.48 | Coprococcus_eutactus_gi_224514868_ref_NZ_ NODE_12780_length_1469_cov_3.78925_ID_25559

CONTIG: NODE_12912_length_1455_cov_4.50643_ID_25823 (1455bp)
Top Length: 1455  Top ID: 96.45
		One align captures most of this contig: 54638 56102 | 1455 1 | 1465 1455 | 96.45 | Coprococcus_eutactus_gi_224514868_ref_NZ_ NODE_12912_length_1455_cov_4.50643_ID_25823

CONTIG: NODE_8706_length_2086_cov_3.07632_ID_17411 (2086bp)
Top Length: 1240  Top ID: 97.58
		Skipping redundant alignment 104722 105867 | 1146 1 | 1146 1146 | 97.3 | Coprococcus_eutactus_gi_224514875_ref_NZ_ NODE_8706_length_2086_cov_3.07632_ID_17411
		Skipping redundant alignment 104495 105596 | 1 1102 | 1102 1102 | 97.28 | Coprococcus_eutactus_gi_224514864_ref_NZ_ NODE_8706_length_2086_cov_3.07632_ID_17411
			Skipping redundant alignments after choosing the best set of alignments
		Skipping redundant alignment 63461 64692 | 1 1238 | 1232 1238 | 97.09 | Coprococcus_eutactus_gi_224514852_ref_NZ_ NODE_8706_length_2086_cov_3.07632_ID_17411
		Skipping redundant alignment 170187 171424 | 1238 1 | 1238 1238 | 97.58 | Coprococcus_eutactus_gi_224514860_ref_NZ_ NODE_8706_length_2086_cov_3.07632_ID_17411
		Skipping redundant alignment 149889 151126 | 1238 1 | 1238 1238 | 97.58 | Coprococcus_eutactus_gi_224514875_ref_NZ_ NODE_8706_length_2086_cov_3.07632_ID_17411
		This contig is partially unaligned. (Aligned 1240 out of 2086 bases)
		Alignment: 116147 117386 | 1 1240 | 1240 1240 | 97.58 | Coprococcus_eutactus_gi_224514851_ref_NZ_ NODE_8706_length_2086_cov_3.07632_ID_17411
		Unaligned bases: 1241 to 2086 (846)
		This contig has both significant aligned and unaligned parts (of length >= min-contig)! It can contain interspecies translocations

CONTIG: NODE_1547_length_8358_cov_3.68301_ID_3093 (8358bp)
Top Length: 1432  Top ID: 97.77
		This contig is partially unaligned. (Aligned 1432 out of 8358 bases)
		Alignment: 97775 99204 | 1866 3297 | 1430 1432 | 97.77 | Coprococcus_eutactus_gi_224514865_ref_NZ_ NODE_1547_length_8358_cov_3.68301_ID_3093
		Unaligned bases: 1 to 1865 (1865)
		Unaligned bases: 3298 to 8358 (5061)
		This contig has both significant aligned and unaligned parts (of length >= min-contig)! It can contain interspecies translocations

CONTIG: NODE_126_length_53795_cov_4.99892_ID_251 (53795bp)
Top Length: 854  Top ID: 95.62
		This contig is partially unaligned. (Aligned 854 out of 53795 bases)
		Alignment: 326795 327662 | 52857 53710 | 868 854 | 95.62 | Coprococcus_eutactus_gi_224514852_ref_NZ_ NODE_126_length_53795_cov_4.99892_ID_251
		Unaligned bases: 1 to 52856 (52856)
		Unaligned bases: 53711 to 53795 (85)
		This contig has both significant aligned and unaligned parts (of length >= min-contig)! It can contain interspecies translocations

CONTIG: NODE_22668_length_856_cov_0.946317_ID_45335 (856bp)
Top Length: 856  Top ID: 98.61
		One align captures most of this contig: 333571 334432 | 856 1 | 862 856 | 98.61 | Coprococcus_eutactus_gi_224514852_ref_NZ_ NODE_22668_length_856_cov_0.946317_ID_45335

CONTIG: NODE_151_length_48245_cov_5.17543_ID_301 (48245bp)
Top Length: 101  Top ID: 99.01
		Skipping redundant alignment 13912 14007 | 24139 24234 | 96 96 | 98.96 | Coprococcus_eutactus_gi_224514864_ref_NZ_ NODE_151_length_48245_cov_5.17543_ID_301
		This contig is partially unaligned. (Aligned 101 out of 48245 bases)
		Alignment: 98947 99047 | 24235 24135 | 101 101 | 99.01 | Coprococcus_eutactus_gi_224514861_ref_NZ_ NODE_151_length_48245_cov_5.17543_ID_301
		Unaligned bases: 1 to 24134 (24134)
		Unaligned bases: 24236 to 48245 (24010)

Analyzing coverage...
Writing SNPs into /Molly/gurevich/MetaQUAST/res_final/res_metahit_final/runs_per_reference/Coprococcus_eutactus/contigs_reports/nucmer_output/SPAdes.used_snps
	Reference Coprococcus_eutactus_gi_224514852_ref_NZ_: 2 total alignments. 1 total regions.
		Region: 1 to 371583 (371583 bp)
			START in gap: 1 to 326795 (326794 bp)
			Align 1: 326795 327662 NODE_126_length_53795_cov_4.99892_ID_251 52857 53710
				Gap between this and next alignment: 327662 to 333571 (5908 bp)
				Next Alignment: 333571 334432 NODE_22668_length_856_cov_0.946317_ID_45335 856 1

			Align 2: 333571 334432 NODE_22668_length_856_cov_0.946317_ID_45335 856 1
			END in gap: 334432 to 371583 (37151 bp)

	Reference Coprococcus_eutactus_gi_224514866_ref_NZ_: 9 total alignments. 1 total regions.
		Region: 1 to 92796 (92796 bp)
			START in gap: 1 to 50301 (50300 bp)
			Align 1: 50301 51520 NODE_15588_length_1220_cov_1.35365_ID_31175 1 1220
				Negative gap (overlap) between this and next alignment: 51520 to 51501 (-19 bp)
				Next Alignment: 51501 52855 NODE_13815_length_1369_cov_1.05251_ID_27629 1355 1

			Previous gap was negative, modifying coordinates to ignore overlap
				Moving contig start from 1355 to 1335.
			Align 2: 51521 52855 NODE_13815_length_1369_cov_1.05251_ID_27629 1335 1
				Gap between this and next alignment: 52855 to 52916 (60 bp)
				Next Alignment: 52916 53674 NODE_24182_length_800_cov_0.667114_ID_48363 800 42

			Align 3: 52916 53674 NODE_24182_length_800_cov_0.667114_ID_48363 800 42
				Negative gap (overlap) between this and next alignment: 53674 to 53673 (-1 bp)
				Next Alignment: 53673 54624 NODE_20183_length_952_cov_1.04236_ID_40365 952 1

			Previous gap was negative, modifying coordinates to ignore overlap
				Moving contig start from 952 to 950.
			Align 4: 53675 54624 NODE_20183_length_952_cov_1.04236_ID_40365 950 1
				Gap between this and next alignment: 54624 to 55509 (884 bp)
				Next Alignment: 55509 56019 NODE_40093_length_505_cov_0.862222_ID_80185 1 505

			Align 5: 55509 56019 NODE_40093_length_505_cov_0.862222_ID_80185 1 505
				Gap between this and next alignment: 56019 to 56482 (462 bp)
				Next Alignment: 56482 57020 NODE_37174_length_539_cov_0.989669_ID_74347 539 1

			Align 6: 56482 57020 NODE_37174_length_539_cov_0.989669_ID_74347 539 1
				Gap between this and next alignment: 57020 to 65704 (8683 bp)
				Next Alignment: 65704 66140 NODE_33836_length_583_cov_2.92235_ID_67671 583 147

			Align 7: 65704 66140 NODE_33836_length_583_cov_2.92235_ID_67671 583 147
				Gap between this and next alignment: 66140 to 71034 (4893 bp)
				Next Alignment: 71034 71920 NODE_289_length_32408_cov_3.45897_ID_577 12910 13796

			Align 8: 71034 71920 NODE_289_length_32408_cov_3.45897_ID_577 12910 13796
				Gap between this and next alignment: 71920 to 88254 (16333 bp)
				Next Alignment: 88254 90280 NODE_9031_length_2027_cov_29.7865_ID_18061 1 2027

			Align 9: 88254 90280 NODE_9031_length_2027_cov_29.7865_ID_18061 1 2027
			END in gap: 90280 to 92796 (2516 bp)

ERROR: Reference Coprococcus_eutactus_gi_224514845_ref_NZ_ does not have any alignments!  Check that this is the same file used for alignment.
ERROR: Alignment Reference Headers: ['Coprococcus_eutactus_gi_224514866_ref_NZ_', 'Coprococcus_eutactus_gi_224514860_ref_NZ_', 'Coprococcus_eutactus_gi_224514868_ref_NZ_', 'Coprococcus_eutactus_gi_224514862_ref_NZ_', 'Coprococcus_eutactus_gi_224514849_ref_NZ_', 'Coprococcus_eutactus_gi_224514861_ref_NZ_', 'Coprococcus_eutactus_gi_224514865_ref_NZ_', 'Coprococcus_eutactus_gi_224514852_ref_NZ_', 'Coprococcus_eutactus_gi_224514853_ref_NZ_', 'Coprococcus_eutactus_gi_224514851_ref_NZ_', 'Coprococcus_eutactus_gi_224514875_ref_NZ_']
ERROR: Reference Coprococcus_eutactus_gi_224514847_ref_NZ_ does not have any alignments!  Check that this is the same file used for alignment.
ERROR: Alignment Reference Headers: ['Coprococcus_eutactus_gi_224514866_ref_NZ_', 'Coprococcus_eutactus_gi_224514860_ref_NZ_', 'Coprococcus_eutactus_gi_224514868_ref_NZ_', 'Coprococcus_eutactus_gi_224514862_ref_NZ_', 'Coprococcus_eutactus_gi_224514849_ref_NZ_', 'Coprococcus_eutactus_gi_224514861_ref_NZ_', 'Coprococcus_eutactus_gi_224514865_ref_NZ_', 'Coprococcus_eutactus_gi_224514852_ref_NZ_', 'Coprococcus_eutactus_gi_224514853_ref_NZ_', 'Coprococcus_eutactus_gi_224514851_ref_NZ_', 'Coprococcus_eutactus_gi_224514875_ref_NZ_']
ERROR: Reference Coprococcus_eutactus_gi_224514863_ref_NZ_ does not have any alignments!  Check that this is the same file used for alignment.
ERROR: Alignment Reference Headers: ['Coprococcus_eutactus_gi_224514866_ref_NZ_', 'Coprococcus_eutactus_gi_224514860_ref_NZ_', 'Coprococcus_eutactus_gi_224514868_ref_NZ_', 'Coprococcus_eutactus_gi_224514862_ref_NZ_', 'Coprococcus_eutactus_gi_224514849_ref_NZ_', 'Coprococcus_eutactus_gi_224514861_ref_NZ_', 'Coprococcus_eutactus_gi_224514865_ref_NZ_', 'Coprococcus_eutactus_gi_224514852_ref_NZ_', 'Coprococcus_eutactus_gi_224514853_ref_NZ_', 'Coprococcus_eutactus_gi_224514851_ref_NZ_', 'Coprococcus_eutactus_gi_224514875_ref_NZ_']
	Reference Coprococcus_eutactus_gi_224514861_ref_NZ_: 1 total alignments. 1 total regions.
		Region: 1 to 118189 (118189 bp)
			START in gap: 1 to 98947 (98946 bp)
			Align 1: 98947 99047 NODE_151_length_48245_cov_5.17543_ID_301 24235 24135
			END in gap: 99047 to 118189 (19142 bp)

ERROR: Reference Coprococcus_eutactus_gi_224514864_ref_NZ_ does not have any alignments!  Check that this is the same file used for alignment.
ERROR: Alignment Reference Headers: ['Coprococcus_eutactus_gi_224514866_ref_NZ_', 'Coprococcus_eutactus_gi_224514860_ref_NZ_', 'Coprococcus_eutactus_gi_224514868_ref_NZ_', 'Coprococcus_eutactus_gi_224514862_ref_NZ_', 'Coprococcus_eutactus_gi_224514849_ref_NZ_', 'Coprococcus_eutactus_gi_224514861_ref_NZ_', 'Coprococcus_eutactus_gi_224514865_ref_NZ_', 'Coprococcus_eutactus_gi_224514852_ref_NZ_', 'Coprococcus_eutactus_gi_224514853_ref_NZ_', 'Coprococcus_eutactus_gi_224514851_ref_NZ_', 'Coprococcus_eutactus_gi_224514875_ref_NZ_']
	Reference Coprococcus_eutactus_gi_224514875_ref_NZ_: 1 total alignments. 1 total regions.
		Region: 1 to 195117 (195117 bp)
			START in gap: 1 to 137525 (137524 bp)
			Align 1: 137525 137720 NODE_2176_length_6338_cov_5.23381_ID_4351 1150 1345
			END in gap: 137720 to 195117 (57397 bp)

	Reference Coprococcus_eutactus_gi_224514860_ref_NZ_: 6 total alignments. 1 total regions.
		Region: 1 to 624153 (624153 bp)
			START in gap: 1 to 120141 (120140 bp)
			Align 1: 120141 120310 NODE_3931_length_4019_cov_1.28153_ID_7861 1 170
				Gap between this and next alignment: 120310 to 124476 (4165 bp)
				Next Alignment: 124476 125451 NODE_19726_length_976_cov_25.0575_ID_39451 1 976

			Align 2: 124476 125451 NODE_19726_length_976_cov_25.0575_ID_39451 1 976
				Gap between this and next alignment: 125451 to 129120 (3668 bp)
				Next Alignment: 129120 130858 NODE_315_length_30774_cov_3.14307_ID_629 28857 27119

			Align 3: 129120 130858 NODE_315_length_30774_cov_3.14307_ID_629 28857 27119
				Gap between this and next alignment: 130858 to 131209 (350 bp)
				Next Alignment: 131209 131536 NODE_7989_length_2239_cov_8.14148_ID_15977 2187 1860

			Align 4: 131209 131536 NODE_7989_length_2239_cov_8.14148_ID_15977 2187 1860
				Gap between this and next alignment: 131536 to 180373 (48836 bp)
				Next Alignment: 180373 180510 NODE_1872_length_7087_cov_2.7163_ID_3743 2301 2162

			Align 5: 180373 180510 NODE_1872_length_7087_cov_2.7163_ID_3743 2301 2162
				Gap between this and next alignment: 180510 to 350589 (170078 bp)
				Next Alignment: 350589 351596 NODE_5281_length_3181_cov_2.46609_ID_10561 1493 479

			Align 6: 350589 351596 NODE_5281_length_3181_cov_2.46609_ID_10561 1493 479
			END in gap: 351596 to 624153 (272557 bp)

ERROR: Reference Coprococcus_eutactus_gi_224514858_ref_NZ_ does not have any alignments!  Check that this is the same file used for alignment.
ERROR: Alignment Reference Headers: ['Coprococcus_eutactus_gi_224514866_ref_NZ_', 'Coprococcus_eutactus_gi_224514860_ref_NZ_', 'Coprococcus_eutactus_gi_224514868_ref_NZ_', 'Coprococcus_eutactus_gi_224514862_ref_NZ_', 'Coprococcus_eutactus_gi_224514849_ref_NZ_', 'Coprococcus_eutactus_gi_224514861_ref_NZ_', 'Coprococcus_eutactus_gi_224514865_ref_NZ_', 'Coprococcus_eutactus_gi_224514852_ref_NZ_', 'Coprococcus_eutactus_gi_224514853_ref_NZ_', 'Coprococcus_eutactus_gi_224514851_ref_NZ_', 'Coprococcus_eutactus_gi_224514875_ref_NZ_']
	Reference Coprococcus_eutactus_gi_224514868_ref_NZ_: 4 total alignments. 1 total regions.
		Region: 1 to 77672 (77672 bp)
			START in gap: 1 to 42508 (42507 bp)
			Align 1: 42508 43976 NODE_12780_length_1469_cov_3.78925_ID_25559 1469 1
				Gap between this and next alignment: 43976 to 44063 (86 bp)
				Next Alignment: 44063 45035 NODE_2726_length_5317_cov_3.58381_ID_5451 2881 1909

			Align 2: 44063 45035 NODE_2726_length_5317_cov_3.58381_ID_5451 2881 1909
				Gap between this and next alignment: 45035 to 51276 (6240 bp)
				Next Alignment: 51276 54463 NODE_1347_length_9347_cov_7.22686_ID_2693 9335 6141

			Align 3: 51276 54463 NODE_1347_length_9347_cov_7.22686_ID_2693 9335 6141
				Gap between this and next alignment: 54463 to 54638 (174 bp)
				Next Alignment: 54638 56102 NODE_12912_length_1455_cov_4.50643_ID_25823 1455 1

			Align 4: 54638 56102 NODE_12912_length_1455_cov_4.50643_ID_25823 1455 1
			END in gap: 56102 to 77672 (21570 bp)

ERROR: Reference Coprococcus_eutactus_gi_224514850_ref_NZ_ does not have any alignments!  Check that this is the same file used for alignment.
ERROR: Alignment Reference Headers: ['Coprococcus_eutactus_gi_224514866_ref_NZ_', 'Coprococcus_eutactus_gi_224514860_ref_NZ_', 'Coprococcus_eutactus_gi_224514868_ref_NZ_', 'Coprococcus_eutactus_gi_224514862_ref_NZ_', 'Coprococcus_eutactus_gi_224514849_ref_NZ_', 'Coprococcus_eutactus_gi_224514861_ref_NZ_', 'Coprococcus_eutactus_gi_224514865_ref_NZ_', 'Coprococcus_eutactus_gi_224514852_ref_NZ_', 'Coprococcus_eutactus_gi_224514853_ref_NZ_', 'Coprococcus_eutactus_gi_224514851_ref_NZ_', 'Coprococcus_eutactus_gi_224514875_ref_NZ_']
	Reference Coprococcus_eutactus_gi_224514851_ref_NZ_: 1 total alignments. 1 total regions.
		Region: 1 to 180987 (180987 bp)
			START in gap: 1 to 116147 (116146 bp)
			Align 1: 116147 117386 NODE_8706_length_2086_cov_3.07632_ID_17411 1 1240
			END in gap: 117386 to 180987 (63601 bp)

	Reference Coprococcus_eutactus_gi_224514865_ref_NZ_: 1 total alignments. 1 total regions.
		Region: 1 to 110911 (110911 bp)
			START in gap: 1 to 97775 (97774 bp)
			Align 1: 97775 99204 NODE_1547_length_8358_cov_3.68301_ID_3093 1866 3297
			END in gap: 99204 to 110911 (11707 bp)

	Reference Coprococcus_eutactus_gi_224514853_ref_NZ_: 6 total alignments. 1 total regions.
		Region: 1 to 128678 (128678 bp)
			START in gap: 1 to 9066 (9065 bp)
			Align 1: 9066 9357 NODE_15047_length_1262_cov_0.993372_ID_30093 577 868
				Gap between this and next alignment: 9357 to 9873 (515 bp)
				Next Alignment: 9873 10377 NODE_22143_length_876_cov_0.906212_ID_44285 876 372

			Align 2: 9873 10377 NODE_22143_length_876_cov_0.906212_ID_44285 876 372
				Gap between this and next alignment: 10377 to 11612 (1234 bp)
				Next Alignment: 11612 12374 NODE_14830_length_1279_cov_0.915033_ID_29659 517 1279

			Align 3: 11612 12374 NODE_14830_length_1279_cov_0.915033_ID_29659 517 1279
				Gap between this and next alignment: 12374 to 16042 (3667 bp)
				Next Alignment: 16042 17978 NODE_9492_length_1937_cov_1.42402_ID_18983 1 1937

			Align 4: 16042 17978 NODE_9492_length_1937_cov_1.42402_ID_18983 1 1937
				Gap between this and next alignment: 17978 to 18442 (463 bp)
				Next Alignment: 18442 19191 NODE_3918_length_4026_cov_1.16671_ID_7835 4026 3277

			Align 5: 18442 19191 NODE_3918_length_4026_cov_1.16671_ID_7835 4026 3277
				Gap between this and next alignment: 19191 to 19283 (91 bp)
				Next Alignment: 19283 24044 NODE_3097_length_4813_cov_1.2665_ID_6193 4813 51

			Align 6: 19283 24044 NODE_3097_length_4813_cov_1.2665_ID_6193 4813 51
			END in gap: 24044 to 128678 (104634 bp)

ERROR: Reference Coprococcus_eutactus_gi_224514871_ref_NZ_ does not have any alignments!  Check that this is the same file used for alignment.
ERROR: Alignment Reference Headers: ['Coprococcus_eutactus_gi_224514866_ref_NZ_', 'Coprococcus_eutactus_gi_224514860_ref_NZ_', 'Coprococcus_eutactus_gi_224514868_ref_NZ_', 'Coprococcus_eutactus_gi_224514862_ref_NZ_', 'Coprococcus_eutactus_gi_224514849_ref_NZ_', 'Coprococcus_eutactus_gi_224514861_ref_NZ_', 'Coprococcus_eutactus_gi_224514865_ref_NZ_', 'Coprococcus_eutactus_gi_224514852_ref_NZ_', 'Coprococcus_eutactus_gi_224514853_ref_NZ_', 'Coprococcus_eutactus_gi_224514851_ref_NZ_', 'Coprococcus_eutactus_gi_224514875_ref_NZ_']
ERROR: Reference Coprococcus_eutactus_gi_224514856_ref_NZ_ does not have any alignments!  Check that this is the same file used for alignment.
ERROR: Alignment Reference Headers: ['Coprococcus_eutactus_gi_224514866_ref_NZ_', 'Coprococcus_eutactus_gi_224514860_ref_NZ_', 'Coprococcus_eutactus_gi_224514868_ref_NZ_', 'Coprococcus_eutactus_gi_224514862_ref_NZ_', 'Coprococcus_eutactus_gi_224514849_ref_NZ_', 'Coprococcus_eutactus_gi_224514861_ref_NZ_', 'Coprococcus_eutactus_gi_224514865_ref_NZ_', 'Coprococcus_eutactus_gi_224514852_ref_NZ_', 'Coprococcus_eutactus_gi_224514853_ref_NZ_', 'Coprococcus_eutactus_gi_224514851_ref_NZ_', 'Coprococcus_eutactus_gi_224514875_ref_NZ_']
ERROR: Reference Coprococcus_eutactus_gi_224514854_ref_NZ_ does not have any alignments!  Check that this is the same file used for alignment.
ERROR: Alignment Reference Headers: ['Coprococcus_eutactus_gi_224514866_ref_NZ_', 'Coprococcus_eutactus_gi_224514860_ref_NZ_', 'Coprococcus_eutactus_gi_224514868_ref_NZ_', 'Coprococcus_eutactus_gi_224514862_ref_NZ_', 'Coprococcus_eutactus_gi_224514849_ref_NZ_', 'Coprococcus_eutactus_gi_224514861_ref_NZ_', 'Coprococcus_eutactus_gi_224514865_ref_NZ_', 'Coprococcus_eutactus_gi_224514852_ref_NZ_', 'Coprococcus_eutactus_gi_224514853_ref_NZ_', 'Coprococcus_eutactus_gi_224514851_ref_NZ_', 'Coprococcus_eutactus_gi_224514875_ref_NZ_']
	Reference Coprococcus_eutactus_gi_224514849_ref_NZ_: 1 total alignments. 1 total regions.
		Region: 1 to 254280 (254280 bp)
			START in gap: 1 to 165153 (165152 bp)
			Align 1: 165153 165236 NODE_434_length_24700_cov_9.6786_ID_867 1 85
			END in gap: 165236 to 254280 (89044 bp)

ERROR: Reference Coprococcus_eutactus_gi_224514857_ref_NZ_ does not have any alignments!  Check that this is the same file used for alignment.
ERROR: Alignment Reference Headers: ['Coprococcus_eutactus_gi_224514866_ref_NZ_', 'Coprococcus_eutactus_gi_224514860_ref_NZ_', 'Coprococcus_eutactus_gi_224514868_ref_NZ_', 'Coprococcus_eutactus_gi_224514862_ref_NZ_', 'Coprococcus_eutactus_gi_224514849_ref_NZ_', 'Coprococcus_eutactus_gi_224514861_ref_NZ_', 'Coprococcus_eutactus_gi_224514865_ref_NZ_', 'Coprococcus_eutactus_gi_224514852_ref_NZ_', 'Coprococcus_eutactus_gi_224514853_ref_NZ_', 'Coprococcus_eutactus_gi_224514851_ref_NZ_', 'Coprococcus_eutactus_gi_224514875_ref_NZ_']
ERROR: Reference Coprococcus_eutactus_gi_224514873_ref_NZ_ does not have any alignments!  Check that this is the same file used for alignment.
ERROR: Alignment Reference Headers: ['Coprococcus_eutactus_gi_224514866_ref_NZ_', 'Coprococcus_eutactus_gi_224514860_ref_NZ_', 'Coprococcus_eutactus_gi_224514868_ref_NZ_', 'Coprococcus_eutactus_gi_224514862_ref_NZ_', 'Coprococcus_eutactus_gi_224514849_ref_NZ_', 'Coprococcus_eutactus_gi_224514861_ref_NZ_', 'Coprococcus_eutactus_gi_224514865_ref_NZ_', 'Coprococcus_eutactus_gi_224514852_ref_NZ_', 'Coprococcus_eutactus_gi_224514853_ref_NZ_', 'Coprococcus_eutactus_gi_224514851_ref_NZ_', 'Coprococcus_eutactus_gi_224514875_ref_NZ_']
ERROR: Reference Coprococcus_eutactus_gi_224514846_ref_NZ_ does not have any alignments!  Check that this is the same file used for alignment.
ERROR: Alignment Reference Headers: ['Coprococcus_eutactus_gi_224514866_ref_NZ_', 'Coprococcus_eutactus_gi_224514860_ref_NZ_', 'Coprococcus_eutactus_gi_224514868_ref_NZ_', 'Coprococcus_eutactus_gi_224514862_ref_NZ_', 'Coprococcus_eutactus_gi_224514849_ref_NZ_', 'Coprococcus_eutactus_gi_224514861_ref_NZ_', 'Coprococcus_eutactus_gi_224514865_ref_NZ_', 'Coprococcus_eutactus_gi_224514852_ref_NZ_', 'Coprococcus_eutactus_gi_224514853_ref_NZ_', 'Coprococcus_eutactus_gi_224514851_ref_NZ_', 'Coprococcus_eutactus_gi_224514875_ref_NZ_']
	Reference Coprococcus_eutactus_gi_224514862_ref_NZ_: 1 total alignments. 1 total regions.
		Region: 1 to 172583 (172583 bp)
			START in gap: 1 to 144370 (144369 bp)
			Align 1: 144370 146658 NODE_7801_length_2289_cov_45.4794_ID_15601 1 2289
			END in gap: 146658 to 172583 (25925 bp)

Analysis is finished!
Founded SNPs were written into /Molly/gurevich/MetaQUAST/res_final/res_metahit_final/runs_per_reference/Coprococcus_eutactus/contigs_reports/nucmer_output/SPAdes.used_snps

Results:
	Local Misassemblies: 0
	Misassemblies: 0
		Relocations: 0
		Translocations: 0
		Inversions: 0
	Fake misassemblies matched with structural variations: 0
	Misassembled Contigs: 0
	Misassembled Contig Bases: 0
	Misassemblies Inter-Contig Overlap: 0
Uncovered Regions: 0 (0)
Unaligned Contigs: 0 + 22 part
Partially Unaligned Contigs with Misassemblies: 0
Unaligned Contig Bases: 230923

Ambiguously Mapped Contigs: 0
Total Bases in Ambiguously Mapped Contigs: 0
Note that --allow-ambiguity option was set to "one" and only first alignment per each contig was used.

	Covered Bases: 36198

	SNPs: 633
	Insertions: 24
	Deletions: 40

	Positive Gaps: 42
		Internal Gaps:  0
		External Gaps:  42
		External Gap Total:  2290751
		External Gap Average: 54542
	Negative Gaps: 2
		Internal Overlaps:  0
		External Overlaps:  2
		External Overlaps Total: -20
		External Overlaps Average: -10
	Contigs with Redundant Alignments: 0 (0)
