Aligning contigs to reference...
	Using existing Nucmer alignments...
Parsing coords...
Loading reference...
	Loaded [Ruminococcus_lactaris_gi_225001172_ref_NZ_]
Loading SNPs...
Loading regions...
	No regions given, using whole reference.
	Total Regions: 1
	Total Region Length: 2731235
Analyzing contigs...
CONTIG: scaffold_16 (154991bp)
Top Length: 99  Top ID: 100.0
		Skipping redundant alignment 2461096 2461191 | 12165 12070 | 96 96 | 98.96 | Ruminococcus_lactaris_gi_225001172_ref_NZ_ scaffold_16
		Skipping redundant alignment 258716 258813 | 12168 12071 | 98 98 | 98.98 | Ruminococcus_lactaris_gi_225001172_ref_NZ_ scaffold_16
		Skipping redundant alignment 1502446 1502543 | 12168 12071 | 98 98 | 98.98 | Ruminococcus_lactaris_gi_225001172_ref_NZ_ scaffold_16
		Skipping redundant alignment 2677138 2677235 | 12168 12071 | 98 98 | 98.98 | Ruminococcus_lactaris_gi_225001172_ref_NZ_ scaffold_16
		Skipping redundant alignment 1857876 1857973 | 12071 12168 | 98 98 | 96.94 | Ruminococcus_lactaris_gi_225001172_ref_NZ_ scaffold_16
		Skipping redundant alignment 1803516 1803610 | 12165 12071 | 95 95 | 98.95 | Ruminococcus_lactaris_gi_225001172_ref_NZ_ scaffold_16
		Skipping redundant alignment 1875361 1875430 | 12140 12071 | 70 70 | 98.57 | Ruminococcus_lactaris_gi_225001172_ref_NZ_ scaffold_16
		Skipping redundant alignment 1846100 1846166 | 12071 12137 | 67 67 | 100.0 | Ruminococcus_lactaris_gi_225001172_ref_NZ_ scaffold_16
		Skipping redundant alignment 1388742 1388839 | 12168 12072 | 98 97 | 98.98 | Ruminococcus_lactaris_gi_225001172_ref_NZ_ scaffold_16
		Skipping redundant alignment 1215566 1215661 | 12168 12073 | 96 96 | 100.0 | Ruminococcus_lactaris_gi_225001172_ref_NZ_ scaffold_16
		Skipping redundant alignment 1396595 1396690 | 12168 12073 | 96 96 | 100.0 | Ruminococcus_lactaris_gi_225001172_ref_NZ_ scaffold_16
		Skipping redundant alignment 1798382 1798477 | 12168 12073 | 96 96 | 100.0 | Ruminococcus_lactaris_gi_225001172_ref_NZ_ scaffold_16
		Skipping redundant alignment 2307984 2308079 | 12168 12073 | 96 96 | 100.0 | Ruminococcus_lactaris_gi_225001172_ref_NZ_ scaffold_16
		Skipping redundant alignment 497669 497764 | 12168 12073 | 96 96 | 98.96 | Ruminococcus_lactaris_gi_225001172_ref_NZ_ scaffold_16
		Skipping redundant alignment 1555911 1556006 | 12168 12073 | 96 96 | 98.96 | Ruminococcus_lactaris_gi_225001172_ref_NZ_ scaffold_16
		Skipping redundant alignment 2707158 2707247 | 12162 12073 | 90 90 | 98.89 | Ruminococcus_lactaris_gi_225001172_ref_NZ_ scaffold_16
		Skipping redundant alignment 878624 878713 | 12162 12073 | 90 90 | 97.78 | Ruminococcus_lactaris_gi_225001172_ref_NZ_ scaffold_16
			Skipping redundant alignments after choosing the best set of alignments
		Skipping redundant alignment 88978 89076 | 12070 12168 | 99 99 | 98.99 | Ruminococcus_lactaris_gi_225001172_ref_NZ_ scaffold_16
		Skipping redundant alignment 1879149 1879247 | 12070 12168 | 99 99 | 97.98 | Ruminococcus_lactaris_gi_225001172_ref_NZ_ scaffold_16
		Skipping redundant alignment 1947995 1948093 | 12168 12070 | 99 99 | 100.0 | Ruminococcus_lactaris_gi_225001172_ref_NZ_ scaffold_16
		Skipping redundant alignment 2681973 2682071 | 12070 12168 | 99 99 | 98.99 | Ruminococcus_lactaris_gi_225001172_ref_NZ_ scaffold_16
		This contig is partially unaligned. (Aligned 99 out of 154991 bases)
		Alignment: 3637 3735 | 12070 12168 | 99 99 | 100.0 | Ruminococcus_lactaris_gi_225001172_ref_NZ_ scaffold_16
		Unaligned bases: 1 to 12069 (12069)
		Unaligned bases: 12169 to 154991 (142823)

CONTIG: scaffold_26 (77923bp)
Top Length: 201  Top ID: 95.54
		Skipping redundant alignment 1228176 1228371 | 40531 40336 | 196 196 | 95.41 | Ruminococcus_lactaris_gi_225001172_ref_NZ_ scaffold_26
		Skipping redundant alignment 1388644 1388839 | 40336 40530 | 196 195 | 95.41 | Ruminococcus_lactaris_gi_225001172_ref_NZ_ scaffold_26
		Skipping redundant alignment 2307886 2308079 | 40336 40529 | 194 194 | 96.39 | Ruminococcus_lactaris_gi_225001172_ref_NZ_ scaffold_26
		Skipping redundant alignment 1798284 1798477 | 40336 40529 | 194 194 | 95.88 | Ruminococcus_lactaris_gi_225001172_ref_NZ_ scaffold_26
			Skipping redundant alignments after choosing the best set of alignments
		Skipping redundant alignment 1396489 1396690 | 40329 40529 | 202 201 | 95.54 | Ruminococcus_lactaris_gi_225001172_ref_NZ_ scaffold_26
		This contig is partially unaligned. (Aligned 201 out of 77923 bases)
		Alignment: 1215460 1215661 | 40329 40529 | 202 201 | 95.54 | Ruminococcus_lactaris_gi_225001172_ref_NZ_ scaffold_26
		Unaligned bases: 1 to 40328 (40328)
		Unaligned bases: 40530 to 77923 (37394)

CONTIG: scaffold_28 (182993bp)
Top Length: 205  Top ID: 96.1
		Skipping redundant alignment 1798282 1798477 | 123831 124031 | 196 201 | 96.52 | Ruminococcus_lactaris_gi_225001172_ref_NZ_ scaffold_28
		Skipping redundant alignment 1555811 1556006 | 123831 124031 | 196 201 | 95.02 | Ruminococcus_lactaris_gi_225001172_ref_NZ_ scaffold_28
		Skipping redundant alignment 2681974 2682170 | 124033 123832 | 197 202 | 96.04 | Ruminococcus_lactaris_gi_225001172_ref_NZ_ scaffold_28
		Skipping redundant alignment 1388643 1388839 | 123832 124032 | 197 201 | 96.04 | Ruminococcus_lactaris_gi_225001172_ref_NZ_ scaffold_28
		Skipping redundant alignment 3638 3833 | 124033 123833 | 196 201 | 95.52 | Ruminococcus_lactaris_gi_225001172_ref_NZ_ scaffold_28
		Skipping redundant alignment 1215468 1215661 | 123833 124031 | 194 199 | 96.48 | Ruminococcus_lactaris_gi_225001172_ref_NZ_ scaffold_28
		Skipping redundant alignment 1396497 1396690 | 123833 124031 | 194 199 | 96.48 | Ruminococcus_lactaris_gi_225001172_ref_NZ_ scaffold_28
		Skipping redundant alignment 1947898 1948092 | 123834 124033 | 195 200 | 96.5 | Ruminococcus_lactaris_gi_225001172_ref_NZ_ scaffold_28
		Skipping redundant alignment 2707158 2707247 | 123942 124031 | 90 90 | 98.89 | Ruminococcus_lactaris_gi_225001172_ref_NZ_ scaffold_28
		Skipping redundant alignment 878624 878713 | 123942 124031 | 90 90 | 97.78 | Ruminococcus_lactaris_gi_225001172_ref_NZ_ scaffold_28
		Skipping redundant alignment 1875361 1875430 | 123964 124033 | 70 70 | 98.57 | Ruminococcus_lactaris_gi_225001172_ref_NZ_ scaffold_28
		Skipping redundant alignment 1846100 1846166 | 124033 123967 | 67 67 | 100.0 | Ruminococcus_lactaris_gi_225001172_ref_NZ_ scaffold_28
			Skipping redundant alignments after choosing the best set of alignments
		Skipping redundant alignment 258614 258813 | 123829 124033 | 200 205 | 96.1 | Ruminococcus_lactaris_gi_225001172_ref_NZ_ scaffold_28
		Skipping redundant alignment 1502344 1502543 | 123829 124033 | 200 205 | 96.1 | Ruminococcus_lactaris_gi_225001172_ref_NZ_ scaffold_28
		Skipping redundant alignment 2307882 2308079 | 123829 124031 | 198 203 | 97.04 | Ruminococcus_lactaris_gi_225001172_ref_NZ_ scaffold_28
		Skipping redundant alignment 2677038 2677235 | 123831 124033 | 198 203 | 95.57 | Ruminococcus_lactaris_gi_225001172_ref_NZ_ scaffold_28
		This contig is partially unaligned. (Aligned 205 out of 182993 bases)
		Alignment: 88979 89176 | 124033 123831 | 198 203 | 95.57 | Ruminococcus_lactaris_gi_225001172_ref_NZ_ scaffold_28
		Unaligned bases: 1 to 123830 (123830)
		Unaligned bases: 124034 to 182993 (58960)

CONTIG: scaffold_29 (69359bp)
Top Length: 140  Top ID: 95.71
		Skipping redundant alignment 2197974 2198107 | 52706 52839 | 134 134 | 95.52 | Ruminococcus_lactaris_gi_225001172_ref_NZ_ scaffold_29
		Skipping redundant alignment 1388706 1388839 | 52706 52838 | 134 133 | 96.27 | Ruminococcus_lactaris_gi_225001172_ref_NZ_ scaffold_29
		Skipping redundant alignment 1396559 1396690 | 52706 52837 | 132 132 | 96.97 | Ruminococcus_lactaris_gi_225001172_ref_NZ_ scaffold_29
		Skipping redundant alignment 2307948 2308079 | 52706 52837 | 132 132 | 96.97 | Ruminococcus_lactaris_gi_225001172_ref_NZ_ scaffold_29
		Skipping redundant alignment 1215530 1215661 | 52706 52837 | 132 132 | 96.21 | Ruminococcus_lactaris_gi_225001172_ref_NZ_ scaffold_29
		Skipping redundant alignment 1798346 1798477 | 52706 52837 | 132 132 | 96.21 | Ruminococcus_lactaris_gi_225001172_ref_NZ_ scaffold_29
		Skipping redundant alignment 497633 497764 | 52706 52837 | 132 132 | 95.45 | Ruminococcus_lactaris_gi_225001172_ref_NZ_ scaffold_29
		This contig is misassembled. 9 total aligns.
			Warning! This contig is more unaligned than misassembled. Contig length is 69359 and total length of all aligns is 216
		Alignment: 2632190 2632265 | 62 137 | 76 76 | 100.0 | Ruminococcus_lactaris_gi_225001172_ref_NZ_ scaffold_29
		Alignment: 1228170 1228309 | 52845 52706 | 140 140 | 95.71 | Ruminococcus_lactaris_gi_225001172_ref_NZ_ scaffold_29
		Unaligned bases: 69143
CONTIG: scaffold_32 (70223bp)
Top Length: 205  Top ID: 98.54
		Skipping redundant alignment 1458142 1458218 | 35230 35305 | 77 76 | 98.7 | Ruminococcus_lactaris_gi_225001172_ref_NZ_ scaffold_32
		Skipping redundant alignment 1798282 1798477 | 35235 35429 | 196 195 | 97.45 | Ruminococcus_lactaris_gi_225001172_ref_NZ_ scaffold_32
		Skipping redundant alignment 2127655 2127850 | 35235 35429 | 196 195 | 96.94 | Ruminococcus_lactaris_gi_225001172_ref_NZ_ scaffold_32
		Skipping redundant alignment 1927730 1927838 | 35236 35343 | 109 108 | 99.08 | Ruminococcus_lactaris_gi_225001172_ref_NZ_ scaffold_32
		Skipping redundant alignment 540429 540622 | 35429 35237 | 194 193 | 97.42 | Ruminococcus_lactaris_gi_225001172_ref_NZ_ scaffold_32
		Skipping redundant alignment 1215468 1215661 | 35237 35429 | 194 193 | 97.42 | Ruminococcus_lactaris_gi_225001172_ref_NZ_ scaffold_32
		Skipping redundant alignment 1021931 1021999 | 35305 35237 | 69 69 | 100.0 | Ruminococcus_lactaris_gi_225001172_ref_NZ_ scaffold_32
			Skipping redundant alignments after choosing the best set of alignments
		Skipping redundant alignment 1309879 1310082 | 35435 35233 | 204 203 | 96.57 | Ruminococcus_lactaris_gi_225001172_ref_NZ_ scaffold_32
		Skipping redundant alignment 1502339 1502543 | 35228 35431 | 205 204 | 96.59 | Ruminococcus_lactaris_gi_225001172_ref_NZ_ scaffold_32
		Skipping redundant alignment 1947890 1948094 | 35230 35433 | 205 204 | 96.59 | Ruminococcus_lactaris_gi_225001172_ref_NZ_ scaffold_32
		Skipping redundant alignment 2208449 2208657 | 35229 35436 | 209 208 | 95.22 | Ruminococcus_lactaris_gi_225001172_ref_NZ_ scaffold_32
		Skipping redundant alignment 2307882 2308087 | 35233 35437 | 206 205 | 97.09 | Ruminococcus_lactaris_gi_225001172_ref_NZ_ scaffold_32
		This contig is partially unaligned. (Aligned 205 out of 70223 bases)
		Alignment: 803443 803648 | 35433 35229 | 206 205 | 98.54 | Ruminococcus_lactaris_gi_225001172_ref_NZ_ scaffold_32
		Unaligned bases: 1 to 35228 (35228)
		Unaligned bases: 35434 to 70223 (34790)

CONTIG: scaffold_64 (70479bp)
Top Length: 212  Top ID: 97.17
		Skipping redundant alignment 1555813 1556011 | 51566 51365 | 199 202 | 95.54 | Ruminococcus_lactaris_gi_225001172_ref_NZ_ scaffold_64
		Skipping redundant alignment 1798277 1798481 | 51573 51366 | 205 208 | 96.63 | Ruminococcus_lactaris_gi_225001172_ref_NZ_ scaffold_64
		Skipping redundant alignment 2707158 2707249 | 51459 51368 | 92 92 | 98.91 | Ruminococcus_lactaris_gi_225001172_ref_NZ_ scaffold_64
		Skipping redundant alignment 1215466 1215662 | 51568 51369 | 197 200 | 97.5 | Ruminococcus_lactaris_gi_225001172_ref_NZ_ scaffold_64
		Skipping redundant alignment 1396495 1396691 | 51568 51369 | 197 200 | 97.5 | Ruminococcus_lactaris_gi_225001172_ref_NZ_ scaffold_64
		Skipping redundant alignment 497568 497765 | 51568 51369 | 198 200 | 96.02 | Ruminococcus_lactaris_gi_225001172_ref_NZ_ scaffold_64
		Skipping redundant alignment 878624 878714 | 51459 51369 | 91 91 | 97.8 | Ruminococcus_lactaris_gi_225001172_ref_NZ_ scaffold_64
		Skipping redundant alignment 1857878 1858074 | 51370 51568 | 197 199 | 95.5 | Ruminococcus_lactaris_gi_225001172_ref_NZ_ scaffold_64
		Skipping redundant alignment 3640 3834 | 51370 51567 | 195 198 | 96.46 | Ruminococcus_lactaris_gi_225001172_ref_NZ_ scaffold_64
		Skipping redundant alignment 1388644 1388838 | 51566 51370 | 195 197 | 96.97 | Ruminococcus_lactaris_gi_225001172_ref_NZ_ scaffold_64
		Skipping redundant alignment 1947898 1948090 | 51565 51370 | 193 196 | 97.45 | Ruminococcus_lactaris_gi_225001172_ref_NZ_ scaffold_64
		Skipping redundant alignment 1879152 1879318 | 51370 51539 | 167 170 | 95.29 | Ruminococcus_lactaris_gi_225001172_ref_NZ_ scaffold_64
		Skipping redundant alignment 1846102 1846166 | 51370 51434 | 65 65 | 100.0 | Ruminococcus_lactaris_gi_225001172_ref_NZ_ scaffold_64
		This contig is partially unaligned. (Aligned 212 out of 70479 bases)
		Alignment: 2307880 2308088 | 51572 51361 | 209 212 | 97.17 | Ruminococcus_lactaris_gi_225001172_ref_NZ_ scaffold_64
		Unaligned bases: 1 to 51360 (51360)
		Unaligned bases: 51573 to 70479 (18907)

CONTIG: scaffold_65 (146287bp)
Top Length: 103  Top ID: 98.06
		Skipping redundant alignment 1502446 1502544 | 133547 133449 | 99 99 | 98.99 | Ruminococcus_lactaris_gi_225001172_ref_NZ_ scaffold_65
		Skipping redundant alignment 2677138 2677236 | 133547 133449 | 99 99 | 98.99 | Ruminococcus_lactaris_gi_225001172_ref_NZ_ scaffold_65
		Skipping redundant alignment 1803516 1803611 | 133544 133449 | 96 96 | 98.96 | Ruminococcus_lactaris_gi_225001172_ref_NZ_ scaffold_65
		Skipping redundant alignment 1875361 1875431 | 133519 133449 | 71 71 | 98.59 | Ruminococcus_lactaris_gi_225001172_ref_NZ_ scaffold_65
		Skipping redundant alignment 3638 3735 | 133450 133547 | 98 98 | 100.0 | Ruminococcus_lactaris_gi_225001172_ref_NZ_ scaffold_65
		Skipping redundant alignment 1947995 1948092 | 133547 133450 | 98 98 | 100.0 | Ruminococcus_lactaris_gi_225001172_ref_NZ_ scaffold_65
		Skipping redundant alignment 88979 89076 | 133450 133547 | 98 98 | 98.98 | Ruminococcus_lactaris_gi_225001172_ref_NZ_ scaffold_65
		Skipping redundant alignment 2681974 2682071 | 133450 133547 | 98 98 | 98.98 | Ruminococcus_lactaris_gi_225001172_ref_NZ_ scaffold_65
		Skipping redundant alignment 1879150 1879247 | 133450 133547 | 98 98 | 97.96 | Ruminococcus_lactaris_gi_225001172_ref_NZ_ scaffold_65
		Skipping redundant alignment 1857876 1857973 | 133450 133547 | 98 98 | 96.94 | Ruminococcus_lactaris_gi_225001172_ref_NZ_ scaffold_65
		Skipping redundant alignment 2461096 2461190 | 133544 133450 | 95 95 | 98.95 | Ruminococcus_lactaris_gi_225001172_ref_NZ_ scaffold_65
		Skipping redundant alignment 1846100 1846166 | 133450 133516 | 67 67 | 100.0 | Ruminococcus_lactaris_gi_225001172_ref_NZ_ scaffold_65
		Skipping redundant alignment 1388742 1388839 | 133547 133451 | 98 97 | 98.98 | Ruminococcus_lactaris_gi_225001172_ref_NZ_ scaffold_65
		Skipping redundant alignment 1215566 1215661 | 133547 133452 | 96 96 | 100.0 | Ruminococcus_lactaris_gi_225001172_ref_NZ_ scaffold_65
		Skipping redundant alignment 1396595 1396690 | 133547 133452 | 96 96 | 100.0 | Ruminococcus_lactaris_gi_225001172_ref_NZ_ scaffold_65
		Skipping redundant alignment 1798382 1798477 | 133547 133452 | 96 96 | 100.0 | Ruminococcus_lactaris_gi_225001172_ref_NZ_ scaffold_65
		Skipping redundant alignment 497669 497764 | 133547 133452 | 96 96 | 98.96 | Ruminococcus_lactaris_gi_225001172_ref_NZ_ scaffold_65
		Skipping redundant alignment 1555911 1556006 | 133547 133452 | 96 96 | 98.96 | Ruminococcus_lactaris_gi_225001172_ref_NZ_ scaffold_65
		Skipping redundant alignment 2707158 2707247 | 133541 133452 | 90 90 | 98.89 | Ruminococcus_lactaris_gi_225001172_ref_NZ_ scaffold_65
		Skipping redundant alignment 878624 878713 | 133541 133452 | 90 90 | 97.78 | Ruminococcus_lactaris_gi_225001172_ref_NZ_ scaffold_65
			Skipping redundant alignments after choosing the best set of alignments
		Skipping redundant alignment 2307984 2308086 | 133547 133445 | 103 103 | 98.06 | Ruminococcus_lactaris_gi_225001172_ref_NZ_ scaffold_65
		This contig is partially unaligned. (Aligned 103 out of 146287 bases)
		Alignment: 258716 258818 | 133547 133445 | 103 103 | 98.06 | Ruminococcus_lactaris_gi_225001172_ref_NZ_ scaffold_65
		Unaligned bases: 1 to 133444 (133444)
		Unaligned bases: 133548 to 146287 (12740)

CONTIG: scaffold_68 (97257bp)
Top Length: 109  Top ID: 95.41
		Skipping redundant alignment 2307984 2308086 | 5181 5078 | 103 104 | 98.08 | Ruminococcus_lactaris_gi_225001172_ref_NZ_ scaffold_68
		Skipping redundant alignment 1803516 1803614 | 5178 5080 | 99 99 | 97.98 | Ruminococcus_lactaris_gi_225001172_ref_NZ_ scaffold_68
		Skipping redundant alignment 1798382 1798480 | 5181 5083 | 99 99 | 100.0 | Ruminococcus_lactaris_gi_225001172_ref_NZ_ scaffold_68
		Skipping redundant alignment 1215566 1215662 | 5181 5085 | 97 97 | 100.0 | Ruminococcus_lactaris_gi_225001172_ref_NZ_ scaffold_68
		Skipping redundant alignment 1396595 1396691 | 5181 5085 | 97 97 | 100.0 | Ruminococcus_lactaris_gi_225001172_ref_NZ_ scaffold_68
		Skipping redundant alignment 497669 497765 | 5181 5085 | 97 97 | 98.97 | Ruminococcus_lactaris_gi_225001172_ref_NZ_ scaffold_68
		Skipping redundant alignment 1555911 1556007 | 5181 5085 | 97 97 | 98.97 | Ruminococcus_lactaris_gi_225001172_ref_NZ_ scaffold_68
		Skipping redundant alignment 878624 878714 | 5175 5085 | 91 91 | 97.8 | Ruminococcus_lactaris_gi_225001172_ref_NZ_ scaffold_68
		Skipping redundant alignment 3640 3735 | 5086 5181 | 96 96 | 100.0 | Ruminococcus_lactaris_gi_225001172_ref_NZ_ scaffold_68
		Skipping redundant alignment 1947995 1948090 | 5181 5086 | 96 96 | 100.0 | Ruminococcus_lactaris_gi_225001172_ref_NZ_ scaffold_68
		Skipping redundant alignment 1388742 1388838 | 5181 5086 | 97 96 | 98.97 | Ruminococcus_lactaris_gi_225001172_ref_NZ_ scaffold_68
		Skipping redundant alignment 1879152 1879247 | 5086 5181 | 96 96 | 97.92 | Ruminococcus_lactaris_gi_225001172_ref_NZ_ scaffold_68
		Skipping redundant alignment 1857878 1857973 | 5086 5181 | 96 96 | 96.88 | Ruminococcus_lactaris_gi_225001172_ref_NZ_ scaffold_68
		Skipping redundant alignment 2461096 2461188 | 5178 5086 | 93 93 | 98.92 | Ruminococcus_lactaris_gi_225001172_ref_NZ_ scaffold_68
		Skipping redundant alignment 1846102 1846166 | 5086 5150 | 65 65 | 100.0 | Ruminococcus_lactaris_gi_225001172_ref_NZ_ scaffold_68
		This contig is partially unaligned. (Aligned 109 out of 97257 bases)
		Alignment: 2707158 2707265 | 5175 5067 | 108 109 | 95.41 | Ruminococcus_lactaris_gi_225001172_ref_NZ_ scaffold_68
		Unaligned bases: 1 to 5066 (5066)
		Unaligned bases: 5176 to 97257 (92082)

CONTIG: scaffold_77 (98029bp)
Top Length: 210  Top ID: 96.19
		Skipping redundant alignment 1309883 1310078 | 46261 46458 | 196 198 | 95.45 | Ruminococcus_lactaris_gi_225001172_ref_NZ_ scaffold_77
		Skipping redundant alignment 1798281 1798477 | 46461 46263 | 197 199 | 97.49 | Ruminococcus_lactaris_gi_225001172_ref_NZ_ scaffold_77
		Skipping redundant alignment 2307884 2308079 | 46460 46263 | 196 198 | 97.98 | Ruminococcus_lactaris_gi_225001172_ref_NZ_ scaffold_77
		Skipping redundant alignment 1215468 1215661 | 46458 46263 | 194 196 | 97.45 | Ruminococcus_lactaris_gi_225001172_ref_NZ_ scaffold_77
		Skipping redundant alignment 1396497 1396690 | 46458 46263 | 194 196 | 97.45 | Ruminococcus_lactaris_gi_225001172_ref_NZ_ scaffold_77
		Skipping redundant alignment 497570 497764 | 46458 46263 | 195 196 | 95.94 | Ruminococcus_lactaris_gi_225001172_ref_NZ_ scaffold_77
			Skipping redundant alignments after choosing the best set of alignments
		Skipping redundant alignment 803444 803649 | 46260 46467 | 206 208 | 96.63 | Ruminococcus_lactaris_gi_225001172_ref_NZ_ scaffold_77
		Skipping redundant alignment 1228171 1228373 | 46256 46460 | 203 205 | 96.59 | Ruminococcus_lactaris_gi_225001172_ref_NZ_ scaffold_77
		Skipping redundant alignment 1388643 1388846 | 46459 46254 | 204 206 | 96.14 | Ruminococcus_lactaris_gi_225001172_ref_NZ_ scaffold_77
		Skipping redundant alignment 1947890 1948097 | 46465 46256 | 208 210 | 96.19 | Ruminococcus_lactaris_gi_225001172_ref_NZ_ scaffold_77
		This contig is partially unaligned. (Aligned 210 out of 98029 bases)
		Alignment: 3637 3842 | 46260 46467 | 206 208 | 95.69 | Ruminococcus_lactaris_gi_225001172_ref_NZ_ scaffold_77
		Unaligned bases: 1 to 46259 (46259)
		Unaligned bases: 46468 to 98029 (51562)

CONTIG: scaffold_98 (69354bp)
Top Length: 180  Top ID: 97.79
		Skipping redundant alignment 1857874 1858049 | 25293 25468 | 176 176 | 97.16 | Ruminococcus_lactaris_gi_225001172_ref_NZ_ scaffold_98
		Skipping redundant alignment 1846098 1846166 | 25293 25361 | 69 69 | 100.0 | Ruminococcus_lactaris_gi_225001172_ref_NZ_ scaffold_98
		Skipping redundant alignment 88979 89152 | 25295 25468 | 174 174 | 98.85 | Ruminococcus_lactaris_gi_225001172_ref_NZ_ scaffold_98
		Skipping redundant alignment 258640 258813 | 25468 25295 | 174 174 | 98.85 | Ruminococcus_lactaris_gi_225001172_ref_NZ_ scaffold_98
		Skipping redundant alignment 1947919 1948092 | 25468 25295 | 174 174 | 98.85 | Ruminococcus_lactaris_gi_225001172_ref_NZ_ scaffold_98
		Skipping redundant alignment 2681974 2682147 | 25295 25468 | 174 174 | 98.85 | Ruminococcus_lactaris_gi_225001172_ref_NZ_ scaffold_98
		Skipping redundant alignment 803445 803618 | 25295 25468 | 174 174 | 98.28 | Ruminococcus_lactaris_gi_225001172_ref_NZ_ scaffold_98
		Skipping redundant alignment 1228176 1228349 | 25295 25468 | 174 174 | 98.28 | Ruminococcus_lactaris_gi_225001172_ref_NZ_ scaffold_98
		Skipping redundant alignment 1502370 1502543 | 25468 25295 | 174 174 | 98.28 | Ruminococcus_lactaris_gi_225001172_ref_NZ_ scaffold_98
		Skipping redundant alignment 2677062 2677235 | 25468 25295 | 174 174 | 98.28 | Ruminococcus_lactaris_gi_225001172_ref_NZ_ scaffold_98
		Skipping redundant alignment 3638 3811 | 25295 25468 | 174 174 | 97.7 | Ruminococcus_lactaris_gi_225001172_ref_NZ_ scaffold_98
		Skipping redundant alignment 1309883 1310056 | 25295 25468 | 174 174 | 97.7 | Ruminococcus_lactaris_gi_225001172_ref_NZ_ scaffold_98
		Skipping redundant alignment 2197934 2198107 | 25468 25295 | 174 174 | 97.13 | Ruminococcus_lactaris_gi_225001172_ref_NZ_ scaffold_98
		Skipping redundant alignment 1879150 1879316 | 25295 25461 | 167 167 | 97.6 | Ruminococcus_lactaris_gi_225001172_ref_NZ_ scaffold_98
		Skipping redundant alignment 1875361 1875430 | 25364 25295 | 70 70 | 98.57 | Ruminococcus_lactaris_gi_225001172_ref_NZ_ scaffold_98
		Skipping redundant alignment 1388666 1388839 | 25468 25296 | 174 173 | 98.85 | Ruminococcus_lactaris_gi_225001172_ref_NZ_ scaffold_98
		Skipping redundant alignment 2702982 2703154 | 25296 25468 | 173 173 | 98.27 | Ruminococcus_lactaris_gi_225001172_ref_NZ_ scaffold_98
		Skipping redundant alignment 1396519 1396690 | 25468 25297 | 172 172 | 99.42 | Ruminococcus_lactaris_gi_225001172_ref_NZ_ scaffold_98
		Skipping redundant alignment 2307908 2308079 | 25468 25297 | 172 172 | 99.42 | Ruminococcus_lactaris_gi_225001172_ref_NZ_ scaffold_98
		Skipping redundant alignment 540429 540600 | 25297 25468 | 172 172 | 98.84 | Ruminococcus_lactaris_gi_225001172_ref_NZ_ scaffold_98
		Skipping redundant alignment 1215490 1215661 | 25468 25297 | 172 172 | 98.84 | Ruminococcus_lactaris_gi_225001172_ref_NZ_ scaffold_98
		Skipping redundant alignment 1798306 1798477 | 25468 25297 | 172 172 | 98.84 | Ruminococcus_lactaris_gi_225001172_ref_NZ_ scaffold_98
		Skipping redundant alignment 2127679 2127850 | 25468 25297 | 172 172 | 98.26 | Ruminococcus_lactaris_gi_225001172_ref_NZ_ scaffold_98
		Skipping redundant alignment 497592 497764 | 25468 25297 | 173 172 | 97.69 | Ruminococcus_lactaris_gi_225001172_ref_NZ_ scaffold_98
		Skipping redundant alignment 2208479 2208650 | 25468 25297 | 172 172 | 97.67 | Ruminococcus_lactaris_gi_225001172_ref_NZ_ scaffold_98
		Skipping redundant alignment 2440301 2440471 | 25297 25468 | 171 172 | 95.35 | Ruminococcus_lactaris_gi_225001172_ref_NZ_ scaffold_98
		Skipping redundant alignment 2707158 2707247 | 25386 25297 | 90 90 | 98.89 | Ruminococcus_lactaris_gi_225001172_ref_NZ_ scaffold_98
		Skipping redundant alignment 878624 878713 | 25386 25297 | 90 90 | 97.78 | Ruminococcus_lactaris_gi_225001172_ref_NZ_ scaffold_98
		Skipping redundant alignment 1927753 1927838 | 25468 25383 | 86 86 | 98.84 | Ruminococcus_lactaris_gi_225001172_ref_NZ_ scaffold_98
		Skipping redundant alignment 2102143 2102220 | 25389 25466 | 78 78 | 97.44 | Ruminococcus_lactaris_gi_225001172_ref_NZ_ scaffold_98
		This contig is partially unaligned. (Aligned 180 out of 69354 bases)
		Alignment: 1555835 1556015 | 25468 25289 | 181 180 | 97.79 | Ruminococcus_lactaris_gi_225001172_ref_NZ_ scaffold_98
		Unaligned bases: 1 to 25288 (25288)
		Unaligned bases: 25469 to 69354 (43886)

CONTIG: scaffold_104 (86592bp)
Top Length: 128  Top ID: 96.15
		Skipping redundant alignment 1502448 1502546 | 44940 44842 | 99 99 | 98.99 | Ruminococcus_lactaris_gi_225001172_ref_NZ_ scaffold_104
		Skipping redundant alignment 2677140 2677236 | 44940 44844 | 97 97 | 98.97 | Ruminococcus_lactaris_gi_225001172_ref_NZ_ scaffold_104
		Skipping redundant alignment 1803516 1803611 | 44939 44844 | 96 96 | 98.96 | Ruminococcus_lactaris_gi_225001172_ref_NZ_ scaffold_104
		Skipping redundant alignment 1875361 1875431 | 44914 44844 | 71 71 | 98.59 | Ruminococcus_lactaris_gi_225001172_ref_NZ_ scaffold_104
		Skipping redundant alignment 3638 3733 | 44845 44940 | 96 96 | 100.0 | Ruminococcus_lactaris_gi_225001172_ref_NZ_ scaffold_104
		Skipping redundant alignment 1947997 1948092 | 44940 44845 | 96 96 | 100.0 | Ruminococcus_lactaris_gi_225001172_ref_NZ_ scaffold_104
		Skipping redundant alignment 88979 89074 | 44845 44940 | 96 96 | 98.96 | Ruminococcus_lactaris_gi_225001172_ref_NZ_ scaffold_104
		Skipping redundant alignment 2681974 2682069 | 44845 44940 | 96 96 | 98.96 | Ruminococcus_lactaris_gi_225001172_ref_NZ_ scaffold_104
		Skipping redundant alignment 1857876 1857971 | 44845 44940 | 96 96 | 96.88 | Ruminococcus_lactaris_gi_225001172_ref_NZ_ scaffold_104
		Skipping redundant alignment 2461096 2461190 | 44939 44845 | 95 95 | 98.95 | Ruminococcus_lactaris_gi_225001172_ref_NZ_ scaffold_104
		Skipping redundant alignment 1879150 1879242 | 44845 44937 | 93 93 | 98.92 | Ruminococcus_lactaris_gi_225001172_ref_NZ_ scaffold_104
		Skipping redundant alignment 1846100 1846166 | 44845 44911 | 67 67 | 100.0 | Ruminococcus_lactaris_gi_225001172_ref_NZ_ scaffold_104
		Skipping redundant alignment 1388744 1388839 | 44940 44846 | 96 95 | 98.96 | Ruminococcus_lactaris_gi_225001172_ref_NZ_ scaffold_104
		Skipping redundant alignment 1215568 1215661 | 44940 44847 | 94 94 | 100.0 | Ruminococcus_lactaris_gi_225001172_ref_NZ_ scaffold_104
		Skipping redundant alignment 1396597 1396690 | 44940 44847 | 94 94 | 100.0 | Ruminococcus_lactaris_gi_225001172_ref_NZ_ scaffold_104
		Skipping redundant alignment 497671 497764 | 44940 44847 | 94 94 | 98.94 | Ruminococcus_lactaris_gi_225001172_ref_NZ_ scaffold_104
		Skipping redundant alignment 1555913 1556006 | 44940 44847 | 94 94 | 98.94 | Ruminococcus_lactaris_gi_225001172_ref_NZ_ scaffold_104
		Skipping redundant alignment 2707158 2707247 | 44936 44847 | 90 90 | 98.89 | Ruminococcus_lactaris_gi_225001172_ref_NZ_ scaffold_104
		Skipping redundant alignment 878624 878713 | 44936 44847 | 90 90 | 97.78 | Ruminococcus_lactaris_gi_225001172_ref_NZ_ scaffold_104
		Skipping redundant alignment 1388711 1388839 | 69727 69852 | 129 126 | 95.35 | Ruminococcus_lactaris_gi_225001172_ref_NZ_ scaffold_104
		Skipping redundant alignment 1396564 1396690 | 69727 69851 | 127 125 | 96.06 | Ruminococcus_lactaris_gi_225001172_ref_NZ_ scaffold_104
		Skipping redundant alignment 2307953 2308079 | 69727 69851 | 127 125 | 96.06 | Ruminococcus_lactaris_gi_225001172_ref_NZ_ scaffold_104
		Skipping redundant alignment 1215535 1215661 | 69727 69851 | 127 125 | 95.28 | Ruminococcus_lactaris_gi_225001172_ref_NZ_ scaffold_104
		Skipping redundant alignment 1798351 1798477 | 69727 69851 | 127 125 | 95.28 | Ruminococcus_lactaris_gi_225001172_ref_NZ_ scaffold_104
		Skipping redundant alignment 1803516 1803610 | 69759 69853 | 95 95 | 98.95 | Ruminococcus_lactaris_gi_225001172_ref_NZ_ scaffold_104
		Skipping redundant alignment 2707158 2707247 | 69762 69851 | 90 90 | 98.89 | Ruminococcus_lactaris_gi_225001172_ref_NZ_ scaffold_104
		Skipping redundant alignment 878624 878713 | 69762 69851 | 90 90 | 97.78 | Ruminococcus_lactaris_gi_225001172_ref_NZ_ scaffold_104
		Skipping redundant alignment 1029742 1029815 | 69855 69782 | 74 74 | 97.3 | Ruminococcus_lactaris_gi_225001172_ref_NZ_ scaffold_104
		Skipping redundant alignment 1875361 1875430 | 69784 69853 | 70 70 | 98.57 | Ruminococcus_lactaris_gi_225001172_ref_NZ_ scaffold_104
		Skipping redundant alignment 1846100 1846166 | 69853 69787 | 67 67 | 100.0 | Ruminococcus_lactaris_gi_225001172_ref_NZ_ scaffold_104
			Skipping redundant alignments after choosing the best set of alignments
		Skipping redundant alignment 3637 3766 | 69854 69727 | 130 128 | 95.38 | Ruminococcus_lactaris_gi_225001172_ref_NZ_ scaffold_104
		Skipping redundant alignment 88978 89107 | 69854 69727 | 130 128 | 95.38 | Ruminococcus_lactaris_gi_225001172_ref_NZ_ scaffold_104
		Skipping redundant alignment 1798384 1798485 | 44940 44839 | 102 102 | 98.04 | Ruminococcus_lactaris_gi_225001172_ref_NZ_ scaffold_104
		Skipping redundant alignment 1947964 1948093 | 69727 69854 | 130 128 | 96.15 | Ruminococcus_lactaris_gi_225001172_ref_NZ_ scaffold_104
		Skipping redundant alignment 2307986 2308086 | 44940 44840 | 101 101 | 99.01 | Ruminococcus_lactaris_gi_225001172_ref_NZ_ scaffold_104
		Skipping redundant alignment 2677107 2677235 | 69727 69853 | 129 127 | 95.35 | Ruminococcus_lactaris_gi_225001172_ref_NZ_ scaffold_104
		Skipping redundant alignment 2681973 2682102 | 69854 69727 | 130 128 | 95.38 | Ruminococcus_lactaris_gi_225001172_ref_NZ_ scaffold_104
		This contig is misassembled. 39 total aligns.
			Warning! This contig is more unaligned than misassembled. Contig length is 86592 and total length of all aligns is 228
		Alignment: 258718 258818 | 44940 44840 | 101 101 | 99.01 | Ruminococcus_lactaris_gi_225001172_ref_NZ_ scaffold_104
		Alignment: 258685 258813 | 69727 69853 | 129 127 | 95.35 | Ruminococcus_lactaris_gi_225001172_ref_NZ_ scaffold_104
		Unaligned bases: 86364
CONTIG: scaffold_109 (60706bp)
Top Length: 89  Top ID: 98.88
		Skipping redundant alignment 1029740 1029815 | 19635 19710 | 76 76 | 97.37 | Ruminococcus_lactaris_gi_225001172_ref_NZ_ scaffold_109
		Skipping redundant alignment 1875361 1875434 | 19708 19635 | 74 74 | 97.3 | Ruminococcus_lactaris_gi_225001172_ref_NZ_ scaffold_109
			Skipping redundant alignments after choosing the best set of alignments
		Skipping redundant alignment 1846088 1846166 | 19628 19705 | 79 78 | 96.2 | Ruminococcus_lactaris_gi_225001172_ref_NZ_ scaffold_109
		Skipping redundant alignment 2707159 2707247 | 19729 19641 | 89 89 | 98.88 | Ruminococcus_lactaris_gi_225001172_ref_NZ_ scaffold_109
		This contig is partially unaligned. (Aligned 89 out of 60706 bases)
		Alignment: 878625 878713 | 19729 19641 | 89 89 | 97.75 | Ruminococcus_lactaris_gi_225001172_ref_NZ_ scaffold_109
		Unaligned bases: 1 to 19640 (19640)
		Unaligned bases: 19730 to 60706 (40977)

CONTIG: scaffold_246 (81029bp)
Top Length: 73  Top ID: 97.3
		Skipping redundant alignment 1875366 1875434 | 14935 14867 | 69 69 | 98.55 | Ruminococcus_lactaris_gi_225001172_ref_NZ_ scaffold_246
		Skipping redundant alignment 1029740 1029806 | 14867 14933 | 67 67 | 100.0 | Ruminococcus_lactaris_gi_225001172_ref_NZ_ scaffold_246
		Skipping redundant alignment 1803545 1803610 | 14936 14871 | 66 66 | 100.0 | Ruminococcus_lactaris_gi_225001172_ref_NZ_ scaffold_246
		This contig is partially unaligned. (Aligned 73 out of 81029 bases)
		Alignment: 1846092 1846165 | 14864 14936 | 74 73 | 97.3 | Ruminococcus_lactaris_gi_225001172_ref_NZ_ scaffold_246
		Unaligned bases: 1 to 14863 (14863)
		Unaligned bases: 14937 to 81029 (66093)

CONTIG: scaffold_252 (39755bp)
Top Length: 130  Top ID: 98.46
		Skipping redundant alignment 1388711 1388839 | 4016 3889 | 129 128 | 97.67 | Ruminococcus_lactaris_gi_225001172_ref_NZ_ scaffold_252
		Skipping redundant alignment 1396564 1396690 | 4016 3890 | 127 127 | 98.43 | Ruminococcus_lactaris_gi_225001172_ref_NZ_ scaffold_252
		Skipping redundant alignment 1215535 1215661 | 4016 3890 | 127 127 | 97.64 | Ruminococcus_lactaris_gi_225001172_ref_NZ_ scaffold_252
		Skipping redundant alignment 497638 497764 | 4016 3890 | 127 127 | 96.85 | Ruminococcus_lactaris_gi_225001172_ref_NZ_ scaffold_252
		Skipping redundant alignment 1502345 1502411 | 4140 4074 | 67 67 | 100.0 | Ruminococcus_lactaris_gi_225001172_ref_NZ_ scaffold_252
		Skipping redundant alignment 803577 803642 | 4074 4139 | 66 66 | 100.0 | Ruminococcus_lactaris_gi_225001172_ref_NZ_ scaffold_252
		Skipping redundant alignment 1321670 1321735 | 4139 4074 | 66 66 | 100.0 | Ruminococcus_lactaris_gi_225001172_ref_NZ_ scaffold_252
		Skipping redundant alignment 2127655 2127720 | 4139 4074 | 66 66 | 100.0 | Ruminococcus_lactaris_gi_225001172_ref_NZ_ scaffold_252
		Skipping redundant alignment 2208455 2208520 | 4139 4074 | 66 66 | 100.0 | Ruminococcus_lactaris_gi_225001172_ref_NZ_ scaffold_252
			Skipping redundant alignments after choosing the best set of alignments
		Skipping redundant alignment 2197979 2198108 | 4016 3887 | 130 130 | 98.46 | Ruminococcus_lactaris_gi_225001172_ref_NZ_ scaffold_252
		This contig is misassembled. 12 total aligns.
			Warning! This contig is more unaligned than misassembled. Contig length is 39755 and total length of all aligns is 202
		Alignment: 3638 3766 | 3888 4016 | 129 129 | 97.67 | Ruminococcus_lactaris_gi_225001172_ref_NZ_ scaffold_252
		Alignment: 1927722 1927794 | 4146 4074 | 73 73 | 97.26 | Ruminococcus_lactaris_gi_225001172_ref_NZ_ scaffold_252
		Unaligned bases: 39553
CONTIG: scaffold_305 (25104bp)
Top Length: 112  Top ID: 97.32
		Skipping redundant alignment 1947995 1948098 | 24204 24307 | 104 104 | 100.0 | Ruminococcus_lactaris_gi_225001172_ref_NZ_ scaffold_305
		Skipping redundant alignment 1798382 1798485 | 24204 24307 | 104 104 | 98.08 | Ruminococcus_lactaris_gi_225001172_ref_NZ_ scaffold_305
		Skipping redundant alignment 1879143 1879247 | 24307 24204 | 105 104 | 97.14 | Ruminococcus_lactaris_gi_225001172_ref_NZ_ scaffold_305
		Skipping redundant alignment 1388742 1388844 | 24204 24306 | 103 103 | 98.08 | Ruminococcus_lactaris_gi_225001172_ref_NZ_ scaffold_305
		Skipping redundant alignment 803441 803542 | 24305 24204 | 102 102 | 98.04 | Ruminococcus_lactaris_gi_225001172_ref_NZ_ scaffold_305
		Skipping redundant alignment 3635 3735 | 24304 24204 | 101 101 | 100.0 | Ruminococcus_lactaris_gi_225001172_ref_NZ_ scaffold_305
		Skipping redundant alignment 258716 258813 | 24204 24301 | 98 98 | 98.98 | Ruminococcus_lactaris_gi_225001172_ref_NZ_ scaffold_305
		Skipping redundant alignment 1502446 1502543 | 24204 24301 | 98 98 | 98.98 | Ruminococcus_lactaris_gi_225001172_ref_NZ_ scaffold_305
		Skipping redundant alignment 2677138 2677235 | 24204 24301 | 98 98 | 98.98 | Ruminococcus_lactaris_gi_225001172_ref_NZ_ scaffold_305
		Skipping redundant alignment 1857876 1857973 | 24301 24204 | 98 98 | 96.94 | Ruminococcus_lactaris_gi_225001172_ref_NZ_ scaffold_305
		Skipping redundant alignment 1215566 1215661 | 24204 24299 | 96 96 | 100.0 | Ruminococcus_lactaris_gi_225001172_ref_NZ_ scaffold_305
		Skipping redundant alignment 1396595 1396690 | 24204 24299 | 96 96 | 100.0 | Ruminococcus_lactaris_gi_225001172_ref_NZ_ scaffold_305
		Skipping redundant alignment 2307984 2308079 | 24204 24299 | 96 96 | 100.0 | Ruminococcus_lactaris_gi_225001172_ref_NZ_ scaffold_305
		Skipping redundant alignment 497669 497764 | 24204 24299 | 96 96 | 98.96 | Ruminococcus_lactaris_gi_225001172_ref_NZ_ scaffold_305
		Skipping redundant alignment 1555911 1556006 | 24204 24299 | 96 96 | 98.96 | Ruminococcus_lactaris_gi_225001172_ref_NZ_ scaffold_305
		Skipping redundant alignment 2461096 2461191 | 24207 24302 | 96 96 | 98.96 | Ruminococcus_lactaris_gi_225001172_ref_NZ_ scaffold_305
		Skipping redundant alignment 1803516 1803610 | 24207 24301 | 95 95 | 98.95 | Ruminococcus_lactaris_gi_225001172_ref_NZ_ scaffold_305
		Skipping redundant alignment 2707158 2707247 | 24210 24299 | 90 90 | 98.89 | Ruminococcus_lactaris_gi_225001172_ref_NZ_ scaffold_305
		Skipping redundant alignment 878624 878713 | 24210 24299 | 90 90 | 97.78 | Ruminococcus_lactaris_gi_225001172_ref_NZ_ scaffold_305
		Skipping redundant alignment 1480964 1481048 | 24224 24308 | 85 85 | 96.47 | Ruminococcus_lactaris_gi_225001172_ref_NZ_ scaffold_305
		Skipping redundant alignment 1875361 1875430 | 24232 24301 | 70 70 | 98.57 | Ruminococcus_lactaris_gi_225001172_ref_NZ_ scaffold_305
		Skipping redundant alignment 1846100 1846166 | 24301 24235 | 67 67 | 100.0 | Ruminococcus_lactaris_gi_225001172_ref_NZ_ scaffold_305
			Skipping redundant alignments after choosing the best set of alignments
		Skipping redundant alignment 2681962 2682071 | 24315 24204 | 110 112 | 97.32 | Ruminococcus_lactaris_gi_225001172_ref_NZ_ scaffold_305
		This contig is partially unaligned. (Aligned 112 out of 25104 bases)
		Alignment: 88967 89076 | 24315 24204 | 110 112 | 97.32 | Ruminococcus_lactaris_gi_225001172_ref_NZ_ scaffold_305
		Unaligned bases: 1 to 24203 (24203)
		Unaligned bases: 24316 to 25104 (789)

CONTIG: scaffold_334 (39312bp)
Top Length: 204  Top ID: 96.14
		Skipping redundant alignment 2307883 2308084 | 12641 12839 | 202 199 | 97.03 | Ruminococcus_lactaris_gi_225001172_ref_NZ_ scaffold_334
		Skipping redundant alignment 1947895 1948092 | 12642 12836 | 198 195 | 97.47 | Ruminococcus_lactaris_gi_225001172_ref_NZ_ scaffold_334
		Skipping redundant alignment 1798285 1798481 | 12645 12838 | 197 194 | 96.95 | Ruminococcus_lactaris_gi_225001172_ref_NZ_ scaffold_334
		Skipping redundant alignment 2677041 2677236 | 12645 12837 | 196 193 | 96.43 | Ruminococcus_lactaris_gi_225001172_ref_NZ_ scaffold_334
		Skipping redundant alignment 2681974 2682168 | 12836 12645 | 195 192 | 96.92 | Ruminococcus_lactaris_gi_225001172_ref_NZ_ scaffold_334
		Skipping redundant alignment 3638 3832 | 12836 12645 | 195 192 | 96.41 | Ruminococcus_lactaris_gi_225001172_ref_NZ_ scaffold_334
		Skipping redundant alignment 1857876 1858071 | 12836 12645 | 196 192 | 95.41 | Ruminococcus_lactaris_gi_225001172_ref_NZ_ scaffold_334
		Skipping redundant alignment 1388645 1388839 | 12645 12835 | 195 191 | 96.92 | Ruminococcus_lactaris_gi_225001172_ref_NZ_ scaffold_334
		Skipping redundant alignment 1215469 1215661 | 12645 12834 | 193 190 | 97.41 | Ruminococcus_lactaris_gi_225001172_ref_NZ_ scaffold_334
		Skipping redundant alignment 1396498 1396690 | 12645 12834 | 193 190 | 97.41 | Ruminococcus_lactaris_gi_225001172_ref_NZ_ scaffold_334
		Skipping redundant alignment 497571 497764 | 12645 12834 | 194 190 | 95.88 | Ruminococcus_lactaris_gi_225001172_ref_NZ_ scaffold_334
		Skipping redundant alignment 88979 89171 | 12836 12647 | 193 190 | 96.89 | Ruminococcus_lactaris_gi_225001172_ref_NZ_ scaffold_334
		Skipping redundant alignment 1555820 1556014 | 12651 12842 | 195 192 | 95.9 | Ruminococcus_lactaris_gi_225001172_ref_NZ_ scaffold_334
		Skipping redundant alignment 1879150 1879318 | 12836 12671 | 169 166 | 95.86 | Ruminococcus_lactaris_gi_225001172_ref_NZ_ scaffold_334
		Skipping redundant alignment 2707158 2707247 | 12745 12834 | 90 90 | 98.89 | Ruminococcus_lactaris_gi_225001172_ref_NZ_ scaffold_334
		Skipping redundant alignment 878624 878713 | 12745 12834 | 90 90 | 97.78 | Ruminococcus_lactaris_gi_225001172_ref_NZ_ scaffold_334
		Skipping redundant alignment 1875361 1875431 | 12767 12837 | 71 71 | 98.59 | Ruminococcus_lactaris_gi_225001172_ref_NZ_ scaffold_334
		Skipping redundant alignment 1846100 1846166 | 12836 12770 | 67 67 | 100.0 | Ruminococcus_lactaris_gi_225001172_ref_NZ_ scaffold_334
			Skipping redundant alignments after choosing the best set of alignments
		Skipping redundant alignment 1502341 1502546 | 12636 12839 | 206 204 | 96.14 | Ruminococcus_lactaris_gi_225001172_ref_NZ_ scaffold_334
		This contig is partially unaligned. (Aligned 204 out of 39312 bases)
		Alignment: 258611 258816 | 12636 12839 | 206 204 | 96.14 | Ruminococcus_lactaris_gi_225001172_ref_NZ_ scaffold_334
		Unaligned bases: 1 to 12635 (12635)
		Unaligned bases: 12840 to 39312 (26473)

CONTIG: scaffold_439 (29169bp)
Top Length: 125  Top ID: 99.2
		This contig is partially unaligned. (Aligned 125 out of 29169 bases)
		Alignment: 1212496 1212620 | 24206 24330 | 125 125 | 99.2 | Ruminococcus_lactaris_gi_225001172_ref_NZ_ scaffold_439
		Unaligned bases: 1 to 24205 (24205)
		Unaligned bases: 24331 to 29169 (4839)

CONTIG: scaffold_580 (25068bp)
Top Length: 204  Top ID: 95.59
		Skipping redundant alignment 1798281 1798477 | 5300 5497 | 197 198 | 96.46 | Ruminococcus_lactaris_gi_225001172_ref_NZ_ scaffold_580
		Skipping redundant alignment 2307884 2308079 | 5301 5497 | 196 197 | 96.95 | Ruminococcus_lactaris_gi_225001172_ref_NZ_ scaffold_580
		Skipping redundant alignment 1388643 1388839 | 5302 5498 | 197 197 | 95.96 | Ruminococcus_lactaris_gi_225001172_ref_NZ_ scaffold_580
			Skipping redundant alignments after choosing the best set of alignments
		Skipping redundant alignment 1228171 1228373 | 5504 5301 | 203 204 | 95.59 | Ruminococcus_lactaris_gi_225001172_ref_NZ_ scaffold_580
		Skipping redundant alignment 1396488 1396690 | 5295 5497 | 203 203 | 95.59 | Ruminococcus_lactaris_gi_225001172_ref_NZ_ scaffold_580
		This contig is partially unaligned. (Aligned 204 out of 25068 bases)
		Alignment: 1215459 1215661 | 5295 5497 | 203 203 | 95.59 | Ruminococcus_lactaris_gi_225001172_ref_NZ_ scaffold_580
		Unaligned bases: 1 to 5294 (5294)
		Unaligned bases: 5498 to 25068 (19571)

CONTIG: scaffold_739 (11365bp)
Top Length: 6867  Top ID: 95.88
		This contig is misassembled. 4 total aligns.
			Real Alignment 1: 1733544 1734884 | 1 1340 | 1341 1340 | 96.05 | Ruminococcus_lactaris_gi_225001172_ref_NZ_ scaffold_739
			  Gap between these two alignments (local misassembly). Inconsistency = 905 
			Real Alignment 2: 1735817 1737133 | 1368 2684 | 1317 1317 | 95.75 | Ruminococcus_lactaris_gi_225001172_ref_NZ_ scaffold_739
			  Gap between these two alignments (local misassembly). Inconsistency = 769 
			Real Alignment 3: 1737904 1739708 | 2686 4494 | 1805 1809 | 97.18 | Ruminococcus_lactaris_gi_225001172_ref_NZ_ scaffold_739
			  Gap between these two alignments (local misassembly). Inconsistency = 685 
			Real Alignment 4: 1740398 1747260 | 4499 11365 | 6863 6867 | 95.88 | Ruminococcus_lactaris_gi_225001172_ref_NZ_ scaffold_739

CONTIG: scaffold_1084 (10328bp)
Top Length: 100  Top ID: 98.0
		This contig is partially unaligned. (Aligned 100 out of 10328 bases)
		Alignment: 2525934 2526033 | 7336 7435 | 100 100 | 98.0 | Ruminococcus_lactaris_gi_225001172_ref_NZ_ scaffold_1084
		Unaligned bases: 1 to 7335 (7335)
		Unaligned bases: 7436 to 10328 (2893)

CONTIG: scaffold_1168 (10604bp)
Top Length: 81  Top ID: 96.34
		Skipping redundant alignment 2461116 2461194 | 8750 8671 | 79 80 | 97.5 | Ruminococcus_lactaris_gi_225001172_ref_NZ_ scaffold_1168
		Skipping redundant alignment 2707175 2707252 | 8750 8673 | 78 78 | 98.72 | Ruminococcus_lactaris_gi_225001172_ref_NZ_ scaffold_1168
		Skipping redundant alignment 1846099 1846166 | 8675 8742 | 68 68 | 100.0 | Ruminococcus_lactaris_gi_225001172_ref_NZ_ scaffold_1168
		Skipping redundant alignment 1857875 1857942 | 8675 8742 | 68 68 | 100.0 | Ruminococcus_lactaris_gi_225001172_ref_NZ_ scaffold_1168
		Skipping redundant alignment 3638 3712 | 8676 8750 | 75 75 | 100.0 | Ruminococcus_lactaris_gi_225001172_ref_NZ_ scaffold_1168
		Skipping redundant alignment 1803536 1803610 | 8750 8676 | 75 75 | 100.0 | Ruminococcus_lactaris_gi_225001172_ref_NZ_ scaffold_1168
		Skipping redundant alignment 1948018 1948092 | 8750 8676 | 75 75 | 100.0 | Ruminococcus_lactaris_gi_225001172_ref_NZ_ scaffold_1168
		Skipping redundant alignment 258739 258813 | 8750 8676 | 75 75 | 98.67 | Ruminococcus_lactaris_gi_225001172_ref_NZ_ scaffold_1168
		Skipping redundant alignment 1502469 1502543 | 8750 8676 | 75 75 | 98.67 | Ruminococcus_lactaris_gi_225001172_ref_NZ_ scaffold_1168
		Skipping redundant alignment 2677161 2677235 | 8750 8676 | 75 75 | 98.67 | Ruminococcus_lactaris_gi_225001172_ref_NZ_ scaffold_1168
		Skipping redundant alignment 1875361 1875430 | 8745 8676 | 70 70 | 98.57 | Ruminococcus_lactaris_gi_225001172_ref_NZ_ scaffold_1168
		Skipping redundant alignment 1215589 1215661 | 8750 8678 | 73 73 | 100.0 | Ruminococcus_lactaris_gi_225001172_ref_NZ_ scaffold_1168
		Skipping redundant alignment 1396618 1396690 | 8750 8678 | 73 73 | 100.0 | Ruminococcus_lactaris_gi_225001172_ref_NZ_ scaffold_1168
		Skipping redundant alignment 1798405 1798477 | 8750 8678 | 73 73 | 100.0 | Ruminococcus_lactaris_gi_225001172_ref_NZ_ scaffold_1168
		Skipping redundant alignment 2308007 2308079 | 8750 8678 | 73 73 | 100.0 | Ruminococcus_lactaris_gi_225001172_ref_NZ_ scaffold_1168
		This contig is partially unaligned. (Aligned 81 out of 10604 bases)
		Alignment: 1555934 1556014 | 8750 8670 | 81 81 | 96.34 | Ruminococcus_lactaris_gi_225001172_ref_NZ_ scaffold_1168
		Unaligned bases: 1 to 8669 (8669)
		Unaligned bases: 8751 to 10604 (1854)

CONTIG: scaffold_1232 (6572bp)
Top Length: 1762  Top ID: 96.77
		This contig is partially unaligned. (Aligned 1762 out of 6572 bases)
		Alignment: 2338088 2339847 | 1409 3170 | 1760 1762 | 96.77 | Ruminococcus_lactaris_gi_225001172_ref_NZ_ scaffold_1232
		Unaligned bases: 1 to 1408 (1408)
		Unaligned bases: 3171 to 6572 (3402)
		This contig has both significant aligned and unaligned parts (of length >= min-contig)! It can contain interspecies translocations

CONTIG: scaffold_1524 (5381bp)
Top Length: 80  Top ID: 100.0
		This contig is misassembled. 2 total aligns.
			Warning! This contig is more unaligned than misassembled. Contig length is 5381 and total length of all aligns is 158
		Alignment: 1267870 1267947 | 4809 4886 | 78 78 | 98.72 | Ruminococcus_lactaris_gi_225001172_ref_NZ_ scaffold_1524
		Alignment: 2632187 2632266 | 5082 5003 | 80 80 | 100.0 | Ruminococcus_lactaris_gi_225001172_ref_NZ_ scaffold_1524
		Unaligned bases: 5223
CONTIG: scaffold_2249 (3837bp)
Top Length: 3837  Top ID: 99.61
		One align captures most of this contig: 651101 654937 | 1 3837 | 3837 3837 | 99.61 | Ruminococcus_lactaris_gi_225001172_ref_NZ_ scaffold_2249

CONTIG: scaffold_2381 (4644bp)
Top Length: 80  Top ID: 100.0
		This contig is partially unaligned. (Aligned 80 out of 4644 bases)
		Alignment: 2632187 2632266 | 4584 4505 | 80 80 | 100.0 | Ruminococcus_lactaris_gi_225001172_ref_NZ_ scaffold_2381
		Unaligned bases: 1 to 4504 (4504)
		Unaligned bases: 4585 to 4644 (60)

CONTIG: scaffold_3603 (3364bp)
Top Length: 754  Top ID: 96.96
			Skipping redundant alignments after choosing the best set of alignments
		Skipping redundant alignment 234429 235154 | 558 1284 | 726 727 | 95.46 | Ruminococcus_lactaris_gi_225001172_ref_NZ_ scaffold_3603
		This contig is misassembled. 3 total aligns.
			Warning! This contig is more unaligned than misassembled. Contig length is 3364 and total length of all aligns is 1150
		Alignment: 644474 644875 | 166 567 | 402 402 | 95.02 | Ruminococcus_lactaris_gi_225001172_ref_NZ_ scaffold_3603
		Alignment: 645460 646214 | 562 1315 | 755 754 | 96.96 | Ruminococcus_lactaris_gi_225001172_ref_NZ_ scaffold_3603
		Unaligned bases: 2214
		This contig has both significant aligned and unaligned parts (of length >= min-contig)! It can contain interspecies translocations
CONTIG: scaffold_3638 (2689bp)
Top Length: 1458  Top ID: 95.4
		This contig is partially unaligned. (Aligned 1458 out of 2689 bases)
		Alignment: 2010377 2011834 | 2588 1131 | 1458 1458 | 95.4 | Ruminococcus_lactaris_gi_225001172_ref_NZ_ scaffold_3638
		Unaligned bases: 1 to 1130 (1130)
		Unaligned bases: 2589 to 2689 (101)
		This contig has both significant aligned and unaligned parts (of length >= min-contig)! It can contain interspecies translocations

CONTIG: scaffold_3780 (3178bp)
Top Length: 114  Top ID: 96.49
		This contig is partially unaligned. (Aligned 114 out of 3178 bases)
		Alignment: 496334 496447 | 1 114 | 114 114 | 96.49 | Ruminococcus_lactaris_gi_225001172_ref_NZ_ scaffold_3780
		Unaligned bases: 115 to 3178 (3064)

CONTIG: scaffold_3931 (2827bp)
Top Length: 2827  Top ID: 95.97
		One align captures most of this contig: 2367523 2370347 | 2827 1 | 2825 2827 | 95.97 | Ruminococcus_lactaris_gi_225001172_ref_NZ_ scaffold_3931

CONTIG: scaffold_4597 (2271bp)
Top Length: 1649  Top ID: 95.27
		This contig is partially unaligned. (Aligned 1649 out of 2271 bases)
		Alignment: 1747170 1748818 | 1 1649 | 1649 1649 | 95.27 | Ruminococcus_lactaris_gi_225001172_ref_NZ_ scaffold_4597
		Unaligned bases: 1650 to 2271 (622)
		This contig has both significant aligned and unaligned parts (of length >= min-contig)! It can contain interspecies translocations

CONTIG: scaffold_5063 (2112bp)
Top Length: 513  Top ID: 98.64
		This contig is partially unaligned. (Aligned 513 out of 2112 bases)
		Alignment: 2420804 2421316 | 1600 2112 | 513 513 | 98.64 | Ruminococcus_lactaris_gi_225001172_ref_NZ_ scaffold_5063
		Unaligned bases: 1 to 1599 (1599)
		This contig has both significant aligned and unaligned parts (of length >= min-contig)! It can contain interspecies translocations

CONTIG: scaffold_5732 (1942bp)
Top Length: 1833  Top ID: 99.45
		Skipping redundant alignment 2192382 2192738 | 89 445 | 357 357 | 100.0 | Ruminococcus_lactaris_gi_225001172_ref_NZ_ scaffold_5732
			Skipping redundant alignments after choosing the best set of alignments
		Skipping redundant alignment 1529396 1531228 | 87 1918 | 1833 1832 | 99.4 | Ruminococcus_lactaris_gi_225001172_ref_NZ_ scaffold_5732
		Skipping redundant alignment 1536891 1538724 | 86 1918 | 1834 1833 | 99.45 | Ruminococcus_lactaris_gi_225001172_ref_NZ_ scaffold_5732
		Skipping redundant alignment 1709388 1711208 | 1907 87 | 1821 1821 | 99.56 | Ruminococcus_lactaris_gi_225001172_ref_NZ_ scaffold_5732
		Skipping redundant alignment 2352682 2354500 | 89 1907 | 1819 1819 | 99.62 | Ruminococcus_lactaris_gi_225001172_ref_NZ_ scaffold_5732
		This contig is partially unaligned. (Aligned 1833 out of 1942 bases)
		Alignment: 1278375 1280205 | 88 1918 | 1831 1831 | 99.51 | Ruminococcus_lactaris_gi_225001172_ref_NZ_ scaffold_5732
		Unaligned bases: 1 to 87 (87)
		Unaligned bases: 1919 to 1942 (24)

CONTIG: scaffold_5805 (1927bp)
Top Length: 165  Top ID: 98.18
		This contig is partially unaligned. (Aligned 165 out of 1927 bases)
		Alignment: 2608046 2608210 | 952 1116 | 165 165 | 98.18 | Ruminococcus_lactaris_gi_225001172_ref_NZ_ scaffold_5805
		Unaligned bases: 1 to 951 (951)
		Unaligned bases: 1117 to 1927 (811)

CONTIG: scaffold_6769 (2162bp)
Top Length: 1271  Top ID: 96.77
		This contig is partially unaligned. (Aligned 1271 out of 2162 bases)
		Alignment: 2116960 2118230 | 180 1450 | 1271 1271 | 96.77 | Ruminococcus_lactaris_gi_225001172_ref_NZ_ scaffold_6769
		Unaligned bases: 1 to 179 (179)
		Unaligned bases: 1451 to 2162 (712)
		This contig has both significant aligned and unaligned parts (of length >= min-contig)! It can contain interspecies translocations

CONTIG: scaffold_6915 (2697bp)
Top Length: 2697  Top ID: 99.52
		One align captures most of this contig: 39248 41934 | 1 2697 | 2687 2697 | 99.52 | Ruminococcus_lactaris_gi_225001172_ref_NZ_ scaffold_6915

CONTIG: scaffold_7365 (3281bp)
Top Length: 2716  Top ID: 95.47
		This contig is partially unaligned. (Aligned 2716 out of 3281 bases)
		Alignment: 2370601 2373313 | 2716 1 | 2713 2716 | 95.47 | Ruminococcus_lactaris_gi_225001172_ref_NZ_ scaffold_7365
		Unaligned bases: 2717 to 3281 (565)
		This contig has both significant aligned and unaligned parts (of length >= min-contig)! It can contain interspecies translocations

CONTIG: scaffold_7845 (1810bp)
Top Length: 478  Top ID: 95.23
		Skipping redundant alignment 564563 565017 | 454 1 | 455 454 | 96.28 | Ruminococcus_lactaris_gi_225001172_ref_NZ_ scaffold_7845
		Skipping redundant alignment 569743 570197 | 454 1 | 455 454 | 96.28 | Ruminococcus_lactaris_gi_225001172_ref_NZ_ scaffold_7845
		This contig is partially unaligned. (Aligned 478 out of 1810 bases)
		Alignment: 1271716 1272194 | 478 1 | 479 478 | 95.23 | Ruminococcus_lactaris_gi_225001172_ref_NZ_ scaffold_7845
		Unaligned bases: 479 to 1810 (1332)

CONTIG: scaffold_8261 (1505bp)
Top Length: 1505  Top ID: 98.01
		One align captures most of this contig: 1756934 1758438 | 1 1505 | 1505 1505 | 98.01 | Ruminococcus_lactaris_gi_225001172_ref_NZ_ scaffold_8261

CONTIG: scaffold_8911 (2449bp)
Top Length: 1242  Top ID: 96.54
		This contig is partially unaligned. (Aligned 1242 out of 2449 bases)
		Alignment: 643453 644694 | 181 1422 | 1242 1242 | 96.54 | Ruminococcus_lactaris_gi_225001172_ref_NZ_ scaffold_8911
		Unaligned bases: 1 to 180 (180)
		Unaligned bases: 1423 to 2449 (1027)
		This contig has both significant aligned and unaligned parts (of length >= min-contig)! It can contain interspecies translocations

CONTIG: scaffold_8937 (1418bp)
Top Length: 83  Top ID: 96.39
		Skipping redundant alignment 1267315 1267389 | 985 911 | 75 75 | 98.67 | Ruminococcus_lactaris_gi_225001172_ref_NZ_ scaffold_8937
		This contig is partially unaligned. (Aligned 83 out of 1418 bases)
		Alignment: 2711280 2711362 | 901 983 | 83 83 | 96.39 | Ruminococcus_lactaris_gi_225001172_ref_NZ_ scaffold_8937
		Unaligned bases: 1 to 900 (900)
		Unaligned bases: 984 to 1418 (435)

CONTIG: scaffold_9727 (1331bp)
Top Length: 1331  Top ID: 100.0
		One align captures most of this contig: 37791 39121 | 1 1331 | 1331 1331 | 100.0 | Ruminococcus_lactaris_gi_225001172_ref_NZ_ scaffold_9727

CONTIG: scaffold_10242 (1278bp)
Top Length: 1278  Top ID: 99.06
		One align captures most of this contig: 54280 55557 | 1 1278 | 1278 1278 | 99.06 | Ruminococcus_lactaris_gi_225001172_ref_NZ_ scaffold_10242

CONTIG: scaffold_10392 (1264bp)
Top Length: 1050  Top ID: 96.19
		This contig is partially unaligned. (Aligned 1050 out of 1264 bases)
		Alignment: 2115746 2116795 | 1050 1 | 1050 1050 | 96.19 | Ruminococcus_lactaris_gi_225001172_ref_NZ_ scaffold_10392
		Unaligned bases: 1051 to 1264 (214)

CONTIG: scaffold_10503 (1251bp)
Top Length: 101  Top ID: 97.06
		This contig is partially unaligned. (Aligned 101 out of 1251 bases)
		Alignment: 77975 78075 | 1151 1251 | 101 101 | 97.06 | Ruminococcus_lactaris_gi_225001172_ref_NZ_ scaffold_10503
		Unaligned bases: 1 to 1150 (1150)

CONTIG: scaffold_10610 (1241bp)
Top Length: 984  Top ID: 95.54
		Skipping redundant alignment 245747 246647 | 1241 330 | 901 912 | 95.4 | Ruminococcus_lactaris_gi_225001172_ref_NZ_ scaffold_10610
		Skipping redundant alignment 562162 562975 | 1241 428 | 814 814 | 97.18 | Ruminococcus_lactaris_gi_225001172_ref_NZ_ scaffold_10610
		Skipping redundant alignment 2628606 2629420 | 428 1241 | 815 814 | 97.06 | Ruminococcus_lactaris_gi_225001172_ref_NZ_ scaffold_10610
			Skipping redundant alignments after choosing the best set of alignments
		Skipping redundant alignment 1270382 1271355 | 1241 258 | 974 984 | 95.54 | Ruminococcus_lactaris_gi_225001172_ref_NZ_ scaffold_10610
		This contig is partially unaligned. (Aligned 984 out of 1241 bases)
		Alignment: 568301 569274 | 1241 258 | 974 984 | 95.54 | Ruminococcus_lactaris_gi_225001172_ref_NZ_ scaffold_10610
		Unaligned bases: 1 to 257 (257)

CONTIG: scaffold_10968 (1212bp)
Top Length: 221  Top ID: 95.48
		This contig is partially unaligned. (Aligned 221 out of 1212 bases)
		Alignment: 1632711 1632931 | 221 1 | 221 221 | 95.48 | Ruminococcus_lactaris_gi_225001172_ref_NZ_ scaffold_10968
		Unaligned bases: 222 to 1212 (991)

CONTIG: scaffold_11091 (1203bp)
Top Length: 1190  Top ID: 98.32
		This contig is partially unaligned. (Aligned 1190 out of 1203 bases)
		Alignment: 58208 59397 | 1190 1 | 1190 1190 | 98.32 | Ruminococcus_lactaris_gi_225001172_ref_NZ_ scaffold_11091
		Unaligned bases: 1191 to 1203 (13)

CONTIG: scaffold_11635 (1158bp)
Top Length: 1158  Top ID: 99.48
		One align captures most of this contig: 1544723 1545880 | 1 1158 | 1158 1158 | 99.48 | Ruminococcus_lactaris_gi_225001172_ref_NZ_ scaffold_11635

CONTIG: scaffold_12652 (1084bp)
Top Length: 1084  Top ID: 99.35
		One align captures most of this contig: 53303 54387 | 1084 1 | 1085 1084 | 99.35 | Ruminococcus_lactaris_gi_225001172_ref_NZ_ scaffold_12652

CONTIG: scaffold_12654 (1084bp)
Top Length: 585  Top ID: 95.74
		Skipping redundant alignment 246673 246968 | 789 490 | 296 300 | 95.33 | Ruminococcus_lactaris_gi_225001172_ref_NZ_ scaffold_12654
		This contig is partially unaligned. (Aligned 585 out of 1084 bases)
		Alignment: 570925 571507 | 1084 500 | 583 585 | 95.74 | Ruminococcus_lactaris_gi_225001172_ref_NZ_ scaffold_12654
		Unaligned bases: 1 to 499 (499)

CONTIG: scaffold_12658 (1083bp)
Top Length: 178  Top ID: 98.31
		This contig is partially unaligned. (Aligned 178 out of 1083 bases)
		Alignment: 149196 149373 | 375 198 | 178 178 | 98.31 | Ruminococcus_lactaris_gi_225001172_ref_NZ_ scaffold_12658
		Unaligned bases: 1 to 197 (197)
		Unaligned bases: 376 to 1083 (708)

CONTIG: scaffold_12775 (2853bp)
Top Length: 1813  Top ID: 95.81
		This contig is partially unaligned. (Aligned 1813 out of 2853 bases)
		Alignment: 928579 930387 | 1 1813 | 1809 1813 | 95.81 | Ruminococcus_lactaris_gi_225001172_ref_NZ_ scaffold_12775
		Unaligned bases: 1814 to 2853 (1040)
		This contig has both significant aligned and unaligned parts (of length >= min-contig)! It can contain interspecies translocations

CONTIG: scaffold_13009 (1059bp)
Top Length: 261  Top ID: 99.62
		This contig is partially unaligned. (Aligned 261 out of 1059 bases)
		Alignment: 1997553 1997813 | 261 1 | 261 261 | 99.62 | Ruminococcus_lactaris_gi_225001172_ref_NZ_ scaffold_13009
		Unaligned bases: 262 to 1059 (798)

CONTIG: scaffold_13038 (1057bp)
Top Length: 295  Top ID: 96.95
		This contig is partially unaligned. (Aligned 295 out of 1057 bases)
		Alignment: 928354 928648 | 295 1 | 295 295 | 96.95 | Ruminococcus_lactaris_gi_225001172_ref_NZ_ scaffold_13038
		Unaligned bases: 296 to 1057 (762)

CONTIG: scaffold_13156 (1050bp)
Top Length: 762  Top ID: 98.29
		Skipping redundant alignment 1695525 1695861 | 212 548 | 337 337 | 97.92 | Ruminococcus_lactaris_gi_225001172_ref_NZ_ scaffold_13156
		Skipping redundant alignment 450432 450821 | 604 214 | 390 391 | 95.66 | Ruminococcus_lactaris_gi_225001172_ref_NZ_ scaffold_13156
		Skipping redundant alignment 620710 621103 | 215 609 | 394 395 | 95.95 | Ruminococcus_lactaris_gi_225001172_ref_NZ_ scaffold_13156
		Skipping redundant alignment 497765 497878 | 604 491 | 114 114 | 99.12 | Ruminococcus_lactaris_gi_225001172_ref_NZ_ scaffold_13156
		Skipping redundant alignment 1224527 1224885 | 976 618 | 359 359 | 98.33 | Ruminococcus_lactaris_gi_225001172_ref_NZ_ scaffold_13156
		Skipping redundant alignment 1695865 1696143 | 698 977 | 279 280 | 97.14 | Ruminococcus_lactaris_gi_225001172_ref_NZ_ scaffold_13156
			Skipping redundant alignments after choosing the best set of alignments
		Skipping redundant alignment 18563 19323 | 978 215 | 761 764 | 95.03 | Ruminococcus_lactaris_gi_225001172_ref_NZ_ scaffold_13156
		This contig is misassembled. 9 total aligns.
			Excluding internal overlap of size 379 between Alignment 1 and 2:  1215014 1215467 | 1050 598 | 454 453 --> 1215014 1215088 | 1050 977 | 75 74
			Real Alignment 1: 618309 619070 | 976 215 | 762 762 | 98.29 | Ruminococcus_lactaris_gi_225001172_ref_NZ_ scaffold_13156
			  Extensive misassembly ( relocation, inconsistency = -596780 ) between these two alignments
			Real Alignment 2: 1215014 1215088 | 1050 977 | 75 74 | 97.58 | Ruminococcus_lactaris_gi_225001172_ref_NZ_ scaffold_13156

CONTIG: scaffold_13212 (1047bp)
Top Length: 1047  Top ID: 98.86
		One align captures most of this contig: 1547377 1548426 | 1047 1 | 1050 1047 | 98.86 | Ruminococcus_lactaris_gi_225001172_ref_NZ_ scaffold_13212

CONTIG: scaffold_13779 (1012bp)
Top Length: 1009  Top ID: 97.22
		One align captures most of this contig: 1918527 1919535 | 1012 4 | 1009 1009 | 97.22 | Ruminococcus_lactaris_gi_225001172_ref_NZ_ scaffold_13779

CONTIG: scaffold_13835 (2050bp)
Top Length: 143  Top ID: 95.1
		This contig is partially unaligned. (Aligned 143 out of 2050 bases)
		Alignment: 1324335 1324477 | 1908 2050 | 143 143 | 95.1 | Ruminococcus_lactaris_gi_225001172_ref_NZ_ scaffold_13835
		Unaligned bases: 1 to 1907 (1907)

CONTIG: scaffold_13890 (1005bp)
Top Length: 1005  Top ID: 97.21
		One align captures most of this contig: 56021 57024 | 1 1005 | 1004 1005 | 97.21 | Ruminococcus_lactaris_gi_225001172_ref_NZ_ scaffold_13890

CONTIG: scaffold_13894 (1005bp)
Top Length: 91  Top ID: 97.8
		This contig is partially unaligned. (Aligned 91 out of 1005 bases)
		Alignment: 77976 78065 | 91 1 | 90 91 | 97.8 | Ruminococcus_lactaris_gi_225001172_ref_NZ_ scaffold_13894
		Unaligned bases: 92 to 1005 (914)

CONTIG: scaffold_13968 (1001bp)
Top Length: 995  Top ID: 99.4
		One align captures most of this contig: 1759036 1760031 | 4 998 | 996 995 | 99.4 | Ruminococcus_lactaris_gi_225001172_ref_NZ_ scaffold_13968

CONTIG: scaffold_14354 (1312bp)
Top Length: 1312  Top ID: 98.25
		This contig has 2 significant alignments. [An ambiguously mapped contig]
		Using only first of these alignment (option --ambiguity-usage is set to "one"):
		Alignment: 50042 51351 | 1312 1 | 1310 1312 | 98.25 | Ruminococcus_lactaris_gi_225001172_ref_NZ_ scaffold_14354
		Skipping alignment  2254157 2255466 | 1 1312 | 1310 1312 | 98.17 | Ruminococcus_lactaris_gi_225001172_ref_NZ_ scaffold_14354

CONTIG: scaffold_14517 (969bp)
Top Length: 681  Top ID: 95.89
		This contig is partially unaligned. (Aligned 681 out of 969 bases)
		Alignment: 1239276 1239957 | 124 804 | 682 681 | 95.89 | Ruminococcus_lactaris_gi_225001172_ref_NZ_ scaffold_14517
		Unaligned bases: 1 to 123 (123)
		Unaligned bases: 805 to 969 (165)

CONTIG: scaffold_14834 (952bp)
Top Length: 916  Top ID: 97.27
		Skipping redundant alignment 1501919 1502019 | 101 1 | 101 101 | 100.0 | Ruminococcus_lactaris_gi_225001172_ref_NZ_ scaffold_14834
		This contig is partially unaligned. (Aligned 916 out of 952 bases)
		Alignment: 1502542 1503457 | 916 1 | 916 916 | 97.27 | Ruminococcus_lactaris_gi_225001172_ref_NZ_ scaffold_14834
		Unaligned bases: 917 to 952 (36)

CONTIG: scaffold_15038 (941bp)
Top Length: 940  Top ID: 99.57
		One align captures most of this contig: 1543542 1544480 | 1 940 | 939 940 | 99.57 | Ruminococcus_lactaris_gi_225001172_ref_NZ_ scaffold_15038

CONTIG: scaffold_15356 (926bp)
Top Length: 161  Top ID: 96.27
		This contig is partially unaligned. (Aligned 161 out of 926 bases)
		Alignment: 34098 34257 | 766 926 | 160 161 | 96.27 | Ruminococcus_lactaris_gi_225001172_ref_NZ_ scaffold_15356
		Unaligned bases: 1 to 765 (765)

CONTIG: scaffold_15758 (905bp)
Top Length: 728  Top ID: 99.31
		This contig is partially unaligned. (Aligned 728 out of 905 bases)
		Alignment: 1854100 1854827 | 905 178 | 728 728 | 99.31 | Ruminococcus_lactaris_gi_225001172_ref_NZ_ scaffold_15758
		Unaligned bases: 1 to 177 (177)

CONTIG: scaffold_16074 (891bp)
Top Length: 100  Top ID: 97.0
			Skipping redundant alignments after choosing the best set of alignments
		Skipping redundant alignment 243552 243651 | 100 1 | 100 100 | 97.0 | Ruminococcus_lactaris_gi_225001172_ref_NZ_ scaffold_16074
		Skipping redundant alignment 559887 559986 | 100 1 | 100 100 | 97.0 | Ruminococcus_lactaris_gi_225001172_ref_NZ_ scaffold_16074
		Skipping redundant alignment 566025 566124 | 100 1 | 100 100 | 97.0 | Ruminococcus_lactaris_gi_225001172_ref_NZ_ scaffold_16074
		Skipping redundant alignment 1268107 1268206 | 100 1 | 100 100 | 97.0 | Ruminococcus_lactaris_gi_225001172_ref_NZ_ scaffold_16074
		Skipping redundant alignment 2631596 2631695 | 1 100 | 100 100 | 97.0 | Ruminococcus_lactaris_gi_225001172_ref_NZ_ scaffold_16074
		This contig is partially unaligned. (Aligned 100 out of 891 bases)
		Alignment: 241459 241558 | 100 1 | 100 100 | 97.0 | Ruminococcus_lactaris_gi_225001172_ref_NZ_ scaffold_16074
		Unaligned bases: 101 to 891 (791)

CONTIG: scaffold_16084 (891bp)
Top Length: 891  Top ID: 99.44
		One align captures most of this contig: 57245 58135 | 1 891 | 891 891 | 99.44 | Ruminococcus_lactaris_gi_225001172_ref_NZ_ scaffold_16084

CONTIG: scaffold_20630 (738bp)
Top Length: 704  Top ID: 98.3
		This contig is partially unaligned. (Aligned 704 out of 738 bases)
		Alignment: 149428 150132 | 704 1 | 705 704 | 98.3 | Ruminococcus_lactaris_gi_225001172_ref_NZ_ scaffold_20630
		Unaligned bases: 705 to 738 (34)

CONTIG: scaffold_20679 (736bp)
Top Length: 736  Top ID: 99.59
		Marking as insignificant: 1502184 1502254 | 74 143 | 71 70 | 98.59 | Ruminococcus_lactaris_gi_225001172_ref_NZ_ scaffold_20679
		One align captures most of this contig: 1542157 1542892 | 1 736 | 736 736 | 99.59 | Ruminococcus_lactaris_gi_225001172_ref_NZ_ scaffold_20679

CONTIG: scaffold_20894 (730bp)
Top Length: 367  Top ID: 99.18
		This contig is partially unaligned. (Aligned 367 out of 730 bases)
		Alignment: 1735349 1735715 | 182 548 | 367 367 | 99.18 | Ruminococcus_lactaris_gi_225001172_ref_NZ_ scaffold_20894
		Unaligned bases: 1 to 181 (181)
		Unaligned bases: 549 to 730 (182)

CONTIG: scaffold_21186 (721bp)
Top Length: 721  Top ID: 99.45
		One align captures most of this contig: 1430057 1430777 | 721 1 | 721 721 | 99.45 | Ruminococcus_lactaris_gi_225001172_ref_NZ_ scaffold_21186

CONTIG: scaffold_21337 (717bp)
Top Length: 496  Top ID: 96.37
		This contig is partially unaligned. (Aligned 496 out of 717 bases)
		Alignment: 2656912 2657407 | 28 523 | 496 496 | 96.37 | Ruminococcus_lactaris_gi_225001172_ref_NZ_ scaffold_21337
		Unaligned bases: 1 to 27 (27)
		Unaligned bases: 524 to 717 (194)

CONTIG: scaffold_21527 (712bp)
Top Length: 712  Top ID: 99.3
		One align captures most of this contig: 144802 145513 | 712 1 | 712 712 | 99.3 | Ruminococcus_lactaris_gi_225001172_ref_NZ_ scaffold_21527

CONTIG: scaffold_21868 (703bp)
Top Length: 222  Top ID: 98.65
		This contig is partially unaligned. (Aligned 222 out of 703 bases)
		Alignment: 1831468 1831689 | 11 232 | 222 222 | 98.65 | Ruminococcus_lactaris_gi_225001172_ref_NZ_ scaffold_21868
		Unaligned bases: 1 to 10 (10)
		Unaligned bases: 233 to 703 (471)

CONTIG: scaffold_22700 (682bp)
Top Length: 427  Top ID: 99.3
		This contig is partially unaligned. (Aligned 427 out of 682 bases)
		Alignment: 1469502 1469927 | 1 427 | 426 427 | 99.3 | Ruminococcus_lactaris_gi_225001172_ref_NZ_ scaffold_22700
		Unaligned bases: 428 to 682 (255)

CONTIG: scaffold_22859 (678bp)
Top Length: 214  Top ID: 98.13
		This contig is partially unaligned. (Aligned 214 out of 678 bases)
		Alignment: 1343549 1343762 | 678 465 | 214 214 | 98.13 | Ruminococcus_lactaris_gi_225001172_ref_NZ_ scaffold_22859
		Unaligned bases: 1 to 464 (464)

CONTIG: scaffold_23317 (668bp)
Top Length: 649  Top ID: 99.23
		This contig is partially unaligned. (Aligned 649 out of 668 bases)
		Alignment: 773210 773858 | 1 649 | 649 649 | 99.23 | Ruminococcus_lactaris_gi_225001172_ref_NZ_ scaffold_23317
		Unaligned bases: 650 to 668 (19)

CONTIG: scaffold_23761 (659bp)
Top Length: 659  Top ID: 98.63
		One align captures most of this contig: 48379 49037 | 1 659 | 659 659 | 98.63 | Ruminococcus_lactaris_gi_225001172_ref_NZ_ scaffold_23761

CONTIG: scaffold_24176 (650bp)
Top Length: 559  Top ID: 99.28
		Skipping redundant alignment 88975 89184 | 470 262 | 210 209 | 95.71 | Ruminococcus_lactaris_gi_225001172_ref_NZ_ scaffold_24176
		Skipping redundant alignment 803441 803649 | 470 262 | 209 209 | 95.69 | Ruminococcus_lactaris_gi_225001172_ref_NZ_ scaffold_24176
		Skipping redundant alignment 2681970 2682175 | 470 266 | 206 205 | 95.15 | Ruminococcus_lactaris_gi_225001172_ref_NZ_ scaffold_24176
		Skipping redundant alignment 1388638 1388839 | 266 465 | 202 200 | 95.54 | Ruminococcus_lactaris_gi_225001172_ref_NZ_ scaffold_24176
		Skipping redundant alignment 1798280 1798484 | 267 471 | 205 205 | 96.1 | Ruminococcus_lactaris_gi_225001172_ref_NZ_ scaffold_24176
		Skipping redundant alignment 2677037 2677241 | 268 472 | 205 205 | 96.1 | Ruminococcus_lactaris_gi_225001172_ref_NZ_ scaffold_24176
		Skipping redundant alignment 1228171 1228373 | 471 269 | 203 203 | 96.06 | Ruminococcus_lactaris_gi_225001172_ref_NZ_ scaffold_24176
		Skipping redundant alignment 258616 258815 | 269 468 | 200 200 | 96.5 | Ruminococcus_lactaris_gi_225001172_ref_NZ_ scaffold_24176
		Skipping redundant alignment 2307884 2308083 | 269 468 | 200 200 | 96.5 | Ruminococcus_lactaris_gi_225001172_ref_NZ_ scaffold_24176
		Skipping redundant alignment 2702982 2703178 | 465 269 | 197 197 | 96.45 | Ruminococcus_lactaris_gi_225001172_ref_NZ_ scaffold_24176
		Skipping redundant alignment 2127655 2127850 | 269 464 | 196 196 | 95.92 | Ruminococcus_lactaris_gi_225001172_ref_NZ_ scaffold_24176
		Skipping redundant alignment 1215468 1215669 | 271 471 | 202 201 | 95.54 | Ruminococcus_lactaris_gi_225001172_ref_NZ_ scaffold_24176
		Skipping redundant alignment 497570 497772 | 271 471 | 203 201 | 95.07 | Ruminococcus_lactaris_gi_225001172_ref_NZ_ scaffold_24176
		Skipping redundant alignment 540429 540622 | 464 271 | 194 194 | 96.39 | Ruminococcus_lactaris_gi_225001172_ref_NZ_ scaffold_24176
		Skipping redundant alignment 1396497 1396690 | 271 464 | 194 194 | 96.39 | Ruminococcus_lactaris_gi_225001172_ref_NZ_ scaffold_24176
		This contig is partially unaligned. (Aligned 559 out of 650 bases)
		Alignment: 2197642 2198200 | 1 559 | 559 559 | 99.28 | Ruminococcus_lactaris_gi_225001172_ref_NZ_ scaffold_24176
		Unaligned bases: 560 to 650 (91)

CONTIG: scaffold_24194 (649bp)
Top Length: 649  Top ID: 98.77
		One align captures most of this contig: 1546590 1547238 | 1 649 | 649 649 | 98.77 | Ruminococcus_lactaris_gi_225001172_ref_NZ_ scaffold_24194

CONTIG: scaffold_24704 (755bp)
Top Length: 755  Top ID: 95.79
		This contig has 5 significant alignments. [An ambiguously mapped contig]
		Using only first of these alignment (option --ambiguity-usage is set to "one"):
		Alignment: 241837 242595 | 755 1 | 759 755 | 95.79 | Ruminococcus_lactaris_gi_225001172_ref_NZ_ scaffold_24704
		Skipping alignment  560265 561023 | 755 1 | 759 755 | 95.53 | Ruminococcus_lactaris_gi_225001172_ref_NZ_ scaffold_24704
		Skipping alignment  566403 567161 | 755 1 | 759 755 | 95.53 | Ruminococcus_lactaris_gi_225001172_ref_NZ_ scaffold_24704
		Skipping alignment  1268485 1269243 | 755 1 | 759 755 | 95.53 | Ruminococcus_lactaris_gi_225001172_ref_NZ_ scaffold_24704
		Skipping alignment  2630559 2631317 | 1 755 | 759 755 | 95.53 | Ruminococcus_lactaris_gi_225001172_ref_NZ_ scaffold_24704

CONTIG: scaffold_24829 (636bp)
Top Length: 128  Top ID: 100.0
		This contig is partially unaligned. (Aligned 128 out of 636 bases)
		Alignment: 1494520 1494647 | 128 1 | 128 128 | 100.0 | Ruminococcus_lactaris_gi_225001172_ref_NZ_ scaffold_24829
		Unaligned bases: 129 to 636 (508)

CONTIG: scaffold_25147 (630bp)
Top Length: 630  Top ID: 99.68
		One align captures most of this contig: 933993 934622 | 1 630 | 630 630 | 99.68 | Ruminococcus_lactaris_gi_225001172_ref_NZ_ scaffold_25147

CONTIG: scaffold_25422 (624bp)
Top Length: 624  Top ID: 95.83
		One align captures most of this contig: 574845 575468 | 624 1 | 624 624 | 95.83 | Ruminococcus_lactaris_gi_225001172_ref_NZ_ scaffold_25422

CONTIG: scaffold_25617 (1219bp)
Top Length: 82  Top ID: 100.0
		This contig is partially unaligned. (Aligned 82 out of 1219 bases)
		Alignment: 2096587 2096668 | 1138 1219 | 82 82 | 100.0 | Ruminococcus_lactaris_gi_225001172_ref_NZ_ scaffold_25617
		Unaligned bases: 1 to 1137 (1137)

CONTIG: scaffold_25932 (615bp)
Top Length: 615  Top ID: 99.67
		One align captures most of this contig: 193113 193727 | 1 615 | 615 615 | 99.67 | Ruminococcus_lactaris_gi_225001172_ref_NZ_ scaffold_25932

CONTIG: scaffold_26567 (602bp)
Top Length: 77  Top ID: 100.0
		This contig is partially unaligned. (Aligned 77 out of 602 bases)
		Alignment: 1800147 1800223 | 526 602 | 77 77 | 100.0 | Ruminococcus_lactaris_gi_225001172_ref_NZ_ scaffold_26567
		Unaligned bases: 1 to 525 (525)

CONTIG: scaffold_26793 (598bp)
Top Length: 90  Top ID: 100.0
		This contig is partially unaligned. (Aligned 90 out of 598 bases)
		Alignment: 1170610 1170699 | 1 90 | 90 90 | 100.0 | Ruminococcus_lactaris_gi_225001172_ref_NZ_ scaffold_26793
		Unaligned bases: 91 to 598 (508)

CONTIG: scaffold_27193 (589bp)
Top Length: 589  Top ID: 99.83
		One align captures most of this contig: 2194919 2195507 | 1 589 | 589 589 | 99.83 | Ruminococcus_lactaris_gi_225001172_ref_NZ_ scaffold_27193

CONTIG: scaffold_27813 (572bp)
Top Length: 572  Top ID: 99.13
		One align captures most of this contig: 826451 827022 | 572 1 | 572 572 | 99.13 | Ruminococcus_lactaris_gi_225001172_ref_NZ_ scaffold_27813

CONTIG: scaffold_28237 (557bp)
Top Length: 482  Top ID: 99.38
		This contig is misassembled. 2 total aligns.
			Excluding internal overlap of size 1 between Alignment 1 and 2:  1601136 1601211 | 482 557 | 76 76 --> 1601137 1601211 | 483 557 | 75 75
			Real Alignment 1: 1600550 1601031 | 1 482 | 482 482 | 99.38 | Ruminococcus_lactaris_gi_225001172_ref_NZ_ scaffold_28237
			  Gap between these two alignments (local misassembly). Inconsistency = 105 
			Real Alignment 2: 1601137 1601211 | 483 557 | 75 75 | 98.68 | Ruminococcus_lactaris_gi_225001172_ref_NZ_ scaffold_28237

CONTIG: scaffold_28406 (552bp)
Top Length: 355  Top ID: 99.15
		This contig is partially unaligned. (Aligned 355 out of 552 bases)
		Alignment: 1734983 1735337 | 85 439 | 355 355 | 99.15 | Ruminococcus_lactaris_gi_225001172_ref_NZ_ scaffold_28406
		Unaligned bases: 1 to 84 (84)
		Unaligned bases: 440 to 552 (113)

CONTIG: scaffold_28418 (551bp)
Top Length: 303  Top ID: 99.34
		This contig is partially unaligned. (Aligned 303 out of 551 bases)
		Alignment: 1240982 1241284 | 1 303 | 303 303 | 99.34 | Ruminococcus_lactaris_gi_225001172_ref_NZ_ scaffold_28418
		Unaligned bases: 304 to 551 (248)

CONTIG: scaffold_28599 (546bp)
Top Length: 546  Top ID: 98.35
		One align captures most of this contig: 436604 437149 | 1 546 | 546 546 | 98.35 | Ruminococcus_lactaris_gi_225001172_ref_NZ_ scaffold_28599

CONTIG: scaffold_29671 (519bp)
Top Length: 120  Top ID: 100.0
		This contig is partially unaligned. (Aligned 120 out of 519 bases)
		Alignment: 2685790 2685909 | 519 400 | 120 120 | 100.0 | Ruminococcus_lactaris_gi_225001172_ref_NZ_ scaffold_29671
		Unaligned bases: 1 to 399 (399)

CONTIG: scaffold_29727 (518bp)
Top Length: 518  Top ID: 99.61
		One align captures most of this contig: 63150 63667 | 1 518 | 518 518 | 99.61 | Ruminococcus_lactaris_gi_225001172_ref_NZ_ scaffold_29727

CONTIG: scaffold_29801 (516bp)
Top Length: 516  Top ID: 99.61
		One align captures most of this contig: 112154 112669 | 1 516 | 516 516 | 99.61 | Ruminococcus_lactaris_gi_225001172_ref_NZ_ scaffold_29801

CONTIG: scaffold_30106 (509bp)
Top Length: 81  Top ID: 100.0
		This contig is partially unaligned. (Aligned 81 out of 509 bases)
		Alignment: 1267474 1267554 | 302 382 | 81 81 | 100.0 | Ruminococcus_lactaris_gi_225001172_ref_NZ_ scaffold_30106
		Unaligned bases: 1 to 301 (301)
		Unaligned bases: 383 to 509 (127)

CONTIG: scaffold_30441 (502bp)
Top Length: 502  Top ID: 99.8
		One align captures most of this contig: 1522124 1522625 | 1 502 | 502 502 | 99.8 | Ruminococcus_lactaris_gi_225001172_ref_NZ_ scaffold_30441

CONTIG: scaffold_36856 (708bp)
Top Length: 145  Top ID: 99.31
		This contig is partially unaligned. (Aligned 145 out of 708 bases)
		Alignment: 2608044 2608188 | 145 1 | 145 145 | 99.31 | Ruminococcus_lactaris_gi_225001172_ref_NZ_ scaffold_36856
		Unaligned bases: 146 to 708 (563)

Analyzing coverage...
Writing SNPs into /Molly/gurevich/MetaQUAST/res_final/res_metahit_final/runs_per_reference/Ruminococcus_lactaris/contigs_reports/nucmer_output/IDBA_UD.used_snps
	Reference Ruminococcus_lactaris_gi_225001172_ref_NZ_: 112 total alignments. 1 total regions.
		Region: 1 to 2731235 (2731235 bp)
			START in gap: 1 to 3637 (3636 bp)
			Align 1: 3637 3735 scaffold_16 12070 12168
				Negative gap (overlap) between this and next alignment: 3735 to 3637 (-98 bp)
				Next Alignment: 3637 3842 scaffold_77 46260 46467

			Previous gap was negative, modifying coordinates to ignore overlap
				Moving contig start from 46260 to 46359.
			Align 2: 3736 3842 scaffold_77 46359 46467
				The next alignment (3638 3766 scaffold_252 3888 4016) is redundant. Skipping.
				Gap between this and next alignment: 3842 to 34098 (30255 bp)
				Next Alignment: 34098 34257 scaffold_15356 766 926

			Align 4: 34098 34257 scaffold_15356 766 926
				Gap between this and next alignment: 34257 to 37791 (3533 bp)
				Next Alignment: 37791 39121 scaffold_9727 1 1331

			Align 5: 37791 39121 scaffold_9727 1 1331
				Gap between this and next alignment: 39121 to 39248 (126 bp)
				Next Alignment: 39248 41934 scaffold_6915 1 2697

			Align 6: 39248 41934 scaffold_6915 1 2697
				Gap between this and next alignment: 41934 to 48379 (6444 bp)
				Next Alignment: 48379 49037 scaffold_23761 1 659

			Align 7: 48379 49037 scaffold_23761 1 659
				Gap between this and next alignment: 49037 to 50042 (1004 bp)
				Next Alignment: 50042 51351 scaffold_14354 1312 1

			Align 8: 50042 51351 scaffold_14354 1312 1
				Gap between this and next alignment: 51351 to 53303 (1951 bp)
				Next Alignment: 53303 54387 scaffold_12652 1084 1

			Align 9: 53303 54387 scaffold_12652 1084 1
				Negative gap (overlap) between this and next alignment: 54387 to 54280 (-107 bp)
				Next Alignment: 54280 55557 scaffold_10242 1 1278

			Previous gap was negative, modifying coordinates to ignore overlap
				Moving contig start from 1 to 109.
			Align 10: 54388 55557 scaffold_10242 109 1278
				Gap between this and next alignment: 55557 to 56021 (463 bp)
				Next Alignment: 56021 57024 scaffold_13890 1 1005

			Align 11: 56021 57024 scaffold_13890 1 1005
				Gap between this and next alignment: 57024 to 57245 (220 bp)
				Next Alignment: 57245 58135 scaffold_16084 1 891

			Align 12: 57245 58135 scaffold_16084 1 891
				Gap between this and next alignment: 58135 to 58208 (72 bp)
				Next Alignment: 58208 59397 scaffold_11091 1190 1

			Align 13: 58208 59397 scaffold_11091 1190 1
				Gap between this and next alignment: 59397 to 63150 (3752 bp)
				Next Alignment: 63150 63667 scaffold_29727 1 518

			Align 14: 63150 63667 scaffold_29727 1 518
				Gap between this and next alignment: 63667 to 77975 (14307 bp)
				Next Alignment: 77975 78075 scaffold_10503 1151 1251

			Align 15: 77975 78075 scaffold_10503 1151 1251
				The next alignment (77976 78065 scaffold_13894 91 1) is redundant. Skipping.
				Gap between this and next alignment: 78075 to 88967 (10891 bp)
				Next Alignment: 88967 89076 scaffold_305 24315 24204

			Align 17: 88967 89076 scaffold_305 24315 24204
				Negative gap (overlap) between this and next alignment: 89076 to 88979 (-97 bp)
				Next Alignment: 88979 89176 scaffold_28 124033 123831

			Previous gap was negative, modifying coordinates to ignore overlap
				Moving contig start from 124033 to 123930.
			Align 18: 89077 89176 scaffold_28 123930 123831
				Gap between this and next alignment: 89176 to 112154 (22977 bp)
				Next Alignment: 112154 112669 scaffold_29801 1 516

			Align 19: 112154 112669 scaffold_29801 1 516
				Gap between this and next alignment: 112669 to 144802 (32132 bp)
				Next Alignment: 144802 145513 scaffold_21527 712 1

			Align 20: 144802 145513 scaffold_21527 712 1
				Gap between this and next alignment: 145513 to 149196 (3682 bp)
				Next Alignment: 149196 149373 scaffold_12658 375 198

			Align 21: 149196 149373 scaffold_12658 375 198
				Gap between this and next alignment: 149373 to 149428 (54 bp)
				Next Alignment: 149428 150132 scaffold_20630 704 1

			Align 22: 149428 150132 scaffold_20630 704 1
				Gap between this and next alignment: 150132 to 193113 (42980 bp)
				Next Alignment: 193113 193727 scaffold_25932 1 615

			Align 23: 193113 193727 scaffold_25932 1 615
				Gap between this and next alignment: 193727 to 241459 (47731 bp)
				Next Alignment: 241459 241558 scaffold_16074 100 1

			Align 24: 241459 241558 scaffold_16074 100 1
				Gap between this and next alignment: 241558 to 241837 (278 bp)
				Next Alignment: 241837 242595 scaffold_24704 755 1

			Align 25: 241837 242595 scaffold_24704 755 1
				Gap between this and next alignment: 242595 to 258611 (16015 bp)
				Next Alignment: 258611 258816 scaffold_334 12636 12839

			Align 26: 258611 258816 scaffold_334 12636 12839
				The next alignment (258685 258813 scaffold_104 69727 69853) is redundant. Skipping.
				Negative gap (overlap) between this and next alignment: 258816 to 258716 (-100 bp)
				Next Alignment: 258716 258818 scaffold_65 133547 133445

			Previous gap was negative, modifying coordinates to ignore overlap
				Moving contig start from 133547 to 133446.
			Align 28: 258817 258818 scaffold_65 133446 133445
				The next alignment (258718 258818 scaffold_104 44940 44840) is redundant. Skipping.
				Gap between this and next alignment: 258818 to 436604 (177785 bp)
				Next Alignment: 436604 437149 scaffold_28599 1 546

			Align 30: 436604 437149 scaffold_28599 1 546
				Gap between this and next alignment: 437149 to 496334 (59184 bp)
				Next Alignment: 496334 496447 scaffold_3780 1 114

			Align 31: 496334 496447 scaffold_3780 1 114
				Gap between this and next alignment: 496447 to 568301 (71853 bp)
				Next Alignment: 568301 569274 scaffold_10610 1241 258

			Align 32: 568301 569274 scaffold_10610 1241 258
				Gap between this and next alignment: 569274 to 570925 (1650 bp)
				Next Alignment: 570925 571507 scaffold_12654 1084 500

			Align 33: 570925 571507 scaffold_12654 1084 500
				Gap between this and next alignment: 571507 to 574845 (3337 bp)
				Next Alignment: 574845 575468 scaffold_25422 624 1

			Align 34: 574845 575468 scaffold_25422 624 1
				Gap between this and next alignment: 575468 to 618309 (42840 bp)
				Next Alignment: 618309 619070 scaffold_13156 976 215

			Align 35: 618309 619070 scaffold_13156 976 215
				Gap between this and next alignment: 619070 to 643453 (24382 bp)
				Next Alignment: 643453 644694 scaffold_8911 181 1422

			Align 36: 643453 644694 scaffold_8911 181 1422
				Negative gap (overlap) between this and next alignment: 644694 to 644474 (-220 bp)
				Next Alignment: 644474 644875 scaffold_3603 166 567

			Previous gap was negative, modifying coordinates to ignore overlap
				Moving contig start from 166 to 387.
			Align 37: 644695 644875 scaffold_3603 387 567
				Gap between this and next alignment: 644875 to 645460 (584 bp)
				Next Alignment: 645460 646214 scaffold_3603 562 1315

			Align 38: 645460 646214 scaffold_3603 562 1315
				Gap between this and next alignment: 646214 to 651101 (4886 bp)
				Next Alignment: 651101 654937 scaffold_2249 1 3837

			Align 39: 651101 654937 scaffold_2249 1 3837
				Gap between this and next alignment: 654937 to 773210 (118272 bp)
				Next Alignment: 773210 773858 scaffold_23317 1 649

			Align 40: 773210 773858 scaffold_23317 1 649
				Gap between this and next alignment: 773858 to 803443 (29584 bp)
				Next Alignment: 803443 803648 scaffold_32 35433 35229

			Align 41: 803443 803648 scaffold_32 35433 35229
				Gap between this and next alignment: 803648 to 826451 (22802 bp)
				Next Alignment: 826451 827022 scaffold_27813 572 1

			Align 42: 826451 827022 scaffold_27813 572 1
				Gap between this and next alignment: 827022 to 878625 (51602 bp)
				Next Alignment: 878625 878713 scaffold_109 19729 19641

			Align 43: 878625 878713 scaffold_109 19729 19641
				Gap between this and next alignment: 878713 to 928354 (49640 bp)
				Next Alignment: 928354 928648 scaffold_13038 295 1

			Align 44: 928354 928648 scaffold_13038 295 1
				Negative gap (overlap) between this and next alignment: 928648 to 928579 (-69 bp)
				Next Alignment: 928579 930387 scaffold_12775 1 1813

			Previous gap was negative, modifying coordinates to ignore overlap
				Moving contig start from 1 to 71.
			Align 45: 928649 930387 scaffold_12775 71 1813
				Gap between this and next alignment: 930387 to 933993 (3605 bp)
				Next Alignment: 933993 934622 scaffold_25147 1 630

			Align 46: 933993 934622 scaffold_25147 1 630
				Gap between this and next alignment: 934622 to 1170610 (235987 bp)
				Next Alignment: 1170610 1170699 scaffold_26793 1 90

			Align 47: 1170610 1170699 scaffold_26793 1 90
				Gap between this and next alignment: 1170699 to 1212496 (41796 bp)
				Next Alignment: 1212496 1212620 scaffold_439 24206 24330

			Align 48: 1212496 1212620 scaffold_439 24206 24330
				Gap between this and next alignment: 1212620 to 1215014 (2393 bp)
				Next Alignment: 1215014 1215088 scaffold_13156 1050 977

			Align 49: 1215014 1215088 scaffold_13156 1050 977
				Gap between this and next alignment: 1215088 to 1215459 (370 bp)
				Next Alignment: 1215459 1215661 scaffold_580 5295 5497

			Align 50: 1215459 1215661 scaffold_580 5295 5497
				The next alignment (1215460 1215661 scaffold_26 40329 40529) is redundant. Skipping.
				Gap between this and next alignment: 1215661 to 1228170 (12508 bp)
				Next Alignment: 1228170 1228309 scaffold_29 52845 52706

			Align 52: 1228170 1228309 scaffold_29 52845 52706
				Gap between this and next alignment: 1228309 to 1239276 (10966 bp)
				Next Alignment: 1239276 1239957 scaffold_14517 124 804

			Align 53: 1239276 1239957 scaffold_14517 124 804
				Gap between this and next alignment: 1239957 to 1240982 (1024 bp)
				Next Alignment: 1240982 1241284 scaffold_28418 1 303

			Align 54: 1240982 1241284 scaffold_28418 1 303
				Gap between this and next alignment: 1241284 to 1267474 (26189 bp)
				Next Alignment: 1267474 1267554 scaffold_30106 302 382

			Align 55: 1267474 1267554 scaffold_30106 302 382
				Gap between this and next alignment: 1267554 to 1267870 (315 bp)
				Next Alignment: 1267870 1267947 scaffold_1524 4809 4886

			Align 56: 1267870 1267947 scaffold_1524 4809 4886
				Gap between this and next alignment: 1267947 to 1271716 (3768 bp)
				Next Alignment: 1271716 1272194 scaffold_7845 478 1

			Align 57: 1271716 1272194 scaffold_7845 478 1
				Gap between this and next alignment: 1272194 to 1278375 (6180 bp)
				Next Alignment: 1278375 1280205 scaffold_5732 88 1918

			Align 58: 1278375 1280205 scaffold_5732 88 1918
				Gap between this and next alignment: 1280205 to 1324335 (44129 bp)
				Next Alignment: 1324335 1324477 scaffold_13835 1908 2050

			Align 59: 1324335 1324477 scaffold_13835 1908 2050
				Gap between this and next alignment: 1324477 to 1343549 (19071 bp)
				Next Alignment: 1343549 1343762 scaffold_22859 678 465

			Align 60: 1343549 1343762 scaffold_22859 678 465
				Gap between this and next alignment: 1343762 to 1430057 (86294 bp)
				Next Alignment: 1430057 1430777 scaffold_21186 721 1

			Align 61: 1430057 1430777 scaffold_21186 721 1
				Gap between this and next alignment: 1430777 to 1469502 (38724 bp)
				Next Alignment: 1469502 1469927 scaffold_22700 1 427

			Align 62: 1469502 1469927 scaffold_22700 1 427
				Gap between this and next alignment: 1469927 to 1494520 (24592 bp)
				Next Alignment: 1494520 1494647 scaffold_24829 128 1

			Align 63: 1494520 1494647 scaffold_24829 128 1
				Gap between this and next alignment: 1494647 to 1502542 (7894 bp)
				Next Alignment: 1502542 1503457 scaffold_14834 916 1

			Align 64: 1502542 1503457 scaffold_14834 916 1
				Gap between this and next alignment: 1503457 to 1522124 (18666 bp)
				Next Alignment: 1522124 1522625 scaffold_30441 1 502

			Align 65: 1522124 1522625 scaffold_30441 1 502
				Gap between this and next alignment: 1522625 to 1542157 (19531 bp)
				Next Alignment: 1542157 1542892 scaffold_20679 1 736

			Align 66: 1542157 1542892 scaffold_20679 1 736
				Gap between this and next alignment: 1542892 to 1543542 (649 bp)
				Next Alignment: 1543542 1544480 scaffold_15038 1 940

			Align 67: 1543542 1544480 scaffold_15038 1 940
				Gap between this and next alignment: 1544480 to 1544723 (242 bp)
				Next Alignment: 1544723 1545880 scaffold_11635 1 1158

			Align 68: 1544723 1545880 scaffold_11635 1 1158
				Gap between this and next alignment: 1545880 to 1546590 (709 bp)
				Next Alignment: 1546590 1547238 scaffold_24194 1 649

			Align 69: 1546590 1547238 scaffold_24194 1 649
				Gap between this and next alignment: 1547238 to 1547377 (138 bp)
				Next Alignment: 1547377 1548426 scaffold_13212 1047 1

			Align 70: 1547377 1548426 scaffold_13212 1047 1
				Gap between this and next alignment: 1548426 to 1555835 (7408 bp)
				Next Alignment: 1555835 1556015 scaffold_98 25468 25289

			Align 71: 1555835 1556015 scaffold_98 25468 25289
				The next alignment (1555934 1556014 scaffold_1168 8750 8670) is redundant. Skipping.
				Gap between this and next alignment: 1556015 to 1600550 (44534 bp)
				Next Alignment: 1600550 1601031 scaffold_28237 1 482

			Align 73: 1600550 1601031 scaffold_28237 1 482
				Gap between this and next alignment: 1601031 to 1601137 (105 bp)
				Next Alignment: 1601137 1601211 scaffold_28237 483 557

			Align 74: 1601137 1601211 scaffold_28237 483 557
				Gap between this and next alignment: 1601211 to 1632711 (31499 bp)
				Next Alignment: 1632711 1632931 scaffold_10968 221 1

			Align 75: 1632711 1632931 scaffold_10968 221 1
				Gap between this and next alignment: 1632931 to 1733544 (100612 bp)
				Next Alignment: 1733544 1734884 scaffold_739 1 1340

			Align 76: 1733544 1734884 scaffold_739 1 1340
				Gap between this and next alignment: 1734884 to 1734983 (98 bp)
				Next Alignment: 1734983 1735337 scaffold_28406 85 439

			Align 77: 1734983 1735337 scaffold_28406 85 439
				Gap between this and next alignment: 1735337 to 1735349 (11 bp)
				Next Alignment: 1735349 1735715 scaffold_20894 182 548

			Align 78: 1735349 1735715 scaffold_20894 182 548
				Gap between this and next alignment: 1735715 to 1735817 (101 bp)
				Next Alignment: 1735817 1737133 scaffold_739 1368 2684

			Align 79: 1735817 1737133 scaffold_739 1368 2684
				Gap between this and next alignment: 1737133 to 1737904 (770 bp)
				Next Alignment: 1737904 1739708 scaffold_739 2686 4494

			Align 80: 1737904 1739708 scaffold_739 2686 4494
				Gap between this and next alignment: 1739708 to 1740398 (689 bp)
				Next Alignment: 1740398 1747260 scaffold_739 4499 11365

			Align 81: 1740398 1747260 scaffold_739 4499 11365
				Negative gap (overlap) between this and next alignment: 1747260 to 1747170 (-90 bp)
				Next Alignment: 1747170 1748818 scaffold_4597 1 1649

			Previous gap was negative, modifying coordinates to ignore overlap
				Moving contig start from 1 to 92.
			Align 82: 1747261 1748818 scaffold_4597 92 1649
				Gap between this and next alignment: 1748818 to 1756934 (8115 bp)
				Next Alignment: 1756934 1758438 scaffold_8261 1 1505

			Align 83: 1756934 1758438 scaffold_8261 1 1505
				Gap between this and next alignment: 1758438 to 1759036 (597 bp)
				Next Alignment: 1759036 1760031 scaffold_13968 4 998

			Align 84: 1759036 1760031 scaffold_13968 4 998
				Gap between this and next alignment: 1760031 to 1800147 (40115 bp)
				Next Alignment: 1800147 1800223 scaffold_26567 526 602

			Align 85: 1800147 1800223 scaffold_26567 526 602
				Gap between this and next alignment: 1800223 to 1831468 (31244 bp)
				Next Alignment: 1831468 1831689 scaffold_21868 11 232

			Align 86: 1831468 1831689 scaffold_21868 11 232
				Gap between this and next alignment: 1831689 to 1846092 (14402 bp)
				Next Alignment: 1846092 1846165 scaffold_246 14864 14936

			Align 87: 1846092 1846165 scaffold_246 14864 14936
				Gap between this and next alignment: 1846165 to 1854100 (7934 bp)
				Next Alignment: 1854100 1854827 scaffold_15758 905 178

			Align 88: 1854100 1854827 scaffold_15758 905 178
				Gap between this and next alignment: 1854827 to 1918527 (63699 bp)
				Next Alignment: 1918527 1919535 scaffold_13779 1012 4

			Align 89: 1918527 1919535 scaffold_13779 1012 4
				Gap between this and next alignment: 1919535 to 1927722 (8186 bp)
				Next Alignment: 1927722 1927794 scaffold_252 4146 4074

			Align 90: 1927722 1927794 scaffold_252 4146 4074
				Gap between this and next alignment: 1927794 to 1997553 (69758 bp)
				Next Alignment: 1997553 1997813 scaffold_13009 261 1

			Align 91: 1997553 1997813 scaffold_13009 261 1
				Gap between this and next alignment: 1997813 to 2010377 (12563 bp)
				Next Alignment: 2010377 2011834 scaffold_3638 2588 1131

			Align 92: 2010377 2011834 scaffold_3638 2588 1131
				Gap between this and next alignment: 2011834 to 2096587 (84752 bp)
				Next Alignment: 2096587 2096668 scaffold_25617 1138 1219

			Align 93: 2096587 2096668 scaffold_25617 1138 1219
				Gap between this and next alignment: 2096668 to 2115746 (19077 bp)
				Next Alignment: 2115746 2116795 scaffold_10392 1050 1

			Align 94: 2115746 2116795 scaffold_10392 1050 1
				Gap between this and next alignment: 2116795 to 2116960 (164 bp)
				Next Alignment: 2116960 2118230 scaffold_6769 180 1450

			Align 95: 2116960 2118230 scaffold_6769 180 1450
				Gap between this and next alignment: 2118230 to 2194919 (76688 bp)
				Next Alignment: 2194919 2195507 scaffold_27193 1 589

			Align 96: 2194919 2195507 scaffold_27193 1 589
				Gap between this and next alignment: 2195507 to 2197642 (2134 bp)
				Next Alignment: 2197642 2198200 scaffold_24176 1 559

			Align 97: 2197642 2198200 scaffold_24176 1 559
				Gap between this and next alignment: 2198200 to 2307880 (109679 bp)
				Next Alignment: 2307880 2308088 scaffold_64 51572 51361

			Align 98: 2307880 2308088 scaffold_64 51572 51361
				Gap between this and next alignment: 2308088 to 2338088 (29999 bp)
				Next Alignment: 2338088 2339847 scaffold_1232 1409 3170

			Align 99: 2338088 2339847 scaffold_1232 1409 3170
				Gap between this and next alignment: 2339847 to 2367523 (27675 bp)
				Next Alignment: 2367523 2370347 scaffold_3931 2827 1

			Align 100: 2367523 2370347 scaffold_3931 2827 1
				Gap between this and next alignment: 2370347 to 2370601 (253 bp)
				Next Alignment: 2370601 2373313 scaffold_7365 2716 1

			Align 101: 2370601 2373313 scaffold_7365 2716 1
				Gap between this and next alignment: 2373313 to 2420804 (47490 bp)
				Next Alignment: 2420804 2421316 scaffold_5063 1600 2112

			Align 102: 2420804 2421316 scaffold_5063 1600 2112
				Gap between this and next alignment: 2421316 to 2525934 (104617 bp)
				Next Alignment: 2525934 2526033 scaffold_1084 7336 7435

			Align 103: 2525934 2526033 scaffold_1084 7336 7435
				Gap between this and next alignment: 2526033 to 2608044 (82010 bp)
				Next Alignment: 2608044 2608188 scaffold_36856 145 1

			Align 104: 2608044 2608188 scaffold_36856 145 1
				Negative gap (overlap) between this and next alignment: 2608188 to 2608046 (-142 bp)
				Next Alignment: 2608046 2608210 scaffold_5805 952 1116

			Previous gap was negative, modifying coordinates to ignore overlap
				Moving contig start from 952 to 1095.
			Align 105: 2608189 2608210 scaffold_5805 1095 1116
				Gap between this and next alignment: 2608210 to 2632187 (23976 bp)
				Next Alignment: 2632187 2632266 scaffold_1524 5082 5003

			Align 106: 2632187 2632266 scaffold_1524 5082 5003
				The next alignment (2632187 2632266 scaffold_2381 4584 4505) is redundant. Skipping.
				The next alignment (2632190 2632265 scaffold_29 62 137) is redundant. Skipping.
				Gap between this and next alignment: 2632266 to 2656912 (24645 bp)
				Next Alignment: 2656912 2657407 scaffold_21337 28 523

			Align 109: 2656912 2657407 scaffold_21337 28 523
				Gap between this and next alignment: 2657407 to 2685790 (28382 bp)
				Next Alignment: 2685790 2685909 scaffold_29671 519 400

			Align 110: 2685790 2685909 scaffold_29671 519 400
				Gap between this and next alignment: 2685909 to 2707158 (21248 bp)
				Next Alignment: 2707158 2707265 scaffold_68 5175 5067

			Align 111: 2707158 2707265 scaffold_68 5175 5067
				Gap between this and next alignment: 2707265 to 2711280 (4014 bp)
				Next Alignment: 2711280 2711362 scaffold_8937 901 983

			Align 112: 2711280 2711362 scaffold_8937 901 983
			END in gap: 2711362 to 2731235 (19873 bp)

Analysis is finished!
Founded SNPs were written into /Molly/gurevich/MetaQUAST/res_final/res_metahit_final/runs_per_reference/Ruminococcus_lactaris/contigs_reports/nucmer_output/IDBA_UD.used_snps

Results:
	Local Misassemblies: 4
	Misassemblies: 1
		Relocations: 1
		Translocations: 0
		Inversions: 0
	Fake misassemblies matched with structural variations: 0
	Misassembled Contigs: 1
	Misassembled Contig Bases: 1050
	Misassemblies Inter-Contig Overlap: 0
Uncovered Regions: 0 (0)
Unaligned Contigs: 0 + 69 part
Partially Unaligned Contigs with Misassemblies: 5
Unaligned Contig Bases: 1489887

Ambiguously Mapped Contigs: 2
Total Bases in Ambiguously Mapped Contigs: 2067
Note that --allow-ambiguity option was set to "one" and only first alignment per each contig was used.

	Covered Bases: 75475

	SNPs: 1580
	Insertions: 76
	Deletions: 36

	Positive Gaps: 97
		Internal Gaps:  4
		External Gaps:  93
		External Gap Total:  2653612
		External Gap Average: 28533
	Negative Gaps: 8
		Internal Overlaps:  0
		External Overlaps:  8
		External Overlaps Total: -923
		External Overlaps Average: -115
	Contigs with Redundant Alignments: 7 (888)
