Aligning contigs to reference...
	Using existing Nucmer alignments...
Parsing coords...
Loading reference...
	Loaded [Ruminococcus_obeum_A2-162_gi_479176048_ref_NC_]
Loading SNPs...
Loading regions...
	No regions given, using whole reference.
	Total Regions: 1
	Total Region Length: 3757491
Analyzing contigs...
CONTIG: scaffold-298 (44072bp)
Top Length: 74  Top ID: 100.0
		This contig is partially unaligned. (Aligned 74 out of 44072 bases)
		Alignment: 2413760 2413833 | 33035 33108 | 74 74 | 100.0 | Ruminococcus_obeum_A2-162_gi_479176048_ref_NC_ scaffold-298
		Unaligned bases: 1 to 33034 (33034)
		Unaligned bases: 33109 to 44072 (10964)

CONTIG: scaffold-1082 (6819bp)
Top Length: 6178  Top ID: 95.31
		This contig is partially unaligned. (Aligned 6178 out of 6819 bases)
		Alignment: 385079 391257 | 6178 1 | 6179 6178 | 95.31 | Ruminococcus_obeum_A2-162_gi_479176048_ref_NC_ scaffold-1082
		Unaligned bases: 6179 to 6819 (641)
		This contig has both significant aligned and unaligned parts (of length >= min-contig)! It can contain interspecies translocations

CONTIG: scaffold-1141 (7690bp)
Top Length: 1343  Top ID: 96.28
		This contig is misassembled. 3 total aligns.
			Warning! This contig is more unaligned than misassembled. Contig length is 7690 and total length of all aligns is 2280
		Alignment: 777740 778234 | 495 1 | 495 495 | 96.77 | Ruminococcus_obeum_A2-162_gi_479176048_ref_NC_ scaffold-1141
		Alignment: 776205 777547 | 1831 489 | 1343 1343 | 96.28 | Ruminococcus_obeum_A2-162_gi_479176048_ref_NC_ scaffold-1141
		Alignment: 775758 776205 | 2436 1988 | 448 449 | 96.67 | Ruminococcus_obeum_A2-162_gi_479176048_ref_NC_ scaffold-1141
		Unaligned bases: 5410
		This contig has both significant aligned and unaligned parts (of length >= min-contig)! It can contain interspecies translocations
CONTIG: scaffold-1466 (3107bp)
Top Length: 695  Top ID: 95.25
		This contig is partially unaligned. (Aligned 695 out of 3107 bases)
		Alignment: 3645878 3646572 | 695 1 | 695 695 | 95.25 | Ruminococcus_obeum_A2-162_gi_479176048_ref_NC_ scaffold-1466
		Unaligned bases: 696 to 3107 (2412)
		This contig has both significant aligned and unaligned parts (of length >= min-contig)! It can contain interspecies translocations

CONTIG: scaffold-1634 (2410bp)
Top Length: 444  Top ID: 96.85
		This contig is partially unaligned. (Aligned 444 out of 2410 bases)
		Alignment: 777973 778416 | 1 444 | 444 444 | 96.85 | Ruminococcus_obeum_A2-162_gi_479176048_ref_NC_ scaffold-1634
		Unaligned bases: 445 to 2410 (1966)

CONTIG: scaffold-1809 (1366bp)
Top Length: 565  Top ID: 98.94
		This contig is partially unaligned. (Aligned 565 out of 1366 bases)
		Alignment: 3652188 3652752 | 802 1366 | 565 565 | 98.94 | Ruminococcus_obeum_A2-162_gi_479176048_ref_NC_ scaffold-1809
		Unaligned bases: 1 to 801 (801)
		This contig has both significant aligned and unaligned parts (of length >= min-contig)! It can contain interspecies translocations

CONTIG: scaffold-1835 (2944bp)
Top Length: 492  Top ID: 95.73
		This contig is partially unaligned. (Aligned 492 out of 2944 bases)
		Alignment: 3610775 3611266 | 2453 2944 | 492 492 | 95.73 | Ruminococcus_obeum_A2-162_gi_479176048_ref_NC_ scaffold-1835
		Unaligned bases: 1 to 2452 (2452)

CONTIG: scaffold-2013 (1762bp)
Top Length: 457  Top ID: 100.0
		This contig is partially unaligned. (Aligned 457 out of 1762 bases)
		Alignment: 383232 383688 | 1 457 | 457 457 | 100.0 | Ruminococcus_obeum_A2-162_gi_479176048_ref_NC_ scaffold-2013
		Unaligned bases: 458 to 1762 (1305)

CONTIG: scaffold-2188 (3013bp)
Top Length: 1463  Top ID: 97.27
		This contig is misassembled. 3 total aligns.
			Real Alignment 1: 3605686 3606324 | 4 642 | 639 639 | 96.4 | Ruminococcus_obeum_A2-162_gi_479176048_ref_NC_ scaffold-2188
			  Overlap between these two alignments (local misassembly). Inconsistency = -153 
			Real Alignment 2: 3606467 3607929 | 938 2400 | 1463 1463 | 97.27 | Ruminococcus_obeum_A2-162_gi_479176048_ref_NC_ scaffold-2188
			  Overlap between these two alignments (local misassembly). Inconsistency = -155 
			Real Alignment 3: 3607923 3608387 | 2549 3013 | 465 465 | 95.27 | Ruminococcus_obeum_A2-162_gi_479176048_ref_NC_ scaffold-2188

CONTIG: scaffold-2211 (1589bp)
Top Length: 910  Top ID: 99.45
		This contig is misassembled. 2 total aligns.
			Real Alignment 1: 3232693 3233602 | 1 910 | 910 910 | 99.45 | Ruminococcus_obeum_A2-162_gi_479176048_ref_NC_ scaffold-2211
			  Overlap between these two alignments (local misassembly). Inconsistency = -143 
			Real Alignment 2: 3233630 3234138 | 1081 1589 | 509 509 | 100.0 | Ruminococcus_obeum_A2-162_gi_479176048_ref_NC_ scaffold-2211

CONTIG: scaffold-2324 (4628bp)
Top Length: 893  Top ID: 98.77
		This contig is misassembled. 2 total aligns.
			Warning! This contig is more unaligned than misassembled. Contig length is 4628 and total length of all aligns is 1783
		Alignment: 3602937 3603829 | 2669 3561 | 893 893 | 98.77 | Ruminococcus_obeum_A2-162_gi_479176048_ref_NC_ scaffold-2324
		Alignment: 3603809 3604698 | 3739 4628 | 890 890 | 99.1 | Ruminococcus_obeum_A2-162_gi_479176048_ref_NC_ scaffold-2324
		Unaligned bases: 2845
		This contig has both significant aligned and unaligned parts (of length >= min-contig)! It can contain interspecies translocations
CONTIG: scaffold-2325 (27572bp)
Top Length: 235  Top ID: 99.57
		This contig is partially unaligned. (Aligned 235 out of 27572 bases)
		Alignment: 379413 379647 | 235 1 | 235 235 | 99.57 | Ruminococcus_obeum_A2-162_gi_479176048_ref_NC_ scaffold-2325
		Unaligned bases: 236 to 27572 (27337)

CONTIG: scaffold-2410 (3053bp)
Top Length: 746  Top ID: 97.86
		This contig is partially unaligned. (Aligned 746 out of 3053 bases)
		Alignment: 3653710 3654455 | 1 746 | 746 746 | 97.86 | Ruminococcus_obeum_A2-162_gi_479176048_ref_NC_ scaffold-2410
		Unaligned bases: 747 to 3053 (2307)
		This contig has both significant aligned and unaligned parts (of length >= min-contig)! It can contain interspecies translocations

CONTIG: scaffold-2420 (2326bp)
Top Length: 240  Top ID: 97.92
		This contig is partially unaligned. (Aligned 240 out of 2326 bases)
		Alignment: 3640635 3640874 | 2087 2326 | 240 240 | 97.92 | Ruminococcus_obeum_A2-162_gi_479176048_ref_NC_ scaffold-2420
		Unaligned bases: 1 to 2086 (2086)

CONTIG: scaffold-2454 (12214bp)
Top Length: 88  Top ID: 97.73
		This contig is partially unaligned. (Aligned 88 out of 12214 bases)
		Alignment: 507912 507998 | 3659 3572 | 87 88 | 97.73 | Ruminococcus_obeum_A2-162_gi_479176048_ref_NC_ scaffold-2454
		Unaligned bases: 1 to 3571 (3571)
		Unaligned bases: 3660 to 12214 (8555)

CONTIG: scaffold-2481 (3089bp)
Top Length: 1213  Top ID: 98.19
		This contig is partially unaligned. (Aligned 1213 out of 3089 bases)
		Alignment: 392626 393838 | 1213 1 | 1213 1213 | 98.19 | Ruminococcus_obeum_A2-162_gi_479176048_ref_NC_ scaffold-2481
		Unaligned bases: 1214 to 3089 (1876)
		This contig has both significant aligned and unaligned parts (of length >= min-contig)! It can contain interspecies translocations

CONTIG: scaffold-2484 (1774bp)
Top Length: 445  Top ID: 96.18
		This contig is partially unaligned. (Aligned 445 out of 1774 bases)
		Alignment: 3661016 3661460 | 1774 1330 | 445 445 | 96.18 | Ruminococcus_obeum_A2-162_gi_479176048_ref_NC_ scaffold-2484
		Unaligned bases: 1 to 1329 (1329)

CONTIG: scaffold-2488 (2119bp)
Top Length: 91  Top ID: 96.7
		This contig is partially unaligned. (Aligned 91 out of 2119 bases)
		Alignment: 405700 405790 | 1424 1514 | 91 91 | 96.7 | Ruminococcus_obeum_A2-162_gi_479176048_ref_NC_ scaffold-2488
		Unaligned bases: 1 to 1423 (1423)
		Unaligned bases: 1515 to 2119 (605)

CONTIG: scaffold-2527 (2156bp)
Top Length: 745  Top ID: 95.03
		This contig is misassembled. 3 total aligns.
			Real Alignment 1: 3659185 3659888 | 704 1 | 704 704 | 95.03 | Ruminococcus_obeum_A2-162_gi_479176048_ref_NC_ scaffold-2527
			  Overlap between these two alignments (local misassembly). Inconsistency = -153 
			Real Alignment 2: 3658568 3659312 | 1474 730 | 745 745 | 95.03 | Ruminococcus_obeum_A2-162_gi_479176048_ref_NC_ scaffold-2527
			  Overlap between these two alignments (local misassembly). Inconsistency = -135 
			Real Alignment 3: 3658021 3658566 | 2156 1611 | 546 546 | 96.7 | Ruminococcus_obeum_A2-162_gi_479176048_ref_NC_ scaffold-2527

CONTIG: scaffold-2555 (3155bp)
Top Length: 1382  Top ID: 98.84
		This contig is misassembled. 2 total aligns.
			Real Alignment 1: 511383 511785 | 1643 1241 | 403 403 | 97.02 | Ruminococcus_obeum_A2-162_gi_479176048_ref_NC_ scaffold-2555
			  Overlap between these two alignments (local misassembly). Inconsistency = -523 
			Real Alignment 2: 510394 511775 | 3155 1774 | 1382 1382 | 98.84 | Ruminococcus_obeum_A2-162_gi_479176048_ref_NC_ scaffold-2555
		This contig has significant unaligned parts (of length >= min-contig)! It can contain interspecies translocations

CONTIG: scaffold-3074 (1717bp)
Top Length: 95  Top ID: 97.89
		This contig is partially unaligned. (Aligned 95 out of 1717 bases)
		Alignment: 2785882 2785976 | 1589 1683 | 95 95 | 97.89 | Ruminococcus_obeum_A2-162_gi_479176048_ref_NC_ scaffold-3074
		Unaligned bases: 1 to 1588 (1588)
		Unaligned bases: 1684 to 1717 (34)

CONTIG: scaffold-4666 (809bp)
Top Length: 83  Top ID: 98.8
		This contig is partially unaligned. (Aligned 83 out of 809 bases)
		Alignment: 386205 386287 | 804 722 | 83 83 | 98.8 | Ruminococcus_obeum_A2-162_gi_479176048_ref_NC_ scaffold-4666
		Unaligned bases: 1 to 721 (721)
		Unaligned bases: 805 to 809 (5)

CONTIG: scaffold-4880 (789bp)
Top Length: 789  Top ID: 99.37
		One align captures most of this contig: 1160912 1161700 | 789 1 | 789 789 | 99.37 | Ruminococcus_obeum_A2-162_gi_479176048_ref_NC_ scaffold-4880

CONTIG: scaffold-5537 (739bp)
Top Length: 739  Top ID: 99.86
		One align captures most of this contig: 638192 638930 | 1 739 | 739 739 | 99.86 | Ruminococcus_obeum_A2-162_gi_479176048_ref_NC_ scaffold-5537

CONTIG: scaffold-5600 (814bp)
Top Length: 812  Top ID: 96.67
		One align captures most of this contig: 3648466 3649277 | 3 814 | 812 812 | 96.67 | Ruminococcus_obeum_A2-162_gi_479176048_ref_NC_ scaffold-5600

CONTIG: scaffold-5754 (1735bp)
Top Length: 1735  Top ID: 99.88
		One align captures most of this contig: 1054847 1056581 | 1 1735 | 1735 1735 | 99.88 | Ruminococcus_obeum_A2-162_gi_479176048_ref_NC_ scaffold-5754

CONTIG: scaffold-6133 (546bp)
Top Length: 546  Top ID: 100.0
		One align captures most of this contig: 3615485 3616030 | 546 1 | 546 546 | 100.0 | Ruminococcus_obeum_A2-162_gi_479176048_ref_NC_ scaffold-6133

CONTIG: scaffold-7101 (545bp)
Top Length: 542  Top ID: 96.68
		One align captures most of this contig: 3605029 3605570 | 542 1 | 542 542 | 96.68 | Ruminococcus_obeum_A2-162_gi_479176048_ref_NC_ scaffold-7101

CONTIG: scaffold-7118 (774bp)
Top Length: 774  Top ID: 95.35
		One align captures most of this contig: 3662951 3663724 | 1 774 | 774 774 | 95.35 | Ruminococcus_obeum_A2-162_gi_479176048_ref_NC_ scaffold-7118

CONTIG: scaffold-8413 (564bp)
Top Length: 133  Top ID: 99.25
		This contig is partially unaligned. (Aligned 133 out of 564 bases)
		Alignment: 1154856 1154988 | 133 1 | 133 133 | 99.25 | Ruminococcus_obeum_A2-162_gi_479176048_ref_NC_ scaffold-8413
		Unaligned bases: 134 to 564 (431)

CONTIG: scaffold-8424 (1829bp)
Top Length: 320  Top ID: 97.5
		This contig is partially unaligned. (Aligned 320 out of 1829 bases)
		Alignment: 3231335 3231653 | 1510 1829 | 319 320 | 97.5 | Ruminococcus_obeum_A2-162_gi_479176048_ref_NC_ scaffold-8424
		Unaligned bases: 1 to 1509 (1509)

CONTIG: scaffold-8459 (610bp)
Top Length: 610  Top ID: 95.08
		One align captures most of this contig: 3611719 3612328 | 610 1 | 610 610 | 95.08 | Ruminococcus_obeum_A2-162_gi_479176048_ref_NC_ scaffold-8459

CONTIG: scaffold-8815 (1796bp)
Top Length: 338  Top ID: 95.86
		This contig is partially unaligned. (Aligned 338 out of 1796 bases)
		Alignment: 1635967 1636304 | 59 396 | 338 338 | 95.86 | Ruminococcus_obeum_A2-162_gi_479176048_ref_NC_ scaffold-8815
		Unaligned bases: 1 to 58 (58)
		Unaligned bases: 397 to 1796 (1400)

CONTIG: scaffold-8875 (1919bp)
Top Length: 1919  Top ID: 98.38
		One align captures most of this contig: 845986 847904 | 1 1919 | 1919 1919 | 98.38 | Ruminococcus_obeum_A2-162_gi_479176048_ref_NC_ scaffold-8875

CONTIG: scaffold-10246 (1118bp)
Top Length: 306  Top ID: 98.7
		This contig is partially unaligned. (Aligned 306 out of 1118 bases)
		Alignment: 393808 394113 | 1118 813 | 306 306 | 98.7 | Ruminococcus_obeum_A2-162_gi_479176048_ref_NC_ scaffold-10246
		Unaligned bases: 1 to 812 (812)

CONTIG: scaffold-13822 (570bp)
Top Length: 570  Top ID: 97.02
		One align captures most of this contig: 552893 553462 | 570 1 | 570 570 | 97.02 | Ruminococcus_obeum_A2-162_gi_479176048_ref_NC_ scaffold-13822

CONTIG: scaffold-19242 (531bp)
Top Length: 530  Top ID: 96.23
		One align captures most of this contig: 3660194 3660723 | 531 2 | 530 530 | 96.23 | Ruminococcus_obeum_A2-162_gi_479176048_ref_NC_ scaffold-19242

CONTIG: scaffold-20665 (2391bp)
Top Length: 1158  Top ID: 95.51
		This contig is partially unaligned. (Aligned 1158 out of 2391 bases)
		Alignment: 445377 446534 | 2391 1234 | 1158 1158 | 95.51 | Ruminococcus_obeum_A2-162_gi_479176048_ref_NC_ scaffold-20665
		Unaligned bases: 1 to 1233 (1233)
		This contig has both significant aligned and unaligned parts (of length >= min-contig)! It can contain interspecies translocations

CONTIG: scaffold-27695 (1024bp)
Top Length: 1024  Top ID: 97.66
		One align captures most of this contig: 3649591 3650614 | 1024 1 | 1024 1024 | 97.66 | Ruminococcus_obeum_A2-162_gi_479176048_ref_NC_ scaffold-27695

CONTIG: scaffold-28606 (1686bp)
Top Length: 1683  Top ID: 97.56
		One align captures most of this contig: 395480 397162 | 1686 4 | 1683 1683 | 97.56 | Ruminococcus_obeum_A2-162_gi_479176048_ref_NC_ scaffold-28606

CONTIG: scaffold-38123 (701bp)
Top Length: 701  Top ID: 99.14
		One align captures most of this contig: 546848 547548 | 701 1 | 701 701 | 99.14 | Ruminococcus_obeum_A2-162_gi_479176048_ref_NC_ scaffold-38123

CONTIG: scaffold-40920 (995bp)
Top Length: 991  Top ID: 98.89
		Marking as insignificant: 592758 593533 | 995 220 | 776 776 | 96.65 | Ruminococcus_obeum_A2-162_gi_479176048_ref_NC_ scaffold-40920
		One align captures most of this contig: 424082 425071 | 991 1 | 990 991 | 98.89 | Ruminococcus_obeum_A2-162_gi_479176048_ref_NC_ scaffold-40920

CONTIG: scaffold-52509 (1097bp)
Top Length: 1097  Top ID: 98.45
		One align captures most of this contig: 380011 381107 | 1 1097 | 1097 1097 | 98.45 | Ruminococcus_obeum_A2-162_gi_479176048_ref_NC_ scaffold-52509

CONTIG: scaffold-54634 (724bp)
Top Length: 720  Top ID: 96.11
		One align captures most of this contig: 440851 441570 | 720 1 | 720 720 | 96.11 | Ruminococcus_obeum_A2-162_gi_479176048_ref_NC_ scaffold-54634

CONTIG: scaffold-56561 (989bp)
Top Length: 989  Top ID: 97.98
		One align captures most of this contig: 786022 787007 | 1 989 | 986 989 | 97.98 | Ruminococcus_obeum_A2-162_gi_479176048_ref_NC_ scaffold-56561

CONTIG: scaffold-60645 (681bp)
Top Length: 672  Top ID: 96.59
		One align captures most of this contig: 387504 388176 | 3 674 | 673 672 | 96.59 | Ruminococcus_obeum_A2-162_gi_479176048_ref_NC_ scaffold-60645

CONTIG: scaffold-63937 (910bp)
Top Length: 910  Top ID: 98.57
		One align captures most of this contig: 3231383 3232291 | 910 1 | 909 910 | 98.57 | Ruminococcus_obeum_A2-162_gi_479176048_ref_NC_ scaffold-63937

CONTIG: scaffold-67491 (1259bp)
Top Length: 1256  Top ID: 98.49
		One align captures most of this contig: 381685 382940 | 1259 4 | 1256 1256 | 98.49 | Ruminococcus_obeum_A2-162_gi_479176048_ref_NC_ scaffold-67491

CONTIG: scaffold-67666 (579bp)
Top Length: 578  Top ID: 95.5
		One align captures most of this contig: 3600380 3600956 | 2 579 | 577 578 | 95.5 | Ruminococcus_obeum_A2-162_gi_479176048_ref_NC_ scaffold-67666

CONTIG: scaffold-70422 (544bp)
Top Length: 544  Top ID: 99.63
		One align captures most of this contig: 2297236 2297779 | 544 1 | 544 544 | 99.63 | Ruminococcus_obeum_A2-162_gi_479176048_ref_NC_ scaffold-70422

CONTIG: scaffold-77186 (809bp)
Top Length: 809  Top ID: 99.51
		One align captures most of this contig: 1057168 1057976 | 809 1 | 809 809 | 99.51 | Ruminococcus_obeum_A2-162_gi_479176048_ref_NC_ scaffold-77186

CONTIG: scaffold-97541 (575bp)
Top Length: 574  Top ID: 95.99
		One align captures most of this contig: 3657201 3657774 | 574 1 | 574 574 | 95.99 | Ruminococcus_obeum_A2-162_gi_479176048_ref_NC_ scaffold-97541

CONTIG: scaffold-98526 (592bp)
Top Length: 592  Top ID: 98.31
		One align captures most of this contig: 446836 447427 | 592 1 | 592 592 | 98.31 | Ruminococcus_obeum_A2-162_gi_479176048_ref_NC_ scaffold-98526

CONTIG: scaffold-104759 (532bp)
Top Length: 532  Top ID: 97.56
		One align captures most of this contig: 588796 589327 | 532 1 | 532 532 | 97.56 | Ruminococcus_obeum_A2-162_gi_479176048_ref_NC_ scaffold-104759

CONTIG: scaffold-108499 (721bp)
Top Length: 719  Top ID: 98.33
		One align captures most of this contig: 1136469 1137187 | 719 1 | 719 719 | 98.33 | Ruminococcus_obeum_A2-162_gi_479176048_ref_NC_ scaffold-108499

CONTIG: scaffold-109200 (647bp)
Top Length: 266  Top ID: 97.75
		This contig is partially unaligned. (Aligned 266 out of 647 bases)
		Alignment: 2303631 2303897 | 266 1 | 267 266 | 97.75 | Ruminococcus_obeum_A2-162_gi_479176048_ref_NC_ scaffold-109200
		Unaligned bases: 267 to 647 (381)

CONTIG: scaffold-126061 (2066bp)
Top Length: 498  Top ID: 97.39
		This contig is partially unaligned. (Aligned 498 out of 2066 bases)
		Alignment: 3717445 3717943 | 1508 2005 | 499 498 | 97.39 | Ruminococcus_obeum_A2-162_gi_479176048_ref_NC_ scaffold-126061
		Unaligned bases: 1 to 1507 (1507)
		Unaligned bases: 2006 to 2066 (61)

CONTIG: scaffold-129142 (627bp)
Top Length: 627  Top ID: 99.04
		One align captures most of this contig: 548468 549094 | 1 627 | 627 627 | 99.04 | Ruminococcus_obeum_A2-162_gi_479176048_ref_NC_ scaffold-129142

CONTIG: scaffold-168292 (607bp)
Top Length: 607  Top ID: 97.05
		One align captures most of this contig: 2313780 2314389 | 607 1 | 610 607 | 97.05 | Ruminococcus_obeum_A2-162_gi_479176048_ref_NC_ scaffold-168292

CONTIG: scaffold-178108 (655bp)
Top Length: 650  Top ID: 97.08
		One align captures most of this contig: 398092 398741 | 1 650 | 650 650 | 97.08 | Ruminococcus_obeum_A2-162_gi_479176048_ref_NC_ scaffold-178108

Analyzing coverage...
Writing SNPs into /Molly/gurevich/MetaQUAST/res_final/res_metahit_final/runs_per_reference/Ruminococcus_obeum_A2-162/contigs_reports/nucmer_output/Ray.used_snps
	Reference Ruminococcus_obeum_A2-162_gi_479176048_ref_NC_: 69 total alignments. 1 total regions.
		Region: 1 to 3757491 (3757491 bp)
			START in gap: 1 to 379413 (379412 bp)
			Align 1: 379413 379647 scaffold-2325 235 1
				Gap between this and next alignment: 379647 to 380011 (363 bp)
				Next Alignment: 380011 381107 scaffold-52509 1 1097

			Align 2: 380011 381107 scaffold-52509 1 1097
				Gap between this and next alignment: 381107 to 381685 (577 bp)
				Next Alignment: 381685 382940 scaffold-67491 1259 4

			Align 3: 381685 382940 scaffold-67491 1259 4
				Gap between this and next alignment: 382940 to 383232 (291 bp)
				Next Alignment: 383232 383688 scaffold-2013 1 457

			Align 4: 383232 383688 scaffold-2013 1 457
				Gap between this and next alignment: 383688 to 385079 (1390 bp)
				Next Alignment: 385079 391257 scaffold-1082 6178 1

			Align 5: 385079 391257 scaffold-1082 6178 1
				The next alignment (386205 386287 scaffold-4666 804 722) is redundant. Skipping.
				The next alignment (387504 388176 scaffold-60645 3 674) is redundant. Skipping.
				Gap between this and next alignment: 391257 to 392626 (1368 bp)
				Next Alignment: 392626 393838 scaffold-2481 1213 1

			Align 8: 392626 393838 scaffold-2481 1213 1
				Negative gap (overlap) between this and next alignment: 393838 to 393808 (-30 bp)
				Next Alignment: 393808 394113 scaffold-10246 1118 813

			Previous gap was negative, modifying coordinates to ignore overlap
				Moving contig start from 1118 to 1087.
			Align 9: 393839 394113 scaffold-10246 1087 813
				Gap between this and next alignment: 394113 to 395480 (1366 bp)
				Next Alignment: 395480 397162 scaffold-28606 1686 4

			Align 10: 395480 397162 scaffold-28606 1686 4
				Gap between this and next alignment: 397162 to 398092 (929 bp)
				Next Alignment: 398092 398741 scaffold-178108 1 650

			Align 11: 398092 398741 scaffold-178108 1 650
				Gap between this and next alignment: 398741 to 405700 (6958 bp)
				Next Alignment: 405700 405790 scaffold-2488 1424 1514

			Align 12: 405700 405790 scaffold-2488 1424 1514
				Gap between this and next alignment: 405790 to 424082 (18291 bp)
				Next Alignment: 424082 425071 scaffold-40920 991 1

			Align 13: 424082 425071 scaffold-40920 991 1
				Gap between this and next alignment: 425071 to 440851 (15779 bp)
				Next Alignment: 440851 441570 scaffold-54634 720 1

			Align 14: 440851 441570 scaffold-54634 720 1
				Gap between this and next alignment: 441570 to 445377 (3806 bp)
				Next Alignment: 445377 446534 scaffold-20665 2391 1234

			Align 15: 445377 446534 scaffold-20665 2391 1234
				Gap between this and next alignment: 446534 to 446836 (301 bp)
				Next Alignment: 446836 447427 scaffold-98526 592 1

			Align 16: 446836 447427 scaffold-98526 592 1
				Gap between this and next alignment: 447427 to 507912 (60484 bp)
				Next Alignment: 507912 507998 scaffold-2454 3659 3572

			Align 17: 507912 507998 scaffold-2454 3659 3572
				Gap between this and next alignment: 507998 to 510394 (2395 bp)
				Next Alignment: 510394 511775 scaffold-2555 3155 1774

			Align 18: 510394 511775 scaffold-2555 3155 1774
				Negative gap (overlap) between this and next alignment: 511775 to 511383 (-392 bp)
				Next Alignment: 511383 511785 scaffold-2555 1643 1241

			Previous gap was negative, modifying coordinates to ignore overlap
				Moving contig start from 1643 to 1250.
			Align 19: 511776 511785 scaffold-2555 1250 1241
				Gap between this and next alignment: 511785 to 546848 (35062 bp)
				Next Alignment: 546848 547548 scaffold-38123 701 1

			Align 20: 546848 547548 scaffold-38123 701 1
				Gap between this and next alignment: 547548 to 548468 (919 bp)
				Next Alignment: 548468 549094 scaffold-129142 1 627

			Align 21: 548468 549094 scaffold-129142 1 627
				Gap between this and next alignment: 549094 to 552893 (3798 bp)
				Next Alignment: 552893 553462 scaffold-13822 570 1

			Align 22: 552893 553462 scaffold-13822 570 1
				Gap between this and next alignment: 553462 to 588796 (35333 bp)
				Next Alignment: 588796 589327 scaffold-104759 532 1

			Align 23: 588796 589327 scaffold-104759 532 1
				Gap between this and next alignment: 589327 to 638192 (48864 bp)
				Next Alignment: 638192 638930 scaffold-5537 1 739

			Align 24: 638192 638930 scaffold-5537 1 739
				Gap between this and next alignment: 638930 to 775758 (136827 bp)
				Next Alignment: 775758 776205 scaffold-1141 2436 1988

			Align 25: 775758 776205 scaffold-1141 2436 1988
				Negative gap (overlap) between this and next alignment: 776205 to 776205 (0 bp)
				Next Alignment: 776205 777547 scaffold-1141 1831 489

			Previous gap was negative, modifying coordinates to ignore overlap
				Moving contig start from 1831 to 1830.
			Align 26: 776206 777547 scaffold-1141 1830 489
				Gap between this and next alignment: 777547 to 777740 (192 bp)
				Next Alignment: 777740 778234 scaffold-1141 495 1

			Align 27: 777740 778234 scaffold-1141 495 1
				Negative gap (overlap) between this and next alignment: 778234 to 777973 (-261 bp)
				Next Alignment: 777973 778416 scaffold-1634 1 444

			Previous gap was negative, modifying coordinates to ignore overlap
				Moving contig start from 1 to 263.
			Align 28: 778235 778416 scaffold-1634 263 444
				Gap between this and next alignment: 778416 to 786022 (7605 bp)
				Next Alignment: 786022 787007 scaffold-56561 1 989

			Align 29: 786022 787007 scaffold-56561 1 989
				Gap between this and next alignment: 787007 to 845986 (58978 bp)
				Next Alignment: 845986 847904 scaffold-8875 1 1919

			Align 30: 845986 847904 scaffold-8875 1 1919
				Gap between this and next alignment: 847904 to 1054847 (206942 bp)
				Next Alignment: 1054847 1056581 scaffold-5754 1 1735

			Align 31: 1054847 1056581 scaffold-5754 1 1735
				Gap between this and next alignment: 1056581 to 1057168 (586 bp)
				Next Alignment: 1057168 1057976 scaffold-77186 809 1

			Align 32: 1057168 1057976 scaffold-77186 809 1
				Gap between this and next alignment: 1057976 to 1136469 (78492 bp)
				Next Alignment: 1136469 1137187 scaffold-108499 719 1

			Align 33: 1136469 1137187 scaffold-108499 719 1
				Gap between this and next alignment: 1137187 to 1154856 (17668 bp)
				Next Alignment: 1154856 1154988 scaffold-8413 133 1

			Align 34: 1154856 1154988 scaffold-8413 133 1
				Gap between this and next alignment: 1154988 to 1160912 (5923 bp)
				Next Alignment: 1160912 1161700 scaffold-4880 789 1

			Align 35: 1160912 1161700 scaffold-4880 789 1
				Gap between this and next alignment: 1161700 to 1635967 (474266 bp)
				Next Alignment: 1635967 1636304 scaffold-8815 59 396

			Align 36: 1635967 1636304 scaffold-8815 59 396
				Gap between this and next alignment: 1636304 to 2297236 (660931 bp)
				Next Alignment: 2297236 2297779 scaffold-70422 544 1

			Align 37: 2297236 2297779 scaffold-70422 544 1
				Gap between this and next alignment: 2297779 to 2303631 (5851 bp)
				Next Alignment: 2303631 2303897 scaffold-109200 266 1

			Align 38: 2303631 2303897 scaffold-109200 266 1
				Gap between this and next alignment: 2303897 to 2313780 (9882 bp)
				Next Alignment: 2313780 2314389 scaffold-168292 607 1

			Align 39: 2313780 2314389 scaffold-168292 607 1
				Gap between this and next alignment: 2314389 to 2413760 (99370 bp)
				Next Alignment: 2413760 2413833 scaffold-298 33035 33108

			Align 40: 2413760 2413833 scaffold-298 33035 33108
				Gap between this and next alignment: 2413833 to 2785882 (372048 bp)
				Next Alignment: 2785882 2785976 scaffold-3074 1589 1683

			Align 41: 2785882 2785976 scaffold-3074 1589 1683
				Gap between this and next alignment: 2785976 to 3231335 (445358 bp)
				Next Alignment: 3231335 3231653 scaffold-8424 1510 1829

			Align 42: 3231335 3231653 scaffold-8424 1510 1829
				Negative gap (overlap) between this and next alignment: 3231653 to 3231383 (-270 bp)
				Next Alignment: 3231383 3232291 scaffold-63937 910 1

			Previous gap was negative, modifying coordinates to ignore overlap
				Moving contig start from 910 to 638.
			Align 43: 3231654 3232291 scaffold-63937 638 1
				Gap between this and next alignment: 3232291 to 3232693 (401 bp)
				Next Alignment: 3232693 3233602 scaffold-2211 1 910

			Align 44: 3232693 3233602 scaffold-2211 1 910
				Gap between this and next alignment: 3233602 to 3233630 (27 bp)
				Next Alignment: 3233630 3234138 scaffold-2211 1081 1589

			Align 45: 3233630 3234138 scaffold-2211 1081 1589
				Gap between this and next alignment: 3234138 to 3600380 (366241 bp)
				Next Alignment: 3600380 3600956 scaffold-67666 2 579

			Align 46: 3600380 3600956 scaffold-67666 2 579
				Gap between this and next alignment: 3600956 to 3602937 (1980 bp)
				Next Alignment: 3602937 3603829 scaffold-2324 2669 3561

			Align 47: 3602937 3603829 scaffold-2324 2669 3561
				Negative gap (overlap) between this and next alignment: 3603829 to 3603809 (-20 bp)
				Next Alignment: 3603809 3604698 scaffold-2324 3739 4628

			Previous gap was negative, modifying coordinates to ignore overlap
				Moving contig start from 3739 to 3760.
			Align 48: 3603830 3604698 scaffold-2324 3760 4628
				Gap between this and next alignment: 3604698 to 3605029 (330 bp)
				Next Alignment: 3605029 3605570 scaffold-7101 542 1

			Align 49: 3605029 3605570 scaffold-7101 542 1
				Gap between this and next alignment: 3605570 to 3605686 (115 bp)
				Next Alignment: 3605686 3606324 scaffold-2188 4 642

			Align 50: 3605686 3606324 scaffold-2188 4 642
				Gap between this and next alignment: 3606324 to 3606467 (142 bp)
				Next Alignment: 3606467 3607929 scaffold-2188 938 2400

			Align 51: 3606467 3607929 scaffold-2188 938 2400
				Negative gap (overlap) between this and next alignment: 3607929 to 3607923 (-6 bp)
				Next Alignment: 3607923 3608387 scaffold-2188 2549 3013

			Previous gap was negative, modifying coordinates to ignore overlap
				Moving contig start from 2549 to 2556.
			Align 52: 3607930 3608387 scaffold-2188 2556 3013
				Gap between this and next alignment: 3608387 to 3610775 (2387 bp)
				Next Alignment: 3610775 3611266 scaffold-1835 2453 2944

			Align 53: 3610775 3611266 scaffold-1835 2453 2944
				Gap between this and next alignment: 3611266 to 3611719 (452 bp)
				Next Alignment: 3611719 3612328 scaffold-8459 610 1

			Align 54: 3611719 3612328 scaffold-8459 610 1
				Gap between this and next alignment: 3612328 to 3615485 (3156 bp)
				Next Alignment: 3615485 3616030 scaffold-6133 546 1

			Align 55: 3615485 3616030 scaffold-6133 546 1
				Gap between this and next alignment: 3616030 to 3640635 (24604 bp)
				Next Alignment: 3640635 3640874 scaffold-2420 2087 2326

			Align 56: 3640635 3640874 scaffold-2420 2087 2326
				Gap between this and next alignment: 3640874 to 3645878 (5003 bp)
				Next Alignment: 3645878 3646572 scaffold-1466 695 1

			Align 57: 3645878 3646572 scaffold-1466 695 1
				Gap between this and next alignment: 3646572 to 3648466 (1893 bp)
				Next Alignment: 3648466 3649277 scaffold-5600 3 814

			Align 58: 3648466 3649277 scaffold-5600 3 814
				Gap between this and next alignment: 3649277 to 3649591 (313 bp)
				Next Alignment: 3649591 3650614 scaffold-27695 1024 1

			Align 59: 3649591 3650614 scaffold-27695 1024 1
				Gap between this and next alignment: 3650614 to 3652188 (1573 bp)
				Next Alignment: 3652188 3652752 scaffold-1809 802 1366

			Align 60: 3652188 3652752 scaffold-1809 802 1366
				Gap between this and next alignment: 3652752 to 3653710 (957 bp)
				Next Alignment: 3653710 3654455 scaffold-2410 1 746

			Align 61: 3653710 3654455 scaffold-2410 1 746
				Gap between this and next alignment: 3654455 to 3657201 (2745 bp)
				Next Alignment: 3657201 3657774 scaffold-97541 574 1

			Align 62: 3657201 3657774 scaffold-97541 574 1
				Gap between this and next alignment: 3657774 to 3658021 (246 bp)
				Next Alignment: 3658021 3658566 scaffold-2527 2156 1611

			Align 63: 3658021 3658566 scaffold-2527 2156 1611
				Gap between this and next alignment: 3658566 to 3658568 (1 bp)
				Next Alignment: 3658568 3659312 scaffold-2527 1474 730

			Align 64: 3658568 3659312 scaffold-2527 1474 730
				Negative gap (overlap) between this and next alignment: 3659312 to 3659185 (-127 bp)
				Next Alignment: 3659185 3659888 scaffold-2527 704 1

			Previous gap was negative, modifying coordinates to ignore overlap
				Moving contig start from 704 to 576.
			Align 65: 3659313 3659888 scaffold-2527 576 1
				Gap between this and next alignment: 3659888 to 3660194 (305 bp)
				Next Alignment: 3660194 3660723 scaffold-19242 531 2

			Align 66: 3660194 3660723 scaffold-19242 531 2
				Gap between this and next alignment: 3660723 to 3661016 (292 bp)
				Next Alignment: 3661016 3661460 scaffold-2484 1774 1330

			Align 67: 3661016 3661460 scaffold-2484 1774 1330
				Gap between this and next alignment: 3661460 to 3662951 (1490 bp)
				Next Alignment: 3662951 3663724 scaffold-7118 1 774

			Align 68: 3662951 3663724 scaffold-7118 1 774
				Gap between this and next alignment: 3663724 to 3717445 (53720 bp)
				Next Alignment: 3717445 3717943 scaffold-126061 1508 2005

			Align 69: 3717445 3717943 scaffold-126061 1508 2005
			END in gap: 3717943 to 3757491 (39548 bp)

Analysis is finished!
Founded SNPs were written into /Molly/gurevich/MetaQUAST/res_final/res_metahit_final/runs_per_reference/Ruminococcus_obeum_A2-162/contigs_reports/nucmer_output/Ray.used_snps

Results:
	Local Misassemblies: 6
	Misassemblies: 0
		Relocations: 0
		Translocations: 0
		Inversions: 0
	Fake misassemblies matched with structural variations: 0
	Misassembled Contigs: 0
	Misassembled Contig Bases: 0
	Misassemblies Inter-Contig Overlap: 0
Uncovered Regions: 0 (0)
Unaligned Contigs: 0 + 25 part
Partially Unaligned Contigs with Misassemblies: 2
Unaligned Contig Bases: 120659

Ambiguously Mapped Contigs: 0
Total Bases in Ambiguously Mapped Contigs: 0
Note that --allow-ambiguity option was set to "one" and only first alignment per each contig was used.

	Covered Bases: 50965

	SNPs: 1267
	Insertions: 11
	Deletions: 9

	Positive Gaps: 60
		Internal Gaps:  4
		External Gaps:  56
		External Gap Total:  3706164
		External Gap Average: 66182
	Negative Gaps: 8
		Internal Overlaps:  5
		External Overlaps:  3
		External Overlaps Total: -561
		External Overlaps Average: -187
	Contigs with Redundant Alignments: 1 (756)
