Aligning contigs to reference...
	Using existing Nucmer alignments...
Parsing coords...
Loading reference...
	Loaded [Rhodobacter_sphaeroides_gi_484336764_ref_NZ_]
	Loaded [Rhodobacter_sphaeroides_gi_484336767_ref_NZ_]
	Loaded [Rhodobacter_sphaeroides_gi_484336769_ref_NZ_]
	Loaded [Rhodobacter_sphaeroides_gi_484336771_ref_NZ_]
	Loaded [Rhodobacter_sphaeroides_gi_484336773_ref_NZ_]
	Loaded [Rhodobacter_sphaeroides_gi_484336775_ref_NZ_]
	Loaded [Rhodobacter_sphaeroides_gi_484336777_ref_NZ_]
Loading SNPs...
Loading regions...
	No regions given, using whole reference.
	Total Regions: 7
	Total Region Length: 4628173
Analyzing contigs...
CONTIG: scaffold-86406 (564bp)
Top Length: 564  Top ID: 100.0
		Marking as insignificant: 42214 42480 | 267 1 | 267 267 | 100.0 | Rhodobacter_sphaeroides_gi_484336767_ref_NZ_ scaffold-86406
		One align captures most of this contig: 558835 559398 | 564 1 | 564 564 | 100.0 | Rhodobacter_sphaeroides_gi_484336764_ref_NZ_ scaffold-86406

Analyzing coverage...
Writing SNPs into /Molly/gurevich/MetaQUAST/res_final/res_cami_final/runs_per_reference/Rhodobacter_sphaeroides/contigs_reports/nucmer_output/Ray.used_snps
ERROR: Reference Rhodobacter_sphaeroides_gi_484336777_ref_NZ_ does not have any alignments!  Check that this is the same file used for alignment.
ERROR: Alignment Reference Headers: ['Rhodobacter_sphaeroides_gi_484336764_ref_NZ_']
ERROR: Reference Rhodobacter_sphaeroides_gi_484336771_ref_NZ_ does not have any alignments!  Check that this is the same file used for alignment.
ERROR: Alignment Reference Headers: ['Rhodobacter_sphaeroides_gi_484336764_ref_NZ_']
	Reference Rhodobacter_sphaeroides_gi_484336764_ref_NZ_: 1 total alignments. 1 total regions.
		Region: 1 to 3188521 (3188521 bp)
			START in gap: 1 to 558835 (558834 bp)
			Align 1: 558835 559398 scaffold-86406 564 1
			END in gap: 559398 to 3188521 (2629123 bp)

ERROR: Reference Rhodobacter_sphaeroides_gi_484336767_ref_NZ_ does not have any alignments!  Check that this is the same file used for alignment.
ERROR: Alignment Reference Headers: ['Rhodobacter_sphaeroides_gi_484336764_ref_NZ_']
ERROR: Reference Rhodobacter_sphaeroides_gi_484336769_ref_NZ_ does not have any alignments!  Check that this is the same file used for alignment.
ERROR: Alignment Reference Headers: ['Rhodobacter_sphaeroides_gi_484336764_ref_NZ_']
ERROR: Reference Rhodobacter_sphaeroides_gi_484336775_ref_NZ_ does not have any alignments!  Check that this is the same file used for alignment.
ERROR: Alignment Reference Headers: ['Rhodobacter_sphaeroides_gi_484336764_ref_NZ_']
ERROR: Reference Rhodobacter_sphaeroides_gi_484336773_ref_NZ_ does not have any alignments!  Check that this is the same file used for alignment.
ERROR: Alignment Reference Headers: ['Rhodobacter_sphaeroides_gi_484336764_ref_NZ_']
Analysis is finished!
Founded SNPs were written into /Molly/gurevich/MetaQUAST/res_final/res_cami_final/runs_per_reference/Rhodobacter_sphaeroides/contigs_reports/nucmer_output/Ray.used_snps

Results:
	Local Misassemblies: 0
	Misassemblies: 0
		Relocations: 0
		Translocations: 0
		Inversions: 0
	Fake misassemblies matched with structural variations: 0
	Misassembled Contigs: 0
	Misassembled Contig Bases: 0
	Misassemblies Inter-Contig Overlap: 0
Uncovered Regions: 0 (0)
Unaligned Contigs: 0 + 0 part
Partially Unaligned Contigs with Misassemblies: 0
Unaligned Contig Bases: 0

Ambiguously Mapped Contigs: 0
Total Bases in Ambiguously Mapped Contigs: 0
Note that --allow-ambiguity option was set to "one" and only first alignment per each contig was used.

	Covered Bases: 564

	SNPs: 0
	Insertions: 0
	Deletions: 0

	Positive Gaps: 2
		Internal Gaps:  0
		External Gaps:  2
		External Gap Total:  3187957
		External Gap Average: 1593978
	Negative Gaps: 0
		Internal Overlaps:  0
		External Overlaps:  0
		External Overlaps Total:  0
		External Overlaps Average: 0
	Contigs with Redundant Alignments: 0 (0)
