Aligning contigs to reference...
	Using existing Nucmer alignments...
Parsing coords...
Loading reference...
	Loaded [Rhodobacter_sphaeroides_gi_484336764_ref_NZ_]
	Loaded [Rhodobacter_sphaeroides_gi_484336767_ref_NZ_]
	Loaded [Rhodobacter_sphaeroides_gi_484336769_ref_NZ_]
	Loaded [Rhodobacter_sphaeroides_gi_484336771_ref_NZ_]
	Loaded [Rhodobacter_sphaeroides_gi_484336773_ref_NZ_]
	Loaded [Rhodobacter_sphaeroides_gi_484336775_ref_NZ_]
	Loaded [Rhodobacter_sphaeroides_gi_484336777_ref_NZ_]
Loading SNPs...
Loading regions...
	No regions given, using whole reference.
	Total Regions: 7
	Total Region Length: 4628173
Analyzing contigs...
CONTIG: C8222475__1.0 (567bp)
Top Length: 567  Top ID: 97.71
		One align captures most of this contig: 65706 66272 | 567 1 | 567 567 | 97.71 | Rhodobacter_sphaeroides_gi_484336769_ref_NZ_ C8222475__1.0

CONTIG: scaffold2710__3.0 (837bp)
Top Length: 114  Top ID: 99.12
		This contig is partially unaligned. (Aligned 114 out of 837 bases)
		Alignment: 46075 46188 | 724 837 | 114 114 | 99.12 | Rhodobacter_sphaeroides_gi_484336767_ref_NZ_ scaffold2710__3.0
		Unaligned bases: 1 to 723 (723)

CONTIG: scaffold3019__5.0 (716bp)
Top Length: 716  Top ID: 100.0
		This contig has 3 significant alignments. [An ambiguously mapped contig]
		Using only first of these alignment (option --ambiguity-usage is set to "one"):
		Alignment: 304 1019 | 1 716 | 716 716 | 100.0 | Rhodobacter_sphaeroides_gi_484336764_ref_NZ_ scaffold3019__5.0
		Skipping alignment  304 1019 | 1 716 | 716 716 | 100.0 | Rhodobacter_sphaeroides_gi_484336767_ref_NZ_ scaffold3019__5.0
		Skipping alignment  33977 34692 | 1 716 | 716 716 | 100.0 | Rhodobacter_sphaeroides_gi_484336767_ref_NZ_ scaffold3019__5.0

CONTIG: scaffold4168__3.4 (538bp)
Top Length: 538  Top ID: 99.63
		This contig has 3 significant alignments. [An ambiguously mapped contig]
		Using only first of these alignment (option --ambiguity-usage is set to "one"):
		Alignment: 1307 1844 | 538 1 | 538 538 | 99.63 | Rhodobacter_sphaeroides_gi_484336764_ref_NZ_ scaffold4168__3.4
		Skipping alignment  1307 1844 | 538 1 | 538 538 | 99.63 | Rhodobacter_sphaeroides_gi_484336767_ref_NZ_ scaffold4168__3.4
		Skipping alignment  34980 35517 | 538 1 | 538 538 | 99.63 | Rhodobacter_sphaeroides_gi_484336767_ref_NZ_ scaffold4168__3.4

CONTIG: scaffold4725__4.5 (1067bp)
Top Length: 1067  Top ID: 99.81
		This contig has 3 significant alignments. [An ambiguously mapped contig]
		Using only first of these alignment (option --ambiguity-usage is set to "one"):
		Alignment: 3610 4676 | 1067 1 | 1067 1067 | 99.81 | Rhodobacter_sphaeroides_gi_484336764_ref_NZ_ scaffold4725__4.5
		Skipping alignment  3610 4676 | 1067 1 | 1067 1067 | 99.81 | Rhodobacter_sphaeroides_gi_484336767_ref_NZ_ scaffold4725__4.5
		Skipping alignment  37283 38349 | 1067 1 | 1067 1067 | 99.81 | Rhodobacter_sphaeroides_gi_484336767_ref_NZ_ scaffold4725__4.5

CONTIG: scaffold9639__3.5 (1333bp)
Top Length: 861  Top ID: 99.65
		This contig is misassembled. 2 total aligns.
			Excluding internal overlap of size 380 between Alignment 1 and 2:  42214 42834 | 623 3 | 621 621 --> 42594 42834 | 243 3 | 241 241
			Real Alignment 1: 42594 42834 | 243 3 | 241 241 | 98.39 | Rhodobacter_sphaeroides_gi_484336767_ref_NZ_ scaffold9639__3.5
			  Extensive misassembly ( translocation ) between these two alignments
			Real Alignment 2: 558651 559511 | 1104 244 | 861 861 | 99.65 | Rhodobacter_sphaeroides_gi_484336764_ref_NZ_ scaffold9639__3.5

CONTIG: scaffold10003__2.1 (511bp)
Top Length: 511  Top ID: 95.37
		One align captures most of this contig: 218518 219035 | 1 511 | 518 511 | 95.37 | Rhodobacter_sphaeroides_gi_484336767_ref_NZ_ scaffold10003__2.1

CONTIG: C8213235__1.0 (501bp)
Top Length: 501  Top ID: 97.8
		One align captures most of this contig: 412579 413079 | 1 501 | 501 501 | 97.8 | Rhodobacter_sphaeroides_gi_484336767_ref_NZ_ C8213235__1.0

CONTIG: C8219203__1.0 (542bp)
Top Length: 542  Top ID: 98.15
		One align captures most of this contig: 390277 390818 | 1 542 | 542 542 | 98.15 | Rhodobacter_sphaeroides_gi_484336767_ref_NZ_ C8219203__1.0

CONTIG: C8228055__1.0 (615bp)
Top Length: 615  Top ID: 99.02
		One align captures most of this contig: 837717 838331 | 1 615 | 615 615 | 99.02 | Rhodobacter_sphaeroides_gi_484336767_ref_NZ_ C8228055__1.0

CONTIG: scaffold1163__1.2 (545bp)
Top Length: 545  Top ID: 96.04
		One align captures most of this contig: 1501117 1501671 | 1 545 | 555 545 | 96.04 | Rhodobacter_sphaeroides_gi_484336764_ref_NZ_ scaffold1163__1.2

CONTIG: scaffold1993__1.2 (526bp)
Top Length: 526  Top ID: 98.29
		One align captures most of this contig: 3082407 3082929 | 526 1 | 523 526 | 98.29 | Rhodobacter_sphaeroides_gi_484336764_ref_NZ_ scaffold1993__1.2

CONTIG: scaffold8211__2.0 (527bp)
Top Length: 527  Top ID: 96.99
		One align captures most of this contig: 885833 886364 | 1 527 | 532 527 | 96.99 | Rhodobacter_sphaeroides_gi_484336764_ref_NZ_ scaffold8211__2.0

CONTIG: scaffold9161__2.0 (682bp)
Top Length: 682  Top ID: 97.95
		One align captures most of this contig: 1176920 1177601 | 682 1 | 682 682 | 97.95 | Rhodobacter_sphaeroides_gi_484336764_ref_NZ_ scaffold9161__2.0

CONTIG: C8213553__1.0 (503bp)
Top Length: 503  Top ID: 98.01
		One align captures most of this contig: 967591 968093 | 503 1 | 503 503 | 98.01 | Rhodobacter_sphaeroides_gi_484336764_ref_NZ_ C8213553__1.0

CONTIG: C8215007__1.0 (513bp)
Top Length: 513  Top ID: 98.05
		One align captures most of this contig: 326080 326592 | 1 513 | 513 513 | 98.05 | Rhodobacter_sphaeroides_gi_484336764_ref_NZ_ C8215007__1.0

CONTIG: C8215957__2.0 (519bp)
Top Length: 519  Top ID: 97.5
		One align captures most of this contig: 1059479 1059997 | 1 519 | 519 519 | 97.5 | Rhodobacter_sphaeroides_gi_484336764_ref_NZ_ C8215957__2.0

CONTIG: C8216481__1.0 (523bp)
Top Length: 523  Top ID: 97.32
		One align captures most of this contig: 1444333 1444855 | 1 523 | 523 523 | 97.32 | Rhodobacter_sphaeroides_gi_484336764_ref_NZ_ C8216481__1.0

CONTIG: C8216927__1.0 (526bp)
Top Length: 526  Top ID: 97.72
		One align captures most of this contig: 1805704 1806227 | 526 1 | 524 526 | 97.72 | Rhodobacter_sphaeroides_gi_484336764_ref_NZ_ C8216927__1.0

CONTIG: C8217205__2.0 (528bp)
Top Length: 528  Top ID: 98.48
		One align captures most of this contig: 2322293 2322820 | 1 528 | 528 528 | 98.48 | Rhodobacter_sphaeroides_gi_484336764_ref_NZ_ C8217205__2.0

CONTIG: C8219251__2.0 (542bp)
Top Length: 542  Top ID: 96.49
		One align captures most of this contig: 1541784 1542325 | 1 542 | 542 542 | 96.49 | Rhodobacter_sphaeroides_gi_484336764_ref_NZ_ C8219251__2.0

CONTIG: C8219255__1.0 (542bp)
Top Length: 542  Top ID: 98.34
		One align captures most of this contig: 2480691 2481232 | 542 1 | 542 542 | 98.34 | Rhodobacter_sphaeroides_gi_484336764_ref_NZ_ C8219255__1.0

CONTIG: C8220883__1.0 (555bp)
Top Length: 555  Top ID: 97.12
		One align captures most of this contig: 362403 362958 | 1 555 | 556 555 | 97.12 | Rhodobacter_sphaeroides_gi_484336764_ref_NZ_ C8220883__1.0

CONTIG: C8222823__1.0 (570bp)
Top Length: 570  Top ID: 98.07
		One align captures most of this contig: 789658 790227 | 570 1 | 570 570 | 98.07 | Rhodobacter_sphaeroides_gi_484336764_ref_NZ_ C8222823__1.0

CONTIG: C8227007__2.0 (606bp)
Top Length: 606  Top ID: 99.67
		One align captures most of this contig: 1982187 1982792 | 606 1 | 606 606 | 99.67 | Rhodobacter_sphaeroides_gi_484336764_ref_NZ_ C8227007__2.0

CONTIG: C8228787__1.0 (622bp)
Top Length: 622  Top ID: 98.71
		One align captures most of this contig: 3182486 3183107 | 1 622 | 622 622 | 98.71 | Rhodobacter_sphaeroides_gi_484336764_ref_NZ_ C8228787__1.0

CONTIG: C8230703__2.0 (641bp)
Top Length: 641  Top ID: 99.22
		One align captures most of this contig: 293737 294377 | 1 641 | 641 641 | 99.22 | Rhodobacter_sphaeroides_gi_484336764_ref_NZ_ C8230703__2.0

CONTIG: C8231843__1.0 (653bp)
Top Length: 653  Top ID: 98.32
		One align captures most of this contig: 26026 26678 | 1 653 | 653 653 | 98.32 | Rhodobacter_sphaeroides_gi_484336764_ref_NZ_ C8231843__1.0

CONTIG: C8254259__3.0 (991bp)
Top Length: 991  Top ID: 98.69
		Marking as insignificant: 307363 307665 | 1 303 | 303 303 | 99.01 | Rhodobacter_sphaeroides_gi_484336764_ref_NZ_ C8254259__3.0
		One align captures most of this contig: 288686 289676 | 1 991 | 991 991 | 98.69 | Rhodobacter_sphaeroides_gi_484336764_ref_NZ_ C8254259__3.0

Analyzing coverage...
Writing SNPs into /Molly/gurevich/MetaQUAST/res_final/res_cami_final/runs_per_reference/Rhodobacter_sphaeroides/contigs_reports/nucmer_output/SOAPdenovo2.used_snps
ERROR: Reference Rhodobacter_sphaeroides_gi_484336777_ref_NZ_ does not have any alignments!  Check that this is the same file used for alignment.
ERROR: Alignment Reference Headers: ['Rhodobacter_sphaeroides_gi_484336767_ref_NZ_', 'Rhodobacter_sphaeroides_gi_484336769_ref_NZ_', 'Rhodobacter_sphaeroides_gi_484336764_ref_NZ_']
ERROR: Reference Rhodobacter_sphaeroides_gi_484336771_ref_NZ_ does not have any alignments!  Check that this is the same file used for alignment.
ERROR: Alignment Reference Headers: ['Rhodobacter_sphaeroides_gi_484336767_ref_NZ_', 'Rhodobacter_sphaeroides_gi_484336769_ref_NZ_', 'Rhodobacter_sphaeroides_gi_484336764_ref_NZ_']
	Reference Rhodobacter_sphaeroides_gi_484336764_ref_NZ_: 23 total alignments. 1 total regions.
		Region: 1 to 3188521 (3188521 bp)
			START in gap: 1 to 304 (303 bp)
			Align 1: 304 1019 scaffold3019__5.0 1 716
				Gap between this and next alignment: 1019 to 1307 (287 bp)
				Next Alignment: 1307 1844 scaffold4168__3.4 538 1

			Align 2: 1307 1844 scaffold4168__3.4 538 1
				Gap between this and next alignment: 1844 to 3610 (1765 bp)
				Next Alignment: 3610 4676 scaffold4725__4.5 1067 1

			Align 3: 3610 4676 scaffold4725__4.5 1067 1
				Gap between this and next alignment: 4676 to 26026 (21349 bp)
				Next Alignment: 26026 26678 C8231843__1.0 1 653

			Align 4: 26026 26678 C8231843__1.0 1 653
				Gap between this and next alignment: 26678 to 288686 (262007 bp)
				Next Alignment: 288686 289676 C8254259__3.0 1 991

			Align 5: 288686 289676 C8254259__3.0 1 991
				Gap between this and next alignment: 289676 to 293737 (4060 bp)
				Next Alignment: 293737 294377 C8230703__2.0 1 641

			Align 6: 293737 294377 C8230703__2.0 1 641
				Gap between this and next alignment: 294377 to 326080 (31702 bp)
				Next Alignment: 326080 326592 C8215007__1.0 1 513

			Align 7: 326080 326592 C8215007__1.0 1 513
				Gap between this and next alignment: 326592 to 362403 (35810 bp)
				Next Alignment: 362403 362958 C8220883__1.0 1 555

			Align 8: 362403 362958 C8220883__1.0 1 555
				Gap between this and next alignment: 362958 to 558651 (195692 bp)
				Next Alignment: 558651 559511 scaffold9639__3.5 1104 244

			Align 9: 558651 559511 scaffold9639__3.5 1104 244
				Gap between this and next alignment: 559511 to 789658 (230146 bp)
				Next Alignment: 789658 790227 C8222823__1.0 570 1

			Align 10: 789658 790227 C8222823__1.0 570 1
				Gap between this and next alignment: 790227 to 885833 (95605 bp)
				Next Alignment: 885833 886364 scaffold8211__2.0 1 527

			Align 11: 885833 886364 scaffold8211__2.0 1 527
				Gap between this and next alignment: 886364 to 967591 (81226 bp)
				Next Alignment: 967591 968093 C8213553__1.0 503 1

			Align 12: 967591 968093 C8213553__1.0 503 1
				Gap between this and next alignment: 968093 to 1059479 (91385 bp)
				Next Alignment: 1059479 1059997 C8215957__2.0 1 519

			Align 13: 1059479 1059997 C8215957__2.0 1 519
				Gap between this and next alignment: 1059997 to 1176920 (116922 bp)
				Next Alignment: 1176920 1177601 scaffold9161__2.0 682 1

			Align 14: 1176920 1177601 scaffold9161__2.0 682 1
				Gap between this and next alignment: 1177601 to 1444333 (266731 bp)
				Next Alignment: 1444333 1444855 C8216481__1.0 1 523

			Align 15: 1444333 1444855 C8216481__1.0 1 523
				Gap between this and next alignment: 1444855 to 1501117 (56261 bp)
				Next Alignment: 1501117 1501671 scaffold1163__1.2 1 545

			Align 16: 1501117 1501671 scaffold1163__1.2 1 545
				Gap between this and next alignment: 1501671 to 1541784 (40112 bp)
				Next Alignment: 1541784 1542325 C8219251__2.0 1 542

			Align 17: 1541784 1542325 C8219251__2.0 1 542
				Gap between this and next alignment: 1542325 to 1805704 (263378 bp)
				Next Alignment: 1805704 1806227 C8216927__1.0 526 1

			Align 18: 1805704 1806227 C8216927__1.0 526 1
				Gap between this and next alignment: 1806227 to 1982187 (175959 bp)
				Next Alignment: 1982187 1982792 C8227007__2.0 606 1

			Align 19: 1982187 1982792 C8227007__2.0 606 1
				Gap between this and next alignment: 1982792 to 2322293 (339500 bp)
				Next Alignment: 2322293 2322820 C8217205__2.0 1 528

			Align 20: 2322293 2322820 C8217205__2.0 1 528
				Gap between this and next alignment: 2322820 to 2480691 (157870 bp)
				Next Alignment: 2480691 2481232 C8219255__1.0 542 1

			Align 21: 2480691 2481232 C8219255__1.0 542 1
				Gap between this and next alignment: 2481232 to 3082407 (601174 bp)
				Next Alignment: 3082407 3082929 scaffold1993__1.2 526 1

			Align 22: 3082407 3082929 scaffold1993__1.2 526 1
				Gap between this and next alignment: 3082929 to 3182486 (99556 bp)
				Next Alignment: 3182486 3183107 C8228787__1.0 1 622

			Align 23: 3182486 3183107 C8228787__1.0 1 622
			END in gap: 3183107 to 3188521 (5414 bp)

	Reference Rhodobacter_sphaeroides_gi_484336767_ref_NZ_: 6 total alignments. 1 total regions.
		Region: 1 to 942929 (942929 bp)
			START in gap: 1 to 42594 (42593 bp)
			Align 1: 42594 42834 scaffold9639__3.5 243 3
				Gap between this and next alignment: 42834 to 46075 (3240 bp)
				Next Alignment: 46075 46188 scaffold2710__3.0 724 837

			Align 2: 46075 46188 scaffold2710__3.0 724 837
				Gap between this and next alignment: 46188 to 218518 (172329 bp)
				Next Alignment: 218518 219035 scaffold10003__2.1 1 511

			Align 3: 218518 219035 scaffold10003__2.1 1 511
				Gap between this and next alignment: 219035 to 390277 (171241 bp)
				Next Alignment: 390277 390818 C8219203__1.0 1 542

			Align 4: 390277 390818 C8219203__1.0 1 542
				Gap between this and next alignment: 390818 to 412579 (21760 bp)
				Next Alignment: 412579 413079 C8213235__1.0 1 501

			Align 5: 412579 413079 C8213235__1.0 1 501
				Gap between this and next alignment: 413079 to 837717 (424637 bp)
				Next Alignment: 837717 838331 C8228055__1.0 1 615

			Align 6: 837717 838331 C8228055__1.0 1 615
			END in gap: 838331 to 942929 (104598 bp)

	Reference Rhodobacter_sphaeroides_gi_484336769_ref_NZ_: 1 total alignments. 1 total regions.
		Region: 1 to 124310 (124310 bp)
			START in gap: 1 to 65706 (65705 bp)
			Align 1: 65706 66272 C8222475__1.0 567 1
			END in gap: 66272 to 124310 (58038 bp)

ERROR: Reference Rhodobacter_sphaeroides_gi_484336775_ref_NZ_ does not have any alignments!  Check that this is the same file used for alignment.
ERROR: Alignment Reference Headers: ['Rhodobacter_sphaeroides_gi_484336767_ref_NZ_', 'Rhodobacter_sphaeroides_gi_484336769_ref_NZ_', 'Rhodobacter_sphaeroides_gi_484336764_ref_NZ_']
ERROR: Reference Rhodobacter_sphaeroides_gi_484336773_ref_NZ_ does not have any alignments!  Check that this is the same file used for alignment.
ERROR: Alignment Reference Headers: ['Rhodobacter_sphaeroides_gi_484336767_ref_NZ_', 'Rhodobacter_sphaeroides_gi_484336769_ref_NZ_', 'Rhodobacter_sphaeroides_gi_484336764_ref_NZ_']
Analysis is finished!
Founded SNPs were written into /Molly/gurevich/MetaQUAST/res_final/res_cami_final/runs_per_reference/Rhodobacter_sphaeroides/contigs_reports/nucmer_output/SOAPdenovo2.used_snps

Results:
	Local Misassemblies: 0
	Misassemblies: 1
		Relocations: 0
		Translocations: 1
		Inversions: 0
	Fake misassemblies matched with structural variations: 0
	Misassembled Contigs: 1
	Misassembled Contig Bases: 1333
	Misassemblies Inter-Contig Overlap: 0
Uncovered Regions: 0 (0)
Unaligned Contigs: 0 + 1 part
Partially Unaligned Contigs with Misassemblies: 0
Unaligned Contig Bases: 723

Ambiguously Mapped Contigs: 3
Total Bases in Ambiguously Mapped Contigs: 2321
Note that --allow-ambiguity option was set to "one" and only first alignment per each contig was used.

	Covered Bases: 17405

	SNPs: 261
	Insertions: 5
	Deletions: 23

	Positive Gaps: 33
		Internal Gaps:  0
		External Gaps:  33
		External Gap Total:  4238355
		External Gap Average: 128435
	Negative Gaps: 0
		Internal Overlaps:  0
		External Overlaps:  0
		External Overlaps Total:  0
		External Overlaps Average: 0
	Contigs with Redundant Alignments: 0 (0)
