/home/gurevich/rep/quast/quast.pyc -t 16 -j  --meta  --bed-file /Molly/gurevich/MetaQUAST/res_final/res_cami_final/combined_reference/structural_variations/combined_reference.bed --no-check-meta  --contig-thresholds 1000,5000,10000,25000,50000 -R /Molly/gurevich/MetaQUAST/res_final/res_cami_final/quast_corrected_input/Eubacterium_sp_3_1_31.fasta -o /Molly/gurevich/MetaQUAST/res_final/res_cami_final/runs_per_reference/Eubacterium_sp_3_1_31 --labels "Gold_Assembly, IDBA_UD, Ray, SOAPdenovo2, SPAdes" /Molly/gurevich/MetaQUAST/res_final/res_cami_final/quast_corrected_input/Gold_Assembly_to_Eubacterium_sp_3_1_31.fasta /Molly/gurevich/MetaQUAST/res_final/res_cami_final/quast_corrected_input/IDBA_UD_to_Eubacterium_sp_3_1_31.fasta /Molly/gurevich/MetaQUAST/res_final/res_cami_final/quast_corrected_input/Ray_to_Eubacterium_sp_3_1_31.fasta /Molly/gurevich/MetaQUAST/res_final/res_cami_final/quast_corrected_input/SOAPdenovo2_to_Eubacterium_sp_3_1_31.fasta /Molly/gurevich/MetaQUAST/res_final/res_cami_final/quast_corrected_input/SPAdes_to_Eubacterium_sp_3_1_31.fasta

Started: 2015-11-09 19:48:07

Logging to /Molly/gurevich/MetaQUAST/res_final/res_cami_final/runs_per_reference/Eubacterium_sp_3_1_31/quast.log

NOTICE: Output directory already exists. Existing Nucmer alignments can be used.

Reference:
  /Molly/gurevich/MetaQUAST/res_final/res_cami_final/quast_corrected_input/Eubacterium_sp_3_1_31.fasta ==> Eubacterium_sp_3_1_31

Contigs:
  1  /Molly/gurevich/MetaQUAST/res_final/res_cami_final/quast_corrected_input/Gold_Assembly_to_Eubacterium_sp_3_1_31.fasta ==> Gold_Assembly
  2  /Molly/gurevich/MetaQUAST/res_final/res_cami_final/quast_corrected_input/IDBA_UD_to_Eubacterium_sp_3_1_31.fasta ==> IDBA_UD
  3  /Molly/gurevich/MetaQUAST/res_final/res_cami_final/quast_corrected_input/Ray_to_Eubacterium_sp_3_1_31.fasta ==> Ray
  4  /Molly/gurevich/MetaQUAST/res_final/res_cami_final/quast_corrected_input/SOAPdenovo2_to_Eubacterium_sp_3_1_31.fasta ==> SOAPdenovo2
  5  /Molly/gurevich/MetaQUAST/res_final/res_cami_final/quast_corrected_input/SPAdes_to_Eubacterium_sp_3_1_31.fasta ==> SPAdes

2015-11-09 19:48:08
Running Basic statistics processor...
  Reference genome:
    Eubacterium_sp_3_1_31.fasta, Reference length = 3571452, Reference GC % = 37.89
  Contig files: 
    1  Gold_Assembly
    2  IDBA_UD
    3  Ray
    4  SOAPdenovo2
    5  SPAdes
  Calculating N50 and L50...
    1  Gold_Assembly, N50 = 322981, L50 = 7, Total length = 6159994, GC % = 38.13, # N's per 100 kbp =  0.00
    2  IDBA_UD, N50 = 174114, L50 = 6, Total length = 3109793, GC % = 38.14, # N's per 100 kbp =  0.00
    3  Ray, N50 = 151837, L50 = 7, Total length = 3115823, GC % = 38.11, # N's per 100 kbp =  1.19
    4  SOAPdenovo2, N50 = 816, L50 = 550, Total length = 1271809, GC % = 37.88, # N's per 100 kbp =  0.00
    5  SPAdes, N50 = 220876, L50 = 5, Total length = 3090222, GC % = 38.12, # N's per 100 kbp =  0.00
  Drawing Nx plot...
    saved to /Molly/gurevich/MetaQUAST/res_final/res_cami_final/runs_per_reference/Eubacterium_sp_3_1_31/basic_stats/Nx_plot.pdf
  Drawing NGx plot...
    saved to /Molly/gurevich/MetaQUAST/res_final/res_cami_final/runs_per_reference/Eubacterium_sp_3_1_31/basic_stats/NGx_plot.pdf
  Drawing cumulative plot...
    saved to /Molly/gurevich/MetaQUAST/res_final/res_cami_final/runs_per_reference/Eubacterium_sp_3_1_31/basic_stats/cumulative_plot.pdf
  Drawing GC content plot...
    saved to /Molly/gurevich/MetaQUAST/res_final/res_cami_final/runs_per_reference/Eubacterium_sp_3_1_31/basic_stats/GC_content_plot.pdf
Done.

2015-11-09 19:48:12
Running Contig analyzer...
  1  Gold_Assembly
  2  IDBA_UD
  3  Ray
  4  SOAPdenovo2
  5  SPAdes
  1  Logging to files /Molly/gurevich/MetaQUAST/res_final/res_cami_final/runs_per_reference/Eubacterium_sp_3_1_31/contigs_reports/contigs_report_Gold_Assembly.stdout and contigs_report_Gold_Assembly.stderr...
  2  Logging to files /Molly/gurevich/MetaQUAST/res_final/res_cami_final/runs_per_reference/Eubacterium_sp_3_1_31/contigs_reports/contigs_report_IDBA_UD.stdout and contigs_report_IDBA_UD.stderr...
  3  Logging to files /Molly/gurevich/MetaQUAST/res_final/res_cami_final/runs_per_reference/Eubacterium_sp_3_1_31/contigs_reports/contigs_report_Ray.stdout and contigs_report_Ray.stderr...
  5  Logging to files /Molly/gurevich/MetaQUAST/res_final/res_cami_final/runs_per_reference/Eubacterium_sp_3_1_31/contigs_reports/contigs_report_SPAdes.stdout and contigs_report_SPAdes.stderr...
  4  Logging to files /Molly/gurevich/MetaQUAST/res_final/res_cami_final/runs_per_reference/Eubacterium_sp_3_1_31/contigs_reports/contigs_report_SOAPdenovo2.stdout and contigs_report_SOAPdenovo2.stderr...
  2  Using existing Nucmer alignments... 
  5  Using existing Nucmer alignments... 
  4  Using existing Nucmer alignments... 
  3  Using existing Nucmer alignments... 
  1  Using existing Nucmer alignments... 
  4  Alignments: runs_per_reference/Eubacterium_sp_3_1_31/contigs_reports/alignments_SOAPdenovo2.tsv
  4  Analysis is finished.

  2  Alignments: runs_per_reference/Eubacterium_sp_3_1_31/contigs_reports/alignments_IDBA_UD.tsv
  2  Analysis is finished.

  3  Alignments: runs_per_reference/Eubacterium_sp_3_1_31/contigs_reports/alignments_Ray.tsv
  3  Analysis is finished.

  5  Alignments: runs_per_reference/Eubacterium_sp_3_1_31/contigs_reports/alignments_SPAdes.tsv
  5  Analysis is finished.

  1  Alignments: runs_per_reference/Eubacterium_sp_3_1_31/contigs_reports/alignments_Gold_Assembly.tsv
  1  Analysis is finished.

  Creating total report...
    saved to /Molly/gurevich/MetaQUAST/res_final/res_cami_final/runs_per_reference/Eubacterium_sp_3_1_31/contigs_reports/misassemblies_report.txt, misassemblies_report.tsv, and misassemblies_report.tex
  Transposed version of total report...
    saved to /Molly/gurevich/MetaQUAST/res_final/res_cami_final/runs_per_reference/Eubacterium_sp_3_1_31/contigs_reports/transposed_report_misassemblies.txt, transposed_report_misassemblies.tsv, and transposed_report_misassemblies.tex
  Creating total report...
    saved to /Molly/gurevich/MetaQUAST/res_final/res_cami_final/runs_per_reference/Eubacterium_sp_3_1_31/contigs_reports/unaligned_report.txt, unaligned_report.tsv, and unaligned_report.tex
  Drawing misassemblies by types plot...
    saved to /Molly/gurevich/MetaQUAST/res_final/res_cami_final/runs_per_reference/Eubacterium_sp_3_1_31/contigs_reports/misassemblies_plot.pdf
Done.

2015-11-09 19:48:22
Running NA-NGA calculation...
  1  Gold_Assembly, Largest alignment = 326383, NA50 = 48880, NGA50 = 101492, LA50 = 31, LGA50 = 11
  2  IDBA_UD, Largest alignment = 324197, NA50 = 50141, NGA50 = 43382, LA50 = 14, LGA50 = 19
  3  Ray, Largest alignment = 324197, NA50 = 48880, NGA50 = 40791, LA50 = 18, LGA50 = 23
  4  SOAPdenovo2, Largest alignment = 5668, NA50 = 804, LA50 = 561
  5  SPAdes, Largest alignment = 323982, NA50 = 50738, NGA50 = 42313, LA50 = 14, LGA50 = 19
  Drawing cumulative plot...
    saved to /Molly/gurevich/MetaQUAST/res_final/res_cami_final/runs_per_reference/Eubacterium_sp_3_1_31/aligned_stats/cumulative_plot.pdf
  Drawing NAx plot...
    saved to /Molly/gurevich/MetaQUAST/res_final/res_cami_final/runs_per_reference/Eubacterium_sp_3_1_31/aligned_stats/NAx_plot.pdf
  Drawing NGAx plot...
    saved to /Molly/gurevich/MetaQUAST/res_final/res_cami_final/runs_per_reference/Eubacterium_sp_3_1_31/aligned_stats/NGAx_plot.pdf
Done.

2015-11-09 19:48:24
Running Genome analyzer...
  NOTICE: No file with genes provided. Use the -G option if you want to specify it.
  NOTICE: No file with operons provided. Use the -O option if you want to specify it.
  1  Gold_Assembly
  2  IDBA_UD
  3  Ray
  5  SPAdes
  4  SOAPdenovo2
  4  Analysis is finished.
  5  Analysis is finished.
  2  Analysis is finished.
  3  Analysis is finished.
  1  Analysis is finished.
  Drawing Genome fraction, % histogram...
    saved to /Molly/gurevich/MetaQUAST/res_final/res_cami_final/runs_per_reference/Eubacterium_sp_3_1_31/genome_stats/genome_fraction_histogram.pdf
Done.

NOTICE: Genes are not predicted by default. Use --gene-finding option to enable it.

2015-11-09 19:48:27
Drawing large plots...
This may take a while: press Ctrl-C to skip this step..
  1 of 2: Creating contig alignment plot...
  2 of 2: Creating PDF with all tables and plots...
Done

2015-11-09 19:48:41
RESULTS:
  Text versions of total report are saved to /Molly/gurevich/MetaQUAST/res_final/res_cami_final/runs_per_reference/Eubacterium_sp_3_1_31/report.txt, report.tsv, and report.tex
  Text versions of transposed total report are saved to /Molly/gurevich/MetaQUAST/res_final/res_cami_final/runs_per_reference/Eubacterium_sp_3_1_31/transposed_report.txt, transposed_report.tsv, and transposed_report.tex
  HTML version (interactive tables and plots) saved to /Molly/gurevich/MetaQUAST/res_final/res_cami_final/runs_per_reference/Eubacterium_sp_3_1_31/report.html
  PDF version (tables and plots) saved to /Molly/gurevich/MetaQUAST/res_final/res_cami_final/runs_per_reference/Eubacterium_sp_3_1_31/report.pdf
  Contig alignment plot: /Molly/gurevich/MetaQUAST/res_final/res_cami_final/runs_per_reference/Eubacterium_sp_3_1_31/alignment.svg
