Aligning contigs to reference...
	Using existing Nucmer alignments...
Parsing coords...
Loading reference...
	Loaded [Bifidobacterium_pseudocatenulatum_gi_836594251_ref_NZ_]
Loading SNPs...
Loading regions...
	No regions given, using whole reference.
	Total Regions: 1
	Total Region Length: 2313752
Analyzing contigs...
CONTIG: scaffold_916 (8932bp)
Top Length: 81  Top ID: 98.77
		This contig is partially unaligned. (Aligned 81 out of 8932 bases)
		Alignment: 954535 954615 | 1 81 | 81 81 | 98.77 | Bifidobacterium_pseudocatenulatum_gi_836594251_ref_NZ_ scaffold_916
		Unaligned bases: 82 to 8932 (8851)

CONTIG: scaffold_4156 (2926bp)
Top Length: 214  Top ID: 100.0
		This contig is partially unaligned. (Aligned 214 out of 2926 bases)
		Alignment: 954409 954622 | 1 214 | 214 214 | 100.0 | Bifidobacterium_pseudocatenulatum_gi_836594251_ref_NZ_ scaffold_4156
		Unaligned bases: 215 to 2926 (2712)

CONTIG: scaffold_17798 (826bp)
Top Length: 190  Top ID: 97.89
		This contig is partially unaligned. (Aligned 190 out of 826 bases)
		Alignment: 2140669 2140858 | 1 190 | 190 190 | 97.89 | Bifidobacterium_pseudocatenulatum_gi_836594251_ref_NZ_ scaffold_17798
		Unaligned bases: 191 to 826 (636)

CONTIG: scaffold_18528 (801bp)
Top Length: 172  Top ID: 97.09
		This contig is partially unaligned. (Aligned 172 out of 801 bases)
		Alignment: 2140629 2140800 | 172 1 | 172 172 | 97.09 | Bifidobacterium_pseudocatenulatum_gi_836594251_ref_NZ_ scaffold_18528
		Unaligned bases: 173 to 801 (629)

CONTIG: scaffold_28109 (562bp)
Top Length: 373  Top ID: 97.09
		This contig is partially unaligned. (Aligned 373 out of 562 bases)
		Alignment: 954132 954507 | 190 562 | 376 373 | 97.09 | Bifidobacterium_pseudocatenulatum_gi_836594251_ref_NZ_ scaffold_28109
		Unaligned bases: 1 to 189 (189)

Analyzing coverage...
Writing SNPs into /Molly/gurevich/MetaQUAST/res_final/res_metahit_final/runs_per_reference/Bifidobacterium_pseudocatenulatum/contigs_reports/nucmer_output/IDBA_UD.used_snps
	Reference Bifidobacterium_pseudocatenulatum_gi_836594251_ref_NZ_: 5 total alignments. 1 total regions.
		Region: 1 to 2313752 (2313752 bp)
			START in gap: 1 to 954132 (954131 bp)
			Align 1: 954132 954507 scaffold_28109 190 562
				Negative gap (overlap) between this and next alignment: 954507 to 954409 (-98 bp)
				Next Alignment: 954409 954622 scaffold_4156 1 214

			Previous gap was negative, modifying coordinates to ignore overlap
				Moving contig start from 1 to 100.
			Align 2: 954508 954622 scaffold_4156 100 214
				The next alignment (954535 954615 scaffold_916 1 81) is redundant. Skipping.
				Gap between this and next alignment: 954622 to 2140629 (1186006 bp)
				Next Alignment: 2140629 2140800 scaffold_18528 172 1

			Align 4: 2140629 2140800 scaffold_18528 172 1
				Negative gap (overlap) between this and next alignment: 2140800 to 2140669 (-131 bp)
				Next Alignment: 2140669 2140858 scaffold_17798 1 190

			Previous gap was negative, modifying coordinates to ignore overlap
				Moving contig start from 1 to 133.
			Align 5: 2140801 2140858 scaffold_17798 133 190
			END in gap: 2140858 to 2313752 (172894 bp)

Analysis is finished!
Founded SNPs were written into /Molly/gurevich/MetaQUAST/res_final/res_metahit_final/runs_per_reference/Bifidobacterium_pseudocatenulatum/contigs_reports/nucmer_output/IDBA_UD.used_snps

Results:
	Local Misassemblies: 0
	Misassemblies: 0
		Relocations: 0
		Translocations: 0
		Inversions: 0
	Fake misassemblies matched with structural variations: 0
	Misassembled Contigs: 0
	Misassembled Contig Bases: 0
	Misassemblies Inter-Contig Overlap: 0
Uncovered Regions: 0 (0)
Unaligned Contigs: 0 + 5 part
Partially Unaligned Contigs with Misassemblies: 0
Unaligned Contig Bases: 13017

Ambiguously Mapped Contigs: 0
Total Bases in Ambiguously Mapped Contigs: 0
Note that --allow-ambiguity option was set to "one" and only first alignment per each contig was used.

	Covered Bases: 721

	SNPs: 10
	Insertions: 2
	Deletions: 5

	Positive Gaps: 3
		Internal Gaps:  0
		External Gaps:  3
		External Gap Total:  2313031
		External Gap Average: 771010
	Negative Gaps: 2
		Internal Overlaps:  0
		External Overlaps:  2
		External Overlaps Total: -229
		External Overlaps Average: -114
	Contigs with Redundant Alignments: 1 (81)
