/home/gurevich/rep/quast/quast.pyc -t 16 -j  --meta  --bed-file /Molly/gurevich/MetaQUAST/res_final/res_cami_final/combined_reference/structural_variations/combined_reference.bed --no-check-meta  --contig-thresholds 1000,5000,10000,25000,50000 -R /Molly/gurevich/MetaQUAST/res_final/res_cami_final/quast_corrected_input/Patulibacter_medicamentivorans.fasta -o /Molly/gurevich/MetaQUAST/res_final/res_cami_final/runs_per_reference/Patulibacter_medicamentivorans --labels "Gold_Assembly, IDBA_UD, Ray, SOAPdenovo2, SPAdes" /Molly/gurevich/MetaQUAST/res_final/res_cami_final/quast_corrected_input/Gold_Assembly_to_Patulibacter_medicamentivorans.fasta /Molly/gurevich/MetaQUAST/res_final/res_cami_final/quast_corrected_input/IDBA_UD_to_Patulibacter_medicamentivorans.fasta /Molly/gurevich/MetaQUAST/res_final/res_cami_final/quast_corrected_input/Ray_to_Patulibacter_medicamentivorans.fasta /Molly/gurevich/MetaQUAST/res_final/res_cami_final/quast_corrected_input/SOAPdenovo2_to_Patulibacter_medicamentivorans.fasta /Molly/gurevich/MetaQUAST/res_final/res_cami_final/quast_corrected_input/SPAdes_to_Patulibacter_medicamentivorans.fasta

Started: 2015-11-09 19:51:59

Logging to /Molly/gurevich/MetaQUAST/res_final/res_cami_final/runs_per_reference/Patulibacter_medicamentivorans/quast.log

NOTICE: Output directory already exists. Existing Nucmer alignments can be used.

Reference:
  /Molly/gurevich/MetaQUAST/res_final/res_cami_final/quast_corrected_input/Patulibacter_medicamentivorans.fasta ==> Patulibacter_medicamentivorans

Contigs:
  1  /Molly/gurevich/MetaQUAST/res_final/res_cami_final/quast_corrected_input/Gold_Assembly_to_Patulibacter_medicamentivorans.fasta ==> Gold_Assembly
  2  /Molly/gurevich/MetaQUAST/res_final/res_cami_final/quast_corrected_input/IDBA_UD_to_Patulibacter_medicamentivorans.fasta ==> IDBA_UD
  3  /Molly/gurevich/MetaQUAST/res_final/res_cami_final/quast_corrected_input/Ray_to_Patulibacter_medicamentivorans.fasta ==> Ray
  4  /Molly/gurevich/MetaQUAST/res_final/res_cami_final/quast_corrected_input/SOAPdenovo2_to_Patulibacter_medicamentivorans.fasta ==> SOAPdenovo2
  5  /Molly/gurevich/MetaQUAST/res_final/res_cami_final/quast_corrected_input/SPAdes_to_Patulibacter_medicamentivorans.fasta ==> SPAdes

2015-11-09 19:52:00
Running Basic statistics processor...
  Reference genome:
    Patulibacter_medicamentivorans.fasta, Reference length = 5092500, Reference GC % = 74.08
  Contig files: 
    1  Gold_Assembly
    2  IDBA_UD
    3  Ray
    4  SOAPdenovo2
    5  SPAdes
  Calculating N50 and L50...
    1  Gold_Assembly, N50 = 24674, L50 = 63, Total length = 5087205, GC % = 74.07, # N's per 100 kbp =  0.00
    2  IDBA_UD, N50 = 23511, L50 = 63, Total length = 5129804, GC % = 73.93, # N's per 100 kbp =  0.00
    3  Ray, N50 = 27533, L50 = 56, Total length = 5677313, GC % = 74.09, # N's per 100 kbp =  1.55
    4  SOAPdenovo2, N50 = 10720, L50 = 140, Total length = 5036628, GC % = 74.05, # N's per 100 kbp =  17.53
    5  SPAdes, N50 = 20296, L50 = 80, Total length = 5192746, GC % = 73.94, # N's per 100 kbp =  0.00
  Drawing Nx plot...
    saved to /Molly/gurevich/MetaQUAST/res_final/res_cami_final/runs_per_reference/Patulibacter_medicamentivorans/basic_stats/Nx_plot.pdf
  Drawing NGx plot...
    saved to /Molly/gurevich/MetaQUAST/res_final/res_cami_final/runs_per_reference/Patulibacter_medicamentivorans/basic_stats/NGx_plot.pdf
  Drawing cumulative plot...
    saved to /Molly/gurevich/MetaQUAST/res_final/res_cami_final/runs_per_reference/Patulibacter_medicamentivorans/basic_stats/cumulative_plot.pdf
  Drawing GC content plot...
    saved to /Molly/gurevich/MetaQUAST/res_final/res_cami_final/runs_per_reference/Patulibacter_medicamentivorans/basic_stats/GC_content_plot.pdf
Done.

2015-11-09 19:52:04
Running Contig analyzer...
  1  Gold_Assembly
  2  IDBA_UD
  3  Ray
  4  SOAPdenovo2
  5  SPAdes
  1  Logging to files /Molly/gurevich/MetaQUAST/res_final/res_cami_final/runs_per_reference/Patulibacter_medicamentivorans/contigs_reports/contigs_report_Gold_Assembly.stdout and contigs_report_Gold_Assembly.stderr...
  3  Logging to files /Molly/gurevich/MetaQUAST/res_final/res_cami_final/runs_per_reference/Patulibacter_medicamentivorans/contigs_reports/contigs_report_Ray.stdout and contigs_report_Ray.stderr...
  2  Logging to files /Molly/gurevich/MetaQUAST/res_final/res_cami_final/runs_per_reference/Patulibacter_medicamentivorans/contigs_reports/contigs_report_IDBA_UD.stdout and contigs_report_IDBA_UD.stderr...
  4  Logging to files /Molly/gurevich/MetaQUAST/res_final/res_cami_final/runs_per_reference/Patulibacter_medicamentivorans/contigs_reports/contigs_report_SOAPdenovo2.stdout and contigs_report_SOAPdenovo2.stderr...
  5  Logging to files /Molly/gurevich/MetaQUAST/res_final/res_cami_final/runs_per_reference/Patulibacter_medicamentivorans/contigs_reports/contigs_report_SPAdes.stdout and contigs_report_SPAdes.stderr...
  2  Using existing Nucmer alignments... 
  5  Using existing Nucmer alignments... 
  4  Using existing Nucmer alignments... 
  1  Using existing Nucmer alignments... 
  3  Using existing Nucmer alignments... 
  1  Alignments: runs_per_reference/Patulibacter_medicamentivorans/contigs_reports/alignments_Gold_Assembly.tsv
  1  Analysis is finished.

  3  Alignments: runs_per_reference/Patulibacter_medicamentivorans/contigs_reports/alignments_Ray.tsv
  3  Analysis is finished.

  2  Alignments: runs_per_reference/Patulibacter_medicamentivorans/contigs_reports/alignments_IDBA_UD.tsv
  2  Analysis is finished.

  5  Alignments: runs_per_reference/Patulibacter_medicamentivorans/contigs_reports/alignments_SPAdes.tsv
  5  Analysis is finished.

  4  Alignments: runs_per_reference/Patulibacter_medicamentivorans/contigs_reports/alignments_SOAPdenovo2.tsv
  4  Analysis is finished.

  Creating total report...
    saved to /Molly/gurevich/MetaQUAST/res_final/res_cami_final/runs_per_reference/Patulibacter_medicamentivorans/contigs_reports/misassemblies_report.txt, misassemblies_report.tsv, and misassemblies_report.tex
  Transposed version of total report...
    saved to /Molly/gurevich/MetaQUAST/res_final/res_cami_final/runs_per_reference/Patulibacter_medicamentivorans/contigs_reports/transposed_report_misassemblies.txt, transposed_report_misassemblies.tsv, and transposed_report_misassemblies.tex
  Creating total report...
    saved to /Molly/gurevich/MetaQUAST/res_final/res_cami_final/runs_per_reference/Patulibacter_medicamentivorans/contigs_reports/unaligned_report.txt, unaligned_report.tsv, and unaligned_report.tex
  Drawing misassemblies by types plot...
    saved to /Molly/gurevich/MetaQUAST/res_final/res_cami_final/runs_per_reference/Patulibacter_medicamentivorans/contigs_reports/misassemblies_plot.pdf
Done.

2015-11-09 19:52:10
Running NA-NGA calculation...
  1  Gold_Assembly, Largest alignment = 100092, NA50 = 24674, NGA50 = 24674, LA50 = 63, LGA50 = 63
  2  IDBA_UD, Largest alignment = 100092, NA50 = 22802, NGA50 = 22912, LA50 = 68, LGA50 = 67
  3  Ray, Largest alignment = 100081, NA50 = 21842, NGA50 = 23646, LA50 = 79, LGA50 = 66
  4  SOAPdenovo2, Largest alignment = 66696, NA50 = 10720, NGA50 = 10376, LA50 = 140, LGA50 = 143
  5  SPAdes, Largest alignment = 100092, NA50 = 18977, NGA50 = 19372, LA50 = 85, LGA50 = 83
  Drawing cumulative plot...
    saved to /Molly/gurevich/MetaQUAST/res_final/res_cami_final/runs_per_reference/Patulibacter_medicamentivorans/aligned_stats/cumulative_plot.pdf
  Drawing NAx plot...
    saved to /Molly/gurevich/MetaQUAST/res_final/res_cami_final/runs_per_reference/Patulibacter_medicamentivorans/aligned_stats/NAx_plot.pdf
  Drawing NGAx plot...
    saved to /Molly/gurevich/MetaQUAST/res_final/res_cami_final/runs_per_reference/Patulibacter_medicamentivorans/aligned_stats/NGAx_plot.pdf
Done.

2015-11-09 19:52:13
Running Genome analyzer...
  NOTICE: No file with genes provided. Use the -G option if you want to specify it.
  NOTICE: No file with operons provided. Use the -O option if you want to specify it.
  1  Gold_Assembly
  2  IDBA_UD
  3  Ray
  4  SOAPdenovo2
  5  SPAdes
  3  Analysis is finished.
  1  Analysis is finished.
  2  Analysis is finished.
  5  Analysis is finished.
  4  Analysis is finished.
  Drawing Genome fraction, % histogram...
    saved to /Molly/gurevich/MetaQUAST/res_final/res_cami_final/runs_per_reference/Patulibacter_medicamentivorans/genome_stats/genome_fraction_histogram.pdf
Done.

NOTICE: Genes are not predicted by default. Use --gene-finding option to enable it.

2015-11-09 19:52:16
Drawing large plots...
This may take a while: press Ctrl-C to skip this step..
  1 of 2: Creating contig alignment plot...
  2 of 2: Creating PDF with all tables and plots...
Done

2015-11-09 19:52:36
RESULTS:
  Text versions of total report are saved to /Molly/gurevich/MetaQUAST/res_final/res_cami_final/runs_per_reference/Patulibacter_medicamentivorans/report.txt, report.tsv, and report.tex
  Text versions of transposed total report are saved to /Molly/gurevich/MetaQUAST/res_final/res_cami_final/runs_per_reference/Patulibacter_medicamentivorans/transposed_report.txt, transposed_report.tsv, and transposed_report.tex
  HTML version (interactive tables and plots) saved to /Molly/gurevich/MetaQUAST/res_final/res_cami_final/runs_per_reference/Patulibacter_medicamentivorans/report.html
  PDF version (tables and plots) saved to /Molly/gurevich/MetaQUAST/res_final/res_cami_final/runs_per_reference/Patulibacter_medicamentivorans/report.pdf
  Contig alignment plot: /Molly/gurevich/MetaQUAST/res_final/res_cami_final/runs_per_reference/Patulibacter_medicamentivorans/alignment.svg
