/home/gurevich/rep/quast/quast.pyc -t 16 -j  --meta  --bed-file /Molly/gurevich/MetaQUAST/res_final/res_cami_final/combined_reference/structural_variations/combined_reference.bed --no-check-meta  --contig-thresholds 1000,5000,10000,25000,50000 -R /Molly/gurevich/MetaQUAST/res_final/res_cami_final/quast_corrected_input/Weissella_koreensis_KACC_15510.fasta -o /Molly/gurevich/MetaQUAST/res_final/res_cami_final/runs_per_reference/Weissella_koreensis_KACC_15510 --labels "Gold_Assembly, IDBA_UD, Ray, SOAPdenovo2, SPAdes" /Molly/gurevich/MetaQUAST/res_final/res_cami_final/quast_corrected_input/Gold_Assembly_to_Weissella_koreensis_KACC_15510.fasta /Molly/gurevich/MetaQUAST/res_final/res_cami_final/quast_corrected_input/IDBA_UD_to_Weissella_koreensis_KACC_15510.fasta /Molly/gurevich/MetaQUAST/res_final/res_cami_final/quast_corrected_input/Ray_to_Weissella_koreensis_KACC_15510.fasta /Molly/gurevich/MetaQUAST/res_final/res_cami_final/quast_corrected_input/SOAPdenovo2_to_Weissella_koreensis_KACC_15510.fasta /Molly/gurevich/MetaQUAST/res_final/res_cami_final/quast_corrected_input/SPAdes_to_Weissella_koreensis_KACC_15510.fasta

Started: 2015-11-09 19:54:32

Logging to /Molly/gurevich/MetaQUAST/res_final/res_cami_final/runs_per_reference/Weissella_koreensis_KACC_15510/quast.log

NOTICE: Output directory already exists. Existing Nucmer alignments can be used.

Reference:
  /Molly/gurevich/MetaQUAST/res_final/res_cami_final/quast_corrected_input/Weissella_koreensis_KACC_15510.fasta ==> Weissella_koreensis_KACC_15510

Contigs:
  1  /Molly/gurevich/MetaQUAST/res_final/res_cami_final/quast_corrected_input/Gold_Assembly_to_Weissella_koreensis_KACC_15510.fasta ==> Gold_Assembly
  2  /Molly/gurevich/MetaQUAST/res_final/res_cami_final/quast_corrected_input/IDBA_UD_to_Weissella_koreensis_KACC_15510.fasta ==> IDBA_UD
  3  /Molly/gurevich/MetaQUAST/res_final/res_cami_final/quast_corrected_input/Ray_to_Weissella_koreensis_KACC_15510.fasta ==> Ray
  4  /Molly/gurevich/MetaQUAST/res_final/res_cami_final/quast_corrected_input/SOAPdenovo2_to_Weissella_koreensis_KACC_15510.fasta ==> SOAPdenovo2
  5  /Molly/gurevich/MetaQUAST/res_final/res_cami_final/quast_corrected_input/SPAdes_to_Weissella_koreensis_KACC_15510.fasta ==> SPAdes

2015-11-09 19:54:32
Running Basic statistics processor...
  Reference genome:
    Weissella_koreensis_KACC_15510.fasta, Reference length = 1422478, Reference GC % = 35.48
  Contig files: 
    1  Gold_Assembly
    2  IDBA_UD
    3  Ray
    4  SOAPdenovo2
    5  SPAdes
  Calculating N50 and L50...
    1  Gold_Assembly, N50 = 2237, L50 = 176, Total length = 1299279, GC % = 35.49, # N's per 100 kbp =  0.00
    2  IDBA_UD, N50 = 1023, L50 = 295, Total length = 927320, GC % = 35.49, # N's per 100 kbp =  0.00
    3  Ray, N50 = 583, L50 = 18, Total length = 26588, GC % = 37.30, # N's per 100 kbp =  0.00
    4  SOAPdenovo2, N50 = 669, L50 = 144, Total length = 259501, GC % = 35.47, # N's per 100 kbp =  99.42
    5  SPAdes, N50 = 946, L50 = 323, Total length = 935147, GC % = 35.76, # N's per 100 kbp =  0.00
  Drawing Nx plot...
    saved to /Molly/gurevich/MetaQUAST/res_final/res_cami_final/runs_per_reference/Weissella_koreensis_KACC_15510/basic_stats/Nx_plot.pdf
  Drawing NGx plot...
    saved to /Molly/gurevich/MetaQUAST/res_final/res_cami_final/runs_per_reference/Weissella_koreensis_KACC_15510/basic_stats/NGx_plot.pdf
  Drawing cumulative plot...
    saved to /Molly/gurevich/MetaQUAST/res_final/res_cami_final/runs_per_reference/Weissella_koreensis_KACC_15510/basic_stats/cumulative_plot.pdf
  Drawing GC content plot...
    saved to /Molly/gurevich/MetaQUAST/res_final/res_cami_final/runs_per_reference/Weissella_koreensis_KACC_15510/basic_stats/GC_content_plot.pdf
Done.

2015-11-09 19:54:34
Running Contig analyzer...
  1  Gold_Assembly
  2  IDBA_UD
  3  Ray
  4  SOAPdenovo2
  5  SPAdes
  3  Logging to files /Molly/gurevich/MetaQUAST/res_final/res_cami_final/runs_per_reference/Weissella_koreensis_KACC_15510/contigs_reports/contigs_report_Ray.stdout and contigs_report_Ray.stderr...
  4  Logging to files /Molly/gurevich/MetaQUAST/res_final/res_cami_final/runs_per_reference/Weissella_koreensis_KACC_15510/contigs_reports/contigs_report_SOAPdenovo2.stdout and contigs_report_SOAPdenovo2.stderr...
  3  Using existing Nucmer alignments... 
  4  Using existing Nucmer alignments... 
  2  Logging to files /Molly/gurevich/MetaQUAST/res_final/res_cami_final/runs_per_reference/Weissella_koreensis_KACC_15510/contigs_reports/contigs_report_IDBA_UD.stdout and contigs_report_IDBA_UD.stderr...
  1  Logging to files /Molly/gurevich/MetaQUAST/res_final/res_cami_final/runs_per_reference/Weissella_koreensis_KACC_15510/contigs_reports/contigs_report_Gold_Assembly.stdout and contigs_report_Gold_Assembly.stderr...
  2  Using existing Nucmer alignments... 
  1  Using existing Nucmer alignments... 
  5  Logging to files /Molly/gurevich/MetaQUAST/res_final/res_cami_final/runs_per_reference/Weissella_koreensis_KACC_15510/contigs_reports/contigs_report_SPAdes.stdout and contigs_report_SPAdes.stderr...
  5  Using existing Nucmer alignments... 
  3  Alignments: runs_per_reference/Weissella_koreensis_KACC_15510/contigs_reports/alignments_Ray.tsv
  3  Analysis is finished.

  4  Alignments: runs_per_reference/Weissella_koreensis_KACC_15510/contigs_reports/alignments_SOAPdenovo2.tsv
  4  Analysis is finished.

  1  Alignments: runs_per_reference/Weissella_koreensis_KACC_15510/contigs_reports/alignments_Gold_Assembly.tsv
  1  Analysis is finished.

  2  Alignments: runs_per_reference/Weissella_koreensis_KACC_15510/contigs_reports/alignments_IDBA_UD.tsv
  2  Analysis is finished.

  5  Alignments: runs_per_reference/Weissella_koreensis_KACC_15510/contigs_reports/alignments_SPAdes.tsv
  5  Analysis is finished.

  Creating total report...
    saved to /Molly/gurevich/MetaQUAST/res_final/res_cami_final/runs_per_reference/Weissella_koreensis_KACC_15510/contigs_reports/misassemblies_report.txt, misassemblies_report.tsv, and misassemblies_report.tex
  Transposed version of total report...
    saved to /Molly/gurevich/MetaQUAST/res_final/res_cami_final/runs_per_reference/Weissella_koreensis_KACC_15510/contigs_reports/transposed_report_misassemblies.txt, transposed_report_misassemblies.tsv, and transposed_report_misassemblies.tex
  Creating total report...
    saved to /Molly/gurevich/MetaQUAST/res_final/res_cami_final/runs_per_reference/Weissella_koreensis_KACC_15510/contigs_reports/unaligned_report.txt, unaligned_report.tsv, and unaligned_report.tex
  Drawing misassemblies by types plot...
    saved to /Molly/gurevich/MetaQUAST/res_final/res_cami_final/runs_per_reference/Weissella_koreensis_KACC_15510/contigs_reports/misassemblies_plot.pdf
Done.

2015-11-09 19:54:36
Running NA-NGA calculation...
  1  Gold_Assembly, Largest alignment = 8972, NA50 = 2237, NGA50 = 2072, LA50 = 176, LGA50 = 205
  2  IDBA_UD, Largest alignment = 8948, NA50 = 981, NGA50 = 687, LA50 = 317, LGA50 = 617
  3  Ray, Largest alignment = 1248, NA50 = 583, LA50 = 18
  4  SOAPdenovo2, Largest alignment = 5062, NA50 = 669, LA50 = 144
  5  SPAdes, Largest alignment = 8971, NA50 = 906, NGA50 = 667, LA50 = 351, LGA50 = 663
  Drawing cumulative plot...
    saved to /Molly/gurevich/MetaQUAST/res_final/res_cami_final/runs_per_reference/Weissella_koreensis_KACC_15510/aligned_stats/cumulative_plot.pdf
  Drawing NAx plot...
    saved to /Molly/gurevich/MetaQUAST/res_final/res_cami_final/runs_per_reference/Weissella_koreensis_KACC_15510/aligned_stats/NAx_plot.pdf
  Drawing NGAx plot...
    saved to /Molly/gurevich/MetaQUAST/res_final/res_cami_final/runs_per_reference/Weissella_koreensis_KACC_15510/aligned_stats/NGAx_plot.pdf
Done.

2015-11-09 19:54:38
Running Genome analyzer...
  NOTICE: No file with genes provided. Use the -G option if you want to specify it.
  NOTICE: No file with operons provided. Use the -O option if you want to specify it.
  1  Gold_Assembly
  2  IDBA_UD
  3  Ray
  4  SOAPdenovo2
  5  SPAdes
  3  Analysis is finished.
  4  Analysis is finished.
  5  Analysis is finished.
  2  Analysis is finished.
  1  Analysis is finished.
  Drawing Genome fraction, % histogram...
    saved to /Molly/gurevich/MetaQUAST/res_final/res_cami_final/runs_per_reference/Weissella_koreensis_KACC_15510/genome_stats/genome_fraction_histogram.pdf
Done.

NOTICE: Genes are not predicted by default. Use --gene-finding option to enable it.

2015-11-09 19:54:39
Drawing large plots...
This may take a while: press Ctrl-C to skip this step..
  1 of 2: Creating contig alignment plot...
  2 of 2: Creating PDF with all tables and plots...
Done

2015-11-09 19:54:53
RESULTS:
  Text versions of total report are saved to /Molly/gurevich/MetaQUAST/res_final/res_cami_final/runs_per_reference/Weissella_koreensis_KACC_15510/report.txt, report.tsv, and report.tex
  Text versions of transposed total report are saved to /Molly/gurevich/MetaQUAST/res_final/res_cami_final/runs_per_reference/Weissella_koreensis_KACC_15510/transposed_report.txt, transposed_report.tsv, and transposed_report.tex
  HTML version (interactive tables and plots) saved to /Molly/gurevich/MetaQUAST/res_final/res_cami_final/runs_per_reference/Weissella_koreensis_KACC_15510/report.html
  PDF version (tables and plots) saved to /Molly/gurevich/MetaQUAST/res_final/res_cami_final/runs_per_reference/Weissella_koreensis_KACC_15510/report.pdf
  Contig alignment plot: /Molly/gurevich/MetaQUAST/res_final/res_cami_final/runs_per_reference/Weissella_koreensis_KACC_15510/alignment.svg
