Aligning contigs to reference...
	Running Nucmer
Parsing coords...
Loading reference...
	Loaded [Bacteroides_sp_3_2_5_gi_384096968_ref_NZ_]
	Loaded [Bacteroides_sp_3_2_5_gi_384096969_ref_NZ_]
	Loaded [Bacteroides_sp_3_2_5_gi_384096970_ref_NZ_]
	Loaded [Bacteroides_sp_3_2_5_gi_384096971_ref_NZ_]
	Loaded [Bacteroides_sp_3_2_5_gi_384096972_ref_NZ_]
Loading SNPs...
Loading regions...
	No regions given, using whole reference.
	Total Regions: 5
	Total Region Length: 5116282
Analyzing contigs...
CONTIG: scaffold-2589 (14202bp)
Top Length: 14202  Top ID: 99.98
		One align captures most of this contig: 3007217 3021418 | 14202 1 | 14202 14202 | 99.98 | Bacteroides_sp_3_2_5_gi_384096969_ref_NZ_ scaffold-2589

CONTIG: scaffold-2671 (3396bp)
Top Length: 371  Top ID: 97.57
		This contig is partially unaligned. (Aligned 371 out of 3396 bases)
		Alignment: 2030865 2031234 | 371 1 | 370 371 | 97.57 | Bacteroides_sp_3_2_5_gi_384096969_ref_NZ_ scaffold-2671
		Unaligned bases: 372 to 3396 (3025)

CONTIG: scaffold-4796 (13809bp)
Top Length: 370  Top ID: 98.11
		This contig is partially unaligned. (Aligned 370 out of 13809 bases)
		Alignment: 2030874 2031242 | 13440 13809 | 369 370 | 98.11 | Bacteroides_sp_3_2_5_gi_384096969_ref_NZ_ scaffold-4796
		Unaligned bases: 1 to 13439 (13439)

CONTIG: scaffold-6598 (3346bp)
Top Length: 3346  Top ID: 100.0
		One align captures most of this contig: 2997625 3000970 | 1 3346 | 3346 3346 | 100.0 | Bacteroides_sp_3_2_5_gi_384096969_ref_NZ_ scaffold-6598

CONTIG: scaffold-11095 (1016bp)
Top Length: 1016  Top ID: 99.61
		One align captures most of this contig: 1547254 1548269 | 1016 1 | 1016 1016 | 99.61 | Bacteroides_sp_3_2_5_gi_384096969_ref_NZ_ scaffold-11095

CONTIG: scaffold-195399 (43716bp)
Top Length: 39321  Top ID: 98.77
		This contig is partially unaligned. (Aligned 39321 out of 43716 bases)
		Alignment: 2044461 2083779 | 1 39321 | 39319 39321 | 98.77 | Bacteroides_sp_3_2_5_gi_384096969_ref_NZ_ scaffold-195399
		Unaligned bases: 39322 to 43716 (4395)
		This contig has both significant aligned and unaligned parts (of length >= min-contig)! It can contain interspecies translocations

CONTIG: scaffold-3587 (5916bp)
Top Length: 5916  Top ID: 99.98
		One align captures most of this contig: 79418 85333 | 1 5916 | 5916 5916 | 99.98 | Bacteroides_sp_3_2_5_gi_384096968_ref_NZ_ scaffold-3587

CONTIG: scaffold-16338 (518bp)
Top Length: 518  Top ID: 99.81
		One align captures most of this contig: 85669 86186 | 1 518 | 518 518 | 99.81 | Bacteroides_sp_3_2_5_gi_384096968_ref_NZ_ scaffold-16338

CONTIG: scaffold-43996 (971bp)
Top Length: 971  Top ID: 100.0
		One align captures most of this contig: 78987 79957 | 971 1 | 971 971 | 100.0 | Bacteroides_sp_3_2_5_gi_384096968_ref_NZ_ scaffold-43996

Analyzing coverage...
Writing SNPs into /Molly/gurevich/MetaQUAST/res_final/res_metahit_final/runs_per_reference/Bacteroides_sp_3_2_5/contigs_reports/nucmer_output/Ray.used_snps
	Reference Bacteroides_sp_3_2_5_gi_384096968_ref_NZ_: 3 total alignments. 1 total regions.
		Region: 1 to 616139 (616139 bp)
			START in gap: 1 to 78987 (78986 bp)
			Align 1: 78987 79957 scaffold-43996 971 1
				Negative gap (overlap) between this and next alignment: 79957 to 79418 (-539 bp)
				Next Alignment: 79418 85333 scaffold-3587 1 5916

			Previous gap was negative, modifying coordinates to ignore overlap
				Moving contig start from 1 to 541.
			Align 2: 79958 85333 scaffold-3587 541 5916
				Gap between this and next alignment: 85333 to 85669 (335 bp)
				Next Alignment: 85669 86186 scaffold-16338 1 518

			Align 3: 85669 86186 scaffold-16338 1 518
			END in gap: 86186 to 616139 (529953 bp)

	Reference Bacteroides_sp_3_2_5_gi_384096969_ref_NZ_: 6 total alignments. 1 total regions.
		Region: 1 to 3253542 (3253542 bp)
			START in gap: 1 to 1547254 (1547253 bp)
			Align 1: 1547254 1548269 scaffold-11095 1016 1
				Gap between this and next alignment: 1548269 to 2030865 (482595 bp)
				Next Alignment: 2030865 2031234 scaffold-2671 371 1

			Align 2: 2030865 2031234 scaffold-2671 371 1
				Negative gap (overlap) between this and next alignment: 2031234 to 2030874 (-360 bp)
				Next Alignment: 2030874 2031242 scaffold-4796 13440 13809

			Previous gap was negative, modifying coordinates to ignore overlap
				Moving contig start from 13440 to 13802.
			Align 3: 2031235 2031242 scaffold-4796 13802 13809
				Gap between this and next alignment: 2031242 to 2044461 (13218 bp)
				Next Alignment: 2044461 2083779 scaffold-195399 1 39321

			Align 4: 2044461 2083779 scaffold-195399 1 39321
				Gap between this and next alignment: 2083779 to 2997625 (913845 bp)
				Next Alignment: 2997625 3000970 scaffold-6598 1 3346

			Align 5: 2997625 3000970 scaffold-6598 1 3346
				Gap between this and next alignment: 3000970 to 3007217 (6246 bp)
				Next Alignment: 3007217 3021418 scaffold-2589 14202 1

			Align 6: 3007217 3021418 scaffold-2589 14202 1
			END in gap: 3021418 to 3253542 (232124 bp)

ERROR: Reference Bacteroides_sp_3_2_5_gi_384096971_ref_NZ_ does not have any alignments!  Check that this is the same file used for alignment.
ERROR: Alignment Reference Headers: ['Bacteroides_sp_3_2_5_gi_384096968_ref_NZ_', 'Bacteroides_sp_3_2_5_gi_384096969_ref_NZ_']
ERROR: Reference Bacteroides_sp_3_2_5_gi_384096970_ref_NZ_ does not have any alignments!  Check that this is the same file used for alignment.
ERROR: Alignment Reference Headers: ['Bacteroides_sp_3_2_5_gi_384096968_ref_NZ_', 'Bacteroides_sp_3_2_5_gi_384096969_ref_NZ_']
ERROR: Reference Bacteroides_sp_3_2_5_gi_384096972_ref_NZ_ does not have any alignments!  Check that this is the same file used for alignment.
ERROR: Alignment Reference Headers: ['Bacteroides_sp_3_2_5_gi_384096968_ref_NZ_', 'Bacteroides_sp_3_2_5_gi_384096969_ref_NZ_']
Analysis is finished!
Founded SNPs were written into /Molly/gurevich/MetaQUAST/res_final/res_metahit_final/runs_per_reference/Bacteroides_sp_3_2_5/contigs_reports/nucmer_output/Ray.used_snps

Results:
	Local Misassemblies: 0
	Misassemblies: 0
		Relocations: 0
		Translocations: 0
		Inversions: 0
	Fake misassemblies matched with structural variations: 0
	Misassembled Contigs: 0
	Misassembled Contig Bases: 0
	Misassemblies Inter-Contig Overlap: 0
Uncovered Regions: 0 (0)
Unaligned Contigs: 0 + 3 part
Partially Unaligned Contigs with Misassemblies: 0
Unaligned Contig Bases: 20859

Ambiguously Mapped Contigs: 0
Total Bases in Ambiguously Mapped Contigs: 0
Note that --allow-ambiguity option was set to "one" and only first alignment per each contig was used.

	Covered Bases: 65126

	SNPs: 490
	Insertions: 7
	Deletions: 4

	Positive Gaps: 9
		Internal Gaps:  0
		External Gaps:  9
		External Gap Total:  3804555
		External Gap Average: 422728
	Negative Gaps: 2
		Internal Overlaps:  0
		External Overlaps:  2
		External Overlaps Total: -899
		External Overlaps Average: -450
	Contigs with Redundant Alignments: 0 (0)
