Aligning contigs to reference...
	Using existing Nucmer alignments...
Parsing coords...
Loading reference...
	Loaded [Bryantella_formatexigens_gi_241911836_ref_NZ_]
Loading SNPs...
Loading regions...
	No regions given, using whole reference.
	Total Regions: 1
	Total Region Length: 4548960
Analyzing contigs...
CONTIG: NODE_39_length_86580_cov_5.89723_ID_77 (86580bp)
Top Length: 82  Top ID: 96.34
		This contig is partially unaligned. (Aligned 82 out of 86580 bases)
		Alignment: 1639803 1639884 | 30016 29935 | 82 82 | 96.34 | Bryantella_formatexigens_gi_241911836_ref_NZ_ NODE_39_length_86580_cov_5.89723_ID_77
		Unaligned bases: 1 to 29934 (29934)
		Unaligned bases: 30017 to 86580 (56564)

CONTIG: NODE_78_length_65382_cov_5.24322_ID_155 (65382bp)
Top Length: 83  Top ID: 96.43
		Skipping redundant alignment 3862019 3862097 | 47761 47683 | 79 79 | 97.47 | Bryantella_formatexigens_gi_241911836_ref_NZ_ NODE_78_length_65382_cov_5.24322_ID_155
		Skipping redundant alignment 3031897 3031971 | 47761 47687 | 75 75 | 97.33 | Bryantella_formatexigens_gi_241911836_ref_NZ_ NODE_78_length_65382_cov_5.24322_ID_155
		This contig is partially unaligned. (Aligned 83 out of 65382 bases)
		Alignment: 2928147 2928230 | 47678 47760 | 84 83 | 96.43 | Bryantella_formatexigens_gi_241911836_ref_NZ_ NODE_78_length_65382_cov_5.24322_ID_155
		Unaligned bases: 1 to 47677 (47677)
		Unaligned bases: 47761 to 65382 (17622)

CONTIG: NODE_2702_length_5346_cov_1.32848_ID_5403 (5346bp)
Top Length: 153  Top ID: 96.1
		This contig is partially unaligned. (Aligned 153 out of 5346 bases)
		Alignment: 2301237 2301388 | 52 204 | 152 153 | 96.1 | Bryantella_formatexigens_gi_241911836_ref_NZ_ NODE_2702_length_5346_cov_1.32848_ID_5403
		Unaligned bases: 1 to 51 (51)
		Unaligned bases: 205 to 5346 (5142)

CONTIG: NODE_3109_length_4804_cov_4.43946_ID_6217 (4804bp)
Top Length: 465  Top ID: 96.99
		Skipping redundant alignment 1435259 1435364 | 1612 1717 | 106 106 | 98.11 | Bryantella_formatexigens_gi_241911836_ref_NZ_ NODE_3109_length_4804_cov_4.43946_ID_6217
			Skipping redundant alignments after choosing the best set of alignments
		Skipping redundant alignment 1435651 1436115 | 3909 4373 | 465 465 | 96.99 | Bryantella_formatexigens_gi_241911836_ref_NZ_ NODE_3109_length_4804_cov_4.43946_ID_6217
		Skipping redundant alignment 1442332 1442438 | 3774 3880 | 107 107 | 99.07 | Bryantella_formatexigens_gi_241911836_ref_NZ_ NODE_3109_length_4804_cov_4.43946_ID_6217
		This contig is misassembled. 6 total aligns.
			Warning! This contig is more unaligned than misassembled. Contig length is 4804 and total length of all aligns is 681
		Alignment: 1442328 1442436 | 1609 1717 | 109 109 | 100.0 | Bryantella_formatexigens_gi_241911836_ref_NZ_ NODE_3109_length_4804_cov_4.43946_ID_6217
		Alignment: 1435260 1435366 | 3774 3880 | 107 107 | 98.13 | Bryantella_formatexigens_gi_241911836_ref_NZ_ NODE_3109_length_4804_cov_4.43946_ID_6217
		Alignment: 1439169 1439633 | 3909 4373 | 465 465 | 95.91 | Bryantella_formatexigens_gi_241911836_ref_NZ_ NODE_3109_length_4804_cov_4.43946_ID_6217
		Unaligned bases: 4123
		This contig has both significant aligned and unaligned parts (of length >= min-contig)! It can contain interspecies translocations
CONTIG: NODE_5210_length_3209_cov_1.93564_ID_10419 (3209bp)
Top Length: 427  Top ID: 99.77
		This contig is partially unaligned. (Aligned 427 out of 3209 bases)
		Alignment: 1401345 1401771 | 3209 2783 | 427 427 | 99.77 | Bryantella_formatexigens_gi_241911836_ref_NZ_ NODE_5210_length_3209_cov_1.93564_ID_10419
		Unaligned bases: 1 to 2782 (2782)

CONTIG: NODE_8204_length_2192_cov_1.781_ID_16407 (2192bp)
Top Length: 1053  Top ID: 99.72
		This contig is misassembled. 3 total aligns.
			Real Alignment 1: 1397257 1397925 | 669 1 | 669 669 | 99.7 | Bryantella_formatexigens_gi_241911836_ref_NZ_ NODE_8204_length_2192_cov_1.781_ID_16407
			  Fake misassembly between these two alignments: inconsistency = -7 , gap in the contig is small or absent or filled mostly with Ns (long indel: insertion of length 7; 0 mismatches)
			Real Alignment 2: 1396118 1397170 | 1815 763 | 1053 1053 | 99.72 | Bryantella_formatexigens_gi_241911836_ref_NZ_ NODE_8204_length_2192_cov_1.781_ID_16407
			  Fake misassembly between these two alignments: inconsistency = 1 , gap in the contig is small or absent or filled mostly with Ns (short indel: deletion of length 1; 2 mismatches)
			Real Alignment 3: 1395740 1395999 | 2192 1933 | 260 260 | 98.85 | Bryantella_formatexigens_gi_241911836_ref_NZ_ NODE_8204_length_2192_cov_1.781_ID_16407

CONTIG: NODE_10188_length_1812_cov_4.11781_ID_20375 (1812bp)
Top Length: 489  Top ID: 99.39
		This contig is partially unaligned. (Aligned 489 out of 1812 bases)
		Alignment: 1399253 1399741 | 1321 1809 | 489 489 | 99.39 | Bryantella_formatexigens_gi_241911836_ref_NZ_ NODE_10188_length_1812_cov_4.11781_ID_20375
		Unaligned bases: 1 to 1320 (1320)
		Unaligned bases: 1810 to 1812 (3)

CONTIG: NODE_11127_length_1672_cov_0.977118_ID_22253 (1672bp)
Top Length: 73  Top ID: 100.0
		Skipping redundant alignment 3147814 3147885 | 1493 1422 | 72 72 | 100.0 | Bryantella_formatexigens_gi_241911836_ref_NZ_ NODE_11127_length_1672_cov_0.977118_ID_22253
		This contig is partially unaligned. (Aligned 73 out of 1672 bases)
		Alignment: 3861482 3861554 | 1493 1421 | 73 73 | 100.0 | Bryantella_formatexigens_gi_241911836_ref_NZ_ NODE_11127_length_1672_cov_0.977118_ID_22253
		Unaligned bases: 1 to 1420 (1420)
		Unaligned bases: 1494 to 1672 (179)

CONTIG: NODE_13348_length_1411_cov_2.50811_ID_26695 (1411bp)
Top Length: 1411  Top ID: 98.87
		One align captures most of this contig: 1397928 1399338 | 1411 1 | 1411 1411 | 98.87 | Bryantella_formatexigens_gi_241911836_ref_NZ_ NODE_13348_length_1411_cov_2.50811_ID_26695

CONTIG: NODE_24895_length_778_cov_0.604426_ID_49789 (778bp)
Top Length: 778  Top ID: 98.84
		One align captures most of this contig: 1449088 1449865 | 778 1 | 778 778 | 98.84 | Bryantella_formatexigens_gi_241911836_ref_NZ_ NODE_24895_length_778_cov_0.604426_ID_49789

CONTIG: NODE_26517_length_730_cov_2.44593_ID_53033 (730bp)
Top Length: 730  Top ID: 99.45
		One align captures most of this contig: 1395064 1395793 | 730 1 | 730 730 | 99.45 | Bryantella_formatexigens_gi_241911836_ref_NZ_ NODE_26517_length_730_cov_2.44593_ID_53033

CONTIG: NODE_30573_length_637_cov_1.04296_ID_61145 (637bp)
Top Length: 86  Top ID: 96.51
		Skipping redundant alignment 389400 389474 | 134 208 | 75 75 | 100.0 | Bryantella_formatexigens_gi_241911836_ref_NZ_ NODE_30573_length_637_cov_1.04296_ID_61145
		This contig is partially unaligned. (Aligned 86 out of 637 bases)
		Alignment: 389699 389784 | 127 212 | 86 86 | 96.51 | Bryantella_formatexigens_gi_241911836_ref_NZ_ NODE_30573_length_637_cov_1.04296_ID_61145
		Unaligned bases: 1 to 126 (126)
		Unaligned bases: 213 to 637 (425)

Analyzing coverage...
Writing SNPs into /Molly/gurevich/MetaQUAST/res_final/res_metahit_final/runs_per_reference/Bryantella_formatexigens/contigs_reports/nucmer_output/SPAdes.used_snps
	Reference Bryantella_formatexigens_gi_241911836_ref_NZ_: 16 total alignments. 1 total regions.
		Region: 1 to 4548960 (4548960 bp)
			START in gap: 1 to 389699 (389698 bp)
			Align 1: 389699 389784 NODE_30573_length_637_cov_1.04296_ID_61145 127 212
				Gap between this and next alignment: 389784 to 1395064 (1005279 bp)
				Next Alignment: 1395064 1395793 NODE_26517_length_730_cov_2.44593_ID_53033 730 1

			Align 2: 1395064 1395793 NODE_26517_length_730_cov_2.44593_ID_53033 730 1
				Negative gap (overlap) between this and next alignment: 1395793 to 1395740 (-53 bp)
				Next Alignment: 1395740 1395999 NODE_8204_length_2192_cov_1.781_ID_16407 2192 1933

			Previous gap was negative, modifying coordinates to ignore overlap
				Moving contig start from 2192 to 2138.
			Align 3: 1395794 1395999 NODE_8204_length_2192_cov_1.781_ID_16407 2138 1933
				Gap between this and next alignment: 1395999 to 1396118 (118 bp)
				Next Alignment: 1396118 1397170 NODE_8204_length_2192_cov_1.781_ID_16407 1815 763

			Align 4: 1396118 1397170 NODE_8204_length_2192_cov_1.781_ID_16407 1815 763
				Gap between this and next alignment: 1397170 to 1397257 (86 bp)
				Next Alignment: 1397257 1397925 NODE_8204_length_2192_cov_1.781_ID_16407 669 1

			Align 5: 1397257 1397925 NODE_8204_length_2192_cov_1.781_ID_16407 669 1
				Gap between this and next alignment: 1397925 to 1397928 (2 bp)
				Next Alignment: 1397928 1399338 NODE_13348_length_1411_cov_2.50811_ID_26695 1411 1

			Align 6: 1397928 1399338 NODE_13348_length_1411_cov_2.50811_ID_26695 1411 1
				Negative gap (overlap) between this and next alignment: 1399338 to 1399253 (-85 bp)
				Next Alignment: 1399253 1399741 NODE_10188_length_1812_cov_4.11781_ID_20375 1321 1809

			Previous gap was negative, modifying coordinates to ignore overlap
				Moving contig start from 1321 to 1407.
			Align 7: 1399339 1399741 NODE_10188_length_1812_cov_4.11781_ID_20375 1407 1809
				Gap between this and next alignment: 1399741 to 1401345 (1603 bp)
				Next Alignment: 1401345 1401771 NODE_5210_length_3209_cov_1.93564_ID_10419 3209 2783

			Align 8: 1401345 1401771 NODE_5210_length_3209_cov_1.93564_ID_10419 3209 2783
				Gap between this and next alignment: 1401771 to 1435260 (33488 bp)
				Next Alignment: 1435260 1435366 NODE_3109_length_4804_cov_4.43946_ID_6217 3774 3880

			Align 9: 1435260 1435366 NODE_3109_length_4804_cov_4.43946_ID_6217 3774 3880
				Gap between this and next alignment: 1435366 to 1439169 (3802 bp)
				Next Alignment: 1439169 1439633 NODE_3109_length_4804_cov_4.43946_ID_6217 3909 4373

			Align 10: 1439169 1439633 NODE_3109_length_4804_cov_4.43946_ID_6217 3909 4373
				Gap between this and next alignment: 1439633 to 1442328 (2694 bp)
				Next Alignment: 1442328 1442436 NODE_3109_length_4804_cov_4.43946_ID_6217 1609 1717

			Align 11: 1442328 1442436 NODE_3109_length_4804_cov_4.43946_ID_6217 1609 1717
				Gap between this and next alignment: 1442436 to 1449088 (6651 bp)
				Next Alignment: 1449088 1449865 NODE_24895_length_778_cov_0.604426_ID_49789 778 1

			Align 12: 1449088 1449865 NODE_24895_length_778_cov_0.604426_ID_49789 778 1
				Gap between this and next alignment: 1449865 to 1639803 (189937 bp)
				Next Alignment: 1639803 1639884 NODE_39_length_86580_cov_5.89723_ID_77 30016 29935

			Align 13: 1639803 1639884 NODE_39_length_86580_cov_5.89723_ID_77 30016 29935
				Gap between this and next alignment: 1639884 to 2301237 (661352 bp)
				Next Alignment: 2301237 2301388 NODE_2702_length_5346_cov_1.32848_ID_5403 52 204

			Align 14: 2301237 2301388 NODE_2702_length_5346_cov_1.32848_ID_5403 52 204
				Gap between this and next alignment: 2301388 to 2928147 (626758 bp)
				Next Alignment: 2928147 2928230 NODE_78_length_65382_cov_5.24322_ID_155 47678 47760

			Align 15: 2928147 2928230 NODE_78_length_65382_cov_5.24322_ID_155 47678 47760
				Gap between this and next alignment: 2928230 to 3861482 (933251 bp)
				Next Alignment: 3861482 3861554 NODE_11127_length_1672_cov_0.977118_ID_22253 1493 1421

			Align 16: 3861482 3861554 NODE_11127_length_1672_cov_0.977118_ID_22253 1493 1421
			END in gap: 3861554 to 4548960 (687406 bp)

Analysis is finished!
Founded SNPs were written into /Molly/gurevich/MetaQUAST/res_final/res_metahit_final/runs_per_reference/Bryantella_formatexigens/contigs_reports/nucmer_output/SPAdes.used_snps

Results:
	Local Misassemblies: 0
	Misassemblies: 0
		Relocations: 0
		Translocations: 0
		Inversions: 0
	Fake misassemblies matched with structural variations: 0
	Misassembled Contigs: 0
	Misassembled Contig Bases: 0
	Misassemblies Inter-Contig Overlap: 0
Uncovered Regions: 0 (0)
Unaligned Contigs: 0 + 8 part
Partially Unaligned Contigs with Misassemblies: 1
Unaligned Contig Bases: 167368

Ambiguously Mapped Contigs: 0
Total Bases in Ambiguously Mapped Contigs: 0
Note that --allow-ambiguity option was set to "one" and only first alignment per each contig was used.

	Covered Bases: 6835

	SNPs: 71
	Insertions: 9
	Deletions: 3

	Positive Gaps: 15
		Internal Gaps:  4
		External Gaps:  11
		External Gap Total:  4535425
		External Gap Average: 412311
	Negative Gaps: 2
		Internal Overlaps:  0
		External Overlaps:  2
		External Overlaps Total: -138
		External Overlaps Average: -69
	Contigs with Redundant Alignments: 0 (0)
