Aligning contigs to reference...
	Using existing Nucmer alignments...
Parsing coords...
Loading reference...
	Loaded [Bryantella_formatexigens_gi_241911836_ref_NZ_]
Loading SNPs...
Loading regions...
	No regions given, using whole reference.
	Total Regions: 1
	Total Region Length: 4548960
Analyzing contigs...
CONTIG: scaffold15963__7.1 (521bp)
Top Length: 157  Top ID: 99.36
		This contig is misassembled. 3 total aligns.
			Real Alignment 1: 1395395 1395506 | 112 1 | 112 112 | 100.0 | Bryantella_formatexigens_gi_241911836_ref_NZ_ scaffold15963__7.1
			  Gap between these two alignments (local misassembly). Inconsistency = 147 
			Real Alignment 2: 1394995 1395151 | 365 209 | 157 157 | 99.36 | Bryantella_formatexigens_gi_241911836_ref_NZ_ scaffold15963__7.1
			  Gap between these two alignments (local misassembly). Inconsistency = 151 
			Real Alignment 3: 1394688 1394803 | 521 406 | 116 116 | 100.0 | Bryantella_formatexigens_gi_241911836_ref_NZ_ scaffold15963__7.1

CONTIG: C734716_39.0 (679bp)
Top Length: 679  Top ID: 97.79
		One align captures most of this contig: 1433762 1434440 | 1 679 | 679 679 | 97.79 | Bryantella_formatexigens_gi_241911836_ref_NZ_ C734716_39.0

CONTIG: C756378__8.0 (1695bp)
Top Length: 1693  Top ID: 98.23
		One align captures most of this contig: 1436647 1438339 | 1 1693 | 1693 1693 | 98.23 | Bryantella_formatexigens_gi_241911836_ref_NZ_ C756378__8.0

Analyzing coverage...
Writing SNPs into /Molly/gurevich/MetaQUAST/res_final/res_metahit_final/runs_per_reference/Bryantella_formatexigens/contigs_reports/nucmer_output/SOAPdenovo2.used_snps
	Reference Bryantella_formatexigens_gi_241911836_ref_NZ_: 5 total alignments. 1 total regions.
		Region: 1 to 4548960 (4548960 bp)
			START in gap: 1 to 1394688 (1394687 bp)
			Align 1: 1394688 1394803 scaffold15963__7.1 521 406
				Gap between this and next alignment: 1394803 to 1394995 (191 bp)
				Next Alignment: 1394995 1395151 scaffold15963__7.1 365 209

			Align 2: 1394995 1395151 scaffold15963__7.1 365 209
				Gap between this and next alignment: 1395151 to 1395395 (243 bp)
				Next Alignment: 1395395 1395506 scaffold15963__7.1 112 1

			Align 3: 1395395 1395506 scaffold15963__7.1 112 1
				Gap between this and next alignment: 1395506 to 1433762 (38255 bp)
				Next Alignment: 1433762 1434440 C734716_39.0 1 679

			Align 4: 1433762 1434440 C734716_39.0 1 679
				Gap between this and next alignment: 1434440 to 1436647 (2206 bp)
				Next Alignment: 1436647 1438339 C756378__8.0 1 1693

			Align 5: 1436647 1438339 C756378__8.0 1 1693
			END in gap: 1438339 to 4548960 (3110621 bp)

Analysis is finished!
Founded SNPs were written into /Molly/gurevich/MetaQUAST/res_final/res_metahit_final/runs_per_reference/Bryantella_formatexigens/contigs_reports/nucmer_output/SOAPdenovo2.used_snps

Results:
	Local Misassemblies: 2
	Misassemblies: 0
		Relocations: 0
		Translocations: 0
		Inversions: 0
	Fake misassemblies matched with structural variations: 0
	Misassembled Contigs: 0
	Misassembled Contig Bases: 0
	Misassemblies Inter-Contig Overlap: 0
Uncovered Regions: 0 (0)
Unaligned Contigs: 0 + 0 part
Partially Unaligned Contigs with Misassemblies: 0
Unaligned Contig Bases: 0

Ambiguously Mapped Contigs: 0
Total Bases in Ambiguously Mapped Contigs: 0
Note that --allow-ambiguity option was set to "one" and only first alignment per each contig was used.

	Covered Bases: 2757

	SNPs: 46
	Insertions: 0
	Deletions: 0

	Positive Gaps: 6
		Internal Gaps:  2
		External Gaps:  4
		External Gap Total:  4545769
		External Gap Average: 1136442
	Negative Gaps: 0
		Internal Overlaps:  0
		External Overlaps:  0
		External Overlaps Total:  0
		External Overlaps Average: 0
	Contigs with Redundant Alignments: 0 (0)
