Aligning contigs to reference...
	Using existing Nucmer alignments...
Parsing coords...
Loading reference...
	Loaded [Bacteroides_coprophilus_gi_224485776_ref_NZ_]
	Loaded [Bacteroides_coprophilus_gi_224485777_ref_NZ_]
	Loaded [Bacteroides_coprophilus_gi_224485778_ref_NZ_]
	Loaded [Bacteroides_coprophilus_gi_224485779_ref_NZ_]
	Loaded [Bacteroides_coprophilus_gi_224485780_ref_NZ_]
	Loaded [Bacteroides_coprophilus_gi_224485781_ref_NZ_]
	Loaded [Bacteroides_coprophilus_gi_224485782_ref_NZ_]
	Loaded [Bacteroides_coprophilus_gi_224485783_ref_NZ_]
	Loaded [Bacteroides_coprophilus_gi_224485784_ref_NZ_]
	Loaded [Bacteroides_coprophilus_gi_224485785_ref_NZ_]
	Loaded [Bacteroides_coprophilus_gi_224485786_ref_NZ_]
	Loaded [Bacteroides_coprophilus_gi_224485787_ref_NZ_]
	Loaded [Bacteroides_coprophilus_gi_224485788_ref_NZ_]
	Loaded [Bacteroides_coprophilus_gi_224485789_ref_NZ_]
	Loaded [Bacteroides_coprophilus_gi_224485790_ref_NZ_]
	Loaded [Bacteroides_coprophilus_gi_224485791_ref_NZ_]
	Loaded [Bacteroides_coprophilus_gi_224485792_ref_NZ_]
	Loaded [Bacteroides_coprophilus_gi_224485793_ref_NZ_]
	Loaded [Bacteroides_coprophilus_gi_224485794_ref_NZ_]
	Loaded [Bacteroides_coprophilus_gi_224485795_ref_NZ_]
	Loaded [Bacteroides_coprophilus_gi_224485796_ref_NZ_]
	Loaded [Bacteroides_coprophilus_gi_224485797_ref_NZ_]
	Loaded [Bacteroides_coprophilus_gi_224485798_ref_NZ_]
	Loaded [Bacteroides_coprophilus_gi_224485799_ref_NZ_]
	Loaded [Bacteroides_coprophilus_gi_224485800_ref_NZ_]
	Loaded [Bacteroides_coprophilus_gi_224485801_ref_NZ_]
	Loaded [Bacteroides_coprophilus_gi_224485802_ref_NZ_]
	Loaded [Bacteroides_coprophilus_gi_224485803_ref_NZ_]
	Loaded [Bacteroides_coprophilus_gi_224485804_ref_NZ_]
	Loaded [Bacteroides_coprophilus_gi_224485805_ref_NZ_]
	Loaded [Bacteroides_coprophilus_gi_224485806_ref_NZ_]
	Loaded [Bacteroides_coprophilus_gi_224485807_ref_NZ_]
	Loaded [Bacteroides_coprophilus_gi_224485808_ref_NZ_]
	Loaded [Bacteroides_coprophilus_gi_224485809_ref_NZ_]
	Loaded [Bacteroides_coprophilus_gi_224485810_ref_NZ_]
	Loaded [Bacteroides_coprophilus_gi_224485811_ref_NZ_]
	Loaded [Bacteroides_coprophilus_gi_224485812_ref_NZ_]
	Loaded [Bacteroides_coprophilus_gi_224485813_ref_NZ_]
	Loaded [Bacteroides_coprophilus_gi_224485814_ref_NZ_]
	Loaded [Bacteroides_coprophilus_gi_224485815_ref_NZ_]
	Loaded [Bacteroides_coprophilus_gi_224485816_ref_NZ_]
	Loaded [Bacteroides_coprophilus_gi_224485817_ref_NZ_]
	Loaded [Bacteroides_coprophilus_gi_224485818_ref_NZ_]
	Loaded [Bacteroides_coprophilus_gi_224485819_ref_NZ_]
	Loaded [Bacteroides_coprophilus_gi_224485820_ref_NZ_]
	Loaded [Bacteroides_coprophilus_gi_224485821_ref_NZ_]
	Loaded [Bacteroides_coprophilus_gi_224485822_ref_NZ_]
	Loaded [Bacteroides_coprophilus_gi_224485823_ref_NZ_]
	Loaded [Bacteroides_coprophilus_gi_224485824_ref_NZ_]
	Loaded [Bacteroides_coprophilus_gi_224485825_ref_NZ_]
	Loaded [Bacteroides_coprophilus_gi_224485826_ref_NZ_]
	Loaded [Bacteroides_coprophilus_gi_224485827_ref_NZ_]
	Loaded [Bacteroides_coprophilus_gi_224485828_ref_NZ_]
	Loaded [Bacteroides_coprophilus_gi_224485829_ref_NZ_]
	Loaded [Bacteroides_coprophilus_gi_224485830_ref_NZ_]
	Loaded [Bacteroides_coprophilus_gi_224485831_ref_NZ_]
	Loaded [Bacteroides_coprophilus_gi_224485832_ref_NZ_]
	Loaded [Bacteroides_coprophilus_gi_224485833_ref_NZ_]
	Loaded [Bacteroides_coprophilus_gi_224485834_ref_NZ_]
	Loaded [Bacteroides_coprophilus_gi_224485835_ref_NZ_]
	Loaded [Bacteroides_coprophilus_gi_224485836_ref_NZ_]
	Loaded [Bacteroides_coprophilus_gi_224485837_ref_NZ_]
	Loaded [Bacteroides_coprophilus_gi_224485838_ref_NZ_]
	Loaded [Bacteroides_coprophilus_gi_224485839_ref_NZ_]
	Loaded [Bacteroides_coprophilus_gi_224485840_ref_NZ_]
	Loaded [Bacteroides_coprophilus_gi_224485841_ref_NZ_]
	Loaded [Bacteroides_coprophilus_gi_224485842_ref_NZ_]
	Loaded [Bacteroides_coprophilus_gi_224485843_ref_NZ_]
	Loaded [Bacteroides_coprophilus_gi_224485844_ref_NZ_]
	Loaded [Bacteroides_coprophilus_gi_224485845_ref_NZ_]
	Loaded [Bacteroides_coprophilus_gi_224485846_ref_NZ_]
	Loaded [Bacteroides_coprophilus_gi_224485847_ref_NZ_]
	Loaded [Bacteroides_coprophilus_gi_224485848_ref_NZ_]
Loading SNPs...
Loading regions...
	No regions given, using whole reference.
	Total Regions: 73
	Total Region Length: 4041504
Analyzing contigs...
CONTIG: scaffold_10878 (1219bp)
Top Length: 1219  Top ID: 99.02
		One align captures most of this contig: 67114 68331 | 1 1219 | 1218 1219 | 99.02 | Bacteroides_coprophilus_gi_224485784_ref_NZ_ scaffold_10878

CONTIG: scaffold_169 (33404bp)
Top Length: 2533  Top ID: 97.2
		This contig is partially unaligned. (Aligned 2533 out of 33404 bases)
		Alignment: 8602 11139 | 19962 22494 | 2538 2533 | 97.2 | Bacteroides_coprophilus_gi_224485785_ref_NZ_ scaffold_169
		Unaligned bases: 1 to 19961 (19961)
		Unaligned bases: 22495 to 33404 (10910)
		This contig has both significant aligned and unaligned parts (of length >= min-contig)! It can contain interspecies translocations

CONTIG: scaffold_15253 (1221bp)
Top Length: 1221  Top ID: 99.75
		One align captures most of this contig: 118953 120172 | 1 1221 | 1220 1221 | 99.75 | Bacteroides_coprophilus_gi_224485785_ref_NZ_ scaffold_15253

CONTIG: scaffold_12968 (1062bp)
Top Length: 168  Top ID: 95.83
		This contig is partially unaligned. (Aligned 168 out of 1062 bases)
		Alignment: 28738 28905 | 1062 895 | 168 168 | 95.83 | Bacteroides_coprophilus_gi_224485776_ref_NZ_ scaffold_12968
		Unaligned bases: 1 to 894 (894)

CONTIG: scaffold_129 (54922bp)
Top Length: 445  Top ID: 97.75
		This contig is partially unaligned. (Aligned 445 out of 54922 bases)
		Alignment: 121601 122041 | 7239 7683 | 441 445 | 97.75 | Bacteroides_coprophilus_gi_224485799_ref_NZ_ scaffold_129
		Unaligned bases: 1 to 7238 (7238)
		Unaligned bases: 7684 to 54922 (47239)

CONTIG: scaffold_1173 (7091bp)
Top Length: 276  Top ID: 95.32
		This contig is partially unaligned. (Aligned 276 out of 7091 bases)
		Alignment: 4 281 | 276 1 | 278 276 | 95.32 | Bacteroides_coprophilus_gi_224485814_ref_NZ_ scaffold_1173
		Unaligned bases: 277 to 7091 (6815)

CONTIG: scaffold_5182 (2792bp)
Top Length: 1561  Top ID: 98.21
		Skipping redundant alignment 1 167 | 843 1009 | 167 167 | 95.21 | Bacteroides_coprophilus_gi_224485834_ref_NZ_ scaffold_5182
		This contig is misassembled. 3 total aligns.
			Real Alignment 1: 2 1561 | 844 2404 | 1560 1561 | 98.21 | Bacteroides_coprophilus_gi_224485843_ref_NZ_ scaffold_5182
			  Extensive misassembly ( translocation ) between these two alignments
			Real Alignment 2: 2463 2641 | 2650 2472 | 179 179 | 97.77 | Bacteroides_coprophilus_gi_224485799_ref_NZ_ scaffold_5182
		This contig has significant unaligned parts (of length >= min-contig)! It can contain interspecies translocations

CONTIG: scaffold_1065 (14345bp)
Top Length: 783  Top ID: 95.27
		This contig is partially unaligned. (Aligned 783 out of 14345 bases)
		Alignment: 484613 485392 | 11631 10849 | 780 783 | 95.27 | Bacteroides_coprophilus_gi_224485791_ref_NZ_ scaffold_1065
		Unaligned bases: 1 to 10848 (10848)
		Unaligned bases: 11632 to 14345 (2714)
		This contig has both significant aligned and unaligned parts (of length >= min-contig)! It can contain interspecies translocations

CONTIG: scaffold_2417 (3625bp)
Top Length: 202  Top ID: 95.54
		This contig is partially unaligned. (Aligned 202 out of 3625 bases)
		Alignment: 476592 476793 | 3424 3625 | 202 202 | 95.54 | Bacteroides_coprophilus_gi_224485791_ref_NZ_ scaffold_2417
		Unaligned bases: 1 to 3423 (3423)

CONTIG: scaffold_25645 (620bp)
Top Length: 578  Top ID: 97.92
		This contig is partially unaligned. (Aligned 578 out of 620 bases)
		Alignment: 306934 307511 | 620 43 | 578 578 | 97.92 | Bacteroides_coprophilus_gi_224485791_ref_NZ_ scaffold_25645
		Unaligned bases: 1 to 42 (42)

CONTIG: scaffold_28273 (556bp)
Top Length: 554  Top ID: 98.92
		One align captures most of this contig: 305333 305886 | 3 556 | 554 554 | 98.92 | Bacteroides_coprophilus_gi_224485791_ref_NZ_ scaffold_28273

CONTIG: scaffold_4492 (2308bp)
Top Length: 1079  Top ID: 98.7
		This contig is misassembled. 2 total aligns.
			Real Alignment 1: 1 1081 | 42 1120 | 1081 1079 | 98.7 | Bacteroides_coprophilus_gi_224485821_ref_NZ_ scaffold_4492
			  Extensive misassembly ( translocation ) between these two alignments
			Real Alignment 2: 1 597 | 1998 1402 | 597 597 | 98.83 | Bacteroides_coprophilus_gi_224485811_ref_NZ_ scaffold_4492
		This contig has significant unaligned parts (of length >= min-contig)! It can contain interspecies translocations

CONTIG: scaffold_23524 (664bp)
Top Length: 510  Top ID: 100.0
		This contig is partially unaligned. (Aligned 510 out of 664 bases)
		Alignment: 1 510 | 510 1 | 510 510 | 100.0 | Bacteroides_coprophilus_gi_224485790_ref_NZ_ scaffold_23524
		Unaligned bases: 511 to 664 (154)

CONTIG: scaffold_54 (54425bp)
Top Length: 105  Top ID: 98.1
		This contig is partially unaligned. (Aligned 105 out of 54425 bases)
		Alignment: 271841 271945 | 105 1 | 105 105 | 98.1 | Bacteroides_coprophilus_gi_224485794_ref_NZ_ scaffold_54
		Unaligned bases: 106 to 54425 (54320)

CONTIG: scaffold_275 (26233bp)
Top Length: 26174  Top ID: 99.77
		One align captures most of this contig: 271862 298035 | 1 26174 | 26174 26174 | 99.77 | Bacteroides_coprophilus_gi_224485794_ref_NZ_ scaffold_275

CONTIG: scaffold_1309 (6172bp)
Top Length: 4410  Top ID: 99.95
		This contig is partially unaligned. (Aligned 4410 out of 6172 bases)
		Alignment: 297949 302358 | 6172 1763 | 4410 4410 | 99.95 | Bacteroides_coprophilus_gi_224485794_ref_NZ_ scaffold_1309
		Unaligned bases: 1 to 1762 (1762)
		This contig has both significant aligned and unaligned parts (of length >= min-contig)! It can contain interspecies translocations

CONTIG: scaffold_3685 (3007bp)
Top Length: 2047  Top ID: 96.14
		This contig is misassembled. 2 total aligns.
			Excluding internal overlap of size 8 between Alignment 1 and 2:  302421 303278 | 2898 2040 | 858 859 --> 302421 303270 | 2898 2048 | 850 851
			Real Alignment 1: 305526 307573 | 2047 1 | 2048 2047 | 96.14 | Bacteroides_coprophilus_gi_224485794_ref_NZ_ scaffold_3685
			  Extensive misassembly ( relocation, inconsistency = 2255 ) between these two alignments
			Real Alignment 2: 302421 303270 | 2898 2048 | 850 851 | 99.88 | Bacteroides_coprophilus_gi_224485794_ref_NZ_ scaffold_3685

CONTIG: scaffold_4243 (2402bp)
Top Length: 114  Top ID: 98.25
		This contig is misassembled. 2 total aligns.
			Warning! This contig is more unaligned than misassembled. Contig length is 2402 and total length of all aligns is 213
		Alignment: 352812 352925 | 1 114 | 114 114 | 98.25 | Bacteroides_coprophilus_gi_224485794_ref_NZ_ scaffold_4243
		Alignment: 352925 353023 | 2304 2402 | 99 99 | 100.0 | Bacteroides_coprophilus_gi_224485794_ref_NZ_ scaffold_4243
		Unaligned bases: 2189
CONTIG: scaffold_4836 (2186bp)
Top Length: 2186  Top ID: 99.95
		One align captures most of this contig: 352925 355110 | 1 2186 | 2186 2186 | 99.95 | Bacteroides_coprophilus_gi_224485794_ref_NZ_ scaffold_4836

CONTIG: scaffold_26929 (595bp)
Top Length: 114  Top ID: 99.12
		This contig is partially unaligned. (Aligned 114 out of 595 bases)
		Alignment: 271844 271957 | 114 1 | 114 114 | 99.12 | Bacteroides_coprophilus_gi_224485794_ref_NZ_ scaffold_26929
		Unaligned bases: 115 to 595 (481)

CONTIG: scaffold_9315 (1374bp)
Top Length: 1374  Top ID: 99.71
		One align captures most of this contig: 330272 331644 | 1 1374 | 1373 1374 | 99.71 | Bacteroides_coprophilus_gi_224485798_ref_NZ_ scaffold_9315

CONTIG: scaffold_12439 (1099bp)
Top Length: 1099  Top ID: 99.91
		One align captures most of this contig: 336774 337872 | 1 1099 | 1099 1099 | 99.91 | Bacteroides_coprophilus_gi_224485798_ref_NZ_ scaffold_12439

CONTIG: scaffold_14710 (959bp)
Top Length: 959  Top ID: 98.96
		One align captures most of this contig: 334359 335317 | 959 1 | 959 959 | 98.96 | Bacteroides_coprophilus_gi_224485798_ref_NZ_ scaffold_14710

CONTIG: scaffold_17464 (837bp)
Top Length: 837  Top ID: 99.88
		One align captures most of this contig: 335281 336117 | 837 1 | 837 837 | 99.88 | Bacteroides_coprophilus_gi_224485798_ref_NZ_ scaffold_17464

CONTIG: scaffold_19121 (783bp)
Top Length: 783  Top ID: 99.87
		One align captures most of this contig: 340124 340906 | 1 783 | 783 783 | 99.87 | Bacteroides_coprophilus_gi_224485798_ref_NZ_ scaffold_19121

CONTIG: scaffold_21333 (718bp)
Top Length: 445  Top ID: 100.0
		This contig is partially unaligned. (Aligned 445 out of 718 bases)
		Alignment: 329423 329867 | 274 718 | 445 445 | 100.0 | Bacteroides_coprophilus_gi_224485798_ref_NZ_ scaffold_21333
		Unaligned bases: 1 to 273 (273)

CONTIG: scaffold_32636 (1144bp)
Top Length: 65  Top ID: 100.0
		This contig is partially unaligned. (Aligned 65 out of 1144 bases)
		Alignment: 342551 342615 | 459 523 | 65 65 | 100.0 | Bacteroides_coprophilus_gi_224485798_ref_NZ_ scaffold_32636
		Unaligned bases: 1 to 458 (458)
		Unaligned bases: 524 to 1144 (621)

CONTIG: scaffold_26285 (608bp)
Top Length: 608  Top ID: 98.03
		One align captures most of this contig: 291749 292356 | 1 608 | 608 608 | 98.03 | Bacteroides_coprophilus_gi_224485780_ref_NZ_ scaffold_26285

Analyzing coverage...
Writing SNPs into /Molly/gurevich/MetaQUAST/res_final/res_metahit_final/runs_per_reference/Bacteroides_coprophilus/contigs_reports/nucmer_output/IDBA_UD.used_snps
ERROR: Reference Bacteroides_coprophilus_gi_224485848_ref_NZ_ does not have any alignments!  Check that this is the same file used for alignment.
ERROR: Alignment Reference Headers: ['Bacteroides_coprophilus_gi_224485784_ref_NZ_', 'Bacteroides_coprophilus_gi_224485785_ref_NZ_', 'Bacteroides_coprophilus_gi_224485798_ref_NZ_', 'Bacteroides_coprophilus_gi_224485814_ref_NZ_', 'Bacteroides_coprophilus_gi_224485821_ref_NZ_', 'Bacteroides_coprophilus_gi_224485811_ref_NZ_', 'Bacteroides_coprophilus_gi_224485791_ref_NZ_', 'Bacteroides_coprophilus_gi_224485790_ref_NZ_', 'Bacteroides_coprophilus_gi_224485843_ref_NZ_', 'Bacteroides_coprophilus_gi_224485780_ref_NZ_', 'Bacteroides_coprophilus_gi_224485794_ref_NZ_', 'Bacteroides_coprophilus_gi_224485799_ref_NZ_', 'Bacteroides_coprophilus_gi_224485776_ref_NZ_']
	Reference Bacteroides_coprophilus_gi_224485784_ref_NZ_: 1 total alignments. 1 total regions.
		Region: 1 to 68520 (68520 bp)
			START in gap: 1 to 67114 (67113 bp)
			Align 1: 67114 68331 scaffold_10878 1 1219
			END in gap: 68331 to 68520 (189 bp)

ERROR: Reference Bacteroides_coprophilus_gi_224485815_ref_NZ_ does not have any alignments!  Check that this is the same file used for alignment.
ERROR: Alignment Reference Headers: ['Bacteroides_coprophilus_gi_224485784_ref_NZ_', 'Bacteroides_coprophilus_gi_224485785_ref_NZ_', 'Bacteroides_coprophilus_gi_224485798_ref_NZ_', 'Bacteroides_coprophilus_gi_224485814_ref_NZ_', 'Bacteroides_coprophilus_gi_224485821_ref_NZ_', 'Bacteroides_coprophilus_gi_224485811_ref_NZ_', 'Bacteroides_coprophilus_gi_224485791_ref_NZ_', 'Bacteroides_coprophilus_gi_224485790_ref_NZ_', 'Bacteroides_coprophilus_gi_224485843_ref_NZ_', 'Bacteroides_coprophilus_gi_224485780_ref_NZ_', 'Bacteroides_coprophilus_gi_224485794_ref_NZ_', 'Bacteroides_coprophilus_gi_224485799_ref_NZ_', 'Bacteroides_coprophilus_gi_224485776_ref_NZ_']
ERROR: Reference Bacteroides_coprophilus_gi_224485803_ref_NZ_ does not have any alignments!  Check that this is the same file used for alignment.
ERROR: Alignment Reference Headers: ['Bacteroides_coprophilus_gi_224485784_ref_NZ_', 'Bacteroides_coprophilus_gi_224485785_ref_NZ_', 'Bacteroides_coprophilus_gi_224485798_ref_NZ_', 'Bacteroides_coprophilus_gi_224485814_ref_NZ_', 'Bacteroides_coprophilus_gi_224485821_ref_NZ_', 'Bacteroides_coprophilus_gi_224485811_ref_NZ_', 'Bacteroides_coprophilus_gi_224485791_ref_NZ_', 'Bacteroides_coprophilus_gi_224485790_ref_NZ_', 'Bacteroides_coprophilus_gi_224485843_ref_NZ_', 'Bacteroides_coprophilus_gi_224485780_ref_NZ_', 'Bacteroides_coprophilus_gi_224485794_ref_NZ_', 'Bacteroides_coprophilus_gi_224485799_ref_NZ_', 'Bacteroides_coprophilus_gi_224485776_ref_NZ_']
ERROR: Reference Bacteroides_coprophilus_gi_224485779_ref_NZ_ does not have any alignments!  Check that this is the same file used for alignment.
ERROR: Alignment Reference Headers: ['Bacteroides_coprophilus_gi_224485784_ref_NZ_', 'Bacteroides_coprophilus_gi_224485785_ref_NZ_', 'Bacteroides_coprophilus_gi_224485798_ref_NZ_', 'Bacteroides_coprophilus_gi_224485814_ref_NZ_', 'Bacteroides_coprophilus_gi_224485821_ref_NZ_', 'Bacteroides_coprophilus_gi_224485811_ref_NZ_', 'Bacteroides_coprophilus_gi_224485791_ref_NZ_', 'Bacteroides_coprophilus_gi_224485790_ref_NZ_', 'Bacteroides_coprophilus_gi_224485843_ref_NZ_', 'Bacteroides_coprophilus_gi_224485780_ref_NZ_', 'Bacteroides_coprophilus_gi_224485794_ref_NZ_', 'Bacteroides_coprophilus_gi_224485799_ref_NZ_', 'Bacteroides_coprophilus_gi_224485776_ref_NZ_']
ERROR: Reference Bacteroides_coprophilus_gi_224485804_ref_NZ_ does not have any alignments!  Check that this is the same file used for alignment.
ERROR: Alignment Reference Headers: ['Bacteroides_coprophilus_gi_224485784_ref_NZ_', 'Bacteroides_coprophilus_gi_224485785_ref_NZ_', 'Bacteroides_coprophilus_gi_224485798_ref_NZ_', 'Bacteroides_coprophilus_gi_224485814_ref_NZ_', 'Bacteroides_coprophilus_gi_224485821_ref_NZ_', 'Bacteroides_coprophilus_gi_224485811_ref_NZ_', 'Bacteroides_coprophilus_gi_224485791_ref_NZ_', 'Bacteroides_coprophilus_gi_224485790_ref_NZ_', 'Bacteroides_coprophilus_gi_224485843_ref_NZ_', 'Bacteroides_coprophilus_gi_224485780_ref_NZ_', 'Bacteroides_coprophilus_gi_224485794_ref_NZ_', 'Bacteroides_coprophilus_gi_224485799_ref_NZ_', 'Bacteroides_coprophilus_gi_224485776_ref_NZ_']
ERROR: Reference Bacteroides_coprophilus_gi_224485795_ref_NZ_ does not have any alignments!  Check that this is the same file used for alignment.
ERROR: Alignment Reference Headers: ['Bacteroides_coprophilus_gi_224485784_ref_NZ_', 'Bacteroides_coprophilus_gi_224485785_ref_NZ_', 'Bacteroides_coprophilus_gi_224485798_ref_NZ_', 'Bacteroides_coprophilus_gi_224485814_ref_NZ_', 'Bacteroides_coprophilus_gi_224485821_ref_NZ_', 'Bacteroides_coprophilus_gi_224485811_ref_NZ_', 'Bacteroides_coprophilus_gi_224485791_ref_NZ_', 'Bacteroides_coprophilus_gi_224485790_ref_NZ_', 'Bacteroides_coprophilus_gi_224485843_ref_NZ_', 'Bacteroides_coprophilus_gi_224485780_ref_NZ_', 'Bacteroides_coprophilus_gi_224485794_ref_NZ_', 'Bacteroides_coprophilus_gi_224485799_ref_NZ_', 'Bacteroides_coprophilus_gi_224485776_ref_NZ_']
ERROR: Reference Bacteroides_coprophilus_gi_224485797_ref_NZ_ does not have any alignments!  Check that this is the same file used for alignment.
ERROR: Alignment Reference Headers: ['Bacteroides_coprophilus_gi_224485784_ref_NZ_', 'Bacteroides_coprophilus_gi_224485785_ref_NZ_', 'Bacteroides_coprophilus_gi_224485798_ref_NZ_', 'Bacteroides_coprophilus_gi_224485814_ref_NZ_', 'Bacteroides_coprophilus_gi_224485821_ref_NZ_', 'Bacteroides_coprophilus_gi_224485811_ref_NZ_', 'Bacteroides_coprophilus_gi_224485791_ref_NZ_', 'Bacteroides_coprophilus_gi_224485790_ref_NZ_', 'Bacteroides_coprophilus_gi_224485843_ref_NZ_', 'Bacteroides_coprophilus_gi_224485780_ref_NZ_', 'Bacteroides_coprophilus_gi_224485794_ref_NZ_', 'Bacteroides_coprophilus_gi_224485799_ref_NZ_', 'Bacteroides_coprophilus_gi_224485776_ref_NZ_']
	Reference Bacteroides_coprophilus_gi_224485799_ref_NZ_: 2 total alignments. 1 total regions.
		Region: 1 to 205697 (205697 bp)
			START in gap: 1 to 2463 (2462 bp)
			Align 1: 2463 2641 scaffold_5182 2650 2472
				Gap between this and next alignment: 2641 to 121601 (118959 bp)
				Next Alignment: 121601 122041 scaffold_129 7239 7683

			Align 2: 121601 122041 scaffold_129 7239 7683
			END in gap: 122041 to 205697 (83656 bp)

ERROR: Reference Bacteroides_coprophilus_gi_224485847_ref_NZ_ does not have any alignments!  Check that this is the same file used for alignment.
ERROR: Alignment Reference Headers: ['Bacteroides_coprophilus_gi_224485784_ref_NZ_', 'Bacteroides_coprophilus_gi_224485785_ref_NZ_', 'Bacteroides_coprophilus_gi_224485798_ref_NZ_', 'Bacteroides_coprophilus_gi_224485814_ref_NZ_', 'Bacteroides_coprophilus_gi_224485821_ref_NZ_', 'Bacteroides_coprophilus_gi_224485811_ref_NZ_', 'Bacteroides_coprophilus_gi_224485791_ref_NZ_', 'Bacteroides_coprophilus_gi_224485790_ref_NZ_', 'Bacteroides_coprophilus_gi_224485843_ref_NZ_', 'Bacteroides_coprophilus_gi_224485780_ref_NZ_', 'Bacteroides_coprophilus_gi_224485794_ref_NZ_', 'Bacteroides_coprophilus_gi_224485799_ref_NZ_', 'Bacteroides_coprophilus_gi_224485776_ref_NZ_']
ERROR: Reference Bacteroides_coprophilus_gi_224485806_ref_NZ_ does not have any alignments!  Check that this is the same file used for alignment.
ERROR: Alignment Reference Headers: ['Bacteroides_coprophilus_gi_224485784_ref_NZ_', 'Bacteroides_coprophilus_gi_224485785_ref_NZ_', 'Bacteroides_coprophilus_gi_224485798_ref_NZ_', 'Bacteroides_coprophilus_gi_224485814_ref_NZ_', 'Bacteroides_coprophilus_gi_224485821_ref_NZ_', 'Bacteroides_coprophilus_gi_224485811_ref_NZ_', 'Bacteroides_coprophilus_gi_224485791_ref_NZ_', 'Bacteroides_coprophilus_gi_224485790_ref_NZ_', 'Bacteroides_coprophilus_gi_224485843_ref_NZ_', 'Bacteroides_coprophilus_gi_224485780_ref_NZ_', 'Bacteroides_coprophilus_gi_224485794_ref_NZ_', 'Bacteroides_coprophilus_gi_224485799_ref_NZ_', 'Bacteroides_coprophilus_gi_224485776_ref_NZ_']
ERROR: Reference Bacteroides_coprophilus_gi_224485805_ref_NZ_ does not have any alignments!  Check that this is the same file used for alignment.
ERROR: Alignment Reference Headers: ['Bacteroides_coprophilus_gi_224485784_ref_NZ_', 'Bacteroides_coprophilus_gi_224485785_ref_NZ_', 'Bacteroides_coprophilus_gi_224485798_ref_NZ_', 'Bacteroides_coprophilus_gi_224485814_ref_NZ_', 'Bacteroides_coprophilus_gi_224485821_ref_NZ_', 'Bacteroides_coprophilus_gi_224485811_ref_NZ_', 'Bacteroides_coprophilus_gi_224485791_ref_NZ_', 'Bacteroides_coprophilus_gi_224485790_ref_NZ_', 'Bacteroides_coprophilus_gi_224485843_ref_NZ_', 'Bacteroides_coprophilus_gi_224485780_ref_NZ_', 'Bacteroides_coprophilus_gi_224485794_ref_NZ_', 'Bacteroides_coprophilus_gi_224485799_ref_NZ_', 'Bacteroides_coprophilus_gi_224485776_ref_NZ_']
ERROR: Reference Bacteroides_coprophilus_gi_224485777_ref_NZ_ does not have any alignments!  Check that this is the same file used for alignment.
ERROR: Alignment Reference Headers: ['Bacteroides_coprophilus_gi_224485784_ref_NZ_', 'Bacteroides_coprophilus_gi_224485785_ref_NZ_', 'Bacteroides_coprophilus_gi_224485798_ref_NZ_', 'Bacteroides_coprophilus_gi_224485814_ref_NZ_', 'Bacteroides_coprophilus_gi_224485821_ref_NZ_', 'Bacteroides_coprophilus_gi_224485811_ref_NZ_', 'Bacteroides_coprophilus_gi_224485791_ref_NZ_', 'Bacteroides_coprophilus_gi_224485790_ref_NZ_', 'Bacteroides_coprophilus_gi_224485843_ref_NZ_', 'Bacteroides_coprophilus_gi_224485780_ref_NZ_', 'Bacteroides_coprophilus_gi_224485794_ref_NZ_', 'Bacteroides_coprophilus_gi_224485799_ref_NZ_', 'Bacteroides_coprophilus_gi_224485776_ref_NZ_']
ERROR: Reference Bacteroides_coprophilus_gi_224485831_ref_NZ_ does not have any alignments!  Check that this is the same file used for alignment.
ERROR: Alignment Reference Headers: ['Bacteroides_coprophilus_gi_224485784_ref_NZ_', 'Bacteroides_coprophilus_gi_224485785_ref_NZ_', 'Bacteroides_coprophilus_gi_224485798_ref_NZ_', 'Bacteroides_coprophilus_gi_224485814_ref_NZ_', 'Bacteroides_coprophilus_gi_224485821_ref_NZ_', 'Bacteroides_coprophilus_gi_224485811_ref_NZ_', 'Bacteroides_coprophilus_gi_224485791_ref_NZ_', 'Bacteroides_coprophilus_gi_224485790_ref_NZ_', 'Bacteroides_coprophilus_gi_224485843_ref_NZ_', 'Bacteroides_coprophilus_gi_224485780_ref_NZ_', 'Bacteroides_coprophilus_gi_224485794_ref_NZ_', 'Bacteroides_coprophilus_gi_224485799_ref_NZ_', 'Bacteroides_coprophilus_gi_224485776_ref_NZ_']
ERROR: Reference Bacteroides_coprophilus_gi_224485825_ref_NZ_ does not have any alignments!  Check that this is the same file used for alignment.
ERROR: Alignment Reference Headers: ['Bacteroides_coprophilus_gi_224485784_ref_NZ_', 'Bacteroides_coprophilus_gi_224485785_ref_NZ_', 'Bacteroides_coprophilus_gi_224485798_ref_NZ_', 'Bacteroides_coprophilus_gi_224485814_ref_NZ_', 'Bacteroides_coprophilus_gi_224485821_ref_NZ_', 'Bacteroides_coprophilus_gi_224485811_ref_NZ_', 'Bacteroides_coprophilus_gi_224485791_ref_NZ_', 'Bacteroides_coprophilus_gi_224485790_ref_NZ_', 'Bacteroides_coprophilus_gi_224485843_ref_NZ_', 'Bacteroides_coprophilus_gi_224485780_ref_NZ_', 'Bacteroides_coprophilus_gi_224485794_ref_NZ_', 'Bacteroides_coprophilus_gi_224485799_ref_NZ_', 'Bacteroides_coprophilus_gi_224485776_ref_NZ_']
ERROR: Reference Bacteroides_coprophilus_gi_224485786_ref_NZ_ does not have any alignments!  Check that this is the same file used for alignment.
ERROR: Alignment Reference Headers: ['Bacteroides_coprophilus_gi_224485784_ref_NZ_', 'Bacteroides_coprophilus_gi_224485785_ref_NZ_', 'Bacteroides_coprophilus_gi_224485798_ref_NZ_', 'Bacteroides_coprophilus_gi_224485814_ref_NZ_', 'Bacteroides_coprophilus_gi_224485821_ref_NZ_', 'Bacteroides_coprophilus_gi_224485811_ref_NZ_', 'Bacteroides_coprophilus_gi_224485791_ref_NZ_', 'Bacteroides_coprophilus_gi_224485790_ref_NZ_', 'Bacteroides_coprophilus_gi_224485843_ref_NZ_', 'Bacteroides_coprophilus_gi_224485780_ref_NZ_', 'Bacteroides_coprophilus_gi_224485794_ref_NZ_', 'Bacteroides_coprophilus_gi_224485799_ref_NZ_', 'Bacteroides_coprophilus_gi_224485776_ref_NZ_']
ERROR: Reference Bacteroides_coprophilus_gi_224485792_ref_NZ_ does not have any alignments!  Check that this is the same file used for alignment.
ERROR: Alignment Reference Headers: ['Bacteroides_coprophilus_gi_224485784_ref_NZ_', 'Bacteroides_coprophilus_gi_224485785_ref_NZ_', 'Bacteroides_coprophilus_gi_224485798_ref_NZ_', 'Bacteroides_coprophilus_gi_224485814_ref_NZ_', 'Bacteroides_coprophilus_gi_224485821_ref_NZ_', 'Bacteroides_coprophilus_gi_224485811_ref_NZ_', 'Bacteroides_coprophilus_gi_224485791_ref_NZ_', 'Bacteroides_coprophilus_gi_224485790_ref_NZ_', 'Bacteroides_coprophilus_gi_224485843_ref_NZ_', 'Bacteroides_coprophilus_gi_224485780_ref_NZ_', 'Bacteroides_coprophilus_gi_224485794_ref_NZ_', 'Bacteroides_coprophilus_gi_224485799_ref_NZ_', 'Bacteroides_coprophilus_gi_224485776_ref_NZ_']
	Reference Bacteroides_coprophilus_gi_224485798_ref_NZ_: 7 total alignments. 1 total regions.
		Region: 1 to 361429 (361429 bp)
			START in gap: 1 to 329423 (329422 bp)
			Align 1: 329423 329867 scaffold_21333 274 718
				Gap between this and next alignment: 329867 to 330272 (404 bp)
				Next Alignment: 330272 331644 scaffold_9315 1 1374

			Align 2: 330272 331644 scaffold_9315 1 1374
				Gap between this and next alignment: 331644 to 334359 (2714 bp)
				Next Alignment: 334359 335317 scaffold_14710 959 1

			Align 3: 334359 335317 scaffold_14710 959 1
				Negative gap (overlap) between this and next alignment: 335317 to 335281 (-36 bp)
				Next Alignment: 335281 336117 scaffold_17464 837 1

			Previous gap was negative, modifying coordinates to ignore overlap
				Moving contig start from 837 to 800.
			Align 4: 335318 336117 scaffold_17464 800 1
				Gap between this and next alignment: 336117 to 336774 (656 bp)
				Next Alignment: 336774 337872 scaffold_12439 1 1099

			Align 5: 336774 337872 scaffold_12439 1 1099
				Gap between this and next alignment: 337872 to 340124 (2251 bp)
				Next Alignment: 340124 340906 scaffold_19121 1 783

			Align 6: 340124 340906 scaffold_19121 1 783
				Gap between this and next alignment: 340906 to 342551 (1644 bp)
				Next Alignment: 342551 342615 scaffold_32636 459 523

			Align 7: 342551 342615 scaffold_32636 459 523
			END in gap: 342615 to 361429 (18814 bp)

ERROR: Reference Bacteroides_coprophilus_gi_224485788_ref_NZ_ does not have any alignments!  Check that this is the same file used for alignment.
ERROR: Alignment Reference Headers: ['Bacteroides_coprophilus_gi_224485784_ref_NZ_', 'Bacteroides_coprophilus_gi_224485785_ref_NZ_', 'Bacteroides_coprophilus_gi_224485798_ref_NZ_', 'Bacteroides_coprophilus_gi_224485814_ref_NZ_', 'Bacteroides_coprophilus_gi_224485821_ref_NZ_', 'Bacteroides_coprophilus_gi_224485811_ref_NZ_', 'Bacteroides_coprophilus_gi_224485791_ref_NZ_', 'Bacteroides_coprophilus_gi_224485790_ref_NZ_', 'Bacteroides_coprophilus_gi_224485843_ref_NZ_', 'Bacteroides_coprophilus_gi_224485780_ref_NZ_', 'Bacteroides_coprophilus_gi_224485794_ref_NZ_', 'Bacteroides_coprophilus_gi_224485799_ref_NZ_', 'Bacteroides_coprophilus_gi_224485776_ref_NZ_']
ERROR: Reference Bacteroides_coprophilus_gi_224485808_ref_NZ_ does not have any alignments!  Check that this is the same file used for alignment.
ERROR: Alignment Reference Headers: ['Bacteroides_coprophilus_gi_224485784_ref_NZ_', 'Bacteroides_coprophilus_gi_224485785_ref_NZ_', 'Bacteroides_coprophilus_gi_224485798_ref_NZ_', 'Bacteroides_coprophilus_gi_224485814_ref_NZ_', 'Bacteroides_coprophilus_gi_224485821_ref_NZ_', 'Bacteroides_coprophilus_gi_224485811_ref_NZ_', 'Bacteroides_coprophilus_gi_224485791_ref_NZ_', 'Bacteroides_coprophilus_gi_224485790_ref_NZ_', 'Bacteroides_coprophilus_gi_224485843_ref_NZ_', 'Bacteroides_coprophilus_gi_224485780_ref_NZ_', 'Bacteroides_coprophilus_gi_224485794_ref_NZ_', 'Bacteroides_coprophilus_gi_224485799_ref_NZ_', 'Bacteroides_coprophilus_gi_224485776_ref_NZ_']
	Reference Bacteroides_coprophilus_gi_224485785_ref_NZ_: 2 total alignments. 1 total regions.
		Region: 1 to 247317 (247317 bp)
			START in gap: 1 to 8602 (8601 bp)
			Align 1: 8602 11139 scaffold_169 19962 22494
				Gap between this and next alignment: 11139 to 118953 (107813 bp)
				Next Alignment: 118953 120172 scaffold_15253 1 1221

			Align 2: 118953 120172 scaffold_15253 1 1221
			END in gap: 120172 to 247317 (127145 bp)

	Reference Bacteroides_coprophilus_gi_224485791_ref_NZ_: 4 total alignments. 1 total regions.
		Region: 1 to 763583 (763583 bp)
			START in gap: 1 to 305333 (305332 bp)
			Align 1: 305333 305886 scaffold_28273 3 556
				Gap between this and next alignment: 305886 to 306934 (1047 bp)
				Next Alignment: 306934 307511 scaffold_25645 620 43

			Align 2: 306934 307511 scaffold_25645 620 43
				Gap between this and next alignment: 307511 to 476592 (169080 bp)
				Next Alignment: 476592 476793 scaffold_2417 3424 3625

			Align 3: 476592 476793 scaffold_2417 3424 3625
				Gap between this and next alignment: 476793 to 484613 (7819 bp)
				Next Alignment: 484613 485392 scaffold_1065 11631 10849

			Align 4: 484613 485392 scaffold_1065 11631 10849
			END in gap: 485392 to 763583 (278191 bp)

	Reference Bacteroides_coprophilus_gi_224485814_ref_NZ_: 1 total alignments. 1 total regions.
		Region: 1 to 932 (932 bp)
			START in gap: 1 to 4 (3 bp)
			Align 1: 4 281 scaffold_1173 276 1
			END in gap: 281 to 932 (651 bp)

ERROR: Reference Bacteroides_coprophilus_gi_224485778_ref_NZ_ does not have any alignments!  Check that this is the same file used for alignment.
ERROR: Alignment Reference Headers: ['Bacteroides_coprophilus_gi_224485784_ref_NZ_', 'Bacteroides_coprophilus_gi_224485785_ref_NZ_', 'Bacteroides_coprophilus_gi_224485798_ref_NZ_', 'Bacteroides_coprophilus_gi_224485814_ref_NZ_', 'Bacteroides_coprophilus_gi_224485821_ref_NZ_', 'Bacteroides_coprophilus_gi_224485811_ref_NZ_', 'Bacteroides_coprophilus_gi_224485791_ref_NZ_', 'Bacteroides_coprophilus_gi_224485790_ref_NZ_', 'Bacteroides_coprophilus_gi_224485843_ref_NZ_', 'Bacteroides_coprophilus_gi_224485780_ref_NZ_', 'Bacteroides_coprophilus_gi_224485794_ref_NZ_', 'Bacteroides_coprophilus_gi_224485799_ref_NZ_', 'Bacteroides_coprophilus_gi_224485776_ref_NZ_']
ERROR: Reference Bacteroides_coprophilus_gi_224485842_ref_NZ_ does not have any alignments!  Check that this is the same file used for alignment.
ERROR: Alignment Reference Headers: ['Bacteroides_coprophilus_gi_224485784_ref_NZ_', 'Bacteroides_coprophilus_gi_224485785_ref_NZ_', 'Bacteroides_coprophilus_gi_224485798_ref_NZ_', 'Bacteroides_coprophilus_gi_224485814_ref_NZ_', 'Bacteroides_coprophilus_gi_224485821_ref_NZ_', 'Bacteroides_coprophilus_gi_224485811_ref_NZ_', 'Bacteroides_coprophilus_gi_224485791_ref_NZ_', 'Bacteroides_coprophilus_gi_224485790_ref_NZ_', 'Bacteroides_coprophilus_gi_224485843_ref_NZ_', 'Bacteroides_coprophilus_gi_224485780_ref_NZ_', 'Bacteroides_coprophilus_gi_224485794_ref_NZ_', 'Bacteroides_coprophilus_gi_224485799_ref_NZ_', 'Bacteroides_coprophilus_gi_224485776_ref_NZ_']
ERROR: Reference Bacteroides_coprophilus_gi_224485781_ref_NZ_ does not have any alignments!  Check that this is the same file used for alignment.
ERROR: Alignment Reference Headers: ['Bacteroides_coprophilus_gi_224485784_ref_NZ_', 'Bacteroides_coprophilus_gi_224485785_ref_NZ_', 'Bacteroides_coprophilus_gi_224485798_ref_NZ_', 'Bacteroides_coprophilus_gi_224485814_ref_NZ_', 'Bacteroides_coprophilus_gi_224485821_ref_NZ_', 'Bacteroides_coprophilus_gi_224485811_ref_NZ_', 'Bacteroides_coprophilus_gi_224485791_ref_NZ_', 'Bacteroides_coprophilus_gi_224485790_ref_NZ_', 'Bacteroides_coprophilus_gi_224485843_ref_NZ_', 'Bacteroides_coprophilus_gi_224485780_ref_NZ_', 'Bacteroides_coprophilus_gi_224485794_ref_NZ_', 'Bacteroides_coprophilus_gi_224485799_ref_NZ_', 'Bacteroides_coprophilus_gi_224485776_ref_NZ_']
ERROR: Reference Bacteroides_coprophilus_gi_224485827_ref_NZ_ does not have any alignments!  Check that this is the same file used for alignment.
ERROR: Alignment Reference Headers: ['Bacteroides_coprophilus_gi_224485784_ref_NZ_', 'Bacteroides_coprophilus_gi_224485785_ref_NZ_', 'Bacteroides_coprophilus_gi_224485798_ref_NZ_', 'Bacteroides_coprophilus_gi_224485814_ref_NZ_', 'Bacteroides_coprophilus_gi_224485821_ref_NZ_', 'Bacteroides_coprophilus_gi_224485811_ref_NZ_', 'Bacteroides_coprophilus_gi_224485791_ref_NZ_', 'Bacteroides_coprophilus_gi_224485790_ref_NZ_', 'Bacteroides_coprophilus_gi_224485843_ref_NZ_', 'Bacteroides_coprophilus_gi_224485780_ref_NZ_', 'Bacteroides_coprophilus_gi_224485794_ref_NZ_', 'Bacteroides_coprophilus_gi_224485799_ref_NZ_', 'Bacteroides_coprophilus_gi_224485776_ref_NZ_']
ERROR: Reference Bacteroides_coprophilus_gi_224485830_ref_NZ_ does not have any alignments!  Check that this is the same file used for alignment.
ERROR: Alignment Reference Headers: ['Bacteroides_coprophilus_gi_224485784_ref_NZ_', 'Bacteroides_coprophilus_gi_224485785_ref_NZ_', 'Bacteroides_coprophilus_gi_224485798_ref_NZ_', 'Bacteroides_coprophilus_gi_224485814_ref_NZ_', 'Bacteroides_coprophilus_gi_224485821_ref_NZ_', 'Bacteroides_coprophilus_gi_224485811_ref_NZ_', 'Bacteroides_coprophilus_gi_224485791_ref_NZ_', 'Bacteroides_coprophilus_gi_224485790_ref_NZ_', 'Bacteroides_coprophilus_gi_224485843_ref_NZ_', 'Bacteroides_coprophilus_gi_224485780_ref_NZ_', 'Bacteroides_coprophilus_gi_224485794_ref_NZ_', 'Bacteroides_coprophilus_gi_224485799_ref_NZ_', 'Bacteroides_coprophilus_gi_224485776_ref_NZ_']
ERROR: Reference Bacteroides_coprophilus_gi_224485810_ref_NZ_ does not have any alignments!  Check that this is the same file used for alignment.
ERROR: Alignment Reference Headers: ['Bacteroides_coprophilus_gi_224485784_ref_NZ_', 'Bacteroides_coprophilus_gi_224485785_ref_NZ_', 'Bacteroides_coprophilus_gi_224485798_ref_NZ_', 'Bacteroides_coprophilus_gi_224485814_ref_NZ_', 'Bacteroides_coprophilus_gi_224485821_ref_NZ_', 'Bacteroides_coprophilus_gi_224485811_ref_NZ_', 'Bacteroides_coprophilus_gi_224485791_ref_NZ_', 'Bacteroides_coprophilus_gi_224485790_ref_NZ_', 'Bacteroides_coprophilus_gi_224485843_ref_NZ_', 'Bacteroides_coprophilus_gi_224485780_ref_NZ_', 'Bacteroides_coprophilus_gi_224485794_ref_NZ_', 'Bacteroides_coprophilus_gi_224485799_ref_NZ_', 'Bacteroides_coprophilus_gi_224485776_ref_NZ_']
ERROR: Reference Bacteroides_coprophilus_gi_224485802_ref_NZ_ does not have any alignments!  Check that this is the same file used for alignment.
ERROR: Alignment Reference Headers: ['Bacteroides_coprophilus_gi_224485784_ref_NZ_', 'Bacteroides_coprophilus_gi_224485785_ref_NZ_', 'Bacteroides_coprophilus_gi_224485798_ref_NZ_', 'Bacteroides_coprophilus_gi_224485814_ref_NZ_', 'Bacteroides_coprophilus_gi_224485821_ref_NZ_', 'Bacteroides_coprophilus_gi_224485811_ref_NZ_', 'Bacteroides_coprophilus_gi_224485791_ref_NZ_', 'Bacteroides_coprophilus_gi_224485790_ref_NZ_', 'Bacteroides_coprophilus_gi_224485843_ref_NZ_', 'Bacteroides_coprophilus_gi_224485780_ref_NZ_', 'Bacteroides_coprophilus_gi_224485794_ref_NZ_', 'Bacteroides_coprophilus_gi_224485799_ref_NZ_', 'Bacteroides_coprophilus_gi_224485776_ref_NZ_']
ERROR: Reference Bacteroides_coprophilus_gi_224485782_ref_NZ_ does not have any alignments!  Check that this is the same file used for alignment.
ERROR: Alignment Reference Headers: ['Bacteroides_coprophilus_gi_224485784_ref_NZ_', 'Bacteroides_coprophilus_gi_224485785_ref_NZ_', 'Bacteroides_coprophilus_gi_224485798_ref_NZ_', 'Bacteroides_coprophilus_gi_224485814_ref_NZ_', 'Bacteroides_coprophilus_gi_224485821_ref_NZ_', 'Bacteroides_coprophilus_gi_224485811_ref_NZ_', 'Bacteroides_coprophilus_gi_224485791_ref_NZ_', 'Bacteroides_coprophilus_gi_224485790_ref_NZ_', 'Bacteroides_coprophilus_gi_224485843_ref_NZ_', 'Bacteroides_coprophilus_gi_224485780_ref_NZ_', 'Bacteroides_coprophilus_gi_224485794_ref_NZ_', 'Bacteroides_coprophilus_gi_224485799_ref_NZ_', 'Bacteroides_coprophilus_gi_224485776_ref_NZ_']
ERROR: Reference Bacteroides_coprophilus_gi_224485835_ref_NZ_ does not have any alignments!  Check that this is the same file used for alignment.
ERROR: Alignment Reference Headers: ['Bacteroides_coprophilus_gi_224485784_ref_NZ_', 'Bacteroides_coprophilus_gi_224485785_ref_NZ_', 'Bacteroides_coprophilus_gi_224485798_ref_NZ_', 'Bacteroides_coprophilus_gi_224485814_ref_NZ_', 'Bacteroides_coprophilus_gi_224485821_ref_NZ_', 'Bacteroides_coprophilus_gi_224485811_ref_NZ_', 'Bacteroides_coprophilus_gi_224485791_ref_NZ_', 'Bacteroides_coprophilus_gi_224485790_ref_NZ_', 'Bacteroides_coprophilus_gi_224485843_ref_NZ_', 'Bacteroides_coprophilus_gi_224485780_ref_NZ_', 'Bacteroides_coprophilus_gi_224485794_ref_NZ_', 'Bacteroides_coprophilus_gi_224485799_ref_NZ_', 'Bacteroides_coprophilus_gi_224485776_ref_NZ_']
ERROR: Reference Bacteroides_coprophilus_gi_224485844_ref_NZ_ does not have any alignments!  Check that this is the same file used for alignment.
ERROR: Alignment Reference Headers: ['Bacteroides_coprophilus_gi_224485784_ref_NZ_', 'Bacteroides_coprophilus_gi_224485785_ref_NZ_', 'Bacteroides_coprophilus_gi_224485798_ref_NZ_', 'Bacteroides_coprophilus_gi_224485814_ref_NZ_', 'Bacteroides_coprophilus_gi_224485821_ref_NZ_', 'Bacteroides_coprophilus_gi_224485811_ref_NZ_', 'Bacteroides_coprophilus_gi_224485791_ref_NZ_', 'Bacteroides_coprophilus_gi_224485790_ref_NZ_', 'Bacteroides_coprophilus_gi_224485843_ref_NZ_', 'Bacteroides_coprophilus_gi_224485780_ref_NZ_', 'Bacteroides_coprophilus_gi_224485794_ref_NZ_', 'Bacteroides_coprophilus_gi_224485799_ref_NZ_', 'Bacteroides_coprophilus_gi_224485776_ref_NZ_']
ERROR: Reference Bacteroides_coprophilus_gi_224485816_ref_NZ_ does not have any alignments!  Check that this is the same file used for alignment.
ERROR: Alignment Reference Headers: ['Bacteroides_coprophilus_gi_224485784_ref_NZ_', 'Bacteroides_coprophilus_gi_224485785_ref_NZ_', 'Bacteroides_coprophilus_gi_224485798_ref_NZ_', 'Bacteroides_coprophilus_gi_224485814_ref_NZ_', 'Bacteroides_coprophilus_gi_224485821_ref_NZ_', 'Bacteroides_coprophilus_gi_224485811_ref_NZ_', 'Bacteroides_coprophilus_gi_224485791_ref_NZ_', 'Bacteroides_coprophilus_gi_224485790_ref_NZ_', 'Bacteroides_coprophilus_gi_224485843_ref_NZ_', 'Bacteroides_coprophilus_gi_224485780_ref_NZ_', 'Bacteroides_coprophilus_gi_224485794_ref_NZ_', 'Bacteroides_coprophilus_gi_224485799_ref_NZ_', 'Bacteroides_coprophilus_gi_224485776_ref_NZ_']
	Reference Bacteroides_coprophilus_gi_224485776_ref_NZ_: 1 total alignments. 1 total regions.
		Region: 1 to 102780 (102780 bp)
			START in gap: 1 to 28738 (28737 bp)
			Align 1: 28738 28905 scaffold_12968 1062 895
			END in gap: 28905 to 102780 (73875 bp)

ERROR: Reference Bacteroides_coprophilus_gi_224485813_ref_NZ_ does not have any alignments!  Check that this is the same file used for alignment.
ERROR: Alignment Reference Headers: ['Bacteroides_coprophilus_gi_224485784_ref_NZ_', 'Bacteroides_coprophilus_gi_224485785_ref_NZ_', 'Bacteroides_coprophilus_gi_224485798_ref_NZ_', 'Bacteroides_coprophilus_gi_224485814_ref_NZ_', 'Bacteroides_coprophilus_gi_224485821_ref_NZ_', 'Bacteroides_coprophilus_gi_224485811_ref_NZ_', 'Bacteroides_coprophilus_gi_224485791_ref_NZ_', 'Bacteroides_coprophilus_gi_224485790_ref_NZ_', 'Bacteroides_coprophilus_gi_224485843_ref_NZ_', 'Bacteroides_coprophilus_gi_224485780_ref_NZ_', 'Bacteroides_coprophilus_gi_224485794_ref_NZ_', 'Bacteroides_coprophilus_gi_224485799_ref_NZ_', 'Bacteroides_coprophilus_gi_224485776_ref_NZ_']
	Reference Bacteroides_coprophilus_gi_224485821_ref_NZ_: 1 total alignments. 1 total regions.
		Region: 1 to 1081 (1081 bp)
			Align 1: 1 1081 scaffold_4492 42 1120
			END in current alignment.  Modifying 1081 to 1081.

	Reference Bacteroides_coprophilus_gi_224485794_ref_NZ_: 9 total alignments. 1 total regions.
		Region: 1 to 400038 (400038 bp)
			START in gap: 1 to 271841 (271840 bp)
			Align 1: 271841 271945 scaffold_54 105 1
				Negative gap (overlap) between this and next alignment: 271945 to 271844 (-101 bp)
				Next Alignment: 271844 271957 scaffold_26929 114 1

			Previous gap was negative, modifying coordinates to ignore overlap
				Moving contig start from 114 to 12.
			Align 2: 271946 271957 scaffold_26929 12 1
				Negative gap (overlap) between this and next alignment: 271957 to 271862 (-95 bp)
				Next Alignment: 271862 298035 scaffold_275 1 26174

			Previous gap was negative, modifying coordinates to ignore overlap
				Moving contig start from 1 to 97.
			Align 3: 271958 298035 scaffold_275 97 26174
				Negative gap (overlap) between this and next alignment: 298035 to 297949 (-86 bp)
				Next Alignment: 297949 302358 scaffold_1309 6172 1763

			Previous gap was negative, modifying coordinates to ignore overlap
				Moving contig start from 6172 to 6085.
			Align 4: 298036 302358 scaffold_1309 6085 1763
				Gap between this and next alignment: 302358 to 302421 (62 bp)
				Next Alignment: 302421 303270 scaffold_3685 2898 2048

			Align 5: 302421 303270 scaffold_3685 2898 2048
				Gap between this and next alignment: 303270 to 305526 (2255 bp)
				Next Alignment: 305526 307573 scaffold_3685 2047 1

			Align 6: 305526 307573 scaffold_3685 2047 1
				Gap between this and next alignment: 307573 to 352812 (45238 bp)
				Next Alignment: 352812 352925 scaffold_4243 1 114

			Align 7: 352812 352925 scaffold_4243 1 114
				Negative gap (overlap) between this and next alignment: 352925 to 352925 (0 bp)
				Next Alignment: 352925 353023 scaffold_4243 2304 2402

			Previous gap was negative, modifying coordinates to ignore overlap
				Moving contig start from 2304 to 2305.
			Align 8: 352926 353023 scaffold_4243 2305 2402
				Negative gap (overlap) between this and next alignment: 353023 to 352925 (-98 bp)
				Next Alignment: 352925 355110 scaffold_4836 1 2186

			Previous gap was negative, modifying coordinates to ignore overlap
				Moving contig start from 1 to 100.
			Align 9: 353024 355110 scaffold_4836 100 2186
			END in gap: 355110 to 400038 (44928 bp)

ERROR: Reference Bacteroides_coprophilus_gi_224485837_ref_NZ_ does not have any alignments!  Check that this is the same file used for alignment.
ERROR: Alignment Reference Headers: ['Bacteroides_coprophilus_gi_224485784_ref_NZ_', 'Bacteroides_coprophilus_gi_224485785_ref_NZ_', 'Bacteroides_coprophilus_gi_224485798_ref_NZ_', 'Bacteroides_coprophilus_gi_224485814_ref_NZ_', 'Bacteroides_coprophilus_gi_224485821_ref_NZ_', 'Bacteroides_coprophilus_gi_224485811_ref_NZ_', 'Bacteroides_coprophilus_gi_224485791_ref_NZ_', 'Bacteroides_coprophilus_gi_224485790_ref_NZ_', 'Bacteroides_coprophilus_gi_224485843_ref_NZ_', 'Bacteroides_coprophilus_gi_224485780_ref_NZ_', 'Bacteroides_coprophilus_gi_224485794_ref_NZ_', 'Bacteroides_coprophilus_gi_224485799_ref_NZ_', 'Bacteroides_coprophilus_gi_224485776_ref_NZ_']
ERROR: Reference Bacteroides_coprophilus_gi_224485834_ref_NZ_ does not have any alignments!  Check that this is the same file used for alignment.
ERROR: Alignment Reference Headers: ['Bacteroides_coprophilus_gi_224485784_ref_NZ_', 'Bacteroides_coprophilus_gi_224485785_ref_NZ_', 'Bacteroides_coprophilus_gi_224485798_ref_NZ_', 'Bacteroides_coprophilus_gi_224485814_ref_NZ_', 'Bacteroides_coprophilus_gi_224485821_ref_NZ_', 'Bacteroides_coprophilus_gi_224485811_ref_NZ_', 'Bacteroides_coprophilus_gi_224485791_ref_NZ_', 'Bacteroides_coprophilus_gi_224485790_ref_NZ_', 'Bacteroides_coprophilus_gi_224485843_ref_NZ_', 'Bacteroides_coprophilus_gi_224485780_ref_NZ_', 'Bacteroides_coprophilus_gi_224485794_ref_NZ_', 'Bacteroides_coprophilus_gi_224485799_ref_NZ_', 'Bacteroides_coprophilus_gi_224485776_ref_NZ_']
ERROR: Reference Bacteroides_coprophilus_gi_224485832_ref_NZ_ does not have any alignments!  Check that this is the same file used for alignment.
ERROR: Alignment Reference Headers: ['Bacteroides_coprophilus_gi_224485784_ref_NZ_', 'Bacteroides_coprophilus_gi_224485785_ref_NZ_', 'Bacteroides_coprophilus_gi_224485798_ref_NZ_', 'Bacteroides_coprophilus_gi_224485814_ref_NZ_', 'Bacteroides_coprophilus_gi_224485821_ref_NZ_', 'Bacteroides_coprophilus_gi_224485811_ref_NZ_', 'Bacteroides_coprophilus_gi_224485791_ref_NZ_', 'Bacteroides_coprophilus_gi_224485790_ref_NZ_', 'Bacteroides_coprophilus_gi_224485843_ref_NZ_', 'Bacteroides_coprophilus_gi_224485780_ref_NZ_', 'Bacteroides_coprophilus_gi_224485794_ref_NZ_', 'Bacteroides_coprophilus_gi_224485799_ref_NZ_', 'Bacteroides_coprophilus_gi_224485776_ref_NZ_']
ERROR: Reference Bacteroides_coprophilus_gi_224485789_ref_NZ_ does not have any alignments!  Check that this is the same file used for alignment.
ERROR: Alignment Reference Headers: ['Bacteroides_coprophilus_gi_224485784_ref_NZ_', 'Bacteroides_coprophilus_gi_224485785_ref_NZ_', 'Bacteroides_coprophilus_gi_224485798_ref_NZ_', 'Bacteroides_coprophilus_gi_224485814_ref_NZ_', 'Bacteroides_coprophilus_gi_224485821_ref_NZ_', 'Bacteroides_coprophilus_gi_224485811_ref_NZ_', 'Bacteroides_coprophilus_gi_224485791_ref_NZ_', 'Bacteroides_coprophilus_gi_224485790_ref_NZ_', 'Bacteroides_coprophilus_gi_224485843_ref_NZ_', 'Bacteroides_coprophilus_gi_224485780_ref_NZ_', 'Bacteroides_coprophilus_gi_224485794_ref_NZ_', 'Bacteroides_coprophilus_gi_224485799_ref_NZ_', 'Bacteroides_coprophilus_gi_224485776_ref_NZ_']
ERROR: Reference Bacteroides_coprophilus_gi_224485796_ref_NZ_ does not have any alignments!  Check that this is the same file used for alignment.
ERROR: Alignment Reference Headers: ['Bacteroides_coprophilus_gi_224485784_ref_NZ_', 'Bacteroides_coprophilus_gi_224485785_ref_NZ_', 'Bacteroides_coprophilus_gi_224485798_ref_NZ_', 'Bacteroides_coprophilus_gi_224485814_ref_NZ_', 'Bacteroides_coprophilus_gi_224485821_ref_NZ_', 'Bacteroides_coprophilus_gi_224485811_ref_NZ_', 'Bacteroides_coprophilus_gi_224485791_ref_NZ_', 'Bacteroides_coprophilus_gi_224485790_ref_NZ_', 'Bacteroides_coprophilus_gi_224485843_ref_NZ_', 'Bacteroides_coprophilus_gi_224485780_ref_NZ_', 'Bacteroides_coprophilus_gi_224485794_ref_NZ_', 'Bacteroides_coprophilus_gi_224485799_ref_NZ_', 'Bacteroides_coprophilus_gi_224485776_ref_NZ_']
ERROR: Reference Bacteroides_coprophilus_gi_224485807_ref_NZ_ does not have any alignments!  Check that this is the same file used for alignment.
ERROR: Alignment Reference Headers: ['Bacteroides_coprophilus_gi_224485784_ref_NZ_', 'Bacteroides_coprophilus_gi_224485785_ref_NZ_', 'Bacteroides_coprophilus_gi_224485798_ref_NZ_', 'Bacteroides_coprophilus_gi_224485814_ref_NZ_', 'Bacteroides_coprophilus_gi_224485821_ref_NZ_', 'Bacteroides_coprophilus_gi_224485811_ref_NZ_', 'Bacteroides_coprophilus_gi_224485791_ref_NZ_', 'Bacteroides_coprophilus_gi_224485790_ref_NZ_', 'Bacteroides_coprophilus_gi_224485843_ref_NZ_', 'Bacteroides_coprophilus_gi_224485780_ref_NZ_', 'Bacteroides_coprophilus_gi_224485794_ref_NZ_', 'Bacteroides_coprophilus_gi_224485799_ref_NZ_', 'Bacteroides_coprophilus_gi_224485776_ref_NZ_']
ERROR: Reference Bacteroides_coprophilus_gi_224485819_ref_NZ_ does not have any alignments!  Check that this is the same file used for alignment.
ERROR: Alignment Reference Headers: ['Bacteroides_coprophilus_gi_224485784_ref_NZ_', 'Bacteroides_coprophilus_gi_224485785_ref_NZ_', 'Bacteroides_coprophilus_gi_224485798_ref_NZ_', 'Bacteroides_coprophilus_gi_224485814_ref_NZ_', 'Bacteroides_coprophilus_gi_224485821_ref_NZ_', 'Bacteroides_coprophilus_gi_224485811_ref_NZ_', 'Bacteroides_coprophilus_gi_224485791_ref_NZ_', 'Bacteroides_coprophilus_gi_224485790_ref_NZ_', 'Bacteroides_coprophilus_gi_224485843_ref_NZ_', 'Bacteroides_coprophilus_gi_224485780_ref_NZ_', 'Bacteroides_coprophilus_gi_224485794_ref_NZ_', 'Bacteroides_coprophilus_gi_224485799_ref_NZ_', 'Bacteroides_coprophilus_gi_224485776_ref_NZ_']
ERROR: Reference Bacteroides_coprophilus_gi_224485833_ref_NZ_ does not have any alignments!  Check that this is the same file used for alignment.
ERROR: Alignment Reference Headers: ['Bacteroides_coprophilus_gi_224485784_ref_NZ_', 'Bacteroides_coprophilus_gi_224485785_ref_NZ_', 'Bacteroides_coprophilus_gi_224485798_ref_NZ_', 'Bacteroides_coprophilus_gi_224485814_ref_NZ_', 'Bacteroides_coprophilus_gi_224485821_ref_NZ_', 'Bacteroides_coprophilus_gi_224485811_ref_NZ_', 'Bacteroides_coprophilus_gi_224485791_ref_NZ_', 'Bacteroides_coprophilus_gi_224485790_ref_NZ_', 'Bacteroides_coprophilus_gi_224485843_ref_NZ_', 'Bacteroides_coprophilus_gi_224485780_ref_NZ_', 'Bacteroides_coprophilus_gi_224485794_ref_NZ_', 'Bacteroides_coprophilus_gi_224485799_ref_NZ_', 'Bacteroides_coprophilus_gi_224485776_ref_NZ_']
ERROR: Reference Bacteroides_coprophilus_gi_224485817_ref_NZ_ does not have any alignments!  Check that this is the same file used for alignment.
ERROR: Alignment Reference Headers: ['Bacteroides_coprophilus_gi_224485784_ref_NZ_', 'Bacteroides_coprophilus_gi_224485785_ref_NZ_', 'Bacteroides_coprophilus_gi_224485798_ref_NZ_', 'Bacteroides_coprophilus_gi_224485814_ref_NZ_', 'Bacteroides_coprophilus_gi_224485821_ref_NZ_', 'Bacteroides_coprophilus_gi_224485811_ref_NZ_', 'Bacteroides_coprophilus_gi_224485791_ref_NZ_', 'Bacteroides_coprophilus_gi_224485790_ref_NZ_', 'Bacteroides_coprophilus_gi_224485843_ref_NZ_', 'Bacteroides_coprophilus_gi_224485780_ref_NZ_', 'Bacteroides_coprophilus_gi_224485794_ref_NZ_', 'Bacteroides_coprophilus_gi_224485799_ref_NZ_', 'Bacteroides_coprophilus_gi_224485776_ref_NZ_']
ERROR: Reference Bacteroides_coprophilus_gi_224485822_ref_NZ_ does not have any alignments!  Check that this is the same file used for alignment.
ERROR: Alignment Reference Headers: ['Bacteroides_coprophilus_gi_224485784_ref_NZ_', 'Bacteroides_coprophilus_gi_224485785_ref_NZ_', 'Bacteroides_coprophilus_gi_224485798_ref_NZ_', 'Bacteroides_coprophilus_gi_224485814_ref_NZ_', 'Bacteroides_coprophilus_gi_224485821_ref_NZ_', 'Bacteroides_coprophilus_gi_224485811_ref_NZ_', 'Bacteroides_coprophilus_gi_224485791_ref_NZ_', 'Bacteroides_coprophilus_gi_224485790_ref_NZ_', 'Bacteroides_coprophilus_gi_224485843_ref_NZ_', 'Bacteroides_coprophilus_gi_224485780_ref_NZ_', 'Bacteroides_coprophilus_gi_224485794_ref_NZ_', 'Bacteroides_coprophilus_gi_224485799_ref_NZ_', 'Bacteroides_coprophilus_gi_224485776_ref_NZ_']
	Reference Bacteroides_coprophilus_gi_224485780_ref_NZ_: 1 total alignments. 1 total regions.
		Region: 1 to 502938 (502938 bp)
			START in gap: 1 to 291749 (291748 bp)
			Align 1: 291749 292356 scaffold_26285 1 608
			END in gap: 292356 to 502938 (210582 bp)

ERROR: Reference Bacteroides_coprophilus_gi_224485783_ref_NZ_ does not have any alignments!  Check that this is the same file used for alignment.
ERROR: Alignment Reference Headers: ['Bacteroides_coprophilus_gi_224485784_ref_NZ_', 'Bacteroides_coprophilus_gi_224485785_ref_NZ_', 'Bacteroides_coprophilus_gi_224485798_ref_NZ_', 'Bacteroides_coprophilus_gi_224485814_ref_NZ_', 'Bacteroides_coprophilus_gi_224485821_ref_NZ_', 'Bacteroides_coprophilus_gi_224485811_ref_NZ_', 'Bacteroides_coprophilus_gi_224485791_ref_NZ_', 'Bacteroides_coprophilus_gi_224485790_ref_NZ_', 'Bacteroides_coprophilus_gi_224485843_ref_NZ_', 'Bacteroides_coprophilus_gi_224485780_ref_NZ_', 'Bacteroides_coprophilus_gi_224485794_ref_NZ_', 'Bacteroides_coprophilus_gi_224485799_ref_NZ_', 'Bacteroides_coprophilus_gi_224485776_ref_NZ_']
ERROR: Reference Bacteroides_coprophilus_gi_224485836_ref_NZ_ does not have any alignments!  Check that this is the same file used for alignment.
ERROR: Alignment Reference Headers: ['Bacteroides_coprophilus_gi_224485784_ref_NZ_', 'Bacteroides_coprophilus_gi_224485785_ref_NZ_', 'Bacteroides_coprophilus_gi_224485798_ref_NZ_', 'Bacteroides_coprophilus_gi_224485814_ref_NZ_', 'Bacteroides_coprophilus_gi_224485821_ref_NZ_', 'Bacteroides_coprophilus_gi_224485811_ref_NZ_', 'Bacteroides_coprophilus_gi_224485791_ref_NZ_', 'Bacteroides_coprophilus_gi_224485790_ref_NZ_', 'Bacteroides_coprophilus_gi_224485843_ref_NZ_', 'Bacteroides_coprophilus_gi_224485780_ref_NZ_', 'Bacteroides_coprophilus_gi_224485794_ref_NZ_', 'Bacteroides_coprophilus_gi_224485799_ref_NZ_', 'Bacteroides_coprophilus_gi_224485776_ref_NZ_']
	Reference Bacteroides_coprophilus_gi_224485811_ref_NZ_: 1 total alignments. 1 total regions.
		Region: 1 to 597 (597 bp)
			Align 1: 1 597 scaffold_4492 1998 1402
			END in current alignment.  Modifying 597 to 597.

	Reference Bacteroides_coprophilus_gi_224485790_ref_NZ_: 1 total alignments. 1 total regions.
		Region: 1 to 17536 (17536 bp)
			Align 1: 1 510 scaffold_23524 510 1
			END in gap: 510 to 17536 (17026 bp)

ERROR: Reference Bacteroides_coprophilus_gi_224485812_ref_NZ_ does not have any alignments!  Check that this is the same file used for alignment.
ERROR: Alignment Reference Headers: ['Bacteroides_coprophilus_gi_224485784_ref_NZ_', 'Bacteroides_coprophilus_gi_224485785_ref_NZ_', 'Bacteroides_coprophilus_gi_224485798_ref_NZ_', 'Bacteroides_coprophilus_gi_224485814_ref_NZ_', 'Bacteroides_coprophilus_gi_224485821_ref_NZ_', 'Bacteroides_coprophilus_gi_224485811_ref_NZ_', 'Bacteroides_coprophilus_gi_224485791_ref_NZ_', 'Bacteroides_coprophilus_gi_224485790_ref_NZ_', 'Bacteroides_coprophilus_gi_224485843_ref_NZ_', 'Bacteroides_coprophilus_gi_224485780_ref_NZ_', 'Bacteroides_coprophilus_gi_224485794_ref_NZ_', 'Bacteroides_coprophilus_gi_224485799_ref_NZ_', 'Bacteroides_coprophilus_gi_224485776_ref_NZ_']
ERROR: Reference Bacteroides_coprophilus_gi_224485820_ref_NZ_ does not have any alignments!  Check that this is the same file used for alignment.
ERROR: Alignment Reference Headers: ['Bacteroides_coprophilus_gi_224485784_ref_NZ_', 'Bacteroides_coprophilus_gi_224485785_ref_NZ_', 'Bacteroides_coprophilus_gi_224485798_ref_NZ_', 'Bacteroides_coprophilus_gi_224485814_ref_NZ_', 'Bacteroides_coprophilus_gi_224485821_ref_NZ_', 'Bacteroides_coprophilus_gi_224485811_ref_NZ_', 'Bacteroides_coprophilus_gi_224485791_ref_NZ_', 'Bacteroides_coprophilus_gi_224485790_ref_NZ_', 'Bacteroides_coprophilus_gi_224485843_ref_NZ_', 'Bacteroides_coprophilus_gi_224485780_ref_NZ_', 'Bacteroides_coprophilus_gi_224485794_ref_NZ_', 'Bacteroides_coprophilus_gi_224485799_ref_NZ_', 'Bacteroides_coprophilus_gi_224485776_ref_NZ_']
ERROR: Reference Bacteroides_coprophilus_gi_224485818_ref_NZ_ does not have any alignments!  Check that this is the same file used for alignment.
ERROR: Alignment Reference Headers: ['Bacteroides_coprophilus_gi_224485784_ref_NZ_', 'Bacteroides_coprophilus_gi_224485785_ref_NZ_', 'Bacteroides_coprophilus_gi_224485798_ref_NZ_', 'Bacteroides_coprophilus_gi_224485814_ref_NZ_', 'Bacteroides_coprophilus_gi_224485821_ref_NZ_', 'Bacteroides_coprophilus_gi_224485811_ref_NZ_', 'Bacteroides_coprophilus_gi_224485791_ref_NZ_', 'Bacteroides_coprophilus_gi_224485790_ref_NZ_', 'Bacteroides_coprophilus_gi_224485843_ref_NZ_', 'Bacteroides_coprophilus_gi_224485780_ref_NZ_', 'Bacteroides_coprophilus_gi_224485794_ref_NZ_', 'Bacteroides_coprophilus_gi_224485799_ref_NZ_', 'Bacteroides_coprophilus_gi_224485776_ref_NZ_']
	Reference Bacteroides_coprophilus_gi_224485843_ref_NZ_: 1 total alignments. 1 total regions.
		Region: 1 to 1561 (1561 bp)
			START in gap: 1 to 2 (1 bp)
			Align 1: 2 1561 scaffold_5182 844 2404
			END in current alignment.  Modifying 1561 to 1561.

ERROR: Reference Bacteroides_coprophilus_gi_224485838_ref_NZ_ does not have any alignments!  Check that this is the same file used for alignment.
ERROR: Alignment Reference Headers: ['Bacteroides_coprophilus_gi_224485784_ref_NZ_', 'Bacteroides_coprophilus_gi_224485785_ref_NZ_', 'Bacteroides_coprophilus_gi_224485798_ref_NZ_', 'Bacteroides_coprophilus_gi_224485814_ref_NZ_', 'Bacteroides_coprophilus_gi_224485821_ref_NZ_', 'Bacteroides_coprophilus_gi_224485811_ref_NZ_', 'Bacteroides_coprophilus_gi_224485791_ref_NZ_', 'Bacteroides_coprophilus_gi_224485790_ref_NZ_', 'Bacteroides_coprophilus_gi_224485843_ref_NZ_', 'Bacteroides_coprophilus_gi_224485780_ref_NZ_', 'Bacteroides_coprophilus_gi_224485794_ref_NZ_', 'Bacteroides_coprophilus_gi_224485799_ref_NZ_', 'Bacteroides_coprophilus_gi_224485776_ref_NZ_']
ERROR: Reference Bacteroides_coprophilus_gi_224485829_ref_NZ_ does not have any alignments!  Check that this is the same file used for alignment.
ERROR: Alignment Reference Headers: ['Bacteroides_coprophilus_gi_224485784_ref_NZ_', 'Bacteroides_coprophilus_gi_224485785_ref_NZ_', 'Bacteroides_coprophilus_gi_224485798_ref_NZ_', 'Bacteroides_coprophilus_gi_224485814_ref_NZ_', 'Bacteroides_coprophilus_gi_224485821_ref_NZ_', 'Bacteroides_coprophilus_gi_224485811_ref_NZ_', 'Bacteroides_coprophilus_gi_224485791_ref_NZ_', 'Bacteroides_coprophilus_gi_224485790_ref_NZ_', 'Bacteroides_coprophilus_gi_224485843_ref_NZ_', 'Bacteroides_coprophilus_gi_224485780_ref_NZ_', 'Bacteroides_coprophilus_gi_224485794_ref_NZ_', 'Bacteroides_coprophilus_gi_224485799_ref_NZ_', 'Bacteroides_coprophilus_gi_224485776_ref_NZ_']
ERROR: Reference Bacteroides_coprophilus_gi_224485828_ref_NZ_ does not have any alignments!  Check that this is the same file used for alignment.
ERROR: Alignment Reference Headers: ['Bacteroides_coprophilus_gi_224485784_ref_NZ_', 'Bacteroides_coprophilus_gi_224485785_ref_NZ_', 'Bacteroides_coprophilus_gi_224485798_ref_NZ_', 'Bacteroides_coprophilus_gi_224485814_ref_NZ_', 'Bacteroides_coprophilus_gi_224485821_ref_NZ_', 'Bacteroides_coprophilus_gi_224485811_ref_NZ_', 'Bacteroides_coprophilus_gi_224485791_ref_NZ_', 'Bacteroides_coprophilus_gi_224485790_ref_NZ_', 'Bacteroides_coprophilus_gi_224485843_ref_NZ_', 'Bacteroides_coprophilus_gi_224485780_ref_NZ_', 'Bacteroides_coprophilus_gi_224485794_ref_NZ_', 'Bacteroides_coprophilus_gi_224485799_ref_NZ_', 'Bacteroides_coprophilus_gi_224485776_ref_NZ_']
ERROR: Reference Bacteroides_coprophilus_gi_224485793_ref_NZ_ does not have any alignments!  Check that this is the same file used for alignment.
ERROR: Alignment Reference Headers: ['Bacteroides_coprophilus_gi_224485784_ref_NZ_', 'Bacteroides_coprophilus_gi_224485785_ref_NZ_', 'Bacteroides_coprophilus_gi_224485798_ref_NZ_', 'Bacteroides_coprophilus_gi_224485814_ref_NZ_', 'Bacteroides_coprophilus_gi_224485821_ref_NZ_', 'Bacteroides_coprophilus_gi_224485811_ref_NZ_', 'Bacteroides_coprophilus_gi_224485791_ref_NZ_', 'Bacteroides_coprophilus_gi_224485790_ref_NZ_', 'Bacteroides_coprophilus_gi_224485843_ref_NZ_', 'Bacteroides_coprophilus_gi_224485780_ref_NZ_', 'Bacteroides_coprophilus_gi_224485794_ref_NZ_', 'Bacteroides_coprophilus_gi_224485799_ref_NZ_', 'Bacteroides_coprophilus_gi_224485776_ref_NZ_']
ERROR: Reference Bacteroides_coprophilus_gi_224485809_ref_NZ_ does not have any alignments!  Check that this is the same file used for alignment.
ERROR: Alignment Reference Headers: ['Bacteroides_coprophilus_gi_224485784_ref_NZ_', 'Bacteroides_coprophilus_gi_224485785_ref_NZ_', 'Bacteroides_coprophilus_gi_224485798_ref_NZ_', 'Bacteroides_coprophilus_gi_224485814_ref_NZ_', 'Bacteroides_coprophilus_gi_224485821_ref_NZ_', 'Bacteroides_coprophilus_gi_224485811_ref_NZ_', 'Bacteroides_coprophilus_gi_224485791_ref_NZ_', 'Bacteroides_coprophilus_gi_224485790_ref_NZ_', 'Bacteroides_coprophilus_gi_224485843_ref_NZ_', 'Bacteroides_coprophilus_gi_224485780_ref_NZ_', 'Bacteroides_coprophilus_gi_224485794_ref_NZ_', 'Bacteroides_coprophilus_gi_224485799_ref_NZ_', 'Bacteroides_coprophilus_gi_224485776_ref_NZ_']
ERROR: Reference Bacteroides_coprophilus_gi_224485800_ref_NZ_ does not have any alignments!  Check that this is the same file used for alignment.
ERROR: Alignment Reference Headers: ['Bacteroides_coprophilus_gi_224485784_ref_NZ_', 'Bacteroides_coprophilus_gi_224485785_ref_NZ_', 'Bacteroides_coprophilus_gi_224485798_ref_NZ_', 'Bacteroides_coprophilus_gi_224485814_ref_NZ_', 'Bacteroides_coprophilus_gi_224485821_ref_NZ_', 'Bacteroides_coprophilus_gi_224485811_ref_NZ_', 'Bacteroides_coprophilus_gi_224485791_ref_NZ_', 'Bacteroides_coprophilus_gi_224485790_ref_NZ_', 'Bacteroides_coprophilus_gi_224485843_ref_NZ_', 'Bacteroides_coprophilus_gi_224485780_ref_NZ_', 'Bacteroides_coprophilus_gi_224485794_ref_NZ_', 'Bacteroides_coprophilus_gi_224485799_ref_NZ_', 'Bacteroides_coprophilus_gi_224485776_ref_NZ_']
ERROR: Reference Bacteroides_coprophilus_gi_224485823_ref_NZ_ does not have any alignments!  Check that this is the same file used for alignment.
ERROR: Alignment Reference Headers: ['Bacteroides_coprophilus_gi_224485784_ref_NZ_', 'Bacteroides_coprophilus_gi_224485785_ref_NZ_', 'Bacteroides_coprophilus_gi_224485798_ref_NZ_', 'Bacteroides_coprophilus_gi_224485814_ref_NZ_', 'Bacteroides_coprophilus_gi_224485821_ref_NZ_', 'Bacteroides_coprophilus_gi_224485811_ref_NZ_', 'Bacteroides_coprophilus_gi_224485791_ref_NZ_', 'Bacteroides_coprophilus_gi_224485790_ref_NZ_', 'Bacteroides_coprophilus_gi_224485843_ref_NZ_', 'Bacteroides_coprophilus_gi_224485780_ref_NZ_', 'Bacteroides_coprophilus_gi_224485794_ref_NZ_', 'Bacteroides_coprophilus_gi_224485799_ref_NZ_', 'Bacteroides_coprophilus_gi_224485776_ref_NZ_']
ERROR: Reference Bacteroides_coprophilus_gi_224485845_ref_NZ_ does not have any alignments!  Check that this is the same file used for alignment.
ERROR: Alignment Reference Headers: ['Bacteroides_coprophilus_gi_224485784_ref_NZ_', 'Bacteroides_coprophilus_gi_224485785_ref_NZ_', 'Bacteroides_coprophilus_gi_224485798_ref_NZ_', 'Bacteroides_coprophilus_gi_224485814_ref_NZ_', 'Bacteroides_coprophilus_gi_224485821_ref_NZ_', 'Bacteroides_coprophilus_gi_224485811_ref_NZ_', 'Bacteroides_coprophilus_gi_224485791_ref_NZ_', 'Bacteroides_coprophilus_gi_224485790_ref_NZ_', 'Bacteroides_coprophilus_gi_224485843_ref_NZ_', 'Bacteroides_coprophilus_gi_224485780_ref_NZ_', 'Bacteroides_coprophilus_gi_224485794_ref_NZ_', 'Bacteroides_coprophilus_gi_224485799_ref_NZ_', 'Bacteroides_coprophilus_gi_224485776_ref_NZ_']
ERROR: Reference Bacteroides_coprophilus_gi_224485840_ref_NZ_ does not have any alignments!  Check that this is the same file used for alignment.
ERROR: Alignment Reference Headers: ['Bacteroides_coprophilus_gi_224485784_ref_NZ_', 'Bacteroides_coprophilus_gi_224485785_ref_NZ_', 'Bacteroides_coprophilus_gi_224485798_ref_NZ_', 'Bacteroides_coprophilus_gi_224485814_ref_NZ_', 'Bacteroides_coprophilus_gi_224485821_ref_NZ_', 'Bacteroides_coprophilus_gi_224485811_ref_NZ_', 'Bacteroides_coprophilus_gi_224485791_ref_NZ_', 'Bacteroides_coprophilus_gi_224485790_ref_NZ_', 'Bacteroides_coprophilus_gi_224485843_ref_NZ_', 'Bacteroides_coprophilus_gi_224485780_ref_NZ_', 'Bacteroides_coprophilus_gi_224485794_ref_NZ_', 'Bacteroides_coprophilus_gi_224485799_ref_NZ_', 'Bacteroides_coprophilus_gi_224485776_ref_NZ_']
ERROR: Reference Bacteroides_coprophilus_gi_224485841_ref_NZ_ does not have any alignments!  Check that this is the same file used for alignment.
ERROR: Alignment Reference Headers: ['Bacteroides_coprophilus_gi_224485784_ref_NZ_', 'Bacteroides_coprophilus_gi_224485785_ref_NZ_', 'Bacteroides_coprophilus_gi_224485798_ref_NZ_', 'Bacteroides_coprophilus_gi_224485814_ref_NZ_', 'Bacteroides_coprophilus_gi_224485821_ref_NZ_', 'Bacteroides_coprophilus_gi_224485811_ref_NZ_', 'Bacteroides_coprophilus_gi_224485791_ref_NZ_', 'Bacteroides_coprophilus_gi_224485790_ref_NZ_', 'Bacteroides_coprophilus_gi_224485843_ref_NZ_', 'Bacteroides_coprophilus_gi_224485780_ref_NZ_', 'Bacteroides_coprophilus_gi_224485794_ref_NZ_', 'Bacteroides_coprophilus_gi_224485799_ref_NZ_', 'Bacteroides_coprophilus_gi_224485776_ref_NZ_']
ERROR: Reference Bacteroides_coprophilus_gi_224485846_ref_NZ_ does not have any alignments!  Check that this is the same file used for alignment.
ERROR: Alignment Reference Headers: ['Bacteroides_coprophilus_gi_224485784_ref_NZ_', 'Bacteroides_coprophilus_gi_224485785_ref_NZ_', 'Bacteroides_coprophilus_gi_224485798_ref_NZ_', 'Bacteroides_coprophilus_gi_224485814_ref_NZ_', 'Bacteroides_coprophilus_gi_224485821_ref_NZ_', 'Bacteroides_coprophilus_gi_224485811_ref_NZ_', 'Bacteroides_coprophilus_gi_224485791_ref_NZ_', 'Bacteroides_coprophilus_gi_224485790_ref_NZ_', 'Bacteroides_coprophilus_gi_224485843_ref_NZ_', 'Bacteroides_coprophilus_gi_224485780_ref_NZ_', 'Bacteroides_coprophilus_gi_224485794_ref_NZ_', 'Bacteroides_coprophilus_gi_224485799_ref_NZ_', 'Bacteroides_coprophilus_gi_224485776_ref_NZ_']
ERROR: Reference Bacteroides_coprophilus_gi_224485824_ref_NZ_ does not have any alignments!  Check that this is the same file used for alignment.
ERROR: Alignment Reference Headers: ['Bacteroides_coprophilus_gi_224485784_ref_NZ_', 'Bacteroides_coprophilus_gi_224485785_ref_NZ_', 'Bacteroides_coprophilus_gi_224485798_ref_NZ_', 'Bacteroides_coprophilus_gi_224485814_ref_NZ_', 'Bacteroides_coprophilus_gi_224485821_ref_NZ_', 'Bacteroides_coprophilus_gi_224485811_ref_NZ_', 'Bacteroides_coprophilus_gi_224485791_ref_NZ_', 'Bacteroides_coprophilus_gi_224485790_ref_NZ_', 'Bacteroides_coprophilus_gi_224485843_ref_NZ_', 'Bacteroides_coprophilus_gi_224485780_ref_NZ_', 'Bacteroides_coprophilus_gi_224485794_ref_NZ_', 'Bacteroides_coprophilus_gi_224485799_ref_NZ_', 'Bacteroides_coprophilus_gi_224485776_ref_NZ_']
ERROR: Reference Bacteroides_coprophilus_gi_224485826_ref_NZ_ does not have any alignments!  Check that this is the same file used for alignment.
ERROR: Alignment Reference Headers: ['Bacteroides_coprophilus_gi_224485784_ref_NZ_', 'Bacteroides_coprophilus_gi_224485785_ref_NZ_', 'Bacteroides_coprophilus_gi_224485798_ref_NZ_', 'Bacteroides_coprophilus_gi_224485814_ref_NZ_', 'Bacteroides_coprophilus_gi_224485821_ref_NZ_', 'Bacteroides_coprophilus_gi_224485811_ref_NZ_', 'Bacteroides_coprophilus_gi_224485791_ref_NZ_', 'Bacteroides_coprophilus_gi_224485790_ref_NZ_', 'Bacteroides_coprophilus_gi_224485843_ref_NZ_', 'Bacteroides_coprophilus_gi_224485780_ref_NZ_', 'Bacteroides_coprophilus_gi_224485794_ref_NZ_', 'Bacteroides_coprophilus_gi_224485799_ref_NZ_', 'Bacteroides_coprophilus_gi_224485776_ref_NZ_']
ERROR: Reference Bacteroides_coprophilus_gi_224485801_ref_NZ_ does not have any alignments!  Check that this is the same file used for alignment.
ERROR: Alignment Reference Headers: ['Bacteroides_coprophilus_gi_224485784_ref_NZ_', 'Bacteroides_coprophilus_gi_224485785_ref_NZ_', 'Bacteroides_coprophilus_gi_224485798_ref_NZ_', 'Bacteroides_coprophilus_gi_224485814_ref_NZ_', 'Bacteroides_coprophilus_gi_224485821_ref_NZ_', 'Bacteroides_coprophilus_gi_224485811_ref_NZ_', 'Bacteroides_coprophilus_gi_224485791_ref_NZ_', 'Bacteroides_coprophilus_gi_224485790_ref_NZ_', 'Bacteroides_coprophilus_gi_224485843_ref_NZ_', 'Bacteroides_coprophilus_gi_224485780_ref_NZ_', 'Bacteroides_coprophilus_gi_224485794_ref_NZ_', 'Bacteroides_coprophilus_gi_224485799_ref_NZ_', 'Bacteroides_coprophilus_gi_224485776_ref_NZ_']
ERROR: Reference Bacteroides_coprophilus_gi_224485839_ref_NZ_ does not have any alignments!  Check that this is the same file used for alignment.
ERROR: Alignment Reference Headers: ['Bacteroides_coprophilus_gi_224485784_ref_NZ_', 'Bacteroides_coprophilus_gi_224485785_ref_NZ_', 'Bacteroides_coprophilus_gi_224485798_ref_NZ_', 'Bacteroides_coprophilus_gi_224485814_ref_NZ_', 'Bacteroides_coprophilus_gi_224485821_ref_NZ_', 'Bacteroides_coprophilus_gi_224485811_ref_NZ_', 'Bacteroides_coprophilus_gi_224485791_ref_NZ_', 'Bacteroides_coprophilus_gi_224485790_ref_NZ_', 'Bacteroides_coprophilus_gi_224485843_ref_NZ_', 'Bacteroides_coprophilus_gi_224485780_ref_NZ_', 'Bacteroides_coprophilus_gi_224485794_ref_NZ_', 'Bacteroides_coprophilus_gi_224485799_ref_NZ_', 'Bacteroides_coprophilus_gi_224485776_ref_NZ_']
ERROR: Reference Bacteroides_coprophilus_gi_224485787_ref_NZ_ does not have any alignments!  Check that this is the same file used for alignment.
ERROR: Alignment Reference Headers: ['Bacteroides_coprophilus_gi_224485784_ref_NZ_', 'Bacteroides_coprophilus_gi_224485785_ref_NZ_', 'Bacteroides_coprophilus_gi_224485798_ref_NZ_', 'Bacteroides_coprophilus_gi_224485814_ref_NZ_', 'Bacteroides_coprophilus_gi_224485821_ref_NZ_', 'Bacteroides_coprophilus_gi_224485811_ref_NZ_', 'Bacteroides_coprophilus_gi_224485791_ref_NZ_', 'Bacteroides_coprophilus_gi_224485790_ref_NZ_', 'Bacteroides_coprophilus_gi_224485843_ref_NZ_', 'Bacteroides_coprophilus_gi_224485780_ref_NZ_', 'Bacteroides_coprophilus_gi_224485794_ref_NZ_', 'Bacteroides_coprophilus_gi_224485799_ref_NZ_', 'Bacteroides_coprophilus_gi_224485776_ref_NZ_']
Analysis is finished!
Founded SNPs were written into /Molly/gurevich/MetaQUAST/res_final/res_metahit_final/runs_per_reference/Bacteroides_coprophilus/contigs_reports/nucmer_output/IDBA_UD.used_snps

Results:
	Local Misassemblies: 0
	Misassemblies: 3
		Relocations: 1
		Translocations: 2
		Inversions: 0
	Fake misassemblies matched with structural variations: 0
	Misassembled Contigs: 3
	Misassembled Contig Bases: 8107
	Misassemblies Inter-Contig Overlap: 0
Uncovered Regions: 0 (0)
Unaligned Contigs: 0 + 14 part
Partially Unaligned Contigs with Misassemblies: 1
Unaligned Contig Bases: 170342

Ambiguously Mapped Contigs: 0
Total Bases in Ambiguously Mapped Contigs: 0
Note that --allow-ambiguity option was set to "one" and only first alignment per each contig was used.

	Covered Bases: 53751

	SNPs: 346
	Insertions: 14
	Deletions: 12

	Positive Gaps: 33
		Internal Gaps:  1
		External Gaps:  32
		External Gap Total:  2618003
		External Gap Average: 81813
	Negative Gaps: 6
		Internal Overlaps:  1
		External Overlaps:  5
		External Overlaps Total: -416
		External Overlaps Average: -83
	Contigs with Redundant Alignments: 0 (0)
