Aligning contigs to reference...
	Using existing Nucmer alignments...
Parsing coords...
Loading reference...
	Loaded [Bacteroides_coprophilus_gi_224485776_ref_NZ_]
	Loaded [Bacteroides_coprophilus_gi_224485777_ref_NZ_]
	Loaded [Bacteroides_coprophilus_gi_224485778_ref_NZ_]
	Loaded [Bacteroides_coprophilus_gi_224485779_ref_NZ_]
	Loaded [Bacteroides_coprophilus_gi_224485780_ref_NZ_]
	Loaded [Bacteroides_coprophilus_gi_224485781_ref_NZ_]
	Loaded [Bacteroides_coprophilus_gi_224485782_ref_NZ_]
	Loaded [Bacteroides_coprophilus_gi_224485783_ref_NZ_]
	Loaded [Bacteroides_coprophilus_gi_224485784_ref_NZ_]
	Loaded [Bacteroides_coprophilus_gi_224485785_ref_NZ_]
	Loaded [Bacteroides_coprophilus_gi_224485786_ref_NZ_]
	Loaded [Bacteroides_coprophilus_gi_224485787_ref_NZ_]
	Loaded [Bacteroides_coprophilus_gi_224485788_ref_NZ_]
	Loaded [Bacteroides_coprophilus_gi_224485789_ref_NZ_]
	Loaded [Bacteroides_coprophilus_gi_224485790_ref_NZ_]
	Loaded [Bacteroides_coprophilus_gi_224485791_ref_NZ_]
	Loaded [Bacteroides_coprophilus_gi_224485792_ref_NZ_]
	Loaded [Bacteroides_coprophilus_gi_224485793_ref_NZ_]
	Loaded [Bacteroides_coprophilus_gi_224485794_ref_NZ_]
	Loaded [Bacteroides_coprophilus_gi_224485795_ref_NZ_]
	Loaded [Bacteroides_coprophilus_gi_224485796_ref_NZ_]
	Loaded [Bacteroides_coprophilus_gi_224485797_ref_NZ_]
	Loaded [Bacteroides_coprophilus_gi_224485798_ref_NZ_]
	Loaded [Bacteroides_coprophilus_gi_224485799_ref_NZ_]
	Loaded [Bacteroides_coprophilus_gi_224485800_ref_NZ_]
	Loaded [Bacteroides_coprophilus_gi_224485801_ref_NZ_]
	Loaded [Bacteroides_coprophilus_gi_224485802_ref_NZ_]
	Loaded [Bacteroides_coprophilus_gi_224485803_ref_NZ_]
	Loaded [Bacteroides_coprophilus_gi_224485804_ref_NZ_]
	Loaded [Bacteroides_coprophilus_gi_224485805_ref_NZ_]
	Loaded [Bacteroides_coprophilus_gi_224485806_ref_NZ_]
	Loaded [Bacteroides_coprophilus_gi_224485807_ref_NZ_]
	Loaded [Bacteroides_coprophilus_gi_224485808_ref_NZ_]
	Loaded [Bacteroides_coprophilus_gi_224485809_ref_NZ_]
	Loaded [Bacteroides_coprophilus_gi_224485810_ref_NZ_]
	Loaded [Bacteroides_coprophilus_gi_224485811_ref_NZ_]
	Loaded [Bacteroides_coprophilus_gi_224485812_ref_NZ_]
	Loaded [Bacteroides_coprophilus_gi_224485813_ref_NZ_]
	Loaded [Bacteroides_coprophilus_gi_224485814_ref_NZ_]
	Loaded [Bacteroides_coprophilus_gi_224485815_ref_NZ_]
	Loaded [Bacteroides_coprophilus_gi_224485816_ref_NZ_]
	Loaded [Bacteroides_coprophilus_gi_224485817_ref_NZ_]
	Loaded [Bacteroides_coprophilus_gi_224485818_ref_NZ_]
	Loaded [Bacteroides_coprophilus_gi_224485819_ref_NZ_]
	Loaded [Bacteroides_coprophilus_gi_224485820_ref_NZ_]
	Loaded [Bacteroides_coprophilus_gi_224485821_ref_NZ_]
	Loaded [Bacteroides_coprophilus_gi_224485822_ref_NZ_]
	Loaded [Bacteroides_coprophilus_gi_224485823_ref_NZ_]
	Loaded [Bacteroides_coprophilus_gi_224485824_ref_NZ_]
	Loaded [Bacteroides_coprophilus_gi_224485825_ref_NZ_]
	Loaded [Bacteroides_coprophilus_gi_224485826_ref_NZ_]
	Loaded [Bacteroides_coprophilus_gi_224485827_ref_NZ_]
	Loaded [Bacteroides_coprophilus_gi_224485828_ref_NZ_]
	Loaded [Bacteroides_coprophilus_gi_224485829_ref_NZ_]
	Loaded [Bacteroides_coprophilus_gi_224485830_ref_NZ_]
	Loaded [Bacteroides_coprophilus_gi_224485831_ref_NZ_]
	Loaded [Bacteroides_coprophilus_gi_224485832_ref_NZ_]
	Loaded [Bacteroides_coprophilus_gi_224485833_ref_NZ_]
	Loaded [Bacteroides_coprophilus_gi_224485834_ref_NZ_]
	Loaded [Bacteroides_coprophilus_gi_224485835_ref_NZ_]
	Loaded [Bacteroides_coprophilus_gi_224485836_ref_NZ_]
	Loaded [Bacteroides_coprophilus_gi_224485837_ref_NZ_]
	Loaded [Bacteroides_coprophilus_gi_224485838_ref_NZ_]
	Loaded [Bacteroides_coprophilus_gi_224485839_ref_NZ_]
	Loaded [Bacteroides_coprophilus_gi_224485840_ref_NZ_]
	Loaded [Bacteroides_coprophilus_gi_224485841_ref_NZ_]
	Loaded [Bacteroides_coprophilus_gi_224485842_ref_NZ_]
	Loaded [Bacteroides_coprophilus_gi_224485843_ref_NZ_]
	Loaded [Bacteroides_coprophilus_gi_224485844_ref_NZ_]
	Loaded [Bacteroides_coprophilus_gi_224485845_ref_NZ_]
	Loaded [Bacteroides_coprophilus_gi_224485846_ref_NZ_]
	Loaded [Bacteroides_coprophilus_gi_224485847_ref_NZ_]
	Loaded [Bacteroides_coprophilus_gi_224485848_ref_NZ_]
Loading SNPs...
Loading regions...
	No regions given, using whole reference.
	Total Regions: 73
	Total Region Length: 4041504
Analyzing contigs...
CONTIG: scaffold-20 (43176bp)
Top Length: 378  Top ID: 98.94
		This contig is partially unaligned. (Aligned 378 out of 43176 bases)
		Alignment: 67113 67490 | 378 1 | 378 378 | 98.94 | Bacteroides_coprophilus_gi_224485784_ref_NZ_ scaffold-20
		Unaligned bases: 379 to 43176 (42798)

CONTIG: scaffold-404 (54754bp)
Top Length: 381  Top ID: 98.69
		This contig is partially unaligned. (Aligned 381 out of 54754 bases)
		Alignment: 67110 67490 | 54374 54754 | 381 381 | 98.69 | Bacteroides_coprophilus_gi_224485784_ref_NZ_ scaffold-404
		Unaligned bases: 1 to 54373 (54373)

CONTIG: scaffold-622 (13303bp)
Top Length: 380  Top ID: 98.95
		This contig is partially unaligned. (Aligned 380 out of 13303 bases)
		Alignment: 67111 67490 | 12924 13303 | 380 380 | 98.95 | Bacteroides_coprophilus_gi_224485784_ref_NZ_ scaffold-622
		Unaligned bases: 1 to 12923 (12923)

CONTIG: scaffold-2326 (6614bp)
Top Length: 378  Top ID: 98.94
		This contig is partially unaligned. (Aligned 378 out of 6614 bases)
		Alignment: 67113 67490 | 378 1 | 378 378 | 98.94 | Bacteroides_coprophilus_gi_224485784_ref_NZ_ scaffold-2326
		Unaligned bases: 379 to 6614 (6236)

CONTIG: scaffold-2724 (5944bp)
Top Length: 377  Top ID: 98.94
		This contig is partially unaligned. (Aligned 377 out of 5944 bases)
		Alignment: 67114 67490 | 377 1 | 377 377 | 98.94 | Bacteroides_coprophilus_gi_224485784_ref_NZ_ scaffold-2724
		Unaligned bases: 378 to 5944 (5567)

CONTIG: scaffold-2781 (3929bp)
Top Length: 379  Top ID: 98.94
		This contig is partially unaligned. (Aligned 379 out of 3929 bases)
		Alignment: 67112 67490 | 379 1 | 379 379 | 98.94 | Bacteroides_coprophilus_gi_224485784_ref_NZ_ scaffold-2781
		Unaligned bases: 380 to 3929 (3550)

CONTIG: scaffold-3288 (5633bp)
Top Length: 337  Top ID: 99.11
		This contig is partially unaligned. (Aligned 337 out of 5633 bases)
		Alignment: 67995 68331 | 1 337 | 337 337 | 99.11 | Bacteroides_coprophilus_gi_224485784_ref_NZ_ scaffold-3288
		Unaligned bases: 338 to 5633 (5296)

CONTIG: scaffold-4946 (867bp)
Top Length: 179  Top ID: 98.88
		This contig is partially unaligned. (Aligned 179 out of 867 bases)
		Alignment: 68153 68331 | 867 689 | 179 179 | 98.88 | Bacteroides_coprophilus_gi_224485784_ref_NZ_ scaffold-4946
		Unaligned bases: 1 to 688 (688)

CONTIG: scaffold-5141 (6611bp)
Top Length: 382  Top ID: 98.95
		This contig is partially unaligned. (Aligned 382 out of 6611 bases)
		Alignment: 67950 68331 | 1 382 | 382 382 | 98.95 | Bacteroides_coprophilus_gi_224485784_ref_NZ_ scaffold-5141
		Unaligned bases: 383 to 6611 (6229)

CONTIG: scaffold-5660 (1527bp)
Top Length: 360  Top ID: 98.89
		This contig is partially unaligned. (Aligned 360 out of 1527 bases)
		Alignment: 67972 68331 | 1527 1168 | 360 360 | 98.89 | Bacteroides_coprophilus_gi_224485784_ref_NZ_ scaffold-5660
		Unaligned bases: 1 to 1167 (1167)

CONTIG: scaffold-6544 (784bp)
Top Length: 225  Top ID: 98.67
		This contig is partially unaligned. (Aligned 225 out of 784 bases)
		Alignment: 67114 67338 | 225 1 | 225 225 | 98.67 | Bacteroides_coprophilus_gi_224485784_ref_NZ_ scaffold-6544
		Unaligned bases: 226 to 784 (559)

CONTIG: scaffold-7348 (850bp)
Top Length: 230  Top ID: 98.7
		This contig is partially unaligned. (Aligned 230 out of 850 bases)
		Alignment: 67114 67343 | 230 1 | 230 230 | 98.7 | Bacteroides_coprophilus_gi_224485784_ref_NZ_ scaffold-7348
		Unaligned bases: 231 to 850 (620)

CONTIG: scaffold-8386 (1686bp)
Top Length: 363  Top ID: 98.9
		This contig is partially unaligned. (Aligned 363 out of 1686 bases)
		Alignment: 67971 68333 | 1 363 | 363 363 | 98.9 | Bacteroides_coprophilus_gi_224485784_ref_NZ_ scaffold-8386
		Unaligned bases: 364 to 1686 (1323)

CONTIG: scaffold-8762 (744bp)
Top Length: 343  Top ID: 98.83
		This contig is partially unaligned. (Aligned 343 out of 744 bases)
		Alignment: 67114 67456 | 343 1 | 343 343 | 98.83 | Bacteroides_coprophilus_gi_224485784_ref_NZ_ scaffold-8762
		Unaligned bases: 344 to 744 (401)

CONTIG: scaffold-11579 (652bp)
Top Length: 323  Top ID: 99.07
		This contig is partially unaligned. (Aligned 323 out of 652 bases)
		Alignment: 67111 67433 | 330 652 | 323 323 | 99.07 | Bacteroides_coprophilus_gi_224485784_ref_NZ_ scaffold-11579
		Unaligned bases: 1 to 329 (329)

CONTIG: scaffold-195356 (13246bp)
Top Length: 359  Top ID: 98.89
		This contig is partially unaligned. (Aligned 359 out of 13246 bases)
		Alignment: 67978 68336 | 1 359 | 359 359 | 98.89 | Bacteroides_coprophilus_gi_224485784_ref_NZ_ scaffold-195356
		Unaligned bases: 360 to 13246 (12887)

CONTIG: scaffold-195366 (8125bp)
Top Length: 388  Top ID: 98.45
		This contig is partially unaligned. (Aligned 388 out of 8125 bases)
		Alignment: 67103 67490 | 388 1 | 388 388 | 98.45 | Bacteroides_coprophilus_gi_224485784_ref_NZ_ scaffold-195366
		Unaligned bases: 389 to 8125 (7737)

CONTIG: scaffold-1210 (23163bp)
Top Length: 1005  Top ID: 98.61
		This contig is misassembled. 2 total aligns.
			Warning! This contig is more unaligned than misassembled. Contig length is 23163 and total length of all aligns is 1488
		Alignment: 8602 9084 | 20204 20686 | 483 483 | 99.59 | Bacteroides_coprophilus_gi_224485785_ref_NZ_ scaffold-1210
		Alignment: 9152 10156 | 20889 21893 | 1005 1005 | 98.61 | Bacteroides_coprophilus_gi_224485785_ref_NZ_ scaffold-1210
		Unaligned bases: 21675
		This contig has both significant aligned and unaligned parts (of length >= min-contig)! It can contain interspecies translocations
CONTIG: scaffold-3618 (2424bp)
Top Length: 2424  Top ID: 99.59
		One align captures most of this contig: 23005 25428 | 1 2424 | 2424 2424 | 99.59 | Bacteroides_coprophilus_gi_224485783_ref_NZ_ scaffold-3618

CONTIG: scaffold-645 (27531bp)
Top Length: 102  Top ID: 96.08
		This contig is partially unaligned. (Aligned 102 out of 27531 bases)
		Alignment: 476592 476693 | 27430 27531 | 102 102 | 96.08 | Bacteroides_coprophilus_gi_224485791_ref_NZ_ scaffold-645
		Unaligned bases: 1 to 27429 (27429)

CONTIG: scaffold-3102 (2632bp)
Top Length: 783  Top ID: 95.27
		This contig is partially unaligned. (Aligned 783 out of 2632 bases)
		Alignment: 484613 485392 | 113 895 | 780 783 | 95.27 | Bacteroides_coprophilus_gi_224485791_ref_NZ_ scaffold-3102
		Unaligned bases: 1 to 112 (112)
		Unaligned bases: 896 to 2632 (1737)
		This contig has both significant aligned and unaligned parts (of length >= min-contig)! It can contain interspecies translocations

CONTIG: scaffold-46 (35372bp)
Top Length: 445  Top ID: 97.75
		This contig is partially unaligned. (Aligned 445 out of 35372 bases)
		Alignment: 121601 122041 | 12698 13142 | 441 445 | 97.75 | Bacteroides_coprophilus_gi_224485799_ref_NZ_ scaffold-46
		Unaligned bases: 1 to 12697 (12697)
		Unaligned bases: 13143 to 35372 (22230)

CONTIG: scaffold-337 (17125bp)
Top Length: 1720  Top ID: 97.16
		This contig is partially unaligned. (Aligned 1720 out of 17125 bases)
		Alignment: 112293 114016 | 14239 12520 | 1724 1720 | 97.16 | Bacteroides_coprophilus_gi_224485799_ref_NZ_ scaffold-337
		Unaligned bases: 1 to 12519 (12519)
		Unaligned bases: 14240 to 17125 (2886)
		This contig has both significant aligned and unaligned parts (of length >= min-contig)! It can contain interspecies translocations

CONTIG: scaffold-195395 (15847bp)
Top Length: 9169  Top ID: 99.37
		This contig is misassembled. 3 total aligns.
			Real Alignment 1: 97342 106509 | 1 9169 | 9168 9169 | 99.37 | Bacteroides_coprophilus_gi_224485799_ref_NZ_ scaffold-195395
			  Extensive misassembly ( relocation, inconsistency = -2481 ) between these two alignments
			Excluding internal overlap of size 2 between Alignment 2 and 3:  134808 135998 | 14657 15847 | 1191 1191 --> 134810 135998 | 14659 15847 | 1189 1189
			Real Alignment 2: 106512 109517 | 11653 14658 | 3006 3006 | 99.23 | Bacteroides_coprophilus_gi_224485799_ref_NZ_ scaffold-195395
			  Extensive misassembly ( relocation, inconsistency = 25292 ) between these two alignments
			Real Alignment 3: 134810 135998 | 14659 15847 | 1189 1189 | 99.92 | Bacteroides_coprophilus_gi_224485799_ref_NZ_ scaffold-195395
		This contig has significant unaligned parts (of length >= min-contig)! It can contain interspecies translocations

CONTIG: scaffold-3327 (1668bp)
Top Length: 1561  Top ID: 98.21
		Skipping redundant alignment 1 167 | 2 168 | 167 167 | 95.21 | Bacteroides_coprophilus_gi_224485834_ref_NZ_ scaffold-3327
		This contig is partially unaligned. (Aligned 1561 out of 1668 bases)
		Alignment: 2 1561 | 3 1563 | 1560 1561 | 98.21 | Bacteroides_coprophilus_gi_224485843_ref_NZ_ scaffold-3327
		Unaligned bases: 1 to 2 (2)
		Unaligned bases: 1564 to 1668 (105)

CONTIG: scaffold-195399 (43716bp)
Top Length: 13921  Top ID: 99.77
		This contig is misassembled. 6 total aligns.
			Excluding internal overlap of size 4 between Alignment 1 and 2:  70684 83012 | 26246 13918 | 12329 12329 --> 70684 83008 | 26246 13922 | 12325 12325
			Real Alignment 1: 83208 97129 | 13921 1 | 13922 13921 | 99.77 | Bacteroides_coprophilus_gi_224485799_ref_NZ_ scaffold-195399
			  Gap between these two alignments (local misassembly). Inconsistency = 199 
			Real Alignment 2: 70684 83008 | 26246 13922 | 12325 12325 | 98.31 | Bacteroides_coprophilus_gi_224485799_ref_NZ_ scaffold-195399
			  Gap between these two alignments (local misassembly). Inconsistency = 202 
			Excluding internal overlap of size 10 between Alignment 3 and 4:  67452 70470 | 29277 26258 | 3019 3020 --> 67462 70470 | 29267 26258 | 3009 3010
			Real Alignment 3: 67462 70470 | 29267 26258 | 3009 3010 | 95.99 | Bacteroides_coprophilus_gi_224485799_ref_NZ_ scaffold-195399
			  Extensive misassembly ( relocation, inconsistency = 53069 ) between these two alignments
			Real Alignment 4: 2463 14392 | 41199 29268 | 11930 11932 | 97.14 | Bacteroides_coprophilus_gi_224485799_ref_NZ_ scaffold-195399
			  Extensive misassembly ( translocation ) between these two alignments
			Real Alignment 5: 1 597 | 41553 42149 | 597 597 | 98.83 | Bacteroides_coprophilus_gi_224485811_ref_NZ_ scaffold-195399
			  Extensive misassembly ( translocation ) between these two alignments
			Real Alignment 6: 1 1081 | 43509 42431 | 1081 1079 | 98.52 | Bacteroides_coprophilus_gi_224485821_ref_NZ_ scaffold-195399
		This contig has significant unaligned parts (of length >= min-contig)! It can contain interspecies translocations

CONTIG: scaffold-33 (46700bp)
Top Length: 373  Top ID: 99.46
		This contig is partially unaligned. (Aligned 373 out of 46700 bases)
		Alignment: 271841 272213 | 46328 46700 | 373 373 | 99.46 | Bacteroides_coprophilus_gi_224485794_ref_NZ_ scaffold-33
		Unaligned bases: 1 to 46327 (46327)

CONTIG: scaffold-53 (88128bp)
Top Length: 27256  Top ID: 99.81
		This contig is misassembled. 6 total aligns.
			Real Alignment 1: 271859 297961 | 4 26106 | 26103 26103 | 99.84 | Bacteroides_coprophilus_gi_224485794_ref_NZ_ scaffold-53
			  Overlap between these two alignments (local misassembly). Inconsistency = -144 
			Real Alignment 2: 297949 302358 | 26238 30647 | 4410 4410 | 99.95 | Bacteroides_coprophilus_gi_224485794_ref_NZ_ scaffold-53
			  Extensive misassembly ( relocation, inconsistency = -4683 ) between these two alignments
			Real Alignment 3: 311947 339195 | 44919 72174 | 27249 27256 | 99.81 | Bacteroides_coprophilus_gi_224485794_ref_NZ_ scaffold-53
			  Overlap between these two alignments (local misassembly). Inconsistency = -99 
			Real Alignment 4: 339185 345752 | 72263 78829 | 6568 6567 | 99.98 | Bacteroides_coprophilus_gi_224485794_ref_NZ_ scaffold-53
			  Gap between these two alignments (local misassembly). Inconsistency = 235 
			Real Alignment 5: 346031 348930 | 78873 81773 | 2900 2901 | 99.93 | Bacteroides_coprophilus_gi_224485794_ref_NZ_ scaffold-53
			  Overlap between these two alignments (local misassembly). Inconsistency = -175 
			Real Alignment 6: 348923 355110 | 81941 88128 | 6188 6188 | 99.95 | Bacteroides_coprophilus_gi_224485794_ref_NZ_ scaffold-53
		This contig has significant unaligned parts (of length >= min-contig)! It can contain interspecies translocations

CONTIG: scaffold-5489 (606bp)
Top Length: 606  Top ID: 99.5
		One align captures most of this contig: 306275 306880 | 1 606 | 606 606 | 99.5 | Bacteroides_coprophilus_gi_224485794_ref_NZ_ scaffold-5489

CONTIG: scaffold-10101 (594bp)
Top Length: 513  Top ID: 96.5
		This contig is misassembled. 2 total aligns.
			Excluding internal overlap of size 8 between Alignment 1 and 2:  303190 303278 | 1 89 | 89 89 --> 303190 303270 | 1 81 | 81 81
			Real Alignment 1: 303190 303270 | 1 81 | 81 81 | 100.0 | Bacteroides_coprophilus_gi_224485794_ref_NZ_ scaffold-10101
			  Extensive misassembly ( relocation, inconsistency = 2255 ) between these two alignments
			Real Alignment 2: 305526 306039 | 82 594 | 514 513 | 96.5 | Bacteroides_coprophilus_gi_224485794_ref_NZ_ scaffold-10101

Analyzing coverage...
Writing SNPs into /Molly/gurevich/MetaQUAST/res_final/res_metahit_final/runs_per_reference/Bacteroides_coprophilus/contigs_reports/nucmer_output/Ray.used_snps
ERROR: Reference Bacteroides_coprophilus_gi_224485848_ref_NZ_ does not have any alignments!  Check that this is the same file used for alignment.
ERROR: Alignment Reference Headers: ['Bacteroides_coprophilus_gi_224485784_ref_NZ_', 'Bacteroides_coprophilus_gi_224485785_ref_NZ_', 'Bacteroides_coprophilus_gi_224485821_ref_NZ_', 'Bacteroides_coprophilus_gi_224485811_ref_NZ_', 'Bacteroides_coprophilus_gi_224485791_ref_NZ_', 'Bacteroides_coprophilus_gi_224485843_ref_NZ_', 'Bacteroides_coprophilus_gi_224485794_ref_NZ_', 'Bacteroides_coprophilus_gi_224485783_ref_NZ_', 'Bacteroides_coprophilus_gi_224485799_ref_NZ_']
	Reference Bacteroides_coprophilus_gi_224485784_ref_NZ_: 17 total alignments. 1 total regions.
		Region: 1 to 68520 (68520 bp)
			START in gap: 1 to 67103 (67102 bp)
			Align 1: 67103 67490 scaffold-195366 388 1
				The next alignment (67110 67490 scaffold-404 54374 54754) is redundant. Skipping.
				The next alignment (67111 67490 scaffold-622 12924 13303) is redundant. Skipping.
				The next alignment (67111 67433 scaffold-11579 330 652) is redundant. Skipping.
				The next alignment (67112 67490 scaffold-2781 379 1) is redundant. Skipping.
				The next alignment (67113 67490 scaffold-20 378 1) is redundant. Skipping.
				The next alignment (67113 67490 scaffold-2326 378 1) is redundant. Skipping.
				The next alignment (67114 67490 scaffold-2724 377 1) is redundant. Skipping.
				The next alignment (67114 67338 scaffold-6544 225 1) is redundant. Skipping.
				The next alignment (67114 67343 scaffold-7348 230 1) is redundant. Skipping.
				The next alignment (67114 67456 scaffold-8762 343 1) is redundant. Skipping.
				Gap between this and next alignment: 67490 to 67950 (459 bp)
				Next Alignment: 67950 68331 scaffold-5141 1 382

			Align 12: 67950 68331 scaffold-5141 1 382
				Negative gap (overlap) between this and next alignment: 68331 to 67971 (-360 bp)
				Next Alignment: 67971 68333 scaffold-8386 1 363

			Previous gap was negative, modifying coordinates to ignore overlap
				Moving contig start from 1 to 362.
			Align 13: 68332 68333 scaffold-8386 362 363
				The next alignment (67972 68331 scaffold-5660 1527 1168) is redundant. Skipping.
				Negative gap (overlap) between this and next alignment: 68333 to 67978 (-355 bp)
				Next Alignment: 67978 68336 scaffold-195356 1 359

			Previous gap was negative, modifying coordinates to ignore overlap
				Moving contig start from 1 to 357.
			Align 15: 68334 68336 scaffold-195356 357 359
				The next alignment (67995 68331 scaffold-3288 1 337) is redundant. Skipping.
				The next alignment (68153 68331 scaffold-4946 867 689) is redundant. Skipping.

ERROR: Reference Bacteroides_coprophilus_gi_224485815_ref_NZ_ does not have any alignments!  Check that this is the same file used for alignment.
ERROR: Alignment Reference Headers: ['Bacteroides_coprophilus_gi_224485784_ref_NZ_', 'Bacteroides_coprophilus_gi_224485785_ref_NZ_', 'Bacteroides_coprophilus_gi_224485821_ref_NZ_', 'Bacteroides_coprophilus_gi_224485811_ref_NZ_', 'Bacteroides_coprophilus_gi_224485791_ref_NZ_', 'Bacteroides_coprophilus_gi_224485843_ref_NZ_', 'Bacteroides_coprophilus_gi_224485794_ref_NZ_', 'Bacteroides_coprophilus_gi_224485783_ref_NZ_', 'Bacteroides_coprophilus_gi_224485799_ref_NZ_']
ERROR: Reference Bacteroides_coprophilus_gi_224485803_ref_NZ_ does not have any alignments!  Check that this is the same file used for alignment.
ERROR: Alignment Reference Headers: ['Bacteroides_coprophilus_gi_224485784_ref_NZ_', 'Bacteroides_coprophilus_gi_224485785_ref_NZ_', 'Bacteroides_coprophilus_gi_224485821_ref_NZ_', 'Bacteroides_coprophilus_gi_224485811_ref_NZ_', 'Bacteroides_coprophilus_gi_224485791_ref_NZ_', 'Bacteroides_coprophilus_gi_224485843_ref_NZ_', 'Bacteroides_coprophilus_gi_224485794_ref_NZ_', 'Bacteroides_coprophilus_gi_224485783_ref_NZ_', 'Bacteroides_coprophilus_gi_224485799_ref_NZ_']
ERROR: Reference Bacteroides_coprophilus_gi_224485779_ref_NZ_ does not have any alignments!  Check that this is the same file used for alignment.
ERROR: Alignment Reference Headers: ['Bacteroides_coprophilus_gi_224485784_ref_NZ_', 'Bacteroides_coprophilus_gi_224485785_ref_NZ_', 'Bacteroides_coprophilus_gi_224485821_ref_NZ_', 'Bacteroides_coprophilus_gi_224485811_ref_NZ_', 'Bacteroides_coprophilus_gi_224485791_ref_NZ_', 'Bacteroides_coprophilus_gi_224485843_ref_NZ_', 'Bacteroides_coprophilus_gi_224485794_ref_NZ_', 'Bacteroides_coprophilus_gi_224485783_ref_NZ_', 'Bacteroides_coprophilus_gi_224485799_ref_NZ_']
ERROR: Reference Bacteroides_coprophilus_gi_224485804_ref_NZ_ does not have any alignments!  Check that this is the same file used for alignment.
ERROR: Alignment Reference Headers: ['Bacteroides_coprophilus_gi_224485784_ref_NZ_', 'Bacteroides_coprophilus_gi_224485785_ref_NZ_', 'Bacteroides_coprophilus_gi_224485821_ref_NZ_', 'Bacteroides_coprophilus_gi_224485811_ref_NZ_', 'Bacteroides_coprophilus_gi_224485791_ref_NZ_', 'Bacteroides_coprophilus_gi_224485843_ref_NZ_', 'Bacteroides_coprophilus_gi_224485794_ref_NZ_', 'Bacteroides_coprophilus_gi_224485783_ref_NZ_', 'Bacteroides_coprophilus_gi_224485799_ref_NZ_']
ERROR: Reference Bacteroides_coprophilus_gi_224485795_ref_NZ_ does not have any alignments!  Check that this is the same file used for alignment.
ERROR: Alignment Reference Headers: ['Bacteroides_coprophilus_gi_224485784_ref_NZ_', 'Bacteroides_coprophilus_gi_224485785_ref_NZ_', 'Bacteroides_coprophilus_gi_224485821_ref_NZ_', 'Bacteroides_coprophilus_gi_224485811_ref_NZ_', 'Bacteroides_coprophilus_gi_224485791_ref_NZ_', 'Bacteroides_coprophilus_gi_224485843_ref_NZ_', 'Bacteroides_coprophilus_gi_224485794_ref_NZ_', 'Bacteroides_coprophilus_gi_224485783_ref_NZ_', 'Bacteroides_coprophilus_gi_224485799_ref_NZ_']
ERROR: Reference Bacteroides_coprophilus_gi_224485797_ref_NZ_ does not have any alignments!  Check that this is the same file used for alignment.
ERROR: Alignment Reference Headers: ['Bacteroides_coprophilus_gi_224485784_ref_NZ_', 'Bacteroides_coprophilus_gi_224485785_ref_NZ_', 'Bacteroides_coprophilus_gi_224485821_ref_NZ_', 'Bacteroides_coprophilus_gi_224485811_ref_NZ_', 'Bacteroides_coprophilus_gi_224485791_ref_NZ_', 'Bacteroides_coprophilus_gi_224485843_ref_NZ_', 'Bacteroides_coprophilus_gi_224485794_ref_NZ_', 'Bacteroides_coprophilus_gi_224485783_ref_NZ_', 'Bacteroides_coprophilus_gi_224485799_ref_NZ_']
	Reference Bacteroides_coprophilus_gi_224485799_ref_NZ_: 9 total alignments. 1 total regions.
		Region: 1 to 205697 (205697 bp)
			START in gap: 1 to 2463 (2462 bp)
			Align 1: 2463 14392 scaffold-195399 41199 29268
				Gap between this and next alignment: 14392 to 67462 (53069 bp)
				Next Alignment: 67462 70470 scaffold-195399 29267 26258

			Align 2: 67462 70470 scaffold-195399 29267 26258
				Gap between this and next alignment: 70470 to 70684 (213 bp)
				Next Alignment: 70684 83008 scaffold-195399 26246 13922

			Align 3: 70684 83008 scaffold-195399 26246 13922
				Gap between this and next alignment: 83008 to 83208 (199 bp)
				Next Alignment: 83208 97129 scaffold-195399 13921 1

			Align 4: 83208 97129 scaffold-195399 13921 1
				Gap between this and next alignment: 97129 to 97342 (212 bp)
				Next Alignment: 97342 106509 scaffold-195395 1 9169

			Align 5: 97342 106509 scaffold-195395 1 9169
				Gap between this and next alignment: 106509 to 106512 (2 bp)
				Next Alignment: 106512 109517 scaffold-195395 11653 14658

			Align 6: 106512 109517 scaffold-195395 11653 14658
				Gap between this and next alignment: 109517 to 112293 (2775 bp)
				Next Alignment: 112293 114016 scaffold-337 14239 12520

			Align 7: 112293 114016 scaffold-337 14239 12520
				Gap between this and next alignment: 114016 to 121601 (7584 bp)
				Next Alignment: 121601 122041 scaffold-46 12698 13142

			Align 8: 121601 122041 scaffold-46 12698 13142
				Gap between this and next alignment: 122041 to 134810 (12768 bp)
				Next Alignment: 134810 135998 scaffold-195395 14659 15847

			Align 9: 134810 135998 scaffold-195395 14659 15847
			END in gap: 135998 to 205697 (69699 bp)

ERROR: Reference Bacteroides_coprophilus_gi_224485847_ref_NZ_ does not have any alignments!  Check that this is the same file used for alignment.
ERROR: Alignment Reference Headers: ['Bacteroides_coprophilus_gi_224485784_ref_NZ_', 'Bacteroides_coprophilus_gi_224485785_ref_NZ_', 'Bacteroides_coprophilus_gi_224485821_ref_NZ_', 'Bacteroides_coprophilus_gi_224485811_ref_NZ_', 'Bacteroides_coprophilus_gi_224485791_ref_NZ_', 'Bacteroides_coprophilus_gi_224485843_ref_NZ_', 'Bacteroides_coprophilus_gi_224485794_ref_NZ_', 'Bacteroides_coprophilus_gi_224485783_ref_NZ_', 'Bacteroides_coprophilus_gi_224485799_ref_NZ_']
ERROR: Reference Bacteroides_coprophilus_gi_224485806_ref_NZ_ does not have any alignments!  Check that this is the same file used for alignment.
ERROR: Alignment Reference Headers: ['Bacteroides_coprophilus_gi_224485784_ref_NZ_', 'Bacteroides_coprophilus_gi_224485785_ref_NZ_', 'Bacteroides_coprophilus_gi_224485821_ref_NZ_', 'Bacteroides_coprophilus_gi_224485811_ref_NZ_', 'Bacteroides_coprophilus_gi_224485791_ref_NZ_', 'Bacteroides_coprophilus_gi_224485843_ref_NZ_', 'Bacteroides_coprophilus_gi_224485794_ref_NZ_', 'Bacteroides_coprophilus_gi_224485783_ref_NZ_', 'Bacteroides_coprophilus_gi_224485799_ref_NZ_']
ERROR: Reference Bacteroides_coprophilus_gi_224485805_ref_NZ_ does not have any alignments!  Check that this is the same file used for alignment.
ERROR: Alignment Reference Headers: ['Bacteroides_coprophilus_gi_224485784_ref_NZ_', 'Bacteroides_coprophilus_gi_224485785_ref_NZ_', 'Bacteroides_coprophilus_gi_224485821_ref_NZ_', 'Bacteroides_coprophilus_gi_224485811_ref_NZ_', 'Bacteroides_coprophilus_gi_224485791_ref_NZ_', 'Bacteroides_coprophilus_gi_224485843_ref_NZ_', 'Bacteroides_coprophilus_gi_224485794_ref_NZ_', 'Bacteroides_coprophilus_gi_224485783_ref_NZ_', 'Bacteroides_coprophilus_gi_224485799_ref_NZ_']
ERROR: Reference Bacteroides_coprophilus_gi_224485777_ref_NZ_ does not have any alignments!  Check that this is the same file used for alignment.
ERROR: Alignment Reference Headers: ['Bacteroides_coprophilus_gi_224485784_ref_NZ_', 'Bacteroides_coprophilus_gi_224485785_ref_NZ_', 'Bacteroides_coprophilus_gi_224485821_ref_NZ_', 'Bacteroides_coprophilus_gi_224485811_ref_NZ_', 'Bacteroides_coprophilus_gi_224485791_ref_NZ_', 'Bacteroides_coprophilus_gi_224485843_ref_NZ_', 'Bacteroides_coprophilus_gi_224485794_ref_NZ_', 'Bacteroides_coprophilus_gi_224485783_ref_NZ_', 'Bacteroides_coprophilus_gi_224485799_ref_NZ_']
ERROR: Reference Bacteroides_coprophilus_gi_224485831_ref_NZ_ does not have any alignments!  Check that this is the same file used for alignment.
ERROR: Alignment Reference Headers: ['Bacteroides_coprophilus_gi_224485784_ref_NZ_', 'Bacteroides_coprophilus_gi_224485785_ref_NZ_', 'Bacteroides_coprophilus_gi_224485821_ref_NZ_', 'Bacteroides_coprophilus_gi_224485811_ref_NZ_', 'Bacteroides_coprophilus_gi_224485791_ref_NZ_', 'Bacteroides_coprophilus_gi_224485843_ref_NZ_', 'Bacteroides_coprophilus_gi_224485794_ref_NZ_', 'Bacteroides_coprophilus_gi_224485783_ref_NZ_', 'Bacteroides_coprophilus_gi_224485799_ref_NZ_']
ERROR: Reference Bacteroides_coprophilus_gi_224485825_ref_NZ_ does not have any alignments!  Check that this is the same file used for alignment.
ERROR: Alignment Reference Headers: ['Bacteroides_coprophilus_gi_224485784_ref_NZ_', 'Bacteroides_coprophilus_gi_224485785_ref_NZ_', 'Bacteroides_coprophilus_gi_224485821_ref_NZ_', 'Bacteroides_coprophilus_gi_224485811_ref_NZ_', 'Bacteroides_coprophilus_gi_224485791_ref_NZ_', 'Bacteroides_coprophilus_gi_224485843_ref_NZ_', 'Bacteroides_coprophilus_gi_224485794_ref_NZ_', 'Bacteroides_coprophilus_gi_224485783_ref_NZ_', 'Bacteroides_coprophilus_gi_224485799_ref_NZ_']
ERROR: Reference Bacteroides_coprophilus_gi_224485786_ref_NZ_ does not have any alignments!  Check that this is the same file used for alignment.
ERROR: Alignment Reference Headers: ['Bacteroides_coprophilus_gi_224485784_ref_NZ_', 'Bacteroides_coprophilus_gi_224485785_ref_NZ_', 'Bacteroides_coprophilus_gi_224485821_ref_NZ_', 'Bacteroides_coprophilus_gi_224485811_ref_NZ_', 'Bacteroides_coprophilus_gi_224485791_ref_NZ_', 'Bacteroides_coprophilus_gi_224485843_ref_NZ_', 'Bacteroides_coprophilus_gi_224485794_ref_NZ_', 'Bacteroides_coprophilus_gi_224485783_ref_NZ_', 'Bacteroides_coprophilus_gi_224485799_ref_NZ_']
ERROR: Reference Bacteroides_coprophilus_gi_224485792_ref_NZ_ does not have any alignments!  Check that this is the same file used for alignment.
ERROR: Alignment Reference Headers: ['Bacteroides_coprophilus_gi_224485784_ref_NZ_', 'Bacteroides_coprophilus_gi_224485785_ref_NZ_', 'Bacteroides_coprophilus_gi_224485821_ref_NZ_', 'Bacteroides_coprophilus_gi_224485811_ref_NZ_', 'Bacteroides_coprophilus_gi_224485791_ref_NZ_', 'Bacteroides_coprophilus_gi_224485843_ref_NZ_', 'Bacteroides_coprophilus_gi_224485794_ref_NZ_', 'Bacteroides_coprophilus_gi_224485783_ref_NZ_', 'Bacteroides_coprophilus_gi_224485799_ref_NZ_']
ERROR: Reference Bacteroides_coprophilus_gi_224485798_ref_NZ_ does not have any alignments!  Check that this is the same file used for alignment.
ERROR: Alignment Reference Headers: ['Bacteroides_coprophilus_gi_224485784_ref_NZ_', 'Bacteroides_coprophilus_gi_224485785_ref_NZ_', 'Bacteroides_coprophilus_gi_224485821_ref_NZ_', 'Bacteroides_coprophilus_gi_224485811_ref_NZ_', 'Bacteroides_coprophilus_gi_224485791_ref_NZ_', 'Bacteroides_coprophilus_gi_224485843_ref_NZ_', 'Bacteroides_coprophilus_gi_224485794_ref_NZ_', 'Bacteroides_coprophilus_gi_224485783_ref_NZ_', 'Bacteroides_coprophilus_gi_224485799_ref_NZ_']
ERROR: Reference Bacteroides_coprophilus_gi_224485788_ref_NZ_ does not have any alignments!  Check that this is the same file used for alignment.
ERROR: Alignment Reference Headers: ['Bacteroides_coprophilus_gi_224485784_ref_NZ_', 'Bacteroides_coprophilus_gi_224485785_ref_NZ_', 'Bacteroides_coprophilus_gi_224485821_ref_NZ_', 'Bacteroides_coprophilus_gi_224485811_ref_NZ_', 'Bacteroides_coprophilus_gi_224485791_ref_NZ_', 'Bacteroides_coprophilus_gi_224485843_ref_NZ_', 'Bacteroides_coprophilus_gi_224485794_ref_NZ_', 'Bacteroides_coprophilus_gi_224485783_ref_NZ_', 'Bacteroides_coprophilus_gi_224485799_ref_NZ_']
ERROR: Reference Bacteroides_coprophilus_gi_224485808_ref_NZ_ does not have any alignments!  Check that this is the same file used for alignment.
ERROR: Alignment Reference Headers: ['Bacteroides_coprophilus_gi_224485784_ref_NZ_', 'Bacteroides_coprophilus_gi_224485785_ref_NZ_', 'Bacteroides_coprophilus_gi_224485821_ref_NZ_', 'Bacteroides_coprophilus_gi_224485811_ref_NZ_', 'Bacteroides_coprophilus_gi_224485791_ref_NZ_', 'Bacteroides_coprophilus_gi_224485843_ref_NZ_', 'Bacteroides_coprophilus_gi_224485794_ref_NZ_', 'Bacteroides_coprophilus_gi_224485783_ref_NZ_', 'Bacteroides_coprophilus_gi_224485799_ref_NZ_']
	Reference Bacteroides_coprophilus_gi_224485785_ref_NZ_: 2 total alignments. 1 total regions.
		Region: 1 to 247317 (247317 bp)
			START in gap: 1 to 8602 (8601 bp)
			Align 1: 8602 9084 scaffold-1210 20204 20686
				Gap between this and next alignment: 9084 to 9152 (67 bp)
				Next Alignment: 9152 10156 scaffold-1210 20889 21893

			Align 2: 9152 10156 scaffold-1210 20889 21893
			END in gap: 10156 to 247317 (237161 bp)

	Reference Bacteroides_coprophilus_gi_224485791_ref_NZ_: 2 total alignments. 1 total regions.
		Region: 1 to 763583 (763583 bp)
			START in gap: 1 to 476592 (476591 bp)
			Align 1: 476592 476693 scaffold-645 27430 27531
				Gap between this and next alignment: 476693 to 484613 (7919 bp)
				Next Alignment: 484613 485392 scaffold-3102 113 895

			Align 2: 484613 485392 scaffold-3102 113 895
			END in gap: 485392 to 763583 (278191 bp)

ERROR: Reference Bacteroides_coprophilus_gi_224485814_ref_NZ_ does not have any alignments!  Check that this is the same file used for alignment.
ERROR: Alignment Reference Headers: ['Bacteroides_coprophilus_gi_224485784_ref_NZ_', 'Bacteroides_coprophilus_gi_224485785_ref_NZ_', 'Bacteroides_coprophilus_gi_224485821_ref_NZ_', 'Bacteroides_coprophilus_gi_224485811_ref_NZ_', 'Bacteroides_coprophilus_gi_224485791_ref_NZ_', 'Bacteroides_coprophilus_gi_224485843_ref_NZ_', 'Bacteroides_coprophilus_gi_224485794_ref_NZ_', 'Bacteroides_coprophilus_gi_224485783_ref_NZ_', 'Bacteroides_coprophilus_gi_224485799_ref_NZ_']
ERROR: Reference Bacteroides_coprophilus_gi_224485778_ref_NZ_ does not have any alignments!  Check that this is the same file used for alignment.
ERROR: Alignment Reference Headers: ['Bacteroides_coprophilus_gi_224485784_ref_NZ_', 'Bacteroides_coprophilus_gi_224485785_ref_NZ_', 'Bacteroides_coprophilus_gi_224485821_ref_NZ_', 'Bacteroides_coprophilus_gi_224485811_ref_NZ_', 'Bacteroides_coprophilus_gi_224485791_ref_NZ_', 'Bacteroides_coprophilus_gi_224485843_ref_NZ_', 'Bacteroides_coprophilus_gi_224485794_ref_NZ_', 'Bacteroides_coprophilus_gi_224485783_ref_NZ_', 'Bacteroides_coprophilus_gi_224485799_ref_NZ_']
ERROR: Reference Bacteroides_coprophilus_gi_224485842_ref_NZ_ does not have any alignments!  Check that this is the same file used for alignment.
ERROR: Alignment Reference Headers: ['Bacteroides_coprophilus_gi_224485784_ref_NZ_', 'Bacteroides_coprophilus_gi_224485785_ref_NZ_', 'Bacteroides_coprophilus_gi_224485821_ref_NZ_', 'Bacteroides_coprophilus_gi_224485811_ref_NZ_', 'Bacteroides_coprophilus_gi_224485791_ref_NZ_', 'Bacteroides_coprophilus_gi_224485843_ref_NZ_', 'Bacteroides_coprophilus_gi_224485794_ref_NZ_', 'Bacteroides_coprophilus_gi_224485783_ref_NZ_', 'Bacteroides_coprophilus_gi_224485799_ref_NZ_']
ERROR: Reference Bacteroides_coprophilus_gi_224485781_ref_NZ_ does not have any alignments!  Check that this is the same file used for alignment.
ERROR: Alignment Reference Headers: ['Bacteroides_coprophilus_gi_224485784_ref_NZ_', 'Bacteroides_coprophilus_gi_224485785_ref_NZ_', 'Bacteroides_coprophilus_gi_224485821_ref_NZ_', 'Bacteroides_coprophilus_gi_224485811_ref_NZ_', 'Bacteroides_coprophilus_gi_224485791_ref_NZ_', 'Bacteroides_coprophilus_gi_224485843_ref_NZ_', 'Bacteroides_coprophilus_gi_224485794_ref_NZ_', 'Bacteroides_coprophilus_gi_224485783_ref_NZ_', 'Bacteroides_coprophilus_gi_224485799_ref_NZ_']
ERROR: Reference Bacteroides_coprophilus_gi_224485827_ref_NZ_ does not have any alignments!  Check that this is the same file used for alignment.
ERROR: Alignment Reference Headers: ['Bacteroides_coprophilus_gi_224485784_ref_NZ_', 'Bacteroides_coprophilus_gi_224485785_ref_NZ_', 'Bacteroides_coprophilus_gi_224485821_ref_NZ_', 'Bacteroides_coprophilus_gi_224485811_ref_NZ_', 'Bacteroides_coprophilus_gi_224485791_ref_NZ_', 'Bacteroides_coprophilus_gi_224485843_ref_NZ_', 'Bacteroides_coprophilus_gi_224485794_ref_NZ_', 'Bacteroides_coprophilus_gi_224485783_ref_NZ_', 'Bacteroides_coprophilus_gi_224485799_ref_NZ_']
ERROR: Reference Bacteroides_coprophilus_gi_224485830_ref_NZ_ does not have any alignments!  Check that this is the same file used for alignment.
ERROR: Alignment Reference Headers: ['Bacteroides_coprophilus_gi_224485784_ref_NZ_', 'Bacteroides_coprophilus_gi_224485785_ref_NZ_', 'Bacteroides_coprophilus_gi_224485821_ref_NZ_', 'Bacteroides_coprophilus_gi_224485811_ref_NZ_', 'Bacteroides_coprophilus_gi_224485791_ref_NZ_', 'Bacteroides_coprophilus_gi_224485843_ref_NZ_', 'Bacteroides_coprophilus_gi_224485794_ref_NZ_', 'Bacteroides_coprophilus_gi_224485783_ref_NZ_', 'Bacteroides_coprophilus_gi_224485799_ref_NZ_']
ERROR: Reference Bacteroides_coprophilus_gi_224485810_ref_NZ_ does not have any alignments!  Check that this is the same file used for alignment.
ERROR: Alignment Reference Headers: ['Bacteroides_coprophilus_gi_224485784_ref_NZ_', 'Bacteroides_coprophilus_gi_224485785_ref_NZ_', 'Bacteroides_coprophilus_gi_224485821_ref_NZ_', 'Bacteroides_coprophilus_gi_224485811_ref_NZ_', 'Bacteroides_coprophilus_gi_224485791_ref_NZ_', 'Bacteroides_coprophilus_gi_224485843_ref_NZ_', 'Bacteroides_coprophilus_gi_224485794_ref_NZ_', 'Bacteroides_coprophilus_gi_224485783_ref_NZ_', 'Bacteroides_coprophilus_gi_224485799_ref_NZ_']
ERROR: Reference Bacteroides_coprophilus_gi_224485802_ref_NZ_ does not have any alignments!  Check that this is the same file used for alignment.
ERROR: Alignment Reference Headers: ['Bacteroides_coprophilus_gi_224485784_ref_NZ_', 'Bacteroides_coprophilus_gi_224485785_ref_NZ_', 'Bacteroides_coprophilus_gi_224485821_ref_NZ_', 'Bacteroides_coprophilus_gi_224485811_ref_NZ_', 'Bacteroides_coprophilus_gi_224485791_ref_NZ_', 'Bacteroides_coprophilus_gi_224485843_ref_NZ_', 'Bacteroides_coprophilus_gi_224485794_ref_NZ_', 'Bacteroides_coprophilus_gi_224485783_ref_NZ_', 'Bacteroides_coprophilus_gi_224485799_ref_NZ_']
ERROR: Reference Bacteroides_coprophilus_gi_224485782_ref_NZ_ does not have any alignments!  Check that this is the same file used for alignment.
ERROR: Alignment Reference Headers: ['Bacteroides_coprophilus_gi_224485784_ref_NZ_', 'Bacteroides_coprophilus_gi_224485785_ref_NZ_', 'Bacteroides_coprophilus_gi_224485821_ref_NZ_', 'Bacteroides_coprophilus_gi_224485811_ref_NZ_', 'Bacteroides_coprophilus_gi_224485791_ref_NZ_', 'Bacteroides_coprophilus_gi_224485843_ref_NZ_', 'Bacteroides_coprophilus_gi_224485794_ref_NZ_', 'Bacteroides_coprophilus_gi_224485783_ref_NZ_', 'Bacteroides_coprophilus_gi_224485799_ref_NZ_']
ERROR: Reference Bacteroides_coprophilus_gi_224485835_ref_NZ_ does not have any alignments!  Check that this is the same file used for alignment.
ERROR: Alignment Reference Headers: ['Bacteroides_coprophilus_gi_224485784_ref_NZ_', 'Bacteroides_coprophilus_gi_224485785_ref_NZ_', 'Bacteroides_coprophilus_gi_224485821_ref_NZ_', 'Bacteroides_coprophilus_gi_224485811_ref_NZ_', 'Bacteroides_coprophilus_gi_224485791_ref_NZ_', 'Bacteroides_coprophilus_gi_224485843_ref_NZ_', 'Bacteroides_coprophilus_gi_224485794_ref_NZ_', 'Bacteroides_coprophilus_gi_224485783_ref_NZ_', 'Bacteroides_coprophilus_gi_224485799_ref_NZ_']
ERROR: Reference Bacteroides_coprophilus_gi_224485844_ref_NZ_ does not have any alignments!  Check that this is the same file used for alignment.
ERROR: Alignment Reference Headers: ['Bacteroides_coprophilus_gi_224485784_ref_NZ_', 'Bacteroides_coprophilus_gi_224485785_ref_NZ_', 'Bacteroides_coprophilus_gi_224485821_ref_NZ_', 'Bacteroides_coprophilus_gi_224485811_ref_NZ_', 'Bacteroides_coprophilus_gi_224485791_ref_NZ_', 'Bacteroides_coprophilus_gi_224485843_ref_NZ_', 'Bacteroides_coprophilus_gi_224485794_ref_NZ_', 'Bacteroides_coprophilus_gi_224485783_ref_NZ_', 'Bacteroides_coprophilus_gi_224485799_ref_NZ_']
ERROR: Reference Bacteroides_coprophilus_gi_224485816_ref_NZ_ does not have any alignments!  Check that this is the same file used for alignment.
ERROR: Alignment Reference Headers: ['Bacteroides_coprophilus_gi_224485784_ref_NZ_', 'Bacteroides_coprophilus_gi_224485785_ref_NZ_', 'Bacteroides_coprophilus_gi_224485821_ref_NZ_', 'Bacteroides_coprophilus_gi_224485811_ref_NZ_', 'Bacteroides_coprophilus_gi_224485791_ref_NZ_', 'Bacteroides_coprophilus_gi_224485843_ref_NZ_', 'Bacteroides_coprophilus_gi_224485794_ref_NZ_', 'Bacteroides_coprophilus_gi_224485783_ref_NZ_', 'Bacteroides_coprophilus_gi_224485799_ref_NZ_']
ERROR: Reference Bacteroides_coprophilus_gi_224485776_ref_NZ_ does not have any alignments!  Check that this is the same file used for alignment.
ERROR: Alignment Reference Headers: ['Bacteroides_coprophilus_gi_224485784_ref_NZ_', 'Bacteroides_coprophilus_gi_224485785_ref_NZ_', 'Bacteroides_coprophilus_gi_224485821_ref_NZ_', 'Bacteroides_coprophilus_gi_224485811_ref_NZ_', 'Bacteroides_coprophilus_gi_224485791_ref_NZ_', 'Bacteroides_coprophilus_gi_224485843_ref_NZ_', 'Bacteroides_coprophilus_gi_224485794_ref_NZ_', 'Bacteroides_coprophilus_gi_224485783_ref_NZ_', 'Bacteroides_coprophilus_gi_224485799_ref_NZ_']
ERROR: Reference Bacteroides_coprophilus_gi_224485813_ref_NZ_ does not have any alignments!  Check that this is the same file used for alignment.
ERROR: Alignment Reference Headers: ['Bacteroides_coprophilus_gi_224485784_ref_NZ_', 'Bacteroides_coprophilus_gi_224485785_ref_NZ_', 'Bacteroides_coprophilus_gi_224485821_ref_NZ_', 'Bacteroides_coprophilus_gi_224485811_ref_NZ_', 'Bacteroides_coprophilus_gi_224485791_ref_NZ_', 'Bacteroides_coprophilus_gi_224485843_ref_NZ_', 'Bacteroides_coprophilus_gi_224485794_ref_NZ_', 'Bacteroides_coprophilus_gi_224485783_ref_NZ_', 'Bacteroides_coprophilus_gi_224485799_ref_NZ_']
	Reference Bacteroides_coprophilus_gi_224485821_ref_NZ_: 1 total alignments. 1 total regions.
		Region: 1 to 1081 (1081 bp)
			Align 1: 1 1081 scaffold-195399 43509 42431
			END in current alignment.  Modifying 1081 to 1081.

	Reference Bacteroides_coprophilus_gi_224485794_ref_NZ_: 10 total alignments. 1 total regions.
		Region: 1 to 400038 (400038 bp)
			START in gap: 1 to 271841 (271840 bp)
			Align 1: 271841 272213 scaffold-33 46328 46700
				Negative gap (overlap) between this and next alignment: 272213 to 271859 (-354 bp)
				Next Alignment: 271859 297961 scaffold-53 4 26106

			Previous gap was negative, modifying coordinates to ignore overlap
				Moving contig start from 4 to 359.
			Align 2: 272214 297961 scaffold-53 359 26106
				Negative gap (overlap) between this and next alignment: 297961 to 297949 (-12 bp)
				Next Alignment: 297949 302358 scaffold-53 26238 30647

			Previous gap was negative, modifying coordinates to ignore overlap
				Moving contig start from 26238 to 26251.
			Align 3: 297962 302358 scaffold-53 26251 30647
				Gap between this and next alignment: 302358 to 303190 (831 bp)
				Next Alignment: 303190 303270 scaffold-10101 1 81

			Align 4: 303190 303270 scaffold-10101 1 81
				Gap between this and next alignment: 303270 to 305526 (2255 bp)
				Next Alignment: 305526 306039 scaffold-10101 82 594

			Align 5: 305526 306039 scaffold-10101 82 594
				Gap between this and next alignment: 306039 to 306275 (235 bp)
				Next Alignment: 306275 306880 scaffold-5489 1 606

			Align 6: 306275 306880 scaffold-5489 1 606
				Gap between this and next alignment: 306880 to 311947 (5066 bp)
				Next Alignment: 311947 339195 scaffold-53 44919 72174

			Align 7: 311947 339195 scaffold-53 44919 72174
				Negative gap (overlap) between this and next alignment: 339195 to 339185 (-10 bp)
				Next Alignment: 339185 345752 scaffold-53 72263 78829

			Previous gap was negative, modifying coordinates to ignore overlap
				Moving contig start from 72263 to 72274.
			Align 8: 339196 345752 scaffold-53 72274 78829
				Gap between this and next alignment: 345752 to 346031 (278 bp)
				Next Alignment: 346031 348930 scaffold-53 78873 81773

			Align 9: 346031 348930 scaffold-53 78873 81773
				Negative gap (overlap) between this and next alignment: 348930 to 348923 (-7 bp)
				Next Alignment: 348923 355110 scaffold-53 81941 88128

			Previous gap was negative, modifying coordinates to ignore overlap
				Moving contig start from 81941 to 81949.
			Align 10: 348931 355110 scaffold-53 81949 88128
			END in gap: 355110 to 400038 (44928 bp)

ERROR: Reference Bacteroides_coprophilus_gi_224485837_ref_NZ_ does not have any alignments!  Check that this is the same file used for alignment.
ERROR: Alignment Reference Headers: ['Bacteroides_coprophilus_gi_224485784_ref_NZ_', 'Bacteroides_coprophilus_gi_224485785_ref_NZ_', 'Bacteroides_coprophilus_gi_224485821_ref_NZ_', 'Bacteroides_coprophilus_gi_224485811_ref_NZ_', 'Bacteroides_coprophilus_gi_224485791_ref_NZ_', 'Bacteroides_coprophilus_gi_224485843_ref_NZ_', 'Bacteroides_coprophilus_gi_224485794_ref_NZ_', 'Bacteroides_coprophilus_gi_224485783_ref_NZ_', 'Bacteroides_coprophilus_gi_224485799_ref_NZ_']
ERROR: Reference Bacteroides_coprophilus_gi_224485834_ref_NZ_ does not have any alignments!  Check that this is the same file used for alignment.
ERROR: Alignment Reference Headers: ['Bacteroides_coprophilus_gi_224485784_ref_NZ_', 'Bacteroides_coprophilus_gi_224485785_ref_NZ_', 'Bacteroides_coprophilus_gi_224485821_ref_NZ_', 'Bacteroides_coprophilus_gi_224485811_ref_NZ_', 'Bacteroides_coprophilus_gi_224485791_ref_NZ_', 'Bacteroides_coprophilus_gi_224485843_ref_NZ_', 'Bacteroides_coprophilus_gi_224485794_ref_NZ_', 'Bacteroides_coprophilus_gi_224485783_ref_NZ_', 'Bacteroides_coprophilus_gi_224485799_ref_NZ_']
ERROR: Reference Bacteroides_coprophilus_gi_224485832_ref_NZ_ does not have any alignments!  Check that this is the same file used for alignment.
ERROR: Alignment Reference Headers: ['Bacteroides_coprophilus_gi_224485784_ref_NZ_', 'Bacteroides_coprophilus_gi_224485785_ref_NZ_', 'Bacteroides_coprophilus_gi_224485821_ref_NZ_', 'Bacteroides_coprophilus_gi_224485811_ref_NZ_', 'Bacteroides_coprophilus_gi_224485791_ref_NZ_', 'Bacteroides_coprophilus_gi_224485843_ref_NZ_', 'Bacteroides_coprophilus_gi_224485794_ref_NZ_', 'Bacteroides_coprophilus_gi_224485783_ref_NZ_', 'Bacteroides_coprophilus_gi_224485799_ref_NZ_']
ERROR: Reference Bacteroides_coprophilus_gi_224485789_ref_NZ_ does not have any alignments!  Check that this is the same file used for alignment.
ERROR: Alignment Reference Headers: ['Bacteroides_coprophilus_gi_224485784_ref_NZ_', 'Bacteroides_coprophilus_gi_224485785_ref_NZ_', 'Bacteroides_coprophilus_gi_224485821_ref_NZ_', 'Bacteroides_coprophilus_gi_224485811_ref_NZ_', 'Bacteroides_coprophilus_gi_224485791_ref_NZ_', 'Bacteroides_coprophilus_gi_224485843_ref_NZ_', 'Bacteroides_coprophilus_gi_224485794_ref_NZ_', 'Bacteroides_coprophilus_gi_224485783_ref_NZ_', 'Bacteroides_coprophilus_gi_224485799_ref_NZ_']
ERROR: Reference Bacteroides_coprophilus_gi_224485796_ref_NZ_ does not have any alignments!  Check that this is the same file used for alignment.
ERROR: Alignment Reference Headers: ['Bacteroides_coprophilus_gi_224485784_ref_NZ_', 'Bacteroides_coprophilus_gi_224485785_ref_NZ_', 'Bacteroides_coprophilus_gi_224485821_ref_NZ_', 'Bacteroides_coprophilus_gi_224485811_ref_NZ_', 'Bacteroides_coprophilus_gi_224485791_ref_NZ_', 'Bacteroides_coprophilus_gi_224485843_ref_NZ_', 'Bacteroides_coprophilus_gi_224485794_ref_NZ_', 'Bacteroides_coprophilus_gi_224485783_ref_NZ_', 'Bacteroides_coprophilus_gi_224485799_ref_NZ_']
ERROR: Reference Bacteroides_coprophilus_gi_224485807_ref_NZ_ does not have any alignments!  Check that this is the same file used for alignment.
ERROR: Alignment Reference Headers: ['Bacteroides_coprophilus_gi_224485784_ref_NZ_', 'Bacteroides_coprophilus_gi_224485785_ref_NZ_', 'Bacteroides_coprophilus_gi_224485821_ref_NZ_', 'Bacteroides_coprophilus_gi_224485811_ref_NZ_', 'Bacteroides_coprophilus_gi_224485791_ref_NZ_', 'Bacteroides_coprophilus_gi_224485843_ref_NZ_', 'Bacteroides_coprophilus_gi_224485794_ref_NZ_', 'Bacteroides_coprophilus_gi_224485783_ref_NZ_', 'Bacteroides_coprophilus_gi_224485799_ref_NZ_']
ERROR: Reference Bacteroides_coprophilus_gi_224485819_ref_NZ_ does not have any alignments!  Check that this is the same file used for alignment.
ERROR: Alignment Reference Headers: ['Bacteroides_coprophilus_gi_224485784_ref_NZ_', 'Bacteroides_coprophilus_gi_224485785_ref_NZ_', 'Bacteroides_coprophilus_gi_224485821_ref_NZ_', 'Bacteroides_coprophilus_gi_224485811_ref_NZ_', 'Bacteroides_coprophilus_gi_224485791_ref_NZ_', 'Bacteroides_coprophilus_gi_224485843_ref_NZ_', 'Bacteroides_coprophilus_gi_224485794_ref_NZ_', 'Bacteroides_coprophilus_gi_224485783_ref_NZ_', 'Bacteroides_coprophilus_gi_224485799_ref_NZ_']
ERROR: Reference Bacteroides_coprophilus_gi_224485833_ref_NZ_ does not have any alignments!  Check that this is the same file used for alignment.
ERROR: Alignment Reference Headers: ['Bacteroides_coprophilus_gi_224485784_ref_NZ_', 'Bacteroides_coprophilus_gi_224485785_ref_NZ_', 'Bacteroides_coprophilus_gi_224485821_ref_NZ_', 'Bacteroides_coprophilus_gi_224485811_ref_NZ_', 'Bacteroides_coprophilus_gi_224485791_ref_NZ_', 'Bacteroides_coprophilus_gi_224485843_ref_NZ_', 'Bacteroides_coprophilus_gi_224485794_ref_NZ_', 'Bacteroides_coprophilus_gi_224485783_ref_NZ_', 'Bacteroides_coprophilus_gi_224485799_ref_NZ_']
ERROR: Reference Bacteroides_coprophilus_gi_224485817_ref_NZ_ does not have any alignments!  Check that this is the same file used for alignment.
ERROR: Alignment Reference Headers: ['Bacteroides_coprophilus_gi_224485784_ref_NZ_', 'Bacteroides_coprophilus_gi_224485785_ref_NZ_', 'Bacteroides_coprophilus_gi_224485821_ref_NZ_', 'Bacteroides_coprophilus_gi_224485811_ref_NZ_', 'Bacteroides_coprophilus_gi_224485791_ref_NZ_', 'Bacteroides_coprophilus_gi_224485843_ref_NZ_', 'Bacteroides_coprophilus_gi_224485794_ref_NZ_', 'Bacteroides_coprophilus_gi_224485783_ref_NZ_', 'Bacteroides_coprophilus_gi_224485799_ref_NZ_']
ERROR: Reference Bacteroides_coprophilus_gi_224485822_ref_NZ_ does not have any alignments!  Check that this is the same file used for alignment.
ERROR: Alignment Reference Headers: ['Bacteroides_coprophilus_gi_224485784_ref_NZ_', 'Bacteroides_coprophilus_gi_224485785_ref_NZ_', 'Bacteroides_coprophilus_gi_224485821_ref_NZ_', 'Bacteroides_coprophilus_gi_224485811_ref_NZ_', 'Bacteroides_coprophilus_gi_224485791_ref_NZ_', 'Bacteroides_coprophilus_gi_224485843_ref_NZ_', 'Bacteroides_coprophilus_gi_224485794_ref_NZ_', 'Bacteroides_coprophilus_gi_224485783_ref_NZ_', 'Bacteroides_coprophilus_gi_224485799_ref_NZ_']
ERROR: Reference Bacteroides_coprophilus_gi_224485780_ref_NZ_ does not have any alignments!  Check that this is the same file used for alignment.
ERROR: Alignment Reference Headers: ['Bacteroides_coprophilus_gi_224485784_ref_NZ_', 'Bacteroides_coprophilus_gi_224485785_ref_NZ_', 'Bacteroides_coprophilus_gi_224485821_ref_NZ_', 'Bacteroides_coprophilus_gi_224485811_ref_NZ_', 'Bacteroides_coprophilus_gi_224485791_ref_NZ_', 'Bacteroides_coprophilus_gi_224485843_ref_NZ_', 'Bacteroides_coprophilus_gi_224485794_ref_NZ_', 'Bacteroides_coprophilus_gi_224485783_ref_NZ_', 'Bacteroides_coprophilus_gi_224485799_ref_NZ_']
	Reference Bacteroides_coprophilus_gi_224485783_ref_NZ_: 1 total alignments. 1 total regions.
		Region: 1 to 260923 (260923 bp)
			START in gap: 1 to 23005 (23004 bp)
			Align 1: 23005 25428 scaffold-3618 1 2424
			END in gap: 25428 to 260923 (235495 bp)

ERROR: Reference Bacteroides_coprophilus_gi_224485836_ref_NZ_ does not have any alignments!  Check that this is the same file used for alignment.
ERROR: Alignment Reference Headers: ['Bacteroides_coprophilus_gi_224485784_ref_NZ_', 'Bacteroides_coprophilus_gi_224485785_ref_NZ_', 'Bacteroides_coprophilus_gi_224485821_ref_NZ_', 'Bacteroides_coprophilus_gi_224485811_ref_NZ_', 'Bacteroides_coprophilus_gi_224485791_ref_NZ_', 'Bacteroides_coprophilus_gi_224485843_ref_NZ_', 'Bacteroides_coprophilus_gi_224485794_ref_NZ_', 'Bacteroides_coprophilus_gi_224485783_ref_NZ_', 'Bacteroides_coprophilus_gi_224485799_ref_NZ_']
	Reference Bacteroides_coprophilus_gi_224485811_ref_NZ_: 1 total alignments. 1 total regions.
		Region: 1 to 597 (597 bp)
			Align 1: 1 597 scaffold-195399 41553 42149
			END in current alignment.  Modifying 597 to 597.

ERROR: Reference Bacteroides_coprophilus_gi_224485790_ref_NZ_ does not have any alignments!  Check that this is the same file used for alignment.
ERROR: Alignment Reference Headers: ['Bacteroides_coprophilus_gi_224485784_ref_NZ_', 'Bacteroides_coprophilus_gi_224485785_ref_NZ_', 'Bacteroides_coprophilus_gi_224485821_ref_NZ_', 'Bacteroides_coprophilus_gi_224485811_ref_NZ_', 'Bacteroides_coprophilus_gi_224485791_ref_NZ_', 'Bacteroides_coprophilus_gi_224485843_ref_NZ_', 'Bacteroides_coprophilus_gi_224485794_ref_NZ_', 'Bacteroides_coprophilus_gi_224485783_ref_NZ_', 'Bacteroides_coprophilus_gi_224485799_ref_NZ_']
ERROR: Reference Bacteroides_coprophilus_gi_224485812_ref_NZ_ does not have any alignments!  Check that this is the same file used for alignment.
ERROR: Alignment Reference Headers: ['Bacteroides_coprophilus_gi_224485784_ref_NZ_', 'Bacteroides_coprophilus_gi_224485785_ref_NZ_', 'Bacteroides_coprophilus_gi_224485821_ref_NZ_', 'Bacteroides_coprophilus_gi_224485811_ref_NZ_', 'Bacteroides_coprophilus_gi_224485791_ref_NZ_', 'Bacteroides_coprophilus_gi_224485843_ref_NZ_', 'Bacteroides_coprophilus_gi_224485794_ref_NZ_', 'Bacteroides_coprophilus_gi_224485783_ref_NZ_', 'Bacteroides_coprophilus_gi_224485799_ref_NZ_']
ERROR: Reference Bacteroides_coprophilus_gi_224485820_ref_NZ_ does not have any alignments!  Check that this is the same file used for alignment.
ERROR: Alignment Reference Headers: ['Bacteroides_coprophilus_gi_224485784_ref_NZ_', 'Bacteroides_coprophilus_gi_224485785_ref_NZ_', 'Bacteroides_coprophilus_gi_224485821_ref_NZ_', 'Bacteroides_coprophilus_gi_224485811_ref_NZ_', 'Bacteroides_coprophilus_gi_224485791_ref_NZ_', 'Bacteroides_coprophilus_gi_224485843_ref_NZ_', 'Bacteroides_coprophilus_gi_224485794_ref_NZ_', 'Bacteroides_coprophilus_gi_224485783_ref_NZ_', 'Bacteroides_coprophilus_gi_224485799_ref_NZ_']
ERROR: Reference Bacteroides_coprophilus_gi_224485818_ref_NZ_ does not have any alignments!  Check that this is the same file used for alignment.
ERROR: Alignment Reference Headers: ['Bacteroides_coprophilus_gi_224485784_ref_NZ_', 'Bacteroides_coprophilus_gi_224485785_ref_NZ_', 'Bacteroides_coprophilus_gi_224485821_ref_NZ_', 'Bacteroides_coprophilus_gi_224485811_ref_NZ_', 'Bacteroides_coprophilus_gi_224485791_ref_NZ_', 'Bacteroides_coprophilus_gi_224485843_ref_NZ_', 'Bacteroides_coprophilus_gi_224485794_ref_NZ_', 'Bacteroides_coprophilus_gi_224485783_ref_NZ_', 'Bacteroides_coprophilus_gi_224485799_ref_NZ_']
	Reference Bacteroides_coprophilus_gi_224485843_ref_NZ_: 1 total alignments. 1 total regions.
		Region: 1 to 1561 (1561 bp)
			START in gap: 1 to 2 (1 bp)
			Align 1: 2 1561 scaffold-3327 3 1563
			END in current alignment.  Modifying 1561 to 1561.

ERROR: Reference Bacteroides_coprophilus_gi_224485838_ref_NZ_ does not have any alignments!  Check that this is the same file used for alignment.
ERROR: Alignment Reference Headers: ['Bacteroides_coprophilus_gi_224485784_ref_NZ_', 'Bacteroides_coprophilus_gi_224485785_ref_NZ_', 'Bacteroides_coprophilus_gi_224485821_ref_NZ_', 'Bacteroides_coprophilus_gi_224485811_ref_NZ_', 'Bacteroides_coprophilus_gi_224485791_ref_NZ_', 'Bacteroides_coprophilus_gi_224485843_ref_NZ_', 'Bacteroides_coprophilus_gi_224485794_ref_NZ_', 'Bacteroides_coprophilus_gi_224485783_ref_NZ_', 'Bacteroides_coprophilus_gi_224485799_ref_NZ_']
ERROR: Reference Bacteroides_coprophilus_gi_224485829_ref_NZ_ does not have any alignments!  Check that this is the same file used for alignment.
ERROR: Alignment Reference Headers: ['Bacteroides_coprophilus_gi_224485784_ref_NZ_', 'Bacteroides_coprophilus_gi_224485785_ref_NZ_', 'Bacteroides_coprophilus_gi_224485821_ref_NZ_', 'Bacteroides_coprophilus_gi_224485811_ref_NZ_', 'Bacteroides_coprophilus_gi_224485791_ref_NZ_', 'Bacteroides_coprophilus_gi_224485843_ref_NZ_', 'Bacteroides_coprophilus_gi_224485794_ref_NZ_', 'Bacteroides_coprophilus_gi_224485783_ref_NZ_', 'Bacteroides_coprophilus_gi_224485799_ref_NZ_']
ERROR: Reference Bacteroides_coprophilus_gi_224485828_ref_NZ_ does not have any alignments!  Check that this is the same file used for alignment.
ERROR: Alignment Reference Headers: ['Bacteroides_coprophilus_gi_224485784_ref_NZ_', 'Bacteroides_coprophilus_gi_224485785_ref_NZ_', 'Bacteroides_coprophilus_gi_224485821_ref_NZ_', 'Bacteroides_coprophilus_gi_224485811_ref_NZ_', 'Bacteroides_coprophilus_gi_224485791_ref_NZ_', 'Bacteroides_coprophilus_gi_224485843_ref_NZ_', 'Bacteroides_coprophilus_gi_224485794_ref_NZ_', 'Bacteroides_coprophilus_gi_224485783_ref_NZ_', 'Bacteroides_coprophilus_gi_224485799_ref_NZ_']
ERROR: Reference Bacteroides_coprophilus_gi_224485793_ref_NZ_ does not have any alignments!  Check that this is the same file used for alignment.
ERROR: Alignment Reference Headers: ['Bacteroides_coprophilus_gi_224485784_ref_NZ_', 'Bacteroides_coprophilus_gi_224485785_ref_NZ_', 'Bacteroides_coprophilus_gi_224485821_ref_NZ_', 'Bacteroides_coprophilus_gi_224485811_ref_NZ_', 'Bacteroides_coprophilus_gi_224485791_ref_NZ_', 'Bacteroides_coprophilus_gi_224485843_ref_NZ_', 'Bacteroides_coprophilus_gi_224485794_ref_NZ_', 'Bacteroides_coprophilus_gi_224485783_ref_NZ_', 'Bacteroides_coprophilus_gi_224485799_ref_NZ_']
ERROR: Reference Bacteroides_coprophilus_gi_224485809_ref_NZ_ does not have any alignments!  Check that this is the same file used for alignment.
ERROR: Alignment Reference Headers: ['Bacteroides_coprophilus_gi_224485784_ref_NZ_', 'Bacteroides_coprophilus_gi_224485785_ref_NZ_', 'Bacteroides_coprophilus_gi_224485821_ref_NZ_', 'Bacteroides_coprophilus_gi_224485811_ref_NZ_', 'Bacteroides_coprophilus_gi_224485791_ref_NZ_', 'Bacteroides_coprophilus_gi_224485843_ref_NZ_', 'Bacteroides_coprophilus_gi_224485794_ref_NZ_', 'Bacteroides_coprophilus_gi_224485783_ref_NZ_', 'Bacteroides_coprophilus_gi_224485799_ref_NZ_']
ERROR: Reference Bacteroides_coprophilus_gi_224485800_ref_NZ_ does not have any alignments!  Check that this is the same file used for alignment.
ERROR: Alignment Reference Headers: ['Bacteroides_coprophilus_gi_224485784_ref_NZ_', 'Bacteroides_coprophilus_gi_224485785_ref_NZ_', 'Bacteroides_coprophilus_gi_224485821_ref_NZ_', 'Bacteroides_coprophilus_gi_224485811_ref_NZ_', 'Bacteroides_coprophilus_gi_224485791_ref_NZ_', 'Bacteroides_coprophilus_gi_224485843_ref_NZ_', 'Bacteroides_coprophilus_gi_224485794_ref_NZ_', 'Bacteroides_coprophilus_gi_224485783_ref_NZ_', 'Bacteroides_coprophilus_gi_224485799_ref_NZ_']
ERROR: Reference Bacteroides_coprophilus_gi_224485823_ref_NZ_ does not have any alignments!  Check that this is the same file used for alignment.
ERROR: Alignment Reference Headers: ['Bacteroides_coprophilus_gi_224485784_ref_NZ_', 'Bacteroides_coprophilus_gi_224485785_ref_NZ_', 'Bacteroides_coprophilus_gi_224485821_ref_NZ_', 'Bacteroides_coprophilus_gi_224485811_ref_NZ_', 'Bacteroides_coprophilus_gi_224485791_ref_NZ_', 'Bacteroides_coprophilus_gi_224485843_ref_NZ_', 'Bacteroides_coprophilus_gi_224485794_ref_NZ_', 'Bacteroides_coprophilus_gi_224485783_ref_NZ_', 'Bacteroides_coprophilus_gi_224485799_ref_NZ_']
ERROR: Reference Bacteroides_coprophilus_gi_224485845_ref_NZ_ does not have any alignments!  Check that this is the same file used for alignment.
ERROR: Alignment Reference Headers: ['Bacteroides_coprophilus_gi_224485784_ref_NZ_', 'Bacteroides_coprophilus_gi_224485785_ref_NZ_', 'Bacteroides_coprophilus_gi_224485821_ref_NZ_', 'Bacteroides_coprophilus_gi_224485811_ref_NZ_', 'Bacteroides_coprophilus_gi_224485791_ref_NZ_', 'Bacteroides_coprophilus_gi_224485843_ref_NZ_', 'Bacteroides_coprophilus_gi_224485794_ref_NZ_', 'Bacteroides_coprophilus_gi_224485783_ref_NZ_', 'Bacteroides_coprophilus_gi_224485799_ref_NZ_']
ERROR: Reference Bacteroides_coprophilus_gi_224485840_ref_NZ_ does not have any alignments!  Check that this is the same file used for alignment.
ERROR: Alignment Reference Headers: ['Bacteroides_coprophilus_gi_224485784_ref_NZ_', 'Bacteroides_coprophilus_gi_224485785_ref_NZ_', 'Bacteroides_coprophilus_gi_224485821_ref_NZ_', 'Bacteroides_coprophilus_gi_224485811_ref_NZ_', 'Bacteroides_coprophilus_gi_224485791_ref_NZ_', 'Bacteroides_coprophilus_gi_224485843_ref_NZ_', 'Bacteroides_coprophilus_gi_224485794_ref_NZ_', 'Bacteroides_coprophilus_gi_224485783_ref_NZ_', 'Bacteroides_coprophilus_gi_224485799_ref_NZ_']
ERROR: Reference Bacteroides_coprophilus_gi_224485841_ref_NZ_ does not have any alignments!  Check that this is the same file used for alignment.
ERROR: Alignment Reference Headers: ['Bacteroides_coprophilus_gi_224485784_ref_NZ_', 'Bacteroides_coprophilus_gi_224485785_ref_NZ_', 'Bacteroides_coprophilus_gi_224485821_ref_NZ_', 'Bacteroides_coprophilus_gi_224485811_ref_NZ_', 'Bacteroides_coprophilus_gi_224485791_ref_NZ_', 'Bacteroides_coprophilus_gi_224485843_ref_NZ_', 'Bacteroides_coprophilus_gi_224485794_ref_NZ_', 'Bacteroides_coprophilus_gi_224485783_ref_NZ_', 'Bacteroides_coprophilus_gi_224485799_ref_NZ_']
ERROR: Reference Bacteroides_coprophilus_gi_224485846_ref_NZ_ does not have any alignments!  Check that this is the same file used for alignment.
ERROR: Alignment Reference Headers: ['Bacteroides_coprophilus_gi_224485784_ref_NZ_', 'Bacteroides_coprophilus_gi_224485785_ref_NZ_', 'Bacteroides_coprophilus_gi_224485821_ref_NZ_', 'Bacteroides_coprophilus_gi_224485811_ref_NZ_', 'Bacteroides_coprophilus_gi_224485791_ref_NZ_', 'Bacteroides_coprophilus_gi_224485843_ref_NZ_', 'Bacteroides_coprophilus_gi_224485794_ref_NZ_', 'Bacteroides_coprophilus_gi_224485783_ref_NZ_', 'Bacteroides_coprophilus_gi_224485799_ref_NZ_']
ERROR: Reference Bacteroides_coprophilus_gi_224485824_ref_NZ_ does not have any alignments!  Check that this is the same file used for alignment.
ERROR: Alignment Reference Headers: ['Bacteroides_coprophilus_gi_224485784_ref_NZ_', 'Bacteroides_coprophilus_gi_224485785_ref_NZ_', 'Bacteroides_coprophilus_gi_224485821_ref_NZ_', 'Bacteroides_coprophilus_gi_224485811_ref_NZ_', 'Bacteroides_coprophilus_gi_224485791_ref_NZ_', 'Bacteroides_coprophilus_gi_224485843_ref_NZ_', 'Bacteroides_coprophilus_gi_224485794_ref_NZ_', 'Bacteroides_coprophilus_gi_224485783_ref_NZ_', 'Bacteroides_coprophilus_gi_224485799_ref_NZ_']
ERROR: Reference Bacteroides_coprophilus_gi_224485826_ref_NZ_ does not have any alignments!  Check that this is the same file used for alignment.
ERROR: Alignment Reference Headers: ['Bacteroides_coprophilus_gi_224485784_ref_NZ_', 'Bacteroides_coprophilus_gi_224485785_ref_NZ_', 'Bacteroides_coprophilus_gi_224485821_ref_NZ_', 'Bacteroides_coprophilus_gi_224485811_ref_NZ_', 'Bacteroides_coprophilus_gi_224485791_ref_NZ_', 'Bacteroides_coprophilus_gi_224485843_ref_NZ_', 'Bacteroides_coprophilus_gi_224485794_ref_NZ_', 'Bacteroides_coprophilus_gi_224485783_ref_NZ_', 'Bacteroides_coprophilus_gi_224485799_ref_NZ_']
ERROR: Reference Bacteroides_coprophilus_gi_224485801_ref_NZ_ does not have any alignments!  Check that this is the same file used for alignment.
ERROR: Alignment Reference Headers: ['Bacteroides_coprophilus_gi_224485784_ref_NZ_', 'Bacteroides_coprophilus_gi_224485785_ref_NZ_', 'Bacteroides_coprophilus_gi_224485821_ref_NZ_', 'Bacteroides_coprophilus_gi_224485811_ref_NZ_', 'Bacteroides_coprophilus_gi_224485791_ref_NZ_', 'Bacteroides_coprophilus_gi_224485843_ref_NZ_', 'Bacteroides_coprophilus_gi_224485794_ref_NZ_', 'Bacteroides_coprophilus_gi_224485783_ref_NZ_', 'Bacteroides_coprophilus_gi_224485799_ref_NZ_']
ERROR: Reference Bacteroides_coprophilus_gi_224485839_ref_NZ_ does not have any alignments!  Check that this is the same file used for alignment.
ERROR: Alignment Reference Headers: ['Bacteroides_coprophilus_gi_224485784_ref_NZ_', 'Bacteroides_coprophilus_gi_224485785_ref_NZ_', 'Bacteroides_coprophilus_gi_224485821_ref_NZ_', 'Bacteroides_coprophilus_gi_224485811_ref_NZ_', 'Bacteroides_coprophilus_gi_224485791_ref_NZ_', 'Bacteroides_coprophilus_gi_224485843_ref_NZ_', 'Bacteroides_coprophilus_gi_224485794_ref_NZ_', 'Bacteroides_coprophilus_gi_224485783_ref_NZ_', 'Bacteroides_coprophilus_gi_224485799_ref_NZ_']
ERROR: Reference Bacteroides_coprophilus_gi_224485787_ref_NZ_ does not have any alignments!  Check that this is the same file used for alignment.
ERROR: Alignment Reference Headers: ['Bacteroides_coprophilus_gi_224485784_ref_NZ_', 'Bacteroides_coprophilus_gi_224485785_ref_NZ_', 'Bacteroides_coprophilus_gi_224485821_ref_NZ_', 'Bacteroides_coprophilus_gi_224485811_ref_NZ_', 'Bacteroides_coprophilus_gi_224485791_ref_NZ_', 'Bacteroides_coprophilus_gi_224485843_ref_NZ_', 'Bacteroides_coprophilus_gi_224485794_ref_NZ_', 'Bacteroides_coprophilus_gi_224485783_ref_NZ_', 'Bacteroides_coprophilus_gi_224485799_ref_NZ_']
Analysis is finished!
Founded SNPs were written into /Molly/gurevich/MetaQUAST/res_final/res_metahit_final/runs_per_reference/Bacteroides_coprophilus/contigs_reports/nucmer_output/Ray.used_snps

Results:
	Local Misassemblies: 6
	Misassemblies: 7
		Relocations: 5
		Translocations: 2
		Inversions: 0
	Fake misassemblies matched with structural variations: 0
	Misassembled Contigs: 4
	Misassembled Contig Bases: 148285
	Misassemblies Inter-Contig Overlap: 0
Uncovered Regions: 0 (0)
Unaligned Contigs: 0 + 24 part
Partially Unaligned Contigs with Misassemblies: 1
Unaligned Contig Bases: 310402

Ambiguously Mapped Contigs: 0
Total Bases in Ambiguously Mapped Contigs: 0
Note that --allow-ambiguity option was set to "one" and only first alignment per each contig was used.

	Covered Bases: 140126

	SNPs: 969
	Insertions: 32
	Deletions: 21

	Positive Gaps: 28
		Internal Gaps:  7
		External Gaps:  21
		External Gap Total:  1752924
		External Gap Average: 83473
	Negative Gaps: 6
		Internal Overlaps:  3
		External Overlaps:  3
		External Overlaps Total: -1069
		External Overlaps Average: -356
	Contigs with Redundant Alignments: 3 (4270)
