Aligning contigs to reference...
	Using existing Nucmer alignments...
Parsing coords...
Loading reference...
	Loaded [Bacteroides_capillosus_gi_146386150_ref_NZ_]
Loading SNPs...
Loading regions...
	No regions given, using whole reference.
	Total Regions: 1
	Total Region Length: 4241076
Analyzing contigs...
CONTIG: scaffold4951__2.0 (537bp)
Top Length: 258  Top ID: 98.06
		This contig is misassembled. 3 total aligns.
			Real Alignment 1: 2607216 2607318 | 103 1 | 103 103 | 100.0 | Bacteroides_capillosus_gi_146386150_ref_NZ_ scaffold4951__2.0
			  Gap between these two alignments (local misassembly). Inconsistency = 162 
			Real Alignment 2: 2606879 2606992 | 278 165 | 114 114 | 100.0 | Bacteroides_capillosus_gi_146386150_ref_NZ_ scaffold4951__2.0
			  Gap between these two alignments (local misassembly). Inconsistency = 135 
			Real Alignment 3: 2606485 2606742 | 537 280 | 258 258 | 98.06 | Bacteroides_capillosus_gi_146386150_ref_NZ_ scaffold4951__2.0

CONTIG: scaffold8956__2.0 (816bp)
Top Length: 389  Top ID: 97.94
		This contig is misassembled. 3 total aligns.
			Real Alignment 1: 2593687 2594075 | 159 547 | 389 389 | 97.94 | Bacteroides_capillosus_gi_146386150_ref_NZ_ scaffold8956__2.0
			  Gap between these two alignments (local misassembly). Inconsistency = 137 
			Real Alignment 2: 2594214 2594290 | 549 625 | 77 77 | 100.0 | Bacteroides_capillosus_gi_146386150_ref_NZ_ scaffold8956__2.0
			  Gap between these two alignments (local misassembly). Inconsistency = 157 
			Real Alignment 3: 2594526 2594638 | 704 816 | 113 113 | 97.35 | Bacteroides_capillosus_gi_146386150_ref_NZ_ scaffold8956__2.0

CONTIG: scaffold16722__5.2 (3103bp)
Top Length: 2124  Top ID: 98.45
		This contig is misassembled. 4 total aligns.
			Excluding internal overlap of size 4 between Alignment 1 and 2:  2628603 2628753 | 46 197 | 151 152 --> 2628603 2628749 | 46 193 | 147 148
			Real Alignment 1: 2628603 2628749 | 46 193 | 147 148 | 96.71 | Bacteroides_capillosus_gi_146386150_ref_NZ_ scaffold16722__5.2
			  Gap between these two alignments (local misassembly). Inconsistency = 135 
			Real Alignment 2: 2628885 2631007 | 194 2317 | 2123 2124 | 98.45 | Bacteroides_capillosus_gi_146386150_ref_NZ_ scaffold16722__5.2
			  Gap between these two alignments (local misassembly). Inconsistency = 142 
			Real Alignment 3: 2631195 2631340 | 2363 2509 | 146 147 | 98.64 | Bacteroides_capillosus_gi_146386150_ref_NZ_ scaffold16722__5.2
			  Gap between these two alignments (local misassembly). Inconsistency = 131 
			Real Alignment 4: 2631473 2632057 | 2511 3095 | 585 585 | 98.12 | Bacteroides_capillosus_gi_146386150_ref_NZ_ scaffold16722__5.2

CONTIG: scaffold17425__3.1 (804bp)
Top Length: 392  Top ID: 97.7
		Skipping redundant alignment 2627070 2627147 | 158 235 | 78 78 | 100.0 | Bacteroides_capillosus_gi_146386150_ref_NZ_ scaffold17425__3.1
		This contig is partially unaligned. (Aligned 392 out of 804 bases)
		Alignment: 2628067 2628458 | 124 515 | 392 392 | 97.7 | Bacteroides_capillosus_gi_146386150_ref_NZ_ scaffold17425__3.1
		Unaligned bases: 1 to 123 (123)
		Unaligned bases: 516 to 804 (289)

CONTIG: scaffold18789__3.1 (1071bp)
Top Length: 421  Top ID: 96.67
		This contig is misassembled. 4 total aligns.
			Real Alignment 1: 2586806 2587132 | 327 1 | 327 327 | 99.39 | Bacteroides_capillosus_gi_146386150_ref_NZ_ scaffold18789__3.1
			  Gap between these two alignments (local misassembly). Inconsistency = 151 
			Real Alignment 2: 2586456 2586611 | 526 371 | 156 156 | 100.0 | Bacteroides_capillosus_gi_146386150_ref_NZ_ scaffold18789__3.1
			  Gap between these two alignments (local misassembly). Inconsistency = 156 
			Real Alignment 3: 2586186 2586268 | 640 558 | 83 83 | 100.0 | Bacteroides_capillosus_gi_146386150_ref_NZ_ scaffold18789__3.1
			  Gap between these two alignments (local misassembly). Inconsistency = 158 
			Real Alignment 4: 2585597 2586017 | 1071 651 | 421 421 | 96.67 | Bacteroides_capillosus_gi_146386150_ref_NZ_ scaffold18789__3.1

CONTIG: scaffold25021__3.0 (593bp)
Top Length: 313  Top ID: 99.68
		This contig is partially unaligned. (Aligned 313 out of 593 bases)
		Alignment: 2600201 2600513 | 593 281 | 313 313 | 99.68 | Bacteroides_capillosus_gi_146386150_ref_NZ_ scaffold25021__3.0
		Unaligned bases: 1 to 280 (280)

CONTIG: scaffold29784__3.2 (543bp)
Top Length: 329  Top ID: 99.7
		This contig is misassembled. 2 total aligns.
			Real Alignment 1: 2580041 2580164 | 124 1 | 124 124 | 96.77 | Bacteroides_capillosus_gi_146386150_ref_NZ_ scaffold29784__3.2
			  Gap between these two alignments (local misassembly). Inconsistency = 155 
			Real Alignment 2: 2579467 2579795 | 543 215 | 329 329 | 99.7 | Bacteroides_capillosus_gi_146386150_ref_NZ_ scaffold29784__3.2

CONTIG: scaffold34973__5.6 (1103bp)
Top Length: 302  Top ID: 95.03
		This contig is partially unaligned. (Aligned 302 out of 1103 bases)
		Alignment: 3784479 3784779 | 623 924 | 301 302 | 95.03 | Bacteroides_capillosus_gi_146386150_ref_NZ_ scaffold34973__5.6
		Unaligned bases: 1 to 622 (622)
		Unaligned bases: 925 to 1103 (179)

CONTIG: scaffold37621__2.6 (600bp)
Top Length: 208  Top ID: 97.6
		This contig is misassembled. 2 total aligns.
			Real Alignment 1: 2612061 2612268 | 208 1 | 208 208 | 97.6 | Bacteroides_capillosus_gi_146386150_ref_NZ_ scaffold37621__2.6
			  Gap between these two alignments (local misassembly). Inconsistency = 151 
			Real Alignment 2: 2611747 2611857 | 371 261 | 111 111 | 98.2 | Bacteroides_capillosus_gi_146386150_ref_NZ_ scaffold37621__2.6

CONTIG: scaffold38781__3.9 (510bp)
Top Length: 208  Top ID: 100.0
		This contig is misassembled. 3 total aligns.
			Real Alignment 1: 2592306 2592449 | 1 144 | 144 144 | 100.0 | Bacteroides_capillosus_gi_146386150_ref_NZ_ scaffold38781__3.9
			  Gap between these two alignments (local misassembly). Inconsistency = 129 
			Real Alignment 2: 2592580 2592787 | 146 353 | 208 208 | 100.0 | Bacteroides_capillosus_gi_146386150_ref_NZ_ scaffold38781__3.9
			  Gap between these two alignments (local misassembly). Inconsistency = 145 
			Real Alignment 3: 2593022 2593089 | 443 510 | 68 68 | 100.0 | Bacteroides_capillosus_gi_146386150_ref_NZ_ scaffold38781__3.9

CONTIG: scaffold44361__3.3 (743bp)
Top Length: 243  Top ID: 100.0
		This contig is misassembled. 3 total aligns.
			Real Alignment 1: 2578462 2578592 | 31 161 | 131 131 | 100.0 | Bacteroides_capillosus_gi_146386150_ref_NZ_ scaffold44361__3.3
			  Gap between these two alignments (local misassembly). Inconsistency = 150 
			Real Alignment 2: 2578840 2579082 | 259 501 | 243 243 | 100.0 | Bacteroides_capillosus_gi_146386150_ref_NZ_ scaffold44361__3.3
			  Gap between these two alignments (local misassembly). Inconsistency = 151 
			Real Alignment 3: 2579250 2579475 | 518 743 | 226 226 | 100.0 | Bacteroides_capillosus_gi_146386150_ref_NZ_ scaffold44361__3.3

CONTIG: scaffold46559__3.5 (643bp)
Top Length: 447  Top ID: 98.21
		This contig is partially unaligned. (Aligned 447 out of 643 bases)
		Alignment: 2609467 2609913 | 643 197 | 447 447 | 98.21 | Bacteroides_capillosus_gi_146386150_ref_NZ_ scaffold46559__3.5
		Unaligned bases: 1 to 196 (196)

CONTIG: scaffold47478__4.8 (1564bp)
Top Length: 1348  Top ID: 98.44
		This contig is partially unaligned. (Aligned 1348 out of 1564 bases)
		Alignment: 2625664 2627009 | 1564 217 | 1346 1348 | 98.44 | Bacteroides_capillosus_gi_146386150_ref_NZ_ scaffold47478__4.8
		Unaligned bases: 1 to 216 (216)

CONTIG: scaffold49453__3.8 (793bp)
Top Length: 207  Top ID: 99.52
		This contig is misassembled. 3 total aligns.
			Real Alignment 1: 2589594 2589787 | 194 1 | 194 194 | 100.0 | Bacteroides_capillosus_gi_146386150_ref_NZ_ scaffold49453__3.8
			  Gap between these two alignments (local misassembly). Inconsistency = 153 
			Real Alignment 2: 2589226 2589379 | 409 256 | 154 154 | 100.0 | Bacteroides_capillosus_gi_146386150_ref_NZ_ scaffold49453__3.8
			  Gap between these two alignments (local misassembly). Inconsistency = 152 
			Real Alignment 3: 2588862 2589068 | 621 415 | 207 207 | 99.52 | Bacteroides_capillosus_gi_146386150_ref_NZ_ scaffold49453__3.8

CONTIG: scaffold50135__3.6 (543bp)
Top Length: 190  Top ID: 97.89
		This contig is partially unaligned. (Aligned 190 out of 543 bases)
		Alignment: 2581979 2582168 | 1 190 | 190 190 | 97.89 | Bacteroides_capillosus_gi_146386150_ref_NZ_ scaffold50135__3.6
		Unaligned bases: 191 to 543 (353)

CONTIG: scaffold54900__4.8 (844bp)
Top Length: 533  Top ID: 98.87
		This contig is partially unaligned. (Aligned 533 out of 844 bases)
		Alignment: 2598047 2598579 | 312 844 | 533 533 | 98.87 | Bacteroides_capillosus_gi_146386150_ref_NZ_ scaffold54900__4.8
		Unaligned bases: 1 to 311 (311)

CONTIG: scaffold55480__4.0 (632bp)
Top Length: 246  Top ID: 95.53
		This contig is partially unaligned. (Aligned 246 out of 632 bases)
		Alignment: 2311370 2311614 | 281 36 | 245 246 | 95.53 | Bacteroides_capillosus_gi_146386150_ref_NZ_ scaffold55480__4.0
		Unaligned bases: 1 to 35 (35)
		Unaligned bases: 282 to 632 (351)

CONTIG: scaffold56174__3.8 (1446bp)
Top Length: 822  Top ID: 99.15
		This contig is misassembled. 3 total aligns.
			Real Alignment 1: 2584828 2585015 | 188 1 | 188 188 | 99.47 | Bacteroides_capillosus_gi_146386150_ref_NZ_ scaffold56174__3.8
			  Gap between these two alignments (local misassembly). Inconsistency = 131 
			Real Alignment 2: 2584280 2584572 | 605 313 | 293 293 | 99.32 | Bacteroides_capillosus_gi_146386150_ref_NZ_ scaffold56174__3.8
			  Gap between these two alignments (local misassembly). Inconsistency = 146 
			Real Alignment 3: 2583293 2584114 | 1446 625 | 822 822 | 99.15 | Bacteroides_capillosus_gi_146386150_ref_NZ_ scaffold56174__3.8

CONTIG: C719956_14.0 (504bp)
Top Length: 502  Top ID: 99.2
		One align captures most of this contig: 2647366 2647867 | 504 3 | 502 502 | 99.2 | Bacteroides_capillosus_gi_146386150_ref_NZ_ C719956_14.0

CONTIG: C720444_20.0 (508bp)
Top Length: 508  Top ID: 99.61
		One align captures most of this contig: 2645337 2645844 | 1 508 | 508 508 | 99.61 | Bacteroides_capillosus_gi_146386150_ref_NZ_ C720444_20.0

CONTIG: C726004_12.0 (563bp)
Top Length: 205  Top ID: 95.12
		This contig is partially unaligned. (Aligned 205 out of 563 bases)
		Alignment: 3783342 3783545 | 208 4 | 204 205 | 95.12 | Bacteroides_capillosus_gi_146386150_ref_NZ_ C726004_12.0
		Unaligned bases: 1 to 3 (3)
		Unaligned bases: 209 to 563 (355)

CONTIG: C729770__7.0 (609bp)
Top Length: 609  Top ID: 99.18
		One align captures most of this contig: 2613332 2613940 | 1 609 | 609 609 | 99.18 | Bacteroides_capillosus_gi_146386150_ref_NZ_ C729770__7.0

CONTIG: C731626_48.0 (633bp)
Top Length: 633  Top ID: 99.05
		One align captures most of this contig: 2649743 2650375 | 633 1 | 633 633 | 99.05 | Bacteroides_capillosus_gi_146386150_ref_NZ_ C731626_48.0

CONTIG: C745754__4.0 (960bp)
Top Length: 186  Top ID: 95.16
		This contig is partially unaligned. (Aligned 186 out of 960 bases)
		Alignment: 2168464 2168648 | 775 960 | 185 186 | 95.16 | Bacteroides_capillosus_gi_146386150_ref_NZ_ C745754__4.0
		Unaligned bases: 1 to 774 (774)

CONTIG: C747330__5.0 (1028bp)
Top Length: 1028  Top ID: 99.32
		One align captures most of this contig: 2587134 2588161 | 1 1028 | 1028 1028 | 99.32 | Bacteroides_capillosus_gi_146386150_ref_NZ_ C747330__5.0

CONTIG: C752534_61.0 (1320bp)
Top Length: 1320  Top ID: 99.09
		Marking as insignificant: 4232253 4232637 | 1320 936 | 385 385 | 99.48 | Bacteroides_capillosus_gi_146386150_ref_NZ_ C752534_61.0
		One align captures most of this contig: 2650734 2652053 | 1 1320 | 1320 1320 | 99.09 | Bacteroides_capillosus_gi_146386150_ref_NZ_ C752534_61.0

CONTIG: C755690__5.0 (1614bp)
Top Length: 1614  Top ID: 99.01
		One align captures most of this contig: 2622711 2624324 | 1 1614 | 1614 1614 | 99.01 | Bacteroides_capillosus_gi_146386150_ref_NZ_ C755690__5.0

Analyzing coverage...
Writing SNPs into /Molly/gurevich/MetaQUAST/res_final/res_metahit_final/runs_per_reference/Bacteroides_capillosus/contigs_reports/nucmer_output/SOAPdenovo2.used_snps
	Reference Bacteroides_capillosus_gi_146386150_ref_NZ_: 47 total alignments. 1 total regions.
		Region: 1 to 4241076 (4241076 bp)
			START in gap: 1 to 2168464 (2168463 bp)
			Align 1: 2168464 2168648 C745754__4.0 775 960
				Gap between this and next alignment: 2168648 to 2311370 (142721 bp)
				Next Alignment: 2311370 2311614 scaffold55480__4.0 281 36

			Align 2: 2311370 2311614 scaffold55480__4.0 281 36
				Gap between this and next alignment: 2311614 to 2578462 (266847 bp)
				Next Alignment: 2578462 2578592 scaffold44361__3.3 31 161

			Align 3: 2578462 2578592 scaffold44361__3.3 31 161
				Gap between this and next alignment: 2578592 to 2578840 (247 bp)
				Next Alignment: 2578840 2579082 scaffold44361__3.3 259 501

			Align 4: 2578840 2579082 scaffold44361__3.3 259 501
				Gap between this and next alignment: 2579082 to 2579250 (167 bp)
				Next Alignment: 2579250 2579475 scaffold44361__3.3 518 743

			Align 5: 2579250 2579475 scaffold44361__3.3 518 743
				Negative gap (overlap) between this and next alignment: 2579475 to 2579467 (-8 bp)
				Next Alignment: 2579467 2579795 scaffold29784__3.2 543 215

			Previous gap was negative, modifying coordinates to ignore overlap
				Moving contig start from 543 to 534.
			Align 6: 2579476 2579795 scaffold29784__3.2 534 215
				Gap between this and next alignment: 2579795 to 2580041 (245 bp)
				Next Alignment: 2580041 2580164 scaffold29784__3.2 124 1

			Align 7: 2580041 2580164 scaffold29784__3.2 124 1
				Gap between this and next alignment: 2580164 to 2581979 (1814 bp)
				Next Alignment: 2581979 2582168 scaffold50135__3.6 1 190

			Align 8: 2581979 2582168 scaffold50135__3.6 1 190
				Gap between this and next alignment: 2582168 to 2583293 (1124 bp)
				Next Alignment: 2583293 2584114 scaffold56174__3.8 1446 625

			Align 9: 2583293 2584114 scaffold56174__3.8 1446 625
				Gap between this and next alignment: 2584114 to 2584280 (165 bp)
				Next Alignment: 2584280 2584572 scaffold56174__3.8 605 313

			Align 10: 2584280 2584572 scaffold56174__3.8 605 313
				Gap between this and next alignment: 2584572 to 2584828 (255 bp)
				Next Alignment: 2584828 2585015 scaffold56174__3.8 188 1

			Align 11: 2584828 2585015 scaffold56174__3.8 188 1
				Gap between this and next alignment: 2585015 to 2585597 (581 bp)
				Next Alignment: 2585597 2586017 scaffold18789__3.1 1071 651

			Align 12: 2585597 2586017 scaffold18789__3.1 1071 651
				Gap between this and next alignment: 2586017 to 2586186 (168 bp)
				Next Alignment: 2586186 2586268 scaffold18789__3.1 640 558

			Align 13: 2586186 2586268 scaffold18789__3.1 640 558
				Gap between this and next alignment: 2586268 to 2586456 (187 bp)
				Next Alignment: 2586456 2586611 scaffold18789__3.1 526 371

			Align 14: 2586456 2586611 scaffold18789__3.1 526 371
				Gap between this and next alignment: 2586611 to 2586806 (194 bp)
				Next Alignment: 2586806 2587132 scaffold18789__3.1 327 1

			Align 15: 2586806 2587132 scaffold18789__3.1 327 1
				Gap between this and next alignment: 2587132 to 2587134 (1 bp)
				Next Alignment: 2587134 2588161 C747330__5.0 1 1028

			Align 16: 2587134 2588161 C747330__5.0 1 1028
				Gap between this and next alignment: 2588161 to 2588862 (700 bp)
				Next Alignment: 2588862 2589068 scaffold49453__3.8 621 415

			Align 17: 2588862 2589068 scaffold49453__3.8 621 415
				Gap between this and next alignment: 2589068 to 2589226 (157 bp)
				Next Alignment: 2589226 2589379 scaffold49453__3.8 409 256

			Align 18: 2589226 2589379 scaffold49453__3.8 409 256
				Gap between this and next alignment: 2589379 to 2589594 (214 bp)
				Next Alignment: 2589594 2589787 scaffold49453__3.8 194 1

			Align 19: 2589594 2589787 scaffold49453__3.8 194 1
				Gap between this and next alignment: 2589787 to 2592306 (2518 bp)
				Next Alignment: 2592306 2592449 scaffold38781__3.9 1 144

			Align 20: 2592306 2592449 scaffold38781__3.9 1 144
				Gap between this and next alignment: 2592449 to 2592580 (130 bp)
				Next Alignment: 2592580 2592787 scaffold38781__3.9 146 353

			Align 21: 2592580 2592787 scaffold38781__3.9 146 353
				Gap between this and next alignment: 2592787 to 2593022 (234 bp)
				Next Alignment: 2593022 2593089 scaffold38781__3.9 443 510

			Align 22: 2593022 2593089 scaffold38781__3.9 443 510
				Gap between this and next alignment: 2593089 to 2593687 (597 bp)
				Next Alignment: 2593687 2594075 scaffold8956__2.0 159 547

			Align 23: 2593687 2594075 scaffold8956__2.0 159 547
				Gap between this and next alignment: 2594075 to 2594214 (138 bp)
				Next Alignment: 2594214 2594290 scaffold8956__2.0 549 625

			Align 24: 2594214 2594290 scaffold8956__2.0 549 625
				Gap between this and next alignment: 2594290 to 2594526 (235 bp)
				Next Alignment: 2594526 2594638 scaffold8956__2.0 704 816

			Align 25: 2594526 2594638 scaffold8956__2.0 704 816
				Gap between this and next alignment: 2594638 to 2598047 (3408 bp)
				Next Alignment: 2598047 2598579 scaffold54900__4.8 312 844

			Align 26: 2598047 2598579 scaffold54900__4.8 312 844
				Gap between this and next alignment: 2598579 to 2600201 (1621 bp)
				Next Alignment: 2600201 2600513 scaffold25021__3.0 593 281

			Align 27: 2600201 2600513 scaffold25021__3.0 593 281
				Gap between this and next alignment: 2600513 to 2606485 (5971 bp)
				Next Alignment: 2606485 2606742 scaffold4951__2.0 537 280

			Align 28: 2606485 2606742 scaffold4951__2.0 537 280
				Gap between this and next alignment: 2606742 to 2606879 (136 bp)
				Next Alignment: 2606879 2606992 scaffold4951__2.0 278 165

			Align 29: 2606879 2606992 scaffold4951__2.0 278 165
				Gap between this and next alignment: 2606992 to 2607216 (223 bp)
				Next Alignment: 2607216 2607318 scaffold4951__2.0 103 1

			Align 30: 2607216 2607318 scaffold4951__2.0 103 1
				Gap between this and next alignment: 2607318 to 2609467 (2148 bp)
				Next Alignment: 2609467 2609913 scaffold46559__3.5 643 197

			Align 31: 2609467 2609913 scaffold46559__3.5 643 197
				Gap between this and next alignment: 2609913 to 2611747 (1833 bp)
				Next Alignment: 2611747 2611857 scaffold37621__2.6 371 261

			Align 32: 2611747 2611857 scaffold37621__2.6 371 261
				Gap between this and next alignment: 2611857 to 2612061 (203 bp)
				Next Alignment: 2612061 2612268 scaffold37621__2.6 208 1

			Align 33: 2612061 2612268 scaffold37621__2.6 208 1
				Gap between this and next alignment: 2612268 to 2613332 (1063 bp)
				Next Alignment: 2613332 2613940 C729770__7.0 1 609

			Align 34: 2613332 2613940 C729770__7.0 1 609
				Gap between this and next alignment: 2613940 to 2622711 (8770 bp)
				Next Alignment: 2622711 2624324 C755690__5.0 1 1614

			Align 35: 2622711 2624324 C755690__5.0 1 1614
				Gap between this and next alignment: 2624324 to 2625664 (1339 bp)
				Next Alignment: 2625664 2627009 scaffold47478__4.8 1564 217

			Align 36: 2625664 2627009 scaffold47478__4.8 1564 217
				Gap between this and next alignment: 2627009 to 2628067 (1057 bp)
				Next Alignment: 2628067 2628458 scaffold17425__3.1 124 515

			Align 37: 2628067 2628458 scaffold17425__3.1 124 515
				Gap between this and next alignment: 2628458 to 2628603 (144 bp)
				Next Alignment: 2628603 2628749 scaffold16722__5.2 46 193

			Align 38: 2628603 2628749 scaffold16722__5.2 46 193
				Gap between this and next alignment: 2628749 to 2628885 (135 bp)
				Next Alignment: 2628885 2631007 scaffold16722__5.2 194 2317

			Align 39: 2628885 2631007 scaffold16722__5.2 194 2317
				Gap between this and next alignment: 2631007 to 2631195 (187 bp)
				Next Alignment: 2631195 2631340 scaffold16722__5.2 2363 2509

			Align 40: 2631195 2631340 scaffold16722__5.2 2363 2509
				Gap between this and next alignment: 2631340 to 2631473 (132 bp)
				Next Alignment: 2631473 2632057 scaffold16722__5.2 2511 3095

			Align 41: 2631473 2632057 scaffold16722__5.2 2511 3095
				Gap between this and next alignment: 2632057 to 2645337 (13279 bp)
				Next Alignment: 2645337 2645844 C720444_20.0 1 508

			Align 42: 2645337 2645844 C720444_20.0 1 508
				Gap between this and next alignment: 2645844 to 2647366 (1521 bp)
				Next Alignment: 2647366 2647867 C719956_14.0 504 3

			Align 43: 2647366 2647867 C719956_14.0 504 3
				Gap between this and next alignment: 2647867 to 2649743 (1875 bp)
				Next Alignment: 2649743 2650375 C731626_48.0 633 1

			Align 44: 2649743 2650375 C731626_48.0 633 1
				Gap between this and next alignment: 2650375 to 2650734 (358 bp)
				Next Alignment: 2650734 2652053 C752534_61.0 1 1320

			Align 45: 2650734 2652053 C752534_61.0 1 1320
				Gap between this and next alignment: 2652053 to 3783342 (1131288 bp)
				Next Alignment: 3783342 3783545 C726004_12.0 208 4

			Align 46: 3783342 3783545 C726004_12.0 208 4
				Gap between this and next alignment: 3783545 to 3784479 (933 bp)
				Next Alignment: 3784479 3784779 scaffold34973__5.6 623 924

			Align 47: 3784479 3784779 scaffold34973__5.6 623 924
			END in gap: 3784779 to 4241076 (456297 bp)

Analysis is finished!
Founded SNPs were written into /Molly/gurevich/MetaQUAST/res_final/res_metahit_final/runs_per_reference/Bacteroides_capillosus/contigs_reports/nucmer_output/SOAPdenovo2.used_snps

Results:
	Local Misassemblies: 20
	Misassemblies: 0
		Relocations: 0
		Translocations: 0
		Inversions: 0
	Fake misassemblies matched with structural variations: 0
	Misassembled Contigs: 0
	Misassembled Contig Bases: 0
	Misassemblies Inter-Contig Overlap: 0
Uncovered Regions: 0 (0)
Unaligned Contigs: 0 + 10 part
Partially Unaligned Contigs with Misassemblies: 0
Unaligned Contig Bases: 4087

Ambiguously Mapped Contigs: 0
Total Bases in Ambiguously Mapped Contigs: 0
Note that --allow-ambiguity option was set to "one" and only first alignment per each contig was used.

	Covered Bases: 19053

	SNPs: 213
	Insertions: 8
	Deletions: 1

	Positive Gaps: 47
		Internal Gaps:  20
		External Gaps:  27
		External Gap Total:  4218271
		External Gap Average: 156232
	Negative Gaps: 1
		Internal Overlaps:  0
		External Overlaps:  1
		External Overlaps Total: -8
		External Overlaps Average: -8
	Contigs with Redundant Alignments: 0 (0)
