/home/gurevich/rep/quast/quast.pyc -t 16 -j  --meta  --bed-file /Molly/gurevich/MetaQUAST/res_final/res_cami_final/combined_reference/structural_variations/combined_reference.bed --no-check-meta  --contig-thresholds 1000,5000,10000,25000,50000 -R /Molly/gurevich/MetaQUAST/res_final/res_cami_final/quast_corrected_input/Enterobacteriaceae_bacterium_LSJC7.fasta -o /Molly/gurevich/MetaQUAST/res_final/res_cami_final/runs_per_reference/Enterobacteriaceae_bacterium_LSJC7 --labels "Gold_Assembly, IDBA_UD, Ray, SOAPdenovo2, SPAdes" /Molly/gurevich/MetaQUAST/res_final/res_cami_final/quast_corrected_input/Gold_Assembly_to_Enterobacteriaceae_bacterium_LSJC7.fasta /Molly/gurevich/MetaQUAST/res_final/res_cami_final/quast_corrected_input/IDBA_UD_to_Enterobacteriaceae_bacterium_LSJC7.fasta /Molly/gurevich/MetaQUAST/res_final/res_cami_final/quast_corrected_input/Ray_to_Enterobacteriaceae_bacterium_LSJC7.fasta /Molly/gurevich/MetaQUAST/res_final/res_cami_final/quast_corrected_input/SOAPdenovo2_to_Enterobacteriaceae_bacterium_LSJC7.fasta /Molly/gurevich/MetaQUAST/res_final/res_cami_final/quast_corrected_input/SPAdes_to_Enterobacteriaceae_bacterium_LSJC7.fasta

Started: 2015-11-09 19:47:21

Logging to /Molly/gurevich/MetaQUAST/res_final/res_cami_final/runs_per_reference/Enterobacteriaceae_bacterium_LSJC7/quast.log

NOTICE: Output directory already exists. Existing Nucmer alignments can be used.

Reference:
  /Molly/gurevich/MetaQUAST/res_final/res_cami_final/quast_corrected_input/Enterobacteriaceae_bacterium_LSJC7.fasta ==> Enterobacteriaceae_bacterium_LSJC7

Contigs:
  1  /Molly/gurevich/MetaQUAST/res_final/res_cami_final/quast_corrected_input/Gold_Assembly_to_Enterobacteriaceae_bacterium_LSJC7.fasta ==> Gold_Assembly
  2  /Molly/gurevich/MetaQUAST/res_final/res_cami_final/quast_corrected_input/IDBA_UD_to_Enterobacteriaceae_bacterium_LSJC7.fasta ==> IDBA_UD
  3  /Molly/gurevich/MetaQUAST/res_final/res_cami_final/quast_corrected_input/Ray_to_Enterobacteriaceae_bacterium_LSJC7.fasta ==> Ray
  4  /Molly/gurevich/MetaQUAST/res_final/res_cami_final/quast_corrected_input/SOAPdenovo2_to_Enterobacteriaceae_bacterium_LSJC7.fasta ==> SOAPdenovo2
  5  /Molly/gurevich/MetaQUAST/res_final/res_cami_final/quast_corrected_input/SPAdes_to_Enterobacteriaceae_bacterium_LSJC7.fasta ==> SPAdes

2015-11-09 19:47:22
Running Basic statistics processor...
  Reference genome:
    Enterobacteriaceae_bacterium_LSJC7.fasta, Reference length = 4616889, Reference GC % = 54.83
  Contig files: 
    1  Gold_Assembly
    2  IDBA_UD
    3  Ray
    4  SOAPdenovo2
    5  SPAdes
  Calculating N50 and L50...
    1  Gold_Assembly, N50 = 165311, L50 = 11, Total length = 4610012, GC % = 54.84, # N's per 100 kbp =  0.00
    2  IDBA_UD, N50 = 19216, L50 = 76, Total length = 4613330, GC % = 54.84, # N's per 100 kbp =  0.00
    3  Ray, N50 = 968, L50 = 1119, Total length = 3085333, GC % = 54.85, # N's per 100 kbp =  16.27
    4  SOAPdenovo2, N50 = 3137, L50 = 439, Total length = 4413644, GC % = 54.82, # N's per 100 kbp =  48.15
    5  SPAdes, N50 = 16687, L50 = 87, Total length = 4667505, GC % = 55.05, # N's per 100 kbp =  42.12
  Drawing Nx plot...
    saved to /Molly/gurevich/MetaQUAST/res_final/res_cami_final/runs_per_reference/Enterobacteriaceae_bacterium_LSJC7/basic_stats/Nx_plot.pdf
  Drawing NGx plot...
    saved to /Molly/gurevich/MetaQUAST/res_final/res_cami_final/runs_per_reference/Enterobacteriaceae_bacterium_LSJC7/basic_stats/NGx_plot.pdf
  Drawing cumulative plot...
    saved to /Molly/gurevich/MetaQUAST/res_final/res_cami_final/runs_per_reference/Enterobacteriaceae_bacterium_LSJC7/basic_stats/cumulative_plot.pdf
  Drawing GC content plot...
    saved to /Molly/gurevich/MetaQUAST/res_final/res_cami_final/runs_per_reference/Enterobacteriaceae_bacterium_LSJC7/basic_stats/GC_content_plot.pdf
Done.

2015-11-09 19:47:26
Running Contig analyzer...
  1  Gold_Assembly
  2  IDBA_UD
  3  Ray
  4  SOAPdenovo2
  5  SPAdes
  1  Logging to files /Molly/gurevich/MetaQUAST/res_final/res_cami_final/runs_per_reference/Enterobacteriaceae_bacterium_LSJC7/contigs_reports/contigs_report_Gold_Assembly.stdout and contigs_report_Gold_Assembly.stderr...
  2  Logging to files /Molly/gurevich/MetaQUAST/res_final/res_cami_final/runs_per_reference/Enterobacteriaceae_bacterium_LSJC7/contigs_reports/contigs_report_IDBA_UD.stdout and contigs_report_IDBA_UD.stderr...
  4  Logging to files /Molly/gurevich/MetaQUAST/res_final/res_cami_final/runs_per_reference/Enterobacteriaceae_bacterium_LSJC7/contigs_reports/contigs_report_SOAPdenovo2.stdout and contigs_report_SOAPdenovo2.stderr...
  3  Logging to files /Molly/gurevich/MetaQUAST/res_final/res_cami_final/runs_per_reference/Enterobacteriaceae_bacterium_LSJC7/contigs_reports/contigs_report_Ray.stdout and contigs_report_Ray.stderr...
  1  Using existing Nucmer alignments... 
  5  Logging to files /Molly/gurevich/MetaQUAST/res_final/res_cami_final/runs_per_reference/Enterobacteriaceae_bacterium_LSJC7/contigs_reports/contigs_report_SPAdes.stdout and contigs_report_SPAdes.stderr...
  2  Using existing Nucmer alignments... 
  4  Using existing Nucmer alignments... 
  5  Using existing Nucmer alignments... 
  3  Using existing Nucmer alignments... 
  3  Alignments: runs_per_reference/Enterobacteriaceae_bacterium_LSJC7/contigs_reports/alignments_Ray.tsv
  3  Analysis is finished.

  1  Alignments: runs_per_reference/Enterobacteriaceae_bacterium_LSJC7/contigs_reports/alignments_Gold_Assembly.tsv
  1  Analysis is finished.

  2  Alignments: runs_per_reference/Enterobacteriaceae_bacterium_LSJC7/contigs_reports/alignments_IDBA_UD.tsv
  2  Analysis is finished.

  5  Alignments: runs_per_reference/Enterobacteriaceae_bacterium_LSJC7/contigs_reports/alignments_SPAdes.tsv
  5  Analysis is finished.

  4  Alignments: runs_per_reference/Enterobacteriaceae_bacterium_LSJC7/contigs_reports/alignments_SOAPdenovo2.tsv
  4  Analysis is finished.

  Creating total report...
    saved to /Molly/gurevich/MetaQUAST/res_final/res_cami_final/runs_per_reference/Enterobacteriaceae_bacterium_LSJC7/contigs_reports/misassemblies_report.txt, misassemblies_report.tsv, and misassemblies_report.tex
  Transposed version of total report...
    saved to /Molly/gurevich/MetaQUAST/res_final/res_cami_final/runs_per_reference/Enterobacteriaceae_bacterium_LSJC7/contigs_reports/transposed_report_misassemblies.txt, transposed_report_misassemblies.tsv, and transposed_report_misassemblies.tex
  Creating total report...
    saved to /Molly/gurevich/MetaQUAST/res_final/res_cami_final/runs_per_reference/Enterobacteriaceae_bacterium_LSJC7/contigs_reports/unaligned_report.txt, unaligned_report.tsv, and unaligned_report.tex
  Drawing misassemblies by types plot...
    saved to /Molly/gurevich/MetaQUAST/res_final/res_cami_final/runs_per_reference/Enterobacteriaceae_bacterium_LSJC7/contigs_reports/misassemblies_plot.pdf
Done.

2015-11-09 19:47:32
Running NA-NGA calculation...
  1  Gold_Assembly, Largest alignment = 365371, NA50 = 165311, NGA50 = 165311, LA50 = 11, LGA50 = 11
  2  IDBA_UD, Largest alignment = 71692, NA50 = 18739, NGA50 = 18739, LA50 = 78, LGA50 = 78
  3  Ray, Largest alignment = 3457, NA50 = 966, NGA50 = 705, LA50 = 1122, LGA50 = 2056
  4  SOAPdenovo2, Largest alignment = 15914, NA50 = 3136, NGA50 = 3002, LA50 = 439, LGA50 = 472
  5  SPAdes, Largest alignment = 71456, NA50 = 15961, NGA50 = 16179, LA50 = 92, LGA50 = 90
  Drawing cumulative plot...
    saved to /Molly/gurevich/MetaQUAST/res_final/res_cami_final/runs_per_reference/Enterobacteriaceae_bacterium_LSJC7/aligned_stats/cumulative_plot.pdf
  Drawing NAx plot...
    saved to /Molly/gurevich/MetaQUAST/res_final/res_cami_final/runs_per_reference/Enterobacteriaceae_bacterium_LSJC7/aligned_stats/NAx_plot.pdf
  Drawing NGAx plot...
    saved to /Molly/gurevich/MetaQUAST/res_final/res_cami_final/runs_per_reference/Enterobacteriaceae_bacterium_LSJC7/aligned_stats/NGAx_plot.pdf
Done.

2015-11-09 19:47:34
Running Genome analyzer...
  NOTICE: No file with genes provided. Use the -G option if you want to specify it.
  NOTICE: No file with operons provided. Use the -O option if you want to specify it.
  1  Gold_Assembly
  2  IDBA_UD
  3  Ray
  4  SOAPdenovo2
  5  SPAdes
  3  Analysis is finished.
  1  Analysis is finished.
  5  Analysis is finished.
  4  Analysis is finished.
  2  Analysis is finished.
  Drawing Genome fraction, % histogram...
    saved to /Molly/gurevich/MetaQUAST/res_final/res_cami_final/runs_per_reference/Enterobacteriaceae_bacterium_LSJC7/genome_stats/genome_fraction_histogram.pdf
Done.

NOTICE: Genes are not predicted by default. Use --gene-finding option to enable it.

2015-11-09 19:47:37
Drawing large plots...
This may take a while: press Ctrl-C to skip this step..
  1 of 2: Creating contig alignment plot...
  2 of 2: Creating PDF with all tables and plots...
Done

2015-11-09 19:48:07
RESULTS:
  Text versions of total report are saved to /Molly/gurevich/MetaQUAST/res_final/res_cami_final/runs_per_reference/Enterobacteriaceae_bacterium_LSJC7/report.txt, report.tsv, and report.tex
  Text versions of transposed total report are saved to /Molly/gurevich/MetaQUAST/res_final/res_cami_final/runs_per_reference/Enterobacteriaceae_bacterium_LSJC7/transposed_report.txt, transposed_report.tsv, and transposed_report.tex
  HTML version (interactive tables and plots) saved to /Molly/gurevich/MetaQUAST/res_final/res_cami_final/runs_per_reference/Enterobacteriaceae_bacterium_LSJC7/report.html
  PDF version (tables and plots) saved to /Molly/gurevich/MetaQUAST/res_final/res_cami_final/runs_per_reference/Enterobacteriaceae_bacterium_LSJC7/report.pdf
  Contig alignment plot: /Molly/gurevich/MetaQUAST/res_final/res_cami_final/runs_per_reference/Enterobacteriaceae_bacterium_LSJC7/alignment.svg
