Aligning contigs to reference...
	Using existing Nucmer alignments...
Parsing coords...
Loading reference...
	Loaded [Bacteroides_fragilis_3_1_12_gi_224485478_ref_NZ_]
Loading SNPs...
Loading regions...
	No regions given, using whole reference.
	Total Regions: 1
	Total Region Length: 5530115
Analyzing contigs...
CONTIG: NODE_3_length_179778_cov_11.9748_ID_5 (179778bp)
Top Length: 49043  Top ID: 99.89
		This contig is misassembled. 3 total aligns.
			Warning! This contig is more unaligned than misassembled. Contig length is 179778 and total length of all aligns is 64129
		Alignment: 840259 846494 | 95896 102131 | 6236 6236 | 99.95 | Bacteroides_fragilis_3_1_12_gi_224485478_ref_NZ_ NODE_3_length_179778_cov_11.9748_ID_5
		Alignment: 849006 857855 | 102158 111007 | 8850 8850 | 99.89 | Bacteroides_fragilis_3_1_12_gi_224485478_ref_NZ_ NODE_3_length_179778_cov_11.9748_ID_5
		Alignment: 857849 906887 | 130211 179253 | 49039 49043 | 99.89 | Bacteroides_fragilis_3_1_12_gi_224485478_ref_NZ_ NODE_3_length_179778_cov_11.9748_ID_5
		Unaligned bases: 115649
		This contig has both significant aligned and unaligned parts (of length >= min-contig)! It can contain interspecies translocations
CONTIG: NODE_18_length_116588_cov_10.6324_ID_35 (116588bp)
Top Length: 93  Top ID: 100.0
		This contig is partially unaligned. (Aligned 93 out of 116588 bases)
		Alignment: 5520113 5520205 | 116496 116588 | 93 93 | 100.0 | Bacteroides_fragilis_3_1_12_gi_224485478_ref_NZ_ NODE_18_length_116588_cov_10.6324_ID_35
		Unaligned bases: 1 to 116495 (116495)

CONTIG: NODE_74_length_66302_cov_10.6112_ID_147 (66302bp)
Top Length: 871  Top ID: 97.24
		This contig is partially unaligned. (Aligned 871 out of 66302 bases)
		Alignment: 5520268 5521138 | 735 1605 | 871 871 | 97.24 | Bacteroides_fragilis_3_1_12_gi_224485478_ref_NZ_ NODE_74_length_66302_cov_10.6112_ID_147
		Unaligned bases: 1 to 734 (734)
		Unaligned bases: 1606 to 66302 (64697)
		This contig has both significant aligned and unaligned parts (of length >= min-contig)! It can contain interspecies translocations

CONTIG: NODE_231_length_36845_cov_7.91201_ID_461 (36845bp)
Top Length: 146  Top ID: 97.96
		This contig is partially unaligned. (Aligned 146 out of 36845 bases)
		Alignment: 5520113 5520259 | 13413 13558 | 147 146 | 97.96 | Bacteroides_fragilis_3_1_12_gi_224485478_ref_NZ_ NODE_231_length_36845_cov_7.91201_ID_461
		Unaligned bases: 1 to 13412 (13412)
		Unaligned bases: 13559 to 36845 (23287)

CONTIG: NODE_234_length_36189_cov_5.40223_ID_467 (36189bp)
Top Length: 1383  Top ID: 99.64
		This contig is partially unaligned. (Aligned 1383 out of 36189 bases)
		Alignment: 5504531 5505913 | 3256 4638 | 1383 1383 | 99.64 | Bacteroides_fragilis_3_1_12_gi_224485478_ref_NZ_ NODE_234_length_36189_cov_5.40223_ID_467
		Unaligned bases: 1 to 3255 (3255)
		Unaligned bases: 4639 to 36189 (31551)
		This contig has both significant aligned and unaligned parts (of length >= min-contig)! It can contain interspecies translocations

CONTIG: NODE_245_length_35449_cov_10.6698_ID_489 (35449bp)
Top Length: 93  Top ID: 100.0
		This contig is partially unaligned. (Aligned 93 out of 35449 bases)
		Alignment: 5520113 5520205 | 35357 35449 | 93 93 | 100.0 | Bacteroides_fragilis_3_1_12_gi_224485478_ref_NZ_ NODE_245_length_35449_cov_10.6698_ID_489
		Unaligned bases: 1 to 35356 (35356)

CONTIG: NODE_674_length_17100_cov_8.50302_ID_1347 (17100bp)
Top Length: 8199  Top ID: 99.66
		This contig is partially unaligned. (Aligned 8199 out of 17100 bases)
		Alignment: 5496337 5504532 | 10153 1955 | 8196 8199 | 99.66 | Bacteroides_fragilis_3_1_12_gi_224485478_ref_NZ_ NODE_674_length_17100_cov_8.50302_ID_1347
		Unaligned bases: 1 to 1954 (1954)
		Unaligned bases: 10154 to 17100 (6947)
		This contig has both significant aligned and unaligned parts (of length >= min-contig)! It can contain interspecies translocations

CONTIG: NODE_1153_length_10784_cov_6.05602_ID_2305 (10784bp)
Top Length: 2516  Top ID: 96.03
		This contig is partially unaligned. (Aligned 2516 out of 10784 bases)
		Alignment: 1398638 1401153 | 52 2567 | 2516 2516 | 96.03 | Bacteroides_fragilis_3_1_12_gi_224485478_ref_NZ_ NODE_1153_length_10784_cov_6.05602_ID_2305
		Unaligned bases: 1 to 51 (51)
		Unaligned bases: 2568 to 10784 (8217)
		This contig has both significant aligned and unaligned parts (of length >= min-contig)! It can contain interspecies translocations

CONTIG: NODE_1775_length_7378_cov_15.913_ID_3549 (7378bp)
Top Length: 1023  Top ID: 95.31
		This contig is partially unaligned. (Aligned 1023 out of 7378 bases)
		Alignment: 5520116 5521138 | 1722 2744 | 1023 1023 | 95.31 | Bacteroides_fragilis_3_1_12_gi_224485478_ref_NZ_ NODE_1775_length_7378_cov_15.913_ID_3549
		Unaligned bases: 1 to 1721 (1721)
		Unaligned bases: 2745 to 7378 (4634)
		This contig has both significant aligned and unaligned parts (of length >= min-contig)! It can contain interspecies translocations

CONTIG: NODE_3356_length_4533_cov_1.55382_ID_6711 (4533bp)
Top Length: 4231  Top ID: 95.29
		This contig is partially unaligned. (Aligned 4231 out of 4533 bases)
		Alignment: 5393542 5397782 | 4533 303 | 4241 4231 | 95.29 | Bacteroides_fragilis_3_1_12_gi_224485478_ref_NZ_ NODE_3356_length_4533_cov_1.55382_ID_6711
		Unaligned bases: 1 to 302 (302)

CONTIG: NODE_3743_length_4167_cov_1.93628_ID_7485 (4167bp)
Top Length: 410  Top ID: 97.09
		This contig is partially unaligned. (Aligned 410 out of 4167 bases)
		Alignment: 1510013 1510424 | 515 106 | 412 410 | 97.09 | Bacteroides_fragilis_3_1_12_gi_224485478_ref_NZ_ NODE_3743_length_4167_cov_1.93628_ID_7485
		Unaligned bases: 1 to 105 (105)
		Unaligned bases: 516 to 4167 (3652)

CONTIG: NODE_6327_length_2738_cov_1.3921_ID_12653 (2738bp)
Top Length: 914  Top ID: 99.23
		This contig is partially unaligned. (Aligned 914 out of 2738 bases)
		Alignment: 1561731 1562645 | 1825 2738 | 915 914 | 99.23 | Bacteroides_fragilis_3_1_12_gi_224485478_ref_NZ_ NODE_6327_length_2738_cov_1.3921_ID_12653
		Unaligned bases: 1 to 1824 (1824)
		This contig has both significant aligned and unaligned parts (of length >= min-contig)! It can contain interspecies translocations

CONTIG: NODE_6882_length_2556_cov_1.44982_ID_13763 (2556bp)
Top Length: 1381  Top ID: 96.96
		This contig is partially unaligned. (Aligned 1381 out of 2556 bases)
		Alignment: 1381739 1383119 | 1381 1 | 1381 1381 | 96.96 | Bacteroides_fragilis_3_1_12_gi_224485478_ref_NZ_ NODE_6882_length_2556_cov_1.44982_ID_13763
		Unaligned bases: 1382 to 2556 (1175)
		This contig has both significant aligned and unaligned parts (of length >= min-contig)! It can contain interspecies translocations

CONTIG: NODE_7001_length_2521_cov_0.958637_ID_14001 (2521bp)
Top Length: 458  Top ID: 95.85
		This contig is partially unaligned. (Aligned 458 out of 2521 bases)
		Alignment: 181518 181975 | 1 458 | 458 458 | 95.85 | Bacteroides_fragilis_3_1_12_gi_224485478_ref_NZ_ NODE_7001_length_2521_cov_0.958637_ID_14001
		Unaligned bases: 459 to 2521 (2063)

CONTIG: NODE_7668_length_2325_cov_1.30837_ID_15335 (2325bp)
Top Length: 127  Top ID: 96.85
		This contig is partially unaligned. (Aligned 127 out of 2325 bases)
		Alignment: 1358951 1359077 | 130 4 | 127 127 | 96.85 | Bacteroides_fragilis_3_1_12_gi_224485478_ref_NZ_ NODE_7668_length_2325_cov_1.30837_ID_15335
		Unaligned bases: 1 to 3 (3)
		Unaligned bases: 131 to 2325 (2195)

CONTIG: NODE_7775_length_2298_cov_1.83816_ID_15549 (2298bp)
Top Length: 2298  Top ID: 98.13
		One align captures most of this contig: 5391924 5394221 | 1 2298 | 2298 2298 | 98.13 | Bacteroides_fragilis_3_1_12_gi_224485478_ref_NZ_ NODE_7775_length_2298_cov_1.83816_ID_15549

CONTIG: NODE_8516_length_2123_cov_1.01306_ID_17031 (2123bp)
Top Length: 333  Top ID: 95.2
		This contig is partially unaligned. (Aligned 333 out of 2123 bases)
		Alignment: 3079460 3079792 | 333 1 | 333 333 | 95.2 | Bacteroides_fragilis_3_1_12_gi_224485478_ref_NZ_ NODE_8516_length_2123_cov_1.01306_ID_17031
		Unaligned bases: 334 to 2123 (1790)

CONTIG: NODE_10071_length_1830_cov_1.11775_ID_20141 (1830bp)
Top Length: 1447  Top ID: 96.9
		This contig is partially unaligned. (Aligned 1447 out of 1830 bases)
		Alignment: 1510411 1511861 | 1453 7 | 1451 1447 | 96.9 | Bacteroides_fragilis_3_1_12_gi_224485478_ref_NZ_ NODE_10071_length_1830_cov_1.11775_ID_20141
		Unaligned bases: 1 to 6 (6)
		Unaligned bases: 1454 to 1830 (377)

CONTIG: NODE_10960_length_1696_cov_3.92322_ID_21919 (1696bp)
Top Length: 109  Top ID: 100.0
		This contig is partially unaligned. (Aligned 109 out of 1696 bases)
		Alignment: 1589900 1590008 | 1588 1696 | 109 109 | 100.0 | Bacteroides_fragilis_3_1_12_gi_224485478_ref_NZ_ NODE_10960_length_1696_cov_3.92322_ID_21919
		Unaligned bases: 1 to 1587 (1587)

CONTIG: NODE_14715_length_1289_cov_0.818476_ID_29429 (1289bp)
Top Length: 557  Top ID: 97.85
		Skipping redundant alignment 2375063 2375400 | 733 1070 | 338 338 | 97.93 | Bacteroides_fragilis_3_1_12_gi_224485478_ref_NZ_ NODE_14715_length_1289_cov_0.818476_ID_29429
		This contig is partially unaligned. (Aligned 557 out of 1289 bases)
		Alignment: 180965 181521 | 1289 733 | 557 557 | 97.85 | Bacteroides_fragilis_3_1_12_gi_224485478_ref_NZ_ NODE_14715_length_1289_cov_0.818476_ID_29429
		Unaligned bases: 1 to 732 (732)
		This contig has both significant aligned and unaligned parts (of length >= min-contig)! It can contain interspecies translocations

CONTIG: NODE_15242_length_1247_cov_0.862416_ID_30483 (1247bp)
Top Length: 235  Top ID: 99.15
		This contig is partially unaligned. (Aligned 235 out of 1247 bases)
		Alignment: 1384841 1385075 | 1013 1247 | 235 235 | 99.15 | Bacteroides_fragilis_3_1_12_gi_224485478_ref_NZ_ NODE_15242_length_1247_cov_0.862416_ID_30483
		Unaligned bases: 1 to 1012 (1012)

CONTIG: NODE_15487_length_1227_cov_0.616894_ID_30973 (1227bp)
Top Length: 283  Top ID: 95.05
		This contig is partially unaligned. (Aligned 283 out of 1227 bases)
		Alignment: 4772508 4772790 | 1226 944 | 283 283 | 95.05 | Bacteroides_fragilis_3_1_12_gi_224485478_ref_NZ_ NODE_15487_length_1227_cov_0.616894_ID_30973
		Unaligned bases: 1 to 943 (943)
		Unaligned bases: 1227 to 1227 (1)

CONTIG: NODE_15632_length_1216_cov_0.612403_ID_31263 (1216bp)
Top Length: 617  Top ID: 97.08
		This contig is misassembled. 2 total aligns.
			Real Alignment 1: 5512252 5512716 | 465 1 | 465 465 | 99.57 | Bacteroides_fragilis_3_1_12_gi_224485478_ref_NZ_ NODE_15632_length_1216_cov_0.612403_ID_31263
			  Fake misassembly between these two alignments: inconsistency = 9 , gap in the contig is small or absent or filled mostly with Ns (long indel: deletion of length 9; 0 mismatches)
			Real Alignment 2: 5511500 5512108 | 1216 600 | 609 617 | 97.08 | Bacteroides_fragilis_3_1_12_gi_224485478_ref_NZ_ NODE_15632_length_1216_cov_0.612403_ID_31263

CONTIG: NODE_17246_length_1110_cov_0.852133_ID_34491 (1110bp)
Top Length: 118  Top ID: 100.0
		This contig is partially unaligned. (Aligned 118 out of 1110 bases)
		Alignment: 1618956 1619073 | 215 332 | 118 118 | 100.0 | Bacteroides_fragilis_3_1_12_gi_224485478_ref_NZ_ NODE_17246_length_1110_cov_0.852133_ID_34491
		Unaligned bases: 1 to 214 (214)
		Unaligned bases: 333 to 1110 (778)

CONTIG: NODE_17879_length_1073_cov_0.904715_ID_35757 (1073bp)
Top Length: 130  Top ID: 99.23
		This contig is partially unaligned. (Aligned 130 out of 1073 bases)
		Alignment: 1319771 1319900 | 1 130 | 130 130 | 99.23 | Bacteroides_fragilis_3_1_12_gi_224485478_ref_NZ_ NODE_17879_length_1073_cov_0.904715_ID_35757
		Unaligned bases: 131 to 1073 (943)

CONTIG: NODE_18245_length_1052_cov_0.804413_ID_36489 (1052bp)
Top Length: 1052  Top ID: 97.72
		One align captures most of this contig: 4682468 4683519 | 1 1052 | 1052 1052 | 97.72 | Bacteroides_fragilis_3_1_12_gi_224485478_ref_NZ_ NODE_18245_length_1052_cov_0.804413_ID_36489

CONTIG: NODE_19900_length_967_cov_0.577851_ID_39799 (967bp)
Top Length: 121  Top ID: 98.35
		This contig is partially unaligned. (Aligned 121 out of 967 bases)
		Alignment: 433586 433705 | 294 174 | 120 121 | 98.35 | Bacteroides_fragilis_3_1_12_gi_224485478_ref_NZ_ NODE_19900_length_967_cov_0.577851_ID_39799
		Unaligned bases: 1 to 173 (173)
		Unaligned bases: 295 to 967 (673)

CONTIG: NODE_20480_length_938_cov_0.688562_ID_40959 (938bp)
Top Length: 253  Top ID: 95.26
		This contig is partially unaligned. (Aligned 253 out of 938 bases)
		Alignment: 5333509 5333761 | 1 253 | 253 253 | 95.26 | Bacteroides_fragilis_3_1_12_gi_224485478_ref_NZ_ NODE_20480_length_938_cov_0.688562_ID_40959
		Unaligned bases: 254 to 938 (685)

CONTIG: NODE_23302_length_834_cov_2.10141_ID_46603 (834bp)
Top Length: 834  Top ID: 95.6
		One align captures most of this contig: 5381774 5382611 | 834 1 | 838 834 | 95.6 | Bacteroides_fragilis_3_1_12_gi_224485478_ref_NZ_ NODE_23302_length_834_cov_2.10141_ID_46603

CONTIG: NODE_24256_length_798_cov_0.679677_ID_48511 (798bp)
Top Length: 798  Top ID: 97.55
		One align captures most of this contig: 1574510 1575326 | 1 798 | 817 798 | 97.55 | Bacteroides_fragilis_3_1_12_gi_224485478_ref_NZ_ NODE_24256_length_798_cov_0.679677_ID_48511

CONTIG: NODE_27009_length_717_cov_0.574018_ID_54017 (717bp)
Top Length: 398  Top ID: 95.73
		This contig is partially unaligned. (Aligned 398 out of 717 bases)
		Alignment: 2903977 2904374 | 4 401 | 398 398 | 95.73 | Bacteroides_fragilis_3_1_12_gi_224485478_ref_NZ_ NODE_27009_length_717_cov_0.574018_ID_54017
		Unaligned bases: 1 to 3 (3)
		Unaligned bases: 402 to 717 (316)

CONTIG: NODE_27048_length_716_cov_0.783661_ID_54095 (716bp)
Top Length: 716  Top ID: 96.37
		One align captures most of this contig: 5156637 5157352 | 716 1 | 716 716 | 96.37 | Bacteroides_fragilis_3_1_12_gi_224485478_ref_NZ_ NODE_27048_length_716_cov_0.783661_ID_54095

CONTIG: NODE_27244_length_711_cov_0.542683_ID_54487 (711bp)
Top Length: 380  Top ID: 98.16
		This contig is misassembled. 2 total aligns.
			Real Alignment 1: 4166715 4167094 | 20 399 | 380 380 | 98.16 | Bacteroides_fragilis_3_1_12_gi_224485478_ref_NZ_ NODE_27244_length_711_cov_0.542683_ID_54487
			  Fake misassembly between these two alignments: inconsistency = -1 , gap in the contig is small or absent or filled mostly with Ns (short indel: insertion of length 1; 0 mismatches)
			Real Alignment 2: 4167198 4167404 | 504 710 | 207 207 | 98.07 | Bacteroides_fragilis_3_1_12_gi_224485478_ref_NZ_ NODE_27244_length_711_cov_0.542683_ID_54487

CONTIG: NODE_29761_length_653_cov_0.66388_ID_59521 (653bp)
Top Length: 345  Top ID: 96.23
		This contig is misassembled. 2 total aligns.
			Real Alignment 1: 1376435 1376779 | 345 1 | 345 345 | 96.23 | Bacteroides_fragilis_3_1_12_gi_224485478_ref_NZ_ NODE_29761_length_653_cov_0.66388_ID_59521
			  Fake misassembly between these two alignments: inconsistency = 0 , gap in the contig is small or absent or filled mostly with Ns (no indel; 0 mismatches)
			Real Alignment 2: 1376127 1376347 | 653 433 | 221 221 | 99.1 | Bacteroides_fragilis_3_1_12_gi_224485478_ref_NZ_ NODE_29761_length_653_cov_0.66388_ID_59521

CONTIG: NODE_32400_length_605_cov_1.32364_ID_64799 (605bp)
Top Length: 605  Top ID: 98.84
		One align captures most of this contig: 1563063 1563667 | 1 605 | 605 605 | 98.84 | Bacteroides_fragilis_3_1_12_gi_224485478_ref_NZ_ NODE_32400_length_605_cov_1.32364_ID_64799

CONTIG: NODE_32500_length_603_cov_0.636861_ID_64999 (603bp)
Top Length: 261  Top ID: 95.02
		This contig is partially unaligned. (Aligned 261 out of 603 bases)
		Alignment: 2419401 2419660 | 343 603 | 260 261 | 95.02 | Bacteroides_fragilis_3_1_12_gi_224485478_ref_NZ_ NODE_32500_length_603_cov_0.636861_ID_64999
		Unaligned bases: 1 to 342 (342)

CONTIG: NODE_32731_length_599_cov_0.696691_ID_65461 (599bp)
Top Length: 303  Top ID: 96.7
		This contig is partially unaligned. (Aligned 303 out of 599 bases)
		Alignment: 1311494 1311796 | 599 297 | 303 303 | 96.7 | Bacteroides_fragilis_3_1_12_gi_224485478_ref_NZ_ NODE_32731_length_599_cov_0.696691_ID_65461
		Unaligned bases: 1 to 296 (296)

CONTIG: NODE_33099_length_594_cov_1.17069_ID_66197 (594bp)
Top Length: 590  Top ID: 99.32
		One align captures most of this contig: 576154 576743 | 594 5 | 590 590 | 99.32 | Bacteroides_fragilis_3_1_12_gi_224485478_ref_NZ_ NODE_33099_length_594_cov_1.17069_ID_66197

CONTIG: NODE_33779_length_583_cov_0.638258_ID_67557 (583bp)
Top Length: 583  Top ID: 96.4
		One align captures most of this contig: 4688573 4689152 | 1 583 | 580 583 | 96.4 | Bacteroides_fragilis_3_1_12_gi_224485478_ref_NZ_ NODE_33779_length_583_cov_0.638258_ID_67557

CONTIG: NODE_34254_length_576_cov_0.704415_ID_68507 (576bp)
Top Length: 287  Top ID: 96.86
		This contig is partially unaligned. (Aligned 287 out of 576 bases)
		Alignment: 28573 28859 | 1 287 | 287 287 | 96.86 | Bacteroides_fragilis_3_1_12_gi_224485478_ref_NZ_ NODE_34254_length_576_cov_0.704415_ID_68507
		Unaligned bases: 288 to 576 (289)

CONTIG: NODE_34366_length_575_cov_1.06154_ID_68731 (575bp)
Top Length: 306  Top ID: 99.67
		This contig is partially unaligned. (Aligned 306 out of 575 bases)
		Alignment: 571229 571535 | 270 575 | 307 306 | 99.67 | Bacteroides_fragilis_3_1_12_gi_224485478_ref_NZ_ NODE_34366_length_575_cov_1.06154_ID_68731
		Unaligned bases: 1 to 269 (269)

CONTIG: NODE_36479_length_547_cov_0.668699_ID_72957 (547bp)
Top Length: 250  Top ID: 99.2
		This contig is misassembled. 2 total aligns.
			Real Alignment 1: 4186136 4186287 | 1 152 | 152 152 | 98.68 | Bacteroides_fragilis_3_1_12_gi_224485478_ref_NZ_ NODE_36479_length_547_cov_0.668699_ID_72957
			  Fake misassembly between these two alignments: inconsistency = 4 , gap in the contig is small or absent or filled mostly with Ns (short indel: deletion of length 4; 69 mismatches)
			Real Alignment 2: 4186437 4186686 | 298 547 | 250 250 | 99.2 | Bacteroides_fragilis_3_1_12_gi_224485478_ref_NZ_ NODE_36479_length_547_cov_0.668699_ID_72957

CONTIG: NODE_36587_length_546_cov_0.608961_ID_73173 (546bp)
Top Length: 546  Top ID: 100.0
		One align captures most of this contig: 1581338 1581883 | 546 1 | 546 546 | 100.0 | Bacteroides_fragilis_3_1_12_gi_224485478_ref_NZ_ NODE_36587_length_546_cov_0.608961_ID_73173

CONTIG: NODE_36692_length_544_cov_0.95501_ID_73383 (544bp)
Top Length: 271  Top ID: 98.15
		This contig is partially unaligned. (Aligned 271 out of 544 bases)
		Alignment: 2985838 2986108 | 274 544 | 271 271 | 98.15 | Bacteroides_fragilis_3_1_12_gi_224485478_ref_NZ_ NODE_36692_length_544_cov_0.95501_ID_73383
		Unaligned bases: 1 to 273 (273)

CONTIG: NODE_36773_length_543_cov_0.657787_ID_73545 (543bp)
Top Length: 277  Top ID: 96.75
		This contig is partially unaligned. (Aligned 277 out of 543 bases)
		Alignment: 4170902 4171178 | 1 277 | 277 277 | 96.75 | Bacteroides_fragilis_3_1_12_gi_224485478_ref_NZ_ NODE_36773_length_543_cov_0.657787_ID_73545
		Unaligned bases: 278 to 543 (266)

CONTIG: NODE_37588_length_534_cov_0.949896_ID_75175 (534bp)
Top Length: 534  Top ID: 99.06
		One align captures most of this contig: 2049567 2050100 | 534 1 | 534 534 | 99.06 | Bacteroides_fragilis_3_1_12_gi_224485478_ref_NZ_ NODE_37588_length_534_cov_0.949896_ID_75175

CONTIG: NODE_37670_length_532_cov_0.48847_ID_75339 (532bp)
Top Length: 223  Top ID: 98.65
		This contig is misassembled. 2 total aligns.
			Real Alignment 1: 1456124 1456330 | 207 1 | 207 207 | 96.62 | Bacteroides_fragilis_3_1_12_gi_224485478_ref_NZ_ NODE_37670_length_532_cov_0.48847_ID_75339
			  Fake misassembly between these two alignments: inconsistency = 4 , gap in the contig is small or absent or filled mostly with Ns (short indel: deletion of length 4; 0 mismatches)
			Real Alignment 2: 1455795 1456017 | 532 310 | 223 223 | 98.65 | Bacteroides_fragilis_3_1_12_gi_224485478_ref_NZ_ NODE_37670_length_532_cov_0.48847_ID_75339

CONTIG: NODE_38454_length_523_cov_0.722222_ID_76907 (523bp)
Top Length: 523  Top ID: 97.32
		One align captures most of this contig: 32101 32623 | 1 523 | 523 523 | 97.32 | Bacteroides_fragilis_3_1_12_gi_224485478_ref_NZ_ NODE_38454_length_523_cov_0.722222_ID_76907

CONTIG: NODE_39084_length_516_cov_0.752711_ID_78167 (516bp)
Top Length: 218  Top ID: 95.41
		This contig is partially unaligned. (Aligned 218 out of 516 bases)
		Alignment: 1157316 1157533 | 218 1 | 218 218 | 95.41 | Bacteroides_fragilis_3_1_12_gi_224485478_ref_NZ_ NODE_39084_length_516_cov_0.752711_ID_78167
		Unaligned bases: 219 to 516 (298)

CONTIG: NODE_40270_length_503_cov_0.803571_ID_80539 (503bp)
Top Length: 503  Top ID: 98.21
		One align captures most of this contig: 4809962 4810464 | 503 1 | 503 503 | 98.21 | Bacteroides_fragilis_3_1_12_gi_224485478_ref_NZ_ NODE_40270_length_503_cov_0.803571_ID_80539

CONTIG: NODE_40320_length_502_cov_0.465324_ID_80639 (502bp)
Top Length: 218  Top ID: 96.79
		This contig is partially unaligned. (Aligned 218 out of 502 bases)
		Alignment: 1717847 1718064 | 1 218 | 218 218 | 96.79 | Bacteroides_fragilis_3_1_12_gi_224485478_ref_NZ_ NODE_40320_length_502_cov_0.465324_ID_80639
		Unaligned bases: 219 to 502 (284)

Analyzing coverage...
Writing SNPs into /Molly/gurevich/MetaQUAST/res_final/res_metahit_final/runs_per_reference/Bacteroides_fragilis_3_1_12/contigs_reports/nucmer_output/SPAdes.used_snps
	Reference Bacteroides_fragilis_3_1_12_gi_224485478_ref_NZ_: 58 total alignments. 1 total regions.
		Region: 1 to 5530115 (5530115 bp)
			START in gap: 1 to 28573 (28572 bp)
			Align 1: 28573 28859 NODE_34254_length_576_cov_0.704415_ID_68507 1 287
				Gap between this and next alignment: 28859 to 32101 (3241 bp)
				Next Alignment: 32101 32623 NODE_38454_length_523_cov_0.722222_ID_76907 1 523

			Align 2: 32101 32623 NODE_38454_length_523_cov_0.722222_ID_76907 1 523
				Gap between this and next alignment: 32623 to 180965 (148341 bp)
				Next Alignment: 180965 181521 NODE_14715_length_1289_cov_0.818476_ID_29429 1289 733

			Align 3: 180965 181521 NODE_14715_length_1289_cov_0.818476_ID_29429 1289 733
				Negative gap (overlap) between this and next alignment: 181521 to 181518 (-3 bp)
				Next Alignment: 181518 181975 NODE_7001_length_2521_cov_0.958637_ID_14001 1 458

			Previous gap was negative, modifying coordinates to ignore overlap
				Moving contig start from 1 to 5.
			Align 4: 181522 181975 NODE_7001_length_2521_cov_0.958637_ID_14001 5 458
				Gap between this and next alignment: 181975 to 433586 (251610 bp)
				Next Alignment: 433586 433705 NODE_19900_length_967_cov_0.577851_ID_39799 294 174

			Align 5: 433586 433705 NODE_19900_length_967_cov_0.577851_ID_39799 294 174
				Gap between this and next alignment: 433705 to 571229 (137523 bp)
				Next Alignment: 571229 571535 NODE_34366_length_575_cov_1.06154_ID_68731 270 575

			Align 6: 571229 571535 NODE_34366_length_575_cov_1.06154_ID_68731 270 575
				Gap between this and next alignment: 571535 to 576154 (4618 bp)
				Next Alignment: 576154 576743 NODE_33099_length_594_cov_1.17069_ID_66197 594 5

			Align 7: 576154 576743 NODE_33099_length_594_cov_1.17069_ID_66197 594 5
				Gap between this and next alignment: 576743 to 840259 (263515 bp)
				Next Alignment: 840259 846494 NODE_3_length_179778_cov_11.9748_ID_5 95896 102131

			Align 8: 840259 846494 NODE_3_length_179778_cov_11.9748_ID_5 95896 102131
				Gap between this and next alignment: 846494 to 849006 (2511 bp)
				Next Alignment: 849006 857855 NODE_3_length_179778_cov_11.9748_ID_5 102158 111007

			Align 9: 849006 857855 NODE_3_length_179778_cov_11.9748_ID_5 102158 111007
				Negative gap (overlap) between this and next alignment: 857855 to 857849 (-6 bp)
				Next Alignment: 857849 906887 NODE_3_length_179778_cov_11.9748_ID_5 130211 179253

			Previous gap was negative, modifying coordinates to ignore overlap
				Moving contig start from 130211 to 130218.
			Align 10: 857856 906887 NODE_3_length_179778_cov_11.9748_ID_5 130218 179253
				Gap between this and next alignment: 906887 to 1157316 (250428 bp)
				Next Alignment: 1157316 1157533 NODE_39084_length_516_cov_0.752711_ID_78167 218 1

			Align 11: 1157316 1157533 NODE_39084_length_516_cov_0.752711_ID_78167 218 1
				Gap between this and next alignment: 1157533 to 1311494 (153960 bp)
				Next Alignment: 1311494 1311796 NODE_32731_length_599_cov_0.696691_ID_65461 599 297

			Align 12: 1311494 1311796 NODE_32731_length_599_cov_0.696691_ID_65461 599 297
				Gap between this and next alignment: 1311796 to 1319771 (7974 bp)
				Next Alignment: 1319771 1319900 NODE_17879_length_1073_cov_0.904715_ID_35757 1 130

			Align 13: 1319771 1319900 NODE_17879_length_1073_cov_0.904715_ID_35757 1 130
				Gap between this and next alignment: 1319900 to 1358951 (39050 bp)
				Next Alignment: 1358951 1359077 NODE_7668_length_2325_cov_1.30837_ID_15335 130 4

			Align 14: 1358951 1359077 NODE_7668_length_2325_cov_1.30837_ID_15335 130 4
				Gap between this and next alignment: 1359077 to 1376127 (17049 bp)
				Next Alignment: 1376127 1376347 NODE_29761_length_653_cov_0.66388_ID_59521 653 433

			Align 15: 1376127 1376347 NODE_29761_length_653_cov_0.66388_ID_59521 653 433
				Gap between this and next alignment: 1376347 to 1376435 (87 bp)
				Next Alignment: 1376435 1376779 NODE_29761_length_653_cov_0.66388_ID_59521 345 1

			Align 16: 1376435 1376779 NODE_29761_length_653_cov_0.66388_ID_59521 345 1
				Gap between this and next alignment: 1376779 to 1381739 (4959 bp)
				Next Alignment: 1381739 1383119 NODE_6882_length_2556_cov_1.44982_ID_13763 1381 1

			Align 17: 1381739 1383119 NODE_6882_length_2556_cov_1.44982_ID_13763 1381 1
				Gap between this and next alignment: 1383119 to 1384841 (1721 bp)
				Next Alignment: 1384841 1385075 NODE_15242_length_1247_cov_0.862416_ID_30483 1013 1247

			Align 18: 1384841 1385075 NODE_15242_length_1247_cov_0.862416_ID_30483 1013 1247
				Gap between this and next alignment: 1385075 to 1398638 (13562 bp)
				Next Alignment: 1398638 1401153 NODE_1153_length_10784_cov_6.05602_ID_2305 52 2567

			Align 19: 1398638 1401153 NODE_1153_length_10784_cov_6.05602_ID_2305 52 2567
				Gap between this and next alignment: 1401153 to 1455795 (54641 bp)
				Next Alignment: 1455795 1456017 NODE_37670_length_532_cov_0.48847_ID_75339 532 310

			Align 20: 1455795 1456017 NODE_37670_length_532_cov_0.48847_ID_75339 532 310
				Gap between this and next alignment: 1456017 to 1456124 (106 bp)
				Next Alignment: 1456124 1456330 NODE_37670_length_532_cov_0.48847_ID_75339 207 1

			Align 21: 1456124 1456330 NODE_37670_length_532_cov_0.48847_ID_75339 207 1
				Gap between this and next alignment: 1456330 to 1510013 (53682 bp)
				Next Alignment: 1510013 1510424 NODE_3743_length_4167_cov_1.93628_ID_7485 515 106

			Align 22: 1510013 1510424 NODE_3743_length_4167_cov_1.93628_ID_7485 515 106
				Negative gap (overlap) between this and next alignment: 1510424 to 1510411 (-13 bp)
				Next Alignment: 1510411 1511861 NODE_10071_length_1830_cov_1.11775_ID_20141 1453 7

			Previous gap was negative, modifying coordinates to ignore overlap
				Moving contig start from 1453 to 1439.
			Align 23: 1510425 1511861 NODE_10071_length_1830_cov_1.11775_ID_20141 1439 7
				Gap between this and next alignment: 1511861 to 1561731 (49869 bp)
				Next Alignment: 1561731 1562645 NODE_6327_length_2738_cov_1.3921_ID_12653 1825 2738

			Align 24: 1561731 1562645 NODE_6327_length_2738_cov_1.3921_ID_12653 1825 2738
				Gap between this and next alignment: 1562645 to 1563063 (417 bp)
				Next Alignment: 1563063 1563667 NODE_32400_length_605_cov_1.32364_ID_64799 1 605

			Align 25: 1563063 1563667 NODE_32400_length_605_cov_1.32364_ID_64799 1 605
				Gap between this and next alignment: 1563667 to 1574510 (10842 bp)
				Next Alignment: 1574510 1575326 NODE_24256_length_798_cov_0.679677_ID_48511 1 798

			Align 26: 1574510 1575326 NODE_24256_length_798_cov_0.679677_ID_48511 1 798
				Gap between this and next alignment: 1575326 to 1581338 (6011 bp)
				Next Alignment: 1581338 1581883 NODE_36587_length_546_cov_0.608961_ID_73173 546 1

			Align 27: 1581338 1581883 NODE_36587_length_546_cov_0.608961_ID_73173 546 1
				Gap between this and next alignment: 1581883 to 1589900 (8016 bp)
				Next Alignment: 1589900 1590008 NODE_10960_length_1696_cov_3.92322_ID_21919 1588 1696

			Align 28: 1589900 1590008 NODE_10960_length_1696_cov_3.92322_ID_21919 1588 1696
				Gap between this and next alignment: 1590008 to 1618956 (28947 bp)
				Next Alignment: 1618956 1619073 NODE_17246_length_1110_cov_0.852133_ID_34491 215 332

			Align 29: 1618956 1619073 NODE_17246_length_1110_cov_0.852133_ID_34491 215 332
				Gap between this and next alignment: 1619073 to 1717847 (98773 bp)
				Next Alignment: 1717847 1718064 NODE_40320_length_502_cov_0.465324_ID_80639 1 218

			Align 30: 1717847 1718064 NODE_40320_length_502_cov_0.465324_ID_80639 1 218
				Gap between this and next alignment: 1718064 to 2049567 (331502 bp)
				Next Alignment: 2049567 2050100 NODE_37588_length_534_cov_0.949896_ID_75175 534 1

			Align 31: 2049567 2050100 NODE_37588_length_534_cov_0.949896_ID_75175 534 1
				Gap between this and next alignment: 2050100 to 2419401 (369300 bp)
				Next Alignment: 2419401 2419660 NODE_32500_length_603_cov_0.636861_ID_64999 343 603

			Align 32: 2419401 2419660 NODE_32500_length_603_cov_0.636861_ID_64999 343 603
				Gap between this and next alignment: 2419660 to 2903977 (484316 bp)
				Next Alignment: 2903977 2904374 NODE_27009_length_717_cov_0.574018_ID_54017 4 401

			Align 33: 2903977 2904374 NODE_27009_length_717_cov_0.574018_ID_54017 4 401
				Gap between this and next alignment: 2904374 to 2985838 (81463 bp)
				Next Alignment: 2985838 2986108 NODE_36692_length_544_cov_0.95501_ID_73383 274 544

			Align 34: 2985838 2986108 NODE_36692_length_544_cov_0.95501_ID_73383 274 544
				Gap between this and next alignment: 2986108 to 3079460 (93351 bp)
				Next Alignment: 3079460 3079792 NODE_8516_length_2123_cov_1.01306_ID_17031 333 1

			Align 35: 3079460 3079792 NODE_8516_length_2123_cov_1.01306_ID_17031 333 1
				Gap between this and next alignment: 3079792 to 4166715 (1086922 bp)
				Next Alignment: 4166715 4167094 NODE_27244_length_711_cov_0.542683_ID_54487 20 399

			Align 36: 4166715 4167094 NODE_27244_length_711_cov_0.542683_ID_54487 20 399
				Gap between this and next alignment: 4167094 to 4167198 (103 bp)
				Next Alignment: 4167198 4167404 NODE_27244_length_711_cov_0.542683_ID_54487 504 710

			Align 37: 4167198 4167404 NODE_27244_length_711_cov_0.542683_ID_54487 504 710
				Gap between this and next alignment: 4167404 to 4170902 (3497 bp)
				Next Alignment: 4170902 4171178 NODE_36773_length_543_cov_0.657787_ID_73545 1 277

			Align 38: 4170902 4171178 NODE_36773_length_543_cov_0.657787_ID_73545 1 277
				Gap between this and next alignment: 4171178 to 4186136 (14957 bp)
				Next Alignment: 4186136 4186287 NODE_36479_length_547_cov_0.668699_ID_72957 1 152

			Align 39: 4186136 4186287 NODE_36479_length_547_cov_0.668699_ID_72957 1 152
				Gap between this and next alignment: 4186287 to 4186437 (149 bp)
				Next Alignment: 4186437 4186686 NODE_36479_length_547_cov_0.668699_ID_72957 298 547

			Align 40: 4186437 4186686 NODE_36479_length_547_cov_0.668699_ID_72957 298 547
				Gap between this and next alignment: 4186686 to 4682468 (495781 bp)
				Next Alignment: 4682468 4683519 NODE_18245_length_1052_cov_0.804413_ID_36489 1 1052

			Align 41: 4682468 4683519 NODE_18245_length_1052_cov_0.804413_ID_36489 1 1052
				Gap between this and next alignment: 4683519 to 4688573 (5053 bp)
				Next Alignment: 4688573 4689152 NODE_33779_length_583_cov_0.638258_ID_67557 1 583

			Align 42: 4688573 4689152 NODE_33779_length_583_cov_0.638258_ID_67557 1 583
				Gap between this and next alignment: 4689152 to 4772508 (83355 bp)
				Next Alignment: 4772508 4772790 NODE_15487_length_1227_cov_0.616894_ID_30973 1226 944

			Align 43: 4772508 4772790 NODE_15487_length_1227_cov_0.616894_ID_30973 1226 944
				Gap between this and next alignment: 4772790 to 4809962 (37171 bp)
				Next Alignment: 4809962 4810464 NODE_40270_length_503_cov_0.803571_ID_80539 503 1

			Align 44: 4809962 4810464 NODE_40270_length_503_cov_0.803571_ID_80539 503 1
				Gap between this and next alignment: 4810464 to 5156637 (346172 bp)
				Next Alignment: 5156637 5157352 NODE_27048_length_716_cov_0.783661_ID_54095 716 1

			Align 45: 5156637 5157352 NODE_27048_length_716_cov_0.783661_ID_54095 716 1
				Gap between this and next alignment: 5157352 to 5333509 (176156 bp)
				Next Alignment: 5333509 5333761 NODE_20480_length_938_cov_0.688562_ID_40959 1 253

			Align 46: 5333509 5333761 NODE_20480_length_938_cov_0.688562_ID_40959 1 253
				Gap between this and next alignment: 5333761 to 5381774 (48012 bp)
				Next Alignment: 5381774 5382611 NODE_23302_length_834_cov_2.10141_ID_46603 834 1

			Align 47: 5381774 5382611 NODE_23302_length_834_cov_2.10141_ID_46603 834 1
				Gap between this and next alignment: 5382611 to 5391924 (9312 bp)
				Next Alignment: 5391924 5394221 NODE_7775_length_2298_cov_1.83816_ID_15549 1 2298

			Align 48: 5391924 5394221 NODE_7775_length_2298_cov_1.83816_ID_15549 1 2298
				Negative gap (overlap) between this and next alignment: 5394221 to 5393542 (-679 bp)
				Next Alignment: 5393542 5397782 NODE_3356_length_4533_cov_1.55382_ID_6711 4533 303

			Previous gap was negative, modifying coordinates to ignore overlap
				Moving contig start from 4533 to 3853.
			Align 49: 5394222 5397782 NODE_3356_length_4533_cov_1.55382_ID_6711 3853 303
				Gap between this and next alignment: 5397782 to 5496337 (98554 bp)
				Next Alignment: 5496337 5504532 NODE_674_length_17100_cov_8.50302_ID_1347 10153 1955

			Align 50: 5496337 5504532 NODE_674_length_17100_cov_8.50302_ID_1347 10153 1955
				Negative gap (overlap) between this and next alignment: 5504532 to 5504531 (-1 bp)
				Next Alignment: 5504531 5505913 NODE_234_length_36189_cov_5.40223_ID_467 3256 4638

			Previous gap was negative, modifying coordinates to ignore overlap
				Moving contig start from 3256 to 3258.
			Align 51: 5504533 5505913 NODE_234_length_36189_cov_5.40223_ID_467 3258 4638
				Gap between this and next alignment: 5505913 to 5511500 (5586 bp)
				Next Alignment: 5511500 5512108 NODE_15632_length_1216_cov_0.612403_ID_31263 1216 600

			Align 52: 5511500 5512108 NODE_15632_length_1216_cov_0.612403_ID_31263 1216 600
				Gap between this and next alignment: 5512108 to 5512252 (143 bp)
				Next Alignment: 5512252 5512716 NODE_15632_length_1216_cov_0.612403_ID_31263 465 1

			Align 53: 5512252 5512716 NODE_15632_length_1216_cov_0.612403_ID_31263 465 1
				Gap between this and next alignment: 5512716 to 5520113 (7396 bp)
				Next Alignment: 5520113 5520205 NODE_18_length_116588_cov_10.6324_ID_35 116496 116588

			Align 54: 5520113 5520205 NODE_18_length_116588_cov_10.6324_ID_35 116496 116588
				Negative gap (overlap) between this and next alignment: 5520205 to 5520113 (-92 bp)
				Next Alignment: 5520113 5520259 NODE_231_length_36845_cov_7.91201_ID_461 13413 13558

			Previous gap was negative, modifying coordinates to ignore overlap
				Moving contig start from 13413 to 13505.
			Align 55: 5520206 5520259 NODE_231_length_36845_cov_7.91201_ID_461 13505 13558
				The next alignment (5520113 5520205 NODE_245_length_35449_cov_10.6698_ID_489 35357 35449) is redundant. Skipping.
				Negative gap (overlap) between this and next alignment: 5520259 to 5520116 (-143 bp)
				Next Alignment: 5520116 5521138 NODE_1775_length_7378_cov_15.913_ID_3549 1722 2744

			Previous gap was negative, modifying coordinates to ignore overlap
				Moving contig start from 1722 to 1866.
			Align 57: 5520260 5521138 NODE_1775_length_7378_cov_15.913_ID_3549 1866 2744
				The next alignment (5520268 5521138 NODE_74_length_66302_cov_10.6112_ID_147 735 1605) is redundant. Skipping.

Analysis is finished!
Founded SNPs were written into /Molly/gurevich/MetaQUAST/res_final/res_metahit_final/runs_per_reference/Bacteroides_fragilis_3_1_12/contigs_reports/nucmer_output/SPAdes.used_snps

Results:
	Local Misassemblies: 0
	Misassemblies: 0
		Relocations: 0
		Translocations: 0
		Inversions: 0
	Fake misassemblies matched with structural variations: 0
	Misassembled Contigs: 0
	Misassembled Contig Bases: 0
	Misassemblies Inter-Contig Overlap: 0
Uncovered Regions: 0 (0)
Unaligned Contigs: 0 + 34 part
Partially Unaligned Contigs with Misassemblies: 1
Unaligned Contig Bases: 451829

Ambiguously Mapped Contigs: 0
Total Bases in Ambiguously Mapped Contigs: 0
Note that --allow-ambiguity option was set to "one" and only first alignment per each contig was used.

	Covered Bases: 102862

	SNPs: 877
	Insertions: 29
	Deletions: 66

	Positive Gaps: 49
		Internal Gaps:  6
		External Gaps:  43
		External Gap Total:  5415177
		External Gap Average: 125934
	Negative Gaps: 7
		Internal Overlaps:  1
		External Overlaps:  6
		External Overlaps Total: -931
		External Overlaps Average: -155
	Contigs with Redundant Alignments: 2 (964)
