Aligning contigs to reference...
	Using existing Nucmer alignments...
Parsing coords...
Loading reference...
	Loaded [Sphingopyxis_sp_MC1_gi_489129128_ref_NZ_]
	Loaded [Sphingopyxis_sp_MC1_gi_489130951_ref_NZ_]
	Loaded [Sphingopyxis_sp_MC1_gi_489132705_ref_NZ_]
	Loaded [Sphingopyxis_sp_MC1_gi_489133619_ref_NZ_]
	Loaded [Sphingopyxis_sp_MC1_gi_489134126_ref_NZ_]
	Loaded [Sphingopyxis_sp_MC1_gi_489135109_ref_NZ_]
	Loaded [Sphingopyxis_sp_MC1_gi_489135343_ref_NZ_]
	Loaded [Sphingopyxis_sp_MC1_gi_489137403_ref_NZ_]
	Loaded [Sphingopyxis_sp_MC1_gi_489138205_ref_NZ_]
	Loaded [Sphingopyxis_sp_MC1_gi_489138704_ref_NZ_]
	Loaded [Sphingopyxis_sp_MC1_gi_489138839_ref_NZ_]
	Loaded [Sphingopyxis_sp_MC1_gi_489138992_ref_NZ_]
	Loaded [Sphingopyxis_sp_MC1_gi_489139047_ref_NZ_]
	Loaded [Sphingopyxis_sp_MC1_gi_489139498_ref_NZ_]
	Loaded [Sphingopyxis_sp_MC1_gi_489139870_ref_NZ_]
	Loaded [Sphingopyxis_sp_MC1_gi_489140718_ref_NZ_]
	Loaded [Sphingopyxis_sp_MC1_gi_489140968_ref_NZ_]
	Loaded [Sphingopyxis_sp_MC1_gi_489141072_ref_NZ_]
	Loaded [Sphingopyxis_sp_MC1_gi_489141135_ref_NZ_]
	Loaded [Sphingopyxis_sp_MC1_gi_489141243_ref_NZ_]
	Loaded [Sphingopyxis_sp_MC1_gi_489141330_ref_NZ_]
	Loaded [Sphingopyxis_sp_MC1_gi_489142006_ref_NZ_]
	Loaded [Sphingopyxis_sp_MC1_gi_489142610_ref_NZ_]
	Loaded [Sphingopyxis_sp_MC1_gi_489143075_ref_NZ_]
Loading SNPs...
Loading regions...
	No regions given, using whole reference.
	Total Regions: 24
	Total Region Length: 3653464
Analyzing contigs...
CONTIG: scaffold3147__2.0 (532bp)
Top Length: 532  Top ID: 98.31
		One align captures most of this contig: 53289 53812 | 1 532 | 524 532 | 98.31 | Sphingopyxis_sp_MC1_gi_489137403_ref_NZ_ scaffold3147__2.0

CONTIG: scaffold6745__1.0 (512bp)
Top Length: 511  Top ID: 97.87
		One align captures most of this contig: 91022 91537 | 1 511 | 516 511 | 97.87 | Sphingopyxis_sp_MC1_gi_489137403_ref_NZ_ scaffold6745__1.0

CONTIG: C8213721__2.0 (504bp)
Top Length: 504  Top ID: 99.6
		One align captures most of this contig: 53826 54329 | 504 1 | 504 504 | 99.6 | Sphingopyxis_sp_MC1_gi_489137403_ref_NZ_ C8213721__2.0

CONTIG: C8216525__1.0 (523bp)
Top Length: 523  Top ID: 99.81
		One align captures most of this contig: 100827 101349 | 1 523 | 523 523 | 99.81 | Sphingopyxis_sp_MC1_gi_489137403_ref_NZ_ C8216525__1.0

CONTIG: C8216619__2.0 (524bp)
Top Length: 524  Top ID: 99.43
		One align captures most of this contig: 141502 142025 | 524 1 | 524 524 | 99.43 | Sphingopyxis_sp_MC1_gi_489137403_ref_NZ_ C8216619__2.0

CONTIG: C8218733__2.0 (539bp)
Top Length: 539  Top ID: 98.89
		One align captures most of this contig: 14492 15030 | 539 1 | 539 539 | 98.89 | Sphingopyxis_sp_MC1_gi_489137403_ref_NZ_ C8218733__2.0

CONTIG: C8219855__1.0 (547bp)
Top Length: 547  Top ID: 99.82
		One align captures most of this contig: 210671 211217 | 547 1 | 547 547 | 99.82 | Sphingopyxis_sp_MC1_gi_489137403_ref_NZ_ C8219855__1.0

CONTIG: C8244835__1.0 (816bp)
Top Length: 816  Top ID: 99.39
		One align captures most of this contig: 233601 234416 | 816 1 | 816 816 | 99.39 | Sphingopyxis_sp_MC1_gi_489137403_ref_NZ_ C8244835__1.0

CONTIG: C8214033__1.0 (506bp)
Top Length: 506  Top ID: 99.01
		One align captures most of this contig: 92270 92775 | 506 1 | 506 506 | 99.01 | Sphingopyxis_sp_MC1_gi_489139498_ref_NZ_ C8214033__1.0

CONTIG: C8221177__2.0 (557bp)
Top Length: 557  Top ID: 100.0
		One align captures most of this contig: 59802 60358 | 557 1 | 557 557 | 100.0 | Sphingopyxis_sp_MC1_gi_489139498_ref_NZ_ C8221177__2.0

CONTIG: C8229269__1.0 (626bp)
Top Length: 626  Top ID: 99.84
		One align captures most of this contig: 36478 37103 | 626 1 | 626 626 | 99.84 | Sphingopyxis_sp_MC1_gi_489139498_ref_NZ_ C8229269__1.0

CONTIG: C8240355__1.0 (752bp)
Top Length: 752  Top ID: 99.6
		One align captures most of this contig: 42988 43739 | 752 1 | 752 752 | 99.6 | Sphingopyxis_sp_MC1_gi_489139498_ref_NZ_ C8240355__1.0

CONTIG: scaffold8092__2.0 (508bp)
Top Length: 508  Top ID: 97.5
		One align captures most of this contig: 117688 118207 | 1 508 | 520 508 | 97.5 | Sphingopyxis_sp_MC1_gi_489138205_ref_NZ_ scaffold8092__2.0

CONTIG: C8213587__2.0 (503bp)
Top Length: 503  Top ID: 100.0
		One align captures most of this contig: 105930 106432 | 503 1 | 503 503 | 100.0 | Sphingopyxis_sp_MC1_gi_489138205_ref_NZ_ C8213587__2.0

CONTIG: C8214007__1.0 (506bp)
Top Length: 506  Top ID: 99.41
		One align captures most of this contig: 60100 60605 | 506 1 | 506 506 | 99.41 | Sphingopyxis_sp_MC1_gi_489138205_ref_NZ_ C8214007__1.0

CONTIG: C8217857__1.0 (532bp)
Top Length: 532  Top ID: 99.62
		One align captures most of this contig: 187684 188215 | 1 532 | 532 532 | 99.62 | Sphingopyxis_sp_MC1_gi_489138205_ref_NZ_ C8217857__1.0

CONTIG: C8230759__0.0 (641bp)
Top Length: 641  Top ID: 99.22
		One align captures most of this contig: 72599 73239 | 1 641 | 641 641 | 99.22 | Sphingopyxis_sp_MC1_gi_489138205_ref_NZ_ C8230759__0.0

CONTIG: C8241979__1.0 (775bp)
Top Length: 775  Top ID: 98.97
		One align captures most of this contig: 115945 116719 | 775 1 | 775 775 | 98.97 | Sphingopyxis_sp_MC1_gi_489138205_ref_NZ_ C8241979__1.0

CONTIG: C8213821__3.0 (505bp)
Top Length: 505  Top ID: 99.8
		One align captures most of this contig: 95082 95586 | 1 505 | 505 505 | 99.8 | Sphingopyxis_sp_MC1_gi_489140718_ref_NZ_ C8213821__3.0

CONTIG: C8215041__1.0 (513bp)
Top Length: 513  Top ID: 99.61
		One align captures most of this contig: 46247 46759 | 513 1 | 513 513 | 99.61 | Sphingopyxis_sp_MC1_gi_489140718_ref_NZ_ C8215041__1.0

CONTIG: C8228635__1.0 (620bp)
Top Length: 620  Top ID: 100.0
		One align captures most of this contig: 19353 19972 | 620 1 | 620 620 | 100.0 | Sphingopyxis_sp_MC1_gi_489140718_ref_NZ_ C8228635__1.0

CONTIG: C8214157__2.0 (507bp)
Top Length: 507  Top ID: 99.8
		One align captures most of this contig: 36155 36661 | 1 507 | 507 507 | 99.8 | Sphingopyxis_sp_MC1_gi_489143075_ref_NZ_ C8214157__2.0

CONTIG: C8216827__1.0 (525bp)
Top Length: 525  Top ID: 99.62
		One align captures most of this contig: 60809 61333 | 525 1 | 525 525 | 99.62 | Sphingopyxis_sp_MC1_gi_489143075_ref_NZ_ C8216827__1.0

CONTIG: C8228273__1.0 (617bp)
Top Length: 617  Top ID: 99.68
		One align captures most of this contig: 7527 8143 | 617 1 | 617 617 | 99.68 | Sphingopyxis_sp_MC1_gi_489143075_ref_NZ_ C8228273__1.0

CONTIG: C8213813__2.0 (505bp)
Top Length: 505  Top ID: 99.8
		One align captures most of this contig: 126612 127116 | 505 1 | 505 505 | 99.8 | Sphingopyxis_sp_MC1_gi_489134126_ref_NZ_ C8213813__2.0

CONTIG: C8224451__2.0 (584bp)
Top Length: 584  Top ID: 99.83
		One align captures most of this contig: 14641 15224 | 1 584 | 584 584 | 99.83 | Sphingopyxis_sp_MC1_gi_489134126_ref_NZ_ C8224451__2.0

CONTIG: scaffold428__2.0 (584bp)
Top Length: 584  Top ID: 98.14
		One align captures most of this contig: 458469 459060 | 584 1 | 592 584 | 98.14 | Sphingopyxis_sp_MC1_gi_489130951_ref_NZ_ scaffold428__2.0

CONTIG: scaffold793__1.1 (570bp)
Top Length: 570  Top ID: 96.74
		One align captures most of this contig: 136990 137571 | 1 570 | 582 570 | 96.74 | Sphingopyxis_sp_MC1_gi_489130951_ref_NZ_ scaffold793__1.1

CONTIG: scaffold1651__2.0 (521bp)
Top Length: 521  Top ID: 96.62
		One align captures most of this contig: 143771 144303 | 521 1 | 533 521 | 96.62 | Sphingopyxis_sp_MC1_gi_489130951_ref_NZ_ scaffold1651__2.0

CONTIG: scaffold2991__1.6 (573bp)
Top Length: 573  Top ID: 97.42
		One align captures most of this contig: 422593 423173 | 573 1 | 581 573 | 97.42 | Sphingopyxis_sp_MC1_gi_489130951_ref_NZ_ scaffold2991__1.6

CONTIG: scaffold6675__1.0 (525bp)
Top Length: 525  Top ID: 96.11
		One align captures most of this contig: 235052 235591 | 1 525 | 540 525 | 96.11 | Sphingopyxis_sp_MC1_gi_489130951_ref_NZ_ scaffold6675__1.0

CONTIG: scaffold8560__1.5 (571bp)
Top Length: 571  Top ID: 97.58
		One align captures most of this contig: 265885 266462 | 571 1 | 578 571 | 97.58 | Sphingopyxis_sp_MC1_gi_489130951_ref_NZ_ scaffold8560__1.5

CONTIG: C8213437__2.0 (503bp)
Top Length: 503  Top ID: 99.8
		One align captures most of this contig: 65662 66164 | 1 503 | 503 503 | 99.8 | Sphingopyxis_sp_MC1_gi_489130951_ref_NZ_ C8213437__2.0

CONTIG: C8214875__2.0 (512bp)
Top Length: 512  Top ID: 100.0
		One align captures most of this contig: 87276 87787 | 512 1 | 512 512 | 100.0 | Sphingopyxis_sp_MC1_gi_489130951_ref_NZ_ C8214875__2.0

CONTIG: C8216845__2.0 (526bp)
Top Length: 526  Top ID: 99.62
		One align captures most of this contig: 82514 83039 | 526 1 | 526 526 | 99.62 | Sphingopyxis_sp_MC1_gi_489130951_ref_NZ_ C8216845__2.0

CONTIG: C8220881__2.0 (555bp)
Top Length: 555  Top ID: 99.82
		One align captures most of this contig: 290778 291332 | 555 1 | 555 555 | 99.82 | Sphingopyxis_sp_MC1_gi_489130951_ref_NZ_ C8220881__2.0

CONTIG: C8222123__3.0 (564bp)
Top Length: 564  Top ID: 99.65
		One align captures most of this contig: 167315 167878 | 1 564 | 564 564 | 99.65 | Sphingopyxis_sp_MC1_gi_489130951_ref_NZ_ C8222123__3.0

CONTIG: C8225451__2.0 (592bp)
Top Length: 592  Top ID: 100.0
		One align captures most of this contig: 495610 496201 | 592 1 | 592 592 | 100.0 | Sphingopyxis_sp_MC1_gi_489130951_ref_NZ_ C8225451__2.0

CONTIG: C8226133__2.0 (598bp)
Top Length: 598  Top ID: 99.5
		One align captures most of this contig: 156558 157155 | 1 598 | 598 598 | 99.5 | Sphingopyxis_sp_MC1_gi_489130951_ref_NZ_ C8226133__2.0

CONTIG: C8235903__2.0 (698bp)
Top Length: 698  Top ID: 99.71
		One align captures most of this contig: 376438 377135 | 698 1 | 698 698 | 99.71 | Sphingopyxis_sp_MC1_gi_489130951_ref_NZ_ C8235903__2.0

CONTIG: C8237853__1.0 (721bp)
Top Length: 721  Top ID: 99.58
		One align captures most of this contig: 325774 326494 | 1 721 | 721 721 | 99.58 | Sphingopyxis_sp_MC1_gi_489130951_ref_NZ_ C8237853__1.0

CONTIG: scaffold595__2.2 (519bp)
Top Length: 519  Top ID: 98.84
		One align captures most of this contig: 29680 30193 | 519 1 | 514 519 | 98.84 | Sphingopyxis_sp_MC1_gi_489140968_ref_NZ_ scaffold595__2.2

CONTIG: C8227545__1.0 (610bp)
Top Length: 610  Top ID: 99.34
		One align captures most of this contig: 20196 20805 | 610 1 | 610 610 | 99.34 | Sphingopyxis_sp_MC1_gi_489140968_ref_NZ_ C8227545__1.0

CONTIG: scaffold6527__1.0 (583bp)
Top Length: 583  Top ID: 99.14
		One align captures most of this contig: 241756 242336 | 1 583 | 581 583 | 99.14 | Sphingopyxis_sp_MC1_gi_489132705_ref_NZ_ scaffold6527__1.0

CONTIG: scaffold6938__1.7 (675bp)
Top Length: 675  Top ID: 98.25
		One align captures most of this contig: 538324 539007 | 675 1 | 684 675 | 98.25 | Sphingopyxis_sp_MC1_gi_489132705_ref_NZ_ scaffold6938__1.7

CONTIG: scaffold7453__2.0 (540bp)
Top Length: 540  Top ID: 97.11
		One align captures most of this contig: 409474 410027 | 540 1 | 554 540 | 97.11 | Sphingopyxis_sp_MC1_gi_489132705_ref_NZ_ scaffold7453__2.0

CONTIG: scaffold7502__2.0 (622bp)
Top Length: 622  Top ID: 98.09
		One align captures most of this contig: 375523 376151 | 1 622 | 629 622 | 98.09 | Sphingopyxis_sp_MC1_gi_489132705_ref_NZ_ scaffold7502__2.0

CONTIG: C8214623__1.0 (510bp)
Top Length: 510  Top ID: 99.41
		One align captures most of this contig: 576078 576587 | 510 1 | 510 510 | 99.41 | Sphingopyxis_sp_MC1_gi_489132705_ref_NZ_ C8214623__1.0

CONTIG: C8215163__1.0 (514bp)
Top Length: 514  Top ID: 99.22
		One align captures most of this contig: 432750 433263 | 1 514 | 514 514 | 99.22 | Sphingopyxis_sp_MC1_gi_489132705_ref_NZ_ C8215163__1.0

CONTIG: C8218939__1.0 (540bp)
Top Length: 540  Top ID: 99.44
		One align captures most of this contig: 531561 532100 | 540 1 | 540 540 | 99.44 | Sphingopyxis_sp_MC1_gi_489132705_ref_NZ_ C8218939__1.0

CONTIG: C8219961__2.0 (548bp)
Top Length: 548  Top ID: 99.82
		One align captures most of this contig: 534581 535128 | 548 1 | 548 548 | 99.82 | Sphingopyxis_sp_MC1_gi_489132705_ref_NZ_ C8219961__2.0

CONTIG: C8221019__1.0 (556bp)
Top Length: 556  Top ID: 99.46
		One align captures most of this contig: 165456 166011 | 1 556 | 556 556 | 99.46 | Sphingopyxis_sp_MC1_gi_489132705_ref_NZ_ C8221019__1.0

CONTIG: C8222027__1.0 (564bp)
Top Length: 564  Top ID: 98.94
		One align captures most of this contig: 66902 67465 | 564 1 | 564 564 | 98.94 | Sphingopyxis_sp_MC1_gi_489132705_ref_NZ_ C8222027__1.0

CONTIG: C8222951__1.0 (572bp)
Top Length: 572  Top ID: 98.95
		One align captures most of this contig: 282631 283202 | 1 572 | 572 572 | 98.95 | Sphingopyxis_sp_MC1_gi_489132705_ref_NZ_ C8222951__1.0

CONTIG: C8228377__1.0 (618bp)
Top Length: 612  Top ID: 99.02
		One align captures most of this contig: 519216 519827 | 618 7 | 612 612 | 99.02 | Sphingopyxis_sp_MC1_gi_489132705_ref_NZ_ C8228377__1.0

CONTIG: C8230457__1.0 (638bp)
Top Length: 638  Top ID: 99.69
		One align captures most of this contig: 236405 237042 | 638 1 | 638 638 | 99.69 | Sphingopyxis_sp_MC1_gi_489132705_ref_NZ_ C8230457__1.0

CONTIG: C8233091__1.0 (667bp)
Top Length: 664  Top ID: 99.1
		One align captures most of this contig: 77580 78243 | 1 664 | 664 664 | 99.1 | Sphingopyxis_sp_MC1_gi_489132705_ref_NZ_ C8233091__1.0

CONTIG: C8215919__2.0 (519bp)
Top Length: 519  Top ID: 99.81
		One align captures most of this contig: 14249 14767 | 1 519 | 519 519 | 99.81 | Sphingopyxis_sp_MC1_gi_489139870_ref_NZ_ C8215919__2.0

CONTIG: C8228691__2.0 (621bp)
Top Length: 617  Top ID: 99.35
		One align captures most of this contig: 43652 44268 | 5 621 | 617 617 | 99.35 | Sphingopyxis_sp_MC1_gi_489139870_ref_NZ_ C8228691__2.0

CONTIG: scaffold7651__1.3 (764bp)
Top Length: 764  Top ID: 98.07
		One align captures most of this contig: 111405 112181 | 1 764 | 777 764 | 98.07 | Sphingopyxis_sp_MC1_gi_489133619_ref_NZ_ scaffold7651__1.3

CONTIG: C8213249__2.0 (501bp)
Top Length: 501  Top ID: 99.4
		One align captures most of this contig: 38954 39454 | 1 501 | 501 501 | 99.4 | Sphingopyxis_sp_MC1_gi_489133619_ref_NZ_ C8213249__2.0

CONTIG: C8215787__1.0 (518bp)
Top Length: 518  Top ID: 98.84
		One align captures most of this contig: 237091 237608 | 1 518 | 518 518 | 98.84 | Sphingopyxis_sp_MC1_gi_489133619_ref_NZ_ C8215787__1.0

CONTIG: C8217409__1.0 (529bp)
Top Length: 529  Top ID: 98.87
		One align captures most of this contig: 6039 6567 | 1 529 | 529 529 | 98.87 | Sphingopyxis_sp_MC1_gi_489133619_ref_NZ_ C8217409__1.0

CONTIG: C8217531__2.0 (530bp)
Top Length: 530  Top ID: 99.25
		One align captures most of this contig: 119319 119848 | 1 530 | 530 530 | 99.25 | Sphingopyxis_sp_MC1_gi_489133619_ref_NZ_ C8217531__2.0

CONTIG: C8221881__2.0 (562bp)
Top Length: 562  Top ID: 100.0
		One align captures most of this contig: 99539 100100 | 562 1 | 562 562 | 100.0 | Sphingopyxis_sp_MC1_gi_489133619_ref_NZ_ C8221881__2.0

CONTIG: C8223317__1.0 (575bp)
Top Length: 575  Top ID: 98.96
		One align captures most of this contig: 285395 285969 | 575 1 | 575 575 | 98.96 | Sphingopyxis_sp_MC1_gi_489133619_ref_NZ_ C8223317__1.0

CONTIG: C8240715__1.0 (757bp)
Top Length: 757  Top ID: 99.34
		One align captures most of this contig: 241552 242308 | 757 1 | 757 757 | 99.34 | Sphingopyxis_sp_MC1_gi_489133619_ref_NZ_ C8240715__1.0

CONTIG: C8230767__2.0 (641bp)
Top Length: 641  Top ID: 100.0
		One align captures most of this contig: 54344 54984 | 1 641 | 641 641 | 100.0 | Sphingopyxis_sp_MC1_gi_489135343_ref_NZ_ C8230767__2.0

CONTIG: scaffold677__2.0 (534bp)
Top Length: 534  Top ID: 96.63
		One align captures most of this contig: 80581 81101 | 1 534 | 521 534 | 96.63 | Sphingopyxis_sp_MC1_gi_489142006_ref_NZ_ scaffold677__2.0

CONTIG: C8213113__1.0 (500bp)
Top Length: 500  Top ID: 99.2
		One align captures most of this contig: 134569 135068 | 1 500 | 500 500 | 99.2 | Sphingopyxis_sp_MC1_gi_489142006_ref_NZ_ C8213113__1.0

CONTIG: C8213371__1.0 (502bp)
Top Length: 502  Top ID: 99.6
		One align captures most of this contig: 92631 93132 | 502 1 | 502 502 | 99.6 | Sphingopyxis_sp_MC1_gi_489142006_ref_NZ_ C8213371__1.0

CONTIG: C8218311__1.0 (536bp)
Top Length: 536  Top ID: 98.88
		One align captures most of this contig: 7295 7830 | 1 536 | 536 536 | 98.88 | Sphingopyxis_sp_MC1_gi_489142006_ref_NZ_ C8218311__1.0

CONTIG: C8223891__1.0 (579bp)
Top Length: 579  Top ID: 99.31
		One align captures most of this contig: 24787 25365 | 1 579 | 579 579 | 99.31 | Sphingopyxis_sp_MC1_gi_489142006_ref_NZ_ C8223891__1.0

CONTIG: C8222755__1.0 (570bp)
Top Length: 570  Top ID: 99.65
		One align captures most of this contig: 10703 11272 | 1 570 | 570 570 | 99.65 | Sphingopyxis_sp_MC1_gi_489129128_ref_NZ_ C8222755__1.0

CONTIG: C8227037__2.0 (606bp)
Top Length: 606  Top ID: 99.5
		One align captures most of this contig: 108285 108890 | 1 606 | 606 606 | 99.5 | Sphingopyxis_sp_MC1_gi_489129128_ref_NZ_ C8227037__2.0

CONTIG: C8215463__2.0 (516bp)
Top Length: 516  Top ID: 99.42
		One align captures most of this contig: 30978 31493 | 516 1 | 516 516 | 99.42 | Sphingopyxis_sp_MC1_gi_489135109_ref_NZ_ C8215463__2.0

CONTIG: C8217801__1.0 (532bp)
Top Length: 532  Top ID: 99.81
		One align captures most of this contig: 194729 195260 | 532 1 | 532 532 | 99.81 | Sphingopyxis_sp_MC1_gi_489135109_ref_NZ_ C8217801__1.0

CONTIG: C8217945__1.0 (533bp)
Top Length: 533  Top ID: 99.81
		One align captures most of this contig: 138642 139174 | 533 1 | 533 533 | 99.81 | Sphingopyxis_sp_MC1_gi_489135109_ref_NZ_ C8217945__1.0

CONTIG: C8225453__1.0 (592bp)
Top Length: 592  Top ID: 99.83
		One align captures most of this contig: 289508 290099 | 1 592 | 592 592 | 99.83 | Sphingopyxis_sp_MC1_gi_489135109_ref_NZ_ C8225453__1.0

CONTIG: C8231837__1.0 (653bp)
Top Length: 653  Top ID: 99.85
		One align captures most of this contig: 51354 52006 | 653 1 | 653 653 | 99.85 | Sphingopyxis_sp_MC1_gi_489135109_ref_NZ_ C8231837__1.0

CONTIG: C8240315__2.0 (752bp)
Top Length: 752  Top ID: 100.0
		One align captures most of this contig: 22998 23749 | 1 752 | 752 752 | 100.0 | Sphingopyxis_sp_MC1_gi_489135109_ref_NZ_ C8240315__2.0

Analyzing coverage...
Writing SNPs into /Molly/gurevich/MetaQUAST/res_final/res_cami_final/runs_per_reference/Sphingopyxis_sp_MC1/contigs_reports/nucmer_output/SOAPdenovo2.used_snps
ERROR: Reference Sphingopyxis_sp_MC1_gi_489138704_ref_NZ_ does not have any alignments!  Check that this is the same file used for alignment.
ERROR: Alignment Reference Headers: ['Sphingopyxis_sp_MC1_gi_489140968_ref_NZ_', 'Sphingopyxis_sp_MC1_gi_489139498_ref_NZ_', 'Sphingopyxis_sp_MC1_gi_489130951_ref_NZ_', 'Sphingopyxis_sp_MC1_gi_489139870_ref_NZ_', 'Sphingopyxis_sp_MC1_gi_489138205_ref_NZ_', 'Sphingopyxis_sp_MC1_gi_489140718_ref_NZ_', 'Sphingopyxis_sp_MC1_gi_489132705_ref_NZ_', 'Sphingopyxis_sp_MC1_gi_489143075_ref_NZ_', 'Sphingopyxis_sp_MC1_gi_489135343_ref_NZ_', 'Sphingopyxis_sp_MC1_gi_489142006_ref_NZ_', 'Sphingopyxis_sp_MC1_gi_489129128_ref_NZ_', 'Sphingopyxis_sp_MC1_gi_489137403_ref_NZ_', 'Sphingopyxis_sp_MC1_gi_489133619_ref_NZ_', 'Sphingopyxis_sp_MC1_gi_489135109_ref_NZ_', 'Sphingopyxis_sp_MC1_gi_489134126_ref_NZ_']
	Reference Sphingopyxis_sp_MC1_gi_489130951_ref_NZ_: 15 total alignments. 1 total regions.
		Region: 1 to 655967 (655967 bp)
			START in gap: 1 to 65662 (65661 bp)
			Align 1: 65662 66164 C8213437__2.0 1 503
				Gap between this and next alignment: 66164 to 82514 (16349 bp)
				Next Alignment: 82514 83039 C8216845__2.0 526 1

			Align 2: 82514 83039 C8216845__2.0 526 1
				Gap between this and next alignment: 83039 to 87276 (4236 bp)
				Next Alignment: 87276 87787 C8214875__2.0 512 1

			Align 3: 87276 87787 C8214875__2.0 512 1
				Gap between this and next alignment: 87787 to 136990 (49202 bp)
				Next Alignment: 136990 137571 scaffold793__1.1 1 570

			Align 4: 136990 137571 scaffold793__1.1 1 570
				Gap between this and next alignment: 137571 to 143771 (6199 bp)
				Next Alignment: 143771 144303 scaffold1651__2.0 521 1

			Align 5: 143771 144303 scaffold1651__2.0 521 1
				Gap between this and next alignment: 144303 to 156558 (12254 bp)
				Next Alignment: 156558 157155 C8226133__2.0 1 598

			Align 6: 156558 157155 C8226133__2.0 1 598
				Gap between this and next alignment: 157155 to 167315 (10159 bp)
				Next Alignment: 167315 167878 C8222123__3.0 1 564

			Align 7: 167315 167878 C8222123__3.0 1 564
				Gap between this and next alignment: 167878 to 235052 (67173 bp)
				Next Alignment: 235052 235591 scaffold6675__1.0 1 525

			Align 8: 235052 235591 scaffold6675__1.0 1 525
				Gap between this and next alignment: 235591 to 265885 (30293 bp)
				Next Alignment: 265885 266462 scaffold8560__1.5 571 1

			Align 9: 265885 266462 scaffold8560__1.5 571 1
				Gap between this and next alignment: 266462 to 290778 (24315 bp)
				Next Alignment: 290778 291332 C8220881__2.0 555 1

			Align 10: 290778 291332 C8220881__2.0 555 1
				Gap between this and next alignment: 291332 to 325774 (34441 bp)
				Next Alignment: 325774 326494 C8237853__1.0 1 721

			Align 11: 325774 326494 C8237853__1.0 1 721
				Gap between this and next alignment: 326494 to 376438 (49943 bp)
				Next Alignment: 376438 377135 C8235903__2.0 698 1

			Align 12: 376438 377135 C8235903__2.0 698 1
				Gap between this and next alignment: 377135 to 422593 (45457 bp)
				Next Alignment: 422593 423173 scaffold2991__1.6 573 1

			Align 13: 422593 423173 scaffold2991__1.6 573 1
				Gap between this and next alignment: 423173 to 458469 (35295 bp)
				Next Alignment: 458469 459060 scaffold428__2.0 584 1

			Align 14: 458469 459060 scaffold428__2.0 584 1
				Gap between this and next alignment: 459060 to 495610 (36549 bp)
				Next Alignment: 495610 496201 C8225451__2.0 592 1

			Align 15: 495610 496201 C8225451__2.0 592 1
			END in gap: 496201 to 655967 (159766 bp)

ERROR: Reference Sphingopyxis_sp_MC1_gi_489138839_ref_NZ_ does not have any alignments!  Check that this is the same file used for alignment.
ERROR: Alignment Reference Headers: ['Sphingopyxis_sp_MC1_gi_489140968_ref_NZ_', 'Sphingopyxis_sp_MC1_gi_489139498_ref_NZ_', 'Sphingopyxis_sp_MC1_gi_489130951_ref_NZ_', 'Sphingopyxis_sp_MC1_gi_489139870_ref_NZ_', 'Sphingopyxis_sp_MC1_gi_489138205_ref_NZ_', 'Sphingopyxis_sp_MC1_gi_489140718_ref_NZ_', 'Sphingopyxis_sp_MC1_gi_489132705_ref_NZ_', 'Sphingopyxis_sp_MC1_gi_489143075_ref_NZ_', 'Sphingopyxis_sp_MC1_gi_489135343_ref_NZ_', 'Sphingopyxis_sp_MC1_gi_489142006_ref_NZ_', 'Sphingopyxis_sp_MC1_gi_489129128_ref_NZ_', 'Sphingopyxis_sp_MC1_gi_489137403_ref_NZ_', 'Sphingopyxis_sp_MC1_gi_489133619_ref_NZ_', 'Sphingopyxis_sp_MC1_gi_489135109_ref_NZ_', 'Sphingopyxis_sp_MC1_gi_489134126_ref_NZ_']
	Reference Sphingopyxis_sp_MC1_gi_489137403_ref_NZ_: 8 total alignments. 1 total regions.
		Region: 1 to 302098 (302098 bp)
			START in gap: 1 to 14492 (14491 bp)
			Align 1: 14492 15030 C8218733__2.0 539 1
				Gap between this and next alignment: 15030 to 53289 (38258 bp)
				Next Alignment: 53289 53812 scaffold3147__2.0 1 532

			Align 2: 53289 53812 scaffold3147__2.0 1 532
				Gap between this and next alignment: 53812 to 53826 (13 bp)
				Next Alignment: 53826 54329 C8213721__2.0 504 1

			Align 3: 53826 54329 C8213721__2.0 504 1
				Gap between this and next alignment: 54329 to 91022 (36692 bp)
				Next Alignment: 91022 91537 scaffold6745__1.0 1 511

			Align 4: 91022 91537 scaffold6745__1.0 1 511
				Gap between this and next alignment: 91537 to 100827 (9289 bp)
				Next Alignment: 100827 101349 C8216525__1.0 1 523

			Align 5: 100827 101349 C8216525__1.0 1 523
				Gap between this and next alignment: 101349 to 141502 (40152 bp)
				Next Alignment: 141502 142025 C8216619__2.0 524 1

			Align 6: 141502 142025 C8216619__2.0 524 1
				Gap between this and next alignment: 142025 to 210671 (68645 bp)
				Next Alignment: 210671 211217 C8219855__1.0 547 1

			Align 7: 210671 211217 C8219855__1.0 547 1
				Gap between this and next alignment: 211217 to 233601 (22383 bp)
				Next Alignment: 233601 234416 C8244835__1.0 816 1

			Align 8: 233601 234416 C8244835__1.0 816 1
			END in gap: 234416 to 302098 (67682 bp)

ERROR: Reference Sphingopyxis_sp_MC1_gi_489139047_ref_NZ_ does not have any alignments!  Check that this is the same file used for alignment.
ERROR: Alignment Reference Headers: ['Sphingopyxis_sp_MC1_gi_489140968_ref_NZ_', 'Sphingopyxis_sp_MC1_gi_489139498_ref_NZ_', 'Sphingopyxis_sp_MC1_gi_489130951_ref_NZ_', 'Sphingopyxis_sp_MC1_gi_489139870_ref_NZ_', 'Sphingopyxis_sp_MC1_gi_489138205_ref_NZ_', 'Sphingopyxis_sp_MC1_gi_489140718_ref_NZ_', 'Sphingopyxis_sp_MC1_gi_489132705_ref_NZ_', 'Sphingopyxis_sp_MC1_gi_489143075_ref_NZ_', 'Sphingopyxis_sp_MC1_gi_489135343_ref_NZ_', 'Sphingopyxis_sp_MC1_gi_489142006_ref_NZ_', 'Sphingopyxis_sp_MC1_gi_489129128_ref_NZ_', 'Sphingopyxis_sp_MC1_gi_489137403_ref_NZ_', 'Sphingopyxis_sp_MC1_gi_489133619_ref_NZ_', 'Sphingopyxis_sp_MC1_gi_489135109_ref_NZ_', 'Sphingopyxis_sp_MC1_gi_489134126_ref_NZ_']
	Reference Sphingopyxis_sp_MC1_gi_489133619_ref_NZ_: 8 total alignments. 1 total regions.
		Region: 1 to 305053 (305053 bp)
			START in gap: 1 to 6039 (6038 bp)
			Align 1: 6039 6567 C8217409__1.0 1 529
				Gap between this and next alignment: 6567 to 38954 (32386 bp)
				Next Alignment: 38954 39454 C8213249__2.0 1 501

			Align 2: 38954 39454 C8213249__2.0 1 501
				Gap between this and next alignment: 39454 to 99539 (60084 bp)
				Next Alignment: 99539 100100 C8221881__2.0 562 1

			Align 3: 99539 100100 C8221881__2.0 562 1
				Gap between this and next alignment: 100100 to 111405 (11304 bp)
				Next Alignment: 111405 112181 scaffold7651__1.3 1 764

			Align 4: 111405 112181 scaffold7651__1.3 1 764
				Gap between this and next alignment: 112181 to 119319 (7137 bp)
				Next Alignment: 119319 119848 C8217531__2.0 1 530

			Align 5: 119319 119848 C8217531__2.0 1 530
				Gap between this and next alignment: 119848 to 237091 (117242 bp)
				Next Alignment: 237091 237608 C8215787__1.0 1 518

			Align 6: 237091 237608 C8215787__1.0 1 518
				Gap between this and next alignment: 237608 to 241552 (3943 bp)
				Next Alignment: 241552 242308 C8240715__1.0 757 1

			Align 7: 241552 242308 C8240715__1.0 757 1
				Gap between this and next alignment: 242308 to 285395 (43086 bp)
				Next Alignment: 285395 285969 C8223317__1.0 575 1

			Align 8: 285395 285969 C8223317__1.0 575 1
			END in gap: 285969 to 305053 (19084 bp)

ERROR: Reference Sphingopyxis_sp_MC1_gi_489138992_ref_NZ_ does not have any alignments!  Check that this is the same file used for alignment.
ERROR: Alignment Reference Headers: ['Sphingopyxis_sp_MC1_gi_489140968_ref_NZ_', 'Sphingopyxis_sp_MC1_gi_489139498_ref_NZ_', 'Sphingopyxis_sp_MC1_gi_489130951_ref_NZ_', 'Sphingopyxis_sp_MC1_gi_489139870_ref_NZ_', 'Sphingopyxis_sp_MC1_gi_489138205_ref_NZ_', 'Sphingopyxis_sp_MC1_gi_489140718_ref_NZ_', 'Sphingopyxis_sp_MC1_gi_489132705_ref_NZ_', 'Sphingopyxis_sp_MC1_gi_489143075_ref_NZ_', 'Sphingopyxis_sp_MC1_gi_489135343_ref_NZ_', 'Sphingopyxis_sp_MC1_gi_489142006_ref_NZ_', 'Sphingopyxis_sp_MC1_gi_489129128_ref_NZ_', 'Sphingopyxis_sp_MC1_gi_489137403_ref_NZ_', 'Sphingopyxis_sp_MC1_gi_489133619_ref_NZ_', 'Sphingopyxis_sp_MC1_gi_489135109_ref_NZ_', 'Sphingopyxis_sp_MC1_gi_489134126_ref_NZ_']
	Reference Sphingopyxis_sp_MC1_gi_489135109_ref_NZ_: 6 total alignments. 1 total regions.
		Region: 1 to 335593 (335593 bp)
			START in gap: 1 to 22998 (22997 bp)
			Align 1: 22998 23749 C8240315__2.0 1 752
				Gap between this and next alignment: 23749 to 30978 (7228 bp)
				Next Alignment: 30978 31493 C8215463__2.0 516 1

			Align 2: 30978 31493 C8215463__2.0 516 1
				Gap between this and next alignment: 31493 to 51354 (19860 bp)
				Next Alignment: 51354 52006 C8231837__1.0 653 1

			Align 3: 51354 52006 C8231837__1.0 653 1
				Gap between this and next alignment: 52006 to 138642 (86635 bp)
				Next Alignment: 138642 139174 C8217945__1.0 533 1

			Align 4: 138642 139174 C8217945__1.0 533 1
				Gap between this and next alignment: 139174 to 194729 (55554 bp)
				Next Alignment: 194729 195260 C8217801__1.0 532 1

			Align 5: 194729 195260 C8217801__1.0 532 1
				Gap between this and next alignment: 195260 to 289508 (94247 bp)
				Next Alignment: 289508 290099 C8225453__1.0 1 592

			Align 6: 289508 290099 C8225453__1.0 1 592
			END in gap: 290099 to 335593 (45494 bp)

	Reference Sphingopyxis_sp_MC1_gi_489140718_ref_NZ_: 3 total alignments. 1 total regions.
		Region: 1 to 117731 (117731 bp)
			START in gap: 1 to 19353 (19352 bp)
			Align 1: 19353 19972 C8228635__1.0 620 1
				Gap between this and next alignment: 19972 to 46247 (26274 bp)
				Next Alignment: 46247 46759 C8215041__1.0 513 1

			Align 2: 46247 46759 C8215041__1.0 513 1
				Gap between this and next alignment: 46759 to 95082 (48322 bp)
				Next Alignment: 95082 95586 C8213821__3.0 1 505

			Align 3: 95082 95586 C8213821__3.0 1 505
			END in gap: 95586 to 117731 (22145 bp)

	Reference Sphingopyxis_sp_MC1_gi_489132705_ref_NZ_: 14 total alignments. 1 total regions.
		Region: 1 to 601243 (601243 bp)
			START in gap: 1 to 66902 (66901 bp)
			Align 1: 66902 67465 C8222027__1.0 564 1
				Gap between this and next alignment: 67465 to 77580 (10114 bp)
				Next Alignment: 77580 78243 C8233091__1.0 1 664

			Align 2: 77580 78243 C8233091__1.0 1 664
				Gap between this and next alignment: 78243 to 165456 (87212 bp)
				Next Alignment: 165456 166011 C8221019__1.0 1 556

			Align 3: 165456 166011 C8221019__1.0 1 556
				Gap between this and next alignment: 166011 to 236405 (70393 bp)
				Next Alignment: 236405 237042 C8230457__1.0 638 1

			Align 4: 236405 237042 C8230457__1.0 638 1
				Gap between this and next alignment: 237042 to 241756 (4713 bp)
				Next Alignment: 241756 242336 scaffold6527__1.0 1 583

			Align 5: 241756 242336 scaffold6527__1.0 1 583
				Gap between this and next alignment: 242336 to 282631 (40294 bp)
				Next Alignment: 282631 283202 C8222951__1.0 1 572

			Align 6: 282631 283202 C8222951__1.0 1 572
				Gap between this and next alignment: 283202 to 375523 (92320 bp)
				Next Alignment: 375523 376151 scaffold7502__2.0 1 622

			Align 7: 375523 376151 scaffold7502__2.0 1 622
				Gap between this and next alignment: 376151 to 409474 (33322 bp)
				Next Alignment: 409474 410027 scaffold7453__2.0 540 1

			Align 8: 409474 410027 scaffold7453__2.0 540 1
				Gap between this and next alignment: 410027 to 432750 (22722 bp)
				Next Alignment: 432750 433263 C8215163__1.0 1 514

			Align 9: 432750 433263 C8215163__1.0 1 514
				Gap between this and next alignment: 433263 to 519216 (85952 bp)
				Next Alignment: 519216 519827 C8228377__1.0 618 7

			Align 10: 519216 519827 C8228377__1.0 618 7
				Gap between this and next alignment: 519827 to 531561 (11733 bp)
				Next Alignment: 531561 532100 C8218939__1.0 540 1

			Align 11: 531561 532100 C8218939__1.0 540 1
				Gap between this and next alignment: 532100 to 534581 (2480 bp)
				Next Alignment: 534581 535128 C8219961__2.0 548 1

			Align 12: 534581 535128 C8219961__2.0 548 1
				Gap between this and next alignment: 535128 to 538324 (3195 bp)
				Next Alignment: 538324 539007 scaffold6938__1.7 675 1

			Align 13: 538324 539007 scaffold6938__1.7 675 1
				Gap between this and next alignment: 539007 to 576078 (37070 bp)
				Next Alignment: 576078 576587 C8214623__1.0 510 1

			Align 14: 576078 576587 C8214623__1.0 510 1
			END in gap: 576587 to 601243 (24656 bp)

	Reference Sphingopyxis_sp_MC1_gi_489135343_ref_NZ_: 1 total alignments. 1 total regions.
		Region: 1 to 65817 (65817 bp)
			START in gap: 1 to 54344 (54343 bp)
			Align 1: 54344 54984 C8230767__2.0 1 641
			END in gap: 54984 to 65817 (10833 bp)

ERROR: Reference Sphingopyxis_sp_MC1_gi_489141135_ref_NZ_ does not have any alignments!  Check that this is the same file used for alignment.
ERROR: Alignment Reference Headers: ['Sphingopyxis_sp_MC1_gi_489140968_ref_NZ_', 'Sphingopyxis_sp_MC1_gi_489139498_ref_NZ_', 'Sphingopyxis_sp_MC1_gi_489130951_ref_NZ_', 'Sphingopyxis_sp_MC1_gi_489139870_ref_NZ_', 'Sphingopyxis_sp_MC1_gi_489138205_ref_NZ_', 'Sphingopyxis_sp_MC1_gi_489140718_ref_NZ_', 'Sphingopyxis_sp_MC1_gi_489132705_ref_NZ_', 'Sphingopyxis_sp_MC1_gi_489143075_ref_NZ_', 'Sphingopyxis_sp_MC1_gi_489135343_ref_NZ_', 'Sphingopyxis_sp_MC1_gi_489142006_ref_NZ_', 'Sphingopyxis_sp_MC1_gi_489129128_ref_NZ_', 'Sphingopyxis_sp_MC1_gi_489137403_ref_NZ_', 'Sphingopyxis_sp_MC1_gi_489133619_ref_NZ_', 'Sphingopyxis_sp_MC1_gi_489135109_ref_NZ_', 'Sphingopyxis_sp_MC1_gi_489134126_ref_NZ_']
	Reference Sphingopyxis_sp_MC1_gi_489142006_ref_NZ_: 5 total alignments. 1 total regions.
		Region: 1 to 208300 (208300 bp)
			START in gap: 1 to 7295 (7294 bp)
			Align 1: 7295 7830 C8218311__1.0 1 536
				Gap between this and next alignment: 7830 to 24787 (16956 bp)
				Next Alignment: 24787 25365 C8223891__1.0 1 579

			Align 2: 24787 25365 C8223891__1.0 1 579
				Gap between this and next alignment: 25365 to 80581 (55215 bp)
				Next Alignment: 80581 81101 scaffold677__2.0 1 534

			Align 3: 80581 81101 scaffold677__2.0 1 534
				Gap between this and next alignment: 81101 to 92631 (11529 bp)
				Next Alignment: 92631 93132 C8213371__1.0 502 1

			Align 4: 92631 93132 C8213371__1.0 502 1
				Gap between this and next alignment: 93132 to 134569 (41436 bp)
				Next Alignment: 134569 135068 C8213113__1.0 1 500

			Align 5: 134569 135068 C8213113__1.0 1 500
			END in gap: 135068 to 208300 (73232 bp)

ERROR: Reference Sphingopyxis_sp_MC1_gi_489141072_ref_NZ_ does not have any alignments!  Check that this is the same file used for alignment.
ERROR: Alignment Reference Headers: ['Sphingopyxis_sp_MC1_gi_489140968_ref_NZ_', 'Sphingopyxis_sp_MC1_gi_489139498_ref_NZ_', 'Sphingopyxis_sp_MC1_gi_489130951_ref_NZ_', 'Sphingopyxis_sp_MC1_gi_489139870_ref_NZ_', 'Sphingopyxis_sp_MC1_gi_489138205_ref_NZ_', 'Sphingopyxis_sp_MC1_gi_489140718_ref_NZ_', 'Sphingopyxis_sp_MC1_gi_489132705_ref_NZ_', 'Sphingopyxis_sp_MC1_gi_489143075_ref_NZ_', 'Sphingopyxis_sp_MC1_gi_489135343_ref_NZ_', 'Sphingopyxis_sp_MC1_gi_489142006_ref_NZ_', 'Sphingopyxis_sp_MC1_gi_489129128_ref_NZ_', 'Sphingopyxis_sp_MC1_gi_489137403_ref_NZ_', 'Sphingopyxis_sp_MC1_gi_489133619_ref_NZ_', 'Sphingopyxis_sp_MC1_gi_489135109_ref_NZ_', 'Sphingopyxis_sp_MC1_gi_489134126_ref_NZ_']
	Reference Sphingopyxis_sp_MC1_gi_489139870_ref_NZ_: 2 total alignments. 1 total regions.
		Region: 1 to 99272 (99272 bp)
			START in gap: 1 to 14249 (14248 bp)
			Align 1: 14249 14767 C8215919__2.0 1 519
				Gap between this and next alignment: 14767 to 43652 (28884 bp)
				Next Alignment: 43652 44268 C8228691__2.0 5 621

			Align 2: 43652 44268 C8228691__2.0 5 621
			END in gap: 44268 to 99272 (55004 bp)

	Reference Sphingopyxis_sp_MC1_gi_489139498_ref_NZ_: 4 total alignments. 1 total regions.
		Region: 1 to 126802 (126802 bp)
			START in gap: 1 to 36478 (36477 bp)
			Align 1: 36478 37103 C8229269__1.0 626 1
				Gap between this and next alignment: 37103 to 42988 (5884 bp)
				Next Alignment: 42988 43739 C8240355__1.0 752 1

			Align 2: 42988 43739 C8240355__1.0 752 1
				Gap between this and next alignment: 43739 to 59802 (16062 bp)
				Next Alignment: 59802 60358 C8221177__2.0 557 1

			Align 3: 59802 60358 C8221177__2.0 557 1
				Gap between this and next alignment: 60358 to 92270 (31911 bp)
				Next Alignment: 92270 92775 C8214033__1.0 506 1

			Align 4: 92270 92775 C8214033__1.0 506 1
			END in gap: 92775 to 126802 (34027 bp)

ERROR: Reference Sphingopyxis_sp_MC1_gi_489142610_ref_NZ_ does not have any alignments!  Check that this is the same file used for alignment.
ERROR: Alignment Reference Headers: ['Sphingopyxis_sp_MC1_gi_489140968_ref_NZ_', 'Sphingopyxis_sp_MC1_gi_489139498_ref_NZ_', 'Sphingopyxis_sp_MC1_gi_489130951_ref_NZ_', 'Sphingopyxis_sp_MC1_gi_489139870_ref_NZ_', 'Sphingopyxis_sp_MC1_gi_489138205_ref_NZ_', 'Sphingopyxis_sp_MC1_gi_489140718_ref_NZ_', 'Sphingopyxis_sp_MC1_gi_489132705_ref_NZ_', 'Sphingopyxis_sp_MC1_gi_489143075_ref_NZ_', 'Sphingopyxis_sp_MC1_gi_489135343_ref_NZ_', 'Sphingopyxis_sp_MC1_gi_489142006_ref_NZ_', 'Sphingopyxis_sp_MC1_gi_489129128_ref_NZ_', 'Sphingopyxis_sp_MC1_gi_489137403_ref_NZ_', 'Sphingopyxis_sp_MC1_gi_489133619_ref_NZ_', 'Sphingopyxis_sp_MC1_gi_489135109_ref_NZ_', 'Sphingopyxis_sp_MC1_gi_489134126_ref_NZ_']
	Reference Sphingopyxis_sp_MC1_gi_489143075_ref_NZ_: 3 total alignments. 1 total regions.
		Region: 1 to 108887 (108887 bp)
			START in gap: 1 to 7527 (7526 bp)
			Align 1: 7527 8143 C8228273__1.0 617 1
				Gap between this and next alignment: 8143 to 36155 (28011 bp)
				Next Alignment: 36155 36661 C8214157__2.0 1 507

			Align 2: 36155 36661 C8214157__2.0 1 507
				Gap between this and next alignment: 36661 to 60809 (24147 bp)
				Next Alignment: 60809 61333 C8216827__1.0 525 1

			Align 3: 60809 61333 C8216827__1.0 525 1
			END in gap: 61333 to 108887 (47554 bp)

	Reference Sphingopyxis_sp_MC1_gi_489129128_ref_NZ_: 2 total alignments. 1 total regions.
		Region: 1 to 123456 (123456 bp)
			START in gap: 1 to 10703 (10702 bp)
			Align 1: 10703 11272 C8222755__1.0 1 570
				Gap between this and next alignment: 11272 to 108285 (97012 bp)
				Next Alignment: 108285 108890 C8227037__2.0 1 606

			Align 2: 108285 108890 C8227037__2.0 1 606
			END in gap: 108890 to 123456 (14566 bp)

	Reference Sphingopyxis_sp_MC1_gi_489140968_ref_NZ_: 2 total alignments. 1 total regions.
		Region: 1 to 61982 (61982 bp)
			START in gap: 1 to 20196 (20195 bp)
			Align 1: 20196 20805 C8227545__1.0 610 1
				Gap between this and next alignment: 20805 to 29680 (8874 bp)
				Next Alignment: 29680 30193 scaffold595__2.2 519 1

			Align 2: 29680 30193 scaffold595__2.2 519 1
			END in gap: 30193 to 61982 (31789 bp)

ERROR: Reference Sphingopyxis_sp_MC1_gi_489141330_ref_NZ_ does not have any alignments!  Check that this is the same file used for alignment.
ERROR: Alignment Reference Headers: ['Sphingopyxis_sp_MC1_gi_489140968_ref_NZ_', 'Sphingopyxis_sp_MC1_gi_489139498_ref_NZ_', 'Sphingopyxis_sp_MC1_gi_489130951_ref_NZ_', 'Sphingopyxis_sp_MC1_gi_489139870_ref_NZ_', 'Sphingopyxis_sp_MC1_gi_489138205_ref_NZ_', 'Sphingopyxis_sp_MC1_gi_489140718_ref_NZ_', 'Sphingopyxis_sp_MC1_gi_489132705_ref_NZ_', 'Sphingopyxis_sp_MC1_gi_489143075_ref_NZ_', 'Sphingopyxis_sp_MC1_gi_489135343_ref_NZ_', 'Sphingopyxis_sp_MC1_gi_489142006_ref_NZ_', 'Sphingopyxis_sp_MC1_gi_489129128_ref_NZ_', 'Sphingopyxis_sp_MC1_gi_489137403_ref_NZ_', 'Sphingopyxis_sp_MC1_gi_489133619_ref_NZ_', 'Sphingopyxis_sp_MC1_gi_489135109_ref_NZ_', 'Sphingopyxis_sp_MC1_gi_489134126_ref_NZ_']
	Reference Sphingopyxis_sp_MC1_gi_489138205_ref_NZ_: 6 total alignments. 1 total regions.
		Region: 1 to 255037 (255037 bp)
			START in gap: 1 to 60100 (60099 bp)
			Align 1: 60100 60605 C8214007__1.0 506 1
				Gap between this and next alignment: 60605 to 72599 (11993 bp)
				Next Alignment: 72599 73239 C8230759__0.0 1 641

			Align 2: 72599 73239 C8230759__0.0 1 641
				Gap between this and next alignment: 73239 to 105930 (32690 bp)
				Next Alignment: 105930 106432 C8213587__2.0 503 1

			Align 3: 105930 106432 C8213587__2.0 503 1
				Gap between this and next alignment: 106432 to 115945 (9512 bp)
				Next Alignment: 115945 116719 C8241979__1.0 775 1

			Align 4: 115945 116719 C8241979__1.0 775 1
				Gap between this and next alignment: 116719 to 117688 (968 bp)
				Next Alignment: 117688 118207 scaffold8092__2.0 1 508

			Align 5: 117688 118207 scaffold8092__2.0 1 508
				Gap between this and next alignment: 118207 to 187684 (69476 bp)
				Next Alignment: 187684 188215 C8217857__1.0 1 532

			Align 6: 187684 188215 C8217857__1.0 1 532
			END in gap: 188215 to 255037 (66822 bp)

ERROR: Reference Sphingopyxis_sp_MC1_gi_489141243_ref_NZ_ does not have any alignments!  Check that this is the same file used for alignment.
ERROR: Alignment Reference Headers: ['Sphingopyxis_sp_MC1_gi_489140968_ref_NZ_', 'Sphingopyxis_sp_MC1_gi_489139498_ref_NZ_', 'Sphingopyxis_sp_MC1_gi_489130951_ref_NZ_', 'Sphingopyxis_sp_MC1_gi_489139870_ref_NZ_', 'Sphingopyxis_sp_MC1_gi_489138205_ref_NZ_', 'Sphingopyxis_sp_MC1_gi_489140718_ref_NZ_', 'Sphingopyxis_sp_MC1_gi_489132705_ref_NZ_', 'Sphingopyxis_sp_MC1_gi_489143075_ref_NZ_', 'Sphingopyxis_sp_MC1_gi_489135343_ref_NZ_', 'Sphingopyxis_sp_MC1_gi_489142006_ref_NZ_', 'Sphingopyxis_sp_MC1_gi_489129128_ref_NZ_', 'Sphingopyxis_sp_MC1_gi_489137403_ref_NZ_', 'Sphingopyxis_sp_MC1_gi_489133619_ref_NZ_', 'Sphingopyxis_sp_MC1_gi_489135109_ref_NZ_', 'Sphingopyxis_sp_MC1_gi_489134126_ref_NZ_']
	Reference Sphingopyxis_sp_MC1_gi_489134126_ref_NZ_: 2 total alignments. 1 total regions.
		Region: 1 to 182984 (182984 bp)
			START in gap: 1 to 14641 (14640 bp)
			Align 1: 14641 15224 C8224451__2.0 1 584
				Gap between this and next alignment: 15224 to 126612 (111387 bp)
				Next Alignment: 126612 127116 C8213813__2.0 505 1

			Align 2: 126612 127116 C8213813__2.0 505 1
			END in gap: 127116 to 182984 (55868 bp)

Analysis is finished!
Founded SNPs were written into /Molly/gurevich/MetaQUAST/res_final/res_cami_final/runs_per_reference/Sphingopyxis_sp_MC1/contigs_reports/nucmer_output/SOAPdenovo2.used_snps

Results:
	Local Misassemblies: 0
	Misassemblies: 0
		Relocations: 0
		Translocations: 0
		Inversions: 0
	Fake misassemblies matched with structural variations: 0
	Misassembled Contigs: 0
	Misassembled Contig Bases: 0
	Misassemblies Inter-Contig Overlap: 0
Uncovered Regions: 0 (0)
Unaligned Contigs: 0 + 0 part
Partially Unaligned Contigs with Misassemblies: 0
Unaligned Contig Bases: 0

Ambiguously Mapped Contigs: 0
Total Bases in Ambiguously Mapped Contigs: 0
Note that --allow-ambiguity option was set to "one" and only first alignment per each contig was used.

	Covered Bases: 46670

	SNPs: 222
	Insertions: 28
	Deletions: 122

	Positive Gaps: 96
		Internal Gaps:  0
		External Gaps:  96
		External Gap Total:  3503552
		External Gap Average: 36495
	Negative Gaps: 0
		Internal Overlaps:  0
		External Overlaps:  0
		External Overlaps Total:  0
		External Overlaps Average: 0
	Contigs with Redundant Alignments: 0 (0)
