/home/gurevich/rep/quast/quast.pyc -t 16 -j  --meta  --bed-file /Molly/gurevich/MetaQUAST/res_final/res_cami_final/combined_reference/structural_variations/combined_reference.bed --no-check-meta  --contig-thresholds 1000,5000,10000,25000,50000 -R /Molly/gurevich/MetaQUAST/res_final/res_cami_final/quast_corrected_input/Burkholderia_pseudomallei.fasta -o /Molly/gurevich/MetaQUAST/res_final/res_cami_final/runs_per_reference/Burkholderia_pseudomallei --labels "Gold_Assembly, IDBA_UD, Ray, SOAPdenovo2, SPAdes" /Molly/gurevich/MetaQUAST/res_final/res_cami_final/quast_corrected_input/Gold_Assembly_to_Burkholderia_pseudomallei.fasta /Molly/gurevich/MetaQUAST/res_final/res_cami_final/quast_corrected_input/IDBA_UD_to_Burkholderia_pseudomallei.fasta /Molly/gurevich/MetaQUAST/res_final/res_cami_final/quast_corrected_input/Ray_to_Burkholderia_pseudomallei.fasta /Molly/gurevich/MetaQUAST/res_final/res_cami_final/quast_corrected_input/SOAPdenovo2_to_Burkholderia_pseudomallei.fasta /Molly/gurevich/MetaQUAST/res_final/res_cami_final/quast_corrected_input/SPAdes_to_Burkholderia_pseudomallei.fasta

Started: 2015-11-09 19:45:52

Logging to /Molly/gurevich/MetaQUAST/res_final/res_cami_final/runs_per_reference/Burkholderia_pseudomallei/quast.log

NOTICE: Output directory already exists. Existing Nucmer alignments can be used.

Reference:
  /Molly/gurevich/MetaQUAST/res_final/res_cami_final/quast_corrected_input/Burkholderia_pseudomallei.fasta ==> Burkholderia_pseudomallei

Contigs:
  1  /Molly/gurevich/MetaQUAST/res_final/res_cami_final/quast_corrected_input/Gold_Assembly_to_Burkholderia_pseudomallei.fasta ==> Gold_Assembly
  2  /Molly/gurevich/MetaQUAST/res_final/res_cami_final/quast_corrected_input/IDBA_UD_to_Burkholderia_pseudomallei.fasta ==> IDBA_UD
  3  /Molly/gurevich/MetaQUAST/res_final/res_cami_final/quast_corrected_input/Ray_to_Burkholderia_pseudomallei.fasta ==> Ray
  4  /Molly/gurevich/MetaQUAST/res_final/res_cami_final/quast_corrected_input/SOAPdenovo2_to_Burkholderia_pseudomallei.fasta ==> SOAPdenovo2
  5  /Molly/gurevich/MetaQUAST/res_final/res_cami_final/quast_corrected_input/SPAdes_to_Burkholderia_pseudomallei.fasta ==> SPAdes

2015-11-09 19:45:52
Running Basic statistics processor...
  Reference genome:
    Burkholderia_pseudomallei.fasta, Reference length = 7235897, Reference GC % = 68.13
  Contig files: 
    1  Gold_Assembly
    2  IDBA_UD
    3  Ray
    4  SOAPdenovo2
    5  SPAdes
  Calculating N50 and L50...
    1  Gold_Assembly, N50 = 5313, L50 = 201, Total length = 3379716, GC % = 68.50, # N's per 100 kbp =  1.51
    2  IDBA_UD, N50 = 1306, L50 = 648, Total length = 3022403, GC % = 68.18, # N's per 100 kbp =  0.00
    3  Ray, N50 = 599, L50 = 224, Total length = 319827, GC % = 68.67, # N's per 100 kbp =  0.00
    4  SOAPdenovo2, N50 = 761, L50 = 752, Total length = 1528500, GC % = 68.05, # N's per 100 kbp =  102.98
    5  SPAdes, N50 = 1345, L50 = 635, Total length = 3463323, GC % = 68.64, # N's per 100 kbp =  12.13
  Drawing Nx plot...
    saved to /Molly/gurevich/MetaQUAST/res_final/res_cami_final/runs_per_reference/Burkholderia_pseudomallei/basic_stats/Nx_plot.pdf
  Drawing NGx plot...
    saved to /Molly/gurevich/MetaQUAST/res_final/res_cami_final/runs_per_reference/Burkholderia_pseudomallei/basic_stats/NGx_plot.pdf
  Drawing cumulative plot...
    saved to /Molly/gurevich/MetaQUAST/res_final/res_cami_final/runs_per_reference/Burkholderia_pseudomallei/basic_stats/cumulative_plot.pdf
  Drawing GC content plot...
    saved to /Molly/gurevich/MetaQUAST/res_final/res_cami_final/runs_per_reference/Burkholderia_pseudomallei/basic_stats/GC_content_plot.pdf
Done.

2015-11-09 19:45:56
Running Contig analyzer...
  1  Gold_Assembly
  2  IDBA_UD
  3  Ray
  4  SOAPdenovo2
  5  SPAdes
  5  Logging to files /Molly/gurevich/MetaQUAST/res_final/res_cami_final/runs_per_reference/Burkholderia_pseudomallei/contigs_reports/contigs_report_SPAdes.stdout and contigs_report_SPAdes.stderr...
  1  Logging to files /Molly/gurevich/MetaQUAST/res_final/res_cami_final/runs_per_reference/Burkholderia_pseudomallei/contigs_reports/contigs_report_Gold_Assembly.stdout and contigs_report_Gold_Assembly.stderr...
  2  Logging to files /Molly/gurevich/MetaQUAST/res_final/res_cami_final/runs_per_reference/Burkholderia_pseudomallei/contigs_reports/contigs_report_IDBA_UD.stdout and contigs_report_IDBA_UD.stderr...
  3  Logging to files /Molly/gurevich/MetaQUAST/res_final/res_cami_final/runs_per_reference/Burkholderia_pseudomallei/contigs_reports/contigs_report_Ray.stdout and contigs_report_Ray.stderr...
  4  Logging to files /Molly/gurevich/MetaQUAST/res_final/res_cami_final/runs_per_reference/Burkholderia_pseudomallei/contigs_reports/contigs_report_SOAPdenovo2.stdout and contigs_report_SOAPdenovo2.stderr...
  3  Using existing Nucmer alignments... 
  2  Using existing Nucmer alignments... 
  1  Using existing Nucmer alignments... 
  4  Using existing Nucmer alignments... 
  5  Using existing Nucmer alignments... 
  3  Alignments: runs_per_reference/Burkholderia_pseudomallei/contigs_reports/alignments_Ray.tsv
  3  Analysis is finished.

  4  Alignments: runs_per_reference/Burkholderia_pseudomallei/contigs_reports/alignments_SOAPdenovo2.tsv
  4  Analysis is finished.

  2  Alignments: runs_per_reference/Burkholderia_pseudomallei/contigs_reports/alignments_IDBA_UD.tsv
  2  Analysis is finished.

  5  Alignments: runs_per_reference/Burkholderia_pseudomallei/contigs_reports/alignments_SPAdes.tsv
  1  Alignments: runs_per_reference/Burkholderia_pseudomallei/contigs_reports/alignments_Gold_Assembly.tsv
  5  Analysis is finished.

  1  Analysis is finished.

  Creating total report...
    saved to /Molly/gurevich/MetaQUAST/res_final/res_cami_final/runs_per_reference/Burkholderia_pseudomallei/contigs_reports/misassemblies_report.txt, misassemblies_report.tsv, and misassemblies_report.tex
  Transposed version of total report...
    saved to /Molly/gurevich/MetaQUAST/res_final/res_cami_final/runs_per_reference/Burkholderia_pseudomallei/contigs_reports/transposed_report_misassemblies.txt, transposed_report_misassemblies.tsv, and transposed_report_misassemblies.tex
  Creating total report...
    saved to /Molly/gurevich/MetaQUAST/res_final/res_cami_final/runs_per_reference/Burkholderia_pseudomallei/contigs_reports/unaligned_report.txt, unaligned_report.tsv, and unaligned_report.tex
  Drawing misassemblies by types plot...
    saved to /Molly/gurevich/MetaQUAST/res_final/res_cami_final/runs_per_reference/Burkholderia_pseudomallei/contigs_reports/misassemblies_plot.pdf
Done.

2015-11-09 19:46:01
Running NA-NGA calculation...
  1  Gold_Assembly, Largest alignment = 22427, NA50 = 5059, LA50 = 209
  2  IDBA_UD, Largest alignment = 5970, NA50 = 980, LA50 = 971
  3  Ray, Largest alignment = 1573, NA50 = 599, LA50 = 224
  4  SOAPdenovo2, Largest alignment = 3284, NA50 = 759, LA50 = 752
  5  SPAdes, Largest alignment = 6227, NA50 = 988, LA50 = 1121
  Drawing cumulative plot...
    saved to /Molly/gurevich/MetaQUAST/res_final/res_cami_final/runs_per_reference/Burkholderia_pseudomallei/aligned_stats/cumulative_plot.pdf
  Drawing NAx plot...
    saved to /Molly/gurevich/MetaQUAST/res_final/res_cami_final/runs_per_reference/Burkholderia_pseudomallei/aligned_stats/NAx_plot.pdf
  Drawing NGAx plot...
    saved to /Molly/gurevich/MetaQUAST/res_final/res_cami_final/runs_per_reference/Burkholderia_pseudomallei/aligned_stats/NGAx_plot.pdf
Done.

2015-11-09 19:46:04
Running Genome analyzer...
  NOTICE: No file with genes provided. Use the -G option if you want to specify it.
  NOTICE: No file with operons provided. Use the -O option if you want to specify it.
  1  Gold_Assembly
  2  IDBA_UD
  3  Ray
  4  SOAPdenovo2
  5  SPAdes
  3  Analysis is finished.
  4  Analysis is finished.
  5  Analysis is finished.
  2  Analysis is finished.
  1  Analysis is finished.
  Drawing Genome fraction, % histogram...
    saved to /Molly/gurevich/MetaQUAST/res_final/res_cami_final/runs_per_reference/Burkholderia_pseudomallei/genome_stats/genome_fraction_histogram.pdf
Done.

NOTICE: Genes are not predicted by default. Use --gene-finding option to enable it.

2015-11-09 19:46:07
Drawing large plots...
This may take a while: press Ctrl-C to skip this step..
  1 of 2: Creating contig alignment plot...
  2 of 2: Creating PDF with all tables and plots...
Done

2015-11-09 19:46:47
RESULTS:
  Text versions of total report are saved to /Molly/gurevich/MetaQUAST/res_final/res_cami_final/runs_per_reference/Burkholderia_pseudomallei/report.txt, report.tsv, and report.tex
  Text versions of transposed total report are saved to /Molly/gurevich/MetaQUAST/res_final/res_cami_final/runs_per_reference/Burkholderia_pseudomallei/transposed_report.txt, transposed_report.tsv, and transposed_report.tex
  HTML version (interactive tables and plots) saved to /Molly/gurevich/MetaQUAST/res_final/res_cami_final/runs_per_reference/Burkholderia_pseudomallei/report.html
  PDF version (tables and plots) saved to /Molly/gurevich/MetaQUAST/res_final/res_cami_final/runs_per_reference/Burkholderia_pseudomallei/report.pdf
  Contig alignment plot: /Molly/gurevich/MetaQUAST/res_final/res_cami_final/runs_per_reference/Burkholderia_pseudomallei/alignment.svg
