Aligning contigs to reference...
	Using existing Nucmer alignments...
Parsing coords...
Loading reference...
	Loaded [marine_gamma_proteobacterium_HTCC2080_gi_119502701_ref_NZ_]
	Loaded [marine_gamma_proteobacterium_HTCC2080_gi_119503117_ref_NZ_]
	Loaded [marine_gamma_proteobacterium_HTCC2080_gi_119503401_ref_NZ_]
	Loaded [marine_gamma_proteobacterium_HTCC2080_gi_119503701_ref_NZ_]
	Loaded [marine_gamma_proteobacterium_HTCC2080_gi_119503955_ref_NZ_]
	Loaded [marine_gamma_proteobacterium_HTCC2080_gi_119504206_ref_NZ_]
	Loaded [marine_gamma_proteobacterium_HTCC2080_gi_119504450_ref_NZ_]
	Loaded [marine_gamma_proteobacterium_HTCC2080_gi_119504692_ref_NZ_]
	Loaded [marine_gamma_proteobacterium_HTCC2080_gi_119504867_ref_NZ_]
	Loaded [marine_gamma_proteobacterium_HTCC2080_gi_119505011_ref_NZ_]
	Loaded [marine_gamma_proteobacterium_HTCC2080_gi_119505171_ref_NZ_]
	Loaded [marine_gamma_proteobacterium_HTCC2080_gi_119505302_ref_NZ_]
	Loaded [marine_gamma_proteobacterium_HTCC2080_gi_119505407_ref_NZ_]
	Loaded [marine_gamma_proteobacterium_HTCC2080_gi_119505479_ref_NZ_]
	Loaded [marine_gamma_proteobacterium_HTCC2080_gi_119505576_ref_NZ_]
	Loaded [marine_gamma_proteobacterium_HTCC2080_gi_119505645_ref_NZ_]
	Loaded [marine_gamma_proteobacterium_HTCC2080_gi_119505707_ref_NZ_]
	Loaded [marine_gamma_proteobacterium_HTCC2080_gi_119505747_ref_NZ_]
	Loaded [marine_gamma_proteobacterium_HTCC2080_gi_119505783_ref_NZ_]
	Loaded [marine_gamma_proteobacterium_HTCC2080_gi_119505814_ref_NZ_]
	Loaded [marine_gamma_proteobacterium_HTCC2080_gi_119505852_ref_NZ_]
	Loaded [marine_gamma_proteobacterium_HTCC2080_gi_119505884_ref_NZ_]
	Loaded [marine_gamma_proteobacterium_HTCC2080_gi_119505899_ref_NZ_]
	Loaded [marine_gamma_proteobacterium_HTCC2080_gi_119505906_ref_NZ_]
	Loaded [marine_gamma_proteobacterium_HTCC2080_gi_119505909_ref_NZ_]
Loading SNPs...
Loading regions...
	No regions given, using whole reference.
	Total Regions: 25
	Total Region Length: 3576081
Analyzing contigs...
CONTIG: NODE_9_length_308908_cov_118.769_ID_17 (308908bp)
Top Length: 308908  Top ID: 99.99
		One align captures most of this contig: 2 308909 | 308908 1 | 308908 308908 | 99.99 | marine_gamma_proteobacterium_HTCC2080_gi_119503401_ref_NZ_ NODE_9_length_308908_cov_118.769_ID_17

CONTIG: NODE_19_length_258881_cov_118.817_ID_37 (258881bp)
Top Length: 188088  Top ID: 99.99
		This contig is misassembled. 2 total aligns.
			Excluding internal overlap of size 20086 between Alignment 1 and 2:  217989 308853 | 90879 1 | 90865 90879 --> 238075 308853 | 70793 1 | 70779 70793
			Real Alignment 1: 238075 308853 | 70793 1 | 70779 70793 | 99.98 | marine_gamma_proteobacterium_HTCC2080_gi_119503701_ref_NZ_ NODE_19_length_258881_cov_118.817_ID_37
			  Fake misassembly between these two alignments: inconsistency = 14 , gap in the contig is small or absent or filled mostly with Ns (long indel: deletion of length 14; 0 mismatches)
			Real Alignment 2: 49987 238060 | 258881 70794 | 188074 188088 | 99.99 | marine_gamma_proteobacterium_HTCC2080_gi_119503701_ref_NZ_ NODE_19_length_258881_cov_118.817_ID_37

CONTIG: NODE_170_length_49897_cov_117.767_ID_339 (49897bp)
Top Length: 49897  Top ID: 99.99
		One align captures most of this contig: 2 49898 | 49897 1 | 49897 49897 | 99.99 | marine_gamma_proteobacterium_HTCC2080_gi_119503701_ref_NZ_ NODE_170_length_49897_cov_117.767_ID_339

CONTIG: NODE_18_length_262399_cov_118.547_ID_35 (262399bp)
Top Length: 262399  Top ID: 100.0
		One align captures most of this contig: 1 262399 | 1 262399 | 262399 262399 | 100.0 | marine_gamma_proteobacterium_HTCC2080_gi_119504450_ref_NZ_ NODE_18_length_262399_cov_118.547_ID_35

CONTIG: NODE_219_length_42357_cov_118.56_ID_437 (42357bp)
Top Length: 42357  Top ID: 100.0
		One align captures most of this contig: 2 42358 | 42357 1 | 42357 42357 | 100.0 | marine_gamma_proteobacterium_HTCC2080_gi_119505707_ref_NZ_ NODE_219_length_42357_cov_118.56_ID_437

CONTIG: NODE_259_length_38586_cov_119.363_ID_517 (38586bp)
Top Length: 38586  Top ID: 99.92
		One align captures most of this contig: 1 38556 | 1 38586 | 38556 38586 | 99.92 | marine_gamma_proteobacterium_HTCC2080_gi_119505783_ref_NZ_ NODE_259_length_38586_cov_119.363_ID_517

CONTIG: NODE_56_length_131675_cov_118.629_ID_111 (131675bp)
Top Length: 131675  Top ID: 100.0
		One align captures most of this contig: 3 131677 | 131675 1 | 131675 131675 | 100.0 | marine_gamma_proteobacterium_HTCC2080_gi_119505302_ref_NZ_ NODE_56_length_131675_cov_118.629_ID_111

CONTIG: NODE_177_length_48841_cov_118.93_ID_353 (48841bp)
Top Length: 48841  Top ID: 99.99
		One align captures most of this contig: 30517 79357 | 48841 1 | 48841 48841 | 99.99 | marine_gamma_proteobacterium_HTCC2080_gi_119505576_ref_NZ_ NODE_177_length_48841_cov_118.93_ID_353

CONTIG: NODE_340_length_30424_cov_129.035_ID_679 (30424bp)
Top Length: 30424  Top ID: 99.99
		One align captures most of this contig: 1 30424 | 1 30424 | 30424 30424 | 99.99 | marine_gamma_proteobacterium_HTCC2080_gi_119505576_ref_NZ_ NODE_340_length_30424_cov_129.035_ID_679

CONTIG: NODE_8_length_309681_cov_119.311_ID_15 (309681bp)
Top Length: 181875  Top ID: 99.99
		This contig is misassembled. 4 total aligns.
			Excluding internal overlap of size 20030 between Alignment 1 and 2:  2 69369 | 1 69356 | 69368 69356 --> 2 49339 | 1 49326 | 49338 49326
			Real Alignment 1: 2 49339 | 1 49326 | 49338 49326 | 99.98 | marine_gamma_proteobacterium_HTCC2080_gi_119504206_ref_NZ_ NODE_8_length_309681_cov_119.311_ID_15
			  Fake misassembly between these two alignments: inconsistency = -12 , gap in the contig is small or absent or filled mostly with Ns (long indel: insertion of length 12; 0 mismatches)
			Excluding internal overlap of size 577 between Alignment 2 and 3:  230959 274231 | 230625 273897 | 43273 43273 --> 231536 274231 | 231202 273897 | 42696 42696
			Real Alignment 2: 49328 231214 | 49327 231201 | 181887 181875 | 99.99 | marine_gamma_proteobacterium_HTCC2080_gi_119504206_ref_NZ_ NODE_8_length_309681_cov_119.311_ID_15
			  Gap between these two alignments (local misassembly). Inconsistency = 321 
			Excluding internal overlap of size 58 between Alignment 3 and 4:  2 35841 | 309681 273840 | 35840 35842 --> 2 35783 | 309681 273898 | 35782 35784
			Real Alignment 3: 231536 274231 | 231202 273897 | 42696 42696 | 99.96 | marine_gamma_proteobacterium_HTCC2080_gi_119504206_ref_NZ_ NODE_8_length_309681_cov_119.311_ID_15
			  Extensive misassembly ( translocation ) between these two alignments
			Real Alignment 4: 2 35783 | 309681 273898 | 35782 35784 | 99.99 | marine_gamma_proteobacterium_HTCC2080_gi_119505814_ref_NZ_ NODE_8_length_309681_cov_119.311_ID_15

CONTIG: NODE_86_length_87967_cov_118.945_ID_171 (87967bp)
Top Length: 87967  Top ID: 99.99
		One align captures most of this contig: 1 87967 | 87967 1 | 87967 87967 | 99.99 | marine_gamma_proteobacterium_HTCC2080_gi_119505407_ref_NZ_ NODE_86_length_87967_cov_118.945_ID_171

CONTIG: NODE_1462_length_7657_cov_117.394_ID_2923 (7657bp)
Top Length: 7657  Top ID: 99.99
		One align captures most of this contig: 90331 97987 | 7657 1 | 7657 7657 | 99.99 | marine_gamma_proteobacterium_HTCC2080_gi_119505407_ref_NZ_ NODE_1462_length_7657_cov_117.394_ID_2923

CONTIG: NODE_24_length_207146_cov_118.733_ID_47 (207146bp)
Top Length: 205524  Top ID: 99.99
		Marking as insignificant: 110899 110982 | 207146 207063 | 84 84 | 97.62 | marine_gamma_proteobacterium_HTCC2080_gi_119504867_ref_NZ_ NODE_24_length_207146_cov_118.733_ID_47
		Marking as insignificant: 88358 90418 | 207146 205086 | 2061 2061 | 99.71 | marine_gamma_proteobacterium_HTCC2080_gi_119505407_ref_NZ_ NODE_24_length_207146_cov_118.733_ID_47
		One align captures most of this contig: 1 205524 | 205524 1 | 205524 205524 | 99.99 | marine_gamma_proteobacterium_HTCC2080_gi_119504692_ref_NZ_ NODE_24_length_207146_cov_118.733_ID_47

CONTIG: NODE_9205_length_1139_cov_119.953_ID_18409 (1139bp)
Top Length: 1138  Top ID: 99.91
		One align captures most of this contig: 1 1138 | 1 1138 | 1138 1138 | 99.91 | marine_gamma_proteobacterium_HTCC2080_gi_119505909_ref_NZ_ NODE_9205_length_1139_cov_119.953_ID_18409

CONTIG: NODE_33_length_173249_cov_118.91_ID_65 (173249bp)
Top Length: 173249  Top ID: 99.99
		Marking as insignificant: 87916 88055 | 62437 62298 | 140 140 | 100.0 | marine_gamma_proteobacterium_HTCC2080_gi_119505407_ref_NZ_ NODE_33_length_173249_cov_118.91_ID_65
		One align captures most of this contig: 2 173243 | 173249 1 | 173242 173249 | 99.99 | marine_gamma_proteobacterium_HTCC2080_gi_119504867_ref_NZ_ NODE_33_length_173249_cov_118.91_ID_65

CONTIG: NODE_2634_length_4211_cov_120.283_ID_5267 (4211bp)
Top Length: 4211  Top ID: 99.98
		One align captures most of this contig: 1 4211 | 4211 1 | 4211 4211 | 99.98 | marine_gamma_proteobacterium_HTCC2080_gi_119505899_ref_NZ_ NODE_2634_length_4211_cov_120.283_ID_5267

CONTIG: NODE_775_length_15419_cov_118.464_ID_1549 (15419bp)
Top Length: 15419  Top ID: 100.0
		One align captures most of this contig: 2 15420 | 15419 1 | 15419 15419 | 100.0 | marine_gamma_proteobacterium_HTCC2080_gi_119505884_ref_NZ_ NODE_775_length_15419_cov_118.464_ID_1549

CONTIG: NODE_3638_length_3040_cov_119.011_ID_7275 (3040bp)
Top Length: 3040  Top ID: 100.0
		One align captures most of this contig: 1 3040 | 3040 1 | 3040 3040 | 100.0 | marine_gamma_proteobacterium_HTCC2080_gi_119505906_ref_NZ_ NODE_3638_length_3040_cov_119.011_ID_7275

CONTIG: NODE_15_length_278493_cov_118.606_ID_29 (278493bp)
Top Length: 278493  Top ID: 99.99
		One align captures most of this contig: 4 278496 | 278493 1 | 278493 278493 | 99.99 | marine_gamma_proteobacterium_HTCC2080_gi_119503955_ref_NZ_ NODE_15_length_278493_cov_118.606_ID_29

CONTIG: NODE_42_length_159550_cov_118.665_ID_83 (159550bp)
Top Length: 159550  Top ID: 100.0
		One align captures most of this contig: 1 159550 | 159550 1 | 159550 159550 | 100.0 | marine_gamma_proteobacterium_HTCC2080_gi_119505011_ref_NZ_ NODE_42_length_159550_cov_118.665_ID_83

CONTIG: NODE_4_length_453618_cov_119.409_ID_7 (453618bp)
Top Length: 336723  Top ID: 99.99
		This contig is misassembled. 2 total aligns.
			Excluding internal overlap of size 20086 between Alignment 1 and 2:  12156 149129 | 453618 316638 | 136974 136981 --> 12156 129043 | 453618 336724 | 116888 116895
			Real Alignment 1: 129051 465766 | 336723 1 | 336716 336723 | 99.99 | marine_gamma_proteobacterium_HTCC2080_gi_119502701_ref_NZ_ NODE_4_length_453618_cov_119.409_ID_7
			  Fake misassembly between these two alignments: inconsistency = 7 , gap in the contig is small or absent or filled mostly with Ns (long indel: deletion of length 7; 0 mismatches)
			Real Alignment 2: 12156 129043 | 453618 336724 | 116888 116895 | 99.99 | marine_gamma_proteobacterium_HTCC2080_gi_119502701_ref_NZ_ NODE_4_length_453618_cov_119.409_ID_7

CONTIG: NODE_1001_length_11914_cov_126.608_ID_2001 (11914bp)
Top Length: 11914  Top ID: 99.88
		Marking as insignificant: 75 11148 | 11914 834 | 11074 11081 | 99.93 | marine_gamma_proteobacterium_HTCC2080_gi_119502701_ref_NZ_ NODE_1001_length_11914_cov_126.608_ID_2001
		One align captures most of this contig: 75 11981 | 11914 1 | 11907 11914 | 99.88 | marine_gamma_proteobacterium_HTCC2080_gi_119502701_ref_NZ_ NODE_1001_length_11914_cov_126.608_ID_2001

CONTIG: NODE_76_length_97470_cov_118.438_ID_151 (97470bp)
Top Length: 97470  Top ID: 100.0
		One align captures most of this contig: 11 97480 | 97470 1 | 97470 97470 | 100.0 | marine_gamma_proteobacterium_HTCC2080_gi_119505479_ref_NZ_ NODE_76_length_97470_cov_118.438_ID_151

CONTIG: NODE_226_length_41645_cov_118.582_ID_451 (41645bp)
Top Length: 41645  Top ID: 99.99
		One align captures most of this contig: 3 41647 | 1 41645 | 41645 41645 | 99.99 | marine_gamma_proteobacterium_HTCC2080_gi_119505747_ref_NZ_ NODE_226_length_41645_cov_118.582_ID_451

CONTIG: NODE_296_length_33940_cov_118.502_ID_591 (33940bp)
Top Length: 31253  Top ID: 99.96
		This contig is misassembled. 2 total aligns.
			Excluding internal overlap of size 20040 between Alignment 1 and 2:  1 22740 | 33940 11214 | 22740 22727 --> 1 2700 | 33940 31254 | 2700 2687
			Real Alignment 1: 2688 33953 | 31253 1 | 31266 31253 | 99.96 | marine_gamma_proteobacterium_HTCC2080_gi_119505852_ref_NZ_ NODE_296_length_33940_cov_118.502_ID_591
			  Fake misassembly between these two alignments: inconsistency = -13 , gap in the contig is small or absent or filled mostly with Ns (long indel: insertion of length 13; 0 mismatches)
			Real Alignment 2: 1 2700 | 33940 31254 | 2700 2687 | 99.94 | marine_gamma_proteobacterium_HTCC2080_gi_119505852_ref_NZ_ NODE_296_length_33940_cov_118.502_ID_591

CONTIG: NODE_123_length_66923_cov_119.914_ID_245 (66923bp)
Top Length: 64416  Top ID: 99.99
		Skipping redundant alignment 63892 64145 | 2509 2256 | 254 254 | 99.61 | marine_gamma_proteobacterium_HTCC2080_gi_119505171_ref_NZ_ NODE_123_length_66923_cov_119.914_ID_245
		Skipping redundant alignment 64048 64202 | 2509 2355 | 155 155 | 98.71 | marine_gamma_proteobacterium_HTCC2080_gi_119505171_ref_NZ_ NODE_123_length_66923_cov_119.914_ID_245
		This contig is misassembled. 4 total aligns.
			Excluding internal overlap of size 3 between Alignment 1 and 2:  64359 66868 | 2510 1 | 2510 2510 --> 64362 66868 | 2507 1 | 2507 2507
			Real Alignment 1: 64362 66868 | 2507 1 | 2507 2507 | 99.92 | marine_gamma_proteobacterium_HTCC2080_gi_119505171_ref_NZ_ NODE_123_length_66923_cov_119.914_ID_245
			  Fake misassembly between these two alignments: inconsistency = -55 , gap in the contig is small or absent or filled mostly with Ns (long indel: insertion of length 55; 0 mismatches)
			Real Alignment 2: 1 64416 | 66923 2508 | 64416 64416 | 99.99 | marine_gamma_proteobacterium_HTCC2080_gi_119505171_ref_NZ_ NODE_123_length_66923_cov_119.914_ID_245

CONTIG: NODE_188_length_47184_cov_121.943_ID_375 (47184bp)
Top Length: 29666  Top ID: 99.89
		Skipping redundant alignment 96427 97048 | 29045 29666 | 622 622 | 96.95 | marine_gamma_proteobacterium_HTCC2080_gi_119505171_ref_NZ_ NODE_188_length_47184_cov_121.943_ID_375
		This contig is misassembled. 3 total aligns.
			Excluding internal overlap of size 622 between Alignment 1 and 2:  96640 114779 | 29045 47184 | 18140 18140 --> 97262 114779 | 29667 47184 | 17518 17518
			Real Alignment 1: 66957 96622 | 1 29666 | 29666 29666 | 99.89 | marine_gamma_proteobacterium_HTCC2080_gi_119505171_ref_NZ_ NODE_188_length_47184_cov_121.943_ID_375
			  Gap between these two alignments (local misassembly). Inconsistency = 639 
			Real Alignment 2: 97262 114779 | 29667 47184 | 17518 17518 | 99.85 | marine_gamma_proteobacterium_HTCC2080_gi_119505171_ref_NZ_ NODE_188_length_47184_cov_121.943_ID_375

CONTIG: NODE_475_length_23688_cov_118.769_ID_949 (23688bp)
Top Length: 23688  Top ID: 100.0
		One align captures most of this contig: 116467 140154 | 23688 1 | 23688 23688 | 100.0 | marine_gamma_proteobacterium_HTCC2080_gi_119505171_ref_NZ_ NODE_475_length_23688_cov_118.769_ID_949

CONTIG: NODE_7954_length_1339_cov_157.576_ID_15907 (1339bp)
Top Length: 1339  Top ID: 99.93
		Marking as insignificant: 116020 116292 | 273 1 | 273 273 | 98.17 | marine_gamma_proteobacterium_HTCC2080_gi_119505171_ref_NZ_ NODE_7954_length_1339_cov_157.576_ID_15907
		Marking as insignificant: 114954 115226 | 1339 1067 | 273 273 | 98.53 | marine_gamma_proteobacterium_HTCC2080_gi_119505171_ref_NZ_ NODE_7954_length_1339_cov_157.576_ID_15907
		One align captures most of this contig: 114954 116292 | 1 1339 | 1339 1339 | 99.93 | marine_gamma_proteobacterium_HTCC2080_gi_119505171_ref_NZ_ NODE_7954_length_1339_cov_157.576_ID_15907

CONTIG: NODE_133_length_61022_cov_118.526_ID_265 (61022bp)
Top Length: 61022  Top ID: 100.0
		One align captures most of this contig: 2 61023 | 1 61022 | 61022 61022 | 100.0 | marine_gamma_proteobacterium_HTCC2080_gi_119505645_ref_NZ_ NODE_133_length_61022_cov_118.526_ID_265

CONTIG: NODE_5_length_315244_cov_118.573_ID_9 (315244bp)
Top Length: 315244  Top ID: 99.99
		One align captures most of this contig: 2 315245 | 1 315244 | 315244 315244 | 99.99 | marine_gamma_proteobacterium_HTCC2080_gi_119503117_ref_NZ_ NODE_5_length_315244_cov_118.573_ID_9

Analyzing coverage...
Writing SNPs into /Molly/gurevich/MetaQUAST/res_final/res_cami_final/runs_per_reference/marine_gamma_proteobacterium_HTCC2080/contigs_reports/nucmer_output/SPAdes.used_snps
	Reference marine_gamma_proteobacterium_HTCC2080_gi_119503701_ref_NZ_: 3 total alignments. 1 total regions.
		Region: 1 to 308854 (308854 bp)
			START in gap: 1 to 2 (1 bp)
			Align 1: 2 49898 NODE_170_length_49897_cov_117.767_ID_339 49897 1
				Gap between this and next alignment: 49898 to 49987 (88 bp)
				Next Alignment: 49987 238060 NODE_19_length_258881_cov_118.817_ID_37 258881 70794

			Align 2: 49987 238060 NODE_19_length_258881_cov_118.817_ID_37 258881 70794
				Gap between this and next alignment: 238060 to 238075 (14 bp)
				Next Alignment: 238075 308853 NODE_19_length_258881_cov_118.817_ID_37 70793 1

			Align 3: 238075 308853 NODE_19_length_258881_cov_118.817_ID_37 70793 1
			END in gap: 308853 to 308854 (1 bp)

	Reference marine_gamma_proteobacterium_HTCC2080_gi_119505171_ref_NZ_: 6 total alignments. 1 total regions.
		Region: 1 to 140154 (140154 bp)
			Align 1: 1 64416 NODE_123_length_66923_cov_119.914_ID_245 66923 2508
				Negative gap (overlap) between this and next alignment: 64416 to 64362 (-54 bp)
				Next Alignment: 64362 66868 NODE_123_length_66923_cov_119.914_ID_245 2507 1

			Previous gap was negative, modifying coordinates to ignore overlap
				Moving contig start from 2507 to 2452.
			Align 2: 64417 66868 NODE_123_length_66923_cov_119.914_ID_245 2452 1
				Gap between this and next alignment: 66868 to 66957 (88 bp)
				Next Alignment: 66957 96622 NODE_188_length_47184_cov_121.943_ID_375 1 29666

			Align 3: 66957 96622 NODE_188_length_47184_cov_121.943_ID_375 1 29666
				Gap between this and next alignment: 96622 to 97262 (639 bp)
				Next Alignment: 97262 114779 NODE_188_length_47184_cov_121.943_ID_375 29667 47184

			Align 4: 97262 114779 NODE_188_length_47184_cov_121.943_ID_375 29667 47184
				Gap between this and next alignment: 114779 to 114954 (174 bp)
				Next Alignment: 114954 116292 NODE_7954_length_1339_cov_157.576_ID_15907 1 1339

			Align 5: 114954 116292 NODE_7954_length_1339_cov_157.576_ID_15907 1 1339
				Gap between this and next alignment: 116292 to 116467 (174 bp)
				Next Alignment: 116467 140154 NODE_475_length_23688_cov_118.769_ID_949 23688 1

			Align 6: 116467 140154 NODE_475_length_23688_cov_118.769_ID_949 23688 1
			END in current alignment.  Modifying 140154 to 140154.

	Reference marine_gamma_proteobacterium_HTCC2080_gi_119504206_ref_NZ_: 3 total alignments. 1 total regions.
		Region: 1 to 274231 (274231 bp)
			START in gap: 1 to 2 (1 bp)
			Align 1: 2 49339 NODE_8_length_309681_cov_119.311_ID_15 1 49326
				Negative gap (overlap) between this and next alignment: 49339 to 49328 (-11 bp)
				Next Alignment: 49328 231214 NODE_8_length_309681_cov_119.311_ID_15 49327 231201

			Previous gap was negative, modifying coordinates to ignore overlap
				Moving contig start from 49327 to 49339.
			Align 2: 49340 231214 NODE_8_length_309681_cov_119.311_ID_15 49339 231201
				Gap between this and next alignment: 231214 to 231536 (321 bp)
				Next Alignment: 231536 274231 NODE_8_length_309681_cov_119.311_ID_15 231202 273897

			Align 3: 231536 274231 NODE_8_length_309681_cov_119.311_ID_15 231202 273897
			END in current alignment.  Modifying 274231 to 274231.

	Reference marine_gamma_proteobacterium_HTCC2080_gi_119505479_ref_NZ_: 1 total alignments. 1 total regions.
		Region: 1 to 97480 (97480 bp)
			START in gap: 1 to 11 (10 bp)
			Align 1: 11 97480 NODE_76_length_97470_cov_118.438_ID_151 97470 1
			END in current alignment.  Modifying 97480 to 97480.

	Reference marine_gamma_proteobacterium_HTCC2080_gi_119505899_ref_NZ_: 1 total alignments. 1 total regions.
		Region: 1 to 4220 (4220 bp)
			Align 1: 1 4211 NODE_2634_length_4211_cov_120.283_ID_5267 4211 1
			END in gap: 4211 to 4220 (9 bp)

	Reference marine_gamma_proteobacterium_HTCC2080_gi_119505707_ref_NZ_: 1 total alignments. 1 total regions.
		Region: 1 to 42359 (42359 bp)
			START in gap: 1 to 2 (1 bp)
			Align 1: 2 42358 NODE_219_length_42357_cov_118.56_ID_437 42357 1
			END in gap: 42358 to 42359 (1 bp)

	Reference marine_gamma_proteobacterium_HTCC2080_gi_119504692_ref_NZ_: 1 total alignments. 1 total regions.
		Region: 1 to 205524 (205524 bp)
			Align 1: 1 205524 NODE_24_length_207146_cov_118.733_ID_47 205524 1
			END in current alignment.  Modifying 205524 to 205524.

	Reference marine_gamma_proteobacterium_HTCC2080_gi_119504867_ref_NZ_: 1 total alignments. 1 total regions.
		Region: 1 to 173243 (173243 bp)
			START in gap: 1 to 2 (1 bp)
			Align 1: 2 173243 NODE_33_length_173249_cov_118.91_ID_65 173249 1
			END in current alignment.  Modifying 173243 to 173243.

	Reference marine_gamma_proteobacterium_HTCC2080_gi_119505906_ref_NZ_: 1 total alignments. 1 total regions.
		Region: 1 to 3041 (3041 bp)
			Align 1: 1 3040 NODE_3638_length_3040_cov_119.011_ID_7275 3040 1
			END in gap: 3040 to 3041 (1 bp)

	Reference marine_gamma_proteobacterium_HTCC2080_gi_119505302_ref_NZ_: 1 total alignments. 1 total regions.
		Region: 1 to 131677 (131677 bp)
			START in gap: 1 to 3 (2 bp)
			Align 1: 3 131677 NODE_56_length_131675_cov_118.629_ID_111 131675 1
			END in current alignment.  Modifying 131677 to 131677.

	Reference marine_gamma_proteobacterium_HTCC2080_gi_119505645_ref_NZ_: 1 total alignments. 1 total regions.
		Region: 1 to 61025 (61025 bp)
			START in gap: 1 to 2 (1 bp)
			Align 1: 2 61023 NODE_133_length_61022_cov_118.526_ID_265 1 61022
			END in gap: 61023 to 61025 (2 bp)

	Reference marine_gamma_proteobacterium_HTCC2080_gi_119505407_ref_NZ_: 2 total alignments. 1 total regions.
		Region: 1 to 97988 (97988 bp)
			Align 1: 1 87967 NODE_86_length_87967_cov_118.945_ID_171 87967 1
				Gap between this and next alignment: 87967 to 90331 (2363 bp)
				Next Alignment: 90331 97987 NODE_1462_length_7657_cov_117.394_ID_2923 7657 1

			Align 2: 90331 97987 NODE_1462_length_7657_cov_117.394_ID_2923 7657 1
			END in gap: 97987 to 97988 (1 bp)

	Reference marine_gamma_proteobacterium_HTCC2080_gi_119505909_ref_NZ_: 1 total alignments. 1 total regions.
		Region: 1 to 1139 (1139 bp)
			Align 1: 1 1138 NODE_9205_length_1139_cov_119.953_ID_18409 1 1138
			END in gap: 1138 to 1139 (1 bp)

	Reference marine_gamma_proteobacterium_HTCC2080_gi_119503955_ref_NZ_: 1 total alignments. 1 total regions.
		Region: 1 to 278497 (278497 bp)
			START in gap: 1 to 4 (3 bp)
			Align 1: 4 278496 NODE_15_length_278493_cov_118.606_ID_29 278493 1
			END in gap: 278496 to 278497 (1 bp)

	Reference marine_gamma_proteobacterium_HTCC2080_gi_119505011_ref_NZ_: 1 total alignments. 1 total regions.
		Region: 1 to 159550 (159550 bp)
			Align 1: 1 159550 NODE_42_length_159550_cov_118.665_ID_83 159550 1
			END in current alignment.  Modifying 159550 to 159550.

	Reference marine_gamma_proteobacterium_HTCC2080_gi_119505783_ref_NZ_: 1 total alignments. 1 total regions.
		Region: 1 to 38556 (38556 bp)
			Align 1: 1 38556 NODE_259_length_38586_cov_119.363_ID_517 1 38586
			END in current alignment.  Modifying 38556 to 38556.

	Reference marine_gamma_proteobacterium_HTCC2080_gi_119503401_ref_NZ_: 1 total alignments. 1 total regions.
		Region: 1 to 308910 (308910 bp)
			START in gap: 1 to 2 (1 bp)
			Align 1: 2 308909 NODE_9_length_308908_cov_118.769_ID_17 308908 1
			END in gap: 308909 to 308910 (1 bp)

	Reference marine_gamma_proteobacterium_HTCC2080_gi_119503117_ref_NZ_: 1 total alignments. 1 total regions.
		Region: 1 to 315245 (315245 bp)
			START in gap: 1 to 2 (1 bp)
			Align 1: 2 315245 NODE_5_length_315244_cov_118.573_ID_9 1 315244
			END in current alignment.  Modifying 315245 to 315245.

	Reference marine_gamma_proteobacterium_HTCC2080_gi_119505747_ref_NZ_: 1 total alignments. 1 total regions.
		Region: 1 to 41648 (41648 bp)
			START in gap: 1 to 3 (2 bp)
			Align 1: 3 41647 NODE_226_length_41645_cov_118.582_ID_451 1 41645
			END in gap: 41647 to 41648 (1 bp)

	Reference marine_gamma_proteobacterium_HTCC2080_gi_119505576_ref_NZ_: 2 total alignments. 1 total regions.
		Region: 1 to 79359 (79359 bp)
			Align 1: 1 30424 NODE_340_length_30424_cov_129.035_ID_679 1 30424
				Gap between this and next alignment: 30424 to 30517 (92 bp)
				Next Alignment: 30517 79357 NODE_177_length_48841_cov_118.93_ID_353 48841 1

			Align 2: 30517 79357 NODE_177_length_48841_cov_118.93_ID_353 48841 1
			END in gap: 79357 to 79359 (2 bp)

	Reference marine_gamma_proteobacterium_HTCC2080_gi_119504450_ref_NZ_: 1 total alignments. 1 total regions.
		Region: 1 to 262399 (262399 bp)
			Align 1: 1 262399 NODE_18_length_262399_cov_118.547_ID_35 1 262399
			END in current alignment.  Modifying 262399 to 262399.

	Reference marine_gamma_proteobacterium_HTCC2080_gi_119505852_ref_NZ_: 2 total alignments. 1 total regions.
		Region: 1 to 33954 (33954 bp)
			Align 1: 1 2700 NODE_296_length_33940_cov_118.502_ID_591 33940 31254
				Negative gap (overlap) between this and next alignment: 2700 to 2688 (-12 bp)
				Next Alignment: 2688 33953 NODE_296_length_33940_cov_118.502_ID_591 31253 1

			Previous gap was negative, modifying coordinates to ignore overlap
				Moving contig start from 31253 to 31240.
			Align 2: 2701 33953 NODE_296_length_33940_cov_118.502_ID_591 31240 1
			END in gap: 33953 to 33954 (1 bp)

	Reference marine_gamma_proteobacterium_HTCC2080_gi_119502701_ref_NZ_: 3 total alignments. 1 total regions.
		Region: 1 to 465767 (465767 bp)
			START in gap: 1 to 75 (74 bp)
			Align 1: 75 11981 NODE_1001_length_11914_cov_126.608_ID_2001 11914 1
				Gap between this and next alignment: 11981 to 12156 (174 bp)
				Next Alignment: 12156 129043 NODE_4_length_453618_cov_119.409_ID_7 453618 336724

			Align 2: 12156 129043 NODE_4_length_453618_cov_119.409_ID_7 453618 336724
				Gap between this and next alignment: 129043 to 129051 (7 bp)
				Next Alignment: 129051 465766 NODE_4_length_453618_cov_119.409_ID_7 336723 1

			Align 3: 129051 465766 NODE_4_length_453618_cov_119.409_ID_7 336723 1
			END in gap: 465766 to 465767 (1 bp)

	Reference marine_gamma_proteobacterium_HTCC2080_gi_119505884_ref_NZ_: 1 total alignments. 1 total regions.
		Region: 1 to 15420 (15420 bp)
			START in gap: 1 to 2 (1 bp)
			Align 1: 2 15420 NODE_775_length_15419_cov_118.464_ID_1549 15419 1
			END in current alignment.  Modifying 15420 to 15420.

	Reference marine_gamma_proteobacterium_HTCC2080_gi_119505814_ref_NZ_: 1 total alignments. 1 total regions.
		Region: 1 to 35841 (35841 bp)
			START in gap: 1 to 2 (1 bp)
			Align 1: 2 35783 NODE_8_length_309681_cov_119.311_ID_15 309681 273898
			END in gap: 35783 to 35841 (58 bp)

Analysis is finished!
Founded SNPs were written into /Molly/gurevich/MetaQUAST/res_final/res_cami_final/runs_per_reference/marine_gamma_proteobacterium_HTCC2080/contigs_reports/nucmer_output/SPAdes.used_snps

Results:
	Local Misassemblies: 2
	Misassemblies: 1
		Relocations: 0
		Translocations: 1
		Inversions: 0
	Fake misassemblies matched with structural variations: 0
	Misassembled Contigs: 1
	Misassembled Contig Bases: 309681
	Misassemblies Inter-Contig Overlap: 0
Uncovered Regions: 0 (0)
Unaligned Contigs: 0 + 0 part
Partially Unaligned Contigs with Misassemblies: 0
Unaligned Contig Bases: 0

Ambiguously Mapped Contigs: 0
Total Bases in Ambiguously Mapped Contigs: 0
Note that --allow-ambiguity option was set to "one" and only first alignment per each contig was used.

	Covered Bases: 3571766

	SNPs: 64
	Insertions: 154
	Deletions: 51

	Positive Gaps: 39
		Internal Gaps:  4
		External Gaps:  35
		External Gap Total:  3334
		External Gap Average: 95
	Negative Gaps: 3
		Internal Overlaps:  3
		External Overlaps:  0
		External Overlaps Total:  0
		External Overlaps Average: 0
	Contigs with Redundant Alignments: 0 (0)
