/home/gurevich/rep/quast/quast.pyc -t 16 -j  --meta  --bed-file /Molly/gurevich/MetaQUAST/res_final/res_metahit_final/combined_reference/structural_variations/combined_reference.bed --no-check-meta  --contig-thresholds 1000,5000,10000,25000,50000 -R /Molly/gurevich/MetaQUAST/res_final/res_metahit_final/quast_corrected_input/Bacteroides_coprophilus.fasta -o /Molly/gurevich/MetaQUAST/res_final/res_metahit_final/runs_per_reference/Bacteroides_coprophilus --labels "IDBA_UD, Ray, SOAPdenovo2, SPAdes" /Molly/gurevich/MetaQUAST/res_final/res_metahit_final/quast_corrected_input/IDBA_UD_to_Bacteroides_coprophilus.fasta /Molly/gurevich/MetaQUAST/res_final/res_metahit_final/quast_corrected_input/Ray_to_Bacteroides_coprophilus.fasta /Molly/gurevich/MetaQUAST/res_final/res_metahit_final/quast_corrected_input/SOAPdenovo2_to_Bacteroides_coprophilus.fasta /Molly/gurevich/MetaQUAST/res_final/res_metahit_final/quast_corrected_input/SPAdes_to_Bacteroides_coprophilus.fasta

Started: 2015-11-09 20:06:33

Logging to /Molly/gurevich/MetaQUAST/res_final/res_metahit_final/runs_per_reference/Bacteroides_coprophilus/quast.log

NOTICE: Output directory already exists. Existing Nucmer alignments can be used.

Reference:
  /Molly/gurevich/MetaQUAST/res_final/res_metahit_final/quast_corrected_input/Bacteroides_coprophilus.fasta ==> Bacteroides_coprophilus

Contigs:
  1  /Molly/gurevich/MetaQUAST/res_final/res_metahit_final/quast_corrected_input/IDBA_UD_to_Bacteroides_coprophilus.fasta ==> IDBA_UD
  2  /Molly/gurevich/MetaQUAST/res_final/res_metahit_final/quast_corrected_input/Ray_to_Bacteroides_coprophilus.fasta ==> Ray
  3  /Molly/gurevich/MetaQUAST/res_final/res_metahit_final/quast_corrected_input/SOAPdenovo2_to_Bacteroides_coprophilus.fasta ==> SOAPdenovo2
  4  /Molly/gurevich/MetaQUAST/res_final/res_metahit_final/quast_corrected_input/SPAdes_to_Bacteroides_coprophilus.fasta ==> SPAdes

2015-11-09 20:06:36
Running Basic statistics processor...
  Reference genome:
    Bacteroides_coprophilus.fasta, Reference length = 4041504, Reference GC % = 45.72
  Contig files: 
    1  IDBA_UD
    2  Ray
    3  SOAPdenovo2
    4  SPAdes
  Calculating N50 and L50...
    1  IDBA_UD, N50 = 33404, L50 = 3, Total length = 226371, GC % = 43.85, # N's per 100 kbp =  19.44
    2  Ray, N50 = 43176, L50 = 5, Total length = 473951, GC % = 44.19, # N's per 100 kbp =  973.31
    3  SOAPdenovo2, N50 = 4638, L50 = 7, Total length = 147104, GC % = 45.13, # N's per 100 kbp =  88.37
    4  SPAdes, N50 = 60070, L50 = 2, Total length = 303488, GC % = 45.46, # N's per 100 kbp =  180.57
  Drawing Nx plot...
    saved to /Molly/gurevich/MetaQUAST/res_final/res_metahit_final/runs_per_reference/Bacteroides_coprophilus/basic_stats/Nx_plot.pdf
  Drawing NGx plot...
    saved to /Molly/gurevich/MetaQUAST/res_final/res_metahit_final/runs_per_reference/Bacteroides_coprophilus/basic_stats/NGx_plot.pdf
  Drawing cumulative plot...
    saved to /Molly/gurevich/MetaQUAST/res_final/res_metahit_final/runs_per_reference/Bacteroides_coprophilus/basic_stats/cumulative_plot.pdf
  Drawing GC content plot...
    saved to /Molly/gurevich/MetaQUAST/res_final/res_metahit_final/runs_per_reference/Bacteroides_coprophilus/basic_stats/GC_content_plot.pdf
Done.

2015-11-09 20:06:44
Running Contig analyzer...
  1  IDBA_UD
  2  Ray
  3  SOAPdenovo2
  4  SPAdes
  1  Logging to files /Molly/gurevich/MetaQUAST/res_final/res_metahit_final/runs_per_reference/Bacteroides_coprophilus/contigs_reports/contigs_report_IDBA_UD.stdout and contigs_report_IDBA_UD.stderr...
  3  Logging to files /Molly/gurevich/MetaQUAST/res_final/res_metahit_final/runs_per_reference/Bacteroides_coprophilus/contigs_reports/contigs_report_SOAPdenovo2.stdout and contigs_report_SOAPdenovo2.stderr...
  4  Logging to files /Molly/gurevich/MetaQUAST/res_final/res_metahit_final/runs_per_reference/Bacteroides_coprophilus/contigs_reports/contigs_report_SPAdes.stdout and contigs_report_SPAdes.stderr...
  1  Using existing Nucmer alignments... 
  2  Logging to files /Molly/gurevich/MetaQUAST/res_final/res_metahit_final/runs_per_reference/Bacteroides_coprophilus/contigs_reports/contigs_report_Ray.stdout and contigs_report_Ray.stderr...
  3  Using existing Nucmer alignments... 
  4  Using existing Nucmer alignments... 
  2  Using existing Nucmer alignments... 
  3  Alignments: runs_per_reference/Bacteroides_coprophilus/contigs_reports/alignments_SOAPdenovo2.tsv
  3  Analysis is finished.

  4  Alignments: runs_per_reference/Bacteroides_coprophilus/contigs_reports/alignments_SPAdes.tsv
  4  Analysis is finished.

  1  Alignments: runs_per_reference/Bacteroides_coprophilus/contigs_reports/alignments_IDBA_UD.tsv
  1  Analysis is finished.

  2  Alignments: runs_per_reference/Bacteroides_coprophilus/contigs_reports/alignments_Ray.tsv
  2  Analysis is finished.

  Creating total report...
    saved to /Molly/gurevich/MetaQUAST/res_final/res_metahit_final/runs_per_reference/Bacteroides_coprophilus/contigs_reports/misassemblies_report.txt, misassemblies_report.tsv, and misassemblies_report.tex
  Transposed version of total report...
    saved to /Molly/gurevich/MetaQUAST/res_final/res_metahit_final/runs_per_reference/Bacteroides_coprophilus/contigs_reports/transposed_report_misassemblies.txt, transposed_report_misassemblies.tsv, and transposed_report_misassemblies.tex
  Creating total report...
    saved to /Molly/gurevich/MetaQUAST/res_final/res_metahit_final/runs_per_reference/Bacteroides_coprophilus/contigs_reports/unaligned_report.txt, unaligned_report.tsv, and unaligned_report.tex
  Drawing misassemblies by types plot...
    saved to /Molly/gurevich/MetaQUAST/res_final/res_metahit_final/runs_per_reference/Bacteroides_coprophilus/contigs_reports/misassemblies_plot.pdf
Done.

2015-11-09 20:06:46
Running NA-NGA calculation...
  1  IDBA_UD, Largest alignment = 26174, NA50 = None, LA50 = None
  2  Ray, Largest alignment = 42912, NA50 = None, LA50 = None
  3  SOAPdenovo2, Largest alignment = 19665, NA50 = 1720, LA50 = 19
  4  SPAdes, Largest alignment = 40708, NA50 = None, LA50 = None
  Drawing cumulative plot...
    saved to /Molly/gurevich/MetaQUAST/res_final/res_metahit_final/runs_per_reference/Bacteroides_coprophilus/aligned_stats/cumulative_plot.pdf
  Drawing NAx plot...
    saved to /Molly/gurevich/MetaQUAST/res_final/res_metahit_final/runs_per_reference/Bacteroides_coprophilus/aligned_stats/NAx_plot.pdf
  Drawing NGAx plot...
    saved to /Molly/gurevich/MetaQUAST/res_final/res_metahit_final/runs_per_reference/Bacteroides_coprophilus/aligned_stats/NGAx_plot.pdf
Done.

2015-11-09 20:06:48
Running Genome analyzer...
  NOTICE: No file with genes provided. Use the -G option if you want to specify it.
  NOTICE: No file with operons provided. Use the -O option if you want to specify it.
  2  Ray
  1  IDBA_UD
  3  SOAPdenovo2
  4  SPAdes
  1  Analysis is finished.
  4  Analysis is finished.
  3  Analysis is finished.
  2  Analysis is finished.
  Drawing Genome fraction, % histogram...
    saved to /Molly/gurevich/MetaQUAST/res_final/res_metahit_final/runs_per_reference/Bacteroides_coprophilus/genome_stats/genome_fraction_histogram.pdf
Done.

NOTICE: Genes are not predicted by default. Use --gene-finding option to enable it.

2015-11-09 20:06:51
Drawing large plots...
This may take a while: press Ctrl-C to skip this step..
  1 of 2: Creating contig alignment plot...
  2 of 2: Creating PDF with all tables and plots...
Done

2015-11-09 20:07:00
RESULTS:
  Text versions of total report are saved to /Molly/gurevich/MetaQUAST/res_final/res_metahit_final/runs_per_reference/Bacteroides_coprophilus/report.txt, report.tsv, and report.tex
  Text versions of transposed total report are saved to /Molly/gurevich/MetaQUAST/res_final/res_metahit_final/runs_per_reference/Bacteroides_coprophilus/transposed_report.txt, transposed_report.tsv, and transposed_report.tex
  HTML version (interactive tables and plots) saved to /Molly/gurevich/MetaQUAST/res_final/res_metahit_final/runs_per_reference/Bacteroides_coprophilus/report.html
  PDF version (tables and plots) saved to /Molly/gurevich/MetaQUAST/res_final/res_metahit_final/runs_per_reference/Bacteroides_coprophilus/report.pdf
  Contig alignment plot: /Molly/gurevich/MetaQUAST/res_final/res_metahit_final/runs_per_reference/Bacteroides_coprophilus/alignment.svg
