Aligning contigs to reference...
	Running Nucmer
Parsing coords...
Loading reference...
	Loaded [Bacteroides_fragilis_YCH46_gi_53711291_ref_NC_0]
Loading SNPs...
Loading regions...
	No regions given, using whole reference.
	Total Regions: 1
	Total Region Length: 5277274
Analyzing contigs...
CONTIG: scaffold_478 (17131bp)
Top Length: 17131  Top ID: 99.84
		One align captures most of this contig: 130050 147179 | 17131 1 | 17130 17131 | 99.84 | Bacteroides_fragilis_YCH46_gi_53711291_ref_NC_0 scaffold_478

CONTIG: scaffold_587 (14202bp)
Top Length: 14187  Top ID: 99.89
		One align captures most of this contig: 3425491 3439677 | 16 14202 | 14187 14187 | 99.89 | Bacteroides_fragilis_YCH46_gi_53711291_ref_NC_0 scaffold_587

CONTIG: scaffold_1589 (5976bp)
Top Length: 122  Top ID: 99.18
		This contig is partially unaligned. (Aligned 122 out of 5976 bases)
		Alignment: 1300540 1300661 | 5855 5976 | 122 122 | 99.18 | Bacteroides_fragilis_YCH46_gi_53711291_ref_NC_0 scaffold_1589
		Unaligned bases: 1 to 5854 (5854)

CONTIG: scaffold_3532 (2745bp)
Top Length: 330  Top ID: 100.0
		This contig is partially unaligned. (Aligned 330 out of 2745 bases)
		Alignment: 4361053 4361382 | 2416 2745 | 330 330 | 100.0 | Bacteroides_fragilis_YCH46_gi_53711291_ref_NC_0 scaffold_3532
		Unaligned bases: 1 to 2415 (2415)

CONTIG: scaffold_3853 (3561bp)
Top Length: 111  Top ID: 99.1
		This contig is partially unaligned. (Aligned 111 out of 3561 bases)
		Alignment: 3408654 3408764 | 111 1 | 111 111 | 99.1 | Bacteroides_fragilis_YCH46_gi_53711291_ref_NC_0 scaffold_3853
		Unaligned bases: 112 to 3561 (3450)

CONTIG: scaffold_5197 (3223bp)
Top Length: 302  Top ID: 99.01
		This contig is partially unaligned. (Aligned 302 out of 3223 bases)
		Alignment: 3354237 3354538 | 302 1 | 302 302 | 99.01 | Bacteroides_fragilis_YCH46_gi_53711291_ref_NC_0 scaffold_5197
		Unaligned bases: 303 to 3223 (2921)

CONTIG: scaffold_5551 (1983bp)
Top Length: 180  Top ID: 99.44
		This contig is partially unaligned. (Aligned 180 out of 1983 bases)
		Alignment: 2657129 2657308 | 1983 1804 | 180 180 | 99.44 | Bacteroides_fragilis_YCH46_gi_53711291_ref_NC_0 scaffold_5551
		Unaligned bases: 1 to 1803 (1803)

CONTIG: scaffold_5613 (1968bp)
Top Length: 1968  Top ID: 99.95
		One align captures most of this contig: 116168 118135 | 1 1968 | 1968 1968 | 99.95 | Bacteroides_fragilis_YCH46_gi_53711291_ref_NC_0 scaffold_5613

CONTIG: scaffold_6601 (3568bp)
Top Length: 3568  Top ID: 96.34
		One align captures most of this contig: 126484 130062 | 3568 1 | 3579 3568 | 96.34 | Bacteroides_fragilis_YCH46_gi_53711291_ref_NC_0 scaffold_6601

CONTIG: scaffold_6824 (3943bp)
Top Length: 387  Top ID: 100.0
		This contig is partially unaligned. (Aligned 387 out of 3943 bases)
		Alignment: 4108557 4108943 | 3557 3943 | 387 387 | 100.0 | Bacteroides_fragilis_YCH46_gi_53711291_ref_NC_0 scaffold_6824
		Unaligned bases: 1 to 3556 (3556)

CONTIG: scaffold_8004 (1540bp)
Top Length: 697  Top ID: 98.71
		This contig is partially unaligned. (Aligned 697 out of 1540 bases)
		Alignment: 1209211 1209908 | 1 697 | 698 697 | 98.71 | Bacteroides_fragilis_YCH46_gi_53711291_ref_NC_0 scaffold_8004
		Unaligned bases: 698 to 1540 (843)
		This contig has both significant aligned and unaligned parts (of length >= min-contig)! It can contain interspecies translocations

CONTIG: scaffold_8636 (1453bp)
Top Length: 1453  Top ID: 98.9
		One align captures most of this contig: 124948 126399 | 1453 1 | 1452 1453 | 98.9 | Bacteroides_fragilis_YCH46_gi_53711291_ref_NC_0 scaffold_8636

CONTIG: scaffold_10034 (1296bp)
Top Length: 1296  Top ID: 97.53
		One align captures most of this contig: 123291 124586 | 1 1296 | 1296 1296 | 97.53 | Bacteroides_fragilis_YCH46_gi_53711291_ref_NC_0 scaffold_10034

CONTIG: scaffold_10143 (1286bp)
Top Length: 1286  Top ID: 98.91
		One align captures most of this contig: 119900 121185 | 1 1286 | 1286 1286 | 98.91 | Bacteroides_fragilis_YCH46_gi_53711291_ref_NC_0 scaffold_10143

CONTIG: scaffold_11100 (1201bp)
Top Length: 234  Top ID: 99.57
		This contig is partially unaligned. (Aligned 234 out of 1201 bases)
		Alignment: 4357067 4357300 | 968 1201 | 234 234 | 99.57 | Bacteroides_fragilis_YCH46_gi_53711291_ref_NC_0 scaffold_11100
		Unaligned bases: 1 to 967 (967)

CONTIG: scaffold_11608 (1160bp)
Top Length: 1160  Top ID: 99.4
		One align captures most of this contig: 1122488 1123647 | 1160 1 | 1160 1160 | 99.4 | Bacteroides_fragilis_YCH46_gi_53711291_ref_NC_0 scaffold_11608

CONTIG: scaffold_11664 (1156bp)
Top Length: 1156  Top ID: 95.16
		One align captures most of this contig: 767557 768713 | 1 1156 | 1157 1156 | 95.16 | Bacteroides_fragilis_YCH46_gi_53711291_ref_NC_0 scaffold_11664

CONTIG: scaffold_11767 (1147bp)
Top Length: 1147  Top ID: 98.96
		One align captures most of this contig: 118615 119766 | 1147 1 | 1152 1147 | 98.96 | Bacteroides_fragilis_YCH46_gi_53711291_ref_NC_0 scaffold_11767

CONTIG: scaffold_11816 (1143bp)
Top Length: 211  Top ID: 98.1
		This contig is partially unaligned. (Aligned 211 out of 1143 bases)
		Alignment: 933718 933928 | 933 1143 | 211 211 | 98.1 | Bacteroides_fragilis_YCH46_gi_53711291_ref_NC_0 scaffold_11816
		Unaligned bases: 1 to 932 (932)

CONTIG: scaffold_11894 (1137bp)
Top Length: 1137  Top ID: 98.94
		One align captures most of this contig: 5257213 5258348 | 1 1137 | 1136 1137 | 98.94 | Bacteroides_fragilis_YCH46_gi_53711291_ref_NC_0 scaffold_11894

CONTIG: scaffold_12112 (1121bp)
Top Length: 1121  Top ID: 98.31
		One align captures most of this contig: 121349 122469 | 1 1121 | 1121 1121 | 98.31 | Bacteroides_fragilis_YCH46_gi_53711291_ref_NC_0 scaffold_12112

CONTIG: scaffold_12807 (1436bp)
Top Length: 168  Top ID: 97.02
		This contig is partially unaligned. (Aligned 168 out of 1436 bases)
		Alignment: 1863405 1863572 | 1436 1269 | 168 168 | 97.02 | Bacteroides_fragilis_YCH46_gi_53711291_ref_NC_0 scaffold_12807
		Unaligned bases: 1 to 1268 (1268)

CONTIG: scaffold_12856 (1070bp)
Top Length: 1070  Top ID: 99.63
		One align captures most of this contig: 632171 633240 | 1070 1 | 1070 1070 | 99.63 | Bacteroides_fragilis_YCH46_gi_53711291_ref_NC_0 scaffold_12856

CONTIG: scaffold_12946 (1063bp)
Top Length: 1063  Top ID: 99.25
		One align captures most of this contig: 4349310 4350373 | 1063 1 | 1064 1063 | 99.25 | Bacteroides_fragilis_YCH46_gi_53711291_ref_NC_0 scaffold_12946

CONTIG: scaffold_13143 (1051bp)
Top Length: 1051  Top ID: 98.95
		One align captures most of this contig: 4283605 4284655 | 1051 1 | 1051 1051 | 98.95 | Bacteroides_fragilis_YCH46_gi_53711291_ref_NC_0 scaffold_13143

CONTIG: scaffold_13522 (1029bp)
Top Length: 1029  Top ID: 99.81
		One align captures most of this contig: 67119 68147 | 1029 1 | 1029 1029 | 99.81 | Bacteroides_fragilis_YCH46_gi_53711291_ref_NC_0 scaffold_13522

CONTIG: scaffold_13881 (1006bp)
Top Length: 746  Top ID: 98.93
		Skipping redundant alignment 4523150 4523796 | 649 1 | 647 649 | 98.61 | Bacteroides_fragilis_YCH46_gi_53711291_ref_NC_0 scaffold_13881
		Skipping redundant alignment 4672731 4673216 | 487 1 | 486 487 | 99.18 | Bacteroides_fragilis_YCH46_gi_53711291_ref_NC_0 scaffold_13881
		Skipping redundant alignment 5191884 5192334 | 451 1 | 451 451 | 99.33 | Bacteroides_fragilis_YCH46_gi_53711291_ref_NC_0 scaffold_13881
		Skipping redundant alignment 3140623 3141073 | 451 1 | 451 451 | 99.11 | Bacteroides_fragilis_YCH46_gi_53711291_ref_NC_0 scaffold_13881
		Skipping redundant alignment 3944224 3944672 | 449 1 | 449 449 | 99.33 | Bacteroides_fragilis_YCH46_gi_53711291_ref_NC_0 scaffold_13881
		This contig is partially unaligned. (Aligned 746 out of 1006 bases)
		Alignment: 4731829 4732574 | 746 1 | 746 746 | 98.93 | Bacteroides_fragilis_YCH46_gi_53711291_ref_NC_0 scaffold_13881
		Unaligned bases: 747 to 1006 (260)

CONTIG: scaffold_13929 (1003bp)
Top Length: 1003  Top ID: 98.8
		One align captures most of this contig: 358861 359863 | 1003 1 | 1003 1003 | 98.8 | Bacteroides_fragilis_YCH46_gi_53711291_ref_NC_0 scaffold_13929

CONTIG: scaffold_14129 (993bp)
Top Length: 993  Top ID: 98.8
		One align captures most of this contig: 5073511 5074506 | 993 1 | 996 993 | 98.8 | Bacteroides_fragilis_YCH46_gi_53711291_ref_NC_0 scaffold_14129

CONTIG: scaffold_14659 (961bp)
Top Length: 343  Top ID: 98.83
		This contig is partially unaligned. (Aligned 343 out of 961 bases)
		Alignment: 5036784 5037126 | 961 619 | 343 343 | 98.83 | Bacteroides_fragilis_YCH46_gi_53711291_ref_NC_0 scaffold_14659
		Unaligned bases: 1 to 618 (618)

CONTIG: scaffold_14915 (948bp)
Top Length: 948  Top ID: 98.1
		One align captures most of this contig: 411511 412455 | 948 1 | 945 948 | 98.1 | Bacteroides_fragilis_YCH46_gi_53711291_ref_NC_0 scaffold_14915

CONTIG: scaffold_15171 (934bp)
Top Length: 934  Top ID: 98.61
		One align captures most of this contig: 171746 172679 | 934 1 | 934 934 | 98.61 | Bacteroides_fragilis_YCH46_gi_53711291_ref_NC_0 scaffold_15171

CONTIG: scaffold_15316 (928bp)
Top Length: 928  Top ID: 99.14
		One align captures most of this contig: 1231116 1232043 | 928 1 | 928 928 | 99.14 | Bacteroides_fragilis_YCH46_gi_53711291_ref_NC_0 scaffold_15316

CONTIG: scaffold_15967 (896bp)
Top Length: 896  Top ID: 99.33
		One align captures most of this contig: 1001604 1002499 | 1 896 | 896 896 | 99.33 | Bacteroides_fragilis_YCH46_gi_53711291_ref_NC_0 scaffold_15967

CONTIG: scaffold_16024 (893bp)
Top Length: 592  Top ID: 95.44
		This contig is partially unaligned. (Aligned 592 out of 893 bases)
		Alignment: 1625438 1626029 | 302 893 | 592 592 | 95.44 | Bacteroides_fragilis_YCH46_gi_53711291_ref_NC_0 scaffold_16024
		Unaligned bases: 1 to 301 (301)

CONTIG: scaffold_16042 (892bp)
Top Length: 891  Top ID: 98.77
		One align captures most of this contig: 1528335 1529225 | 891 1 | 891 891 | 98.77 | Bacteroides_fragilis_YCH46_gi_53711291_ref_NC_0 scaffold_16042

CONTIG: scaffold_17498 (836bp)
Top Length: 836  Top ID: 98.44
		One align captures most of this contig: 4998995 4999830 | 836 1 | 836 836 | 98.44 | Bacteroides_fragilis_YCH46_gi_53711291_ref_NC_0 scaffold_17498

CONTIG: scaffold_17638 (831bp)
Top Length: 831  Top ID: 99.64
		One align captures most of this contig: 2240541 2241371 | 831 1 | 831 831 | 99.64 | Bacteroides_fragilis_YCH46_gi_53711291_ref_NC_0 scaffold_17638

CONTIG: scaffold_17650 (831bp)
Top Length: 831  Top ID: 98.68
		One align captures most of this contig: 2679893 2680723 | 831 1 | 831 831 | 98.68 | Bacteroides_fragilis_YCH46_gi_53711291_ref_NC_0 scaffold_17650

CONTIG: scaffold_18009 (819bp)
Top Length: 819  Top ID: 99.02
		One align captures most of this contig: 1312660 1313478 | 1 819 | 819 819 | 99.02 | Bacteroides_fragilis_YCH46_gi_53711291_ref_NC_0 scaffold_18009

CONTIG: scaffold_18045 (818bp)
Top Length: 818  Top ID: 98.78
		One align captures most of this contig: 5032460 5033277 | 818 1 | 818 818 | 98.78 | Bacteroides_fragilis_YCH46_gi_53711291_ref_NC_0 scaffold_18045

CONTIG: scaffold_18389 (805bp)
Top Length: 805  Top ID: 99.75
		One align captures most of this contig: 1921233 1922037 | 1 805 | 805 805 | 99.75 | Bacteroides_fragilis_YCH46_gi_53711291_ref_NC_0 scaffold_18389

CONTIG: scaffold_18395 (805bp)
Top Length: 805  Top ID: 99.38
		One align captures most of this contig: 608560 609364 | 805 1 | 805 805 | 99.38 | Bacteroides_fragilis_YCH46_gi_53711291_ref_NC_0 scaffold_18395

CONTIG: scaffold_18880 (790bp)
Top Length: 670  Top ID: 96.27
		Skipping redundant alignment 4678407 4678645 | 1 239 | 239 239 | 95.82 | Bacteroides_fragilis_YCH46_gi_53711291_ref_NC_0 scaffold_18880
		This contig is partially unaligned. (Aligned 670 out of 790 bases)
		Alignment: 4529062 4529732 | 1 670 | 671 670 | 96.27 | Bacteroides_fragilis_YCH46_gi_53711291_ref_NC_0 scaffold_18880
		Unaligned bases: 671 to 790 (120)

CONTIG: scaffold_19317 (776bp)
Top Length: 776  Top ID: 99.61
		One align captures most of this contig: 1424686 1425461 | 1 776 | 776 776 | 99.61 | Bacteroides_fragilis_YCH46_gi_53711291_ref_NC_0 scaffold_19317

CONTIG: scaffold_19343 (775bp)
Top Length: 775  Top ID: 99.87
		One align captures most of this contig: 278387 279161 | 1 775 | 775 775 | 99.87 | Bacteroides_fragilis_YCH46_gi_53711291_ref_NC_0 scaffold_19343

CONTIG: scaffold_19357 (775bp)
Top Length: 775  Top ID: 99.35
		One align captures most of this contig: 261100 261874 | 775 1 | 775 775 | 99.35 | Bacteroides_fragilis_YCH46_gi_53711291_ref_NC_0 scaffold_19357

CONTIG: scaffold_19681 (766bp)
Top Length: 651  Top ID: 98.31
		This contig is partially unaligned. (Aligned 651 out of 766 bases)
		Alignment: 1061324 1061974 | 1 651 | 651 651 | 98.31 | Bacteroides_fragilis_YCH46_gi_53711291_ref_NC_0 scaffold_19681
		Unaligned bases: 652 to 766 (115)

CONTIG: scaffold_19882 (760bp)
Top Length: 760  Top ID: 99.87
		One align captures most of this contig: 5133150 5133909 | 760 1 | 760 760 | 99.87 | Bacteroides_fragilis_YCH46_gi_53711291_ref_NC_0 scaffold_19882

CONTIG: scaffold_19884 (760bp)
Top Length: 760  Top ID: 96.85
		One align captures most of this contig: 169528 170287 | 1 760 | 760 760 | 96.85 | Bacteroides_fragilis_YCH46_gi_53711291_ref_NC_0 scaffold_19884

CONTIG: scaffold_20129 (752bp)
Top Length: 752  Top ID: 100.0
		One align captures most of this contig: 882632 883383 | 752 1 | 752 752 | 100.0 | Bacteroides_fragilis_YCH46_gi_53711291_ref_NC_0 scaffold_20129

CONTIG: scaffold_20474 (742bp)
Top Length: 742  Top ID: 99.33
		One align captures most of this contig: 4488802 4489543 | 742 1 | 742 742 | 99.33 | Bacteroides_fragilis_YCH46_gi_53711291_ref_NC_0 scaffold_20474

CONTIG: scaffold_20584 (739bp)
Top Length: 739  Top ID: 99.32
		One align captures most of this contig: 313361 314099 | 739 1 | 739 739 | 99.32 | Bacteroides_fragilis_YCH46_gi_53711291_ref_NC_0 scaffold_20584

CONTIG: scaffold_20606 (739bp)
Top Length: 737  Top ID: 99.59
		One align captures most of this contig: 664434 665170 | 737 1 | 737 737 | 99.59 | Bacteroides_fragilis_YCH46_gi_53711291_ref_NC_0 scaffold_20606

CONTIG: scaffold_20768 (734bp)
Top Length: 734  Top ID: 99.59
		One align captures most of this contig: 4535725 4536458 | 734 1 | 734 734 | 99.59 | Bacteroides_fragilis_YCH46_gi_53711291_ref_NC_0 scaffold_20768

CONTIG: scaffold_20823 (732bp)
Top Length: 732  Top ID: 99.59
		One align captures most of this contig: 4619277 4620008 | 732 1 | 732 732 | 99.59 | Bacteroides_fragilis_YCH46_gi_53711291_ref_NC_0 scaffold_20823

CONTIG: scaffold_20872 (730bp)
Top Length: 730  Top ID: 99.32
		One align captures most of this contig: 1455188 1455917 | 730 1 | 730 730 | 99.32 | Bacteroides_fragilis_YCH46_gi_53711291_ref_NC_0 scaffold_20872

CONTIG: scaffold_20914 (729bp)
Top Length: 729  Top ID: 99.18
		One align captures most of this contig: 331766 332495 | 729 1 | 730 729 | 99.18 | Bacteroides_fragilis_YCH46_gi_53711291_ref_NC_0 scaffold_20914

CONTIG: scaffold_21265 (719bp)
Top Length: 719  Top ID: 98.05
		One align captures most of this contig: 691126 691844 | 1 719 | 719 719 | 98.05 | Bacteroides_fragilis_YCH46_gi_53711291_ref_NC_0 scaffold_21265

CONTIG: scaffold_21352 (717bp)
Top Length: 717  Top ID: 99.72
		One align captures most of this contig: 1179202 1179918 | 717 1 | 717 717 | 99.72 | Bacteroides_fragilis_YCH46_gi_53711291_ref_NC_0 scaffold_21352

CONTIG: scaffold_21512 (713bp)
Top Length: 713  Top ID: 97.48
		One align captures most of this contig: 4885667 4886379 | 1 713 | 713 713 | 97.48 | Bacteroides_fragilis_YCH46_gi_53711291_ref_NC_0 scaffold_21512

CONTIG: scaffold_21515 (713bp)
Top Length: 713  Top ID: 99.3
		One align captures most of this contig: 4699931 4700643 | 1 713 | 713 713 | 99.3 | Bacteroides_fragilis_YCH46_gi_53711291_ref_NC_0 scaffold_21515

CONTIG: scaffold_21539 (712bp)
Top Length: 712  Top ID: 98.88
		One align captures most of this contig: 2601228 2601939 | 712 1 | 712 712 | 98.88 | Bacteroides_fragilis_YCH46_gi_53711291_ref_NC_0 scaffold_21539

CONTIG: scaffold_21586 (711bp)
Top Length: 704  Top ID: 98.58
		One align captures most of this contig: 409911 410614 | 711 8 | 704 704 | 98.58 | Bacteroides_fragilis_YCH46_gi_53711291_ref_NC_0 scaffold_21586

CONTIG: scaffold_21589 (711bp)
Top Length: 711  Top ID: 99.58
		One align captures most of this contig: 634338 635048 | 711 1 | 711 711 | 99.58 | Bacteroides_fragilis_YCH46_gi_53711291_ref_NC_0 scaffold_21589

CONTIG: scaffold_21655 (709bp)
Top Length: 706  Top ID: 99.58
		One align captures most of this contig: 776288 776993 | 706 1 | 706 706 | 99.58 | Bacteroides_fragilis_YCH46_gi_53711291_ref_NC_0 scaffold_21655

CONTIG: scaffold_21689 (708bp)
Top Length: 708  Top ID: 99.29
		One align captures most of this contig: 3072454 3073161 | 1 708 | 708 708 | 99.29 | Bacteroides_fragilis_YCH46_gi_53711291_ref_NC_0 scaffold_21689

CONTIG: scaffold_21900 (702bp)
Top Length: 702  Top ID: 99.15
		One align captures most of this contig: 4563898 4564599 | 1 702 | 702 702 | 99.15 | Bacteroides_fragilis_YCH46_gi_53711291_ref_NC_0 scaffold_21900

CONTIG: scaffold_21908 (702bp)
Top Length: 702  Top ID: 98.72
		One align captures most of this contig: 3896722 3897423 | 1 702 | 702 702 | 98.72 | Bacteroides_fragilis_YCH46_gi_53711291_ref_NC_0 scaffold_21908

CONTIG: scaffold_21914 (702bp)
Top Length: 702  Top ID: 99.72
		One align captures most of this contig: 186626 187327 | 702 1 | 702 702 | 99.72 | Bacteroides_fragilis_YCH46_gi_53711291_ref_NC_0 scaffold_21914

CONTIG: scaffold_21989 (700bp)
Top Length: 699  Top ID: 99.86
		One align captures most of this contig: 4568426 4569124 | 699 1 | 699 699 | 99.86 | Bacteroides_fragilis_YCH46_gi_53711291_ref_NC_0 scaffold_21989

CONTIG: scaffold_22010 (700bp)
Top Length: 700  Top ID: 99.43
		One align captures most of this contig: 744566 745265 | 700 1 | 700 700 | 99.43 | Bacteroides_fragilis_YCH46_gi_53711291_ref_NC_0 scaffold_22010

CONTIG: scaffold_22095 (698bp)
Top Length: 698  Top ID: 99.28
		One align captures most of this contig: 3585399 3586096 | 1 698 | 698 698 | 99.28 | Bacteroides_fragilis_YCH46_gi_53711291_ref_NC_0 scaffold_22095

CONTIG: scaffold_22125 (697bp)
Top Length: 697  Top ID: 99.57
		One align captures most of this contig: 1160416 1161112 | 1 697 | 697 697 | 99.57 | Bacteroides_fragilis_YCH46_gi_53711291_ref_NC_0 scaffold_22125

CONTIG: scaffold_22138 (696bp)
Top Length: 693  Top ID: 99.42
		One align captures most of this contig: 9844 10536 | 696 4 | 693 693 | 99.42 | Bacteroides_fragilis_YCH46_gi_53711291_ref_NC_0 scaffold_22138

CONTIG: scaffold_22201 (695bp)
Top Length: 695  Top ID: 98.85
		One align captures most of this contig: 1089722 1090416 | 695 1 | 695 695 | 98.85 | Bacteroides_fragilis_YCH46_gi_53711291_ref_NC_0 scaffold_22201

CONTIG: scaffold_22368 (691bp)
Top Length: 691  Top ID: 98.84
		One align captures most of this contig: 4702038 4702728 | 691 1 | 691 691 | 98.84 | Bacteroides_fragilis_YCH46_gi_53711291_ref_NC_0 scaffold_22368

CONTIG: scaffold_22823 (679bp)
Top Length: 679  Top ID: 99.71
		One align captures most of this contig: 996184 996862 | 679 1 | 679 679 | 99.71 | Bacteroides_fragilis_YCH46_gi_53711291_ref_NC_0 scaffold_22823

CONTIG: scaffold_22889 (678bp)
Top Length: 678  Top ID: 99.26
		One align captures most of this contig: 588277 588954 | 678 1 | 678 678 | 99.26 | Bacteroides_fragilis_YCH46_gi_53711291_ref_NC_0 scaffold_22889

CONTIG: scaffold_23007 (675bp)
Top Length: 675  Top ID: 99.41
		One align captures most of this contig: 680287 680961 | 1 675 | 675 675 | 99.41 | Bacteroides_fragilis_YCH46_gi_53711291_ref_NC_0 scaffold_23007

CONTIG: scaffold_23075 (673bp)
Top Length: 667  Top ID: 99.4
		One align captures most of this contig: 4947019 4947685 | 1 667 | 667 667 | 99.4 | Bacteroides_fragilis_YCH46_gi_53711291_ref_NC_0 scaffold_23075

CONTIG: scaffold_23104 (673bp)
Top Length: 667  Top ID: 98.35
		One align captures most of this contig: 106520 107186 | 1 667 | 667 667 | 98.35 | Bacteroides_fragilis_YCH46_gi_53711291_ref_NC_0 scaffold_23104

CONTIG: scaffold_23116 (673bp)
Top Length: 673  Top ID: 99.7
		One align captures most of this contig: 547754 548426 | 1 673 | 673 673 | 99.7 | Bacteroides_fragilis_YCH46_gi_53711291_ref_NC_0 scaffold_23116

CONTIG: scaffold_23238 (670bp)
Top Length: 668  Top ID: 98.95
		One align captures most of this contig: 871108 871775 | 670 3 | 668 668 | 98.95 | Bacteroides_fragilis_YCH46_gi_53711291_ref_NC_0 scaffold_23238

CONTIG: scaffold_23251 (670bp)
Top Length: 670  Top ID: 100.0
		One align captures most of this contig: 697025 697694 | 1 670 | 670 670 | 100.0 | Bacteroides_fragilis_YCH46_gi_53711291_ref_NC_0 scaffold_23251

CONTIG: scaffold_23273 (669bp)
Top Length: 669  Top ID: 100.0
		One align captures most of this contig: 2772446 2773114 | 669 1 | 669 669 | 100.0 | Bacteroides_fragilis_YCH46_gi_53711291_ref_NC_0 scaffold_23273

CONTIG: scaffold_23386 (1165bp)
Top Length: 1165  Top ID: 96.39
		One align captures most of this contig: 1111950 1113096 | 1165 1 | 1147 1165 | 96.39 | Bacteroides_fragilis_YCH46_gi_53711291_ref_NC_0 scaffold_23386

CONTIG: scaffold_23418 (666bp)
Top Length: 663  Top ID: 99.25
		One align captures most of this contig: 4363163 4363825 | 663 1 | 663 663 | 99.25 | Bacteroides_fragilis_YCH46_gi_53711291_ref_NC_0 scaffold_23418

CONTIG: scaffold_23512 (664bp)
Top Length: 664  Top ID: 100.0
		One align captures most of this contig: 4408826 4409489 | 1 664 | 664 664 | 100.0 | Bacteroides_fragilis_YCH46_gi_53711291_ref_NC_0 scaffold_23512

CONTIG: scaffold_23577 (663bp)
Top Length: 660  Top ID: 98.94
		One align captures most of this contig: 2457469 2458128 | 660 1 | 660 660 | 98.94 | Bacteroides_fragilis_YCH46_gi_53711291_ref_NC_0 scaffold_23577

CONTIG: scaffold_23783 (658bp)
Top Length: 658  Top ID: 99.85
		One align captures most of this contig: 5155139 5155796 | 1 658 | 658 658 | 99.85 | Bacteroides_fragilis_YCH46_gi_53711291_ref_NC_0 scaffold_23783

CONTIG: scaffold_24003 (653bp)
Top Length: 653  Top ID: 99.39
		One align captures most of this contig: 3878328 3878980 | 1 653 | 653 653 | 99.39 | Bacteroides_fragilis_YCH46_gi_53711291_ref_NC_0 scaffold_24003

CONTIG: scaffold_24019 (653bp)
Top Length: 653  Top ID: 99.85
		One align captures most of this contig: 4122557 4123209 | 1 653 | 653 653 | 99.85 | Bacteroides_fragilis_YCH46_gi_53711291_ref_NC_0 scaffold_24019

CONTIG: scaffold_24046 (653bp)
Top Length: 653  Top ID: 99.23
		One align captures most of this contig: 77757 78409 | 653 1 | 653 653 | 99.23 | Bacteroides_fragilis_YCH46_gi_53711291_ref_NC_0 scaffold_24046

CONTIG: scaffold_24192 (649bp)
Top Length: 649  Top ID: 98.77
		One align captures most of this contig: 1909282 1909930 | 649 1 | 649 649 | 98.77 | Bacteroides_fragilis_YCH46_gi_53711291_ref_NC_0 scaffold_24192

CONTIG: scaffold_24255 (648bp)
Top Length: 645  Top ID: 99.22
		One align captures most of this contig: 5253655 5254299 | 4 648 | 645 645 | 99.22 | Bacteroides_fragilis_YCH46_gi_53711291_ref_NC_0 scaffold_24255

CONTIG: scaffold_24257 (648bp)
Top Length: 648  Top ID: 99.38
		One align captures most of this contig: 2007669 2008316 | 648 1 | 648 648 | 99.38 | Bacteroides_fragilis_YCH46_gi_53711291_ref_NC_0 scaffold_24257

CONTIG: scaffold_24429 (645bp)
Top Length: 645  Top ID: 99.84
		One align captures most of this contig: 941006 941650 | 645 1 | 645 645 | 99.84 | Bacteroides_fragilis_YCH46_gi_53711291_ref_NC_0 scaffold_24429

CONTIG: scaffold_24571 (641bp)
Top Length: 641  Top ID: 99.38
		One align captures most of this contig: 3884930 3885570 | 1 641 | 641 641 | 99.38 | Bacteroides_fragilis_YCH46_gi_53711291_ref_NC_0 scaffold_24571

CONTIG: scaffold_24576 (641bp)
Top Length: 641  Top ID: 99.38
		One align captures most of this contig: 1247852 1248492 | 641 1 | 641 641 | 99.38 | Bacteroides_fragilis_YCH46_gi_53711291_ref_NC_0 scaffold_24576

CONTIG: scaffold_24656 (640bp)
Top Length: 640  Top ID: 98.28
		One align captures most of this contig: 366372 367011 | 1 640 | 640 640 | 98.28 | Bacteroides_fragilis_YCH46_gi_53711291_ref_NC_0 scaffold_24656

CONTIG: scaffold_24712 (639bp)
Top Length: 638  Top ID: 99.37
		One align captures most of this contig: 947530 948167 | 1 638 | 638 638 | 99.37 | Bacteroides_fragilis_YCH46_gi_53711291_ref_NC_0 scaffold_24712

CONTIG: scaffold_24753 (638bp)
Top Length: 638  Top ID: 99.53
		One align captures most of this contig: 3955696 3956333 | 1 638 | 638 638 | 99.53 | Bacteroides_fragilis_YCH46_gi_53711291_ref_NC_0 scaffold_24753

CONTIG: scaffold_24812 (636bp)
Top Length: 636  Top ID: 99.06
		One align captures most of this contig: 4358190 4358825 | 1 636 | 636 636 | 99.06 | Bacteroides_fragilis_YCH46_gi_53711291_ref_NC_0 scaffold_24812

CONTIG: scaffold_24821 (636bp)
Top Length: 636  Top ID: 99.84
		One align captures most of this contig: 3591041 3591676 | 636 1 | 636 636 | 99.84 | Bacteroides_fragilis_YCH46_gi_53711291_ref_NC_0 scaffold_24821

CONTIG: scaffold_24831 (636bp)
Top Length: 636  Top ID: 99.21
		One align captures most of this contig: 4685940 4686575 | 1 636 | 636 636 | 99.21 | Bacteroides_fragilis_YCH46_gi_53711291_ref_NC_0 scaffold_24831

CONTIG: scaffold_25152 (630bp)
Top Length: 630  Top ID: 99.05
		One align captures most of this contig: 3608808 3609437 | 1 630 | 630 630 | 99.05 | Bacteroides_fragilis_YCH46_gi_53711291_ref_NC_0 scaffold_25152

CONTIG: scaffold_25312 (627bp)
Top Length: 627  Top ID: 99.52
		One align captures most of this contig: 2566278 2566904 | 627 1 | 627 627 | 99.52 | Bacteroides_fragilis_YCH46_gi_53711291_ref_NC_0 scaffold_25312

CONTIG: scaffold_25488 (623bp)
Top Length: 623  Top ID: 99.36
		One align captures most of this contig: 5115057 5115679 | 1 623 | 623 623 | 99.36 | Bacteroides_fragilis_YCH46_gi_53711291_ref_NC_0 scaffold_25488

CONTIG: scaffold_25509 (623bp)
Top Length: 623  Top ID: 96.79
		One align captures most of this contig: 5060909 5061531 | 1 623 | 623 623 | 96.79 | Bacteroides_fragilis_YCH46_gi_53711291_ref_NC_0 scaffold_25509

CONTIG: scaffold_25518 (623bp)
Top Length: 623  Top ID: 99.52
		One align captures most of this contig: 5259600 5260222 | 1 623 | 623 623 | 99.52 | Bacteroides_fragilis_YCH46_gi_53711291_ref_NC_0 scaffold_25518

CONTIG: scaffold_25525 (623bp)
Top Length: 623  Top ID: 99.36
		One align captures most of this contig: 508980 509602 | 1 623 | 623 623 | 99.36 | Bacteroides_fragilis_YCH46_gi_53711291_ref_NC_0 scaffold_25525

CONTIG: scaffold_25683 (619bp)
Top Length: 619  Top ID: 100.0
		One align captures most of this contig: 1960104 1960722 | 619 1 | 619 619 | 100.0 | Bacteroides_fragilis_YCH46_gi_53711291_ref_NC_0 scaffold_25683

CONTIG: scaffold_25789 (617bp)
Top Length: 617  Top ID: 98.87
		One align captures most of this contig: 4288832 4289448 | 617 1 | 617 617 | 98.87 | Bacteroides_fragilis_YCH46_gi_53711291_ref_NC_0 scaffold_25789

CONTIG: scaffold_25791 (617bp)
Top Length: 617  Top ID: 98.22
		One align captures most of this contig: 4204147 4204763 | 617 1 | 617 617 | 98.22 | Bacteroides_fragilis_YCH46_gi_53711291_ref_NC_0 scaffold_25791

CONTIG: scaffold_25828 (617bp)
Top Length: 617  Top ID: 99.68
		One align captures most of this contig: 1257080 1257696 | 617 1 | 617 617 | 99.68 | Bacteroides_fragilis_YCH46_gi_53711291_ref_NC_0 scaffold_25828

CONTIG: scaffold_25940 (615bp)
Top Length: 615  Top ID: 99.19
		One align captures most of this contig: 4187475 4188089 | 1 615 | 615 615 | 99.19 | Bacteroides_fragilis_YCH46_gi_53711291_ref_NC_0 scaffold_25940

CONTIG: scaffold_25946 (614bp)
Top Length: 614  Top ID: 99.51
		One align captures most of this contig: 2810087 2810700 | 1 614 | 614 614 | 99.51 | Bacteroides_fragilis_YCH46_gi_53711291_ref_NC_0 scaffold_25946

CONTIG: scaffold_25958 (614bp)
Top Length: 614  Top ID: 99.84
		One align captures most of this contig: 322025 322638 | 614 1 | 614 614 | 99.84 | Bacteroides_fragilis_YCH46_gi_53711291_ref_NC_0 scaffold_25958

CONTIG: scaffold_26230 (609bp)
Top Length: 609  Top ID: 99.34
		One align captures most of this contig: 4704182 4704790 | 609 1 | 609 609 | 99.34 | Bacteroides_fragilis_YCH46_gi_53711291_ref_NC_0 scaffold_26230

CONTIG: scaffold_26273 (608bp)
Top Length: 608  Top ID: 98.19
		One align captures most of this contig: 4015129 4015736 | 1 608 | 608 608 | 98.19 | Bacteroides_fragilis_YCH46_gi_53711291_ref_NC_0 scaffold_26273

CONTIG: scaffold_26281 (608bp)
Top Length: 608  Top ID: 99.01
		One align captures most of this contig: 3759791 3760398 | 1 608 | 608 608 | 99.01 | Bacteroides_fragilis_YCH46_gi_53711291_ref_NC_0 scaffold_26281

CONTIG: scaffold_26288 (608bp)
Top Length: 608  Top ID: 99.51
		One align captures most of this contig: 499876 500483 | 1 608 | 608 608 | 99.51 | Bacteroides_fragilis_YCH46_gi_53711291_ref_NC_0 scaffold_26288

CONTIG: scaffold_26367 (606bp)
Top Length: 606  Top ID: 99.34
		One align captures most of this contig: 681009 681614 | 606 1 | 606 606 | 99.34 | Bacteroides_fragilis_YCH46_gi_53711291_ref_NC_0 scaffold_26367

CONTIG: scaffold_26391 (606bp)
Top Length: 606  Top ID: 99.01
		One align captures most of this contig: 167243 167848 | 606 1 | 606 606 | 99.01 | Bacteroides_fragilis_YCH46_gi_53711291_ref_NC_0 scaffold_26391

CONTIG: scaffold_26441 (605bp)
Top Length: 605  Top ID: 99.01
		One align captures most of this contig: 4727242 4727846 | 1 605 | 605 605 | 99.01 | Bacteroides_fragilis_YCH46_gi_53711291_ref_NC_0 scaffold_26441

CONTIG: scaffold_26478 (604bp)
Top Length: 604  Top ID: 99.34
		One align captures most of this contig: 692843 693446 | 604 1 | 604 604 | 99.34 | Bacteroides_fragilis_YCH46_gi_53711291_ref_NC_0 scaffold_26478

CONTIG: scaffold_26488 (604bp)
Top Length: 604  Top ID: 99.67
		One align captures most of this contig: 5075345 5075948 | 1 604 | 604 604 | 99.67 | Bacteroides_fragilis_YCH46_gi_53711291_ref_NC_0 scaffold_26488

CONTIG: scaffold_26513 (603bp)
Top Length: 603  Top ID: 98.84
		One align captures most of this contig: 4520336 4520938 | 1 603 | 603 603 | 98.84 | Bacteroides_fragilis_YCH46_gi_53711291_ref_NC_0 scaffold_26513

CONTIG: scaffold_26577 (602bp)
Top Length: 422  Top ID: 96.68
		This contig is partially unaligned. (Aligned 422 out of 602 bases)
		Alignment: 2417169 2417590 | 1 422 | 422 422 | 96.68 | Bacteroides_fragilis_YCH46_gi_53711291_ref_NC_0 scaffold_26577
		Unaligned bases: 423 to 602 (180)

CONTIG: scaffold_26708 (600bp)
Top Length: 598  Top ID: 99.5
		One align captures most of this contig: 3849033 3849630 | 598 1 | 598 598 | 99.5 | Bacteroides_fragilis_YCH46_gi_53711291_ref_NC_0 scaffold_26708

CONTIG: scaffold_26724 (1045bp)
Top Length: 821  Top ID: 99.03
		This contig is partially unaligned. (Aligned 821 out of 1045 bases)
		Alignment: 4597314 4598130 | 821 1 | 817 821 | 99.03 | Bacteroides_fragilis_YCH46_gi_53711291_ref_NC_0 scaffold_26724
		Unaligned bases: 822 to 1045 (224)

CONTIG: scaffold_26732 (599bp)
Top Length: 599  Top ID: 100.0
		One align captures most of this contig: 291570 292168 | 599 1 | 599 599 | 100.0 | Bacteroides_fragilis_YCH46_gi_53711291_ref_NC_0 scaffold_26732

CONTIG: scaffold_26984 (594bp)
Top Length: 594  Top ID: 99.33
		One align captures most of this contig: 5092720 5093313 | 1 594 | 594 594 | 99.33 | Bacteroides_fragilis_YCH46_gi_53711291_ref_NC_0 scaffold_26984

CONTIG: scaffold_27055 (592bp)
Top Length: 592  Top ID: 98.99
		One align captures most of this contig: 990759 991349 | 1 592 | 591 592 | 98.99 | Bacteroides_fragilis_YCH46_gi_53711291_ref_NC_0 scaffold_27055

CONTIG: scaffold_27070 (592bp)
Top Length: 592  Top ID: 99.83
		One align captures most of this contig: 740212 740803 | 592 1 | 592 592 | 99.83 | Bacteroides_fragilis_YCH46_gi_53711291_ref_NC_0 scaffold_27070

CONTIG: scaffold_27076 (592bp)
Top Length: 592  Top ID: 97.8
		One align captures most of this contig: 398847 399438 | 592 1 | 592 592 | 97.8 | Bacteroides_fragilis_YCH46_gi_53711291_ref_NC_0 scaffold_27076

CONTIG: scaffold_27116 (590bp)
Top Length: 590  Top ID: 99.66
		One align captures most of this contig: 5044393 5044982 | 590 1 | 590 590 | 99.66 | Bacteroides_fragilis_YCH46_gi_53711291_ref_NC_0 scaffold_27116

CONTIG: scaffold_27203 (588bp)
Top Length: 588  Top ID: 99.49
		One align captures most of this contig: 5156535 5157122 | 588 1 | 588 588 | 99.49 | Bacteroides_fragilis_YCH46_gi_53711291_ref_NC_0 scaffold_27203

CONTIG: scaffold_27205 (588bp)
Top Length: 588  Top ID: 99.32
		One align captures most of this contig: 245816 246403 | 1 588 | 588 588 | 99.32 | Bacteroides_fragilis_YCH46_gi_53711291_ref_NC_0 scaffold_27205

CONTIG: scaffold_27239 (588bp)
Top Length: 588  Top ID: 99.66
		One align captures most of this contig: 2916303 2916890 | 1 588 | 588 588 | 99.66 | Bacteroides_fragilis_YCH46_gi_53711291_ref_NC_0 scaffold_27239

CONTIG: scaffold_27256 (587bp)
Top Length: 587  Top ID: 98.98
		One align captures most of this contig: 280655 281241 | 587 1 | 587 587 | 98.98 | Bacteroides_fragilis_YCH46_gi_53711291_ref_NC_0 scaffold_27256

CONTIG: scaffold_27275 (587bp)
Top Length: 587  Top ID: 99.83
		One align captures most of this contig: 736786 737372 | 587 1 | 587 587 | 99.83 | Bacteroides_fragilis_YCH46_gi_53711291_ref_NC_0 scaffold_27275

CONTIG: scaffold_27281 (587bp)
Top Length: 587  Top ID: 98.81
		One align captures most of this contig: 2885554 2886140 | 587 1 | 587 587 | 98.81 | Bacteroides_fragilis_YCH46_gi_53711291_ref_NC_0 scaffold_27281

CONTIG: scaffold_27474 (582bp)
Top Length: 582  Top ID: 99.48
		One align captures most of this contig: 4238602 4239183 | 1 582 | 582 582 | 99.48 | Bacteroides_fragilis_YCH46_gi_53711291_ref_NC_0 scaffold_27474

CONTIG: scaffold_27850 (571bp)
Top Length: 571  Top ID: 98.95
		One align captures most of this contig: 981365 981935 | 1 571 | 571 571 | 98.95 | Bacteroides_fragilis_YCH46_gi_53711291_ref_NC_0 scaffold_27850

CONTIG: scaffold_27866 (570bp)
Top Length: 570  Top ID: 99.12
		One align captures most of this contig: 3900191 3900760 | 570 1 | 570 570 | 99.12 | Bacteroides_fragilis_YCH46_gi_53711291_ref_NC_0 scaffold_27866

CONTIG: scaffold_27963 (566bp)
Top Length: 566  Top ID: 99.65
		One align captures most of this contig: 3849874 3850439 | 566 1 | 566 566 | 99.65 | Bacteroides_fragilis_YCH46_gi_53711291_ref_NC_0 scaffold_27963

CONTIG: scaffold_28018 (564bp)
Top Length: 564  Top ID: 99.47
		One align captures most of this contig: 4904350 4904913 | 1 564 | 564 564 | 99.47 | Bacteroides_fragilis_YCH46_gi_53711291_ref_NC_0 scaffold_28018

CONTIG: scaffold_28262 (557bp)
Top Length: 557  Top ID: 99.82
		One align captures most of this contig: 1167502 1168058 | 1 557 | 557 557 | 99.82 | Bacteroides_fragilis_YCH46_gi_53711291_ref_NC_0 scaffold_28262

CONTIG: scaffold_28470 (550bp)
Top Length: 550  Top ID: 99.82
		One align captures most of this contig: 1051645 1052194 | 1 550 | 550 550 | 99.82 | Bacteroides_fragilis_YCH46_gi_53711291_ref_NC_0 scaffold_28470

CONTIG: scaffold_28559 (547bp)
Top Length: 105  Top ID: 99.05
		This contig is partially unaligned. (Aligned 105 out of 547 bases)
		Alignment: 687757 687861 | 547 443 | 105 105 | 99.05 | Bacteroides_fragilis_YCH46_gi_53711291_ref_NC_0 scaffold_28559
		Unaligned bases: 1 to 442 (442)

CONTIG: scaffold_28564 (547bp)
Top Length: 547  Top ID: 99.45
		One align captures most of this contig: 1494784 1495330 | 1 547 | 547 547 | 99.45 | Bacteroides_fragilis_YCH46_gi_53711291_ref_NC_0 scaffold_28564

CONTIG: scaffold_28615 (546bp)
Top Length: 546  Top ID: 99.82
		One align captures most of this contig: 893579 894124 | 546 1 | 546 546 | 99.82 | Bacteroides_fragilis_YCH46_gi_53711291_ref_NC_0 scaffold_28615

CONTIG: scaffold_28634 (545bp)
Top Length: 545  Top ID: 98.9
		One align captures most of this contig: 2809159 2809703 | 1 545 | 545 545 | 98.9 | Bacteroides_fragilis_YCH46_gi_53711291_ref_NC_0 scaffold_28634

CONTIG: scaffold_28656 (544bp)
Top Length: 544  Top ID: 99.08
		One align captures most of this contig: 4781838 4782381 | 544 1 | 544 544 | 99.08 | Bacteroides_fragilis_YCH46_gi_53711291_ref_NC_0 scaffold_28656

CONTIG: scaffold_28714 (543bp)
Top Length: 536  Top ID: 99.07
		One align captures most of this contig: 1716032 1716567 | 543 8 | 536 536 | 99.07 | Bacteroides_fragilis_YCH46_gi_53711291_ref_NC_0 scaffold_28714

CONTIG: scaffold_28727 (1122bp)
Top Length: 190  Top ID: 98.95
		This contig is partially unaligned. (Aligned 190 out of 1122 bases)
		Alignment: 2040475 2040664 | 1 190 | 190 190 | 98.95 | Bacteroides_fragilis_YCH46_gi_53711291_ref_NC_0 scaffold_28727
		Unaligned bases: 191 to 1122 (932)

CONTIG: scaffold_28741 (542bp)
Top Length: 542  Top ID: 99.26
		One align captures most of this contig: 5006838 5007379 | 542 1 | 542 542 | 99.26 | Bacteroides_fragilis_YCH46_gi_53711291_ref_NC_0 scaffold_28741

CONTIG: scaffold_28807 (540bp)
Top Length: 540  Top ID: 99.63
		One align captures most of this contig: 4534097 4534636 | 540 1 | 540 540 | 99.63 | Bacteroides_fragilis_YCH46_gi_53711291_ref_NC_0 scaffold_28807

CONTIG: scaffold_28830 (539bp)
Top Length: 539  Top ID: 99.07
		One align captures most of this contig: 4797093 4797631 | 1 539 | 539 539 | 99.07 | Bacteroides_fragilis_YCH46_gi_53711291_ref_NC_0 scaffold_28830

CONTIG: scaffold_28899 (537bp)
Top Length: 537  Top ID: 99.63
		One align captures most of this contig: 4047867 4048403 | 1 537 | 537 537 | 99.63 | Bacteroides_fragilis_YCH46_gi_53711291_ref_NC_0 scaffold_28899

CONTIG: scaffold_28933 (536bp)
Top Length: 535  Top ID: 99.63
		One align captures most of this contig: 2118725 2119259 | 2 536 | 535 535 | 99.63 | Bacteroides_fragilis_YCH46_gi_53711291_ref_NC_0 scaffold_28933

CONTIG: scaffold_28937 (536bp)
Top Length: 536  Top ID: 99.25
		One align captures most of this contig: 5141754 5142289 | 1 536 | 536 536 | 99.25 | Bacteroides_fragilis_YCH46_gi_53711291_ref_NC_0 scaffold_28937

CONTIG: scaffold_28950 (536bp)
Top Length: 536  Top ID: 98.88
		One align captures most of this contig: 4310624 4311159 | 536 1 | 536 536 | 98.88 | Bacteroides_fragilis_YCH46_gi_53711291_ref_NC_0 scaffold_28950

CONTIG: scaffold_28959 (535bp)
Top Length: 535  Top ID: 99.81
		One align captures most of this contig: 5050575 5051109 | 535 1 | 535 535 | 99.81 | Bacteroides_fragilis_YCH46_gi_53711291_ref_NC_0 scaffold_28959

CONTIG: scaffold_29071 (533bp)
Top Length: 533  Top ID: 99.81
		One align captures most of this contig: 739454 739986 | 533 1 | 533 533 | 99.81 | Bacteroides_fragilis_YCH46_gi_53711291_ref_NC_0 scaffold_29071

CONTIG: scaffold_29078 (533bp)
Top Length: 533  Top ID: 99.25
		One align captures most of this contig: 5005077 5005609 | 533 1 | 533 533 | 99.25 | Bacteroides_fragilis_YCH46_gi_53711291_ref_NC_0 scaffold_29078

CONTIG: scaffold_29079 (889bp)
Top Length: 889  Top ID: 98.99
		One align captures most of this contig: 5015991 5016877 | 889 1 | 887 889 | 98.99 | Bacteroides_fragilis_YCH46_gi_53711291_ref_NC_0 scaffold_29079

CONTIG: scaffold_29091 (533bp)
Top Length: 533  Top ID: 99.62
		One align captures most of this contig: 2814453 2814985 | 533 1 | 533 533 | 99.62 | Bacteroides_fragilis_YCH46_gi_53711291_ref_NC_0 scaffold_29091

CONTIG: scaffold_29147 (531bp)
Top Length: 531  Top ID: 98.49
		One align captures most of this contig: 4549002 4549532 | 1 531 | 531 531 | 98.49 | Bacteroides_fragilis_YCH46_gi_53711291_ref_NC_0 scaffold_29147

CONTIG: scaffold_29191 (530bp)
Top Length: 530  Top ID: 98.11
		One align captures most of this contig: 5023529 5024058 | 1 530 | 530 530 | 98.11 | Bacteroides_fragilis_YCH46_gi_53711291_ref_NC_0 scaffold_29191

CONTIG: scaffold_29204 (530bp)
Top Length: 530  Top ID: 99.81
		One align captures most of this contig: 570366 570895 | 530 1 | 530 530 | 99.81 | Bacteroides_fragilis_YCH46_gi_53711291_ref_NC_0 scaffold_29204

CONTIG: scaffold_29287 (528bp)
Top Length: 528  Top ID: 99.81
		One align captures most of this contig: 4548493 4549020 | 1 528 | 528 528 | 99.81 | Bacteroides_fragilis_YCH46_gi_53711291_ref_NC_0 scaffold_29287

CONTIG: scaffold_29310 (527bp)
Top Length: 527  Top ID: 99.81
		One align captures most of this contig: 4992689 4993215 | 1 527 | 527 527 | 99.81 | Bacteroides_fragilis_YCH46_gi_53711291_ref_NC_0 scaffold_29310

CONTIG: scaffold_29321 (527bp)
Top Length: 527  Top ID: 98.48
		One align captures most of this contig: 4100596 4101122 | 527 1 | 527 527 | 98.48 | Bacteroides_fragilis_YCH46_gi_53711291_ref_NC_0 scaffold_29321

CONTIG: scaffold_29479 (523bp)
Top Length: 523  Top ID: 99.43
		One align captures most of this contig: 629496 630019 | 523 1 | 524 523 | 99.43 | Bacteroides_fragilis_YCH46_gi_53711291_ref_NC_0 scaffold_29479

CONTIG: scaffold_29511 (523bp)
Top Length: 523  Top ID: 99.04
		One align captures most of this contig: 1810971 1811493 | 523 1 | 523 523 | 99.04 | Bacteroides_fragilis_YCH46_gi_53711291_ref_NC_0 scaffold_29511

CONTIG: scaffold_29630 (520bp)
Top Length: 519  Top ID: 99.81
		One align captures most of this contig: 779011 779529 | 2 520 | 519 519 | 99.81 | Bacteroides_fragilis_YCH46_gi_53711291_ref_NC_0 scaffold_29630

CONTIG: scaffold_29658 (519bp)
Top Length: 519  Top ID: 99.81
		One align captures most of this contig: 299518 300036 | 1 519 | 519 519 | 99.81 | Bacteroides_fragilis_YCH46_gi_53711291_ref_NC_0 scaffold_29658

CONTIG: scaffold_29769 (517bp)
Top Length: 517  Top ID: 100.0
		One align captures most of this contig: 350582 351098 | 517 1 | 517 517 | 100.0 | Bacteroides_fragilis_YCH46_gi_53711291_ref_NC_0 scaffold_29769

CONTIG: scaffold_29823 (516bp)
Top Length: 516  Top ID: 99.61
		One align captures most of this contig: 3026203 3026718 | 1 516 | 516 516 | 99.61 | Bacteroides_fragilis_YCH46_gi_53711291_ref_NC_0 scaffold_29823

CONTIG: scaffold_29825 (516bp)
Top Length: 516  Top ID: 98.84
		One align captures most of this contig: 5173189 5173704 | 516 1 | 516 516 | 98.84 | Bacteroides_fragilis_YCH46_gi_53711291_ref_NC_0 scaffold_29825

CONTIG: scaffold_29838 (515bp)
Top Length: 515  Top ID: 98.83
		One align captures most of this contig: 2817652 2818166 | 515 1 | 515 515 | 98.83 | Bacteroides_fragilis_YCH46_gi_53711291_ref_NC_0 scaffold_29838

CONTIG: scaffold_30044 (511bp)
Top Length: 511  Top ID: 99.61
		One align captures most of this contig: 374569 375079 | 1 511 | 511 511 | 99.61 | Bacteroides_fragilis_YCH46_gi_53711291_ref_NC_0 scaffold_30044

CONTIG: scaffold_30085 (510bp)
Top Length: 510  Top ID: 97.65
		One align captures most of this contig: 2175255 2175764 | 1 510 | 510 510 | 97.65 | Bacteroides_fragilis_YCH46_gi_53711291_ref_NC_0 scaffold_30085

CONTIG: scaffold_30137 (508bp)
Top Length: 508  Top ID: 99.02
		One align captures most of this contig: 2998207 2998714 | 508 1 | 508 508 | 99.02 | Bacteroides_fragilis_YCH46_gi_53711291_ref_NC_0 scaffold_30137

CONTIG: scaffold_30222 (507bp)
Top Length: 507  Top ID: 100.0
		One align captures most of this contig: 1945991 1946497 | 1 507 | 507 507 | 100.0 | Bacteroides_fragilis_YCH46_gi_53711291_ref_NC_0 scaffold_30222

CONTIG: scaffold_30300 (505bp)
Top Length: 505  Top ID: 99.6
		One align captures most of this contig: 71558 72062 | 1 505 | 505 505 | 99.6 | Bacteroides_fragilis_YCH46_gi_53711291_ref_NC_0 scaffold_30300

CONTIG: scaffold_30425 (502bp)
Top Length: 502  Top ID: 98.01
		One align captures most of this contig: 4056824 4057325 | 1 502 | 502 502 | 98.01 | Bacteroides_fragilis_YCH46_gi_53711291_ref_NC_0 scaffold_30425

CONTIG: scaffold_30500 (501bp)
Top Length: 501  Top ID: 99.2
		One align captures most of this contig: 626084 626584 | 501 1 | 501 501 | 99.2 | Bacteroides_fragilis_YCH46_gi_53711291_ref_NC_0 scaffold_30500

CONTIG: scaffold_30511 (501bp)
Top Length: 501  Top ID: 99.4
		One align captures most of this contig: 5261063 5261563 | 1 501 | 501 501 | 99.4 | Bacteroides_fragilis_YCH46_gi_53711291_ref_NC_0 scaffold_30511

CONTIG: scaffold_30528 (500bp)
Top Length: 500  Top ID: 99.6
		One align captures most of this contig: 1653134 1653633 | 500 1 | 500 500 | 99.6 | Bacteroides_fragilis_YCH46_gi_53711291_ref_NC_0 scaffold_30528

CONTIG: scaffold_30744 (921bp)
Top Length: 921  Top ID: 99.02
		One align captures most of this contig: 519754 520674 | 1 921 | 921 921 | 99.02 | Bacteroides_fragilis_YCH46_gi_53711291_ref_NC_0 scaffold_30744

CONTIG: scaffold_31270 (853bp)
Top Length: 853  Top ID: 97.89
		One align captures most of this contig: 122662 123511 | 853 1 | 850 853 | 97.89 | Bacteroides_fragilis_YCH46_gi_53711291_ref_NC_0 scaffold_31270

CONTIG: scaffold_31337 (922bp)
Top Length: 922  Top ID: 98.16
		One align captures most of this contig: 400288 401207 | 1 922 | 920 922 | 98.16 | Bacteroides_fragilis_YCH46_gi_53711291_ref_NC_0 scaffold_31337

CONTIG: scaffold_33049 (777bp)
Top Length: 777  Top ID: 98.84
		One align captures most of this contig: 3904374 3905143 | 1 777 | 770 777 | 98.84 | Bacteroides_fragilis_YCH46_gi_53711291_ref_NC_0 scaffold_33049

CONTIG: scaffold_34888 (759bp)
Top Length: 759  Top ID: 95.13
		One align captures most of this contig: 651820 652579 | 759 1 | 760 759 | 95.13 | Bacteroides_fragilis_YCH46_gi_53711291_ref_NC_0 scaffold_34888

CONTIG: scaffold_36249 (710bp)
Top Length: 710  Top ID: 99.44
		One align captures most of this contig: 3935558 3936267 | 1 710 | 710 710 | 99.44 | Bacteroides_fragilis_YCH46_gi_53711291_ref_NC_0 scaffold_36249

CONTIG: scaffold_38731 (693bp)
Top Length: 693  Top ID: 98.85
		One align captures most of this contig: 410623 411314 | 1 693 | 692 693 | 98.85 | Bacteroides_fragilis_YCH46_gi_53711291_ref_NC_0 scaffold_38731

CONTIG: scaffold_39609 (657bp)
Top Length: 655  Top ID: 97.25
		One align captures most of this contig: 449997 450651 | 657 3 | 655 655 | 97.25 | Bacteroides_fragilis_YCH46_gi_53711291_ref_NC_0 scaffold_39609

Analyzing coverage...
Writing SNPs into /Molly/gurevich/MetaQUAST/res_final/res_metahit_final/runs_per_reference/Bacteroides_fragilis_YCH46/contigs_reports/nucmer_output/IDBA_UD.used_snps
	Reference Bacteroides_fragilis_YCH46_gi_53711291_ref_NC_0: 201 total alignments. 1 total regions.
		Region: 1 to 5277274 (5277274 bp)
			START in gap: 1 to 9844 (9843 bp)
			Align 1: 9844 10536 scaffold_22138 696 4
				Gap between this and next alignment: 10536 to 67119 (56582 bp)
				Next Alignment: 67119 68147 scaffold_13522 1029 1

			Align 2: 67119 68147 scaffold_13522 1029 1
				Gap between this and next alignment: 68147 to 71558 (3410 bp)
				Next Alignment: 71558 72062 scaffold_30300 1 505

			Align 3: 71558 72062 scaffold_30300 1 505
				Gap between this and next alignment: 72062 to 77757 (5694 bp)
				Next Alignment: 77757 78409 scaffold_24046 653 1

			Align 4: 77757 78409 scaffold_24046 653 1
				Gap between this and next alignment: 78409 to 106520 (28110 bp)
				Next Alignment: 106520 107186 scaffold_23104 1 667

			Align 5: 106520 107186 scaffold_23104 1 667
				Gap between this and next alignment: 107186 to 116168 (8981 bp)
				Next Alignment: 116168 118135 scaffold_5613 1 1968

			Align 6: 116168 118135 scaffold_5613 1 1968
				Gap between this and next alignment: 118135 to 118615 (479 bp)
				Next Alignment: 118615 119766 scaffold_11767 1147 1

			Align 7: 118615 119766 scaffold_11767 1147 1
				Gap between this and next alignment: 119766 to 119900 (133 bp)
				Next Alignment: 119900 121185 scaffold_10143 1 1286

			Align 8: 119900 121185 scaffold_10143 1 1286
				Gap between this and next alignment: 121185 to 121349 (163 bp)
				Next Alignment: 121349 122469 scaffold_12112 1 1121

			Align 9: 121349 122469 scaffold_12112 1 1121
				Gap between this and next alignment: 122469 to 122662 (192 bp)
				Next Alignment: 122662 123511 scaffold_31270 853 1

			Align 10: 122662 123511 scaffold_31270 853 1
				Negative gap (overlap) between this and next alignment: 123511 to 123291 (-220 bp)
				Next Alignment: 123291 124586 scaffold_10034 1 1296

			Previous gap was negative, modifying coordinates to ignore overlap
				Moving contig start from 1 to 222.
			Align 11: 123512 124586 scaffold_10034 222 1296
				Gap between this and next alignment: 124586 to 124948 (361 bp)
				Next Alignment: 124948 126399 scaffold_8636 1453 1

			Align 12: 124948 126399 scaffold_8636 1453 1
				Gap between this and next alignment: 126399 to 126484 (84 bp)
				Next Alignment: 126484 130062 scaffold_6601 3568 1

			Align 13: 126484 130062 scaffold_6601 3568 1
				Negative gap (overlap) between this and next alignment: 130062 to 130050 (-12 bp)
				Next Alignment: 130050 147179 scaffold_478 17131 1

			Previous gap was negative, modifying coordinates to ignore overlap
				Moving contig start from 17131 to 17118.
			Align 14: 130063 147179 scaffold_478 17118 1
				Gap between this and next alignment: 147179 to 167243 (20063 bp)
				Next Alignment: 167243 167848 scaffold_26391 606 1

			Align 15: 167243 167848 scaffold_26391 606 1
				Gap between this and next alignment: 167848 to 169528 (1679 bp)
				Next Alignment: 169528 170287 scaffold_19884 1 760

			Align 16: 169528 170287 scaffold_19884 1 760
				Gap between this and next alignment: 170287 to 171746 (1458 bp)
				Next Alignment: 171746 172679 scaffold_15171 934 1

			Align 17: 171746 172679 scaffold_15171 934 1
				Gap between this and next alignment: 172679 to 186626 (13946 bp)
				Next Alignment: 186626 187327 scaffold_21914 702 1

			Align 18: 186626 187327 scaffold_21914 702 1
				Gap between this and next alignment: 187327 to 245816 (58488 bp)
				Next Alignment: 245816 246403 scaffold_27205 1 588

			Align 19: 245816 246403 scaffold_27205 1 588
				Gap between this and next alignment: 246403 to 261100 (14696 bp)
				Next Alignment: 261100 261874 scaffold_19357 775 1

			Align 20: 261100 261874 scaffold_19357 775 1
				Gap between this and next alignment: 261874 to 278387 (16512 bp)
				Next Alignment: 278387 279161 scaffold_19343 1 775

			Align 21: 278387 279161 scaffold_19343 1 775
				Gap between this and next alignment: 279161 to 280655 (1493 bp)
				Next Alignment: 280655 281241 scaffold_27256 587 1

			Align 22: 280655 281241 scaffold_27256 587 1
				Gap between this and next alignment: 281241 to 291570 (10328 bp)
				Next Alignment: 291570 292168 scaffold_26732 599 1

			Align 23: 291570 292168 scaffold_26732 599 1
				Gap between this and next alignment: 292168 to 299518 (7349 bp)
				Next Alignment: 299518 300036 scaffold_29658 1 519

			Align 24: 299518 300036 scaffold_29658 1 519
				Gap between this and next alignment: 300036 to 313361 (13324 bp)
				Next Alignment: 313361 314099 scaffold_20584 739 1

			Align 25: 313361 314099 scaffold_20584 739 1
				Gap between this and next alignment: 314099 to 322025 (7925 bp)
				Next Alignment: 322025 322638 scaffold_25958 614 1

			Align 26: 322025 322638 scaffold_25958 614 1
				Gap between this and next alignment: 322638 to 331766 (9127 bp)
				Next Alignment: 331766 332495 scaffold_20914 729 1

			Align 27: 331766 332495 scaffold_20914 729 1
				Gap between this and next alignment: 332495 to 350582 (18086 bp)
				Next Alignment: 350582 351098 scaffold_29769 517 1

			Align 28: 350582 351098 scaffold_29769 517 1
				Gap between this and next alignment: 351098 to 358861 (7762 bp)
				Next Alignment: 358861 359863 scaffold_13929 1003 1

			Align 29: 358861 359863 scaffold_13929 1003 1
				Gap between this and next alignment: 359863 to 366372 (6508 bp)
				Next Alignment: 366372 367011 scaffold_24656 1 640

			Align 30: 366372 367011 scaffold_24656 1 640
				Gap between this and next alignment: 367011 to 374569 (7557 bp)
				Next Alignment: 374569 375079 scaffold_30044 1 511

			Align 31: 374569 375079 scaffold_30044 1 511
				Gap between this and next alignment: 375079 to 398847 (23767 bp)
				Next Alignment: 398847 399438 scaffold_27076 592 1

			Align 32: 398847 399438 scaffold_27076 592 1
				Gap between this and next alignment: 399438 to 400288 (849 bp)
				Next Alignment: 400288 401207 scaffold_31337 1 922

			Align 33: 400288 401207 scaffold_31337 1 922
				Gap between this and next alignment: 401207 to 409911 (8703 bp)
				Next Alignment: 409911 410614 scaffold_21586 711 8

			Align 34: 409911 410614 scaffold_21586 711 8
				Gap between this and next alignment: 410614 to 410623 (8 bp)
				Next Alignment: 410623 411314 scaffold_38731 1 693

			Align 35: 410623 411314 scaffold_38731 1 693
				Gap between this and next alignment: 411314 to 411511 (196 bp)
				Next Alignment: 411511 412455 scaffold_14915 948 1

			Align 36: 411511 412455 scaffold_14915 948 1
				Gap between this and next alignment: 412455 to 449997 (37541 bp)
				Next Alignment: 449997 450651 scaffold_39609 657 3

			Align 37: 449997 450651 scaffold_39609 657 3
				Gap between this and next alignment: 450651 to 499876 (49224 bp)
				Next Alignment: 499876 500483 scaffold_26288 1 608

			Align 38: 499876 500483 scaffold_26288 1 608
				Gap between this and next alignment: 500483 to 508980 (8496 bp)
				Next Alignment: 508980 509602 scaffold_25525 1 623

			Align 39: 508980 509602 scaffold_25525 1 623
				Gap between this and next alignment: 509602 to 519754 (10151 bp)
				Next Alignment: 519754 520674 scaffold_30744 1 921

			Align 40: 519754 520674 scaffold_30744 1 921
				Gap between this and next alignment: 520674 to 547754 (27079 bp)
				Next Alignment: 547754 548426 scaffold_23116 1 673

			Align 41: 547754 548426 scaffold_23116 1 673
				Gap between this and next alignment: 548426 to 570366 (21939 bp)
				Next Alignment: 570366 570895 scaffold_29204 530 1

			Align 42: 570366 570895 scaffold_29204 530 1
				Gap between this and next alignment: 570895 to 588277 (17381 bp)
				Next Alignment: 588277 588954 scaffold_22889 678 1

			Align 43: 588277 588954 scaffold_22889 678 1
				Gap between this and next alignment: 588954 to 608560 (19605 bp)
				Next Alignment: 608560 609364 scaffold_18395 805 1

			Align 44: 608560 609364 scaffold_18395 805 1
				Gap between this and next alignment: 609364 to 626084 (16719 bp)
				Next Alignment: 626084 626584 scaffold_30500 501 1

			Align 45: 626084 626584 scaffold_30500 501 1
				Gap between this and next alignment: 626584 to 629496 (2911 bp)
				Next Alignment: 629496 630019 scaffold_29479 523 1

			Align 46: 629496 630019 scaffold_29479 523 1
				Gap between this and next alignment: 630019 to 632171 (2151 bp)
				Next Alignment: 632171 633240 scaffold_12856 1070 1

			Align 47: 632171 633240 scaffold_12856 1070 1
				Gap between this and next alignment: 633240 to 634338 (1097 bp)
				Next Alignment: 634338 635048 scaffold_21589 711 1

			Align 48: 634338 635048 scaffold_21589 711 1
				Gap between this and next alignment: 635048 to 651820 (16771 bp)
				Next Alignment: 651820 652579 scaffold_34888 759 1

			Align 49: 651820 652579 scaffold_34888 759 1
				Gap between this and next alignment: 652579 to 664434 (11854 bp)
				Next Alignment: 664434 665170 scaffold_20606 737 1

			Align 50: 664434 665170 scaffold_20606 737 1
				Gap between this and next alignment: 665170 to 680287 (15116 bp)
				Next Alignment: 680287 680961 scaffold_23007 1 675

			Align 51: 680287 680961 scaffold_23007 1 675
				Gap between this and next alignment: 680961 to 681009 (47 bp)
				Next Alignment: 681009 681614 scaffold_26367 606 1

			Align 52: 681009 681614 scaffold_26367 606 1
				Gap between this and next alignment: 681614 to 687757 (6142 bp)
				Next Alignment: 687757 687861 scaffold_28559 547 443

			Align 53: 687757 687861 scaffold_28559 547 443
				Gap between this and next alignment: 687861 to 691126 (3264 bp)
				Next Alignment: 691126 691844 scaffold_21265 1 719

			Align 54: 691126 691844 scaffold_21265 1 719
				Gap between this and next alignment: 691844 to 692843 (998 bp)
				Next Alignment: 692843 693446 scaffold_26478 604 1

			Align 55: 692843 693446 scaffold_26478 604 1
				Gap between this and next alignment: 693446 to 697025 (3578 bp)
				Next Alignment: 697025 697694 scaffold_23251 1 670

			Align 56: 697025 697694 scaffold_23251 1 670
				Gap between this and next alignment: 697694 to 736786 (39091 bp)
				Next Alignment: 736786 737372 scaffold_27275 587 1

			Align 57: 736786 737372 scaffold_27275 587 1
				Gap between this and next alignment: 737372 to 739454 (2081 bp)
				Next Alignment: 739454 739986 scaffold_29071 533 1

			Align 58: 739454 739986 scaffold_29071 533 1
				Gap between this and next alignment: 739986 to 740212 (225 bp)
				Next Alignment: 740212 740803 scaffold_27070 592 1

			Align 59: 740212 740803 scaffold_27070 592 1
				Gap between this and next alignment: 740803 to 744566 (3762 bp)
				Next Alignment: 744566 745265 scaffold_22010 700 1

			Align 60: 744566 745265 scaffold_22010 700 1
				Gap between this and next alignment: 745265 to 767557 (22291 bp)
				Next Alignment: 767557 768713 scaffold_11664 1 1156

			Align 61: 767557 768713 scaffold_11664 1 1156
				Gap between this and next alignment: 768713 to 776288 (7574 bp)
				Next Alignment: 776288 776993 scaffold_21655 706 1

			Align 62: 776288 776993 scaffold_21655 706 1
				Gap between this and next alignment: 776993 to 779011 (2017 bp)
				Next Alignment: 779011 779529 scaffold_29630 2 520

			Align 63: 779011 779529 scaffold_29630 2 520
				Gap between this and next alignment: 779529 to 871108 (91578 bp)
				Next Alignment: 871108 871775 scaffold_23238 670 3

			Align 64: 871108 871775 scaffold_23238 670 3
				Gap between this and next alignment: 871775 to 882632 (10856 bp)
				Next Alignment: 882632 883383 scaffold_20129 752 1

			Align 65: 882632 883383 scaffold_20129 752 1
				Gap between this and next alignment: 883383 to 893579 (10195 bp)
				Next Alignment: 893579 894124 scaffold_28615 546 1

			Align 66: 893579 894124 scaffold_28615 546 1
				Gap between this and next alignment: 894124 to 933718 (39593 bp)
				Next Alignment: 933718 933928 scaffold_11816 933 1143

			Align 67: 933718 933928 scaffold_11816 933 1143
				Gap between this and next alignment: 933928 to 941006 (7077 bp)
				Next Alignment: 941006 941650 scaffold_24429 645 1

			Align 68: 941006 941650 scaffold_24429 645 1
				Gap between this and next alignment: 941650 to 947530 (5879 bp)
				Next Alignment: 947530 948167 scaffold_24712 1 638

			Align 69: 947530 948167 scaffold_24712 1 638
				Gap between this and next alignment: 948167 to 981365 (33197 bp)
				Next Alignment: 981365 981935 scaffold_27850 1 571

			Align 70: 981365 981935 scaffold_27850 1 571
				Gap between this and next alignment: 981935 to 990759 (8823 bp)
				Next Alignment: 990759 991349 scaffold_27055 1 592

			Align 71: 990759 991349 scaffold_27055 1 592
				Gap between this and next alignment: 991349 to 996184 (4834 bp)
				Next Alignment: 996184 996862 scaffold_22823 679 1

			Align 72: 996184 996862 scaffold_22823 679 1
				Gap between this and next alignment: 996862 to 1001604 (4741 bp)
				Next Alignment: 1001604 1002499 scaffold_15967 1 896

			Align 73: 1001604 1002499 scaffold_15967 1 896
				Gap between this and next alignment: 1002499 to 1051645 (49145 bp)
				Next Alignment: 1051645 1052194 scaffold_28470 1 550

			Align 74: 1051645 1052194 scaffold_28470 1 550
				Gap between this and next alignment: 1052194 to 1061324 (9129 bp)
				Next Alignment: 1061324 1061974 scaffold_19681 1 651

			Align 75: 1061324 1061974 scaffold_19681 1 651
				Gap between this and next alignment: 1061974 to 1089722 (27747 bp)
				Next Alignment: 1089722 1090416 scaffold_22201 695 1

			Align 76: 1089722 1090416 scaffold_22201 695 1
				Gap between this and next alignment: 1090416 to 1111950 (21533 bp)
				Next Alignment: 1111950 1113096 scaffold_23386 1165 1

			Align 77: 1111950 1113096 scaffold_23386 1165 1
				Gap between this and next alignment: 1113096 to 1122488 (9391 bp)
				Next Alignment: 1122488 1123647 scaffold_11608 1160 1

			Align 78: 1122488 1123647 scaffold_11608 1160 1
				Gap between this and next alignment: 1123647 to 1160416 (36768 bp)
				Next Alignment: 1160416 1161112 scaffold_22125 1 697

			Align 79: 1160416 1161112 scaffold_22125 1 697
				Gap between this and next alignment: 1161112 to 1167502 (6389 bp)
				Next Alignment: 1167502 1168058 scaffold_28262 1 557

			Align 80: 1167502 1168058 scaffold_28262 1 557
				Gap between this and next alignment: 1168058 to 1179202 (11143 bp)
				Next Alignment: 1179202 1179918 scaffold_21352 717 1

			Align 81: 1179202 1179918 scaffold_21352 717 1
				Gap between this and next alignment: 1179918 to 1209211 (29292 bp)
				Next Alignment: 1209211 1209908 scaffold_8004 1 697

			Align 82: 1209211 1209908 scaffold_8004 1 697
				Gap between this and next alignment: 1209908 to 1231116 (21207 bp)
				Next Alignment: 1231116 1232043 scaffold_15316 928 1

			Align 83: 1231116 1232043 scaffold_15316 928 1
				Gap between this and next alignment: 1232043 to 1247852 (15808 bp)
				Next Alignment: 1247852 1248492 scaffold_24576 641 1

			Align 84: 1247852 1248492 scaffold_24576 641 1
				Gap between this and next alignment: 1248492 to 1257080 (8587 bp)
				Next Alignment: 1257080 1257696 scaffold_25828 617 1

			Align 85: 1257080 1257696 scaffold_25828 617 1
				Gap between this and next alignment: 1257696 to 1300540 (42843 bp)
				Next Alignment: 1300540 1300661 scaffold_1589 5855 5976

			Align 86: 1300540 1300661 scaffold_1589 5855 5976
				Gap between this and next alignment: 1300661 to 1312660 (11998 bp)
				Next Alignment: 1312660 1313478 scaffold_18009 1 819

			Align 87: 1312660 1313478 scaffold_18009 1 819
				Gap between this and next alignment: 1313478 to 1424686 (111207 bp)
				Next Alignment: 1424686 1425461 scaffold_19317 1 776

			Align 88: 1424686 1425461 scaffold_19317 1 776
				Gap between this and next alignment: 1425461 to 1455188 (29726 bp)
				Next Alignment: 1455188 1455917 scaffold_20872 730 1

			Align 89: 1455188 1455917 scaffold_20872 730 1
				Gap between this and next alignment: 1455917 to 1494784 (38866 bp)
				Next Alignment: 1494784 1495330 scaffold_28564 1 547

			Align 90: 1494784 1495330 scaffold_28564 1 547
				Gap between this and next alignment: 1495330 to 1528335 (33004 bp)
				Next Alignment: 1528335 1529225 scaffold_16042 891 1

			Align 91: 1528335 1529225 scaffold_16042 891 1
				Gap between this and next alignment: 1529225 to 1625438 (96212 bp)
				Next Alignment: 1625438 1626029 scaffold_16024 302 893

			Align 92: 1625438 1626029 scaffold_16024 302 893
				Gap between this and next alignment: 1626029 to 1653134 (27104 bp)
				Next Alignment: 1653134 1653633 scaffold_30528 500 1

			Align 93: 1653134 1653633 scaffold_30528 500 1
				Gap between this and next alignment: 1653633 to 1716032 (62398 bp)
				Next Alignment: 1716032 1716567 scaffold_28714 543 8

			Align 94: 1716032 1716567 scaffold_28714 543 8
				Gap between this and next alignment: 1716567 to 1810971 (94403 bp)
				Next Alignment: 1810971 1811493 scaffold_29511 523 1

			Align 95: 1810971 1811493 scaffold_29511 523 1
				Gap between this and next alignment: 1811493 to 1863405 (51911 bp)
				Next Alignment: 1863405 1863572 scaffold_12807 1436 1269

			Align 96: 1863405 1863572 scaffold_12807 1436 1269
				Gap between this and next alignment: 1863572 to 1909282 (45709 bp)
				Next Alignment: 1909282 1909930 scaffold_24192 649 1

			Align 97: 1909282 1909930 scaffold_24192 649 1
				Gap between this and next alignment: 1909930 to 1921233 (11302 bp)
				Next Alignment: 1921233 1922037 scaffold_18389 1 805

			Align 98: 1921233 1922037 scaffold_18389 1 805
				Gap between this and next alignment: 1922037 to 1945991 (23953 bp)
				Next Alignment: 1945991 1946497 scaffold_30222 1 507

			Align 99: 1945991 1946497 scaffold_30222 1 507
				Gap between this and next alignment: 1946497 to 1960104 (13606 bp)
				Next Alignment: 1960104 1960722 scaffold_25683 619 1

			Align 100: 1960104 1960722 scaffold_25683 619 1
				Gap between this and next alignment: 1960722 to 2007669 (46946 bp)
				Next Alignment: 2007669 2008316 scaffold_24257 648 1

			Align 101: 2007669 2008316 scaffold_24257 648 1
				Gap between this and next alignment: 2008316 to 2040475 (32158 bp)
				Next Alignment: 2040475 2040664 scaffold_28727 1 190

			Align 102: 2040475 2040664 scaffold_28727 1 190
				Gap between this and next alignment: 2040664 to 2118725 (78060 bp)
				Next Alignment: 2118725 2119259 scaffold_28933 2 536

			Align 103: 2118725 2119259 scaffold_28933 2 536
				Gap between this and next alignment: 2119259 to 2175255 (55995 bp)
				Next Alignment: 2175255 2175764 scaffold_30085 1 510

			Align 104: 2175255 2175764 scaffold_30085 1 510
				Gap between this and next alignment: 2175764 to 2240541 (64776 bp)
				Next Alignment: 2240541 2241371 scaffold_17638 831 1

			Align 105: 2240541 2241371 scaffold_17638 831 1
				Gap between this and next alignment: 2241371 to 2417169 (175797 bp)
				Next Alignment: 2417169 2417590 scaffold_26577 1 422

			Align 106: 2417169 2417590 scaffold_26577 1 422
				Gap between this and next alignment: 2417590 to 2457469 (39878 bp)
				Next Alignment: 2457469 2458128 scaffold_23577 660 1

			Align 107: 2457469 2458128 scaffold_23577 660 1
				Gap between this and next alignment: 2458128 to 2566278 (108149 bp)
				Next Alignment: 2566278 2566904 scaffold_25312 627 1

			Align 108: 2566278 2566904 scaffold_25312 627 1
				Gap between this and next alignment: 2566904 to 2601228 (34323 bp)
				Next Alignment: 2601228 2601939 scaffold_21539 712 1

			Align 109: 2601228 2601939 scaffold_21539 712 1
				Gap between this and next alignment: 2601939 to 2657129 (55189 bp)
				Next Alignment: 2657129 2657308 scaffold_5551 1983 1804

			Align 110: 2657129 2657308 scaffold_5551 1983 1804
				Gap between this and next alignment: 2657308 to 2679893 (22584 bp)
				Next Alignment: 2679893 2680723 scaffold_17650 831 1

			Align 111: 2679893 2680723 scaffold_17650 831 1
				Gap between this and next alignment: 2680723 to 2772446 (91722 bp)
				Next Alignment: 2772446 2773114 scaffold_23273 669 1

			Align 112: 2772446 2773114 scaffold_23273 669 1
				Gap between this and next alignment: 2773114 to 2809159 (36044 bp)
				Next Alignment: 2809159 2809703 scaffold_28634 1 545

			Align 113: 2809159 2809703 scaffold_28634 1 545
				Gap between this and next alignment: 2809703 to 2810087 (383 bp)
				Next Alignment: 2810087 2810700 scaffold_25946 1 614

			Align 114: 2810087 2810700 scaffold_25946 1 614
				Gap between this and next alignment: 2810700 to 2814453 (3752 bp)
				Next Alignment: 2814453 2814985 scaffold_29091 533 1

			Align 115: 2814453 2814985 scaffold_29091 533 1
				Gap between this and next alignment: 2814985 to 2817652 (2666 bp)
				Next Alignment: 2817652 2818166 scaffold_29838 515 1

			Align 116: 2817652 2818166 scaffold_29838 515 1
				Gap between this and next alignment: 2818166 to 2885554 (67387 bp)
				Next Alignment: 2885554 2886140 scaffold_27281 587 1

			Align 117: 2885554 2886140 scaffold_27281 587 1
				Gap between this and next alignment: 2886140 to 2916303 (30162 bp)
				Next Alignment: 2916303 2916890 scaffold_27239 1 588

			Align 118: 2916303 2916890 scaffold_27239 1 588
				Gap between this and next alignment: 2916890 to 2998207 (81316 bp)
				Next Alignment: 2998207 2998714 scaffold_30137 508 1

			Align 119: 2998207 2998714 scaffold_30137 508 1
				Gap between this and next alignment: 2998714 to 3026203 (27488 bp)
				Next Alignment: 3026203 3026718 scaffold_29823 1 516

			Align 120: 3026203 3026718 scaffold_29823 1 516
				Gap between this and next alignment: 3026718 to 3072454 (45735 bp)
				Next Alignment: 3072454 3073161 scaffold_21689 1 708

			Align 121: 3072454 3073161 scaffold_21689 1 708
				Gap between this and next alignment: 3073161 to 3354237 (281075 bp)
				Next Alignment: 3354237 3354538 scaffold_5197 302 1

			Align 122: 3354237 3354538 scaffold_5197 302 1
				Gap between this and next alignment: 3354538 to 3408654 (54115 bp)
				Next Alignment: 3408654 3408764 scaffold_3853 111 1

			Align 123: 3408654 3408764 scaffold_3853 111 1
				Gap between this and next alignment: 3408764 to 3425491 (16726 bp)
				Next Alignment: 3425491 3439677 scaffold_587 16 14202

			Align 124: 3425491 3439677 scaffold_587 16 14202
				Gap between this and next alignment: 3439677 to 3585399 (145721 bp)
				Next Alignment: 3585399 3586096 scaffold_22095 1 698

			Align 125: 3585399 3586096 scaffold_22095 1 698
				Gap between this and next alignment: 3586096 to 3591041 (4944 bp)
				Next Alignment: 3591041 3591676 scaffold_24821 636 1

			Align 126: 3591041 3591676 scaffold_24821 636 1
				Gap between this and next alignment: 3591676 to 3608808 (17131 bp)
				Next Alignment: 3608808 3609437 scaffold_25152 1 630

			Align 127: 3608808 3609437 scaffold_25152 1 630
				Gap between this and next alignment: 3609437 to 3759791 (150353 bp)
				Next Alignment: 3759791 3760398 scaffold_26281 1 608

			Align 128: 3759791 3760398 scaffold_26281 1 608
				Gap between this and next alignment: 3760398 to 3849033 (88634 bp)
				Next Alignment: 3849033 3849630 scaffold_26708 598 1

			Align 129: 3849033 3849630 scaffold_26708 598 1
				Gap between this and next alignment: 3849630 to 3849874 (243 bp)
				Next Alignment: 3849874 3850439 scaffold_27963 566 1

			Align 130: 3849874 3850439 scaffold_27963 566 1
				Gap between this and next alignment: 3850439 to 3878328 (27888 bp)
				Next Alignment: 3878328 3878980 scaffold_24003 1 653

			Align 131: 3878328 3878980 scaffold_24003 1 653
				Gap between this and next alignment: 3878980 to 3884930 (5949 bp)
				Next Alignment: 3884930 3885570 scaffold_24571 1 641

			Align 132: 3884930 3885570 scaffold_24571 1 641
				Gap between this and next alignment: 3885570 to 3896722 (11151 bp)
				Next Alignment: 3896722 3897423 scaffold_21908 1 702

			Align 133: 3896722 3897423 scaffold_21908 1 702
				Gap between this and next alignment: 3897423 to 3900191 (2767 bp)
				Next Alignment: 3900191 3900760 scaffold_27866 570 1

			Align 134: 3900191 3900760 scaffold_27866 570 1
				Gap between this and next alignment: 3900760 to 3904374 (3613 bp)
				Next Alignment: 3904374 3905143 scaffold_33049 1 777

			Align 135: 3904374 3905143 scaffold_33049 1 777
				Gap between this and next alignment: 3905143 to 3935558 (30414 bp)
				Next Alignment: 3935558 3936267 scaffold_36249 1 710

			Align 136: 3935558 3936267 scaffold_36249 1 710
				Gap between this and next alignment: 3936267 to 3955696 (19428 bp)
				Next Alignment: 3955696 3956333 scaffold_24753 1 638

			Align 137: 3955696 3956333 scaffold_24753 1 638
				Gap between this and next alignment: 3956333 to 4015129 (58795 bp)
				Next Alignment: 4015129 4015736 scaffold_26273 1 608

			Align 138: 4015129 4015736 scaffold_26273 1 608
				Gap between this and next alignment: 4015736 to 4047867 (32130 bp)
				Next Alignment: 4047867 4048403 scaffold_28899 1 537

			Align 139: 4047867 4048403 scaffold_28899 1 537
				Gap between this and next alignment: 4048403 to 4056824 (8420 bp)
				Next Alignment: 4056824 4057325 scaffold_30425 1 502

			Align 140: 4056824 4057325 scaffold_30425 1 502
				Gap between this and next alignment: 4057325 to 4100596 (43270 bp)
				Next Alignment: 4100596 4101122 scaffold_29321 527 1

			Align 141: 4100596 4101122 scaffold_29321 527 1
				Gap between this and next alignment: 4101122 to 4108557 (7434 bp)
				Next Alignment: 4108557 4108943 scaffold_6824 3557 3943

			Align 142: 4108557 4108943 scaffold_6824 3557 3943
				Gap between this and next alignment: 4108943 to 4122557 (13613 bp)
				Next Alignment: 4122557 4123209 scaffold_24019 1 653

			Align 143: 4122557 4123209 scaffold_24019 1 653
				Gap between this and next alignment: 4123209 to 4187475 (64265 bp)
				Next Alignment: 4187475 4188089 scaffold_25940 1 615

			Align 144: 4187475 4188089 scaffold_25940 1 615
				Gap between this and next alignment: 4188089 to 4204147 (16057 bp)
				Next Alignment: 4204147 4204763 scaffold_25791 617 1

			Align 145: 4204147 4204763 scaffold_25791 617 1
				Gap between this and next alignment: 4204763 to 4238602 (33838 bp)
				Next Alignment: 4238602 4239183 scaffold_27474 1 582

			Align 146: 4238602 4239183 scaffold_27474 1 582
				Gap between this and next alignment: 4239183 to 4283605 (44421 bp)
				Next Alignment: 4283605 4284655 scaffold_13143 1051 1

			Align 147: 4283605 4284655 scaffold_13143 1051 1
				Gap between this and next alignment: 4284655 to 4288832 (4176 bp)
				Next Alignment: 4288832 4289448 scaffold_25789 617 1

			Align 148: 4288832 4289448 scaffold_25789 617 1
				Gap between this and next alignment: 4289448 to 4310624 (21175 bp)
				Next Alignment: 4310624 4311159 scaffold_28950 536 1

			Align 149: 4310624 4311159 scaffold_28950 536 1
				Gap between this and next alignment: 4311159 to 4349310 (38150 bp)
				Next Alignment: 4349310 4350373 scaffold_12946 1063 1

			Align 150: 4349310 4350373 scaffold_12946 1063 1
				Gap between this and next alignment: 4350373 to 4357067 (6693 bp)
				Next Alignment: 4357067 4357300 scaffold_11100 968 1201

			Align 151: 4357067 4357300 scaffold_11100 968 1201
				Gap between this and next alignment: 4357300 to 4358190 (889 bp)
				Next Alignment: 4358190 4358825 scaffold_24812 1 636

			Align 152: 4358190 4358825 scaffold_24812 1 636
				Gap between this and next alignment: 4358825 to 4361053 (2227 bp)
				Next Alignment: 4361053 4361382 scaffold_3532 2416 2745

			Align 153: 4361053 4361382 scaffold_3532 2416 2745
				Gap between this and next alignment: 4361382 to 4363163 (1780 bp)
				Next Alignment: 4363163 4363825 scaffold_23418 663 1

			Align 154: 4363163 4363825 scaffold_23418 663 1
				Gap between this and next alignment: 4363825 to 4408826 (45000 bp)
				Next Alignment: 4408826 4409489 scaffold_23512 1 664

			Align 155: 4408826 4409489 scaffold_23512 1 664
				Gap between this and next alignment: 4409489 to 4488802 (79312 bp)
				Next Alignment: 4488802 4489543 scaffold_20474 742 1

			Align 156: 4488802 4489543 scaffold_20474 742 1
				Gap between this and next alignment: 4489543 to 4520336 (30792 bp)
				Next Alignment: 4520336 4520938 scaffold_26513 1 603

			Align 157: 4520336 4520938 scaffold_26513 1 603
				Gap between this and next alignment: 4520938 to 4529062 (8123 bp)
				Next Alignment: 4529062 4529732 scaffold_18880 1 670

			Align 158: 4529062 4529732 scaffold_18880 1 670
				Gap between this and next alignment: 4529732 to 4534097 (4364 bp)
				Next Alignment: 4534097 4534636 scaffold_28807 540 1

			Align 159: 4534097 4534636 scaffold_28807 540 1
				Gap between this and next alignment: 4534636 to 4535725 (1088 bp)
				Next Alignment: 4535725 4536458 scaffold_20768 734 1

			Align 160: 4535725 4536458 scaffold_20768 734 1
				Gap between this and next alignment: 4536458 to 4548493 (12034 bp)
				Next Alignment: 4548493 4549020 scaffold_29287 1 528

			Align 161: 4548493 4549020 scaffold_29287 1 528
				Negative gap (overlap) between this and next alignment: 4549020 to 4549002 (-18 bp)
				Next Alignment: 4549002 4549532 scaffold_29147 1 531

			Previous gap was negative, modifying coordinates to ignore overlap
				Moving contig start from 1 to 20.
			Align 162: 4549021 4549532 scaffold_29147 20 531
				Gap between this and next alignment: 4549532 to 4563898 (14365 bp)
				Next Alignment: 4563898 4564599 scaffold_21900 1 702

			Align 163: 4563898 4564599 scaffold_21900 1 702
				Gap between this and next alignment: 4564599 to 4568426 (3826 bp)
				Next Alignment: 4568426 4569124 scaffold_21989 699 1

			Align 164: 4568426 4569124 scaffold_21989 699 1
				Gap between this and next alignment: 4569124 to 4597314 (28189 bp)
				Next Alignment: 4597314 4598130 scaffold_26724 821 1

			Align 165: 4597314 4598130 scaffold_26724 821 1
				Gap between this and next alignment: 4598130 to 4619277 (21146 bp)
				Next Alignment: 4619277 4620008 scaffold_20823 732 1

			Align 166: 4619277 4620008 scaffold_20823 732 1
				Gap between this and next alignment: 4620008 to 4685940 (65931 bp)
				Next Alignment: 4685940 4686575 scaffold_24831 1 636

			Align 167: 4685940 4686575 scaffold_24831 1 636
				Gap between this and next alignment: 4686575 to 4699931 (13355 bp)
				Next Alignment: 4699931 4700643 scaffold_21515 1 713

			Align 168: 4699931 4700643 scaffold_21515 1 713
				Gap between this and next alignment: 4700643 to 4702038 (1394 bp)
				Next Alignment: 4702038 4702728 scaffold_22368 691 1

			Align 169: 4702038 4702728 scaffold_22368 691 1
				Gap between this and next alignment: 4702728 to 4704182 (1453 bp)
				Next Alignment: 4704182 4704790 scaffold_26230 609 1

			Align 170: 4704182 4704790 scaffold_26230 609 1
				Gap between this and next alignment: 4704790 to 4727242 (22451 bp)
				Next Alignment: 4727242 4727846 scaffold_26441 1 605

			Align 171: 4727242 4727846 scaffold_26441 1 605
				Gap between this and next alignment: 4727846 to 4731829 (3982 bp)
				Next Alignment: 4731829 4732574 scaffold_13881 746 1

			Align 172: 4731829 4732574 scaffold_13881 746 1
				Gap between this and next alignment: 4732574 to 4781838 (49263 bp)
				Next Alignment: 4781838 4782381 scaffold_28656 544 1

			Align 173: 4781838 4782381 scaffold_28656 544 1
				Gap between this and next alignment: 4782381 to 4797093 (14711 bp)
				Next Alignment: 4797093 4797631 scaffold_28830 1 539

			Align 174: 4797093 4797631 scaffold_28830 1 539
				Gap between this and next alignment: 4797631 to 4885667 (88035 bp)
				Next Alignment: 4885667 4886379 scaffold_21512 1 713

			Align 175: 4885667 4886379 scaffold_21512 1 713
				Gap between this and next alignment: 4886379 to 4904350 (17970 bp)
				Next Alignment: 4904350 4904913 scaffold_28018 1 564

			Align 176: 4904350 4904913 scaffold_28018 1 564
				Gap between this and next alignment: 4904913 to 4947019 (42105 bp)
				Next Alignment: 4947019 4947685 scaffold_23075 1 667

			Align 177: 4947019 4947685 scaffold_23075 1 667
				Gap between this and next alignment: 4947685 to 4992689 (45003 bp)
				Next Alignment: 4992689 4993215 scaffold_29310 1 527

			Align 178: 4992689 4993215 scaffold_29310 1 527
				Gap between this and next alignment: 4993215 to 4998995 (5779 bp)
				Next Alignment: 4998995 4999830 scaffold_17498 836 1

			Align 179: 4998995 4999830 scaffold_17498 836 1
				Gap between this and next alignment: 4999830 to 5005077 (5246 bp)
				Next Alignment: 5005077 5005609 scaffold_29078 533 1

			Align 180: 5005077 5005609 scaffold_29078 533 1
				Gap between this and next alignment: 5005609 to 5006838 (1228 bp)
				Next Alignment: 5006838 5007379 scaffold_28741 542 1

			Align 181: 5006838 5007379 scaffold_28741 542 1
				Gap between this and next alignment: 5007379 to 5015991 (8611 bp)
				Next Alignment: 5015991 5016877 scaffold_29079 889 1

			Align 182: 5015991 5016877 scaffold_29079 889 1
				Gap between this and next alignment: 5016877 to 5023529 (6651 bp)
				Next Alignment: 5023529 5024058 scaffold_29191 1 530

			Align 183: 5023529 5024058 scaffold_29191 1 530
				Gap between this and next alignment: 5024058 to 5032460 (8401 bp)
				Next Alignment: 5032460 5033277 scaffold_18045 818 1

			Align 184: 5032460 5033277 scaffold_18045 818 1
				Gap between this and next alignment: 5033277 to 5036784 (3506 bp)
				Next Alignment: 5036784 5037126 scaffold_14659 961 619

			Align 185: 5036784 5037126 scaffold_14659 961 619
				Gap between this and next alignment: 5037126 to 5044393 (7266 bp)
				Next Alignment: 5044393 5044982 scaffold_27116 590 1

			Align 186: 5044393 5044982 scaffold_27116 590 1
				Gap between this and next alignment: 5044982 to 5050575 (5592 bp)
				Next Alignment: 5050575 5051109 scaffold_28959 535 1

			Align 187: 5050575 5051109 scaffold_28959 535 1
				Gap between this and next alignment: 5051109 to 5060909 (9799 bp)
				Next Alignment: 5060909 5061531 scaffold_25509 1 623

			Align 188: 5060909 5061531 scaffold_25509 1 623
				Gap between this and next alignment: 5061531 to 5073511 (11979 bp)
				Next Alignment: 5073511 5074506 scaffold_14129 993 1

			Align 189: 5073511 5074506 scaffold_14129 993 1
				Gap between this and next alignment: 5074506 to 5075345 (838 bp)
				Next Alignment: 5075345 5075948 scaffold_26488 1 604

			Align 190: 5075345 5075948 scaffold_26488 1 604
				Gap between this and next alignment: 5075948 to 5092720 (16771 bp)
				Next Alignment: 5092720 5093313 scaffold_26984 1 594

			Align 191: 5092720 5093313 scaffold_26984 1 594
				Gap between this and next alignment: 5093313 to 5115057 (21743 bp)
				Next Alignment: 5115057 5115679 scaffold_25488 1 623

			Align 192: 5115057 5115679 scaffold_25488 1 623
				Gap between this and next alignment: 5115679 to 5133150 (17470 bp)
				Next Alignment: 5133150 5133909 scaffold_19882 760 1

			Align 193: 5133150 5133909 scaffold_19882 760 1
				Gap between this and next alignment: 5133909 to 5141754 (7844 bp)
				Next Alignment: 5141754 5142289 scaffold_28937 1 536

			Align 194: 5141754 5142289 scaffold_28937 1 536
				Gap between this and next alignment: 5142289 to 5155139 (12849 bp)
				Next Alignment: 5155139 5155796 scaffold_23783 1 658

			Align 195: 5155139 5155796 scaffold_23783 1 658
				Gap between this and next alignment: 5155796 to 5156535 (738 bp)
				Next Alignment: 5156535 5157122 scaffold_27203 588 1

			Align 196: 5156535 5157122 scaffold_27203 588 1
				Gap between this and next alignment: 5157122 to 5173189 (16066 bp)
				Next Alignment: 5173189 5173704 scaffold_29825 516 1

			Align 197: 5173189 5173704 scaffold_29825 516 1
				Gap between this and next alignment: 5173704 to 5253655 (79950 bp)
				Next Alignment: 5253655 5254299 scaffold_24255 4 648

			Align 198: 5253655 5254299 scaffold_24255 4 648
				Gap between this and next alignment: 5254299 to 5257213 (2913 bp)
				Next Alignment: 5257213 5258348 scaffold_11894 1 1137

			Align 199: 5257213 5258348 scaffold_11894 1 1137
				Gap between this and next alignment: 5258348 to 5259600 (1251 bp)
				Next Alignment: 5259600 5260222 scaffold_25518 1 623

			Align 200: 5259600 5260222 scaffold_25518 1 623
				Gap between this and next alignment: 5260222 to 5261063 (840 bp)
				Next Alignment: 5261063 5261563 scaffold_30511 1 501

			Align 201: 5261063 5261563 scaffold_30511 1 501
			END in gap: 5261563 to 5277274 (15711 bp)

Analysis is finished!
Founded SNPs were written into /Molly/gurevich/MetaQUAST/res_final/res_metahit_final/runs_per_reference/Bacteroides_fragilis_YCH46/contigs_reports/nucmer_output/IDBA_UD.used_snps

Results:
	Local Misassemblies: 0
	Misassemblies: 0
		Relocations: 0
		Translocations: 0
		Inversions: 0
	Fake misassemblies matched with structural variations: 0
	Misassembled Contigs: 0
	Misassembled Contig Bases: 0
	Misassemblies Inter-Contig Overlap: 0
Uncovered Regions: 0 (0)
Unaligned Contigs: 0 + 19 part
Partially Unaligned Contigs with Misassemblies: 0
Unaligned Contig Bases: 27201

Ambiguously Mapped Contigs: 0
Total Bases in Ambiguously Mapped Contigs: 0
Note that --allow-ambiguity option was set to "one" and only first alignment per each contig was used.

	Covered Bases: 166230

	SNPs: 1283
	Insertions: 46
	Deletions: 28

	Positive Gaps: 199
		Internal Gaps:  0
		External Gaps:  199
		External Gap Total:  5111044
		External Gap Average: 25684
	Negative Gaps: 3
		Internal Overlaps:  0
		External Overlaps:  3
		External Overlaps Total: -250
		External Overlaps Average: -83
	Contigs with Redundant Alignments: 0 (0)
