Aligning contigs to reference...
	Running Nucmer
Parsing coords...
Loading reference...
	Loaded [Bacteroides_fragilis_YCH46_gi_53711291_ref_NC_0]
Loading SNPs...
Loading regions...
	No regions given, using whole reference.
	Total Regions: 1
	Total Region Length: 5277274
Analyzing contigs...
CONTIG: scaffold-283 (8277bp)
Top Length: 381  Top ID: 98.69
		This contig is partially unaligned. (Aligned 381 out of 8277 bases)
		Alignment: 3326271 3326651 | 8277 7897 | 381 381 | 98.69 | Bacteroides_fragilis_YCH46_gi_53711291_ref_NC_0 scaffold-283
		Unaligned bases: 1 to 7896 (7896)

CONTIG: scaffold-872 (5541bp)
Top Length: 761  Top ID: 99.74
		This contig is misassembled. 2 total aligns.
			Warning! This contig is more unaligned than misassembled. Contig length is 5541 and total length of all aligns is 1457
		Alignment: 3408654 3409349 | 3771 4466 | 696 696 | 99.71 | Bacteroides_fragilis_YCH46_gi_53711291_ref_NC_0 scaffold-872
		Alignment: 3409526 3410286 | 4781 5541 | 761 761 | 99.74 | Bacteroides_fragilis_YCH46_gi_53711291_ref_NC_0 scaffold-872
		Unaligned bases: 4084
		This contig has both significant aligned and unaligned parts (of length >= min-contig)! It can contain interspecies translocations
CONTIG: scaffold-2574 (6731bp)
Top Length: 81  Top ID: 96.3
		This contig is partially unaligned. (Aligned 81 out of 6731 bases)
		Alignment: 763200 763280 | 2828 2748 | 81 81 | 96.3 | Bacteroides_fragilis_YCH46_gi_53711291_ref_NC_0 scaffold-2574
		Unaligned bases: 1 to 2747 (2747)
		Unaligned bases: 2829 to 6731 (3903)

CONTIG: scaffold-2589 (14202bp)
Top Length: 14187  Top ID: 99.89
		One align captures most of this contig: 3425491 3439677 | 14187 1 | 14187 14187 | 99.89 | Bacteroides_fragilis_YCH46_gi_53711291_ref_NC_0 scaffold-2589

CONTIG: scaffold-5846 (1146bp)
Top Length: 1146  Top ID: 99.74
		One align captures most of this contig: 145717 146861 | 1146 1 | 1145 1146 | 99.74 | Bacteroides_fragilis_YCH46_gi_53711291_ref_NC_0 scaffold-5846

CONTIG: scaffold-8122 (1105bp)
Top Length: 1098  Top ID: 99.64
		One align captures most of this contig: 137094 138191 | 1098 1 | 1098 1098 | 99.64 | Bacteroides_fragilis_YCH46_gi_53711291_ref_NC_0 scaffold-8122

CONTIG: scaffold-10856 (1661bp)
Top Length: 1661  Top ID: 99.76
		One align captures most of this contig: 144579 146238 | 1661 1 | 1660 1661 | 99.76 | Bacteroides_fragilis_YCH46_gi_53711291_ref_NC_0 scaffold-10856

CONTIG: scaffold-11095 (1016bp)
Top Length: 1016  Top ID: 99.61
		One align captures most of this contig: 1521274 1522289 | 1016 1 | 1016 1016 | 99.61 | Bacteroides_fragilis_YCH46_gi_53711291_ref_NC_0 scaffold-11095

CONTIG: scaffold-26756 (613bp)
Top Length: 613  Top ID: 100.0
		One align captures most of this contig: 149603 150215 | 1 613 | 613 613 | 100.0 | Bacteroides_fragilis_YCH46_gi_53711291_ref_NC_0 scaffold-26756

CONTIG: scaffold-44960 (1033bp)
Top Length: 1033  Top ID: 99.81
		One align captures most of this contig: 155752 156784 | 1 1033 | 1033 1033 | 99.81 | Bacteroides_fragilis_YCH46_gi_53711291_ref_NC_0 scaffold-44960

CONTIG: scaffold-51784 (1121bp)
Top Length: 1121  Top ID: 99.29
		One align captures most of this contig: 153056 154176 | 1 1121 | 1121 1121 | 99.29 | Bacteroides_fragilis_YCH46_gi_53711291_ref_NC_0 scaffold-51784

CONTIG: scaffold-57067 (780bp)
Top Length: 780  Top ID: 99.1
		One align captures most of this contig: 158006 158785 | 780 1 | 780 780 | 99.1 | Bacteroides_fragilis_YCH46_gi_53711291_ref_NC_0 scaffold-57067

CONTIG: scaffold-61227 (880bp)
Top Length: 880  Top ID: 98.18
		One align captures most of this contig: 151948 152827 | 1 880 | 880 880 | 98.18 | Bacteroides_fragilis_YCH46_gi_53711291_ref_NC_0 scaffold-61227

CONTIG: scaffold-84623 (907bp)
Top Length: 907  Top ID: 99.78
		One align captures most of this contig: 161282 162188 | 907 1 | 907 907 | 99.78 | Bacteroides_fragilis_YCH46_gi_53711291_ref_NC_0 scaffold-84623

CONTIG: scaffold-97615 (525bp)
Top Length: 525  Top ID: 100.0
		One align captures most of this contig: 154768 155292 | 525 1 | 525 525 | 100.0 | Bacteroides_fragilis_YCH46_gi_53711291_ref_NC_0 scaffold-97615

CONTIG: scaffold-128369 (1088bp)
Top Length: 1088  Top ID: 99.26
		One align captures most of this contig: 162448 163533 | 1 1088 | 1086 1088 | 99.26 | Bacteroides_fragilis_YCH46_gi_53711291_ref_NC_0 scaffold-128369

CONTIG: scaffold-195323 (5447bp)
Top Length: 5447  Top ID: 99.98
		One align captures most of this contig: 138643 144089 | 5447 1 | 5447 5447 | 99.98 | Bacteroides_fragilis_YCH46_gi_53711291_ref_NC_0 scaffold-195323

Analyzing coverage...
Writing SNPs into /Molly/gurevich/MetaQUAST/res_final/res_metahit_final/runs_per_reference/Bacteroides_fragilis_YCH46/contigs_reports/nucmer_output/Ray.used_snps
	Reference Bacteroides_fragilis_YCH46_gi_53711291_ref_NC_0: 18 total alignments. 1 total regions.
		Region: 1 to 5277274 (5277274 bp)
			START in gap: 1 to 137094 (137093 bp)
			Align 1: 137094 138191 scaffold-8122 1098 1
				Gap between this and next alignment: 138191 to 138643 (451 bp)
				Next Alignment: 138643 144089 scaffold-195323 5447 1

			Align 2: 138643 144089 scaffold-195323 5447 1
				Gap between this and next alignment: 144089 to 144579 (489 bp)
				Next Alignment: 144579 146238 scaffold-10856 1661 1

			Align 3: 144579 146238 scaffold-10856 1661 1
				Negative gap (overlap) between this and next alignment: 146238 to 145717 (-521 bp)
				Next Alignment: 145717 146861 scaffold-5846 1146 1

			Previous gap was negative, modifying coordinates to ignore overlap
				Moving contig start from 1146 to 623.
			Align 4: 146239 146861 scaffold-5846 623 1
				Gap between this and next alignment: 146861 to 149603 (2741 bp)
				Next Alignment: 149603 150215 scaffold-26756 1 613

			Align 5: 149603 150215 scaffold-26756 1 613
				Gap between this and next alignment: 150215 to 151948 (1732 bp)
				Next Alignment: 151948 152827 scaffold-61227 1 880

			Align 6: 151948 152827 scaffold-61227 1 880
				Gap between this and next alignment: 152827 to 153056 (228 bp)
				Next Alignment: 153056 154176 scaffold-51784 1 1121

			Align 7: 153056 154176 scaffold-51784 1 1121
				Gap between this and next alignment: 154176 to 154768 (591 bp)
				Next Alignment: 154768 155292 scaffold-97615 525 1

			Align 8: 154768 155292 scaffold-97615 525 1
				Gap between this and next alignment: 155292 to 155752 (459 bp)
				Next Alignment: 155752 156784 scaffold-44960 1 1033

			Align 9: 155752 156784 scaffold-44960 1 1033
				Gap between this and next alignment: 156784 to 158006 (1221 bp)
				Next Alignment: 158006 158785 scaffold-57067 780 1

			Align 10: 158006 158785 scaffold-57067 780 1
				Gap between this and next alignment: 158785 to 161282 (2496 bp)
				Next Alignment: 161282 162188 scaffold-84623 907 1

			Align 11: 161282 162188 scaffold-84623 907 1
				Gap between this and next alignment: 162188 to 162448 (259 bp)
				Next Alignment: 162448 163533 scaffold-128369 1 1088

			Align 12: 162448 163533 scaffold-128369 1 1088
				Gap between this and next alignment: 163533 to 763200 (599666 bp)
				Next Alignment: 763200 763280 scaffold-2574 2828 2748

			Align 13: 763200 763280 scaffold-2574 2828 2748
				Gap between this and next alignment: 763280 to 1521274 (757993 bp)
				Next Alignment: 1521274 1522289 scaffold-11095 1016 1

			Align 14: 1521274 1522289 scaffold-11095 1016 1
				Gap between this and next alignment: 1522289 to 3326271 (1803981 bp)
				Next Alignment: 3326271 3326651 scaffold-283 8277 7897

			Align 15: 3326271 3326651 scaffold-283 8277 7897
				Gap between this and next alignment: 3326651 to 3408654 (82002 bp)
				Next Alignment: 3408654 3409349 scaffold-872 3771 4466

			Align 16: 3408654 3409349 scaffold-872 3771 4466
				Gap between this and next alignment: 3409349 to 3409526 (176 bp)
				Next Alignment: 3409526 3410286 scaffold-872 4781 5541

			Align 17: 3409526 3410286 scaffold-872 4781 5541
				Gap between this and next alignment: 3410286 to 3425491 (15204 bp)
				Next Alignment: 3425491 3439677 scaffold-2589 14187 1

			Align 18: 3425491 3439677 scaffold-2589 14187 1
			END in gap: 3439677 to 5277274 (1837597 bp)

Analysis is finished!
Founded SNPs were written into /Molly/gurevich/MetaQUAST/res_final/res_metahit_final/runs_per_reference/Bacteroides_fragilis_YCH46/contigs_reports/nucmer_output/Ray.used_snps

Results:
	Local Misassemblies: 0
	Misassemblies: 0
		Relocations: 0
		Translocations: 0
		Inversions: 0
	Fake misassemblies matched with structural variations: 0
	Misassembled Contigs: 0
	Misassembled Contig Bases: 0
	Misassemblies Inter-Contig Overlap: 0
Uncovered Regions: 0 (0)
Unaligned Contigs: 0 + 3 part
Partially Unaligned Contigs with Misassemblies: 1
Unaligned Contig Bases: 18630

Ambiguously Mapped Contigs: 0
Total Bases in Ambiguously Mapped Contigs: 0
Note that --allow-ambiguity option was set to "one" and only first alignment per each contig was used.

	Covered Bases: 32895

	SNPs: 81
	Insertions: 3
	Deletions: 0

	Positive Gaps: 18
		Internal Gaps:  1
		External Gaps:  17
		External Gap Total:  5244203
		External Gap Average: 308483
	Negative Gaps: 1
		Internal Overlaps:  0
		External Overlaps:  1
		External Overlaps Total: -521
		External Overlaps Average: -521
	Contigs with Redundant Alignments: 0 (0)
