Aligning contigs to reference...
	Running Nucmer
Parsing coords...
Loading reference...
	Loaded [Veillonella_atypica_KON_gi_444381508_ref_NZ_]
	Loaded [Veillonella_atypica_KON_gi_444381509_ref_NZ_]
	Loaded [Veillonella_atypica_KON_gi_444381510_ref_NZ_]
	Loaded [Veillonella_atypica_KON_gi_444381511_ref_NZ_]
	Loaded [Veillonella_atypica_KON_gi_444381512_ref_NZ_]
	Loaded [Veillonella_atypica_KON_gi_444381513_ref_NZ_]
	Loaded [Veillonella_atypica_KON_gi_444381519_ref_NZ_]
	Loaded [Veillonella_atypica_KON_gi_444381534_ref_NZ_]
	Loaded [Veillonella_atypica_KON_gi_444381535_ref_NZ_]
	Loaded [Veillonella_atypica_KON_gi_444381536_ref_NZ_]
	Loaded [Veillonella_atypica_KON_gi_444381537_ref_NZ_]
	Loaded [Veillonella_atypica_KON_gi_444381538_ref_NZ_]
	Loaded [Veillonella_atypica_KON_gi_444381539_ref_NZ_]
	Loaded [Veillonella_atypica_KON_gi_444381540_ref_NZ_]
	Loaded [Veillonella_atypica_KON_gi_444381541_ref_NZ_]
	Loaded [Veillonella_atypica_KON_gi_444381542_ref_NZ_]
	Loaded [Veillonella_atypica_KON_gi_444381543_ref_NZ_]
	Loaded [Veillonella_atypica_KON_gi_444381544_ref_NZ_]
	Loaded [Veillonella_atypica_KON_gi_444381545_ref_NZ_]
	Loaded [Veillonella_atypica_KON_gi_444381546_ref_NZ_]
	Loaded [Veillonella_atypica_KON_gi_444381547_ref_NZ_]
	Loaded [Veillonella_atypica_KON_gi_444381548_ref_NZ_]
	Loaded [Veillonella_atypica_KON_gi_444381549_ref_NZ_]
	Loaded [Veillonella_atypica_KON_gi_444381550_ref_NZ_]
	Loaded [Veillonella_atypica_KON_gi_444381551_ref_NZ_]
	Loaded [Veillonella_atypica_KON_gi_444381552_ref_NZ_]
	Loaded [Veillonella_atypica_KON_gi_444381555_ref_NZ_]
	Loaded [Veillonella_atypica_KON_gi_444381576_ref_NZ_]
	Loaded [Veillonella_atypica_KON_gi_444381577_ref_NZ_]
	Loaded [Veillonella_atypica_KON_gi_444381578_ref_NZ_]
	Loaded [Veillonella_atypica_KON_gi_444381579_ref_NZ_]
	Loaded [Veillonella_atypica_KON_gi_444381580_ref_NZ_]
	Loaded [Veillonella_atypica_KON_gi_444381581_ref_NZ_]
	Loaded [Veillonella_atypica_KON_gi_444381582_ref_NZ_]
	Loaded [Veillonella_atypica_KON_gi_444381583_ref_NZ_]
	Loaded [Veillonella_atypica_KON_gi_444381584_ref_NZ_]
	Loaded [Veillonella_atypica_KON_gi_444381585_ref_NZ_]
	Loaded [Veillonella_atypica_KON_gi_444381586_ref_NZ_]
	Loaded [Veillonella_atypica_KON_gi_444381587_ref_NZ_]
	Loaded [Veillonella_atypica_KON_gi_444381607_ref_NZ_]
	Loaded [Veillonella_atypica_KON_gi_444381608_ref_NZ_]
Loading SNPs...
Loading regions...
	No regions given, using whole reference.
	Total Regions: 41
	Total Region Length: 2002578
Analyzing contigs...
CONTIG: scaffold4426_17.5 (2140bp)
Top Length: 148  Top ID: 99.32
		This contig is partially unaligned. (Aligned 148 out of 2140 bases)
		Alignment: 93604 93751 | 1494 1347 | 148 148 | 99.32 | Veillonella_atypica_KON_gi_444381583_ref_NZ_ scaffold4426_17.5
		Unaligned bases: 1 to 1346 (1346)
		Unaligned bases: 1495 to 2140 (646)

CONTIG: C872952__5.0 (1508bp)
Top Length: 1293  Top ID: 99.61
		This contig is misassembled. 2 total aligns.
			Excluding internal overlap of size 11 between Alignment 1 and 2:  1 226 | 1283 1508 | 226 226 --> 12 226 | 1294 1508 | 215 215
			Real Alignment 1: 1 1293 | 1293 1 | 1293 1293 | 99.61 | Veillonella_atypica_KON_gi_444381536_ref_NZ_ C872952__5.0
			  Extensive misassembly ( translocation ) between these two alignments
			Real Alignment 2: 12 226 | 1294 1508 | 215 215 | 100.0 | Veillonella_atypica_KON_gi_444381586_ref_NZ_ C872952__5.0

CONTIG: scaffold12047_38.0 (5873bp)
Top Length: 291  Top ID: 97.59
		This contig is partially unaligned. (Aligned 291 out of 5873 bases)
		Alignment: 6799 7089 | 5873 5583 | 291 291 | 97.59 | Veillonella_atypica_KON_gi_444381538_ref_NZ_ scaffold12047_38.0
		Unaligned bases: 1 to 5582 (5582)

CONTIG: scaffold25603__7.8 (836bp)
Top Length: 226  Top ID: 98.23
		This contig is partially unaligned. (Aligned 226 out of 836 bases)
		Alignment: 7591 7816 | 1 226 | 226 226 | 98.23 | Veillonella_atypica_KON_gi_444381538_ref_NZ_ scaffold25603__7.8
		Unaligned bases: 227 to 836 (610)

CONTIG: scaffold15502_27.7 (984bp)
Top Length: 169  Top ID: 98.22
		This contig is partially unaligned. (Aligned 169 out of 984 bases)
		Alignment: 1670 1838 | 1 169 | 169 169 | 98.22 | Veillonella_atypica_KON_gi_444381542_ref_NZ_ scaffold15502_27.7
		Unaligned bases: 170 to 984 (815)

CONTIG: scaffold18016_31.3 (737bp)
Top Length: 145  Top ID: 100.0
		This contig is partially unaligned. (Aligned 145 out of 737 bases)
		Alignment: 5168 5312 | 533 389 | 145 145 | 100.0 | Veillonella_atypica_KON_gi_444381542_ref_NZ_ scaffold18016_31.3
		Unaligned bases: 1 to 388 (388)
		Unaligned bases: 534 to 737 (204)

CONTIG: scaffold2952_14.6 (735bp)
Top Length: 114  Top ID: 98.25
		This contig is partially unaligned. (Aligned 114 out of 735 bases)
		Alignment: 2586 2699 | 1 114 | 114 114 | 98.25 | Veillonella_atypica_KON_gi_444381519_ref_NZ_ scaffold2952_14.6
		Unaligned bases: 115 to 735 (621)

CONTIG: scaffold4838_20.5 (1914bp)
Top Length: 439  Top ID: 95.67
		This contig is misassembled. 2 total aligns.
			Warning! This contig is more unaligned than misassembled. Contig length is 1914 and total length of all aligns is 619
		Alignment: 41216 41395 | 181 2 | 180 180 | 96.67 | Veillonella_atypica_KON_gi_444381546_ref_NZ_ scaffold4838_20.5
		Alignment: 40502 40931 | 905 467 | 430 439 | 95.67 | Veillonella_atypica_KON_gi_444381546_ref_NZ_ scaffold4838_20.5
		Unaligned bases: 1295
		This contig has both significant aligned and unaligned parts (of length >= min-contig)! It can contain interspecies translocations
CONTIG: scaffold15344__1.8 (767bp)
Top Length: 272  Top ID: 99.26
		This contig is misassembled. 2 total aligns.
			Real Alignment 1: 17021 17292 | 272 1 | 272 272 | 99.26 | Veillonella_atypica_KON_gi_444381546_ref_NZ_ scaffold15344__1.8
			  Fake misassembly between these two alignments: inconsistency = 58 , gap in the contig is small or absent or filled mostly with Ns (long indel: deletion of length 58; 0 mismatches)
			Real Alignment 2: 16795 16916 | 440 319 | 122 122 | 95.08 | Veillonella_atypica_KON_gi_444381546_ref_NZ_ scaffold15344__1.8

CONTIG: scaffold2086_18.9 (5609bp)
Top Length: 126  Top ID: 100.0
		This contig is partially unaligned. (Aligned 126 out of 5609 bases)
		Alignment: 32076 32201 | 4386 4511 | 126 126 | 100.0 | Veillonella_atypica_KON_gi_444381540_ref_NZ_ scaffold2086_18.9
		Unaligned bases: 1 to 4385 (4385)
		Unaligned bases: 4512 to 5609 (1098)

CONTIG: scaffold4700_28.1 (884bp)
Top Length: 155  Top ID: 97.42
		This contig is partially unaligned. (Aligned 155 out of 884 bases)
		Alignment: 41061 41215 | 538 692 | 155 155 | 97.42 | Veillonella_atypica_KON_gi_444381540_ref_NZ_ scaffold4700_28.1
		Unaligned bases: 1 to 537 (537)
		Unaligned bases: 693 to 884 (192)

CONTIG: C822562_120.0 (520bp)
Top Length: 520  Top ID: 98.85
		One align captures most of this contig: 134234 134753 | 1 520 | 520 520 | 98.85 | Veillonella_atypica_KON_gi_444381540_ref_NZ_ C822562_120.0

CONTIG: C842200__3.0 (645bp)
Top Length: 250  Top ID: 95.2
		This contig is partially unaligned. (Aligned 250 out of 645 bases)
		Alignment: 124848 125097 | 1 250 | 250 250 | 95.2 | Veillonella_atypica_KON_gi_444381540_ref_NZ_ C842200__3.0
		Unaligned bases: 251 to 645 (395)

CONTIG: C856756_17.0 (833bp)
Top Length: 833  Top ID: 98.2
		One align captures most of this contig: 160902 161734 | 833 1 | 833 833 | 98.2 | Veillonella_atypica_KON_gi_444381540_ref_NZ_ C856756_17.0

CONTIG: C857542_17.0 (848bp)
Top Length: 848  Top ID: 96.82
		One align captures most of this contig: 160063 160910 | 848 1 | 848 848 | 96.82 | Veillonella_atypica_KON_gi_444381540_ref_NZ_ C857542_17.0

CONTIG: C859002_18.0 (877bp)
Top Length: 877  Top ID: 98.75
		One align captures most of this contig: 161973 162849 | 1 877 | 877 877 | 98.75 | Veillonella_atypica_KON_gi_444381540_ref_NZ_ C859002_18.0

CONTIG: C863590_13.0 (999bp)
Top Length: 630  Top ID: 98.89
		This contig is partially unaligned. (Aligned 630 out of 999 bases)
		Alignment: 163633 164262 | 1 630 | 630 630 | 98.89 | Veillonella_atypica_KON_gi_444381540_ref_NZ_ C863590_13.0
		Unaligned bases: 631 to 999 (369)

CONTIG: scaffold1521_12.9 (820bp)
Top Length: 110  Top ID: 99.09
		This contig is partially unaligned. (Aligned 110 out of 820 bases)
		Alignment: 75756 75865 | 110 1 | 110 110 | 99.09 | Veillonella_atypica_KON_gi_444381608_ref_NZ_ scaffold1521_12.9
		Unaligned bases: 111 to 820 (710)

CONTIG: scaffold4226_23.6 (1781bp)
Top Length: 734  Top ID: 96.73
		This contig is partially unaligned. (Aligned 734 out of 1781 bases)
		Alignment: 72671 73404 | 1244 511 | 734 734 | 96.73 | Veillonella_atypica_KON_gi_444381608_ref_NZ_ scaffold4226_23.6
		Unaligned bases: 1 to 510 (510)
		Unaligned bases: 1245 to 1781 (537)
		This contig has both significant aligned and unaligned parts (of length >= min-contig)! It can contain interspecies translocations

CONTIG: scaffold6823_25.6 (692bp)
Top Length: 141  Top ID: 97.16
		This contig is partially unaligned. (Aligned 141 out of 692 bases)
		Alignment: 43110 43250 | 692 552 | 141 141 | 97.16 | Veillonella_atypica_KON_gi_444381608_ref_NZ_ scaffold6823_25.6
		Unaligned bases: 1 to 551 (551)

CONTIG: scaffold28800__6.3 (609bp)
Top Length: 279  Top ID: 96.42
		This contig is partially unaligned. (Aligned 279 out of 609 bases)
		Alignment: 78986 79264 | 331 609 | 279 279 | 96.42 | Veillonella_atypica_KON_gi_444381608_ref_NZ_ scaffold28800__6.3
		Unaligned bases: 1 to 330 (330)

CONTIG: C822502__2.0 (519bp)
Top Length: 519  Top ID: 98.84
		One align captures most of this contig: 224 742 | 1 519 | 519 519 | 98.84 | Veillonella_atypica_KON_gi_444381608_ref_NZ_ C822502__2.0

CONTIG: C826030__1.0 (536bp)
Top Length: 536  Top ID: 98.13
		One align captures most of this contig: 33886 34421 | 1 536 | 536 536 | 98.13 | Veillonella_atypica_KON_gi_444381608_ref_NZ_ C826030__1.0

CONTIG: C848016_110.0 (706bp)
Top Length: 705  Top ID: 96.88
		One align captures most of this contig: 76911 77615 | 2 706 | 705 705 | 96.88 | Veillonella_atypica_KON_gi_444381608_ref_NZ_ C848016_110.0

CONTIG: scaffold6367_19.0 (979bp)
Top Length: 723  Top ID: 97.65
		This contig is misassembled. 2 total aligns.
			Real Alignment 1: 46608 47330 | 1 723 | 723 723 | 97.65 | Veillonella_atypica_KON_gi_444381535_ref_NZ_ scaffold6367_19.0
			  Fake misassembly between these two alignments: inconsistency = -55 , gap in the contig is small or absent or filled mostly with Ns (long indel: insertion of length 55; 30 mismatches)
			Real Alignment 2: 47416 47531 | 864 979 | 116 116 | 100.0 | Veillonella_atypica_KON_gi_444381535_ref_NZ_ scaffold6367_19.0

CONTIG: C850870_17.0 (742bp)
Top Length: 742  Top ID: 95.69
		One align captures most of this contig: 45784 46525 | 1 742 | 742 742 | 95.69 | Veillonella_atypica_KON_gi_444381535_ref_NZ_ C850870_17.0

CONTIG: scaffold944_22.6 (1336bp)
Top Length: 299  Top ID: 96.66
		This contig is misassembled. 2 total aligns.
			Warning! This contig is more unaligned than misassembled. Contig length is 1336 and total length of all aligns is 525
		Alignment: 23254 23479 | 226 1 | 226 226 | 97.79 | Veillonella_atypica_KON_gi_444381555_ref_NZ_ scaffold944_22.6
		Alignment: 22513 22811 | 1085 787 | 299 299 | 96.66 | Veillonella_atypica_KON_gi_444381555_ref_NZ_ scaffold944_22.6
		Unaligned bases: 811
		This contig has both significant aligned and unaligned parts (of length >= min-contig)! It can contain interspecies translocations
CONTIG: scaffold5421_19.0 (7279bp)
Top Length: 168  Top ID: 96.43
		This contig is partially unaligned. (Aligned 168 out of 7279 bases)
		Alignment: 31521 31688 | 7112 7279 | 168 168 | 96.43 | Veillonella_atypica_KON_gi_444381555_ref_NZ_ scaffold5421_19.0
		Unaligned bases: 1 to 7111 (7111)

CONTIG: scaffold16542_24.5 (869bp)
Top Length: 186  Top ID: 97.31
		This contig is partially unaligned. (Aligned 186 out of 869 bases)
		Alignment: 18987 19172 | 384 199 | 186 186 | 97.31 | Veillonella_atypica_KON_gi_444381555_ref_NZ_ scaffold16542_24.5
		Unaligned bases: 1 to 198 (198)
		Unaligned bases: 385 to 869 (485)

CONTIG: scaffold28717_37.4 (623bp)
Top Length: 299  Top ID: 97.32
		This contig is partially unaligned. (Aligned 299 out of 623 bases)
		Alignment: 22513 22811 | 623 325 | 299 299 | 97.32 | Veillonella_atypica_KON_gi_444381555_ref_NZ_ scaffold28717_37.4
		Unaligned bases: 1 to 324 (324)

CONTIG: C839790_142.0 (625bp)
Top Length: 625  Top ID: 99.04
		One align captures most of this contig: 138071 138695 | 625 1 | 625 625 | 99.04 | Veillonella_atypica_KON_gi_444381555_ref_NZ_ C839790_142.0

CONTIG: scaffold309_23.2 (872bp)
Top Length: 258  Top ID: 99.22
		This contig is misassembled. 3 total aligns.
			Real Alignment 1: 17822 18079 | 423 166 | 258 258 | 99.22 | Veillonella_atypica_KON_gi_444381548_ref_NZ_ scaffold309_23.2
			  Gap between these two alignments (local misassembly). Inconsistency = 190 
			Real Alignment 2: 17324 17578 | 731 477 | 255 255 | 99.22 | Veillonella_atypica_KON_gi_444381548_ref_NZ_ scaffold309_23.2
			  Gap between these two alignments (local misassembly). Inconsistency = 103 
			Real Alignment 3: 17080 17190 | 872 762 | 111 111 | 98.2 | Veillonella_atypica_KON_gi_444381548_ref_NZ_ scaffold309_23.2

CONTIG: scaffold6044_25.6 (542bp)
Top Length: 90  Top ID: 98.89
		This contig is partially unaligned. (Aligned 90 out of 542 bases)
		Alignment: 18944 19033 | 453 542 | 90 90 | 98.89 | Veillonella_atypica_KON_gi_444381548_ref_NZ_ scaffold6044_25.6
		Unaligned bases: 1 to 452 (452)

CONTIG: scaffold4560_16.4 (2600bp)
Top Length: 286  Top ID: 95.45
		This contig is partially unaligned. (Aligned 286 out of 2600 bases)
		Alignment: 60001 60286 | 261 546 | 286 286 | 95.45 | Veillonella_atypica_KON_gi_444381579_ref_NZ_ scaffold4560_16.4
		Unaligned bases: 1 to 260 (260)
		Unaligned bases: 547 to 2600 (2054)

CONTIG: scaffold8415_32.9 (5223bp)
Top Length: 204  Top ID: 96.57
		This contig is partially unaligned. (Aligned 204 out of 5223 bases)
		Alignment: 162106 162309 | 2289 2492 | 204 204 | 96.57 | Veillonella_atypica_KON_gi_444381579_ref_NZ_ scaffold8415_32.9
		Unaligned bases: 1 to 2288 (2288)
		Unaligned bases: 2493 to 5223 (2731)

CONTIG: scaffold28399_36.0 (2092bp)
Top Length: 243  Top ID: 95.47
		This contig is partially unaligned. (Aligned 243 out of 2092 bases)
		Alignment: 157201 157443 | 535 293 | 243 243 | 95.47 | Veillonella_atypica_KON_gi_444381579_ref_NZ_ scaffold28399_36.0
		Unaligned bases: 1 to 292 (292)
		Unaligned bases: 536 to 2092 (1557)

CONTIG: C818546__2.0 (502bp)
Top Length: 502  Top ID: 97.81
		One align captures most of this contig: 289883 290384 | 502 1 | 502 502 | 97.81 | Veillonella_atypica_KON_gi_444381579_ref_NZ_ C818546__2.0

CONTIG: C821994_16.0 (517bp)
Top Length: 517  Top ID: 96.13
		One align captures most of this contig: 158105 158621 | 1 517 | 517 517 | 96.13 | Veillonella_atypica_KON_gi_444381579_ref_NZ_ C821994_16.0

CONTIG: scaffold12374_19.4 (4489bp)
Top Length: 284  Top ID: 95.44
		This contig is partially unaligned. (Aligned 284 out of 4489 bases)
		Alignment: 24272 24556 | 4206 4489 | 285 284 | 95.44 | Veillonella_atypica_KON_gi_444381587_ref_NZ_ scaffold12374_19.4
		Unaligned bases: 1 to 4205 (4205)

CONTIG: scaffold455_15.7 (3185bp)
Top Length: 148  Top ID: 95.95
		This contig is partially unaligned. (Aligned 148 out of 3185 bases)
		Alignment: 116203 116350 | 1874 2021 | 148 148 | 95.95 | Veillonella_atypica_KON_gi_444381584_ref_NZ_ scaffold455_15.7
		Unaligned bases: 1 to 1873 (1873)
		Unaligned bases: 2022 to 3185 (1164)

CONTIG: scaffold1914_20.2 (1550bp)
Top Length: 857  Top ID: 95.33
		This contig is misassembled. 2 total aligns.
			Real Alignment 1: 167411 168262 | 1243 387 | 852 857 | 95.33 | Veillonella_atypica_KON_gi_444381584_ref_NZ_ scaffold1914_20.2
			  Gap between these two alignments (local misassembly). Inconsistency = 42 
			Real Alignment 2: 167062 167203 | 1550 1409 | 142 142 | 96.48 | Veillonella_atypica_KON_gi_444381584_ref_NZ_ scaffold1914_20.2
		This contig has significant unaligned parts (of length >= min-contig)! It can contain interspecies translocations

CONTIG: scaffold2017_16.4 (1056bp)
Top Length: 119  Top ID: 99.16
		This contig is partially unaligned. (Aligned 119 out of 1056 bases)
		Alignment: 123005 123123 | 601 719 | 119 119 | 99.16 | Veillonella_atypica_KON_gi_444381584_ref_NZ_ scaffold2017_16.4
		Unaligned bases: 1 to 600 (600)
		Unaligned bases: 720 to 1056 (337)

CONTIG: scaffold4829_21.1 (1700bp)
Top Length: 202  Top ID: 95.54
		This contig is partially unaligned. (Aligned 202 out of 1700 bases)
		Alignment: 54995 55196 | 635 836 | 202 202 | 95.54 | Veillonella_atypica_KON_gi_444381584_ref_NZ_ scaffold4829_21.1
		Unaligned bases: 1 to 634 (634)
		Unaligned bases: 837 to 1700 (864)

CONTIG: scaffold11829_19.1 (2957bp)
Top Length: 178  Top ID: 95.51
		This contig is partially unaligned. (Aligned 178 out of 2957 bases)
		Alignment: 84410 84587 | 178 1 | 178 178 | 95.51 | Veillonella_atypica_KON_gi_444381584_ref_NZ_ scaffold11829_19.1
		Unaligned bases: 179 to 2957 (2779)

CONTIG: scaffold18071_27.9 (695bp)
Top Length: 466  Top ID: 95.92
		This contig is partially unaligned. (Aligned 466 out of 695 bases)
		Alignment: 105986 106451 | 230 695 | 466 466 | 95.92 | Veillonella_atypica_KON_gi_444381584_ref_NZ_ scaffold18071_27.9
		Unaligned bases: 1 to 229 (229)

CONTIG: scaffold20950_19.0 (697bp)
Top Length: 196  Top ID: 98.98
		This contig is partially unaligned. (Aligned 196 out of 697 bases)
		Alignment: 166556 166751 | 196 1 | 196 196 | 98.98 | Veillonella_atypica_KON_gi_444381584_ref_NZ_ scaffold20950_19.0
		Unaligned bases: 197 to 697 (501)

CONTIG: scaffold7005_15.6 (1138bp)
Top Length: 158  Top ID: 98.73
		This contig is partially unaligned. (Aligned 158 out of 1138 bases)
		Alignment: 18210 18367 | 1 158 | 158 158 | 98.73 | Veillonella_atypica_KON_gi_444381511_ref_NZ_ scaffold7005_15.6
		Unaligned bases: 159 to 1138 (980)

CONTIG: C875714__4.0 (1841bp)
Top Length: 1690  Top ID: 97.69
		This contig is partially unaligned. (Aligned 1690 out of 1841 bases)
		Alignment: 5667 7356 | 1690 1 | 1690 1690 | 97.69 | Veillonella_atypica_KON_gi_444381511_ref_NZ_ C875714__4.0
		Unaligned bases: 1691 to 1841 (151)

CONTIG: scaffold4548_19.6 (2515bp)
Top Length: 181  Top ID: 100.0
		This contig is partially unaligned. (Aligned 181 out of 2515 bases)
		Alignment: 155866 156046 | 1079 1259 | 181 181 | 100.0 | Veillonella_atypica_KON_gi_444381508_ref_NZ_ scaffold4548_19.6
		Unaligned bases: 1 to 1078 (1078)
		Unaligned bases: 1260 to 2515 (1256)

CONTIG: scaffold8358_26.9 (885bp)
Top Length: 231  Top ID: 97.4
		This contig is partially unaligned. (Aligned 231 out of 885 bases)
		Alignment: 66914 67144 | 239 9 | 231 231 | 97.4 | Veillonella_atypica_KON_gi_444381508_ref_NZ_ scaffold8358_26.9
		Unaligned bases: 1 to 8 (8)
		Unaligned bases: 240 to 885 (646)

CONTIG: C819728__2.0 (507bp)
Top Length: 507  Top ID: 100.0
		One align captures most of this contig: 151051 151557 | 1 507 | 507 507 | 100.0 | Veillonella_atypica_KON_gi_444381508_ref_NZ_ C819728__2.0

CONTIG: C823908__1.0 (526bp)
Top Length: 526  Top ID: 99.05
		One align captures most of this contig: 123437 123962 | 526 1 | 526 526 | 99.05 | Veillonella_atypica_KON_gi_444381508_ref_NZ_ C823908__1.0

CONTIG: C828092__3.0 (547bp)
Top Length: 547  Top ID: 98.54
		One align captures most of this contig: 46376 46922 | 1 547 | 547 547 | 98.54 | Veillonella_atypica_KON_gi_444381508_ref_NZ_ C828092__3.0

CONTIG: scaffold8502_29.4 (1007bp)
Top Length: 516  Top ID: 95.54
		This contig is partially unaligned. (Aligned 516 out of 1007 bases)
		Alignment: 22517 23032 | 342 857 | 516 516 | 95.54 | Veillonella_atypica_KON_gi_444381509_ref_NZ_ scaffold8502_29.4
		Unaligned bases: 1 to 341 (341)
		Unaligned bases: 858 to 1007 (150)

CONTIG: C879250_62.0 (2791bp)
Top Length: 2791  Top ID: 99.61
		One align captures most of this contig: 11620 14410 | 1 2791 | 2791 2791 | 99.61 | Veillonella_atypica_KON_gi_444381509_ref_NZ_ C879250_62.0

CONTIG: C820480_52.0 (510bp)
Top Length: 507  Top ID: 96.65
		One align captures most of this contig: 4077 4583 | 4 510 | 507 507 | 96.65 | Veillonella_atypica_KON_gi_444381580_ref_NZ_ C820480_52.0

CONTIG: scaffold466_19.0 (1017bp)
Top Length: 616  Top ID: 98.21
		This contig is partially unaligned. (Aligned 616 out of 1017 bases)
		Alignment: 70204 70819 | 1 616 | 616 616 | 98.21 | Veillonella_atypica_KON_gi_444381607_ref_NZ_ scaffold466_19.0
		Unaligned bases: 617 to 1017 (401)

CONTIG: scaffold2402_19.5 (655bp)
Top Length: 114  Top ID: 99.12
		This contig is misassembled. 2 total aligns.
			Warning! This contig is more unaligned than misassembled. Contig length is 655 and total length of all aligns is 222
		Alignment: 113988 114101 | 114 1 | 114 114 | 99.12 | Veillonella_atypica_KON_gi_444381607_ref_NZ_ scaffold2402_19.5
		Alignment: 113475 113582 | 654 547 | 108 108 | 98.15 | Veillonella_atypica_KON_gi_444381607_ref_NZ_ scaffold2402_19.5
		Unaligned bases: 433
CONTIG: scaffold2835_16.2 (5562bp)
Top Length: 132  Top ID: 96.21
		This contig is misassembled. 2 total aligns.
			Warning! This contig is more unaligned than misassembled. Contig length is 5562 and total length of all aligns is 198
		Alignment: 44441 44506 | 4873 4938 | 66 66 | 100.0 | Veillonella_atypica_KON_gi_444381607_ref_NZ_ scaffold2835_16.2
		Alignment: 45128 45259 | 5431 5562 | 132 132 | 96.21 | Veillonella_atypica_KON_gi_444381607_ref_NZ_ scaffold2835_16.2
		Unaligned bases: 5364
CONTIG: scaffold4184_25.7 (939bp)
Top Length: 124  Top ID: 99.19
		This contig is partially unaligned. (Aligned 124 out of 939 bases)
		Alignment: 8677 8800 | 124 1 | 124 124 | 99.19 | Veillonella_atypica_KON_gi_444381607_ref_NZ_ scaffold4184_25.7
		Unaligned bases: 125 to 939 (815)

CONTIG: scaffold6014_37.9 (1024bp)
Top Length: 96  Top ID: 95.83
		This contig is partially unaligned. (Aligned 96 out of 1024 bases)
		Alignment: 101800 101895 | 1023 928 | 96 96 | 95.83 | Veillonella_atypica_KON_gi_444381607_ref_NZ_ scaffold6014_37.9
		Unaligned bases: 1 to 927 (927)
		Unaligned bases: 1024 to 1024 (1)

CONTIG: scaffold8063_38.2 (1300bp)
Top Length: 573  Top ID: 96.34
		This contig is misassembled. 2 total aligns.
			Warning! This contig is more unaligned than misassembled. Contig length is 1300 and total length of all aligns is 644
		Alignment: 52454 53026 | 220 792 | 573 573 | 96.34 | Veillonella_atypica_KON_gi_444381607_ref_NZ_ scaffold8063_38.2
		Alignment: 53411 53481 | 989 1059 | 71 71 | 100.0 | Veillonella_atypica_KON_gi_444381607_ref_NZ_ scaffold8063_38.2
		Unaligned bases: 656
		This contig has both significant aligned and unaligned parts (of length >= min-contig)! It can contain interspecies translocations
CONTIG: scaffold20097_11.9 (1490bp)
Top Length: 217  Top ID: 99.08
		This contig is partially unaligned. (Aligned 217 out of 1490 bases)
		Alignment: 20913 21129 | 1 217 | 217 217 | 99.08 | Veillonella_atypica_KON_gi_444381607_ref_NZ_ scaffold20097_11.9
		Unaligned bases: 218 to 1490 (1273)

CONTIG: scaffold25944__3.4 (543bp)
Top Length: 230  Top ID: 97.39
		This contig is partially unaligned. (Aligned 230 out of 543 bases)
		Alignment: 135503 135732 | 230 1 | 230 230 | 97.39 | Veillonella_atypica_KON_gi_444381607_ref_NZ_ scaffold25944__3.4
		Unaligned bases: 231 to 543 (313)

CONTIG: C822574_60.0 (520bp)
Top Length: 350  Top ID: 98.57
		This contig is partially unaligned. (Aligned 350 out of 520 bases)
		Alignment: 13937 14286 | 171 520 | 350 350 | 98.57 | Veillonella_atypica_KON_gi_444381607_ref_NZ_ C822574_60.0
		Unaligned bases: 1 to 170 (170)

CONTIG: C831672_96.0 (569bp)
Top Length: 569  Top ID: 98.24
		One align captures most of this contig: 114117 114685 | 1 569 | 569 569 | 98.24 | Veillonella_atypica_KON_gi_444381607_ref_NZ_ C831672_96.0

CONTIG: C833234_63.0 (579bp)
Top Length: 579  Top ID: 96.03
		One align captures most of this contig: 68705 69283 | 579 1 | 579 579 | 96.03 | Veillonella_atypica_KON_gi_444381607_ref_NZ_ C833234_63.0

Analyzing coverage...
Writing SNPs into /Molly/gurevich/MetaQUAST/res_final/res_hmp_final/runs_per_reference/Veillonella_atypica_KON/contigs_reports/nucmer_output/SOAPdenovo2.used_snps
	Reference Veillonella_atypica_KON_gi_444381555_ref_NZ_: 6 total alignments. 1 total regions.
		Region: 1 to 138871 (138871 bp)
			START in gap: 1 to 18987 (18986 bp)
			Align 1: 18987 19172 scaffold16542_24.5 384 199
				Gap between this and next alignment: 19172 to 22513 (3340 bp)
				Next Alignment: 22513 22811 scaffold944_22.6 1085 787

			Align 2: 22513 22811 scaffold944_22.6 1085 787
				The next alignment (22513 22811 scaffold28717_37.4 623 325) is redundant. Skipping.
				Gap between this and next alignment: 22811 to 23254 (442 bp)
				Next Alignment: 23254 23479 scaffold944_22.6 226 1

			Align 4: 23254 23479 scaffold944_22.6 226 1
				Gap between this and next alignment: 23479 to 31521 (8041 bp)
				Next Alignment: 31521 31688 scaffold5421_19.0 7112 7279

			Align 5: 31521 31688 scaffold5421_19.0 7112 7279
				Gap between this and next alignment: 31688 to 138071 (106382 bp)
				Next Alignment: 138071 138695 C839790_142.0 625 1

			Align 6: 138071 138695 C839790_142.0 625 1
			END in gap: 138695 to 138871 (176 bp)

	Reference Veillonella_atypica_KON_gi_444381584_ref_NZ_: 8 total alignments. 1 total regions.
		Region: 1 to 180425 (180425 bp)
			START in gap: 1 to 54995 (54994 bp)
			Align 1: 54995 55196 scaffold4829_21.1 635 836
				Gap between this and next alignment: 55196 to 84410 (29213 bp)
				Next Alignment: 84410 84587 scaffold11829_19.1 178 1

			Align 2: 84410 84587 scaffold11829_19.1 178 1
				Gap between this and next alignment: 84587 to 105986 (21398 bp)
				Next Alignment: 105986 106451 scaffold18071_27.9 230 695

			Align 3: 105986 106451 scaffold18071_27.9 230 695
				Gap between this and next alignment: 106451 to 116203 (9751 bp)
				Next Alignment: 116203 116350 scaffold455_15.7 1874 2021

			Align 4: 116203 116350 scaffold455_15.7 1874 2021
				Gap between this and next alignment: 116350 to 123005 (6654 bp)
				Next Alignment: 123005 123123 scaffold2017_16.4 601 719

			Align 5: 123005 123123 scaffold2017_16.4 601 719
				Gap between this and next alignment: 123123 to 166556 (43432 bp)
				Next Alignment: 166556 166751 scaffold20950_19.0 196 1

			Align 6: 166556 166751 scaffold20950_19.0 196 1
				Gap between this and next alignment: 166751 to 167062 (310 bp)
				Next Alignment: 167062 167203 scaffold1914_20.2 1550 1409

			Align 7: 167062 167203 scaffold1914_20.2 1550 1409
				Gap between this and next alignment: 167203 to 167411 (207 bp)
				Next Alignment: 167411 168262 scaffold1914_20.2 1243 387

			Align 8: 167411 168262 scaffold1914_20.2 1243 387
			END in gap: 168262 to 180425 (12163 bp)

	Reference Veillonella_atypica_KON_gi_444381583_ref_NZ_: 1 total alignments. 1 total regions.
		Region: 1 to 106803 (106803 bp)
			START in gap: 1 to 93604 (93603 bp)
			Align 1: 93604 93751 scaffold4426_17.5 1494 1347
			END in gap: 93751 to 106803 (13052 bp)

	Reference Veillonella_atypica_KON_gi_444381508_ref_NZ_: 5 total alignments. 1 total regions.
		Region: 1 to 166832 (166832 bp)
			START in gap: 1 to 46376 (46375 bp)
			Align 1: 46376 46922 C828092__3.0 1 547
				Gap between this and next alignment: 46922 to 66914 (19991 bp)
				Next Alignment: 66914 67144 scaffold8358_26.9 239 9

			Align 2: 66914 67144 scaffold8358_26.9 239 9
				Gap between this and next alignment: 67144 to 123437 (56292 bp)
				Next Alignment: 123437 123962 C823908__1.0 526 1

			Align 3: 123437 123962 C823908__1.0 526 1
				Gap between this and next alignment: 123962 to 151051 (27088 bp)
				Next Alignment: 151051 151557 C819728__2.0 1 507

			Align 4: 151051 151557 C819728__2.0 1 507
				Gap between this and next alignment: 151557 to 155866 (4308 bp)
				Next Alignment: 155866 156046 scaffold4548_19.6 1079 1259

			Align 5: 155866 156046 scaffold4548_19.6 1079 1259
			END in gap: 156046 to 166832 (10786 bp)

ERROR: Reference Veillonella_atypica_KON_gi_444381539_ref_NZ_ does not have any alignments!  Check that this is the same file used for alignment.
ERROR: Alignment Reference Headers: ['Veillonella_atypica_KON_gi_444381538_ref_NZ_', 'Veillonella_atypica_KON_gi_444381584_ref_NZ_', 'Veillonella_atypica_KON_gi_444381542_ref_NZ_', 'Veillonella_atypica_KON_gi_444381535_ref_NZ_', 'Veillonella_atypica_KON_gi_444381583_ref_NZ_', 'Veillonella_atypica_KON_gi_444381546_ref_NZ_', 'Veillonella_atypica_KON_gi_444381508_ref_NZ_', 'Veillonella_atypica_KON_gi_444381587_ref_NZ_', 'Veillonella_atypica_KON_gi_444381511_ref_NZ_', 'Veillonella_atypica_KON_gi_444381536_ref_NZ_', 'Veillonella_atypica_KON_gi_444381586_ref_NZ_', 'Veillonella_atypica_KON_gi_444381540_ref_NZ_', 'Veillonella_atypica_KON_gi_444381580_ref_NZ_', 'Veillonella_atypica_KON_gi_444381509_ref_NZ_', 'Veillonella_atypica_KON_gi_444381607_ref_NZ_', 'Veillonella_atypica_KON_gi_444381519_ref_NZ_', 'Veillonella_atypica_KON_gi_444381555_ref_NZ_', 'Veillonella_atypica_KON_gi_444381548_ref_NZ_', 'Veillonella_atypica_KON_gi_444381608_ref_NZ_', 'Veillonella_atypica_KON_gi_444381579_ref_NZ_']
	Reference Veillonella_atypica_KON_gi_444381586_ref_NZ_: 1 total alignments. 1 total regions.
		Region: 1 to 518 (518 bp)
			START in gap: 1 to 12 (11 bp)
			Align 1: 12 226 C872952__5.0 1294 1508
			END in gap: 226 to 518 (292 bp)

ERROR: Reference Veillonella_atypica_KON_gi_444381512_ref_NZ_ does not have any alignments!  Check that this is the same file used for alignment.
ERROR: Alignment Reference Headers: ['Veillonella_atypica_KON_gi_444381538_ref_NZ_', 'Veillonella_atypica_KON_gi_444381584_ref_NZ_', 'Veillonella_atypica_KON_gi_444381542_ref_NZ_', 'Veillonella_atypica_KON_gi_444381535_ref_NZ_', 'Veillonella_atypica_KON_gi_444381583_ref_NZ_', 'Veillonella_atypica_KON_gi_444381546_ref_NZ_', 'Veillonella_atypica_KON_gi_444381508_ref_NZ_', 'Veillonella_atypica_KON_gi_444381587_ref_NZ_', 'Veillonella_atypica_KON_gi_444381511_ref_NZ_', 'Veillonella_atypica_KON_gi_444381536_ref_NZ_', 'Veillonella_atypica_KON_gi_444381586_ref_NZ_', 'Veillonella_atypica_KON_gi_444381540_ref_NZ_', 'Veillonella_atypica_KON_gi_444381580_ref_NZ_', 'Veillonella_atypica_KON_gi_444381509_ref_NZ_', 'Veillonella_atypica_KON_gi_444381607_ref_NZ_', 'Veillonella_atypica_KON_gi_444381519_ref_NZ_', 'Veillonella_atypica_KON_gi_444381555_ref_NZ_', 'Veillonella_atypica_KON_gi_444381548_ref_NZ_', 'Veillonella_atypica_KON_gi_444381608_ref_NZ_', 'Veillonella_atypica_KON_gi_444381579_ref_NZ_']
ERROR: Reference Veillonella_atypica_KON_gi_444381513_ref_NZ_ does not have any alignments!  Check that this is the same file used for alignment.
ERROR: Alignment Reference Headers: ['Veillonella_atypica_KON_gi_444381538_ref_NZ_', 'Veillonella_atypica_KON_gi_444381584_ref_NZ_', 'Veillonella_atypica_KON_gi_444381542_ref_NZ_', 'Veillonella_atypica_KON_gi_444381535_ref_NZ_', 'Veillonella_atypica_KON_gi_444381583_ref_NZ_', 'Veillonella_atypica_KON_gi_444381546_ref_NZ_', 'Veillonella_atypica_KON_gi_444381508_ref_NZ_', 'Veillonella_atypica_KON_gi_444381587_ref_NZ_', 'Veillonella_atypica_KON_gi_444381511_ref_NZ_', 'Veillonella_atypica_KON_gi_444381536_ref_NZ_', 'Veillonella_atypica_KON_gi_444381586_ref_NZ_', 'Veillonella_atypica_KON_gi_444381540_ref_NZ_', 'Veillonella_atypica_KON_gi_444381580_ref_NZ_', 'Veillonella_atypica_KON_gi_444381509_ref_NZ_', 'Veillonella_atypica_KON_gi_444381607_ref_NZ_', 'Veillonella_atypica_KON_gi_444381519_ref_NZ_', 'Veillonella_atypica_KON_gi_444381555_ref_NZ_', 'Veillonella_atypica_KON_gi_444381548_ref_NZ_', 'Veillonella_atypica_KON_gi_444381608_ref_NZ_', 'Veillonella_atypica_KON_gi_444381579_ref_NZ_']
	Reference Veillonella_atypica_KON_gi_444381548_ref_NZ_: 4 total alignments. 1 total regions.
		Region: 1 to 19520 (19520 bp)
			START in gap: 1 to 17080 (17079 bp)
			Align 1: 17080 17190 scaffold309_23.2 872 762
				Gap between this and next alignment: 17190 to 17324 (133 bp)
				Next Alignment: 17324 17578 scaffold309_23.2 731 477

			Align 2: 17324 17578 scaffold309_23.2 731 477
				Gap between this and next alignment: 17578 to 17822 (243 bp)
				Next Alignment: 17822 18079 scaffold309_23.2 423 166

			Align 3: 17822 18079 scaffold309_23.2 423 166
				Gap between this and next alignment: 18079 to 18944 (864 bp)
				Next Alignment: 18944 19033 scaffold6044_25.6 453 542

			Align 4: 18944 19033 scaffold6044_25.6 453 542
			END in gap: 19033 to 19520 (487 bp)

ERROR: Reference Veillonella_atypica_KON_gi_444381577_ref_NZ_ does not have any alignments!  Check that this is the same file used for alignment.
ERROR: Alignment Reference Headers: ['Veillonella_atypica_KON_gi_444381538_ref_NZ_', 'Veillonella_atypica_KON_gi_444381584_ref_NZ_', 'Veillonella_atypica_KON_gi_444381542_ref_NZ_', 'Veillonella_atypica_KON_gi_444381535_ref_NZ_', 'Veillonella_atypica_KON_gi_444381583_ref_NZ_', 'Veillonella_atypica_KON_gi_444381546_ref_NZ_', 'Veillonella_atypica_KON_gi_444381508_ref_NZ_', 'Veillonella_atypica_KON_gi_444381587_ref_NZ_', 'Veillonella_atypica_KON_gi_444381511_ref_NZ_', 'Veillonella_atypica_KON_gi_444381536_ref_NZ_', 'Veillonella_atypica_KON_gi_444381586_ref_NZ_', 'Veillonella_atypica_KON_gi_444381540_ref_NZ_', 'Veillonella_atypica_KON_gi_444381580_ref_NZ_', 'Veillonella_atypica_KON_gi_444381509_ref_NZ_', 'Veillonella_atypica_KON_gi_444381607_ref_NZ_', 'Veillonella_atypica_KON_gi_444381519_ref_NZ_', 'Veillonella_atypica_KON_gi_444381555_ref_NZ_', 'Veillonella_atypica_KON_gi_444381548_ref_NZ_', 'Veillonella_atypica_KON_gi_444381608_ref_NZ_', 'Veillonella_atypica_KON_gi_444381579_ref_NZ_']
ERROR: Reference Veillonella_atypica_KON_gi_444381578_ref_NZ_ does not have any alignments!  Check that this is the same file used for alignment.
ERROR: Alignment Reference Headers: ['Veillonella_atypica_KON_gi_444381538_ref_NZ_', 'Veillonella_atypica_KON_gi_444381584_ref_NZ_', 'Veillonella_atypica_KON_gi_444381542_ref_NZ_', 'Veillonella_atypica_KON_gi_444381535_ref_NZ_', 'Veillonella_atypica_KON_gi_444381583_ref_NZ_', 'Veillonella_atypica_KON_gi_444381546_ref_NZ_', 'Veillonella_atypica_KON_gi_444381508_ref_NZ_', 'Veillonella_atypica_KON_gi_444381587_ref_NZ_', 'Veillonella_atypica_KON_gi_444381511_ref_NZ_', 'Veillonella_atypica_KON_gi_444381536_ref_NZ_', 'Veillonella_atypica_KON_gi_444381586_ref_NZ_', 'Veillonella_atypica_KON_gi_444381540_ref_NZ_', 'Veillonella_atypica_KON_gi_444381580_ref_NZ_', 'Veillonella_atypica_KON_gi_444381509_ref_NZ_', 'Veillonella_atypica_KON_gi_444381607_ref_NZ_', 'Veillonella_atypica_KON_gi_444381519_ref_NZ_', 'Veillonella_atypica_KON_gi_444381555_ref_NZ_', 'Veillonella_atypica_KON_gi_444381548_ref_NZ_', 'Veillonella_atypica_KON_gi_444381608_ref_NZ_', 'Veillonella_atypica_KON_gi_444381579_ref_NZ_']
ERROR: Reference Veillonella_atypica_KON_gi_444381543_ref_NZ_ does not have any alignments!  Check that this is the same file used for alignment.
ERROR: Alignment Reference Headers: ['Veillonella_atypica_KON_gi_444381538_ref_NZ_', 'Veillonella_atypica_KON_gi_444381584_ref_NZ_', 'Veillonella_atypica_KON_gi_444381542_ref_NZ_', 'Veillonella_atypica_KON_gi_444381535_ref_NZ_', 'Veillonella_atypica_KON_gi_444381583_ref_NZ_', 'Veillonella_atypica_KON_gi_444381546_ref_NZ_', 'Veillonella_atypica_KON_gi_444381508_ref_NZ_', 'Veillonella_atypica_KON_gi_444381587_ref_NZ_', 'Veillonella_atypica_KON_gi_444381511_ref_NZ_', 'Veillonella_atypica_KON_gi_444381536_ref_NZ_', 'Veillonella_atypica_KON_gi_444381586_ref_NZ_', 'Veillonella_atypica_KON_gi_444381540_ref_NZ_', 'Veillonella_atypica_KON_gi_444381580_ref_NZ_', 'Veillonella_atypica_KON_gi_444381509_ref_NZ_', 'Veillonella_atypica_KON_gi_444381607_ref_NZ_', 'Veillonella_atypica_KON_gi_444381519_ref_NZ_', 'Veillonella_atypica_KON_gi_444381555_ref_NZ_', 'Veillonella_atypica_KON_gi_444381548_ref_NZ_', 'Veillonella_atypica_KON_gi_444381608_ref_NZ_', 'Veillonella_atypica_KON_gi_444381579_ref_NZ_']
ERROR: Reference Veillonella_atypica_KON_gi_444381551_ref_NZ_ does not have any alignments!  Check that this is the same file used for alignment.
ERROR: Alignment Reference Headers: ['Veillonella_atypica_KON_gi_444381538_ref_NZ_', 'Veillonella_atypica_KON_gi_444381584_ref_NZ_', 'Veillonella_atypica_KON_gi_444381542_ref_NZ_', 'Veillonella_atypica_KON_gi_444381535_ref_NZ_', 'Veillonella_atypica_KON_gi_444381583_ref_NZ_', 'Veillonella_atypica_KON_gi_444381546_ref_NZ_', 'Veillonella_atypica_KON_gi_444381508_ref_NZ_', 'Veillonella_atypica_KON_gi_444381587_ref_NZ_', 'Veillonella_atypica_KON_gi_444381511_ref_NZ_', 'Veillonella_atypica_KON_gi_444381536_ref_NZ_', 'Veillonella_atypica_KON_gi_444381586_ref_NZ_', 'Veillonella_atypica_KON_gi_444381540_ref_NZ_', 'Veillonella_atypica_KON_gi_444381580_ref_NZ_', 'Veillonella_atypica_KON_gi_444381509_ref_NZ_', 'Veillonella_atypica_KON_gi_444381607_ref_NZ_', 'Veillonella_atypica_KON_gi_444381519_ref_NZ_', 'Veillonella_atypica_KON_gi_444381555_ref_NZ_', 'Veillonella_atypica_KON_gi_444381548_ref_NZ_', 'Veillonella_atypica_KON_gi_444381608_ref_NZ_', 'Veillonella_atypica_KON_gi_444381579_ref_NZ_']
ERROR: Reference Veillonella_atypica_KON_gi_444381552_ref_NZ_ does not have any alignments!  Check that this is the same file used for alignment.
ERROR: Alignment Reference Headers: ['Veillonella_atypica_KON_gi_444381538_ref_NZ_', 'Veillonella_atypica_KON_gi_444381584_ref_NZ_', 'Veillonella_atypica_KON_gi_444381542_ref_NZ_', 'Veillonella_atypica_KON_gi_444381535_ref_NZ_', 'Veillonella_atypica_KON_gi_444381583_ref_NZ_', 'Veillonella_atypica_KON_gi_444381546_ref_NZ_', 'Veillonella_atypica_KON_gi_444381508_ref_NZ_', 'Veillonella_atypica_KON_gi_444381587_ref_NZ_', 'Veillonella_atypica_KON_gi_444381511_ref_NZ_', 'Veillonella_atypica_KON_gi_444381536_ref_NZ_', 'Veillonella_atypica_KON_gi_444381586_ref_NZ_', 'Veillonella_atypica_KON_gi_444381540_ref_NZ_', 'Veillonella_atypica_KON_gi_444381580_ref_NZ_', 'Veillonella_atypica_KON_gi_444381509_ref_NZ_', 'Veillonella_atypica_KON_gi_444381607_ref_NZ_', 'Veillonella_atypica_KON_gi_444381519_ref_NZ_', 'Veillonella_atypica_KON_gi_444381555_ref_NZ_', 'Veillonella_atypica_KON_gi_444381548_ref_NZ_', 'Veillonella_atypica_KON_gi_444381608_ref_NZ_', 'Veillonella_atypica_KON_gi_444381579_ref_NZ_']
ERROR: Reference Veillonella_atypica_KON_gi_444381537_ref_NZ_ does not have any alignments!  Check that this is the same file used for alignment.
ERROR: Alignment Reference Headers: ['Veillonella_atypica_KON_gi_444381538_ref_NZ_', 'Veillonella_atypica_KON_gi_444381584_ref_NZ_', 'Veillonella_atypica_KON_gi_444381542_ref_NZ_', 'Veillonella_atypica_KON_gi_444381535_ref_NZ_', 'Veillonella_atypica_KON_gi_444381583_ref_NZ_', 'Veillonella_atypica_KON_gi_444381546_ref_NZ_', 'Veillonella_atypica_KON_gi_444381508_ref_NZ_', 'Veillonella_atypica_KON_gi_444381587_ref_NZ_', 'Veillonella_atypica_KON_gi_444381511_ref_NZ_', 'Veillonella_atypica_KON_gi_444381536_ref_NZ_', 'Veillonella_atypica_KON_gi_444381586_ref_NZ_', 'Veillonella_atypica_KON_gi_444381540_ref_NZ_', 'Veillonella_atypica_KON_gi_444381580_ref_NZ_', 'Veillonella_atypica_KON_gi_444381509_ref_NZ_', 'Veillonella_atypica_KON_gi_444381607_ref_NZ_', 'Veillonella_atypica_KON_gi_444381519_ref_NZ_', 'Veillonella_atypica_KON_gi_444381555_ref_NZ_', 'Veillonella_atypica_KON_gi_444381548_ref_NZ_', 'Veillonella_atypica_KON_gi_444381608_ref_NZ_', 'Veillonella_atypica_KON_gi_444381579_ref_NZ_']
	Reference Veillonella_atypica_KON_gi_444381540_ref_NZ_: 8 total alignments. 1 total regions.
		Region: 1 to 191408 (191408 bp)
			START in gap: 1 to 32076 (32075 bp)
			Align 1: 32076 32201 scaffold2086_18.9 4386 4511
				Gap between this and next alignment: 32201 to 41061 (8859 bp)
				Next Alignment: 41061 41215 scaffold4700_28.1 538 692

			Align 2: 41061 41215 scaffold4700_28.1 538 692
				Gap between this and next alignment: 41215 to 124848 (83632 bp)
				Next Alignment: 124848 125097 C842200__3.0 1 250

			Align 3: 124848 125097 C842200__3.0 1 250
				Gap between this and next alignment: 125097 to 134234 (9136 bp)
				Next Alignment: 134234 134753 C822562_120.0 1 520

			Align 4: 134234 134753 C822562_120.0 1 520
				Gap between this and next alignment: 134753 to 160063 (25309 bp)
				Next Alignment: 160063 160910 C857542_17.0 848 1

			Align 5: 160063 160910 C857542_17.0 848 1
				Negative gap (overlap) between this and next alignment: 160910 to 160902 (-8 bp)
				Next Alignment: 160902 161734 C856756_17.0 833 1

			Previous gap was negative, modifying coordinates to ignore overlap
				Moving contig start from 833 to 824.
			Align 6: 160911 161734 C856756_17.0 824 1
				Gap between this and next alignment: 161734 to 161973 (238 bp)
				Next Alignment: 161973 162849 C859002_18.0 1 877

			Align 7: 161973 162849 C859002_18.0 1 877
				Gap between this and next alignment: 162849 to 163633 (783 bp)
				Next Alignment: 163633 164262 C863590_13.0 1 630

			Align 8: 163633 164262 C863590_13.0 1 630
			END in gap: 164262 to 191408 (27146 bp)

ERROR: Reference Veillonella_atypica_KON_gi_444381550_ref_NZ_ does not have any alignments!  Check that this is the same file used for alignment.
ERROR: Alignment Reference Headers: ['Veillonella_atypica_KON_gi_444381538_ref_NZ_', 'Veillonella_atypica_KON_gi_444381584_ref_NZ_', 'Veillonella_atypica_KON_gi_444381542_ref_NZ_', 'Veillonella_atypica_KON_gi_444381535_ref_NZ_', 'Veillonella_atypica_KON_gi_444381583_ref_NZ_', 'Veillonella_atypica_KON_gi_444381546_ref_NZ_', 'Veillonella_atypica_KON_gi_444381508_ref_NZ_', 'Veillonella_atypica_KON_gi_444381587_ref_NZ_', 'Veillonella_atypica_KON_gi_444381511_ref_NZ_', 'Veillonella_atypica_KON_gi_444381536_ref_NZ_', 'Veillonella_atypica_KON_gi_444381586_ref_NZ_', 'Veillonella_atypica_KON_gi_444381540_ref_NZ_', 'Veillonella_atypica_KON_gi_444381580_ref_NZ_', 'Veillonella_atypica_KON_gi_444381509_ref_NZ_', 'Veillonella_atypica_KON_gi_444381607_ref_NZ_', 'Veillonella_atypica_KON_gi_444381519_ref_NZ_', 'Veillonella_atypica_KON_gi_444381555_ref_NZ_', 'Veillonella_atypica_KON_gi_444381548_ref_NZ_', 'Veillonella_atypica_KON_gi_444381608_ref_NZ_', 'Veillonella_atypica_KON_gi_444381579_ref_NZ_']
ERROR: Reference Veillonella_atypica_KON_gi_444381581_ref_NZ_ does not have any alignments!  Check that this is the same file used for alignment.
ERROR: Alignment Reference Headers: ['Veillonella_atypica_KON_gi_444381538_ref_NZ_', 'Veillonella_atypica_KON_gi_444381584_ref_NZ_', 'Veillonella_atypica_KON_gi_444381542_ref_NZ_', 'Veillonella_atypica_KON_gi_444381535_ref_NZ_', 'Veillonella_atypica_KON_gi_444381583_ref_NZ_', 'Veillonella_atypica_KON_gi_444381546_ref_NZ_', 'Veillonella_atypica_KON_gi_444381508_ref_NZ_', 'Veillonella_atypica_KON_gi_444381587_ref_NZ_', 'Veillonella_atypica_KON_gi_444381511_ref_NZ_', 'Veillonella_atypica_KON_gi_444381536_ref_NZ_', 'Veillonella_atypica_KON_gi_444381586_ref_NZ_', 'Veillonella_atypica_KON_gi_444381540_ref_NZ_', 'Veillonella_atypica_KON_gi_444381580_ref_NZ_', 'Veillonella_atypica_KON_gi_444381509_ref_NZ_', 'Veillonella_atypica_KON_gi_444381607_ref_NZ_', 'Veillonella_atypica_KON_gi_444381519_ref_NZ_', 'Veillonella_atypica_KON_gi_444381555_ref_NZ_', 'Veillonella_atypica_KON_gi_444381548_ref_NZ_', 'Veillonella_atypica_KON_gi_444381608_ref_NZ_', 'Veillonella_atypica_KON_gi_444381579_ref_NZ_']
	Reference Veillonella_atypica_KON_gi_444381608_ref_NZ_: 7 total alignments. 1 total regions.
		Region: 1 to 167417 (167417 bp)
			START in gap: 1 to 224 (223 bp)
			Align 1: 224 742 C822502__2.0 1 519
				Gap between this and next alignment: 742 to 33886 (33143 bp)
				Next Alignment: 33886 34421 C826030__1.0 1 536

			Align 2: 33886 34421 C826030__1.0 1 536
				Gap between this and next alignment: 34421 to 43110 (8688 bp)
				Next Alignment: 43110 43250 scaffold6823_25.6 692 552

			Align 3: 43110 43250 scaffold6823_25.6 692 552
				Gap between this and next alignment: 43250 to 72671 (29420 bp)
				Next Alignment: 72671 73404 scaffold4226_23.6 1244 511

			Align 4: 72671 73404 scaffold4226_23.6 1244 511
				Gap between this and next alignment: 73404 to 75756 (2351 bp)
				Next Alignment: 75756 75865 scaffold1521_12.9 110 1

			Align 5: 75756 75865 scaffold1521_12.9 110 1
				Gap between this and next alignment: 75865 to 76911 (1045 bp)
				Next Alignment: 76911 77615 C848016_110.0 2 706

			Align 6: 76911 77615 C848016_110.0 2 706
				Gap between this and next alignment: 77615 to 78986 (1370 bp)
				Next Alignment: 78986 79264 scaffold28800__6.3 331 609

			Align 7: 78986 79264 scaffold28800__6.3 331 609
			END in gap: 79264 to 167417 (88153 bp)

	Reference Veillonella_atypica_KON_gi_444381607_ref_NZ_: 14 total alignments. 1 total regions.
		Region: 1 to 139032 (139032 bp)
			START in gap: 1 to 8677 (8676 bp)
			Align 1: 8677 8800 scaffold4184_25.7 124 1
				Gap between this and next alignment: 8800 to 13937 (5136 bp)
				Next Alignment: 13937 14286 C822574_60.0 171 520

			Align 2: 13937 14286 C822574_60.0 171 520
				Gap between this and next alignment: 14286 to 20913 (6626 bp)
				Next Alignment: 20913 21129 scaffold20097_11.9 1 217

			Align 3: 20913 21129 scaffold20097_11.9 1 217
				Gap between this and next alignment: 21129 to 44441 (23311 bp)
				Next Alignment: 44441 44506 scaffold2835_16.2 4873 4938

			Align 4: 44441 44506 scaffold2835_16.2 4873 4938
				Gap between this and next alignment: 44506 to 45128 (621 bp)
				Next Alignment: 45128 45259 scaffold2835_16.2 5431 5562

			Align 5: 45128 45259 scaffold2835_16.2 5431 5562
				Gap between this and next alignment: 45259 to 52454 (7194 bp)
				Next Alignment: 52454 53026 scaffold8063_38.2 220 792

			Align 6: 52454 53026 scaffold8063_38.2 220 792
				Gap between this and next alignment: 53026 to 53411 (384 bp)
				Next Alignment: 53411 53481 scaffold8063_38.2 989 1059

			Align 7: 53411 53481 scaffold8063_38.2 989 1059
				Gap between this and next alignment: 53481 to 68705 (15223 bp)
				Next Alignment: 68705 69283 C833234_63.0 579 1

			Align 8: 68705 69283 C833234_63.0 579 1
				Gap between this and next alignment: 69283 to 70204 (920 bp)
				Next Alignment: 70204 70819 scaffold466_19.0 1 616

			Align 9: 70204 70819 scaffold466_19.0 1 616
				Gap between this and next alignment: 70819 to 101800 (30980 bp)
				Next Alignment: 101800 101895 scaffold6014_37.9 1023 928

			Align 10: 101800 101895 scaffold6014_37.9 1023 928
				Gap between this and next alignment: 101895 to 113475 (11579 bp)
				Next Alignment: 113475 113582 scaffold2402_19.5 654 547

			Align 11: 113475 113582 scaffold2402_19.5 654 547
				Gap between this and next alignment: 113582 to 113988 (405 bp)
				Next Alignment: 113988 114101 scaffold2402_19.5 114 1

			Align 12: 113988 114101 scaffold2402_19.5 114 1
				Gap between this and next alignment: 114101 to 114117 (15 bp)
				Next Alignment: 114117 114685 C831672_96.0 1 569

			Align 13: 114117 114685 C831672_96.0 1 569
				Gap between this and next alignment: 114685 to 135503 (20817 bp)
				Next Alignment: 135503 135732 scaffold25944__3.4 230 1

			Align 14: 135503 135732 scaffold25944__3.4 230 1
			END in gap: 135732 to 139032 (3300 bp)

	Reference Veillonella_atypica_KON_gi_444381542_ref_NZ_: 2 total alignments. 1 total regions.
		Region: 1 to 28629 (28629 bp)
			START in gap: 1 to 1670 (1669 bp)
			Align 1: 1670 1838 scaffold15502_27.7 1 169
				Gap between this and next alignment: 1838 to 5168 (3329 bp)
				Next Alignment: 5168 5312 scaffold18016_31.3 533 389

			Align 2: 5168 5312 scaffold18016_31.3 533 389
			END in gap: 5312 to 28629 (23317 bp)

ERROR: Reference Veillonella_atypica_KON_gi_444381534_ref_NZ_ does not have any alignments!  Check that this is the same file used for alignment.
ERROR: Alignment Reference Headers: ['Veillonella_atypica_KON_gi_444381538_ref_NZ_', 'Veillonella_atypica_KON_gi_444381584_ref_NZ_', 'Veillonella_atypica_KON_gi_444381542_ref_NZ_', 'Veillonella_atypica_KON_gi_444381535_ref_NZ_', 'Veillonella_atypica_KON_gi_444381583_ref_NZ_', 'Veillonella_atypica_KON_gi_444381546_ref_NZ_', 'Veillonella_atypica_KON_gi_444381508_ref_NZ_', 'Veillonella_atypica_KON_gi_444381587_ref_NZ_', 'Veillonella_atypica_KON_gi_444381511_ref_NZ_', 'Veillonella_atypica_KON_gi_444381536_ref_NZ_', 'Veillonella_atypica_KON_gi_444381586_ref_NZ_', 'Veillonella_atypica_KON_gi_444381540_ref_NZ_', 'Veillonella_atypica_KON_gi_444381580_ref_NZ_', 'Veillonella_atypica_KON_gi_444381509_ref_NZ_', 'Veillonella_atypica_KON_gi_444381607_ref_NZ_', 'Veillonella_atypica_KON_gi_444381519_ref_NZ_', 'Veillonella_atypica_KON_gi_444381555_ref_NZ_', 'Veillonella_atypica_KON_gi_444381548_ref_NZ_', 'Veillonella_atypica_KON_gi_444381608_ref_NZ_', 'Veillonella_atypica_KON_gi_444381579_ref_NZ_']
	Reference Veillonella_atypica_KON_gi_444381536_ref_NZ_: 1 total alignments. 1 total regions.
		Region: 1 to 1674 (1674 bp)
			Align 1: 1 1293 C872952__5.0 1293 1
			END in gap: 1293 to 1674 (381 bp)

ERROR: Reference Veillonella_atypica_KON_gi_444381541_ref_NZ_ does not have any alignments!  Check that this is the same file used for alignment.
ERROR: Alignment Reference Headers: ['Veillonella_atypica_KON_gi_444381538_ref_NZ_', 'Veillonella_atypica_KON_gi_444381584_ref_NZ_', 'Veillonella_atypica_KON_gi_444381542_ref_NZ_', 'Veillonella_atypica_KON_gi_444381535_ref_NZ_', 'Veillonella_atypica_KON_gi_444381583_ref_NZ_', 'Veillonella_atypica_KON_gi_444381546_ref_NZ_', 'Veillonella_atypica_KON_gi_444381508_ref_NZ_', 'Veillonella_atypica_KON_gi_444381587_ref_NZ_', 'Veillonella_atypica_KON_gi_444381511_ref_NZ_', 'Veillonella_atypica_KON_gi_444381536_ref_NZ_', 'Veillonella_atypica_KON_gi_444381586_ref_NZ_', 'Veillonella_atypica_KON_gi_444381540_ref_NZ_', 'Veillonella_atypica_KON_gi_444381580_ref_NZ_', 'Veillonella_atypica_KON_gi_444381509_ref_NZ_', 'Veillonella_atypica_KON_gi_444381607_ref_NZ_', 'Veillonella_atypica_KON_gi_444381519_ref_NZ_', 'Veillonella_atypica_KON_gi_444381555_ref_NZ_', 'Veillonella_atypica_KON_gi_444381548_ref_NZ_', 'Veillonella_atypica_KON_gi_444381608_ref_NZ_', 'Veillonella_atypica_KON_gi_444381579_ref_NZ_']
	Reference Veillonella_atypica_KON_gi_444381509_ref_NZ_: 2 total alignments. 1 total regions.
		Region: 1 to 39666 (39666 bp)
			START in gap: 1 to 11620 (11619 bp)
			Align 1: 11620 14410 C879250_62.0 1 2791
				Gap between this and next alignment: 14410 to 22517 (8106 bp)
				Next Alignment: 22517 23032 scaffold8502_29.4 342 857

			Align 2: 22517 23032 scaffold8502_29.4 342 857
			END in gap: 23032 to 39666 (16634 bp)

ERROR: Reference Veillonella_atypica_KON_gi_444381544_ref_NZ_ does not have any alignments!  Check that this is the same file used for alignment.
ERROR: Alignment Reference Headers: ['Veillonella_atypica_KON_gi_444381538_ref_NZ_', 'Veillonella_atypica_KON_gi_444381584_ref_NZ_', 'Veillonella_atypica_KON_gi_444381542_ref_NZ_', 'Veillonella_atypica_KON_gi_444381535_ref_NZ_', 'Veillonella_atypica_KON_gi_444381583_ref_NZ_', 'Veillonella_atypica_KON_gi_444381546_ref_NZ_', 'Veillonella_atypica_KON_gi_444381508_ref_NZ_', 'Veillonella_atypica_KON_gi_444381587_ref_NZ_', 'Veillonella_atypica_KON_gi_444381511_ref_NZ_', 'Veillonella_atypica_KON_gi_444381536_ref_NZ_', 'Veillonella_atypica_KON_gi_444381586_ref_NZ_', 'Veillonella_atypica_KON_gi_444381540_ref_NZ_', 'Veillonella_atypica_KON_gi_444381580_ref_NZ_', 'Veillonella_atypica_KON_gi_444381509_ref_NZ_', 'Veillonella_atypica_KON_gi_444381607_ref_NZ_', 'Veillonella_atypica_KON_gi_444381519_ref_NZ_', 'Veillonella_atypica_KON_gi_444381555_ref_NZ_', 'Veillonella_atypica_KON_gi_444381548_ref_NZ_', 'Veillonella_atypica_KON_gi_444381608_ref_NZ_', 'Veillonella_atypica_KON_gi_444381579_ref_NZ_']
ERROR: Reference Veillonella_atypica_KON_gi_444381549_ref_NZ_ does not have any alignments!  Check that this is the same file used for alignment.
ERROR: Alignment Reference Headers: ['Veillonella_atypica_KON_gi_444381538_ref_NZ_', 'Veillonella_atypica_KON_gi_444381584_ref_NZ_', 'Veillonella_atypica_KON_gi_444381542_ref_NZ_', 'Veillonella_atypica_KON_gi_444381535_ref_NZ_', 'Veillonella_atypica_KON_gi_444381583_ref_NZ_', 'Veillonella_atypica_KON_gi_444381546_ref_NZ_', 'Veillonella_atypica_KON_gi_444381508_ref_NZ_', 'Veillonella_atypica_KON_gi_444381587_ref_NZ_', 'Veillonella_atypica_KON_gi_444381511_ref_NZ_', 'Veillonella_atypica_KON_gi_444381536_ref_NZ_', 'Veillonella_atypica_KON_gi_444381586_ref_NZ_', 'Veillonella_atypica_KON_gi_444381540_ref_NZ_', 'Veillonella_atypica_KON_gi_444381580_ref_NZ_', 'Veillonella_atypica_KON_gi_444381509_ref_NZ_', 'Veillonella_atypica_KON_gi_444381607_ref_NZ_', 'Veillonella_atypica_KON_gi_444381519_ref_NZ_', 'Veillonella_atypica_KON_gi_444381555_ref_NZ_', 'Veillonella_atypica_KON_gi_444381548_ref_NZ_', 'Veillonella_atypica_KON_gi_444381608_ref_NZ_', 'Veillonella_atypica_KON_gi_444381579_ref_NZ_']
	Reference Veillonella_atypica_KON_gi_444381535_ref_NZ_: 3 total alignments. 1 total regions.
		Region: 1 to 55420 (55420 bp)
			START in gap: 1 to 45784 (45783 bp)
			Align 1: 45784 46525 C850870_17.0 1 742
				Gap between this and next alignment: 46525 to 46608 (82 bp)
				Next Alignment: 46608 47330 scaffold6367_19.0 1 723

			Align 2: 46608 47330 scaffold6367_19.0 1 723
				Gap between this and next alignment: 47330 to 47416 (85 bp)
				Next Alignment: 47416 47531 scaffold6367_19.0 864 979

			Align 3: 47416 47531 scaffold6367_19.0 864 979
			END in gap: 47531 to 55420 (7889 bp)

	Reference Veillonella_atypica_KON_gi_444381538_ref_NZ_: 2 total alignments. 1 total regions.
		Region: 1 to 23979 (23979 bp)
			START in gap: 1 to 6799 (6798 bp)
			Align 1: 6799 7089 scaffold12047_38.0 5873 5583
				Gap between this and next alignment: 7089 to 7591 (501 bp)
				Next Alignment: 7591 7816 scaffold25603__7.8 1 226

			Align 2: 7591 7816 scaffold25603__7.8 1 226
			END in gap: 7816 to 23979 (16163 bp)

ERROR: Reference Veillonella_atypica_KON_gi_444381585_ref_NZ_ does not have any alignments!  Check that this is the same file used for alignment.
ERROR: Alignment Reference Headers: ['Veillonella_atypica_KON_gi_444381538_ref_NZ_', 'Veillonella_atypica_KON_gi_444381584_ref_NZ_', 'Veillonella_atypica_KON_gi_444381542_ref_NZ_', 'Veillonella_atypica_KON_gi_444381535_ref_NZ_', 'Veillonella_atypica_KON_gi_444381583_ref_NZ_', 'Veillonella_atypica_KON_gi_444381546_ref_NZ_', 'Veillonella_atypica_KON_gi_444381508_ref_NZ_', 'Veillonella_atypica_KON_gi_444381587_ref_NZ_', 'Veillonella_atypica_KON_gi_444381511_ref_NZ_', 'Veillonella_atypica_KON_gi_444381536_ref_NZ_', 'Veillonella_atypica_KON_gi_444381586_ref_NZ_', 'Veillonella_atypica_KON_gi_444381540_ref_NZ_', 'Veillonella_atypica_KON_gi_444381580_ref_NZ_', 'Veillonella_atypica_KON_gi_444381509_ref_NZ_', 'Veillonella_atypica_KON_gi_444381607_ref_NZ_', 'Veillonella_atypica_KON_gi_444381519_ref_NZ_', 'Veillonella_atypica_KON_gi_444381555_ref_NZ_', 'Veillonella_atypica_KON_gi_444381548_ref_NZ_', 'Veillonella_atypica_KON_gi_444381608_ref_NZ_', 'Veillonella_atypica_KON_gi_444381579_ref_NZ_']
	Reference Veillonella_atypica_KON_gi_444381579_ref_NZ_: 5 total alignments. 1 total regions.
		Region: 1 to 311374 (311374 bp)
			START in gap: 1 to 60001 (60000 bp)
			Align 1: 60001 60286 scaffold4560_16.4 261 546
				Gap between this and next alignment: 60286 to 157201 (96914 bp)
				Next Alignment: 157201 157443 scaffold28399_36.0 535 293

			Align 2: 157201 157443 scaffold28399_36.0 535 293
				Gap between this and next alignment: 157443 to 158105 (661 bp)
				Next Alignment: 158105 158621 C821994_16.0 1 517

			Align 3: 158105 158621 C821994_16.0 1 517
				Gap between this and next alignment: 158621 to 162106 (3484 bp)
				Next Alignment: 162106 162309 scaffold8415_32.9 2289 2492

			Align 4: 162106 162309 scaffold8415_32.9 2289 2492
				Gap between this and next alignment: 162309 to 289883 (127573 bp)
				Next Alignment: 289883 290384 C818546__2.0 502 1

			Align 5: 289883 290384 C818546__2.0 502 1
			END in gap: 290384 to 311374 (20990 bp)

	Reference Veillonella_atypica_KON_gi_444381546_ref_NZ_: 4 total alignments. 1 total regions.
		Region: 1 to 79379 (79379 bp)
			START in gap: 1 to 16795 (16794 bp)
			Align 1: 16795 16916 scaffold15344__1.8 440 319
				Gap between this and next alignment: 16916 to 17021 (104 bp)
				Next Alignment: 17021 17292 scaffold15344__1.8 272 1

			Align 2: 17021 17292 scaffold15344__1.8 272 1
				Gap between this and next alignment: 17292 to 40502 (23209 bp)
				Next Alignment: 40502 40931 scaffold4838_20.5 905 467

			Align 3: 40502 40931 scaffold4838_20.5 905 467
				Gap between this and next alignment: 40931 to 41216 (284 bp)
				Next Alignment: 41216 41395 scaffold4838_20.5 181 2

			Align 4: 41216 41395 scaffold4838_20.5 181 2
			END in gap: 41395 to 79379 (37984 bp)

ERROR: Reference Veillonella_atypica_KON_gi_444381545_ref_NZ_ does not have any alignments!  Check that this is the same file used for alignment.
ERROR: Alignment Reference Headers: ['Veillonella_atypica_KON_gi_444381538_ref_NZ_', 'Veillonella_atypica_KON_gi_444381584_ref_NZ_', 'Veillonella_atypica_KON_gi_444381542_ref_NZ_', 'Veillonella_atypica_KON_gi_444381535_ref_NZ_', 'Veillonella_atypica_KON_gi_444381583_ref_NZ_', 'Veillonella_atypica_KON_gi_444381546_ref_NZ_', 'Veillonella_atypica_KON_gi_444381508_ref_NZ_', 'Veillonella_atypica_KON_gi_444381587_ref_NZ_', 'Veillonella_atypica_KON_gi_444381511_ref_NZ_', 'Veillonella_atypica_KON_gi_444381536_ref_NZ_', 'Veillonella_atypica_KON_gi_444381586_ref_NZ_', 'Veillonella_atypica_KON_gi_444381540_ref_NZ_', 'Veillonella_atypica_KON_gi_444381580_ref_NZ_', 'Veillonella_atypica_KON_gi_444381509_ref_NZ_', 'Veillonella_atypica_KON_gi_444381607_ref_NZ_', 'Veillonella_atypica_KON_gi_444381519_ref_NZ_', 'Veillonella_atypica_KON_gi_444381555_ref_NZ_', 'Veillonella_atypica_KON_gi_444381548_ref_NZ_', 'Veillonella_atypica_KON_gi_444381608_ref_NZ_', 'Veillonella_atypica_KON_gi_444381579_ref_NZ_']
	Reference Veillonella_atypica_KON_gi_444381580_ref_NZ_: 1 total alignments. 1 total regions.
		Region: 1 to 13811 (13811 bp)
			START in gap: 1 to 4077 (4076 bp)
			Align 1: 4077 4583 C820480_52.0 4 510
			END in gap: 4583 to 13811 (9228 bp)

ERROR: Reference Veillonella_atypica_KON_gi_444381510_ref_NZ_ does not have any alignments!  Check that this is the same file used for alignment.
ERROR: Alignment Reference Headers: ['Veillonella_atypica_KON_gi_444381538_ref_NZ_', 'Veillonella_atypica_KON_gi_444381584_ref_NZ_', 'Veillonella_atypica_KON_gi_444381542_ref_NZ_', 'Veillonella_atypica_KON_gi_444381535_ref_NZ_', 'Veillonella_atypica_KON_gi_444381583_ref_NZ_', 'Veillonella_atypica_KON_gi_444381546_ref_NZ_', 'Veillonella_atypica_KON_gi_444381508_ref_NZ_', 'Veillonella_atypica_KON_gi_444381587_ref_NZ_', 'Veillonella_atypica_KON_gi_444381511_ref_NZ_', 'Veillonella_atypica_KON_gi_444381536_ref_NZ_', 'Veillonella_atypica_KON_gi_444381586_ref_NZ_', 'Veillonella_atypica_KON_gi_444381540_ref_NZ_', 'Veillonella_atypica_KON_gi_444381580_ref_NZ_', 'Veillonella_atypica_KON_gi_444381509_ref_NZ_', 'Veillonella_atypica_KON_gi_444381607_ref_NZ_', 'Veillonella_atypica_KON_gi_444381519_ref_NZ_', 'Veillonella_atypica_KON_gi_444381555_ref_NZ_', 'Veillonella_atypica_KON_gi_444381548_ref_NZ_', 'Veillonella_atypica_KON_gi_444381608_ref_NZ_', 'Veillonella_atypica_KON_gi_444381579_ref_NZ_']
ERROR: Reference Veillonella_atypica_KON_gi_444381576_ref_NZ_ does not have any alignments!  Check that this is the same file used for alignment.
ERROR: Alignment Reference Headers: ['Veillonella_atypica_KON_gi_444381538_ref_NZ_', 'Veillonella_atypica_KON_gi_444381584_ref_NZ_', 'Veillonella_atypica_KON_gi_444381542_ref_NZ_', 'Veillonella_atypica_KON_gi_444381535_ref_NZ_', 'Veillonella_atypica_KON_gi_444381583_ref_NZ_', 'Veillonella_atypica_KON_gi_444381546_ref_NZ_', 'Veillonella_atypica_KON_gi_444381508_ref_NZ_', 'Veillonella_atypica_KON_gi_444381587_ref_NZ_', 'Veillonella_atypica_KON_gi_444381511_ref_NZ_', 'Veillonella_atypica_KON_gi_444381536_ref_NZ_', 'Veillonella_atypica_KON_gi_444381586_ref_NZ_', 'Veillonella_atypica_KON_gi_444381540_ref_NZ_', 'Veillonella_atypica_KON_gi_444381580_ref_NZ_', 'Veillonella_atypica_KON_gi_444381509_ref_NZ_', 'Veillonella_atypica_KON_gi_444381607_ref_NZ_', 'Veillonella_atypica_KON_gi_444381519_ref_NZ_', 'Veillonella_atypica_KON_gi_444381555_ref_NZ_', 'Veillonella_atypica_KON_gi_444381548_ref_NZ_', 'Veillonella_atypica_KON_gi_444381608_ref_NZ_', 'Veillonella_atypica_KON_gi_444381579_ref_NZ_']
	Reference Veillonella_atypica_KON_gi_444381587_ref_NZ_: 1 total alignments. 1 total regions.
		Region: 1 to 71553 (71553 bp)
			START in gap: 1 to 24272 (24271 bp)
			Align 1: 24272 24556 scaffold12374_19.4 4206 4489
			END in gap: 24556 to 71553 (46997 bp)

	Reference Veillonella_atypica_KON_gi_444381511_ref_NZ_: 2 total alignments. 1 total regions.
		Region: 1 to 41603 (41603 bp)
			START in gap: 1 to 5667 (5666 bp)
			Align 1: 5667 7356 C875714__4.0 1690 1
				Gap between this and next alignment: 7356 to 18210 (10853 bp)
				Next Alignment: 18210 18367 scaffold7005_15.6 1 158

			Align 2: 18210 18367 scaffold7005_15.6 1 158
			END in gap: 18367 to 41603 (23236 bp)

ERROR: Reference Veillonella_atypica_KON_gi_444381547_ref_NZ_ does not have any alignments!  Check that this is the same file used for alignment.
ERROR: Alignment Reference Headers: ['Veillonella_atypica_KON_gi_444381538_ref_NZ_', 'Veillonella_atypica_KON_gi_444381584_ref_NZ_', 'Veillonella_atypica_KON_gi_444381542_ref_NZ_', 'Veillonella_atypica_KON_gi_444381535_ref_NZ_', 'Veillonella_atypica_KON_gi_444381583_ref_NZ_', 'Veillonella_atypica_KON_gi_444381546_ref_NZ_', 'Veillonella_atypica_KON_gi_444381508_ref_NZ_', 'Veillonella_atypica_KON_gi_444381587_ref_NZ_', 'Veillonella_atypica_KON_gi_444381511_ref_NZ_', 'Veillonella_atypica_KON_gi_444381536_ref_NZ_', 'Veillonella_atypica_KON_gi_444381586_ref_NZ_', 'Veillonella_atypica_KON_gi_444381540_ref_NZ_', 'Veillonella_atypica_KON_gi_444381580_ref_NZ_', 'Veillonella_atypica_KON_gi_444381509_ref_NZ_', 'Veillonella_atypica_KON_gi_444381607_ref_NZ_', 'Veillonella_atypica_KON_gi_444381519_ref_NZ_', 'Veillonella_atypica_KON_gi_444381555_ref_NZ_', 'Veillonella_atypica_KON_gi_444381548_ref_NZ_', 'Veillonella_atypica_KON_gi_444381608_ref_NZ_', 'Veillonella_atypica_KON_gi_444381579_ref_NZ_']
ERROR: Reference Veillonella_atypica_KON_gi_444381582_ref_NZ_ does not have any alignments!  Check that this is the same file used for alignment.
ERROR: Alignment Reference Headers: ['Veillonella_atypica_KON_gi_444381538_ref_NZ_', 'Veillonella_atypica_KON_gi_444381584_ref_NZ_', 'Veillonella_atypica_KON_gi_444381542_ref_NZ_', 'Veillonella_atypica_KON_gi_444381535_ref_NZ_', 'Veillonella_atypica_KON_gi_444381583_ref_NZ_', 'Veillonella_atypica_KON_gi_444381546_ref_NZ_', 'Veillonella_atypica_KON_gi_444381508_ref_NZ_', 'Veillonella_atypica_KON_gi_444381587_ref_NZ_', 'Veillonella_atypica_KON_gi_444381511_ref_NZ_', 'Veillonella_atypica_KON_gi_444381536_ref_NZ_', 'Veillonella_atypica_KON_gi_444381586_ref_NZ_', 'Veillonella_atypica_KON_gi_444381540_ref_NZ_', 'Veillonella_atypica_KON_gi_444381580_ref_NZ_', 'Veillonella_atypica_KON_gi_444381509_ref_NZ_', 'Veillonella_atypica_KON_gi_444381607_ref_NZ_', 'Veillonella_atypica_KON_gi_444381519_ref_NZ_', 'Veillonella_atypica_KON_gi_444381555_ref_NZ_', 'Veillonella_atypica_KON_gi_444381548_ref_NZ_', 'Veillonella_atypica_KON_gi_444381608_ref_NZ_', 'Veillonella_atypica_KON_gi_444381579_ref_NZ_']
	Reference Veillonella_atypica_KON_gi_444381519_ref_NZ_: 1 total alignments. 1 total regions.
		Region: 1 to 13322 (13322 bp)
			START in gap: 1 to 2586 (2585 bp)
			Align 1: 2586 2699 scaffold2952_14.6 1 114
			END in gap: 2699 to 13322 (10623 bp)

Analysis is finished!
Founded SNPs were written into /Molly/gurevich/MetaQUAST/res_final/res_hmp_final/runs_per_reference/Veillonella_atypica_KON/contigs_reports/nucmer_output/SOAPdenovo2.used_snps

Results:
	Local Misassemblies: 3
	Misassemblies: 1
		Relocations: 0
		Translocations: 1
		Inversions: 0
	Fake misassemblies matched with structural variations: 0
	Misassembled Contigs: 1
	Misassembled Contig Bases: 1508
	Misassemblies Inter-Contig Overlap: 0
Uncovered Regions: 0 (0)
Unaligned Contigs: 0 + 44 part
Partially Unaligned Contigs with Misassemblies: 5
Unaligned Contig Bases: 67833

Ambiguously Mapped Contigs: 0
Total Bases in Ambiguously Mapped Contigs: 0
Note that --allow-ambiguity option was set to "one" and only first alignment per each contig was used.

	Covered Bases: 30497

	SNPs: 662
	Insertions: 69
	Deletions: 59

	Positive Gaps: 95
		Internal Gaps:  10
		External Gaps:  85
		External Gap Total:  1757831
		External Gap Average: 20680
	Negative Gaps: 1
		Internal Overlaps:  0
		External Overlaps:  1
		External Overlaps Total: -8
		External Overlaps Average: -8
	Contigs with Redundant Alignments: 1 (299)
