Aligning contigs to reference...
	Using existing Nucmer alignments...
Parsing coords...
Loading reference...
	Loaded [Dorea_longicatena_gi_223667564_ref_NZ_]
	Loaded [Dorea_longicatena_gi_223667565_ref_NZ_]
	Loaded [Dorea_longicatena_gi_223667566_ref_NZ_]
	Loaded [Dorea_longicatena_gi_223667567_ref_NZ_]
	Loaded [Dorea_longicatena_gi_223667568_ref_NZ_]
	Loaded [Dorea_longicatena_gi_223667569_ref_NZ_]
	Loaded [Dorea_longicatena_gi_223667570_ref_NZ_]
	Loaded [Dorea_longicatena_gi_223667571_ref_NZ_]
	Loaded [Dorea_longicatena_gi_223667572_ref_NZ_]
	Loaded [Dorea_longicatena_gi_223667573_ref_NZ_]
	Loaded [Dorea_longicatena_gi_223667574_ref_NZ_]
	Loaded [Dorea_longicatena_gi_223667575_ref_NZ_]
	Loaded [Dorea_longicatena_gi_223667576_ref_NZ_]
	Loaded [Dorea_longicatena_gi_223667577_ref_NZ_]
	Loaded [Dorea_longicatena_gi_223667578_ref_NZ_]
	Loaded [Dorea_longicatena_gi_223667579_ref_NZ_]
	Loaded [Dorea_longicatena_gi_223667580_ref_NZ_]
	Loaded [Dorea_longicatena_gi_223667581_ref_NZ_]
	Loaded [Dorea_longicatena_gi_223667582_ref_NZ_]
	Loaded [Dorea_longicatena_gi_223667583_ref_NZ_]
	Loaded [Dorea_longicatena_gi_223667584_ref_NZ_]
	Loaded [Dorea_longicatena_gi_223667585_ref_NZ_]
	Loaded [Dorea_longicatena_gi_223667586_ref_NZ_]
	Loaded [Dorea_longicatena_gi_223667587_ref_NZ_]
	Loaded [Dorea_longicatena_gi_223667588_ref_NZ_]
	Loaded [Dorea_longicatena_gi_223667589_ref_NZ_]
	Loaded [Dorea_longicatena_gi_223667590_ref_NZ_]
	Loaded [Dorea_longicatena_gi_223667591_ref_NZ_]
	Loaded [Dorea_longicatena_gi_223667592_ref_NZ_]
	Loaded [Dorea_longicatena_gi_223667593_ref_NZ_]
	Loaded [Dorea_longicatena_gi_223667594_ref_NZ_]
	Loaded [Dorea_longicatena_gi_223667595_ref_NZ_]
	Loaded [Dorea_longicatena_gi_223667596_ref_NZ_]
	Loaded [Dorea_longicatena_gi_223667597_ref_NZ_]
	Loaded [Dorea_longicatena_gi_223667598_ref_NZ_]
	Loaded [Dorea_longicatena_gi_223667599_ref_NZ_]
Loading SNPs...
Loading regions...
	No regions given, using whole reference.
	Total Regions: 36
	Total Region Length: 2915433
Analyzing contigs...
CONTIG: C749028__5.0 (1111bp)
Top Length: 1111  Top ID: 98.56
		One align captures most of this contig: 106341 107451 | 1111 1 | 1111 1111 | 98.56 | Dorea_longicatena_gi_223667596_ref_NZ_ C749028__5.0

CONTIG: C747348__6.0 (1029bp)
Top Length: 1029  Top ID: 99.03
		Marking as insignificant: 4193 5180 | 1 988 | 988 988 | 99.09 | Dorea_longicatena_gi_223667568_ref_NZ_ C747348__6.0
		This contig has 4 significant alignments. [An ambiguously mapped contig]
		Using only first of these alignment (option --ambiguity-usage is set to "one"):
		Alignment: 43045 44072 | 1 1029 | 1028 1029 | 99.03 | Dorea_longicatena_gi_223667569_ref_NZ_ C747348__6.0
		Skipping alignment  269436 270463 | 1 1029 | 1028 1029 | 99.03 | Dorea_longicatena_gi_223667595_ref_NZ_ C747348__6.0
		Skipping alignment  208179 209206 | 1029 1 | 1028 1029 | 99.03 | Dorea_longicatena_gi_223667572_ref_NZ_ C747348__6.0
		Skipping alignment  221131 222158 | 1 1029 | 1028 1029 | 98.83 | Dorea_longicatena_gi_223667571_ref_NZ_ C747348__6.0

CONTIG: scaffold12278__2.2 (545bp)
Top Length: 146  Top ID: 100.0
		This contig is partially unaligned. (Aligned 146 out of 545 bases)
		Alignment: 72864 73009 | 400 545 | 146 146 | 100.0 | Dorea_longicatena_gi_223667581_ref_NZ_ scaffold12278__2.2
		Unaligned bases: 1 to 399 (399)

CONTIG: C742884_73.0 (865bp)
Top Length: 865  Top ID: 99.08
		One align captures most of this contig: 33239 34103 | 1 865 | 865 865 | 99.08 | Dorea_longicatena_gi_223667584_ref_NZ_ C742884_73.0

CONTIG: C747996_15.0 (1061bp)
Top Length: 1061  Top ID: 100.0
		One align captures most of this contig: 29270 30330 | 1061 1 | 1061 1061 | 100.0 | Dorea_longicatena_gi_223667584_ref_NZ_ C747996_15.0

CONTIG: C749472_16.0 (1133bp)
Top Length: 1133  Top ID: 100.0
		One align captures most of this contig: 30300 31432 | 1133 1 | 1133 1133 | 100.0 | Dorea_longicatena_gi_223667584_ref_NZ_ C749472_16.0

CONTIG: C752372_17.0 (1307bp)
Top Length: 1307  Top ID: 99.85
		One align captures most of this contig: 25749 27055 | 1307 1 | 1307 1307 | 99.85 | Dorea_longicatena_gi_223667584_ref_NZ_ C752372_17.0

CONTIG: C752386_25.0 (1308bp)
Top Length: 1307  Top ID: 100.0
		One align captures most of this contig: 24105 25411 | 1308 2 | 1307 1307 | 100.0 | Dorea_longicatena_gi_223667584_ref_NZ_ C752386_25.0

CONTIG: C758522__8.0 (2005bp)
Top Length: 2005  Top ID: 99.7
		One align captures most of this contig: 27292 29296 | 1 2005 | 2005 2005 | 99.7 | Dorea_longicatena_gi_223667584_ref_NZ_ C758522__8.0

CONTIG: C724596_63.0 (548bp)
Top Length: 548  Top ID: 99.27
		This contig has 2 significant alignments. [An ambiguously mapped contig]
		Using only first of these alignment (option --ambiguity-usage is set to "one"):
		Alignment: 297 844 | 1 548 | 548 548 | 99.27 | Dorea_longicatena_gi_223667577_ref_NZ_ C724596_63.0
		Skipping alignment  13176 13723 | 1 548 | 548 548 | 99.27 | Dorea_longicatena_gi_223667598_ref_NZ_ C724596_63.0

CONTIG: C734770__5.0 (680bp)
Top Length: 680  Top ID: 97.5
		One align captures most of this contig: 7029 7705 | 1 680 | 677 680 | 97.5 | Dorea_longicatena_gi_223667598_ref_NZ_ C734770__5.0

CONTIG: C739616_10.0 (777bp)
Top Length: 777  Top ID: 100.0
		Marking as insignificant: 2416 2540 | 777 653 | 125 125 | 100.0 | Dorea_longicatena_gi_223667567_ref_NZ_ C739616_10.0
		Marking as insignificant: 1 136 | 642 777 | 136 136 | 100.0 | Dorea_longicatena_gi_223667569_ref_NZ_ C739616_10.0
		This contig has 5 significant alignments. [An ambiguously mapped contig]
		Using only first of these alignment (option --ambiguity-usage is set to "one"):
		Alignment: 104 880 | 1 777 | 777 777 | 100.0 | Dorea_longicatena_gi_223667565_ref_NZ_ C739616_10.0
		Skipping alignment  446461 447237 | 777 1 | 777 777 | 100.0 | Dorea_longicatena_gi_223667572_ref_NZ_ C739616_10.0
		Skipping alignment  3515 4291 | 777 1 | 777 777 | 100.0 | Dorea_longicatena_gi_223667577_ref_NZ_ C739616_10.0
		Skipping alignment  17455 18231 | 777 1 | 777 777 | 100.0 | Dorea_longicatena_gi_223667598_ref_NZ_ C739616_10.0
		Skipping alignment  131750 132526 | 777 1 | 777 777 | 100.0 | Dorea_longicatena_gi_223667599_ref_NZ_ C739616_10.0

CONTIG: C752606_66.0 (1326bp)
Top Length: 1326  Top ID: 99.92
		This contig has 2 significant alignments. [An ambiguously mapped contig]
		Using only first of these alignment (option --ambiguity-usage is set to "one"):
		Alignment: 823 2148 | 1326 1 | 1326 1326 | 99.92 | Dorea_longicatena_gi_223667577_ref_NZ_ C752606_66.0
		Skipping alignment  13702 15027 | 1326 1 | 1326 1326 | 99.92 | Dorea_longicatena_gi_223667598_ref_NZ_ C752606_66.0

CONTIG: scaffold13__4.2 (1679bp)
Top Length: 1050  Top ID: 98.76
		This contig is misassembled. 4 total aligns.
			Real Alignment 1: 152303 152402 | 100 1 | 100 100 | 100.0 | Dorea_longicatena_gi_223667595_ref_NZ_ scaffold13__4.2
			  Gap between these two alignments (local misassembly). Inconsistency = 137 
			Real Alignment 2: 151940 152134 | 326 132 | 195 195 | 100.0 | Dorea_longicatena_gi_223667595_ref_NZ_ scaffold13__4.2
			  Gap between these two alignments (local misassembly). Inconsistency = 134 
			Real Alignment 3: 151613 151804 | 519 328 | 192 192 | 99.48 | Dorea_longicatena_gi_223667595_ref_NZ_ scaffold13__4.2
			  Gap between these two alignments (local misassembly). Inconsistency = 151 
			Real Alignment 4: 150303 151352 | 1678 629 | 1050 1050 | 98.76 | Dorea_longicatena_gi_223667595_ref_NZ_ scaffold13__4.2

CONTIG: scaffold2986__5.2 (567bp)
Top Length: 233  Top ID: 99.57
		This contig is misassembled. 3 total aligns.
			Real Alignment 1: 201238 201339 | 1 102 | 102 102 | 98.04 | Dorea_longicatena_gi_223667595_ref_NZ_ scaffold2986__5.2
			  Gap between these two alignments (local misassembly). Inconsistency = 153 
			Real Alignment 2: 201558 201661 | 168 271 | 104 104 | 99.04 | Dorea_longicatena_gi_223667595_ref_NZ_ scaffold2986__5.2
			  Gap between these two alignments (local misassembly). Inconsistency = 156 
			Real Alignment 3: 201881 202113 | 335 567 | 233 233 | 99.57 | Dorea_longicatena_gi_223667595_ref_NZ_ scaffold2986__5.2

CONTIG: scaffold12243__3.3 (820bp)
Top Length: 254  Top ID: 96.06
		This contig is misassembled. 2 total aligns.
			Warning! This contig is more unaligned than misassembled. Contig length is 820 and total length of all aligns is 321
		Alignment: 170456 170708 | 496 749 | 253 254 | 96.06 | Dorea_longicatena_gi_223667595_ref_NZ_ scaffold12243__3.3
		Alignment: 170866 170932 | 754 820 | 67 67 | 100.0 | Dorea_longicatena_gi_223667595_ref_NZ_ scaffold12243__3.3
		Unaligned bases: 499
CONTIG: scaffold14876__4.2 (2259bp)
Top Length: 618  Top ID: 99.03
		This contig is misassembled. 4 total aligns.
			Real Alignment 1: 465667 465839 | 1 173 | 173 173 | 96.53 | Dorea_longicatena_gi_223667572_ref_NZ_ scaffold14876__4.2
			  Extensive misassembly ( translocation ) between these two alignments
			Real Alignment 2: 203751 204368 | 1466 849 | 618 618 | 99.03 | Dorea_longicatena_gi_223667595_ref_NZ_ scaffold14876__4.2
			  Gap between these two alignments (local misassembly). Inconsistency = 153 
			Real Alignment 3: 203083 203591 | 1981 1473 | 509 509 | 99.21 | Dorea_longicatena_gi_223667595_ref_NZ_ scaffold14876__4.2
			  Gap between these two alignments (local misassembly). Inconsistency = 125 
			Real Alignment 4: 202680 202952 | 2259 1987 | 273 273 | 98.9 | Dorea_longicatena_gi_223667595_ref_NZ_ scaffold14876__4.2
		This contig has significant unaligned parts (of length >= min-contig)! It can contain interspecies translocations

CONTIG: scaffold26883__3.6 (525bp)
Top Length: 332  Top ID: 99.4
		This contig is misassembled. 2 total aligns.
			Real Alignment 1: 193104 193227 | 124 1 | 124 124 | 98.39 | Dorea_longicatena_gi_223667595_ref_NZ_ scaffold26883__3.6
			  Gap between these two alignments (local misassembly). Inconsistency = 147 
			Real Alignment 2: 192556 192887 | 525 194 | 332 332 | 99.4 | Dorea_longicatena_gi_223667595_ref_NZ_ scaffold26883__3.6

CONTIG: scaffold42058__5.3 (698bp)
Top Length: 316  Top ID: 98.42
		This contig is misassembled. 2 total aligns.
			Real Alignment 1: 197718 198033 | 500 185 | 316 316 | 98.42 | Dorea_longicatena_gi_223667595_ref_NZ_ scaffold42058__5.3
			  Gap between these two alignments (local misassembly). Inconsistency = 147 
			Real Alignment 2: 197373 197497 | 698 574 | 125 125 | 98.4 | Dorea_longicatena_gi_223667595_ref_NZ_ scaffold42058__5.3

CONTIG: scaffold50397__5.2 (569bp)
Top Length: 285  Top ID: 100.0
		This contig is misassembled. 2 total aligns.
			Real Alignment 1: 193425 193616 | 1 192 | 192 192 | 99.48 | Dorea_longicatena_gi_223667595_ref_NZ_ scaffold50397__5.2
			  Gap between these two alignments (local misassembly). Inconsistency = 144 
			Real Alignment 2: 193853 194137 | 285 569 | 285 285 | 100.0 | Dorea_longicatena_gi_223667595_ref_NZ_ scaffold50397__5.2

CONTIG: scaffold53316__4.0 (549bp)
Top Length: 228  Top ID: 98.68
		This contig is partially unaligned. (Aligned 228 out of 549 bases)
		Alignment: 197498 197725 | 228 1 | 228 228 | 98.68 | Dorea_longicatena_gi_223667595_ref_NZ_ scaffold53316__4.0
		Unaligned bases: 229 to 549 (321)

CONTIG: scaffold53781__3.8 (556bp)
Top Length: 237  Top ID: 99.58
		This contig is partially unaligned. (Aligned 237 out of 556 bases)
		Alignment: 201309 201545 | 1 237 | 237 237 | 99.58 | Dorea_longicatena_gi_223667595_ref_NZ_ scaffold53781__3.8
		Unaligned bases: 238 to 556 (319)

CONTIG: scaffold54138__8.4 (1333bp)
Top Length: 562  Top ID: 97.15
		This contig is misassembled. 3 total aligns.
			Real Alignment 1: 148756 149121 | 367 2 | 366 366 | 96.72 | Dorea_longicatena_gi_223667595_ref_NZ_ scaffold54138__8.4
			  Gap between these two alignments (local misassembly). Inconsistency = 144 
			Real Alignment 2: 148283 148546 | 697 433 | 264 265 | 96.6 | Dorea_longicatena_gi_223667595_ref_NZ_ scaffold54138__8.4
			  Gap between these two alignments (local misassembly). Inconsistency = 137 
			Real Alignment 3: 147583 148144 | 1260 699 | 562 562 | 97.15 | Dorea_longicatena_gi_223667595_ref_NZ_ scaffold54138__8.4

CONTIG: scaffold54579__2.6 (628bp)
Top Length: 303  Top ID: 98.02
		This contig is partially unaligned. (Aligned 303 out of 628 bases)
		Alignment: 172451 172753 | 326 628 | 303 303 | 98.02 | Dorea_longicatena_gi_223667595_ref_NZ_ scaffold54579__2.6
		Unaligned bases: 1 to 325 (325)

CONTIG: scaffold54741__5.0 (803bp)
Top Length: 472  Top ID: 97.67
		This contig is misassembled. 2 total aligns.
			Real Alignment 1: 199151 199409 | 259 1 | 259 259 | 98.46 | Dorea_longicatena_gi_223667595_ref_NZ_ scaffold54741__5.0
			  Gap between these two alignments (local misassembly). Inconsistency = 148 
			Real Alignment 2: 198459 198930 | 803 332 | 472 472 | 97.67 | Dorea_longicatena_gi_223667595_ref_NZ_ scaffold54741__5.0

CONTIG: C720390_10.0 (508bp)
Top Length: 508  Top ID: 99.61
		One align captures most of this contig: 194160 194667 | 1 508 | 508 508 | 99.61 | Dorea_longicatena_gi_223667595_ref_NZ_ C720390_10.0

CONTIG: C731900__8.0 (637bp)
Top Length: 637  Top ID: 100.0
		One align captures most of this contig: 194669 195305 | 637 1 | 637 637 | 100.0 | Dorea_longicatena_gi_223667595_ref_NZ_ C731900__8.0

CONTIG: C734438__4.0 (674bp)
Top Length: 674  Top ID: 99.41
		One align captures most of this contig: 167139 167812 | 674 1 | 674 674 | 99.41 | Dorea_longicatena_gi_223667595_ref_NZ_ C734438__4.0

CONTIG: C737140__5.0 (722bp)
Top Length: 722  Top ID: 99.31
		One align captures most of this contig: 173794 174513 | 722 1 | 720 722 | 99.31 | Dorea_longicatena_gi_223667595_ref_NZ_ C737140__5.0

CONTIG: C737178__6.0 (723bp)
Top Length: 721  Top ID: 99.17
		One align captures most of this contig: 149584 150304 | 3 723 | 721 721 | 99.17 | Dorea_longicatena_gi_223667595_ref_NZ_ C737178__6.0

CONTIG: C741532__5.0 (826bp)
Top Length: 826  Top ID: 99.27
		One align captures most of this contig: 200357 201182 | 1 826 | 826 826 | 99.27 | Dorea_longicatena_gi_223667595_ref_NZ_ C741532__5.0

CONTIG: C748446__6.0 (1083bp)
Top Length: 1082  Top ID: 99.54
		One align captures most of this contig: 207176 208257 | 2 1083 | 1082 1082 | 99.54 | Dorea_longicatena_gi_223667595_ref_NZ_ C748446__6.0

CONTIG: C750010_17.0 (1159bp)
Top Length: 1159  Top ID: 96.21
		One align captures most of this contig: 224495 225654 | 1159 1 | 1160 1159 | 96.21 | Dorea_longicatena_gi_223667595_ref_NZ_ C750010_17.0

CONTIG: C754606_36.0 (1509bp)
Top Length: 1509  Top ID: 99.67
		One align captures most of this contig: 177945 179453 | 1509 1 | 1509 1509 | 99.67 | Dorea_longicatena_gi_223667595_ref_NZ_ C754606_36.0

CONTIG: C760034__6.0 (2295bp)
Top Length: 2295  Top ID: 99.61
		One align captures most of this contig: 208259 210553 | 1 2295 | 2295 2295 | 99.61 | Dorea_longicatena_gi_223667595_ref_NZ_ C760034__6.0

CONTIG: scaffold34100__2.0 (735bp)
Top Length: 148  Top ID: 95.27
		This contig is partially unaligned. (Aligned 148 out of 735 bases)
		Alignment: 153343 153490 | 588 735 | 148 148 | 95.27 | Dorea_longicatena_gi_223667573_ref_NZ_ scaffold34100__2.0
		Unaligned bases: 1 to 587 (587)

CONTIG: C736214__3.0 (705bp)
Top Length: 705  Top ID: 98.87
		One align captures most of this contig: 153498 154202 | 1 705 | 705 705 | 98.87 | Dorea_longicatena_gi_223667573_ref_NZ_ C736214__3.0

CONTIG: scaffold3261__3.0 (2418bp)
Top Length: 438  Top ID: 96.35
		This contig is misassembled. 3 total aligns.
			Warning! This contig is more unaligned than misassembled. Contig length is 2418 and total length of all aligns is 1189
		Alignment: 25692 26129 | 1 438 | 438 438 | 96.35 | Dorea_longicatena_gi_223667571_ref_NZ_ scaffold3261__3.0
		Alignment: 27505 27934 | 1258 1687 | 430 430 | 95.12 | Dorea_longicatena_gi_223667571_ref_NZ_ scaffold3261__3.0
		Alignment: 28689 29009 | 2024 2344 | 321 321 | 96.26 | Dorea_longicatena_gi_223667571_ref_NZ_ scaffold3261__3.0
		Unaligned bases: 1229
		This contig has both significant aligned and unaligned parts (of length >= min-contig)! It can contain interspecies translocations
CONTIG: scaffold11176__3.7 (730bp)
Top Length: 325  Top ID: 99.08
		This contig is misassembled. 2 total aligns.
			Real Alignment 1: 509986 510163 | 1 178 | 178 178 | 100.0 | Dorea_longicatena_gi_223667572_ref_NZ_ scaffold11176__3.7
			  Gap between these two alignments (local misassembly). Inconsistency = 299 
			Real Alignment 2: 510690 511014 | 406 730 | 325 325 | 99.08 | Dorea_longicatena_gi_223667572_ref_NZ_ scaffold11176__3.7

CONTIG: scaffold11513__6.7 (2028bp)
Top Length: 128  Top ID: 97.66
		This contig is partially unaligned. (Aligned 128 out of 2028 bases)
		Alignment: 49081 49208 | 1244 1117 | 128 128 | 97.66 | Dorea_longicatena_gi_223667572_ref_NZ_ scaffold11513__6.7
		Unaligned bases: 1 to 1116 (1116)
		Unaligned bases: 1245 to 2028 (784)

CONTIG: scaffold17962__2.2 (559bp)
Top Length: 254  Top ID: 99.21
		This contig is misassembled. 3 total aligns.
			Real Alignment 1: 513431 513684 | 254 1 | 254 254 | 99.21 | Dorea_longicatena_gi_223667572_ref_NZ_ scaffold17962__2.2
			  Gap between these two alignments (local misassembly). Inconsistency = 145 
			Real Alignment 2: 513150 513232 | 390 308 | 83 83 | 100.0 | Dorea_longicatena_gi_223667572_ref_NZ_ scaffold17962__2.2
			  Gap between these two alignments (local misassembly). Inconsistency = 143 
			Real Alignment 3: 512838 512977 | 559 420 | 140 140 | 99.29 | Dorea_longicatena_gi_223667572_ref_NZ_ scaffold17962__2.2

CONTIG: scaffold21593__3.6 (792bp)
Top Length: 421  Top ID: 99.52
		This contig is misassembled. 2 total aligns.
			Real Alignment 1: 519001 519421 | 1 421 | 421 421 | 99.52 | Dorea_longicatena_gi_223667572_ref_NZ_ scaffold21593__3.6
			  Gap between these two alignments (local misassembly). Inconsistency = 301 
			Real Alignment 2: 519879 520093 | 578 792 | 215 215 | 99.53 | Dorea_longicatena_gi_223667572_ref_NZ_ scaffold21593__3.6

CONTIG: scaffold25425__2.2 (1006bp)
Top Length: 530  Top ID: 99.06
		This contig is misassembled. 4 total aligns.
			Real Alignment 1: 456771 456907 | 3 139 | 137 137 | 99.27 | Dorea_longicatena_gi_223667572_ref_NZ_ scaffold25425__2.2
			  Gap between these two alignments (local misassembly). Inconsistency = 149 
			Real Alignment 2: 457067 457157 | 150 240 | 91 91 | 100.0 | Dorea_longicatena_gi_223667572_ref_NZ_ scaffold25425__2.2
			  Gap between these two alignments (local misassembly). Inconsistency = 145 
			Real Alignment 3: 457305 457834 | 243 772 | 530 530 | 99.06 | Dorea_longicatena_gi_223667572_ref_NZ_ scaffold25425__2.2
			  Gap between these two alignments (local misassembly). Inconsistency = 144 
			Real Alignment 4: 458019 458212 | 813 1006 | 194 194 | 98.45 | Dorea_longicatena_gi_223667572_ref_NZ_ scaffold25425__2.2

CONTIG: scaffold35610__3.0 (899bp)
Top Length: 319  Top ID: 99.69
		This contig is misassembled. 4 total aligns.
			Real Alignment 1: 485485 485621 | 137 1 | 137 137 | 100.0 | Dorea_longicatena_gi_223667572_ref_NZ_ scaffold35610__3.0
			  Gap between these two alignments (local misassembly). Inconsistency = 143 
			Real Alignment 2: 484982 485300 | 497 179 | 319 319 | 99.69 | Dorea_longicatena_gi_223667572_ref_NZ_ scaffold35610__3.0
			  Gap between these two alignments (local misassembly). Inconsistency = 144 
			Real Alignment 3: 484689 484833 | 646 502 | 145 145 | 100.0 | Dorea_longicatena_gi_223667572_ref_NZ_ scaffold35610__3.0
			  Gap between these two alignments (local misassembly). Inconsistency = 147 
			Real Alignment 4: 484289 484498 | 899 690 | 210 210 | 100.0 | Dorea_longicatena_gi_223667572_ref_NZ_ scaffold35610__3.0

CONTIG: scaffold41358__3.2 (810bp)
Top Length: 488  Top ID: 99.8
		This contig is partially unaligned. (Aligned 488 out of 810 bases)
		Alignment: 508500 508987 | 678 191 | 488 488 | 99.8 | Dorea_longicatena_gi_223667572_ref_NZ_ scaffold41358__3.2
		Unaligned bases: 1 to 190 (190)
		Unaligned bases: 679 to 810 (132)

CONTIG: scaffold44484__2.8 (1872bp)
Top Length: 496  Top ID: 98.59
		This contig is misassembled. 6 total aligns.
			Real Alignment 1: 474653 475148 | 1 496 | 496 496 | 98.59 | Dorea_longicatena_gi_223667572_ref_NZ_ scaffold44484__2.8
			  Gap between these two alignments (local misassembly). Inconsistency = 157 
			Real Alignment 2: 475393 475522 | 584 713 | 130 130 | 96.92 | Dorea_longicatena_gi_223667572_ref_NZ_ scaffold44484__2.8
			  Gap between these two alignments (local misassembly). Inconsistency = 154 
			Real Alignment 3: 475744 475948 | 781 985 | 205 205 | 99.02 | Dorea_longicatena_gi_223667572_ref_NZ_ scaffold44484__2.8
			  Gap between these two alignments (local misassembly). Inconsistency = 147 
			Real Alignment 4: 476145 476552 | 1035 1442 | 408 408 | 97.06 | Dorea_longicatena_gi_223667572_ref_NZ_ scaffold44484__2.8
			  Gap between these two alignments (local misassembly). Inconsistency = 149 
			Real Alignment 5: 476735 476903 | 1476 1644 | 169 169 | 99.41 | Dorea_longicatena_gi_223667572_ref_NZ_ scaffold44484__2.8
			  Gap between these two alignments (local misassembly). Inconsistency = 133 
			Real Alignment 6: 477038 477261 | 1646 1869 | 224 224 | 98.66 | Dorea_longicatena_gi_223667572_ref_NZ_ scaffold44484__2.8

CONTIG: scaffold55972__4.2 (1467bp)
Top Length: 630  Top ID: 99.05
		This contig is misassembled. 3 total aligns.
			Real Alignment 1: 520146 520446 | 1 301 | 301 301 | 99.34 | Dorea_longicatena_gi_223667572_ref_NZ_ scaffold55972__4.2
			  Gap between these two alignments (local misassembly). Inconsistency = 133 
			Real Alignment 2: 520606 520963 | 328 685 | 358 358 | 99.44 | Dorea_longicatena_gi_223667572_ref_NZ_ scaffold55972__4.2
			  Gap between these two alignments (local misassembly). Inconsistency = 154 
			Real Alignment 3: 521215 521844 | 783 1412 | 630 630 | 99.05 | Dorea_longicatena_gi_223667572_ref_NZ_ scaffold55972__4.2

CONTIG: scaffold56121__1.9 (1272bp)
Top Length: 725  Top ID: 99.17
		This contig is misassembled. 2 total aligns.
			Real Alignment 1: 516296 517020 | 880 156 | 725 725 | 99.17 | Dorea_longicatena_gi_223667572_ref_NZ_ scaffold56121__1.9
			  Gap between these two alignments (local misassembly). Inconsistency = 128 
			Real Alignment 2: 515890 516166 | 1158 882 | 277 277 | 100.0 | Dorea_longicatena_gi_223667572_ref_NZ_ scaffold56121__1.9

CONTIG: C724614__9.0 (548bp)
Top Length: 475  Top ID: 96.0
		This contig is partially unaligned. (Aligned 475 out of 548 bases)
		Alignment: 56822 57296 | 548 74 | 475 475 | 96.0 | Dorea_longicatena_gi_223667572_ref_NZ_ C724614__9.0
		Unaligned bases: 1 to 73 (73)

CONTIG: C726122__2.0 (565bp)
Top Length: 565  Top ID: 96.64
		One align captures most of this contig: 480929 481493 | 1 565 | 565 565 | 96.64 | Dorea_longicatena_gi_223667572_ref_NZ_ C726122__2.0

CONTIG: C726966__4.0 (575bp)
Top Length: 575  Top ID: 99.48
		One align captures most of this contig: 50052 50626 | 1 575 | 575 575 | 99.48 | Dorea_longicatena_gi_223667572_ref_NZ_ C726966__4.0

CONTIG: C727392__4.0 (580bp)
Top Length: 580  Top ID: 98.62
		One align captures most of this contig: 494069 494648 | 580 1 | 580 580 | 98.62 | Dorea_longicatena_gi_223667572_ref_NZ_ C727392__4.0

CONTIG: C731596__4.0 (633bp)
Top Length: 633  Top ID: 97.16
		One align captures most of this contig: 472647 473279 | 633 1 | 633 633 | 97.16 | Dorea_longicatena_gi_223667572_ref_NZ_ C731596__4.0

CONTIG: C733160__4.0 (655bp)
Top Length: 655  Top ID: 99.24
		One align captures most of this contig: 514683 515337 | 655 1 | 655 655 | 99.24 | Dorea_longicatena_gi_223667572_ref_NZ_ C733160__4.0

CONTIG: C736906__2.0 (718bp)
Top Length: 718  Top ID: 99.17
		One align captures most of this contig: 463701 464418 | 1 718 | 718 718 | 99.17 | Dorea_longicatena_gi_223667572_ref_NZ_ C736906__2.0

CONTIG: C739048__4.0 (764bp)
Top Length: 764  Top ID: 96.6
		One align captures most of this contig: 477884 478647 | 764 1 | 764 764 | 96.6 | Dorea_longicatena_gi_223667572_ref_NZ_ C739048__4.0

CONTIG: scaffold7042__7.9 (1583bp)
Top Length: 358  Top ID: 99.16
		This contig is partially unaligned. (Aligned 358 out of 1583 bases)
		Alignment: 39680 40037 | 141 498 | 358 358 | 99.16 | Dorea_longicatena_gi_223667583_ref_NZ_ scaffold7042__7.9
		Unaligned bases: 1 to 140 (140)
		Unaligned bases: 499 to 1583 (1085)

CONTIG: scaffold7458__1.8 (551bp)
Top Length: 279  Top ID: 99.28
		This contig is partially unaligned. (Aligned 279 out of 551 bases)
		Alignment: 40296 40574 | 208 486 | 279 279 | 99.28 | Dorea_longicatena_gi_223667583_ref_NZ_ scaffold7458__1.8
		Unaligned bases: 1 to 207 (207)
		Unaligned bases: 487 to 551 (65)

CONTIG: scaffold13060__5.3 (1214bp)
Top Length: 262  Top ID: 98.85
		This contig is partially unaligned. (Aligned 262 out of 1214 bases)
		Alignment: 40035 40296 | 502 241 | 262 262 | 98.85 | Dorea_longicatena_gi_223667583_ref_NZ_ scaffold13060__5.3
		Unaligned bases: 1 to 240 (240)
		Unaligned bases: 503 to 1214 (712)

CONTIG: scaffold44980__2.2 (909bp)
Top Length: 297  Top ID: 98.99
		This contig is misassembled. 4 total aligns.
			Real Alignment 1: 42679 42975 | 1 297 | 297 297 | 98.99 | Dorea_longicatena_gi_223667583_ref_NZ_ scaffold44980__2.2
			  Gap between these two alignments (local misassembly). Inconsistency = 159 
			Real Alignment 2: 43154 43285 | 317 448 | 132 132 | 100.0 | Dorea_longicatena_gi_223667583_ref_NZ_ scaffold44980__2.2
			  Gap between these two alignments (local misassembly). Inconsistency = 130 
			Real Alignment 3: 43452 43607 | 485 640 | 156 156 | 100.0 | Dorea_longicatena_gi_223667583_ref_NZ_ scaffold44980__2.2
			  Gap between these two alignments (local misassembly). Inconsistency = 136 
			Real Alignment 4: 43745 44012 | 642 909 | 268 268 | 98.51 | Dorea_longicatena_gi_223667583_ref_NZ_ scaffold44980__2.2

Analyzing coverage...
Writing SNPs into /Molly/gurevich/MetaQUAST/res_final/res_metahit_final/runs_per_reference/Dorea_longicatena/contigs_reports/nucmer_output/SOAPdenovo2.used_snps
ERROR: Reference Dorea_longicatena_gi_223667575_ref_NZ_ does not have any alignments!  Check that this is the same file used for alignment.
ERROR: Alignment Reference Headers: ['Dorea_longicatena_gi_223667581_ref_NZ_', 'Dorea_longicatena_gi_223667565_ref_NZ_', 'Dorea_longicatena_gi_223667573_ref_NZ_', 'Dorea_longicatena_gi_223667572_ref_NZ_', 'Dorea_longicatena_gi_223667577_ref_NZ_', 'Dorea_longicatena_gi_223667595_ref_NZ_', 'Dorea_longicatena_gi_223667569_ref_NZ_', 'Dorea_longicatena_gi_223667571_ref_NZ_', 'Dorea_longicatena_gi_223667584_ref_NZ_', 'Dorea_longicatena_gi_223667583_ref_NZ_', 'Dorea_longicatena_gi_223667596_ref_NZ_', 'Dorea_longicatena_gi_223667598_ref_NZ_']
ERROR: Reference Dorea_longicatena_gi_223667585_ref_NZ_ does not have any alignments!  Check that this is the same file used for alignment.
ERROR: Alignment Reference Headers: ['Dorea_longicatena_gi_223667581_ref_NZ_', 'Dorea_longicatena_gi_223667565_ref_NZ_', 'Dorea_longicatena_gi_223667573_ref_NZ_', 'Dorea_longicatena_gi_223667572_ref_NZ_', 'Dorea_longicatena_gi_223667577_ref_NZ_', 'Dorea_longicatena_gi_223667595_ref_NZ_', 'Dorea_longicatena_gi_223667569_ref_NZ_', 'Dorea_longicatena_gi_223667571_ref_NZ_', 'Dorea_longicatena_gi_223667584_ref_NZ_', 'Dorea_longicatena_gi_223667583_ref_NZ_', 'Dorea_longicatena_gi_223667596_ref_NZ_', 'Dorea_longicatena_gi_223667598_ref_NZ_']
	Reference Dorea_longicatena_gi_223667577_ref_NZ_: 2 total alignments. 1 total regions.
		Region: 1 to 4470 (4470 bp)
			START in gap: 1 to 297 (296 bp)
			Align 1: 297 844 C724596_63.0 1 548
				Negative gap (overlap) between this and next alignment: 844 to 823 (-21 bp)
				Next Alignment: 823 2148 C752606_66.0 1326 1

			Previous gap was negative, modifying coordinates to ignore overlap
				Moving contig start from 1326 to 1304.
			Align 2: 845 2148 C752606_66.0 1304 1
			END in gap: 2148 to 4470 (2322 bp)

ERROR: Reference Dorea_longicatena_gi_223667587_ref_NZ_ does not have any alignments!  Check that this is the same file used for alignment.
ERROR: Alignment Reference Headers: ['Dorea_longicatena_gi_223667581_ref_NZ_', 'Dorea_longicatena_gi_223667565_ref_NZ_', 'Dorea_longicatena_gi_223667573_ref_NZ_', 'Dorea_longicatena_gi_223667572_ref_NZ_', 'Dorea_longicatena_gi_223667577_ref_NZ_', 'Dorea_longicatena_gi_223667595_ref_NZ_', 'Dorea_longicatena_gi_223667569_ref_NZ_', 'Dorea_longicatena_gi_223667571_ref_NZ_', 'Dorea_longicatena_gi_223667584_ref_NZ_', 'Dorea_longicatena_gi_223667583_ref_NZ_', 'Dorea_longicatena_gi_223667596_ref_NZ_', 'Dorea_longicatena_gi_223667598_ref_NZ_']
ERROR: Reference Dorea_longicatena_gi_223667570_ref_NZ_ does not have any alignments!  Check that this is the same file used for alignment.
ERROR: Alignment Reference Headers: ['Dorea_longicatena_gi_223667581_ref_NZ_', 'Dorea_longicatena_gi_223667565_ref_NZ_', 'Dorea_longicatena_gi_223667573_ref_NZ_', 'Dorea_longicatena_gi_223667572_ref_NZ_', 'Dorea_longicatena_gi_223667577_ref_NZ_', 'Dorea_longicatena_gi_223667595_ref_NZ_', 'Dorea_longicatena_gi_223667569_ref_NZ_', 'Dorea_longicatena_gi_223667571_ref_NZ_', 'Dorea_longicatena_gi_223667584_ref_NZ_', 'Dorea_longicatena_gi_223667583_ref_NZ_', 'Dorea_longicatena_gi_223667596_ref_NZ_', 'Dorea_longicatena_gi_223667598_ref_NZ_']
ERROR: Reference Dorea_longicatena_gi_223667591_ref_NZ_ does not have any alignments!  Check that this is the same file used for alignment.
ERROR: Alignment Reference Headers: ['Dorea_longicatena_gi_223667581_ref_NZ_', 'Dorea_longicatena_gi_223667565_ref_NZ_', 'Dorea_longicatena_gi_223667573_ref_NZ_', 'Dorea_longicatena_gi_223667572_ref_NZ_', 'Dorea_longicatena_gi_223667577_ref_NZ_', 'Dorea_longicatena_gi_223667595_ref_NZ_', 'Dorea_longicatena_gi_223667569_ref_NZ_', 'Dorea_longicatena_gi_223667571_ref_NZ_', 'Dorea_longicatena_gi_223667584_ref_NZ_', 'Dorea_longicatena_gi_223667583_ref_NZ_', 'Dorea_longicatena_gi_223667596_ref_NZ_', 'Dorea_longicatena_gi_223667598_ref_NZ_']
ERROR: Reference Dorea_longicatena_gi_223667578_ref_NZ_ does not have any alignments!  Check that this is the same file used for alignment.
ERROR: Alignment Reference Headers: ['Dorea_longicatena_gi_223667581_ref_NZ_', 'Dorea_longicatena_gi_223667565_ref_NZ_', 'Dorea_longicatena_gi_223667573_ref_NZ_', 'Dorea_longicatena_gi_223667572_ref_NZ_', 'Dorea_longicatena_gi_223667577_ref_NZ_', 'Dorea_longicatena_gi_223667595_ref_NZ_', 'Dorea_longicatena_gi_223667569_ref_NZ_', 'Dorea_longicatena_gi_223667571_ref_NZ_', 'Dorea_longicatena_gi_223667584_ref_NZ_', 'Dorea_longicatena_gi_223667583_ref_NZ_', 'Dorea_longicatena_gi_223667596_ref_NZ_', 'Dorea_longicatena_gi_223667598_ref_NZ_']
ERROR: Reference Dorea_longicatena_gi_223667586_ref_NZ_ does not have any alignments!  Check that this is the same file used for alignment.
ERROR: Alignment Reference Headers: ['Dorea_longicatena_gi_223667581_ref_NZ_', 'Dorea_longicatena_gi_223667565_ref_NZ_', 'Dorea_longicatena_gi_223667573_ref_NZ_', 'Dorea_longicatena_gi_223667572_ref_NZ_', 'Dorea_longicatena_gi_223667577_ref_NZ_', 'Dorea_longicatena_gi_223667595_ref_NZ_', 'Dorea_longicatena_gi_223667569_ref_NZ_', 'Dorea_longicatena_gi_223667571_ref_NZ_', 'Dorea_longicatena_gi_223667584_ref_NZ_', 'Dorea_longicatena_gi_223667583_ref_NZ_', 'Dorea_longicatena_gi_223667596_ref_NZ_', 'Dorea_longicatena_gi_223667598_ref_NZ_']
	Reference Dorea_longicatena_gi_223667598_ref_NZ_: 1 total alignments. 1 total regions.
		Region: 1 to 177295 (177295 bp)
			START in gap: 1 to 7029 (7028 bp)
			Align 1: 7029 7705 C734770__5.0 1 680
			END in gap: 7705 to 177295 (169590 bp)

	Reference Dorea_longicatena_gi_223667573_ref_NZ_: 2 total alignments. 1 total regions.
		Region: 1 to 216476 (216476 bp)
			START in gap: 1 to 153343 (153342 bp)
			Align 1: 153343 153490 scaffold34100__2.0 588 735
				Gap between this and next alignment: 153490 to 153498 (7 bp)
				Next Alignment: 153498 154202 C736214__3.0 1 705

			Align 2: 153498 154202 C736214__3.0 1 705
			END in gap: 154202 to 216476 (62274 bp)

ERROR: Reference Dorea_longicatena_gi_223667568_ref_NZ_ does not have any alignments!  Check that this is the same file used for alignment.
ERROR: Alignment Reference Headers: ['Dorea_longicatena_gi_223667581_ref_NZ_', 'Dorea_longicatena_gi_223667565_ref_NZ_', 'Dorea_longicatena_gi_223667573_ref_NZ_', 'Dorea_longicatena_gi_223667572_ref_NZ_', 'Dorea_longicatena_gi_223667577_ref_NZ_', 'Dorea_longicatena_gi_223667595_ref_NZ_', 'Dorea_longicatena_gi_223667569_ref_NZ_', 'Dorea_longicatena_gi_223667571_ref_NZ_', 'Dorea_longicatena_gi_223667584_ref_NZ_', 'Dorea_longicatena_gi_223667583_ref_NZ_', 'Dorea_longicatena_gi_223667596_ref_NZ_', 'Dorea_longicatena_gi_223667598_ref_NZ_']
ERROR: Reference Dorea_longicatena_gi_223667574_ref_NZ_ does not have any alignments!  Check that this is the same file used for alignment.
ERROR: Alignment Reference Headers: ['Dorea_longicatena_gi_223667581_ref_NZ_', 'Dorea_longicatena_gi_223667565_ref_NZ_', 'Dorea_longicatena_gi_223667573_ref_NZ_', 'Dorea_longicatena_gi_223667572_ref_NZ_', 'Dorea_longicatena_gi_223667577_ref_NZ_', 'Dorea_longicatena_gi_223667595_ref_NZ_', 'Dorea_longicatena_gi_223667569_ref_NZ_', 'Dorea_longicatena_gi_223667571_ref_NZ_', 'Dorea_longicatena_gi_223667584_ref_NZ_', 'Dorea_longicatena_gi_223667583_ref_NZ_', 'Dorea_longicatena_gi_223667596_ref_NZ_', 'Dorea_longicatena_gi_223667598_ref_NZ_']
	Reference Dorea_longicatena_gi_223667583_ref_NZ_: 7 total alignments. 1 total regions.
		Region: 1 to 45355 (45355 bp)
			START in gap: 1 to 39680 (39679 bp)
			Align 1: 39680 40037 scaffold7042__7.9 141 498
				Negative gap (overlap) between this and next alignment: 40037 to 40035 (-2 bp)
				Next Alignment: 40035 40296 scaffold13060__5.3 502 241

			Previous gap was negative, modifying coordinates to ignore overlap
				Moving contig start from 502 to 499.
			Align 2: 40038 40296 scaffold13060__5.3 499 241
				Negative gap (overlap) between this and next alignment: 40296 to 40296 (0 bp)
				Next Alignment: 40296 40574 scaffold7458__1.8 208 486

			Previous gap was negative, modifying coordinates to ignore overlap
				Moving contig start from 208 to 209.
			Align 3: 40297 40574 scaffold7458__1.8 209 486
				Gap between this and next alignment: 40574 to 42679 (2104 bp)
				Next Alignment: 42679 42975 scaffold44980__2.2 1 297

			Align 4: 42679 42975 scaffold44980__2.2 1 297
				Gap between this and next alignment: 42975 to 43154 (178 bp)
				Next Alignment: 43154 43285 scaffold44980__2.2 317 448

			Align 5: 43154 43285 scaffold44980__2.2 317 448
				Gap between this and next alignment: 43285 to 43452 (166 bp)
				Next Alignment: 43452 43607 scaffold44980__2.2 485 640

			Align 6: 43452 43607 scaffold44980__2.2 485 640
				Gap between this and next alignment: 43607 to 43745 (137 bp)
				Next Alignment: 43745 44012 scaffold44980__2.2 642 909

			Align 7: 43745 44012 scaffold44980__2.2 642 909
			END in gap: 44012 to 45355 (1343 bp)

ERROR: Reference Dorea_longicatena_gi_223667576_ref_NZ_ does not have any alignments!  Check that this is the same file used for alignment.
ERROR: Alignment Reference Headers: ['Dorea_longicatena_gi_223667581_ref_NZ_', 'Dorea_longicatena_gi_223667565_ref_NZ_', 'Dorea_longicatena_gi_223667573_ref_NZ_', 'Dorea_longicatena_gi_223667572_ref_NZ_', 'Dorea_longicatena_gi_223667577_ref_NZ_', 'Dorea_longicatena_gi_223667595_ref_NZ_', 'Dorea_longicatena_gi_223667569_ref_NZ_', 'Dorea_longicatena_gi_223667571_ref_NZ_', 'Dorea_longicatena_gi_223667584_ref_NZ_', 'Dorea_longicatena_gi_223667583_ref_NZ_', 'Dorea_longicatena_gi_223667596_ref_NZ_', 'Dorea_longicatena_gi_223667598_ref_NZ_']
ERROR: Reference Dorea_longicatena_gi_223667590_ref_NZ_ does not have any alignments!  Check that this is the same file used for alignment.
ERROR: Alignment Reference Headers: ['Dorea_longicatena_gi_223667581_ref_NZ_', 'Dorea_longicatena_gi_223667565_ref_NZ_', 'Dorea_longicatena_gi_223667573_ref_NZ_', 'Dorea_longicatena_gi_223667572_ref_NZ_', 'Dorea_longicatena_gi_223667577_ref_NZ_', 'Dorea_longicatena_gi_223667595_ref_NZ_', 'Dorea_longicatena_gi_223667569_ref_NZ_', 'Dorea_longicatena_gi_223667571_ref_NZ_', 'Dorea_longicatena_gi_223667584_ref_NZ_', 'Dorea_longicatena_gi_223667583_ref_NZ_', 'Dorea_longicatena_gi_223667596_ref_NZ_', 'Dorea_longicatena_gi_223667598_ref_NZ_']
ERROR: Reference Dorea_longicatena_gi_223667566_ref_NZ_ does not have any alignments!  Check that this is the same file used for alignment.
ERROR: Alignment Reference Headers: ['Dorea_longicatena_gi_223667581_ref_NZ_', 'Dorea_longicatena_gi_223667565_ref_NZ_', 'Dorea_longicatena_gi_223667573_ref_NZ_', 'Dorea_longicatena_gi_223667572_ref_NZ_', 'Dorea_longicatena_gi_223667577_ref_NZ_', 'Dorea_longicatena_gi_223667595_ref_NZ_', 'Dorea_longicatena_gi_223667569_ref_NZ_', 'Dorea_longicatena_gi_223667571_ref_NZ_', 'Dorea_longicatena_gi_223667584_ref_NZ_', 'Dorea_longicatena_gi_223667583_ref_NZ_', 'Dorea_longicatena_gi_223667596_ref_NZ_', 'Dorea_longicatena_gi_223667598_ref_NZ_']
ERROR: Reference Dorea_longicatena_gi_223667588_ref_NZ_ does not have any alignments!  Check that this is the same file used for alignment.
ERROR: Alignment Reference Headers: ['Dorea_longicatena_gi_223667581_ref_NZ_', 'Dorea_longicatena_gi_223667565_ref_NZ_', 'Dorea_longicatena_gi_223667573_ref_NZ_', 'Dorea_longicatena_gi_223667572_ref_NZ_', 'Dorea_longicatena_gi_223667577_ref_NZ_', 'Dorea_longicatena_gi_223667595_ref_NZ_', 'Dorea_longicatena_gi_223667569_ref_NZ_', 'Dorea_longicatena_gi_223667571_ref_NZ_', 'Dorea_longicatena_gi_223667584_ref_NZ_', 'Dorea_longicatena_gi_223667583_ref_NZ_', 'Dorea_longicatena_gi_223667596_ref_NZ_', 'Dorea_longicatena_gi_223667598_ref_NZ_']
ERROR: Reference Dorea_longicatena_gi_223667564_ref_NZ_ does not have any alignments!  Check that this is the same file used for alignment.
ERROR: Alignment Reference Headers: ['Dorea_longicatena_gi_223667581_ref_NZ_', 'Dorea_longicatena_gi_223667565_ref_NZ_', 'Dorea_longicatena_gi_223667573_ref_NZ_', 'Dorea_longicatena_gi_223667572_ref_NZ_', 'Dorea_longicatena_gi_223667577_ref_NZ_', 'Dorea_longicatena_gi_223667595_ref_NZ_', 'Dorea_longicatena_gi_223667569_ref_NZ_', 'Dorea_longicatena_gi_223667571_ref_NZ_', 'Dorea_longicatena_gi_223667584_ref_NZ_', 'Dorea_longicatena_gi_223667583_ref_NZ_', 'Dorea_longicatena_gi_223667596_ref_NZ_', 'Dorea_longicatena_gi_223667598_ref_NZ_']
	Reference Dorea_longicatena_gi_223667595_ref_NZ_: 36 total alignments. 1 total regions.
		Region: 1 to 410383 (410383 bp)
			START in gap: 1 to 147583 (147582 bp)
			Align 1: 147583 148144 scaffold54138__8.4 1260 699
				Gap between this and next alignment: 148144 to 148283 (138 bp)
				Next Alignment: 148283 148546 scaffold54138__8.4 697 433

			Align 2: 148283 148546 scaffold54138__8.4 697 433
				Gap between this and next alignment: 148546 to 148756 (209 bp)
				Next Alignment: 148756 149121 scaffold54138__8.4 367 2

			Align 3: 148756 149121 scaffold54138__8.4 367 2
				Gap between this and next alignment: 149121 to 149584 (462 bp)
				Next Alignment: 149584 150304 C737178__6.0 3 723

			Align 4: 149584 150304 C737178__6.0 3 723
				Negative gap (overlap) between this and next alignment: 150304 to 150303 (-1 bp)
				Next Alignment: 150303 151352 scaffold13__4.2 1678 629

			Previous gap was negative, modifying coordinates to ignore overlap
				Moving contig start from 1678 to 1676.
			Align 5: 150305 151352 scaffold13__4.2 1676 629
				Gap between this and next alignment: 151352 to 151613 (260 bp)
				Next Alignment: 151613 151804 scaffold13__4.2 519 328

			Align 6: 151613 151804 scaffold13__4.2 519 328
				Gap between this and next alignment: 151804 to 151940 (135 bp)
				Next Alignment: 151940 152134 scaffold13__4.2 326 132

			Align 7: 151940 152134 scaffold13__4.2 326 132
				Gap between this and next alignment: 152134 to 152303 (168 bp)
				Next Alignment: 152303 152402 scaffold13__4.2 100 1

			Align 8: 152303 152402 scaffold13__4.2 100 1
				Gap between this and next alignment: 152402 to 167139 (14736 bp)
				Next Alignment: 167139 167812 C734438__4.0 674 1

			Align 9: 167139 167812 C734438__4.0 674 1
				Gap between this and next alignment: 167812 to 170456 (2643 bp)
				Next Alignment: 170456 170708 scaffold12243__3.3 496 749

			Align 10: 170456 170708 scaffold12243__3.3 496 749
				Gap between this and next alignment: 170708 to 170866 (157 bp)
				Next Alignment: 170866 170932 scaffold12243__3.3 754 820

			Align 11: 170866 170932 scaffold12243__3.3 754 820
				Gap between this and next alignment: 170932 to 172451 (1518 bp)
				Next Alignment: 172451 172753 scaffold54579__2.6 326 628

			Align 12: 172451 172753 scaffold54579__2.6 326 628
				Gap between this and next alignment: 172753 to 173794 (1040 bp)
				Next Alignment: 173794 174513 C737140__5.0 722 1

			Align 13: 173794 174513 C737140__5.0 722 1
				Gap between this and next alignment: 174513 to 177945 (3431 bp)
				Next Alignment: 177945 179453 C754606_36.0 1509 1

			Align 14: 177945 179453 C754606_36.0 1509 1
				Gap between this and next alignment: 179453 to 192556 (13102 bp)
				Next Alignment: 192556 192887 scaffold26883__3.6 525 194

			Align 15: 192556 192887 scaffold26883__3.6 525 194
				Gap between this and next alignment: 192887 to 193104 (216 bp)
				Next Alignment: 193104 193227 scaffold26883__3.6 124 1

			Align 16: 193104 193227 scaffold26883__3.6 124 1
				Gap between this and next alignment: 193227 to 193425 (197 bp)
				Next Alignment: 193425 193616 scaffold50397__5.2 1 192

			Align 17: 193425 193616 scaffold50397__5.2 1 192
				Gap between this and next alignment: 193616 to 193853 (236 bp)
				Next Alignment: 193853 194137 scaffold50397__5.2 285 569

			Align 18: 193853 194137 scaffold50397__5.2 285 569
				Gap between this and next alignment: 194137 to 194160 (22 bp)
				Next Alignment: 194160 194667 C720390_10.0 1 508

			Align 19: 194160 194667 C720390_10.0 1 508
				Gap between this and next alignment: 194667 to 194669 (1 bp)
				Next Alignment: 194669 195305 C731900__8.0 637 1

			Align 20: 194669 195305 C731900__8.0 637 1
				Gap between this and next alignment: 195305 to 197373 (2067 bp)
				Next Alignment: 197373 197497 scaffold42058__5.3 698 574

			Align 21: 197373 197497 scaffold42058__5.3 698 574
				Next Alignment: 197498 197725 scaffold53316__4.0 228 1

			Align 22: 197498 197725 scaffold53316__4.0 228 1
				Negative gap (overlap) between this and next alignment: 197725 to 197718 (-7 bp)
				Next Alignment: 197718 198033 scaffold42058__5.3 500 185

			Previous gap was negative, modifying coordinates to ignore overlap
				Moving contig start from 500 to 492.
			Align 23: 197726 198033 scaffold42058__5.3 492 185
				Gap between this and next alignment: 198033 to 198459 (425 bp)
				Next Alignment: 198459 198930 scaffold54741__5.0 803 332

			Align 24: 198459 198930 scaffold54741__5.0 803 332
				Gap between this and next alignment: 198930 to 199151 (220 bp)
				Next Alignment: 199151 199409 scaffold54741__5.0 259 1

			Align 25: 199151 199409 scaffold54741__5.0 259 1
				Gap between this and next alignment: 199409 to 200357 (947 bp)
				Next Alignment: 200357 201182 C741532__5.0 1 826

			Align 26: 200357 201182 C741532__5.0 1 826
				Gap between this and next alignment: 201182 to 201238 (55 bp)
				Next Alignment: 201238 201339 scaffold2986__5.2 1 102

			Align 27: 201238 201339 scaffold2986__5.2 1 102
				Negative gap (overlap) between this and next alignment: 201339 to 201309 (-30 bp)
				Next Alignment: 201309 201545 scaffold53781__3.8 1 237

			Previous gap was negative, modifying coordinates to ignore overlap
				Moving contig start from 1 to 32.
			Align 28: 201340 201545 scaffold53781__3.8 32 237
				Gap between this and next alignment: 201545 to 201558 (12 bp)
				Next Alignment: 201558 201661 scaffold2986__5.2 168 271

			Align 29: 201558 201661 scaffold2986__5.2 168 271
				Gap between this and next alignment: 201661 to 201881 (219 bp)
				Next Alignment: 201881 202113 scaffold2986__5.2 335 567

			Align 30: 201881 202113 scaffold2986__5.2 335 567
				Gap between this and next alignment: 202113 to 202680 (566 bp)
				Next Alignment: 202680 202952 scaffold14876__4.2 2259 1987

			Align 31: 202680 202952 scaffold14876__4.2 2259 1987
				Gap between this and next alignment: 202952 to 203083 (130 bp)
				Next Alignment: 203083 203591 scaffold14876__4.2 1981 1473

			Align 32: 203083 203591 scaffold14876__4.2 1981 1473
				Gap between this and next alignment: 203591 to 203751 (159 bp)
				Next Alignment: 203751 204368 scaffold14876__4.2 1466 849

			Align 33: 203751 204368 scaffold14876__4.2 1466 849
				Gap between this and next alignment: 204368 to 207176 (2807 bp)
				Next Alignment: 207176 208257 C748446__6.0 2 1083

			Align 34: 207176 208257 C748446__6.0 2 1083
				Gap between this and next alignment: 208257 to 208259 (1 bp)
				Next Alignment: 208259 210553 C760034__6.0 1 2295

			Align 35: 208259 210553 C760034__6.0 1 2295
				Gap between this and next alignment: 210553 to 224495 (13941 bp)
				Next Alignment: 224495 225654 C750010_17.0 1159 1

			Align 36: 224495 225654 C750010_17.0 1159 1
			END in gap: 225654 to 410383 (184729 bp)

	Reference Dorea_longicatena_gi_223667569_ref_NZ_: 1 total alignments. 1 total regions.
		Region: 1 to 84037 (84037 bp)
			START in gap: 1 to 43045 (43044 bp)
			Align 1: 43045 44072 C747348__6.0 1 1029
			END in gap: 44072 to 84037 (39965 bp)

	Reference Dorea_longicatena_gi_223667571_ref_NZ_: 3 total alignments. 1 total regions.
		Region: 1 to 283525 (283525 bp)
			START in gap: 1 to 25692 (25691 bp)
			Align 1: 25692 26129 scaffold3261__3.0 1 438
				Gap between this and next alignment: 26129 to 27505 (1375 bp)
				Next Alignment: 27505 27934 scaffold3261__3.0 1258 1687

			Align 2: 27505 27934 scaffold3261__3.0 1258 1687
				Gap between this and next alignment: 27934 to 28689 (754 bp)
				Next Alignment: 28689 29009 scaffold3261__3.0 2024 2344

			Align 3: 28689 29009 scaffold3261__3.0 2024 2344
			END in gap: 29009 to 283525 (254516 bp)

	Reference Dorea_longicatena_gi_223667584_ref_NZ_: 6 total alignments. 1 total regions.
		Region: 1 to 49524 (49524 bp)
			START in gap: 1 to 24105 (24104 bp)
			Align 1: 24105 25411 C752386_25.0 1308 2
				Gap between this and next alignment: 25411 to 25749 (337 bp)
				Next Alignment: 25749 27055 C752372_17.0 1307 1

			Align 2: 25749 27055 C752372_17.0 1307 1
				Gap between this and next alignment: 27055 to 27292 (236 bp)
				Next Alignment: 27292 29296 C758522__8.0 1 2005

			Align 3: 27292 29296 C758522__8.0 1 2005
				Negative gap (overlap) between this and next alignment: 29296 to 29270 (-26 bp)
				Next Alignment: 29270 30330 C747996_15.0 1061 1

			Previous gap was negative, modifying coordinates to ignore overlap
				Moving contig start from 1061 to 1034.
			Align 4: 29297 30330 C747996_15.0 1034 1
				Negative gap (overlap) between this and next alignment: 30330 to 30300 (-30 bp)
				Next Alignment: 30300 31432 C749472_16.0 1133 1

			Previous gap was negative, modifying coordinates to ignore overlap
				Moving contig start from 1133 to 1102.
			Align 5: 30331 31432 C749472_16.0 1102 1
				Gap between this and next alignment: 31432 to 33239 (1806 bp)
				Next Alignment: 33239 34103 C742884_73.0 1 865

			Align 6: 33239 34103 C742884_73.0 1 865
			END in gap: 34103 to 49524 (15421 bp)

ERROR: Reference Dorea_longicatena_gi_223667597_ref_NZ_ does not have any alignments!  Check that this is the same file used for alignment.
ERROR: Alignment Reference Headers: ['Dorea_longicatena_gi_223667581_ref_NZ_', 'Dorea_longicatena_gi_223667565_ref_NZ_', 'Dorea_longicatena_gi_223667573_ref_NZ_', 'Dorea_longicatena_gi_223667572_ref_NZ_', 'Dorea_longicatena_gi_223667577_ref_NZ_', 'Dorea_longicatena_gi_223667595_ref_NZ_', 'Dorea_longicatena_gi_223667569_ref_NZ_', 'Dorea_longicatena_gi_223667571_ref_NZ_', 'Dorea_longicatena_gi_223667584_ref_NZ_', 'Dorea_longicatena_gi_223667583_ref_NZ_', 'Dorea_longicatena_gi_223667596_ref_NZ_', 'Dorea_longicatena_gi_223667598_ref_NZ_']
ERROR: Reference Dorea_longicatena_gi_223667592_ref_NZ_ does not have any alignments!  Check that this is the same file used for alignment.
ERROR: Alignment Reference Headers: ['Dorea_longicatena_gi_223667581_ref_NZ_', 'Dorea_longicatena_gi_223667565_ref_NZ_', 'Dorea_longicatena_gi_223667573_ref_NZ_', 'Dorea_longicatena_gi_223667572_ref_NZ_', 'Dorea_longicatena_gi_223667577_ref_NZ_', 'Dorea_longicatena_gi_223667595_ref_NZ_', 'Dorea_longicatena_gi_223667569_ref_NZ_', 'Dorea_longicatena_gi_223667571_ref_NZ_', 'Dorea_longicatena_gi_223667584_ref_NZ_', 'Dorea_longicatena_gi_223667583_ref_NZ_', 'Dorea_longicatena_gi_223667596_ref_NZ_', 'Dorea_longicatena_gi_223667598_ref_NZ_']
ERROR: Reference Dorea_longicatena_gi_223667580_ref_NZ_ does not have any alignments!  Check that this is the same file used for alignment.
ERROR: Alignment Reference Headers: ['Dorea_longicatena_gi_223667581_ref_NZ_', 'Dorea_longicatena_gi_223667565_ref_NZ_', 'Dorea_longicatena_gi_223667573_ref_NZ_', 'Dorea_longicatena_gi_223667572_ref_NZ_', 'Dorea_longicatena_gi_223667577_ref_NZ_', 'Dorea_longicatena_gi_223667595_ref_NZ_', 'Dorea_longicatena_gi_223667569_ref_NZ_', 'Dorea_longicatena_gi_223667571_ref_NZ_', 'Dorea_longicatena_gi_223667584_ref_NZ_', 'Dorea_longicatena_gi_223667583_ref_NZ_', 'Dorea_longicatena_gi_223667596_ref_NZ_', 'Dorea_longicatena_gi_223667598_ref_NZ_']
	Reference Dorea_longicatena_gi_223667581_ref_NZ_: 1 total alignments. 1 total regions.
		Region: 1 to 92828 (92828 bp)
			START in gap: 1 to 72864 (72863 bp)
			Align 1: 72864 73009 scaffold12278__2.2 400 545
			END in gap: 73009 to 92828 (19819 bp)

	Reference Dorea_longicatena_gi_223667572_ref_NZ_: 37 total alignments. 1 total regions.
		Region: 1 to 539999 (539999 bp)
			START in gap: 1 to 49081 (49080 bp)
			Align 1: 49081 49208 scaffold11513__6.7 1244 1117
				Gap between this and next alignment: 49208 to 50052 (843 bp)
				Next Alignment: 50052 50626 C726966__4.0 1 575

			Align 2: 50052 50626 C726966__4.0 1 575
				Gap between this and next alignment: 50626 to 56822 (6195 bp)
				Next Alignment: 56822 57296 C724614__9.0 548 74

			Align 3: 56822 57296 C724614__9.0 548 74
				Gap between this and next alignment: 57296 to 456771 (399474 bp)
				Next Alignment: 456771 456907 scaffold25425__2.2 3 139

			Align 4: 456771 456907 scaffold25425__2.2 3 139
				Gap between this and next alignment: 456907 to 457067 (159 bp)
				Next Alignment: 457067 457157 scaffold25425__2.2 150 240

			Align 5: 457067 457157 scaffold25425__2.2 150 240
				Gap between this and next alignment: 457157 to 457305 (147 bp)
				Next Alignment: 457305 457834 scaffold25425__2.2 243 772

			Align 6: 457305 457834 scaffold25425__2.2 243 772
				Gap between this and next alignment: 457834 to 458019 (184 bp)
				Next Alignment: 458019 458212 scaffold25425__2.2 813 1006

			Align 7: 458019 458212 scaffold25425__2.2 813 1006
				Gap between this and next alignment: 458212 to 463701 (5488 bp)
				Next Alignment: 463701 464418 C736906__2.0 1 718

			Align 8: 463701 464418 C736906__2.0 1 718
				Gap between this and next alignment: 464418 to 465667 (1248 bp)
				Next Alignment: 465667 465839 scaffold14876__4.2 1 173

			Align 9: 465667 465839 scaffold14876__4.2 1 173
				Gap between this and next alignment: 465839 to 472647 (6807 bp)
				Next Alignment: 472647 473279 C731596__4.0 633 1

			Align 10: 472647 473279 C731596__4.0 633 1
				Gap between this and next alignment: 473279 to 474653 (1373 bp)
				Next Alignment: 474653 475148 scaffold44484__2.8 1 496

			Align 11: 474653 475148 scaffold44484__2.8 1 496
				Gap between this and next alignment: 475148 to 475393 (244 bp)
				Next Alignment: 475393 475522 scaffold44484__2.8 584 713

			Align 12: 475393 475522 scaffold44484__2.8 584 713
				Gap between this and next alignment: 475522 to 475744 (221 bp)
				Next Alignment: 475744 475948 scaffold44484__2.8 781 985

			Align 13: 475744 475948 scaffold44484__2.8 781 985
				Gap between this and next alignment: 475948 to 476145 (196 bp)
				Next Alignment: 476145 476552 scaffold44484__2.8 1035 1442

			Align 14: 476145 476552 scaffold44484__2.8 1035 1442
				Gap between this and next alignment: 476552 to 476735 (182 bp)
				Next Alignment: 476735 476903 scaffold44484__2.8 1476 1644

			Align 15: 476735 476903 scaffold44484__2.8 1476 1644
				Gap between this and next alignment: 476903 to 477038 (134 bp)
				Next Alignment: 477038 477261 scaffold44484__2.8 1646 1869

			Align 16: 477038 477261 scaffold44484__2.8 1646 1869
				Gap between this and next alignment: 477261 to 477884 (622 bp)
				Next Alignment: 477884 478647 C739048__4.0 764 1

			Align 17: 477884 478647 C739048__4.0 764 1
				Gap between this and next alignment: 478647 to 480929 (2281 bp)
				Next Alignment: 480929 481493 C726122__2.0 1 565

			Align 18: 480929 481493 C726122__2.0 1 565
				Gap between this and next alignment: 481493 to 484289 (2795 bp)
				Next Alignment: 484289 484498 scaffold35610__3.0 899 690

			Align 19: 484289 484498 scaffold35610__3.0 899 690
				Gap between this and next alignment: 484498 to 484689 (190 bp)
				Next Alignment: 484689 484833 scaffold35610__3.0 646 502

			Align 20: 484689 484833 scaffold35610__3.0 646 502
				Gap between this and next alignment: 484833 to 484982 (148 bp)
				Next Alignment: 484982 485300 scaffold35610__3.0 497 179

			Align 21: 484982 485300 scaffold35610__3.0 497 179
				Gap between this and next alignment: 485300 to 485485 (184 bp)
				Next Alignment: 485485 485621 scaffold35610__3.0 137 1

			Align 22: 485485 485621 scaffold35610__3.0 137 1
				Gap between this and next alignment: 485621 to 494069 (8447 bp)
				Next Alignment: 494069 494648 C727392__4.0 580 1

			Align 23: 494069 494648 C727392__4.0 580 1
				Gap between this and next alignment: 494648 to 508500 (13851 bp)
				Next Alignment: 508500 508987 scaffold41358__3.2 678 191

			Align 24: 508500 508987 scaffold41358__3.2 678 191
				Gap between this and next alignment: 508987 to 509986 (998 bp)
				Next Alignment: 509986 510163 scaffold11176__3.7 1 178

			Align 25: 509986 510163 scaffold11176__3.7 1 178
				Gap between this and next alignment: 510163 to 510690 (526 bp)
				Next Alignment: 510690 511014 scaffold11176__3.7 406 730

			Align 26: 510690 511014 scaffold11176__3.7 406 730
				Gap between this and next alignment: 511014 to 512838 (1823 bp)
				Next Alignment: 512838 512977 scaffold17962__2.2 559 420

			Align 27: 512838 512977 scaffold17962__2.2 559 420
				Gap between this and next alignment: 512977 to 513150 (172 bp)
				Next Alignment: 513150 513232 scaffold17962__2.2 390 308

			Align 28: 513150 513232 scaffold17962__2.2 390 308
				Gap between this and next alignment: 513232 to 513431 (198 bp)
				Next Alignment: 513431 513684 scaffold17962__2.2 254 1

			Align 29: 513431 513684 scaffold17962__2.2 254 1
				Gap between this and next alignment: 513684 to 514683 (998 bp)
				Next Alignment: 514683 515337 C733160__4.0 655 1

			Align 30: 514683 515337 C733160__4.0 655 1
				Gap between this and next alignment: 515337 to 515890 (552 bp)
				Next Alignment: 515890 516166 scaffold56121__1.9 1158 882

			Align 31: 515890 516166 scaffold56121__1.9 1158 882
				Gap between this and next alignment: 516166 to 516296 (129 bp)
				Next Alignment: 516296 517020 scaffold56121__1.9 880 156

			Align 32: 516296 517020 scaffold56121__1.9 880 156
				Gap between this and next alignment: 517020 to 519001 (1980 bp)
				Next Alignment: 519001 519421 scaffold21593__3.6 1 421

			Align 33: 519001 519421 scaffold21593__3.6 1 421
				Gap between this and next alignment: 519421 to 519879 (457 bp)
				Next Alignment: 519879 520093 scaffold21593__3.6 578 792

			Align 34: 519879 520093 scaffold21593__3.6 578 792
				Gap between this and next alignment: 520093 to 520146 (52 bp)
				Next Alignment: 520146 520446 scaffold55972__4.2 1 301

			Align 35: 520146 520446 scaffold55972__4.2 1 301
				Gap between this and next alignment: 520446 to 520606 (159 bp)
				Next Alignment: 520606 520963 scaffold55972__4.2 328 685

			Align 36: 520606 520963 scaffold55972__4.2 328 685
				Gap between this and next alignment: 520963 to 521215 (251 bp)
				Next Alignment: 521215 521844 scaffold55972__4.2 783 1412

			Align 37: 521215 521844 scaffold55972__4.2 783 1412
			END in gap: 521844 to 539999 (18155 bp)

ERROR: Reference Dorea_longicatena_gi_223667589_ref_NZ_ does not have any alignments!  Check that this is the same file used for alignment.
ERROR: Alignment Reference Headers: ['Dorea_longicatena_gi_223667581_ref_NZ_', 'Dorea_longicatena_gi_223667565_ref_NZ_', 'Dorea_longicatena_gi_223667573_ref_NZ_', 'Dorea_longicatena_gi_223667572_ref_NZ_', 'Dorea_longicatena_gi_223667577_ref_NZ_', 'Dorea_longicatena_gi_223667595_ref_NZ_', 'Dorea_longicatena_gi_223667569_ref_NZ_', 'Dorea_longicatena_gi_223667571_ref_NZ_', 'Dorea_longicatena_gi_223667584_ref_NZ_', 'Dorea_longicatena_gi_223667583_ref_NZ_', 'Dorea_longicatena_gi_223667596_ref_NZ_', 'Dorea_longicatena_gi_223667598_ref_NZ_']
ERROR: Reference Dorea_longicatena_gi_223667599_ref_NZ_ does not have any alignments!  Check that this is the same file used for alignment.
ERROR: Alignment Reference Headers: ['Dorea_longicatena_gi_223667581_ref_NZ_', 'Dorea_longicatena_gi_223667565_ref_NZ_', 'Dorea_longicatena_gi_223667573_ref_NZ_', 'Dorea_longicatena_gi_223667572_ref_NZ_', 'Dorea_longicatena_gi_223667577_ref_NZ_', 'Dorea_longicatena_gi_223667595_ref_NZ_', 'Dorea_longicatena_gi_223667569_ref_NZ_', 'Dorea_longicatena_gi_223667571_ref_NZ_', 'Dorea_longicatena_gi_223667584_ref_NZ_', 'Dorea_longicatena_gi_223667583_ref_NZ_', 'Dorea_longicatena_gi_223667596_ref_NZ_', 'Dorea_longicatena_gi_223667598_ref_NZ_']
ERROR: Reference Dorea_longicatena_gi_223667593_ref_NZ_ does not have any alignments!  Check that this is the same file used for alignment.
ERROR: Alignment Reference Headers: ['Dorea_longicatena_gi_223667581_ref_NZ_', 'Dorea_longicatena_gi_223667565_ref_NZ_', 'Dorea_longicatena_gi_223667573_ref_NZ_', 'Dorea_longicatena_gi_223667572_ref_NZ_', 'Dorea_longicatena_gi_223667577_ref_NZ_', 'Dorea_longicatena_gi_223667595_ref_NZ_', 'Dorea_longicatena_gi_223667569_ref_NZ_', 'Dorea_longicatena_gi_223667571_ref_NZ_', 'Dorea_longicatena_gi_223667584_ref_NZ_', 'Dorea_longicatena_gi_223667583_ref_NZ_', 'Dorea_longicatena_gi_223667596_ref_NZ_', 'Dorea_longicatena_gi_223667598_ref_NZ_']
ERROR: Reference Dorea_longicatena_gi_223667594_ref_NZ_ does not have any alignments!  Check that this is the same file used for alignment.
ERROR: Alignment Reference Headers: ['Dorea_longicatena_gi_223667581_ref_NZ_', 'Dorea_longicatena_gi_223667565_ref_NZ_', 'Dorea_longicatena_gi_223667573_ref_NZ_', 'Dorea_longicatena_gi_223667572_ref_NZ_', 'Dorea_longicatena_gi_223667577_ref_NZ_', 'Dorea_longicatena_gi_223667595_ref_NZ_', 'Dorea_longicatena_gi_223667569_ref_NZ_', 'Dorea_longicatena_gi_223667571_ref_NZ_', 'Dorea_longicatena_gi_223667584_ref_NZ_', 'Dorea_longicatena_gi_223667583_ref_NZ_', 'Dorea_longicatena_gi_223667596_ref_NZ_', 'Dorea_longicatena_gi_223667598_ref_NZ_']
ERROR: Reference Dorea_longicatena_gi_223667567_ref_NZ_ does not have any alignments!  Check that this is the same file used for alignment.
ERROR: Alignment Reference Headers: ['Dorea_longicatena_gi_223667581_ref_NZ_', 'Dorea_longicatena_gi_223667565_ref_NZ_', 'Dorea_longicatena_gi_223667573_ref_NZ_', 'Dorea_longicatena_gi_223667572_ref_NZ_', 'Dorea_longicatena_gi_223667577_ref_NZ_', 'Dorea_longicatena_gi_223667595_ref_NZ_', 'Dorea_longicatena_gi_223667569_ref_NZ_', 'Dorea_longicatena_gi_223667571_ref_NZ_', 'Dorea_longicatena_gi_223667584_ref_NZ_', 'Dorea_longicatena_gi_223667583_ref_NZ_', 'Dorea_longicatena_gi_223667596_ref_NZ_', 'Dorea_longicatena_gi_223667598_ref_NZ_']
ERROR: Reference Dorea_longicatena_gi_223667582_ref_NZ_ does not have any alignments!  Check that this is the same file used for alignment.
ERROR: Alignment Reference Headers: ['Dorea_longicatena_gi_223667581_ref_NZ_', 'Dorea_longicatena_gi_223667565_ref_NZ_', 'Dorea_longicatena_gi_223667573_ref_NZ_', 'Dorea_longicatena_gi_223667572_ref_NZ_', 'Dorea_longicatena_gi_223667577_ref_NZ_', 'Dorea_longicatena_gi_223667595_ref_NZ_', 'Dorea_longicatena_gi_223667569_ref_NZ_', 'Dorea_longicatena_gi_223667571_ref_NZ_', 'Dorea_longicatena_gi_223667584_ref_NZ_', 'Dorea_longicatena_gi_223667583_ref_NZ_', 'Dorea_longicatena_gi_223667596_ref_NZ_', 'Dorea_longicatena_gi_223667598_ref_NZ_']
ERROR: Reference Dorea_longicatena_gi_223667579_ref_NZ_ does not have any alignments!  Check that this is the same file used for alignment.
ERROR: Alignment Reference Headers: ['Dorea_longicatena_gi_223667581_ref_NZ_', 'Dorea_longicatena_gi_223667565_ref_NZ_', 'Dorea_longicatena_gi_223667573_ref_NZ_', 'Dorea_longicatena_gi_223667572_ref_NZ_', 'Dorea_longicatena_gi_223667577_ref_NZ_', 'Dorea_longicatena_gi_223667595_ref_NZ_', 'Dorea_longicatena_gi_223667569_ref_NZ_', 'Dorea_longicatena_gi_223667571_ref_NZ_', 'Dorea_longicatena_gi_223667584_ref_NZ_', 'Dorea_longicatena_gi_223667583_ref_NZ_', 'Dorea_longicatena_gi_223667596_ref_NZ_', 'Dorea_longicatena_gi_223667598_ref_NZ_']
	Reference Dorea_longicatena_gi_223667596_ref_NZ_: 1 total alignments. 1 total regions.
		Region: 1 to 116100 (116100 bp)
			START in gap: 1 to 106341 (106340 bp)
			Align 1: 106341 107451 C749028__5.0 1111 1
			END in gap: 107451 to 116100 (8649 bp)

	Reference Dorea_longicatena_gi_223667565_ref_NZ_: 1 total alignments. 1 total regions.
		Region: 1 to 3220 (3220 bp)
			START in gap: 1 to 104 (103 bp)
			Align 1: 104 880 C739616_10.0 1 777
			END in gap: 880 to 3220 (2340 bp)

Analysis is finished!
Founded SNPs were written into /Molly/gurevich/MetaQUAST/res_final/res_metahit_final/runs_per_reference/Dorea_longicatena/contigs_reports/nucmer_output/SOAPdenovo2.used_snps

Results:
	Local Misassemblies: 34
	Misassemblies: 1
		Relocations: 0
		Translocations: 1
		Inversions: 0
	Fake misassemblies matched with structural variations: 0
	Misassembled Contigs: 1
	Misassembled Contig Bases: 2259
	Misassemblies Inter-Contig Overlap: 0
Uncovered Regions: 0 (0)
Unaligned Contigs: 0 + 13 part
Partially Unaligned Contigs with Misassemblies: 2
Unaligned Contig Bases: 8423

Ambiguously Mapped Contigs: 4
Total Bases in Ambiguously Mapped Contigs: 3680
Note that --allow-ambiguity option was set to "one" and only first alignment per each contig was used.

	Covered Bases: 47909

	SNPs: 506
	Insertions: 10
	Deletions: 3

	Positive Gaps: 101
		Internal Gaps:  35
		External Gaps:  66
		External Gap Total:  1966565
		External Gap Average: 29796
	Negative Gaps: 8
		Internal Overlaps:  0
		External Overlaps:  8
		External Overlaps Total: -117
		External Overlaps Average: -15
	Contigs with Redundant Alignments: 0 (0)
