Aligning contigs to reference...
	Using existing Nucmer alignments...
Parsing coords...
Loading reference...
	Loaded [Dorea_longicatena_gi_223667564_ref_NZ_]
	Loaded [Dorea_longicatena_gi_223667565_ref_NZ_]
	Loaded [Dorea_longicatena_gi_223667566_ref_NZ_]
	Loaded [Dorea_longicatena_gi_223667567_ref_NZ_]
	Loaded [Dorea_longicatena_gi_223667568_ref_NZ_]
	Loaded [Dorea_longicatena_gi_223667569_ref_NZ_]
	Loaded [Dorea_longicatena_gi_223667570_ref_NZ_]
	Loaded [Dorea_longicatena_gi_223667571_ref_NZ_]
	Loaded [Dorea_longicatena_gi_223667572_ref_NZ_]
	Loaded [Dorea_longicatena_gi_223667573_ref_NZ_]
	Loaded [Dorea_longicatena_gi_223667574_ref_NZ_]
	Loaded [Dorea_longicatena_gi_223667575_ref_NZ_]
	Loaded [Dorea_longicatena_gi_223667576_ref_NZ_]
	Loaded [Dorea_longicatena_gi_223667577_ref_NZ_]
	Loaded [Dorea_longicatena_gi_223667578_ref_NZ_]
	Loaded [Dorea_longicatena_gi_223667579_ref_NZ_]
	Loaded [Dorea_longicatena_gi_223667580_ref_NZ_]
	Loaded [Dorea_longicatena_gi_223667581_ref_NZ_]
	Loaded [Dorea_longicatena_gi_223667582_ref_NZ_]
	Loaded [Dorea_longicatena_gi_223667583_ref_NZ_]
	Loaded [Dorea_longicatena_gi_223667584_ref_NZ_]
	Loaded [Dorea_longicatena_gi_223667585_ref_NZ_]
	Loaded [Dorea_longicatena_gi_223667586_ref_NZ_]
	Loaded [Dorea_longicatena_gi_223667587_ref_NZ_]
	Loaded [Dorea_longicatena_gi_223667588_ref_NZ_]
	Loaded [Dorea_longicatena_gi_223667589_ref_NZ_]
	Loaded [Dorea_longicatena_gi_223667590_ref_NZ_]
	Loaded [Dorea_longicatena_gi_223667591_ref_NZ_]
	Loaded [Dorea_longicatena_gi_223667592_ref_NZ_]
	Loaded [Dorea_longicatena_gi_223667593_ref_NZ_]
	Loaded [Dorea_longicatena_gi_223667594_ref_NZ_]
	Loaded [Dorea_longicatena_gi_223667595_ref_NZ_]
	Loaded [Dorea_longicatena_gi_223667596_ref_NZ_]
	Loaded [Dorea_longicatena_gi_223667597_ref_NZ_]
	Loaded [Dorea_longicatena_gi_223667598_ref_NZ_]
	Loaded [Dorea_longicatena_gi_223667599_ref_NZ_]
Loading SNPs...
Loading regions...
	No regions given, using whole reference.
	Total Regions: 36
	Total Region Length: 2915433
Analyzing contigs...
CONTIG: scaffold_11572 (1162bp)
Top Length: 1162  Top ID: 97.5
		One align captures most of this contig: 108139 109300 | 1 1162 | 1162 1162 | 97.5 | Dorea_longicatena_gi_223667596_ref_NZ_ scaffold_11572

CONTIG: scaffold_11635 (1158bp)
Top Length: 1158  Top ID: 99.4
		One align captures most of this contig: 114287 115444 | 1158 1 | 1158 1158 | 99.4 | Dorea_longicatena_gi_223667596_ref_NZ_ scaffold_11635

CONTIG: scaffold_13212 (1047bp)
Top Length: 1047  Top ID: 99.62
		One align captures most of this contig: 111744 112790 | 1 1047 | 1047 1047 | 99.62 | Dorea_longicatena_gi_223667596_ref_NZ_ scaffold_13212

CONTIG: scaffold_15166 (1823bp)
Top Length: 112  Top ID: 100.0
		This contig is partially unaligned. (Aligned 112 out of 1823 bases)
		Alignment: 12482 12593 | 1712 1823 | 112 112 | 100.0 | Dorea_longicatena_gi_223667596_ref_NZ_ scaffold_15166
		Unaligned bases: 1 to 1711 (1711)

CONTIG: scaffold_24194 (649bp)
Top Length: 649  Top ID: 99.08
		One align captures most of this contig: 112929 113577 | 649 1 | 649 649 | 99.08 | Dorea_longicatena_gi_223667596_ref_NZ_ scaffold_24194

CONTIG: scaffold_22123 (697bp)
Top Length: 202  Top ID: 98.51
		This contig is partially unaligned. (Aligned 202 out of 697 bases)
		Alignment: 58868 59069 | 202 1 | 202 202 | 98.51 | Dorea_longicatena_gi_223667585_ref_NZ_ scaffold_22123
		Unaligned bases: 203 to 697 (495)

CONTIG: scaffold_17869 (823bp)
Top Length: 169  Top ID: 95.27
		This contig is partially unaligned. (Aligned 169 out of 823 bases)
		Alignment: 15716 15884 | 172 4 | 169 169 | 95.27 | Dorea_longicatena_gi_223667588_ref_NZ_ scaffold_17869
		Unaligned bases: 1 to 3 (3)
		Unaligned bases: 173 to 823 (651)

CONTIG: scaffold_23695 (660bp)
Top Length: 660  Top ID: 98.64
		One align captures most of this contig: 58814 59473 | 660 1 | 660 660 | 98.64 | Dorea_longicatena_gi_223667569_ref_NZ_ scaffold_23695

CONTIG: scaffold_26360 (606bp)
Top Length: 606  Top ID: 99.17
		One align captures most of this contig: 61243 61848 | 606 1 | 606 606 | 99.17 | Dorea_longicatena_gi_223667569_ref_NZ_ scaffold_26360

CONTIG: scaffold_3535 (2744bp)
Top Length: 265  Top ID: 100.0
		This contig is partially unaligned. (Aligned 265 out of 2744 bases)
		Alignment: 59351 59615 | 2744 2480 | 265 265 | 100.0 | Dorea_longicatena_gi_223667581_ref_NZ_ scaffold_3535
		Unaligned bases: 1 to 2479 (2479)

CONTIG: scaffold_27938 (873bp)
Top Length: 873  Top ID: 96.15
		One align captures most of this contig: 72709 73591 | 1 873 | 883 873 | 96.15 | Dorea_longicatena_gi_223667581_ref_NZ_ scaffold_27938

CONTIG: scaffold_29286 (528bp)
Top Length: 528  Top ID: 99.62
		One align captures most of this contig: 74435 74962 | 528 1 | 528 528 | 99.62 | Dorea_longicatena_gi_223667581_ref_NZ_ scaffold_29286

CONTIG: scaffold_1013 (8007bp)
Top Length: 8007  Top ID: 99.99
		One align captures most of this contig: 23893 31898 | 8007 1 | 8006 8007 | 99.99 | Dorea_longicatena_gi_223667584_ref_NZ_ scaffold_1013

CONTIG: scaffold_12400 (1102bp)
Top Length: 244  Top ID: 98.77
		This contig is partially unaligned. (Aligned 244 out of 1102 bases)
		Alignment: 13096 13339 | 244 1 | 244 244 | 98.77 | Dorea_longicatena_gi_223667584_ref_NZ_ scaffold_12400
		Unaligned bases: 245 to 1102 (858)

CONTIG: scaffold_21564 (711bp)
Top Length: 711  Top ID: 99.58
		One align captures most of this contig: 14744 15454 | 1 711 | 711 711 | 99.58 | Dorea_longicatena_gi_223667584_ref_NZ_ scaffold_21564

CONTIG: scaffold_24201 (649bp)
Top Length: 80  Top ID: 100.0
		This contig is partially unaligned. (Aligned 80 out of 649 bases)
		Alignment: 48728 48807 | 570 649 | 80 80 | 100.0 | Dorea_longicatena_gi_223667584_ref_NZ_ scaffold_24201
		Unaligned bases: 1 to 569 (569)

CONTIG: scaffold_2817 (4413bp)
Top Length: 233  Top ID: 99.57
		This contig is partially unaligned. (Aligned 233 out of 4413 bases)
		Alignment: 5301 5533 | 1 233 | 233 233 | 99.57 | Dorea_longicatena_gi_223667594_ref_NZ_ scaffold_2817
		Unaligned bases: 234 to 4413 (4180)

CONTIG: scaffold_27075 (592bp)
Top Length: 254  Top ID: 100.0
		This contig is partially unaligned. (Aligned 254 out of 592 bases)
		Alignment: 4995 5248 | 339 592 | 254 254 | 100.0 | Dorea_longicatena_gi_223667594_ref_NZ_ scaffold_27075
		Unaligned bases: 1 to 338 (338)

CONTIG: scaffold_2249 (3837bp)
Top Length: 3837  Top ID: 99.71
		Marking as insignificant: 1 2286 | 1552 3837 | 2286 2286 | 99.87 | Dorea_longicatena_gi_223667577_ref_NZ_ scaffold_2249
		One align captures most of this contig: 11329 15165 | 1 3837 | 3837 3837 | 99.71 | Dorea_longicatena_gi_223667598_ref_NZ_ scaffold_2249

CONTIG: scaffold_10130 (1287bp)
Top Length: 1287  Top ID: 99.3
		One align captures most of this contig: 39501 40787 | 1 1287 | 1287 1287 | 99.3 | Dorea_longicatena_gi_223667598_ref_NZ_ scaffold_10130

CONTIG: scaffold_29283 (528bp)
Top Length: 528  Top ID: 99.43
		One align captures most of this contig: 28223 28750 | 1 528 | 528 528 | 99.43 | Dorea_longicatena_gi_223667598_ref_NZ_ scaffold_29283

CONTIG: scaffold_30074 (510bp)
Top Length: 448  Top ID: 99.55
		This contig is partially unaligned. (Aligned 448 out of 510 bases)
		Alignment: 143295 143742 | 448 1 | 448 448 | 99.55 | Dorea_longicatena_gi_223667598_ref_NZ_ scaffold_30074
		Unaligned bases: 449 to 510 (62)

CONTIG: scaffold_24704 (755bp)
Top Length: 755  Top ID: 95.66
		Marking as insignificant: 7 400 | 389 1 | 394 389 | 95.43 | Dorea_longicatena_gi_223667574_ref_NZ_ scaffold_24704
		One align captures most of this contig: 593 1351 | 755 1 | 759 755 | 95.66 | Dorea_longicatena_gi_223667570_ref_NZ_ scaffold_24704

CONTIG: scaffold_37589 (613bp)
Top Length: 613  Top ID: 98.39
		Marking as insignificant: 11 175 | 165 1 | 165 165 | 98.79 | Dorea_longicatena_gi_223667575_ref_NZ_ scaffold_37589
		Marking as insignificant: 1791 2294 | 496 1 | 504 496 | 98.21 | Dorea_longicatena_gi_223667574_ref_NZ_ scaffold_37589
		Marking as insignificant: 195 815 | 613 1 | 621 613 | 97.1 | Dorea_longicatena_gi_223667574_ref_NZ_ scaffold_37589
		One align captures most of this contig: 1146 1766 | 613 1 | 621 613 | 98.39 | Dorea_longicatena_gi_223667570_ref_NZ_ scaffold_37589

CONTIG: scaffold_329 (35512bp)
Top Length: 3603  Top ID: 95.09
		This contig is partially unaligned. (Aligned 3603 out of 35512 bases)
		Alignment: 222949 226553 | 12063 15665 | 3605 3603 | 95.09 | Dorea_longicatena_gi_223667595_ref_NZ_ scaffold_329
		Unaligned bases: 1 to 12062 (12062)
		Unaligned bases: 15666 to 35512 (19847)
		This contig has both significant aligned and unaligned parts (of length >= min-contig)! It can contain interspecies translocations

CONTIG: scaffold_580 (25068bp)
Top Length: 440  Top ID: 95.68
		This contig is partially unaligned. (Aligned 440 out of 25068 bases)
		Alignment: 175398 175837 | 24629 25068 | 440 440 | 95.68 | Dorea_longicatena_gi_223667595_ref_NZ_ scaffold_580
		Unaligned bases: 1 to 24628 (24628)

CONTIG: scaffold_1038 (7805bp)
Top Length: 7805  Top ID: 98.51
		One align captures most of this contig: 152749 160555 | 7805 1 | 7807 7805 | 98.51 | Dorea_longicatena_gi_223667595_ref_NZ_ scaffold_1038

CONTIG: scaffold_1080 (7448bp)
Top Length: 4612  Top ID: 99.11
		This contig is partially unaligned. (Aligned 4612 out of 7448 bases)
		Alignment: 193701 198317 | 1660 6271 | 4617 4612 | 99.11 | Dorea_longicatena_gi_223667595_ref_NZ_ scaffold_1080
		Unaligned bases: 1 to 1659 (1659)
		Unaligned bases: 6272 to 7448 (1177)
		This contig has both significant aligned and unaligned parts (of length >= min-contig)! It can contain interspecies translocations

CONTIG: scaffold_1415 (7264bp)
Top Length: 155  Top ID: 97.47
		Skipping redundant alignment 6180 6252 | 85 157 | 73 73 | 100.0 | Dorea_longicatena_gi_223667587_ref_NZ_ scaffold_1415
		This contig is partially unaligned. (Aligned 155 out of 7264 bases)
		Alignment: 85297 85453 | 237 83 | 157 155 | 97.47 | Dorea_longicatena_gi_223667595_ref_NZ_ scaffold_1415
		Unaligned bases: 1 to 82 (82)
		Unaligned bases: 238 to 7264 (7027)

CONTIG: scaffold_2540 (3493bp)
Top Length: 126  Top ID: 97.62
		This contig is partially unaligned. (Aligned 126 out of 3493 bases)
		Alignment: 280801 280926 | 3368 3493 | 126 126 | 97.62 | Dorea_longicatena_gi_223667595_ref_NZ_ scaffold_2540
		Unaligned bases: 1 to 3367 (3367)

CONTIG: scaffold_2772 (3260bp)
Top Length: 407  Top ID: 95.33
		This contig is partially unaligned. (Aligned 407 out of 3260 bases)
		Alignment: 184865 185270 | 1 407 | 406 407 | 95.33 | Dorea_longicatena_gi_223667595_ref_NZ_ scaffold_2772
		Unaligned bases: 408 to 3260 (2853)

CONTIG: scaffold_2989 (4275bp)
Top Length: 2559  Top ID: 98.28
		This contig is partially unaligned. (Aligned 2559 out of 4275 bases)
		Alignment: 198310 200868 | 4275 1717 | 2559 2559 | 98.28 | Dorea_longicatena_gi_223667595_ref_NZ_ scaffold_2989
		Unaligned bases: 1 to 1716 (1716)
		This contig has both significant aligned and unaligned parts (of length >= min-contig)! It can contain interspecies translocations

CONTIG: scaffold_3946 (2965bp)
Top Length: 77  Top ID: 100.0
		This contig is partially unaligned. (Aligned 77 out of 2965 bases)
		Alignment: 105247 105323 | 1 77 | 77 77 | 100.0 | Dorea_longicatena_gi_223667595_ref_NZ_ scaffold_3946
		Unaligned bases: 78 to 2965 (2888)

CONTIG: scaffold_4117 (3252bp)
Top Length: 3252  Top ID: 99.66
		One align captures most of this contig: 177147 180400 | 1 3252 | 3254 3252 | 99.66 | Dorea_longicatena_gi_223667595_ref_NZ_ scaffold_4117

CONTIG: scaffold_4134 (3154bp)
Top Length: 3149  Top ID: 98.77
		One align captures most of this contig: 201433 204591 | 6 3154 | 3159 3149 | 98.77 | Dorea_longicatena_gi_223667595_ref_NZ_ scaffold_4134

CONTIG: scaffold_4567 (2279bp)
Top Length: 103  Top ID: 99.03
		This contig is partially unaligned. (Aligned 103 out of 2279 bases)
		Alignment: 177941 178043 | 103 1 | 103 103 | 99.03 | Dorea_longicatena_gi_223667595_ref_NZ_ scaffold_4567
		Unaligned bases: 104 to 2279 (2176)

CONTIG: scaffold_4965 (2150bp)
Top Length: 1972  Top ID: 99.29
		This contig is partially unaligned. (Aligned 1972 out of 2150 bases)
		Alignment: 149587 151560 | 1972 1 | 1974 1972 | 99.29 | Dorea_longicatena_gi_223667595_ref_NZ_ scaffold_4965
		Unaligned bases: 1973 to 2150 (178)

CONTIG: scaffold_7676 (1585bp)
Top Length: 1585  Top ID: 95.21
		One align captures most of this contig: 204493 206077 | 1585 1 | 1585 1585 | 95.21 | Dorea_longicatena_gi_223667595_ref_NZ_ scaffold_7676

CONTIG: scaffold_10551 (1712bp)
Top Length: 266  Top ID: 98.87
		This contig is partially unaligned. (Aligned 266 out of 1712 bases)
		Alignment: 306023 306288 | 1712 1447 | 266 266 | 98.87 | Dorea_longicatena_gi_223667595_ref_NZ_ scaffold_10551
		Unaligned bases: 1 to 1446 (1446)

CONTIG: scaffold_12507 (1094bp)
Top Length: 212  Top ID: 96.23
		This contig is partially unaligned. (Aligned 212 out of 1094 bases)
		Alignment: 180302 180513 | 1 212 | 212 212 | 96.23 | Dorea_longicatena_gi_223667595_ref_NZ_ scaffold_12507
		Unaligned bases: 213 to 1094 (882)

CONTIG: scaffold_18809 (792bp)
Top Length: 772  Top ID: 98.19
		This contig is partially unaligned. (Aligned 772 out of 792 bases)
		Alignment: 163667 164438 | 792 21 | 772 772 | 98.19 | Dorea_longicatena_gi_223667595_ref_NZ_ scaffold_18809
		Unaligned bases: 1 to 20 (20)

CONTIG: scaffold_22044 (699bp)
Top Length: 699  Top ID: 99.86
		One align captures most of this contig: 151582 152280 | 699 1 | 699 699 | 99.86 | Dorea_longicatena_gi_223667595_ref_NZ_ scaffold_22044

CONTIG: scaffold_23905 (656bp)
Top Length: 656  Top ID: 98.78
		One align captures most of this contig: 283172 283827 | 656 1 | 656 656 | 98.78 | Dorea_longicatena_gi_223667595_ref_NZ_ scaffold_23905

CONTIG: scaffold_27360 (585bp)
Top Length: 585  Top ID: 96.75
		One align captures most of this contig: 181442 182026 | 1 585 | 585 585 | 96.75 | Dorea_longicatena_gi_223667595_ref_NZ_ scaffold_27360

CONTIG: scaffold_28163 (559bp)
Top Length: 389  Top ID: 96.14
		This contig is partially unaligned. (Aligned 389 out of 559 bases)
		Alignment: 192924 193312 | 408 20 | 389 389 | 96.14 | Dorea_longicatena_gi_223667595_ref_NZ_ scaffold_28163
		Unaligned bases: 1 to 19 (19)
		Unaligned bases: 409 to 559 (151)

CONTIG: scaffold_29154 (531bp)
Top Length: 489  Top ID: 99.18
		This contig is partially unaligned. (Aligned 489 out of 531 bases)
		Alignment: 279440 279928 | 489 1 | 489 489 | 99.18 | Dorea_longicatena_gi_223667595_ref_NZ_ scaffold_29154
		Unaligned bases: 490 to 531 (42)

CONTIG: scaffold_30716 (860bp)
Top Length: 860  Top ID: 95.02
		One align captures most of this contig: 180302 181161 | 860 1 | 860 860 | 95.02 | Dorea_longicatena_gi_223667595_ref_NZ_ scaffold_30716

CONTIG: scaffold_166 (80507bp)
Top Length: 1218  Top ID: 99.18
		This contig is partially unaligned. (Aligned 1218 out of 80507 bases)
		Alignment: 130270 131488 | 79290 80507 | 1219 1218 | 99.18 | Dorea_longicatena_gi_223667573_ref_NZ_ scaffold_166
		Unaligned bases: 1 to 79289 (79289)
		This contig has both significant aligned and unaligned parts (of length >= min-contig)! It can contain interspecies translocations

CONTIG: scaffold_7870 (1560bp)
Top Length: 206  Top ID: 98.06
		This contig is misassembled. 2 total aligns.
			Warning! This contig is more unaligned than misassembled. Contig length is 1560 and total length of all aligns is 364
		Alignment: 130141 130346 | 1190 1395 | 206 206 | 98.06 | Dorea_longicatena_gi_223667573_ref_NZ_ scaffold_7870
		Alignment: 132116 132273 | 1403 1560 | 158 158 | 98.73 | Dorea_longicatena_gi_223667573_ref_NZ_ scaffold_7870
		Unaligned bases: 1196
CONTIG: scaffold_9249 (1382bp)
Top Length: 1382  Top ID: 99.57
		One align captures most of this contig: 132175 133556 | 1 1382 | 1382 1382 | 99.57 | Dorea_longicatena_gi_223667573_ref_NZ_ scaffold_9249

CONTIG: scaffold_12097 (1122bp)
Top Length: 980  Top ID: 97.14
		This contig is misassembled. 2 total aligns.
			Excluding internal overlap of size 7 between Alignment 1 and 2:  127736 127884 | 1122 974 | 149 149 --> 127736 127877 | 1122 981 | 142 142
			Real Alignment 1: 126947 127926 | 1 980 | 980 980 | 97.14 | Dorea_longicatena_gi_223667573_ref_NZ_ scaffold_12097
			  Extensive misassembly ( inversion ) between these two alignments
			Real Alignment 2: 127736 127877 | 1122 981 | 142 142 | 97.99 | Dorea_longicatena_gi_223667573_ref_NZ_ scaffold_12097

CONTIG: scaffold_15871 (900bp)
Top Length: 900  Top ID: 97.22
		One align captures most of this contig: 152164 153063 | 1 900 | 900 900 | 97.22 | Dorea_longicatena_gi_223667573_ref_NZ_ scaffold_15871

CONTIG: scaffold_18650 (797bp)
Top Length: 720  Top ID: 97.92
		This contig is partially unaligned. (Aligned 720 out of 797 bases)
		Alignment: 147760 148479 | 78 797 | 720 720 | 97.92 | Dorea_longicatena_gi_223667573_ref_NZ_ scaffold_18650
		Unaligned bases: 1 to 77 (77)

CONTIG: scaffold_19175 (781bp)
Top Length: 781  Top ID: 99.36
		One align captures most of this contig: 148629 149409 | 781 1 | 781 781 | 99.36 | Dorea_longicatena_gi_223667573_ref_NZ_ scaffold_19175

CONTIG: scaffold_20625 (738bp)
Top Length: 167  Top ID: 97.01
		This contig is partially unaligned. (Aligned 167 out of 738 bases)
		Alignment: 152897 153063 | 572 738 | 167 167 | 97.01 | Dorea_longicatena_gi_223667573_ref_NZ_ scaffold_20625
		Unaligned bases: 1 to 571 (571)

CONTIG: scaffold_20721 (735bp)
Top Length: 735  Top ID: 98.37
		One align captures most of this contig: 103190 103923 | 735 1 | 734 735 | 98.37 | Dorea_longicatena_gi_223667573_ref_NZ_ scaffold_20721

CONTIG: scaffold_21868 (703bp)
Top Length: 465  Top ID: 99.35
		This contig is partially unaligned. (Aligned 465 out of 703 bases)
		Alignment: 139348 139812 | 703 239 | 465 465 | 99.35 | Dorea_longicatena_gi_223667573_ref_NZ_ scaffold_21868
		Unaligned bases: 1 to 238 (238)

CONTIG: scaffold_16593 (869bp)
Top Length: 537  Top ID: 99.81
		This contig is partially unaligned. (Aligned 537 out of 869 bases)
		Alignment: 58385 58921 | 869 333 | 537 537 | 99.81 | Dorea_longicatena_gi_223667586_ref_NZ_ scaffold_16593
		Unaligned bases: 1 to 332 (332)

CONTIG: scaffold_29494 (523bp)
Top Length: 197  Top ID: 96.5
		This contig is partially unaligned. (Aligned 197 out of 523 bases)
		Alignment: 66907 67106 | 118 314 | 200 197 | 96.5 | Dorea_longicatena_gi_223667586_ref_NZ_ scaffold_29494
		Unaligned bases: 1 to 117 (117)
		Unaligned bases: 315 to 523 (209)

CONTIG: scaffold_39283 (642bp)
Top Length: 642  Top ID: 98.46
		One align captures most of this contig: 65741 66389 | 1 642 | 649 642 | 98.46 | Dorea_longicatena_gi_223667586_ref_NZ_ scaffold_39283

CONTIG: scaffold_1854 (4478bp)
Top Length: 184  Top ID: 98.91
		This contig is partially unaligned. (Aligned 184 out of 4478 bases)
		Alignment: 256105 256288 | 4295 4478 | 184 184 | 98.91 | Dorea_longicatena_gi_223667571_ref_NZ_ scaffold_1854
		Unaligned bases: 1 to 4294 (4294)

CONTIG: scaffold_4720 (2229bp)
Top Length: 1951  Top ID: 99.03
		Skipping redundant alignment 42489 44091 | 1654 52 | 1603 1603 | 99.38 | Dorea_longicatena_gi_223667569_ref_NZ_ scaffold_4720
		Skipping redundant alignment 3619 5180 | 1669 111 | 1562 1559 | 98.79 | Dorea_longicatena_gi_223667568_ref_NZ_ scaffold_4720
			Skipping redundant alignments after choosing the best set of alignments
		Skipping redundant alignment 208109 210059 | 1 1951 | 1951 1951 | 99.03 | Dorea_longicatena_gi_223667572_ref_NZ_ scaffold_4720
		This contig is partially unaligned. (Aligned 1951 out of 2229 bases)
		Alignment: 220278 222228 | 1951 1 | 1951 1951 | 98.98 | Dorea_longicatena_gi_223667571_ref_NZ_ scaffold_4720
		Unaligned bases: 1952 to 2229 (278)

CONTIG: scaffold_5608 (1969bp)
Top Length: 1885  Top ID: 95.55
		This contig is partially unaligned. (Aligned 1885 out of 1969 bases)
		Alignment: 27179 29064 | 1969 85 | 1886 1885 | 95.55 | Dorea_longicatena_gi_223667571_ref_NZ_ scaffold_5608
		Unaligned bases: 1 to 84 (84)

CONTIG: scaffold_9134 (1395bp)
Top Length: 138  Top ID: 98.55
		This contig is partially unaligned. (Aligned 138 out of 1395 bases)
		Alignment: 125668 125804 | 1395 1258 | 137 138 | 98.55 | Dorea_longicatena_gi_223667571_ref_NZ_ scaffold_9134
		Unaligned bases: 1 to 1257 (1257)

CONTIG: scaffold_9610 (1342bp)
Top Length: 1057  Top ID: 96.59
		This contig is partially unaligned. (Aligned 1057 out of 1342 bases)
		Alignment: 24629 25685 | 1 1057 | 1057 1057 | 96.59 | Dorea_longicatena_gi_223667571_ref_NZ_ scaffold_9610
		Unaligned bases: 1058 to 1342 (285)

CONTIG: scaffold_17109 (850bp)
Top Length: 848  Top ID: 97.52
		One align captures most of this contig: 25672 26519 | 850 3 | 848 848 | 97.52 | Dorea_longicatena_gi_223667571_ref_NZ_ scaffold_17109

CONTIG: scaffold_17373 (840bp)
Top Length: 295  Top ID: 99.32
		This contig is partially unaligned. (Aligned 295 out of 840 bases)
		Alignment: 130667 130961 | 295 1 | 295 295 | 99.32 | Dorea_longicatena_gi_223667571_ref_NZ_ scaffold_17373
		Unaligned bases: 296 to 840 (545)

CONTIG: scaffold_17546 (834bp)
Top Length: 834  Top ID: 98.68
		One align captures most of this contig: 6561 7394 | 834 1 | 834 834 | 98.68 | Dorea_longicatena_gi_223667571_ref_NZ_ scaffold_17546

CONTIG: scaffold_17821 (825bp)
Top Length: 85  Top ID: 100.0
		This contig is partially unaligned. (Aligned 85 out of 825 bases)
		Alignment: 180548 180632 | 1 85 | 85 85 | 100.0 | Dorea_longicatena_gi_223667571_ref_NZ_ scaffold_17821
		Unaligned bases: 86 to 825 (740)

CONTIG: scaffold_20679 (736bp)
Top Length: 736  Top ID: 99.05
		One align captures most of this contig: 1177 1912 | 736 1 | 736 736 | 99.05 | Dorea_longicatena_gi_223667571_ref_NZ_ scaffold_20679

CONTIG: scaffold_20850 (731bp)
Top Length: 731  Top ID: 98.36
		One align captures most of this contig: 38601 39331 | 1 731 | 731 731 | 98.36 | Dorea_longicatena_gi_223667571_ref_NZ_ scaffold_20850

CONTIG: scaffold_21529 (712bp)
Top Length: 94  Top ID: 100.0
		This contig is partially unaligned. (Aligned 94 out of 712 bases)
		Alignment: 103850 103943 | 619 712 | 94 94 | 100.0 | Dorea_longicatena_gi_223667571_ref_NZ_ scaffold_21529
		Unaligned bases: 1 to 618 (618)

CONTIG: scaffold_21521 (712bp)
Top Length: 712  Top ID: 98.46
		Marking as insignificant: 1206 1738 | 1 533 | 533 533 | 98.5 | Dorea_longicatena_gi_223667576_ref_NZ_ scaffold_21521
		Marking as insignificant: 2047 2588 | 542 1 | 542 542 | 97.42 | Dorea_longicatena_gi_223667570_ref_NZ_ scaffold_21521
		Marking as insignificant: 98109 98742 | 634 1 | 634 634 | 97.95 | Dorea_longicatena_gi_223667573_ref_NZ_ scaffold_21521
		Marking as insignificant: 265 976 | 712 1 | 712 712 | 97.34 | Dorea_longicatena_gi_223667575_ref_NZ_ scaffold_21521
		This contig has 2 significant alignments. [An ambiguously mapped contig]
		Using only first of these alignment (option --ambiguity-usage is set to "one"):
		Alignment: 2384 3095 | 712 1 | 712 712 | 98.46 | Dorea_longicatena_gi_223667574_ref_NZ_ scaffold_21521
		Skipping alignment  905 1615 | 712 1 | 711 712 | 97.48 | Dorea_longicatena_gi_223667574_ref_NZ_ scaffold_21521

CONTIG: scaffold_260 (32450bp)
Top Length: 2414  Top ID: 97.31
		This contig is partially unaligned. (Aligned 2414 out of 32450 bases)
		Alignment: 54884 57296 | 1 2414 | 2413 2414 | 97.31 | Dorea_longicatena_gi_223667572_ref_NZ_ scaffold_260
		Unaligned bases: 2415 to 32450 (30036)
		This contig has both significant aligned and unaligned parts (of length >= min-contig)! It can contain interspecies translocations

CONTIG: scaffold_390 (20033bp)
Top Length: 291  Top ID: 97.59
		This contig is partially unaligned. (Aligned 291 out of 20033 bases)
		Alignment: 49081 49370 | 19691 19981 | 290 291 | 97.59 | Dorea_longicatena_gi_223667572_ref_NZ_ scaffold_390
		Unaligned bases: 1 to 19690 (19690)
		Unaligned bases: 19982 to 20033 (52)

CONTIG: scaffold_2085 (4086bp)
Top Length: 4037  Top ID: 98.91
		This contig is partially unaligned. (Aligned 4037 out of 4086 bases)
		Alignment: 518402 522438 | 4037 1 | 4037 4037 | 98.91 | Dorea_longicatena_gi_223667572_ref_NZ_ scaffold_2085
		Unaligned bases: 4038 to 4086 (49)

CONTIG: scaffold_2737 (5818bp)
Top Length: 5818  Top ID: 98.38
		One align captures most of this contig: 483838 489653 | 1 5818 | 5816 5818 | 98.38 | Dorea_longicatena_gi_223667572_ref_NZ_ scaffold_2737

CONTIG: scaffold_2954 (6140bp)
Top Length: 6140  Top ID: 97.27
		One align captures most of this contig: 472502 478647 | 1 6140 | 6146 6140 | 97.27 | Dorea_longicatena_gi_223667572_ref_NZ_ scaffold_2954

CONTIG: scaffold_3420 (3774bp)
Top Length: 86  Top ID: 97.67
		This contig is partially unaligned. (Aligned 86 out of 3774 bases)
		Alignment: 454985 455070 | 3535 3620 | 86 86 | 97.67 | Dorea_longicatena_gi_223667572_ref_NZ_ scaffold_3420
		Unaligned bases: 1 to 3534 (3534)
		Unaligned bases: 3621 to 3774 (154)

CONTIG: scaffold_4230 (4274bp)
Top Length: 4274  Top ID: 96.09
		One align captures most of this contig: 492189 496480 | 4274 1 | 4292 4274 | 96.09 | Dorea_longicatena_gi_223667572_ref_NZ_ scaffold_4230

CONTIG: scaffold_4984 (2142bp)
Top Length: 2136  Top ID: 98.78
		One align captures most of this contig: 522388 524523 | 2142 7 | 2136 2136 | 98.78 | Dorea_longicatena_gi_223667572_ref_NZ_ scaffold_4984

CONTIG: scaffold_5162 (2086bp)
Top Length: 2086  Top ID: 99.52
		One align captures most of this contig: 456686 458771 | 1 2086 | 2086 2086 | 99.52 | Dorea_longicatena_gi_223667572_ref_NZ_ scaffold_5162

CONTIG: scaffold_5824 (1922bp)
Top Length: 1377  Top ID: 99.27
		This contig is partially unaligned. (Aligned 1377 out of 1922 bases)
		Alignment: 49349 50725 | 1914 538 | 1377 1377 | 99.27 | Dorea_longicatena_gi_223667572_ref_NZ_ scaffold_5824
		Unaligned bases: 1 to 537 (537)
		Unaligned bases: 1915 to 1922 (8)
		This contig has both significant aligned and unaligned parts (of length >= min-contig)! It can contain interspecies translocations

CONTIG: scaffold_6069 (1865bp)
Top Length: 1718  Top ID: 99.94
		Skipping redundant alignment 1 1579 | 1611 31 | 1579 1581 | 99.56 | Dorea_longicatena_gi_223667565_ref_NZ_ scaffold_6069
		Skipping redundant alignment 1 837 | 867 31 | 837 837 | 100.0 | Dorea_longicatena_gi_223667569_ref_NZ_ scaffold_6069
		Skipping redundant alignment 1753 2540 | 73 856 | 788 784 | 99.37 | Dorea_longicatena_gi_223667567_ref_NZ_ scaffold_6069
		Skipping redundant alignment 2942 4448 | 160 1665 | 1507 1506 | 99.93 | Dorea_longicatena_gi_223667577_ref_NZ_ scaffold_6069
		Skipping redundant alignment 1 89 | 1657 1746 | 89 90 | 98.89 | Dorea_longicatena_gi_223667579_ref_NZ_ scaffold_6069
			Skipping redundant alignments after choosing the best set of alignments
		Skipping redundant alignment 16757 18469 | 34 1746 | 1713 1713 | 100.0 | Dorea_longicatena_gi_223667598_ref_NZ_ scaffold_6069
		Skipping redundant alignment 131047 132764 | 29 1746 | 1718 1718 | 99.94 | Dorea_longicatena_gi_223667599_ref_NZ_ scaffold_6069
		This contig is partially unaligned. (Aligned 1718 out of 1865 bases)
		Alignment: 445760 447475 | 31 1746 | 1716 1716 | 99.83 | Dorea_longicatena_gi_223667572_ref_NZ_ scaffold_6069
		Unaligned bases: 1 to 30 (30)
		Unaligned bases: 1747 to 1865 (119)

CONTIG: scaffold_6397 (2634bp)
Top Length: 2634  Top ID: 95.99
		One align captures most of this contig: 502306 504946 | 2634 1 | 2641 2634 | 95.99 | Dorea_longicatena_gi_223667572_ref_NZ_ scaffold_6397

CONTIG: scaffold_6952 (1706bp)
Top Length: 1706  Top ID: 97.89
		One align captures most of this contig: 497506 499211 | 1 1706 | 1706 1706 | 97.89 | Dorea_longicatena_gi_223667572_ref_NZ_ scaffold_6952

CONTIG: scaffold_7364 (2981bp)
Top Length: 165  Top ID: 98.18
		This contig is partially unaligned. (Aligned 165 out of 2981 bases)
		Alignment: 524713 524877 | 4 168 | 165 165 | 98.18 | Dorea_longicatena_gi_223667572_ref_NZ_ scaffold_7364
		Unaligned bases: 1 to 3 (3)
		Unaligned bases: 169 to 2981 (2813)

CONTIG: scaffold_8507 (1471bp)
Top Length: 1468  Top ID: 98.16
		One align captures most of this contig: 509717 511184 | 1471 4 | 1468 1468 | 98.16 | Dorea_longicatena_gi_223667572_ref_NZ_ scaffold_8507

CONTIG: scaffold_8663 (1449bp)
Top Length: 1449  Top ID: 95.65
		One align captures most of this contig: 508107 509555 | 1449 1 | 1449 1449 | 95.65 | Dorea_longicatena_gi_223667572_ref_NZ_ scaffold_8663

CONTIG: scaffold_9949 (1305bp)
Top Length: 1305  Top ID: 98.24
		One align captures most of this contig: 464415 465719 | 1305 1 | 1305 1305 | 98.24 | Dorea_longicatena_gi_223667572_ref_NZ_ scaffold_9949

CONTIG: scaffold_11548 (1164bp)
Top Length: 126  Top ID: 99.21
		This contig is partially unaligned. (Aligned 126 out of 1164 bases)
		Alignment: 3622 3747 | 1112 987 | 126 126 | 99.21 | Dorea_longicatena_gi_223667572_ref_NZ_ scaffold_11548
		Unaligned bases: 1 to 986 (986)
		Unaligned bases: 1113 to 1164 (52)

CONTIG: scaffold_11798 (1145bp)
Top Length: 789  Top ID: 98.73
		This contig is misassembled. 2 total aligns.
			Excluding internal overlap of size 4 between Alignment 1 and 2:  459090 459448 | 1145 786 | 359 360 --> 459090 459444 | 1145 790 | 355 356
			Real Alignment 1: 513598 514386 | 789 1 | 789 789 | 98.73 | Dorea_longicatena_gi_223667572_ref_NZ_ scaffold_11798
			  Extensive misassembly ( relocation, inconsistency = 54153 ) between these two alignments
			Real Alignment 2: 459090 459444 | 1145 790 | 355 356 | 99.44 | Dorea_longicatena_gi_223667572_ref_NZ_ scaffold_11798

CONTIG: scaffold_13263 (1044bp)
Top Length: 1043  Top ID: 97.79
		One align captures most of this contig: 499530 500572 | 2 1044 | 1043 1043 | 97.79 | Dorea_longicatena_gi_223667572_ref_NZ_ scaffold_13263

CONTIG: scaffold_14444 (973bp)
Top Length: 973  Top ID: 99.9
		One align captures most of this contig: 463534 464506 | 1 973 | 973 973 | 99.9 | Dorea_longicatena_gi_223667572_ref_NZ_ scaffold_14444

CONTIG: scaffold_16668 (866bp)
Top Length: 761  Top ID: 98.42
		This contig is partially unaligned. (Aligned 761 out of 866 bases)
		Alignment: 399952 400711 | 761 1 | 760 761 | 98.42 | Dorea_longicatena_gi_223667572_ref_NZ_ scaffold_16668
		Unaligned bases: 762 to 866 (105)

CONTIG: scaffold_17336 (841bp)
Top Length: 841  Top ID: 96.91
		One align captures most of this contig: 496736 497576 | 1 841 | 841 841 | 96.91 | Dorea_longicatena_gi_223667572_ref_NZ_ scaffold_17336

CONTIG: scaffold_23549 (663bp)
Top Length: 663  Top ID: 97.89
		One align captures most of this contig: 14086 14748 | 1 663 | 663 663 | 97.89 | Dorea_longicatena_gi_223667572_ref_NZ_ scaffold_23549

CONTIG: scaffold_26053 (612bp)
Top Length: 612  Top ID: 99.84
		One align captures most of this contig: 512200 512811 | 1 612 | 612 612 | 99.84 | Dorea_longicatena_gi_223667572_ref_NZ_ scaffold_26053

CONTIG: scaffold_26899 (596bp)
Top Length: 596  Top ID: 96.48
		One align captures most of this contig: 480912 481507 | 596 1 | 596 596 | 96.48 | Dorea_longicatena_gi_223667572_ref_NZ_ scaffold_26899

CONTIG: scaffold_26988 (594bp)
Top Length: 594  Top ID: 98.48
		One align captures most of this contig: 421042 421634 | 594 1 | 593 594 | 98.48 | Dorea_longicatena_gi_223667572_ref_NZ_ scaffold_26988

CONTIG: scaffold_27002 (593bp)
Top Length: 593  Top ID: 98.48
		One align captures most of this contig: 58619 59211 | 593 1 | 593 593 | 98.48 | Dorea_longicatena_gi_223667572_ref_NZ_ scaffold_27002

CONTIG: scaffold_27041 (593bp)
Top Length: 593  Top ID: 99.49
		One align captures most of this contig: 418118 418710 | 1 593 | 593 593 | 99.49 | Dorea_longicatena_gi_223667572_ref_NZ_ scaffold_27041

CONTIG: scaffold_6769 (2162bp)
Top Length: 203  Top ID: 98.03
		This contig is partially unaligned. (Aligned 203 out of 2162 bases)
		Alignment: 26324 26526 | 1960 2162 | 203 203 | 98.03 | Dorea_longicatena_gi_223667599_ref_NZ_ scaffold_6769
		Unaligned bases: 1 to 1959 (1959)

CONTIG: scaffold_1275 (6294bp)
Top Length: 76  Top ID: 100.0
		This contig is partially unaligned. (Aligned 76 out of 6294 bases)
		Alignment: 45228 45303 | 6154 6229 | 76 76 | 100.0 | Dorea_longicatena_gi_223667583_ref_NZ_ scaffold_1275
		Unaligned bases: 1 to 6153 (6153)
		Unaligned bases: 6230 to 6294 (65)

CONTIG: scaffold_2813 (3230bp)
Top Length: 415  Top ID: 99.28
		This contig is misassembled. 2 total aligns.
			Warning! This contig is more unaligned than misassembled. Contig length is 3230 and total length of all aligns is 677
		Alignment: 40035 40296 | 639 378 | 262 262 | 98.85 | Dorea_longicatena_gi_223667583_ref_NZ_ scaffold_2813
		Alignment: 39623 40037 | 2975 2561 | 415 415 | 99.28 | Dorea_longicatena_gi_223667583_ref_NZ_ scaffold_2813
		Unaligned bases: 2553
		This contig has both significant aligned and unaligned parts (of length >= min-contig)! It can contain interspecies translocations
CONTIG: scaffold_3194 (2946bp)
Top Length: 756  Top ID: 99.74
		This contig is partially unaligned. (Aligned 756 out of 2946 bases)
		Alignment: 40296 41051 | 2191 2946 | 756 756 | 99.74 | Dorea_longicatena_gi_223667583_ref_NZ_ scaffold_3194
		Unaligned bases: 1 to 2190 (2190)
		This contig has both significant aligned and unaligned parts (of length >= min-contig)! It can contain interspecies translocations

CONTIG: scaffold_3966 (2524bp)
Top Length: 2524  Top ID: 99.84
		One align captures most of this contig: 41489 44012 | 1 2524 | 2524 2524 | 99.84 | Dorea_longicatena_gi_223667583_ref_NZ_ scaffold_3966

CONTIG: scaffold_12012 (1527bp)
Top Length: 114  Top ID: 99.12
		This contig is partially unaligned. (Aligned 114 out of 1527 bases)
		Alignment: 14048 14161 | 1414 1527 | 114 114 | 99.12 | Dorea_longicatena_gi_223667583_ref_NZ_ scaffold_12012
		Unaligned bases: 1 to 1413 (1413)

Analyzing coverage...
Writing SNPs into /Molly/gurevich/MetaQUAST/res_final/res_metahit_final/runs_per_reference/Dorea_longicatena/contigs_reports/nucmer_output/IDBA_UD.used_snps
ERROR: Reference Dorea_longicatena_gi_223667575_ref_NZ_ does not have any alignments!  Check that this is the same file used for alignment.
ERROR: Alignment Reference Headers: ['Dorea_longicatena_gi_223667581_ref_NZ_', 'Dorea_longicatena_gi_223667598_ref_NZ_', 'Dorea_longicatena_gi_223667585_ref_NZ_', 'Dorea_longicatena_gi_223667573_ref_NZ_', 'Dorea_longicatena_gi_223667572_ref_NZ_', 'Dorea_longicatena_gi_223667588_ref_NZ_', 'Dorea_longicatena_gi_223667599_ref_NZ_', 'Dorea_longicatena_gi_223667595_ref_NZ_', 'Dorea_longicatena_gi_223667569_ref_NZ_', 'Dorea_longicatena_gi_223667571_ref_NZ_', 'Dorea_longicatena_gi_223667570_ref_NZ_', 'Dorea_longicatena_gi_223667584_ref_NZ_', 'Dorea_longicatena_gi_223667574_ref_NZ_', 'Dorea_longicatena_gi_223667583_ref_NZ_', 'Dorea_longicatena_gi_223667596_ref_NZ_', 'Dorea_longicatena_gi_223667586_ref_NZ_', 'Dorea_longicatena_gi_223667594_ref_NZ_']
	Reference Dorea_longicatena_gi_223667585_ref_NZ_: 1 total alignments. 1 total regions.
		Region: 1 to 72941 (72941 bp)
			START in gap: 1 to 58868 (58867 bp)
			Align 1: 58868 59069 scaffold_22123 202 1
			END in gap: 59069 to 72941 (13872 bp)

ERROR: Reference Dorea_longicatena_gi_223667577_ref_NZ_ does not have any alignments!  Check that this is the same file used for alignment.
ERROR: Alignment Reference Headers: ['Dorea_longicatena_gi_223667581_ref_NZ_', 'Dorea_longicatena_gi_223667598_ref_NZ_', 'Dorea_longicatena_gi_223667585_ref_NZ_', 'Dorea_longicatena_gi_223667573_ref_NZ_', 'Dorea_longicatena_gi_223667572_ref_NZ_', 'Dorea_longicatena_gi_223667588_ref_NZ_', 'Dorea_longicatena_gi_223667599_ref_NZ_', 'Dorea_longicatena_gi_223667595_ref_NZ_', 'Dorea_longicatena_gi_223667569_ref_NZ_', 'Dorea_longicatena_gi_223667571_ref_NZ_', 'Dorea_longicatena_gi_223667570_ref_NZ_', 'Dorea_longicatena_gi_223667584_ref_NZ_', 'Dorea_longicatena_gi_223667574_ref_NZ_', 'Dorea_longicatena_gi_223667583_ref_NZ_', 'Dorea_longicatena_gi_223667596_ref_NZ_', 'Dorea_longicatena_gi_223667586_ref_NZ_', 'Dorea_longicatena_gi_223667594_ref_NZ_']
ERROR: Reference Dorea_longicatena_gi_223667587_ref_NZ_ does not have any alignments!  Check that this is the same file used for alignment.
ERROR: Alignment Reference Headers: ['Dorea_longicatena_gi_223667581_ref_NZ_', 'Dorea_longicatena_gi_223667598_ref_NZ_', 'Dorea_longicatena_gi_223667585_ref_NZ_', 'Dorea_longicatena_gi_223667573_ref_NZ_', 'Dorea_longicatena_gi_223667572_ref_NZ_', 'Dorea_longicatena_gi_223667588_ref_NZ_', 'Dorea_longicatena_gi_223667599_ref_NZ_', 'Dorea_longicatena_gi_223667595_ref_NZ_', 'Dorea_longicatena_gi_223667569_ref_NZ_', 'Dorea_longicatena_gi_223667571_ref_NZ_', 'Dorea_longicatena_gi_223667570_ref_NZ_', 'Dorea_longicatena_gi_223667584_ref_NZ_', 'Dorea_longicatena_gi_223667574_ref_NZ_', 'Dorea_longicatena_gi_223667583_ref_NZ_', 'Dorea_longicatena_gi_223667596_ref_NZ_', 'Dorea_longicatena_gi_223667586_ref_NZ_', 'Dorea_longicatena_gi_223667594_ref_NZ_']
	Reference Dorea_longicatena_gi_223667570_ref_NZ_: 2 total alignments. 1 total regions.
		Region: 1 to 3539 (3539 bp)
			START in gap: 1 to 593 (592 bp)
			Align 1: 593 1351 scaffold_24704 755 1
				Negative gap (overlap) between this and next alignment: 1351 to 1146 (-205 bp)
				Next Alignment: 1146 1766 scaffold_37589 613 1

			Previous gap was negative, modifying coordinates to ignore overlap
				Moving contig start from 613 to 407.
			Align 2: 1352 1766 scaffold_37589 407 1
			END in gap: 1766 to 3539 (1773 bp)

ERROR: Reference Dorea_longicatena_gi_223667591_ref_NZ_ does not have any alignments!  Check that this is the same file used for alignment.
ERROR: Alignment Reference Headers: ['Dorea_longicatena_gi_223667581_ref_NZ_', 'Dorea_longicatena_gi_223667598_ref_NZ_', 'Dorea_longicatena_gi_223667585_ref_NZ_', 'Dorea_longicatena_gi_223667573_ref_NZ_', 'Dorea_longicatena_gi_223667572_ref_NZ_', 'Dorea_longicatena_gi_223667588_ref_NZ_', 'Dorea_longicatena_gi_223667599_ref_NZ_', 'Dorea_longicatena_gi_223667595_ref_NZ_', 'Dorea_longicatena_gi_223667569_ref_NZ_', 'Dorea_longicatena_gi_223667571_ref_NZ_', 'Dorea_longicatena_gi_223667570_ref_NZ_', 'Dorea_longicatena_gi_223667584_ref_NZ_', 'Dorea_longicatena_gi_223667574_ref_NZ_', 'Dorea_longicatena_gi_223667583_ref_NZ_', 'Dorea_longicatena_gi_223667596_ref_NZ_', 'Dorea_longicatena_gi_223667586_ref_NZ_', 'Dorea_longicatena_gi_223667594_ref_NZ_']
ERROR: Reference Dorea_longicatena_gi_223667578_ref_NZ_ does not have any alignments!  Check that this is the same file used for alignment.
ERROR: Alignment Reference Headers: ['Dorea_longicatena_gi_223667581_ref_NZ_', 'Dorea_longicatena_gi_223667598_ref_NZ_', 'Dorea_longicatena_gi_223667585_ref_NZ_', 'Dorea_longicatena_gi_223667573_ref_NZ_', 'Dorea_longicatena_gi_223667572_ref_NZ_', 'Dorea_longicatena_gi_223667588_ref_NZ_', 'Dorea_longicatena_gi_223667599_ref_NZ_', 'Dorea_longicatena_gi_223667595_ref_NZ_', 'Dorea_longicatena_gi_223667569_ref_NZ_', 'Dorea_longicatena_gi_223667571_ref_NZ_', 'Dorea_longicatena_gi_223667570_ref_NZ_', 'Dorea_longicatena_gi_223667584_ref_NZ_', 'Dorea_longicatena_gi_223667574_ref_NZ_', 'Dorea_longicatena_gi_223667583_ref_NZ_', 'Dorea_longicatena_gi_223667596_ref_NZ_', 'Dorea_longicatena_gi_223667586_ref_NZ_', 'Dorea_longicatena_gi_223667594_ref_NZ_']
	Reference Dorea_longicatena_gi_223667586_ref_NZ_: 3 total alignments. 1 total regions.
		Region: 1 to 78319 (78319 bp)
			START in gap: 1 to 58385 (58384 bp)
			Align 1: 58385 58921 scaffold_16593 869 333
				Gap between this and next alignment: 58921 to 65741 (6819 bp)
				Next Alignment: 65741 66389 scaffold_39283 1 642

			Align 2: 65741 66389 scaffold_39283 1 642
				Gap between this and next alignment: 66389 to 66907 (517 bp)
				Next Alignment: 66907 67106 scaffold_29494 118 314

			Align 3: 66907 67106 scaffold_29494 118 314
			END in gap: 67106 to 78319 (11213 bp)

	Reference Dorea_longicatena_gi_223667598_ref_NZ_: 4 total alignments. 1 total regions.
		Region: 1 to 177295 (177295 bp)
			START in gap: 1 to 11329 (11328 bp)
			Align 1: 11329 15165 scaffold_2249 1 3837
				Gap between this and next alignment: 15165 to 28223 (13057 bp)
				Next Alignment: 28223 28750 scaffold_29283 1 528

			Align 2: 28223 28750 scaffold_29283 1 528
				Gap between this and next alignment: 28750 to 39501 (10750 bp)
				Next Alignment: 39501 40787 scaffold_10130 1 1287

			Align 3: 39501 40787 scaffold_10130 1 1287
				Gap between this and next alignment: 40787 to 143295 (102507 bp)
				Next Alignment: 143295 143742 scaffold_30074 448 1

			Align 4: 143295 143742 scaffold_30074 448 1
			END in gap: 143742 to 177295 (33553 bp)

	Reference Dorea_longicatena_gi_223667573_ref_NZ_: 12 total alignments. 1 total regions.
		Region: 1 to 216476 (216476 bp)
			START in gap: 1 to 103190 (103189 bp)
			Align 1: 103190 103923 scaffold_20721 735 1
				Gap between this and next alignment: 103923 to 126947 (23023 bp)
				Next Alignment: 126947 127926 scaffold_12097 1 980

			Align 2: 126947 127926 scaffold_12097 1 980
				The next alignment (127736 127877 scaffold_12097 1122 981) is redundant. Skipping.
				Gap between this and next alignment: 127926 to 130141 (2214 bp)
				Next Alignment: 130141 130346 scaffold_7870 1190 1395

			Align 4: 130141 130346 scaffold_7870 1190 1395
				Negative gap (overlap) between this and next alignment: 130346 to 130270 (-76 bp)
				Next Alignment: 130270 131488 scaffold_166 79290 80507

			Previous gap was negative, modifying coordinates to ignore overlap
				Moving contig start from 79290 to 79367.
			Align 5: 130347 131488 scaffold_166 79367 80507
				Gap between this and next alignment: 131488 to 132116 (627 bp)
				Next Alignment: 132116 132273 scaffold_7870 1403 1560

			Align 6: 132116 132273 scaffold_7870 1403 1560
				Negative gap (overlap) between this and next alignment: 132273 to 132175 (-98 bp)
				Next Alignment: 132175 133556 scaffold_9249 1 1382

			Previous gap was negative, modifying coordinates to ignore overlap
				Moving contig start from 1 to 100.
			Align 7: 132274 133556 scaffold_9249 100 1382
				Gap between this and next alignment: 133556 to 139348 (5791 bp)
				Next Alignment: 139348 139812 scaffold_21868 703 239

			Align 8: 139348 139812 scaffold_21868 703 239
				Gap between this and next alignment: 139812 to 147760 (7947 bp)
				Next Alignment: 147760 148479 scaffold_18650 78 797

			Align 9: 147760 148479 scaffold_18650 78 797
				Gap between this and next alignment: 148479 to 148629 (149 bp)
				Next Alignment: 148629 149409 scaffold_19175 781 1

			Align 10: 148629 149409 scaffold_19175 781 1
				Gap between this and next alignment: 149409 to 152164 (2754 bp)
				Next Alignment: 152164 153063 scaffold_15871 1 900

			Align 11: 152164 153063 scaffold_15871 1 900
				The next alignment (152897 153063 scaffold_20625 572 738) is redundant. Skipping.

ERROR: Reference Dorea_longicatena_gi_223667568_ref_NZ_ does not have any alignments!  Check that this is the same file used for alignment.
ERROR: Alignment Reference Headers: ['Dorea_longicatena_gi_223667581_ref_NZ_', 'Dorea_longicatena_gi_223667598_ref_NZ_', 'Dorea_longicatena_gi_223667585_ref_NZ_', 'Dorea_longicatena_gi_223667573_ref_NZ_', 'Dorea_longicatena_gi_223667572_ref_NZ_', 'Dorea_longicatena_gi_223667588_ref_NZ_', 'Dorea_longicatena_gi_223667599_ref_NZ_', 'Dorea_longicatena_gi_223667595_ref_NZ_', 'Dorea_longicatena_gi_223667569_ref_NZ_', 'Dorea_longicatena_gi_223667571_ref_NZ_', 'Dorea_longicatena_gi_223667570_ref_NZ_', 'Dorea_longicatena_gi_223667584_ref_NZ_', 'Dorea_longicatena_gi_223667574_ref_NZ_', 'Dorea_longicatena_gi_223667583_ref_NZ_', 'Dorea_longicatena_gi_223667596_ref_NZ_', 'Dorea_longicatena_gi_223667586_ref_NZ_', 'Dorea_longicatena_gi_223667594_ref_NZ_']
	Reference Dorea_longicatena_gi_223667574_ref_NZ_: 1 total alignments. 1 total regions.
		Region: 1 to 5832 (5832 bp)
			START in gap: 1 to 2384 (2383 bp)
			Align 1: 2384 3095 scaffold_21521 712 1
			END in gap: 3095 to 5832 (2737 bp)

	Reference Dorea_longicatena_gi_223667583_ref_NZ_: 6 total alignments. 1 total regions.
		Region: 1 to 45355 (45355 bp)
			START in gap: 1 to 14048 (14047 bp)
			Align 1: 14048 14161 scaffold_12012 1414 1527
				Gap between this and next alignment: 14161 to 39623 (25461 bp)
				Next Alignment: 39623 40037 scaffold_2813 2975 2561

			Align 2: 39623 40037 scaffold_2813 2975 2561
				Negative gap (overlap) between this and next alignment: 40037 to 40035 (-2 bp)
				Next Alignment: 40035 40296 scaffold_2813 639 378

			Previous gap was negative, modifying coordinates to ignore overlap
				Moving contig start from 639 to 636.
			Align 3: 40038 40296 scaffold_2813 636 378
				Negative gap (overlap) between this and next alignment: 40296 to 40296 (0 bp)
				Next Alignment: 40296 41051 scaffold_3194 2191 2946

			Previous gap was negative, modifying coordinates to ignore overlap
				Moving contig start from 2191 to 2192.
			Align 4: 40297 41051 scaffold_3194 2192 2946
				Gap between this and next alignment: 41051 to 41489 (437 bp)
				Next Alignment: 41489 44012 scaffold_3966 1 2524

			Align 5: 41489 44012 scaffold_3966 1 2524
				Gap between this and next alignment: 44012 to 45228 (1215 bp)
				Next Alignment: 45228 45303 scaffold_1275 6154 6229

			Align 6: 45228 45303 scaffold_1275 6154 6229
			END in gap: 45303 to 45355 (52 bp)

ERROR: Reference Dorea_longicatena_gi_223667576_ref_NZ_ does not have any alignments!  Check that this is the same file used for alignment.
ERROR: Alignment Reference Headers: ['Dorea_longicatena_gi_223667581_ref_NZ_', 'Dorea_longicatena_gi_223667598_ref_NZ_', 'Dorea_longicatena_gi_223667585_ref_NZ_', 'Dorea_longicatena_gi_223667573_ref_NZ_', 'Dorea_longicatena_gi_223667572_ref_NZ_', 'Dorea_longicatena_gi_223667588_ref_NZ_', 'Dorea_longicatena_gi_223667599_ref_NZ_', 'Dorea_longicatena_gi_223667595_ref_NZ_', 'Dorea_longicatena_gi_223667569_ref_NZ_', 'Dorea_longicatena_gi_223667571_ref_NZ_', 'Dorea_longicatena_gi_223667570_ref_NZ_', 'Dorea_longicatena_gi_223667584_ref_NZ_', 'Dorea_longicatena_gi_223667574_ref_NZ_', 'Dorea_longicatena_gi_223667583_ref_NZ_', 'Dorea_longicatena_gi_223667596_ref_NZ_', 'Dorea_longicatena_gi_223667586_ref_NZ_', 'Dorea_longicatena_gi_223667594_ref_NZ_']
ERROR: Reference Dorea_longicatena_gi_223667590_ref_NZ_ does not have any alignments!  Check that this is the same file used for alignment.
ERROR: Alignment Reference Headers: ['Dorea_longicatena_gi_223667581_ref_NZ_', 'Dorea_longicatena_gi_223667598_ref_NZ_', 'Dorea_longicatena_gi_223667585_ref_NZ_', 'Dorea_longicatena_gi_223667573_ref_NZ_', 'Dorea_longicatena_gi_223667572_ref_NZ_', 'Dorea_longicatena_gi_223667588_ref_NZ_', 'Dorea_longicatena_gi_223667599_ref_NZ_', 'Dorea_longicatena_gi_223667595_ref_NZ_', 'Dorea_longicatena_gi_223667569_ref_NZ_', 'Dorea_longicatena_gi_223667571_ref_NZ_', 'Dorea_longicatena_gi_223667570_ref_NZ_', 'Dorea_longicatena_gi_223667584_ref_NZ_', 'Dorea_longicatena_gi_223667574_ref_NZ_', 'Dorea_longicatena_gi_223667583_ref_NZ_', 'Dorea_longicatena_gi_223667596_ref_NZ_', 'Dorea_longicatena_gi_223667586_ref_NZ_', 'Dorea_longicatena_gi_223667594_ref_NZ_']
ERROR: Reference Dorea_longicatena_gi_223667566_ref_NZ_ does not have any alignments!  Check that this is the same file used for alignment.
ERROR: Alignment Reference Headers: ['Dorea_longicatena_gi_223667581_ref_NZ_', 'Dorea_longicatena_gi_223667598_ref_NZ_', 'Dorea_longicatena_gi_223667585_ref_NZ_', 'Dorea_longicatena_gi_223667573_ref_NZ_', 'Dorea_longicatena_gi_223667572_ref_NZ_', 'Dorea_longicatena_gi_223667588_ref_NZ_', 'Dorea_longicatena_gi_223667599_ref_NZ_', 'Dorea_longicatena_gi_223667595_ref_NZ_', 'Dorea_longicatena_gi_223667569_ref_NZ_', 'Dorea_longicatena_gi_223667571_ref_NZ_', 'Dorea_longicatena_gi_223667570_ref_NZ_', 'Dorea_longicatena_gi_223667584_ref_NZ_', 'Dorea_longicatena_gi_223667574_ref_NZ_', 'Dorea_longicatena_gi_223667583_ref_NZ_', 'Dorea_longicatena_gi_223667596_ref_NZ_', 'Dorea_longicatena_gi_223667586_ref_NZ_', 'Dorea_longicatena_gi_223667594_ref_NZ_']
	Reference Dorea_longicatena_gi_223667588_ref_NZ_: 1 total alignments. 1 total regions.
		Region: 1 to 34468 (34468 bp)
			START in gap: 1 to 15716 (15715 bp)
			Align 1: 15716 15884 scaffold_17869 172 4
			END in gap: 15884 to 34468 (18584 bp)

ERROR: Reference Dorea_longicatena_gi_223667564_ref_NZ_ does not have any alignments!  Check that this is the same file used for alignment.
ERROR: Alignment Reference Headers: ['Dorea_longicatena_gi_223667581_ref_NZ_', 'Dorea_longicatena_gi_223667598_ref_NZ_', 'Dorea_longicatena_gi_223667585_ref_NZ_', 'Dorea_longicatena_gi_223667573_ref_NZ_', 'Dorea_longicatena_gi_223667572_ref_NZ_', 'Dorea_longicatena_gi_223667588_ref_NZ_', 'Dorea_longicatena_gi_223667599_ref_NZ_', 'Dorea_longicatena_gi_223667595_ref_NZ_', 'Dorea_longicatena_gi_223667569_ref_NZ_', 'Dorea_longicatena_gi_223667571_ref_NZ_', 'Dorea_longicatena_gi_223667570_ref_NZ_', 'Dorea_longicatena_gi_223667584_ref_NZ_', 'Dorea_longicatena_gi_223667574_ref_NZ_', 'Dorea_longicatena_gi_223667583_ref_NZ_', 'Dorea_longicatena_gi_223667596_ref_NZ_', 'Dorea_longicatena_gi_223667586_ref_NZ_', 'Dorea_longicatena_gi_223667594_ref_NZ_']
	Reference Dorea_longicatena_gi_223667595_ref_NZ_: 23 total alignments. 1 total regions.
		Region: 1 to 410383 (410383 bp)
			START in gap: 1 to 85297 (85296 bp)
			Align 1: 85297 85453 scaffold_1415 237 83
				Gap between this and next alignment: 85453 to 105247 (19793 bp)
				Next Alignment: 105247 105323 scaffold_3946 1 77

			Align 2: 105247 105323 scaffold_3946 1 77
				Gap between this and next alignment: 105323 to 149587 (44263 bp)
				Next Alignment: 149587 151560 scaffold_4965 1972 1

			Align 3: 149587 151560 scaffold_4965 1972 1
				Gap between this and next alignment: 151560 to 151582 (21 bp)
				Next Alignment: 151582 152280 scaffold_22044 699 1

			Align 4: 151582 152280 scaffold_22044 699 1
				Gap between this and next alignment: 152280 to 152749 (468 bp)
				Next Alignment: 152749 160555 scaffold_1038 7805 1

			Align 5: 152749 160555 scaffold_1038 7805 1
				Gap between this and next alignment: 160555 to 163667 (3111 bp)
				Next Alignment: 163667 164438 scaffold_18809 792 21

			Align 6: 163667 164438 scaffold_18809 792 21
				Gap between this and next alignment: 164438 to 175398 (10959 bp)
				Next Alignment: 175398 175837 scaffold_580 24629 25068

			Align 7: 175398 175837 scaffold_580 24629 25068
				Gap between this and next alignment: 175837 to 177147 (1309 bp)
				Next Alignment: 177147 180400 scaffold_4117 1 3252

			Align 8: 177147 180400 scaffold_4117 1 3252
				The next alignment (177941 178043 scaffold_4567 103 1) is redundant. Skipping.
				Negative gap (overlap) between this and next alignment: 180400 to 180302 (-98 bp)
				Next Alignment: 180302 180513 scaffold_12507 1 212

			Previous gap was negative, modifying coordinates to ignore overlap
				Moving contig start from 1 to 100.
			Align 10: 180401 180513 scaffold_12507 100 212
				Negative gap (overlap) between this and next alignment: 180513 to 180302 (-211 bp)
				Next Alignment: 180302 181161 scaffold_30716 860 1

			Previous gap was negative, modifying coordinates to ignore overlap
				Moving contig start from 860 to 648.
			Align 11: 180514 181161 scaffold_30716 648 1
				Gap between this and next alignment: 181161 to 181442 (280 bp)
				Next Alignment: 181442 182026 scaffold_27360 1 585

			Align 12: 181442 182026 scaffold_27360 1 585
				Gap between this and next alignment: 182026 to 184865 (2838 bp)
				Next Alignment: 184865 185270 scaffold_2772 1 407

			Align 13: 184865 185270 scaffold_2772 1 407
				Gap between this and next alignment: 185270 to 192924 (7653 bp)
				Next Alignment: 192924 193312 scaffold_28163 408 20

			Align 14: 192924 193312 scaffold_28163 408 20
				Gap between this and next alignment: 193312 to 193701 (388 bp)
				Next Alignment: 193701 198317 scaffold_1080 1660 6271

			Align 15: 193701 198317 scaffold_1080 1660 6271
				Negative gap (overlap) between this and next alignment: 198317 to 198310 (-7 bp)
				Next Alignment: 198310 200868 scaffold_2989 4275 1717

			Previous gap was negative, modifying coordinates to ignore overlap
				Moving contig start from 4275 to 4267.
			Align 16: 198318 200868 scaffold_2989 4267 1717
				Gap between this and next alignment: 200868 to 201433 (564 bp)
				Next Alignment: 201433 204591 scaffold_4134 6 3154

			Align 17: 201433 204591 scaffold_4134 6 3154
				Negative gap (overlap) between this and next alignment: 204591 to 204493 (-98 bp)
				Next Alignment: 204493 206077 scaffold_7676 1585 1

			Previous gap was negative, modifying coordinates to ignore overlap
				Moving contig start from 1585 to 1486.
			Align 18: 204592 206077 scaffold_7676 1486 1
				Gap between this and next alignment: 206077 to 222949 (16871 bp)
				Next Alignment: 222949 226553 scaffold_329 12063 15665

			Align 19: 222949 226553 scaffold_329 12063 15665
				Gap between this and next alignment: 226553 to 279440 (52886 bp)
				Next Alignment: 279440 279928 scaffold_29154 489 1

			Align 20: 279440 279928 scaffold_29154 489 1
				Gap between this and next alignment: 279928 to 280801 (872 bp)
				Next Alignment: 280801 280926 scaffold_2540 3368 3493

			Align 21: 280801 280926 scaffold_2540 3368 3493
				Gap between this and next alignment: 280926 to 283172 (2245 bp)
				Next Alignment: 283172 283827 scaffold_23905 656 1

			Align 22: 283172 283827 scaffold_23905 656 1
				Gap between this and next alignment: 283827 to 306023 (22195 bp)
				Next Alignment: 306023 306288 scaffold_10551 1712 1447

			Align 23: 306023 306288 scaffold_10551 1712 1447
			END in gap: 306288 to 410383 (104095 bp)

	Reference Dorea_longicatena_gi_223667569_ref_NZ_: 2 total alignments. 1 total regions.
		Region: 1 to 84037 (84037 bp)
			START in gap: 1 to 58814 (58813 bp)
			Align 1: 58814 59473 scaffold_23695 660 1
				Gap between this and next alignment: 59473 to 61243 (1769 bp)
				Next Alignment: 61243 61848 scaffold_26360 606 1

			Align 2: 61243 61848 scaffold_26360 606 1
			END in gap: 61848 to 84037 (22189 bp)

	Reference Dorea_longicatena_gi_223667571_ref_NZ_: 12 total alignments. 1 total regions.
		Region: 1 to 283525 (283525 bp)
			START in gap: 1 to 1177 (1176 bp)
			Align 1: 1177 1912 scaffold_20679 736 1
				Gap between this and next alignment: 1912 to 6561 (4648 bp)
				Next Alignment: 6561 7394 scaffold_17546 834 1

			Align 2: 6561 7394 scaffold_17546 834 1
				Gap between this and next alignment: 7394 to 24629 (17234 bp)
				Next Alignment: 24629 25685 scaffold_9610 1 1057

			Align 3: 24629 25685 scaffold_9610 1 1057
				Negative gap (overlap) between this and next alignment: 25685 to 25672 (-13 bp)
				Next Alignment: 25672 26519 scaffold_17109 850 3

			Previous gap was negative, modifying coordinates to ignore overlap
				Moving contig start from 850 to 836.
			Align 4: 25686 26519 scaffold_17109 836 3
				Gap between this and next alignment: 26519 to 27179 (659 bp)
				Next Alignment: 27179 29064 scaffold_5608 1969 85

			Align 5: 27179 29064 scaffold_5608 1969 85
				Gap between this and next alignment: 29064 to 38601 (9536 bp)
				Next Alignment: 38601 39331 scaffold_20850 1 731

			Align 6: 38601 39331 scaffold_20850 1 731
				Gap between this and next alignment: 39331 to 103850 (64518 bp)
				Next Alignment: 103850 103943 scaffold_21529 619 712

			Align 7: 103850 103943 scaffold_21529 619 712
				Gap between this and next alignment: 103943 to 125668 (21724 bp)
				Next Alignment: 125668 125804 scaffold_9134 1395 1258

			Align 8: 125668 125804 scaffold_9134 1395 1258
				Gap between this and next alignment: 125804 to 130667 (4862 bp)
				Next Alignment: 130667 130961 scaffold_17373 295 1

			Align 9: 130667 130961 scaffold_17373 295 1
				Gap between this and next alignment: 130961 to 180548 (49586 bp)
				Next Alignment: 180548 180632 scaffold_17821 1 85

			Align 10: 180548 180632 scaffold_17821 1 85
				Gap between this and next alignment: 180632 to 220278 (39645 bp)
				Next Alignment: 220278 222228 scaffold_4720 1951 1

			Align 11: 220278 222228 scaffold_4720 1951 1
				Gap between this and next alignment: 222228 to 256105 (33876 bp)
				Next Alignment: 256105 256288 scaffold_1854 4295 4478

			Align 12: 256105 256288 scaffold_1854 4295 4478
			END in gap: 256288 to 283525 (27237 bp)

	Reference Dorea_longicatena_gi_223667584_ref_NZ_: 4 total alignments. 1 total regions.
		Region: 1 to 49524 (49524 bp)
			START in gap: 1 to 13096 (13095 bp)
			Align 1: 13096 13339 scaffold_12400 244 1
				Gap between this and next alignment: 13339 to 14744 (1404 bp)
				Next Alignment: 14744 15454 scaffold_21564 1 711

			Align 2: 14744 15454 scaffold_21564 1 711
				Gap between this and next alignment: 15454 to 23893 (8438 bp)
				Next Alignment: 23893 31898 scaffold_1013 8007 1

			Align 3: 23893 31898 scaffold_1013 8007 1
				Gap between this and next alignment: 31898 to 48728 (16829 bp)
				Next Alignment: 48728 48807 scaffold_24201 570 649

			Align 4: 48728 48807 scaffold_24201 570 649
			END in gap: 48807 to 49524 (717 bp)

ERROR: Reference Dorea_longicatena_gi_223667597_ref_NZ_ does not have any alignments!  Check that this is the same file used for alignment.
ERROR: Alignment Reference Headers: ['Dorea_longicatena_gi_223667581_ref_NZ_', 'Dorea_longicatena_gi_223667598_ref_NZ_', 'Dorea_longicatena_gi_223667585_ref_NZ_', 'Dorea_longicatena_gi_223667573_ref_NZ_', 'Dorea_longicatena_gi_223667572_ref_NZ_', 'Dorea_longicatena_gi_223667588_ref_NZ_', 'Dorea_longicatena_gi_223667599_ref_NZ_', 'Dorea_longicatena_gi_223667595_ref_NZ_', 'Dorea_longicatena_gi_223667569_ref_NZ_', 'Dorea_longicatena_gi_223667571_ref_NZ_', 'Dorea_longicatena_gi_223667570_ref_NZ_', 'Dorea_longicatena_gi_223667584_ref_NZ_', 'Dorea_longicatena_gi_223667574_ref_NZ_', 'Dorea_longicatena_gi_223667583_ref_NZ_', 'Dorea_longicatena_gi_223667596_ref_NZ_', 'Dorea_longicatena_gi_223667586_ref_NZ_', 'Dorea_longicatena_gi_223667594_ref_NZ_']
ERROR: Reference Dorea_longicatena_gi_223667592_ref_NZ_ does not have any alignments!  Check that this is the same file used for alignment.
ERROR: Alignment Reference Headers: ['Dorea_longicatena_gi_223667581_ref_NZ_', 'Dorea_longicatena_gi_223667598_ref_NZ_', 'Dorea_longicatena_gi_223667585_ref_NZ_', 'Dorea_longicatena_gi_223667573_ref_NZ_', 'Dorea_longicatena_gi_223667572_ref_NZ_', 'Dorea_longicatena_gi_223667588_ref_NZ_', 'Dorea_longicatena_gi_223667599_ref_NZ_', 'Dorea_longicatena_gi_223667595_ref_NZ_', 'Dorea_longicatena_gi_223667569_ref_NZ_', 'Dorea_longicatena_gi_223667571_ref_NZ_', 'Dorea_longicatena_gi_223667570_ref_NZ_', 'Dorea_longicatena_gi_223667584_ref_NZ_', 'Dorea_longicatena_gi_223667574_ref_NZ_', 'Dorea_longicatena_gi_223667583_ref_NZ_', 'Dorea_longicatena_gi_223667596_ref_NZ_', 'Dorea_longicatena_gi_223667586_ref_NZ_', 'Dorea_longicatena_gi_223667594_ref_NZ_']
ERROR: Reference Dorea_longicatena_gi_223667580_ref_NZ_ does not have any alignments!  Check that this is the same file used for alignment.
ERROR: Alignment Reference Headers: ['Dorea_longicatena_gi_223667581_ref_NZ_', 'Dorea_longicatena_gi_223667598_ref_NZ_', 'Dorea_longicatena_gi_223667585_ref_NZ_', 'Dorea_longicatena_gi_223667573_ref_NZ_', 'Dorea_longicatena_gi_223667572_ref_NZ_', 'Dorea_longicatena_gi_223667588_ref_NZ_', 'Dorea_longicatena_gi_223667599_ref_NZ_', 'Dorea_longicatena_gi_223667595_ref_NZ_', 'Dorea_longicatena_gi_223667569_ref_NZ_', 'Dorea_longicatena_gi_223667571_ref_NZ_', 'Dorea_longicatena_gi_223667570_ref_NZ_', 'Dorea_longicatena_gi_223667584_ref_NZ_', 'Dorea_longicatena_gi_223667574_ref_NZ_', 'Dorea_longicatena_gi_223667583_ref_NZ_', 'Dorea_longicatena_gi_223667596_ref_NZ_', 'Dorea_longicatena_gi_223667586_ref_NZ_', 'Dorea_longicatena_gi_223667594_ref_NZ_']
	Reference Dorea_longicatena_gi_223667581_ref_NZ_: 3 total alignments. 1 total regions.
		Region: 1 to 92828 (92828 bp)
			START in gap: 1 to 59351 (59350 bp)
			Align 1: 59351 59615 scaffold_3535 2744 2480
				Gap between this and next alignment: 59615 to 72709 (13093 bp)
				Next Alignment: 72709 73591 scaffold_27938 1 873

			Align 2: 72709 73591 scaffold_27938 1 873
				Gap between this and next alignment: 73591 to 74435 (843 bp)
				Next Alignment: 74435 74962 scaffold_29286 528 1

			Align 3: 74435 74962 scaffold_29286 528 1
			END in gap: 74962 to 92828 (17866 bp)

	Reference Dorea_longicatena_gi_223667572_ref_NZ_: 30 total alignments. 1 total regions.
		Region: 1 to 539999 (539999 bp)
			START in gap: 1 to 3622 (3621 bp)
			Align 1: 3622 3747 scaffold_11548 1112 987
				Gap between this and next alignment: 3747 to 14086 (10338 bp)
				Next Alignment: 14086 14748 scaffold_23549 1 663

			Align 2: 14086 14748 scaffold_23549 1 663
				Gap between this and next alignment: 14748 to 49081 (34332 bp)
				Next Alignment: 49081 49370 scaffold_390 19691 19981

			Align 3: 49081 49370 scaffold_390 19691 19981
				Negative gap (overlap) between this and next alignment: 49370 to 49349 (-21 bp)
				Next Alignment: 49349 50725 scaffold_5824 1914 538

			Previous gap was negative, modifying coordinates to ignore overlap
				Moving contig start from 1914 to 1892.
			Align 4: 49371 50725 scaffold_5824 1892 538
				Gap between this and next alignment: 50725 to 54884 (4158 bp)
				Next Alignment: 54884 57296 scaffold_260 1 2414

			Align 5: 54884 57296 scaffold_260 1 2414
				Gap between this and next alignment: 57296 to 58619 (1322 bp)
				Next Alignment: 58619 59211 scaffold_27002 593 1

			Align 6: 58619 59211 scaffold_27002 593 1
				Gap between this and next alignment: 59211 to 399952 (340740 bp)
				Next Alignment: 399952 400711 scaffold_16668 761 1

			Align 7: 399952 400711 scaffold_16668 761 1
				Gap between this and next alignment: 400711 to 418118 (17406 bp)
				Next Alignment: 418118 418710 scaffold_27041 1 593

			Align 8: 418118 418710 scaffold_27041 1 593
				Gap between this and next alignment: 418710 to 421042 (2331 bp)
				Next Alignment: 421042 421634 scaffold_26988 594 1

			Align 9: 421042 421634 scaffold_26988 594 1
				Gap between this and next alignment: 421634 to 445760 (24125 bp)
				Next Alignment: 445760 447475 scaffold_6069 31 1746

			Align 10: 445760 447475 scaffold_6069 31 1746
				Gap between this and next alignment: 447475 to 454985 (7509 bp)
				Next Alignment: 454985 455070 scaffold_3420 3535 3620

			Align 11: 454985 455070 scaffold_3420 3535 3620
				Gap between this and next alignment: 455070 to 456686 (1615 bp)
				Next Alignment: 456686 458771 scaffold_5162 1 2086

			Align 12: 456686 458771 scaffold_5162 1 2086
				Gap between this and next alignment: 458771 to 459090 (318 bp)
				Next Alignment: 459090 459444 scaffold_11798 1145 790

			Align 13: 459090 459444 scaffold_11798 1145 790
				Gap between this and next alignment: 459444 to 463534 (4089 bp)
				Next Alignment: 463534 464506 scaffold_14444 1 973

			Align 14: 463534 464506 scaffold_14444 1 973
				Negative gap (overlap) between this and next alignment: 464506 to 464415 (-91 bp)
				Next Alignment: 464415 465719 scaffold_9949 1305 1

			Previous gap was negative, modifying coordinates to ignore overlap
				Moving contig start from 1305 to 1213.
			Align 15: 464507 465719 scaffold_9949 1213 1
				Gap between this and next alignment: 465719 to 472502 (6782 bp)
				Next Alignment: 472502 478647 scaffold_2954 1 6140

			Align 16: 472502 478647 scaffold_2954 1 6140
				Gap between this and next alignment: 478647 to 480912 (2264 bp)
				Next Alignment: 480912 481507 scaffold_26899 596 1

			Align 17: 480912 481507 scaffold_26899 596 1
				Gap between this and next alignment: 481507 to 483838 (2330 bp)
				Next Alignment: 483838 489653 scaffold_2737 1 5818

			Align 18: 483838 489653 scaffold_2737 1 5818
				Gap between this and next alignment: 489653 to 492189 (2535 bp)
				Next Alignment: 492189 496480 scaffold_4230 4274 1

			Align 19: 492189 496480 scaffold_4230 4274 1
				Gap between this and next alignment: 496480 to 496736 (255 bp)
				Next Alignment: 496736 497576 scaffold_17336 1 841

			Align 20: 496736 497576 scaffold_17336 1 841
				Negative gap (overlap) between this and next alignment: 497576 to 497506 (-70 bp)
				Next Alignment: 497506 499211 scaffold_6952 1 1706

			Previous gap was negative, modifying coordinates to ignore overlap
				Moving contig start from 1 to 72.
			Align 21: 497577 499211 scaffold_6952 72 1706
				Gap between this and next alignment: 499211 to 499530 (318 bp)
				Next Alignment: 499530 500572 scaffold_13263 2 1044

			Align 22: 499530 500572 scaffold_13263 2 1044
				Gap between this and next alignment: 500572 to 502306 (1733 bp)
				Next Alignment: 502306 504946 scaffold_6397 2634 1

			Align 23: 502306 504946 scaffold_6397 2634 1
				Gap between this and next alignment: 504946 to 508107 (3160 bp)
				Next Alignment: 508107 509555 scaffold_8663 1449 1

			Align 24: 508107 509555 scaffold_8663 1449 1
				Gap between this and next alignment: 509555 to 509717 (161 bp)
				Next Alignment: 509717 511184 scaffold_8507 1471 4

			Align 25: 509717 511184 scaffold_8507 1471 4
				Gap between this and next alignment: 511184 to 512200 (1015 bp)
				Next Alignment: 512200 512811 scaffold_26053 1 612

			Align 26: 512200 512811 scaffold_26053 1 612
				Gap between this and next alignment: 512811 to 513598 (786 bp)
				Next Alignment: 513598 514386 scaffold_11798 789 1

			Align 27: 513598 514386 scaffold_11798 789 1
				Gap between this and next alignment: 514386 to 518402 (4015 bp)
				Next Alignment: 518402 522438 scaffold_2085 4037 1

			Align 28: 518402 522438 scaffold_2085 4037 1
				Negative gap (overlap) between this and next alignment: 522438 to 522388 (-50 bp)
				Next Alignment: 522388 524523 scaffold_4984 2142 7

			Previous gap was negative, modifying coordinates to ignore overlap
				Moving contig start from 2142 to 2091.
			Align 29: 522439 524523 scaffold_4984 2091 7
				Gap between this and next alignment: 524523 to 524713 (189 bp)
				Next Alignment: 524713 524877 scaffold_7364 4 168

			Align 30: 524713 524877 scaffold_7364 4 168
			END in gap: 524877 to 539999 (15122 bp)

ERROR: Reference Dorea_longicatena_gi_223667589_ref_NZ_ does not have any alignments!  Check that this is the same file used for alignment.
ERROR: Alignment Reference Headers: ['Dorea_longicatena_gi_223667581_ref_NZ_', 'Dorea_longicatena_gi_223667598_ref_NZ_', 'Dorea_longicatena_gi_223667585_ref_NZ_', 'Dorea_longicatena_gi_223667573_ref_NZ_', 'Dorea_longicatena_gi_223667572_ref_NZ_', 'Dorea_longicatena_gi_223667588_ref_NZ_', 'Dorea_longicatena_gi_223667599_ref_NZ_', 'Dorea_longicatena_gi_223667595_ref_NZ_', 'Dorea_longicatena_gi_223667569_ref_NZ_', 'Dorea_longicatena_gi_223667571_ref_NZ_', 'Dorea_longicatena_gi_223667570_ref_NZ_', 'Dorea_longicatena_gi_223667584_ref_NZ_', 'Dorea_longicatena_gi_223667574_ref_NZ_', 'Dorea_longicatena_gi_223667583_ref_NZ_', 'Dorea_longicatena_gi_223667596_ref_NZ_', 'Dorea_longicatena_gi_223667586_ref_NZ_', 'Dorea_longicatena_gi_223667594_ref_NZ_']
	Reference Dorea_longicatena_gi_223667599_ref_NZ_: 1 total alignments. 1 total regions.
		Region: 1 to 139199 (139199 bp)
			START in gap: 1 to 26324 (26323 bp)
			Align 1: 26324 26526 scaffold_6769 1960 2162
			END in gap: 26526 to 139199 (112673 bp)

ERROR: Reference Dorea_longicatena_gi_223667593_ref_NZ_ does not have any alignments!  Check that this is the same file used for alignment.
ERROR: Alignment Reference Headers: ['Dorea_longicatena_gi_223667581_ref_NZ_', 'Dorea_longicatena_gi_223667598_ref_NZ_', 'Dorea_longicatena_gi_223667585_ref_NZ_', 'Dorea_longicatena_gi_223667573_ref_NZ_', 'Dorea_longicatena_gi_223667572_ref_NZ_', 'Dorea_longicatena_gi_223667588_ref_NZ_', 'Dorea_longicatena_gi_223667599_ref_NZ_', 'Dorea_longicatena_gi_223667595_ref_NZ_', 'Dorea_longicatena_gi_223667569_ref_NZ_', 'Dorea_longicatena_gi_223667571_ref_NZ_', 'Dorea_longicatena_gi_223667570_ref_NZ_', 'Dorea_longicatena_gi_223667584_ref_NZ_', 'Dorea_longicatena_gi_223667574_ref_NZ_', 'Dorea_longicatena_gi_223667583_ref_NZ_', 'Dorea_longicatena_gi_223667596_ref_NZ_', 'Dorea_longicatena_gi_223667586_ref_NZ_', 'Dorea_longicatena_gi_223667594_ref_NZ_']
	Reference Dorea_longicatena_gi_223667594_ref_NZ_: 2 total alignments. 1 total regions.
		Region: 1 to 76683 (76683 bp)
			START in gap: 1 to 4995 (4994 bp)
			Align 1: 4995 5248 scaffold_27075 339 592
				Gap between this and next alignment: 5248 to 5301 (52 bp)
				Next Alignment: 5301 5533 scaffold_2817 1 233

			Align 2: 5301 5533 scaffold_2817 1 233
			END in gap: 5533 to 76683 (71150 bp)

ERROR: Reference Dorea_longicatena_gi_223667567_ref_NZ_ does not have any alignments!  Check that this is the same file used for alignment.
ERROR: Alignment Reference Headers: ['Dorea_longicatena_gi_223667581_ref_NZ_', 'Dorea_longicatena_gi_223667598_ref_NZ_', 'Dorea_longicatena_gi_223667585_ref_NZ_', 'Dorea_longicatena_gi_223667573_ref_NZ_', 'Dorea_longicatena_gi_223667572_ref_NZ_', 'Dorea_longicatena_gi_223667588_ref_NZ_', 'Dorea_longicatena_gi_223667599_ref_NZ_', 'Dorea_longicatena_gi_223667595_ref_NZ_', 'Dorea_longicatena_gi_223667569_ref_NZ_', 'Dorea_longicatena_gi_223667571_ref_NZ_', 'Dorea_longicatena_gi_223667570_ref_NZ_', 'Dorea_longicatena_gi_223667584_ref_NZ_', 'Dorea_longicatena_gi_223667574_ref_NZ_', 'Dorea_longicatena_gi_223667583_ref_NZ_', 'Dorea_longicatena_gi_223667596_ref_NZ_', 'Dorea_longicatena_gi_223667586_ref_NZ_', 'Dorea_longicatena_gi_223667594_ref_NZ_']
ERROR: Reference Dorea_longicatena_gi_223667582_ref_NZ_ does not have any alignments!  Check that this is the same file used for alignment.
ERROR: Alignment Reference Headers: ['Dorea_longicatena_gi_223667581_ref_NZ_', 'Dorea_longicatena_gi_223667598_ref_NZ_', 'Dorea_longicatena_gi_223667585_ref_NZ_', 'Dorea_longicatena_gi_223667573_ref_NZ_', 'Dorea_longicatena_gi_223667572_ref_NZ_', 'Dorea_longicatena_gi_223667588_ref_NZ_', 'Dorea_longicatena_gi_223667599_ref_NZ_', 'Dorea_longicatena_gi_223667595_ref_NZ_', 'Dorea_longicatena_gi_223667569_ref_NZ_', 'Dorea_longicatena_gi_223667571_ref_NZ_', 'Dorea_longicatena_gi_223667570_ref_NZ_', 'Dorea_longicatena_gi_223667584_ref_NZ_', 'Dorea_longicatena_gi_223667574_ref_NZ_', 'Dorea_longicatena_gi_223667583_ref_NZ_', 'Dorea_longicatena_gi_223667596_ref_NZ_', 'Dorea_longicatena_gi_223667586_ref_NZ_', 'Dorea_longicatena_gi_223667594_ref_NZ_']
ERROR: Reference Dorea_longicatena_gi_223667579_ref_NZ_ does not have any alignments!  Check that this is the same file used for alignment.
ERROR: Alignment Reference Headers: ['Dorea_longicatena_gi_223667581_ref_NZ_', 'Dorea_longicatena_gi_223667598_ref_NZ_', 'Dorea_longicatena_gi_223667585_ref_NZ_', 'Dorea_longicatena_gi_223667573_ref_NZ_', 'Dorea_longicatena_gi_223667572_ref_NZ_', 'Dorea_longicatena_gi_223667588_ref_NZ_', 'Dorea_longicatena_gi_223667599_ref_NZ_', 'Dorea_longicatena_gi_223667595_ref_NZ_', 'Dorea_longicatena_gi_223667569_ref_NZ_', 'Dorea_longicatena_gi_223667571_ref_NZ_', 'Dorea_longicatena_gi_223667570_ref_NZ_', 'Dorea_longicatena_gi_223667584_ref_NZ_', 'Dorea_longicatena_gi_223667574_ref_NZ_', 'Dorea_longicatena_gi_223667583_ref_NZ_', 'Dorea_longicatena_gi_223667596_ref_NZ_', 'Dorea_longicatena_gi_223667586_ref_NZ_', 'Dorea_longicatena_gi_223667594_ref_NZ_']
	Reference Dorea_longicatena_gi_223667596_ref_NZ_: 5 total alignments. 1 total regions.
		Region: 1 to 116100 (116100 bp)
			START in gap: 1 to 12482 (12481 bp)
			Align 1: 12482 12593 scaffold_15166 1712 1823
				Gap between this and next alignment: 12593 to 108139 (95545 bp)
				Next Alignment: 108139 109300 scaffold_11572 1 1162

			Align 2: 108139 109300 scaffold_11572 1 1162
				Gap between this and next alignment: 109300 to 111744 (2443 bp)
				Next Alignment: 111744 112790 scaffold_13212 1 1047

			Align 3: 111744 112790 scaffold_13212 1 1047
				Gap between this and next alignment: 112790 to 112929 (138 bp)
				Next Alignment: 112929 113577 scaffold_24194 649 1

			Align 4: 112929 113577 scaffold_24194 649 1
				Gap between this and next alignment: 113577 to 114287 (709 bp)
				Next Alignment: 114287 115444 scaffold_11635 1158 1

			Align 5: 114287 115444 scaffold_11635 1158 1
			END in gap: 115444 to 116100 (656 bp)

ERROR: Reference Dorea_longicatena_gi_223667565_ref_NZ_ does not have any alignments!  Check that this is the same file used for alignment.
ERROR: Alignment Reference Headers: ['Dorea_longicatena_gi_223667581_ref_NZ_', 'Dorea_longicatena_gi_223667598_ref_NZ_', 'Dorea_longicatena_gi_223667585_ref_NZ_', 'Dorea_longicatena_gi_223667573_ref_NZ_', 'Dorea_longicatena_gi_223667572_ref_NZ_', 'Dorea_longicatena_gi_223667588_ref_NZ_', 'Dorea_longicatena_gi_223667599_ref_NZ_', 'Dorea_longicatena_gi_223667595_ref_NZ_', 'Dorea_longicatena_gi_223667569_ref_NZ_', 'Dorea_longicatena_gi_223667571_ref_NZ_', 'Dorea_longicatena_gi_223667570_ref_NZ_', 'Dorea_longicatena_gi_223667584_ref_NZ_', 'Dorea_longicatena_gi_223667574_ref_NZ_', 'Dorea_longicatena_gi_223667583_ref_NZ_', 'Dorea_longicatena_gi_223667596_ref_NZ_', 'Dorea_longicatena_gi_223667586_ref_NZ_', 'Dorea_longicatena_gi_223667594_ref_NZ_']
Analysis is finished!
Founded SNPs were written into /Molly/gurevich/MetaQUAST/res_final/res_metahit_final/runs_per_reference/Dorea_longicatena/contigs_reports/nucmer_output/IDBA_UD.used_snps

Results:
	Local Misassemblies: 0
	Misassemblies: 2
		Relocations: 1
		Translocations: 0
		Inversions: 1
	Fake misassemblies matched with structural variations: 0
	Misassembled Contigs: 2
	Misassembled Contig Bases: 2267
	Misassemblies Inter-Contig Overlap: 0
Uncovered Regions: 0 (0)
Unaligned Contigs: 0 + 53 part
Partially Unaligned Contigs with Misassemblies: 2
Unaligned Contig Bases: 256197

Ambiguously Mapped Contigs: 1
Total Bases in Ambiguously Mapped Contigs: 712
Note that --allow-ambiguity option was set to "one" and only first alignment per each contig was used.

	Covered Bases: 128586

	SNPs: 2015
	Insertions: 27
	Deletions: 104

	Positive Gaps: 111
		Internal Gaps:  0
		External Gaps:  111
		External Gap Total:  2234504
		External Gap Average: 20131
	Negative Gaps: 14
		Internal Overlaps:  1
		External Overlaps:  13
		External Overlaps Total: -1038
		External Overlaps Average: -80
	Contigs with Redundant Alignments: 3 (412)
