/home/gurevich/rep/quast/quast.pyc -t 16 -j  --meta  --bed-file /Molly/gurevich/MetaQUAST/res_final/res_cami_final/combined_reference/structural_variations/combined_reference.bed --no-check-meta  --contig-thresholds 1000,5000,10000,25000,50000 -o /Molly/gurevich/MetaQUAST/res_final/res_cami_final/not_aligned --labels "Gold_Assembly, IDBA_UD, Ray, SOAPdenovo2, SPAdes" /Molly/gurevich/MetaQUAST/res_final/res_cami_final/quast_corrected_input/Gold_Assembly_not_aligned_anywhere.fasta /Molly/gurevich/MetaQUAST/res_final/res_cami_final/quast_corrected_input/IDBA_UD_not_aligned_anywhere.fasta /Molly/gurevich/MetaQUAST/res_final/res_cami_final/quast_corrected_input/Ray_not_aligned_anywhere.fasta /Molly/gurevich/MetaQUAST/res_final/res_cami_final/quast_corrected_input/SOAPdenovo2_not_aligned_anywhere.fasta /Molly/gurevich/MetaQUAST/res_final/res_cami_final/quast_corrected_input/SPAdes_not_aligned_anywhere.fasta

Started: 2015-11-09 19:56:47

Logging to /Molly/gurevich/MetaQUAST/res_final/res_cami_final/not_aligned/quast.log

NOTICE: Output directory already exists. Existing Nucmer alignments can be used.

Contigs:
  1  /Molly/gurevich/MetaQUAST/res_final/res_cami_final/quast_corrected_input/Gold_Assembly_not_aligned_anywhere.fasta ==> Gold_Assembly
  2  /Molly/gurevich/MetaQUAST/res_final/res_cami_final/quast_corrected_input/IDBA_UD_not_aligned_anywhere.fasta ==> IDBA_UD
  3  /Molly/gurevich/MetaQUAST/res_final/res_cami_final/quast_corrected_input/Ray_not_aligned_anywhere.fasta ==> Ray
  4  /Molly/gurevich/MetaQUAST/res_final/res_cami_final/quast_corrected_input/SOAPdenovo2_not_aligned_anywhere.fasta ==> SOAPdenovo2
  5  /Molly/gurevich/MetaQUAST/res_final/res_cami_final/quast_corrected_input/SPAdes_not_aligned_anywhere.fasta ==> SPAdes

2015-11-09 19:56:48
Running Basic statistics processor...
  Contig files: 
    1  Gold_Assembly
    2  IDBA_UD
    3  Ray
    4  SOAPdenovo2
    5  SPAdes
  Calculating N50 and L50...
    1  Gold_Assembly, N50 = 5203, L50 = 488, Total length = 17773626, GC % = 51.04, # N's per 100 kbp =  0.00
    2  IDBA_UD, N50 = 9679, L50 = 264, Total length = 13243040, GC % = 49.26, # N's per 100 kbp =  0.00
    3  Ray, N50 = 9920, L50 = 191, Total length = 11380695, GC % = 49.27, # N's per 100 kbp =  11.79
    4  SOAPdenovo2, N50 = 2860, L50 = 817, Total length = 11534814, GC % = 49.10, # N's per 100 kbp =  42.78
    5  SPAdes, N50 = 9182, L50 = 282, Total length = 13383083, GC % = 49.49, # N's per 100 kbp =  7.44
  Drawing Nx plot...
    saved to /Molly/gurevich/MetaQUAST/res_final/res_cami_final/not_aligned/basic_stats/Nx_plot.pdf
  Drawing cumulative plot...
    saved to /Molly/gurevich/MetaQUAST/res_final/res_cami_final/not_aligned/basic_stats/cumulative_plot.pdf
  Drawing GC content plot...
    saved to /Molly/gurevich/MetaQUAST/res_final/res_cami_final/not_aligned/basic_stats/GC_content_plot.pdf
Done.

NOTICE: Genes are not predicted by default. Use --gene-finding option to enable it.

2015-11-09 19:56:55
Drawing large plots...
This may take a while: press Ctrl-C to skip this step..
  1 of 1: Creating PDF with all tables and plots...
Done

2015-11-09 19:56:56
RESULTS:
  Text versions of total report are saved to /Molly/gurevich/MetaQUAST/res_final/res_cami_final/not_aligned/report.txt, report.tsv, and report.tex
  Text versions of transposed total report are saved to /Molly/gurevich/MetaQUAST/res_final/res_cami_final/not_aligned/transposed_report.txt, transposed_report.tsv, and transposed_report.tex
  HTML version (interactive tables and plots) saved to /Molly/gurevich/MetaQUAST/res_final/res_cami_final/not_aligned/report.html
  PDF version (tables and plots) saved to /Molly/gurevich/MetaQUAST/res_final/res_cami_final/not_aligned/report.pdf
    saved to /Molly/gurevich/MetaQUAST/res_final/res_cami_final/summary/PDF/#_contigs.pdf
    saved to /Molly/gurevich/MetaQUAST/res_final/res_cami_final/summary/PDF/Largest_contig.pdf
    saved to /Molly/gurevich/MetaQUAST/res_final/res_cami_final/summary/PDF/Total_length.pdf
    saved to /Molly/gurevich/MetaQUAST/res_final/res_cami_final/summary/PDF/Total_length_(>=_1000_bp).pdf
    saved to /Molly/gurevich/MetaQUAST/res_final/res_cami_final/summary/PDF/Total_length_(>=_10000_bp).pdf
    saved to /Molly/gurevich/MetaQUAST/res_final/res_cami_final/summary/PDF/Total_length_(>=_50000_bp).pdf
    saved to /Molly/gurevich/MetaQUAST/res_final/res_cami_final/summary/PDF/#_misassemblies.pdf
    saved to /Molly/gurevich/MetaQUAST/res_final/res_cami_final/summary/PDF/Gold_Assembly_misassemblies.pdf
    saved to /Molly/gurevich/MetaQUAST/res_final/res_cami_final/summary/PDF/IDBA_UD_misassemblies.pdf
    saved to /Molly/gurevich/MetaQUAST/res_final/res_cami_final/summary/PDF/Ray_misassemblies.pdf
    saved to /Molly/gurevich/MetaQUAST/res_final/res_cami_final/summary/PDF/SOAPdenovo2_misassemblies.pdf
    saved to /Molly/gurevich/MetaQUAST/res_final/res_cami_final/summary/PDF/SPAdes_misassemblies.pdf
    saved to /Molly/gurevich/MetaQUAST/res_final/res_cami_final/summary/PDF/Misassembled_contigs_length.pdf
    saved to /Molly/gurevich/MetaQUAST/res_final/res_cami_final/summary/PDF/#_mismatches_per_100_kbp.pdf
    saved to /Molly/gurevich/MetaQUAST/res_final/res_cami_final/summary/PDF/#_indels_per_100_kbp.pdf
    saved to /Molly/gurevich/MetaQUAST/res_final/res_cami_final/summary/PDF/#_N's_per_100_kbp.pdf
    saved to /Molly/gurevich/MetaQUAST/res_final/res_cami_final/summary/PDF/Genome_fraction_(%).pdf
    saved to /Molly/gurevich/MetaQUAST/res_final/res_cami_final/summary/PDF/Duplication_ratio.pdf
    saved to /Molly/gurevich/MetaQUAST/res_final/res_cami_final/summary/PDF/NGA50.pdf
perl -I /home/gurevich/rep/quast/libs/kronatools/lib /home/gurevich/rep/quast/libs/kronatools/scripts/ImportText.pl \
krona_charts/Gold_Assembly_taxonomy.txt -o krona_charts/Gold_Assembly_taxonomy_chart.html \
-a > /dev/null 2> /dev/null
perl -I /home/gurevich/rep/quast/libs/kronatools/lib /home/gurevich/rep/quast/libs/kronatools/scripts/ImportText.pl \
krona_charts/IDBA_UD_taxonomy.txt -o krona_charts/IDBA_UD_taxonomy_chart.html -a > \
/dev/null 2> /dev/null
perl -I /home/gurevich/rep/quast/libs/kronatools/lib /home/gurevich/rep/quast/libs/kronatools/scripts/ImportText.pl \
krona_charts/Ray_taxonomy.txt -o krona_charts/Ray_taxonomy_chart.html -a > /dev/null \
2> /dev/null
perl -I /home/gurevich/rep/quast/libs/kronatools/lib /home/gurevich/rep/quast/libs/kronatools/scripts/ImportText.pl \
krona_charts/SOAPdenovo2_taxonomy.txt -o krona_charts/SOAPdenovo2_taxonomy_chart.html \
-a > /dev/null 2> /dev/null
perl -I /home/gurevich/rep/quast/libs/kronatools/lib /home/gurevich/rep/quast/libs/kronatools/scripts/ImportText.pl \
krona_charts/SPAdes_taxonomy.txt -o krona_charts/SPAdes_taxonomy_chart.html -a > /dev/null \
2> /dev/null
perl -I /home/gurevich/rep/quast/libs/kronatools/lib /home/gurevich/rep/quast/libs/kronatools/scripts/ImportText.pl \
krona_charts/overall_taxonomy.txt -o krona_charts/summary_taxonomy_chart.html -a > \
/dev/null 2> /dev/null
