Aligning contigs to reference...
	Using existing Nucmer alignments...
Parsing coords...
Loading reference...
	Loaded [Bacteroides_coprocola_gi_223954431_ref_NZ_]
Loading regions...
	No regions given, using whole reference.
	Total Regions: 1
	Total Region Length: 4300117
Analyzing contigs...
CONTIG: scaffold-1 (79037bp)
Top Length: 159  Top ID: 95.03
		Skipping redundant alignment 1430952 1431107 | 1 155 | 156 155 | 95.51 | Bacteroides_coprocola_gi_223954431_ref_NZ_ scaffold-1
		Skipping redundant alignment 540088 540242 | 154 1 | 155 154 | 95.48 | Bacteroides_coprocola_gi_223954431_ref_NZ_ scaffold-1
		Skipping redundant alignment 3344925 3345079 | 1 154 | 155 154 | 95.48 | Bacteroides_coprocola_gi_223954431_ref_NZ_ scaffold-1
		Skipping redundant alignment 2079783 2079936 | 153 1 | 154 153 | 96.1 | Bacteroides_coprocola_gi_223954431_ref_NZ_ scaffold-1
		Skipping redundant alignment 937005 937158 | 1 153 | 154 153 | 95.45 | Bacteroides_coprocola_gi_223954431_ref_NZ_ scaffold-1
		Skipping redundant alignment 3281814 3281967 | 153 1 | 154 153 | 95.45 | Bacteroides_coprocola_gi_223954431_ref_NZ_ scaffold-1
		Skipping redundant alignment 550981 551114 | 1 134 | 134 134 | 95.52 | Bacteroides_coprocola_gi_223954431_ref_NZ_ scaffold-1
		This contig is partially unaligned. (Aligned 159 out of 79037 bases)
		Alignment: 3987206 3987366 | 1 159 | 161 159 | 95.03 | Bacteroides_coprocola_gi_223954431_ref_NZ_ scaffold-1
		Unaligned bases: 160 to 79037 (78878)

CONTIG: scaffold-27 (23337bp)
Top Length: 354  Top ID: 96.89
		Skipping redundant alignment 4190148 4190497 | 1 350 | 350 350 | 96.86 | Bacteroides_coprocola_gi_223954431_ref_NZ_ scaffold-27
		Skipping redundant alignment 220795 221143 | 347 1 | 349 347 | 95.7 | Bacteroides_coprocola_gi_223954431_ref_NZ_ scaffold-27
			Skipping redundant alignments after choosing the best set of alignments
		Skipping redundant alignment 627779 628129 | 1 351 | 351 351 | 96.87 | Bacteroides_coprocola_gi_223954431_ref_NZ_ scaffold-27
		Skipping redundant alignment 796661 797012 | 1 352 | 352 352 | 96.59 | Bacteroides_coprocola_gi_223954431_ref_NZ_ scaffold-27
		Skipping redundant alignment 803986 804336 | 351 1 | 351 351 | 96.01 | Bacteroides_coprocola_gi_223954431_ref_NZ_ scaffold-27
		Skipping redundant alignment 935687 936038 | 352 1 | 352 352 | 96.31 | Bacteroides_coprocola_gi_223954431_ref_NZ_ scaffold-27
		Skipping redundant alignment 1288148 1288498 | 1 351 | 351 351 | 96.87 | Bacteroides_coprocola_gi_223954431_ref_NZ_ scaffold-27
		Skipping redundant alignment 1429637 1429986 | 352 1 | 350 352 | 96.31 | Bacteroides_coprocola_gi_223954431_ref_NZ_ scaffold-27
		Skipping redundant alignment 1819901 1820251 | 1 351 | 351 351 | 95.73 | Bacteroides_coprocola_gi_223954431_ref_NZ_ scaffold-27
		Skipping redundant alignment 2112242 2112593 | 1 352 | 352 352 | 96.59 | Bacteroides_coprocola_gi_223954431_ref_NZ_ scaffold-27
		Skipping redundant alignment 3282934 3283285 | 1 352 | 352 352 | 96.31 | Bacteroides_coprocola_gi_223954431_ref_NZ_ scaffold-27
		Skipping redundant alignment 3985886 3986239 | 354 1 | 354 354 | 96.89 | Bacteroides_coprocola_gi_223954431_ref_NZ_ scaffold-27
		This contig is partially unaligned. (Aligned 354 out of 23337 bases)
		Alignment: 222630 222980 | 351 1 | 351 351 | 96.3 | Bacteroides_coprocola_gi_223954431_ref_NZ_ scaffold-27
		Unaligned bases: 352 to 23337 (22986)

CONTIG: scaffold-47 (17196bp)
Top Length: 357  Top ID: 96.36
		Skipping redundant alignment 803984 804336 | 353 1 | 353 353 | 96.03 | Bacteroides_coprocola_gi_223954431_ref_NZ_ scaffold-47
		Skipping redundant alignment 1819901 1820253 | 1 353 | 353 353 | 95.75 | Bacteroides_coprocola_gi_223954431_ref_NZ_ scaffold-47
		Skipping redundant alignment 627779 628130 | 1 352 | 352 352 | 96.88 | Bacteroides_coprocola_gi_223954431_ref_NZ_ scaffold-47
		Skipping redundant alignment 3985889 3986239 | 351 1 | 351 351 | 96.87 | Bacteroides_coprocola_gi_223954431_ref_NZ_ scaffold-47
		Skipping redundant alignment 1429638 1429986 | 351 1 | 349 351 | 96.3 | Bacteroides_coprocola_gi_223954431_ref_NZ_ scaffold-47
		Skipping redundant alignment 3282934 3283284 | 1 351 | 351 351 | 96.3 | Bacteroides_coprocola_gi_223954431_ref_NZ_ scaffold-47
		Skipping redundant alignment 4190148 4190497 | 1 350 | 350 350 | 96.86 | Bacteroides_coprocola_gi_223954431_ref_NZ_ scaffold-47
		Skipping redundant alignment 220795 221143 | 347 1 | 349 347 | 95.7 | Bacteroides_coprocola_gi_223954431_ref_NZ_ scaffold-47
			Skipping redundant alignments after choosing the best set of alignments
		Skipping redundant alignment 796661 797015 | 1 355 | 355 355 | 96.34 | Bacteroides_coprocola_gi_223954431_ref_NZ_ scaffold-47
		Skipping redundant alignment 935684 936038 | 356 1 | 355 356 | 96.07 | Bacteroides_coprocola_gi_223954431_ref_NZ_ scaffold-47
		Skipping redundant alignment 1288148 1288503 | 1 356 | 356 356 | 96.63 | Bacteroides_coprocola_gi_223954431_ref_NZ_ scaffold-47
		Skipping redundant alignment 2112242 2112597 | 1 357 | 356 357 | 96.36 | Bacteroides_coprocola_gi_223954431_ref_NZ_ scaffold-47
		This contig is partially unaligned. (Aligned 357 out of 17196 bases)
		Alignment: 222627 222980 | 354 1 | 354 354 | 96.33 | Bacteroides_coprocola_gi_223954431_ref_NZ_ scaffold-47
		Unaligned bases: 355 to 17196 (16842)

CONTIG: scaffold-120 (25807bp)
Top Length: 345  Top ID: 95.1
		This contig is partially unaligned. (Aligned 345 out of 25807 bases)
		Alignment: 2079783 2080128 | 25463 25807 | 346 345 | 95.1 | Bacteroides_coprocola_gi_223954431_ref_NZ_ scaffold-120
		Unaligned bases: 1 to 25462 (25462)

CONTIG: scaffold-177 (28340bp)
Top Length: 5653  Top ID: 99.4
		This contig is misassembled. 2 total aligns.
			Warning! This contig is more unaligned than misassembled. Contig length is 28340 and total length of all aligns is 8947
		Alignment: 3786031 3791683 | 19254 24906 | 5653 5653 | 99.4 | Bacteroides_coprocola_gi_223954431_ref_NZ_ scaffold-177
		Alignment: 3791683 3794976 | 25047 28340 | 3294 3294 | 97.75 | Bacteroides_coprocola_gi_223954431_ref_NZ_ scaffold-177
		Unaligned bases: 19393
		This contig has both significant aligned and unaligned parts (of length >= min-contig)! It can contain interspecies translocations
CONTIG: scaffold-232 (4638bp)
Top Length: 357  Top ID: 96.64
		Skipping redundant alignment 627779 628130 | 4638 4287 | 352 352 | 96.88 | Bacteroides_coprocola_gi_223954431_ref_NZ_ scaffold-232
		Skipping redundant alignment 3985889 3986239 | 4288 4638 | 351 351 | 96.87 | Bacteroides_coprocola_gi_223954431_ref_NZ_ scaffold-232
		Skipping redundant alignment 796661 797011 | 4638 4288 | 351 351 | 96.58 | Bacteroides_coprocola_gi_223954431_ref_NZ_ scaffold-232
		Skipping redundant alignment 1429638 1429986 | 4288 4638 | 349 351 | 96.3 | Bacteroides_coprocola_gi_223954431_ref_NZ_ scaffold-232
		Skipping redundant alignment 4190148 4190497 | 4638 4289 | 350 350 | 96.86 | Bacteroides_coprocola_gi_223954431_ref_NZ_ scaffold-232
		Skipping redundant alignment 220795 221143 | 4292 4638 | 349 347 | 95.7 | Bacteroides_coprocola_gi_223954431_ref_NZ_ scaffold-232
			Skipping redundant alignments after choosing the best set of alignments
		Skipping redundant alignment 803983 804336 | 4285 4638 | 354 354 | 96.05 | Bacteroides_coprocola_gi_223954431_ref_NZ_ scaffold-232
		Skipping redundant alignment 935684 936038 | 4284 4638 | 355 355 | 96.06 | Bacteroides_coprocola_gi_223954431_ref_NZ_ scaffold-232
		Skipping redundant alignment 1288148 1288503 | 4638 4282 | 356 357 | 96.64 | Bacteroides_coprocola_gi_223954431_ref_NZ_ scaffold-232
		Skipping redundant alignment 1819901 1820255 | 4638 4284 | 355 355 | 95.77 | Bacteroides_coprocola_gi_223954431_ref_NZ_ scaffold-232
		Skipping redundant alignment 2112242 2112597 | 4638 4283 | 356 356 | 96.35 | Bacteroides_coprocola_gi_223954431_ref_NZ_ scaffold-232
		Skipping redundant alignment 3282934 3283289 | 4638 4282 | 356 357 | 96.08 | Bacteroides_coprocola_gi_223954431_ref_NZ_ scaffold-232
		This contig is partially unaligned. (Aligned 357 out of 4638 bases)
		Alignment: 222624 222980 | 4282 4638 | 357 357 | 96.08 | Bacteroides_coprocola_gi_223954431_ref_NZ_ scaffold-232
		Unaligned bases: 1 to 4281 (4281)

CONTIG: scaffold-243 (10674bp)
Top Length: 345  Top ID: 95.1
		This contig is partially unaligned. (Aligned 345 out of 10674 bases)
		Alignment: 2079783 2080128 | 345 1 | 346 345 | 95.1 | Bacteroides_coprocola_gi_223954431_ref_NZ_ scaffold-243
		Unaligned bases: 346 to 10674 (10329)

CONTIG: scaffold-288 (18095bp)
Top Length: 390  Top ID: 96.67
		Skipping redundant alignment 3985888 3986274 | 387 1 | 387 387 | 96.9 | Bacteroides_coprocola_gi_223954431_ref_NZ_ scaffold-288
		Skipping redundant alignment 796626 797012 | 1 387 | 387 387 | 96.64 | Bacteroides_coprocola_gi_223954431_ref_NZ_ scaffold-288
		Skipping redundant alignment 935687 936073 | 387 1 | 387 387 | 95.87 | Bacteroides_coprocola_gi_223954431_ref_NZ_ scaffold-288
		Skipping redundant alignment 627744 628129 | 1 386 | 386 386 | 96.89 | Bacteroides_coprocola_gi_223954431_ref_NZ_ scaffold-288
		Skipping redundant alignment 222630 223015 | 386 1 | 386 386 | 95.85 | Bacteroides_coprocola_gi_223954431_ref_NZ_ scaffold-288
		Skipping redundant alignment 1819866 1820251 | 1 386 | 386 386 | 95.34 | Bacteroides_coprocola_gi_223954431_ref_NZ_ scaffold-288
		Skipping redundant alignment 220795 221178 | 382 1 | 384 382 | 95.31 | Bacteroides_coprocola_gi_223954431_ref_NZ_ scaffold-288
			Skipping redundant alignments after choosing the best set of alignments
		Skipping redundant alignment 1288113 1288502 | 1 391 | 390 391 | 95.91 | Bacteroides_coprocola_gi_223954431_ref_NZ_ scaffold-288
		Skipping redundant alignment 1429636 1430021 | 388 1 | 386 388 | 96.39 | Bacteroides_coprocola_gi_223954431_ref_NZ_ scaffold-288
		Skipping redundant alignment 2112207 2112597 | 1 391 | 391 391 | 96.42 | Bacteroides_coprocola_gi_223954431_ref_NZ_ scaffold-288
		Skipping redundant alignment 3282899 3283286 | 1 388 | 388 388 | 95.88 | Bacteroides_coprocola_gi_223954431_ref_NZ_ scaffold-288
		Skipping redundant alignment 4190113 4190501 | 1 390 | 389 390 | 96.67 | Bacteroides_coprocola_gi_223954431_ref_NZ_ scaffold-288
		This contig is partially unaligned. (Aligned 390 out of 18095 bases)
		Alignment: 803981 804371 | 390 1 | 391 390 | 95.91 | Bacteroides_coprocola_gi_223954431_ref_NZ_ scaffold-288
		Unaligned bases: 391 to 18095 (17705)

CONTIG: scaffold-296 (11513bp)
Top Length: 3556  Top ID: 98.74
		This contig is misassembled. 4 total aligns.
			Excluding internal overlap of size 48 between Alignment 1 and 2:  2176404 2178179 | 388 2169 | 1776 1782 --> 2176404 2178131 | 388 2121 | 1728 1734
			Real Alignment 1: 2176404 2178131 | 388 2121 | 1728 1734 | 98.6 | Bacteroides_coprocola_gi_223954431_ref_NZ_ scaffold-296
			  Gap between these two alignments (local misassembly). Inconsistency = 368 
			Real Alignment 2: 2178500 2181669 | 2122 5293 | 3170 3172 | 99.21 | Bacteroides_coprocola_gi_223954431_ref_NZ_ scaffold-296
			  Overlap between these two alignments (local misassembly). Inconsistency = -135 
			Real Alignment 3: 2181664 2182496 | 5423 6256 | 833 834 | 99.4 | Bacteroides_coprocola_gi_223954431_ref_NZ_ scaffold-296
			  Overlap between these two alignments (local misassembly). Inconsistency = -144 
			Real Alignment 4: 2182498 2186054 | 6402 9957 | 3557 3556 | 98.74 | Bacteroides_coprocola_gi_223954431_ref_NZ_ scaffold-296
		This contig has significant unaligned parts (of length >= min-contig)! It can contain interspecies translocations

CONTIG: scaffold-512 (39024bp)
Top Length: 347  Top ID: 95.13
		This contig is partially unaligned. (Aligned 347 out of 39024 bases)
		Alignment: 2079783 2080130 | 347 1 | 348 347 | 95.13 | Bacteroides_coprocola_gi_223954431_ref_NZ_ scaffold-512
		Unaligned bases: 348 to 39024 (38677)

CONTIG: scaffold-645 (27531bp)
Top Length: 108  Top ID: 95.37
		Skipping redundant alignment 628028 628131 | 27531 27428 | 104 104 | 96.15 | Bacteroides_coprocola_gi_223954431_ref_NZ_ scaffold-645
		Skipping redundant alignment 2874423 2874526 | 27428 27531 | 104 104 | 96.15 | Bacteroides_coprocola_gi_223954431_ref_NZ_ scaffold-645
		Skipping redundant alignment 222629 222731 | 27429 27531 | 103 103 | 96.12 | Bacteroides_coprocola_gi_223954431_ref_NZ_ scaffold-645
		Skipping redundant alignment 803985 804087 | 27429 27531 | 103 103 | 96.12 | Bacteroides_coprocola_gi_223954431_ref_NZ_ scaffold-645
		Skipping redundant alignment 1820150 1820252 | 27531 27429 | 103 103 | 96.12 | Bacteroides_coprocola_gi_223954431_ref_NZ_ scaffold-645
		Skipping redundant alignment 2269868 2269970 | 27429 27531 | 103 103 | 95.15 | Bacteroides_coprocola_gi_223954431_ref_NZ_ scaffold-645
		Skipping redundant alignment 4282067 4282169 | 27531 27429 | 103 103 | 95.15 | Bacteroides_coprocola_gi_223954431_ref_NZ_ scaffold-645
		Skipping redundant alignment 935688 935789 | 27430 27531 | 102 102 | 96.08 | Bacteroides_coprocola_gi_223954431_ref_NZ_ scaffold-645
		Skipping redundant alignment 1152178 1152279 | 27430 27531 | 102 102 | 96.08 | Bacteroides_coprocola_gi_223954431_ref_NZ_ scaffold-645
		Skipping redundant alignment 1429638 1429739 | 27430 27531 | 102 102 | 96.08 | Bacteroides_coprocola_gi_223954431_ref_NZ_ scaffold-645
		Skipping redundant alignment 2272727 2272828 | 27430 27531 | 102 102 | 96.08 | Bacteroides_coprocola_gi_223954431_ref_NZ_ scaffold-645
		Skipping redundant alignment 3283183 3283284 | 27531 27430 | 102 102 | 96.08 | Bacteroides_coprocola_gi_223954431_ref_NZ_ scaffold-645
		Skipping redundant alignment 3985889 3985990 | 27430 27531 | 102 102 | 96.08 | Bacteroides_coprocola_gi_223954431_ref_NZ_ scaffold-645
		Skipping redundant alignment 439851 439952 | 27531 27430 | 102 102 | 95.1 | Bacteroides_coprocola_gi_223954431_ref_NZ_ scaffold-645
		Skipping redundant alignment 835116 835217 | 27430 27531 | 102 102 | 95.1 | Bacteroides_coprocola_gi_223954431_ref_NZ_ scaffold-645
		Skipping redundant alignment 3388978 3389079 | 27531 27430 | 102 102 | 95.1 | Bacteroides_coprocola_gi_223954431_ref_NZ_ scaffold-645
		This contig is partially unaligned. (Aligned 108 out of 27531 bases)
		Alignment: 1288397 1288504 | 27531 27424 | 108 108 | 95.37 | Bacteroides_coprocola_gi_223954431_ref_NZ_ scaffold-645
		Unaligned bases: 1 to 27423 (27423)

CONTIG: scaffold-1074 (9802bp)
Top Length: 661  Top ID: 97.89
		This contig is partially unaligned. (Aligned 661 out of 9802 bases)
		Alignment: 3264621 3265281 | 8245 8905 | 661 661 | 97.89 | Bacteroides_coprocola_gi_223954431_ref_NZ_ scaffold-1074
		Unaligned bases: 1 to 8244 (8244)
		Unaligned bases: 8906 to 9802 (897)
		This contig has both significant aligned and unaligned parts (of length >= min-contig)! It can contain interspecies translocations

CONTIG: scaffold-1266 (5785bp)
Top Length: 3504  Top ID: 98.83
		This contig is misassembled. 2 total aligns.
			Real Alignment 1: 2171914 2172764 | 1 851 | 851 851 | 99.06 | Bacteroides_coprocola_gi_223954431_ref_NZ_ scaffold-1266
			  Overlap between these two alignments (local misassembly). Inconsistency = -117 
			Real Alignment 2: 2172767 2176270 | 971 4474 | 3504 3504 | 98.83 | Bacteroides_coprocola_gi_223954431_ref_NZ_ scaffold-1266
		This contig has significant unaligned parts (of length >= min-contig)! It can contain interspecies translocations

CONTIG: scaffold-1628 (7054bp)
Top Length: 450  Top ID: 99.12
		This contig is partially unaligned. (Aligned 450 out of 7054 bases)
		Alignment: 3265392 3265843 | 7054 6605 | 452 450 | 99.12 | Bacteroides_coprocola_gi_223954431_ref_NZ_ scaffold-1628
		Unaligned bases: 1 to 6604 (6604)

CONTIG: scaffold-2515 (1426bp)
Top Length: 661  Top ID: 99.24
		This contig is misassembled. 2 total aligns.
			Real Alignment 1: 1242959 1243619 | 1 661 | 661 661 | 99.24 | Bacteroides_coprocola_gi_223954431_ref_NZ_ scaffold-2515
			  Overlap between these two alignments (local misassembly). Inconsistency = -140 
			Real Alignment 2: 1243619 1244244 | 801 1426 | 626 626 | 99.84 | Bacteroides_coprocola_gi_223954431_ref_NZ_ scaffold-2515

CONTIG: scaffold-2528 (4472bp)
Top Length: 3262  Top ID: 96.91
		This contig is misassembled. 2 total aligns.
			Real Alignment 1: 2885669 2886747 | 1 1079 | 1079 1079 | 100.0 | Bacteroides_coprocola_gi_223954431_ref_NZ_ scaffold-2528
			  Overlap between these two alignments (local misassembly). Inconsistency = -106 
			Real Alignment 2: 2886773 2890037 | 1211 4472 | 3265 3262 | 96.91 | Bacteroides_coprocola_gi_223954431_ref_NZ_ scaffold-2528

CONTIG: scaffold-2569 (15852bp)
Top Length: 388  Top ID: 96.91
		Skipping redundant alignment 220795 221178 | 382 1 | 384 382 | 95.31 | Bacteroides_coprocola_gi_223954431_ref_NZ_ scaffold-2569
			Skipping redundant alignments after choosing the best set of alignments
		Skipping redundant alignment 627744 628131 | 1 388 | 388 388 | 96.91 | Bacteroides_coprocola_gi_223954431_ref_NZ_ scaffold-2569
		Skipping redundant alignment 796626 797011 | 1 386 | 386 386 | 96.63 | Bacteroides_coprocola_gi_223954431_ref_NZ_ scaffold-2569
		Skipping redundant alignment 803985 804371 | 387 1 | 387 387 | 96.12 | Bacteroides_coprocola_gi_223954431_ref_NZ_ scaffold-2569
		Skipping redundant alignment 935688 936073 | 386 1 | 386 386 | 95.85 | Bacteroides_coprocola_gi_223954431_ref_NZ_ scaffold-2569
		Skipping redundant alignment 1288113 1288500 | 1 388 | 388 388 | 96.13 | Bacteroides_coprocola_gi_223954431_ref_NZ_ scaffold-2569
		Skipping redundant alignment 1429638 1430021 | 386 1 | 384 386 | 96.37 | Bacteroides_coprocola_gi_223954431_ref_NZ_ scaffold-2569
		Skipping redundant alignment 1819866 1820252 | 1 387 | 387 387 | 95.35 | Bacteroides_coprocola_gi_223954431_ref_NZ_ scaffold-2569
		Skipping redundant alignment 2112207 2112592 | 1 386 | 386 386 | 96.63 | Bacteroides_coprocola_gi_223954431_ref_NZ_ scaffold-2569
		Skipping redundant alignment 3282899 3283284 | 1 386 | 386 386 | 95.85 | Bacteroides_coprocola_gi_223954431_ref_NZ_ scaffold-2569
		Skipping redundant alignment 3985889 3986274 | 386 1 | 386 386 | 96.89 | Bacteroides_coprocola_gi_223954431_ref_NZ_ scaffold-2569
		Skipping redundant alignment 4190113 4190497 | 1 385 | 385 385 | 96.88 | Bacteroides_coprocola_gi_223954431_ref_NZ_ scaffold-2569
		This contig is partially unaligned. (Aligned 388 out of 15852 bases)
		Alignment: 222629 223015 | 387 1 | 387 387 | 95.87 | Bacteroides_coprocola_gi_223954431_ref_NZ_ scaffold-2569
		Unaligned bases: 388 to 15852 (15465)

CONTIG: scaffold-2577 (6891bp)
Top Length: 347  Top ID: 95.13
		This contig is misassembled. 2 total aligns.
			Warning! This contig is more unaligned than misassembled. Contig length is 6891 and total length of all aligns is 694
		Alignment: 2079783 2080130 | 347 1 | 348 347 | 95.13 | Bacteroides_coprocola_gi_223954431_ref_NZ_ scaffold-2577
		Alignment: 2079783 2080130 | 6543 6889 | 348 347 | 95.13 | Bacteroides_coprocola_gi_223954431_ref_NZ_ scaffold-2577
		Unaligned bases: 6197
		This contig has both significant aligned and unaligned parts (of length >= min-contig)! It can contain interspecies translocations
CONTIG: scaffold-2578 (8216bp)
Top Length: 347  Top ID: 95.13
		This contig is partially unaligned. (Aligned 347 out of 8216 bases)
		Alignment: 2079783 2080130 | 347 1 | 348 347 | 95.13 | Bacteroides_coprocola_gi_223954431_ref_NZ_ scaffold-2578
		Unaligned bases: 348 to 8216 (7869)

CONTIG: scaffold-2697 (2977bp)
Top Length: 483  Top ID: 98.14
		This contig is partially unaligned. (Aligned 483 out of 2977 bases)
		Alignment: 397469 397951 | 1 483 | 483 483 | 98.14 | Bacteroides_coprocola_gi_223954431_ref_NZ_ scaffold-2697
		Unaligned bases: 484 to 2977 (2494)

CONTIG: scaffold-2780 (5070bp)
Top Length: 362  Top ID: 95.86
		Skipping redundant alignment 627779 628133 | 5070 4716 | 355 355 | 96.62 | Bacteroides_coprocola_gi_223954431_ref_NZ_ scaffold-2780
		Skipping redundant alignment 3282934 3283287 | 5070 4717 | 354 354 | 96.33 | Bacteroides_coprocola_gi_223954431_ref_NZ_ scaffold-2780
		Skipping redundant alignment 1429636 1429986 | 4718 5070 | 351 353 | 96.32 | Bacteroides_coprocola_gi_223954431_ref_NZ_ scaffold-2780
		Skipping redundant alignment 3985888 3986239 | 4719 5070 | 352 352 | 96.88 | Bacteroides_coprocola_gi_223954431_ref_NZ_ scaffold-2780
		Skipping redundant alignment 2112242 2112593 | 5070 4719 | 352 352 | 96.59 | Bacteroides_coprocola_gi_223954431_ref_NZ_ scaffold-2780
		Skipping redundant alignment 935687 936038 | 4719 5070 | 352 352 | 96.31 | Bacteroides_coprocola_gi_223954431_ref_NZ_ scaffold-2780
		Skipping redundant alignment 1288148 1288498 | 5070 4720 | 351 351 | 96.87 | Bacteroides_coprocola_gi_223954431_ref_NZ_ scaffold-2780
		Skipping redundant alignment 222630 222980 | 4720 5070 | 351 351 | 96.3 | Bacteroides_coprocola_gi_223954431_ref_NZ_ scaffold-2780
		Skipping redundant alignment 803986 804336 | 4720 5070 | 351 351 | 96.01 | Bacteroides_coprocola_gi_223954431_ref_NZ_ scaffold-2780
		Skipping redundant alignment 4190148 4190497 | 5070 4721 | 350 350 | 96.86 | Bacteroides_coprocola_gi_223954431_ref_NZ_ scaffold-2780
		Skipping redundant alignment 220795 221143 | 4724 5070 | 349 347 | 95.7 | Bacteroides_coprocola_gi_223954431_ref_NZ_ scaffold-2780
			Skipping redundant alignments after choosing the best set of alignments
		Skipping redundant alignment 1819901 1820263 | 5070 4707 | 363 364 | 95.07 | Bacteroides_coprocola_gi_223954431_ref_NZ_ scaffold-2780
		This contig is partially unaligned. (Aligned 362 out of 5070 bases)
		Alignment: 796661 797022 | 5070 4709 | 362 362 | 95.86 | Bacteroides_coprocola_gi_223954431_ref_NZ_ scaffold-2780
		Unaligned bases: 1 to 4708 (4708)

CONTIG: scaffold-2805 (15414bp)
Top Length: 362  Top ID: 95.58
		Skipping redundant alignment 3282934 3283289 | 15414 15058 | 356 357 | 96.08 | Bacteroides_coprocola_gi_223954431_ref_NZ_ scaffold-2805
		Skipping redundant alignment 2112242 2112597 | 15414 15059 | 356 356 | 96.63 | Bacteroides_coprocola_gi_223954431_ref_NZ_ scaffold-2805
		Skipping redundant alignment 935684 936038 | 15060 15414 | 355 355 | 96.34 | Bacteroides_coprocola_gi_223954431_ref_NZ_ scaffold-2805
		Skipping redundant alignment 1819901 1820255 | 15414 15060 | 355 355 | 95.49 | Bacteroides_coprocola_gi_223954431_ref_NZ_ scaffold-2805
		Skipping redundant alignment 796661 797013 | 15414 15062 | 353 353 | 96.6 | Bacteroides_coprocola_gi_223954431_ref_NZ_ scaffold-2805
		Skipping redundant alignment 3985888 3986239 | 15063 15414 | 352 352 | 96.88 | Bacteroides_coprocola_gi_223954431_ref_NZ_ scaffold-2805
		Skipping redundant alignment 1429637 1429986 | 15063 15414 | 350 352 | 96.31 | Bacteroides_coprocola_gi_223954431_ref_NZ_ scaffold-2805
		Skipping redundant alignment 627779 628129 | 15414 15064 | 351 351 | 96.87 | Bacteroides_coprocola_gi_223954431_ref_NZ_ scaffold-2805
		Skipping redundant alignment 1288148 1288498 | 15414 15064 | 351 351 | 96.87 | Bacteroides_coprocola_gi_223954431_ref_NZ_ scaffold-2805
		Skipping redundant alignment 803986 804336 | 15064 15414 | 351 351 | 96.01 | Bacteroides_coprocola_gi_223954431_ref_NZ_ scaffold-2805
		Skipping redundant alignment 4190148 4190497 | 15414 15065 | 350 350 | 96.86 | Bacteroides_coprocola_gi_223954431_ref_NZ_ scaffold-2805
		Skipping redundant alignment 220795 221143 | 15068 15414 | 349 347 | 95.7 | Bacteroides_coprocola_gi_223954431_ref_NZ_ scaffold-2805
		This contig is partially unaligned. (Aligned 362 out of 15414 bases)
		Alignment: 222619 222980 | 15053 15414 | 362 362 | 95.58 | Bacteroides_coprocola_gi_223954431_ref_NZ_ scaffold-2805
		Unaligned bases: 1 to 15052 (15052)

CONTIG: scaffold-2873 (3924bp)
Top Length: 358  Top ID: 96.09
		Skipping redundant alignment 3282934 3283287 | 1 354 | 354 354 | 96.33 | Bacteroides_coprocola_gi_223954431_ref_NZ_ scaffold-2873
		Skipping redundant alignment 3985888 3986239 | 352 1 | 352 352 | 96.88 | Bacteroides_coprocola_gi_223954431_ref_NZ_ scaffold-2873
		Skipping redundant alignment 796661 797012 | 1 352 | 352 352 | 96.59 | Bacteroides_coprocola_gi_223954431_ref_NZ_ scaffold-2873
		Skipping redundant alignment 2112242 2112593 | 1 352 | 352 352 | 96.59 | Bacteroides_coprocola_gi_223954431_ref_NZ_ scaffold-2873
		Skipping redundant alignment 627779 628129 | 1 351 | 351 351 | 96.87 | Bacteroides_coprocola_gi_223954431_ref_NZ_ scaffold-2873
		Skipping redundant alignment 1288148 1288498 | 1 351 | 351 351 | 96.87 | Bacteroides_coprocola_gi_223954431_ref_NZ_ scaffold-2873
		Skipping redundant alignment 222630 222980 | 351 1 | 351 351 | 96.3 | Bacteroides_coprocola_gi_223954431_ref_NZ_ scaffold-2873
		Skipping redundant alignment 803986 804336 | 351 1 | 351 351 | 96.01 | Bacteroides_coprocola_gi_223954431_ref_NZ_ scaffold-2873
		Skipping redundant alignment 1819901 1820251 | 1 351 | 351 351 | 95.73 | Bacteroides_coprocola_gi_223954431_ref_NZ_ scaffold-2873
		Skipping redundant alignment 4190148 4190497 | 1 350 | 350 350 | 96.86 | Bacteroides_coprocola_gi_223954431_ref_NZ_ scaffold-2873
		Skipping redundant alignment 220795 221143 | 347 1 | 349 347 | 95.7 | Bacteroides_coprocola_gi_223954431_ref_NZ_ scaffold-2873
			Skipping redundant alignments after choosing the best set of alignments
		Skipping redundant alignment 1429631 1429986 | 358 1 | 356 358 | 96.09 | Bacteroides_coprocola_gi_223954431_ref_NZ_ scaffold-2873
		This contig is partially unaligned. (Aligned 358 out of 3924 bases)
		Alignment: 935682 936038 | 356 1 | 357 356 | 96.08 | Bacteroides_coprocola_gi_223954431_ref_NZ_ scaffold-2873
		Unaligned bases: 357 to 3924 (3568)

CONTIG: scaffold-2896 (1956bp)
Top Length: 266  Top ID: 96.28
		Skipping redundant alignment 2071570 2071834 | 1 263 | 265 263 | 96.6 | Bacteroides_coprocola_gi_223954431_ref_NZ_ scaffold-2896
		Skipping redundant alignment 805974 806237 | 1 262 | 264 262 | 96.59 | Bacteroides_coprocola_gi_223954431_ref_NZ_ scaffold-2896
		Skipping redundant alignment 1485095 1485358 | 1 262 | 264 262 | 96.59 | Bacteroides_coprocola_gi_223954431_ref_NZ_ scaffold-2896
		Skipping redundant alignment 1501387 1501650 | 1 262 | 264 262 | 96.59 | Bacteroides_coprocola_gi_223954431_ref_NZ_ scaffold-2896
		Skipping redundant alignment 4076815 4077078 | 262 1 | 264 262 | 96.59 | Bacteroides_coprocola_gi_223954431_ref_NZ_ scaffold-2896
		Skipping redundant alignment 223893 224155 | 1 261 | 263 261 | 96.58 | Bacteroides_coprocola_gi_223954431_ref_NZ_ scaffold-2896
		Skipping redundant alignment 1663217 1663479 | 1 261 | 263 261 | 96.58 | Bacteroides_coprocola_gi_223954431_ref_NZ_ scaffold-2896
		Skipping redundant alignment 3489682 3489944 | 1 261 | 263 261 | 96.58 | Bacteroides_coprocola_gi_223954431_ref_NZ_ scaffold-2896
		Skipping redundant alignment 3675634 3675896 | 261 1 | 263 261 | 96.58 | Bacteroides_coprocola_gi_223954431_ref_NZ_ scaffold-2896
		Skipping redundant alignment 3676344 3676606 | 1 261 | 263 261 | 96.58 | Bacteroides_coprocola_gi_223954431_ref_NZ_ scaffold-2896
		Skipping redundant alignment 3703725 3703987 | 261 1 | 263 261 | 96.58 | Bacteroides_coprocola_gi_223954431_ref_NZ_ scaffold-2896
		Skipping redundant alignment 4189027 4189289 | 261 1 | 263 261 | 96.58 | Bacteroides_coprocola_gi_223954431_ref_NZ_ scaffold-2896
		Skipping redundant alignment 4291133 4291395 | 261 1 | 263 261 | 96.58 | Bacteroides_coprocola_gi_223954431_ref_NZ_ scaffold-2896
		Skipping redundant alignment 3704670 3704921 | 249 1 | 252 249 | 96.03 | Bacteroides_coprocola_gi_223954431_ref_NZ_ scaffold-2896
		This contig is partially unaligned. (Aligned 266 out of 1956 bases)
		Alignment: 3023407 3023675 | 266 1 | 269 266 | 96.28 | Bacteroides_coprocola_gi_223954431_ref_NZ_ scaffold-2896
		Unaligned bases: 267 to 1956 (1690)

CONTIG: scaffold-3102 (2632bp)
Top Length: 2166  Top ID: 98.71
		Skipping redundant alignment 3372045 3372716 | 111 782 | 672 672 | 97.62 | Bacteroides_coprocola_gi_223954431_ref_NZ_ scaffold-3102
		Skipping redundant alignment 1968856 1969756 | 1006 107 | 901 900 | 98.11 | Bacteroides_coprocola_gi_223954431_ref_NZ_ scaffold-3102
		Skipping redundant alignment 2312181 2313227 | 112 1157 | 1047 1046 | 98.09 | Bacteroides_coprocola_gi_223954431_ref_NZ_ scaffold-3102
		Skipping redundant alignment 2487764 2488809 | 1157 113 | 1046 1045 | 98.09 | Bacteroides_coprocola_gi_223954431_ref_NZ_ scaffold-3102
		Skipping redundant alignment 1996971 1997885 | 113 1040 | 915 928 | 96.77 | Bacteroides_coprocola_gi_223954431_ref_NZ_ scaffold-3102
		Skipping redundant alignment 2313409 2314312 | 1028 113 | 904 916 | 97.16 | Bacteroides_coprocola_gi_223954431_ref_NZ_ scaffold-3102
		Skipping redundant alignment 3463447 3464339 | 1004 113 | 893 892 | 98.21 | Bacteroides_coprocola_gi_223954431_ref_NZ_ scaffold-3102
		Skipping redundant alignment 2331555 2332409 | 113 986 | 855 874 | 96.22 | Bacteroides_coprocola_gi_223954431_ref_NZ_ scaffold-3102
		Skipping redundant alignment 2935684 2936540 | 113 984 | 857 872 | 96.67 | Bacteroides_coprocola_gi_223954431_ref_NZ_ scaffold-3102
		Skipping redundant alignment 2288355 2289168 | 113 935 | 814 823 | 96.85 | Bacteroides_coprocola_gi_223954431_ref_NZ_ scaffold-3102
		Skipping redundant alignment 876845 877362 | 113 630 | 518 518 | 98.46 | Bacteroides_coprocola_gi_223954431_ref_NZ_ scaffold-3102
		Skipping redundant alignment 2719690 2720110 | 113 532 | 421 420 | 96.67 | Bacteroides_coprocola_gi_223954431_ref_NZ_ scaffold-3102
		Skipping redundant alignment 1661975 1662310 | 113 448 | 336 336 | 99.11 | Bacteroides_coprocola_gi_223954431_ref_NZ_ scaffold-3102
		Skipping redundant alignment 104219 105466 | 827 2072 | 1248 1246 | 96.72 | Bacteroides_coprocola_gi_223954431_ref_NZ_ scaffold-3102
		Skipping redundant alignment 596726 597402 | 1938 2632 | 677 695 | 95.68 | Bacteroides_coprocola_gi_223954431_ref_NZ_ scaffold-3102
		Skipping redundant alignment 4120936 4121542 | 2632 2017 | 607 616 | 97.89 | Bacteroides_coprocola_gi_223954431_ref_NZ_ scaffold-3102
		Skipping redundant alignment 2110956 2111523 | 2632 2065 | 568 568 | 99.3 | Bacteroides_coprocola_gi_223954431_ref_NZ_ scaffold-3102
		Skipping redundant alignment 2588779 2589325 | 2632 2086 | 547 547 | 99.27 | Bacteroides_coprocola_gi_223954431_ref_NZ_ scaffold-3102
		Skipping redundant alignment 1425428 1425959 | 2632 2101 | 532 532 | 99.25 | Bacteroides_coprocola_gi_223954431_ref_NZ_ scaffold-3102
		Skipping redundant alignment 1724851 1725297 | 2632 2186 | 447 447 | 98.88 | Bacteroides_coprocola_gi_223954431_ref_NZ_ scaffold-3102
		Skipping redundant alignment 749881 750311 | 2632 2202 | 431 431 | 99.07 | Bacteroides_coprocola_gi_223954431_ref_NZ_ scaffold-3102
		Skipping redundant alignment 353024 353446 | 2210 2632 | 423 423 | 98.35 | Bacteroides_coprocola_gi_223954431_ref_NZ_ scaffold-3102
		Skipping redundant alignment 546658 547068 | 2632 2222 | 411 411 | 99.03 | Bacteroides_coprocola_gi_223954431_ref_NZ_ scaffold-3102
		Skipping redundant alignment 106607 106976 | 2263 2632 | 370 370 | 99.19 | Bacteroides_coprocola_gi_223954431_ref_NZ_ scaffold-3102
		Skipping redundant alignment 557001 557323 | 2310 2632 | 323 323 | 99.07 | Bacteroides_coprocola_gi_223954431_ref_NZ_ scaffold-3102
		This contig is misassembled. 27 total aligns.
			Excluding internal overlap of size 1363 between Alignment 1 and 2:  3487273 3488955 | 113 1829 | 1683 1717 --> 3487273 3487592 | 113 466 | 320 354
			Real Alignment 1: 3487273 3487592 | 113 466 | 320 354 | 95.98 | Bacteroides_coprocola_gi_223954431_ref_NZ_ scaffold-3102
			  Extensive misassembly ( relocation, inconsistency = -2060713 ) between these two alignments
			Real Alignment 2: 1426880 1429045 | 467 2632 | 2166 2166 | 98.71 | Bacteroides_coprocola_gi_223954431_ref_NZ_ scaffold-3102

CONTIG: scaffold-3766 (3019bp)
Top Length: 1006  Top ID: 97.52
		Skipping redundant alignment 4123443 4124315 | 2288 1417 | 873 872 | 97.48 | Bacteroides_coprocola_gi_223954431_ref_NZ_ scaffold-3766
		Skipping redundant alignment 1661381 1661974 | 1417 2007 | 594 591 | 96.46 | Bacteroides_coprocola_gi_223954431_ref_NZ_ scaffold-3766
		Skipping redundant alignment 347155 347537 | 1417 1797 | 383 381 | 97.13 | Bacteroides_coprocola_gi_223954431_ref_NZ_ scaffold-3766
		Skipping redundant alignment 1765599 1765701 | 1417 1518 | 103 102 | 97.09 | Bacteroides_coprocola_gi_223954431_ref_NZ_ scaffold-3766
		Skipping redundant alignment 2486499 2487461 | 2423 1462 | 963 962 | 97.72 | Bacteroides_coprocola_gi_223954431_ref_NZ_ scaffold-3766
		Skipping redundant alignment 1858941 1859361 | 2002 2422 | 421 421 | 98.57 | Bacteroides_coprocola_gi_223954431_ref_NZ_ scaffold-3766
		Skipping redundant alignment 1167482 1167813 | 2091 2422 | 332 332 | 98.8 | Bacteroides_coprocola_gi_223954431_ref_NZ_ scaffold-3766
		Skipping redundant alignment 2221012 2221079 | 2420 2353 | 68 68 | 100.0 | Bacteroides_coprocola_gi_223954431_ref_NZ_ scaffold-3766
		Skipping redundant alignment 3344925 3345079 | 3019 2865 | 155 155 | 96.77 | Bacteroides_coprocola_gi_223954431_ref_NZ_ scaffold-3766
		Skipping redundant alignment 2079783 2079936 | 2866 3019 | 154 154 | 97.4 | Bacteroides_coprocola_gi_223954431_ref_NZ_ scaffold-3766
		This contig is misassembled. 12 total aligns.
			Warning! This contig is more unaligned than misassembled. Contig length is 3019 and total length of all aligns is 1164
		Alignment: 23347 24353 | 1417 2422 | 1007 1006 | 97.52 | Bacteroides_coprocola_gi_223954431_ref_NZ_ scaffold-3766
		Alignment: 1430952 1431109 | 3019 2862 | 158 158 | 96.84 | Bacteroides_coprocola_gi_223954431_ref_NZ_ scaffold-3766
		Unaligned bases: 1855
		This contig has both significant aligned and unaligned parts (of length >= min-contig)! It can contain interspecies translocations
CONTIG: scaffold-3914 (1483bp)
Top Length: 1483  Top ID: 98.86
		One align captures most of this contig: 2170324 2171815 | 1483 1 | 1492 1483 | 98.86 | Bacteroides_coprocola_gi_223954431_ref_NZ_ scaffold-3914

CONTIG: scaffold-4310 (1265bp)
Top Length: 352  Top ID: 96.88
		Skipping redundant alignment 220795 221143 | 347 1 | 349 347 | 95.7 | Bacteroides_coprocola_gi_223954431_ref_NZ_ scaffold-4310
			Skipping redundant alignments after choosing the best set of alignments
		Skipping redundant alignment 627779 628130 | 1 352 | 352 352 | 96.88 | Bacteroides_coprocola_gi_223954431_ref_NZ_ scaffold-4310
		Skipping redundant alignment 796661 797011 | 1 351 | 351 351 | 96.58 | Bacteroides_coprocola_gi_223954431_ref_NZ_ scaffold-4310
		Skipping redundant alignment 803985 804336 | 352 1 | 352 352 | 96.02 | Bacteroides_coprocola_gi_223954431_ref_NZ_ scaffold-4310
		Skipping redundant alignment 935688 936038 | 351 1 | 351 351 | 96.3 | Bacteroides_coprocola_gi_223954431_ref_NZ_ scaffold-4310
		Skipping redundant alignment 1288148 1288499 | 1 352 | 352 352 | 96.88 | Bacteroides_coprocola_gi_223954431_ref_NZ_ scaffold-4310
		Skipping redundant alignment 1429638 1429986 | 351 1 | 349 351 | 96.3 | Bacteroides_coprocola_gi_223954431_ref_NZ_ scaffold-4310
		Skipping redundant alignment 1819901 1820252 | 1 352 | 352 352 | 95.74 | Bacteroides_coprocola_gi_223954431_ref_NZ_ scaffold-4310
		Skipping redundant alignment 2112242 2112592 | 1 351 | 351 351 | 96.58 | Bacteroides_coprocola_gi_223954431_ref_NZ_ scaffold-4310
		Skipping redundant alignment 3282934 3283284 | 1 351 | 351 351 | 96.3 | Bacteroides_coprocola_gi_223954431_ref_NZ_ scaffold-4310
		Skipping redundant alignment 3985889 3986239 | 351 1 | 351 351 | 96.87 | Bacteroides_coprocola_gi_223954431_ref_NZ_ scaffold-4310
		Skipping redundant alignment 4190148 4190497 | 1 350 | 350 350 | 96.86 | Bacteroides_coprocola_gi_223954431_ref_NZ_ scaffold-4310
		This contig is partially unaligned. (Aligned 352 out of 1265 bases)
		Alignment: 222629 222980 | 352 1 | 352 352 | 96.31 | Bacteroides_coprocola_gi_223954431_ref_NZ_ scaffold-4310
		Unaligned bases: 353 to 1265 (913)

CONTIG: scaffold-4776 (3643bp)
Top Length: 3643  Top ID: 99.97
		Marking as insignificant: 3813860 3814220 | 361 1 | 361 361 | 100.0 | Bacteroides_coprocola_gi_223954431_ref_NZ_ scaffold-4776
		One align captures most of this contig: 2890797 2894439 | 3643 1 | 3643 3643 | 99.97 | Bacteroides_coprocola_gi_223954431_ref_NZ_ scaffold-4776

CONTIG: scaffold-5708 (1028bp)
Top Length: 755  Top ID: 98.28
		This contig is partially unaligned. (Aligned 755 out of 1028 bases)
		Alignment: 2572196 2572949 | 274 1028 | 754 755 | 98.28 | Bacteroides_coprocola_gi_223954431_ref_NZ_ scaffold-5708
		Unaligned bases: 1 to 273 (273)

CONTIG: scaffold-5846 (1146bp)
Top Length: 1146  Top ID: 99.83
		One align captures most of this contig: 1256496 1257641 | 1 1146 | 1146 1146 | 99.83 | Bacteroides_coprocola_gi_223954431_ref_NZ_ scaffold-5846

CONTIG: scaffold-7170 (733bp)
Top Length: 733  Top ID: 99.73
		One align captures most of this contig: 411985 412717 | 1 733 | 733 733 | 99.73 | Bacteroides_coprocola_gi_223954431_ref_NZ_ scaffold-7170

CONTIG: scaffold-8122 (1105bp)
Top Length: 1098  Top ID: 99.64
		One align captures most of this contig: 1266766 1267863 | 1 1098 | 1098 1098 | 99.64 | Bacteroides_coprocola_gi_223954431_ref_NZ_ scaffold-8122

CONTIG: scaffold-10675 (734bp)
Top Length: 397  Top ID: 95.97
		Skipping redundant alignment 222624 223015 | 342 734 | 392 393 | 95.67 | Bacteroides_coprocola_gi_223954431_ref_NZ_ scaffold-10675
		Skipping redundant alignment 1288113 1288505 | 734 343 | 393 392 | 95.93 | Bacteroides_coprocola_gi_223954431_ref_NZ_ scaffold-10675
		Skipping redundant alignment 935682 936073 | 343 734 | 392 392 | 95.66 | Bacteroides_coprocola_gi_223954431_ref_NZ_ scaffold-10675
		Skipping redundant alignment 3282899 3283290 | 734 344 | 392 391 | 95.66 | Bacteroides_coprocola_gi_223954431_ref_NZ_ scaffold-10675
		Skipping redundant alignment 2112207 2112596 | 734 345 | 390 390 | 96.41 | Bacteroides_coprocola_gi_223954431_ref_NZ_ scaffold-10675
		Skipping redundant alignment 803983 804371 | 346 734 | 389 389 | 96.14 | Bacteroides_coprocola_gi_223954431_ref_NZ_ scaffold-10675
		Skipping redundant alignment 627744 628130 | 734 348 | 387 387 | 96.9 | Bacteroides_coprocola_gi_223954431_ref_NZ_ scaffold-10675
		Skipping redundant alignment 3985889 3986274 | 349 734 | 386 386 | 96.89 | Bacteroides_coprocola_gi_223954431_ref_NZ_ scaffold-10675
		Skipping redundant alignment 796626 797011 | 734 349 | 386 386 | 96.63 | Bacteroides_coprocola_gi_223954431_ref_NZ_ scaffold-10675
		Skipping redundant alignment 4190113 4190497 | 734 350 | 385 385 | 96.88 | Bacteroides_coprocola_gi_223954431_ref_NZ_ scaffold-10675
		Skipping redundant alignment 220795 221178 | 353 734 | 384 382 | 95.31 | Bacteroides_coprocola_gi_223954431_ref_NZ_ scaffold-10675
		This contig is partially unaligned. (Aligned 397 out of 734 bases)
		Alignment: 1429628 1430021 | 338 734 | 394 397 | 95.97 | Bacteroides_coprocola_gi_223954431_ref_NZ_ scaffold-10675
		Unaligned bases: 1 to 337 (337)

CONTIG: scaffold-10856 (1661bp)
Top Length: 1661  Top ID: 99.82
		One align captures most of this contig: 1257119 1258779 | 1 1661 | 1661 1661 | 99.82 | Bacteroides_coprocola_gi_223954431_ref_NZ_ scaffold-10856

CONTIG: scaffold-15216 (655bp)
Top Length: 368  Top ID: 96.2
		Skipping redundant alignment 1288140 1288503 | 1 364 | 364 364 | 96.98 | Bacteroides_coprocola_gi_223954431_ref_NZ_ scaffold-15216
		Skipping redundant alignment 3282926 3283289 | 1 364 | 364 364 | 95.88 | Bacteroides_coprocola_gi_223954431_ref_NZ_ scaffold-15216
		Skipping redundant alignment 627771 628132 | 1 362 | 362 362 | 96.96 | Bacteroides_coprocola_gi_223954431_ref_NZ_ scaffold-15216
		Skipping redundant alignment 4190140 4190501 | 1 362 | 362 362 | 96.69 | Bacteroides_coprocola_gi_223954431_ref_NZ_ scaffold-15216
		Skipping redundant alignment 222629 222988 | 360 1 | 360 360 | 96.11 | Bacteroides_coprocola_gi_223954431_ref_NZ_ scaffold-15216
		Skipping redundant alignment 803985 804344 | 360 1 | 360 360 | 96.11 | Bacteroides_coprocola_gi_223954431_ref_NZ_ scaffold-15216
		Skipping redundant alignment 1819893 1820252 | 1 360 | 360 360 | 95.56 | Bacteroides_coprocola_gi_223954431_ref_NZ_ scaffold-15216
		Skipping redundant alignment 3985889 3986247 | 359 1 | 359 359 | 96.94 | Bacteroides_coprocola_gi_223954431_ref_NZ_ scaffold-15216
		Skipping redundant alignment 796653 797011 | 1 359 | 359 359 | 96.66 | Bacteroides_coprocola_gi_223954431_ref_NZ_ scaffold-15216
		Skipping redundant alignment 1429638 1429994 | 359 1 | 357 359 | 96.38 | Bacteroides_coprocola_gi_223954431_ref_NZ_ scaffold-15216
		Skipping redundant alignment 935688 936046 | 359 1 | 359 359 | 96.1 | Bacteroides_coprocola_gi_223954431_ref_NZ_ scaffold-15216
		Skipping redundant alignment 220795 221151 | 355 1 | 357 355 | 95.52 | Bacteroides_coprocola_gi_223954431_ref_NZ_ scaffold-15216
		This contig is partially unaligned. (Aligned 368 out of 655 bases)
		Alignment: 2112234 2112600 | 1 368 | 367 368 | 96.2 | Bacteroides_coprocola_gi_223954431_ref_NZ_ scaffold-15216
		Unaligned bases: 369 to 655 (287)

CONTIG: scaffold-26756 (613bp)
Top Length: 613  Top ID: 100.0
		One align captures most of this contig: 1253142 1253754 | 613 1 | 613 613 | 100.0 | Bacteroides_coprocola_gi_223954431_ref_NZ_ scaffold-26756

CONTIG: scaffold-44960 (1033bp)
Top Length: 1033  Top ID: 99.81
		One align captures most of this contig: 1246573 1247605 | 1033 1 | 1033 1033 | 99.81 | Bacteroides_coprocola_gi_223954431_ref_NZ_ scaffold-44960

CONTIG: scaffold-51784 (1121bp)
Top Length: 1121  Top ID: 99.29
		One align captures most of this contig: 1249181 1250301 | 1121 1 | 1121 1121 | 99.29 | Bacteroides_coprocola_gi_223954431_ref_NZ_ scaffold-51784

CONTIG: scaffold-57067 (780bp)
Top Length: 780  Top ID: 99.1
		One align captures most of this contig: 1244572 1245351 | 1 780 | 780 780 | 99.1 | Bacteroides_coprocola_gi_223954431_ref_NZ_ scaffold-57067

CONTIG: scaffold-61227 (880bp)
Top Length: 880  Top ID: 98.18
		One align captures most of this contig: 1250530 1251409 | 880 1 | 880 880 | 98.18 | Bacteroides_coprocola_gi_223954431_ref_NZ_ scaffold-61227

CONTIG: scaffold-84623 (907bp)
Top Length: 907  Top ID: 99.78
		One align captures most of this contig: 1241169 1242075 | 1 907 | 907 907 | 99.78 | Bacteroides_coprocola_gi_223954431_ref_NZ_ scaffold-84623

CONTIG: scaffold-97615 (525bp)
Top Length: 525  Top ID: 100.0
		One align captures most of this contig: 1248065 1248589 | 1 525 | 525 525 | 100.0 | Bacteroides_coprocola_gi_223954431_ref_NZ_ scaffold-97615

CONTIG: scaffold-128369 (1088bp)
Top Length: 1088  Top ID: 99.26
		One align captures most of this contig: 1239824 1240909 | 1088 1 | 1086 1088 | 99.26 | Bacteroides_coprocola_gi_223954431_ref_NZ_ scaffold-128369

CONTIG: scaffold-161753 (561bp)
Top Length: 425  Top ID: 96.48
		This contig is partially unaligned. (Aligned 425 out of 561 bases)
		Alignment: 2889794 2890217 | 1 425 | 424 425 | 96.48 | Bacteroides_coprocola_gi_223954431_ref_NZ_ scaffold-161753
		Unaligned bases: 426 to 561 (136)

Analyzing coverage...
	Reference Bacteroides_coprocola_gi_223954431_ref_NZ_: 55 total alignments. 1 total regions.
Analysis is finished!

Results:
	Local Misassemblies: 6
	Misassemblies: 1
		Relocations: 1
		Translocations: 0
		Inversions: 0
	Fake misassemblies matched with structural variations: 0
	Misassembled Contigs: 1
	Misassembled Contig Bases: 2632
	Misassemblies Inter-Contig Overlap: 0
Uncovered Regions: 0 (0)
Unaligned Contigs: 0 + 26 part
Partially Unaligned Contigs with Misassemblies: 3
Unaligned Contig Bases: 338565

Ambiguously Mapped Contigs: 0
Total Bases in Ambiguously Mapped Contigs: 0
Note that --allow-ambiguity option was set to "one" and only first alignment per each contig was used.
