Aligning contigs to reference...
	Using existing Nucmer alignments...
Parsing coords...
Loading reference...
	Loaded [Bacteroides_coprocola_gi_223954431_ref_NZ_]
Loading regions...
	No regions given, using whole reference.
	Total Regions: 1
	Total Region Length: 4300117
Analyzing contigs...
CONTIG: scaffold6816__2.9 (708bp)
Top Length: 252  Top ID: 95.24
		This contig is partially unaligned. (Aligned 252 out of 708 bases)
		Alignment: 3422279 3422530 | 447 698 | 252 252 | 95.24 | Bacteroides_coprocola_gi_223954431_ref_NZ_ scaffold6816__2.9
		Unaligned bases: 1 to 446 (446)
		Unaligned bases: 699 to 708 (10)

CONTIG: scaffold13439__2.2 (666bp)
Top Length: 315  Top ID: 98.41
			Skipping redundant alignments after choosing the best set of alignments
		Skipping redundant alignment 3378644 3378958 | 113 427 | 315 315 | 98.41 | Bacteroides_coprocola_gi_223954431_ref_NZ_ scaffold13439__2.2
		Skipping redundant alignment 3379129 3379346 | 449 666 | 218 218 | 99.54 | Bacteroides_coprocola_gi_223954431_ref_NZ_ scaffold13439__2.2
		This contig is misassembled. 4 total aligns.
			Real Alignment 1: 2305743 2306057 | 427 113 | 315 315 | 98.41 | Bacteroides_coprocola_gi_223954431_ref_NZ_ scaffold13439__2.2
			  Gap between these two alignments (local misassembly). Inconsistency = 149 
			Real Alignment 2: 2305355 2305572 | 666 449 | 218 218 | 99.54 | Bacteroides_coprocola_gi_223954431_ref_NZ_ scaffold13439__2.2

CONTIG: scaffold13448__4.9 (1533bp)
Top Length: 309  Top ID: 97.41
		This contig is misassembled. 4 total aligns.
			Real Alignment 1: 1277919 1278093 | 317 491 | 175 175 | 97.14 | Bacteroides_coprocola_gi_223954431_ref_NZ_ scaffold13448__4.9
			  Gap between these two alignments (local misassembly). Inconsistency = 293 
			Real Alignment 2: 1278656 1278963 | 761 1069 | 308 309 | 97.41 | Bacteroides_coprocola_gi_223954431_ref_NZ_ scaffold13448__4.9
			  Gap between these two alignments (local misassembly). Inconsistency = 150 
			Real Alignment 3: 1279171 1279344 | 1127 1300 | 174 174 | 100.0 | Bacteroides_coprocola_gi_223954431_ref_NZ_ scaffold13448__4.9
			  Gap between these two alignments (local misassembly). Inconsistency = 143 
			Real Alignment 4: 1279580 1279720 | 1393 1533 | 141 141 | 100.0 | Bacteroides_coprocola_gi_223954431_ref_NZ_ scaffold13448__4.9
		This contig has significant unaligned parts (of length >= min-contig)! It can contain interspecies translocations

CONTIG: scaffold22314__6.6 (1071bp)
Top Length: 888  Top ID: 99.77
		This contig is partially unaligned. (Aligned 888 out of 1071 bases)
		Alignment: 1269873 1270760 | 1071 184 | 888 888 | 99.77 | Bacteroides_coprocola_gi_223954431_ref_NZ_ scaffold22314__6.6
		Unaligned bases: 1 to 183 (183)

CONTIG: scaffold22922__3.1 (880bp)
Top Length: 274  Top ID: 96.35
		This contig is misassembled. 3 total aligns.
			Real Alignment 1: 1284846 1284964 | 119 1 | 119 119 | 99.16 | Bacteroides_coprocola_gi_223954431_ref_NZ_ scaffold22922__3.1
			  Gap between these two alignments (local misassembly). Inconsistency = 148 
			Real Alignment 2: 1284568 1284666 | 249 151 | 99 99 | 100.0 | Bacteroides_coprocola_gi_223954431_ref_NZ_ scaffold22922__3.1
			  Gap between these two alignments (local misassembly). Inconsistency = 148 
			Real Alignment 3: 1284088 1284361 | 581 308 | 274 274 | 96.35 | Bacteroides_coprocola_gi_223954431_ref_NZ_ scaffold22922__3.1

CONTIG: scaffold26001__2.7 (851bp)
Top Length: 285  Top ID: 98.25
			Skipping redundant alignments after choosing the best set of alignments
		Skipping redundant alignment 3379401 3379685 | 1 285 | 285 285 | 98.25 | Bacteroides_coprocola_gi_223954431_ref_NZ_ scaffold26001__2.7
		Skipping redundant alignment 3379904 3380103 | 349 548 | 200 200 | 99.5 | Bacteroides_coprocola_gi_223954431_ref_NZ_ scaffold26001__2.7
		Skipping redundant alignment 3380269 3380359 | 563 653 | 91 91 | 100.0 | Bacteroides_coprocola_gi_223954431_ref_NZ_ scaffold26001__2.7
		This contig is misassembled. 6 total aligns.
			Real Alignment 1: 2305016 2305300 | 285 1 | 285 285 | 98.25 | Bacteroides_coprocola_gi_223954431_ref_NZ_ scaffold26001__2.7
			  Gap between these two alignments (local misassembly). Inconsistency = 155 
			Real Alignment 2: 2304598 2304797 | 548 349 | 200 200 | 99.5 | Bacteroides_coprocola_gi_223954431_ref_NZ_ scaffold26001__2.7
			  Gap between these two alignments (local misassembly). Inconsistency = 151 
			Real Alignment 3: 2304342 2304432 | 653 563 | 91 91 | 100.0 | Bacteroides_coprocola_gi_223954431_ref_NZ_ scaffold26001__2.7

CONTIG: scaffold31521__4.2 (632bp)
Top Length: 412  Top ID: 95.63
		This contig is partially unaligned. (Aligned 412 out of 632 bases)
		Alignment: 1275966 1276377 | 221 632 | 412 412 | 95.63 | Bacteroides_coprocola_gi_223954431_ref_NZ_ scaffold31521__4.2
		Unaligned bases: 1 to 220 (220)

CONTIG: scaffold33525_11.0 (834bp)
Top Length: 608  Top ID: 99.67
		This contig is misassembled. 2 total aligns.
			Real Alignment 1: 1241169 1241302 | 134 1 | 134 134 | 100.0 | Bacteroides_coprocola_gi_223954431_ref_NZ_ scaffold33525_11.0
			  Gap between these two alignments (local misassembly). Inconsistency = 159 
			Real Alignment 2: 1240310 1240917 | 834 227 | 608 608 | 99.67 | Bacteroides_coprocola_gi_223954431_ref_NZ_ scaffold33525_11.0

CONTIG: scaffold37362__5.2 (1123bp)
Top Length: 279  Top ID: 98.57
		This contig is misassembled. 3 total aligns.
			Real Alignment 1: 1273143 1273283 | 1 141 | 141 141 | 100.0 | Bacteroides_coprocola_gi_223954431_ref_NZ_ scaffold37362__5.2
			  Gap between these two alignments (local misassembly). Inconsistency = 151 
			Real Alignment 2: 1273511 1273789 | 218 496 | 279 279 | 98.57 | Bacteroides_coprocola_gi_223954431_ref_NZ_ scaffold37362__5.2
			  Gap between these two alignments (local misassembly). Inconsistency = 150 
			Real Alignment 3: 1273987 1274146 | 544 703 | 160 160 | 99.38 | Bacteroides_coprocola_gi_223954431_ref_NZ_ scaffold37362__5.2
		This contig has significant unaligned parts (of length >= min-contig)! It can contain interspecies translocations

CONTIG: scaffold39606__2.0 (801bp)
Top Length: 179  Top ID: 96.09
			Skipping redundant alignments after choosing the best set of alignments
		Skipping redundant alignment 949222 949323 | 569 468 | 102 102 | 99.02 | Bacteroides_coprocola_gi_223954431_ref_NZ_ scaffold39606__2.0
		Skipping redundant alignment 949558 949672 | 382 268 | 115 115 | 96.52 | Bacteroides_coprocola_gi_223954431_ref_NZ_ scaffold39606__2.0
		This contig is misassembled. 5 total aligns.
			Warning! This contig is more unaligned than misassembled. Contig length is 801 and total length of all aligns is 396
		Alignment: 436716 436830 | 382 268 | 115 115 | 96.52 | Bacteroides_coprocola_gi_223954431_ref_NZ_ scaffold39606__2.0
		Alignment: 436380 436481 | 569 468 | 102 102 | 99.02 | Bacteroides_coprocola_gi_223954431_ref_NZ_ scaffold39606__2.0
		Alignment: 434691 434869 | 801 623 | 179 179 | 96.09 | Bacteroides_coprocola_gi_223954431_ref_NZ_ scaffold39606__2.0
		Unaligned bases: 405
CONTIG: scaffold40401__9.3 (928bp)
Top Length: 195  Top ID: 100.0
		This contig is partially unaligned. (Aligned 195 out of 928 bases)
		Alignment: 1251123 1251317 | 269 75 | 195 195 | 100.0 | Bacteroides_coprocola_gi_223954431_ref_NZ_ scaffold40401__9.3
		Unaligned bases: 1 to 74 (74)
		Unaligned bases: 270 to 928 (659)

CONTIG: scaffold43970__5.7 (979bp)
Top Length: 213  Top ID: 100.0
		This contig is misassembled. 3 total aligns.
			Real Alignment 1: 1244787 1244999 | 226 438 | 213 213 | 100.0 | Bacteroides_coprocola_gi_223954431_ref_NZ_ scaffold43970__5.7
			  Gap between these two alignments (local misassembly). Inconsistency = 154 
			Real Alignment 2: 1245270 1245400 | 555 685 | 131 131 | 96.95 | Bacteroides_coprocola_gi_223954431_ref_NZ_ scaffold43970__5.7
			  Gap between these two alignments (local misassembly). Inconsistency = 149 
			Real Alignment 3: 1245639 1245843 | 775 979 | 205 205 | 97.56 | Bacteroides_coprocola_gi_223954431_ref_NZ_ scaffold43970__5.7

CONTIG: scaffold49091__5.4 (636bp)
Top Length: 183  Top ID: 97.27
		This contig is partially unaligned. (Aligned 183 out of 636 bases)
		Alignment: 1279314 1279496 | 1 183 | 183 183 | 97.27 | Bacteroides_coprocola_gi_223954431_ref_NZ_ scaffold49091__5.4
		Unaligned bases: 184 to 636 (453)

CONTIG: scaffold49179_10.4 (1460bp)
Top Length: 621  Top ID: 100.0
		This contig is misassembled. 4 total aligns.
			Real Alignment 1: 1253145 1253765 | 621 1 | 621 621 | 100.0 | Bacteroides_coprocola_gi_223954431_ref_NZ_ scaffold49179_10.4
			  Gap between these two alignments (local misassembly). Inconsistency = 146 
			Real Alignment 2: 1252573 1252949 | 1047 671 | 377 377 | 100.0 | Bacteroides_coprocola_gi_223954431_ref_NZ_ scaffold49179_10.4
			  Gap between these two alignments (local misassembly). Inconsistency = 142 
			Real Alignment 3: 1252278 1252429 | 1200 1049 | 152 152 | 100.0 | Bacteroides_coprocola_gi_223954431_ref_NZ_ scaffold49179_10.4
			  Gap between these two alignments (local misassembly). Inconsistency = 149 
			Real Alignment 4: 1251869 1252117 | 1460 1212 | 249 249 | 99.2 | Bacteroides_coprocola_gi_223954431_ref_NZ_ scaffold49179_10.4

CONTIG: scaffold54658__4.5 (573bp)
Top Length: 171  Top ID: 98.83
			Skipping redundant alignments after choosing the best set of alignments
		Skipping redundant alignment 4262454 4262624 | 171 1 | 171 171 | 98.83 | Bacteroides_coprocola_gi_223954431_ref_NZ_ scaffold54658__4.5
		This contig is partially unaligned. (Aligned 171 out of 573 bases)
		Alignment: 1540457 1540627 | 1 171 | 171 171 | 98.83 | Bacteroides_coprocola_gi_223954431_ref_NZ_ scaffold54658__4.5
		Unaligned bases: 172 to 573 (402)

CONTIG: C722860__7.0 (531bp)
Top Length: 531  Top ID: 98.49
		One align captures most of this contig: 2171391 2171921 | 1 531 | 531 531 | 98.49 | Bacteroides_coprocola_gi_223954431_ref_NZ_ C722860__7.0

CONTIG: C723056__9.0 (533bp)
Top Length: 507  Top ID: 99.21
		This contig is partially unaligned. (Aligned 507 out of 533 bases)
		Alignment: 3265335 3265843 | 533 27 | 509 507 | 99.21 | Bacteroides_coprocola_gi_223954431_ref_NZ_ C723056__9.0
		Unaligned bases: 1 to 26 (26)

CONTIG: C724256_19.0 (544bp)
Top Length: 544  Top ID: 99.45
		One align captures most of this contig: 1259704 1260247 | 1 544 | 544 544 | 99.45 | Bacteroides_coprocola_gi_223954431_ref_NZ_ C724256_19.0

CONTIG: C724460__8.0 (546bp)
Top Length: 546  Top ID: 99.82
		One align captures most of this contig: 1244241 1244786 | 546 1 | 546 546 | 99.82 | Bacteroides_coprocola_gi_223954431_ref_NZ_ C724460__8.0

CONTIG: C725186_33.0 (554bp)
Top Length: 554  Top ID: 99.64
		One align captures most of this contig: 1552751 1553304 | 1 554 | 554 554 | 99.64 | Bacteroides_coprocola_gi_223954431_ref_NZ_ C725186_33.0

CONTIG: C725884_12.0 (562bp)
Top Length: 562  Top ID: 99.47
		One align captures most of this contig: 1239778 1240339 | 562 1 | 562 562 | 99.47 | Bacteroides_coprocola_gi_223954431_ref_NZ_ C725884_12.0

CONTIG: C726268_11.0 (567bp)
Top Length: 567  Top ID: 100.0
		One align captures most of this contig: 2891856 2892422 | 567 1 | 567 567 | 100.0 | Bacteroides_coprocola_gi_223954431_ref_NZ_ C726268_11.0

CONTIG: C726290_11.0 (567bp)
Top Length: 173  Top ID: 100.0
		This contig is partially unaligned. (Aligned 173 out of 567 bases)
		Alignment: 3265109 3265281 | 567 395 | 173 173 | 100.0 | Bacteroides_coprocola_gi_223954431_ref_NZ_ C726290_11.0
		Unaligned bases: 1 to 394 (394)

CONTIG: C727330__6.0 (580bp)
Top Length: 580  Top ID: 99.83
		One align captures most of this contig: 1249591 1250170 | 1 580 | 580 580 | 99.83 | Bacteroides_coprocola_gi_223954431_ref_NZ_ C727330__6.0

CONTIG: C728782_14.0 (597bp)
Top Length: 597  Top ID: 99.16
		Marking as insignificant: 557001 557323 | 275 597 | 323 323 | 99.07 | Bacteroides_coprocola_gi_223954431_ref_NZ_ C728782_14.0
		Marking as insignificant: 106607 106976 | 228 597 | 370 370 | 99.19 | Bacteroides_coprocola_gi_223954431_ref_NZ_ C728782_14.0
		Marking as insignificant: 546658 547068 | 597 187 | 411 411 | 99.03 | Bacteroides_coprocola_gi_223954431_ref_NZ_ C728782_14.0
		Marking as insignificant: 353024 353446 | 175 597 | 423 423 | 98.35 | Bacteroides_coprocola_gi_223954431_ref_NZ_ C728782_14.0
		Marking as insignificant: 749881 750311 | 597 167 | 431 431 | 99.07 | Bacteroides_coprocola_gi_223954431_ref_NZ_ C728782_14.0
		Marking as insignificant: 1724851 1725297 | 597 151 | 447 447 | 98.88 | Bacteroides_coprocola_gi_223954431_ref_NZ_ C728782_14.0
		Marking as insignificant: 1425428 1425959 | 597 66 | 532 532 | 99.25 | Bacteroides_coprocola_gi_223954431_ref_NZ_ C728782_14.0
		Marking as insignificant: 2588779 2589325 | 597 51 | 547 547 | 99.27 | Bacteroides_coprocola_gi_223954431_ref_NZ_ C728782_14.0
		Marking as insignificant: 2110956 2111523 | 597 30 | 568 568 | 99.3 | Bacteroides_coprocola_gi_223954431_ref_NZ_ C728782_14.0
		Marking as insignificant: 4120936 4121524 | 597 1 | 589 597 | 97.99 | Bacteroides_coprocola_gi_223954431_ref_NZ_ C728782_14.0
		Marking as insignificant: 596813 597402 | 3 597 | 590 595 | 98.49 | Bacteroides_coprocola_gi_223954431_ref_NZ_ C728782_14.0
		One align captures most of this contig: 1428450 1429045 | 1 597 | 596 597 | 99.16 | Bacteroides_coprocola_gi_223954431_ref_NZ_ C728782_14.0

CONTIG: C728860_44.0 (598bp)
Top Length: 287  Top ID: 96.18
		This contig is misassembled. 2 total aligns.
			Real Alignment 1: 3805079 3805365 | 290 4 | 287 287 | 96.18 | Bacteroides_coprocola_gi_223954431_ref_NZ_ C728860_44.0
			  Overlap between these two alignments (local misassembly). Inconsistency = -3 
			Real Alignment 2: 3804774 3804848 | 598 524 | 75 75 | 100.0 | Bacteroides_coprocola_gi_223954431_ref_NZ_ C728860_44.0

CONTIG: C731026_20.0 (626bp)
Top Length: 625  Top ID: 99.68
		One align captures most of this contig: 1270965 1271589 | 2 626 | 625 625 | 99.68 | Bacteroides_coprocola_gi_223954431_ref_NZ_ C731026_20.0

CONTIG: C737628_32.0 (733bp)
Top Length: 733  Top ID: 96.04
		One align captures most of this contig: 3791645 3792377 | 1 733 | 733 733 | 96.04 | Bacteroides_coprocola_gi_223954431_ref_NZ_ C737628_32.0

CONTIG: C737906_24.0 (739bp)
Top Length: 739  Top ID: 99.86
		One align captures most of this contig: 3788494 3789232 | 739 1 | 739 739 | 99.86 | Bacteroides_coprocola_gi_223954431_ref_NZ_ C737906_24.0

CONTIG: C739192__9.0 (767bp)
Top Length: 767  Top ID: 99.09
		One align captures most of this contig: 1243502 1244268 | 1 767 | 767 767 | 99.09 | Bacteroides_coprocola_gi_223954431_ref_NZ_ C739192__9.0

CONTIG: C740138__6.0 (789bp)
Top Length: 763  Top ID: 98.3
		This contig is partially unaligned. (Aligned 763 out of 789 bases)
		Alignment: 2572196 2572957 | 27 789 | 762 763 | 98.3 | Bacteroides_coprocola_gi_223954431_ref_NZ_ C740138__6.0
		Unaligned bases: 1 to 26 (26)

CONTIG: C740998_11.0 (811bp)
Top Length: 811  Top ID: 99.26
		One align captures most of this contig: 1269027 1269837 | 1 811 | 811 811 | 99.26 | Bacteroides_coprocola_gi_223954431_ref_NZ_ C740998_11.0

CONTIG: C742026_26.0 (839bp)
Top Length: 839  Top ID: 99.28
		One align captures most of this contig: 2181664 2182501 | 839 1 | 838 839 | 99.28 | Bacteroides_coprocola_gi_223954431_ref_NZ_ C742026_26.0

CONTIG: C742448_13.0 (851bp)
Top Length: 851  Top ID: 99.06
		One align captures most of this contig: 2171914 2172764 | 851 1 | 851 851 | 99.06 | Bacteroides_coprocola_gi_223954431_ref_NZ_ C742448_13.0

CONTIG: C743082_16.0 (872bp)
Top Length: 872  Top ID: 99.08
		One align captures most of this contig: 2159882 2160753 | 1 872 | 872 872 | 99.08 | Bacteroides_coprocola_gi_223954431_ref_NZ_ C743082_16.0

CONTIG: C743350_32.0 (880bp)
Top Length: 880  Top ID: 99.55
		One align captures most of this contig: 397943 398822 | 880 1 | 880 880 | 99.55 | Bacteroides_coprocola_gi_223954431_ref_NZ_ C743350_32.0

CONTIG: C744132_53.0 (905bp)
Top Length: 905  Top ID: 99.89
		One align captures most of this contig: 1547625 1548529 | 905 1 | 905 905 | 99.89 | Bacteroides_coprocola_gi_223954431_ref_NZ_ C744132_53.0

CONTIG: C744854__3.0 (928bp)
Top Length: 928  Top ID: 95.37
		One align captures most of this contig: 433357 434282 | 928 1 | 926 928 | 95.37 | Bacteroides_coprocola_gi_223954431_ref_NZ_ C744854__3.0

CONTIG: C747042_10.0 (1015bp)
Top Length: 1015  Top ID: 99.9
		One align captures most of this contig: 1266713 1267727 | 1 1015 | 1015 1015 | 99.9 | Bacteroides_coprocola_gi_223954431_ref_NZ_ C747042_10.0

CONTIG: C748454_23.0 (1084bp)
Top Length: 1084  Top ID: 99.91
		One align captures most of this contig: 2890786 2891869 | 1 1084 | 1084 1084 | 99.91 | Bacteroides_coprocola_gi_223954431_ref_NZ_ C748454_23.0

CONTIG: C748742_17.0 (1098bp)
Top Length: 1096  Top ID: 99.27
		One align captures most of this contig: 410260 411355 | 3 1098 | 1096 1096 | 99.27 | Bacteroides_coprocola_gi_223954431_ref_NZ_ C748742_17.0

CONTIG: C749008_36.0 (1110bp)
Top Length: 1110  Top ID: 100.0
		This contig has 2 significant alignments. [An ambiguously mapped contig]
		Using only first of these alignment (option --ambiguity-usage is set to "one"):
		Alignment: 2894921 2896030 | 1110 1 | 1110 1110 | 100.0 | Bacteroides_coprocola_gi_223954431_ref_NZ_ C749008_36.0
		Skipping alignment  3814702 3815809 | 1110 1 | 1108 1110 | 99.82 | Bacteroides_coprocola_gi_223954431_ref_NZ_ C749008_36.0

CONTIG: C749138__7.0 (1116bp)
Top Length: 997  Top ID: 99.2
		This contig is partially unaligned. (Aligned 997 out of 1116 bases)
		Alignment: 411980 412976 | 1 997 | 997 997 | 99.2 | Bacteroides_coprocola_gi_223954431_ref_NZ_ C749138__7.0
		Unaligned bases: 998 to 1116 (119)

CONTIG: C749738_21.0 (1146bp)
Top Length: 1146  Top ID: 99.74
		One align captures most of this contig: 1256496 1257641 | 1 1146 | 1146 1146 | 99.74 | Bacteroides_coprocola_gi_223954431_ref_NZ_ C749738_21.0

CONTIG: C749868_151.0 (1152bp)
Top Length: 1152  Top ID: 99.65
		One align captures most of this contig: 882706 883857 | 1 1152 | 1152 1152 | 99.65 | Bacteroides_coprocola_gi_223954431_ref_NZ_ C749868_151.0

CONTIG: C750280_30.0 (1177bp)
Top Length: 1177  Top ID: 98.98
		One align captures most of this contig: 3775962 3777138 | 1177 1 | 1177 1177 | 98.98 | Bacteroides_coprocola_gi_223954431_ref_NZ_ C750280_30.0

CONTIG: C750420_16.0 (1185bp)
Top Length: 1185  Top ID: 98.99
		One align captures most of this contig: 2170221 2171414 | 1 1185 | 1194 1185 | 98.99 | Bacteroides_coprocola_gi_223954431_ref_NZ_ C750420_16.0

CONTIG: C750534__9.0 (1193bp)
Top Length: 1193  Top ID: 100.0
		Marking as insignificant: 3813860 3814702 | 843 1 | 843 843 | 100.0 | Bacteroides_coprocola_gi_223954431_ref_NZ_ C750534__9.0
		One align captures most of this contig: 2893729 2894921 | 1193 1 | 1193 1193 | 100.0 | Bacteroides_coprocola_gi_223954431_ref_NZ_ C750534__9.0

CONTIG: C751600_32.0 (1258bp)
Top Length: 1258  Top ID: 98.89
		One align captures most of this contig: 398800 400056 | 1258 1 | 1257 1258 | 98.89 | Bacteroides_coprocola_gi_223954431_ref_NZ_ C751600_32.0

CONTIG: C751782_15.0 (1269bp)
Top Length: 1269  Top ID: 98.82
		One align captures most of this contig: 408286 409554 | 1269 1 | 1269 1269 | 98.82 | Bacteroides_coprocola_gi_223954431_ref_NZ_ C751782_15.0

CONTIG: C752292_14.0 (1303bp)
Top Length: 649  Top ID: 98.0
		This contig is partially unaligned. (Aligned 649 out of 1303 bases)
		Alignment: 388572 389220 | 1303 655 | 649 649 | 98.0 | Bacteroides_coprocola_gi_223954431_ref_NZ_ C752292_14.0
		Unaligned bases: 1 to 654 (654)
		This contig has both significant aligned and unaligned parts (of length >= min-contig)! It can contain interspecies translocations

CONTIG: C752470_41.0 (1316bp)
Top Length: 1315  Top ID: 98.4
		One align captures most of this contig: 396632 397946 | 2 1316 | 1315 1315 | 98.4 | Bacteroides_coprocola_gi_223954431_ref_NZ_ C752470_41.0

CONTIG: C752892_13.0 (1345bp)
Top Length: 1345  Top ID: 100.0
		One align captures most of this contig: 2892415 2893759 | 1 1345 | 1345 1345 | 100.0 | Bacteroides_coprocola_gi_223954431_ref_NZ_ C752892_13.0

CONTIG: C752962_27.0 (1350bp)
Top Length: 1345  Top ID: 97.25
		One align captures most of this contig: 3781753 3783097 | 1345 1 | 1345 1345 | 97.25 | Bacteroides_coprocola_gi_223954431_ref_NZ_ C752962_27.0

CONTIG: C756690_49.0 (1730bp)
Top Length: 1730  Top ID: 99.77
		One align captures most of this contig: 1553274 1555003 | 1730 1 | 1730 1730 | 99.77 | Bacteroides_coprocola_gi_223954431_ref_NZ_ C756690_49.0

CONTIG: C758396_19.0 (1986bp)
Top Length: 1986  Top ID: 99.24
		One align captures most of this contig: 2163038 2165021 | 1 1986 | 1984 1986 | 99.24 | Bacteroides_coprocola_gi_223954431_ref_NZ_ C758396_19.0

CONTIG: C758686_14.0 (2034bp)
Top Length: 1717  Top ID: 95.98
		Skipping redundant alignment 104219 105423 | 1208 5 | 1205 1204 | 96.93 | Bacteroides_coprocola_gi_223954431_ref_NZ_ C758686_14.0
		Skipping redundant alignment 2312181 2313227 | 1923 878 | 1047 1046 | 98.09 | Bacteroides_coprocola_gi_223954431_ref_NZ_ C758686_14.0
		Skipping redundant alignment 2487764 2488809 | 878 1922 | 1046 1045 | 98.09 | Bacteroides_coprocola_gi_223954431_ref_NZ_ C758686_14.0
		Skipping redundant alignment 1996971 1997885 | 1922 995 | 915 928 | 96.77 | Bacteroides_coprocola_gi_223954431_ref_NZ_ C758686_14.0
		Skipping redundant alignment 2313409 2314312 | 1007 1922 | 904 916 | 97.16 | Bacteroides_coprocola_gi_223954431_ref_NZ_ C758686_14.0
		Skipping redundant alignment 1968856 1969756 | 1029 1928 | 901 900 | 98.11 | Bacteroides_coprocola_gi_223954431_ref_NZ_ C758686_14.0
		Skipping redundant alignment 3463447 3464339 | 1031 1922 | 893 892 | 98.21 | Bacteroides_coprocola_gi_223954431_ref_NZ_ C758686_14.0
		Skipping redundant alignment 2331555 2332409 | 1922 1049 | 855 874 | 96.22 | Bacteroides_coprocola_gi_223954431_ref_NZ_ C758686_14.0
		Skipping redundant alignment 2935684 2936540 | 1922 1051 | 857 872 | 96.67 | Bacteroides_coprocola_gi_223954431_ref_NZ_ C758686_14.0
		Skipping redundant alignment 2288355 2289168 | 1922 1100 | 814 823 | 96.85 | Bacteroides_coprocola_gi_223954431_ref_NZ_ C758686_14.0
		Skipping redundant alignment 3372045 3372716 | 1924 1253 | 672 672 | 97.62 | Bacteroides_coprocola_gi_223954431_ref_NZ_ C758686_14.0
		Skipping redundant alignment 876845 877362 | 1922 1405 | 518 518 | 98.46 | Bacteroides_coprocola_gi_223954431_ref_NZ_ C758686_14.0
		Skipping redundant alignment 2719690 2720110 | 1922 1503 | 421 420 | 96.67 | Bacteroides_coprocola_gi_223954431_ref_NZ_ C758686_14.0
		Skipping redundant alignment 1661975 1662310 | 1922 1587 | 336 336 | 99.11 | Bacteroides_coprocola_gi_223954431_ref_NZ_ C758686_14.0
		This contig is misassembled. 16 total aligns.
			Excluding internal overlap of size 1363 between Alignment 1 and 2:  1426880 1428448 | 1568 1 | 1569 1568 --> 1428243 1428448 | 205 1 | 206 205
			Real Alignment 1: 1428243 1428448 | 205 1 | 206 205 | 98.53 | Bacteroides_coprocola_gi_223954431_ref_NZ_ C758686_14.0
			  Extensive misassembly ( relocation, inconsistency = -2060713 ) between these two alignments
			Real Alignment 2: 3487273 3488955 | 1922 206 | 1683 1717 | 95.98 | Bacteroides_coprocola_gi_223954431_ref_NZ_ C758686_14.0

CONTIG: C759858_20.0 (2264bp)
Top Length: 2264  Top ID: 99.12
		One align captures most of this contig: 2160783 2163046 | 2264 1 | 2264 2264 | 99.12 | Bacteroides_coprocola_gi_223954431_ref_NZ_ C759858_20.0

CONTIG: C760382_18.0 (2375bp)
Top Length: 2371  Top ID: 96.42
		One align captures most of this contig: 3773617 3775987 | 2371 1 | 2371 2371 | 96.42 | Bacteroides_coprocola_gi_223954431_ref_NZ_ C760382_18.0

CONTIG: C760678_31.0 (2450bp)
Top Length: 2450  Top ID: 99.47
		One align captures most of this contig: 3789234 3791683 | 1 2450 | 2450 2450 | 99.47 | Bacteroides_coprocola_gi_223954431_ref_NZ_ C760678_31.0

CONTIG: C760908_35.0 (2514bp)
Top Length: 1006  Top ID: 97.52
		Skipping redundant alignment 1858941 1859361 | 894 474 | 421 421 | 98.57 | Bacteroides_coprocola_gi_223954431_ref_NZ_ C760908_35.0
		Skipping redundant alignment 1167482 1167813 | 805 474 | 332 332 | 98.8 | Bacteroides_coprocola_gi_223954431_ref_NZ_ C760908_35.0
		Skipping redundant alignment 2221012 2221079 | 476 543 | 68 68 | 100.0 | Bacteroides_coprocola_gi_223954431_ref_NZ_ C760908_35.0
		Skipping redundant alignment 4123443 4124315 | 608 1479 | 873 872 | 97.48 | Bacteroides_coprocola_gi_223954431_ref_NZ_ C760908_35.0
		Skipping redundant alignment 1661381 1661974 | 1479 889 | 594 591 | 96.46 | Bacteroides_coprocola_gi_223954431_ref_NZ_ C760908_35.0
		Skipping redundant alignment 347155 347537 | 1479 1099 | 383 381 | 97.13 | Bacteroides_coprocola_gi_223954431_ref_NZ_ C760908_35.0
		Skipping redundant alignment 1765599 1765701 | 1479 1378 | 103 102 | 97.09 | Bacteroides_coprocola_gi_223954431_ref_NZ_ C760908_35.0
			Skipping redundant alignments after choosing the best set of alignments
		Skipping redundant alignment 2486499 2487461 | 473 1434 | 963 962 | 97.72 | Bacteroides_coprocola_gi_223954431_ref_NZ_ C760908_35.0
		This contig is partially unaligned. (Aligned 1006 out of 2514 bases)
		Alignment: 23347 24353 | 1479 474 | 1007 1006 | 97.52 | Bacteroides_coprocola_gi_223954431_ref_NZ_ C760908_35.0
		Unaligned bases: 1 to 473 (473)
		Unaligned bases: 1480 to 2514 (1035)
		This contig has both significant aligned and unaligned parts (of length >= min-contig)! It can contain interspecies translocations

CONTIG: C762008_17.0 (2870bp)
Top Length: 2870  Top ID: 99.41
		One align captures most of this contig: 2167107 2169976 | 2870 1 | 2870 2870 | 99.41 | Bacteroides_coprocola_gi_223954431_ref_NZ_ C762008_17.0

CONTIG: C762228_21.0 (2966bp)
Top Length: 2966  Top ID: 98.62
		One align captures most of this contig: 400031 402996 | 1 2966 | 2966 2966 | 98.62 | Bacteroides_coprocola_gi_223954431_ref_NZ_ C762228_21.0

CONTIG: C763382_10.0 (3524bp)
Top Length: 3524  Top ID: 99.97
		One align captures most of this contig: 1263233 1266756 | 3524 1 | 3524 3524 | 99.97 | Bacteroides_coprocola_gi_223954431_ref_NZ_ C763382_10.0

CONTIG: C763442_25.0 (3545bp)
Top Length: 3545  Top ID: 98.76
		One align captures most of this contig: 2182498 2186042 | 3545 1 | 3545 3545 | 98.76 | Bacteroides_coprocola_gi_223954431_ref_NZ_ C763442_25.0

CONTIG: C764386_35.0 (4283bp)
Top Length: 4283  Top ID: 99.91
		One align captures most of this contig: 1548499 1552781 | 1 4283 | 4283 4283 | 99.91 | Bacteroides_coprocola_gi_223954431_ref_NZ_ C764386_35.0

CONTIG: C764870_17.0 (4799bp)
Top Length: 4799  Top ID: 98.71
		One align captures most of this contig: 402978 407776 | 4799 1 | 4799 4799 | 98.71 | Bacteroides_coprocola_gi_223954431_ref_NZ_ C764870_17.0

CONTIG: C765358_33.0 (5451bp)
Top Length: 5451  Top ID: 96.06
		One align captures most of this contig: 3783067 3788517 | 1 5451 | 5451 5451 | 96.06 | Bacteroides_coprocola_gi_223954431_ref_NZ_ C765358_33.0

CONTIG: C765374_47.0 (5467bp)
Top Length: 5467  Top ID: 99.89
		One align captures most of this contig: 1542055 1547521 | 5467 1 | 5467 5467 | 99.89 | Bacteroides_coprocola_gi_223954431_ref_NZ_ C765374_47.0

CONTIG: C766466_38.0 (9328bp)
Top Length: 5295  Top ID: 96.69
		This contig is misassembled. 2 total aligns.
			Real Alignment 1: 3792379 3797672 | 1 5295 | 5294 5295 | 96.69 | Bacteroides_coprocola_gi_223954431_ref_NZ_ C766466_38.0
			  Gap between these two alignments (local misassembly). Inconsistency = 176 
			Real Alignment 2: 3798725 3801884 | 6172 9328 | 3160 3157 | 96.74 | Bacteroides_coprocola_gi_223954431_ref_NZ_ C766466_38.0
		This contig has significant unaligned parts (of length >= min-contig)! It can contain interspecies translocations

Analyzing coverage...
	Reference Bacteroides_coprocola_gi_223954431_ref_NZ_: 91 total alignments. 1 total regions.
Analysis is finished!

Results:
	Local Misassemblies: 18
	Misassemblies: 1
		Relocations: 1
		Translocations: 0
		Inversions: 0
	Fake misassemblies matched with structural variations: 0
	Misassembled Contigs: 1
	Misassembled Contig Bases: 2034
	Misassemblies Inter-Contig Overlap: 0
Uncovered Regions: 0 (0)
Unaligned Contigs: 0 + 13 part
Partially Unaligned Contigs with Misassemblies: 1
Unaligned Contig Bases: 5579

Ambiguously Mapped Contigs: 1
Total Bases in Ambiguously Mapped Contigs: 1110
Note that --allow-ambiguity option was set to "one" and only first alignment per each contig was used.
