Aligning contigs to reference...
	Using existing Nucmer alignments...
Parsing coords...
Loading reference...
	Loaded [Bacteroides_coprocola_gi_223954431_ref_NZ_]
Loading regions...
	No regions given, using whole reference.
	Total Regions: 1
	Total Region Length: 4300117
Analyzing contigs...
CONTIG: NODE_56_length_75695_cov_10.2616_ID_111 (75695bp)
Top Length: 944  Top ID: 95.13
		Skipping redundant alignment 1288095 1288499 | 75155 74751 | 405 405 | 96.3 | Bacteroides_coprocola_gi_223954431_ref_NZ_ NODE_56_length_75695_cov_10.2616_ID_111
		Skipping redundant alignment 3488966 3489415 | 75246 75695 | 450 450 | 95.11 | Bacteroides_coprocola_gi_223954431_ref_NZ_ NODE_56_length_75695_cov_10.2616_ID_111
		Skipping redundant alignment 3704254 3704671 | 75695 75278 | 418 418 | 95.69 | Bacteroides_coprocola_gi_223954431_ref_NZ_ NODE_56_length_75695_cov_10.2616_ID_111
		Skipping redundant alignment 1784529 1784906 | 75318 75695 | 378 378 | 95.5 | Bacteroides_coprocola_gi_223954431_ref_NZ_ NODE_56_length_75695_cov_10.2616_ID_111
		Skipping redundant alignment 4291662 4291830 | 75695 75527 | 169 169 | 97.63 | Bacteroides_coprocola_gi_223954431_ref_NZ_ NODE_56_length_75695_cov_10.2616_ID_111
		Skipping redundant alignment 2071193 2071303 | 75585 75695 | 111 111 | 97.3 | Bacteroides_coprocola_gi_223954431_ref_NZ_ NODE_56_length_75695_cov_10.2616_ID_111
			Skipping redundant alignments after choosing the best set of alignments
		Skipping redundant alignment 1857522 1858464 | 74753 75695 | 943 943 | 95.02 | Bacteroides_coprocola_gi_223954431_ref_NZ_ NODE_56_length_75695_cov_10.2616_ID_111
		Skipping redundant alignment 2380124 2381066 | 74753 75695 | 943 943 | 95.02 | Bacteroides_coprocola_gi_223954431_ref_NZ_ NODE_56_length_75695_cov_10.2616_ID_111
		Skipping redundant alignment 3282341 3283284 | 75695 74752 | 944 944 | 95.13 | Bacteroides_coprocola_gi_223954431_ref_NZ_ NODE_56_length_75695_cov_10.2616_ID_111
		Skipping redundant alignment 4045294 4046236 | 75695 74753 | 943 943 | 95.02 | Bacteroides_coprocola_gi_223954431_ref_NZ_ NODE_56_length_75695_cov_10.2616_ID_111
		This contig is partially unaligned. (Aligned 944 out of 75695 bases)
		Alignment: 935688 936631 | 74752 75695 | 944 944 | 95.13 | Bacteroides_coprocola_gi_223954431_ref_NZ_ NODE_56_length_75695_cov_10.2616_ID_111
		Unaligned bases: 1 to 74751 (74751)
		This contig has both significant aligned and unaligned parts (of length >= min-contig)! It can contain interspecies translocations

CONTIG: NODE_80_length_64731_cov_5.13614_ID_159 (64731bp)
Top Length: 560  Top ID: 99.47
		This contig is partially unaligned. (Aligned 560 out of 64731 bases)
		Alignment: 3265282 3265843 | 64094 64653 | 562 560 | 99.47 | Bacteroides_coprocola_gi_223954431_ref_NZ_ NODE_80_length_64731_cov_5.13614_ID_159
		Unaligned bases: 1 to 64093 (64093)
		Unaligned bases: 64654 to 64731 (78)
		This contig has both significant aligned and unaligned parts (of length >= min-contig)! It can contain interspecies translocations

CONTIG: NODE_265_length_34125_cov_18.6417_ID_529 (34125bp)
Top Length: 6165  Top ID: 99.03
		Skipping redundant alignment 3813860 3816590 | 3432 6166 | 2731 2735 | 97.77 | Bacteroides_coprocola_gi_223954431_ref_NZ_ NODE_265_length_34125_cov_18.6417_ID_529
		This contig is partially unaligned. (Aligned 6165 out of 34125 bases)
		Alignment: 2890649 2896811 | 2 6166 | 6163 6165 | 99.03 | Bacteroides_coprocola_gi_223954431_ref_NZ_ NODE_265_length_34125_cov_18.6417_ID_529
		Unaligned bases: 1 to 1 (1)
		Unaligned bases: 6167 to 34125 (27959)
		This contig has both significant aligned and unaligned parts (of length >= min-contig)! It can contain interspecies translocations

CONTIG: NODE_329_length_30141_cov_9.77212_ID_657 (30141bp)
Top Length: 1006  Top ID: 97.52
		Skipping redundant alignment 3344956 3345079 | 1 124 | 124 124 | 99.19 | Bacteroides_coprocola_gi_223954431_ref_NZ_ NODE_329_length_30141_cov_9.77212_ID_657
		Skipping redundant alignment 2079783 2079905 | 123 1 | 123 123 | 99.19 | Bacteroides_coprocola_gi_223954431_ref_NZ_ NODE_329_length_30141_cov_9.77212_ID_657
		Skipping redundant alignment 1858941 1859361 | 987 567 | 421 421 | 98.57 | Bacteroides_coprocola_gi_223954431_ref_NZ_ NODE_329_length_30141_cov_9.77212_ID_657
		Skipping redundant alignment 1167482 1167813 | 898 567 | 332 332 | 98.8 | Bacteroides_coprocola_gi_223954431_ref_NZ_ NODE_329_length_30141_cov_9.77212_ID_657
		Skipping redundant alignment 2221012 2221079 | 569 636 | 68 68 | 100.0 | Bacteroides_coprocola_gi_223954431_ref_NZ_ NODE_329_length_30141_cov_9.77212_ID_657
		Skipping redundant alignment 4123443 4124315 | 701 1572 | 873 872 | 97.48 | Bacteroides_coprocola_gi_223954431_ref_NZ_ NODE_329_length_30141_cov_9.77212_ID_657
		Skipping redundant alignment 1661381 1661974 | 1572 982 | 594 591 | 96.46 | Bacteroides_coprocola_gi_223954431_ref_NZ_ NODE_329_length_30141_cov_9.77212_ID_657
		Skipping redundant alignment 347155 347537 | 1572 1192 | 383 381 | 97.13 | Bacteroides_coprocola_gi_223954431_ref_NZ_ NODE_329_length_30141_cov_9.77212_ID_657
		Skipping redundant alignment 1765599 1765701 | 1572 1471 | 103 102 | 97.09 | Bacteroides_coprocola_gi_223954431_ref_NZ_ NODE_329_length_30141_cov_9.77212_ID_657
			Skipping redundant alignments after choosing the best set of alignments
		Skipping redundant alignment 2486499 2487461 | 566 1527 | 963 962 | 97.72 | Bacteroides_coprocola_gi_223954431_ref_NZ_ NODE_329_length_30141_cov_9.77212_ID_657
		This contig is misassembled. 12 total aligns.
			Warning! This contig is more unaligned than misassembled. Contig length is 30141 and total length of all aligns is 1133
		Alignment: 1430983 1431109 | 1 127 | 127 127 | 99.21 | Bacteroides_coprocola_gi_223954431_ref_NZ_ NODE_329_length_30141_cov_9.77212_ID_657
		Alignment: 23347 24353 | 1572 567 | 1007 1006 | 97.52 | Bacteroides_coprocola_gi_223954431_ref_NZ_ NODE_329_length_30141_cov_9.77212_ID_657
		Unaligned bases: 29008
		This contig has both significant aligned and unaligned parts (of length >= min-contig)! It can contain interspecies translocations
CONTIG: NODE_524_length_21074_cov_10.897_ID_1047 (21074bp)
Top Length: 15957  Top ID: 97.0
		This contig is misassembled. 2 total aligns.
			Real Alignment 1: 3798725 3802957 | 4230 1 | 4233 4230 | 96.36 | Bacteroides_coprocola_gi_223954431_ref_NZ_ NODE_524_length_21074_cov_10.897_ID_1047
			  Gap between these two alignments (local misassembly). Inconsistency = 176 
			Real Alignment 2: 3781717 3797672 | 21063 5107 | 15956 15957 | 97.0 | Bacteroides_coprocola_gi_223954431_ref_NZ_ NODE_524_length_21074_cov_10.897_ID_1047
		This contig has significant unaligned parts (of length >= min-contig)! It can contain interspecies translocations

CONTIG: NODE_964_length_12595_cov_2.52568_ID_1927 (12595bp)
Top Length: 162  Top ID: 95.06
		Skipping redundant alignment 1877682 1877825 | 1 144 | 144 144 | 97.22 | Bacteroides_coprocola_gi_223954431_ref_NZ_ NODE_964_length_12595_cov_2.52568_ID_1927
			Skipping redundant alignments after choosing the best set of alignments
		Skipping redundant alignment 2736969 2737130 | 1 162 | 162 162 | 95.06 | Bacteroides_coprocola_gi_223954431_ref_NZ_ NODE_964_length_12595_cov_2.52568_ID_1927
		Skipping redundant alignment 2743368 2743529 | 1 162 | 162 162 | 95.06 | Bacteroides_coprocola_gi_223954431_ref_NZ_ NODE_964_length_12595_cov_2.52568_ID_1927
		This contig is partially unaligned. (Aligned 162 out of 12595 bases)
		Alignment: 2720435 2720596 | 1 162 | 162 162 | 95.06 | Bacteroides_coprocola_gi_223954431_ref_NZ_ NODE_964_length_12595_cov_2.52568_ID_1927
		Unaligned bases: 163 to 12595 (12433)

CONTIG: NODE_1216_length_10266_cov_3.00196_ID_2431 (10266bp)
Top Length: 2171  Top ID: 98.66
		Skipping redundant alignment 596726 597407 | 700 1 | 682 700 | 95.57 | Bacteroides_coprocola_gi_223954431_ref_NZ_ NODE_1216_length_10266_cov_3.00196_ID_2431
		Skipping redundant alignment 4120931 4121542 | 1 621 | 612 621 | 97.75 | Bacteroides_coprocola_gi_223954431_ref_NZ_ NODE_1216_length_10266_cov_3.00196_ID_2431
		Skipping redundant alignment 2110951 2111523 | 1 573 | 573 573 | 99.13 | Bacteroides_coprocola_gi_223954431_ref_NZ_ NODE_1216_length_10266_cov_3.00196_ID_2431
		Skipping redundant alignment 2588774 2589325 | 1 552 | 552 552 | 99.09 | Bacteroides_coprocola_gi_223954431_ref_NZ_ NODE_1216_length_10266_cov_3.00196_ID_2431
		Skipping redundant alignment 1425423 1425959 | 1 537 | 537 537 | 99.07 | Bacteroides_coprocola_gi_223954431_ref_NZ_ NODE_1216_length_10266_cov_3.00196_ID_2431
		Skipping redundant alignment 1724846 1725297 | 1 452 | 452 452 | 98.67 | Bacteroides_coprocola_gi_223954431_ref_NZ_ NODE_1216_length_10266_cov_3.00196_ID_2431
		Skipping redundant alignment 749876 750311 | 1 436 | 436 436 | 98.85 | Bacteroides_coprocola_gi_223954431_ref_NZ_ NODE_1216_length_10266_cov_3.00196_ID_2431
		Skipping redundant alignment 353024 353451 | 428 1 | 428 428 | 98.14 | Bacteroides_coprocola_gi_223954431_ref_NZ_ NODE_1216_length_10266_cov_3.00196_ID_2431
		Skipping redundant alignment 546653 547068 | 1 416 | 416 416 | 98.8 | Bacteroides_coprocola_gi_223954431_ref_NZ_ NODE_1216_length_10266_cov_3.00196_ID_2431
		Skipping redundant alignment 106607 106981 | 375 1 | 375 375 | 98.93 | Bacteroides_coprocola_gi_223954431_ref_NZ_ NODE_1216_length_10266_cov_3.00196_ID_2431
		Skipping redundant alignment 557001 557328 | 328 1 | 328 328 | 98.78 | Bacteroides_coprocola_gi_223954431_ref_NZ_ NODE_1216_length_10266_cov_3.00196_ID_2431
		Skipping redundant alignment 104219 105466 | 1811 566 | 1248 1246 | 96.72 | Bacteroides_coprocola_gi_223954431_ref_NZ_ NODE_1216_length_10266_cov_3.00196_ID_2431
		Skipping redundant alignment 2312181 2313227 | 2526 1481 | 1047 1046 | 98.09 | Bacteroides_coprocola_gi_223954431_ref_NZ_ NODE_1216_length_10266_cov_3.00196_ID_2431
		Skipping redundant alignment 2487764 2488809 | 1481 2525 | 1046 1045 | 98.09 | Bacteroides_coprocola_gi_223954431_ref_NZ_ NODE_1216_length_10266_cov_3.00196_ID_2431
		Skipping redundant alignment 1996971 1997885 | 2525 1598 | 915 928 | 96.77 | Bacteroides_coprocola_gi_223954431_ref_NZ_ NODE_1216_length_10266_cov_3.00196_ID_2431
		Skipping redundant alignment 2313409 2314312 | 1610 2525 | 904 916 | 97.16 | Bacteroides_coprocola_gi_223954431_ref_NZ_ NODE_1216_length_10266_cov_3.00196_ID_2431
		Skipping redundant alignment 1968856 1969756 | 1632 2531 | 901 900 | 98.11 | Bacteroides_coprocola_gi_223954431_ref_NZ_ NODE_1216_length_10266_cov_3.00196_ID_2431
		Skipping redundant alignment 3463447 3464339 | 1634 2525 | 893 892 | 98.21 | Bacteroides_coprocola_gi_223954431_ref_NZ_ NODE_1216_length_10266_cov_3.00196_ID_2431
		Skipping redundant alignment 2331555 2332409 | 2525 1652 | 855 874 | 96.22 | Bacteroides_coprocola_gi_223954431_ref_NZ_ NODE_1216_length_10266_cov_3.00196_ID_2431
		Skipping redundant alignment 2935684 2936540 | 2525 1654 | 857 872 | 96.67 | Bacteroides_coprocola_gi_223954431_ref_NZ_ NODE_1216_length_10266_cov_3.00196_ID_2431
		Skipping redundant alignment 2288355 2289168 | 2525 1703 | 814 823 | 96.85 | Bacteroides_coprocola_gi_223954431_ref_NZ_ NODE_1216_length_10266_cov_3.00196_ID_2431
		Skipping redundant alignment 3372045 3372716 | 2527 1856 | 672 672 | 97.62 | Bacteroides_coprocola_gi_223954431_ref_NZ_ NODE_1216_length_10266_cov_3.00196_ID_2431
		Skipping redundant alignment 876845 877362 | 2525 2008 | 518 518 | 98.46 | Bacteroides_coprocola_gi_223954431_ref_NZ_ NODE_1216_length_10266_cov_3.00196_ID_2431
		Skipping redundant alignment 2719690 2720110 | 2525 2106 | 421 420 | 96.67 | Bacteroides_coprocola_gi_223954431_ref_NZ_ NODE_1216_length_10266_cov_3.00196_ID_2431
		Skipping redundant alignment 1661975 1662310 | 2525 2190 | 336 336 | 99.11 | Bacteroides_coprocola_gi_223954431_ref_NZ_ NODE_1216_length_10266_cov_3.00196_ID_2431
		This contig is misassembled. 27 total aligns.
			Warning! This contig is more unaligned than misassembled. Contig length is 10266 and total length of all aligns is 2525
		Alignment: 1426880 1429050 | 2171 1 | 2171 2171 | 98.66 | Bacteroides_coprocola_gi_223954431_ref_NZ_ NODE_1216_length_10266_cov_3.00196_ID_2431
		Alignment: 3487273 3488955 | 2525 809 | 1683 1717 | 95.98 | Bacteroides_coprocola_gi_223954431_ref_NZ_ NODE_1216_length_10266_cov_3.00196_ID_2431
		Unaligned bases: 7741
		This contig has both significant aligned and unaligned parts (of length >= min-contig)! It can contain interspecies translocations
CONTIG: NODE_1775_length_7378_cov_15.913_ID_3549 (7378bp)
Top Length: 125  Top ID: 99.2
		Skipping redundant alignment 2079783 2079905 | 123 1 | 123 123 | 99.19 | Bacteroides_coprocola_gi_223954431_ref_NZ_ NODE_1775_length_7378_cov_15.913_ID_3549
			Skipping redundant alignments after choosing the best set of alignments
		Skipping redundant alignment 3344956 3345080 | 1 125 | 125 125 | 99.2 | Bacteroides_coprocola_gi_223954431_ref_NZ_ NODE_1775_length_7378_cov_15.913_ID_3549
		This contig is partially unaligned. (Aligned 125 out of 7378 bases)
		Alignment: 1430983 1431106 | 1 124 | 124 124 | 99.19 | Bacteroides_coprocola_gi_223954431_ref_NZ_ NODE_1775_length_7378_cov_15.913_ID_3549
		Unaligned bases: 125 to 7378 (7254)

CONTIG: NODE_2074_length_6533_cov_2.72399_ID_4147 (6533bp)
Top Length: 244  Top ID: 95.08
		Skipping redundant alignment 2588547 2588785 | 6266 6504 | 239 239 | 95.4 | Bacteroides_coprocola_gi_223954431_ref_NZ_ NODE_2074_length_6533_cov_2.72399_ID_4147
		Skipping redundant alignment 1858701 1858938 | 6504 6267 | 238 238 | 95.38 | Bacteroides_coprocola_gi_223954431_ref_NZ_ NODE_2074_length_6533_cov_2.72399_ID_4147
		Skipping redundant alignment 1429039 1429275 | 6504 6268 | 237 237 | 95.78 | Bacteroides_coprocola_gi_223954431_ref_NZ_ NODE_2074_length_6533_cov_2.72399_ID_4147
		Skipping redundant alignment 106970 107206 | 6504 6268 | 237 237 | 95.36 | Bacteroides_coprocola_gi_223954431_ref_NZ_ NODE_2074_length_6533_cov_2.72399_ID_4147
		Skipping redundant alignment 333105 333341 | 6504 6268 | 237 237 | 95.36 | Bacteroides_coprocola_gi_223954431_ref_NZ_ NODE_2074_length_6533_cov_2.72399_ID_4147
		Skipping redundant alignment 353440 353676 | 6504 6268 | 237 237 | 95.36 | Bacteroides_coprocola_gi_223954431_ref_NZ_ NODE_2074_length_6533_cov_2.72399_ID_4147
		Skipping redundant alignment 546428 546664 | 6268 6504 | 237 237 | 95.36 | Bacteroides_coprocola_gi_223954431_ref_NZ_ NODE_2074_length_6533_cov_2.72399_ID_4147
		Skipping redundant alignment 557317 557553 | 6504 6268 | 237 237 | 95.36 | Bacteroides_coprocola_gi_223954431_ref_NZ_ NODE_2074_length_6533_cov_2.72399_ID_4147
		Skipping redundant alignment 749651 749887 | 6268 6504 | 237 237 | 95.36 | Bacteroides_coprocola_gi_223954431_ref_NZ_ NODE_2074_length_6533_cov_2.72399_ID_4147
		Skipping redundant alignment 1425198 1425434 | 6268 6504 | 237 237 | 95.36 | Bacteroides_coprocola_gi_223954431_ref_NZ_ NODE_2074_length_6533_cov_2.72399_ID_4147
		Skipping redundant alignment 1724621 1724857 | 6268 6504 | 237 237 | 95.36 | Bacteroides_coprocola_gi_223954431_ref_NZ_ NODE_2074_length_6533_cov_2.72399_ID_4147
		Skipping redundant alignment 2110726 2110962 | 6268 6504 | 237 237 | 95.36 | Bacteroides_coprocola_gi_223954431_ref_NZ_ NODE_2074_length_6533_cov_2.72399_ID_4147
		Skipping redundant alignment 3046758 3046994 | 6504 6268 | 237 237 | 95.36 | Bacteroides_coprocola_gi_223954431_ref_NZ_ NODE_2074_length_6533_cov_2.72399_ID_4147
		Skipping redundant alignment 4120706 4120942 | 6268 6504 | 237 237 | 95.36 | Bacteroides_coprocola_gi_223954431_ref_NZ_ NODE_2074_length_6533_cov_2.72399_ID_4147
		Skipping redundant alignment 2080905 2081073 | 6436 6268 | 169 169 | 96.45 | Bacteroides_coprocola_gi_223954431_ref_NZ_ NODE_2074_length_6533_cov_2.72399_ID_4147
		This contig is partially unaligned. (Aligned 244 out of 6533 bases)
		Alignment: 597396 597638 | 6504 6261 | 243 244 | 95.08 | Bacteroides_coprocola_gi_223954431_ref_NZ_ NODE_2074_length_6533_cov_2.72399_ID_4147
		Unaligned bases: 1 to 6260 (6260)
		Unaligned bases: 6505 to 6533 (29)

CONTIG: NODE_2237_length_6201_cov_6.92922_ID_4473 (6201bp)
Top Length: 4419  Top ID: 98.71
		This contig is partially unaligned. (Aligned 4419 out of 6201 bases)
		Alignment: 2181636 2186054 | 6201 1783 | 4419 4419 | 98.71 | Bacteroides_coprocola_gi_223954431_ref_NZ_ NODE_2237_length_6201_cov_6.92922_ID_4473
		Unaligned bases: 1 to 1782 (1782)
		This contig has both significant aligned and unaligned parts (of length >= min-contig)! It can contain interspecies translocations

CONTIG: NODE_2293_length_6084_cov_2.40886_ID_4585 (6084bp)
Top Length: 66  Top ID: 100.0
			Skipping redundant alignments after choosing the best set of alignments
		Skipping redundant alignment 4005335 4005400 | 6019 6084 | 66 66 | 100.0 | Bacteroides_coprocola_gi_223954431_ref_NZ_ NODE_2293_length_6084_cov_2.40886_ID_4585
		This contig is partially unaligned. (Aligned 66 out of 6084 bases)
		Alignment: 1095975 1096040 | 6019 6084 | 66 66 | 100.0 | Bacteroides_coprocola_gi_223954431_ref_NZ_ NODE_2293_length_6084_cov_2.40886_ID_4585
		Unaligned bases: 1 to 6018 (6018)

CONTIG: NODE_3276_length_4612_cov_9.08887_ID_6551 (4612bp)
Top Length: 158  Top ID: 96.84
		This contig is partially unaligned. (Aligned 158 out of 4612 bases)
		Alignment: 2229170 2229327 | 4455 4612 | 158 158 | 96.84 | Bacteroides_coprocola_gi_223954431_ref_NZ_ NODE_3276_length_4612_cov_9.08887_ID_6551
		Unaligned bases: 1 to 4454 (4454)

CONTIG: NODE_3356_length_4533_cov_1.55382_ID_6711 (4533bp)
Top Length: 4231  Top ID: 95.29
		This contig is partially unaligned. (Aligned 4231 out of 4533 bases)
		Alignment: 1274253 1278493 | 303 4533 | 4241 4231 | 95.29 | Bacteroides_coprocola_gi_223954431_ref_NZ_ NODE_3356_length_4533_cov_1.55382_ID_6711
		Unaligned bases: 1 to 302 (302)

CONTIG: NODE_4276_length_3766_cov_3.12476_ID_8551 (3766bp)
Top Length: 1388  Top ID: 99.57
		This contig is partially unaligned. (Aligned 1388 out of 3766 bases)
		Alignment: 411589 412976 | 1 1388 | 1388 1388 | 99.57 | Bacteroides_coprocola_gi_223954431_ref_NZ_ NODE_4276_length_3766_cov_3.12476_ID_8551
		Unaligned bases: 1389 to 3766 (2378)
		This contig has both significant aligned and unaligned parts (of length >= min-contig)! It can contain interspecies translocations

CONTIG: NODE_4798_length_3427_cov_1.73784_ID_9595 (3427bp)
Top Length: 2883  Top ID: 96.3
		Skipping redundant alignment 4263672 4265717 | 2 2048 | 2046 2047 | 99.22 | Bacteroides_coprocola_gi_223954431_ref_NZ_ NODE_4798_length_3427_cov_1.73784_ID_9595
		This contig is partially unaligned. (Aligned 2883 out of 3427 bases)
		Alignment: 1536518 1539409 | 2884 2 | 2892 2883 | 96.3 | Bacteroides_coprocola_gi_223954431_ref_NZ_ NODE_4798_length_3427_cov_1.73784_ID_9595
		Unaligned bases: 1 to 1 (1)
		Unaligned bases: 2885 to 3427 (543)
		This contig has both significant aligned and unaligned parts (of length >= min-contig)! It can contain interspecies translocations

CONTIG: NODE_6990_length_2523_cov_0.935981_ID_13979 (2523bp)
Top Length: 344  Top ID: 98.26
		This contig is misassembled. 2 total aligns.
			Warning! This contig is more unaligned than misassembled. Contig length is 2523 and total length of all aligns is 559
		Alignment: 3318659 3318873 | 215 1 | 215 215 | 99.53 | Bacteroides_coprocola_gi_223954431_ref_NZ_ NODE_6990_length_2523_cov_0.935981_ID_13979
		Alignment: 3317955 3318298 | 910 567 | 344 344 | 98.26 | Bacteroides_coprocola_gi_223954431_ref_NZ_ NODE_6990_length_2523_cov_0.935981_ID_13979
		Unaligned bases: 1964
		This contig has both significant aligned and unaligned parts (of length >= min-contig)! It can contain interspecies translocations
CONTIG: NODE_7590_length_2346_cov_1.35923_ID_15179 (2346bp)
Top Length: 2122  Top ID: 97.36
		This contig is partially unaligned. (Aligned 2122 out of 2346 bases)
		Alignment: 432309 434428 | 1 2122 | 2120 2122 | 97.36 | Bacteroides_coprocola_gi_223954431_ref_NZ_ NODE_7590_length_2346_cov_1.35923_ID_15179
		Unaligned bases: 2123 to 2346 (224)

CONTIG: NODE_7775_length_2298_cov_1.83816_ID_15549 (2298bp)
Top Length: 2298  Top ID: 98.13
		One align captures most of this contig: 1277814 1280111 | 2298 1 | 2298 2298 | 98.13 | Bacteroides_coprocola_gi_223954431_ref_NZ_ NODE_7775_length_2298_cov_1.83816_ID_15549

CONTIG: NODE_9899_length_1861_cov_0.961794_ID_19797 (1861bp)
Top Length: 1638  Top ID: 98.9
			Skipping redundant alignments after choosing the best set of alignments
		Skipping redundant alignment 3378556 3380193 | 1639 2 | 1638 1638 | 98.9 | Bacteroides_coprocola_gi_223954431_ref_NZ_ NODE_9899_length_1861_cov_0.961794_ID_19797
		This contig is misassembled. 3 total aligns.
			Real Alignment 1: 2304508 2306145 | 2 1639 | 1638 1638 | 98.9 | Bacteroides_coprocola_gi_223954431_ref_NZ_ NODE_9899_length_1861_cov_0.961794_ID_19797
			  Extensive misassembly ( relocation, inconsistency = -1874054 ) between these two alignments
			Real Alignment 2: 432152 432313 | 1861 1700 | 162 162 | 96.91 | Bacteroides_coprocola_gi_223954431_ref_NZ_ NODE_9899_length_1861_cov_0.961794_ID_19797

CONTIG: NODE_11581_length_1609_cov_0.958172_ID_23161 (1609bp)
Top Length: 1537  Top ID: 98.63
		Skipping redundant alignment 542967 543790 | 67 890 | 824 824 | 98.67 | Bacteroides_coprocola_gi_223954431_ref_NZ_ NODE_11581_length_1609_cov_0.958172_ID_23161
		Skipping redundant alignment 587750 588343 | 67 660 | 594 594 | 98.99 | Bacteroides_coprocola_gi_223954431_ref_NZ_ NODE_11581_length_1609_cov_0.958172_ID_23161
		Skipping redundant alignment 1819 2784 | 1303 332 | 966 972 | 98.46 | Bacteroides_coprocola_gi_223954431_ref_NZ_ NODE_11581_length_1609_cov_0.958172_ID_23161
		Skipping redundant alignment 738156 738540 | 1218 1602 | 385 385 | 97.92 | Bacteroides_coprocola_gi_223954431_ref_NZ_ NODE_11581_length_1609_cov_0.958172_ID_23161
			Skipping redundant alignments after choosing the best set of alignments
		Skipping redundant alignment 1290124 1291659 | 67 1602 | 1536 1536 | 98.5 | Bacteroides_coprocola_gi_223954431_ref_NZ_ NODE_11581_length_1609_cov_0.958172_ID_23161
		Skipping redundant alignment 1714198 1715734 | 66 1602 | 1537 1537 | 98.63 | Bacteroides_coprocola_gi_223954431_ref_NZ_ NODE_11581_length_1609_cov_0.958172_ID_23161
		Skipping redundant alignment 2801744 2803279 | 1602 67 | 1536 1536 | 98.63 | Bacteroides_coprocola_gi_223954431_ref_NZ_ NODE_11581_length_1609_cov_0.958172_ID_23161
		Skipping redundant alignment 3026414 3027950 | 67 1603 | 1537 1537 | 98.63 | Bacteroides_coprocola_gi_223954431_ref_NZ_ NODE_11581_length_1609_cov_0.958172_ID_23161
		Skipping redundant alignment 3235516 3237051 | 67 1602 | 1536 1536 | 98.63 | Bacteroides_coprocola_gi_223954431_ref_NZ_ NODE_11581_length_1609_cov_0.958172_ID_23161
		Skipping redundant alignment 3899095 3900631 | 1603 67 | 1537 1537 | 98.57 | Bacteroides_coprocola_gi_223954431_ref_NZ_ NODE_11581_length_1609_cov_0.958172_ID_23161
		Skipping redundant alignment 3950517 3952052 | 66 1602 | 1536 1537 | 98.57 | Bacteroides_coprocola_gi_223954431_ref_NZ_ NODE_11581_length_1609_cov_0.958172_ID_23161
		Skipping redundant alignment 4070962 4072500 | 1604 67 | 1539 1538 | 98.51 | Bacteroides_coprocola_gi_223954431_ref_NZ_ NODE_11581_length_1609_cov_0.958172_ID_23161
		Skipping redundant alignment 4089190 4090726 | 67 1603 | 1537 1537 | 98.63 | Bacteroides_coprocola_gi_223954431_ref_NZ_ NODE_11581_length_1609_cov_0.958172_ID_23161
		This contig is partially unaligned. (Aligned 1537 out of 1609 bases)
		Alignment: 293898 295433 | 67 1602 | 1536 1536 | 98.63 | Bacteroides_coprocola_gi_223954431_ref_NZ_ NODE_11581_length_1609_cov_0.958172_ID_23161
		Unaligned bases: 1 to 66 (66)
		Unaligned bases: 1603 to 1609 (7)

CONTIG: NODE_11688_length_1596_cov_0.951979_ID_23375 (1596bp)
Top Length: 892  Top ID: 98.09
		This contig is partially unaligned. (Aligned 892 out of 1596 bases)
		Alignment: 2578106 2578997 | 1 892 | 892 892 | 98.09 | Bacteroides_coprocola_gi_223954431_ref_NZ_ NODE_11688_length_1596_cov_0.951979_ID_23375
		Unaligned bases: 893 to 1596 (704)
		This contig has both significant aligned and unaligned parts (of length >= min-contig)! It can contain interspecies translocations

CONTIG: NODE_12832_length_1464_cov_0.953158_ID_25663 (1464bp)
Top Length: 1339  Top ID: 99.85
		This contig is partially unaligned. (Aligned 1339 out of 1464 bases)
		Alignment: 430549 431887 | 126 1464 | 1339 1339 | 99.85 | Bacteroides_coprocola_gi_223954431_ref_NZ_ NODE_12832_length_1464_cov_0.953158_ID_25663
		Unaligned bases: 1 to 125 (125)

CONTIG: NODE_13376_length_1409_cov_0.798375_ID_26751 (1409bp)
Top Length: 755  Top ID: 98.81
		Skipping redundant alignment 591515 591916 | 18 419 | 402 402 | 99.5 | Bacteroides_coprocola_gi_223954431_ref_NZ_ NODE_13376_length_1409_cov_0.798375_ID_26751
			Skipping redundant alignments after choosing the best set of alignments
		Skipping redundant alignment 588675 589429 | 18 772 | 755 755 | 98.81 | Bacteroides_coprocola_gi_223954431_ref_NZ_ NODE_13376_length_1409_cov_0.798375_ID_26751
		This contig is partially unaligned. (Aligned 755 out of 1409 bases)
		Alignment: 415376 416130 | 18 772 | 755 755 | 98.81 | Bacteroides_coprocola_gi_223954431_ref_NZ_ NODE_13376_length_1409_cov_0.798375_ID_26751
		Unaligned bases: 1 to 17 (17)
		Unaligned bases: 773 to 1409 (637)
		This contig has both significant aligned and unaligned parts (of length >= min-contig)! It can contain interspecies translocations

CONTIG: NODE_14273_length_1329_cov_0.683673_ID_28545 (1329bp)
Top Length: 858  Top ID: 98.49
		Skipping redundant alignment 888416 889260 | 54 899 | 845 846 | 98.58 | Bacteroides_coprocola_gi_223954431_ref_NZ_ NODE_14273_length_1329_cov_0.683673_ID_28545
		Skipping redundant alignment 2306528 2307372 | 899 54 | 845 846 | 98.58 | Bacteroides_coprocola_gi_223954431_ref_NZ_ NODE_14273_length_1329_cov_0.683673_ID_28545
		Skipping redundant alignment 351325 352133 | 54 866 | 809 813 | 96.32 | Bacteroides_coprocola_gi_223954431_ref_NZ_ NODE_14273_length_1329_cov_0.683673_ID_28545
		Skipping redundant alignment 2306167 2306414 | 1261 1015 | 248 247 | 98.39 | Bacteroides_coprocola_gi_223954431_ref_NZ_ NODE_14273_length_1329_cov_0.683673_ID_28545
		Skipping redundant alignment 3378288 3378534 | 1015 1261 | 247 247 | 98.38 | Bacteroides_coprocola_gi_223954431_ref_NZ_ NODE_14273_length_1329_cov_0.683673_ID_28545
		This contig is misassembled. 7 total aligns.
			Real Alignment 1: 3377315 3378174 | 42 899 | 860 858 | 98.49 | Bacteroides_coprocola_gi_223954431_ref_NZ_ NODE_14273_length_1329_cov_0.683673_ID_28545
			  Extensive misassembly ( relocation, inconsistency = -2488916 ) between these two alignments
			Real Alignment 2: 889374 889664 | 1015 1305 | 291 291 | 95.88 | Bacteroides_coprocola_gi_223954431_ref_NZ_ NODE_14273_length_1329_cov_0.683673_ID_28545

CONTIG: NODE_19624_length_981_cov_0.846652_ID_39247 (981bp)
Top Length: 423  Top ID: 96.22
		This contig is partially unaligned. (Aligned 423 out of 981 bases)
		Alignment: 3321863 3322285 | 426 4 | 423 423 | 96.22 | Bacteroides_coprocola_gi_223954431_ref_NZ_ NODE_19624_length_981_cov_0.846652_ID_39247
		Unaligned bases: 1 to 3 (3)
		Unaligned bases: 427 to 981 (555)

CONTIG: NODE_19875_length_969_cov_0.778993_ID_39749 (969bp)
Top Length: 969  Top ID: 95.37
		One align captures most of this contig: 951732 952700 | 969 1 | 969 969 | 95.37 | Bacteroides_coprocola_gi_223954431_ref_NZ_ NODE_19875_length_969_cov_0.778993_ID_39749

CONTIG: NODE_22247_length_872_cov_0.908201_ID_44493 (872bp)
Top Length: 488  Top ID: 95.7
		This contig is partially unaligned. (Aligned 488 out of 872 bases)
		Alignment: 424662 425149 | 872 385 | 488 488 | 95.7 | Bacteroides_coprocola_gi_223954431_ref_NZ_ NODE_22247_length_872_cov_0.908201_ID_44493
		Unaligned bases: 1 to 384 (384)

CONTIG: NODE_23148_length_839_cov_0.438776_ID_46295 (839bp)
Top Length: 839  Top ID: 95.42
		One align captures most of this contig: 428475 429325 | 1 839 | 851 839 | 95.42 | Bacteroides_coprocola_gi_223954431_ref_NZ_ NODE_23148_length_839_cov_0.438776_ID_46295

CONTIG: NODE_23302_length_834_cov_2.10141_ID_46603 (834bp)
Top Length: 834  Top ID: 95.71
		This contig has 2 significant alignments. [An ambiguously mapped contig]
		Using only first of these alignment (option --ambiguity-usage is set to "one"):
		Alignment: 1540086 1540923 | 1 834 | 838 834 | 95.71 | Bacteroides_coprocola_gi_223954431_ref_NZ_ NODE_23302_length_834_cov_2.10141_ID_46603
		Skipping alignment  4262158 4262995 | 834 1 | 838 834 | 95.71 | Bacteroides_coprocola_gi_223954431_ref_NZ_ NODE_23302_length_834_cov_2.10141_ID_46603

CONTIG: NODE_26647_length_727_cov_21.4717_ID_53293 (727bp)
Top Length: 727  Top ID: 100.0
		One align captures most of this contig: 2886277 2887003 | 727 1 | 727 727 | 100.0 | Bacteroides_coprocola_gi_223954431_ref_NZ_ NODE_26647_length_727_cov_21.4717_ID_53293

CONTIG: NODE_29642_length_656_cov_0.955075_ID_59283 (656bp)
Top Length: 594  Top ID: 99.83
		This contig is partially unaligned. (Aligned 594 out of 656 bases)
		Alignment: 4101238 4101831 | 656 63 | 594 594 | 99.83 | Bacteroides_coprocola_gi_223954431_ref_NZ_ NODE_29642_length_656_cov_0.955075_ID_59283
		Unaligned bases: 1 to 62 (62)

CONTIG: NODE_30053_length_647_cov_0.606419_ID_60105 (647bp)
Top Length: 374  Top ID: 97.06
		This contig is misassembled. 2 total aligns.
			Real Alignment 1: 3024641 3024859 | 219 1 | 219 219 | 97.72 | Bacteroides_coprocola_gi_223954431_ref_NZ_ NODE_30053_length_647_cov_0.606419_ID_60105
			  Extensive misassembly ( relocation, inconsistency = 2437885 ) between these two alignments
			Real Alignment 2: 586328 586701 | 647 274 | 374 374 | 97.06 | Bacteroides_coprocola_gi_223954431_ref_NZ_ NODE_30053_length_647_cov_0.606419_ID_60105

CONTIG: NODE_32706_length_600_cov_16.1486_ID_65411 (600bp)
Top Length: 600  Top ID: 100.0
		One align captures most of this contig: 2885732 2886331 | 600 1 | 600 600 | 100.0 | Bacteroides_coprocola_gi_223954431_ref_NZ_ NODE_32706_length_600_cov_16.1486_ID_65411

CONTIG: NODE_33099_length_594_cov_1.17069_ID_66197 (594bp)
Top Length: 590  Top ID: 99.32
		One align captures most of this contig: 2564336 2564925 | 594 5 | 590 590 | 99.32 | Bacteroides_coprocola_gi_223954431_ref_NZ_ NODE_33099_length_594_cov_1.17069_ID_66197

CONTIG: NODE_37070_length_540_cov_1.17526_ID_74139 (540bp)
Top Length: 540  Top ID: 99.44
		Marking as insignificant: 554322 554861 | 540 1 | 540 540 | 98.34 | Bacteroides_coprocola_gi_223954431_ref_NZ_ NODE_37070_length_540_cov_1.17526_ID_74139
		One align captures most of this contig: 417406 417945 | 1 540 | 540 540 | 99.44 | Bacteroides_coprocola_gi_223954431_ref_NZ_ NODE_37070_length_540_cov_1.17526_ID_74139

CONTIG: NODE_37497_length_535_cov_0.6875_ID_74993 (535bp)
Top Length: 249  Top ID: 95.98
		This contig is partially unaligned. (Aligned 249 out of 535 bases)
		Alignment: 426969 427217 | 1 249 | 249 249 | 95.98 | Bacteroides_coprocola_gi_223954431_ref_NZ_ NODE_37497_length_535_cov_0.6875_ID_74993
		Unaligned bases: 250 to 535 (286)

CONTIG: NODE_39306_length_514_cov_213.473_ID_78611 (514bp)
Top Length: 514  Top ID: 96.13
		Marking as insignificant: 3045984 3046151 | 514 347 | 168 168 | 98.81 | Bacteroides_coprocola_gi_223954431_ref_NZ_ NODE_39306_length_514_cov_213.473_ID_78611
		Marking as insignificant: 1483870 1484182 | 514 202 | 313 313 | 97.44 | Bacteroides_coprocola_gi_223954431_ref_NZ_ NODE_39306_length_514_cov_213.473_ID_78611
		Marking as insignificant: 199488 200000 | 514 1 | 513 514 | 95.15 | Bacteroides_coprocola_gi_223954431_ref_NZ_ NODE_39306_length_514_cov_213.473_ID_78611
		Marking as insignificant: 4189095 4189609 | 1 514 | 515 514 | 95.16 | Bacteroides_coprocola_gi_223954431_ref_NZ_ NODE_39306_length_514_cov_213.473_ID_78611
		This contig has 20 significant alignments. [An ambiguously mapped contig]
		Using only first of these alignment (option --ambiguity-usage is set to "one"):
		Alignment: 223572 224087 | 514 1 | 516 514 | 96.13 | Bacteroides_coprocola_gi_223954431_ref_NZ_ NODE_39306_length_514_cov_213.473_ID_78611
		Skipping alignment  1484774 1485289 | 514 1 | 516 514 | 96.13 | Bacteroides_coprocola_gi_223954431_ref_NZ_ NODE_39306_length_514_cov_213.473_ID_78611
		Skipping alignment  1501066 1501581 | 514 1 | 516 514 | 96.13 | Bacteroides_coprocola_gi_223954431_ref_NZ_ NODE_39306_length_514_cov_213.473_ID_78611
		Skipping alignment  2071249 2071764 | 514 1 | 516 514 | 96.13 | Bacteroides_coprocola_gi_223954431_ref_NZ_ NODE_39306_length_514_cov_213.473_ID_78611
		Skipping alignment  3023481 3023996 | 1 514 | 516 514 | 96.13 | Bacteroides_coprocola_gi_223954431_ref_NZ_ NODE_39306_length_514_cov_213.473_ID_78611
		Skipping alignment  3489361 3489876 | 514 1 | 516 514 | 96.13 | Bacteroides_coprocola_gi_223954431_ref_NZ_ NODE_39306_length_514_cov_213.473_ID_78611
		Skipping alignment  3703793 3704308 | 1 514 | 516 514 | 96.13 | Bacteroides_coprocola_gi_223954431_ref_NZ_ NODE_39306_length_514_cov_213.473_ID_78611
		Skipping alignment  4076884 4077399 | 1 514 | 516 514 | 96.13 | Bacteroides_coprocola_gi_223954431_ref_NZ_ NODE_39306_length_514_cov_213.473_ID_78611
		Skipping alignment  4291201 4291716 | 1 514 | 516 514 | 96.13 | Bacteroides_coprocola_gi_223954431_ref_NZ_ NODE_39306_length_514_cov_213.473_ID_78611
		Skipping alignment  805653 806168 | 514 1 | 516 514 | 95.94 | Bacteroides_coprocola_gi_223954431_ref_NZ_ NODE_39306_length_514_cov_213.473_ID_78611
		Skipping alignment  3676023 3676538 | 514 1 | 516 514 | 95.94 | Bacteroides_coprocola_gi_223954431_ref_NZ_ NODE_39306_length_514_cov_213.473_ID_78611
		Skipping alignment  3704727 3705242 | 1 514 | 516 514 | 95.94 | Bacteroides_coprocola_gi_223954431_ref_NZ_ NODE_39306_length_514_cov_213.473_ID_78611
		Skipping alignment  836005 836518 | 514 1 | 514 514 | 95.92 | Bacteroides_coprocola_gi_223954431_ref_NZ_ NODE_39306_length_514_cov_213.473_ID_78611
		Skipping alignment  1784852 1785365 | 514 1 | 514 514 | 95.92 | Bacteroides_coprocola_gi_223954431_ref_NZ_ NODE_39306_length_514_cov_213.473_ID_78611
		Skipping alignment  3344497 3345010 | 514 1 | 514 514 | 95.92 | Bacteroides_coprocola_gi_223954431_ref_NZ_ NODE_39306_length_514_cov_213.473_ID_78611
		Skipping alignment  3387677 3388190 | 1 514 | 514 514 | 95.92 | Bacteroides_coprocola_gi_223954431_ref_NZ_ NODE_39306_length_514_cov_213.473_ID_78611
		Skipping alignment  4044835 4045348 | 1 514 | 514 514 | 95.92 | Bacteroides_coprocola_gi_223954431_ref_NZ_ NODE_39306_length_514_cov_213.473_ID_78611
		Skipping alignment  2273612 2274126 | 514 1 | 515 514 | 95.35 | Bacteroides_coprocola_gi_223954431_ref_NZ_ NODE_39306_length_514_cov_213.473_ID_78611
		Skipping alignment  2875312 2875826 | 514 1 | 515 514 | 95.35 | Bacteroides_coprocola_gi_223954431_ref_NZ_ NODE_39306_length_514_cov_213.473_ID_78611
		Skipping alignment  1153063 1153576 | 514 1 | 514 514 | 95.34 | Bacteroides_coprocola_gi_223954431_ref_NZ_ NODE_39306_length_514_cov_213.473_ID_78611

Analyzing coverage...
	Reference Bacteroides_coprocola_gi_223954431_ref_NZ_: 44 total alignments. 1 total regions.
Analysis is finished!

Results:
	Local Misassemblies: 1
	Misassemblies: 3
		Relocations: 3
		Translocations: 0
		Inversions: 0
	Fake misassemblies matched with structural variations: 0
	Misassembled Contigs: 3
	Misassembled Contig Bases: 3837
	Misassemblies Inter-Contig Overlap: 0
Uncovered Regions: 0 (0)
Unaligned Contigs: 0 + 24 part
Partially Unaligned Contigs with Misassemblies: 3
Unaligned Contig Bases: 250119

Ambiguously Mapped Contigs: 2
Total Bases in Ambiguously Mapped Contigs: 1348
Note that --allow-ambiguity option was set to "one" and only first alignment per each contig was used.
