Aligning contigs to reference...
	Running Nucmer
Parsing coords...
Loading reference...
	Loaded [Prevotella_pallens_ATCC_700821_gi_340354299_ref_NZ_]
	Loaded [Prevotella_pallens_ATCC_700821_gi_340354300_ref_NZ_]
	Loaded [Prevotella_pallens_ATCC_700821_gi_340354301_ref_NZ_]
	Loaded [Prevotella_pallens_ATCC_700821_gi_340354302_ref_NZ_]
	Loaded [Prevotella_pallens_ATCC_700821_gi_340354303_ref_NZ_]
	Loaded [Prevotella_pallens_ATCC_700821_gi_340354304_ref_NZ_]
	Loaded [Prevotella_pallens_ATCC_700821_gi_340354305_ref_NZ_]
	Loaded [Prevotella_pallens_ATCC_700821_gi_340354306_ref_NZ_]
	Loaded [Prevotella_pallens_ATCC_700821_gi_340354307_ref_NZ_]
	Loaded [Prevotella_pallens_ATCC_700821_gi_340354308_ref_NZ_]
	Loaded [Prevotella_pallens_ATCC_700821_gi_340354309_ref_NZ_]
	Loaded [Prevotella_pallens_ATCC_700821_gi_340354310_ref_NZ_]
	Loaded [Prevotella_pallens_ATCC_700821_gi_340354311_ref_NZ_]
	Loaded [Prevotella_pallens_ATCC_700821_gi_340354312_ref_NZ_]
	Loaded [Prevotella_pallens_ATCC_700821_gi_340354313_ref_NZ_]
	Loaded [Prevotella_pallens_ATCC_700821_gi_340354314_ref_NZ_]
	Loaded [Prevotella_pallens_ATCC_700821_gi_340354315_ref_NZ_]
	Loaded [Prevotella_pallens_ATCC_700821_gi_340354316_ref_NZ_]
	Loaded [Prevotella_pallens_ATCC_700821_gi_340354317_ref_NZ_]
	Loaded [Prevotella_pallens_ATCC_700821_gi_340354318_ref_NZ_]
	Loaded [Prevotella_pallens_ATCC_700821_gi_340354319_ref_NZ_]
	Loaded [Prevotella_pallens_ATCC_700821_gi_340354320_ref_NZ_]
	Loaded [Prevotella_pallens_ATCC_700821_gi_340354321_ref_NZ_]
	Loaded [Prevotella_pallens_ATCC_700821_gi_340354322_ref_NZ_]
	Loaded [Prevotella_pallens_ATCC_700821_gi_340354323_ref_NZ_]
	Loaded [Prevotella_pallens_ATCC_700821_gi_340354324_ref_NZ_]
	Loaded [Prevotella_pallens_ATCC_700821_gi_340354325_ref_NZ_]
	Loaded [Prevotella_pallens_ATCC_700821_gi_340354326_ref_NZ_]
	Loaded [Prevotella_pallens_ATCC_700821_gi_340354327_ref_NZ_]
	Loaded [Prevotella_pallens_ATCC_700821_gi_340354328_ref_NZ_]
	Loaded [Prevotella_pallens_ATCC_700821_gi_340354329_ref_NZ_]
	Loaded [Prevotella_pallens_ATCC_700821_gi_340354330_ref_NZ_]
	Loaded [Prevotella_pallens_ATCC_700821_gi_340354331_ref_NZ_]
	Loaded [Prevotella_pallens_ATCC_700821_gi_340354332_ref_NZ_]
	Loaded [Prevotella_pallens_ATCC_700821_gi_340354333_ref_NZ_]
	Loaded [Prevotella_pallens_ATCC_700821_gi_340354334_ref_NZ_]
	Loaded [Prevotella_pallens_ATCC_700821_gi_340354335_ref_NZ_]
	Loaded [Prevotella_pallens_ATCC_700821_gi_340354336_ref_NZ_]
	Loaded [Prevotella_pallens_ATCC_700821_gi_340354337_ref_NZ_]
	Loaded [Prevotella_pallens_ATCC_700821_gi_340354338_ref_NZ_]
Loading SNPs...
Loading regions...
	No regions given, using whole reference.
	Total Regions: 40
	Total Region Length: 3127600
Analyzing contigs...
CONTIG: scaffold870__7.5 (29876bp)
Top Length: 226  Top ID: 99.12
		This contig is misassembled. 2 total aligns.
			Warning! This contig is more unaligned than misassembled. Contig length is 29876 and total length of all aligns is 381
		Alignment: 1639679 1639833 | 2647 2801 | 155 155 | 96.13 | Prevotella_pallens_ATCC_700821_gi_340354299_ref_NZ_ scaffold870__7.5
		Alignment: 454259 454485 | 3519 3294 | 227 226 | 99.12 | Prevotella_pallens_ATCC_700821_gi_340354300_ref_NZ_ scaffold870__7.5
		Unaligned bases: 29495
CONTIG: scaffold3494_12.2 (3358bp)
Top Length: 1262  Top ID: 96.28
		This contig is misassembled. 2 total aligns.
			Real Alignment 1: 461639 462352 | 818 1531 | 714 714 | 99.58 | Prevotella_pallens_ATCC_700821_gi_340354300_ref_NZ_ scaffold3494_12.2
			  Overlap between these two alignments (local misassembly). Inconsistency = -341 
			Real Alignment 2: 462436 463650 | 1956 3217 | 1215 1262 | 96.28 | Prevotella_pallens_ATCC_700821_gi_340354300_ref_NZ_ scaffold3494_12.2
		This contig has significant unaligned parts (of length >= min-contig)! It can contain interspecies translocations

CONTIG: scaffold3702_15.6 (11250bp)
Top Length: 10828  Top ID: 96.72
		This contig is misassembled. 2 total aligns.
			Real Alignment 1: 1624204 1624278 | 330 404 | 75 75 | 100.0 | Prevotella_pallens_ATCC_700821_gi_340354299_ref_NZ_ scaffold3702_15.6
			  Extensive misassembly ( translocation ) between these two alignments
			Real Alignment 2: 464776 475447 | 11250 423 | 10672 10828 | 96.72 | Prevotella_pallens_ATCC_700821_gi_340354300_ref_NZ_ scaffold3702_15.6

CONTIG: scaffold5817__8.4 (75010bp)
Top Length: 80  Top ID: 100.0
		This contig is partially unaligned. (Aligned 80 out of 75010 bases)
		Alignment: 590630 590709 | 4232 4153 | 80 80 | 100.0 | Prevotella_pallens_ATCC_700821_gi_340354300_ref_NZ_ scaffold5817__8.4
		Unaligned bases: 1 to 4152 (4152)
		Unaligned bases: 4233 to 75010 (70778)

CONTIG: scaffold8205__8.0 (23079bp)
Top Length: 97  Top ID: 97.94
		This contig is partially unaligned. (Aligned 97 out of 23079 bases)
		Alignment: 379624 379720 | 21929 21833 | 97 97 | 97.94 | Prevotella_pallens_ATCC_700821_gi_340354300_ref_NZ_ scaffold8205__8.0
		Unaligned bases: 1 to 21832 (21832)
		Unaligned bases: 21930 to 23079 (1150)

CONTIG: scaffold9115__8.5 (16988bp)
Top Length: 769  Top ID: 98.31
		This contig is partially unaligned. (Aligned 769 out of 16988 bases)
		Alignment: 178960 179728 | 4646 3878 | 769 769 | 98.31 | Prevotella_pallens_ATCC_700821_gi_340354300_ref_NZ_ scaffold9115__8.5
		Unaligned bases: 1 to 3877 (3877)
		Unaligned bases: 4647 to 16988 (12342)
		This contig has both significant aligned and unaligned parts (of length >= min-contig)! It can contain interspecies translocations

CONTIG: scaffold9896__8.1 (41998bp)
Top Length: 692  Top ID: 97.83
		This contig is partially unaligned. (Aligned 692 out of 41998 bases)
		Alignment: 436824 437511 | 36252 36943 | 688 692 | 97.83 | Prevotella_pallens_ATCC_700821_gi_340354300_ref_NZ_ scaffold9896__8.1
		Unaligned bases: 1 to 36251 (36251)
		Unaligned bases: 36944 to 41998 (5055)
		This contig has both significant aligned and unaligned parts (of length >= min-contig)! It can contain interspecies translocations

CONTIG: scaffold23708__9.0 (6821bp)
Top Length: 785  Top ID: 96.82
		This contig is partially unaligned. (Aligned 785 out of 6821 bases)
		Alignment: 392204 392988 | 39 823 | 785 785 | 96.82 | Prevotella_pallens_ATCC_700821_gi_340354300_ref_NZ_ scaffold23708__9.0
		Unaligned bases: 1 to 38 (38)
		Unaligned bases: 824 to 6821 (5998)
		This contig has both significant aligned and unaligned parts (of length >= min-contig)! It can contain interspecies translocations

CONTIG: C839650__4.0 (624bp)
Top Length: 611  Top ID: 95.25
		Skipping redundant alignment 1261627 1261969 | 355 13 | 343 343 | 97.09 | Prevotella_pallens_ATCC_700821_gi_340354299_ref_NZ_ C839650__4.0
		Skipping redundant alignment 1574747 1575097 | 365 15 | 351 351 | 97.16 | Prevotella_pallens_ATCC_700821_gi_340354299_ref_NZ_ C839650__4.0
		Skipping redundant alignment 672259 672637 | 617 239 | 379 379 | 95.25 | Prevotella_pallens_ATCC_700821_gi_340354299_ref_NZ_ C839650__4.0
		This contig is partially unaligned. (Aligned 611 out of 624 bases)
		Alignment: 182870 183480 | 624 14 | 611 611 | 95.25 | Prevotella_pallens_ATCC_700821_gi_340354300_ref_NZ_ C839650__4.0
		Unaligned bases: 1 to 13 (13)

CONTIG: C862546_16.0 (966bp)
Top Length: 966  Top ID: 100.0
		One align captures most of this contig: 463861 464826 | 966 1 | 966 966 | 100.0 | Prevotella_pallens_ATCC_700821_gi_340354300_ref_NZ_ C862546_16.0

CONTIG: scaffold641__8.0 (40333bp)
Top Length: 829  Top ID: 97.1
		This contig is partially unaligned. (Aligned 829 out of 40333 bases)
		Alignment: 671245 672071 | 19351 18523 | 827 829 | 97.1 | Prevotella_pallens_ATCC_700821_gi_340354299_ref_NZ_ scaffold641__8.0
		Unaligned bases: 1 to 18522 (18522)
		Unaligned bases: 19352 to 40333 (20982)
		This contig has both significant aligned and unaligned parts (of length >= min-contig)! It can contain interspecies translocations

CONTIG: scaffold5608__6.2 (708bp)
Top Length: 183  Top ID: 98.91
			Skipping redundant alignments after choosing the best set of alignments
		Skipping redundant alignment 726711 726893 | 1 183 | 183 183 | 98.91 | Prevotella_pallens_ATCC_700821_gi_340354299_ref_NZ_ scaffold5608__6.2
		This contig is partially unaligned. (Aligned 183 out of 708 bases)
		Alignment: 131037 131217 | 2 183 | 181 182 | 96.7 | Prevotella_pallens_ATCC_700821_gi_340354299_ref_NZ_ scaffold5608__6.2
		Unaligned bases: 1 to 1 (1)
		Unaligned bases: 184 to 708 (525)

CONTIG: scaffold8887__8.3 (1159bp)
Top Length: 89  Top ID: 100.0
		This contig is partially unaligned. (Aligned 89 out of 1159 bases)
		Alignment: 2231813 2231901 | 495 407 | 89 89 | 100.0 | Prevotella_pallens_ATCC_700821_gi_340354299_ref_NZ_ scaffold8887__8.3
		Unaligned bases: 1 to 406 (406)
		Unaligned bases: 496 to 1159 (664)

CONTIG: scaffold11147__7.4 (27514bp)
Top Length: 74  Top ID: 100.0
		This contig is partially unaligned. (Aligned 74 out of 27514 bases)
		Alignment: 1337103 1337176 | 13062 12989 | 74 74 | 100.0 | Prevotella_pallens_ATCC_700821_gi_340354299_ref_NZ_ scaffold11147__7.4
		Unaligned bases: 1 to 12988 (12988)
		Unaligned bases: 13063 to 27514 (14452)

CONTIG: scaffold12067__9.0 (128598bp)
Top Length: 78  Top ID: 100.0
		This contig is partially unaligned. (Aligned 78 out of 128598 bases)
		Alignment: 465071 465148 | 7073 7150 | 78 78 | 100.0 | Prevotella_pallens_ATCC_700821_gi_340354299_ref_NZ_ scaffold12067__9.0
		Unaligned bases: 1 to 7072 (7072)
		Unaligned bases: 7151 to 128598 (121448)

CONTIG: scaffold17496__4.6 (812bp)
Top Length: 195  Top ID: 98.97
		This contig is misassembled. 2 total aligns.
			Warning! This contig is more unaligned than misassembled. Contig length is 812 and total length of all aligns is 370
		Alignment: 84 258 | 175 1 | 175 175 | 97.71 | Prevotella_pallens_ATCC_700821_gi_340354337_ref_NZ_ scaffold17496__4.6
		Alignment: 132367 132561 | 618 812 | 195 195 | 98.97 | Prevotella_pallens_ATCC_700821_gi_340354299_ref_NZ_ scaffold17496__4.6
		Unaligned bases: 442
CONTIG: scaffold19883__5.3 (5802bp)
Top Length: 368  Top ID: 97.83
		This contig is partially unaligned. (Aligned 368 out of 5802 bases)
		Alignment: 47397 47764 | 5802 5435 | 368 368 | 97.83 | Prevotella_pallens_ATCC_700821_gi_340354299_ref_NZ_ scaffold19883__5.3
		Unaligned bases: 1 to 5434 (5434)

CONTIG: scaffold26076__8.2 (3760bp)
Top Length: 535  Top ID: 96.45
		This contig is misassembled. 2 total aligns.
			Warning! This contig is more unaligned than misassembled. Contig length is 3760 and total length of all aligns is 713
		Alignment: 1694261 1694438 | 178 1 | 178 178 | 97.75 | Prevotella_pallens_ATCC_700821_gi_340354299_ref_NZ_ scaffold26076__8.2
		Alignment: 1690634 1691168 | 3760 3226 | 535 535 | 96.45 | Prevotella_pallens_ATCC_700821_gi_340354299_ref_NZ_ scaffold26076__8.2
		Unaligned bases: 3047
		This contig has both significant aligned and unaligned parts (of length >= min-contig)! It can contain interspecies translocations
CONTIG: scaffold26426__2.0 (659bp)
Top Length: 209  Top ID: 96.65
		This contig is partially unaligned. (Aligned 209 out of 659 bases)
		Alignment: 1466358 1466566 | 222 14 | 209 209 | 96.65 | Prevotella_pallens_ATCC_700821_gi_340354299_ref_NZ_ scaffold26426__2.0
		Unaligned bases: 1 to 13 (13)
		Unaligned bases: 223 to 659 (437)

CONTIG: scaffold27863__7.3 (5914bp)
Top Length: 120  Top ID: 96.67
		This contig is partially unaligned. (Aligned 120 out of 5914 bases)
		Alignment: 168363 168482 | 3623 3504 | 120 120 | 96.67 | Prevotella_pallens_ATCC_700821_gi_340354299_ref_NZ_ scaffold27863__7.3
		Unaligned bases: 1 to 3503 (3503)
		Unaligned bases: 3624 to 5914 (2291)

CONTIG: scaffold31052__3.9 (3107bp)
Top Length: 3107  Top ID: 95.41
		One align captures most of this contig: 2153452 2156498 | 3107 1 | 3047 3107 | 95.41 | Prevotella_pallens_ATCC_700821_gi_340354299_ref_NZ_ scaffold31052__3.9

CONTIG: scaffold31798__3.0 (1588bp)
Top Length: 444  Top ID: 97.07
		This contig is partially unaligned. (Aligned 444 out of 1588 bases)
		Alignment: 2313819 2314262 | 1145 1588 | 444 444 | 97.07 | Prevotella_pallens_ATCC_700821_gi_340354299_ref_NZ_ scaffold31798__3.0
		Unaligned bases: 1 to 1144 (1144)

CONTIG: scaffold31934__7.1 (31019bp)
Top Length: 90  Top ID: 96.7
		This contig is partially unaligned. (Aligned 90 out of 31019 bases)
		Alignment: 1466476 1466566 | 7152 7063 | 91 90 | 96.7 | Prevotella_pallens_ATCC_700821_gi_340354299_ref_NZ_ scaffold31934__7.1
		Unaligned bases: 1 to 7062 (7062)
		Unaligned bases: 7153 to 31019 (23867)

CONTIG: scaffold32062__4.8 (1744bp)
Top Length: 1744  Top ID: 98.74
		One align captures most of this contig: 2151749 2153482 | 1 1744 | 1734 1744 | 98.74 | Prevotella_pallens_ATCC_700821_gi_340354299_ref_NZ_ scaffold32062__4.8

CONTIG: scaffold32295__8.1 (16213bp)
Top Length: 83  Top ID: 100.0
		This contig is partially unaligned. (Aligned 83 out of 16213 bases)
		Alignment: 1783546 1783628 | 10997 10915 | 83 83 | 100.0 | Prevotella_pallens_ATCC_700821_gi_340354299_ref_NZ_ scaffold32295__8.1
		Unaligned bases: 1 to 10914 (10914)
		Unaligned bases: 10998 to 16213 (5216)

CONTIG: scaffold32389__7.5 (47026bp)
Top Length: 91  Top ID: 98.9
		Skipping redundant alignment 1783546 1783630 | 17065 17149 | 85 85 | 100.0 | Prevotella_pallens_ATCC_700821_gi_340354299_ref_NZ_ scaffold32389__7.5
		This contig is partially unaligned. (Aligned 91 out of 47026 bases)
		Alignment: 2293218 2293308 | 17062 17152 | 91 91 | 98.9 | Prevotella_pallens_ATCC_700821_gi_340354299_ref_NZ_ scaffold32389__7.5
		Unaligned bases: 1 to 17061 (17061)
		Unaligned bases: 17153 to 47026 (29874)

CONTIG: scaffold32441__8.0 (19945bp)
Top Length: 79  Top ID: 100.0
		This contig is partially unaligned. (Aligned 79 out of 19945 bases)
		Alignment: 893538 893616 | 7608 7686 | 79 79 | 100.0 | Prevotella_pallens_ATCC_700821_gi_340354299_ref_NZ_ scaffold32441__8.0
		Unaligned bases: 1 to 7607 (7607)
		Unaligned bases: 7687 to 19945 (12259)

CONTIG: C821338__2.0 (514bp)
Top Length: 514  Top ID: 98.05
		One align captures most of this contig: 1004983 1005496 | 1 514 | 514 514 | 98.05 | Prevotella_pallens_ATCC_700821_gi_340354299_ref_NZ_ C821338__2.0

CONTIG: C823200__2.0 (523bp)
Top Length: 138  Top ID: 97.84
		This contig is partially unaligned. (Aligned 138 out of 523 bases)
		Alignment: 1449310 1449448 | 386 523 | 139 138 | 97.84 | Prevotella_pallens_ATCC_700821_gi_340354299_ref_NZ_ C823200__2.0
		Unaligned bases: 1 to 385 (385)

CONTIG: C837180__1.0 (605bp)
Top Length: 605  Top ID: 98.18
		One align captures most of this contig: 557932 558536 | 605 1 | 605 605 | 98.18 | Prevotella_pallens_ATCC_700821_gi_340354299_ref_NZ_ C837180__1.0

CONTIG: C839914__4.0 (626bp)
Top Length: 626  Top ID: 95.69
		One align captures most of this contig: 45998 46623 | 1 626 | 626 626 | 95.69 | Prevotella_pallens_ATCC_700821_gi_340354299_ref_NZ_ C839914__4.0

CONTIG: C846530__3.0 (689bp)
Top Length: 687  Top ID: 98.98
		This contig has 2 significant alignments. [An ambiguously mapped contig]
		Using only first of these alignment (option --ambiguity-usage is set to "one"):
		Alignment: 970736 971422 | 687 1 | 687 687 | 98.98 | Prevotella_pallens_ATCC_700821_gi_340354299_ref_NZ_ C846530__3.0
		Skipping alignment  970080 970768 | 689 1 | 689 689 | 98.11 | Prevotella_pallens_ATCC_700821_gi_340354299_ref_NZ_ C846530__3.0

CONTIG: C855916_32.0 (819bp)
Top Length: 815  Top ID: 95.46
		One align captures most of this contig: 1682652 1683466 | 819 5 | 815 815 | 95.46 | Prevotella_pallens_ATCC_700821_gi_340354299_ref_NZ_ C855916_32.0

CONTIG: C856264__7.0 (826bp)
Top Length: 826  Top ID: 99.76
		Marking as insignificant: 441562 442387 | 826 1 | 826 826 | 95.04 | Prevotella_pallens_ATCC_700821_gi_340354300_ref_NZ_ C856264__7.0
		One align captures most of this contig: 1662762 1663587 | 1 826 | 826 826 | 99.76 | Prevotella_pallens_ATCC_700821_gi_340354299_ref_NZ_ C856264__7.0

CONTIG: C857848__3.0 (854bp)
Top Length: 854  Top ID: 99.53
		One align captures most of this contig: 1621423 1622276 | 1 854 | 854 854 | 99.53 | Prevotella_pallens_ATCC_700821_gi_340354299_ref_NZ_ C857848__3.0

CONTIG: C863576_16.0 (998bp)
Top Length: 998  Top ID: 100.0
		One align captures most of this contig: 2150802 2151799 | 1 998 | 998 998 | 100.0 | Prevotella_pallens_ATCC_700821_gi_340354299_ref_NZ_ C863576_16.0

CONTIG: C870408__4.0 (1305bp)
Top Length: 1305  Top ID: 100.0
		One align captures most of this contig: 2156470 2157774 | 1 1305 | 1305 1305 | 100.0 | Prevotella_pallens_ATCC_700821_gi_340354299_ref_NZ_ C870408__4.0

CONTIG: C871008__3.0 (1343bp)
Top Length: 1343  Top ID: 98.59
		Marking as insignificant: 454894 455048 | 1343 1189 | 155 155 | 96.77 | Prevotella_pallens_ATCC_700821_gi_340354300_ref_NZ_ C871008__3.0
		One align captures most of this contig: 1638491 1639833 | 1 1343 | 1343 1343 | 98.59 | Prevotella_pallens_ATCC_700821_gi_340354299_ref_NZ_ C871008__3.0

CONTIG: C820732__2.0 (511bp)
Top Length: 493  Top ID: 98.59
		This contig is partially unaligned. (Aligned 493 out of 511 bases)
		Alignment: 1 496 | 493 1 | 496 493 | 98.59 | Prevotella_pallens_ATCC_700821_gi_340354317_ref_NZ_ C820732__2.0
		Unaligned bases: 494 to 511 (18)

CONTIG: C836654__4.0 (601bp)
Top Length: 557  Top ID: 99.82
		Skipping redundant alignment 2141662 2141783 | 558 437 | 122 122 | 100.0 | Prevotella_pallens_ATCC_700821_gi_340354299_ref_NZ_ C836654__4.0
		This contig is partially unaligned. (Aligned 557 out of 601 bases)
		Alignment: 479 1035 | 1 557 | 557 557 | 99.82 | Prevotella_pallens_ATCC_700821_gi_340354315_ref_NZ_ C836654__4.0
		Unaligned bases: 558 to 601 (44)

CONTIG: scaffold336_17.6 (16859bp)
Top Length: 578  Top ID: 97.58
		This contig is partially unaligned. (Aligned 578 out of 16859 bases)
		Alignment: 1 568 | 15141 15718 | 568 578 | 97.58 | Prevotella_pallens_ATCC_700821_gi_340354331_ref_NZ_ scaffold336_17.6
		Unaligned bases: 1 to 15140 (15140)
		Unaligned bases: 15719 to 16859 (1141)
		This contig has both significant aligned and unaligned parts (of length >= min-contig)! It can contain interspecies translocations

Analyzing coverage...
Writing SNPs into /Molly/gurevich/MetaQUAST/res_final/res_hmp_final/runs_per_reference/Prevotella_pallens_ATCC_700821/contigs_reports/nucmer_output/SOAPdenovo2.used_snps
ERROR: Reference Prevotella_pallens_ATCC_700821_gi_340354302_ref_NZ_ does not have any alignments!  Check that this is the same file used for alignment.
ERROR: Alignment Reference Headers: ['Prevotella_pallens_ATCC_700821_gi_340354331_ref_NZ_', 'Prevotella_pallens_ATCC_700821_gi_340354315_ref_NZ_', 'Prevotella_pallens_ATCC_700821_gi_340354299_ref_NZ_', 'Prevotella_pallens_ATCC_700821_gi_340354337_ref_NZ_', 'Prevotella_pallens_ATCC_700821_gi_340354300_ref_NZ_', 'Prevotella_pallens_ATCC_700821_gi_340354317_ref_NZ_']
ERROR: Reference Prevotella_pallens_ATCC_700821_gi_340354328_ref_NZ_ does not have any alignments!  Check that this is the same file used for alignment.
ERROR: Alignment Reference Headers: ['Prevotella_pallens_ATCC_700821_gi_340354331_ref_NZ_', 'Prevotella_pallens_ATCC_700821_gi_340354315_ref_NZ_', 'Prevotella_pallens_ATCC_700821_gi_340354299_ref_NZ_', 'Prevotella_pallens_ATCC_700821_gi_340354337_ref_NZ_', 'Prevotella_pallens_ATCC_700821_gi_340354300_ref_NZ_', 'Prevotella_pallens_ATCC_700821_gi_340354317_ref_NZ_']
	Reference Prevotella_pallens_ATCC_700821_gi_340354331_ref_NZ_: 1 total alignments. 1 total regions.
		Region: 1 to 568 (568 bp)
			Align 1: 1 568 scaffold336_17.6 15141 15718
			END in current alignment.  Modifying 568 to 568.

ERROR: Reference Prevotella_pallens_ATCC_700821_gi_340354323_ref_NZ_ does not have any alignments!  Check that this is the same file used for alignment.
ERROR: Alignment Reference Headers: ['Prevotella_pallens_ATCC_700821_gi_340354331_ref_NZ_', 'Prevotella_pallens_ATCC_700821_gi_340354315_ref_NZ_', 'Prevotella_pallens_ATCC_700821_gi_340354299_ref_NZ_', 'Prevotella_pallens_ATCC_700821_gi_340354337_ref_NZ_', 'Prevotella_pallens_ATCC_700821_gi_340354300_ref_NZ_', 'Prevotella_pallens_ATCC_700821_gi_340354317_ref_NZ_']
	Reference Prevotella_pallens_ATCC_700821_gi_340354315_ref_NZ_: 1 total alignments. 1 total regions.
		Region: 1 to 1036 (1036 bp)
			START in gap: 1 to 479 (478 bp)
			Align 1: 479 1035 C836654__4.0 1 557
			END in gap: 1035 to 1036 (1 bp)

	Reference Prevotella_pallens_ATCC_700821_gi_340354337_ref_NZ_: 1 total alignments. 1 total regions.
		Region: 1 to 512 (512 bp)
			START in gap: 1 to 84 (83 bp)
			Align 1: 84 258 scaffold17496__4.6 175 1
			END in gap: 258 to 512 (254 bp)

ERROR: Reference Prevotella_pallens_ATCC_700821_gi_340354310_ref_NZ_ does not have any alignments!  Check that this is the same file used for alignment.
ERROR: Alignment Reference Headers: ['Prevotella_pallens_ATCC_700821_gi_340354331_ref_NZ_', 'Prevotella_pallens_ATCC_700821_gi_340354315_ref_NZ_', 'Prevotella_pallens_ATCC_700821_gi_340354299_ref_NZ_', 'Prevotella_pallens_ATCC_700821_gi_340354337_ref_NZ_', 'Prevotella_pallens_ATCC_700821_gi_340354300_ref_NZ_', 'Prevotella_pallens_ATCC_700821_gi_340354317_ref_NZ_']
	Reference Prevotella_pallens_ATCC_700821_gi_340354300_ref_NZ_: 11 total alignments. 1 total regions.
		Region: 1 to 772022 (772022 bp)
			START in gap: 1 to 178960 (178959 bp)
			Align 1: 178960 179728 scaffold9115__8.5 4646 3878
				Gap between this and next alignment: 179728 to 182870 (3141 bp)
				Next Alignment: 182870 183480 C839650__4.0 624 14

			Align 2: 182870 183480 C839650__4.0 624 14
				Gap between this and next alignment: 183480 to 379624 (196143 bp)
				Next Alignment: 379624 379720 scaffold8205__8.0 21929 21833

			Align 3: 379624 379720 scaffold8205__8.0 21929 21833
				Gap between this and next alignment: 379720 to 392204 (12483 bp)
				Next Alignment: 392204 392988 scaffold23708__9.0 39 823

			Align 4: 392204 392988 scaffold23708__9.0 39 823
				Gap between this and next alignment: 392988 to 436824 (43835 bp)
				Next Alignment: 436824 437511 scaffold9896__8.1 36252 36943

			Align 5: 436824 437511 scaffold9896__8.1 36252 36943
				Gap between this and next alignment: 437511 to 454259 (16747 bp)
				Next Alignment: 454259 454485 scaffold870__7.5 3519 3294

			Align 6: 454259 454485 scaffold870__7.5 3519 3294
				Gap between this and next alignment: 454485 to 461639 (7153 bp)
				Next Alignment: 461639 462352 scaffold3494_12.2 818 1531

			Align 7: 461639 462352 scaffold3494_12.2 818 1531
				Gap between this and next alignment: 462352 to 462436 (83 bp)
				Next Alignment: 462436 463650 scaffold3494_12.2 1956 3217

			Align 8: 462436 463650 scaffold3494_12.2 1956 3217
				Gap between this and next alignment: 463650 to 463861 (210 bp)
				Next Alignment: 463861 464826 C862546_16.0 966 1

			Align 9: 463861 464826 C862546_16.0 966 1
				Negative gap (overlap) between this and next alignment: 464826 to 464776 (-50 bp)
				Next Alignment: 464776 475447 scaffold3702_15.6 11250 423

			Previous gap was negative, modifying coordinates to ignore overlap
				Moving contig start from 11250 to 11199.
			Align 10: 464827 475447 scaffold3702_15.6 11199 423
				Gap between this and next alignment: 475447 to 590630 (115182 bp)
				Next Alignment: 590630 590709 scaffold5817__8.4 4232 4153

			Align 11: 590630 590709 scaffold5817__8.4 4232 4153
			END in gap: 590709 to 772022 (181313 bp)

ERROR: Reference Prevotella_pallens_ATCC_700821_gi_340354305_ref_NZ_ does not have any alignments!  Check that this is the same file used for alignment.
ERROR: Alignment Reference Headers: ['Prevotella_pallens_ATCC_700821_gi_340354331_ref_NZ_', 'Prevotella_pallens_ATCC_700821_gi_340354315_ref_NZ_', 'Prevotella_pallens_ATCC_700821_gi_340354299_ref_NZ_', 'Prevotella_pallens_ATCC_700821_gi_340354337_ref_NZ_', 'Prevotella_pallens_ATCC_700821_gi_340354300_ref_NZ_', 'Prevotella_pallens_ATCC_700821_gi_340354317_ref_NZ_']
	Reference Prevotella_pallens_ATCC_700821_gi_340354317_ref_NZ_: 1 total alignments. 1 total regions.
		Region: 1 to 992 (992 bp)
			Align 1: 1 496 C820732__2.0 493 1
			END in gap: 496 to 992 (496 bp)

ERROR: Reference Prevotella_pallens_ATCC_700821_gi_340354334_ref_NZ_ does not have any alignments!  Check that this is the same file used for alignment.
ERROR: Alignment Reference Headers: ['Prevotella_pallens_ATCC_700821_gi_340354331_ref_NZ_', 'Prevotella_pallens_ATCC_700821_gi_340354315_ref_NZ_', 'Prevotella_pallens_ATCC_700821_gi_340354299_ref_NZ_', 'Prevotella_pallens_ATCC_700821_gi_340354337_ref_NZ_', 'Prevotella_pallens_ATCC_700821_gi_340354300_ref_NZ_', 'Prevotella_pallens_ATCC_700821_gi_340354317_ref_NZ_']
ERROR: Reference Prevotella_pallens_ATCC_700821_gi_340354312_ref_NZ_ does not have any alignments!  Check that this is the same file used for alignment.
ERROR: Alignment Reference Headers: ['Prevotella_pallens_ATCC_700821_gi_340354331_ref_NZ_', 'Prevotella_pallens_ATCC_700821_gi_340354315_ref_NZ_', 'Prevotella_pallens_ATCC_700821_gi_340354299_ref_NZ_', 'Prevotella_pallens_ATCC_700821_gi_340354337_ref_NZ_', 'Prevotella_pallens_ATCC_700821_gi_340354300_ref_NZ_', 'Prevotella_pallens_ATCC_700821_gi_340354317_ref_NZ_']
ERROR: Reference Prevotella_pallens_ATCC_700821_gi_340354319_ref_NZ_ does not have any alignments!  Check that this is the same file used for alignment.
ERROR: Alignment Reference Headers: ['Prevotella_pallens_ATCC_700821_gi_340354331_ref_NZ_', 'Prevotella_pallens_ATCC_700821_gi_340354315_ref_NZ_', 'Prevotella_pallens_ATCC_700821_gi_340354299_ref_NZ_', 'Prevotella_pallens_ATCC_700821_gi_340354337_ref_NZ_', 'Prevotella_pallens_ATCC_700821_gi_340354300_ref_NZ_', 'Prevotella_pallens_ATCC_700821_gi_340354317_ref_NZ_']
ERROR: Reference Prevotella_pallens_ATCC_700821_gi_340354307_ref_NZ_ does not have any alignments!  Check that this is the same file used for alignment.
ERROR: Alignment Reference Headers: ['Prevotella_pallens_ATCC_700821_gi_340354331_ref_NZ_', 'Prevotella_pallens_ATCC_700821_gi_340354315_ref_NZ_', 'Prevotella_pallens_ATCC_700821_gi_340354299_ref_NZ_', 'Prevotella_pallens_ATCC_700821_gi_340354337_ref_NZ_', 'Prevotella_pallens_ATCC_700821_gi_340354300_ref_NZ_', 'Prevotella_pallens_ATCC_700821_gi_340354317_ref_NZ_']
ERROR: Reference Prevotella_pallens_ATCC_700821_gi_340354303_ref_NZ_ does not have any alignments!  Check that this is the same file used for alignment.
ERROR: Alignment Reference Headers: ['Prevotella_pallens_ATCC_700821_gi_340354331_ref_NZ_', 'Prevotella_pallens_ATCC_700821_gi_340354315_ref_NZ_', 'Prevotella_pallens_ATCC_700821_gi_340354299_ref_NZ_', 'Prevotella_pallens_ATCC_700821_gi_340354337_ref_NZ_', 'Prevotella_pallens_ATCC_700821_gi_340354300_ref_NZ_', 'Prevotella_pallens_ATCC_700821_gi_340354317_ref_NZ_']
ERROR: Reference Prevotella_pallens_ATCC_700821_gi_340354316_ref_NZ_ does not have any alignments!  Check that this is the same file used for alignment.
ERROR: Alignment Reference Headers: ['Prevotella_pallens_ATCC_700821_gi_340354331_ref_NZ_', 'Prevotella_pallens_ATCC_700821_gi_340354315_ref_NZ_', 'Prevotella_pallens_ATCC_700821_gi_340354299_ref_NZ_', 'Prevotella_pallens_ATCC_700821_gi_340354337_ref_NZ_', 'Prevotella_pallens_ATCC_700821_gi_340354300_ref_NZ_', 'Prevotella_pallens_ATCC_700821_gi_340354317_ref_NZ_']
ERROR: Reference Prevotella_pallens_ATCC_700821_gi_340354309_ref_NZ_ does not have any alignments!  Check that this is the same file used for alignment.
ERROR: Alignment Reference Headers: ['Prevotella_pallens_ATCC_700821_gi_340354331_ref_NZ_', 'Prevotella_pallens_ATCC_700821_gi_340354315_ref_NZ_', 'Prevotella_pallens_ATCC_700821_gi_340354299_ref_NZ_', 'Prevotella_pallens_ATCC_700821_gi_340354337_ref_NZ_', 'Prevotella_pallens_ATCC_700821_gi_340354300_ref_NZ_', 'Prevotella_pallens_ATCC_700821_gi_340354317_ref_NZ_']
ERROR: Reference Prevotella_pallens_ATCC_700821_gi_340354311_ref_NZ_ does not have any alignments!  Check that this is the same file used for alignment.
ERROR: Alignment Reference Headers: ['Prevotella_pallens_ATCC_700821_gi_340354331_ref_NZ_', 'Prevotella_pallens_ATCC_700821_gi_340354315_ref_NZ_', 'Prevotella_pallens_ATCC_700821_gi_340354299_ref_NZ_', 'Prevotella_pallens_ATCC_700821_gi_340354337_ref_NZ_', 'Prevotella_pallens_ATCC_700821_gi_340354300_ref_NZ_', 'Prevotella_pallens_ATCC_700821_gi_340354317_ref_NZ_']
ERROR: Reference Prevotella_pallens_ATCC_700821_gi_340354333_ref_NZ_ does not have any alignments!  Check that this is the same file used for alignment.
ERROR: Alignment Reference Headers: ['Prevotella_pallens_ATCC_700821_gi_340354331_ref_NZ_', 'Prevotella_pallens_ATCC_700821_gi_340354315_ref_NZ_', 'Prevotella_pallens_ATCC_700821_gi_340354299_ref_NZ_', 'Prevotella_pallens_ATCC_700821_gi_340354337_ref_NZ_', 'Prevotella_pallens_ATCC_700821_gi_340354300_ref_NZ_', 'Prevotella_pallens_ATCC_700821_gi_340354317_ref_NZ_']
ERROR: Reference Prevotella_pallens_ATCC_700821_gi_340354314_ref_NZ_ does not have any alignments!  Check that this is the same file used for alignment.
ERROR: Alignment Reference Headers: ['Prevotella_pallens_ATCC_700821_gi_340354331_ref_NZ_', 'Prevotella_pallens_ATCC_700821_gi_340354315_ref_NZ_', 'Prevotella_pallens_ATCC_700821_gi_340354299_ref_NZ_', 'Prevotella_pallens_ATCC_700821_gi_340354337_ref_NZ_', 'Prevotella_pallens_ATCC_700821_gi_340354300_ref_NZ_', 'Prevotella_pallens_ATCC_700821_gi_340354317_ref_NZ_']
ERROR: Reference Prevotella_pallens_ATCC_700821_gi_340354313_ref_NZ_ does not have any alignments!  Check that this is the same file used for alignment.
ERROR: Alignment Reference Headers: ['Prevotella_pallens_ATCC_700821_gi_340354331_ref_NZ_', 'Prevotella_pallens_ATCC_700821_gi_340354315_ref_NZ_', 'Prevotella_pallens_ATCC_700821_gi_340354299_ref_NZ_', 'Prevotella_pallens_ATCC_700821_gi_340354337_ref_NZ_', 'Prevotella_pallens_ATCC_700821_gi_340354300_ref_NZ_', 'Prevotella_pallens_ATCC_700821_gi_340354317_ref_NZ_']
ERROR: Reference Prevotella_pallens_ATCC_700821_gi_340354338_ref_NZ_ does not have any alignments!  Check that this is the same file used for alignment.
ERROR: Alignment Reference Headers: ['Prevotella_pallens_ATCC_700821_gi_340354331_ref_NZ_', 'Prevotella_pallens_ATCC_700821_gi_340354315_ref_NZ_', 'Prevotella_pallens_ATCC_700821_gi_340354299_ref_NZ_', 'Prevotella_pallens_ATCC_700821_gi_340354337_ref_NZ_', 'Prevotella_pallens_ATCC_700821_gi_340354300_ref_NZ_', 'Prevotella_pallens_ATCC_700821_gi_340354317_ref_NZ_']
ERROR: Reference Prevotella_pallens_ATCC_700821_gi_340354330_ref_NZ_ does not have any alignments!  Check that this is the same file used for alignment.
ERROR: Alignment Reference Headers: ['Prevotella_pallens_ATCC_700821_gi_340354331_ref_NZ_', 'Prevotella_pallens_ATCC_700821_gi_340354315_ref_NZ_', 'Prevotella_pallens_ATCC_700821_gi_340354299_ref_NZ_', 'Prevotella_pallens_ATCC_700821_gi_340354337_ref_NZ_', 'Prevotella_pallens_ATCC_700821_gi_340354300_ref_NZ_', 'Prevotella_pallens_ATCC_700821_gi_340354317_ref_NZ_']
ERROR: Reference Prevotella_pallens_ATCC_700821_gi_340354320_ref_NZ_ does not have any alignments!  Check that this is the same file used for alignment.
ERROR: Alignment Reference Headers: ['Prevotella_pallens_ATCC_700821_gi_340354331_ref_NZ_', 'Prevotella_pallens_ATCC_700821_gi_340354315_ref_NZ_', 'Prevotella_pallens_ATCC_700821_gi_340354299_ref_NZ_', 'Prevotella_pallens_ATCC_700821_gi_340354337_ref_NZ_', 'Prevotella_pallens_ATCC_700821_gi_340354300_ref_NZ_', 'Prevotella_pallens_ATCC_700821_gi_340354317_ref_NZ_']
ERROR: Reference Prevotella_pallens_ATCC_700821_gi_340354325_ref_NZ_ does not have any alignments!  Check that this is the same file used for alignment.
ERROR: Alignment Reference Headers: ['Prevotella_pallens_ATCC_700821_gi_340354331_ref_NZ_', 'Prevotella_pallens_ATCC_700821_gi_340354315_ref_NZ_', 'Prevotella_pallens_ATCC_700821_gi_340354299_ref_NZ_', 'Prevotella_pallens_ATCC_700821_gi_340354337_ref_NZ_', 'Prevotella_pallens_ATCC_700821_gi_340354300_ref_NZ_', 'Prevotella_pallens_ATCC_700821_gi_340354317_ref_NZ_']
ERROR: Reference Prevotella_pallens_ATCC_700821_gi_340354336_ref_NZ_ does not have any alignments!  Check that this is the same file used for alignment.
ERROR: Alignment Reference Headers: ['Prevotella_pallens_ATCC_700821_gi_340354331_ref_NZ_', 'Prevotella_pallens_ATCC_700821_gi_340354315_ref_NZ_', 'Prevotella_pallens_ATCC_700821_gi_340354299_ref_NZ_', 'Prevotella_pallens_ATCC_700821_gi_340354337_ref_NZ_', 'Prevotella_pallens_ATCC_700821_gi_340354300_ref_NZ_', 'Prevotella_pallens_ATCC_700821_gi_340354317_ref_NZ_']
ERROR: Reference Prevotella_pallens_ATCC_700821_gi_340354304_ref_NZ_ does not have any alignments!  Check that this is the same file used for alignment.
ERROR: Alignment Reference Headers: ['Prevotella_pallens_ATCC_700821_gi_340354331_ref_NZ_', 'Prevotella_pallens_ATCC_700821_gi_340354315_ref_NZ_', 'Prevotella_pallens_ATCC_700821_gi_340354299_ref_NZ_', 'Prevotella_pallens_ATCC_700821_gi_340354337_ref_NZ_', 'Prevotella_pallens_ATCC_700821_gi_340354300_ref_NZ_', 'Prevotella_pallens_ATCC_700821_gi_340354317_ref_NZ_']
ERROR: Reference Prevotella_pallens_ATCC_700821_gi_340354322_ref_NZ_ does not have any alignments!  Check that this is the same file used for alignment.
ERROR: Alignment Reference Headers: ['Prevotella_pallens_ATCC_700821_gi_340354331_ref_NZ_', 'Prevotella_pallens_ATCC_700821_gi_340354315_ref_NZ_', 'Prevotella_pallens_ATCC_700821_gi_340354299_ref_NZ_', 'Prevotella_pallens_ATCC_700821_gi_340354337_ref_NZ_', 'Prevotella_pallens_ATCC_700821_gi_340354300_ref_NZ_', 'Prevotella_pallens_ATCC_700821_gi_340354317_ref_NZ_']
ERROR: Reference Prevotella_pallens_ATCC_700821_gi_340354332_ref_NZ_ does not have any alignments!  Check that this is the same file used for alignment.
ERROR: Alignment Reference Headers: ['Prevotella_pallens_ATCC_700821_gi_340354331_ref_NZ_', 'Prevotella_pallens_ATCC_700821_gi_340354315_ref_NZ_', 'Prevotella_pallens_ATCC_700821_gi_340354299_ref_NZ_', 'Prevotella_pallens_ATCC_700821_gi_340354337_ref_NZ_', 'Prevotella_pallens_ATCC_700821_gi_340354300_ref_NZ_', 'Prevotella_pallens_ATCC_700821_gi_340354317_ref_NZ_']
ERROR: Reference Prevotella_pallens_ATCC_700821_gi_340354327_ref_NZ_ does not have any alignments!  Check that this is the same file used for alignment.
ERROR: Alignment Reference Headers: ['Prevotella_pallens_ATCC_700821_gi_340354331_ref_NZ_', 'Prevotella_pallens_ATCC_700821_gi_340354315_ref_NZ_', 'Prevotella_pallens_ATCC_700821_gi_340354299_ref_NZ_', 'Prevotella_pallens_ATCC_700821_gi_340354337_ref_NZ_', 'Prevotella_pallens_ATCC_700821_gi_340354300_ref_NZ_', 'Prevotella_pallens_ATCC_700821_gi_340354317_ref_NZ_']
ERROR: Reference Prevotella_pallens_ATCC_700821_gi_340354308_ref_NZ_ does not have any alignments!  Check that this is the same file used for alignment.
ERROR: Alignment Reference Headers: ['Prevotella_pallens_ATCC_700821_gi_340354331_ref_NZ_', 'Prevotella_pallens_ATCC_700821_gi_340354315_ref_NZ_', 'Prevotella_pallens_ATCC_700821_gi_340354299_ref_NZ_', 'Prevotella_pallens_ATCC_700821_gi_340354337_ref_NZ_', 'Prevotella_pallens_ATCC_700821_gi_340354300_ref_NZ_', 'Prevotella_pallens_ATCC_700821_gi_340354317_ref_NZ_']
ERROR: Reference Prevotella_pallens_ATCC_700821_gi_340354335_ref_NZ_ does not have any alignments!  Check that this is the same file used for alignment.
ERROR: Alignment Reference Headers: ['Prevotella_pallens_ATCC_700821_gi_340354331_ref_NZ_', 'Prevotella_pallens_ATCC_700821_gi_340354315_ref_NZ_', 'Prevotella_pallens_ATCC_700821_gi_340354299_ref_NZ_', 'Prevotella_pallens_ATCC_700821_gi_340354337_ref_NZ_', 'Prevotella_pallens_ATCC_700821_gi_340354300_ref_NZ_', 'Prevotella_pallens_ATCC_700821_gi_340354317_ref_NZ_']
ERROR: Reference Prevotella_pallens_ATCC_700821_gi_340354306_ref_NZ_ does not have any alignments!  Check that this is the same file used for alignment.
ERROR: Alignment Reference Headers: ['Prevotella_pallens_ATCC_700821_gi_340354331_ref_NZ_', 'Prevotella_pallens_ATCC_700821_gi_340354315_ref_NZ_', 'Prevotella_pallens_ATCC_700821_gi_340354299_ref_NZ_', 'Prevotella_pallens_ATCC_700821_gi_340354337_ref_NZ_', 'Prevotella_pallens_ATCC_700821_gi_340354300_ref_NZ_', 'Prevotella_pallens_ATCC_700821_gi_340354317_ref_NZ_']
ERROR: Reference Prevotella_pallens_ATCC_700821_gi_340354318_ref_NZ_ does not have any alignments!  Check that this is the same file used for alignment.
ERROR: Alignment Reference Headers: ['Prevotella_pallens_ATCC_700821_gi_340354331_ref_NZ_', 'Prevotella_pallens_ATCC_700821_gi_340354315_ref_NZ_', 'Prevotella_pallens_ATCC_700821_gi_340354299_ref_NZ_', 'Prevotella_pallens_ATCC_700821_gi_340354337_ref_NZ_', 'Prevotella_pallens_ATCC_700821_gi_340354300_ref_NZ_', 'Prevotella_pallens_ATCC_700821_gi_340354317_ref_NZ_']
	Reference Prevotella_pallens_ATCC_700821_gi_340354299_ref_NZ_: 31 total alignments. 1 total regions.
		Region: 1 to 2314907 (2314907 bp)
			START in gap: 1 to 45998 (45997 bp)
			Align 1: 45998 46623 C839914__4.0 1 626
				Gap between this and next alignment: 46623 to 47397 (773 bp)
				Next Alignment: 47397 47764 scaffold19883__5.3 5802 5435

			Align 2: 47397 47764 scaffold19883__5.3 5802 5435
				Gap between this and next alignment: 47764 to 131037 (83272 bp)
				Next Alignment: 131037 131217 scaffold5608__6.2 2 183

			Align 3: 131037 131217 scaffold5608__6.2 2 183
				Gap between this and next alignment: 131217 to 132367 (1149 bp)
				Next Alignment: 132367 132561 scaffold17496__4.6 618 812

			Align 4: 132367 132561 scaffold17496__4.6 618 812
				Gap between this and next alignment: 132561 to 168363 (35801 bp)
				Next Alignment: 168363 168482 scaffold27863__7.3 3623 3504

			Align 5: 168363 168482 scaffold27863__7.3 3623 3504
				Gap between this and next alignment: 168482 to 465071 (296588 bp)
				Next Alignment: 465071 465148 scaffold12067__9.0 7073 7150

			Align 6: 465071 465148 scaffold12067__9.0 7073 7150
				Gap between this and next alignment: 465148 to 557932 (92783 bp)
				Next Alignment: 557932 558536 C837180__1.0 605 1

			Align 7: 557932 558536 C837180__1.0 605 1
				Gap between this and next alignment: 558536 to 671245 (112708 bp)
				Next Alignment: 671245 672071 scaffold641__8.0 19351 18523

			Align 8: 671245 672071 scaffold641__8.0 19351 18523
				Gap between this and next alignment: 672071 to 893538 (221466 bp)
				Next Alignment: 893538 893616 scaffold32441__8.0 7608 7686

			Align 9: 893538 893616 scaffold32441__8.0 7608 7686
				Gap between this and next alignment: 893616 to 970736 (77119 bp)
				Next Alignment: 970736 971422 C846530__3.0 687 1

			Align 10: 970736 971422 C846530__3.0 687 1
				Gap between this and next alignment: 971422 to 1004983 (33560 bp)
				Next Alignment: 1004983 1005496 C821338__2.0 1 514

			Align 11: 1004983 1005496 C821338__2.0 1 514
				Gap between this and next alignment: 1005496 to 1337103 (331606 bp)
				Next Alignment: 1337103 1337176 scaffold11147__7.4 13062 12989

			Align 12: 1337103 1337176 scaffold11147__7.4 13062 12989
				Gap between this and next alignment: 1337176 to 1449310 (112133 bp)
				Next Alignment: 1449310 1449448 C823200__2.0 386 523

			Align 13: 1449310 1449448 C823200__2.0 386 523
				Gap between this and next alignment: 1449448 to 1466358 (16909 bp)
				Next Alignment: 1466358 1466566 scaffold26426__2.0 222 14

			Align 14: 1466358 1466566 scaffold26426__2.0 222 14
				The next alignment (1466476 1466566 scaffold31934__7.1 7152 7063) is redundant. Skipping.
				Gap between this and next alignment: 1466566 to 1621423 (154856 bp)
				Next Alignment: 1621423 1622276 C857848__3.0 1 854

			Align 16: 1621423 1622276 C857848__3.0 1 854
				Gap between this and next alignment: 1622276 to 1624204 (1927 bp)
				Next Alignment: 1624204 1624278 scaffold3702_15.6 330 404

			Align 17: 1624204 1624278 scaffold3702_15.6 330 404
				Gap between this and next alignment: 1624278 to 1638491 (14212 bp)
				Next Alignment: 1638491 1639833 C871008__3.0 1 1343

			Align 18: 1638491 1639833 C871008__3.0 1 1343
				The next alignment (1639679 1639833 scaffold870__7.5 2647 2801) is redundant. Skipping.
				Gap between this and next alignment: 1639833 to 1662762 (22928 bp)
				Next Alignment: 1662762 1663587 C856264__7.0 1 826

			Align 20: 1662762 1663587 C856264__7.0 1 826
				Gap between this and next alignment: 1663587 to 1682652 (19064 bp)
				Next Alignment: 1682652 1683466 C855916_32.0 819 5

			Align 21: 1682652 1683466 C855916_32.0 819 5
				Gap between this and next alignment: 1683466 to 1690634 (7167 bp)
				Next Alignment: 1690634 1691168 scaffold26076__8.2 3760 3226

			Align 22: 1690634 1691168 scaffold26076__8.2 3760 3226
				Gap between this and next alignment: 1691168 to 1694261 (3092 bp)
				Next Alignment: 1694261 1694438 scaffold26076__8.2 178 1

			Align 23: 1694261 1694438 scaffold26076__8.2 178 1
				Gap between this and next alignment: 1694438 to 1783546 (89107 bp)
				Next Alignment: 1783546 1783628 scaffold32295__8.1 10997 10915

			Align 24: 1783546 1783628 scaffold32295__8.1 10997 10915
				Gap between this and next alignment: 1783628 to 2150802 (367173 bp)
				Next Alignment: 2150802 2151799 C863576_16.0 1 998

			Align 25: 2150802 2151799 C863576_16.0 1 998
				Negative gap (overlap) between this and next alignment: 2151799 to 2151749 (-50 bp)
				Next Alignment: 2151749 2153482 scaffold32062__4.8 1 1744

			Previous gap was negative, modifying coordinates to ignore overlap
				Moving contig start from 1 to 52.
			Align 26: 2151800 2153482 scaffold32062__4.8 52 1744
				Negative gap (overlap) between this and next alignment: 2153482 to 2153452 (-30 bp)
				Next Alignment: 2153452 2156498 scaffold31052__3.9 3107 1

			Previous gap was negative, modifying coordinates to ignore overlap
				Moving contig start from 3107 to 3076.
			Align 27: 2153483 2156498 scaffold31052__3.9 3076 1
				Negative gap (overlap) between this and next alignment: 2156498 to 2156470 (-28 bp)
				Next Alignment: 2156470 2157774 C870408__4.0 1 1305

			Previous gap was negative, modifying coordinates to ignore overlap
				Moving contig start from 1 to 30.
			Align 28: 2156499 2157774 C870408__4.0 30 1305
				Gap between this and next alignment: 2157774 to 2231813 (74038 bp)
				Next Alignment: 2231813 2231901 scaffold8887__8.3 495 407

			Align 29: 2231813 2231901 scaffold8887__8.3 495 407
				Gap between this and next alignment: 2231901 to 2293218 (61316 bp)
				Next Alignment: 2293218 2293308 scaffold32389__7.5 17062 17152

			Align 30: 2293218 2293308 scaffold32389__7.5 17062 17152
				Gap between this and next alignment: 2293308 to 2313819 (20510 bp)
				Next Alignment: 2313819 2314262 scaffold31798__3.0 1145 1588

			Align 31: 2313819 2314262 scaffold31798__3.0 1145 1588
			END in gap: 2314262 to 2314907 (645 bp)

ERROR: Reference Prevotella_pallens_ATCC_700821_gi_340354324_ref_NZ_ does not have any alignments!  Check that this is the same file used for alignment.
ERROR: Alignment Reference Headers: ['Prevotella_pallens_ATCC_700821_gi_340354331_ref_NZ_', 'Prevotella_pallens_ATCC_700821_gi_340354315_ref_NZ_', 'Prevotella_pallens_ATCC_700821_gi_340354299_ref_NZ_', 'Prevotella_pallens_ATCC_700821_gi_340354337_ref_NZ_', 'Prevotella_pallens_ATCC_700821_gi_340354300_ref_NZ_', 'Prevotella_pallens_ATCC_700821_gi_340354317_ref_NZ_']
ERROR: Reference Prevotella_pallens_ATCC_700821_gi_340354329_ref_NZ_ does not have any alignments!  Check that this is the same file used for alignment.
ERROR: Alignment Reference Headers: ['Prevotella_pallens_ATCC_700821_gi_340354331_ref_NZ_', 'Prevotella_pallens_ATCC_700821_gi_340354315_ref_NZ_', 'Prevotella_pallens_ATCC_700821_gi_340354299_ref_NZ_', 'Prevotella_pallens_ATCC_700821_gi_340354337_ref_NZ_', 'Prevotella_pallens_ATCC_700821_gi_340354300_ref_NZ_', 'Prevotella_pallens_ATCC_700821_gi_340354317_ref_NZ_']
ERROR: Reference Prevotella_pallens_ATCC_700821_gi_340354321_ref_NZ_ does not have any alignments!  Check that this is the same file used for alignment.
ERROR: Alignment Reference Headers: ['Prevotella_pallens_ATCC_700821_gi_340354331_ref_NZ_', 'Prevotella_pallens_ATCC_700821_gi_340354315_ref_NZ_', 'Prevotella_pallens_ATCC_700821_gi_340354299_ref_NZ_', 'Prevotella_pallens_ATCC_700821_gi_340354337_ref_NZ_', 'Prevotella_pallens_ATCC_700821_gi_340354300_ref_NZ_', 'Prevotella_pallens_ATCC_700821_gi_340354317_ref_NZ_']
ERROR: Reference Prevotella_pallens_ATCC_700821_gi_340354326_ref_NZ_ does not have any alignments!  Check that this is the same file used for alignment.
ERROR: Alignment Reference Headers: ['Prevotella_pallens_ATCC_700821_gi_340354331_ref_NZ_', 'Prevotella_pallens_ATCC_700821_gi_340354315_ref_NZ_', 'Prevotella_pallens_ATCC_700821_gi_340354299_ref_NZ_', 'Prevotella_pallens_ATCC_700821_gi_340354337_ref_NZ_', 'Prevotella_pallens_ATCC_700821_gi_340354300_ref_NZ_', 'Prevotella_pallens_ATCC_700821_gi_340354317_ref_NZ_']
ERROR: Reference Prevotella_pallens_ATCC_700821_gi_340354301_ref_NZ_ does not have any alignments!  Check that this is the same file used for alignment.
ERROR: Alignment Reference Headers: ['Prevotella_pallens_ATCC_700821_gi_340354331_ref_NZ_', 'Prevotella_pallens_ATCC_700821_gi_340354315_ref_NZ_', 'Prevotella_pallens_ATCC_700821_gi_340354299_ref_NZ_', 'Prevotella_pallens_ATCC_700821_gi_340354337_ref_NZ_', 'Prevotella_pallens_ATCC_700821_gi_340354300_ref_NZ_', 'Prevotella_pallens_ATCC_700821_gi_340354317_ref_NZ_']
Analysis is finished!
Founded SNPs were written into /Molly/gurevich/MetaQUAST/res_final/res_hmp_final/runs_per_reference/Prevotella_pallens_ATCC_700821/contigs_reports/nucmer_output/SOAPdenovo2.used_snps

Results:
	Local Misassemblies: 1
	Misassemblies: 1
		Relocations: 0
		Translocations: 1
		Inversions: 0
	Fake misassemblies matched with structural variations: 0
	Misassembled Contigs: 1
	Misassembled Contig Bases: 11250
	Misassemblies Inter-Contig Overlap: 0
Uncovered Regions: 0 (0)
Unaligned Contigs: 0 + 26 part
Partially Unaligned Contigs with Misassemblies: 3
Unaligned Contig Bases: 534940

Ambiguously Mapped Contigs: 1
Total Bases in Ambiguously Mapped Contigs: 687
Note that --allow-ambiguity option was set to "one" and only first alignment per each contig was used.

	Covered Bases: 35577

	SNPs: 389
	Insertions: 301
	Deletions: 16

	Positive Gaps: 43
		Internal Gaps:  2
		External Gaps:  41
		External Gap Total:  3051285
		External Gap Average: 74422
	Negative Gaps: 4
		Internal Overlaps:  0
		External Overlaps:  4
		External Overlaps Total: -158
		External Overlaps Average: -40
	Contigs with Redundant Alignments: 2 (246)
