Aligning contigs to reference...
	Using existing Nucmer alignments...
Parsing coords...
Loading reference...
	Loaded [Bacteroides_pectinophilus_gi_223956447_ref_NZ_]
Loading SNPs...
Loading regions...
	No regions given, using whole reference.
	Total Regions: 1
	Total Region Length: 29332
Analyzing contigs...
CONTIG: scaffold9022__3.3 (508bp)
Top Length: 158  Top ID: 100.0
		This contig is misassembled. 3 total aligns.
			Real Alignment 1: 20748 20905 | 158 1 | 158 158 | 100.0 | Bacteroides_pectinophilus_gi_223956447_ref_NZ_ scaffold9022__3.3
			  Gap between these two alignments (local misassembly). Inconsistency = 149 
			Real Alignment 2: 20457 20531 | 300 226 | 75 75 | 100.0 | Bacteroides_pectinophilus_gi_223956447_ref_NZ_ scaffold9022__3.3
			  Gap between these two alignments (local misassembly). Inconsistency = 150 
			Real Alignment 3: 20099 20237 | 508 370 | 139 139 | 100.0 | Bacteroides_pectinophilus_gi_223956447_ref_NZ_ scaffold9022__3.3

CONTIG: scaffold19306_12.3 (736bp)
Top Length: 206  Top ID: 100.0
		This contig is misassembled. 2 total aligns.
			Warning! This contig is more unaligned than misassembled. Contig length is 736 and total length of all aligns is 290
		Alignment: 25060 25265 | 207 2 | 206 206 | 100.0 | Bacteroides_pectinophilus_gi_223956447_ref_NZ_ scaffold19306_12.3
		Alignment: 24831 24914 | 293 210 | 84 84 | 98.81 | Bacteroides_pectinophilus_gi_223956447_ref_NZ_ scaffold19306_12.3
		Unaligned bases: 446
CONTIG: scaffold25108__2.5 (665bp)
Top Length: 302  Top ID: 99.67
		This contig is misassembled. 3 total aligns.
			Real Alignment 1: 20902 21022 | 1 121 | 121 121 | 96.69 | Bacteroides_pectinophilus_gi_223956447_ref_NZ_ scaffold25108__2.5
			  Gap between these two alignments (local misassembly). Inconsistency = 151 
			Real Alignment 2: 21210 21512 | 158 459 | 303 302 | 99.67 | Bacteroides_pectinophilus_gi_223956447_ref_NZ_ scaffold25108__2.5
			  Gap between these two alignments (local misassembly). Inconsistency = 145 
			Real Alignment 3: 21724 21863 | 526 665 | 140 140 | 100.0 | Bacteroides_pectinophilus_gi_223956447_ref_NZ_ scaffold25108__2.5

CONTIG: scaffold41186__6.4 (1089bp)
Top Length: 506  Top ID: 99.8
		This contig is misassembled. 5 total aligns.
			Real Alignment 1: 4575 4727 | 154 1 | 153 154 | 99.35 | Bacteroides_pectinophilus_gi_223956447_ref_NZ_ scaffold41186__6.4
			  Gap between these two alignments (local misassembly). Inconsistency = 150 
			Real Alignment 2: 3892 4396 | 688 183 | 505 506 | 99.8 | Bacteroides_pectinophilus_gi_223956447_ref_NZ_ scaffold41186__6.4
			  Gap between these two alignments (local misassembly). Inconsistency = 125 
			Real Alignment 3: 3632 3765 | 823 690 | 134 134 | 99.25 | Bacteroides_pectinophilus_gi_223956447_ref_NZ_ scaffold41186__6.4
			  Gap between these two alignments (local misassembly). Inconsistency = 146 
			Real Alignment 4: 3352 3470 | 957 839 | 119 119 | 99.16 | Bacteroides_pectinophilus_gi_223956447_ref_NZ_ scaffold41186__6.4
			  Gap between these two alignments (local misassembly). Inconsistency = 142 
			Real Alignment 5: 3078 3208 | 1089 959 | 131 131 | 99.24 | Bacteroides_pectinophilus_gi_223956447_ref_NZ_ scaffold41186__6.4

CONTIG: scaffold55789_15.0 (617bp)
Top Length: 293  Top ID: 99.32
		This contig is misassembled. 2 total aligns.
			Real Alignment 1: 14751 15043 | 1 293 | 293 293 | 99.32 | Bacteroides_pectinophilus_gi_223956447_ref_NZ_ scaffold55789_15.0
			  Gap between these two alignments (local misassembly). Inconsistency = 118 
			Real Alignment 2: 15163 15435 | 295 567 | 273 273 | 98.53 | Bacteroides_pectinophilus_gi_223956447_ref_NZ_ scaffold55789_15.0

CONTIG: scaffold57357_10.7 (545bp)
Top Length: 460  Top ID: 100.0
		This contig is misassembled. 2 total aligns.
			Real Alignment 1: 26225 26684 | 1 460 | 460 460 | 100.0 | Bacteroides_pectinophilus_gi_223956447_ref_NZ_ scaffold57357_10.7
			  Gap between these two alignments (local misassembly). Inconsistency = 140 
			Real Alignment 2: 26845 26909 | 481 545 | 65 65 | 100.0 | Bacteroides_pectinophilus_gi_223956447_ref_NZ_ scaffold57357_10.7

CONTIG: C722554_38.0 (528bp)
Top Length: 525  Top ID: 99.43
		One align captures most of this contig: 13845 14369 | 525 1 | 525 525 | 99.43 | Bacteroides_pectinophilus_gi_223956447_ref_NZ_ C722554_38.0

CONTIG: C723690_41.0 (538bp)
Top Length: 538  Top ID: 98.33
		One align captures most of this contig: 17679 18216 | 1 538 | 538 538 | 98.33 | Bacteroides_pectinophilus_gi_223956447_ref_NZ_ C723690_41.0

CONTIG: C730882_16.0 (624bp)
Top Length: 624  Top ID: 100.0
		One align captures most of this contig: 16294 16917 | 624 1 | 624 624 | 100.0 | Bacteroides_pectinophilus_gi_223956447_ref_NZ_ C730882_16.0

Analyzing coverage...
Writing SNPs into /Molly/gurevich/MetaQUAST/res_final/res_metahit_final/runs_per_reference/Bacteroides_pectinophilus/contigs_reports/nucmer_output/SOAPdenovo2.used_snps
	Reference Bacteroides_pectinophilus_gi_223956447_ref_NZ_: 20 total alignments. 1 total regions.
		Region: 1 to 29332 (29332 bp)
			START in gap: 1 to 3078 (3077 bp)
			Align 1: 3078 3208 scaffold41186__6.4 1089 959
				Gap between this and next alignment: 3208 to 3352 (143 bp)
				Next Alignment: 3352 3470 scaffold41186__6.4 957 839

			Align 2: 3352 3470 scaffold41186__6.4 957 839
				Gap between this and next alignment: 3470 to 3632 (161 bp)
				Next Alignment: 3632 3765 scaffold41186__6.4 823 690

			Align 3: 3632 3765 scaffold41186__6.4 823 690
				Gap between this and next alignment: 3765 to 3892 (126 bp)
				Next Alignment: 3892 4396 scaffold41186__6.4 688 183

			Align 4: 3892 4396 scaffold41186__6.4 688 183
				Gap between this and next alignment: 4396 to 4575 (178 bp)
				Next Alignment: 4575 4727 scaffold41186__6.4 154 1

			Align 5: 4575 4727 scaffold41186__6.4 154 1
				Gap between this and next alignment: 4727 to 13845 (9117 bp)
				Next Alignment: 13845 14369 C722554_38.0 525 1

			Align 6: 13845 14369 C722554_38.0 525 1
				Gap between this and next alignment: 14369 to 14751 (381 bp)
				Next Alignment: 14751 15043 scaffold55789_15.0 1 293

			Align 7: 14751 15043 scaffold55789_15.0 1 293
				Gap between this and next alignment: 15043 to 15163 (119 bp)
				Next Alignment: 15163 15435 scaffold55789_15.0 295 567

			Align 8: 15163 15435 scaffold55789_15.0 295 567
				Gap between this and next alignment: 15435 to 16294 (858 bp)
				Next Alignment: 16294 16917 C730882_16.0 624 1

			Align 9: 16294 16917 C730882_16.0 624 1
				Gap between this and next alignment: 16917 to 17679 (761 bp)
				Next Alignment: 17679 18216 C723690_41.0 1 538

			Align 10: 17679 18216 C723690_41.0 1 538
				Gap between this and next alignment: 18216 to 20099 (1882 bp)
				Next Alignment: 20099 20237 scaffold9022__3.3 508 370

			Align 11: 20099 20237 scaffold9022__3.3 508 370
				Gap between this and next alignment: 20237 to 20457 (219 bp)
				Next Alignment: 20457 20531 scaffold9022__3.3 300 226

			Align 12: 20457 20531 scaffold9022__3.3 300 226
				Gap between this and next alignment: 20531 to 20748 (216 bp)
				Next Alignment: 20748 20905 scaffold9022__3.3 158 1

			Align 13: 20748 20905 scaffold9022__3.3 158 1
				Negative gap (overlap) between this and next alignment: 20905 to 20902 (-3 bp)
				Next Alignment: 20902 21022 scaffold25108__2.5 1 121

			Previous gap was negative, modifying coordinates to ignore overlap
				Moving contig start from 1 to 5.
			Align 14: 20906 21022 scaffold25108__2.5 5 121
				Gap between this and next alignment: 21022 to 21210 (187 bp)
				Next Alignment: 21210 21512 scaffold25108__2.5 158 459

			Align 15: 21210 21512 scaffold25108__2.5 158 459
				Gap between this and next alignment: 21512 to 21724 (211 bp)
				Next Alignment: 21724 21863 scaffold25108__2.5 526 665

			Align 16: 21724 21863 scaffold25108__2.5 526 665
				Gap between this and next alignment: 21863 to 24831 (2967 bp)
				Next Alignment: 24831 24914 scaffold19306_12.3 293 210

			Align 17: 24831 24914 scaffold19306_12.3 293 210
				Gap between this and next alignment: 24914 to 25060 (145 bp)
				Next Alignment: 25060 25265 scaffold19306_12.3 207 2

			Align 18: 25060 25265 scaffold19306_12.3 207 2
				Gap between this and next alignment: 25265 to 26225 (959 bp)
				Next Alignment: 26225 26684 scaffold57357_10.7 1 460

			Align 19: 26225 26684 scaffold57357_10.7 1 460
				Gap between this and next alignment: 26684 to 26845 (160 bp)
				Next Alignment: 26845 26909 scaffold57357_10.7 481 545

			Align 20: 26845 26909 scaffold57357_10.7 481 545
			END in gap: 26909 to 29332 (2423 bp)

Analysis is finished!
Founded SNPs were written into /Molly/gurevich/MetaQUAST/res_final/res_metahit_final/runs_per_reference/Bacteroides_pectinophilus/contigs_reports/nucmer_output/SOAPdenovo2.used_snps

Results:
	Local Misassemblies: 10
	Misassemblies: 0
		Relocations: 0
		Translocations: 0
		Inversions: 0
	Fake misassemblies matched with structural variations: 0
	Misassembled Contigs: 0
	Misassembled Contig Bases: 0
	Misassemblies Inter-Contig Overlap: 0
Uncovered Regions: 0 (0)
Unaligned Contigs: 0 + 1 part
Partially Unaligned Contigs with Misassemblies: 1
Unaligned Contig Bases: 446

Ambiguously Mapped Contigs: 0
Total Bases in Ambiguously Mapped Contigs: 0
Note that --allow-ambiguity option was set to "one" and only first alignment per each contig was used.

	Covered Bases: 5042

	SNPs: 26
	Insertions: 2
	Deletions: 1

	Positive Gaps: 20
		Internal Gaps:  11
		External Gaps:  9
		External Gap Total:  22425
		External Gap Average: 2492
	Negative Gaps: 1
		Internal Overlaps:  0
		External Overlaps:  1
		External Overlaps Total: -3
		External Overlaps Average: -3
	Contigs with Redundant Alignments: 0 (0)
