Aligning contigs to reference...
	Using existing Nucmer alignments...
Parsing coords...
Loading reference...
	Loaded [Bacteroides_pectinophilus_gi_223956447_ref_NZ_]
Loading SNPs...
Loading regions...
	No regions given, using whole reference.
	Total Regions: 1
	Total Region Length: 29332
Analyzing contigs...
CONTIG: scaffold_516 (34820bp)
Top Length: 923  Top ID: 99.02
		Skipping redundant alignment 12978 13139 | 34820 34659 | 162 162 | 99.38 | Bacteroides_pectinophilus_gi_223956447_ref_NZ_ scaffold_516
		This contig is partially unaligned. (Aligned 923 out of 34820 bases)
		Alignment: 17548 18470 | 34820 33898 | 923 923 | 99.02 | Bacteroides_pectinophilus_gi_223956447_ref_NZ_ scaffold_516
		Unaligned bases: 1 to 33897 (33897)
		This contig has both significant aligned and unaligned parts (of length >= min-contig)! It can contain interspecies translocations

CONTIG: scaffold_1126 (10709bp)
Top Length: 756  Top ID: 95.77
		Skipping redundant alignment 28796 29332 | 272 811 | 537 540 | 96.48 | Bacteroides_pectinophilus_gi_223956447_ref_NZ_ scaffold_1126
		This contig is misassembled. 3 total aligns.
			Warning! This contig is more unaligned than misassembled. Contig length is 10709 and total length of all aligns is 842
		Alignment: 27941 28695 | 198 953 | 755 756 | 95.77 | Bacteroides_pectinophilus_gi_223956447_ref_NZ_ scaffold_1126
		Alignment: 2249 2557 | 729 1039 | 309 311 | 97.75 | Bacteroides_pectinophilus_gi_223956447_ref_NZ_ scaffold_1126
		Unaligned bases: 9867
		This contig has both significant aligned and unaligned parts (of length >= min-contig)! It can contain interspecies translocations
CONTIG: scaffold_2263 (3815bp)
Top Length: 93  Top ID: 100.0
		This contig is partially unaligned. (Aligned 93 out of 3815 bases)
		Alignment: 12033 12125 | 1 93 | 93 93 | 100.0 | Bacteroides_pectinophilus_gi_223956447_ref_NZ_ scaffold_2263
		Unaligned bases: 94 to 3815 (3722)

CONTIG: scaffold_4712 (2231bp)
Top Length: 2231  Top ID: 99.55
		One align captures most of this contig: 3137 5363 | 2231 1 | 2227 2231 | 99.55 | Bacteroides_pectinophilus_gi_223956447_ref_NZ_ scaffold_4712

CONTIG: scaffold_6509 (2044bp)
Top Length: 540  Top ID: 95.2
		This contig is partially unaligned. (Aligned 540 out of 2044 bases)
		Alignment: 13150 13691 | 540 1 | 542 540 | 95.2 | Bacteroides_pectinophilus_gi_223956447_ref_NZ_ scaffold_6509
		Unaligned bases: 541 to 2044 (1504)
		This contig has both significant aligned and unaligned parts (of length >= min-contig)! It can contain interspecies translocations

CONTIG: scaffold_7429 (2768bp)
Top Length: 2768  Top ID: 98.56
		Marking as insignificant: 1 684 | 684 1 | 684 684 | 98.54 | Bacteroides_pectinophilus_gi_223956447_ref_NZ_ scaffold_7429
		One align captures most of this contig: 8056 10829 | 2768 1 | 2774 2768 | 98.56 | Bacteroides_pectinophilus_gi_223956447_ref_NZ_ scaffold_7429

CONTIG: scaffold_7649 (3791bp)
Top Length: 3695  Top ID: 99.32
		Skipping redundant alignment 862 1520 | 1791 2449 | 659 659 | 98.48 | Bacteroides_pectinophilus_gi_223956447_ref_NZ_ scaffold_7649
		This contig is partially unaligned. (Aligned 3695 out of 3791 bases)
		Alignment: 13593 17285 | 1 3695 | 3693 3695 | 99.32 | Bacteroides_pectinophilus_gi_223956447_ref_NZ_ scaffold_7649
		Unaligned bases: 3696 to 3791 (96)

CONTIG: scaffold_9510 (2686bp)
Top Length: 1343  Top ID: 99.63
		This contig is misassembled. 2 total aligns.
			Real Alignment 1: 21647 22987 | 1343 1 | 1341 1343 | 99.63 | Bacteroides_pectinophilus_gi_223956447_ref_NZ_ scaffold_9510
			  Fake misassembly between these two alignments: inconsistency = 0 , gap in the contig is small or absent or filled mostly with Ns (no indel; 9 mismatches)
			Real Alignment 2: 20303 21512 | 2686 1478 | 1210 1209 | 99.75 | Bacteroides_pectinophilus_gi_223956447_ref_NZ_ scaffold_9510

CONTIG: scaffold_10208 (2666bp)
Top Length: 2666  Top ID: 98.91
		One align captures most of this contig: 24317 26977 | 1 2666 | 2661 2666 | 98.91 | Bacteroides_pectinophilus_gi_223956447_ref_NZ_ scaffold_10208

CONTIG: scaffold_11885 (1138bp)
Top Length: 164  Top ID: 96.34
		This contig is partially unaligned. (Aligned 164 out of 1138 bases)
		Alignment: 2578 2741 | 130 293 | 164 164 | 96.34 | Bacteroides_pectinophilus_gi_223956447_ref_NZ_ scaffold_11885
		Unaligned bases: 1 to 129 (129)
		Unaligned bases: 294 to 1138 (845)

CONTIG: scaffold_13689 (1793bp)
Top Length: 1793  Top ID: 97.27
		One align captures most of this contig: 11137 12931 | 1 1793 | 1795 1793 | 97.27 | Bacteroides_pectinophilus_gi_223956447_ref_NZ_ scaffold_13689

CONTIG: scaffold_19548 (770bp)
Top Length: 770  Top ID: 98.05
		One align captures most of this contig: 23527 24296 | 770 1 | 770 770 | 98.05 | Bacteroides_pectinophilus_gi_223956447_ref_NZ_ scaffold_19548

CONTIG: scaffold_21107 (723bp)
Top Length: 200  Top ID: 97.5
		Skipping redundant alignment 12807 12909 | 103 1 | 103 103 | 97.09 | Bacteroides_pectinophilus_gi_223956447_ref_NZ_ scaffold_21107
		This contig is partially unaligned. (Aligned 200 out of 723 bases)
		Alignment: 17280 17479 | 200 1 | 200 200 | 97.5 | Bacteroides_pectinophilus_gi_223956447_ref_NZ_ scaffold_21107
		Unaligned bases: 201 to 723 (523)

CONTIG: scaffold_22880 (678bp)
Top Length: 585  Top ID: 97.09
		Skipping redundant alignment 28220 28693 | 678 205 | 474 474 | 98.52 | Bacteroides_pectinophilus_gi_223956447_ref_NZ_ scaffold_22880
		This contig is partially unaligned. (Aligned 585 out of 678 bases)
		Alignment: 27190 27774 | 678 94 | 585 585 | 97.09 | Bacteroides_pectinophilus_gi_223956447_ref_NZ_ scaffold_22880
		Unaligned bases: 1 to 93 (93)

CONTIG: scaffold_22926 (677bp)
Top Length: 677  Top ID: 95.86
		One align captures most of this contig: 6805 7481 | 677 1 | 677 677 | 95.86 | Bacteroides_pectinophilus_gi_223956447_ref_NZ_ scaffold_22926

CONTIG: scaffold_23053 (674bp)
Top Length: 674  Top ID: 99.7
		One align captures most of this contig: 5489 6161 | 1 674 | 673 674 | 99.7 | Bacteroides_pectinophilus_gi_223956447_ref_NZ_ scaffold_23053

CONTIG: scaffold_24100 (652bp)
Top Length: 386  Top ID: 99.22
		This contig is partially unaligned. (Aligned 386 out of 652 bases)
		Alignment: 18503 18887 | 386 1 | 385 386 | 99.22 | Bacteroides_pectinophilus_gi_223956447_ref_NZ_ scaffold_24100
		Unaligned bases: 387 to 652 (266)

CONTIG: scaffold_24856 (635bp)
Top Length: 110  Top ID: 99.09
		This contig is partially unaligned. (Aligned 110 out of 635 bases)
		Alignment: 6673 6782 | 635 526 | 110 110 | 99.09 | Bacteroides_pectinophilus_gi_223956447_ref_NZ_ scaffold_24856
		Unaligned bases: 1 to 525 (525)

CONTIG: scaffold_27144 (590bp)
Top Length: 588  Top ID: 99.83
		Marking as insignificant: 586 761 | 590 415 | 176 176 | 99.43 | Bacteroides_pectinophilus_gi_223956447_ref_NZ_ scaffold_27144
		One align captures most of this contig: 10731 11318 | 590 3 | 588 588 | 99.83 | Bacteroides_pectinophilus_gi_223956447_ref_NZ_ scaffold_27144

CONTIG: scaffold_27279 (587bp)
Top Length: 262  Top ID: 95.42
		This contig is partially unaligned. (Aligned 262 out of 587 bases)
		Alignment: 5164 5425 | 1 262 | 262 262 | 95.42 | Bacteroides_pectinophilus_gi_223956447_ref_NZ_ scaffold_27279
		Unaligned bases: 263 to 587 (325)

CONTIG: scaffold_28167 (559bp)
Top Length: 164  Top ID: 100.0
			Skipping redundant alignments after choosing the best set of alignments
		Skipping redundant alignment 17483 17646 | 396 559 | 164 164 | 100.0 | Bacteroides_pectinophilus_gi_223956447_ref_NZ_ scaffold_28167
		This contig is partially unaligned. (Aligned 164 out of 559 bases)
		Alignment: 12913 13076 | 396 559 | 164 164 | 99.39 | Bacteroides_pectinophilus_gi_223956447_ref_NZ_ scaffold_28167
		Unaligned bases: 1 to 395 (395)

CONTIG: scaffold_29824 (516bp)
Top Length: 234  Top ID: 96.15
		This contig is partially unaligned. (Aligned 234 out of 516 bases)
		Alignment: 6082 6315 | 516 283 | 234 234 | 96.15 | Bacteroides_pectinophilus_gi_223956447_ref_NZ_ scaffold_29824
		Unaligned bases: 1 to 282 (282)

Analyzing coverage...
Writing SNPs into /Molly/gurevich/MetaQUAST/res_final/res_metahit_final/runs_per_reference/Bacteroides_pectinophilus/contigs_reports/nucmer_output/IDBA_UD.used_snps
	Reference Bacteroides_pectinophilus_gi_223956447_ref_NZ_: 24 total alignments. 1 total regions.
		Region: 1 to 29332 (29332 bp)
			START in gap: 1 to 2249 (2248 bp)
			Align 1: 2249 2557 scaffold_1126 729 1039
				Gap between this and next alignment: 2557 to 2578 (20 bp)
				Next Alignment: 2578 2741 scaffold_11885 130 293

			Align 2: 2578 2741 scaffold_11885 130 293
				Gap between this and next alignment: 2741 to 3137 (395 bp)
				Next Alignment: 3137 5363 scaffold_4712 2231 1

			Align 3: 3137 5363 scaffold_4712 2231 1
				Negative gap (overlap) between this and next alignment: 5363 to 5164 (-199 bp)
				Next Alignment: 5164 5425 scaffold_27279 1 262

			Previous gap was negative, modifying coordinates to ignore overlap
				Moving contig start from 1 to 201.
			Align 4: 5364 5425 scaffold_27279 201 262
				Gap between this and next alignment: 5425 to 5489 (63 bp)
				Next Alignment: 5489 6161 scaffold_23053 1 674

			Align 5: 5489 6161 scaffold_23053 1 674
				Negative gap (overlap) between this and next alignment: 6161 to 6082 (-79 bp)
				Next Alignment: 6082 6315 scaffold_29824 516 283

			Previous gap was negative, modifying coordinates to ignore overlap
				Moving contig start from 516 to 436.
			Align 6: 6162 6315 scaffold_29824 436 283
				Gap between this and next alignment: 6315 to 6673 (357 bp)
				Next Alignment: 6673 6782 scaffold_24856 635 526

			Align 7: 6673 6782 scaffold_24856 635 526
				Gap between this and next alignment: 6782 to 6805 (22 bp)
				Next Alignment: 6805 7481 scaffold_22926 677 1

			Align 8: 6805 7481 scaffold_22926 677 1
				Gap between this and next alignment: 7481 to 8056 (574 bp)
				Next Alignment: 8056 10829 scaffold_7429 2768 1

			Align 9: 8056 10829 scaffold_7429 2768 1
				Negative gap (overlap) between this and next alignment: 10829 to 10731 (-98 bp)
				Next Alignment: 10731 11318 scaffold_27144 590 3

			Previous gap was negative, modifying coordinates to ignore overlap
				Moving contig start from 590 to 491.
			Align 10: 10830 11318 scaffold_27144 491 3
				Negative gap (overlap) between this and next alignment: 11318 to 11137 (-181 bp)
				Next Alignment: 11137 12931 scaffold_13689 1 1793

			Previous gap was negative, modifying coordinates to ignore overlap
				Moving contig start from 1 to 183.
			Align 11: 11319 12931 scaffold_13689 183 1793
				The next alignment (12033 12125 scaffold_2263 1 93) is redundant. Skipping.
				Negative gap (overlap) between this and next alignment: 12931 to 12913 (-18 bp)
				Next Alignment: 12913 13076 scaffold_28167 396 559

			Previous gap was negative, modifying coordinates to ignore overlap
				Moving contig start from 396 to 415.
			Align 13: 12932 13076 scaffold_28167 415 559
				Gap between this and next alignment: 13076 to 13150 (73 bp)
				Next Alignment: 13150 13691 scaffold_6509 540 1

			Align 14: 13150 13691 scaffold_6509 540 1
				Negative gap (overlap) between this and next alignment: 13691 to 13593 (-98 bp)
				Next Alignment: 13593 17285 scaffold_7649 1 3695

			Previous gap was negative, modifying coordinates to ignore overlap
				Moving contig start from 1 to 100.
			Align 15: 13692 17285 scaffold_7649 100 3695
				Negative gap (overlap) between this and next alignment: 17285 to 17280 (-5 bp)
				Next Alignment: 17280 17479 scaffold_21107 200 1

			Previous gap was negative, modifying coordinates to ignore overlap
				Moving contig start from 200 to 194.
			Align 16: 17286 17479 scaffold_21107 194 1
				Gap between this and next alignment: 17479 to 17548 (68 bp)
				Next Alignment: 17548 18470 scaffold_516 34820 33898

			Align 17: 17548 18470 scaffold_516 34820 33898
				Gap between this and next alignment: 18470 to 18503 (32 bp)
				Next Alignment: 18503 18887 scaffold_24100 386 1

			Align 18: 18503 18887 scaffold_24100 386 1
				Gap between this and next alignment: 18887 to 20303 (1415 bp)
				Next Alignment: 20303 21512 scaffold_9510 2686 1478

			Align 19: 20303 21512 scaffold_9510 2686 1478
				Gap between this and next alignment: 21512 to 21647 (134 bp)
				Next Alignment: 21647 22987 scaffold_9510 1343 1

			Align 20: 21647 22987 scaffold_9510 1343 1
				Gap between this and next alignment: 22987 to 23527 (539 bp)
				Next Alignment: 23527 24296 scaffold_19548 770 1

			Align 21: 23527 24296 scaffold_19548 770 1
				Gap between this and next alignment: 24296 to 24317 (20 bp)
				Next Alignment: 24317 26977 scaffold_10208 1 2666

			Align 22: 24317 26977 scaffold_10208 1 2666
				Gap between this and next alignment: 26977 to 27190 (212 bp)
				Next Alignment: 27190 27774 scaffold_22880 678 94

			Align 23: 27190 27774 scaffold_22880 678 94
				Gap between this and next alignment: 27774 to 27941 (166 bp)
				Next Alignment: 27941 28695 scaffold_1126 198 953

			Align 24: 27941 28695 scaffold_1126 198 953
			END in gap: 28695 to 29332 (637 bp)

Analysis is finished!
Founded SNPs were written into /Molly/gurevich/MetaQUAST/res_final/res_metahit_final/runs_per_reference/Bacteroides_pectinophilus/contigs_reports/nucmer_output/IDBA_UD.used_snps

Results:
	Local Misassemblies: 0
	Misassemblies: 0
		Relocations: 0
		Translocations: 0
		Inversions: 0
	Fake misassemblies matched with structural variations: 0
	Misassembled Contigs: 0
	Misassembled Contig Bases: 0
	Misassemblies Inter-Contig Overlap: 0
Uncovered Regions: 0 (0)
Unaligned Contigs: 0 + 13 part
Partially Unaligned Contigs with Misassemblies: 1
Unaligned Contig Bases: 52469

Ambiguously Mapped Contigs: 0
Total Bases in Ambiguously Mapped Contigs: 0
Note that --allow-ambiguity option was set to "one" and only first alignment per each contig was used.

	Covered Bases: 22357

	SNPs: 271
	Insertions: 23
	Deletions: 16

	Positive Gaps: 17
		Internal Gaps:  1
		External Gaps:  16
		External Gap Total:  6841
		External Gap Average: 428
	Negative Gaps: 7
		Internal Overlaps:  0
		External Overlaps:  7
		External Overlaps Total: -678
		External Overlaps Average: -97
	Contigs with Redundant Alignments: 1 (93)
