Aligning contigs to reference...
	Using existing Nucmer alignments...
Parsing coords...
Loading reference...
	Loaded [Eubacterium_rectale_M104_1_gi_479213596_ref_NC_]
Loading SNPs...
Loading regions...
	No regions given, using whole reference.
	Total Regions: 1
	Total Region Length: 3698419
Analyzing contigs...
CONTIG: scaffold712__7.7 (1600bp)
Top Length: 1148  Top ID: 97.82
		This contig is partially unaligned. (Aligned 1148 out of 1600 bases)
		Alignment: 1409072 1410218 | 405 1552 | 1147 1148 | 97.82 | Eubacterium_rectale_M104_1_gi_479213596_ref_NC_ scaffold712__7.7
		Unaligned bases: 1 to 404 (404)
		Unaligned bases: 1553 to 1600 (48)

CONTIG: scaffold1697__3.4 (1370bp)
Top Length: 70  Top ID: 100.0
		This contig is partially unaligned. (Aligned 70 out of 1370 bases)
		Alignment: 277582 277651 | 817 748 | 70 70 | 100.0 | Eubacterium_rectale_M104_1_gi_479213596_ref_NC_ scaffold1697__3.4
		Unaligned bases: 1 to 747 (747)
		Unaligned bases: 818 to 1370 (553)

CONTIG: scaffold3661__2.4 (756bp)
Top Length: 158  Top ID: 98.73
		This contig is misassembled. 2 total aligns.
			Warning! This contig is more unaligned than misassembled. Contig length is 756 and total length of all aligns is 260
		Alignment: 270006 270107 | 102 1 | 102 102 | 99.02 | Eubacterium_rectale_M104_1_gi_479213596_ref_NC_ scaffold3661__2.4
		Alignment: 269612 269769 | 346 189 | 158 158 | 98.73 | Eubacterium_rectale_M104_1_gi_479213596_ref_NC_ scaffold3661__2.4
		Unaligned bases: 496
CONTIG: scaffold3802__1.5 (570bp)
Top Length: 175  Top ID: 98.29
		This contig is partially unaligned. (Aligned 175 out of 570 bases)
		Alignment: 622100 622274 | 396 570 | 175 175 | 98.29 | Eubacterium_rectale_M104_1_gi_479213596_ref_NC_ scaffold3802__1.5
		Unaligned bases: 1 to 395 (395)

CONTIG: scaffold4418__8.6 (1497bp)
Top Length: 419  Top ID: 99.05
		This contig is misassembled. 2 total aligns.
			Warning! This contig is more unaligned than misassembled. Contig length is 1497 and total length of all aligns is 687
		Alignment: 2401743 2402161 | 610 192 | 419 419 | 99.05 | Eubacterium_rectale_M104_1_gi_479213596_ref_NC_ scaffold4418__8.6
		Alignment: 2413784 2414051 | 1497 1230 | 268 268 | 97.39 | Eubacterium_rectale_M104_1_gi_479213596_ref_NC_ scaffold4418__8.6
		Unaligned bases: 810
		This contig has both significant aligned and unaligned parts (of length >= min-contig)! It can contain interspecies translocations
CONTIG: scaffold7109__4.7 (1238bp)
Top Length: 282  Top ID: 98.94
		This contig is misassembled. 2 total aligns.
			Warning! This contig is more unaligned than misassembled. Contig length is 1238 and total length of all aligns is 498
		Alignment: 300314 300595 | 309 590 | 282 282 | 98.94 | Eubacterium_rectale_M104_1_gi_479213596_ref_NC_ scaffold7109__4.7
		Alignment: 300792 301008 | 645 860 | 217 216 | 97.7 | Eubacterium_rectale_M104_1_gi_479213596_ref_NC_ scaffold7109__4.7
		Unaligned bases: 740
CONTIG: scaffold7340_12.4 (1001bp)
Top Length: 618  Top ID: 100.0
		This contig is misassembled. 3 total aligns.
			Real Alignment 1: 109582 109686 | 1 105 | 105 105 | 100.0 | Eubacterium_rectale_M104_1_gi_479213596_ref_NC_ scaffold7340_12.4
			  Gap between these two alignments (local misassembly). Inconsistency = 149 
			Real Alignment 2: 109915 110069 | 185 339 | 155 155 | 100.0 | Eubacterium_rectale_M104_1_gi_479213596_ref_NC_ scaffold7340_12.4
			  Gap between these two alignments (local misassembly). Inconsistency = 153 
			Real Alignment 3: 110267 110884 | 384 1001 | 618 618 | 100.0 | Eubacterium_rectale_M104_1_gi_479213596_ref_NC_ scaffold7340_12.4

CONTIG: scaffold9266__5.3 (1287bp)
Top Length: 469  Top ID: 96.8
		Skipping redundant alignment 1273171 1273426 | 490 745 | 256 256 | 98.44 | Eubacterium_rectale_M104_1_gi_479213596_ref_NC_ scaffold9266__5.3
		Skipping redundant alignment 1274174 1274268 | 1167 1261 | 95 95 | 100.0 | Eubacterium_rectale_M104_1_gi_479213596_ref_NC_ scaffold9266__5.3
		This contig is misassembled. 4 total aligns.
			Warning! This contig is more unaligned than misassembled. Contig length is 1287 and total length of all aligns is 607
		Alignment: 1510629 1511097 | 744 276 | 469 469 | 96.8 | Eubacterium_rectale_M104_1_gi_479213596_ref_NC_ scaffold9266__5.3
		Alignment: 1509926 1510063 | 1261 1124 | 138 138 | 99.28 | Eubacterium_rectale_M104_1_gi_479213596_ref_NC_ scaffold9266__5.3
		Unaligned bases: 680
		This contig has both significant aligned and unaligned parts (of length >= min-contig)! It can contain interspecies translocations
CONTIG: scaffold9680__4.9 (805bp)
Top Length: 233  Top ID: 97.0
		This contig is partially unaligned. (Aligned 233 out of 805 bases)
		Alignment: 3281147 3281379 | 399 167 | 233 233 | 97.0 | Eubacterium_rectale_M104_1_gi_479213596_ref_NC_ scaffold9680__4.9
		Unaligned bases: 1 to 166 (166)
		Unaligned bases: 400 to 805 (406)

CONTIG: scaffold9961__3.1 (684bp)
Top Length: 81  Top ID: 98.77
		This contig is partially unaligned. (Aligned 81 out of 684 bases)
		Alignment: 1135507 1135587 | 684 604 | 81 81 | 98.77 | Eubacterium_rectale_M104_1_gi_479213596_ref_NC_ scaffold9961__3.1
		Unaligned bases: 1 to 603 (603)

CONTIG: scaffold10024__6.5 (2584bp)
Top Length: 1613  Top ID: 98.26
		This contig is misassembled. 2 total aligns.
			Real Alignment 1: 436160 436993 | 946 113 | 834 834 | 96.88 | Eubacterium_rectale_M104_1_gi_479213596_ref_NC_ scaffold10024__6.5
			  Gap between these two alignments (local misassembly). Inconsistency = 142 
			Real Alignment 2: 434380 435992 | 2584 972 | 1613 1613 | 98.26 | Eubacterium_rectale_M104_1_gi_479213596_ref_NC_ scaffold10024__6.5

CONTIG: scaffold11805_14.1 (885bp)
Top Length: 298  Top ID: 99.33
		This contig is partially unaligned. (Aligned 298 out of 885 bases)
		Alignment: 3275635 3275932 | 226 523 | 298 298 | 99.33 | Eubacterium_rectale_M104_1_gi_479213596_ref_NC_ scaffold11805_14.1
		Unaligned bases: 1 to 225 (225)
		Unaligned bases: 524 to 885 (362)

CONTIG: scaffold12096__2.1 (806bp)
Top Length: 108  Top ID: 99.07
		This contig is misassembled. 3 total aligns.
			Warning! This contig is more unaligned than misassembled. Contig length is 806 and total length of all aligns is 289
		Alignment: 2256465 2256572 | 1 108 | 108 108 | 99.07 | Eubacterium_rectale_M104_1_gi_479213596_ref_NC_ scaffold12096__2.1
		Alignment: 2257132 2257226 | 376 470 | 95 95 | 100.0 | Eubacterium_rectale_M104_1_gi_479213596_ref_NC_ scaffold12096__2.1
		Alignment: 2257456 2257541 | 562 647 | 86 86 | 98.84 | Eubacterium_rectale_M104_1_gi_479213596_ref_NC_ scaffold12096__2.1
		Unaligned bases: 517
CONTIG: scaffold16125__6.5 (698bp)
Top Length: 245  Top ID: 98.78
		This contig is partially unaligned. (Aligned 245 out of 698 bases)
		Alignment: 2271470 2271713 | 114 358 | 244 245 | 98.78 | Eubacterium_rectale_M104_1_gi_479213596_ref_NC_ scaffold16125__6.5
		Unaligned bases: 1 to 113 (113)
		Unaligned bases: 359 to 698 (340)

CONTIG: scaffold16742__2.0 (851bp)
Top Length: 462  Top ID: 99.35
		This contig is misassembled. 3 total aligns.
			Real Alignment 1: 100650 100762 | 1 113 | 113 113 | 100.0 | Eubacterium_rectale_M104_1_gi_479213596_ref_NC_ scaffold16742__2.0
			  Gap between these two alignments (local misassembly). Inconsistency = 138 
			Real Alignment 2: 100978 101175 | 191 388 | 198 198 | 99.49 | Eubacterium_rectale_M104_1_gi_479213596_ref_NC_ scaffold16742__2.0
			  Gap between these two alignments (local misassembly). Inconsistency = 131 
			Real Alignment 3: 101308 101769 | 390 851 | 462 462 | 99.35 | Eubacterium_rectale_M104_1_gi_479213596_ref_NC_ scaffold16742__2.0

CONTIG: scaffold17911_13.7 (587bp)
Top Length: 272  Top ID: 100.0
		This contig is misassembled. 3 total aligns.
			Real Alignment 1: 278477 278590 | 1 114 | 114 114 | 100.0 | Eubacterium_rectale_M104_1_gi_479213596_ref_NC_ scaffold17911_13.7
			  Gap between these two alignments (local misassembly). Inconsistency = 144 
			Real Alignment 2: 278815 279086 | 195 466 | 272 272 | 100.0 | Eubacterium_rectale_M104_1_gi_479213596_ref_NC_ scaffold17911_13.7
			  Gap between these two alignments (local misassembly). Inconsistency = 143 
			Real Alignment 3: 279238 279350 | 475 587 | 113 113 | 100.0 | Eubacterium_rectale_M104_1_gi_479213596_ref_NC_ scaffold17911_13.7

CONTIG: scaffold18302__2.6 (557bp)
Top Length: 244  Top ID: 98.78
		This contig is partially unaligned. (Aligned 244 out of 557 bases)
		Alignment: 1965156 1965400 | 188 431 | 245 244 | 98.78 | Eubacterium_rectale_M104_1_gi_479213596_ref_NC_ scaffold18302__2.6
		Unaligned bases: 1 to 187 (187)
		Unaligned bases: 432 to 557 (126)

CONTIG: scaffold18801__3.1 (773bp)
Top Length: 336  Top ID: 99.11
		This contig is misassembled. 3 total aligns.
			Real Alignment 1: 1700636 1700820 | 185 1 | 185 185 | 99.46 | Eubacterium_rectale_M104_1_gi_479213596_ref_NC_ scaffold18801__3.1
			  Gap between these two alignments (local misassembly). Inconsistency = 154 
			Real Alignment 2: 1700314 1700396 | 353 271 | 83 83 | 100.0 | Eubacterium_rectale_M104_1_gi_479213596_ref_NC_ scaffold18801__3.1
			  Gap between these two alignments (local misassembly). Inconsistency = 147 
			Real Alignment 3: 1699747 1700082 | 773 438 | 336 336 | 99.11 | Eubacterium_rectale_M104_1_gi_479213596_ref_NC_ scaffold18801__3.1

CONTIG: scaffold19306_12.3 (736bp)
Top Length: 357  Top ID: 97.48
		This contig is misassembled. 3 total aligns.
			Real Alignment 1: 109104 109309 | 207 2 | 206 206 | 98.54 | Eubacterium_rectale_M104_1_gi_479213596_ref_NC_ scaffold19306_12.3
			  Gap between these two alignments (local misassembly). Inconsistency = 143 
			Real Alignment 2: 108875 108957 | 293 211 | 83 83 | 98.8 | Eubacterium_rectale_M104_1_gi_479213596_ref_NC_ scaffold19306_12.3
			  Extensive misassembly ( relocation, inconsistency = -375302 ) between these two alignments
			Real Alignment 3: 483734 484090 | 736 380 | 357 357 | 97.48 | Eubacterium_rectale_M104_1_gi_479213596_ref_NC_ scaffold19306_12.3

CONTIG: scaffold20227__4.0 (2215bp)
Top Length: 1010  Top ID: 97.52
		This contig is partially unaligned. (Aligned 1010 out of 2215 bases)
		Alignment: 2530515 2531524 | 201 1210 | 1010 1010 | 97.52 | Eubacterium_rectale_M104_1_gi_479213596_ref_NC_ scaffold20227__4.0
		Unaligned bases: 1 to 200 (200)
		Unaligned bases: 1211 to 2215 (1005)
		This contig has both significant aligned and unaligned parts (of length >= min-contig)! It can contain interspecies translocations

CONTIG: scaffold20718__3.2 (632bp)
Top Length: 116  Top ID: 98.28
		This contig is partially unaligned. (Aligned 116 out of 632 bases)
		Alignment: 2026599 2026714 | 349 464 | 116 116 | 98.28 | Eubacterium_rectale_M104_1_gi_479213596_ref_NC_ scaffold20718__3.2
		Unaligned bases: 1 to 348 (348)
		Unaligned bases: 465 to 632 (168)

CONTIG: scaffold21078__6.0 (509bp)
Top Length: 221  Top ID: 98.64
		This contig is misassembled. 2 total aligns.
			Real Alignment 1: 1369044 1369144 | 262 162 | 101 101 | 100.0 | Eubacterium_rectale_M104_1_gi_479213596_ref_NC_ scaffold21078__6.0
			  Gap between these two alignments (local misassembly). Inconsistency = 155 
			Real Alignment 2: 1368642 1368862 | 509 289 | 221 221 | 98.64 | Eubacterium_rectale_M104_1_gi_479213596_ref_NC_ scaffold21078__6.0

CONTIG: scaffold23589__2.6 (536bp)
Top Length: 259  Top ID: 99.23
		This contig is partially unaligned. (Aligned 259 out of 536 bases)
		Alignment: 100352 100610 | 122 380 | 259 259 | 99.23 | Eubacterium_rectale_M104_1_gi_479213596_ref_NC_ scaffold23589__2.6
		Unaligned bases: 1 to 121 (121)
		Unaligned bases: 381 to 536 (156)

CONTIG: scaffold32026__1.4 (625bp)
Top Length: 101  Top ID: 99.01
		This contig is misassembled. 2 total aligns.
			Warning! This contig is more unaligned than misassembled. Contig length is 625 and total length of all aligns is 201
		Alignment: 1592772 1592871 | 267 168 | 100 100 | 98.0 | Eubacterium_rectale_M104_1_gi_479213596_ref_NC_ scaffold32026__1.4
		Alignment: 1592119 1592219 | 625 525 | 101 101 | 99.01 | Eubacterium_rectale_M104_1_gi_479213596_ref_NC_ scaffold32026__1.4
		Unaligned bases: 424
CONTIG: scaffold33028__2.8 (998bp)
Top Length: 852  Top ID: 97.42
		This contig is misassembled. 2 total aligns.
			Real Alignment 1: 1986079 1986211 | 1 133 | 133 133 | 100.0 | Eubacterium_rectale_M104_1_gi_479213596_ref_NC_ scaffold33028__2.8
			  Gap between these two alignments (local misassembly). Inconsistency = 149 
			Real Alignment 2: 1986374 1987226 | 147 998 | 853 852 | 97.42 | Eubacterium_rectale_M104_1_gi_479213596_ref_NC_ scaffold33028__2.8

CONTIG: scaffold33678__7.9 (1589bp)
Top Length: 514  Top ID: 98.06
		This contig is misassembled. 2 total aligns.
			Real Alignment 1: 1717547 1718062 | 514 1 | 516 514 | 98.06 | Eubacterium_rectale_M104_1_gi_479213596_ref_NC_ scaffold33678__7.9
			  Extensive misassembly ( relocation, inconsistency = 1384248 ) between these two alignments
			Real Alignment 2: 3102755 3103190 | 959 1394 | 436 436 | 96.33 | Eubacterium_rectale_M104_1_gi_479213596_ref_NC_ scaffold33678__7.9
		This contig has significant unaligned parts (of length >= min-contig)! It can contain interspecies translocations

CONTIG: scaffold34144__8.5 (1247bp)
Top Length: 301  Top ID: 97.34
		This contig is partially unaligned. (Aligned 301 out of 1247 bases)
		Alignment: 1764506 1764806 | 947 1247 | 301 301 | 97.34 | Eubacterium_rectale_M104_1_gi_479213596_ref_NC_ scaffold34144__8.5
		Unaligned bases: 1 to 946 (946)

CONTIG: scaffold34544__7.7 (653bp)
Top Length: 135  Top ID: 97.78
		This contig is partially unaligned. (Aligned 135 out of 653 bases)
		Alignment: 1903877 1904011 | 135 1 | 135 135 | 97.78 | Eubacterium_rectale_M104_1_gi_479213596_ref_NC_ scaffold34544__7.7
		Unaligned bases: 136 to 653 (518)

CONTIG: scaffold34968__5.3 (786bp)
Top Length: 126  Top ID: 97.62
		This contig is partially unaligned. (Aligned 126 out of 786 bases)
		Alignment: 1525998 1526123 | 716 591 | 126 126 | 97.62 | Eubacterium_rectale_M104_1_gi_479213596_ref_NC_ scaffold34968__5.3
		Unaligned bases: 1 to 590 (590)
		Unaligned bases: 717 to 786 (70)

CONTIG: scaffold35376__3.3 (1010bp)
Top Length: 134  Top ID: 99.25
		This contig is misassembled. 2 total aligns.
			Warning! This contig is more unaligned than misassembled. Contig length is 1010 and total length of all aligns is 246
		Alignment: 1912954 1913065 | 737 848 | 112 112 | 100.0 | Eubacterium_rectale_M104_1_gi_479213596_ref_NC_ scaffold35376__3.3
		Alignment: 1913241 1913374 | 877 1010 | 134 134 | 99.25 | Eubacterium_rectale_M104_1_gi_479213596_ref_NC_ scaffold35376__3.3
		Unaligned bases: 764
CONTIG: scaffold35776__3.5 (604bp)
Top Length: 138  Top ID: 97.16
		This contig is partially unaligned. (Aligned 138 out of 604 bases)
		Alignment: 300116 300256 | 138 1 | 141 138 | 97.16 | Eubacterium_rectale_M104_1_gi_479213596_ref_NC_ scaffold35776__3.5
		Unaligned bases: 139 to 604 (466)

CONTIG: scaffold36979__3.6 (1612bp)
Top Length: 675  Top ID: 98.81
		This contig is misassembled. 4 total aligns.
			Real Alignment 1: 1982692 1983366 | 1 675 | 675 675 | 98.81 | Eubacterium_rectale_M104_1_gi_479213596_ref_NC_ scaffold36979__3.6
			  Gap between these two alignments (local misassembly). Inconsistency = 148 
			Real Alignment 2: 1983618 1983726 | 779 887 | 109 109 | 98.17 | Eubacterium_rectale_M104_1_gi_479213596_ref_NC_ scaffold36979__3.6
			  Gap between these two alignments (local misassembly). Inconsistency = 154 
			Real Alignment 3: 1983905 1984324 | 912 1331 | 420 420 | 98.81 | Eubacterium_rectale_M104_1_gi_479213596_ref_NC_ scaffold36979__3.6
			  Gap between these two alignments (local misassembly). Inconsistency = 86 
			Real Alignment 4: 1984487 1984691 | 1408 1612 | 205 205 | 98.54 | Eubacterium_rectale_M104_1_gi_479213596_ref_NC_ scaffold36979__3.6

CONTIG: scaffold37536__8.4 (849bp)
Top Length: 317  Top ID: 98.42
		This contig is misassembled. 2 total aligns.
			Real Alignment 1: 3100222 3100363 | 142 1 | 142 142 | 97.18 | Eubacterium_rectale_M104_1_gi_479213596_ref_NC_ scaffold37536__8.4
			  Gap between these two alignments (local misassembly). Inconsistency = 141 
			Real Alignment 2: 3099751 3100067 | 472 156 | 317 317 | 98.42 | Eubacterium_rectale_M104_1_gi_479213596_ref_NC_ scaffold37536__8.4

CONTIG: scaffold38467__3.1 (679bp)
Top Length: 163  Top ID: 98.77
		This contig is misassembled. 2 total aligns.
			Warning! This contig is more unaligned than misassembled. Contig length is 679 and total length of all aligns is 307
		Alignment: 1576967 1577110 | 144 1 | 144 144 | 99.31 | Eubacterium_rectale_M104_1_gi_479213596_ref_NC_ scaffold38467__3.1
		Alignment: 1576634 1576796 | 326 164 | 163 163 | 98.77 | Eubacterium_rectale_M104_1_gi_479213596_ref_NC_ scaffold38467__3.1
		Unaligned bases: 372
CONTIG: scaffold40876__8.9 (2057bp)
Top Length: 1906  Top ID: 98.9
		This contig is misassembled. 2 total aligns.
			Real Alignment 1: 3289040 3289189 | 1 150 | 150 150 | 99.33 | Eubacterium_rectale_M104_1_gi_479213596_ref_NC_ scaffold40876__8.9
			  Gap between these two alignments (local misassembly). Inconsistency = 131 
			Real Alignment 2: 3289322 3291227 | 152 2057 | 1906 1906 | 98.9 | Eubacterium_rectale_M104_1_gi_479213596_ref_NC_ scaffold40876__8.9

CONTIG: scaffold41372__7.2 (6486bp)
Top Length: 76  Top ID: 100.0
		This contig is partially unaligned. (Aligned 76 out of 6486 bases)
		Alignment: 2530397 2530472 | 76 1 | 76 76 | 100.0 | Eubacterium_rectale_M104_1_gi_479213596_ref_NC_ scaffold41372__7.2
		Unaligned bases: 77 to 6486 (6410)

CONTIG: scaffold42876__7.0 (644bp)
Top Length: 312  Top ID: 95.51
		This contig is misassembled. 2 total aligns.
			Real Alignment 1: 3283326 3283492 | 167 1 | 167 167 | 98.2 | Eubacterium_rectale_M104_1_gi_479213596_ref_NC_ scaffold42876__7.0
			  Gap between these two alignments (local misassembly). Inconsistency = 285 
			Real Alignment 2: 3282564 3282875 | 644 333 | 312 312 | 95.51 | Eubacterium_rectale_M104_1_gi_479213596_ref_NC_ scaffold42876__7.0

CONTIG: scaffold43428__3.5 (594bp)
Top Length: 157  Top ID: 98.73
		This contig is partially unaligned. (Aligned 157 out of 594 bases)
		Alignment: 39734 39890 | 1 157 | 157 157 | 98.73 | Eubacterium_rectale_M104_1_gi_479213596_ref_NC_ scaffold43428__3.5
		Unaligned bases: 158 to 594 (437)

CONTIG: scaffold43519__9.4 (790bp)
Top Length: 563  Top ID: 99.11
		This contig is partially unaligned. (Aligned 563 out of 790 bases)
		Alignment: 3288388 3288950 | 790 228 | 563 563 | 99.11 | Eubacterium_rectale_M104_1_gi_479213596_ref_NC_ scaffold43519__9.4
		Unaligned bases: 1 to 227 (227)

CONTIG: scaffold45557__3.8 (846bp)
Top Length: 184  Top ID: 98.91
		This contig is misassembled. 2 total aligns.
			Warning! This contig is more unaligned than misassembled. Contig length is 846 and total length of all aligns is 324
		Alignment: 2499512 2499651 | 422 283 | 140 140 | 97.86 | Eubacterium_rectale_M104_1_gi_479213596_ref_NC_ scaffold45557__3.8
		Alignment: 2499179 2499362 | 612 429 | 184 184 | 98.91 | Eubacterium_rectale_M104_1_gi_479213596_ref_NC_ scaffold45557__3.8
		Unaligned bases: 522
CONTIG: scaffold45823__6.7 (1043bp)
Top Length: 876  Top ID: 97.95
		This contig is partially unaligned. (Aligned 876 out of 1043 bases)
		Alignment: 3281698 3282573 | 168 1043 | 876 876 | 97.95 | Eubacterium_rectale_M104_1_gi_479213596_ref_NC_ scaffold45823__6.7
		Unaligned bases: 1 to 167 (167)

CONTIG: scaffold50999__2.5 (748bp)
Top Length: 480  Top ID: 97.08
		This contig is misassembled. 2 total aligns.
			Real Alignment 1: 7093 7290 | 1 198 | 198 198 | 96.97 | Eubacterium_rectale_M104_1_gi_479213596_ref_NC_ scaffold50999__2.5
			  Gap between these two alignments (local misassembly). Inconsistency = 152 
			Real Alignment 2: 7512 7991 | 268 747 | 480 480 | 97.08 | Eubacterium_rectale_M104_1_gi_479213596_ref_NC_ scaffold50999__2.5

CONTIG: scaffold52328__3.0 (520bp)
Top Length: 282  Top ID: 97.87
		This contig is misassembled. 2 total aligns.
			Real Alignment 1: 1720779 1720961 | 183 1 | 183 183 | 100.0 | Eubacterium_rectale_M104_1_gi_479213596_ref_NC_ scaffold52328__3.0
			  Extensive misassembly ( relocation, inconsistency = 1637 ) between these two alignments
			Real Alignment 2: 1718808 1719089 | 517 236 | 282 282 | 97.87 | Eubacterium_rectale_M104_1_gi_479213596_ref_NC_ scaffold52328__3.0

CONTIG: scaffold52338__8.5 (967bp)
Top Length: 213  Top ID: 98.59
		This contig is partially unaligned. (Aligned 213 out of 967 bases)
		Alignment: 1930709 1930921 | 213 1 | 213 213 | 98.59 | Eubacterium_rectale_M104_1_gi_479213596_ref_NC_ scaffold52338__8.5
		Unaligned bases: 214 to 967 (754)

CONTIG: scaffold52664__6.7 (790bp)
Top Length: 523  Top ID: 99.81
		This contig is misassembled. 2 total aligns.
			Real Alignment 1: 3103751 3103968 | 1 218 | 218 218 | 99.08 | Eubacterium_rectale_M104_1_gi_479213596_ref_NC_ scaffold52664__6.7
			  Gap between these two alignments (local misassembly). Inconsistency = 155 
			Real Alignment 2: 3104173 3104695 | 268 790 | 523 523 | 99.81 | Eubacterium_rectale_M104_1_gi_479213596_ref_NC_ scaffold52664__6.7

CONTIG: scaffold53883_11.6 (642bp)
Top Length: 239  Top ID: 98.33
		This contig is partially unaligned. (Aligned 239 out of 642 bases)
		Alignment: 431839 432077 | 1 239 | 239 239 | 98.33 | Eubacterium_rectale_M104_1_gi_479213596_ref_NC_ scaffold53883_11.6
		Unaligned bases: 240 to 642 (403)

CONTIG: scaffold54608__6.2 (2487bp)
Top Length: 145  Top ID: 98.62
		This contig is partially unaligned. (Aligned 145 out of 2487 bases)
		Alignment: 1578178 1578322 | 1991 2135 | 145 145 | 98.62 | Eubacterium_rectale_M104_1_gi_479213596_ref_NC_ scaffold54608__6.2
		Unaligned bases: 1 to 1990 (1990)
		Unaligned bases: 2136 to 2487 (352)

CONTIG: scaffold54887__2.1 (622bp)
Top Length: 281  Top ID: 99.64
		This contig is partially unaligned. (Aligned 281 out of 622 bases)
		Alignment: 469743 470023 | 622 342 | 281 281 | 99.64 | Eubacterium_rectale_M104_1_gi_479213596_ref_NC_ scaffold54887__2.1
		Unaligned bases: 1 to 341 (341)

CONTIG: scaffold55867__8.1 (1357bp)
Top Length: 428  Top ID: 95.56
		This contig is partially unaligned. (Aligned 428 out of 1357 bases)
		Alignment: 2219482 2219909 | 799 372 | 428 428 | 95.56 | Eubacterium_rectale_M104_1_gi_479213596_ref_NC_ scaffold55867__8.1
		Unaligned bases: 1 to 371 (371)
		Unaligned bases: 800 to 1357 (558)

CONTIG: scaffold56140__5.6 (818bp)
Top Length: 309  Top ID: 97.41
		This contig is misassembled. 2 total aligns.
			Real Alignment 1: 1985728 1986036 | 309 1 | 309 309 | 97.41 | Eubacterium_rectale_M104_1_gi_479213596_ref_NC_ scaffold56140__5.6
			  Gap between these two alignments (local misassembly). Inconsistency = 138 
			Real Alignment 2: 1985330 1985524 | 569 375 | 195 195 | 95.38 | Eubacterium_rectale_M104_1_gi_479213596_ref_NC_ scaffold56140__5.6

CONTIG: scaffold56402__5.7 (4630bp)
Top Length: 326  Top ID: 99.69
		This contig is partially unaligned. (Aligned 326 out of 4630 bases)
		Alignment: 292653 292978 | 326 1 | 326 326 | 99.69 | Eubacterium_rectale_M104_1_gi_479213596_ref_NC_ scaffold56402__5.7
		Unaligned bases: 327 to 4630 (4304)

CONTIG: scaffold57069__3.6 (1037bp)
Top Length: 631  Top ID: 98.57
		This contig is misassembled. 2 total aligns.
			Real Alignment 1: 2004479 2004883 | 405 1 | 405 405 | 98.02 | Eubacterium_rectale_M104_1_gi_479213596_ref_NC_ scaffold57069__3.6
			  Extensive misassembly ( relocation, inconsistency = 14666 ) between these two alignments
			Real Alignment 2: 1989181 1989811 | 1037 407 | 631 631 | 98.57 | Eubacterium_rectale_M104_1_gi_479213596_ref_NC_ scaffold57069__3.6

CONTIG: scaffold57721__6.0 (731bp)
Top Length: 581  Top ID: 98.45
		This contig is partially unaligned. (Aligned 581 out of 731 bases)
		Alignment: 1978678 1979258 | 1 581 | 581 581 | 98.45 | Eubacterium_rectale_M104_1_gi_479213596_ref_NC_ scaffold57721__6.0
		Unaligned bases: 582 to 731 (150)

CONTIG: scaffold57868__7.6 (2018bp)
Top Length: 1221  Top ID: 99.18
		This contig is partially unaligned. (Aligned 1221 out of 2018 bases)
		Alignment: 1972826 1974046 | 798 2018 | 1221 1221 | 99.18 | Eubacterium_rectale_M104_1_gi_479213596_ref_NC_ scaffold57868__7.6
		Unaligned bases: 1 to 797 (797)
		This contig has both significant aligned and unaligned parts (of length >= min-contig)! It can contain interspecies translocations

CONTIG: scaffold57938__9.1 (2358bp)
Top Length: 946  Top ID: 97.67
		This contig is misassembled. 2 total aligns.
			Excluding internal overlap of size 1 between Alignment 1 and 2:  722733 723000 | 1142 1409 | 268 268 --> 722733 722999 | 1142 1408 | 267 267
			Real Alignment 1: 722733 722999 | 1142 1408 | 267 267 | 98.13 | Eubacterium_rectale_M104_1_gi_479213596_ref_NC_ scaffold57938__9.1
			  Gap between these two alignments (local misassembly). Inconsistency = 145 
			Real Alignment 2: 723145 724090 | 1409 2354 | 946 946 | 97.67 | Eubacterium_rectale_M104_1_gi_479213596_ref_NC_ scaffold57938__9.1
		This contig has significant unaligned parts (of length >= min-contig)! It can contain interspecies translocations

CONTIG: scaffold58029__5.6 (2731bp)
Top Length: 863  Top ID: 95.02
		This contig is misassembled. 2 total aligns.
			Real Alignment 1: 1385958 1386819 | 826 1688 | 862 863 | 95.02 | Eubacterium_rectale_M104_1_gi_479213596_ref_NC_ scaffold58029__5.6
			  Gap between these two alignments (local misassembly). Inconsistency = 78 
			Real Alignment 2: 1387099 1387667 | 1890 2458 | 569 569 | 95.25 | Eubacterium_rectale_M104_1_gi_479213596_ref_NC_ scaffold58029__5.6
		This contig has significant unaligned parts (of length >= min-contig)! It can contain interspecies translocations

CONTIG: scaffold58118_14.4 (2369bp)
Top Length: 897  Top ID: 96.77
		This contig is partially unaligned. (Aligned 897 out of 2369 bases)
		Alignment: 1538695 1539591 | 985 1881 | 897 897 | 96.77 | Eubacterium_rectale_M104_1_gi_479213596_ref_NC_ scaffold58118_14.4
		Unaligned bases: 1 to 984 (984)
		Unaligned bases: 1882 to 2369 (488)
		This contig has both significant aligned and unaligned parts (of length >= min-contig)! It can contain interspecies translocations

CONTIG: scaffold58339_12.7 (6063bp)
Top Length: 4110  Top ID: 99.98
		This contig is misassembled. 2 total aligns.
			Real Alignment 1: 3673233 3675127 | 27 1920 | 1895 1894 | 98.52 | Eubacterium_rectale_M104_1_gi_479213596_ref_NC_ scaffold58339_12.7
			  Extensive misassembly ( relocation, inconsistency = -1675513 ) between these two alignments
			Real Alignment 2: 1999648 2003757 | 6063 1954 | 4110 4110 | 99.98 | Eubacterium_rectale_M104_1_gi_479213596_ref_NC_ scaffold58339_12.7

CONTIG: C719894__8.0 (504bp)
Top Length: 204  Top ID: 98.04
		This contig is partially unaligned. (Aligned 204 out of 504 bases)
		Alignment: 3086994 3087197 | 301 504 | 204 204 | 98.04 | Eubacterium_rectale_M104_1_gi_479213596_ref_NC_ C719894__8.0
		Unaligned bases: 1 to 300 (300)

CONTIG: C720264__2.0 (507bp)
Top Length: 507  Top ID: 97.44
		One align captures most of this contig: 1565632 1566138 | 1 507 | 507 507 | 97.44 | Eubacterium_rectale_M104_1_gi_479213596_ref_NC_ C720264__2.0

CONTIG: C722048_16.0 (523bp)
Top Length: 523  Top ID: 97.71
		One align captures most of this contig: 199479 200001 | 523 1 | 523 523 | 97.71 | Eubacterium_rectale_M104_1_gi_479213596_ref_NC_ C722048_16.0

CONTIG: C723238_64.0 (534bp)
Top Length: 534  Top ID: 100.0
		One align captures most of this contig: 1992073 1992606 | 534 1 | 534 534 | 100.0 | Eubacterium_rectale_M104_1_gi_479213596_ref_NC_ C723238_64.0

CONTIG: C724536__4.0 (547bp)
Top Length: 547  Top ID: 98.9
		One align captures most of this contig: 274010 274556 | 547 1 | 547 547 | 98.9 | Eubacterium_rectale_M104_1_gi_479213596_ref_NC_ C724536__4.0

CONTIG: C724596_63.0 (548bp)
Top Length: 548  Top ID: 99.09
		One align captures most of this contig: 230496 231043 | 548 1 | 548 548 | 99.09 | Eubacterium_rectale_M104_1_gi_479213596_ref_NC_ C724596_63.0

CONTIG: C725084_60.0 (553bp)
Top Length: 553  Top ID: 98.19
		One align captures most of this contig: 138084 138636 | 1 553 | 553 553 | 98.19 | Eubacterium_rectale_M104_1_gi_479213596_ref_NC_ C725084_60.0

CONTIG: C726192__2.0 (566bp)
Top Length: 559  Top ID: 97.67
		One align captures most of this contig: 275307 275865 | 566 8 | 559 559 | 97.67 | Eubacterium_rectale_M104_1_gi_479213596_ref_NC_ C726192__2.0

CONTIG: C726218_46.0 (566bp)
Top Length: 565  Top ID: 100.0
		One align captures most of this contig: 2003780 2004344 | 2 566 | 565 565 | 100.0 | Eubacterium_rectale_M104_1_gi_479213596_ref_NC_ C726218_46.0

CONTIG: C727152__5.0 (577bp)
Top Length: 577  Top ID: 97.23
		One align captures most of this contig: 1987773 1988349 | 1 577 | 577 577 | 97.23 | Eubacterium_rectale_M104_1_gi_479213596_ref_NC_ C727152__5.0

CONTIG: C727440_25.0 (581bp)
Top Length: 581  Top ID: 99.83
		One align captures most of this contig: 105038 105618 | 581 1 | 581 581 | 99.83 | Eubacterium_rectale_M104_1_gi_479213596_ref_NC_ C727440_25.0

CONTIG: C727974_32.0 (587bp)
Top Length: 587  Top ID: 98.3
		One align captures most of this contig: 286140 286726 | 587 1 | 587 587 | 98.3 | Eubacterium_rectale_M104_1_gi_479213596_ref_NC_ C727974_32.0

CONTIG: C729112_10.0 (601bp)
Top Length: 601  Top ID: 95.34
		This contig has 2 significant alignments. [An ambiguously mapped contig]
		Using only first of these alignment (option --ambiguity-usage is set to "one"):
		Alignment: 125057 125657 | 1 601 | 601 601 | 95.34 | Eubacterium_rectale_M104_1_gi_479213596_ref_NC_ C729112_10.0
		Skipping alignment  3631346 3631946 | 1 601 | 601 601 | 95.17 | Eubacterium_rectale_M104_1_gi_479213596_ref_NC_ C729112_10.0

CONTIG: C729222__3.0 (602bp)
Top Length: 600  Top ID: 96.83
		One align captures most of this contig: 433251 433850 | 602 3 | 600 600 | 96.83 | Eubacterium_rectale_M104_1_gi_479213596_ref_NC_ C729222__3.0

CONTIG: C729416_32.0 (605bp)
Top Length: 575  Top ID: 99.13
		This contig is partially unaligned. (Aligned 575 out of 605 bases)
		Alignment: 123935 124509 | 31 605 | 575 575 | 99.13 | Eubacterium_rectale_M104_1_gi_479213596_ref_NC_ C729416_32.0
		Unaligned bases: 1 to 30 (30)

CONTIG: C729486__4.0 (606bp)
Top Length: 606  Top ID: 99.34
		One align captures most of this contig: 1981509 1982114 | 606 1 | 606 606 | 99.34 | Eubacterium_rectale_M104_1_gi_479213596_ref_NC_ C729486__4.0

CONTIG: C729810__3.0 (610bp)
Top Length: 610  Top ID: 99.67
		One align captures most of this contig: 119479 120088 | 610 1 | 610 610 | 99.67 | Eubacterium_rectale_M104_1_gi_479213596_ref_NC_ C729810__3.0

CONTIG: C730708_32.0 (622bp)
Top Length: 622  Top ID: 97.27
		One align captures most of this contig: 59562 60183 | 622 1 | 622 622 | 97.27 | Eubacterium_rectale_M104_1_gi_479213596_ref_NC_ C730708_32.0

CONTIG: C730774__5.0 (623bp)
Top Length: 106  Top ID: 100.0
		This contig is partially unaligned. (Aligned 106 out of 623 bases)
		Alignment: 145121 145226 | 1 106 | 106 106 | 100.0 | Eubacterium_rectale_M104_1_gi_479213596_ref_NC_ C730774__5.0
		Unaligned bases: 107 to 623 (517)

CONTIG: C730830_11.0 (623bp)
Top Length: 613  Top ID: 98.7
		This contig is partially unaligned. (Aligned 613 out of 623 bases)
		Alignment: 3287422 3288035 | 11 623 | 614 613 | 98.7 | Eubacterium_rectale_M104_1_gi_479213596_ref_NC_ C730830_11.0
		Unaligned bases: 1 to 10 (10)

CONTIG: C730882_16.0 (624bp)
Top Length: 624  Top ID: 99.68
		One align captures most of this contig: 474504 475127 | 624 1 | 624 624 | 99.68 | Eubacterium_rectale_M104_1_gi_479213596_ref_NC_ C730882_16.0

CONTIG: C731164__3.0 (628bp)
Top Length: 628  Top ID: 99.84
		One align captures most of this contig: 136094 136721 | 1 628 | 628 628 | 99.84 | Eubacterium_rectale_M104_1_gi_479213596_ref_NC_ C731164__3.0

CONTIG: C731430_18.0 (631bp)
Top Length: 631  Top ID: 96.04
		One align captures most of this contig: 1708238 1708868 | 631 1 | 631 631 | 96.04 | Eubacterium_rectale_M104_1_gi_479213596_ref_NC_ C731430_18.0

CONTIG: C731796__3.0 (635bp)
Top Length: 635  Top ID: 99.37
		One align captures most of this contig: 2027670 2028304 | 635 1 | 635 635 | 99.37 | Eubacterium_rectale_M104_1_gi_479213596_ref_NC_ C731796__3.0

CONTIG: C731900__8.0 (637bp)
Top Length: 637  Top ID: 99.69
		One align captures most of this contig: 2014359 2014995 | 1 637 | 637 637 | 99.69 | Eubacterium_rectale_M104_1_gi_479213596_ref_NC_ C731900__8.0

CONTIG: C732396_40.0 (645bp)
Top Length: 611  Top ID: 99.35
		This contig is partially unaligned. (Aligned 611 out of 645 bases)
		Alignment: 126668 127278 | 35 645 | 611 611 | 99.35 | Eubacterium_rectale_M104_1_gi_479213596_ref_NC_ C732396_40.0
		Unaligned bases: 1 to 34 (34)

CONTIG: C733078_37.0 (654bp)
Top Length: 654  Top ID: 98.93
		One align captures most of this contig: 1910427 1911080 | 654 1 | 654 654 | 98.93 | Eubacterium_rectale_M104_1_gi_479213596_ref_NC_ C733078_37.0

CONTIG: C733348__3.0 (658bp)
Top Length: 658  Top ID: 99.39
		One align captures most of this contig: 1743921 1744578 | 658 1 | 658 658 | 99.39 | Eubacterium_rectale_M104_1_gi_479213596_ref_NC_ C733348__3.0

CONTIG: C735198__4.0 (687bp)
Top Length: 687  Top ID: 99.56
		One align captures most of this contig: 1980799 1981485 | 687 1 | 687 687 | 99.56 | Eubacterium_rectale_M104_1_gi_479213596_ref_NC_ C735198__4.0

CONTIG: C737776__4.0 (736bp)
Top Length: 597  Top ID: 99.33
		This contig is partially unaligned. (Aligned 597 out of 736 bases)
		Alignment: 1536712 1537308 | 1 597 | 597 597 | 99.33 | Eubacterium_rectale_M104_1_gi_479213596_ref_NC_ C737776__4.0
		Unaligned bases: 598 to 736 (139)

CONTIG: C738278__4.0 (747bp)
Top Length: 744  Top ID: 95.03
		One align captures most of this contig: 1391925 1392668 | 744 1 | 744 744 | 95.03 | Eubacterium_rectale_M104_1_gi_479213596_ref_NC_ C738278__4.0

CONTIG: C738330__4.0 (748bp)
Top Length: 745  Top ID: 98.52
		One align captures most of this contig: 223754 224498 | 4 748 | 745 745 | 98.52 | Eubacterium_rectale_M104_1_gi_479213596_ref_NC_ C738330__4.0

CONTIG: C738552__4.0 (753bp)
Top Length: 753  Top ID: 97.74
		One align captures most of this contig: 1988405 1989157 | 1 753 | 753 753 | 97.74 | Eubacterium_rectale_M104_1_gi_479213596_ref_NC_ C738552__4.0

CONTIG: C739648_30.0 (778bp)
Top Length: 730  Top ID: 100.0
		This contig is partially unaligned. (Aligned 730 out of 778 bases)
		Alignment: 3618 4347 | 1 730 | 730 730 | 100.0 | Eubacterium_rectale_M104_1_gi_479213596_ref_NC_ C739648_30.0
		Unaligned bases: 731 to 778 (48)

CONTIG: C739942_20.0 (784bp)
Top Length: 784  Top ID: 99.87
		One align captures most of this contig: 3095148 3095931 | 1 784 | 784 784 | 99.87 | Eubacterium_rectale_M104_1_gi_479213596_ref_NC_ C739942_20.0

CONTIG: C741200_29.0 (816bp)
Top Length: 816  Top ID: 97.55
		One align captures most of this contig: 60219 61034 | 816 1 | 816 816 | 97.55 | Eubacterium_rectale_M104_1_gi_479213596_ref_NC_ C741200_29.0

CONTIG: C741276__6.0 (818bp)
Top Length: 818  Top ID: 99.88
		One align captures most of this contig: 1708960 1709777 | 818 1 | 818 818 | 99.88 | Eubacterium_rectale_M104_1_gi_479213596_ref_NC_ C741276__6.0

CONTIG: C741434_64.0 (823bp)
Top Length: 823  Top ID: 100.0
		One align captures most of this contig: 1992579 1993401 | 1 823 | 823 823 | 100.0 | Eubacterium_rectale_M104_1_gi_479213596_ref_NC_ C741434_64.0

CONTIG: C741954_24.0 (837bp)
Top Length: 836  Top ID: 97.37
		One align captures most of this contig: 2510582 2511417 | 836 1 | 836 836 | 97.37 | Eubacterium_rectale_M104_1_gi_479213596_ref_NC_ C741954_24.0

CONTIG: C743156__9.0 (874bp)
Top Length: 857  Top ID: 98.6
		This contig is partially unaligned. (Aligned 857 out of 874 bases)
		Alignment: 1540849 1541707 | 1 857 | 859 857 | 98.6 | Eubacterium_rectale_M104_1_gi_479213596_ref_NC_ C743156__9.0
		Unaligned bases: 858 to 874 (17)

CONTIG: C743190_19.0 (876bp)
Top Length: 876  Top ID: 99.2
		One align captures most of this contig: 430078 430952 | 876 1 | 875 876 | 99.2 | Eubacterium_rectale_M104_1_gi_479213596_ref_NC_ C743190_19.0

CONTIG: C743452_29.0 (883bp)
Top Length: 883  Top ID: 99.55
		One align captures most of this contig: 143735 144618 | 883 1 | 884 883 | 99.55 | Eubacterium_rectale_M104_1_gi_479213596_ref_NC_ C743452_29.0

CONTIG: C745544__9.0 (952bp)
Top Length: 952  Top ID: 99.37
		One align captures most of this contig: 65893 66844 | 952 1 | 952 952 | 99.37 | Eubacterium_rectale_M104_1_gi_479213596_ref_NC_ C745544__9.0

CONTIG: C745796_12.0 (962bp)
Top Length: 960  Top ID: 99.17
		One align captures most of this contig: 3087469 3088428 | 962 3 | 960 960 | 99.17 | Eubacterium_rectale_M104_1_gi_479213596_ref_NC_ C745796_12.0

CONTIG: C746224_22.0 (979bp)
Top Length: 944  Top ID: 95.34
		This contig is partially unaligned. (Aligned 944 out of 979 bases)
		Alignment: 131817 132760 | 1 944 | 944 944 | 95.34 | Eubacterium_rectale_M104_1_gi_479213596_ref_NC_ C746224_22.0
		Unaligned bases: 945 to 979 (35)

CONTIG: C746396_18.0 (986bp)
Top Length: 986  Top ID: 99.39
		One align captures most of this contig: 1929492 1930477 | 1 986 | 986 986 | 99.39 | Eubacterium_rectale_M104_1_gi_479213596_ref_NC_ C746396_18.0

CONTIG: C746554_83.0 (993bp)
Top Length: 993  Top ID: 99.09
		One align captures most of this contig: 116924 117916 | 993 1 | 993 993 | 99.09 | Eubacterium_rectale_M104_1_gi_479213596_ref_NC_ C746554_83.0

CONTIG: C746580_16.0 (994bp)
Top Length: 994  Top ID: 99.6
		One align captures most of this contig: 225402 226395 | 1 994 | 994 994 | 99.6 | Eubacterium_rectale_M104_1_gi_479213596_ref_NC_ C746580_16.0

CONTIG: C749540_14.0 (1137bp)
Top Length: 706  Top ID: 95.75
		This contig is partially unaligned. (Aligned 706 out of 1137 bases)
		Alignment: 1315563 1316263 | 385 1090 | 701 706 | 95.75 | Eubacterium_rectale_M104_1_gi_479213596_ref_NC_ C749540_14.0
		Unaligned bases: 1 to 384 (384)
		Unaligned bases: 1091 to 1137 (47)

CONTIG: C750480__7.0 (1189bp)
Top Length: 285  Top ID: 97.19
		This contig is partially unaligned. (Aligned 285 out of 1189 bases)
		Alignment: 1913394 1913677 | 1189 905 | 284 285 | 97.19 | Eubacterium_rectale_M104_1_gi_479213596_ref_NC_ C750480__7.0
		Unaligned bases: 1 to 904 (904)

CONTIG: C750530_12.0 (1192bp)
Top Length: 1192  Top ID: 99.5
		One align captures most of this contig: 121114 122305 | 1 1192 | 1192 1192 | 99.5 | Eubacterium_rectale_M104_1_gi_479213596_ref_NC_ C750530_12.0

CONTIG: C750708_20.0 (1203bp)
Top Length: 1203  Top ID: 98.92
		One align captures most of this contig: 2389470 2390672 | 1203 1 | 1203 1203 | 98.92 | Eubacterium_rectale_M104_1_gi_479213596_ref_NC_ C750708_20.0

CONTIG: C750724_43.0 (1204bp)
Top Length: 1201  Top ID: 99.08
		One align captures most of this contig: 1542738 1543938 | 3 1203 | 1201 1201 | 99.08 | Eubacterium_rectale_M104_1_gi_479213596_ref_NC_ C750724_43.0

CONTIG: C752606_66.0 (1326bp)
Top Length: 1326  Top ID: 99.62
		One align captures most of this contig: 229192 230517 | 1 1326 | 1326 1326 | 99.62 | Eubacterium_rectale_M104_1_gi_479213596_ref_NC_ C752606_66.0

CONTIG: C752762_15.0 (1337bp)
Top Length: 1337  Top ID: 99.4
		One align captures most of this contig: 2390642 2391978 | 1 1337 | 1337 1337 | 99.4 | Eubacterium_rectale_M104_1_gi_479213596_ref_NC_ C752762_15.0

CONTIG: C752880_65.0 (1344bp)
Top Length: 1344  Top ID: 100.0
		One align captures most of this contig: 1989993 1991336 | 1 1344 | 1344 1344 | 100.0 | Eubacterium_rectale_M104_1_gi_479213596_ref_NC_ C752880_65.0

CONTIG: C753480_50.0 (1395bp)
Top Length: 1395  Top ID: 100.0
		One align captures most of this contig: 1998095 1999489 | 1395 1 | 1395 1395 | 100.0 | Eubacterium_rectale_M104_1_gi_479213596_ref_NC_ C753480_50.0

CONTIG: C753572__4.0 (1402bp)
Top Length: 1402  Top ID: 99.86
		One align captures most of this contig: 1698304 1699705 | 1 1402 | 1402 1402 | 99.86 | Eubacterium_rectale_M104_1_gi_479213596_ref_NC_ C753572__4.0

CONTIG: C754652_28.0 (1513bp)
Top Length: 1513  Top ID: 99.41
		One align captures most of this contig: 849112 850624 | 1513 1 | 1513 1513 | 99.41 | Eubacterium_rectale_M104_1_gi_479213596_ref_NC_ C754652_28.0

CONTIG: C755322_50.0 (1577bp)
Top Length: 1577  Top ID: 97.08
		One align captures most of this contig: 202619 204195 | 1577 1 | 1577 1577 | 97.08 | Eubacterium_rectale_M104_1_gi_479213596_ref_NC_ C755322_50.0

CONTIG: C756394__5.0 (1699bp)
Top Length: 121  Top ID: 96.0
		This contig is partially unaligned. (Aligned 121 out of 1699 bases)
		Alignment: 724966 725090 | 1699 1579 | 125 121 | 96.0 | Eubacterium_rectale_M104_1_gi_479213596_ref_NC_ C756394__5.0
		Unaligned bases: 1 to 1578 (1578)

CONTIG: C757802_31.0 (1887bp)
Top Length: 1887  Top ID: 99.74
		One align captures most of this contig: 28306 30192 | 1 1887 | 1887 1887 | 99.74 | Eubacterium_rectale_M104_1_gi_479213596_ref_NC_ C757802_31.0

CONTIG: C758090__6.0 (1934bp)
Top Length: 1628  Top ID: 96.74
		This contig is partially unaligned. (Aligned 1628 out of 1934 bases)
		Alignment: 1400215 1401842 | 1934 307 | 1628 1628 | 96.74 | Eubacterium_rectale_M104_1_gi_479213596_ref_NC_ C758090__6.0
		Unaligned bases: 1 to 306 (306)

CONTIG: C761232_11.0 (2606bp)
Top Length: 477  Top ID: 99.16
		This contig is partially unaligned. (Aligned 477 out of 2606 bases)
		Alignment: 1959416 1959893 | 2124 2600 | 478 477 | 99.16 | Eubacterium_rectale_M104_1_gi_479213596_ref_NC_ C761232_11.0
		Unaligned bases: 1 to 2123 (2123)
		Unaligned bases: 2601 to 2606 (6)

CONTIG: C762242__4.0 (2970bp)
Top Length: 2864  Top ID: 99.34
		This contig is partially unaligned. (Aligned 2864 out of 2970 bases)
		Alignment: 1 2861 | 74 2937 | 2861 2864 | 99.34 | Eubacterium_rectale_M104_1_gi_479213596_ref_NC_ C762242__4.0
		Unaligned bases: 1 to 73 (73)
		Unaligned bases: 2938 to 2970 (33)

CONTIG: C762510__8.0 (3085bp)
Top Length: 1505  Top ID: 98.8
		This contig is partially unaligned. (Aligned 1505 out of 3085 bases)
		Alignment: 1545846 1547350 | 2364 860 | 1505 1505 | 98.8 | Eubacterium_rectale_M104_1_gi_479213596_ref_NC_ C762510__8.0
		Unaligned bases: 1 to 859 (859)
		Unaligned bases: 2365 to 3085 (721)
		This contig has both significant aligned and unaligned parts (of length >= min-contig)! It can contain interspecies translocations

CONTIG: C763392_17.0 (3530bp)
Top Length: 3530  Top ID: 98.05
		One align captures most of this contig: 127282 130811 | 1 3530 | 3530 3530 | 98.05 | Eubacterium_rectale_M104_1_gi_479213596_ref_NC_ C763392_17.0

CONTIG: C764830_53.0 (4753bp)
Top Length: 4753  Top ID: 100.0
		One align captures most of this contig: 1993373 1998125 | 4753 1 | 4753 4753 | 100.0 | Eubacterium_rectale_M104_1_gi_479213596_ref_NC_ C764830_53.0

Analyzing coverage...
Writing SNPs into /Molly/gurevich/MetaQUAST/res_final/res_metahit_final/runs_per_reference/Eubacterium_rectale_M104_1/contigs_reports/nucmer_output/SOAPdenovo2.used_snps
	Reference Eubacterium_rectale_M104_1_gi_479213596_ref_NC_: 164 total alignments. 1 total regions.
		Region: 1 to 3698419 (3698419 bp)
			Align 1: 1 2861 C762242__4.0 74 2937
				Gap between this and next alignment: 2861 to 3618 (756 bp)
				Next Alignment: 3618 4347 C739648_30.0 1 730

			Align 2: 3618 4347 C739648_30.0 1 730
				Gap between this and next alignment: 4347 to 7093 (2745 bp)
				Next Alignment: 7093 7290 scaffold50999__2.5 1 198

			Align 3: 7093 7290 scaffold50999__2.5 1 198
				Gap between this and next alignment: 7290 to 7512 (221 bp)
				Next Alignment: 7512 7991 scaffold50999__2.5 268 747

			Align 4: 7512 7991 scaffold50999__2.5 268 747
				Gap between this and next alignment: 7991 to 28306 (20314 bp)
				Next Alignment: 28306 30192 C757802_31.0 1 1887

			Align 5: 28306 30192 C757802_31.0 1 1887
				Gap between this and next alignment: 30192 to 39734 (9541 bp)
				Next Alignment: 39734 39890 scaffold43428__3.5 1 157

			Align 6: 39734 39890 scaffold43428__3.5 1 157
				Gap between this and next alignment: 39890 to 59562 (19671 bp)
				Next Alignment: 59562 60183 C730708_32.0 622 1

			Align 7: 59562 60183 C730708_32.0 622 1
				Gap between this and next alignment: 60183 to 60219 (35 bp)
				Next Alignment: 60219 61034 C741200_29.0 816 1

			Align 8: 60219 61034 C741200_29.0 816 1
				Gap between this and next alignment: 61034 to 65893 (4858 bp)
				Next Alignment: 65893 66844 C745544__9.0 952 1

			Align 9: 65893 66844 C745544__9.0 952 1
				Gap between this and next alignment: 66844 to 100352 (33507 bp)
				Next Alignment: 100352 100610 scaffold23589__2.6 122 380

			Align 10: 100352 100610 scaffold23589__2.6 122 380
				Gap between this and next alignment: 100610 to 100650 (39 bp)
				Next Alignment: 100650 100762 scaffold16742__2.0 1 113

			Align 11: 100650 100762 scaffold16742__2.0 1 113
				Gap between this and next alignment: 100762 to 100978 (215 bp)
				Next Alignment: 100978 101175 scaffold16742__2.0 191 388

			Align 12: 100978 101175 scaffold16742__2.0 191 388
				Gap between this and next alignment: 101175 to 101308 (132 bp)
				Next Alignment: 101308 101769 scaffold16742__2.0 390 851

			Align 13: 101308 101769 scaffold16742__2.0 390 851
				Gap between this and next alignment: 101769 to 105038 (3268 bp)
				Next Alignment: 105038 105618 C727440_25.0 581 1

			Align 14: 105038 105618 C727440_25.0 581 1
				Gap between this and next alignment: 105618 to 108875 (3256 bp)
				Next Alignment: 108875 108957 scaffold19306_12.3 293 211

			Align 15: 108875 108957 scaffold19306_12.3 293 211
				Gap between this and next alignment: 108957 to 109104 (146 bp)
				Next Alignment: 109104 109309 scaffold19306_12.3 207 2

			Align 16: 109104 109309 scaffold19306_12.3 207 2
				Gap between this and next alignment: 109309 to 109582 (272 bp)
				Next Alignment: 109582 109686 scaffold7340_12.4 1 105

			Align 17: 109582 109686 scaffold7340_12.4 1 105
				Gap between this and next alignment: 109686 to 109915 (228 bp)
				Next Alignment: 109915 110069 scaffold7340_12.4 185 339

			Align 18: 109915 110069 scaffold7340_12.4 185 339
				Gap between this and next alignment: 110069 to 110267 (197 bp)
				Next Alignment: 110267 110884 scaffold7340_12.4 384 1001

			Align 19: 110267 110884 scaffold7340_12.4 384 1001
				Gap between this and next alignment: 110884 to 116924 (6039 bp)
				Next Alignment: 116924 117916 C746554_83.0 993 1

			Align 20: 116924 117916 C746554_83.0 993 1
				Gap between this and next alignment: 117916 to 119479 (1562 bp)
				Next Alignment: 119479 120088 C729810__3.0 610 1

			Align 21: 119479 120088 C729810__3.0 610 1
				Gap between this and next alignment: 120088 to 121114 (1025 bp)
				Next Alignment: 121114 122305 C750530_12.0 1 1192

			Align 22: 121114 122305 C750530_12.0 1 1192
				Gap between this and next alignment: 122305 to 123935 (1629 bp)
				Next Alignment: 123935 124509 C729416_32.0 31 605

			Align 23: 123935 124509 C729416_32.0 31 605
				Gap between this and next alignment: 124509 to 125057 (547 bp)
				Next Alignment: 125057 125657 C729112_10.0 1 601

			Align 24: 125057 125657 C729112_10.0 1 601
				Gap between this and next alignment: 125657 to 126668 (1010 bp)
				Next Alignment: 126668 127278 C732396_40.0 35 645

			Align 25: 126668 127278 C732396_40.0 35 645
				Gap between this and next alignment: 127278 to 127282 (3 bp)
				Next Alignment: 127282 130811 C763392_17.0 1 3530

			Align 26: 127282 130811 C763392_17.0 1 3530
				Gap between this and next alignment: 130811 to 131817 (1005 bp)
				Next Alignment: 131817 132760 C746224_22.0 1 944

			Align 27: 131817 132760 C746224_22.0 1 944
				Gap between this and next alignment: 132760 to 136094 (3333 bp)
				Next Alignment: 136094 136721 C731164__3.0 1 628

			Align 28: 136094 136721 C731164__3.0 1 628
				Gap between this and next alignment: 136721 to 138084 (1362 bp)
				Next Alignment: 138084 138636 C725084_60.0 1 553

			Align 29: 138084 138636 C725084_60.0 1 553
				Gap between this and next alignment: 138636 to 143735 (5098 bp)
				Next Alignment: 143735 144618 C743452_29.0 883 1

			Align 30: 143735 144618 C743452_29.0 883 1
				Gap between this and next alignment: 144618 to 145121 (502 bp)
				Next Alignment: 145121 145226 C730774__5.0 1 106

			Align 31: 145121 145226 C730774__5.0 1 106
				Gap between this and next alignment: 145226 to 199479 (54252 bp)
				Next Alignment: 199479 200001 C722048_16.0 523 1

			Align 32: 199479 200001 C722048_16.0 523 1
				Gap between this and next alignment: 200001 to 202619 (2617 bp)
				Next Alignment: 202619 204195 C755322_50.0 1577 1

			Align 33: 202619 204195 C755322_50.0 1577 1
				Gap between this and next alignment: 204195 to 223754 (19558 bp)
				Next Alignment: 223754 224498 C738330__4.0 4 748

			Align 34: 223754 224498 C738330__4.0 4 748
				Gap between this and next alignment: 224498 to 225402 (903 bp)
				Next Alignment: 225402 226395 C746580_16.0 1 994

			Align 35: 225402 226395 C746580_16.0 1 994
				Gap between this and next alignment: 226395 to 229192 (2796 bp)
				Next Alignment: 229192 230517 C752606_66.0 1 1326

			Align 36: 229192 230517 C752606_66.0 1 1326
				Negative gap (overlap) between this and next alignment: 230517 to 230496 (-21 bp)
				Next Alignment: 230496 231043 C724596_63.0 548 1

			Previous gap was negative, modifying coordinates to ignore overlap
				Moving contig start from 548 to 526.
			Align 37: 230518 231043 C724596_63.0 526 1
				Gap between this and next alignment: 231043 to 269612 (38568 bp)
				Next Alignment: 269612 269769 scaffold3661__2.4 346 189

			Align 38: 269612 269769 scaffold3661__2.4 346 189
				Gap between this and next alignment: 269769 to 270006 (236 bp)
				Next Alignment: 270006 270107 scaffold3661__2.4 102 1

			Align 39: 270006 270107 scaffold3661__2.4 102 1
				Gap between this and next alignment: 270107 to 274010 (3902 bp)
				Next Alignment: 274010 274556 C724536__4.0 547 1

			Align 40: 274010 274556 C724536__4.0 547 1
				Gap between this and next alignment: 274556 to 275307 (750 bp)
				Next Alignment: 275307 275865 C726192__2.0 566 8

			Align 41: 275307 275865 C726192__2.0 566 8
				Gap between this and next alignment: 275865 to 277582 (1716 bp)
				Next Alignment: 277582 277651 scaffold1697__3.4 817 748

			Align 42: 277582 277651 scaffold1697__3.4 817 748
				Gap between this and next alignment: 277651 to 278477 (825 bp)
				Next Alignment: 278477 278590 scaffold17911_13.7 1 114

			Align 43: 278477 278590 scaffold17911_13.7 1 114
				Gap between this and next alignment: 278590 to 278815 (224 bp)
				Next Alignment: 278815 279086 scaffold17911_13.7 195 466

			Align 44: 278815 279086 scaffold17911_13.7 195 466
				Gap between this and next alignment: 279086 to 279238 (151 bp)
				Next Alignment: 279238 279350 scaffold17911_13.7 475 587

			Align 45: 279238 279350 scaffold17911_13.7 475 587
				Gap between this and next alignment: 279350 to 286140 (6789 bp)
				Next Alignment: 286140 286726 C727974_32.0 587 1

			Align 46: 286140 286726 C727974_32.0 587 1
				Gap between this and next alignment: 286726 to 292653 (5926 bp)
				Next Alignment: 292653 292978 scaffold56402__5.7 326 1

			Align 47: 292653 292978 scaffold56402__5.7 326 1
				Gap between this and next alignment: 292978 to 300116 (7137 bp)
				Next Alignment: 300116 300256 scaffold35776__3.5 138 1

			Align 48: 300116 300256 scaffold35776__3.5 138 1
				Gap between this and next alignment: 300256 to 300314 (57 bp)
				Next Alignment: 300314 300595 scaffold7109__4.7 309 590

			Align 49: 300314 300595 scaffold7109__4.7 309 590
				Gap between this and next alignment: 300595 to 300792 (196 bp)
				Next Alignment: 300792 301008 scaffold7109__4.7 645 860

			Align 50: 300792 301008 scaffold7109__4.7 645 860
				Gap between this and next alignment: 301008 to 430078 (129069 bp)
				Next Alignment: 430078 430952 C743190_19.0 876 1

			Align 51: 430078 430952 C743190_19.0 876 1
				Gap between this and next alignment: 430952 to 431839 (886 bp)
				Next Alignment: 431839 432077 scaffold53883_11.6 1 239

			Align 52: 431839 432077 scaffold53883_11.6 1 239
				Gap between this and next alignment: 432077 to 433251 (1173 bp)
				Next Alignment: 433251 433850 C729222__3.0 602 3

			Align 53: 433251 433850 C729222__3.0 602 3
				Gap between this and next alignment: 433850 to 434380 (529 bp)
				Next Alignment: 434380 435992 scaffold10024__6.5 2584 972

			Align 54: 434380 435992 scaffold10024__6.5 2584 972
				Gap between this and next alignment: 435992 to 436160 (167 bp)
				Next Alignment: 436160 436993 scaffold10024__6.5 946 113

			Align 55: 436160 436993 scaffold10024__6.5 946 113
				Gap between this and next alignment: 436993 to 469743 (32749 bp)
				Next Alignment: 469743 470023 scaffold54887__2.1 622 342

			Align 56: 469743 470023 scaffold54887__2.1 622 342
				Gap between this and next alignment: 470023 to 474504 (4480 bp)
				Next Alignment: 474504 475127 C730882_16.0 624 1

			Align 57: 474504 475127 C730882_16.0 624 1
				Gap between this and next alignment: 475127 to 483734 (8606 bp)
				Next Alignment: 483734 484090 scaffold19306_12.3 736 380

			Align 58: 483734 484090 scaffold19306_12.3 736 380
				Gap between this and next alignment: 484090 to 622100 (138009 bp)
				Next Alignment: 622100 622274 scaffold3802__1.5 396 570

			Align 59: 622100 622274 scaffold3802__1.5 396 570
				Gap between this and next alignment: 622274 to 722733 (100458 bp)
				Next Alignment: 722733 722999 scaffold57938__9.1 1142 1408

			Align 60: 722733 722999 scaffold57938__9.1 1142 1408
				Gap between this and next alignment: 722999 to 723145 (145 bp)
				Next Alignment: 723145 724090 scaffold57938__9.1 1409 2354

			Align 61: 723145 724090 scaffold57938__9.1 1409 2354
				Gap between this and next alignment: 724090 to 724966 (875 bp)
				Next Alignment: 724966 725090 C756394__5.0 1699 1579

			Align 62: 724966 725090 C756394__5.0 1699 1579
				Gap between this and next alignment: 725090 to 849112 (124021 bp)
				Next Alignment: 849112 850624 C754652_28.0 1513 1

			Align 63: 849112 850624 C754652_28.0 1513 1
				Gap between this and next alignment: 850624 to 1135507 (284882 bp)
				Next Alignment: 1135507 1135587 scaffold9961__3.1 684 604

			Align 64: 1135507 1135587 scaffold9961__3.1 684 604
				Gap between this and next alignment: 1135587 to 1315563 (179975 bp)
				Next Alignment: 1315563 1316263 C749540_14.0 385 1090

			Align 65: 1315563 1316263 C749540_14.0 385 1090
				Gap between this and next alignment: 1316263 to 1368642 (52378 bp)
				Next Alignment: 1368642 1368862 scaffold21078__6.0 509 289

			Align 66: 1368642 1368862 scaffold21078__6.0 509 289
				Gap between this and next alignment: 1368862 to 1369044 (181 bp)
				Next Alignment: 1369044 1369144 scaffold21078__6.0 262 162

			Align 67: 1369044 1369144 scaffold21078__6.0 262 162
				Gap between this and next alignment: 1369144 to 1385958 (16813 bp)
				Next Alignment: 1385958 1386819 scaffold58029__5.6 826 1688

			Align 68: 1385958 1386819 scaffold58029__5.6 826 1688
				Gap between this and next alignment: 1386819 to 1387099 (279 bp)
				Next Alignment: 1387099 1387667 scaffold58029__5.6 1890 2458

			Align 69: 1387099 1387667 scaffold58029__5.6 1890 2458
				Gap between this and next alignment: 1387667 to 1391925 (4257 bp)
				Next Alignment: 1391925 1392668 C738278__4.0 744 1

			Align 70: 1391925 1392668 C738278__4.0 744 1
				Gap between this and next alignment: 1392668 to 1400215 (7546 bp)
				Next Alignment: 1400215 1401842 C758090__6.0 1934 307

			Align 71: 1400215 1401842 C758090__6.0 1934 307
				Gap between this and next alignment: 1401842 to 1409072 (7229 bp)
				Next Alignment: 1409072 1410218 scaffold712__7.7 405 1552

			Align 72: 1409072 1410218 scaffold712__7.7 405 1552
				Gap between this and next alignment: 1410218 to 1509926 (99707 bp)
				Next Alignment: 1509926 1510063 scaffold9266__5.3 1261 1124

			Align 73: 1509926 1510063 scaffold9266__5.3 1261 1124
				Gap between this and next alignment: 1510063 to 1510629 (565 bp)
				Next Alignment: 1510629 1511097 scaffold9266__5.3 744 276

			Align 74: 1510629 1511097 scaffold9266__5.3 744 276
				Gap between this and next alignment: 1511097 to 1525998 (14900 bp)
				Next Alignment: 1525998 1526123 scaffold34968__5.3 716 591

			Align 75: 1525998 1526123 scaffold34968__5.3 716 591
				Gap between this and next alignment: 1526123 to 1536712 (10588 bp)
				Next Alignment: 1536712 1537308 C737776__4.0 1 597

			Align 76: 1536712 1537308 C737776__4.0 1 597
				Gap between this and next alignment: 1537308 to 1538695 (1386 bp)
				Next Alignment: 1538695 1539591 scaffold58118_14.4 985 1881

			Align 77: 1538695 1539591 scaffold58118_14.4 985 1881
				Gap between this and next alignment: 1539591 to 1540849 (1257 bp)
				Next Alignment: 1540849 1541707 C743156__9.0 1 857

			Align 78: 1540849 1541707 C743156__9.0 1 857
				Gap between this and next alignment: 1541707 to 1542738 (1030 bp)
				Next Alignment: 1542738 1543938 C750724_43.0 3 1203

			Align 79: 1542738 1543938 C750724_43.0 3 1203
				Gap between this and next alignment: 1543938 to 1545846 (1907 bp)
				Next Alignment: 1545846 1547350 C762510__8.0 2364 860

			Align 80: 1545846 1547350 C762510__8.0 2364 860
				Gap between this and next alignment: 1547350 to 1565632 (18281 bp)
				Next Alignment: 1565632 1566138 C720264__2.0 1 507

			Align 81: 1565632 1566138 C720264__2.0 1 507
				Gap between this and next alignment: 1566138 to 1576634 (10495 bp)
				Next Alignment: 1576634 1576796 scaffold38467__3.1 326 164

			Align 82: 1576634 1576796 scaffold38467__3.1 326 164
				Gap between this and next alignment: 1576796 to 1576967 (170 bp)
				Next Alignment: 1576967 1577110 scaffold38467__3.1 144 1

			Align 83: 1576967 1577110 scaffold38467__3.1 144 1
				Gap between this and next alignment: 1577110 to 1578178 (1067 bp)
				Next Alignment: 1578178 1578322 scaffold54608__6.2 1991 2135

			Align 84: 1578178 1578322 scaffold54608__6.2 1991 2135
				Gap between this and next alignment: 1578322 to 1592119 (13796 bp)
				Next Alignment: 1592119 1592219 scaffold32026__1.4 625 525

			Align 85: 1592119 1592219 scaffold32026__1.4 625 525
				Gap between this and next alignment: 1592219 to 1592772 (552 bp)
				Next Alignment: 1592772 1592871 scaffold32026__1.4 267 168

			Align 86: 1592772 1592871 scaffold32026__1.4 267 168
				Gap between this and next alignment: 1592871 to 1698304 (105432 bp)
				Next Alignment: 1698304 1699705 C753572__4.0 1 1402

			Align 87: 1698304 1699705 C753572__4.0 1 1402
				Gap between this and next alignment: 1699705 to 1699747 (41 bp)
				Next Alignment: 1699747 1700082 scaffold18801__3.1 773 438

			Align 88: 1699747 1700082 scaffold18801__3.1 773 438
				Gap between this and next alignment: 1700082 to 1700314 (231 bp)
				Next Alignment: 1700314 1700396 scaffold18801__3.1 353 271

			Align 89: 1700314 1700396 scaffold18801__3.1 353 271
				Gap between this and next alignment: 1700396 to 1700636 (239 bp)
				Next Alignment: 1700636 1700820 scaffold18801__3.1 185 1

			Align 90: 1700636 1700820 scaffold18801__3.1 185 1
				Gap between this and next alignment: 1700820 to 1708238 (7417 bp)
				Next Alignment: 1708238 1708868 C731430_18.0 631 1

			Align 91: 1708238 1708868 C731430_18.0 631 1
				Gap between this and next alignment: 1708868 to 1708960 (91 bp)
				Next Alignment: 1708960 1709777 C741276__6.0 818 1

			Align 92: 1708960 1709777 C741276__6.0 818 1
				Gap between this and next alignment: 1709777 to 1717547 (7769 bp)
				Next Alignment: 1717547 1718062 scaffold33678__7.9 514 1

			Align 93: 1717547 1718062 scaffold33678__7.9 514 1
				Gap between this and next alignment: 1718062 to 1718808 (745 bp)
				Next Alignment: 1718808 1719089 scaffold52328__3.0 517 236

			Align 94: 1718808 1719089 scaffold52328__3.0 517 236
				Gap between this and next alignment: 1719089 to 1720779 (1689 bp)
				Next Alignment: 1720779 1720961 scaffold52328__3.0 183 1

			Align 95: 1720779 1720961 scaffold52328__3.0 183 1
				Gap between this and next alignment: 1720961 to 1743921 (22959 bp)
				Next Alignment: 1743921 1744578 C733348__3.0 658 1

			Align 96: 1743921 1744578 C733348__3.0 658 1
				Gap between this and next alignment: 1744578 to 1764506 (19927 bp)
				Next Alignment: 1764506 1764806 scaffold34144__8.5 947 1247

			Align 97: 1764506 1764806 scaffold34144__8.5 947 1247
				Gap between this and next alignment: 1764806 to 1903877 (139070 bp)
				Next Alignment: 1903877 1904011 scaffold34544__7.7 135 1

			Align 98: 1903877 1904011 scaffold34544__7.7 135 1
				Gap between this and next alignment: 1904011 to 1910427 (6415 bp)
				Next Alignment: 1910427 1911080 C733078_37.0 654 1

			Align 99: 1910427 1911080 C733078_37.0 654 1
				Gap between this and next alignment: 1911080 to 1912954 (1873 bp)
				Next Alignment: 1912954 1913065 scaffold35376__3.3 737 848

			Align 100: 1912954 1913065 scaffold35376__3.3 737 848
				Gap between this and next alignment: 1913065 to 1913241 (175 bp)
				Next Alignment: 1913241 1913374 scaffold35376__3.3 877 1010

			Align 101: 1913241 1913374 scaffold35376__3.3 877 1010
				Gap between this and next alignment: 1913374 to 1913394 (19 bp)
				Next Alignment: 1913394 1913677 C750480__7.0 1189 905

			Align 102: 1913394 1913677 C750480__7.0 1189 905
				Gap between this and next alignment: 1913677 to 1929492 (15814 bp)
				Next Alignment: 1929492 1930477 C746396_18.0 1 986

			Align 103: 1929492 1930477 C746396_18.0 1 986
				Gap between this and next alignment: 1930477 to 1930709 (231 bp)
				Next Alignment: 1930709 1930921 scaffold52338__8.5 213 1

			Align 104: 1930709 1930921 scaffold52338__8.5 213 1
				Gap between this and next alignment: 1930921 to 1959416 (28494 bp)
				Next Alignment: 1959416 1959893 C761232_11.0 2124 2600

			Align 105: 1959416 1959893 C761232_11.0 2124 2600
				Gap between this and next alignment: 1959893 to 1965156 (5262 bp)
				Next Alignment: 1965156 1965400 scaffold18302__2.6 188 431

			Align 106: 1965156 1965400 scaffold18302__2.6 188 431
				Gap between this and next alignment: 1965400 to 1972826 (7425 bp)
				Next Alignment: 1972826 1974046 scaffold57868__7.6 798 2018

			Align 107: 1972826 1974046 scaffold57868__7.6 798 2018
				Gap between this and next alignment: 1974046 to 1978678 (4631 bp)
				Next Alignment: 1978678 1979258 scaffold57721__6.0 1 581

			Align 108: 1978678 1979258 scaffold57721__6.0 1 581
				Gap between this and next alignment: 1979258 to 1980799 (1540 bp)
				Next Alignment: 1980799 1981485 C735198__4.0 687 1

			Align 109: 1980799 1981485 C735198__4.0 687 1
				Gap between this and next alignment: 1981485 to 1981509 (23 bp)
				Next Alignment: 1981509 1982114 C729486__4.0 606 1

			Align 110: 1981509 1982114 C729486__4.0 606 1
				Gap between this and next alignment: 1982114 to 1982692 (577 bp)
				Next Alignment: 1982692 1983366 scaffold36979__3.6 1 675

			Align 111: 1982692 1983366 scaffold36979__3.6 1 675
				Gap between this and next alignment: 1983366 to 1983618 (251 bp)
				Next Alignment: 1983618 1983726 scaffold36979__3.6 779 887

			Align 112: 1983618 1983726 scaffold36979__3.6 779 887
				Gap between this and next alignment: 1983726 to 1983905 (178 bp)
				Next Alignment: 1983905 1984324 scaffold36979__3.6 912 1331

			Align 113: 1983905 1984324 scaffold36979__3.6 912 1331
				Gap between this and next alignment: 1984324 to 1984487 (162 bp)
				Next Alignment: 1984487 1984691 scaffold36979__3.6 1408 1612

			Align 114: 1984487 1984691 scaffold36979__3.6 1408 1612
				Gap between this and next alignment: 1984691 to 1985330 (638 bp)
				Next Alignment: 1985330 1985524 scaffold56140__5.6 569 375

			Align 115: 1985330 1985524 scaffold56140__5.6 569 375
				Gap between this and next alignment: 1985524 to 1985728 (203 bp)
				Next Alignment: 1985728 1986036 scaffold56140__5.6 309 1

			Align 116: 1985728 1986036 scaffold56140__5.6 309 1
				Gap between this and next alignment: 1986036 to 1986079 (42 bp)
				Next Alignment: 1986079 1986211 scaffold33028__2.8 1 133

			Align 117: 1986079 1986211 scaffold33028__2.8 1 133
				Gap between this and next alignment: 1986211 to 1986374 (162 bp)
				Next Alignment: 1986374 1987226 scaffold33028__2.8 147 998

			Align 118: 1986374 1987226 scaffold33028__2.8 147 998
				Gap between this and next alignment: 1987226 to 1987773 (546 bp)
				Next Alignment: 1987773 1988349 C727152__5.0 1 577

			Align 119: 1987773 1988349 C727152__5.0 1 577
				Gap between this and next alignment: 1988349 to 1988405 (55 bp)
				Next Alignment: 1988405 1989157 C738552__4.0 1 753

			Align 120: 1988405 1989157 C738552__4.0 1 753
				Gap between this and next alignment: 1989157 to 1989181 (23 bp)
				Next Alignment: 1989181 1989811 scaffold57069__3.6 1037 407

			Align 121: 1989181 1989811 scaffold57069__3.6 1037 407
				Gap between this and next alignment: 1989811 to 1989993 (181 bp)
				Next Alignment: 1989993 1991336 C752880_65.0 1 1344

			Align 122: 1989993 1991336 C752880_65.0 1 1344
				Gap between this and next alignment: 1991336 to 1992073 (736 bp)
				Next Alignment: 1992073 1992606 C723238_64.0 534 1

			Align 123: 1992073 1992606 C723238_64.0 534 1
				Negative gap (overlap) between this and next alignment: 1992606 to 1992579 (-27 bp)
				Next Alignment: 1992579 1993401 C741434_64.0 1 823

			Previous gap was negative, modifying coordinates to ignore overlap
				Moving contig start from 1 to 29.
			Align 124: 1992607 1993401 C741434_64.0 29 823
				Negative gap (overlap) between this and next alignment: 1993401 to 1993373 (-28 bp)
				Next Alignment: 1993373 1998125 C764830_53.0 4753 1

			Previous gap was negative, modifying coordinates to ignore overlap
				Moving contig start from 4753 to 4724.
			Align 125: 1993402 1998125 C764830_53.0 4724 1
				Negative gap (overlap) between this and next alignment: 1998125 to 1998095 (-30 bp)
				Next Alignment: 1998095 1999489 C753480_50.0 1395 1

			Previous gap was negative, modifying coordinates to ignore overlap
				Moving contig start from 1395 to 1364.
			Align 126: 1998126 1999489 C753480_50.0 1364 1
				Gap between this and next alignment: 1999489 to 1999648 (158 bp)
				Next Alignment: 1999648 2003757 scaffold58339_12.7 6063 1954

			Align 127: 1999648 2003757 scaffold58339_12.7 6063 1954
				Gap between this and next alignment: 2003757 to 2003780 (22 bp)
				Next Alignment: 2003780 2004344 C726218_46.0 2 566

			Align 128: 2003780 2004344 C726218_46.0 2 566
				Gap between this and next alignment: 2004344 to 2004479 (134 bp)
				Next Alignment: 2004479 2004883 scaffold57069__3.6 405 1

			Align 129: 2004479 2004883 scaffold57069__3.6 405 1
				Gap between this and next alignment: 2004883 to 2014359 (9475 bp)
				Next Alignment: 2014359 2014995 C731900__8.0 1 637

			Align 130: 2014359 2014995 C731900__8.0 1 637
				Gap between this and next alignment: 2014995 to 2026599 (11603 bp)
				Next Alignment: 2026599 2026714 scaffold20718__3.2 349 464

			Align 131: 2026599 2026714 scaffold20718__3.2 349 464
				Gap between this and next alignment: 2026714 to 2027670 (955 bp)
				Next Alignment: 2027670 2028304 C731796__3.0 635 1

			Align 132: 2027670 2028304 C731796__3.0 635 1
				Gap between this and next alignment: 2028304 to 2219482 (191177 bp)
				Next Alignment: 2219482 2219909 scaffold55867__8.1 799 372

			Align 133: 2219482 2219909 scaffold55867__8.1 799 372
				Gap between this and next alignment: 2219909 to 2256465 (36555 bp)
				Next Alignment: 2256465 2256572 scaffold12096__2.1 1 108

			Align 134: 2256465 2256572 scaffold12096__2.1 1 108
				Gap between this and next alignment: 2256572 to 2257132 (559 bp)
				Next Alignment: 2257132 2257226 scaffold12096__2.1 376 470

			Align 135: 2257132 2257226 scaffold12096__2.1 376 470
				Gap between this and next alignment: 2257226 to 2257456 (229 bp)
				Next Alignment: 2257456 2257541 scaffold12096__2.1 562 647

			Align 136: 2257456 2257541 scaffold12096__2.1 562 647
				Gap between this and next alignment: 2257541 to 2271470 (13928 bp)
				Next Alignment: 2271470 2271713 scaffold16125__6.5 114 358

			Align 137: 2271470 2271713 scaffold16125__6.5 114 358
				Gap between this and next alignment: 2271713 to 2389470 (117756 bp)
				Next Alignment: 2389470 2390672 C750708_20.0 1203 1

			Align 138: 2389470 2390672 C750708_20.0 1203 1
				Negative gap (overlap) between this and next alignment: 2390672 to 2390642 (-30 bp)
				Next Alignment: 2390642 2391978 C752762_15.0 1 1337

			Previous gap was negative, modifying coordinates to ignore overlap
				Moving contig start from 1 to 32.
			Align 139: 2390673 2391978 C752762_15.0 32 1337
				Gap between this and next alignment: 2391978 to 2401743 (9764 bp)
				Next Alignment: 2401743 2402161 scaffold4418__8.6 610 192

			Align 140: 2401743 2402161 scaffold4418__8.6 610 192
				Gap between this and next alignment: 2402161 to 2413784 (11622 bp)
				Next Alignment: 2413784 2414051 scaffold4418__8.6 1497 1230

			Align 141: 2413784 2414051 scaffold4418__8.6 1497 1230
				Gap between this and next alignment: 2414051 to 2499179 (85127 bp)
				Next Alignment: 2499179 2499362 scaffold45557__3.8 612 429

			Align 142: 2499179 2499362 scaffold45557__3.8 612 429
				Gap between this and next alignment: 2499362 to 2499512 (149 bp)
				Next Alignment: 2499512 2499651 scaffold45557__3.8 422 283

			Align 143: 2499512 2499651 scaffold45557__3.8 422 283
				Gap between this and next alignment: 2499651 to 2510582 (10930 bp)
				Next Alignment: 2510582 2511417 C741954_24.0 836 1

			Align 144: 2510582 2511417 C741954_24.0 836 1
				Gap between this and next alignment: 2511417 to 2530397 (18979 bp)
				Next Alignment: 2530397 2530472 scaffold41372__7.2 76 1

			Align 145: 2530397 2530472 scaffold41372__7.2 76 1
				Gap between this and next alignment: 2530472 to 2530515 (42 bp)
				Next Alignment: 2530515 2531524 scaffold20227__4.0 201 1210

			Align 146: 2530515 2531524 scaffold20227__4.0 201 1210
				Gap between this and next alignment: 2531524 to 3086994 (555469 bp)
				Next Alignment: 3086994 3087197 C719894__8.0 301 504

			Align 147: 3086994 3087197 C719894__8.0 301 504
				Gap between this and next alignment: 3087197 to 3087469 (271 bp)
				Next Alignment: 3087469 3088428 C745796_12.0 962 3

			Align 148: 3087469 3088428 C745796_12.0 962 3
				Gap between this and next alignment: 3088428 to 3095148 (6719 bp)
				Next Alignment: 3095148 3095931 C739942_20.0 1 784

			Align 149: 3095148 3095931 C739942_20.0 1 784
				Gap between this and next alignment: 3095931 to 3099751 (3819 bp)
				Next Alignment: 3099751 3100067 scaffold37536__8.4 472 156

			Align 150: 3099751 3100067 scaffold37536__8.4 472 156
				Gap between this and next alignment: 3100067 to 3100222 (154 bp)
				Next Alignment: 3100222 3100363 scaffold37536__8.4 142 1

			Align 151: 3100222 3100363 scaffold37536__8.4 142 1
				Gap between this and next alignment: 3100363 to 3102755 (2391 bp)
				Next Alignment: 3102755 3103190 scaffold33678__7.9 959 1394

			Align 152: 3102755 3103190 scaffold33678__7.9 959 1394
				Gap between this and next alignment: 3103190 to 3103751 (560 bp)
				Next Alignment: 3103751 3103968 scaffold52664__6.7 1 218

			Align 153: 3103751 3103968 scaffold52664__6.7 1 218
				Gap between this and next alignment: 3103968 to 3104173 (204 bp)
				Next Alignment: 3104173 3104695 scaffold52664__6.7 268 790

			Align 154: 3104173 3104695 scaffold52664__6.7 268 790
				Gap between this and next alignment: 3104695 to 3275635 (170939 bp)
				Next Alignment: 3275635 3275932 scaffold11805_14.1 226 523

			Align 155: 3275635 3275932 scaffold11805_14.1 226 523
				Gap between this and next alignment: 3275932 to 3281147 (5214 bp)
				Next Alignment: 3281147 3281379 scaffold9680__4.9 399 167

			Align 156: 3281147 3281379 scaffold9680__4.9 399 167
				Gap between this and next alignment: 3281379 to 3281698 (318 bp)
				Next Alignment: 3281698 3282573 scaffold45823__6.7 168 1043

			Align 157: 3281698 3282573 scaffold45823__6.7 168 1043
				Negative gap (overlap) between this and next alignment: 3282573 to 3282564 (-9 bp)
				Next Alignment: 3282564 3282875 scaffold42876__7.0 644 333

			Previous gap was negative, modifying coordinates to ignore overlap
				Moving contig start from 644 to 634.
			Align 158: 3282574 3282875 scaffold42876__7.0 634 333
				Gap between this and next alignment: 3282875 to 3283326 (450 bp)
				Next Alignment: 3283326 3283492 scaffold42876__7.0 167 1

			Align 159: 3283326 3283492 scaffold42876__7.0 167 1
				Gap between this and next alignment: 3283492 to 3287422 (3929 bp)
				Next Alignment: 3287422 3288035 C730830_11.0 11 623

			Align 160: 3287422 3288035 C730830_11.0 11 623
				Gap between this and next alignment: 3288035 to 3288388 (352 bp)
				Next Alignment: 3288388 3288950 scaffold43519__9.4 790 228

			Align 161: 3288388 3288950 scaffold43519__9.4 790 228
				Gap between this and next alignment: 3288950 to 3289040 (89 bp)
				Next Alignment: 3289040 3289189 scaffold40876__8.9 1 150

			Align 162: 3289040 3289189 scaffold40876__8.9 1 150
				Gap between this and next alignment: 3289189 to 3289322 (132 bp)
				Next Alignment: 3289322 3291227 scaffold40876__8.9 152 2057

			Align 163: 3289322 3291227 scaffold40876__8.9 152 2057
				Gap between this and next alignment: 3291227 to 3673233 (382005 bp)
				Next Alignment: 3673233 3675127 scaffold58339_12.7 27 1920

			Align 164: 3673233 3675127 scaffold58339_12.7 27 1920
			END in gap: 3675127 to 3698419 (23292 bp)

Analysis is finished!
Founded SNPs were written into /Molly/gurevich/MetaQUAST/res_final/res_metahit_final/runs_per_reference/Eubacterium_rectale_M104_1/contigs_reports/nucmer_output/SOAPdenovo2.used_snps

Results:
	Local Misassemblies: 23
	Misassemblies: 5
		Relocations: 5
		Translocations: 0
		Inversions: 0
	Fake misassemblies matched with structural variations: 0
	Misassembled Contigs: 5
	Misassembled Contig Bases: 9945
	Misassemblies Inter-Contig Overlap: 0
Uncovered Regions: 0 (0)
Unaligned Contigs: 0 + 53 part
Partially Unaligned Contigs with Misassemblies: 9
Unaligned Contig Bases: 41485

Ambiguously Mapped Contigs: 1
Total Bases in Ambiguously Mapped Contigs: 601
Note that --allow-ambiguity option was set to "one" and only first alignment per each contig was used.

	Covered Bases: 102155

	SNPs: 1297
	Insertions: 13
	Deletions: 18

	Positive Gaps: 158
		Internal Gaps:  34
		External Gaps:  124
		External Gap Total:  3575470
		External Gap Average: 28834
	Negative Gaps: 6
		Internal Overlaps:  0
		External Overlaps:  6
		External Overlaps Total: -145
		External Overlaps Average: -24
	Contigs with Redundant Alignments: 0 (0)
