Aligning contigs to reference...
	Using existing Nucmer alignments...
Parsing coords...
Loading reference...
	Loaded [Formosa_sp_AK20_gi_471945607_ref_NZ_]
	Loaded [Formosa_sp_AK20_gi_471945608_ref_NZ_]
	Loaded [Formosa_sp_AK20_gi_471945687_ref_NZ_]
	Loaded [Formosa_sp_AK20_gi_471945744_ref_NZ_]
	Loaded [Formosa_sp_AK20_gi_471946561_ref_NZ_]
	Loaded [Formosa_sp_AK20_gi_471946678_ref_NZ_]
	Loaded [Formosa_sp_AK20_gi_471946679_ref_NZ_]
	Loaded [Formosa_sp_AK20_gi_471946824_ref_NZ_]
	Loaded [Formosa_sp_AK20_gi_471946889_ref_NZ_]
	Loaded [Formosa_sp_AK20_gi_471947045_ref_NZ_]
	Loaded [Formosa_sp_AK20_gi_471947210_ref_NZ_]
	Loaded [Formosa_sp_AK20_gi_471947220_ref_NZ_]
	Loaded [Formosa_sp_AK20_gi_471947227_ref_NZ_]
	Loaded [Formosa_sp_AK20_gi_471947397_ref_NZ_]
	Loaded [Formosa_sp_AK20_gi_471947509_ref_NZ_]
	Loaded [Formosa_sp_AK20_gi_471947712_ref_NZ_]
	Loaded [Formosa_sp_AK20_gi_471947840_ref_NZ_]
	Loaded [Formosa_sp_AK20_gi_471947899_ref_NZ_]
	Loaded [Formosa_sp_AK20_gi_471947936_ref_NZ_]
	Loaded [Formosa_sp_AK20_gi_471948054_ref_NZ_]
	Loaded [Formosa_sp_AK20_gi_471948157_ref_NZ_]
	Loaded [Formosa_sp_AK20_gi_471948228_ref_NZ_]
	Loaded [Formosa_sp_AK20_gi_471948260_ref_NZ_]
	Loaded [Formosa_sp_AK20_gi_471948265_ref_NZ_]
	Loaded [Formosa_sp_AK20_gi_471948352_ref_NZ_]
	Loaded [Formosa_sp_AK20_gi_471948356_ref_NZ_]
	Loaded [Formosa_sp_AK20_gi_471948368_ref_NZ_]
	Loaded [Formosa_sp_AK20_gi_471948373_ref_NZ_]
	Loaded [Formosa_sp_AK20_gi_471948375_ref_NZ_]
	Loaded [Formosa_sp_AK20_gi_471948428_ref_NZ_]
	Loaded [Formosa_sp_AK20_gi_471948431_ref_NZ_]
	Loaded [Formosa_sp_AK20_gi_471948434_ref_NZ_]
	Loaded [Formosa_sp_AK20_gi_471948441_ref_NZ_]
	Loaded [Formosa_sp_AK20_gi_471948457_ref_NZ_]
	Loaded [Formosa_sp_AK20_gi_471948460_ref_NZ_]
	Loaded [Formosa_sp_AK20_gi_471948463_ref_NZ_]
	Loaded [Formosa_sp_AK20_gi_471948465_ref_NZ_]
	Loaded [Formosa_sp_AK20_gi_471948472_ref_NZ_]
	Loaded [Formosa_sp_AK20_gi_471948473_ref_NZ_]
	Loaded [Formosa_sp_AK20_gi_471948475_ref_NZ_]
	Loaded [Formosa_sp_AK20_gi_471948482_ref_NZ_]
	Loaded [Formosa_sp_AK20_gi_471948484_ref_NZ_]
	Loaded [Formosa_sp_AK20_gi_471948485_ref_NZ_]
	Loaded [Formosa_sp_AK20_gi_471948490_ref_NZ_]
	Loaded [Formosa_sp_AK20_gi_471948492_ref_NZ_]
	Loaded [Formosa_sp_AK20_gi_471948493_ref_NZ_]
	Loaded [Formosa_sp_AK20_gi_471948494_ref_NZ_]
Loading SNPs...
Loading regions...
	No regions given, using whole reference.
	Total Regions: 47
	Total Region Length: 3055484
Analyzing contigs...
CONTIG: NODE_38_length_164828_cov_5.90183_ID_75 (164828bp)
Top Length: 164828  Top ID: 99.97
		Marking as insignificant: 167680 167757 | 120813 120736 | 78 78 | 100.0 | Formosa_sp_AK20_gi_471947509_ref_NZ_ NODE_38_length_164828_cov_5.90183_ID_75
		One align captures most of this contig: 11 164838 | 1 164828 | 164828 164828 | 99.97 | Formosa_sp_AK20_gi_471947045_ref_NZ_ NODE_38_length_164828_cov_5.90183_ID_75

CONTIG: NODE_104_length_74927_cov_6.03006_ID_207 (74927bp)
Top Length: 74927  Top ID: 99.97
		One align captures most of this contig: 5494 80420 | 1 74927 | 74927 74927 | 99.97 | Formosa_sp_AK20_gi_471948265_ref_NZ_ NODE_104_length_74927_cov_6.03006_ID_207

CONTIG: NODE_2054_length_5392_cov_6.47911_ID_4107 (5392bp)
Top Length: 3489  Top ID: 99.91
		Skipping redundant alignment 36398 36664 | 267 1 | 267 267 | 98.13 | Formosa_sp_AK20_gi_471947936_ref_NZ_ NODE_2054_length_5392_cov_6.47911_ID_4107
		Skipping redundant alignment 2428 2493 | 5392 5327 | 66 66 | 100.0 | Formosa_sp_AK20_gi_471947210_ref_NZ_ NODE_2054_length_5392_cov_6.47911_ID_4107
		This contig is misassembled. 4 total aligns.
			Real Alignment 1: 1654 5142 | 3489 1 | 3489 3489 | 99.91 | Formosa_sp_AK20_gi_471948265_ref_NZ_ NODE_2054_length_5392_cov_6.47911_ID_4107
			  Extensive misassembly ( translocation ) between these two alignments
			Real Alignment 2: 4136 5938 | 5392 3590 | 1803 1803 | 99.94 | Formosa_sp_AK20_gi_471947210_ref_NZ_ NODE_2054_length_5392_cov_6.47911_ID_4107

CONTIG: NODE_6221_length_1739_cov_4.84264_ID_12441 (1739bp)
Top Length: 1739  Top ID: 99.94
		One align captures most of this contig: 8 1746 | 1 1739 | 1739 1739 | 99.94 | Formosa_sp_AK20_gi_471948265_ref_NZ_ NODE_6221_length_1739_cov_4.84264_ID_12441

CONTIG: NODE_1540_length_7282_cov_5.94465_ID_3079 (7282bp)
Top Length: 7282  Top ID: 99.92
		One align captures most of this contig: 15 7296 | 1 7282 | 7282 7282 | 99.92 | Formosa_sp_AK20_gi_471947220_ref_NZ_ NODE_1540_length_7282_cov_5.94465_ID_3079

CONTIG: NODE_1747_length_6406_cov_6.43458_ID_3493 (6406bp)
Top Length: 6406  Top ID: 99.88
		Marking as insignificant: 1 221 | 12 232 | 221 221 | 100.0 | Formosa_sp_AK20_gi_471948457_ref_NZ_ NODE_1747_length_6406_cov_6.43458_ID_3493
		One align captures most of this contig: 230 6635 | 1 6406 | 6406 6406 | 99.88 | Formosa_sp_AK20_gi_471948457_ref_NZ_ NODE_1747_length_6406_cov_6.43458_ID_3493

CONTIG: NODE_8726_length_1207_cov_6.1276_ID_17451 (1207bp)
Top Length: 1204  Top ID: 99.92
		One align captures most of this contig: 20 1223 | 1207 4 | 1204 1204 | 99.92 | Formosa_sp_AK20_gi_471948473_ref_NZ_ NODE_8726_length_1207_cov_6.1276_ID_17451

CONTIG: NODE_17_length_263606_cov_5.92391_ID_33 (263606bp)
Top Length: 131092  Top ID: 99.98
		Skipping redundant alignment 35145 35505 | 4535 4175 | 361 361 | 96.13 | Formosa_sp_AK20_gi_471948228_ref_NZ_ NODE_17_length_263606_cov_5.92391_ID_33
		Skipping redundant alignment 124678 124757 | 128737 128816 | 80 80 | 100.0 | Formosa_sp_AK20_gi_471947712_ref_NZ_ NODE_17_length_263606_cov_5.92391_ID_33
		Skipping redundant alignment 131038 131168 | 128903 128773 | 131 131 | 99.24 | Formosa_sp_AK20_gi_471946561_ref_NZ_ NODE_17_length_263606_cov_5.92391_ID_33
		Skipping redundant alignment 13178 13252 | 128886 128960 | 75 75 | 100.0 | Formosa_sp_AK20_gi_471947227_ref_NZ_ NODE_17_length_263606_cov_5.92391_ID_33
		This contig is misassembled. 8 total aligns.
			Excluding internal overlap of size 44 between Alignment 1 and 2:  1 4213 | 4218 1 | 4213 4218 --> 45 4213 | 4174 1 | 4169 4174
			Real Alignment 1: 45 4213 | 4174 1 | 4169 4174 | 99.38 | Formosa_sp_AK20_gi_471945607_ref_NZ_ NODE_17_length_263606_cov_5.92391_ID_33
			  Extensive misassembly ( translocation ) between these two alignments
			Excluding internal overlap of size 171 between Alignment 2 and 3:  1 124728 | 4175 128903 | 124728 124729 --> 1 124557 | 4175 128732 | 124557 124558
			Real Alignment 2: 1 124557 | 4175 128732 | 124557 124558 | 99.96 | Formosa_sp_AK20_gi_471947712_ref_NZ_ NODE_17_length_263606_cov_5.92391_ID_33
			  Extensive misassembly ( translocation ) between these two alignments
			Excluding internal overlap of size 44 between Alignment 3 and 4:  1 3826 | 259781 263606 | 3826 3826 --> 45 3826 | 259825 263606 | 3782 3782
			Real Alignment 3: 1 131092 | 259824 128733 | 131092 131092 | 99.98 | Formosa_sp_AK20_gi_471946561_ref_NZ_ NODE_17_length_263606_cov_5.92391_ID_33
			  Extensive misassembly ( translocation ) between these two alignments
			Real Alignment 4: 45 3826 | 259825 263606 | 3782 3782 | 99.92 | Formosa_sp_AK20_gi_471948465_ref_NZ_ NODE_17_length_263606_cov_5.92391_ID_33

CONTIG: NODE_28_length_187676_cov_5.90441_ID_55 (187676bp)
Top Length: 183119  Top ID: 99.93
		Skipping redundant alignment 130865 130939 | 17809 17735 | 75 75 | 100.0 | Formosa_sp_AK20_gi_471946561_ref_NZ_ NODE_28_length_187676_cov_5.90441_ID_55
		Skipping redundant alignment 4535 4613 | 18097 18019 | 79 79 | 98.73 | Formosa_sp_AK20_gi_471948434_ref_NZ_ NODE_28_length_187676_cov_5.90441_ID_55
		Skipping redundant alignment 5570 6349 | 186899 187676 | 780 778 | 97.18 | Formosa_sp_AK20_gi_471948428_ref_NZ_ NODE_28_length_187676_cov_5.90441_ID_55
		This contig is misassembled. 5 total aligns.
			Excluding internal overlap of size 32 between Alignment 1 and 2:  1 4589 | 4589 1 | 4589 4589 --> 33 4589 | 4557 1 | 4557 4557
			Real Alignment 1: 33 4589 | 4557 1 | 4557 4557 | 100.0 | Formosa_sp_AK20_gi_471948434_ref_NZ_ NODE_28_length_187676_cov_5.90441_ID_55
			  Extensive misassembly ( translocation ) between these two alignments
			Real Alignment 2: 1 183119 | 4558 187676 | 183119 183119 | 99.93 | Formosa_sp_AK20_gi_471947227_ref_NZ_ NODE_28_length_187676_cov_5.90441_ID_55

CONTIG: NODE_19281_length_517_cov_6.23377_ID_38561 (517bp)
Top Length: 517  Top ID: 99.61
		One align captures most of this contig: 48 564 | 517 1 | 517 517 | 99.61 | Formosa_sp_AK20_gi_471948492_ref_NZ_ NODE_19281_length_517_cov_6.23377_ID_38561

CONTIG: NODE_973_length_12373_cov_5.98977_ID_1945 (12373bp)
Top Length: 12183  Top ID: 99.98
		This contig is misassembled. 2 total aligns.
			Excluding internal overlap of size 63 between Alignment 1 and 2:  12194 12446 | 12121 12373 | 253 253 --> 12257 12446 | 12184 12373 | 190 190
			Real Alignment 1: 18 12201 | 1 12183 | 12184 12183 | 99.98 | Formosa_sp_AK20_gi_471948356_ref_NZ_ NODE_973_length_12373_cov_5.98977_ID_1945
			  Fake misassembly between these two alignments: inconsistency = 55 , gap in the contig is small or absent or filled mostly with Ns (long indel: deletion of length 55; 0 mismatches)
			Real Alignment 2: 12257 12446 | 12184 12373 | 190 190 | 99.21 | Formosa_sp_AK20_gi_471948356_ref_NZ_ NODE_973_length_12373_cov_5.98977_ID_1945

CONTIG: NODE_17012_length_583_cov_6.61364_ID_34023 (583bp)
Top Length: 417  Top ID: 100.0
		This contig is misassembled. 2 total aligns.
			Excluding internal overlap of size 44 between Alignment 1 and 2:  1404 1613 | 1 210 | 210 210 --> 1404 1569 | 1 166 | 166 166
			Real Alignment 1: 1404 1569 | 1 166 | 166 166 | 99.52 | Formosa_sp_AK20_gi_471946678_ref_NZ_ NODE_17012_length_583_cov_6.61364_ID_34023
			  Extensive misassembly ( translocation ) between these two alignments
			Real Alignment 2: 2 418 | 583 167 | 417 417 | 100.0 | Formosa_sp_AK20_gi_471948484_ref_NZ_ NODE_17012_length_583_cov_6.61364_ID_34023

CONTIG: NODE_43_length_158798_cov_5.95018_ID_85 (158798bp)
Top Length: 83168  Top ID: 99.98
		Skipping redundant alignment 165553 165661 | 655 547 | 109 109 | 99.08 | Formosa_sp_AK20_gi_471946889_ref_NZ_ NODE_43_length_158798_cov_5.95018_ID_85
		This contig is misassembled. 3 total aligns.
			Excluding internal overlap of size 195 between Alignment 1 and 2:  89796 165620 | 75825 1 | 75825 75825 --> 89991 165620 | 75630 1 | 75630 75630
			Real Alignment 1: 89991 165620 | 75630 1 | 75630 75630 | 99.97 | Formosa_sp_AK20_gi_471946889_ref_NZ_ NODE_43_length_158798_cov_5.95018_ID_85
			  Gap between these two alignments (local misassembly). Inconsistency = 180 
			Real Alignment 2: 6643 89810 | 158798 75631 | 83168 83168 | 99.98 | Formosa_sp_AK20_gi_471946889_ref_NZ_ NODE_43_length_158798_cov_5.95018_ID_85

CONTIG: NODE_3343_length_3300_cov_6.57134_ID_6685 (3300bp)
Top Length: 3300  Top ID: 100.0
		One align captures most of this contig: 271 3570 | 3300 1 | 3300 3300 | 100.0 | Formosa_sp_AK20_gi_471946889_ref_NZ_ NODE_3343_length_3300_cov_6.57134_ID_6685

CONTIG: NODE_4162_length_2631_cov_5.89635_ID_8323 (2631bp)
Top Length: 2631  Top ID: 100.0
		One align captures most of this contig: 3573 6203 | 1 2631 | 2631 2631 | 100.0 | Formosa_sp_AK20_gi_471946889_ref_NZ_ NODE_4162_length_2631_cov_5.89635_ID_8323

CONTIG: NODE_11159_length_919_cov_7.19792_ID_22317 (919bp)
Top Length: 919  Top ID: 99.89
		One align captures most of this contig: 110 1028 | 919 1 | 919 919 | 99.89 | Formosa_sp_AK20_gi_471948482_ref_NZ_ NODE_11159_length_919_cov_7.19792_ID_22317

CONTIG: NODE_284_length_35228_cov_5.89918_ID_567 (35228bp)
Top Length: 35226  Top ID: 99.97
		One align captures most of this contig: 10 35235 | 3 35228 | 35226 35226 | 99.97 | Formosa_sp_AK20_gi_471948228_ref_NZ_ NODE_284_length_35228_cov_5.89918_ID_567

CONTIG: NODE_67_length_109122_cov_5.98236_ID_133 (109122bp)
Top Length: 67617  Top ID: 99.96
		Skipping redundant alignment 156483 156830 | 34186 34533 | 348 348 | 98.56 | Formosa_sp_AK20_gi_471946679_ref_NZ_ NODE_67_length_109122_cov_5.98236_ID_133
		This contig is misassembled. 6 total aligns.
			Real Alignment 1: 120574 122516 | 1 1943 | 1943 1943 | 99.95 | Formosa_sp_AK20_gi_471946679_ref_NZ_ NODE_67_length_109122_cov_5.98236_ID_133
			  Gap between these two alignments (local misassembly). Inconsistency = 434 
			Excluding internal overlap of size 180 between Alignment 2 and 3:  145843 156442 | 23816 34415 | 10600 10600 --> 146023 156442 | 23996 34415 | 10420 10420
			Real Alignment 2: 123061 144988 | 2054 23995 | 21928 21942 | 99.89 | Formosa_sp_AK20_gi_471946679_ref_NZ_ NODE_67_length_109122_cov_5.98236_ID_133
			  Extensive misassembly ( relocation, inconsistency = 1034 ) between these two alignments
			Excluding internal overlap of size 165 between Alignment 3 and 4:  1 7307 | 41557 34251 | 7307 7307 --> 1 7142 | 41557 34416 | 7142 7142
			Real Alignment 3: 146023 156442 | 23996 34415 | 10420 10420 | 99.92 | Formosa_sp_AK20_gi_471946679_ref_NZ_ NODE_67_length_109122_cov_5.98236_ID_133
			  Extensive misassembly ( translocation ) between these two alignments
			Excluding internal overlap of size 52 between Alignment 4 and 5:  1 7142 | 41557 34416 | 7142 7142 --> 53 7142 | 41505 34416 | 7090 7090
			Real Alignment 4: 53 7142 | 41505 34416 | 7090 7090 | 99.95 | Formosa_sp_AK20_gi_471948475_ref_NZ_ NODE_67_length_109122_cov_5.98236_ID_133
			  Extensive misassembly ( translocation ) between these two alignments
			Real Alignment 5: 50 67666 | 41506 109122 | 67617 67617 | 99.96 | Formosa_sp_AK20_gi_471946824_ref_NZ_ NODE_67_length_109122_cov_5.98236_ID_133

CONTIG: NODE_247_length_39506_cov_6.07952_ID_493 (39506bp)
Top Length: 39506  Top ID: 99.97
		One align captures most of this contig: 208 39713 | 39506 1 | 39506 39506 | 99.97 | Formosa_sp_AK20_gi_471948157_ref_NZ_ NODE_247_length_39506_cov_6.07952_ID_493

CONTIG: NODE_350_length_29998_cov_5.7905_ID_699 (29998bp)
Top Length: 29998  Top ID: 99.98
		One align captures most of this contig: 39627 69624 | 29998 1 | 29998 29998 | 99.98 | Formosa_sp_AK20_gi_471948157_ref_NZ_ NODE_350_length_29998_cov_5.7905_ID_699

CONTIG: NODE_15769_length_630_cov_4.4313_ID_31537 (630bp)
Top Length: 629  Top ID: 99.84
		One align captures most of this contig: 4795 5423 | 630 2 | 629 629 | 99.84 | Formosa_sp_AK20_gi_471945607_ref_NZ_ NODE_15769_length_630_cov_4.4313_ID_31537

CONTIG: NODE_16118_length_616_cov_5.15865_ID_32235 (616bp)
Top Length: 616  Top ID: 97.89
		One align captures most of this contig: 4162 4777 | 1 616 | 616 616 | 97.89 | Formosa_sp_AK20_gi_471945607_ref_NZ_ NODE_16118_length_616_cov_5.15865_ID_32235

CONTIG: NODE_69_length_106768_cov_5.921_ID_137 (106768bp)
Top Length: 106768  Top ID: 99.98
		One align captures most of this contig: 59 106826 | 106768 1 | 106768 106768 | 99.98 | Formosa_sp_AK20_gi_471947397_ref_NZ_ NODE_69_length_106768_cov_5.921_ID_137

CONTIG: NODE_1360_length_8380_cov_6.11628_ID_2719 (8380bp)
Top Length: 8378  Top ID: 99.93
		Marking as insignificant: 115103 115250 | 8161 8308 | 148 148 | 95.27 | Formosa_sp_AK20_gi_471947397_ref_NZ_ NODE_1360_length_8380_cov_6.11628_ID_2719
		One align captures most of this contig: 106780 115157 | 3 8380 | 8378 8378 | 99.93 | Formosa_sp_AK20_gi_471947397_ref_NZ_ NODE_1360_length_8380_cov_6.11628_ID_2719

CONTIG: NODE_94_length_83390_cov_5.93459_ID_187 (83390bp)
Top Length: 78389  Top ID: 99.98
		This contig is misassembled. 2 total aligns.
			Excluding internal overlap of size 62 between Alignment 1 and 2:  3627 8689 | 83390 78328 | 5063 5063 --> 3627 8627 | 83390 78390 | 5001 5001
			Real Alignment 1: 13 78401 | 1 78389 | 78389 78389 | 99.98 | Formosa_sp_AK20_gi_471945608_ref_NZ_ NODE_94_length_83390_cov_5.93459_ID_187
			  Extensive misassembly ( translocation ) between these two alignments
			Real Alignment 2: 3627 8627 | 83390 78390 | 5001 5001 | 99.98 | Formosa_sp_AK20_gi_471948260_ref_NZ_ NODE_94_length_83390_cov_5.93459_ID_187

CONTIG: NODE_10195_length_1020_cov_6.16891_ID_20389 (1020bp)
Top Length: 1020  Top ID: 100.0
		One align captures most of this contig: 1433 2452 | 1020 1 | 1020 1020 | 100.0 | Formosa_sp_AK20_gi_471948260_ref_NZ_ NODE_10195_length_1020_cov_6.16891_ID_20389

CONTIG: NODE_12049_length_845_cov_4.38987_ID_24097 (845bp)
Top Length: 845  Top ID: 100.0
		One align captures most of this contig: 12 856 | 1 845 | 845 845 | 100.0 | Formosa_sp_AK20_gi_471948260_ref_NZ_ NODE_12049_length_845_cov_4.38987_ID_24097

CONTIG: NODE_18368_length_542_cov_5.83573_ID_36735 (542bp)
Top Length: 542  Top ID: 99.63
		One align captures most of this contig: 3140 3681 | 1 542 | 542 542 | 99.63 | Formosa_sp_AK20_gi_471948260_ref_NZ_ NODE_18368_length_542_cov_5.83573_ID_36735

CONTIG: NODE_57_length_130002_cov_6.09288_ID_113 (130002bp)
Top Length: 69601  Top ID: 99.96
		Skipping redundant alignment 6538 7229 | 38280 37592 | 692 689 | 98.41 | Formosa_sp_AK20_gi_471948457_ref_NZ_ NODE_57_length_130002_cov_6.09288_ID_113
		Skipping redundant alignment 6983 7359 | 38103 37724 | 377 380 | 97.11 | Formosa_sp_AK20_gi_471948457_ref_NZ_ NODE_57_length_130002_cov_6.09288_ID_113
		Skipping redundant alignment 204 452 | 43302 43550 | 249 249 | 96.79 | Formosa_sp_AK20_gi_471948441_ref_NZ_ NODE_57_length_130002_cov_6.09288_ID_113
		Skipping redundant alignment 7349 8770 | 45854 44434 | 1422 1421 | 97.54 | Formosa_sp_AK20_gi_471948457_ref_NZ_ NODE_57_length_130002_cov_6.09288_ID_113
		Skipping redundant alignment 7552 17781 | 50409 60590 | 10230 10182 | 99.49 | Formosa_sp_AK20_gi_471948441_ref_NZ_ NODE_57_length_130002_cov_6.09288_ID_113
		This contig is misassembled. 8 total aligns.
			Excluding internal overlap of size 260 between Alignment 1 and 2:  433 17733 | 43291 60590 | 17301 17300 --> 693 17733 | 43551 60590 | 17041 17040
			Real Alignment 1: 237 43529 | 43550 256 | 43293 43295 | 99.94 | Formosa_sp_AK20_gi_471947899_ref_NZ_ NODE_57_length_130002_cov_6.09288_ID_113
			  Extensive misassembly ( translocation ) between these two alignments
			Excluding internal overlap of size 189 between Alignment 2 and 3:  693 17733 | 43551 60590 | 17041 17040 --> 693 17544 | 43551 60401 | 16852 16851
			Real Alignment 2: 693 17544 | 43551 60401 | 16852 16851 | 99.57 | Formosa_sp_AK20_gi_471948441_ref_NZ_ NODE_57_length_130002_cov_6.09288_ID_113
			  Extensive misassembly ( translocation ) between these two alignments
			Real Alignment 3: 6 69606 | 130002 60402 | 69601 69601 | 99.96 | Formosa_sp_AK20_gi_471945687_ref_NZ_ NODE_57_length_130002_cov_6.09288_ID_113

CONTIG: NODE_1963_length_5636_cov_6.25873_ID_3925 (5636bp)
Top Length: 5636  Top ID: 99.95
		One align captures most of this contig: 43973 49608 | 5636 1 | 5636 5636 | 99.95 | Formosa_sp_AK20_gi_471947899_ref_NZ_ NODE_1963_length_5636_cov_6.25873_ID_3925

CONTIG: NODE_13114_length_769_cov_3.66106_ID_26227 (769bp)
Top Length: 769  Top ID: 100.0
		One align captures most of this contig: 50028 50796 | 769 1 | 769 769 | 100.0 | Formosa_sp_AK20_gi_471947899_ref_NZ_ NODE_13114_length_769_cov_3.66106_ID_26227

CONTIG: NODE_12302_length_827_cov_6.35751_ID_24603 (827bp)
Top Length: 447  Top ID: 99.78
		This contig is misassembled. 2 total aligns.
			Excluding internal overlap of size 44 between Alignment 1 and 2:  1 424 | 424 1 | 424 424 --> 45 424 | 380 1 | 380 380
			Real Alignment 1: 45 424 | 380 1 | 380 380 | 99.06 | Formosa_sp_AK20_gi_471948472_ref_NZ_ NODE_12302_length_827_cov_6.35751_ID_24603
			  Extensive misassembly ( translocation ) between these two alignments
			Real Alignment 2: 1 447 | 381 827 | 447 447 | 99.78 | Formosa_sp_AK20_gi_471948493_ref_NZ_ NODE_12302_length_827_cov_6.35751_ID_24603

CONTIG: NODE_5857_length_1851_cov_6.50278_ID_11713 (1851bp)
Top Length: 1851  Top ID: 99.95
		One align captures most of this contig: 84 1934 | 1 1851 | 1851 1851 | 99.95 | Formosa_sp_AK20_gi_471948485_ref_NZ_ NODE_5857_length_1851_cov_6.50278_ID_11713

CONTIG: NODE_134_length_60213_cov_5.9195_ID_267 (60213bp)
Top Length: 60213  Top ID: 99.97
		One align captures most of this contig: 3 60215 | 1 60213 | 60213 60213 | 99.97 | Formosa_sp_AK20_gi_471947840_ref_NZ_ NODE_134_length_60213_cov_5.9195_ID_267

CONTIG: NODE_1480_length_7585_cov_6.00903_ID_2959 (7585bp)
Top Length: 7585  Top ID: 99.12
		One align captures most of this contig: 60226 67873 | 7585 1 | 7648 7585 | 99.12 | Formosa_sp_AK20_gi_471947840_ref_NZ_ NODE_1480_length_7585_cov_6.00903_ID_2959

CONTIG: NODE_89_length_85253_cov_6.00579_ID_177 (85253bp)
Top Length: 85253  Top ID: 99.97
		One align captures most of this contig: 36666 121918 | 85253 1 | 85253 85253 | 99.97 | Formosa_sp_AK20_gi_471947936_ref_NZ_ NODE_89_length_85253_cov_6.00579_ID_177

CONTIG: NODE_338_length_30622_cov_5.75582_ID_675 (30622bp)
Top Length: 30191  Top ID: 99.98
		This contig is partially unaligned. (Aligned 30191 out of 30622 bases)
		Alignment: 3 30193 | 1 30191 | 30191 30191 | 99.98 | Formosa_sp_AK20_gi_471947936_ref_NZ_ NODE_338_length_30622_cov_5.75582_ID_675
		Unaligned bases: 30192 to 30622 (431)

CONTIG: NODE_1697_length_6587_cov_5.52909_ID_3393 (6587bp)
Top Length: 6304  Top ID: 99.83
		This contig is partially unaligned. (Aligned 6304 out of 6587 bases)
		Alignment: 30167 36470 | 6304 1 | 6304 6304 | 99.83 | Formosa_sp_AK20_gi_471947936_ref_NZ_ NODE_1697_length_6587_cov_5.52909_ID_3393
		Unaligned bases: 6305 to 6587 (283)

CONTIG: NODE_3181_length_3480_cov_5.70453_ID_6361 (3480bp)
Top Length: 3480  Top ID: 99.97
		One align captures most of this contig: 122357 125836 | 1 3480 | 3480 3480 | 99.97 | Formosa_sp_AK20_gi_471947936_ref_NZ_ NODE_3181_length_3480_cov_5.70453_ID_6361

CONTIG: NODE_18336_length_543_cov_3.96107_ID_36671 (543bp)
Top Length: 543  Top ID: 99.63
		One align captures most of this contig: 121864 122406 | 543 1 | 543 543 | 99.63 | Formosa_sp_AK20_gi_471947936_ref_NZ_ NODE_18336_length_543_cov_3.96107_ID_36671

CONTIG: NODE_8565_length_1233_cov_6.25806_ID_17129 (1233bp)
Top Length: 1229  Top ID: 99.92
		One align captures most of this contig: 1 1229 | 5 1233 | 1229 1229 | 99.92 | Formosa_sp_AK20_gi_471948431_ref_NZ_ NODE_8565_length_1233_cov_6.25806_ID_17129

CONTIG: NODE_3704_length_2974_cov_5.90271_ID_7407 (2974bp)
Top Length: 2974  Top ID: 99.9
		Marking as insignificant: 5518 5682 | 833 997 | 165 165 | 96.36 | Formosa_sp_AK20_gi_471948375_ref_NZ_ NODE_3704_length_2974_cov_5.90271_ID_7407
		One align captures most of this contig: 11 2984 | 2974 1 | 2974 2974 | 99.9 | Formosa_sp_AK20_gi_471948352_ref_NZ_ NODE_3704_length_2974_cov_5.90271_ID_7407

CONTIG: NODE_4489_length_2443_cov_6.14992_ID_8977 (2443bp)
Top Length: 2443  Top ID: 100.0
		One align captures most of this contig: 21 2463 | 1 2443 | 2443 2443 | 100.0 | Formosa_sp_AK20_gi_471947210_ref_NZ_ NODE_4489_length_2443_cov_6.14992_ID_8977

CONTIG: NODE_10451_length_992_cov_4.62967_ID_20901 (992bp)
Top Length: 992  Top ID: 99.9
		One align captures most of this contig: 2439 3430 | 992 1 | 992 992 | 99.9 | Formosa_sp_AK20_gi_471947210_ref_NZ_ NODE_10451_length_992_cov_4.62967_ID_20901

CONTIG: NODE_11072_length_930_cov_5.21486_ID_22143 (930bp)
Top Length: 930  Top ID: 100.0
		One align captures most of this contig: 5946 6875 | 930 1 | 930 930 | 100.0 | Formosa_sp_AK20_gi_471947210_ref_NZ_ NODE_11072_length_930_cov_5.21486_ID_22143

CONTIG: NODE_12457_length_815_cov_5.875_ID_24913 (815bp)
Top Length: 815  Top ID: 100.0
		One align captures most of this contig: 3376 4190 | 815 1 | 815 815 | 100.0 | Formosa_sp_AK20_gi_471947210_ref_NZ_ NODE_12457_length_815_cov_5.875_ID_24913

CONTIG: NODE_4990_length_2187_cov_6.21857_ID_9979 (2187bp)
Top Length: 1283  Top ID: 99.84
		This contig is misassembled. 2 total aligns.
			Excluding internal overlap of size 42 between Alignment 1 and 2:  1 946 | 946 1 | 946 946 --> 43 946 | 904 1 | 904 904
			Real Alignment 1: 43 946 | 904 1 | 904 904 | 99.89 | Formosa_sp_AK20_gi_471948490_ref_NZ_ NODE_4990_length_2187_cov_6.21857_ID_9979
			  Extensive misassembly ( translocation ) between these two alignments
			Real Alignment 2: 1 1283 | 905 2187 | 1283 1283 | 99.84 | Formosa_sp_AK20_gi_471948373_ref_NZ_ NODE_4990_length_2187_cov_6.21857_ID_9979

CONTIG: NODE_146_length_55883_cov_5.96_ID_291 (55883bp)
Top Length: 55883  Top ID: 99.98
		One align captures most of this contig: 2 55884 | 55883 1 | 55883 55883 | 99.98 | Formosa_sp_AK20_gi_471948054_ref_NZ_ NODE_146_length_55883_cov_5.96_ID_291

CONTIG: NODE_184_length_47860_cov_5.92829_ID_367 (47860bp)
Top Length: 47860  Top ID: 99.96
		One align captures most of this contig: 55812 103671 | 47860 1 | 47860 47860 | 99.96 | Formosa_sp_AK20_gi_471948054_ref_NZ_ NODE_184_length_47860_cov_5.92829_ID_367

CONTIG: NODE_14494_length_688_cov_4.34123_ID_28987 (688bp)
Top Length: 688  Top ID: 99.71
		One align captures most of this contig: 2 689 | 1 688 | 688 688 | 99.71 | Formosa_sp_AK20_gi_471948463_ref_NZ_ NODE_14494_length_688_cov_4.34123_ID_28987

CONTIG: NODE_2_length_506133_cov_5.92754_ID_3 (506133bp)
Top Length: 311530  Top ID: 99.98
		This contig is misassembled. 4 total aligns.
			Excluding internal overlap of size 20038 between Alignment 1 and 2:  717894 754776 | 36875 1 | 36883 36875 --> 737932 754776 | 16837 1 | 16845 16837
			Real Alignment 1: 737932 754776 | 16837 1 | 16845 16837 | 99.96 | Formosa_sp_AK20_gi_471945744_ref_NZ_ NODE_2_length_506133_cov_5.92754_ID_3
			  Fake misassembly between these two alignments: inconsistency = -8 , gap in the contig is small or absent or filled mostly with Ns (long indel: insertion of length 8; 0 mismatches)
			Excluding internal overlap of size 89 between Alignment 2 and 3:  660173 737939 | 94596 16838 | 77767 77759 --> 660262 737939 | 94507 16838 | 77678 77670
			Real Alignment 2: 660262 737939 | 94507 16838 | 77678 77670 | 99.98 | Formosa_sp_AK20_gi_471945744_ref_NZ_ NODE_2_length_506133_cov_5.92754_ID_3
			  Gap between these two alignments (local misassembly). Inconsistency = 113 
			Real Alignment 3: 348619 660148 | 406037 94508 | 311530 311530 | 99.98 | Formosa_sp_AK20_gi_471945744_ref_NZ_ NODE_2_length_506133_cov_5.92754_ID_3
			  Gap between these two alignments (local misassembly). Inconsistency = 203 
			Real Alignment 4: 248320 348237 | 506133 406216 | 99918 99918 | 99.98 | Formosa_sp_AK20_gi_471945744_ref_NZ_ NODE_2_length_506133_cov_5.92754_ID_3

CONTIG: NODE_47_length_146375_cov_5.9764_ID_93 (146375bp)
Top Length: 146375  Top ID: 99.98
		One align captures most of this contig: 754699 901073 | 146375 1 | 146375 146375 | 99.98 | Formosa_sp_AK20_gi_471945744_ref_NZ_ NODE_47_length_146375_cov_5.9764_ID_93

CONTIG: NODE_58_length_129815_cov_5.91332_ID_115 (129815bp)
Top Length: 129815  Top ID: 99.98
		One align captures most of this contig: 118586 248400 | 1 129815 | 129815 129815 | 99.98 | Formosa_sp_AK20_gi_471945744_ref_NZ_ NODE_58_length_129815_cov_5.91332_ID_115

CONTIG: NODE_62_length_118628_cov_5.73347_ID_123 (118628bp)
Top Length: 118621  Top ID: 99.97
		One align captures most of this contig: 1 118621 | 118624 4 | 118621 118621 | 99.97 | Formosa_sp_AK20_gi_471945744_ref_NZ_ NODE_62_length_118628_cov_5.73347_ID_123

CONTIG: NODE_2463_length_4499_cov_6.14851_ID_4925 (4499bp)
Top Length: 4499  Top ID: 99.84
		One align captures most of this contig: 30 4528 | 1 4499 | 4499 4499 | 99.84 | Formosa_sp_AK20_gi_471948368_ref_NZ_ NODE_2463_length_4499_cov_6.14851_ID_4925

CONTIG: NODE_17603_length_564_cov_10.4479_ID_35205 (564bp)
Top Length: 564  Top ID: 95.39
		Marking as insignificant: 470 543 | 564 491 | 74 74 | 98.65 | Formosa_sp_AK20_gi_471948457_ref_NZ_ NODE_17603_length_564_cov_10.4479_ID_35205
		One align captures most of this contig: 4 567 | 1 564 | 564 564 | 95.39 | Formosa_sp_AK20_gi_471948441_ref_NZ_ NODE_17603_length_564_cov_10.4479_ID_35205

CONTIG: NODE_61_length_119983_cov_5.94766_ID_121 (119983bp)
Top Length: 119982  Top ID: 99.98
		One align captures most of this contig: 8 119989 | 2 119983 | 119982 119982 | 99.98 | Formosa_sp_AK20_gi_471946679_ref_NZ_ NODE_61_length_119983_cov_5.94766_ID_121

CONTIG: NODE_13513_length_744_cov_4.78665_ID_27025 (744bp)
Top Length: 744  Top ID: 99.87
		One align captures most of this contig: 145056 145799 | 744 1 | 744 744 | 99.87 | Formosa_sp_AK20_gi_471946679_ref_NZ_ NODE_13513_length_744_cov_4.78665_ID_27025

CONTIG: NODE_14575_length_683_cov_7.48885_ID_29149 (683bp)
Top Length: 683  Top ID: 100.0
		One align captures most of this contig: 156731 157413 | 1 683 | 683 683 | 100.0 | Formosa_sp_AK20_gi_471946679_ref_NZ_ NODE_14575_length_683_cov_7.48885_ID_29149

CONTIG: NODE_7532_length_1418_cov_8.56713_ID_15063 (1418bp)
Top Length: 1415  Top ID: 99.93
		Marking as insignificant: 49563 49713 | 4 154 | 151 151 | 97.37 | Formosa_sp_AK20_gi_471947899_ref_NZ_ NODE_7532_length_1418_cov_8.56713_ID_15063
		Marking as insignificant: 6537 6691 | 154 1 | 155 154 | 96.13 | Formosa_sp_AK20_gi_471946889_ref_NZ_ NODE_7532_length_1418_cov_8.56713_ID_15063
		Marking as insignificant: 106 259 | 154 1 | 154 154 | 97.42 | Formosa_sp_AK20_gi_471948157_ref_NZ_ NODE_7532_length_1418_cov_8.56713_ID_15063
		Marking as insignificant: 100 253 | 154 1 | 154 154 | 98.05 | Formosa_sp_AK20_gi_471946889_ref_NZ_ NODE_7532_length_1418_cov_8.56713_ID_15063
		One align captures most of this contig: 41 1455 | 1418 4 | 1415 1415 | 99.93 | Formosa_sp_AK20_gi_471946678_ref_NZ_ NODE_7532_length_1418_cov_8.56713_ID_15063

CONTIG: NODE_4315_length_2546_cov_5.90727_ID_8629 (2546bp)
Top Length: 2543  Top ID: 99.92
		One align captures most of this contig: 3140 5682 | 2546 4 | 2543 2543 | 99.92 | Formosa_sp_AK20_gi_471948428_ref_NZ_ NODE_4315_length_2546_cov_5.90727_ID_8629

CONTIG: NODE_7240_length_1482_cov_5.84163_ID_14479 (1482bp)
Top Length: 1482  Top ID: 99.8
		One align captures most of this contig: 971 2452 | 1482 1 | 1482 1482 | 99.8 | Formosa_sp_AK20_gi_471948428_ref_NZ_ NODE_7240_length_1482_cov_5.84163_ID_14479

CONTIG: NODE_12002_length_848_cov_5.40227_ID_24003 (848bp)
Top Length: 848  Top ID: 99.65
		One align captures most of this contig: 9 856 | 1 848 | 848 848 | 99.65 | Formosa_sp_AK20_gi_471948428_ref_NZ_ NODE_12002_length_848_cov_5.40227_ID_24003

CONTIG: NODE_37_length_167727_cov_5.95566_ID_73 (167727bp)
Top Length: 167724  Top ID: 99.98
		One align captures most of this contig: 11 167734 | 4 167727 | 167724 167724 | 99.98 | Formosa_sp_AK20_gi_471947509_ref_NZ_ NODE_37_length_167727_cov_5.95566_ID_73

CONTIG: NODE_321_length_31545_cov_5.87558_ID_641 (31545bp)
Top Length: 31542  Top ID: 99.98
		One align captures most of this contig: 167703 199242 | 31545 4 | 31540 31542 | 99.98 | Formosa_sp_AK20_gi_471947509_ref_NZ_ NODE_321_length_31545_cov_5.87558_ID_641

CONTIG: NODE_281_length_35361_cov_6.1157_ID_561 (35361bp)
Top Length: 35361  Top ID: 99.98
		One align captures most of this contig: 16670 52030 | 35361 1 | 35361 35361 | 99.98 | Formosa_sp_AK20_gi_471948375_ref_NZ_ NODE_281_length_35361_cov_6.1157_ID_561

CONTIG: NODE_755_length_15903_cov_5.73643_ID_1509 (15903bp)
Top Length: 15903  Top ID: 99.98
		Marking as insignificant: 4073 4198 | 10042 9918 | 126 125 | 96.03 | Formosa_sp_AK20_gi_471947210_ref_NZ_ NODE_755_length_15903_cov_5.73643_ID_1509
		Marking as insignificant: 1988 2152 | 10909 11073 | 165 165 | 96.36 | Formosa_sp_AK20_gi_471948352_ref_NZ_ NODE_755_length_15903_cov_5.73643_ID_1509
		One align captures most of this contig: 688 16590 | 15903 1 | 15903 15903 | 99.98 | Formosa_sp_AK20_gi_471948375_ref_NZ_ NODE_755_length_15903_cov_5.73643_ID_1509

CONTIG: NODE_17661_length_562_cov_5.11045_ID_35321 (562bp)
Top Length: 562  Top ID: 100.0
		One align captures most of this contig: 179 740 | 562 1 | 562 562 | 100.0 | Formosa_sp_AK20_gi_471948375_ref_NZ_ NODE_17661_length_562_cov_5.11045_ID_35321

CONTIG: NODE_8513_length_1243_cov_6.09259_ID_17025 (1243bp)
Top Length: 1240  Top ID: 99.84
		One align captures most of this contig: 17 1256 | 1243 4 | 1240 1240 | 99.84 | Formosa_sp_AK20_gi_471948460_ref_NZ_ NODE_8513_length_1243_cov_6.09259_ID_17025

Analyzing coverage...
Writing SNPs into /Molly/gurevich/MetaQUAST/res_final/res_cami_final/runs_per_reference/Formosa_sp_AK20/contigs_reports/nucmer_output/SPAdes.used_snps
	Reference Formosa_sp_AK20_gi_471947712_ref_NZ_: 1 total alignments. 1 total regions.
		Region: 1 to 124757 (124757 bp)
			Align 1: 1 124557 NODE_17_length_263606_cov_5.92391_ID_33 4175 128732
			END in gap: 124557 to 124757 (200 bp)

	Reference Formosa_sp_AK20_gi_471948375_ref_NZ_: 3 total alignments. 1 total regions.
		Region: 1 to 52058 (52058 bp)
			START in gap: 1 to 179 (178 bp)
			Align 1: 179 740 NODE_17661_length_562_cov_5.11045_ID_35321 562 1
				Negative gap (overlap) between this and next alignment: 740 to 688 (-52 bp)
				Next Alignment: 688 16590 NODE_755_length_15903_cov_5.73643_ID_1509 15903 1

			Previous gap was negative, modifying coordinates to ignore overlap
				Moving contig start from 15903 to 15850.
			Align 2: 741 16590 NODE_755_length_15903_cov_5.73643_ID_1509 15850 1
				Gap between this and next alignment: 16590 to 16670 (79 bp)
				Next Alignment: 16670 52030 NODE_281_length_35361_cov_6.1157_ID_561 35361 1

			Align 3: 16670 52030 NODE_281_length_35361_cov_6.1157_ID_561 35361 1
			END in gap: 52030 to 52058 (28 bp)

	Reference Formosa_sp_AK20_gi_471948368_ref_NZ_: 1 total alignments. 1 total regions.
		Region: 1 to 4530 (4530 bp)
			START in gap: 1 to 30 (29 bp)
			Align 1: 30 4528 NODE_2463_length_4499_cov_6.14851_ID_4925 1 4499
			END in gap: 4528 to 4530 (2 bp)

	Reference Formosa_sp_AK20_gi_471948265_ref_NZ_: 3 total alignments. 1 total regions.
		Region: 1 to 80422 (80422 bp)
			START in gap: 1 to 8 (7 bp)
			Align 1: 8 1746 NODE_6221_length_1739_cov_4.84264_ID_12441 1 1739
				Negative gap (overlap) between this and next alignment: 1746 to 1654 (-92 bp)
				Next Alignment: 1654 5142 NODE_2054_length_5392_cov_6.47911_ID_4107 3489 1

			Previous gap was negative, modifying coordinates to ignore overlap
				Moving contig start from 3489 to 3396.
			Align 2: 1747 5142 NODE_2054_length_5392_cov_6.47911_ID_4107 3396 1
				Gap between this and next alignment: 5142 to 5494 (351 bp)
				Next Alignment: 5494 80420 NODE_104_length_74927_cov_6.03006_ID_207 1 74927

			Align 3: 5494 80420 NODE_104_length_74927_cov_6.03006_ID_207 1 74927
			END in gap: 80420 to 80422 (2 bp)

	Reference Formosa_sp_AK20_gi_471948460_ref_NZ_: 1 total alignments. 1 total regions.
		Region: 1 to 1271 (1271 bp)
			START in gap: 1 to 17 (16 bp)
			Align 1: 17 1256 NODE_8513_length_1243_cov_6.09259_ID_17025 1243 4
			END in gap: 1256 to 1271 (15 bp)

	Reference Formosa_sp_AK20_gi_471948493_ref_NZ_: 1 total alignments. 1 total regions.
		Region: 1 to 450 (450 bp)
			Align 1: 1 447 NODE_12302_length_827_cov_6.35751_ID_24603 381 827
			END in gap: 447 to 450 (3 bp)

	Reference Formosa_sp_AK20_gi_471948157_ref_NZ_: 2 total alignments. 1 total regions.
		Region: 1 to 69841 (69841 bp)
			START in gap: 1 to 208 (207 bp)
			Align 1: 208 39713 NODE_247_length_39506_cov_6.07952_ID_493 39506 1
				Negative gap (overlap) between this and next alignment: 39713 to 39627 (-86 bp)
				Next Alignment: 39627 69624 NODE_350_length_29998_cov_5.7905_ID_699 29998 1

			Previous gap was negative, modifying coordinates to ignore overlap
				Moving contig start from 29998 to 29911.
			Align 2: 39714 69624 NODE_350_length_29998_cov_5.7905_ID_699 29911 1
			END in gap: 69624 to 69841 (217 bp)

	Reference Formosa_sp_AK20_gi_471948260_ref_NZ_: 4 total alignments. 1 total regions.
		Region: 1 to 8689 (8689 bp)
			START in gap: 1 to 12 (11 bp)
			Align 1: 12 856 NODE_12049_length_845_cov_4.38987_ID_24097 1 845
				Gap between this and next alignment: 856 to 1433 (576 bp)
				Next Alignment: 1433 2452 NODE_10195_length_1020_cov_6.16891_ID_20389 1020 1

			Align 2: 1433 2452 NODE_10195_length_1020_cov_6.16891_ID_20389 1020 1
				Gap between this and next alignment: 2452 to 3140 (687 bp)
				Next Alignment: 3140 3681 NODE_18368_length_542_cov_5.83573_ID_36735 1 542

			Align 3: 3140 3681 NODE_18368_length_542_cov_5.83573_ID_36735 1 542
				Negative gap (overlap) between this and next alignment: 3681 to 3627 (-54 bp)
				Next Alignment: 3627 8627 NODE_94_length_83390_cov_5.93459_ID_187 83390 78390

			Previous gap was negative, modifying coordinates to ignore overlap
				Moving contig start from 83390 to 83335.
			Align 4: 3682 8627 NODE_94_length_83390_cov_5.93459_ID_187 83335 78390
			END in gap: 8627 to 8689 (62 bp)

	Reference Formosa_sp_AK20_gi_471946889_ref_NZ_: 4 total alignments. 1 total regions.
		Region: 1 to 165661 (165661 bp)
			START in gap: 1 to 271 (270 bp)
			Align 1: 271 3570 NODE_3343_length_3300_cov_6.57134_ID_6685 3300 1
				Gap between this and next alignment: 3570 to 3573 (2 bp)
				Next Alignment: 3573 6203 NODE_4162_length_2631_cov_5.89635_ID_8323 1 2631

			Align 2: 3573 6203 NODE_4162_length_2631_cov_5.89635_ID_8323 1 2631
				Gap between this and next alignment: 6203 to 6643 (439 bp)
				Next Alignment: 6643 89810 NODE_43_length_158798_cov_5.95018_ID_85 158798 75631

			Align 3: 6643 89810 NODE_43_length_158798_cov_5.95018_ID_85 158798 75631
				Gap between this and next alignment: 89810 to 89991 (180 bp)
				Next Alignment: 89991 165620 NODE_43_length_158798_cov_5.95018_ID_85 75630 1

			Align 4: 89991 165620 NODE_43_length_158798_cov_5.95018_ID_85 75630 1
			END in gap: 165620 to 165661 (41 bp)

	Reference Formosa_sp_AK20_gi_471946678_ref_NZ_: 2 total alignments. 1 total regions.
		Region: 1 to 1613 (1613 bp)
			START in gap: 1 to 41 (40 bp)
			Align 1: 41 1455 NODE_7532_length_1418_cov_8.56713_ID_15063 1418 4
				Negative gap (overlap) between this and next alignment: 1455 to 1404 (-51 bp)
				Next Alignment: 1404 1569 NODE_17012_length_583_cov_6.61364_ID_34023 1 166

			Previous gap was negative, modifying coordinates to ignore overlap
				Moving contig start from 1 to 53.
			Align 2: 1456 1569 NODE_17012_length_583_cov_6.61364_ID_34023 53 166
			END in gap: 1569 to 1613 (44 bp)

	Reference Formosa_sp_AK20_gi_471947840_ref_NZ_: 2 total alignments. 1 total regions.
		Region: 1 to 67882 (67882 bp)
			START in gap: 1 to 3 (2 bp)
			Align 1: 3 60215 NODE_134_length_60213_cov_5.9195_ID_267 1 60213
				Gap between this and next alignment: 60215 to 60226 (10 bp)
				Next Alignment: 60226 67873 NODE_1480_length_7585_cov_6.00903_ID_2959 7585 1

			Align 2: 60226 67873 NODE_1480_length_7585_cov_6.00903_ID_2959 7585 1
			END in gap: 67873 to 67882 (9 bp)

	Reference Formosa_sp_AK20_gi_471948490_ref_NZ_: 1 total alignments. 1 total regions.
		Region: 1 to 949 (949 bp)
			START in gap: 1 to 43 (42 bp)
			Align 1: 43 946 NODE_4990_length_2187_cov_6.21857_ID_9979 904 1
			END in gap: 946 to 949 (3 bp)

	Reference Formosa_sp_AK20_gi_471948473_ref_NZ_: 1 total alignments. 1 total regions.
		Region: 1 to 1223 (1223 bp)
			START in gap: 1 to 20 (19 bp)
			Align 1: 20 1223 NODE_8726_length_1207_cov_6.1276_ID_17451 1207 4
			END in current alignment.  Modifying 1223 to 1223.

	Reference Formosa_sp_AK20_gi_471948441_ref_NZ_: 2 total alignments. 1 total regions.
		Region: 1 to 17858 (17858 bp)
			START in gap: 1 to 4 (3 bp)
			Align 1: 4 567 NODE_17603_length_564_cov_10.4479_ID_35205 1 564
				Gap between this and next alignment: 567 to 693 (125 bp)
				Next Alignment: 693 17544 NODE_57_length_130002_cov_6.09288_ID_113 43551 60401

			Align 2: 693 17544 NODE_57_length_130002_cov_6.09288_ID_113 43551 60401
			END in gap: 17544 to 17858 (314 bp)

	Reference Formosa_sp_AK20_gi_471948428_ref_NZ_: 3 total alignments. 1 total regions.
		Region: 1 to 6363 (6363 bp)
			START in gap: 1 to 9 (8 bp)
			Align 1: 9 856 NODE_12002_length_848_cov_5.40227_ID_24003 1 848
				Gap between this and next alignment: 856 to 971 (114 bp)
				Next Alignment: 971 2452 NODE_7240_length_1482_cov_5.84163_ID_14479 1482 1

			Align 2: 971 2452 NODE_7240_length_1482_cov_5.84163_ID_14479 1482 1
				Gap between this and next alignment: 2452 to 3140 (687 bp)
				Next Alignment: 3140 5682 NODE_4315_length_2546_cov_5.90727_ID_8629 2546 4

			Align 3: 3140 5682 NODE_4315_length_2546_cov_5.90727_ID_8629 2546 4
			END in gap: 5682 to 6363 (681 bp)

ERROR: Reference Formosa_sp_AK20_gi_471948494_ref_NZ_ does not have any alignments!  Check that this is the same file used for alignment.
ERROR: Alignment Reference Headers: ['Formosa_sp_AK20_gi_471947712_ref_NZ_', 'Formosa_sp_AK20_gi_471948375_ref_NZ_', 'Formosa_sp_AK20_gi_471948368_ref_NZ_', 'Formosa_sp_AK20_gi_471948265_ref_NZ_', 'Formosa_sp_AK20_gi_471948460_ref_NZ_', 'Formosa_sp_AK20_gi_471948493_ref_NZ_', 'Formosa_sp_AK20_gi_471947220_ref_NZ_', 'Formosa_sp_AK20_gi_471948260_ref_NZ_', 'Formosa_sp_AK20_gi_471946889_ref_NZ_', 'Formosa_sp_AK20_gi_471946678_ref_NZ_', 'Formosa_sp_AK20_gi_471947840_ref_NZ_', 'Formosa_sp_AK20_gi_471948490_ref_NZ_', 'Formosa_sp_AK20_gi_471948473_ref_NZ_', 'Formosa_sp_AK20_gi_471948441_ref_NZ_', 'Formosa_sp_AK20_gi_471948428_ref_NZ_', 'Formosa_sp_AK20_gi_471948352_ref_NZ_', 'Formosa_sp_AK20_gi_471948457_ref_NZ_', 'Formosa_sp_AK20_gi_471947899_ref_NZ_', 'Formosa_sp_AK20_gi_471947509_ref_NZ_', 'Formosa_sp_AK20_gi_471945608_ref_NZ_', 'Formosa_sp_AK20_gi_471948228_ref_NZ_', 'Formosa_sp_AK20_gi_471947936_ref_NZ_', 'Formosa_sp_AK20_gi_471948472_ref_NZ_', 'Formosa_sp_AK20_gi_471948482_ref_NZ_', 'Formosa_sp_AK20_gi_471946824_ref_NZ_', 'Formosa_sp_AK20_gi_471945607_ref_NZ_', 'Formosa_sp_AK20_gi_471946561_ref_NZ_', 'Formosa_sp_AK20_gi_471948373_ref_NZ_', 'Formosa_sp_AK20_gi_471947210_ref_NZ_', 'Formosa_sp_AK20_gi_471946679_ref_NZ_', 'Formosa_sp_AK20_gi_471948475_ref_NZ_', 'Formosa_sp_AK20_gi_471948054_ref_NZ_', 'Formosa_sp_AK20_gi_471947397_ref_NZ_', 'Formosa_sp_AK20_gi_471948463_ref_NZ_', 'Formosa_sp_AK20_gi_471948356_ref_NZ_', 'Formosa_sp_AK20_gi_471948434_ref_NZ_', 'Formosa_sp_AK20_gi_471948431_ref_NZ_', 'Formosa_sp_AK20_gi_471945687_ref_NZ_', 'Formosa_sp_AK20_gi_471948492_ref_NZ_', 'Formosa_sp_AK20_gi_471948157_ref_NZ_', 'Formosa_sp_AK20_gi_471948484_ref_NZ_', 'Formosa_sp_AK20_gi_471948465_ref_NZ_', 'Formosa_sp_AK20_gi_471947045_ref_NZ_', 'Formosa_sp_AK20_gi_471947227_ref_NZ_', 'Formosa_sp_AK20_gi_471948485_ref_NZ_', 'Formosa_sp_AK20_gi_471945744_ref_NZ_']
	Reference Formosa_sp_AK20_gi_471948352_ref_NZ_: 1 total alignments. 1 total regions.
		Region: 1 to 2993 (2993 bp)
			START in gap: 1 to 11 (10 bp)
			Align 1: 11 2984 NODE_3704_length_2974_cov_5.90271_ID_7407 2974 1
			END in gap: 2984 to 2993 (9 bp)

	Reference Formosa_sp_AK20_gi_471948457_ref_NZ_: 1 total alignments. 1 total regions.
		Region: 1 to 8770 (8770 bp)
			START in gap: 1 to 230 (229 bp)
			Align 1: 230 6635 NODE_1747_length_6406_cov_6.43458_ID_3493 1 6406
			END in gap: 6635 to 8770 (2135 bp)

	Reference Formosa_sp_AK20_gi_471947899_ref_NZ_: 3 total alignments. 1 total regions.
		Region: 1 to 50827 (50827 bp)
			START in gap: 1 to 237 (236 bp)
			Align 1: 237 43529 NODE_57_length_130002_cov_6.09288_ID_113 43550 256
				Gap between this and next alignment: 43529 to 43973 (443 bp)
				Next Alignment: 43973 49608 NODE_1963_length_5636_cov_6.25873_ID_3925 5636 1

			Align 2: 43973 49608 NODE_1963_length_5636_cov_6.25873_ID_3925 5636 1
				Gap between this and next alignment: 49608 to 50028 (419 bp)
				Next Alignment: 50028 50796 NODE_13114_length_769_cov_3.66106_ID_26227 769 1

			Align 3: 50028 50796 NODE_13114_length_769_cov_3.66106_ID_26227 769 1
			END in gap: 50796 to 50827 (31 bp)

	Reference Formosa_sp_AK20_gi_471947509_ref_NZ_: 2 total alignments. 1 total regions.
		Region: 1 to 199253 (199253 bp)
			START in gap: 1 to 11 (10 bp)
			Align 1: 11 167734 NODE_37_length_167727_cov_5.95566_ID_73 4 167727
				Negative gap (overlap) between this and next alignment: 167734 to 167703 (-31 bp)
				Next Alignment: 167703 199242 NODE_321_length_31545_cov_5.87558_ID_641 31545 4

			Previous gap was negative, modifying coordinates to ignore overlap
				Moving contig start from 31545 to 31513.
			Align 2: 167735 199242 NODE_321_length_31545_cov_5.87558_ID_641 31513 4
			END in gap: 199242 to 199253 (11 bp)

	Reference Formosa_sp_AK20_gi_471945608_ref_NZ_: 1 total alignments. 1 total regions.
		Region: 1 to 78407 (78407 bp)
			START in gap: 1 to 13 (12 bp)
			Align 1: 13 78401 NODE_94_length_83390_cov_5.93459_ID_187 1 78389
			END in gap: 78401 to 78407 (6 bp)

	Reference Formosa_sp_AK20_gi_471948228_ref_NZ_: 1 total alignments. 1 total regions.
		Region: 1 to 35505 (35505 bp)
			START in gap: 1 to 10 (9 bp)
			Align 1: 10 35235 NODE_284_length_35228_cov_5.89918_ID_567 3 35228
			END in gap: 35235 to 35505 (270 bp)

	Reference Formosa_sp_AK20_gi_471947936_ref_NZ_: 5 total alignments. 1 total regions.
		Region: 1 to 125840 (125840 bp)
			START in gap: 1 to 3 (2 bp)
			Align 1: 3 30193 NODE_338_length_30622_cov_5.75582_ID_675 1 30191
				Negative gap (overlap) between this and next alignment: 30193 to 30167 (-26 bp)
				Next Alignment: 30167 36470 NODE_1697_length_6587_cov_5.52909_ID_3393 6304 1

			Previous gap was negative, modifying coordinates to ignore overlap
				Moving contig start from 6304 to 6277.
			Align 2: 30194 36470 NODE_1697_length_6587_cov_5.52909_ID_3393 6277 1
				Gap between this and next alignment: 36470 to 36666 (195 bp)
				Next Alignment: 36666 121918 NODE_89_length_85253_cov_6.00579_ID_177 85253 1

			Align 3: 36666 121918 NODE_89_length_85253_cov_6.00579_ID_177 85253 1
				Negative gap (overlap) between this and next alignment: 121918 to 121864 (-54 bp)
				Next Alignment: 121864 122406 NODE_18336_length_543_cov_3.96107_ID_36671 543 1

			Previous gap was negative, modifying coordinates to ignore overlap
				Moving contig start from 543 to 488.
			Align 4: 121919 122406 NODE_18336_length_543_cov_3.96107_ID_36671 488 1
				Negative gap (overlap) between this and next alignment: 122406 to 122357 (-49 bp)
				Next Alignment: 122357 125836 NODE_3181_length_3480_cov_5.70453_ID_6361 1 3480

			Previous gap was negative, modifying coordinates to ignore overlap
				Moving contig start from 1 to 51.
			Align 5: 122407 125836 NODE_3181_length_3480_cov_5.70453_ID_6361 51 3480
			END in gap: 125836 to 125840 (4 bp)

	Reference Formosa_sp_AK20_gi_471948482_ref_NZ_: 1 total alignments. 1 total regions.
		Region: 1 to 1044 (1044 bp)
			START in gap: 1 to 110 (109 bp)
			Align 1: 110 1028 NODE_11159_length_919_cov_7.19792_ID_22317 919 1
			END in gap: 1028 to 1044 (16 bp)

	Reference Formosa_sp_AK20_gi_471948472_ref_NZ_: 1 total alignments. 1 total regions.
		Region: 1 to 434 (434 bp)
			START in gap: 1 to 45 (44 bp)
			Align 1: 45 424 NODE_12302_length_827_cov_6.35751_ID_24603 380 1
			END in gap: 424 to 434 (10 bp)

	Reference Formosa_sp_AK20_gi_471945607_ref_NZ_: 3 total alignments. 1 total regions.
		Region: 1 to 5423 (5423 bp)
			START in gap: 1 to 45 (44 bp)
			Align 1: 45 4213 NODE_17_length_263606_cov_5.92391_ID_33 4174 1
				Negative gap (overlap) between this and next alignment: 4213 to 4162 (-51 bp)
				Next Alignment: 4162 4777 NODE_16118_length_616_cov_5.15865_ID_32235 1 616

			Previous gap was negative, modifying coordinates to ignore overlap
				Moving contig start from 1 to 53.
			Align 2: 4214 4777 NODE_16118_length_616_cov_5.15865_ID_32235 53 616
				Gap between this and next alignment: 4777 to 4795 (17 bp)
				Next Alignment: 4795 5423 NODE_15769_length_630_cov_4.4313_ID_31537 630 2

			Align 3: 4795 5423 NODE_15769_length_630_cov_4.4313_ID_31537 630 2
			END in current alignment.  Modifying 5423 to 5423.

	Reference Formosa_sp_AK20_gi_471946824_ref_NZ_: 1 total alignments. 1 total regions.
		Region: 1 to 67668 (67668 bp)
			START in gap: 1 to 50 (49 bp)
			Align 1: 50 67666 NODE_67_length_109122_cov_5.98236_ID_133 41506 109122
			END in gap: 67666 to 67668 (2 bp)

	Reference Formosa_sp_AK20_gi_471946679_ref_NZ_: 6 total alignments. 1 total regions.
		Region: 1 to 157797 (157797 bp)
			START in gap: 1 to 8 (7 bp)
			Align 1: 8 119989 NODE_61_length_119983_cov_5.94766_ID_121 2 119983
				Gap between this and next alignment: 119989 to 120574 (584 bp)
				Next Alignment: 120574 122516 NODE_67_length_109122_cov_5.98236_ID_133 1 1943

			Align 2: 120574 122516 NODE_67_length_109122_cov_5.98236_ID_133 1 1943
				Gap between this and next alignment: 122516 to 123061 (544 bp)
				Next Alignment: 123061 144988 NODE_67_length_109122_cov_5.98236_ID_133 2054 23995

			Align 3: 123061 144988 NODE_67_length_109122_cov_5.98236_ID_133 2054 23995
				Gap between this and next alignment: 144988 to 145056 (67 bp)
				Next Alignment: 145056 145799 NODE_13513_length_744_cov_4.78665_ID_27025 744 1

			Align 4: 145056 145799 NODE_13513_length_744_cov_4.78665_ID_27025 744 1
				Gap between this and next alignment: 145799 to 146023 (223 bp)
				Next Alignment: 146023 156442 NODE_67_length_109122_cov_5.98236_ID_133 23996 34415

			Align 5: 146023 156442 NODE_67_length_109122_cov_5.98236_ID_133 23996 34415
				Gap between this and next alignment: 156442 to 156731 (288 bp)
				Next Alignment: 156731 157413 NODE_14575_length_683_cov_7.48885_ID_29149 1 683

			Align 6: 156731 157413 NODE_14575_length_683_cov_7.48885_ID_29149 1 683
			END in gap: 157413 to 157797 (384 bp)

	Reference Formosa_sp_AK20_gi_471948373_ref_NZ_: 1 total alignments. 1 total regions.
		Region: 1 to 1287 (1287 bp)
			Align 1: 1 1283 NODE_4990_length_2187_cov_6.21857_ID_9979 905 2187
			END in gap: 1283 to 1287 (4 bp)

	Reference Formosa_sp_AK20_gi_471947210_ref_NZ_: 5 total alignments. 1 total regions.
		Region: 1 to 6890 (6890 bp)
			START in gap: 1 to 21 (20 bp)
			Align 1: 21 2463 NODE_4489_length_2443_cov_6.14992_ID_8977 1 2443
				Negative gap (overlap) between this and next alignment: 2463 to 2439 (-24 bp)
				Next Alignment: 2439 3430 NODE_10451_length_992_cov_4.62967_ID_20901 992 1

			Previous gap was negative, modifying coordinates to ignore overlap
				Moving contig start from 992 to 967.
			Align 2: 2464 3430 NODE_10451_length_992_cov_4.62967_ID_20901 967 1
				Negative gap (overlap) between this and next alignment: 3430 to 3376 (-54 bp)
				Next Alignment: 3376 4190 NODE_12457_length_815_cov_5.875_ID_24913 815 1

			Previous gap was negative, modifying coordinates to ignore overlap
				Moving contig start from 815 to 760.
			Align 3: 3431 4190 NODE_12457_length_815_cov_5.875_ID_24913 760 1
				Negative gap (overlap) between this and next alignment: 4190 to 4136 (-54 bp)
				Next Alignment: 4136 5938 NODE_2054_length_5392_cov_6.47911_ID_4107 5392 3590

			Previous gap was negative, modifying coordinates to ignore overlap
				Moving contig start from 5392 to 5337.
			Align 4: 4191 5938 NODE_2054_length_5392_cov_6.47911_ID_4107 5337 3590
				Gap between this and next alignment: 5938 to 5946 (7 bp)
				Next Alignment: 5946 6875 NODE_11072_length_930_cov_5.21486_ID_22143 930 1

			Align 5: 5946 6875 NODE_11072_length_930_cov_5.21486_ID_22143 930 1
			END in gap: 6875 to 6890 (15 bp)

	Reference Formosa_sp_AK20_gi_471948475_ref_NZ_: 1 total alignments. 1 total regions.
		Region: 1 to 7448 (7448 bp)
			START in gap: 1 to 53 (52 bp)
			Align 1: 53 7142 NODE_67_length_109122_cov_5.98236_ID_133 41505 34416
			END in gap: 7142 to 7448 (306 bp)

	Reference Formosa_sp_AK20_gi_471948054_ref_NZ_: 2 total alignments. 1 total regions.
		Region: 1 to 103671 (103671 bp)
			START in gap: 1 to 2 (1 bp)
			Align 1: 2 55884 NODE_146_length_55883_cov_5.96_ID_291 55883 1
				Negative gap (overlap) between this and next alignment: 55884 to 55812 (-72 bp)
				Next Alignment: 55812 103671 NODE_184_length_47860_cov_5.92829_ID_367 47860 1

			Previous gap was negative, modifying coordinates to ignore overlap
				Moving contig start from 47860 to 47787.
			Align 2: 55885 103671 NODE_184_length_47860_cov_5.92829_ID_367 47787 1
			END in current alignment.  Modifying 103671 to 103671.

	Reference Formosa_sp_AK20_gi_471947397_ref_NZ_: 2 total alignments. 1 total regions.
		Region: 1 to 115250 (115250 bp)
			START in gap: 1 to 59 (58 bp)
			Align 1: 59 106826 NODE_69_length_106768_cov_5.921_ID_137 106768 1
				Negative gap (overlap) between this and next alignment: 106826 to 106780 (-46 bp)
				Next Alignment: 106780 115157 NODE_1360_length_8380_cov_6.11628_ID_2719 3 8380

			Previous gap was negative, modifying coordinates to ignore overlap
				Moving contig start from 3 to 50.
			Align 2: 106827 115157 NODE_1360_length_8380_cov_6.11628_ID_2719 50 8380
			END in gap: 115157 to 115250 (93 bp)

	Reference Formosa_sp_AK20_gi_471948463_ref_NZ_: 1 total alignments. 1 total regions.
		Region: 1 to 692 (692 bp)
			START in gap: 1 to 2 (1 bp)
			Align 1: 2 689 NODE_14494_length_688_cov_4.34123_ID_28987 1 688
			END in gap: 689 to 692 (3 bp)

	Reference Formosa_sp_AK20_gi_471947227_ref_NZ_: 1 total alignments. 1 total regions.
		Region: 1 to 183133 (183133 bp)
			Align 1: 1 183119 NODE_28_length_187676_cov_5.90441_ID_55 4558 187676
			END in gap: 183119 to 183133 (14 bp)

	Reference Formosa_sp_AK20_gi_471948434_ref_NZ_: 1 total alignments. 1 total regions.
		Region: 1 to 4636 (4636 bp)
			START in gap: 1 to 33 (32 bp)
			Align 1: 33 4589 NODE_28_length_187676_cov_5.90441_ID_55 4557 1
			END in gap: 4589 to 4636 (47 bp)

	Reference Formosa_sp_AK20_gi_471946561_ref_NZ_: 1 total alignments. 1 total regions.
		Region: 1 to 131168 (131168 bp)
			Align 1: 1 131092 NODE_17_length_263606_cov_5.92391_ID_33 259824 128733
			END in gap: 131092 to 131168 (76 bp)

	Reference Formosa_sp_AK20_gi_471948431_ref_NZ_: 1 total alignments. 1 total regions.
		Region: 1 to 1229 (1229 bp)
			Align 1: 1 1229 NODE_8565_length_1233_cov_6.25806_ID_17129 5 1233
			END in current alignment.  Modifying 1229 to 1229.

	Reference Formosa_sp_AK20_gi_471945687_ref_NZ_: 1 total alignments. 1 total regions.
		Region: 1 to 69606 (69606 bp)
			START in gap: 1 to 6 (5 bp)
			Align 1: 6 69606 NODE_57_length_130002_cov_6.09288_ID_113 130002 60402
			END in current alignment.  Modifying 69606 to 69606.

	Reference Formosa_sp_AK20_gi_471948492_ref_NZ_: 1 total alignments. 1 total regions.
		Region: 1 to 594 (594 bp)
			START in gap: 1 to 48 (47 bp)
			Align 1: 48 564 NODE_19281_length_517_cov_6.23377_ID_38561 517 1
			END in gap: 564 to 594 (30 bp)

	Reference Formosa_sp_AK20_gi_471947220_ref_NZ_: 1 total alignments. 1 total regions.
		Region: 1 to 7304 (7304 bp)
			START in gap: 1 to 15 (14 bp)
			Align 1: 15 7296 NODE_1540_length_7282_cov_5.94465_ID_3079 1 7282
			END in gap: 7296 to 7304 (8 bp)

	Reference Formosa_sp_AK20_gi_471948484_ref_NZ_: 1 total alignments. 1 total regions.
		Region: 1 to 418 (418 bp)
			START in gap: 1 to 2 (1 bp)
			Align 1: 2 418 NODE_17012_length_583_cov_6.61364_ID_34023 583 167
			END in current alignment.  Modifying 418 to 418.

	Reference Formosa_sp_AK20_gi_471948465_ref_NZ_: 1 total alignments. 1 total regions.
		Region: 1 to 3832 (3832 bp)
			START in gap: 1 to 45 (44 bp)
			Align 1: 45 3826 NODE_17_length_263606_cov_5.92391_ID_33 259825 263606
			END in gap: 3826 to 3832 (6 bp)

	Reference Formosa_sp_AK20_gi_471947045_ref_NZ_: 1 total alignments. 1 total regions.
		Region: 1 to 164860 (164860 bp)
			START in gap: 1 to 11 (10 bp)
			Align 1: 11 164838 NODE_38_length_164828_cov_5.90183_ID_75 1 164828
			END in gap: 164838 to 164860 (22 bp)

	Reference Formosa_sp_AK20_gi_471948356_ref_NZ_: 2 total alignments. 1 total regions.
		Region: 1 to 12527 (12527 bp)
			START in gap: 1 to 18 (17 bp)
			Align 1: 18 12201 NODE_973_length_12373_cov_5.98977_ID_1945 1 12183
				Gap between this and next alignment: 12201 to 12257 (55 bp)
				Next Alignment: 12257 12446 NODE_973_length_12373_cov_5.98977_ID_1945 12184 12373

			Align 2: 12257 12446 NODE_973_length_12373_cov_5.98977_ID_1945 12184 12373
			END in gap: 12446 to 12527 (81 bp)

	Reference Formosa_sp_AK20_gi_471948485_ref_NZ_: 1 total alignments. 1 total regions.
		Region: 1 to 1950 (1950 bp)
			START in gap: 1 to 84 (83 bp)
			Align 1: 84 1934 NODE_5857_length_1851_cov_6.50278_ID_11713 1 1851
			END in gap: 1934 to 1950 (16 bp)

	Reference Formosa_sp_AK20_gi_471945744_ref_NZ_: 7 total alignments. 1 total regions.
		Region: 1 to 901090 (901090 bp)
			Align 1: 1 118621 NODE_62_length_118628_cov_5.73347_ID_123 118624 4
				Negative gap (overlap) between this and next alignment: 118621 to 118586 (-35 bp)
				Next Alignment: 118586 248400 NODE_58_length_129815_cov_5.91332_ID_115 1 129815

			Previous gap was negative, modifying coordinates to ignore overlap
				Moving contig start from 1 to 37.
			Align 2: 118622 248400 NODE_58_length_129815_cov_5.91332_ID_115 37 129815
				Negative gap (overlap) between this and next alignment: 248400 to 248320 (-80 bp)
				Next Alignment: 248320 348237 NODE_2_length_506133_cov_5.92754_ID_3 506133 406216

			Previous gap was negative, modifying coordinates to ignore overlap
				Moving contig start from 506133 to 506052.
			Align 3: 248401 348237 NODE_2_length_506133_cov_5.92754_ID_3 506052 406216
				Gap between this and next alignment: 348237 to 348619 (381 bp)
				Next Alignment: 348619 660148 NODE_2_length_506133_cov_5.92754_ID_3 406037 94508

			Align 4: 348619 660148 NODE_2_length_506133_cov_5.92754_ID_3 406037 94508
				Gap between this and next alignment: 660148 to 660262 (113 bp)
				Next Alignment: 660262 737939 NODE_2_length_506133_cov_5.92754_ID_3 94507 16838

			Align 5: 660262 737939 NODE_2_length_506133_cov_5.92754_ID_3 94507 16838
				Negative gap (overlap) between this and next alignment: 737939 to 737932 (-7 bp)
				Next Alignment: 737932 754776 NODE_2_length_506133_cov_5.92754_ID_3 16837 1

			Previous gap was negative, modifying coordinates to ignore overlap
				Moving contig start from 16837 to 16829.
			Align 6: 737940 754776 NODE_2_length_506133_cov_5.92754_ID_3 16829 1
				Negative gap (overlap) between this and next alignment: 754776 to 754699 (-77 bp)
				Next Alignment: 754699 901073 NODE_47_length_146375_cov_5.9764_ID_93 146375 1

			Previous gap was negative, modifying coordinates to ignore overlap
				Moving contig start from 146375 to 146297.
			Align 7: 754777 901073 NODE_47_length_146375_cov_5.9764_ID_93 146297 1
			END in gap: 901073 to 901090 (17 bp)

Analysis is finished!
Founded SNPs were written into /Molly/gurevich/MetaQUAST/res_final/res_cami_final/runs_per_reference/Formosa_sp_AK20/contigs_reports/nucmer_output/SPAdes.used_snps

Results:
	Local Misassemblies: 4
	Misassemblies: 14
		Relocations: 1
		Translocations: 13
		Inversions: 0
	Fake misassemblies matched with structural variations: 0
	Misassembled Contigs: 9
	Misassembled Contig Bases: 782785
	Misassemblies Inter-Contig Overlap: 0
Uncovered Regions: 0 (0)
Unaligned Contigs: 0 + 2 part
Partially Unaligned Contigs with Misassemblies: 0
Unaligned Contig Bases: 714

Ambiguously Mapped Contigs: 0
Total Bases in Ambiguously Mapped Contigs: 0
Note that --allow-ambiguity option was set to "one" and only first alignment per each contig was used.

	Covered Bases: 3041312

	SNPs: 999
	Insertions: 34
	Deletions: 173

	Positive Gaps: 103
		Internal Gaps:  5
		External Gaps:  98
		External Gap Total:  12528
		External Gap Average: 128
	Negative Gaps: 19
		Internal Overlaps:  1
		External Overlaps:  18
		External Overlaps Total: -988
		External Overlaps Average: -55
	Contigs with Redundant Alignments: 0 (0)
