Aligning contigs to reference...
	Using existing Nucmer alignments...
Parsing coords...
Loading reference...
	Loaded [Formosa_sp_AK20_gi_471945607_ref_NZ_]
	Loaded [Formosa_sp_AK20_gi_471945608_ref_NZ_]
	Loaded [Formosa_sp_AK20_gi_471945687_ref_NZ_]
	Loaded [Formosa_sp_AK20_gi_471945744_ref_NZ_]
	Loaded [Formosa_sp_AK20_gi_471946561_ref_NZ_]
	Loaded [Formosa_sp_AK20_gi_471946678_ref_NZ_]
	Loaded [Formosa_sp_AK20_gi_471946679_ref_NZ_]
	Loaded [Formosa_sp_AK20_gi_471946824_ref_NZ_]
	Loaded [Formosa_sp_AK20_gi_471946889_ref_NZ_]
	Loaded [Formosa_sp_AK20_gi_471947045_ref_NZ_]
	Loaded [Formosa_sp_AK20_gi_471947210_ref_NZ_]
	Loaded [Formosa_sp_AK20_gi_471947220_ref_NZ_]
	Loaded [Formosa_sp_AK20_gi_471947227_ref_NZ_]
	Loaded [Formosa_sp_AK20_gi_471947397_ref_NZ_]
	Loaded [Formosa_sp_AK20_gi_471947509_ref_NZ_]
	Loaded [Formosa_sp_AK20_gi_471947712_ref_NZ_]
	Loaded [Formosa_sp_AK20_gi_471947840_ref_NZ_]
	Loaded [Formosa_sp_AK20_gi_471947899_ref_NZ_]
	Loaded [Formosa_sp_AK20_gi_471947936_ref_NZ_]
	Loaded [Formosa_sp_AK20_gi_471948054_ref_NZ_]
	Loaded [Formosa_sp_AK20_gi_471948157_ref_NZ_]
	Loaded [Formosa_sp_AK20_gi_471948228_ref_NZ_]
	Loaded [Formosa_sp_AK20_gi_471948260_ref_NZ_]
	Loaded [Formosa_sp_AK20_gi_471948265_ref_NZ_]
	Loaded [Formosa_sp_AK20_gi_471948352_ref_NZ_]
	Loaded [Formosa_sp_AK20_gi_471948356_ref_NZ_]
	Loaded [Formosa_sp_AK20_gi_471948368_ref_NZ_]
	Loaded [Formosa_sp_AK20_gi_471948373_ref_NZ_]
	Loaded [Formosa_sp_AK20_gi_471948375_ref_NZ_]
	Loaded [Formosa_sp_AK20_gi_471948428_ref_NZ_]
	Loaded [Formosa_sp_AK20_gi_471948431_ref_NZ_]
	Loaded [Formosa_sp_AK20_gi_471948434_ref_NZ_]
	Loaded [Formosa_sp_AK20_gi_471948441_ref_NZ_]
	Loaded [Formosa_sp_AK20_gi_471948457_ref_NZ_]
	Loaded [Formosa_sp_AK20_gi_471948460_ref_NZ_]
	Loaded [Formosa_sp_AK20_gi_471948463_ref_NZ_]
	Loaded [Formosa_sp_AK20_gi_471948465_ref_NZ_]
	Loaded [Formosa_sp_AK20_gi_471948472_ref_NZ_]
	Loaded [Formosa_sp_AK20_gi_471948473_ref_NZ_]
	Loaded [Formosa_sp_AK20_gi_471948475_ref_NZ_]
	Loaded [Formosa_sp_AK20_gi_471948482_ref_NZ_]
	Loaded [Formosa_sp_AK20_gi_471948484_ref_NZ_]
	Loaded [Formosa_sp_AK20_gi_471948485_ref_NZ_]
	Loaded [Formosa_sp_AK20_gi_471948490_ref_NZ_]
	Loaded [Formosa_sp_AK20_gi_471948492_ref_NZ_]
	Loaded [Formosa_sp_AK20_gi_471948493_ref_NZ_]
	Loaded [Formosa_sp_AK20_gi_471948494_ref_NZ_]
Loading SNPs...
Loading regions...
	No regions given, using whole reference.
	Total Regions: 47
	Total Region Length: 3055484
Analyzing contigs...
CONTIG: S_S1_C53689 (131153bp)
Top Length: 131153  Top ID: 100.0
		Marking as insignificant: 13178 13252 | 130935 130861 | 75 75 | 100.0 | Formosa_sp_AK20_gi_471947227_ref_NZ_ S_S1_C53689
		Marking as insignificant: 131038 131168 | 130918 131048 | 131 131 | 99.24 | Formosa_sp_AK20_gi_471946561_ref_NZ_ S_S1_C53689
		One align captures most of this contig: 5 131157 | 1 131153 | 131153 131153 | 100.0 | Formosa_sp_AK20_gi_471946561_ref_NZ_ S_S1_C53689

CONTIG: S_S1_C21709 (1207bp)
Top Length: 1207  Top ID: 100.0
		One align captures most of this contig: 21 1227 | 1 1207 | 1207 1207 | 100.0 | Formosa_sp_AK20_gi_471948431_ref_NZ_ S_S1_C21709

CONTIG: S_S1_C30611 (164828bp)
Top Length: 164828  Top ID: 100.0
		Marking as insignificant: 167680 167757 | 120813 120736 | 78 78 | 100.0 | Formosa_sp_AK20_gi_471947509_ref_NZ_ S_S1_C30611
		One align captures most of this contig: 11 164838 | 1 164828 | 164828 164828 | 100.0 | Formosa_sp_AK20_gi_471947045_ref_NZ_ S_S1_C30611

CONTIG: S_S1_C33279 (80413bp)
Top Length: 80413  Top ID: 100.0
		Marking as insignificant: 36398 36741 | 4869 5212 | 344 344 | 97.38 | Formosa_sp_AK20_gi_471947936_ref_NZ_ S_S1_C33279
		One align captures most of this contig: 8 80420 | 1 80413 | 80413 80413 | 100.0 | Formosa_sp_AK20_gi_471948265_ref_NZ_ S_S1_C33279

CONTIG: S_S1_C52645 (1202bp)
Top Length: 1202  Top ID: 100.0
		One align captures most of this contig: 20 1221 | 1 1202 | 1202 1202 | 100.0 | Formosa_sp_AK20_gi_471948473_ref_NZ_ S_S1_C52645

CONTIG: S_S1_C49218 (1282bp)
Top Length: 1282  Top ID: 100.0
		One align captures most of this contig: 2 1283 | 1 1282 | 1282 1282 | 100.0 | Formosa_sp_AK20_gi_471948373_ref_NZ_ S_S1_C49218

CONTIG: S_S1_C48263 (35494bp)
Top Length: 35494  Top ID: 100.0
		One align captures most of this contig: 8 35501 | 1 35494 | 35494 35494 | 100.0 | Formosa_sp_AK20_gi_471948228_ref_NZ_ S_S1_C48263

CONTIG: S_S1_C41929 (581bp)
Top Length: 581  Top ID: 100.0
		One align captures most of this contig: 3 583 | 1 581 | 581 581 | 100.0 | Formosa_sp_AK20_gi_471948492_ref_NZ_ S_S1_C41929

CONTIG: S_S1_C9341 (165653bp)
Top Length: 165653  Top ID: 100.0
		Marking as insignificant: 165553 165661 | 164965 165073 | 109 109 | 99.08 | Formosa_sp_AK20_gi_471946889_ref_NZ_ S_S1_C9341
		Marking as insignificant: 1305 1464 | 6536 6696 | 160 161 | 95.03 | Formosa_sp_AK20_gi_471946678_ref_NZ_ S_S1_C9341
		Marking as insignificant: 1305 1463 | 99 257 | 159 159 | 96.86 | Formosa_sp_AK20_gi_471946678_ref_NZ_ S_S1_C9341
		Marking as insignificant: 1 289 | 6438 6725 | 289 288 | 96.55 | Formosa_sp_AK20_gi_471946889_ref_NZ_ S_S1_C9341
		One align captures most of this contig: 2 165654 | 1 165653 | 165653 165653 | 100.0 | Formosa_sp_AK20_gi_471946889_ref_NZ_ S_S1_C9341

CONTIG: S_S1_C30636 (1032bp)
Top Length: 1032  Top ID: 100.0
		One align captures most of this contig: 7 1038 | 1 1032 | 1032 1032 | 100.0 | Formosa_sp_AK20_gi_471948482_ref_NZ_ S_S1_C30636

CONTIG: S_S1_C51986 (125835bp)
Top Length: 125835  Top ID: 100.0
		Marking as insignificant: 4876 5219 | 36397 36740 | 344 344 | 97.38 | Formosa_sp_AK20_gi_471948265_ref_NZ_ S_S1_C51986
		One align captures most of this contig: 2 125836 | 1 125835 | 125835 125835 | 100.0 | Formosa_sp_AK20_gi_471947936_ref_NZ_ S_S1_C51986

CONTIG: S_S1_C24574 (67638bp)
Top Length: 67638  Top ID: 100.0
		One align captures most of this contig: 29 67666 | 1 67638 | 67638 67638 | 100.0 | Formosa_sp_AK20_gi_471946824_ref_NZ_ S_S1_C24574

CONTIG: S_S1_C52764 (69836bp)
Top Length: 69836  Top ID: 100.0
		Marking as insignificant: 1305 1469 | 104 268 | 165 165 | 95.18 | Formosa_sp_AK20_gi_471946678_ref_NZ_ S_S1_C52764
		Marking as insignificant: 49557 49815 | 260 2 | 259 259 | 97.68 | Formosa_sp_AK20_gi_471947899_ref_NZ_ S_S1_C52764
		One align captures most of this contig: 3 69838 | 1 69836 | 69836 69836 | 100.0 | Formosa_sp_AK20_gi_471948157_ref_NZ_ S_S1_C52764

CONTIG: S_S1_C36067 (5416bp)
Top Length: 5416  Top ID: 100.0
		One align captures most of this contig: 4 5419 | 1 5416 | 5416 5416 | 100.0 | Formosa_sp_AK20_gi_471945607_ref_NZ_ S_S1_C36067

CONTIG: S_S1_C26005 (115238bp)
Top Length: 115238  Top ID: 100.0
		One align captures most of this contig: 5 115242 | 1 115238 | 115238 115238 | 100.0 | Formosa_sp_AK20_gi_471947397_ref_NZ_ S_S1_C26005

CONTIG: S_S1_C34137 (1586bp)
Top Length: 1586  Top ID: 100.0
		Marking as insignificant: 6537 6697 | 1285 1444 | 161 160 | 95.03 | Formosa_sp_AK20_gi_471946889_ref_NZ_ S_S1_C34137
		Marking as insignificant: 100 258 | 1285 1443 | 159 159 | 96.86 | Formosa_sp_AK20_gi_471946889_ref_NZ_ S_S1_C34137
		Marking as insignificant: 49553 49713 | 1445 1285 | 161 161 | 96.91 | Formosa_sp_AK20_gi_471947899_ref_NZ_ S_S1_C34137
		Marking as insignificant: 106 270 | 1285 1449 | 165 165 | 95.18 | Formosa_sp_AK20_gi_471948157_ref_NZ_ S_S1_C34137
		One align captures most of this contig: 21 1606 | 1 1586 | 1586 1586 | 100.0 | Formosa_sp_AK20_gi_471946678_ref_NZ_ S_S1_C34137

CONTIG: S_S1_C6743 (50787bp)
Top Length: 50787  Top ID: 100.0
		Marking as insignificant: 1305 1465 | 49704 49544 | 161 161 | 96.91 | Formosa_sp_AK20_gi_471946678_ref_NZ_ S_S1_C6743
		Marking as insignificant: 4 262 | 49806 49548 | 259 259 | 97.68 | Formosa_sp_AK20_gi_471948157_ref_NZ_ S_S1_C6743
		Marking as insignificant: 6538 7228 | 5498 6183 | 691 686 | 96.38 | Formosa_sp_AK20_gi_471948457_ref_NZ_ S_S1_C6743
		One align captures most of this contig: 10 50796 | 1 50787 | 50787 50787 | 100.0 | Formosa_sp_AK20_gi_471947899_ref_NZ_ S_S1_C6743

CONTIG: S_S1_C41689 (1921bp)
Top Length: 1921  Top ID: 100.0
		One align captures most of this contig: 14 1934 | 1 1921 | 1921 1921 | 100.0 | Formosa_sp_AK20_gi_471948485_ref_NZ_ S_S1_C41689

CONTIG: S_S1_C51629 (12481bp)
Top Length: 12481  Top ID: 100.0
		One align captures most of this contig: 18 12498 | 1 12481 | 12481 12481 | 100.0 | Formosa_sp_AK20_gi_471948356_ref_NZ_ S_S1_C51629

CONTIG: S_S1_C24071 (67871bp)
Top Length: 67871  Top ID: 100.0
		One align captures most of this contig: 3 67873 | 1 67871 | 67871 67871 | 100.0 | Formosa_sp_AK20_gi_471947840_ref_NZ_ S_S1_C24071

CONTIG: S_S1_C9949 (52022bp)
Top Length: 52022  Top ID: 100.0
		Marking as insignificant: 4073 4198 | 6541 6665 | 126 125 | 96.03 | Formosa_sp_AK20_gi_471947210_ref_NZ_ S_S1_C9949
		Marking as insignificant: 1988 2152 | 5674 5510 | 165 165 | 96.36 | Formosa_sp_AK20_gi_471948352_ref_NZ_ S_S1_C9949
		One align captures most of this contig: 9 52030 | 1 52022 | 52022 52022 | 100.0 | Formosa_sp_AK20_gi_471948375_ref_NZ_ S_S1_C9949

CONTIG: S_S1_C7557 (183118bp)
Top Length: 183118  Top ID: 100.0
		Marking as insignificant: 130865 130939 | 13250 13176 | 75 75 | 100.0 | Formosa_sp_AK20_gi_471946561_ref_NZ_ S_S1_C7557
		Marking as insignificant: 4535 4613 | 13538 13460 | 79 79 | 98.73 | Formosa_sp_AK20_gi_471948434_ref_NZ_ S_S1_C7557
		One align captures most of this contig: 3 183120 | 1 183118 | 183118 183118 | 100.0 | Formosa_sp_AK20_gi_471947227_ref_NZ_ S_S1_C7557

CONTIG: S_S1_C2730 (6860bp)
Top Length: 6860  Top ID: 100.0
		Marking as insignificant: 6549 6673 | 4058 4183 | 125 126 | 96.03 | Formosa_sp_AK20_gi_471948375_ref_NZ_ S_S1_C2730
		One align captures most of this contig: 16 6875 | 1 6860 | 6860 6860 | 100.0 | Formosa_sp_AK20_gi_471947210_ref_NZ_ S_S1_C2730

CONTIG: S_S1_C55349 (103670bp)
Top Length: 103670  Top ID: 100.0
		One align captures most of this contig: 2 103671 | 1 103670 | 103670 103670 | 100.0 | Formosa_sp_AK20_gi_471948054_ref_NZ_ S_S1_C55349

CONTIG: S_S1_C49438 (8767bp)
Top Length: 8767  Top ID: 100.0
		Marking as insignificant: 1 303 | 239 541 | 303 303 | 98.02 | Formosa_sp_AK20_gi_471948457_ref_NZ_ S_S1_C49438
		Marking as insignificant: 5507 6192 | 6536 7226 | 686 691 | 96.38 | Formosa_sp_AK20_gi_471947899_ref_NZ_ S_S1_C49438
		Marking as insignificant: 1577 2997 | 8767 7347 | 1421 1421 | 95.01 | Formosa_sp_AK20_gi_471948441_ref_NZ_ S_S1_C49438
		One align captures most of this contig: 3 8769 | 1 8767 | 8767 8767 | 100.0 | Formosa_sp_AK20_gi_471948457_ref_NZ_ S_S1_C49438

CONTIG: S_S1_C21721 (688bp)
Top Length: 688  Top ID: 100.0
		One align captures most of this contig: 2 689 | 1 688 | 688 688 | 100.0 | Formosa_sp_AK20_gi_471948463_ref_NZ_ S_S1_C21721

CONTIG: S_S1_C6164 (3822bp)
Top Length: 3822  Top ID: 100.0
		One align captures most of this contig: 5 3826 | 1 3822 | 3822 3822 | 100.0 | Formosa_sp_AK20_gi_471948465_ref_NZ_ S_S1_C6164

CONTIG: S_S1_C589 (7281bp)
Top Length: 7281  Top ID: 100.0
		One align captures most of this contig: 19 7299 | 1 7281 | 7281 7281 | 100.0 | Formosa_sp_AK20_gi_471947220_ref_NZ_ S_S1_C589

CONTIG: S_S1_C9642 (901072bp)
Top Length: 901072  Top ID: 100.0
		One align captures most of this contig: 2 901073 | 1 901072 | 901072 901072 | 100.0 | Formosa_sp_AK20_gi_471945744_ref_NZ_ S_S1_C9642

CONTIG: S_S1_C30941 (4499bp)
Top Length: 4499  Top ID: 100.0
		One align captures most of this contig: 30 4528 | 1 4499 | 4499 4499 | 100.0 | Formosa_sp_AK20_gi_471948368_ref_NZ_ S_S1_C30941

CONTIG: S_S1_C44090 (4624bp)
Top Length: 4624  Top ID: 100.0
		Marking as insignificant: 13462 13540 | 4611 4533 | 79 79 | 98.73 | Formosa_sp_AK20_gi_471947227_ref_NZ_ S_S1_C44090
		One align captures most of this contig: 3 4626 | 1 4624 | 4624 4624 | 100.0 | Formosa_sp_AK20_gi_471948434_ref_NZ_ S_S1_C44090

CONTIG: S_S1_C4085 (17835bp)
Top Length: 17835  Top ID: 100.0
		Marking as insignificant: 69458 69606 | 17834 17686 | 149 149 | 97.32 | Formosa_sp_AK20_gi_471945687_ref_NZ_ S_S1_C4085
		Marking as insignificant: 7349 8770 | 2994 1573 | 1422 1422 | 95.01 | Formosa_sp_AK20_gi_471948457_ref_NZ_ S_S1_C4085
		One align captures most of this contig: 4 17838 | 1 17835 | 17835 17835 | 100.0 | Formosa_sp_AK20_gi_471948441_ref_NZ_ S_S1_C4085

CONTIG: S_S1_C31690 (78375bp)
Top Length: 78375  Top ID: 100.0
		One align captures most of this contig: 13 78387 | 1 78375 | 78375 78375 | 100.0 | Formosa_sp_AK20_gi_471945608_ref_NZ_ S_S1_C31690

CONTIG: S_S1_C9062 (157762bp)
Top Length: 157762  Top ID: 100.0
		Marking as insignificant: 157667 157797 | 157335 157465 | 131 131 | 95.45 | Formosa_sp_AK20_gi_471946679_ref_NZ_ S_S1_C9062
		One align captures most of this contig: 7 157768 | 1 157762 | 157762 157762 | 100.0 | Formosa_sp_AK20_gi_471946679_ref_NZ_ S_S1_C9062

CONTIG: S_S1_C48235 (7430bp)
Top Length: 7430  Top ID: 100.0
		One align captures most of this contig: 14 7443 | 1 7430 | 7430 7430 | 100.0 | Formosa_sp_AK20_gi_471948475_ref_NZ_ S_S1_C48235

CONTIG: S_S1_C19471 (6341bp)
Top Length: 6341  Top ID: 100.0
		One align captures most of this contig: 9 6349 | 1 6341 | 6341 6341 | 100.0 | Formosa_sp_AK20_gi_471948428_ref_NZ_ S_S1_C19471

CONTIG: S_S1_C18359 (2974bp)
Top Length: 2974  Top ID: 100.0
		Marking as insignificant: 5518 5682 | 2142 1978 | 165 165 | 96.36 | Formosa_sp_AK20_gi_471948375_ref_NZ_ S_S1_C18359
		One align captures most of this contig: 11 2984 | 1 2974 | 2974 2974 | 100.0 | Formosa_sp_AK20_gi_471948352_ref_NZ_ S_S1_C18359

CONTIG: S_S1_C5945 (199235bp)
Top Length: 199235  Top ID: 100.0
		Marking as insignificant: 120746 120823 | 167750 167673 | 78 78 | 100.0 | Formosa_sp_AK20_gi_471947045_ref_NZ_ S_S1_C5945
		One align captures most of this contig: 8 199242 | 1 199235 | 199235 199235 | 100.0 | Formosa_sp_AK20_gi_471947509_ref_NZ_ S_S1_C5945

CONTIG: S_S1_C43506 (124733bp)
Top Length: 124733  Top ID: 100.0
		One align captures most of this contig: 25 124757 | 1 124733 | 124733 124733 | 100.0 | Formosa_sp_AK20_gi_471947712_ref_NZ_ S_S1_C43506

CONTIG: S_S1_C24818 (69600bp)
Top Length: 69600  Top ID: 100.0
		Marking as insignificant: 17690 17858 | 69600 69432 | 169 169 | 96.45 | Formosa_sp_AK20_gi_471948441_ref_NZ_ S_S1_C24818
		One align captures most of this contig: 6 69605 | 1 69600 | 69600 69600 | 100.0 | Formosa_sp_AK20_gi_471945687_ref_NZ_ S_S1_C24818

CONTIG: S_S1_C34649 (8669bp)
Top Length: 8669  Top ID: 100.0
		One align captures most of this contig: 12 8680 | 1 8669 | 8669 8669 | 100.0 | Formosa_sp_AK20_gi_471948260_ref_NZ_ S_S1_C34649

CONTIG: S_S1_C46788 (939bp)
Top Length: 939  Top ID: 100.0
		One align captures most of this contig: 9 947 | 1 939 | 939 939 | 100.0 | Formosa_sp_AK20_gi_471948490_ref_NZ_ S_S1_C46788

CONTIG: S_S1_C53513 (1243bp)
Top Length: 1243  Top ID: 100.0
		One align captures most of this contig: 23 1265 | 1 1243 | 1243 1243 | 100.0 | Formosa_sp_AK20_gi_471948460_ref_NZ_ S_S1_C53513

Analyzing coverage...
Writing SNPs into /Molly/gurevich/MetaQUAST/res_final/res_cami_final/runs_per_reference/Formosa_sp_AK20/contigs_reports/nucmer_output/Gold_Assembly.used_snps
	Reference Formosa_sp_AK20_gi_471947712_ref_NZ_: 1 total alignments. 1 total regions.
		Region: 1 to 124757 (124757 bp)
			START in gap: 1 to 25 (24 bp)
			Align 1: 25 124757 S_S1_C43506 1 124733
			END in current alignment.  Modifying 124757 to 124757.

	Reference Formosa_sp_AK20_gi_471948375_ref_NZ_: 1 total alignments. 1 total regions.
		Region: 1 to 52058 (52058 bp)
			START in gap: 1 to 9 (8 bp)
			Align 1: 9 52030 S_S1_C9949 1 52022
			END in gap: 52030 to 52058 (28 bp)

	Reference Formosa_sp_AK20_gi_471948368_ref_NZ_: 1 total alignments. 1 total regions.
		Region: 1 to 4530 (4530 bp)
			START in gap: 1 to 30 (29 bp)
			Align 1: 30 4528 S_S1_C30941 1 4499
			END in gap: 4528 to 4530 (2 bp)

	Reference Formosa_sp_AK20_gi_471948265_ref_NZ_: 1 total alignments. 1 total regions.
		Region: 1 to 80422 (80422 bp)
			START in gap: 1 to 8 (7 bp)
			Align 1: 8 80420 S_S1_C33279 1 80413
			END in gap: 80420 to 80422 (2 bp)

	Reference Formosa_sp_AK20_gi_471948460_ref_NZ_: 1 total alignments. 1 total regions.
		Region: 1 to 1271 (1271 bp)
			START in gap: 1 to 23 (22 bp)
			Align 1: 23 1265 S_S1_C53513 1 1243
			END in gap: 1265 to 1271 (6 bp)

ERROR: Reference Formosa_sp_AK20_gi_471948493_ref_NZ_ does not have any alignments!  Check that this is the same file used for alignment.
ERROR: Alignment Reference Headers: ['Formosa_sp_AK20_gi_471948375_ref_NZ_', 'Formosa_sp_AK20_gi_471947712_ref_NZ_', 'Formosa_sp_AK20_gi_471948368_ref_NZ_', 'Formosa_sp_AK20_gi_471948265_ref_NZ_', 'Formosa_sp_AK20_gi_471948460_ref_NZ_', 'Formosa_sp_AK20_gi_471948157_ref_NZ_', 'Formosa_sp_AK20_gi_471948260_ref_NZ_', 'Formosa_sp_AK20_gi_471946889_ref_NZ_', 'Formosa_sp_AK20_gi_471946678_ref_NZ_', 'Formosa_sp_AK20_gi_471947840_ref_NZ_', 'Formosa_sp_AK20_gi_471948490_ref_NZ_', 'Formosa_sp_AK20_gi_471948473_ref_NZ_', 'Formosa_sp_AK20_gi_471948441_ref_NZ_', 'Formosa_sp_AK20_gi_471948428_ref_NZ_', 'Formosa_sp_AK20_gi_471948352_ref_NZ_', 'Formosa_sp_AK20_gi_471948457_ref_NZ_', 'Formosa_sp_AK20_gi_471947899_ref_NZ_', 'Formosa_sp_AK20_gi_471947509_ref_NZ_', 'Formosa_sp_AK20_gi_471945608_ref_NZ_', 'Formosa_sp_AK20_gi_471948228_ref_NZ_', 'Formosa_sp_AK20_gi_471947936_ref_NZ_', 'Formosa_sp_AK20_gi_471945607_ref_NZ_', 'Formosa_sp_AK20_gi_471946824_ref_NZ_', 'Formosa_sp_AK20_gi_471946561_ref_NZ_', 'Formosa_sp_AK20_gi_471948373_ref_NZ_', 'Formosa_sp_AK20_gi_471947210_ref_NZ_', 'Formosa_sp_AK20_gi_471946679_ref_NZ_', 'Formosa_sp_AK20_gi_471948475_ref_NZ_', 'Formosa_sp_AK20_gi_471948054_ref_NZ_', 'Formosa_sp_AK20_gi_471947397_ref_NZ_', 'Formosa_sp_AK20_gi_471948463_ref_NZ_', 'Formosa_sp_AK20_gi_471948356_ref_NZ_', 'Formosa_sp_AK20_gi_471948434_ref_NZ_', 'Formosa_sp_AK20_gi_471948431_ref_NZ_', 'Formosa_sp_AK20_gi_471945687_ref_NZ_', 'Formosa_sp_AK20_gi_471948492_ref_NZ_', 'Formosa_sp_AK20_gi_471947220_ref_NZ_', 'Formosa_sp_AK20_gi_471948482_ref_NZ_', 'Formosa_sp_AK20_gi_471948465_ref_NZ_', 'Formosa_sp_AK20_gi_471947045_ref_NZ_', 'Formosa_sp_AK20_gi_471947227_ref_NZ_', 'Formosa_sp_AK20_gi_471948485_ref_NZ_', 'Formosa_sp_AK20_gi_471945744_ref_NZ_']
	Reference Formosa_sp_AK20_gi_471948157_ref_NZ_: 1 total alignments. 1 total regions.
		Region: 1 to 69841 (69841 bp)
			START in gap: 1 to 3 (2 bp)
			Align 1: 3 69838 S_S1_C52764 1 69836
			END in gap: 69838 to 69841 (3 bp)

	Reference Formosa_sp_AK20_gi_471948260_ref_NZ_: 1 total alignments. 1 total regions.
		Region: 1 to 8689 (8689 bp)
			START in gap: 1 to 12 (11 bp)
			Align 1: 12 8680 S_S1_C34649 1 8669
			END in gap: 8680 to 8689 (9 bp)

	Reference Formosa_sp_AK20_gi_471946889_ref_NZ_: 1 total alignments. 1 total regions.
		Region: 1 to 165661 (165661 bp)
			START in gap: 1 to 2 (1 bp)
			Align 1: 2 165654 S_S1_C9341 1 165653
			END in gap: 165654 to 165661 (7 bp)

	Reference Formosa_sp_AK20_gi_471946678_ref_NZ_: 1 total alignments. 1 total regions.
		Region: 1 to 1613 (1613 bp)
			START in gap: 1 to 21 (20 bp)
			Align 1: 21 1606 S_S1_C34137 1 1586
			END in gap: 1606 to 1613 (7 bp)

	Reference Formosa_sp_AK20_gi_471947840_ref_NZ_: 1 total alignments. 1 total regions.
		Region: 1 to 67882 (67882 bp)
			START in gap: 1 to 3 (2 bp)
			Align 1: 3 67873 S_S1_C24071 1 67871
			END in gap: 67873 to 67882 (9 bp)

	Reference Formosa_sp_AK20_gi_471948490_ref_NZ_: 1 total alignments. 1 total regions.
		Region: 1 to 949 (949 bp)
			START in gap: 1 to 9 (8 bp)
			Align 1: 9 947 S_S1_C46788 1 939
			END in gap: 947 to 949 (2 bp)

	Reference Formosa_sp_AK20_gi_471948473_ref_NZ_: 1 total alignments. 1 total regions.
		Region: 1 to 1223 (1223 bp)
			START in gap: 1 to 20 (19 bp)
			Align 1: 20 1221 S_S1_C52645 1 1202
			END in gap: 1221 to 1223 (2 bp)

	Reference Formosa_sp_AK20_gi_471948441_ref_NZ_: 1 total alignments. 1 total regions.
		Region: 1 to 17858 (17858 bp)
			START in gap: 1 to 4 (3 bp)
			Align 1: 4 17838 S_S1_C4085 1 17835
			END in gap: 17838 to 17858 (20 bp)

	Reference Formosa_sp_AK20_gi_471948428_ref_NZ_: 1 total alignments. 1 total regions.
		Region: 1 to 6363 (6363 bp)
			START in gap: 1 to 9 (8 bp)
			Align 1: 9 6349 S_S1_C19471 1 6341
			END in gap: 6349 to 6363 (14 bp)

ERROR: Reference Formosa_sp_AK20_gi_471948494_ref_NZ_ does not have any alignments!  Check that this is the same file used for alignment.
ERROR: Alignment Reference Headers: ['Formosa_sp_AK20_gi_471948375_ref_NZ_', 'Formosa_sp_AK20_gi_471947712_ref_NZ_', 'Formosa_sp_AK20_gi_471948368_ref_NZ_', 'Formosa_sp_AK20_gi_471948265_ref_NZ_', 'Formosa_sp_AK20_gi_471948460_ref_NZ_', 'Formosa_sp_AK20_gi_471948157_ref_NZ_', 'Formosa_sp_AK20_gi_471948260_ref_NZ_', 'Formosa_sp_AK20_gi_471946889_ref_NZ_', 'Formosa_sp_AK20_gi_471946678_ref_NZ_', 'Formosa_sp_AK20_gi_471947840_ref_NZ_', 'Formosa_sp_AK20_gi_471948490_ref_NZ_', 'Formosa_sp_AK20_gi_471948473_ref_NZ_', 'Formosa_sp_AK20_gi_471948441_ref_NZ_', 'Formosa_sp_AK20_gi_471948428_ref_NZ_', 'Formosa_sp_AK20_gi_471948352_ref_NZ_', 'Formosa_sp_AK20_gi_471948457_ref_NZ_', 'Formosa_sp_AK20_gi_471947899_ref_NZ_', 'Formosa_sp_AK20_gi_471947509_ref_NZ_', 'Formosa_sp_AK20_gi_471945608_ref_NZ_', 'Formosa_sp_AK20_gi_471948228_ref_NZ_', 'Formosa_sp_AK20_gi_471947936_ref_NZ_', 'Formosa_sp_AK20_gi_471945607_ref_NZ_', 'Formosa_sp_AK20_gi_471946824_ref_NZ_', 'Formosa_sp_AK20_gi_471946561_ref_NZ_', 'Formosa_sp_AK20_gi_471948373_ref_NZ_', 'Formosa_sp_AK20_gi_471947210_ref_NZ_', 'Formosa_sp_AK20_gi_471946679_ref_NZ_', 'Formosa_sp_AK20_gi_471948475_ref_NZ_', 'Formosa_sp_AK20_gi_471948054_ref_NZ_', 'Formosa_sp_AK20_gi_471947397_ref_NZ_', 'Formosa_sp_AK20_gi_471948463_ref_NZ_', 'Formosa_sp_AK20_gi_471948356_ref_NZ_', 'Formosa_sp_AK20_gi_471948434_ref_NZ_', 'Formosa_sp_AK20_gi_471948431_ref_NZ_', 'Formosa_sp_AK20_gi_471945687_ref_NZ_', 'Formosa_sp_AK20_gi_471948492_ref_NZ_', 'Formosa_sp_AK20_gi_471947220_ref_NZ_', 'Formosa_sp_AK20_gi_471948482_ref_NZ_', 'Formosa_sp_AK20_gi_471948465_ref_NZ_', 'Formosa_sp_AK20_gi_471947045_ref_NZ_', 'Formosa_sp_AK20_gi_471947227_ref_NZ_', 'Formosa_sp_AK20_gi_471948485_ref_NZ_', 'Formosa_sp_AK20_gi_471945744_ref_NZ_']
	Reference Formosa_sp_AK20_gi_471948352_ref_NZ_: 1 total alignments. 1 total regions.
		Region: 1 to 2993 (2993 bp)
			START in gap: 1 to 11 (10 bp)
			Align 1: 11 2984 S_S1_C18359 1 2974
			END in gap: 2984 to 2993 (9 bp)

	Reference Formosa_sp_AK20_gi_471948457_ref_NZ_: 1 total alignments. 1 total regions.
		Region: 1 to 8770 (8770 bp)
			START in gap: 1 to 3 (2 bp)
			Align 1: 3 8769 S_S1_C49438 1 8767
			END in gap: 8769 to 8770 (1 bp)

	Reference Formosa_sp_AK20_gi_471947899_ref_NZ_: 1 total alignments. 1 total regions.
		Region: 1 to 50827 (50827 bp)
			START in gap: 1 to 10 (9 bp)
			Align 1: 10 50796 S_S1_C6743 1 50787
			END in gap: 50796 to 50827 (31 bp)

	Reference Formosa_sp_AK20_gi_471947509_ref_NZ_: 1 total alignments. 1 total regions.
		Region: 1 to 199253 (199253 bp)
			START in gap: 1 to 8 (7 bp)
			Align 1: 8 199242 S_S1_C5945 1 199235
			END in gap: 199242 to 199253 (11 bp)

	Reference Formosa_sp_AK20_gi_471945608_ref_NZ_: 1 total alignments. 1 total regions.
		Region: 1 to 78407 (78407 bp)
			START in gap: 1 to 13 (12 bp)
			Align 1: 13 78387 S_S1_C31690 1 78375
			END in gap: 78387 to 78407 (20 bp)

	Reference Formosa_sp_AK20_gi_471948228_ref_NZ_: 1 total alignments. 1 total regions.
		Region: 1 to 35505 (35505 bp)
			START in gap: 1 to 8 (7 bp)
			Align 1: 8 35501 S_S1_C48263 1 35494
			END in gap: 35501 to 35505 (4 bp)

	Reference Formosa_sp_AK20_gi_471947936_ref_NZ_: 1 total alignments. 1 total regions.
		Region: 1 to 125840 (125840 bp)
			START in gap: 1 to 2 (1 bp)
			Align 1: 2 125836 S_S1_C51986 1 125835
			END in gap: 125836 to 125840 (4 bp)

	Reference Formosa_sp_AK20_gi_471948482_ref_NZ_: 1 total alignments. 1 total regions.
		Region: 1 to 1044 (1044 bp)
			START in gap: 1 to 7 (6 bp)
			Align 1: 7 1038 S_S1_C30636 1 1032
			END in gap: 1038 to 1044 (6 bp)

ERROR: Reference Formosa_sp_AK20_gi_471948472_ref_NZ_ does not have any alignments!  Check that this is the same file used for alignment.
ERROR: Alignment Reference Headers: ['Formosa_sp_AK20_gi_471948375_ref_NZ_', 'Formosa_sp_AK20_gi_471947712_ref_NZ_', 'Formosa_sp_AK20_gi_471948368_ref_NZ_', 'Formosa_sp_AK20_gi_471948265_ref_NZ_', 'Formosa_sp_AK20_gi_471948460_ref_NZ_', 'Formosa_sp_AK20_gi_471948157_ref_NZ_', 'Formosa_sp_AK20_gi_471948260_ref_NZ_', 'Formosa_sp_AK20_gi_471946889_ref_NZ_', 'Formosa_sp_AK20_gi_471946678_ref_NZ_', 'Formosa_sp_AK20_gi_471947840_ref_NZ_', 'Formosa_sp_AK20_gi_471948490_ref_NZ_', 'Formosa_sp_AK20_gi_471948473_ref_NZ_', 'Formosa_sp_AK20_gi_471948441_ref_NZ_', 'Formosa_sp_AK20_gi_471948428_ref_NZ_', 'Formosa_sp_AK20_gi_471948352_ref_NZ_', 'Formosa_sp_AK20_gi_471948457_ref_NZ_', 'Formosa_sp_AK20_gi_471947899_ref_NZ_', 'Formosa_sp_AK20_gi_471947509_ref_NZ_', 'Formosa_sp_AK20_gi_471945608_ref_NZ_', 'Formosa_sp_AK20_gi_471948228_ref_NZ_', 'Formosa_sp_AK20_gi_471947936_ref_NZ_', 'Formosa_sp_AK20_gi_471945607_ref_NZ_', 'Formosa_sp_AK20_gi_471946824_ref_NZ_', 'Formosa_sp_AK20_gi_471946561_ref_NZ_', 'Formosa_sp_AK20_gi_471948373_ref_NZ_', 'Formosa_sp_AK20_gi_471947210_ref_NZ_', 'Formosa_sp_AK20_gi_471946679_ref_NZ_', 'Formosa_sp_AK20_gi_471948475_ref_NZ_', 'Formosa_sp_AK20_gi_471948054_ref_NZ_', 'Formosa_sp_AK20_gi_471947397_ref_NZ_', 'Formosa_sp_AK20_gi_471948463_ref_NZ_', 'Formosa_sp_AK20_gi_471948356_ref_NZ_', 'Formosa_sp_AK20_gi_471948434_ref_NZ_', 'Formosa_sp_AK20_gi_471948431_ref_NZ_', 'Formosa_sp_AK20_gi_471945687_ref_NZ_', 'Formosa_sp_AK20_gi_471948492_ref_NZ_', 'Formosa_sp_AK20_gi_471947220_ref_NZ_', 'Formosa_sp_AK20_gi_471948482_ref_NZ_', 'Formosa_sp_AK20_gi_471948465_ref_NZ_', 'Formosa_sp_AK20_gi_471947045_ref_NZ_', 'Formosa_sp_AK20_gi_471947227_ref_NZ_', 'Formosa_sp_AK20_gi_471948485_ref_NZ_', 'Formosa_sp_AK20_gi_471945744_ref_NZ_']
	Reference Formosa_sp_AK20_gi_471945607_ref_NZ_: 1 total alignments. 1 total regions.
		Region: 1 to 5423 (5423 bp)
			START in gap: 1 to 4 (3 bp)
			Align 1: 4 5419 S_S1_C36067 1 5416
			END in gap: 5419 to 5423 (4 bp)

	Reference Formosa_sp_AK20_gi_471946824_ref_NZ_: 1 total alignments. 1 total regions.
		Region: 1 to 67668 (67668 bp)
			START in gap: 1 to 29 (28 bp)
			Align 1: 29 67666 S_S1_C24574 1 67638
			END in gap: 67666 to 67668 (2 bp)

	Reference Formosa_sp_AK20_gi_471946679_ref_NZ_: 1 total alignments. 1 total regions.
		Region: 1 to 157797 (157797 bp)
			START in gap: 1 to 7 (6 bp)
			Align 1: 7 157768 S_S1_C9062 1 157762
			END in gap: 157768 to 157797 (29 bp)

	Reference Formosa_sp_AK20_gi_471948373_ref_NZ_: 1 total alignments. 1 total regions.
		Region: 1 to 1287 (1287 bp)
			START in gap: 1 to 2 (1 bp)
			Align 1: 2 1283 S_S1_C49218 1 1282
			END in gap: 1283 to 1287 (4 bp)

	Reference Formosa_sp_AK20_gi_471947210_ref_NZ_: 1 total alignments. 1 total regions.
		Region: 1 to 6890 (6890 bp)
			START in gap: 1 to 16 (15 bp)
			Align 1: 16 6875 S_S1_C2730 1 6860
			END in gap: 6875 to 6890 (15 bp)

	Reference Formosa_sp_AK20_gi_471948475_ref_NZ_: 1 total alignments. 1 total regions.
		Region: 1 to 7448 (7448 bp)
			START in gap: 1 to 14 (13 bp)
			Align 1: 14 7443 S_S1_C48235 1 7430
			END in gap: 7443 to 7448 (5 bp)

	Reference Formosa_sp_AK20_gi_471948054_ref_NZ_: 1 total alignments. 1 total regions.
		Region: 1 to 103671 (103671 bp)
			START in gap: 1 to 2 (1 bp)
			Align 1: 2 103671 S_S1_C55349 1 103670
			END in current alignment.  Modifying 103671 to 103671.

	Reference Formosa_sp_AK20_gi_471947397_ref_NZ_: 1 total alignments. 1 total regions.
		Region: 1 to 115250 (115250 bp)
			START in gap: 1 to 5 (4 bp)
			Align 1: 5 115242 S_S1_C26005 1 115238
			END in gap: 115242 to 115250 (8 bp)

	Reference Formosa_sp_AK20_gi_471948463_ref_NZ_: 1 total alignments. 1 total regions.
		Region: 1 to 692 (692 bp)
			START in gap: 1 to 2 (1 bp)
			Align 1: 2 689 S_S1_C21721 1 688
			END in gap: 689 to 692 (3 bp)

	Reference Formosa_sp_AK20_gi_471947227_ref_NZ_: 1 total alignments. 1 total regions.
		Region: 1 to 183133 (183133 bp)
			START in gap: 1 to 3 (2 bp)
			Align 1: 3 183120 S_S1_C7557 1 183118
			END in gap: 183120 to 183133 (13 bp)

	Reference Formosa_sp_AK20_gi_471948434_ref_NZ_: 1 total alignments. 1 total regions.
		Region: 1 to 4636 (4636 bp)
			START in gap: 1 to 3 (2 bp)
			Align 1: 3 4626 S_S1_C44090 1 4624
			END in gap: 4626 to 4636 (10 bp)

	Reference Formosa_sp_AK20_gi_471946561_ref_NZ_: 1 total alignments. 1 total regions.
		Region: 1 to 131168 (131168 bp)
			START in gap: 1 to 5 (4 bp)
			Align 1: 5 131157 S_S1_C53689 1 131153
			END in gap: 131157 to 131168 (11 bp)

	Reference Formosa_sp_AK20_gi_471948431_ref_NZ_: 1 total alignments. 1 total regions.
		Region: 1 to 1229 (1229 bp)
			START in gap: 1 to 21 (20 bp)
			Align 1: 21 1227 S_S1_C21709 1 1207
			END in gap: 1227 to 1229 (2 bp)

	Reference Formosa_sp_AK20_gi_471945687_ref_NZ_: 1 total alignments. 1 total regions.
		Region: 1 to 69606 (69606 bp)
			START in gap: 1 to 6 (5 bp)
			Align 1: 6 69605 S_S1_C24818 1 69600
			END in gap: 69605 to 69606 (1 bp)

	Reference Formosa_sp_AK20_gi_471948492_ref_NZ_: 1 total alignments. 1 total regions.
		Region: 1 to 594 (594 bp)
			START in gap: 1 to 3 (2 bp)
			Align 1: 3 583 S_S1_C41929 1 581
			END in gap: 583 to 594 (11 bp)

	Reference Formosa_sp_AK20_gi_471947220_ref_NZ_: 1 total alignments. 1 total regions.
		Region: 1 to 7304 (7304 bp)
			START in gap: 1 to 19 (18 bp)
			Align 1: 19 7299 S_S1_C589 1 7281
			END in gap: 7299 to 7304 (5 bp)

ERROR: Reference Formosa_sp_AK20_gi_471948484_ref_NZ_ does not have any alignments!  Check that this is the same file used for alignment.
ERROR: Alignment Reference Headers: ['Formosa_sp_AK20_gi_471948375_ref_NZ_', 'Formosa_sp_AK20_gi_471947712_ref_NZ_', 'Formosa_sp_AK20_gi_471948368_ref_NZ_', 'Formosa_sp_AK20_gi_471948265_ref_NZ_', 'Formosa_sp_AK20_gi_471948460_ref_NZ_', 'Formosa_sp_AK20_gi_471948157_ref_NZ_', 'Formosa_sp_AK20_gi_471948260_ref_NZ_', 'Formosa_sp_AK20_gi_471946889_ref_NZ_', 'Formosa_sp_AK20_gi_471946678_ref_NZ_', 'Formosa_sp_AK20_gi_471947840_ref_NZ_', 'Formosa_sp_AK20_gi_471948490_ref_NZ_', 'Formosa_sp_AK20_gi_471948473_ref_NZ_', 'Formosa_sp_AK20_gi_471948441_ref_NZ_', 'Formosa_sp_AK20_gi_471948428_ref_NZ_', 'Formosa_sp_AK20_gi_471948352_ref_NZ_', 'Formosa_sp_AK20_gi_471948457_ref_NZ_', 'Formosa_sp_AK20_gi_471947899_ref_NZ_', 'Formosa_sp_AK20_gi_471947509_ref_NZ_', 'Formosa_sp_AK20_gi_471945608_ref_NZ_', 'Formosa_sp_AK20_gi_471948228_ref_NZ_', 'Formosa_sp_AK20_gi_471947936_ref_NZ_', 'Formosa_sp_AK20_gi_471945607_ref_NZ_', 'Formosa_sp_AK20_gi_471946824_ref_NZ_', 'Formosa_sp_AK20_gi_471946561_ref_NZ_', 'Formosa_sp_AK20_gi_471948373_ref_NZ_', 'Formosa_sp_AK20_gi_471947210_ref_NZ_', 'Formosa_sp_AK20_gi_471946679_ref_NZ_', 'Formosa_sp_AK20_gi_471948475_ref_NZ_', 'Formosa_sp_AK20_gi_471948054_ref_NZ_', 'Formosa_sp_AK20_gi_471947397_ref_NZ_', 'Formosa_sp_AK20_gi_471948463_ref_NZ_', 'Formosa_sp_AK20_gi_471948356_ref_NZ_', 'Formosa_sp_AK20_gi_471948434_ref_NZ_', 'Formosa_sp_AK20_gi_471948431_ref_NZ_', 'Formosa_sp_AK20_gi_471945687_ref_NZ_', 'Formosa_sp_AK20_gi_471948492_ref_NZ_', 'Formosa_sp_AK20_gi_471947220_ref_NZ_', 'Formosa_sp_AK20_gi_471948482_ref_NZ_', 'Formosa_sp_AK20_gi_471948465_ref_NZ_', 'Formosa_sp_AK20_gi_471947045_ref_NZ_', 'Formosa_sp_AK20_gi_471947227_ref_NZ_', 'Formosa_sp_AK20_gi_471948485_ref_NZ_', 'Formosa_sp_AK20_gi_471945744_ref_NZ_']
	Reference Formosa_sp_AK20_gi_471948465_ref_NZ_: 1 total alignments. 1 total regions.
		Region: 1 to 3832 (3832 bp)
			START in gap: 1 to 5 (4 bp)
			Align 1: 5 3826 S_S1_C6164 1 3822
			END in gap: 3826 to 3832 (6 bp)

	Reference Formosa_sp_AK20_gi_471947045_ref_NZ_: 1 total alignments. 1 total regions.
		Region: 1 to 164860 (164860 bp)
			START in gap: 1 to 11 (10 bp)
			Align 1: 11 164838 S_S1_C30611 1 164828
			END in gap: 164838 to 164860 (22 bp)

	Reference Formosa_sp_AK20_gi_471948356_ref_NZ_: 1 total alignments. 1 total regions.
		Region: 1 to 12527 (12527 bp)
			START in gap: 1 to 18 (17 bp)
			Align 1: 18 12498 S_S1_C51629 1 12481
			END in gap: 12498 to 12527 (29 bp)

	Reference Formosa_sp_AK20_gi_471948485_ref_NZ_: 1 total alignments. 1 total regions.
		Region: 1 to 1950 (1950 bp)
			START in gap: 1 to 14 (13 bp)
			Align 1: 14 1934 S_S1_C41689 1 1921
			END in gap: 1934 to 1950 (16 bp)

	Reference Formosa_sp_AK20_gi_471945744_ref_NZ_: 1 total alignments. 1 total regions.
		Region: 1 to 901090 (901090 bp)
			START in gap: 1 to 2 (1 bp)
			Align 1: 2 901073 S_S1_C9642 1 901072
			END in gap: 901073 to 901090 (17 bp)

Analysis is finished!
Founded SNPs were written into /Molly/gurevich/MetaQUAST/res_final/res_cami_final/runs_per_reference/Formosa_sp_AK20/contigs_reports/nucmer_output/Gold_Assembly.used_snps

Results:
	Local Misassemblies: 0
	Misassemblies: 0
		Relocations: 0
		Translocations: 0
		Inversions: 0
	Fake misassemblies matched with structural variations: 0
	Misassembled Contigs: 0
	Misassembled Contig Bases: 0
	Misassemblies Inter-Contig Overlap: 0
Uncovered Regions: 0 (0)
Unaligned Contigs: 0 + 0 part
Partially Unaligned Contigs with Misassemblies: 0
Unaligned Contig Bases: 0

Ambiguously Mapped Contigs: 0
Total Bases in Ambiguously Mapped Contigs: 0
Note that --allow-ambiguity option was set to "one" and only first alignment per each contig was used.

	Covered Bases: 3053013

	SNPs: 0
	Insertions: 0
	Deletions: 0

	Positive Gaps: 84
		Internal Gaps:  0
		External Gaps:  84
		External Gap Total:  798
		External Gap Average: 10
	Negative Gaps: 0
		Internal Overlaps:  0
		External Overlaps:  0
		External Overlaps Total:  0
		External Overlaps Average: 0
	Contigs with Redundant Alignments: 0 (0)
