Aligning contigs to reference...
	Using existing Nucmer alignments...
Parsing coords...
Loading reference...
	Loaded [Enterobacteriaceae_bacterium_LSJC7_gi_483282441_ref_NZ_]
	Loaded [Enterobacteriaceae_bacterium_LSJC7_gi_483282470_ref_NZ_]
	Loaded [Enterobacteriaceae_bacterium_LSJC7_gi_483282499_ref_NZ_]
	Loaded [Enterobacteriaceae_bacterium_LSJC7_gi_483282521_ref_NZ_]
	Loaded [Enterobacteriaceae_bacterium_LSJC7_gi_483282552_ref_NZ_]
	Loaded [Enterobacteriaceae_bacterium_LSJC7_gi_483282575_ref_NZ_]
	Loaded [Enterobacteriaceae_bacterium_LSJC7_gi_483282617_ref_NZ_]
	Loaded [Enterobacteriaceae_bacterium_LSJC7_gi_483282644_ref_NZ_]
	Loaded [Enterobacteriaceae_bacterium_LSJC7_gi_483282654_ref_NZ_]
	Loaded [Enterobacteriaceae_bacterium_LSJC7_gi_483282667_ref_NZ_]
	Loaded [Enterobacteriaceae_bacterium_LSJC7_gi_483282699_ref_NZ_]
	Loaded [Enterobacteriaceae_bacterium_LSJC7_gi_483282759_ref_NZ_]
	Loaded [Enterobacteriaceae_bacterium_LSJC7_gi_483282814_ref_NZ_]
	Loaded [Enterobacteriaceae_bacterium_LSJC7_gi_483282863_ref_NZ_]
	Loaded [Enterobacteriaceae_bacterium_LSJC7_gi_483282898_ref_NZ_]
	Loaded [Enterobacteriaceae_bacterium_LSJC7_gi_483282930_ref_NZ_]
	Loaded [Enterobacteriaceae_bacterium_LSJC7_gi_483282957_ref_NZ_]
	Loaded [Enterobacteriaceae_bacterium_LSJC7_gi_483282975_ref_NZ_]
	Loaded [Enterobacteriaceae_bacterium_LSJC7_gi_483282996_ref_NZ_]
	Loaded [Enterobacteriaceae_bacterium_LSJC7_gi_483283045_ref_NZ_]
	Loaded [Enterobacteriaceae_bacterium_LSJC7_gi_483283077_ref_NZ_]
	Loaded [Enterobacteriaceae_bacterium_LSJC7_gi_483283107_ref_NZ_]
	Loaded [Enterobacteriaceae_bacterium_LSJC7_gi_483283180_ref_NZ_]
	Loaded [Enterobacteriaceae_bacterium_LSJC7_gi_483283219_ref_NZ_]
	Loaded [Enterobacteriaceae_bacterium_LSJC7_gi_483283287_ref_NZ_]
	Loaded [Enterobacteriaceae_bacterium_LSJC7_gi_483283352_ref_NZ_]
	Loaded [Enterobacteriaceae_bacterium_LSJC7_gi_483283371_ref_NZ_]
	Loaded [Enterobacteriaceae_bacterium_LSJC7_gi_483283425_ref_NZ_]
	Loaded [Enterobacteriaceae_bacterium_LSJC7_gi_483283473_ref_NZ_]
	Loaded [Enterobacteriaceae_bacterium_LSJC7_gi_483283524_ref_NZ_]
	Loaded [Enterobacteriaceae_bacterium_LSJC7_gi_483283570_ref_NZ_]
	Loaded [Enterobacteriaceae_bacterium_LSJC7_gi_483283597_ref_NZ_]
	Loaded [Enterobacteriaceae_bacterium_LSJC7_gi_483283648_ref_NZ_]
	Loaded [Enterobacteriaceae_bacterium_LSJC7_gi_483283710_ref_NZ_]
Loading SNPs...
Loading regions...
	No regions given, using whole reference.
	Total Regions: 34
	Total Region Length: 4616889
Analyzing contigs...
CONTIG: S_S1_C10223 (135793bp)
Top Length: 135793  Top ID: 100.0
		One align captures most of this contig: 827348 963140 | 1 135793 | 135793 135793 | 100.0 | Enterobacteriaceae_bacterium_LSJC7_gi_483282470_ref_NZ_ S_S1_C10223

CONTIG: S_S1_C15150 (85034bp)
Top Length: 85034  Top ID: 100.0
		One align captures most of this contig: 27640 112673 | 1 85034 | 85034 85034 | 100.0 | Enterobacteriaceae_bacterium_LSJC7_gi_483282470_ref_NZ_ S_S1_C15150

CONTIG: S_S1_C15686 (165311bp)
Top Length: 165311  Top ID: 100.0
		Marking as insignificant: 856327 856403 | 109291 109367 | 77 77 | 97.4 | Enterobacteriaceae_bacterium_LSJC7_gi_483282499_ref_NZ_ S_S1_C15686
		One align captures most of this contig: 138061 303371 | 1 165311 | 165311 165311 | 100.0 | Enterobacteriaceae_bacterium_LSJC7_gi_483282470_ref_NZ_ S_S1_C15686

CONTIG: S_S1_C16415 (71841bp)
Top Length: 71841  Top ID: 100.0
		One align captures most of this contig: 303375 375215 | 1 71841 | 71841 71841 | 100.0 | Enterobacteriaceae_bacterium_LSJC7_gi_483282470_ref_NZ_ S_S1_C16415

CONTIG: S_S1_C30650 (99717bp)
Top Length: 99717  Top ID: 100.0
		Marking as insignificant: 2 97 | 99622 99717 | 96 96 | 98.96 | Enterobacteriaceae_bacterium_LSJC7_gi_483282499_ref_NZ_ S_S1_C30650
		One align captures most of this contig: 1058945 1158661 | 1 99717 | 99717 99717 | 100.0 | Enterobacteriaceae_bacterium_LSJC7_gi_483282470_ref_NZ_ S_S1_C30650

CONTIG: S_S1_C32251 (175449bp)
Top Length: 175449  Top ID: 100.0
		One align captures most of this contig: 375248 550696 | 1 175449 | 175449 175449 | 100.0 | Enterobacteriaceae_bacterium_LSJC7_gi_483282470_ref_NZ_ S_S1_C32251

CONTIG: S_S1_C44269 (95739bp)
Top Length: 95739  Top ID: 100.0
		One align captures most of this contig: 963143 1058881 | 1 95739 | 95739 95739 | 100.0 | Enterobacteriaceae_bacterium_LSJC7_gi_483282470_ref_NZ_ S_S1_C44269

CONTIG: S_S1_C44674 (223527bp)
Top Length: 223527  Top ID: 100.0
		Marking as insignificant: 185421 185497 | 22962 23038 | 77 77 | 100.0 | Enterobacteriaceae_bacterium_LSJC7_gi_483282521_ref_NZ_ S_S1_C44674
		Marking as insignificant: 185148 185229 | 22963 23044 | 82 82 | 100.0 | Enterobacteriaceae_bacterium_LSJC7_gi_483282521_ref_NZ_ S_S1_C44674
		Marking as insignificant: 185284 185365 | 22962 23044 | 82 83 | 98.8 | Enterobacteriaceae_bacterium_LSJC7_gi_483282521_ref_NZ_ S_S1_C44674
		Marking as insignificant: 4852 4937 | 218264 218179 | 86 86 | 100.0 | Enterobacteriaceae_bacterium_LSJC7_gi_483283287_ref_NZ_ S_S1_C44674
		Marking as insignificant: 4852 4937 | 218582 218497 | 86 86 | 100.0 | Enterobacteriaceae_bacterium_LSJC7_gi_483283287_ref_NZ_ S_S1_C44674
		One align captures most of this contig: 603765 827291 | 1 223527 | 223527 223527 | 100.0 | Enterobacteriaceae_bacterium_LSJC7_gi_483282470_ref_NZ_ S_S1_C44674

CONTIG: S_S1_C50160 (53043bp)
Top Length: 53043  Top ID: 100.0
		One align captures most of this contig: 550712 603754 | 1 53043 | 53043 53043 | 100.0 | Enterobacteriaceae_bacterium_LSJC7_gi_483282470_ref_NZ_ S_S1_C50160

CONTIG: S_S1_C51599 (27617bp)
Top Length: 27617  Top ID: 100.0
		Marking as insignificant: 21 996 | 1 976 | 976 976 | 100.0 | Enterobacteriaceae_bacterium_LSJC7_gi_483283524_ref_NZ_ S_S1_C51599
		One align captures most of this contig: 22 27638 | 1 27617 | 27617 27617 | 100.0 | Enterobacteriaceae_bacterium_LSJC7_gi_483282470_ref_NZ_ S_S1_C51599

CONTIG: S_S1_C51931 (25372bp)
Top Length: 25372  Top ID: 100.0
		One align captures most of this contig: 112681 138052 | 1 25372 | 25372 25372 | 100.0 | Enterobacteriaceae_bacterium_LSJC7_gi_483282470_ref_NZ_ S_S1_C51931

CONTIG: S_S1_C168 (1117bp)
Top Length: 1117  Top ID: 100.0
		Marking as insignificant: 5360 6133 | 1 774 | 774 774 | 99.74 | Enterobacteriaceae_bacterium_LSJC7_gi_483283287_ref_NZ_ S_S1_C168
		This contig has 2 significant alignments. [An ambiguously mapped contig]
		Using only first of these alignment (option --ambiguity-usage is set to "one"):
		Alignment: 12 1128 | 1 1117 | 1117 1117 | 100.0 | Enterobacteriaceae_bacterium_LSJC7_gi_483283473_ref_NZ_ S_S1_C168
		Skipping alignment  27633 28749 | 1117 1 | 1117 1117 | 99.82 | Enterobacteriaceae_bacterium_LSJC7_gi_483282552_ref_NZ_ S_S1_C168

CONTIG: S_S1_C29835 (75544bp)
Top Length: 75544  Top ID: 100.0
		One align captures most of this contig: 130923 206466 | 1 75544 | 75544 75544 | 100.0 | Enterobacteriaceae_bacterium_LSJC7_gi_483282441_ref_NZ_ S_S1_C29835

CONTIG: S_S1_C54379 (130830bp)
Top Length: 130830  Top ID: 100.0
		One align captures most of this contig: 85 130914 | 1 130830 | 130830 130830 | 100.0 | Enterobacteriaceae_bacterium_LSJC7_gi_483282441_ref_NZ_ S_S1_C54379

CONTIG: S_S1_C24045 (829bp)
Top Length: 829  Top ID: 100.0
		Marking as insignificant: 272 1100 | 1 829 | 829 829 | 98.55 | Enterobacteriaceae_bacterium_LSJC7_gi_483282957_ref_NZ_ S_S1_C24045
		One align captures most of this contig: 18 846 | 1 829 | 829 829 | 100.0 | Enterobacteriaceae_bacterium_LSJC7_gi_483282996_ref_NZ_ S_S1_C24045

CONTIG: S_S1_C17251 (195931bp)
Top Length: 195931  Top ID: 100.0
		Marking as insignificant: 1 504 | 504 1 | 504 504 | 100.0 | Enterobacteriaceae_bacterium_LSJC7_gi_483283710_ref_NZ_ S_S1_C17251
		Marking as insignificant: 644 1285 | 1 643 | 642 643 | 99.53 | Enterobacteriaceae_bacterium_LSJC7_gi_483282552_ref_NZ_ S_S1_C17251
		One align captures most of this contig: 21 195951 | 1 195931 | 195931 195931 | 100.0 | Enterobacteriaceae_bacterium_LSJC7_gi_483283077_ref_NZ_ S_S1_C17251

CONTIG: S_S1_C46915 (800bp)
Top Length: 800  Top ID: 100.0
		One align captures most of this contig: 196051 196850 | 1 800 | 800 800 | 100.0 | Enterobacteriaceae_bacterium_LSJC7_gi_483283077_ref_NZ_ S_S1_C46915

CONTIG: S_S1_C13367 (1061bp)
Top Length: 1061  Top ID: 100.0
		Marking as insignificant: 1 223 | 237 459 | 223 223 | 95.07 | Enterobacteriaceae_bacterium_LSJC7_gi_483282667_ref_NZ_ S_S1_C13367
		Marking as insignificant: 107 342 | 1 236 | 236 236 | 100.0 | Enterobacteriaceae_bacterium_LSJC7_gi_483282617_ref_NZ_ S_S1_C13367
		Marking as insignificant: 1 444 | 607 1061 | 444 455 | 96.04 | Enterobacteriaceae_bacterium_LSJC7_gi_483282699_ref_NZ_ S_S1_C13367
		One align captures most of this contig: 14 1074 | 1 1061 | 1061 1061 | 100.0 | Enterobacteriaceae_bacterium_LSJC7_gi_483282575_ref_NZ_ S_S1_C13367

CONTIG: S_S1_C3908 (76081bp)
Top Length: 76081  Top ID: 100.0
		Marking as insignificant: 159488 159615 | 51297 51424 | 128 128 | 95.35 | Enterobacteriaceae_bacterium_LSJC7_gi_483282521_ref_NZ_ S_S1_C3908
		Marking as insignificant: 167 347 | 75901 76081 | 181 181 | 98.9 | Enterobacteriaceae_bacterium_LSJC7_gi_483282975_ref_NZ_ S_S1_C3908
		Marking as insignificant: 75946 76136 | 74116 74306 | 191 191 | 95.81 | Enterobacteriaceae_bacterium_LSJC7_gi_483282930_ref_NZ_ S_S1_C3908
		Marking as insignificant: 1 250 | 15499 15748 | 250 250 | 97.2 | Enterobacteriaceae_bacterium_LSJC7_gi_483283570_ref_NZ_ S_S1_C3908
		Marking as insignificant: 1 799 | 14352 15150 | 799 799 | 100.0 | Enterobacteriaceae_bacterium_LSJC7_gi_483283570_ref_NZ_ S_S1_C3908
		One align captures most of this contig: 37 76117 | 1 76081 | 76081 76081 | 100.0 | Enterobacteriaceae_bacterium_LSJC7_gi_483282930_ref_NZ_ S_S1_C3908

CONTIG: S_S1_C27753 (3375bp)
Top Length: 3375  Top ID: 100.0
		One align captures most of this contig: 57 3431 | 1 3375 | 3375 3375 | 100.0 | Enterobacteriaceae_bacterium_LSJC7_gi_483283425_ref_NZ_ S_S1_C27753

CONTIG: S_S1_C18291 (60352bp)
Top Length: 60352  Top ID: 100.0
		One align captures most of this contig: 61882 122233 | 1 60352 | 60352 60352 | 100.0 | Enterobacteriaceae_bacterium_LSJC7_gi_483282552_ref_NZ_ S_S1_C18291

CONTIG: S_S1_C40697 (160768bp)
Top Length: 160768  Top ID: 100.0
		Marking as insignificant: 1 230 | 159017 159246 | 230 230 | 100.0 | Enterobacteriaceae_bacterium_LSJC7_gi_483282644_ref_NZ_ S_S1_C40697
		Marking as insignificant: 2 237 | 159018 159253 | 236 236 | 97.46 | Enterobacteriaceae_bacterium_LSJC7_gi_483282654_ref_NZ_ S_S1_C40697
		Marking as insignificant: 72 401 | 160439 160768 | 330 330 | 98.48 | Enterobacteriaceae_bacterium_LSJC7_gi_483282667_ref_NZ_ S_S1_C40697
		Marking as insignificant: 72 417 | 159205 159550 | 346 346 | 97.69 | Enterobacteriaceae_bacterium_LSJC7_gi_483282667_ref_NZ_ S_S1_C40697
		Marking as insignificant: 282647 283026 | 159171 159550 | 380 380 | 97.63 | Enterobacteriaceae_bacterium_LSJC7_gi_483282552_ref_NZ_ S_S1_C40697
		Marking as insignificant: 2133 2757 | 159171 159795 | 625 625 | 97.12 | Enterobacteriaceae_bacterium_LSJC7_gi_483282699_ref_NZ_ S_S1_C40697
		Marking as insignificant: 153 1262 | 159659 160768 | 1110 1110 | 99.91 | Enterobacteriaceae_bacterium_LSJC7_gi_483282699_ref_NZ_ S_S1_C40697
		Marking as insignificant: 899 2496 | 159171 160768 | 1598 1598 | 99.19 | Enterobacteriaceae_bacterium_LSJC7_gi_483282699_ref_NZ_ S_S1_C40697
		One align captures most of this contig: 122243 283010 | 1 160768 | 160768 160768 | 100.0 | Enterobacteriaceae_bacterium_LSJC7_gi_483282552_ref_NZ_ S_S1_C40697

CONTIG: S_S1_C40896 (61869bp)
Top Length: 61869  Top ID: 100.0
		Marking as insignificant: 1 514 | 1138 625 | 514 514 | 100.0 | Enterobacteriaceae_bacterium_LSJC7_gi_483283710_ref_NZ_ S_S1_C40896
		Marking as insignificant: 1 663 | 615 1276 | 663 662 | 99.55 | Enterobacteriaceae_bacterium_LSJC7_gi_483283077_ref_NZ_ S_S1_C40896
		Marking as insignificant: 5311 6133 | 28789 27967 | 823 823 | 99.15 | Enterobacteriaceae_bacterium_LSJC7_gi_483283287_ref_NZ_ S_S1_C40896
		Marking as insignificant: 1 1139 | 28751 27613 | 1139 1139 | 99.82 | Enterobacteriaceae_bacterium_LSJC7_gi_483283473_ref_NZ_ S_S1_C40896
		One align captures most of this contig: 10 61878 | 1 61869 | 61869 61869 | 100.0 | Enterobacteriaceae_bacterium_LSJC7_gi_483282552_ref_NZ_ S_S1_C40896

CONTIG: S_S1_C52757 (514bp)
Top Length: 514  Top ID: 100.0
		One align captures most of this contig: 19 532 | 1 514 | 514 514 | 100.0 | Enterobacteriaceae_bacterium_LSJC7_gi_483283648_ref_NZ_ S_S1_C52757

CONTIG: S_S1_C46232 (774bp)
Top Length: 774  Top ID: 100.0
		One align captures most of this contig: 10 783 | 1 774 | 774 774 | 100.0 | Enterobacteriaceae_bacterium_LSJC7_gi_483283045_ref_NZ_ S_S1_C46232

CONTIG: S_S1_C46568 (4478bp)
Top Length: 4478  Top ID: 100.0
		One align captures most of this contig: 64 4541 | 1 4478 | 4478 4478 | 100.0 | Enterobacteriaceae_bacterium_LSJC7_gi_483283371_ref_NZ_ S_S1_C46568

CONTIG: S_S1_C25117 (6056bp)
Top Length: 6056  Top ID: 100.0
		Marking as insignificant: 822261 822346 | 4886 4801 | 86 86 | 100.0 | Enterobacteriaceae_bacterium_LSJC7_gi_483282470_ref_NZ_ S_S1_C25117
		Marking as insignificant: 821943 822028 | 4886 4801 | 86 86 | 100.0 | Enterobacteriaceae_bacterium_LSJC7_gi_483282470_ref_NZ_ S_S1_C25117
		Marking as insignificant: 138 270 | 120 252 | 133 133 | 97.76 | Enterobacteriaceae_bacterium_LSJC7_gi_483282898_ref_NZ_ S_S1_C25117
		Marking as insignificant: 1 759 | 5298 6056 | 759 759 | 99.74 | Enterobacteriaceae_bacterium_LSJC7_gi_483283473_ref_NZ_ S_S1_C25117
		Marking as insignificant: 28002 28798 | 6056 5260 | 797 797 | 99.12 | Enterobacteriaceae_bacterium_LSJC7_gi_483282552_ref_NZ_ S_S1_C25117
		One align captures most of this contig: 52 6107 | 1 6056 | 6056 6056 | 100.0 | Enterobacteriaceae_bacterium_LSJC7_gi_483283287_ref_NZ_ S_S1_C25117

CONTIG: S_S1_C5221 (238300bp)
Top Length: 238300  Top ID: 100.0
		Marking as insignificant: 215948 216026 | 83248 83170 | 79 79 | 100.0 | Enterobacteriaceae_bacterium_LSJC7_gi_483282863_ref_NZ_ S_S1_C5221
		Marking as insignificant: 215811 215889 | 83248 83170 | 79 79 | 100.0 | Enterobacteriaceae_bacterium_LSJC7_gi_483282863_ref_NZ_ S_S1_C5221
		Marking as insignificant: 171 303 | 121 253 | 133 133 | 97.76 | Enterobacteriaceae_bacterium_LSJC7_gi_483283287_ref_NZ_ S_S1_C5221
		One align captures most of this contig: 18 238317 | 1 238300 | 238300 238300 | 100.0 | Enterobacteriaceae_bacterium_LSJC7_gi_483282898_ref_NZ_ S_S1_C5221

CONTIG: S_S1_C11704 (94566bp)
Top Length: 94566  Top ID: 100.0
		One align captures most of this contig: 516326 610891 | 1 94566 | 94566 94566 | 100.0 | Enterobacteriaceae_bacterium_LSJC7_gi_483282521_ref_NZ_ S_S1_C11704

CONTIG: S_S1_C12805 (218611bp)
Top Length: 218611  Top ID: 100.0
		Marking as insignificant: 626726 626802 | 185413 185489 | 77 77 | 100.0 | Enterobacteriaceae_bacterium_LSJC7_gi_483282470_ref_NZ_ S_S1_C12805
		Marking as insignificant: 626726 626808 | 185276 185357 | 83 82 | 98.8 | Enterobacteriaceae_bacterium_LSJC7_gi_483282470_ref_NZ_ S_S1_C12805
		Marking as insignificant: 626727 626808 | 185140 185221 | 82 82 | 100.0 | Enterobacteriaceae_bacterium_LSJC7_gi_483282470_ref_NZ_ S_S1_C12805
		Marking as insignificant: 51333 51460 | 159480 159607 | 128 128 | 95.35 | Enterobacteriaceae_bacterium_LSJC7_gi_483282930_ref_NZ_ S_S1_C12805
		Marking as insignificant: 1 657 | 131589 130933 | 657 657 | 100.0 | Enterobacteriaceae_bacterium_LSJC7_gi_483283597_ref_NZ_ S_S1_C12805
		Marking as insignificant: 1 657 | 133167 132511 | 657 657 | 100.0 | Enterobacteriaceae_bacterium_LSJC7_gi_483283597_ref_NZ_ S_S1_C12805
		One align captures most of this contig: 9 218619 | 1 218611 | 218611 218611 | 100.0 | Enterobacteriaceae_bacterium_LSJC7_gi_483282521_ref_NZ_ S_S1_C12805

CONTIG: S_S1_C26333 (297674bp)
Top Length: 297674  Top ID: 100.0
		Marking as insignificant: 49200 49288 | 153822 153910 | 89 89 | 100.0 | Enterobacteriaceae_bacterium_LSJC7_gi_483283180_ref_NZ_ S_S1_C26333
		Marking as insignificant: 49199 49288 | 153950 154039 | 90 90 | 100.0 | Enterobacteriaceae_bacterium_LSJC7_gi_483283180_ref_NZ_ S_S1_C26333
		Marking as insignificant: 49197 49289 | 154067 154160 | 93 94 | 98.94 | Enterobacteriaceae_bacterium_LSJC7_gi_483283180_ref_NZ_ S_S1_C26333
		One align captures most of this contig: 218632 516305 | 1 297674 | 297674 297674 | 100.0 | Enterobacteriaceae_bacterium_LSJC7_gi_483282521_ref_NZ_ S_S1_C26333

CONTIG: S_S1_C55488 (1154bp)
Top Length: 1154  Top ID: 100.0
		Marking as insignificant: 1 127 | 1028 1154 | 127 127 | 100.0 | Enterobacteriaceae_bacterium_LSJC7_gi_483282814_ref_NZ_ S_S1_C55488
		Marking as insignificant: 1 852 | 207 1058 | 852 852 | 98.59 | Enterobacteriaceae_bacterium_LSJC7_gi_483282996_ref_NZ_ S_S1_C55488
		One align captures most of this contig: 49 1202 | 1 1154 | 1154 1154 | 100.0 | Enterobacteriaceae_bacterium_LSJC7_gi_483282957_ref_NZ_ S_S1_C55488

CONTIG: S_S1_C46763 (119934bp)
Top Length: 119934  Top ID: 100.0
		Marking as insignificant: 315022 315267 | 51458 51213 | 246 246 | 96.75 | Enterobacteriaceae_bacterium_LSJC7_gi_483282863_ref_NZ_ S_S1_C46763
		Marking as insignificant: 314997 315266 | 57680 57949 | 270 270 | 97.04 | Enterobacteriaceae_bacterium_LSJC7_gi_483282863_ref_NZ_ S_S1_C46763
		Marking as insignificant: 57689 57960 | 51485 51214 | 272 272 | 97.06 | Enterobacteriaceae_bacterium_LSJC7_gi_483283107_ref_NZ_ S_S1_C46763
		Marking as insignificant: 51225 51496 | 57949 57678 | 272 272 | 97.06 | Enterobacteriaceae_bacterium_LSJC7_gi_483283107_ref_NZ_ S_S1_C46763
		One align captures most of this contig: 12 119945 | 1 119934 | 119934 119934 | 100.0 | Enterobacteriaceae_bacterium_LSJC7_gi_483283107_ref_NZ_ S_S1_C46763

CONTIG: S_S1_C10213 (24074bp)
Top Length: 24074  Top ID: 100.0
		One align captures most of this contig: 676339 700412 | 1 24074 | 24074 24074 | 100.0 | Enterobacteriaceae_bacterium_LSJC7_gi_483282499_ref_NZ_ S_S1_C10213

CONTIG: S_S1_C18494 (94323bp)
Top Length: 94323  Top ID: 100.0
		One align captures most of this contig: 312873 407195 | 1 94323 | 94323 94323 | 100.0 | Enterobacteriaceae_bacterium_LSJC7_gi_483282499_ref_NZ_ S_S1_C18494

CONTIG: S_S1_C20712 (59773bp)
Top Length: 59773  Top ID: 100.0
		One align captures most of this contig: 9721 69493 | 1 59773 | 59773 59773 | 100.0 | Enterobacteriaceae_bacterium_LSJC7_gi_483282499_ref_NZ_ S_S1_C20712

CONTIG: S_S1_C22758 (94683bp)
Top Length: 94683  Top ID: 100.0
		One align captures most of this contig: 407239 501921 | 1 94683 | 94683 94683 | 100.0 | Enterobacteriaceae_bacterium_LSJC7_gi_483282499_ref_NZ_ S_S1_C22758

CONTIG: S_S1_C33118 (9695bp)
Top Length: 9695  Top ID: 100.0
		One align captures most of this contig: 22 9716 | 1 9695 | 9695 9695 | 100.0 | Enterobacteriaceae_bacterium_LSJC7_gi_483282499_ref_NZ_ S_S1_C33118

CONTIG: S_S1_C42195 (174406bp)
Top Length: 174406  Top ID: 100.0
		One align captures most of this contig: 501925 676330 | 1 174406 | 174406 174406 | 100.0 | Enterobacteriaceae_bacterium_LSJC7_gi_483282499_ref_NZ_ S_S1_C42195

CONTIG: S_S1_C42444 (13697bp)
Top Length: 13697  Top ID: 100.0
		One align captures most of this contig: 1065786 1079482 | 1 13697 | 13697 13697 | 100.0 | Enterobacteriaceae_bacterium_LSJC7_gi_483282499_ref_NZ_ S_S1_C42444

CONTIG: S_S1_C44224 (62421bp)
Top Length: 62421  Top ID: 100.0
		One align captures most of this contig: 69550 131970 | 1 62421 | 62421 62421 | 100.0 | Enterobacteriaceae_bacterium_LSJC7_gi_483282499_ref_NZ_ S_S1_C44224

CONTIG: S_S1_C46419 (180861bp)
Top Length: 180861  Top ID: 100.0
		One align captures most of this contig: 131994 312854 | 1 180861 | 180861 180861 | 100.0 | Enterobacteriaceae_bacterium_LSJC7_gi_483282499_ref_NZ_ S_S1_C46419

CONTIG: S_S1_C50554 (365371bp)
Top Length: 365371  Top ID: 100.0
		Marking as insignificant: 247351 247427 | 155914 155990 | 77 77 | 97.4 | Enterobacteriaceae_bacterium_LSJC7_gi_483282470_ref_NZ_ S_S1_C50554
		One align captures most of this contig: 700414 1065784 | 1 365371 | 365371 365371 | 100.0 | Enterobacteriaceae_bacterium_LSJC7_gi_483282499_ref_NZ_ S_S1_C50554

CONTIG: S_S1_C7658 (82491bp)
Top Length: 82491  Top ID: 100.0
		Marking as insignificant: 372453 372541 | 49133 49221 | 89 89 | 100.0 | Enterobacteriaceae_bacterium_LSJC7_gi_483282521_ref_NZ_ S_S1_C7658
		Marking as insignificant: 372581 372670 | 49132 49221 | 90 90 | 100.0 | Enterobacteriaceae_bacterium_LSJC7_gi_483282521_ref_NZ_ S_S1_C7658
		Marking as insignificant: 372698 372791 | 49130 49222 | 94 93 | 98.94 | Enterobacteriaceae_bacterium_LSJC7_gi_483282521_ref_NZ_ S_S1_C7658
		One align captures most of this contig: 68 82558 | 1 82491 | 82491 82491 | 100.0 | Enterobacteriaceae_bacterium_LSJC7_gi_483283180_ref_NZ_ S_S1_C7658

CONTIG: S_S1_C7898 (83485bp)
Top Length: 83485  Top ID: 100.0
		Marking as insignificant: 72 418 | 2160 2506 | 347 347 | 98.27 | Enterobacteriaceae_bacterium_LSJC7_gi_483282667_ref_NZ_ S_S1_C7898
		Marking as insignificant: 72 418 | 926 1272 | 347 347 | 98.56 | Enterobacteriaceae_bacterium_LSJC7_gi_483282667_ref_NZ_ S_S1_C7898
		Marking as insignificant: 627 1098 | 1 461 | 472 461 | 95.76 | Enterobacteriaceae_bacterium_LSJC7_gi_483282575_ref_NZ_ S_S1_C7898
		Marking as insignificant: 281413 282037 | 2126 2750 | 625 625 | 97.12 | Enterobacteriaceae_bacterium_LSJC7_gi_483282552_ref_NZ_ S_S1_C7898
		Marking as insignificant: 281901 283026 | 146 1271 | 1126 1126 | 99.91 | Enterobacteriaceae_bacterium_LSJC7_gi_483282552_ref_NZ_ S_S1_C7898
		Marking as insignificant: 281413 283026 | 892 2505 | 1614 1614 | 99.19 | Enterobacteriaceae_bacterium_LSJC7_gi_483282552_ref_NZ_ S_S1_C7898
		One align captures most of this contig: 8 83492 | 1 83485 | 83485 83485 | 100.0 | Enterobacteriaceae_bacterium_LSJC7_gi_483282699_ref_NZ_ S_S1_C7898

CONTIG: S_S1_C5500 (38801bp)
Top Length: 38801  Top ID: 100.0
		One align captures most of this contig: 17 38817 | 1 38801 | 38801 38801 | 100.0 | Enterobacteriaceae_bacterium_LSJC7_gi_483283219_ref_NZ_ S_S1_C5500

CONTIG: S_S1_C31058 (9062bp)
Top Length: 9062  Top ID: 100.0
		One align captures most of this contig: 38836 47897 | 1 9062 | 9062 9062 | 100.0 | Enterobacteriaceae_bacterium_LSJC7_gi_483283219_ref_NZ_ S_S1_C31058

CONTIG: S_S1_C39204 (30160bp)
Top Length: 30160  Top ID: 100.0
		One align captures most of this contig: 4 30163 | 1 30160 | 30160 30160 | 100.0 | Enterobacteriaceae_bacterium_LSJC7_gi_483283352_ref_NZ_ S_S1_C39204

CONTIG: S_S1_C12935 (88540bp)
Top Length: 88540  Top ID: 100.0
		One align captures most of this contig: 71723 160262 | 1 88540 | 88540 88540 | 100.0 | Enterobacteriaceae_bacterium_LSJC7_gi_483282863_ref_NZ_ S_S1_C12935

CONTIG: S_S1_C25848 (186859bp)
Top Length: 186859  Top ID: 100.0
		Marking as insignificant: 83187 83265 | 55625 55547 | 79 79 | 100.0 | Enterobacteriaceae_bacterium_LSJC7_gi_483282898_ref_NZ_ S_S1_C25848
		Marking as insignificant: 83187 83265 | 55762 55684 | 79 79 | 100.0 | Enterobacteriaceae_bacterium_LSJC7_gi_483282898_ref_NZ_ S_S1_C25848
		Marking as insignificant: 51224 51469 | 155003 154758 | 246 246 | 96.75 | Enterobacteriaceae_bacterium_LSJC7_gi_483283107_ref_NZ_ S_S1_C25848
		Marking as insignificant: 57691 57960 | 154733 155002 | 270 270 | 97.04 | Enterobacteriaceae_bacterium_LSJC7_gi_483283107_ref_NZ_ S_S1_C25848
		One align captures most of this contig: 160265 347123 | 1 186859 | 186859 186859 | 100.0 | Enterobacteriaceae_bacterium_LSJC7_gi_483282863_ref_NZ_ S_S1_C25848

CONTIG: S_S1_C52246 (71668bp)
Top Length: 71668  Top ID: 100.0
		One align captures most of this contig: 27 71694 | 1 71668 | 71668 71668 | 100.0 | Enterobacteriaceae_bacterium_LSJC7_gi_483282863_ref_NZ_ S_S1_C52246

CONTIG: S_S1_C41677 (30581bp)
Top Length: 30581  Top ID: 100.0
		One align captures most of this contig: 35 30615 | 1 30581 | 30581 30581 | 100.0 | Enterobacteriaceae_bacterium_LSJC7_gi_483282759_ref_NZ_ S_S1_C41677

Analyzing coverage...
Writing SNPs into /Molly/gurevich/MetaQUAST/res_final/res_cami_final/runs_per_reference/Enterobacteriaceae_bacterium_LSJC7/contigs_reports/nucmer_output/Gold_Assembly.used_snps
	Reference Enterobacteriaceae_bacterium_LSJC7_gi_483282930_ref_NZ_: 1 total alignments. 1 total regions.
		Region: 1 to 76136 (76136 bp)
			START in gap: 1 to 37 (36 bp)
			Align 1: 37 76117 S_S1_C3908 1 76081
			END in gap: 76117 to 76136 (19 bp)

ERROR: Reference Enterobacteriaceae_bacterium_LSJC7_gi_483283524_ref_NZ_ does not have any alignments!  Check that this is the same file used for alignment.
ERROR: Alignment Reference Headers: ['Enterobacteriaceae_bacterium_LSJC7_gi_483282930_ref_NZ_', 'Enterobacteriaceae_bacterium_LSJC7_gi_483282521_ref_NZ_', 'Enterobacteriaceae_bacterium_LSJC7_gi_483283287_ref_NZ_', 'Enterobacteriaceae_bacterium_LSJC7_gi_483283352_ref_NZ_', 'Enterobacteriaceae_bacterium_LSJC7_gi_483282499_ref_NZ_', 'Enterobacteriaceae_bacterium_LSJC7_gi_483283107_ref_NZ_', 'Enterobacteriaceae_bacterium_LSJC7_gi_483282957_ref_NZ_', 'Enterobacteriaceae_bacterium_LSJC7_gi_483283473_ref_NZ_', 'Enterobacteriaceae_bacterium_LSJC7_gi_483283425_ref_NZ_', 'Enterobacteriaceae_bacterium_LSJC7_gi_483282441_ref_NZ_', 'Enterobacteriaceae_bacterium_LSJC7_gi_483282552_ref_NZ_', 'Enterobacteriaceae_bacterium_LSJC7_gi_483283077_ref_NZ_', 'Enterobacteriaceae_bacterium_LSJC7_gi_483282575_ref_NZ_', 'Enterobacteriaceae_bacterium_LSJC7_gi_483283219_ref_NZ_', 'Enterobacteriaceae_bacterium_LSJC7_gi_483282898_ref_NZ_', 'Enterobacteriaceae_bacterium_LSJC7_gi_483283180_ref_NZ_', 'Enterobacteriaceae_bacterium_LSJC7_gi_483282699_ref_NZ_', 'Enterobacteriaceae_bacterium_LSJC7_gi_483282996_ref_NZ_', 'Enterobacteriaceae_bacterium_LSJC7_gi_483282470_ref_NZ_', 'Enterobacteriaceae_bacterium_LSJC7_gi_483283045_ref_NZ_', 'Enterobacteriaceae_bacterium_LSJC7_gi_483282759_ref_NZ_', 'Enterobacteriaceae_bacterium_LSJC7_gi_483283648_ref_NZ_', 'Enterobacteriaceae_bacterium_LSJC7_gi_483283371_ref_NZ_', 'Enterobacteriaceae_bacterium_LSJC7_gi_483282863_ref_NZ_']
	Reference Enterobacteriaceae_bacterium_LSJC7_gi_483282521_ref_NZ_: 3 total alignments. 1 total regions.
		Region: 1 to 610898 (610898 bp)
			START in gap: 1 to 9 (8 bp)
			Align 1: 9 218619 S_S1_C12805 1 218611
				Gap between this and next alignment: 218619 to 218632 (12 bp)
				Next Alignment: 218632 516305 S_S1_C26333 1 297674

			Align 2: 218632 516305 S_S1_C26333 1 297674
				Gap between this and next alignment: 516305 to 516326 (20 bp)
				Next Alignment: 516326 610891 S_S1_C11704 1 94566

			Align 3: 516326 610891 S_S1_C11704 1 94566
			END in gap: 610891 to 610898 (7 bp)

	Reference Enterobacteriaceae_bacterium_LSJC7_gi_483283287_ref_NZ_: 1 total alignments. 1 total regions.
		Region: 1 to 6133 (6133 bp)
			START in gap: 1 to 52 (51 bp)
			Align 1: 52 6107 S_S1_C25117 1 6056
			END in gap: 6107 to 6133 (26 bp)

	Reference Enterobacteriaceae_bacterium_LSJC7_gi_483283352_ref_NZ_: 1 total alignments. 1 total regions.
		Region: 1 to 30594 (30594 bp)
			START in gap: 1 to 4 (3 bp)
			Align 1: 4 30163 S_S1_C39204 1 30160
			END in gap: 30163 to 30594 (431 bp)

	Reference Enterobacteriaceae_bacterium_LSJC7_gi_483282499_ref_NZ_: 10 total alignments. 1 total regions.
		Region: 1 to 1079509 (1079509 bp)
			START in gap: 1 to 22 (21 bp)
			Align 1: 22 9716 S_S1_C33118 1 9695
				Gap between this and next alignment: 9716 to 9721 (4 bp)
				Next Alignment: 9721 69493 S_S1_C20712 1 59773

			Align 2: 9721 69493 S_S1_C20712 1 59773
				Gap between this and next alignment: 69493 to 69550 (56 bp)
				Next Alignment: 69550 131970 S_S1_C44224 1 62421

			Align 3: 69550 131970 S_S1_C44224 1 62421
				Gap between this and next alignment: 131970 to 131994 (23 bp)
				Next Alignment: 131994 312854 S_S1_C46419 1 180861

			Align 4: 131994 312854 S_S1_C46419 1 180861
				Gap between this and next alignment: 312854 to 312873 (18 bp)
				Next Alignment: 312873 407195 S_S1_C18494 1 94323

			Align 5: 312873 407195 S_S1_C18494 1 94323
				Gap between this and next alignment: 407195 to 407239 (43 bp)
				Next Alignment: 407239 501921 S_S1_C22758 1 94683

			Align 6: 407239 501921 S_S1_C22758 1 94683
				Gap between this and next alignment: 501921 to 501925 (3 bp)
				Next Alignment: 501925 676330 S_S1_C42195 1 174406

			Align 7: 501925 676330 S_S1_C42195 1 174406
				Gap between this and next alignment: 676330 to 676339 (8 bp)
				Next Alignment: 676339 700412 S_S1_C10213 1 24074

			Align 8: 676339 700412 S_S1_C10213 1 24074
				Gap between this and next alignment: 700412 to 700414 (1 bp)
				Next Alignment: 700414 1065784 S_S1_C50554 1 365371

			Align 9: 700414 1065784 S_S1_C50554 1 365371
				Gap between this and next alignment: 1065784 to 1065786 (1 bp)
				Next Alignment: 1065786 1079482 S_S1_C42444 1 13697

			Align 10: 1065786 1079482 S_S1_C42444 1 13697
			END in gap: 1079482 to 1079509 (27 bp)

	Reference Enterobacteriaceae_bacterium_LSJC7_gi_483283107_ref_NZ_: 1 total alignments. 1 total regions.
		Region: 1 to 119953 (119953 bp)
			START in gap: 1 to 12 (11 bp)
			Align 1: 12 119945 S_S1_C46763 1 119934
			END in gap: 119945 to 119953 (8 bp)

ERROR: Reference Enterobacteriaceae_bacterium_LSJC7_gi_483283570_ref_NZ_ does not have any alignments!  Check that this is the same file used for alignment.
ERROR: Alignment Reference Headers: ['Enterobacteriaceae_bacterium_LSJC7_gi_483282930_ref_NZ_', 'Enterobacteriaceae_bacterium_LSJC7_gi_483282521_ref_NZ_', 'Enterobacteriaceae_bacterium_LSJC7_gi_483283287_ref_NZ_', 'Enterobacteriaceae_bacterium_LSJC7_gi_483283352_ref_NZ_', 'Enterobacteriaceae_bacterium_LSJC7_gi_483282499_ref_NZ_', 'Enterobacteriaceae_bacterium_LSJC7_gi_483283107_ref_NZ_', 'Enterobacteriaceae_bacterium_LSJC7_gi_483282957_ref_NZ_', 'Enterobacteriaceae_bacterium_LSJC7_gi_483283473_ref_NZ_', 'Enterobacteriaceae_bacterium_LSJC7_gi_483283425_ref_NZ_', 'Enterobacteriaceae_bacterium_LSJC7_gi_483282441_ref_NZ_', 'Enterobacteriaceae_bacterium_LSJC7_gi_483282552_ref_NZ_', 'Enterobacteriaceae_bacterium_LSJC7_gi_483283077_ref_NZ_', 'Enterobacteriaceae_bacterium_LSJC7_gi_483282575_ref_NZ_', 'Enterobacteriaceae_bacterium_LSJC7_gi_483283219_ref_NZ_', 'Enterobacteriaceae_bacterium_LSJC7_gi_483282898_ref_NZ_', 'Enterobacteriaceae_bacterium_LSJC7_gi_483283180_ref_NZ_', 'Enterobacteriaceae_bacterium_LSJC7_gi_483282699_ref_NZ_', 'Enterobacteriaceae_bacterium_LSJC7_gi_483282996_ref_NZ_', 'Enterobacteriaceae_bacterium_LSJC7_gi_483282470_ref_NZ_', 'Enterobacteriaceae_bacterium_LSJC7_gi_483283045_ref_NZ_', 'Enterobacteriaceae_bacterium_LSJC7_gi_483282759_ref_NZ_', 'Enterobacteriaceae_bacterium_LSJC7_gi_483283648_ref_NZ_', 'Enterobacteriaceae_bacterium_LSJC7_gi_483283371_ref_NZ_', 'Enterobacteriaceae_bacterium_LSJC7_gi_483282863_ref_NZ_']
	Reference Enterobacteriaceae_bacterium_LSJC7_gi_483282957_ref_NZ_: 1 total alignments. 1 total regions.
		Region: 1 to 1211 (1211 bp)
			START in gap: 1 to 49 (48 bp)
			Align 1: 49 1202 S_S1_C55488 1 1154
			END in gap: 1202 to 1211 (9 bp)

ERROR: Reference Enterobacteriaceae_bacterium_LSJC7_gi_483282975_ref_NZ_ does not have any alignments!  Check that this is the same file used for alignment.
ERROR: Alignment Reference Headers: ['Enterobacteriaceae_bacterium_LSJC7_gi_483282930_ref_NZ_', 'Enterobacteriaceae_bacterium_LSJC7_gi_483282521_ref_NZ_', 'Enterobacteriaceae_bacterium_LSJC7_gi_483283287_ref_NZ_', 'Enterobacteriaceae_bacterium_LSJC7_gi_483283352_ref_NZ_', 'Enterobacteriaceae_bacterium_LSJC7_gi_483282499_ref_NZ_', 'Enterobacteriaceae_bacterium_LSJC7_gi_483283107_ref_NZ_', 'Enterobacteriaceae_bacterium_LSJC7_gi_483282957_ref_NZ_', 'Enterobacteriaceae_bacterium_LSJC7_gi_483283473_ref_NZ_', 'Enterobacteriaceae_bacterium_LSJC7_gi_483283425_ref_NZ_', 'Enterobacteriaceae_bacterium_LSJC7_gi_483282441_ref_NZ_', 'Enterobacteriaceae_bacterium_LSJC7_gi_483282552_ref_NZ_', 'Enterobacteriaceae_bacterium_LSJC7_gi_483283077_ref_NZ_', 'Enterobacteriaceae_bacterium_LSJC7_gi_483282575_ref_NZ_', 'Enterobacteriaceae_bacterium_LSJC7_gi_483283219_ref_NZ_', 'Enterobacteriaceae_bacterium_LSJC7_gi_483282898_ref_NZ_', 'Enterobacteriaceae_bacterium_LSJC7_gi_483283180_ref_NZ_', 'Enterobacteriaceae_bacterium_LSJC7_gi_483282699_ref_NZ_', 'Enterobacteriaceae_bacterium_LSJC7_gi_483282996_ref_NZ_', 'Enterobacteriaceae_bacterium_LSJC7_gi_483282470_ref_NZ_', 'Enterobacteriaceae_bacterium_LSJC7_gi_483283045_ref_NZ_', 'Enterobacteriaceae_bacterium_LSJC7_gi_483282759_ref_NZ_', 'Enterobacteriaceae_bacterium_LSJC7_gi_483283648_ref_NZ_', 'Enterobacteriaceae_bacterium_LSJC7_gi_483283371_ref_NZ_', 'Enterobacteriaceae_bacterium_LSJC7_gi_483282863_ref_NZ_']
ERROR: Reference Enterobacteriaceae_bacterium_LSJC7_gi_483282667_ref_NZ_ does not have any alignments!  Check that this is the same file used for alignment.
ERROR: Alignment Reference Headers: ['Enterobacteriaceae_bacterium_LSJC7_gi_483282930_ref_NZ_', 'Enterobacteriaceae_bacterium_LSJC7_gi_483282521_ref_NZ_', 'Enterobacteriaceae_bacterium_LSJC7_gi_483283287_ref_NZ_', 'Enterobacteriaceae_bacterium_LSJC7_gi_483283352_ref_NZ_', 'Enterobacteriaceae_bacterium_LSJC7_gi_483282499_ref_NZ_', 'Enterobacteriaceae_bacterium_LSJC7_gi_483283107_ref_NZ_', 'Enterobacteriaceae_bacterium_LSJC7_gi_483282957_ref_NZ_', 'Enterobacteriaceae_bacterium_LSJC7_gi_483283473_ref_NZ_', 'Enterobacteriaceae_bacterium_LSJC7_gi_483283425_ref_NZ_', 'Enterobacteriaceae_bacterium_LSJC7_gi_483282441_ref_NZ_', 'Enterobacteriaceae_bacterium_LSJC7_gi_483282552_ref_NZ_', 'Enterobacteriaceae_bacterium_LSJC7_gi_483283077_ref_NZ_', 'Enterobacteriaceae_bacterium_LSJC7_gi_483282575_ref_NZ_', 'Enterobacteriaceae_bacterium_LSJC7_gi_483283219_ref_NZ_', 'Enterobacteriaceae_bacterium_LSJC7_gi_483282898_ref_NZ_', 'Enterobacteriaceae_bacterium_LSJC7_gi_483283180_ref_NZ_', 'Enterobacteriaceae_bacterium_LSJC7_gi_483282699_ref_NZ_', 'Enterobacteriaceae_bacterium_LSJC7_gi_483282996_ref_NZ_', 'Enterobacteriaceae_bacterium_LSJC7_gi_483282470_ref_NZ_', 'Enterobacteriaceae_bacterium_LSJC7_gi_483283045_ref_NZ_', 'Enterobacteriaceae_bacterium_LSJC7_gi_483282759_ref_NZ_', 'Enterobacteriaceae_bacterium_LSJC7_gi_483283648_ref_NZ_', 'Enterobacteriaceae_bacterium_LSJC7_gi_483283371_ref_NZ_', 'Enterobacteriaceae_bacterium_LSJC7_gi_483282863_ref_NZ_']
	Reference Enterobacteriaceae_bacterium_LSJC7_gi_483283473_ref_NZ_: 1 total alignments. 1 total regions.
		Region: 1 to 1139 (1139 bp)
			START in gap: 1 to 12 (11 bp)
			Align 1: 12 1128 S_S1_C168 1 1117
			END in gap: 1128 to 1139 (11 bp)

ERROR: Reference Enterobacteriaceae_bacterium_LSJC7_gi_483282644_ref_NZ_ does not have any alignments!  Check that this is the same file used for alignment.
ERROR: Alignment Reference Headers: ['Enterobacteriaceae_bacterium_LSJC7_gi_483282930_ref_NZ_', 'Enterobacteriaceae_bacterium_LSJC7_gi_483282521_ref_NZ_', 'Enterobacteriaceae_bacterium_LSJC7_gi_483283287_ref_NZ_', 'Enterobacteriaceae_bacterium_LSJC7_gi_483283352_ref_NZ_', 'Enterobacteriaceae_bacterium_LSJC7_gi_483282499_ref_NZ_', 'Enterobacteriaceae_bacterium_LSJC7_gi_483283107_ref_NZ_', 'Enterobacteriaceae_bacterium_LSJC7_gi_483282957_ref_NZ_', 'Enterobacteriaceae_bacterium_LSJC7_gi_483283473_ref_NZ_', 'Enterobacteriaceae_bacterium_LSJC7_gi_483283425_ref_NZ_', 'Enterobacteriaceae_bacterium_LSJC7_gi_483282441_ref_NZ_', 'Enterobacteriaceae_bacterium_LSJC7_gi_483282552_ref_NZ_', 'Enterobacteriaceae_bacterium_LSJC7_gi_483283077_ref_NZ_', 'Enterobacteriaceae_bacterium_LSJC7_gi_483282575_ref_NZ_', 'Enterobacteriaceae_bacterium_LSJC7_gi_483283219_ref_NZ_', 'Enterobacteriaceae_bacterium_LSJC7_gi_483282898_ref_NZ_', 'Enterobacteriaceae_bacterium_LSJC7_gi_483283180_ref_NZ_', 'Enterobacteriaceae_bacterium_LSJC7_gi_483282699_ref_NZ_', 'Enterobacteriaceae_bacterium_LSJC7_gi_483282996_ref_NZ_', 'Enterobacteriaceae_bacterium_LSJC7_gi_483282470_ref_NZ_', 'Enterobacteriaceae_bacterium_LSJC7_gi_483283045_ref_NZ_', 'Enterobacteriaceae_bacterium_LSJC7_gi_483282759_ref_NZ_', 'Enterobacteriaceae_bacterium_LSJC7_gi_483283648_ref_NZ_', 'Enterobacteriaceae_bacterium_LSJC7_gi_483283371_ref_NZ_', 'Enterobacteriaceae_bacterium_LSJC7_gi_483282863_ref_NZ_']
	Reference Enterobacteriaceae_bacterium_LSJC7_gi_483283425_ref_NZ_: 1 total alignments. 1 total regions.
		Region: 1 to 3441 (3441 bp)
			START in gap: 1 to 57 (56 bp)
			Align 1: 57 3431 S_S1_C27753 1 3375
			END in gap: 3431 to 3441 (10 bp)

ERROR: Reference Enterobacteriaceae_bacterium_LSJC7_gi_483282814_ref_NZ_ does not have any alignments!  Check that this is the same file used for alignment.
ERROR: Alignment Reference Headers: ['Enterobacteriaceae_bacterium_LSJC7_gi_483282930_ref_NZ_', 'Enterobacteriaceae_bacterium_LSJC7_gi_483282521_ref_NZ_', 'Enterobacteriaceae_bacterium_LSJC7_gi_483283287_ref_NZ_', 'Enterobacteriaceae_bacterium_LSJC7_gi_483283352_ref_NZ_', 'Enterobacteriaceae_bacterium_LSJC7_gi_483282499_ref_NZ_', 'Enterobacteriaceae_bacterium_LSJC7_gi_483283107_ref_NZ_', 'Enterobacteriaceae_bacterium_LSJC7_gi_483282957_ref_NZ_', 'Enterobacteriaceae_bacterium_LSJC7_gi_483283473_ref_NZ_', 'Enterobacteriaceae_bacterium_LSJC7_gi_483283425_ref_NZ_', 'Enterobacteriaceae_bacterium_LSJC7_gi_483282441_ref_NZ_', 'Enterobacteriaceae_bacterium_LSJC7_gi_483282552_ref_NZ_', 'Enterobacteriaceae_bacterium_LSJC7_gi_483283077_ref_NZ_', 'Enterobacteriaceae_bacterium_LSJC7_gi_483282575_ref_NZ_', 'Enterobacteriaceae_bacterium_LSJC7_gi_483283219_ref_NZ_', 'Enterobacteriaceae_bacterium_LSJC7_gi_483282898_ref_NZ_', 'Enterobacteriaceae_bacterium_LSJC7_gi_483283180_ref_NZ_', 'Enterobacteriaceae_bacterium_LSJC7_gi_483282699_ref_NZ_', 'Enterobacteriaceae_bacterium_LSJC7_gi_483282996_ref_NZ_', 'Enterobacteriaceae_bacterium_LSJC7_gi_483282470_ref_NZ_', 'Enterobacteriaceae_bacterium_LSJC7_gi_483283045_ref_NZ_', 'Enterobacteriaceae_bacterium_LSJC7_gi_483282759_ref_NZ_', 'Enterobacteriaceae_bacterium_LSJC7_gi_483283648_ref_NZ_', 'Enterobacteriaceae_bacterium_LSJC7_gi_483283371_ref_NZ_', 'Enterobacteriaceae_bacterium_LSJC7_gi_483282863_ref_NZ_']
	Reference Enterobacteriaceae_bacterium_LSJC7_gi_483282441_ref_NZ_: 2 total alignments. 1 total regions.
		Region: 1 to 206498 (206498 bp)
			START in gap: 1 to 85 (84 bp)
			Align 1: 85 130914 S_S1_C54379 1 130830
				Gap between this and next alignment: 130914 to 130923 (8 bp)
				Next Alignment: 130923 206466 S_S1_C29835 1 75544

			Align 2: 130923 206466 S_S1_C29835 1 75544
			END in gap: 206466 to 206498 (32 bp)

	Reference Enterobacteriaceae_bacterium_LSJC7_gi_483282552_ref_NZ_: 3 total alignments. 1 total regions.
		Region: 1 to 283026 (283026 bp)
			START in gap: 1 to 10 (9 bp)
			Align 1: 10 61878 S_S1_C40896 1 61869
				Gap between this and next alignment: 61878 to 61882 (3 bp)
				Next Alignment: 61882 122233 S_S1_C18291 1 60352

			Align 2: 61882 122233 S_S1_C18291 1 60352
				Gap between this and next alignment: 122233 to 122243 (9 bp)
				Next Alignment: 122243 283010 S_S1_C40697 1 160768

			Align 3: 122243 283010 S_S1_C40697 1 160768
			END in gap: 283010 to 283026 (16 bp)

	Reference Enterobacteriaceae_bacterium_LSJC7_gi_483283077_ref_NZ_: 2 total alignments. 1 total regions.
		Region: 1 to 196851 (196851 bp)
			START in gap: 1 to 21 (20 bp)
			Align 1: 21 195951 S_S1_C17251 1 195931
				Gap between this and next alignment: 195951 to 196051 (99 bp)
				Next Alignment: 196051 196850 S_S1_C46915 1 800

			Align 2: 196051 196850 S_S1_C46915 1 800
			END in gap: 196850 to 196851 (1 bp)

ERROR: Reference Enterobacteriaceae_bacterium_LSJC7_gi_483283597_ref_NZ_ does not have any alignments!  Check that this is the same file used for alignment.
ERROR: Alignment Reference Headers: ['Enterobacteriaceae_bacterium_LSJC7_gi_483282930_ref_NZ_', 'Enterobacteriaceae_bacterium_LSJC7_gi_483282521_ref_NZ_', 'Enterobacteriaceae_bacterium_LSJC7_gi_483283287_ref_NZ_', 'Enterobacteriaceae_bacterium_LSJC7_gi_483283352_ref_NZ_', 'Enterobacteriaceae_bacterium_LSJC7_gi_483282499_ref_NZ_', 'Enterobacteriaceae_bacterium_LSJC7_gi_483283107_ref_NZ_', 'Enterobacteriaceae_bacterium_LSJC7_gi_483282957_ref_NZ_', 'Enterobacteriaceae_bacterium_LSJC7_gi_483283473_ref_NZ_', 'Enterobacteriaceae_bacterium_LSJC7_gi_483283425_ref_NZ_', 'Enterobacteriaceae_bacterium_LSJC7_gi_483282441_ref_NZ_', 'Enterobacteriaceae_bacterium_LSJC7_gi_483282552_ref_NZ_', 'Enterobacteriaceae_bacterium_LSJC7_gi_483283077_ref_NZ_', 'Enterobacteriaceae_bacterium_LSJC7_gi_483282575_ref_NZ_', 'Enterobacteriaceae_bacterium_LSJC7_gi_483283219_ref_NZ_', 'Enterobacteriaceae_bacterium_LSJC7_gi_483282898_ref_NZ_', 'Enterobacteriaceae_bacterium_LSJC7_gi_483283180_ref_NZ_', 'Enterobacteriaceae_bacterium_LSJC7_gi_483282699_ref_NZ_', 'Enterobacteriaceae_bacterium_LSJC7_gi_483282996_ref_NZ_', 'Enterobacteriaceae_bacterium_LSJC7_gi_483282470_ref_NZ_', 'Enterobacteriaceae_bacterium_LSJC7_gi_483283045_ref_NZ_', 'Enterobacteriaceae_bacterium_LSJC7_gi_483282759_ref_NZ_', 'Enterobacteriaceae_bacterium_LSJC7_gi_483283648_ref_NZ_', 'Enterobacteriaceae_bacterium_LSJC7_gi_483283371_ref_NZ_', 'Enterobacteriaceae_bacterium_LSJC7_gi_483282863_ref_NZ_']
ERROR: Reference Enterobacteriaceae_bacterium_LSJC7_gi_483282617_ref_NZ_ does not have any alignments!  Check that this is the same file used for alignment.
ERROR: Alignment Reference Headers: ['Enterobacteriaceae_bacterium_LSJC7_gi_483282930_ref_NZ_', 'Enterobacteriaceae_bacterium_LSJC7_gi_483282521_ref_NZ_', 'Enterobacteriaceae_bacterium_LSJC7_gi_483283287_ref_NZ_', 'Enterobacteriaceae_bacterium_LSJC7_gi_483283352_ref_NZ_', 'Enterobacteriaceae_bacterium_LSJC7_gi_483282499_ref_NZ_', 'Enterobacteriaceae_bacterium_LSJC7_gi_483283107_ref_NZ_', 'Enterobacteriaceae_bacterium_LSJC7_gi_483282957_ref_NZ_', 'Enterobacteriaceae_bacterium_LSJC7_gi_483283473_ref_NZ_', 'Enterobacteriaceae_bacterium_LSJC7_gi_483283425_ref_NZ_', 'Enterobacteriaceae_bacterium_LSJC7_gi_483282441_ref_NZ_', 'Enterobacteriaceae_bacterium_LSJC7_gi_483282552_ref_NZ_', 'Enterobacteriaceae_bacterium_LSJC7_gi_483283077_ref_NZ_', 'Enterobacteriaceae_bacterium_LSJC7_gi_483282575_ref_NZ_', 'Enterobacteriaceae_bacterium_LSJC7_gi_483283219_ref_NZ_', 'Enterobacteriaceae_bacterium_LSJC7_gi_483282898_ref_NZ_', 'Enterobacteriaceae_bacterium_LSJC7_gi_483283180_ref_NZ_', 'Enterobacteriaceae_bacterium_LSJC7_gi_483282699_ref_NZ_', 'Enterobacteriaceae_bacterium_LSJC7_gi_483282996_ref_NZ_', 'Enterobacteriaceae_bacterium_LSJC7_gi_483282470_ref_NZ_', 'Enterobacteriaceae_bacterium_LSJC7_gi_483283045_ref_NZ_', 'Enterobacteriaceae_bacterium_LSJC7_gi_483282759_ref_NZ_', 'Enterobacteriaceae_bacterium_LSJC7_gi_483283648_ref_NZ_', 'Enterobacteriaceae_bacterium_LSJC7_gi_483283371_ref_NZ_', 'Enterobacteriaceae_bacterium_LSJC7_gi_483282863_ref_NZ_']
	Reference Enterobacteriaceae_bacterium_LSJC7_gi_483282575_ref_NZ_: 1 total alignments. 1 total regions.
		Region: 1 to 1098 (1098 bp)
			START in gap: 1 to 14 (13 bp)
			Align 1: 14 1074 S_S1_C13367 1 1061
			END in gap: 1074 to 1098 (24 bp)

	Reference Enterobacteriaceae_bacterium_LSJC7_gi_483283219_ref_NZ_: 2 total alignments. 1 total regions.
		Region: 1 to 47902 (47902 bp)
			START in gap: 1 to 17 (16 bp)
			Align 1: 17 38817 S_S1_C5500 1 38801
				Gap between this and next alignment: 38817 to 38836 (18 bp)
				Next Alignment: 38836 47897 S_S1_C31058 1 9062

			Align 2: 38836 47897 S_S1_C31058 1 9062
			END in gap: 47897 to 47902 (5 bp)

	Reference Enterobacteriaceae_bacterium_LSJC7_gi_483282898_ref_NZ_: 1 total alignments. 1 total regions.
		Region: 1 to 238331 (238331 bp)
			START in gap: 1 to 18 (17 bp)
			Align 1: 18 238317 S_S1_C5221 1 238300
			END in gap: 238317 to 238331 (14 bp)

	Reference Enterobacteriaceae_bacterium_LSJC7_gi_483283180_ref_NZ_: 1 total alignments. 1 total regions.
		Region: 1 to 82564 (82564 bp)
			START in gap: 1 to 68 (67 bp)
			Align 1: 68 82558 S_S1_C7658 1 82491
			END in gap: 82558 to 82564 (6 bp)

	Reference Enterobacteriaceae_bacterium_LSJC7_gi_483282699_ref_NZ_: 1 total alignments. 1 total regions.
		Region: 1 to 83516 (83516 bp)
			START in gap: 1 to 8 (7 bp)
			Align 1: 8 83492 S_S1_C7898 1 83485
			END in gap: 83492 to 83516 (24 bp)

	Reference Enterobacteriaceae_bacterium_LSJC7_gi_483282996_ref_NZ_: 1 total alignments. 1 total regions.
		Region: 1 to 852 (852 bp)
			START in gap: 1 to 18 (17 bp)
			Align 1: 18 846 S_S1_C24045 1 829
			END in gap: 846 to 852 (6 bp)

	Reference Enterobacteriaceae_bacterium_LSJC7_gi_483282470_ref_NZ_: 11 total alignments. 1 total regions.
		Region: 1 to 1158676 (1158676 bp)
			START in gap: 1 to 22 (21 bp)
			Align 1: 22 27638 S_S1_C51599 1 27617
				Gap between this and next alignment: 27638 to 27640 (1 bp)
				Next Alignment: 27640 112673 S_S1_C15150 1 85034

			Align 2: 27640 112673 S_S1_C15150 1 85034
				Gap between this and next alignment: 112673 to 112681 (7 bp)
				Next Alignment: 112681 138052 S_S1_C51931 1 25372

			Align 3: 112681 138052 S_S1_C51931 1 25372
				Gap between this and next alignment: 138052 to 138061 (8 bp)
				Next Alignment: 138061 303371 S_S1_C15686 1 165311

			Align 4: 138061 303371 S_S1_C15686 1 165311
				Gap between this and next alignment: 303371 to 303375 (3 bp)
				Next Alignment: 303375 375215 S_S1_C16415 1 71841

			Align 5: 303375 375215 S_S1_C16415 1 71841
				Gap between this and next alignment: 375215 to 375248 (32 bp)
				Next Alignment: 375248 550696 S_S1_C32251 1 175449

			Align 6: 375248 550696 S_S1_C32251 1 175449
				Gap between this and next alignment: 550696 to 550712 (15 bp)
				Next Alignment: 550712 603754 S_S1_C50160 1 53043

			Align 7: 550712 603754 S_S1_C50160 1 53043
				Gap between this and next alignment: 603754 to 603765 (10 bp)
				Next Alignment: 603765 827291 S_S1_C44674 1 223527

			Align 8: 603765 827291 S_S1_C44674 1 223527
				Gap between this and next alignment: 827291 to 827348 (56 bp)
				Next Alignment: 827348 963140 S_S1_C10223 1 135793

			Align 9: 827348 963140 S_S1_C10223 1 135793
				Gap between this and next alignment: 963140 to 963143 (2 bp)
				Next Alignment: 963143 1058881 S_S1_C44269 1 95739

			Align 10: 963143 1058881 S_S1_C44269 1 95739
				Gap between this and next alignment: 1058881 to 1058945 (63 bp)
				Next Alignment: 1058945 1158661 S_S1_C30650 1 99717

			Align 11: 1058945 1158661 S_S1_C30650 1 99717
			END in gap: 1158661 to 1158676 (15 bp)

ERROR: Reference Enterobacteriaceae_bacterium_LSJC7_gi_483283710_ref_NZ_ does not have any alignments!  Check that this is the same file used for alignment.
ERROR: Alignment Reference Headers: ['Enterobacteriaceae_bacterium_LSJC7_gi_483282930_ref_NZ_', 'Enterobacteriaceae_bacterium_LSJC7_gi_483282521_ref_NZ_', 'Enterobacteriaceae_bacterium_LSJC7_gi_483283287_ref_NZ_', 'Enterobacteriaceae_bacterium_LSJC7_gi_483283352_ref_NZ_', 'Enterobacteriaceae_bacterium_LSJC7_gi_483282499_ref_NZ_', 'Enterobacteriaceae_bacterium_LSJC7_gi_483283107_ref_NZ_', 'Enterobacteriaceae_bacterium_LSJC7_gi_483282957_ref_NZ_', 'Enterobacteriaceae_bacterium_LSJC7_gi_483283473_ref_NZ_', 'Enterobacteriaceae_bacterium_LSJC7_gi_483283425_ref_NZ_', 'Enterobacteriaceae_bacterium_LSJC7_gi_483282441_ref_NZ_', 'Enterobacteriaceae_bacterium_LSJC7_gi_483282552_ref_NZ_', 'Enterobacteriaceae_bacterium_LSJC7_gi_483283077_ref_NZ_', 'Enterobacteriaceae_bacterium_LSJC7_gi_483282575_ref_NZ_', 'Enterobacteriaceae_bacterium_LSJC7_gi_483283219_ref_NZ_', 'Enterobacteriaceae_bacterium_LSJC7_gi_483282898_ref_NZ_', 'Enterobacteriaceae_bacterium_LSJC7_gi_483283180_ref_NZ_', 'Enterobacteriaceae_bacterium_LSJC7_gi_483282699_ref_NZ_', 'Enterobacteriaceae_bacterium_LSJC7_gi_483282996_ref_NZ_', 'Enterobacteriaceae_bacterium_LSJC7_gi_483282470_ref_NZ_', 'Enterobacteriaceae_bacterium_LSJC7_gi_483283045_ref_NZ_', 'Enterobacteriaceae_bacterium_LSJC7_gi_483282759_ref_NZ_', 'Enterobacteriaceae_bacterium_LSJC7_gi_483283648_ref_NZ_', 'Enterobacteriaceae_bacterium_LSJC7_gi_483283371_ref_NZ_', 'Enterobacteriaceae_bacterium_LSJC7_gi_483282863_ref_NZ_']
	Reference Enterobacteriaceae_bacterium_LSJC7_gi_483283045_ref_NZ_: 1 total alignments. 1 total regions.
		Region: 1 to 787 (787 bp)
			START in gap: 1 to 10 (9 bp)
			Align 1: 10 783 S_S1_C46232 1 774
			END in gap: 783 to 787 (4 bp)

	Reference Enterobacteriaceae_bacterium_LSJC7_gi_483282759_ref_NZ_: 1 total alignments. 1 total regions.
		Region: 1 to 30618 (30618 bp)
			START in gap: 1 to 35 (34 bp)
			Align 1: 35 30615 S_S1_C41677 1 30581
			END in gap: 30615 to 30618 (3 bp)

ERROR: Reference Enterobacteriaceae_bacterium_LSJC7_gi_483282654_ref_NZ_ does not have any alignments!  Check that this is the same file used for alignment.
ERROR: Alignment Reference Headers: ['Enterobacteriaceae_bacterium_LSJC7_gi_483282930_ref_NZ_', 'Enterobacteriaceae_bacterium_LSJC7_gi_483282521_ref_NZ_', 'Enterobacteriaceae_bacterium_LSJC7_gi_483283287_ref_NZ_', 'Enterobacteriaceae_bacterium_LSJC7_gi_483283352_ref_NZ_', 'Enterobacteriaceae_bacterium_LSJC7_gi_483282499_ref_NZ_', 'Enterobacteriaceae_bacterium_LSJC7_gi_483283107_ref_NZ_', 'Enterobacteriaceae_bacterium_LSJC7_gi_483282957_ref_NZ_', 'Enterobacteriaceae_bacterium_LSJC7_gi_483283473_ref_NZ_', 'Enterobacteriaceae_bacterium_LSJC7_gi_483283425_ref_NZ_', 'Enterobacteriaceae_bacterium_LSJC7_gi_483282441_ref_NZ_', 'Enterobacteriaceae_bacterium_LSJC7_gi_483282552_ref_NZ_', 'Enterobacteriaceae_bacterium_LSJC7_gi_483283077_ref_NZ_', 'Enterobacteriaceae_bacterium_LSJC7_gi_483282575_ref_NZ_', 'Enterobacteriaceae_bacterium_LSJC7_gi_483283219_ref_NZ_', 'Enterobacteriaceae_bacterium_LSJC7_gi_483282898_ref_NZ_', 'Enterobacteriaceae_bacterium_LSJC7_gi_483283180_ref_NZ_', 'Enterobacteriaceae_bacterium_LSJC7_gi_483282699_ref_NZ_', 'Enterobacteriaceae_bacterium_LSJC7_gi_483282996_ref_NZ_', 'Enterobacteriaceae_bacterium_LSJC7_gi_483282470_ref_NZ_', 'Enterobacteriaceae_bacterium_LSJC7_gi_483283045_ref_NZ_', 'Enterobacteriaceae_bacterium_LSJC7_gi_483282759_ref_NZ_', 'Enterobacteriaceae_bacterium_LSJC7_gi_483283648_ref_NZ_', 'Enterobacteriaceae_bacterium_LSJC7_gi_483283371_ref_NZ_', 'Enterobacteriaceae_bacterium_LSJC7_gi_483282863_ref_NZ_']
	Reference Enterobacteriaceae_bacterium_LSJC7_gi_483283648_ref_NZ_: 1 total alignments. 1 total regions.
		Region: 1 to 566 (566 bp)
			START in gap: 1 to 19 (18 bp)
			Align 1: 19 532 S_S1_C52757 1 514
			END in gap: 532 to 566 (34 bp)

	Reference Enterobacteriaceae_bacterium_LSJC7_gi_483283371_ref_NZ_: 1 total alignments. 1 total regions.
		Region: 1 to 4546 (4546 bp)
			START in gap: 1 to 64 (63 bp)
			Align 1: 64 4541 S_S1_C46568 1 4478
			END in gap: 4541 to 4546 (5 bp)

	Reference Enterobacteriaceae_bacterium_LSJC7_gi_483282863_ref_NZ_: 3 total alignments. 1 total regions.
		Region: 1 to 347125 (347125 bp)
			START in gap: 1 to 27 (26 bp)
			Align 1: 27 71694 S_S1_C52246 1 71668
				Gap between this and next alignment: 71694 to 71723 (28 bp)
				Next Alignment: 71723 160262 S_S1_C12935 1 88540

			Align 2: 71723 160262 S_S1_C12935 1 88540
				Gap between this and next alignment: 160262 to 160265 (2 bp)
				Next Alignment: 160265 347123 S_S1_C25848 1 186859

			Align 3: 160265 347123 S_S1_C25848 1 186859
			END in gap: 347123 to 347125 (2 bp)

Analysis is finished!
Founded SNPs were written into /Molly/gurevich/MetaQUAST/res_final/res_cami_final/runs_per_reference/Enterobacteriaceae_bacterium_LSJC7/contigs_reports/nucmer_output/Gold_Assembly.used_snps

Results:
	Local Misassemblies: 0
	Misassemblies: 0
		Relocations: 0
		Translocations: 0
		Inversions: 0
	Fake misassemblies matched with structural variations: 0
	Misassembled Contigs: 0
	Misassembled Contig Bases: 0
	Misassemblies Inter-Contig Overlap: 0
Uncovered Regions: 0 (0)
Unaligned Contigs: 0 + 0 part
Partially Unaligned Contigs with Misassemblies: 0
Unaligned Contig Bases: 0

Ambiguously Mapped Contigs: 1
Total Bases in Ambiguously Mapped Contigs: 1117
Note that --allow-ambiguity option was set to "one" and only first alignment per each contig was used.

	Covered Bases: 4610012

	SNPs: 0
	Insertions: 0
	Deletions: 0

	Positive Gaps: 76
		Internal Gaps:  0
		External Gaps:  76
		External Gap Total:  1958
		External Gap Average: 26
	Negative Gaps: 0
		Internal Overlaps:  0
		External Overlaps:  0
		External Overlaps Total:  0
		External Overlaps Average: 0
	Contigs with Redundant Alignments: 0 (0)
