Aligning contigs to reference...
	Running Nucmer
Parsing coords...
Loading reference...
	Loaded [Bacteroides_plebeius_gi_223955885_ref_NZ_]
	Loaded [Bacteroides_plebeius_gi_223955886_ref_NZ_]
	Loaded [Bacteroides_plebeius_gi_223955887_ref_NZ_]
	Loaded [Bacteroides_plebeius_gi_223955889_ref_NZ_]
	Loaded [Bacteroides_plebeius_gi_223955890_ref_NZ_]
	Loaded [Bacteroides_plebeius_gi_223955891_ref_NZ_]
	Loaded [Bacteroides_plebeius_gi_223955892_ref_NZ_]
	Loaded [Bacteroides_plebeius_gi_223955893_ref_NZ_]
	Loaded [Bacteroides_plebeius_gi_223955894_ref_NZ_]
	Loaded [Bacteroides_plebeius_gi_223955895_ref_NZ_]
	Loaded [Bacteroides_plebeius_gi_223955896_ref_NZ_]
	Loaded [Bacteroides_plebeius_gi_223955897_ref_NZ_]
	Loaded [Bacteroides_plebeius_gi_223955898_ref_NZ_]
	Loaded [Bacteroides_plebeius_gi_223955899_ref_NZ_]
	Loaded [Bacteroides_plebeius_gi_223955900_ref_NZ_]
	Loaded [Bacteroides_plebeius_gi_223955901_ref_NZ_]
	Loaded [Bacteroides_plebeius_gi_223955902_ref_NZ_]
	Loaded [Bacteroides_plebeius_gi_223955903_ref_NZ_]
	Loaded [Bacteroides_plebeius_gi_320444482_ref_NZ_]
Loading SNPs...
Loading regions...
	No regions given, using whole reference.
	Total Regions: 19
	Total Region Length: 4421924
Analyzing contigs...
CONTIG: scaffold_1467 (7179bp)
Top Length: 6938  Top ID: 98.18
		This contig is partially unaligned. (Aligned 6938 out of 7179 bases)
		Alignment: 83531 90467 | 6938 1 | 6937 6938 | 98.18 | Bacteroides_plebeius_gi_223955902_ref_NZ_ scaffold_1467
		Unaligned bases: 6939 to 7179 (241)

CONTIG: scaffold_2172 (3937bp)
Top Length: 3937  Top ID: 98.37
		One align captures most of this contig: 18246 22176 | 3937 1 | 3931 3937 | 98.37 | Bacteroides_plebeius_gi_223955902_ref_NZ_ scaffold_2172

CONTIG: scaffold_4201 (3733bp)
Top Length: 2628  Top ID: 98.06
		Skipping redundant alignment 68309 70801 | 1050 3539 | 2493 2490 | 98.92 | Bacteroides_plebeius_gi_223955898_ref_NZ_ scaffold_4201
		This contig is partially unaligned. (Aligned 2628 out of 3733 bases)
		Alignment: 365479 368109 | 3672 1045 | 2631 2628 | 98.06 | Bacteroides_plebeius_gi_223955902_ref_NZ_ scaffold_4201
		Unaligned bases: 1 to 1044 (1044)
		Unaligned bases: 3673 to 3733 (61)
		This contig has both significant aligned and unaligned parts (of length >= min-contig)! It can contain interspecies translocations

CONTIG: scaffold_4918 (2161bp)
Top Length: 2161  Top ID: 99.58
		One align captures most of this contig: 5642 7802 | 2161 1 | 2161 2161 | 99.58 | Bacteroides_plebeius_gi_223955902_ref_NZ_ scaffold_4918

CONTIG: scaffold_5613 (1968bp)
Top Length: 1968  Top ID: 99.95
		One align captures most of this contig: 386364 388331 | 1968 1 | 1968 1968 | 99.95 | Bacteroides_plebeius_gi_223955902_ref_NZ_ scaffold_5613

CONTIG: scaffold_6143 (5018bp)
Top Length: 5007  Top ID: 97.69
		One align captures most of this contig: 73351 78368 | 5018 12 | 5018 5007 | 97.69 | Bacteroides_plebeius_gi_223955902_ref_NZ_ scaffold_6143

CONTIG: scaffold_6601 (3568bp)
Top Length: 3568  Top ID: 96.34
		One align captures most of this contig: 374437 378015 | 1 3568 | 3579 3568 | 96.34 | Bacteroides_plebeius_gi_223955902_ref_NZ_ scaffold_6601

CONTIG: scaffold_6942 (1707bp)
Top Length: 1707  Top ID: 99.77
		One align captures most of this contig: 13681 15387 | 1 1707 | 1707 1707 | 99.77 | Bacteroides_plebeius_gi_223955902_ref_NZ_ scaffold_6942

CONTIG: scaffold_8636 (1453bp)
Top Length: 1453  Top ID: 98.9
		One align captures most of this contig: 378100 379551 | 1 1453 | 1452 1453 | 98.9 | Bacteroides_plebeius_gi_223955902_ref_NZ_ scaffold_8636

CONTIG: scaffold_10034 (1296bp)
Top Length: 1296  Top ID: 97.53
		One align captures most of this contig: 379913 381208 | 1296 1 | 1296 1296 | 97.53 | Bacteroides_plebeius_gi_223955902_ref_NZ_ scaffold_10034

CONTIG: scaffold_10143 (1286bp)
Top Length: 1286  Top ID: 98.91
		One align captures most of this contig: 383314 384599 | 1286 1 | 1286 1286 | 98.91 | Bacteroides_plebeius_gi_223955902_ref_NZ_ scaffold_10143

CONTIG: scaffold_10566 (1245bp)
Top Length: 1245  Top ID: 99.52
		One align captures most of this contig: 72043 73287 | 1 1245 | 1245 1245 | 99.52 | Bacteroides_plebeius_gi_223955902_ref_NZ_ scaffold_10566

CONTIG: scaffold_11767 (1147bp)
Top Length: 1147  Top ID: 98.96
		One align captures most of this contig: 384733 385884 | 1 1147 | 1152 1147 | 98.96 | Bacteroides_plebeius_gi_223955902_ref_NZ_ scaffold_11767

CONTIG: scaffold_12112 (1121bp)
Top Length: 1121  Top ID: 98.31
		One align captures most of this contig: 382030 383150 | 1121 1 | 1121 1121 | 98.31 | Bacteroides_plebeius_gi_223955902_ref_NZ_ scaffold_12112

CONTIG: scaffold_28526 (548bp)
Top Length: 548  Top ID: 99.45
		One align captures most of this contig: 71554 72101 | 1 548 | 548 548 | 99.45 | Bacteroides_plebeius_gi_223955902_ref_NZ_ scaffold_28526

CONTIG: scaffold_31270 (853bp)
Top Length: 853  Top ID: 97.89
		One align captures most of this contig: 380988 381837 | 1 853 | 850 853 | 97.89 | Bacteroides_plebeius_gi_223955902_ref_NZ_ scaffold_31270

CONTIG: scaffold_381 (20353bp)
Top Length: 14544  Top ID: 97.02
		This contig is misassembled. 3 total aligns.
			Real Alignment 1: 98626 98783 | 158 1 | 158 158 | 98.73 | Bacteroides_plebeius_gi_223955900_ref_NZ_ scaffold_381
			  Gap between these two alignments (local misassembly). Inconsistency = 600 
			Real Alignment 2: 93248 98000 | 4933 184 | 4753 4750 | 96.34 | Bacteroides_plebeius_gi_223955900_ref_NZ_ scaffold_381
			  Gap between these two alignments (local misassembly). Inconsistency = 176 
			Real Alignment 3: 77653 92195 | 20353 5810 | 14543 14544 | 97.02 | Bacteroides_plebeius_gi_223955900_ref_NZ_ scaffold_381
		This contig has significant unaligned parts (of length >= min-contig)! It can contain interspecies translocations

CONTIG: scaffold_7767 (1573bp)
Top Length: 1573  Top ID: 99.68
		One align captures most of this contig: 139055 140626 | 1 1573 | 1572 1573 | 99.68 | Bacteroides_plebeius_gi_223955900_ref_NZ_ scaffold_7767

CONTIG: scaffold_18838 (791bp)
Top Length: 414  Top ID: 95.9
		This contig is partially unaligned. (Aligned 414 out of 791 bases)
		Alignment: 98685 99097 | 791 378 | 413 414 | 95.9 | Bacteroides_plebeius_gi_223955900_ref_NZ_ scaffold_18838
		Unaligned bases: 1 to 377 (377)

CONTIG: scaffold_25719 (619bp)
Top Length: 619  Top ID: 98.06
		One align captures most of this contig: 99784 100401 | 619 1 | 618 619 | 98.06 | Bacteroides_plebeius_gi_223955900_ref_NZ_ scaffold_25719

CONTIG: scaffold_30175 (508bp)
Top Length: 281  Top ID: 96.45
		This contig is partially unaligned. (Aligned 281 out of 508 bases)
		Alignment: 99602 99882 | 228 508 | 281 281 | 96.45 | Bacteroides_plebeius_gi_223955900_ref_NZ_ scaffold_30175
		Unaligned bases: 1 to 227 (227)

CONTIG: scaffold_376 (27741bp)
Top Length: 111  Top ID: 97.3
			Skipping redundant alignments after choosing the best set of alignments
		Skipping redundant alignment 335701 335811 | 27631 27741 | 111 111 | 97.3 | Bacteroides_plebeius_gi_223955902_ref_NZ_ scaffold_376
		This contig is partially unaligned. (Aligned 111 out of 27741 bases)
		Alignment: 570798 570908 | 27741 27631 | 111 111 | 97.3 | Bacteroides_plebeius_gi_223955887_ref_NZ_ scaffold_376
		Unaligned bases: 1 to 27630 (27630)

CONTIG: scaffold_481 (24894bp)
Top Length: 13701  Top ID: 98.78
		This contig is misassembled. 2 total aligns.
			Real Alignment 1: 508301 509437 | 1 1137 | 1137 1137 | 98.07 | Bacteroides_plebeius_gi_223955887_ref_NZ_ scaffold_481
			  Extensive misassembly ( relocation, inconsistency = -10065 ) between these two alignments
			Real Alignment 2: 509429 523129 | 11194 24894 | 13701 13701 | 98.78 | Bacteroides_plebeius_gi_223955887_ref_NZ_ scaffold_481
		This contig has significant unaligned parts (of length >= min-contig)! It can contain interspecies translocations

CONTIG: scaffold_2637 (6808bp)
Top Length: 99  Top ID: 98.99
		This contig is partially unaligned. (Aligned 99 out of 6808 bases)
		Alignment: 508118 508216 | 6710 6808 | 99 99 | 98.99 | Bacteroides_plebeius_gi_223955887_ref_NZ_ scaffold_2637
		Unaligned bases: 1 to 6709 (6709)

CONTIG: scaffold_36 (65305bp)
Top Length: 15106  Top ID: 97.64
		This contig is misassembled. 3 total aligns.
			Warning! This contig is more unaligned than misassembled. Contig length is 65305 and total length of all aligns is 20950
		Alignment: 130176 132774 | 16588 13993 | 2599 2596 | 97.19 | Bacteroides_plebeius_gi_223955899_ref_NZ_ scaffold_36
		Alignment: 126902 130148 | 20017 16770 | 3247 3248 | 96.8 | Bacteroides_plebeius_gi_223955899_ref_NZ_ scaffold_36
		Alignment: 100511 115666 | 65305 50200 | 15156 15106 | 97.64 | Bacteroides_plebeius_gi_223955899_ref_NZ_ scaffold_36
		Unaligned bases: 44355
		This contig has both significant aligned and unaligned parts (of length >= min-contig)! It can contain interspecies translocations
CONTIG: scaffold_12439 (1099bp)
Top Length: 1099  Top ID: 99.91
		This contig has 2 significant alignments. [An ambiguously mapped contig]
		Using only first of these alignment (option --ambiguity-usage is set to "one"):
		Alignment: 180578 181676 | 1099 1 | 1099 1099 | 99.91 | Bacteroides_plebeius_gi_223955895_ref_NZ_ scaffold_12439
		Skipping alignment  94594 95692 | 1099 1 | 1099 1099 | 99.82 | Bacteroides_plebeius_gi_223955903_ref_NZ_ scaffold_12439

CONTIG: scaffold_14710 (959bp)
Top Length: 959  Top ID: 99.17
		This contig has 2 significant alignments. [An ambiguously mapped contig]
		Using only first of these alignment (option --ambiguity-usage is set to "one"):
		Alignment: 183133 184091 | 1 959 | 959 959 | 99.17 | Bacteroides_plebeius_gi_223955895_ref_NZ_ scaffold_14710
		Skipping alignment  97149 98107 | 1 959 | 959 959 | 99.06 | Bacteroides_plebeius_gi_223955903_ref_NZ_ scaffold_14710

CONTIG: scaffold_17464 (837bp)
Top Length: 837  Top ID: 99.88
		This contig has 2 significant alignments. [An ambiguously mapped contig]
		Using only first of these alignment (option --ambiguity-usage is set to "one"):
		Alignment: 182333 183169 | 1 837 | 837 837 | 99.88 | Bacteroides_plebeius_gi_223955895_ref_NZ_ scaffold_17464
		Skipping alignment  96349 97185 | 1 837 | 837 837 | 99.88 | Bacteroides_plebeius_gi_223955903_ref_NZ_ scaffold_17464

CONTIG: scaffold_21045 (725bp)
Top Length: 725  Top ID: 99.72
		One align captures most of this contig: 83621 84345 | 725 1 | 725 725 | 99.72 | Bacteroides_plebeius_gi_223955903_ref_NZ_ scaffold_21045

CONTIG: scaffold_25794 (617bp)
Top Length: 617  Top ID: 99.68
		One align captures most of this contig: 115053 115669 | 1 617 | 617 617 | 99.68 | Bacteroides_plebeius_gi_223955903_ref_NZ_ scaffold_25794

CONTIG: scaffold_9315 (1374bp)
Top Length: 1374  Top ID: 99.93
		One align captures most of this contig: 186806 188179 | 1374 1 | 1374 1374 | 99.93 | Bacteroides_plebeius_gi_223955895_ref_NZ_ scaffold_9315

CONTIG: scaffold_19121 (783bp)
Top Length: 783  Top ID: 99.87
		Marking as insignificant: 92233 92342 | 110 1 | 110 110 | 100.0 | Bacteroides_plebeius_gi_223955903_ref_NZ_ scaffold_19121
		One align captures most of this contig: 177544 178326 | 783 1 | 783 783 | 99.87 | Bacteroides_plebeius_gi_223955895_ref_NZ_ scaffold_19121

Analyzing coverage...
Writing SNPs into /Molly/gurevich/MetaQUAST/res_final/res_metahit_final/runs_per_reference/Bacteroides_plebeius/contigs_reports/nucmer_output/IDBA_UD.used_snps
	Reference Bacteroides_plebeius_gi_223955903_ref_NZ_: 2 total alignments. 1 total regions.
		Region: 1 to 153719 (153719 bp)
			START in gap: 1 to 83621 (83620 bp)
			Align 1: 83621 84345 scaffold_21045 725 1
				Gap between this and next alignment: 84345 to 115053 (30707 bp)
				Next Alignment: 115053 115669 scaffold_25794 1 617

			Align 2: 115053 115669 scaffold_25794 1 617
			END in gap: 115669 to 153719 (38050 bp)

ERROR: Reference Bacteroides_plebeius_gi_223955896_ref_NZ_ does not have any alignments!  Check that this is the same file used for alignment.
ERROR: Alignment Reference Headers: ['Bacteroides_plebeius_gi_223955903_ref_NZ_', 'Bacteroides_plebeius_gi_223955887_ref_NZ_', 'Bacteroides_plebeius_gi_223955900_ref_NZ_', 'Bacteroides_plebeius_gi_223955902_ref_NZ_', 'Bacteroides_plebeius_gi_223955899_ref_NZ_', 'Bacteroides_plebeius_gi_223955895_ref_NZ_']
ERROR: Reference Bacteroides_plebeius_gi_223955886_ref_NZ_ does not have any alignments!  Check that this is the same file used for alignment.
ERROR: Alignment Reference Headers: ['Bacteroides_plebeius_gi_223955903_ref_NZ_', 'Bacteroides_plebeius_gi_223955887_ref_NZ_', 'Bacteroides_plebeius_gi_223955900_ref_NZ_', 'Bacteroides_plebeius_gi_223955902_ref_NZ_', 'Bacteroides_plebeius_gi_223955899_ref_NZ_', 'Bacteroides_plebeius_gi_223955895_ref_NZ_']
	Reference Bacteroides_plebeius_gi_223955887_ref_NZ_: 4 total alignments. 1 total regions.
		Region: 1 to 571288 (571288 bp)
			START in gap: 1 to 508118 (508117 bp)
			Align 1: 508118 508216 scaffold_2637 6710 6808
				Gap between this and next alignment: 508216 to 508301 (84 bp)
				Next Alignment: 508301 509437 scaffold_481 1 1137

			Align 2: 508301 509437 scaffold_481 1 1137
				Negative gap (overlap) between this and next alignment: 509437 to 509429 (-8 bp)
				Next Alignment: 509429 523129 scaffold_481 11194 24894

			Previous gap was negative, modifying coordinates to ignore overlap
				Moving contig start from 11194 to 11203.
			Align 3: 509438 523129 scaffold_481 11203 24894
				Gap between this and next alignment: 523129 to 570798 (47668 bp)
				Next Alignment: 570798 570908 scaffold_376 27741 27631

			Align 4: 570798 570908 scaffold_376 27741 27631
			END in gap: 570908 to 571288 (380 bp)

ERROR: Reference Bacteroides_plebeius_gi_223955893_ref_NZ_ does not have any alignments!  Check that this is the same file used for alignment.
ERROR: Alignment Reference Headers: ['Bacteroides_plebeius_gi_223955903_ref_NZ_', 'Bacteroides_plebeius_gi_223955887_ref_NZ_', 'Bacteroides_plebeius_gi_223955900_ref_NZ_', 'Bacteroides_plebeius_gi_223955902_ref_NZ_', 'Bacteroides_plebeius_gi_223955899_ref_NZ_', 'Bacteroides_plebeius_gi_223955895_ref_NZ_']
ERROR: Reference Bacteroides_plebeius_gi_223955892_ref_NZ_ does not have any alignments!  Check that this is the same file used for alignment.
ERROR: Alignment Reference Headers: ['Bacteroides_plebeius_gi_223955903_ref_NZ_', 'Bacteroides_plebeius_gi_223955887_ref_NZ_', 'Bacteroides_plebeius_gi_223955900_ref_NZ_', 'Bacteroides_plebeius_gi_223955902_ref_NZ_', 'Bacteroides_plebeius_gi_223955899_ref_NZ_', 'Bacteroides_plebeius_gi_223955895_ref_NZ_']
ERROR: Reference Bacteroides_plebeius_gi_223955894_ref_NZ_ does not have any alignments!  Check that this is the same file used for alignment.
ERROR: Alignment Reference Headers: ['Bacteroides_plebeius_gi_223955903_ref_NZ_', 'Bacteroides_plebeius_gi_223955887_ref_NZ_', 'Bacteroides_plebeius_gi_223955900_ref_NZ_', 'Bacteroides_plebeius_gi_223955902_ref_NZ_', 'Bacteroides_plebeius_gi_223955899_ref_NZ_', 'Bacteroides_plebeius_gi_223955895_ref_NZ_']
	Reference Bacteroides_plebeius_gi_223955900_ref_NZ_: 7 total alignments. 1 total regions.
		Region: 1 to 148376 (148376 bp)
			START in gap: 1 to 77653 (77652 bp)
			Align 1: 77653 92195 scaffold_381 20353 5810
				Gap between this and next alignment: 92195 to 93248 (1052 bp)
				Next Alignment: 93248 98000 scaffold_381 4933 184

			Align 2: 93248 98000 scaffold_381 4933 184
				Gap between this and next alignment: 98000 to 98626 (625 bp)
				Next Alignment: 98626 98783 scaffold_381 158 1

			Align 3: 98626 98783 scaffold_381 158 1
				Negative gap (overlap) between this and next alignment: 98783 to 98685 (-98 bp)
				Next Alignment: 98685 99097 scaffold_18838 791 378

			Previous gap was negative, modifying coordinates to ignore overlap
				Moving contig start from 791 to 692.
			Align 4: 98784 99097 scaffold_18838 692 378
				Gap between this and next alignment: 99097 to 99602 (504 bp)
				Next Alignment: 99602 99882 scaffold_30175 228 508

			Align 5: 99602 99882 scaffold_30175 228 508
				Negative gap (overlap) between this and next alignment: 99882 to 99784 (-98 bp)
				Next Alignment: 99784 100401 scaffold_25719 619 1

			Previous gap was negative, modifying coordinates to ignore overlap
				Moving contig start from 619 to 520.
			Align 6: 99883 100401 scaffold_25719 520 1
				Gap between this and next alignment: 100401 to 139055 (38653 bp)
				Next Alignment: 139055 140626 scaffold_7767 1 1573

			Align 7: 139055 140626 scaffold_7767 1 1573
			END in gap: 140626 to 148376 (7750 bp)

ERROR: Reference Bacteroides_plebeius_gi_223955885_ref_NZ_ does not have any alignments!  Check that this is the same file used for alignment.
ERROR: Alignment Reference Headers: ['Bacteroides_plebeius_gi_223955903_ref_NZ_', 'Bacteroides_plebeius_gi_223955887_ref_NZ_', 'Bacteroides_plebeius_gi_223955900_ref_NZ_', 'Bacteroides_plebeius_gi_223955902_ref_NZ_', 'Bacteroides_plebeius_gi_223955899_ref_NZ_', 'Bacteroides_plebeius_gi_223955895_ref_NZ_']
	Reference Bacteroides_plebeius_gi_223955902_ref_NZ_: 16 total alignments. 1 total regions.
		Region: 1 to 722256 (722256 bp)
			START in gap: 1 to 5642 (5641 bp)
			Align 1: 5642 7802 scaffold_4918 2161 1
				Gap between this and next alignment: 7802 to 13681 (5878 bp)
				Next Alignment: 13681 15387 scaffold_6942 1 1707

			Align 2: 13681 15387 scaffold_6942 1 1707
				Gap between this and next alignment: 15387 to 18246 (2858 bp)
				Next Alignment: 18246 22176 scaffold_2172 3937 1

			Align 3: 18246 22176 scaffold_2172 3937 1
				Gap between this and next alignment: 22176 to 71554 (49377 bp)
				Next Alignment: 71554 72101 scaffold_28526 1 548

			Align 4: 71554 72101 scaffold_28526 1 548
				Negative gap (overlap) between this and next alignment: 72101 to 72043 (-58 bp)
				Next Alignment: 72043 73287 scaffold_10566 1 1245

			Previous gap was negative, modifying coordinates to ignore overlap
				Moving contig start from 1 to 60.
			Align 5: 72102 73287 scaffold_10566 60 1245
				Gap between this and next alignment: 73287 to 73351 (63 bp)
				Next Alignment: 73351 78368 scaffold_6143 5018 12

			Align 6: 73351 78368 scaffold_6143 5018 12
				Gap between this and next alignment: 78368 to 83531 (5162 bp)
				Next Alignment: 83531 90467 scaffold_1467 6938 1

			Align 7: 83531 90467 scaffold_1467 6938 1
				Gap between this and next alignment: 90467 to 365479 (275011 bp)
				Next Alignment: 365479 368109 scaffold_4201 3672 1045

			Align 8: 365479 368109 scaffold_4201 3672 1045
				Gap between this and next alignment: 368109 to 374437 (6327 bp)
				Next Alignment: 374437 378015 scaffold_6601 1 3568

			Align 9: 374437 378015 scaffold_6601 1 3568
				Gap between this and next alignment: 378015 to 378100 (84 bp)
				Next Alignment: 378100 379551 scaffold_8636 1 1453

			Align 10: 378100 379551 scaffold_8636 1 1453
				Gap between this and next alignment: 379551 to 379913 (361 bp)
				Next Alignment: 379913 381208 scaffold_10034 1296 1

			Align 11: 379913 381208 scaffold_10034 1296 1
				Negative gap (overlap) between this and next alignment: 381208 to 380988 (-220 bp)
				Next Alignment: 380988 381837 scaffold_31270 1 853

			Previous gap was negative, modifying coordinates to ignore overlap
				Moving contig start from 1 to 222.
			Align 12: 381209 381837 scaffold_31270 222 853
				Gap between this and next alignment: 381837 to 382030 (192 bp)
				Next Alignment: 382030 383150 scaffold_12112 1121 1

			Align 13: 382030 383150 scaffold_12112 1121 1
				Gap between this and next alignment: 383150 to 383314 (163 bp)
				Next Alignment: 383314 384599 scaffold_10143 1286 1

			Align 14: 383314 384599 scaffold_10143 1286 1
				Gap between this and next alignment: 384599 to 384733 (133 bp)
				Next Alignment: 384733 385884 scaffold_11767 1 1147

			Align 15: 384733 385884 scaffold_11767 1 1147
				Gap between this and next alignment: 385884 to 386364 (479 bp)
				Next Alignment: 386364 388331 scaffold_5613 1968 1

			Align 16: 386364 388331 scaffold_5613 1968 1
			END in gap: 388331 to 722256 (333925 bp)

ERROR: Reference Bacteroides_plebeius_gi_223955897_ref_NZ_ does not have any alignments!  Check that this is the same file used for alignment.
ERROR: Alignment Reference Headers: ['Bacteroides_plebeius_gi_223955903_ref_NZ_', 'Bacteroides_plebeius_gi_223955887_ref_NZ_', 'Bacteroides_plebeius_gi_223955900_ref_NZ_', 'Bacteroides_plebeius_gi_223955902_ref_NZ_', 'Bacteroides_plebeius_gi_223955899_ref_NZ_', 'Bacteroides_plebeius_gi_223955895_ref_NZ_']
ERROR: Reference Bacteroides_plebeius_gi_223955889_ref_NZ_ does not have any alignments!  Check that this is the same file used for alignment.
ERROR: Alignment Reference Headers: ['Bacteroides_plebeius_gi_223955903_ref_NZ_', 'Bacteroides_plebeius_gi_223955887_ref_NZ_', 'Bacteroides_plebeius_gi_223955900_ref_NZ_', 'Bacteroides_plebeius_gi_223955902_ref_NZ_', 'Bacteroides_plebeius_gi_223955899_ref_NZ_', 'Bacteroides_plebeius_gi_223955895_ref_NZ_']
	Reference Bacteroides_plebeius_gi_223955899_ref_NZ_: 3 total alignments. 1 total regions.
		Region: 1 to 192302 (192302 bp)
			START in gap: 1 to 100511 (100510 bp)
			Align 1: 100511 115666 scaffold_36 65305 50200
				Gap between this and next alignment: 115666 to 126902 (11235 bp)
				Next Alignment: 126902 130148 scaffold_36 20017 16770

			Align 2: 126902 130148 scaffold_36 20017 16770
				Gap between this and next alignment: 130148 to 130176 (27 bp)
				Next Alignment: 130176 132774 scaffold_36 16588 13993

			Align 3: 130176 132774 scaffold_36 16588 13993
			END in gap: 132774 to 192302 (59528 bp)

ERROR: Reference Bacteroides_plebeius_gi_223955898_ref_NZ_ does not have any alignments!  Check that this is the same file used for alignment.
ERROR: Alignment Reference Headers: ['Bacteroides_plebeius_gi_223955903_ref_NZ_', 'Bacteroides_plebeius_gi_223955887_ref_NZ_', 'Bacteroides_plebeius_gi_223955900_ref_NZ_', 'Bacteroides_plebeius_gi_223955902_ref_NZ_', 'Bacteroides_plebeius_gi_223955899_ref_NZ_', 'Bacteroides_plebeius_gi_223955895_ref_NZ_']
	Reference Bacteroides_plebeius_gi_223955895_ref_NZ_: 5 total alignments. 1 total regions.
		Region: 1 to 206893 (206893 bp)
			START in gap: 1 to 177544 (177543 bp)
			Align 1: 177544 178326 scaffold_19121 783 1
				Gap between this and next alignment: 178326 to 180578 (2251 bp)
				Next Alignment: 180578 181676 scaffold_12439 1099 1

			Align 2: 180578 181676 scaffold_12439 1099 1
				Gap between this and next alignment: 181676 to 182333 (656 bp)
				Next Alignment: 182333 183169 scaffold_17464 1 837

			Align 3: 182333 183169 scaffold_17464 1 837
				Negative gap (overlap) between this and next alignment: 183169 to 183133 (-36 bp)
				Next Alignment: 183133 184091 scaffold_14710 1 959

			Previous gap was negative, modifying coordinates to ignore overlap
				Moving contig start from 1 to 38.
			Align 4: 183170 184091 scaffold_14710 38 959
				Gap between this and next alignment: 184091 to 186806 (2714 bp)
				Next Alignment: 186806 188179 scaffold_9315 1374 1

			Align 5: 186806 188179 scaffold_9315 1374 1
			END in gap: 188179 to 206893 (18714 bp)

ERROR: Reference Bacteroides_plebeius_gi_223955890_ref_NZ_ does not have any alignments!  Check that this is the same file used for alignment.
ERROR: Alignment Reference Headers: ['Bacteroides_plebeius_gi_223955903_ref_NZ_', 'Bacteroides_plebeius_gi_223955887_ref_NZ_', 'Bacteroides_plebeius_gi_223955900_ref_NZ_', 'Bacteroides_plebeius_gi_223955902_ref_NZ_', 'Bacteroides_plebeius_gi_223955899_ref_NZ_', 'Bacteroides_plebeius_gi_223955895_ref_NZ_']
ERROR: Reference Bacteroides_plebeius_gi_223955901_ref_NZ_ does not have any alignments!  Check that this is the same file used for alignment.
ERROR: Alignment Reference Headers: ['Bacteroides_plebeius_gi_223955903_ref_NZ_', 'Bacteroides_plebeius_gi_223955887_ref_NZ_', 'Bacteroides_plebeius_gi_223955900_ref_NZ_', 'Bacteroides_plebeius_gi_223955902_ref_NZ_', 'Bacteroides_plebeius_gi_223955899_ref_NZ_', 'Bacteroides_plebeius_gi_223955895_ref_NZ_']
ERROR: Reference Bacteroides_plebeius_gi_223955891_ref_NZ_ does not have any alignments!  Check that this is the same file used for alignment.
ERROR: Alignment Reference Headers: ['Bacteroides_plebeius_gi_223955903_ref_NZ_', 'Bacteroides_plebeius_gi_223955887_ref_NZ_', 'Bacteroides_plebeius_gi_223955900_ref_NZ_', 'Bacteroides_plebeius_gi_223955902_ref_NZ_', 'Bacteroides_plebeius_gi_223955899_ref_NZ_', 'Bacteroides_plebeius_gi_223955895_ref_NZ_']
ERROR: Reference Bacteroides_plebeius_gi_320444482_ref_NZ_ does not have any alignments!  Check that this is the same file used for alignment.
ERROR: Alignment Reference Headers: ['Bacteroides_plebeius_gi_223955903_ref_NZ_', 'Bacteroides_plebeius_gi_223955887_ref_NZ_', 'Bacteroides_plebeius_gi_223955900_ref_NZ_', 'Bacteroides_plebeius_gi_223955902_ref_NZ_', 'Bacteroides_plebeius_gi_223955899_ref_NZ_', 'Bacteroides_plebeius_gi_223955895_ref_NZ_']
Analysis is finished!
Founded SNPs were written into /Molly/gurevich/MetaQUAST/res_final/res_metahit_final/runs_per_reference/Bacteroides_plebeius/contigs_reports/nucmer_output/IDBA_UD.used_snps

Results:
	Local Misassemblies: 2
	Misassemblies: 1
		Relocations: 1
		Translocations: 0
		Inversions: 0
	Fake misassemblies matched with structural variations: 0
	Misassembled Contigs: 1
	Misassembled Contig Bases: 24894
	Misassemblies Inter-Contig Overlap: 0
Uncovered Regions: 0 (0)
Unaligned Contigs: 0 + 7 part
Partially Unaligned Contigs with Misassemblies: 1
Unaligned Contig Bases: 80644

Ambiguously Mapped Contigs: 3
Total Bases in Ambiguously Mapped Contigs: 2895
Note that --allow-ambiguity option was set to "one" and only first alignment per each contig was used.

	Covered Bases: 101140

	SNPs: 1779
	Insertions: 32
	Deletions: 102

	Positive Gaps: 37
		Internal Gaps:  4
		External Gaps:  33
		External Gap Total:  1880755
		External Gap Average: 56993
	Negative Gaps: 6
		Internal Overlaps:  1
		External Overlaps:  5
		External Overlaps Total: -510
		External Overlaps Average: -102
	Contigs with Redundant Alignments: 0 (0)
