/home/gurevich/rep/quast/quast.pyc -t 16 -j  --meta  --bed-file /Molly/gurevich/MetaQUAST/res_final/res_cami_final/combined_reference/structural_variations/combined_reference.bed --no-check-meta  --contig-thresholds 1000,5000,10000,25000,50000 -R /Molly/gurevich/MetaQUAST/res_final/res_cami_final/quast_corrected_input/Rhodobacter_sp_AKP1.fasta -o /Molly/gurevich/MetaQUAST/res_final/res_cami_final/runs_per_reference/Rhodobacter_sp_AKP1 --labels "Gold_Assembly, IDBA_UD, SOAPdenovo2, SPAdes" /Molly/gurevich/MetaQUAST/res_final/res_cami_final/quast_corrected_input/Gold_Assembly_to_Rhodobacter_sp_AKP1.fasta /Molly/gurevich/MetaQUAST/res_final/res_cami_final/quast_corrected_input/IDBA_UD_to_Rhodobacter_sp_AKP1.fasta /Molly/gurevich/MetaQUAST/res_final/res_cami_final/quast_corrected_input/SOAPdenovo2_to_Rhodobacter_sp_AKP1.fasta /Molly/gurevich/MetaQUAST/res_final/res_cami_final/quast_corrected_input/SPAdes_to_Rhodobacter_sp_AKP1.fasta

Started: 2015-11-09 19:52:36

Logging to /Molly/gurevich/MetaQUAST/res_final/res_cami_final/runs_per_reference/Rhodobacter_sp_AKP1/quast.log

NOTICE: Output directory already exists. Existing Nucmer alignments can be used.

Reference:
  /Molly/gurevich/MetaQUAST/res_final/res_cami_final/quast_corrected_input/Rhodobacter_sp_AKP1.fasta ==> Rhodobacter_sp_AKP1

Contigs:
  1  /Molly/gurevich/MetaQUAST/res_final/res_cami_final/quast_corrected_input/Gold_Assembly_to_Rhodobacter_sp_AKP1.fasta ==> Gold_Assembly
  2  /Molly/gurevich/MetaQUAST/res_final/res_cami_final/quast_corrected_input/IDBA_UD_to_Rhodobacter_sp_AKP1.fasta ==> IDBA_UD
  3  /Molly/gurevich/MetaQUAST/res_final/res_cami_final/quast_corrected_input/SOAPdenovo2_to_Rhodobacter_sp_AKP1.fasta ==> SOAPdenovo2
  4  /Molly/gurevich/MetaQUAST/res_final/res_cami_final/quast_corrected_input/SPAdes_to_Rhodobacter_sp_AKP1.fasta ==> SPAdes

2015-11-09 19:52:37
Running Basic statistics processor...
  Reference genome:
    Rhodobacter_sp_AKP1.fasta, Reference length = 4675770, Reference GC % = 68.94
  Contig files: 
    1  Gold_Assembly
    2  IDBA_UD
    3  SOAPdenovo2
    4  SPAdes
  Calculating N50 and L50...
    1  Gold_Assembly, N50 = 870, L50 = 616, Total length = 1516561, GC % = 69.37, # N's per 100 kbp =  0.00
    2  IDBA_UD, N50 = 773, L50 = 146, Total length = 403578, GC % = 67.81, # N's per 100 kbp =  0.00
    3  SOAPdenovo2, N50 = 579, L50 = 12, Total length = 15719, GC % = 66.83, # N's per 100 kbp =  38.17
    4  SPAdes, N50 = 833, L50 = 117, Total length = 615390, GC % = 68.76, # N's per 100 kbp =  0.00
  Drawing Nx plot...
    saved to /Molly/gurevich/MetaQUAST/res_final/res_cami_final/runs_per_reference/Rhodobacter_sp_AKP1/basic_stats/Nx_plot.pdf
  Drawing NGx plot...
    saved to /Molly/gurevich/MetaQUAST/res_final/res_cami_final/runs_per_reference/Rhodobacter_sp_AKP1/basic_stats/NGx_plot.pdf
  Drawing cumulative plot...
    saved to /Molly/gurevich/MetaQUAST/res_final/res_cami_final/runs_per_reference/Rhodobacter_sp_AKP1/basic_stats/cumulative_plot.pdf
  Drawing GC content plot...
    saved to /Molly/gurevich/MetaQUAST/res_final/res_cami_final/runs_per_reference/Rhodobacter_sp_AKP1/basic_stats/GC_content_plot.pdf
Done.

2015-11-09 19:52:40
Running Contig analyzer...
  1  Gold_Assembly
  3  SOAPdenovo2
  4  SPAdes
  3  Logging to files /Molly/gurevich/MetaQUAST/res_final/res_cami_final/runs_per_reference/Rhodobacter_sp_AKP1/contigs_reports/contigs_report_SOAPdenovo2.stdout and contigs_report_SOAPdenovo2.stderr...
  3  Using existing Nucmer alignments... 
  2  Logging to files /Molly/gurevich/MetaQUAST/res_final/res_cami_final/runs_per_reference/Rhodobacter_sp_AKP1/contigs_reports/contigs_report_IDBA_UD.stdout and contigs_report_IDBA_UD.stderr...
  2  Using existing Nucmer alignments... 
  4  Logging to files /Molly/gurevich/MetaQUAST/res_final/res_cami_final/runs_per_reference/Rhodobacter_sp_AKP1/contigs_reports/contigs_report_SPAdes.stdout and contigs_report_SPAdes.stderr...
  4  Using existing Nucmer alignments... 
  1  Logging to files /Molly/gurevich/MetaQUAST/res_final/res_cami_final/runs_per_reference/Rhodobacter_sp_AKP1/contigs_reports/contigs_report_Gold_Assembly.stdout and contigs_report_Gold_Assembly.stderr...
  1  Using existing Nucmer alignments... 
  3  Alignments: runs_per_reference/Rhodobacter_sp_AKP1/contigs_reports/alignments_SOAPdenovo2.tsv
  3  Analysis is finished.

  2  Alignments: runs_per_reference/Rhodobacter_sp_AKP1/contigs_reports/alignments_IDBA_UD.tsv
  2  Analysis is finished.

  4  Alignments: runs_per_reference/Rhodobacter_sp_AKP1/contigs_reports/alignments_SPAdes.tsv
  4  Analysis is finished.

  1  Alignments: runs_per_reference/Rhodobacter_sp_AKP1/contigs_reports/alignments_Gold_Assembly.tsv
  1  Analysis is finished.

  Creating total report...
    saved to /Molly/gurevich/MetaQUAST/res_final/res_cami_final/runs_per_reference/Rhodobacter_sp_AKP1/contigs_reports/misassemblies_report.txt, misassemblies_report.tsv, and misassemblies_report.tex
  Transposed version of total report...
    saved to /Molly/gurevich/MetaQUAST/res_final/res_cami_final/runs_per_reference/Rhodobacter_sp_AKP1/contigs_reports/transposed_report_misassemblies.txt, transposed_report_misassemblies.tsv, and transposed_report_misassemblies.tex
  Creating total report...
    saved to /Molly/gurevich/MetaQUAST/res_final/res_cami_final/runs_per_reference/Rhodobacter_sp_AKP1/contigs_reports/unaligned_report.txt, unaligned_report.tsv, and unaligned_report.tex
  Drawing misassemblies by types plot...
    saved to /Molly/gurevich/MetaQUAST/res_final/res_cami_final/runs_per_reference/Rhodobacter_sp_AKP1/contigs_reports/misassemblies_plot.pdf
Done.

2015-11-09 19:52:43
Running NA-NGA calculation...
  1  Gold_Assembly, Largest alignment = 3535, NA50 = 859, LA50 = 625
  2  IDBA_UD, Largest alignment = 1275, NA50 = 525, LA50 = 301
  3  SOAPdenovo2, Largest alignment = 1067, NA50 = 576, LA50 = 12
  4  SPAdes, Largest alignment = 1594, NA50 = 472, LA50 = 484
  Drawing cumulative plot...
    saved to /Molly/gurevich/MetaQUAST/res_final/res_cami_final/runs_per_reference/Rhodobacter_sp_AKP1/aligned_stats/cumulative_plot.pdf
  Drawing NAx plot...
    saved to /Molly/gurevich/MetaQUAST/res_final/res_cami_final/runs_per_reference/Rhodobacter_sp_AKP1/aligned_stats/NAx_plot.pdf
  Drawing NGAx plot...
    saved to /Molly/gurevich/MetaQUAST/res_final/res_cami_final/runs_per_reference/Rhodobacter_sp_AKP1/aligned_stats/NGAx_plot.pdf
Done.

2015-11-09 19:52:45
Running Genome analyzer...
  NOTICE: No file with genes provided. Use the -G option if you want to specify it.
  NOTICE: No file with operons provided. Use the -O option if you want to specify it.
  1  Gold_Assembly
  2  IDBA_UD
  3  SOAPdenovo2
  4  SPAdes
  3  Analysis is finished.
  2  Analysis is finished.
  4  Analysis is finished.
  1  Analysis is finished.
  Drawing Genome fraction, % histogram...
    saved to /Molly/gurevich/MetaQUAST/res_final/res_cami_final/runs_per_reference/Rhodobacter_sp_AKP1/genome_stats/genome_fraction_histogram.pdf
Done.

NOTICE: Genes are not predicted by default. Use --gene-finding option to enable it.

2015-11-09 19:52:47
Drawing large plots...
This may take a while: press Ctrl-C to skip this step..
  1 of 2: Creating contig alignment plot...
  2 of 2: Creating PDF with all tables and plots...
Done

2015-11-09 19:53:02
RESULTS:
  Text versions of total report are saved to /Molly/gurevich/MetaQUAST/res_final/res_cami_final/runs_per_reference/Rhodobacter_sp_AKP1/report.txt, report.tsv, and report.tex
  Text versions of transposed total report are saved to /Molly/gurevich/MetaQUAST/res_final/res_cami_final/runs_per_reference/Rhodobacter_sp_AKP1/transposed_report.txt, transposed_report.tsv, and transposed_report.tex
  HTML version (interactive tables and plots) saved to /Molly/gurevich/MetaQUAST/res_final/res_cami_final/runs_per_reference/Rhodobacter_sp_AKP1/report.html
  PDF version (tables and plots) saved to /Molly/gurevich/MetaQUAST/res_final/res_cami_final/runs_per_reference/Rhodobacter_sp_AKP1/report.pdf
  Contig alignment plot: /Molly/gurevich/MetaQUAST/res_final/res_cami_final/runs_per_reference/Rhodobacter_sp_AKP1/alignment.svg
