/home/gurevich/rep/quast/quast.pyc -t 16 -j  --meta  --bed-file /Molly/gurevich/MetaQUAST/res_final/res_metahit_final/combined_reference/structural_variations/combined_reference.bed --no-check-meta  --contig-thresholds 1000,5000,10000,25000,50000 -R /Molly/gurevich/MetaQUAST/res_final/res_metahit_final/quast_corrected_input/Blautia_hansenii.fasta -o /Molly/gurevich/MetaQUAST/res_final/res_metahit_final/runs_per_reference/Blautia_hansenii --labels "IDBA_UD, Ray, SOAPdenovo2, SPAdes" /Molly/gurevich/MetaQUAST/res_final/res_metahit_final/quast_corrected_input/IDBA_UD_to_Blautia_hansenii.fasta /Molly/gurevich/MetaQUAST/res_final/res_metahit_final/quast_corrected_input/Ray_to_Blautia_hansenii.fasta /Molly/gurevich/MetaQUAST/res_final/res_metahit_final/quast_corrected_input/SOAPdenovo2_to_Blautia_hansenii.fasta /Molly/gurevich/MetaQUAST/res_final/res_metahit_final/quast_corrected_input/SPAdes_to_Blautia_hansenii.fasta

Started: 2015-11-09 20:23:24

Logging to /Molly/gurevich/MetaQUAST/res_final/res_metahit_final/runs_per_reference/Blautia_hansenii/quast.log

NOTICE: Output directory already exists. Existing Nucmer alignments can be used.

Reference:
  /Molly/gurevich/MetaQUAST/res_final/res_metahit_final/quast_corrected_input/Blautia_hansenii.fasta ==> Blautia_hansenii

Contigs:
  1  /Molly/gurevich/MetaQUAST/res_final/res_metahit_final/quast_corrected_input/IDBA_UD_to_Blautia_hansenii.fasta ==> IDBA_UD
  2  /Molly/gurevich/MetaQUAST/res_final/res_metahit_final/quast_corrected_input/Ray_to_Blautia_hansenii.fasta ==> Ray
  3  /Molly/gurevich/MetaQUAST/res_final/res_metahit_final/quast_corrected_input/SOAPdenovo2_to_Blautia_hansenii.fasta ==> SOAPdenovo2
  4  /Molly/gurevich/MetaQUAST/res_final/res_metahit_final/quast_corrected_input/SPAdes_to_Blautia_hansenii.fasta ==> SPAdes

2015-11-09 20:23:25
Running Basic statistics processor...
  Reference genome:
    Blautia_hansenii.fasta, Reference length = 3058721, Reference GC % = 38.99
  Contig files: 
    1  IDBA_UD
    2  Ray
    3  SOAPdenovo2
    4  SPAdes
  Calculating N50 and L50...
    1  IDBA_UD, N50 = 6765, L50 = 3, Total length = 100119, GC % = 47.84, # N's per 100 kbp =  85.90
    2  Ray, N50 = 6529, L50 = 2, Total length = 45140, GC % = 48.10, # N's per 100 kbp =  1165.26
    3  SOAPdenovo2, N50 = 1846, L50 = 6, Total length = 33574, GC % = 49.71, # N's per 100 kbp =  1313.52
    4  SPAdes, N50 = 9930, L50 = 2, Total length = 71518, GC % = 48.41, # N's per 100 kbp =  569.09
  Drawing Nx plot...
    saved to /Molly/gurevich/MetaQUAST/res_final/res_metahit_final/runs_per_reference/Blautia_hansenii/basic_stats/Nx_plot.pdf
  Drawing NGx plot...
    saved to /Molly/gurevich/MetaQUAST/res_final/res_metahit_final/runs_per_reference/Blautia_hansenii/basic_stats/NGx_plot.pdf
  Drawing cumulative plot...
    saved to /Molly/gurevich/MetaQUAST/res_final/res_metahit_final/runs_per_reference/Blautia_hansenii/basic_stats/cumulative_plot.pdf
  Drawing GC content plot...
    saved to /Molly/gurevich/MetaQUAST/res_final/res_metahit_final/runs_per_reference/Blautia_hansenii/basic_stats/GC_content_plot.pdf
Done.

2015-11-09 20:23:27
Running Contig analyzer...
  1  IDBA_UD
  2  Ray
  3  SOAPdenovo2
  4  SPAdes
  1  Logging to files /Molly/gurevich/MetaQUAST/res_final/res_metahit_final/runs_per_reference/Blautia_hansenii/contigs_reports/contigs_report_IDBA_UD.stdout and contigs_report_IDBA_UD.stderr...
  2  Logging to files /Molly/gurevich/MetaQUAST/res_final/res_metahit_final/runs_per_reference/Blautia_hansenii/contigs_reports/contigs_report_Ray.stdout and contigs_report_Ray.stderr...
  3  Logging to files /Molly/gurevich/MetaQUAST/res_final/res_metahit_final/runs_per_reference/Blautia_hansenii/contigs_reports/contigs_report_SOAPdenovo2.stdout and contigs_report_SOAPdenovo2.stderr...
  4  Logging to files /Molly/gurevich/MetaQUAST/res_final/res_metahit_final/runs_per_reference/Blautia_hansenii/contigs_reports/contigs_report_SPAdes.stdout and contigs_report_SPAdes.stderr...
  1  Running Nucmer
  3  Using existing Nucmer alignments... 
  1  /home/gurevich/rep/quast/libs/MUMmer3.23-linux/nucmer -c 65 -l 65 --maxmatch \
     -p runs_per_reference/Blautia_hansenii/contigs_reports/nucmer_output/IDBA_UD \
     runs_per_reference/Blautia_hansenii/quast_corrected_input/Blautia_hansenii.fasta \
     quast_corrected_input/IDBA_UD_to_Blautia_hansenii.fasta >> runs_per_reference/Blautia_hansenii/contigs_reports/contigs_report_IDBA_UD.stdout \
     2>> runs_per_reference/Blautia_hansenii/contigs_reports/contigs_report_IDBA_UD.stderr
  4  Using existing Nucmer alignments... 
  2  Using existing Nucmer alignments... 
  2  Alignments: runs_per_reference/Blautia_hansenii/contigs_reports/alignments_Ray.tsv
  2  Analysis is finished.

  3  Alignments: runs_per_reference/Blautia_hansenii/contigs_reports/alignments_SOAPdenovo2.tsv
  3  Analysis is finished.

  4  Alignments: runs_per_reference/Blautia_hansenii/contigs_reports/alignments_SPAdes.tsv
  4  Analysis is finished.

  1  /home/gurevich/rep/quast/libs/MUMmer3.23-linux/delta-filter -i 95 -l 0 runs_per_reference/Blautia_hansenii/contigs_reports/nucmer_output/IDBA_UD.delta \
     > runs_per_reference/Blautia_hansenii/contigs_reports/nucmer_output/IDBA_UD.fdelta \
     2> runs_per_reference/Blautia_hansenii/contigs_reports/contigs_report_IDBA_UD.stderr
  1  /home/gurevich/rep/quast/libs/MUMmer3.23-linux/show-coords runs_per_reference/Blautia_hansenii/contigs_reports/nucmer_output/IDBA_UD.delta \
     > runs_per_reference/Blautia_hansenii/contigs_reports/nucmer_output/IDBA_UD.coords_tmp \
     2> runs_per_reference/Blautia_hansenii/contigs_reports/contigs_report_IDBA_UD.stderr
  1  /home/gurevich/rep/quast/libs/MUMmer3.23-linux/show-snps -S -T -H runs_per_reference/Blautia_hansenii/contigs_reports/nucmer_output/IDBA_UD.delta \
     < runs_per_reference/Blautia_hansenii/contigs_reports/nucmer_output/IDBA_UD.coords.headless \
     > runs_per_reference/Blautia_hansenii/contigs_reports/nucmer_output/IDBA_UD.all_snps \
     2> runs_per_reference/Blautia_hansenii/contigs_reports/contigs_report_IDBA_UD.stderr
  1  Alignments: runs_per_reference/Blautia_hansenii/contigs_reports/alignments_IDBA_UD.tsv
  1  Analysis is finished.

  Creating total report...
    saved to /Molly/gurevich/MetaQUAST/res_final/res_metahit_final/runs_per_reference/Blautia_hansenii/contigs_reports/misassemblies_report.txt, misassemblies_report.tsv, and misassemblies_report.tex
  Transposed version of total report...
    saved to /Molly/gurevich/MetaQUAST/res_final/res_metahit_final/runs_per_reference/Blautia_hansenii/contigs_reports/transposed_report_misassemblies.txt, transposed_report_misassemblies.tsv, and transposed_report_misassemblies.tex
  Creating total report...
    saved to /Molly/gurevich/MetaQUAST/res_final/res_metahit_final/runs_per_reference/Blautia_hansenii/contigs_reports/unaligned_report.txt, unaligned_report.tsv, and unaligned_report.tex
  Drawing misassemblies by types plot...
    saved to /Molly/gurevich/MetaQUAST/res_final/res_metahit_final/runs_per_reference/Blautia_hansenii/contigs_reports/misassemblies_plot.pdf
Done.

2015-11-09 20:23:31
Running NA-NGA calculation...
  1  IDBA_UD, Largest alignment = 8028, NA50 = None, LA50 = None
  2  Ray, Largest alignment = 13683, NA50 = 2427, LA50 = 4
  3  SOAPdenovo2, Largest alignment = 3992, NA50 = 1307, LA50 = 7
  4  SPAdes, Largest alignment = 17898, NA50 = 2289, LA50 = 5
  Drawing cumulative plot...
    saved to /Molly/gurevich/MetaQUAST/res_final/res_metahit_final/runs_per_reference/Blautia_hansenii/aligned_stats/cumulative_plot.pdf
  Drawing NAx plot...
    saved to /Molly/gurevich/MetaQUAST/res_final/res_metahit_final/runs_per_reference/Blautia_hansenii/aligned_stats/NAx_plot.pdf
  Drawing NGAx plot...
    saved to /Molly/gurevich/MetaQUAST/res_final/res_metahit_final/runs_per_reference/Blautia_hansenii/aligned_stats/NGAx_plot.pdf
Done.

2015-11-09 20:23:32
Running Genome analyzer...
  NOTICE: No file with genes provided. Use the -G option if you want to specify it.
  NOTICE: No file with operons provided. Use the -O option if you want to specify it.
  1  IDBA_UD
  2  Ray
  4  SPAdes
  3  SOAPdenovo2
  3  Analysis is finished.
  4  Analysis is finished.
  2  Analysis is finished.
  1  Analysis is finished.
  Drawing Genome fraction, % histogram...
    saved to /Molly/gurevich/MetaQUAST/res_final/res_metahit_final/runs_per_reference/Blautia_hansenii/genome_stats/genome_fraction_histogram.pdf
Done.

NOTICE: Genes are not predicted by default. Use --gene-finding option to enable it.

2015-11-09 20:23:34
Drawing large plots...
This may take a while: press Ctrl-C to skip this step..
  1 of 2: Creating contig alignment plot...
  2 of 2: Creating PDF with all tables and plots...
Done

2015-11-09 20:23:37
RESULTS:
  Text versions of total report are saved to /Molly/gurevich/MetaQUAST/res_final/res_metahit_final/runs_per_reference/Blautia_hansenii/report.txt, report.tsv, and report.tex
  Text versions of transposed total report are saved to /Molly/gurevich/MetaQUAST/res_final/res_metahit_final/runs_per_reference/Blautia_hansenii/transposed_report.txt, transposed_report.tsv, and transposed_report.tex
  HTML version (interactive tables and plots) saved to /Molly/gurevich/MetaQUAST/res_final/res_metahit_final/runs_per_reference/Blautia_hansenii/report.html
  PDF version (tables and plots) saved to /Molly/gurevich/MetaQUAST/res_final/res_metahit_final/runs_per_reference/Blautia_hansenii/report.pdf
  Contig alignment plot: /Molly/gurevich/MetaQUAST/res_final/res_metahit_final/runs_per_reference/Blautia_hansenii/alignment.svg
