/home/gurevich/rep/quast/quast.pyc -t 16 -j  --meta  --bed-file /Molly/gurevich/MetaQUAST/res_final/res_metahit_final/combined_reference/structural_variations/combined_reference.bed --no-check-meta  --contig-thresholds 1000,5000,10000,25000,50000 -R /Molly/gurevich/MetaQUAST/res_final/res_metahit_final/quast_corrected_input/Clostridium_leptum.fasta -o /Molly/gurevich/MetaQUAST/res_final/res_metahit_final/runs_per_reference/Clostridium_leptum --labels "IDBA_UD, Ray, SOAPdenovo2, SPAdes" /Molly/gurevich/MetaQUAST/res_final/res_metahit_final/quast_corrected_input/IDBA_UD_to_Clostridium_leptum.fasta /Molly/gurevich/MetaQUAST/res_final/res_metahit_final/quast_corrected_input/Ray_to_Clostridium_leptum.fasta /Molly/gurevich/MetaQUAST/res_final/res_metahit_final/quast_corrected_input/SOAPdenovo2_to_Clostridium_leptum.fasta /Molly/gurevich/MetaQUAST/res_final/res_metahit_final/quast_corrected_input/SPAdes_to_Clostridium_leptum.fasta

Started: 2015-11-09 20:24:50

Logging to /Molly/gurevich/MetaQUAST/res_final/res_metahit_final/runs_per_reference/Clostridium_leptum/quast.log

NOTICE: Output directory already exists. Existing Nucmer alignments can be used.

Reference:
  /Molly/gurevich/MetaQUAST/res_final/res_metahit_final/quast_corrected_input/Clostridium_leptum.fasta ==> Clostridium_leptum

Contigs:
  1  /Molly/gurevich/MetaQUAST/res_final/res_metahit_final/quast_corrected_input/IDBA_UD_to_Clostridium_leptum.fasta ==> IDBA_UD
  2  /Molly/gurevich/MetaQUAST/res_final/res_metahit_final/quast_corrected_input/Ray_to_Clostridium_leptum.fasta ==> Ray
  3  /Molly/gurevich/MetaQUAST/res_final/res_metahit_final/quast_corrected_input/SOAPdenovo2_to_Clostridium_leptum.fasta ==> SOAPdenovo2
  4  /Molly/gurevich/MetaQUAST/res_final/res_metahit_final/quast_corrected_input/SPAdes_to_Clostridium_leptum.fasta ==> SPAdes

2015-11-09 20:24:51
Running Basic statistics processor...
  Reference genome:
    Clostridium_leptum.fasta, Reference length = 3270209, Reference GC % = 50.19
  Contig files: 
    1  IDBA_UD
    2  Ray
    3  SOAPdenovo2
    4  SPAdes
  Calculating N50 and L50...
    1  IDBA_UD, N50 = 1855, L50 = 3, Total length = 27209, GC % = 44.96, # N's per 100 kbp =  106.58
    2  Ray, N50 = 2427, L50 = 3, Total length = 17402, GC % = 45.09, # N's per 100 kbp =  0.00
    3  SOAPdenovo2, N50 = 1133, L50 = 5, Total length = 13576, GC % = 45.91, # N's per 100 kbp =  3506.19
    4  SPAdes, N50 = 2462, L50 = 3, Total length = 24829, GC % = 43.67, # N's per 100 kbp =  0.00
  Drawing Nx plot...
    saved to /Molly/gurevich/MetaQUAST/res_final/res_metahit_final/runs_per_reference/Clostridium_leptum/basic_stats/Nx_plot.pdf
  Drawing NGx plot...
    saved to /Molly/gurevich/MetaQUAST/res_final/res_metahit_final/runs_per_reference/Clostridium_leptum/basic_stats/NGx_plot.pdf
  Drawing cumulative plot...
    saved to /Molly/gurevich/MetaQUAST/res_final/res_metahit_final/runs_per_reference/Clostridium_leptum/basic_stats/cumulative_plot.pdf
  Drawing GC content plot...
    saved to /Molly/gurevich/MetaQUAST/res_final/res_metahit_final/runs_per_reference/Clostridium_leptum/basic_stats/GC_content_plot.pdf
Done.

2015-11-09 20:24:52
Running Contig analyzer...
  2  Ray
  3  SOAPdenovo2
  1  Logging to files /Molly/gurevich/MetaQUAST/res_final/res_metahit_final/runs_per_reference/Clostridium_leptum/contigs_reports/contigs_report_IDBA_UD.stdout and contigs_report_IDBA_UD.stderr...
  2  Logging to files /Molly/gurevich/MetaQUAST/res_final/res_metahit_final/runs_per_reference/Clostridium_leptum/contigs_reports/contigs_report_Ray.stdout and contigs_report_Ray.stderr...
  3  Logging to files /Molly/gurevich/MetaQUAST/res_final/res_metahit_final/runs_per_reference/Clostridium_leptum/contigs_reports/contigs_report_SOAPdenovo2.stdout and contigs_report_SOAPdenovo2.stderr...
  1  Using existing Nucmer alignments... 
  4  Using existing Nucmer alignments... 
  3  Using existing Nucmer alignments... 
  2  Using existing Nucmer alignments... 
  4  Alignments: runs_per_reference/Clostridium_leptum/contigs_reports/alignments_SPAdes.tsv
  4  Analysis is finished.

  2  Alignments: runs_per_reference/Clostridium_leptum/contigs_reports/alignments_Ray.tsv
  2  Analysis is finished.

  1  Alignments: runs_per_reference/Clostridium_leptum/contigs_reports/alignments_IDBA_UD.tsv
  1  Analysis is finished.

  3  Alignments: runs_per_reference/Clostridium_leptum/contigs_reports/alignments_SOAPdenovo2.tsv
  3  Analysis is finished.

  Creating total report...
    saved to /Molly/gurevich/MetaQUAST/res_final/res_metahit_final/runs_per_reference/Clostridium_leptum/contigs_reports/misassemblies_report.txt, misassemblies_report.tsv, and misassemblies_report.tex
  Transposed version of total report...
    saved to /Molly/gurevich/MetaQUAST/res_final/res_metahit_final/runs_per_reference/Clostridium_leptum/contigs_reports/transposed_report_misassemblies.txt, transposed_report_misassemblies.tsv, and transposed_report_misassemblies.tex
  Creating total report...
    saved to /Molly/gurevich/MetaQUAST/res_final/res_metahit_final/runs_per_reference/Clostridium_leptum/contigs_reports/unaligned_report.txt, unaligned_report.tsv, and unaligned_report.tex
  Drawing misassemblies by types plot...
    saved to /Molly/gurevich/MetaQUAST/res_final/res_metahit_final/runs_per_reference/Clostridium_leptum/contigs_reports/misassemblies_plot.pdf
Done.

2015-11-09 20:24:55
Running NA-NGA calculation...
  1  IDBA_UD, Largest alignment = 8007, NA50 = 933, LA50 = 5
  2  Ray, Largest alignment = 3947, NA50 = 2427, LA50 = 3
  3  SOAPdenovo2, Largest alignment = 2005, NA50 = 1133, LA50 = 5
  4  SPAdes, Largest alignment = 2289, NA50 = None, LA50 = None
  Drawing cumulative plot...
    saved to /Molly/gurevich/MetaQUAST/res_final/res_metahit_final/runs_per_reference/Clostridium_leptum/aligned_stats/cumulative_plot.pdf
  Drawing NAx plot...
    saved to /Molly/gurevich/MetaQUAST/res_final/res_metahit_final/runs_per_reference/Clostridium_leptum/aligned_stats/NAx_plot.pdf
  Drawing NGAx plot...
    saved to /Molly/gurevich/MetaQUAST/res_final/res_metahit_final/runs_per_reference/Clostridium_leptum/aligned_stats/NGAx_plot.pdf
Done.

2015-11-09 20:24:56
Running Genome analyzer...
  NOTICE: No file with genes provided. Use the -G option if you want to specify it.
  NOTICE: No file with operons provided. Use the -O option if you want to specify it.
  1  IDBA_UD
  3  SOAPdenovo2
  2  Ray
  4  SPAdes
  4  Analysis is finished.
  2  Analysis is finished.
  3  Analysis is finished.
  1  Analysis is finished.
  Drawing Genome fraction, % histogram...
    saved to /Molly/gurevich/MetaQUAST/res_final/res_metahit_final/runs_per_reference/Clostridium_leptum/genome_stats/genome_fraction_histogram.pdf
Done.

NOTICE: Genes are not predicted by default. Use --gene-finding option to enable it.

2015-11-09 20:24:57
Drawing large plots...
This may take a while: press Ctrl-C to skip this step..
  1 of 2: Creating contig alignment plot...
  2 of 2: Creating PDF with all tables and plots...
Done

2015-11-09 20:25:00
RESULTS:
  Text versions of total report are saved to /Molly/gurevich/MetaQUAST/res_final/res_metahit_final/runs_per_reference/Clostridium_leptum/report.txt, report.tsv, and report.tex
  Text versions of transposed total report are saved to /Molly/gurevich/MetaQUAST/res_final/res_metahit_final/runs_per_reference/Clostridium_leptum/transposed_report.txt, transposed_report.tsv, and transposed_report.tex
  HTML version (interactive tables and plots) saved to /Molly/gurevich/MetaQUAST/res_final/res_metahit_final/runs_per_reference/Clostridium_leptum/report.html
  PDF version (tables and plots) saved to /Molly/gurevich/MetaQUAST/res_final/res_metahit_final/runs_per_reference/Clostridium_leptum/report.pdf
  Contig alignment plot: /Molly/gurevich/MetaQUAST/res_final/res_metahit_final/runs_per_reference/Clostridium_leptum/alignment.svg
