Aligning contigs to reference...
	Using existing Nucmer alignments...
Parsing coords...
Loading reference...
	Loaded [Clostridium_scindens_]
Loading SNPs...
Loading regions...
	No regions given, using whole reference.
	Total Regions: 1
	Total Region Length: 1631609
Analyzing contigs...
CONTIG: scaffold39342__8.5 (1057bp)
Top Length: 198  Top ID: 98.99
		This contig is misassembled. 3 total aligns.
			Real Alignment 1: 994863 995045 | 1 183 | 183 183 | 96.72 | Clostridium_scindens_ scaffold39342__8.5
			  Gap between these two alignments (local misassembly). Inconsistency = 155 
			Real Alignment 2: 995310 995507 | 293 490 | 198 198 | 98.99 | Clostridium_scindens_ scaffold39342__8.5
			  Gap between these two alignments (local misassembly). Inconsistency = 461 
			Real Alignment 3: 996342 996535 | 864 1057 | 194 194 | 97.94 | Clostridium_scindens_ scaffold39342__8.5

CONTIG: scaffold56124__8.5 (704bp)
Top Length: 308  Top ID: 98.38
		This contig is misassembled. 2 total aligns.
			Real Alignment 1: 987563 987870 | 1 308 | 308 308 | 98.38 | Clostridium_scindens_ scaffold56124__8.5
			  Gap between these two alignments (local misassembly). Inconsistency = 145 
			Real Alignment 2: 988110 988411 | 403 704 | 302 302 | 97.35 | Clostridium_scindens_ scaffold56124__8.5

CONTIG: C725818_11.0 (561bp)
Top Length: 561  Top ID: 98.4
		One align captures most of this contig: 997544 998104 | 561 1 | 561 561 | 98.4 | Clostridium_scindens_ C725818_11.0

CONTIG: C728378_20.0 (592bp)
Top Length: 592  Top ID: 95.61
		One align captures most of this contig: 28947 29538 | 1 592 | 592 592 | 95.61 | Clostridium_scindens_ C728378_20.0

CONTIG: C740456_72.0 (797bp)
Top Length: 797  Top ID: 100.0
		One align captures most of this contig: 1014283 1015079 | 797 1 | 797 797 | 100.0 | Clostridium_scindens_ C740456_72.0

CONTIG: C742564_17.0 (854bp)
Top Length: 854  Top ID: 99.06
		One align captures most of this contig: 996718 997571 | 854 1 | 854 854 | 99.06 | Clostridium_scindens_ C742564_17.0

CONTIG: C742884_73.0 (865bp)
Top Length: 865  Top ID: 99.08
		One align captures most of this contig: 1015492 1016356 | 1 865 | 865 865 | 99.08 | Clostridium_scindens_ C742884_73.0

CONTIG: C747996_15.0 (1061bp)
Top Length: 1061  Top ID: 100.0
		One align captures most of this contig: 1011522 1012582 | 1061 1 | 1061 1061 | 100.0 | Clostridium_scindens_ C747996_15.0

CONTIG: C749472_16.0 (1133bp)
Top Length: 1133  Top ID: 100.0
		One align captures most of this contig: 1012552 1013684 | 1133 1 | 1133 1133 | 100.0 | Clostridium_scindens_ C749472_16.0

CONTIG: C752372_17.0 (1307bp)
Top Length: 1307  Top ID: 99.85
		One align captures most of this contig: 1008001 1009307 | 1307 1 | 1307 1307 | 99.85 | Clostridium_scindens_ C752372_17.0

CONTIG: C752386_25.0 (1308bp)
Top Length: 1307  Top ID: 100.0
		One align captures most of this contig: 575484 576790 | 2 1308 | 1307 1307 | 100.0 | Clostridium_scindens_ C752386_25.0

CONTIG: C758522__8.0 (2005bp)
Top Length: 2005  Top ID: 99.7
		One align captures most of this contig: 1009544 1011548 | 1 2005 | 2005 2005 | 99.7 | Clostridium_scindens_ C758522__8.0

Analyzing coverage...
Writing SNPs into /Molly/gurevich/MetaQUAST/res_final/res_metahit_final/runs_per_reference/Clostridium_scindens/contigs_reports/nucmer_output/SOAPdenovo2.used_snps
	Reference Clostridium_scindens_: 15 total alignments. 1 total regions.
		Region: 1 to 1631609 (1631609 bp)
			START in gap: 1 to 28947 (28946 bp)
			Align 1: 28947 29538 C728378_20.0 1 592
				Gap between this and next alignment: 29538 to 575484 (545945 bp)
				Next Alignment: 575484 576790 C752386_25.0 2 1308

			Align 2: 575484 576790 C752386_25.0 2 1308
				Gap between this and next alignment: 576790 to 987563 (410772 bp)
				Next Alignment: 987563 987870 scaffold56124__8.5 1 308

			Align 3: 987563 987870 scaffold56124__8.5 1 308
				Gap between this and next alignment: 987870 to 988110 (239 bp)
				Next Alignment: 988110 988411 scaffold56124__8.5 403 704

			Align 4: 988110 988411 scaffold56124__8.5 403 704
				Gap between this and next alignment: 988411 to 994863 (6451 bp)
				Next Alignment: 994863 995045 scaffold39342__8.5 1 183

			Align 5: 994863 995045 scaffold39342__8.5 1 183
				Gap between this and next alignment: 995045 to 995310 (264 bp)
				Next Alignment: 995310 995507 scaffold39342__8.5 293 490

			Align 6: 995310 995507 scaffold39342__8.5 293 490
				Gap between this and next alignment: 995507 to 996342 (834 bp)
				Next Alignment: 996342 996535 scaffold39342__8.5 864 1057

			Align 7: 996342 996535 scaffold39342__8.5 864 1057
				Gap between this and next alignment: 996535 to 996718 (182 bp)
				Next Alignment: 996718 997571 C742564_17.0 854 1

			Align 8: 996718 997571 C742564_17.0 854 1
				Negative gap (overlap) between this and next alignment: 997571 to 997544 (-27 bp)
				Next Alignment: 997544 998104 C725818_11.0 561 1

			Previous gap was negative, modifying coordinates to ignore overlap
				Moving contig start from 561 to 533.
			Align 9: 997572 998104 C725818_11.0 533 1
				Gap between this and next alignment: 998104 to 1008001 (9896 bp)
				Next Alignment: 1008001 1009307 C752372_17.0 1307 1

			Align 10: 1008001 1009307 C752372_17.0 1307 1
				Gap between this and next alignment: 1009307 to 1009544 (236 bp)
				Next Alignment: 1009544 1011548 C758522__8.0 1 2005

			Align 11: 1009544 1011548 C758522__8.0 1 2005
				Negative gap (overlap) between this and next alignment: 1011548 to 1011522 (-26 bp)
				Next Alignment: 1011522 1012582 C747996_15.0 1061 1

			Previous gap was negative, modifying coordinates to ignore overlap
				Moving contig start from 1061 to 1034.
			Align 12: 1011549 1012582 C747996_15.0 1034 1
				Negative gap (overlap) between this and next alignment: 1012582 to 1012552 (-30 bp)
				Next Alignment: 1012552 1013684 C749472_16.0 1133 1

			Previous gap was negative, modifying coordinates to ignore overlap
				Moving contig start from 1133 to 1102.
			Align 13: 1012583 1013684 C749472_16.0 1102 1
				Gap between this and next alignment: 1013684 to 1014283 (598 bp)
				Next Alignment: 1014283 1015079 C740456_72.0 797 1

			Align 14: 1014283 1015079 C740456_72.0 797 1
				Gap between this and next alignment: 1015079 to 1015492 (412 bp)
				Next Alignment: 1015492 1016356 C742884_73.0 1 865

			Align 15: 1015492 1016356 C742884_73.0 1 865
			END in gap: 1016356 to 1631609 (615253 bp)

Analysis is finished!
Founded SNPs were written into /Molly/gurevich/MetaQUAST/res_final/res_metahit_final/runs_per_reference/Clostridium_scindens/contigs_reports/nucmer_output/SOAPdenovo2.used_snps

Results:
	Local Misassemblies: 3
	Misassemblies: 0
		Relocations: 0
		Translocations: 0
		Inversions: 0
	Fake misassemblies matched with structural variations: 0
	Misassembled Contigs: 0
	Misassembled Contig Bases: 0
	Misassemblies Inter-Contig Overlap: 0
Uncovered Regions: 0 (0)
Unaligned Contigs: 0 + 0 part
Partially Unaligned Contigs with Misassemblies: 0
Unaligned Contig Bases: 0

Ambiguously Mapped Contigs: 0
Total Bases in Ambiguously Mapped Contigs: 0
Note that --allow-ambiguity option was set to "one" and only first alignment per each contig was used.

	Covered Bases: 11581

	SNPs: 72
	Insertions: 0
	Deletions: 0

	Positive Gaps: 13
		Internal Gaps:  3
		External Gaps:  10
		External Gap Total:  1618691
		External Gap Average: 161869
	Negative Gaps: 3
		Internal Overlaps:  0
		External Overlaps:  3
		External Overlaps Total: -83
		External Overlaps Average: -28
	Contigs with Redundant Alignments: 0 (0)
