Aligning contigs to reference...
	Using existing Nucmer alignments...
Parsing coords...
Loading reference...
	Loaded [Subdoligranulum_variabile_gi_260780703_ref_NZ_]
Loading SNPs...
Loading regions...
	No regions given, using whole reference.
	Total Regions: 1
	Total Region Length: 3245471
Analyzing contigs...
CONTIG: scaffold2233__3.3 (626bp)
Top Length: 169  Top ID: 96.45
		This contig is misassembled. 3 total aligns.
			Real Alignment 1: 708065 708233 | 1 169 | 169 169 | 96.45 | Subdoligranulum_variabile_gi_260780703_ref_NZ_ scaffold2233__3.3
			  Gap between these two alignments (local misassembly). Inconsistency = 301 
			Real Alignment 2: 708759 708866 | 394 501 | 108 108 | 100.0 | Subdoligranulum_variabile_gi_260780703_ref_NZ_ scaffold2233__3.3
			  Gap between these two alignments (local misassembly). Inconsistency = 149 
			Real Alignment 3: 709054 709140 | 540 626 | 87 87 | 100.0 | Subdoligranulum_variabile_gi_260780703_ref_NZ_ scaffold2233__3.3

CONTIG: scaffold8619__3.2 (501bp)
Top Length: 132  Top ID: 95.45
		This contig is misassembled. 4 total aligns.
			Real Alignment 1: 678703 678808 | 1 106 | 106 106 | 98.11 | Subdoligranulum_variabile_gi_260780703_ref_NZ_ scaffold8619__3.2
			  Gap between these two alignments (local misassembly). Inconsistency = 143 
			Real Alignment 2: 678981 679112 | 136 267 | 132 132 | 95.45 | Subdoligranulum_variabile_gi_260780703_ref_NZ_ scaffold8619__3.2
			  Gap between these two alignments (local misassembly). Inconsistency = 148 
			Real Alignment 3: 679281 679365 | 288 372 | 85 85 | 100.0 | Subdoligranulum_variabile_gi_260780703_ref_NZ_ scaffold8619__3.2
			  Gap between these two alignments (local misassembly). Inconsistency = 150 
			Real Alignment 4: 679579 679644 | 436 501 | 66 66 | 100.0 | Subdoligranulum_variabile_gi_260780703_ref_NZ_ scaffold8619__3.2

CONTIG: scaffold24763__7.8 (1111bp)
Top Length: 78  Top ID: 100.0
		This contig is partially unaligned. (Aligned 78 out of 1111 bases)
		Alignment: 563261 563338 | 957 880 | 78 78 | 100.0 | Subdoligranulum_variabile_gi_260780703_ref_NZ_ scaffold24763__7.8
		Unaligned bases: 1 to 879 (879)
		Unaligned bases: 958 to 1111 (154)

CONTIG: scaffold32687__7.8 (4259bp)
Top Length: 2895  Top ID: 96.03
		This contig is partially unaligned. (Aligned 2895 out of 4259 bases)
		Alignment: 363333 366225 | 797 3691 | 2893 2895 | 96.03 | Subdoligranulum_variabile_gi_260780703_ref_NZ_ scaffold32687__7.8
		Unaligned bases: 1 to 796 (796)
		Unaligned bases: 3692 to 4259 (568)
		This contig has both significant aligned and unaligned parts (of length >= min-contig)! It can contain interspecies translocations

CONTIG: scaffold33555__3.2 (679bp)
Top Length: 105  Top ID: 95.24
		This contig is partially unaligned. (Aligned 105 out of 679 bases)
		Alignment: 1820094 1820198 | 457 353 | 105 105 | 95.24 | Subdoligranulum_variabile_gi_260780703_ref_NZ_ scaffold33555__3.2
		Unaligned bases: 1 to 352 (352)
		Unaligned bases: 458 to 679 (222)

CONTIG: scaffold34240_11.1 (4790bp)
Top Length: 135  Top ID: 99.26
		This contig is partially unaligned. (Aligned 135 out of 4790 bases)
		Alignment: 1945335 1945469 | 135 1 | 135 135 | 99.26 | Subdoligranulum_variabile_gi_260780703_ref_NZ_ scaffold34240_11.1
		Unaligned bases: 136 to 4790 (4655)

CONTIG: scaffold52077_14.1 (1515bp)
Top Length: 209  Top ID: 98.09
		This contig is partially unaligned. (Aligned 209 out of 1515 bases)
		Alignment: 336027 336235 | 1 209 | 209 209 | 98.09 | Subdoligranulum_variabile_gi_260780703_ref_NZ_ scaffold52077_14.1
		Unaligned bases: 210 to 1515 (1306)

CONTIG: C729770__7.0 (609bp)
Top Length: 609  Top ID: 99.18
		One align captures most of this contig: 705854 706462 | 609 1 | 609 609 | 99.18 | Subdoligranulum_variabile_gi_260780703_ref_NZ_ C729770__7.0

CONTIG: C738592_23.0 (754bp)
Top Length: 754  Top ID: 97.75
		One align captures most of this contig: 391828 392581 | 1 754 | 754 754 | 97.75 | Subdoligranulum_variabile_gi_260780703_ref_NZ_ C738592_23.0

CONTIG: C741328_18.0 (820bp)
Top Length: 820  Top ID: 98.05
		One align captures most of this contig: 391032 391851 | 1 820 | 820 820 | 98.05 | Subdoligranulum_variabile_gi_260780703_ref_NZ_ C741328_18.0

CONTIG: C747330__5.0 (1028bp)
Top Length: 1028  Top ID: 98.64
		One align captures most of this contig: 727969 728996 | 1028 1 | 1028 1028 | 98.64 | Subdoligranulum_variabile_gi_260780703_ref_NZ_ C747330__5.0

CONTIG: C754212_27.0 (1464bp)
Top Length: 1464  Top ID: 100.0
		One align captures most of this contig: 529015 530478 | 1464 1 | 1464 1464 | 100.0 | Subdoligranulum_variabile_gi_260780703_ref_NZ_ C754212_27.0

CONTIG: C755690__5.0 (1614bp)
Top Length: 1614  Top ID: 99.01
		One align captures most of this contig: 695470 697083 | 1614 1 | 1614 1614 | 99.01 | Subdoligranulum_variabile_gi_260780703_ref_NZ_ C755690__5.0

CONTIG: C755926_25.0 (1640bp)
Top Length: 1640  Top ID: 99.88
		One align captures most of this contig: 530448 532086 | 1640 1 | 1639 1640 | 99.88 | Subdoligranulum_variabile_gi_260780703_ref_NZ_ C755926_25.0

Analyzing coverage...
Writing SNPs into /Molly/gurevich/MetaQUAST/res_final/res_metahit_final/runs_per_reference/Subdoligranulum_variabile/contigs_reports/nucmer_output/SOAPdenovo2.used_snps
	Reference Subdoligranulum_variabile_gi_260780703_ref_NZ_: 19 total alignments. 1 total regions.
		Region: 1 to 3245471 (3245471 bp)
			START in gap: 1 to 336027 (336026 bp)
			Align 1: 336027 336235 scaffold52077_14.1 1 209
				Gap between this and next alignment: 336235 to 363333 (27097 bp)
				Next Alignment: 363333 366225 scaffold32687__7.8 797 3691

			Align 2: 363333 366225 scaffold32687__7.8 797 3691
				Gap between this and next alignment: 366225 to 391032 (24806 bp)
				Next Alignment: 391032 391851 C741328_18.0 1 820

			Align 3: 391032 391851 C741328_18.0 1 820
				Negative gap (overlap) between this and next alignment: 391851 to 391828 (-23 bp)
				Next Alignment: 391828 392581 C738592_23.0 1 754

			Previous gap was negative, modifying coordinates to ignore overlap
				Moving contig start from 1 to 25.
			Align 4: 391852 392581 C738592_23.0 25 754
				Gap between this and next alignment: 392581 to 529015 (136433 bp)
				Next Alignment: 529015 530478 C754212_27.0 1464 1

			Align 5: 529015 530478 C754212_27.0 1464 1
				Negative gap (overlap) between this and next alignment: 530478 to 530448 (-30 bp)
				Next Alignment: 530448 532086 C755926_25.0 1640 1

			Previous gap was negative, modifying coordinates to ignore overlap
				Moving contig start from 1640 to 1609.
			Align 6: 530479 532086 C755926_25.0 1609 1
				Gap between this and next alignment: 532086 to 563261 (31174 bp)
				Next Alignment: 563261 563338 scaffold24763__7.8 957 880

			Align 7: 563261 563338 scaffold24763__7.8 957 880
				Gap between this and next alignment: 563338 to 678703 (115364 bp)
				Next Alignment: 678703 678808 scaffold8619__3.2 1 106

			Align 8: 678703 678808 scaffold8619__3.2 1 106
				Gap between this and next alignment: 678808 to 678981 (172 bp)
				Next Alignment: 678981 679112 scaffold8619__3.2 136 267

			Align 9: 678981 679112 scaffold8619__3.2 136 267
				Gap between this and next alignment: 679112 to 679281 (168 bp)
				Next Alignment: 679281 679365 scaffold8619__3.2 288 372

			Align 10: 679281 679365 scaffold8619__3.2 288 372
				Gap between this and next alignment: 679365 to 679579 (213 bp)
				Next Alignment: 679579 679644 scaffold8619__3.2 436 501

			Align 11: 679579 679644 scaffold8619__3.2 436 501
				Gap between this and next alignment: 679644 to 695470 (15825 bp)
				Next Alignment: 695470 697083 C755690__5.0 1614 1

			Align 12: 695470 697083 C755690__5.0 1614 1
				Gap between this and next alignment: 697083 to 705854 (8770 bp)
				Next Alignment: 705854 706462 C729770__7.0 609 1

			Align 13: 705854 706462 C729770__7.0 609 1
				Gap between this and next alignment: 706462 to 708065 (1602 bp)
				Next Alignment: 708065 708233 scaffold2233__3.3 1 169

			Align 14: 708065 708233 scaffold2233__3.3 1 169
				Gap between this and next alignment: 708233 to 708759 (525 bp)
				Next Alignment: 708759 708866 scaffold2233__3.3 394 501

			Align 15: 708759 708866 scaffold2233__3.3 394 501
				Gap between this and next alignment: 708866 to 709054 (187 bp)
				Next Alignment: 709054 709140 scaffold2233__3.3 540 626

			Align 16: 709054 709140 scaffold2233__3.3 540 626
				Gap between this and next alignment: 709140 to 727969 (18828 bp)
				Next Alignment: 727969 728996 C747330__5.0 1028 1

			Align 17: 727969 728996 C747330__5.0 1028 1
				Gap between this and next alignment: 728996 to 1820094 (1091097 bp)
				Next Alignment: 1820094 1820198 scaffold33555__3.2 457 353

			Align 18: 1820094 1820198 scaffold33555__3.2 457 353
				Gap between this and next alignment: 1820198 to 1945335 (125136 bp)
				Next Alignment: 1945335 1945469 scaffold34240_11.1 135 1

			Align 19: 1945335 1945469 scaffold34240_11.1 135 1
			END in gap: 1945469 to 3245471 (1300002 bp)

Analysis is finished!
Founded SNPs were written into /Molly/gurevich/MetaQUAST/res_final/res_metahit_final/runs_per_reference/Subdoligranulum_variabile/contigs_reports/nucmer_output/SOAPdenovo2.used_snps

Results:
	Local Misassemblies: 5
	Misassemblies: 0
		Relocations: 0
		Translocations: 0
		Inversions: 0
	Fake misassemblies matched with structural variations: 0
	Misassembled Contigs: 0
	Misassembled Contig Bases: 0
	Misassemblies Inter-Contig Overlap: 0
Uncovered Regions: 0 (0)
Unaligned Contigs: 0 + 5 part
Partially Unaligned Contigs with Misassemblies: 0
Unaligned Contig Bases: 8932

Ambiguously Mapped Contigs: 0
Total Bases in Ambiguously Mapped Contigs: 0
Note that --allow-ambiguity option was set to "one" and only first alignment per each contig was used.

	Covered Bases: 12046

	SNPs: 204
	Insertions: 4
	Deletions: 1

	Positive Gaps: 18
		Internal Gaps:  5
		External Gaps:  13
		External Gap Total:  3232160
		External Gap Average: 248628
	Negative Gaps: 2
		Internal Overlaps:  0
		External Overlaps:  2
		External Overlaps Total: -53
		External Overlaps Average: -26
	Contigs with Redundant Alignments: 0 (0)
