Aligning contigs to reference...
	Running Nucmer
Parsing coords...
Loading reference...
	Loaded [Clostridium_sp_M62_1_gi_283767235_ref_NZ_]
	Loaded [Clostridium_sp_M62_1_gi_283767236_ref_NZ_]
	Loaded [Clostridium_sp_M62_1_gi_283767237_ref_NZ_]
	Loaded [Clostridium_sp_M62_1_gi_283767238_ref_NZ_]
	Loaded [Clostridium_sp_M62_1_gi_283767239_ref_NZ_]
	Loaded [Clostridium_sp_M62_1_gi_283767240_ref_NZ_]
	Loaded [Clostridium_sp_M62_1_gi_283767241_ref_NZ_]
	Loaded [Clostridium_sp_M62_1_gi_283767242_ref_NZ_]
	Loaded [Clostridium_sp_M62_1_gi_283767243_ref_NZ_]
	Loaded [Clostridium_sp_M62_1_gi_283767244_ref_NZ_]
	Loaded [Clostridium_sp_M62_1_gi_283767245_ref_NZ_]
	Loaded [Clostridium_sp_M62_1_gi_283767246_ref_NZ_]
	Loaded [Clostridium_sp_M62_1_gi_283767247_ref_NZ_]
	Loaded [Clostridium_sp_M62_1_gi_283767248_ref_NZ_]
	Loaded [Clostridium_sp_M62_1_gi_283767249_ref_NZ_]
	Loaded [Clostridium_sp_M62_1_gi_283767250_ref_NZ_]
	Loaded [Clostridium_sp_M62_1_gi_283767251_ref_NZ_]
	Loaded [Clostridium_sp_M62_1_gi_283767252_ref_NZ_]
	Loaded [Clostridium_sp_M62_1_gi_283767253_ref_NZ_]
	Loaded [Clostridium_sp_M62_1_gi_283767254_ref_NZ_]
	Loaded [Clostridium_sp_M62_1_gi_283767255_ref_NZ_]
	Loaded [Clostridium_sp_M62_1_gi_283767256_ref_NZ_]
	Loaded [Clostridium_sp_M62_1_gi_283767257_ref_NZ_]
	Loaded [Clostridium_sp_M62_1_gi_283767258_ref_NZ_]
	Loaded [Clostridium_sp_M62_1_gi_283767259_ref_NZ_]
	Loaded [Clostridium_sp_M62_1_gi_283767260_ref_NZ_]
Loading SNPs...
Loading regions...
	No regions given, using whole reference.
	Total Regions: 26
	Total Region Length: 3842594
Analyzing contigs...
CONTIG: scaffold_29 (69359bp)
Top Length: 77  Top ID: 100.0
		This contig is partially unaligned. (Aligned 77 out of 69359 bases)
		Alignment: 359871 359947 | 347 271 | 77 77 | 100.0 | Clostridium_sp_M62_1_gi_283767235_ref_NZ_ scaffold_29
		Unaligned bases: 1 to 270 (270)
		Unaligned bases: 348 to 69359 (69012)

CONTIG: scaffold_43 (94894bp)
Top Length: 76  Top ID: 100.0
		This contig is misassembled. 3 total aligns.
			Warning! This contig is more unaligned than misassembled. Contig length is 94894 and total length of all aligns is 224
		Alignment: 55170 55244 | 94114 94040 | 75 75 | 100.0 | Clostridium_sp_M62_1_gi_283767239_ref_NZ_ scaffold_43
		Alignment: 152717 152789 | 94378 94450 | 73 73 | 100.0 | Clostridium_sp_M62_1_gi_283767242_ref_NZ_ scaffold_43
		Alignment: 359871 359946 | 94567 94642 | 76 76 | 100.0 | Clostridium_sp_M62_1_gi_283767235_ref_NZ_ scaffold_43
		Unaligned bases: 94670
CONTIG: scaffold_508 (16354bp)
Top Length: 13608  Top ID: 98.5
		This contig is partially unaligned. (Aligned 13608 out of 16354 bases)
		Alignment: 250195 263801 | 214 13821 | 13607 13608 | 98.5 | Clostridium_sp_M62_1_gi_283767235_ref_NZ_ scaffold_508
		Unaligned bases: 1 to 213 (213)
		Unaligned bases: 13822 to 16354 (2533)
		This contig has both significant aligned and unaligned parts (of length >= min-contig)! It can contain interspecies translocations

CONTIG: scaffold_923 (9172bp)
Top Length: 1693  Top ID: 97.22
			Skipping redundant alignments after choosing the best set of alignments
		Skipping redundant alignment 444135 445826 | 7477 9169 | 1692 1693 | 97.22 | Clostridium_sp_M62_1_gi_283767236_ref_NZ_ scaffold_923
		This contig is partially unaligned. (Aligned 1693 out of 9172 bases)
		Alignment: 647227 648917 | 9169 7479 | 1691 1691 | 95.33 | Clostridium_sp_M62_1_gi_283767235_ref_NZ_ scaffold_923
		Unaligned bases: 1 to 7478 (7478)
		Unaligned bases: 9170 to 9172 (3)
		This contig has both significant aligned and unaligned parts (of length >= min-contig)! It can contain interspecies translocations

CONTIG: scaffold_1036 (7833bp)
Top Length: 7833  Top ID: 99.85
		One align captures most of this contig: 594542 602374 | 7833 1 | 7833 7833 | 99.85 | Clostridium_sp_M62_1_gi_283767235_ref_NZ_ scaffold_1036

CONTIG: scaffold_1135 (12282bp)
Top Length: 161  Top ID: 97.52
		This contig is partially unaligned. (Aligned 161 out of 12282 bases)
		Alignment: 155613 155773 | 1 161 | 161 161 | 97.52 | Clostridium_sp_M62_1_gi_283767235_ref_NZ_ scaffold_1135
		Unaligned bases: 162 to 12282 (12121)

CONTIG: scaffold_1213 (12243bp)
Top Length: 908  Top ID: 99.01
		This contig is partially unaligned. (Aligned 908 out of 12243 bases)
		Alignment: 155741 156648 | 910 3 | 908 908 | 99.01 | Clostridium_sp_M62_1_gi_283767235_ref_NZ_ scaffold_1213
		Unaligned bases: 1 to 2 (2)
		Unaligned bases: 911 to 12243 (11333)
		This contig has both significant aligned and unaligned parts (of length >= min-contig)! It can contain interspecies translocations

CONTIG: scaffold_1900 (4397bp)
Top Length: 4395  Top ID: 95.52
		One align captures most of this contig: 749501 753898 | 4395 1 | 4398 4395 | 95.52 | Clostridium_sp_M62_1_gi_283767235_ref_NZ_ scaffold_1900

CONTIG: scaffold_2642 (3374bp)
Top Length: 2777  Top ID: 97.01
		This contig is partially unaligned. (Aligned 2777 out of 3374 bases)
		Alignment: 229224 231997 | 93 2869 | 2774 2777 | 97.01 | Clostridium_sp_M62_1_gi_283767235_ref_NZ_ scaffold_2642
		Unaligned bases: 1 to 92 (92)
		Unaligned bases: 2870 to 3374 (505)
		This contig has both significant aligned and unaligned parts (of length >= min-contig)! It can contain interspecies translocations

CONTIG: scaffold_3560 (2732bp)
Top Length: 406  Top ID: 97.78
		This contig is partially unaligned. (Aligned 406 out of 2732 bases)
		Alignment: 647034 647438 | 2327 2732 | 405 406 | 97.78 | Clostridium_sp_M62_1_gi_283767235_ref_NZ_ scaffold_3560
		Unaligned bases: 1 to 2326 (2326)

CONTIG: scaffold_4397 (2342bp)
Top Length: 2342  Top ID: 97.4
		One align captures most of this contig: 753800 756141 | 1 2342 | 2342 2342 | 97.4 | Clostridium_sp_M62_1_gi_283767235_ref_NZ_ scaffold_4397

CONTIG: scaffold_5680 (1954bp)
Top Length: 1954  Top ID: 99.95
		One align captures most of this contig: 140443 142396 | 1954 1 | 1954 1954 | 99.95 | Clostridium_sp_M62_1_gi_283767235_ref_NZ_ scaffold_5680

CONTIG: scaffold_6151 (1849bp)
Top Length: 1849  Top ID: 98.11
		One align captures most of this contig: 760340 762188 | 1 1849 | 1849 1849 | 98.11 | Clostridium_sp_M62_1_gi_283767235_ref_NZ_ scaffold_6151

CONTIG: scaffold_6595 (3374bp)
Top Length: 3374  Top ID: 95.09
		One align captures most of this contig: 730113 733488 | 3374 1 | 3376 3374 | 95.09 | Clostridium_sp_M62_1_gi_283767235_ref_NZ_ scaffold_6595

CONTIG: scaffold_6879 (1717bp)
Top Length: 1372  Top ID: 99.56
		This contig is partially unaligned. (Aligned 1372 out of 1717 bases)
		Alignment: 162359 163728 | 1372 1 | 1370 1372 | 99.56 | Clostridium_sp_M62_1_gi_283767235_ref_NZ_ scaffold_6879
		Unaligned bases: 1373 to 1717 (345)

CONTIG: scaffold_9437 (1685bp)
Top Length: 1361  Top ID: 95.3
		Skipping redundant alignment 158118 158625 | 325 832 | 508 508 | 96.65 | Clostridium_sp_M62_1_gi_283767240_ref_NZ_ scaffold_9437
		Skipping redundant alignment 646537 646931 | 913 1307 | 395 395 | 97.22 | Clostridium_sp_M62_1_gi_283767235_ref_NZ_ scaffold_9437
			Skipping redundant alignments after choosing the best set of alignments
		Skipping redundant alignment 446674 448034 | 1685 325 | 1361 1361 | 95.3 | Clostridium_sp_M62_1_gi_283767236_ref_NZ_ scaffold_9437
		Skipping redundant alignment 448137 448356 | 220 1 | 220 220 | 97.73 | Clostridium_sp_M62_1_gi_283767236_ref_NZ_ scaffold_9437
		Skipping redundant alignment 157796 158015 | 1 220 | 220 220 | 97.27 | Clostridium_sp_M62_1_gi_283767240_ref_NZ_ scaffold_9437
		This contig is misassembled. 7 total aligns.
			Real Alignment 1: 641558 641777 | 1 220 | 220 220 | 98.18 | Clostridium_sp_M62_1_gi_283767235_ref_NZ_ scaffold_9437
			  Fake misassembly between these two alignments: inconsistency = -2 , gap in the contig is small or absent or filled mostly with Ns (short indel: insertion of length 2; 0 mismatches)
			Real Alignment 2: 641880 643236 | 325 1683 | 1357 1359 | 95.44 | Clostridium_sp_M62_1_gi_283767235_ref_NZ_ scaffold_9437

CONTIG: scaffold_12537 (1092bp)
Top Length: 1092  Top ID: 99.91
		One align captures most of this contig: 153896 154987 | 1092 1 | 1092 1092 | 99.91 | Clostridium_sp_M62_1_gi_283767235_ref_NZ_ scaffold_12537

CONTIG: scaffold_14030 (998bp)
Top Length: 111  Top ID: 97.3
		Skipping redundant alignment 157740 157840 | 104 4 | 101 101 | 98.02 | Clostridium_sp_M62_1_gi_283767240_ref_NZ_ scaffold_14030
		This contig is partially unaligned. (Aligned 111 out of 998 bases)
		Alignment: 641496 641605 | 111 1 | 110 111 | 97.3 | Clostridium_sp_M62_1_gi_283767235_ref_NZ_ scaffold_14030
		Unaligned bases: 112 to 998 (887)

CONTIG: scaffold_14508 (970bp)
Top Length: 970  Top ID: 99.9
		One align captures most of this contig: 159060 160029 | 970 1 | 970 970 | 99.9 | Clostridium_sp_M62_1_gi_283767235_ref_NZ_ scaffold_14508

CONTIG: scaffold_14514 (1536bp)
Top Length: 1536  Top ID: 98.7
		One align captures most of this contig: 156566 158101 | 1 1536 | 1536 1536 | 98.7 | Clostridium_sp_M62_1_gi_283767235_ref_NZ_ scaffold_14514

CONTIG: scaffold_16057 (892bp)
Top Length: 167  Top ID: 99.4
		This contig is partially unaligned. (Aligned 167 out of 892 bases)
		Alignment: 142578 142744 | 1 167 | 167 167 | 99.4 | Clostridium_sp_M62_1_gi_283767235_ref_NZ_ scaffold_16057
		Unaligned bases: 168 to 892 (725)

CONTIG: scaffold_17039 (1149bp)
Top Length: 139  Top ID: 98.56
		This contig is partially unaligned. (Aligned 139 out of 1149 bases)
		Alignment: 602500 602638 | 1 139 | 139 139 | 98.56 | Clostridium_sp_M62_1_gi_283767235_ref_NZ_ scaffold_17039
		Unaligned bases: 140 to 1149 (1010)

CONTIG: scaffold_18403 (805bp)
Top Length: 99  Top ID: 98.99
		This contig is partially unaligned. (Aligned 99 out of 805 bases)
		Alignment: 716952 717050 | 1 99 | 99 99 | 98.99 | Clostridium_sp_M62_1_gi_283767235_ref_NZ_ scaffold_18403
		Unaligned bases: 100 to 805 (706)

CONTIG: scaffold_19529 (1250bp)
Top Length: 148  Top ID: 99.32
		This contig is partially unaligned. (Aligned 148 out of 1250 bases)
		Alignment: 646289 646436 | 1250 1103 | 148 148 | 99.32 | Clostridium_sp_M62_1_gi_283767235_ref_NZ_ scaffold_19529
		Unaligned bases: 1 to 1102 (1102)

CONTIG: scaffold_21898 (703bp)
Top Length: 703  Top ID: 99.15
		One align captures most of this contig: 139696 140398 | 703 1 | 703 703 | 99.15 | Clostridium_sp_M62_1_gi_283767235_ref_NZ_ scaffold_21898

CONTIG: scaffold_24368 (646bp)
Top Length: 646  Top ID: 97.99
		One align captures most of this contig: 759793 760438 | 646 1 | 646 646 | 97.99 | Clostridium_sp_M62_1_gi_283767235_ref_NZ_ scaffold_24368

CONTIG: scaffold_27481 (1071bp)
Top Length: 1071  Top ID: 98.52
		One align captures most of this contig: 152914 153994 | 1 1071 | 1081 1071 | 98.52 | Clostridium_sp_M62_1_gi_283767235_ref_NZ_ scaffold_27481

CONTIG: scaffold_28744 (542bp)
Top Length: 542  Top ID: 95.4
		One align captures most of this contig: 642617 643158 | 1 542 | 542 542 | 95.4 | Clostridium_sp_M62_1_gi_283767235_ref_NZ_ scaffold_28744

CONTIG: scaffold_30832 (707bp)
Top Length: 704  Top ID: 98.31
		One align captures most of this contig: 154889 155599 | 1 704 | 711 704 | 98.31 | Clostridium_sp_M62_1_gi_283767235_ref_NZ_ scaffold_30832

CONTIG: scaffold_5835 (1919bp)
Top Length: 163  Top ID: 95.12
		This contig is partially unaligned. (Aligned 163 out of 1919 bases)
		Alignment: 19 181 | 1582 1744 | 163 163 | 95.12 | Clostridium_sp_M62_1_gi_283767240_ref_NZ_ scaffold_5835
		Unaligned bases: 1 to 1581 (1581)
		Unaligned bases: 1745 to 1919 (175)

CONTIG: scaffold_21286 (1318bp)
Top Length: 463  Top ID: 95.04
		This contig is partially unaligned. (Aligned 463 out of 1318 bases)
		Alignment: 156350 156813 | 466 4 | 464 463 | 95.04 | Clostridium_sp_M62_1_gi_283767240_ref_NZ_ scaffold_21286
		Unaligned bases: 1 to 3 (3)
		Unaligned bases: 467 to 1318 (852)

CONTIG: scaffold_2327 (4821bp)
Top Length: 75  Top ID: 100.0
			Skipping redundant alignments after choosing the best set of alignments
		Skipping redundant alignment 153588 153662 | 2037 1963 | 75 75 | 100.0 | Clostridium_sp_M62_1_gi_283767242_ref_NZ_ scaffold_2327
		This contig is misassembled. 3 total aligns.
			Warning! This contig is more unaligned than misassembled. Contig length is 4821 and total length of all aligns is 150
		Alignment: 540 614 | 1323 1249 | 75 75 | 100.0 | Clostridium_sp_M62_1_gi_283767251_ref_NZ_ scaffold_2327
		Alignment: 917 991 | 2037 1963 | 75 75 | 100.0 | Clostridium_sp_M62_1_gi_283767248_ref_NZ_ scaffold_2327
		Unaligned bases: 4671
CONTIG: scaffold_1415 (7264bp)
Top Length: 155  Top ID: 96.15
		Skipping redundant alignment 55256 55330 | 157 83 | 75 75 | 100.0 | Clostridium_sp_M62_1_gi_283767239_ref_NZ_ scaffold_1415
		This contig is partially unaligned. (Aligned 155 out of 7264 bases)
		Alignment: 255689 255844 | 82 236 | 156 155 | 96.15 | Clostridium_sp_M62_1_gi_283767238_ref_NZ_ scaffold_1415
		Unaligned bases: 1 to 81 (81)
		Unaligned bases: 237 to 7264 (7028)

CONTIG: scaffold_2161 (4671bp)
Top Length: 2836  Top ID: 98.73
		Skipping redundant alignment 29398 29479 | 5 86 | 82 82 | 96.34 | Clostridium_sp_M62_1_gi_283767246_ref_NZ_ scaffold_2161
		Skipping redundant alignment 30055 30203 | 5 153 | 149 149 | 97.99 | Clostridium_sp_M62_1_gi_283767246_ref_NZ_ scaffold_2161
		Skipping redundant alignment 484 633 | 7 156 | 150 150 | 95.33 | Clostridium_sp_M62_1_gi_283767246_ref_NZ_ scaffold_2161
		Skipping redundant alignment 29788 29935 | 7 154 | 148 148 | 97.97 | Clostridium_sp_M62_1_gi_283767246_ref_NZ_ scaffold_2161
		Skipping redundant alignment 17468 17614 | 7 153 | 147 147 | 97.96 | Clostridium_sp_M62_1_gi_283767246_ref_NZ_ scaffold_2161
		Skipping redundant alignment 30248 30392 | 7 151 | 145 145 | 97.93 | Clostridium_sp_M62_1_gi_283767246_ref_NZ_ scaffold_2161
		Skipping redundant alignment 28932 29061 | 7 136 | 130 130 | 97.69 | Clostridium_sp_M62_1_gi_283767246_ref_NZ_ scaffold_2161
		Skipping redundant alignment 677 773 | 7 103 | 97 97 | 96.91 | Clostridium_sp_M62_1_gi_283767246_ref_NZ_ scaffold_2161
		Skipping redundant alignment 1098 1234 | 19 156 | 137 138 | 96.38 | Clostridium_sp_M62_1_gi_283767246_ref_NZ_ scaffold_2161
		Skipping redundant alignment 595 1069 | 757 288 | 475 470 | 98.95 | Clostridium_sp_M62_1_gi_283767249_ref_NZ_ scaffold_2161
		Skipping redundant alignment 18573 18805 | 391 623 | 233 233 | 99.14 | Clostridium_sp_M62_1_gi_283767246_ref_NZ_ scaffold_2161
		Skipping redundant alignment 4 225 | 908 1129 | 222 222 | 99.1 | Clostridium_sp_M62_1_gi_283767246_ref_NZ_ scaffold_2161
		Skipping redundant alignment 1 494 | 2814 2320 | 494 495 | 98.79 | Clostridium_sp_M62_1_gi_283767249_ref_NZ_ scaffold_2161
		This contig is partially unaligned. (Aligned 2836 out of 4671 bases)
		Alignment: 1182 4017 | 7 2842 | 2836 2836 | 98.73 | Clostridium_sp_M62_1_gi_283767246_ref_NZ_ scaffold_2161
		Unaligned bases: 1 to 6 (6)
		Unaligned bases: 2843 to 4671 (1829)
		This contig has both significant aligned and unaligned parts (of length >= min-contig)! It can contain interspecies translocations

CONTIG: scaffold_3652 (4386bp)
Top Length: 2335  Top ID: 99.74
		This contig is partially unaligned. (Aligned 2335 out of 4386 bases)
		Alignment: 8155 10489 | 2335 1 | 2335 2335 | 99.74 | Clostridium_sp_M62_1_gi_283767246_ref_NZ_ scaffold_3652
		Unaligned bases: 2336 to 4386 (2051)
		This contig has both significant aligned and unaligned parts (of length >= min-contig)! It can contain interspecies translocations

CONTIG: scaffold_7073 (1687bp)
Top Length: 1687  Top ID: 98.76
		One align captures most of this contig: 11841 13527 | 1 1687 | 1687 1687 | 98.76 | Clostridium_sp_M62_1_gi_283767246_ref_NZ_ scaffold_7073

CONTIG: scaffold_7305 (1772bp)
Top Length: 1772  Top ID: 99.38
		One align captures most of this contig: 4305 6075 | 1772 1 | 1771 1772 | 99.38 | Clostridium_sp_M62_1_gi_283767246_ref_NZ_ scaffold_7305

CONTIG: scaffold_7704 (1582bp)
Top Length: 1169  Top ID: 95.81
		This contig is misassembled. 2 total aligns.
			Real Alignment 1: 13529 13770 | 1 242 | 242 242 | 98.76 | Clostridium_sp_M62_1_gi_283767246_ref_NZ_ scaffold_7704
			  Gap between these two alignments (local misassembly). Inconsistency = 3 
			Real Alignment 2: 13945 15113 | 414 1582 | 1169 1169 | 95.81 | Clostridium_sp_M62_1_gi_283767246_ref_NZ_ scaffold_7704

CONTIG: scaffold_11534 (1165bp)
Top Length: 273  Top ID: 98.9
		This contig is partially unaligned. (Aligned 273 out of 1165 bases)
		Alignment: 16852 17124 | 1165 893 | 273 273 | 98.9 | Clostridium_sp_M62_1_gi_283767246_ref_NZ_ scaffold_11534
		Unaligned bases: 1 to 892 (892)

CONTIG: scaffold_13366 (1038bp)
Top Length: 1038  Top ID: 99.9
		One align captures most of this contig: 10585 11622 | 1038 1 | 1038 1038 | 99.9 | Clostridium_sp_M62_1_gi_283767246_ref_NZ_ scaffold_13366

CONTIG: scaffold_18660 (797bp)
Top Length: 726  Top ID: 99.72
		This contig is partially unaligned. (Aligned 726 out of 797 bases)
		Alignment: 15601 16327 | 72 797 | 727 726 | 99.72 | Clostridium_sp_M62_1_gi_283767246_ref_NZ_ scaffold_18660
		Unaligned bases: 1 to 71 (71)

CONTIG: scaffold_24704 (755bp)
Top Length: 755  Top ID: 95.39
		One align captures most of this contig: 154968 155725 | 755 1 | 758 755 | 95.39 | Clostridium_sp_M62_1_gi_283767242_ref_NZ_ scaffold_24704

CONTIG: scaffold_34236 (635bp)
Top Length: 128  Top ID: 95.31
		This contig is partially unaligned. (Aligned 128 out of 635 bases)
		Alignment: 155771 155898 | 635 508 | 128 128 | 95.31 | Clostridium_sp_M62_1_gi_283767242_ref_NZ_ scaffold_34236
		Unaligned bases: 1 to 507 (507)

CONTIG: scaffold_34259 (648bp)
Top Length: 129  Top ID: 96.15
		This contig is partially unaligned. (Aligned 129 out of 648 bases)
		Alignment: 155771 155899 | 1 129 | 129 129 | 96.15 | Clostridium_sp_M62_1_gi_283767242_ref_NZ_ scaffold_34259
		Unaligned bases: 130 to 648 (519)

CONTIG: scaffold_29409 (1172bp)
Top Length: 78  Top ID: 100.0
			Skipping redundant alignments after choosing the best set of alignments
		Skipping redundant alignment 157820 157896 | 634 710 | 77 77 | 100.0 | Clostridium_sp_M62_1_gi_283767242_ref_NZ_ scaffold_29409
		This contig is misassembled. 3 total aligns.
			Warning! This contig is more unaligned than misassembled. Contig length is 1172 and total length of all aligns is 155
		Alignment: 692 768 | 634 710 | 77 77 | 100.0 | Clostridium_sp_M62_1_gi_283767248_ref_NZ_ scaffold_29409
		Alignment: 692 769 | 717 794 | 78 78 | 100.0 | Clostridium_sp_M62_1_gi_283767248_ref_NZ_ scaffold_29409
		Unaligned bases: 1017
CONTIG: scaffold_146 (36911bp)
Top Length: 21306  Top ID: 97.86
		This contig is misassembled. 2 total aligns.
			Real Alignment 1: 5414 26718 | 1 21306 | 21305 21306 | 97.86 | Clostridium_sp_M62_1_gi_283767237_ref_NZ_ scaffold_146
			  Extensive misassembly ( relocation, inconsistency = -5477 ) between these two alignments
			Real Alignment 2: 36682 36846 | 36747 36911 | 165 165 | 98.79 | Clostridium_sp_M62_1_gi_283767237_ref_NZ_ scaffold_146
		This contig has significant unaligned parts (of length >= min-contig)! It can contain interspecies translocations

CONTIG: scaffold_153 (35322bp)
Top Length: 107  Top ID: 98.13
		This contig is partially unaligned. (Aligned 107 out of 35322 bases)
		Alignment: 357305 357411 | 35322 35216 | 107 107 | 98.13 | Clostridium_sp_M62_1_gi_283767237_ref_NZ_ scaffold_153
		Unaligned bases: 1 to 35215 (35215)

CONTIG: scaffold_297 (24718bp)
Top Length: 98  Top ID: 100.0
		This contig is partially unaligned. (Aligned 98 out of 24718 bases)
		Alignment: 342883 342980 | 98 1 | 98 98 | 100.0 | Clostridium_sp_M62_1_gi_283767237_ref_NZ_ scaffold_297
		Unaligned bases: 99 to 24718 (24620)

CONTIG: scaffold_333 (32853bp)
Top Length: 106  Top ID: 99.06
		This contig is partially unaligned. (Aligned 106 out of 32853 bases)
		Alignment: 357305 357410 | 32853 32748 | 106 106 | 99.06 | Clostridium_sp_M62_1_gi_283767237_ref_NZ_ scaffold_333
		Unaligned bases: 1 to 32747 (32747)

CONTIG: scaffold_370 (25244bp)
Top Length: 105  Top ID: 99.06
		This contig is partially unaligned. (Aligned 105 out of 25244 bases)
		Alignment: 342875 342980 | 105 1 | 106 105 | 99.06 | Clostridium_sp_M62_1_gi_283767237_ref_NZ_ scaffold_370
		Unaligned bases: 106 to 25244 (25139)

CONTIG: scaffold_549 (15070bp)
Top Length: 10662  Top ID: 99.02
		This contig is partially unaligned. (Aligned 10662 out of 15070 bases)
		Alignment: 48274 58947 | 1 10662 | 10674 10662 | 99.02 | Clostridium_sp_M62_1_gi_283767237_ref_NZ_ scaffold_549
		Unaligned bases: 10663 to 15070 (4408)
		This contig has both significant aligned and unaligned parts (of length >= min-contig)! It can contain interspecies translocations

CONTIG: scaffold_822 (9962bp)
Top Length: 2697  Top ID: 97.0
		This contig is partially unaligned. (Aligned 2697 out of 9962 bases)
		Alignment: 2816 5512 | 2697 1 | 2697 2697 | 97.0 | Clostridium_sp_M62_1_gi_283767237_ref_NZ_ scaffold_822
		Unaligned bases: 2698 to 9962 (7265)
		This contig has both significant aligned and unaligned parts (of length >= min-contig)! It can contain interspecies translocations

CONTIG: scaffold_1226 (8322bp)
Top Length: 505  Top ID: 99.41
		This contig is partially unaligned. (Aligned 505 out of 8322 bases)
		Alignment: 36992 37496 | 505 1 | 505 505 | 99.41 | Clostridium_sp_M62_1_gi_283767237_ref_NZ_ scaffold_1226
		Unaligned bases: 506 to 8322 (7817)
		This contig has both significant aligned and unaligned parts (of length >= min-contig)! It can contain interspecies translocations

CONTIG: scaffold_2423 (3618bp)
Top Length: 2989  Top ID: 99.83
		This contig is partially unaligned. (Aligned 2989 out of 3618 bases)
		Alignment: 43926 46914 | 1 2989 | 2989 2989 | 99.83 | Clostridium_sp_M62_1_gi_283767237_ref_NZ_ scaffold_2423
		Unaligned bases: 2990 to 3618 (629)
		This contig has both significant aligned and unaligned parts (of length >= min-contig)! It can contain interspecies translocations

CONTIG: scaffold_7100 (2733bp)
Top Length: 84  Top ID: 100.0
		This contig is partially unaligned. (Aligned 84 out of 2733 bases)
		Alignment: 8564 8647 | 84 1 | 84 84 | 100.0 | Clostridium_sp_M62_1_gi_283767237_ref_NZ_ scaffold_7100
		Unaligned bases: 85 to 2733 (2649)

CONTIG: scaffold_10220 (1845bp)
Top Length: 1845  Top ID: 99.3
		One align captures most of this contig: 40893 42734 | 1845 1 | 1842 1845 | 99.3 | Clostridium_sp_M62_1_gi_283767237_ref_NZ_ scaffold_10220

CONTIG: scaffold_10508 (1251bp)
Top Length: 1251  Top ID: 95.28
		One align captures most of this contig: 36748 37997 | 1251 1 | 1250 1251 | 95.28 | Clostridium_sp_M62_1_gi_283767237_ref_NZ_ scaffold_10508

CONTIG: scaffold_11358 (1181bp)
Top Length: 1181  Top ID: 99.24
		One align captures most of this contig: 42845 44024 | 1181 1 | 1180 1181 | 99.24 | Clostridium_sp_M62_1_gi_283767237_ref_NZ_ scaffold_11358

CONTIG: scaffold_12949 (1063bp)
Top Length: 1063  Top ID: 99.53
		One align captures most of this contig: 47155 48217 | 1 1063 | 1063 1063 | 99.53 | Clostridium_sp_M62_1_gi_283767237_ref_NZ_ scaffold_12949

CONTIG: scaffold_14776 (956bp)
Top Length: 951  Top ID: 99.16
		One align captures most of this contig: 212110 213060 | 6 956 | 951 951 | 99.16 | Clostridium_sp_M62_1_gi_283767237_ref_NZ_ scaffold_14776

CONTIG: scaffold_26624 (1002bp)
Top Length: 1002  Top ID: 99.0
		One align captures most of this contig: 39988 40991 | 1 1002 | 1004 1002 | 99.0 | Clostridium_sp_M62_1_gi_283767237_ref_NZ_ scaffold_26624

CONTIG: scaffold_27052 (592bp)
Top Length: 592  Top ID: 95.44
		One align captures most of this contig: 205472 206063 | 592 1 | 592 592 | 95.44 | Clostridium_sp_M62_1_gi_283767237_ref_NZ_ scaffold_27052

CONTIG: scaffold_28293 (555bp)
Top Length: 114  Top ID: 96.52
		This contig is partially unaligned. (Aligned 114 out of 555 bases)
		Alignment: 342869 342982 | 442 555 | 114 114 | 96.52 | Clostridium_sp_M62_1_gi_283767237_ref_NZ_ scaffold_28293
		Unaligned bases: 1 to 441 (441)

CONTIG: scaffold_30413 (799bp)
Top Length: 799  Top ID: 98.75
		One align captures most of this contig: 209252 210047 | 799 1 | 796 799 | 98.75 | Clostridium_sp_M62_1_gi_283767237_ref_NZ_ scaffold_30413

CONTIG: scaffold_842 (9700bp)
Top Length: 391  Top ID: 96.93
		This contig is partially unaligned. (Aligned 391 out of 9700 bases)
		Alignment: 444137 444527 | 391 1 | 391 391 | 96.93 | Clostridium_sp_M62_1_gi_283767236_ref_NZ_ scaffold_842
		Unaligned bases: 392 to 9700 (9309)

CONTIG: scaffold_2124 (4021bp)
Top Length: 4021  Top ID: 96.08
		One align captures most of this contig: 259257 263275 | 4021 1 | 4019 4021 | 96.08 | Clostridium_sp_M62_1_gi_283767236_ref_NZ_ scaffold_2124

CONTIG: scaffold_2297 (3759bp)
Top Length: 3759  Top ID: 98.14
		One align captures most of this contig: 246297 250055 | 3759 1 | 3759 3759 | 98.14 | Clostridium_sp_M62_1_gi_283767236_ref_NZ_ scaffold_2297

CONTIG: scaffold_3718 (4082bp)
Top Length: 488  Top ID: 95.08
		This contig is partially unaligned. (Aligned 488 out of 4082 bases)
		Alignment: 70099 70583 | 3595 4082 | 485 488 | 95.08 | Clostridium_sp_M62_1_gi_283767236_ref_NZ_ scaffold_3718
		Unaligned bases: 1 to 3594 (3594)

CONTIG: scaffold_5452 (3780bp)
Top Length: 948  Top ID: 95.91
		Skipping redundant alignment 644155 644631 | 477 1 | 477 477 | 95.39 | Clostridium_sp_M62_1_gi_283767235_ref_NZ_ scaffold_5452
		Skipping redundant alignment 646537 646775 | 239 1 | 239 239 | 97.49 | Clostridium_sp_M62_1_gi_283767235_ref_NZ_ scaffold_5452
		This contig is partially unaligned. (Aligned 948 out of 3780 bases)
		Alignment: 447208 448160 | 1 948 | 953 948 | 95.91 | Clostridium_sp_M62_1_gi_283767236_ref_NZ_ scaffold_5452
		Unaligned bases: 949 to 3780 (2832)
		This contig has both significant aligned and unaligned parts (of length >= min-contig)! It can contain interspecies translocations

CONTIG: scaffold_5824 (1922bp)
Top Length: 1377  Top ID: 98.69
		This contig is partially unaligned. (Aligned 1377 out of 1922 bases)
		Alignment: 274391 275767 | 538 1914 | 1377 1377 | 98.69 | Clostridium_sp_M62_1_gi_283767236_ref_NZ_ scaffold_5824
		Unaligned bases: 1 to 537 (537)
		Unaligned bases: 1915 to 1922 (8)
		This contig has both significant aligned and unaligned parts (of length >= min-contig)! It can contain interspecies translocations

CONTIG: scaffold_9801 (1323bp)
Top Length: 1323  Top ID: 99.62
		One align captures most of this contig: 453742 455064 | 1323 1 | 1323 1323 | 99.62 | Clostridium_sp_M62_1_gi_283767236_ref_NZ_ scaffold_9801

CONTIG: scaffold_9970 (1303bp)
Top Length: 1303  Top ID: 99.39
		One align captures most of this contig: 472858 474160 | 1 1303 | 1303 1303 | 99.39 | Clostridium_sp_M62_1_gi_283767236_ref_NZ_ scaffold_9970

CONTIG: scaffold_10067 (1293bp)
Top Length: 1293  Top ID: 100.0
		One align captures most of this contig: 263700 264992 | 1293 1 | 1293 1293 | 100.0 | Clostridium_sp_M62_1_gi_283767236_ref_NZ_ scaffold_10067

CONTIG: scaffold_12507 (1094bp)
Top Length: 212  Top ID: 95.75
		This contig is partially unaligned. (Aligned 212 out of 1094 bases)
		Alignment: 466336 466547 | 212 1 | 212 212 | 95.75 | Clostridium_sp_M62_1_gi_283767236_ref_NZ_ scaffold_12507
		Unaligned bases: 213 to 1094 (882)

CONTIG: scaffold_16429 (875bp)
Top Length: 875  Top ID: 97.03
		One align captures most of this contig: 244013 244887 | 1 875 | 875 875 | 97.03 | Clostridium_sp_M62_1_gi_283767236_ref_NZ_ scaffold_16429

CONTIG: scaffold_19414 (774bp)
Top Length: 774  Top ID: 97.67
		One align captures most of this contig: 461366 462139 | 774 1 | 774 774 | 97.67 | Clostridium_sp_M62_1_gi_283767236_ref_NZ_ scaffold_19414

CONTIG: scaffold_22471 (688bp)
Top Length: 688  Top ID: 95.64
		One align captures most of this contig: 463115 463802 | 688 1 | 688 688 | 95.64 | Clostridium_sp_M62_1_gi_283767236_ref_NZ_ scaffold_22471

CONTIG: scaffold_23380 (1234bp)
Top Length: 1229  Top ID: 96.42
		One align captures most of this contig: 245004 246229 | 1 1229 | 1226 1229 | 96.42 | Clostridium_sp_M62_1_gi_283767236_ref_NZ_ scaffold_23380

CONTIG: scaffold_25580 (622bp)
Top Length: 622  Top ID: 100.0
		One align captures most of this contig: 263177 263798 | 1 622 | 622 622 | 100.0 | Clostridium_sp_M62_1_gi_283767236_ref_NZ_ scaffold_25580

CONTIG: scaffold_26223 (609bp)
Top Length: 609  Top ID: 99.01
		One align captures most of this contig: 475710 476318 | 609 1 | 609 609 | 99.01 | Clostridium_sp_M62_1_gi_283767236_ref_NZ_ scaffold_26223

CONTIG: scaffold_26543 (603bp)
Top Length: 603  Top ID: 95.36
		One align captures most of this contig: 258657 259259 | 603 1 | 603 603 | 95.36 | Clostridium_sp_M62_1_gi_283767236_ref_NZ_ scaffold_26543

CONTIG: scaffold_27360 (585bp)
Top Length: 585  Top ID: 95.9
		One align captures most of this contig: 464824 465408 | 585 1 | 585 585 | 95.9 | Clostridium_sp_M62_1_gi_283767236_ref_NZ_ scaffold_27360

CONTIG: scaffold_39861 (657bp)
Top Length: 657  Top ID: 97.72
		One align captures most of this contig: 245568 246221 | 657 1 | 654 657 | 97.72 | Clostridium_sp_M62_1_gi_283767236_ref_NZ_ scaffold_39861

Analyzing coverage...
Writing SNPs into /Molly/miheenko/quast_results/res_metahit_final/runs_per_reference/Clostridium_sp_M62_1/contigs_reports/nucmer_output/IDBA_UD.used_snps
ERROR: Reference Clostridium_sp_M62_1_gi_283767254_ref_NZ_ does not have any alignments!  Check that this is the same file used for alignment.
ERROR: Alignment Reference Headers: ['Clostridium_sp_M62_1_gi_283767238_ref_NZ_', 'Clostridium_sp_M62_1_gi_283767236_ref_NZ_', 'Clostridium_sp_M62_1_gi_283767237_ref_NZ_', 'Clostridium_sp_M62_1_gi_283767251_ref_NZ_', 'Clostridium_sp_M62_1_gi_283767242_ref_NZ_', 'Clostridium_sp_M62_1_gi_283767235_ref_NZ_', 'Clostridium_sp_M62_1_gi_283767246_ref_NZ_', 'Clostridium_sp_M62_1_gi_283767240_ref_NZ_', 'Clostridium_sp_M62_1_gi_283767248_ref_NZ_', 'Clostridium_sp_M62_1_gi_283767239_ref_NZ_']
	Reference Clostridium_sp_M62_1_gi_283767238_ref_NZ_: 1 total alignments. 1 total regions.
		Region: 1 to 412181 (412181 bp)
			START in gap: 1 to 255689 (255688 bp)
			Align 1: 255689 255844 scaffold_1415 82 236
			END in gap: 255844 to 412181 (156337 bp)

	Reference Clostridium_sp_M62_1_gi_283767242_ref_NZ_: 4 total alignments. 1 total regions.
		Region: 1 to 168311 (168311 bp)
			START in gap: 1 to 152717 (152716 bp)
			Align 1: 152717 152789 scaffold_43 94378 94450
				Gap between this and next alignment: 152789 to 154968 (2178 bp)
				Next Alignment: 154968 155725 scaffold_24704 755 1

			Align 2: 154968 155725 scaffold_24704 755 1
				Gap between this and next alignment: 155725 to 155771 (45 bp)
				Next Alignment: 155771 155898 scaffold_34236 635 508

			Align 3: 155771 155898 scaffold_34236 635 508
				Negative gap (overlap) between this and next alignment: 155898 to 155771 (-127 bp)
				Next Alignment: 155771 155899 scaffold_34259 1 129

			Previous gap was negative, modifying coordinates to ignore overlap
				Moving contig start from 1 to 129.
			Align 4: 155899 155899 scaffold_34259 129 129
			END in gap: 155899 to 168311 (12412 bp)

ERROR: Reference Clostridium_sp_M62_1_gi_283767257_ref_NZ_ does not have any alignments!  Check that this is the same file used for alignment.
ERROR: Alignment Reference Headers: ['Clostridium_sp_M62_1_gi_283767238_ref_NZ_', 'Clostridium_sp_M62_1_gi_283767236_ref_NZ_', 'Clostridium_sp_M62_1_gi_283767237_ref_NZ_', 'Clostridium_sp_M62_1_gi_283767251_ref_NZ_', 'Clostridium_sp_M62_1_gi_283767242_ref_NZ_', 'Clostridium_sp_M62_1_gi_283767235_ref_NZ_', 'Clostridium_sp_M62_1_gi_283767246_ref_NZ_', 'Clostridium_sp_M62_1_gi_283767240_ref_NZ_', 'Clostridium_sp_M62_1_gi_283767248_ref_NZ_', 'Clostridium_sp_M62_1_gi_283767239_ref_NZ_']
ERROR: Reference Clostridium_sp_M62_1_gi_283767241_ref_NZ_ does not have any alignments!  Check that this is the same file used for alignment.
ERROR: Alignment Reference Headers: ['Clostridium_sp_M62_1_gi_283767238_ref_NZ_', 'Clostridium_sp_M62_1_gi_283767236_ref_NZ_', 'Clostridium_sp_M62_1_gi_283767237_ref_NZ_', 'Clostridium_sp_M62_1_gi_283767251_ref_NZ_', 'Clostridium_sp_M62_1_gi_283767242_ref_NZ_', 'Clostridium_sp_M62_1_gi_283767235_ref_NZ_', 'Clostridium_sp_M62_1_gi_283767246_ref_NZ_', 'Clostridium_sp_M62_1_gi_283767240_ref_NZ_', 'Clostridium_sp_M62_1_gi_283767248_ref_NZ_', 'Clostridium_sp_M62_1_gi_283767239_ref_NZ_']
ERROR: Reference Clostridium_sp_M62_1_gi_283767255_ref_NZ_ does not have any alignments!  Check that this is the same file used for alignment.
ERROR: Alignment Reference Headers: ['Clostridium_sp_M62_1_gi_283767238_ref_NZ_', 'Clostridium_sp_M62_1_gi_283767236_ref_NZ_', 'Clostridium_sp_M62_1_gi_283767237_ref_NZ_', 'Clostridium_sp_M62_1_gi_283767251_ref_NZ_', 'Clostridium_sp_M62_1_gi_283767242_ref_NZ_', 'Clostridium_sp_M62_1_gi_283767235_ref_NZ_', 'Clostridium_sp_M62_1_gi_283767246_ref_NZ_', 'Clostridium_sp_M62_1_gi_283767240_ref_NZ_', 'Clostridium_sp_M62_1_gi_283767248_ref_NZ_', 'Clostridium_sp_M62_1_gi_283767239_ref_NZ_']
	Reference Clostridium_sp_M62_1_gi_283767239_ref_NZ_: 1 total alignments. 1 total regions.
		Region: 1 to 372182 (372182 bp)
			START in gap: 1 to 55170 (55169 bp)
			Align 1: 55170 55244 scaffold_43 94114 94040
			END in gap: 55244 to 372182 (316938 bp)

ERROR: Reference Clostridium_sp_M62_1_gi_283767260_ref_NZ_ does not have any alignments!  Check that this is the same file used for alignment.
ERROR: Alignment Reference Headers: ['Clostridium_sp_M62_1_gi_283767238_ref_NZ_', 'Clostridium_sp_M62_1_gi_283767236_ref_NZ_', 'Clostridium_sp_M62_1_gi_283767237_ref_NZ_', 'Clostridium_sp_M62_1_gi_283767251_ref_NZ_', 'Clostridium_sp_M62_1_gi_283767242_ref_NZ_', 'Clostridium_sp_M62_1_gi_283767235_ref_NZ_', 'Clostridium_sp_M62_1_gi_283767246_ref_NZ_', 'Clostridium_sp_M62_1_gi_283767240_ref_NZ_', 'Clostridium_sp_M62_1_gi_283767248_ref_NZ_', 'Clostridium_sp_M62_1_gi_283767239_ref_NZ_']
ERROR: Reference Clostridium_sp_M62_1_gi_283767243_ref_NZ_ does not have any alignments!  Check that this is the same file used for alignment.
ERROR: Alignment Reference Headers: ['Clostridium_sp_M62_1_gi_283767238_ref_NZ_', 'Clostridium_sp_M62_1_gi_283767236_ref_NZ_', 'Clostridium_sp_M62_1_gi_283767237_ref_NZ_', 'Clostridium_sp_M62_1_gi_283767251_ref_NZ_', 'Clostridium_sp_M62_1_gi_283767242_ref_NZ_', 'Clostridium_sp_M62_1_gi_283767235_ref_NZ_', 'Clostridium_sp_M62_1_gi_283767246_ref_NZ_', 'Clostridium_sp_M62_1_gi_283767240_ref_NZ_', 'Clostridium_sp_M62_1_gi_283767248_ref_NZ_', 'Clostridium_sp_M62_1_gi_283767239_ref_NZ_']
ERROR: Reference Clostridium_sp_M62_1_gi_283767253_ref_NZ_ does not have any alignments!  Check that this is the same file used for alignment.
ERROR: Alignment Reference Headers: ['Clostridium_sp_M62_1_gi_283767238_ref_NZ_', 'Clostridium_sp_M62_1_gi_283767236_ref_NZ_', 'Clostridium_sp_M62_1_gi_283767237_ref_NZ_', 'Clostridium_sp_M62_1_gi_283767251_ref_NZ_', 'Clostridium_sp_M62_1_gi_283767242_ref_NZ_', 'Clostridium_sp_M62_1_gi_283767235_ref_NZ_', 'Clostridium_sp_M62_1_gi_283767246_ref_NZ_', 'Clostridium_sp_M62_1_gi_283767240_ref_NZ_', 'Clostridium_sp_M62_1_gi_283767248_ref_NZ_', 'Clostridium_sp_M62_1_gi_283767239_ref_NZ_']
	Reference Clostridium_sp_M62_1_gi_283767237_ref_NZ_: 20 total alignments. 1 total regions.
		Region: 1 to 463016 (463016 bp)
			START in gap: 1 to 2816 (2815 bp)
			Align 1: 2816 5512 scaffold_822 2697 1
				Negative gap (overlap) between this and next alignment: 5512 to 5414 (-98 bp)
				Next Alignment: 5414 26718 scaffold_146 1 21306

			Previous gap was negative, modifying coordinates to ignore overlap
				Moving contig start from 1 to 100.
			Align 2: 5513 26718 scaffold_146 100 21306
				The next alignment (8564 8647 scaffold_7100 84 1) is redundant. Skipping.
				Gap between this and next alignment: 26718 to 36682 (9963 bp)
				Next Alignment: 36682 36846 scaffold_146 36747 36911

			Align 4: 36682 36846 scaffold_146 36747 36911
				Negative gap (overlap) between this and next alignment: 36846 to 36748 (-98 bp)
				Next Alignment: 36748 37997 scaffold_10508 1251 1

			Previous gap was negative, modifying coordinates to ignore overlap
				Moving contig start from 1251 to 1152.
			Align 5: 36847 37997 scaffold_10508 1152 1
				The next alignment (36992 37496 scaffold_1226 505 1) is redundant. Skipping.
				Gap between this and next alignment: 37997 to 39988 (1990 bp)
				Next Alignment: 39988 40991 scaffold_26624 1 1002

			Align 7: 39988 40991 scaffold_26624 1 1002
				Negative gap (overlap) between this and next alignment: 40991 to 40893 (-98 bp)
				Next Alignment: 40893 42734 scaffold_10220 1845 1

			Previous gap was negative, modifying coordinates to ignore overlap
				Moving contig start from 1845 to 1746.
			Align 8: 40992 42734 scaffold_10220 1746 1
				Gap between this and next alignment: 42734 to 42845 (110 bp)
				Next Alignment: 42845 44024 scaffold_11358 1181 1

			Align 9: 42845 44024 scaffold_11358 1181 1
				Negative gap (overlap) between this and next alignment: 44024 to 43926 (-98 bp)
				Next Alignment: 43926 46914 scaffold_2423 1 2989

			Previous gap was negative, modifying coordinates to ignore overlap
				Moving contig start from 1 to 100.
			Align 10: 44025 46914 scaffold_2423 100 2989
				Gap between this and next alignment: 46914 to 47155 (240 bp)
				Next Alignment: 47155 48217 scaffold_12949 1 1063

			Align 11: 47155 48217 scaffold_12949 1 1063
				Gap between this and next alignment: 48217 to 48274 (56 bp)
				Next Alignment: 48274 58947 scaffold_549 1 10662

			Align 12: 48274 58947 scaffold_549 1 10662
				Gap between this and next alignment: 58947 to 205472 (146524 bp)
				Next Alignment: 205472 206063 scaffold_27052 592 1

			Align 13: 205472 206063 scaffold_27052 592 1
				Gap between this and next alignment: 206063 to 209252 (3188 bp)
				Next Alignment: 209252 210047 scaffold_30413 799 1

			Align 14: 209252 210047 scaffold_30413 799 1
				Gap between this and next alignment: 210047 to 212110 (2062 bp)
				Next Alignment: 212110 213060 scaffold_14776 6 956

			Align 15: 212110 213060 scaffold_14776 6 956
				Gap between this and next alignment: 213060 to 342869 (129808 bp)
				Next Alignment: 342869 342982 scaffold_28293 442 555

			Align 16: 342869 342982 scaffold_28293 442 555
				The next alignment (342875 342980 scaffold_370 105 1) is redundant. Skipping.
				The next alignment (342883 342980 scaffold_297 98 1) is redundant. Skipping.
				Gap between this and next alignment: 342982 to 357305 (14322 bp)
				Next Alignment: 357305 357411 scaffold_153 35322 35216

			Align 19: 357305 357411 scaffold_153 35322 35216
				The next alignment (357305 357410 scaffold_333 32853 32748) is redundant. Skipping.

	Reference Clostridium_sp_M62_1_gi_283767240_ref_NZ_: 2 total alignments. 1 total regions.
		Region: 1 to 235927 (235927 bp)
			START in gap: 1 to 19 (18 bp)
			Align 1: 19 181 scaffold_5835 1582 1744
				Gap between this and next alignment: 181 to 156350 (156168 bp)
				Next Alignment: 156350 156813 scaffold_21286 466 4

			Align 2: 156350 156813 scaffold_21286 466 4
			END in gap: 156813 to 235927 (79114 bp)

	Reference Clostridium_sp_M62_1_gi_283767248_ref_NZ_: 3 total alignments. 1 total regions.
		Region: 1 to 2281 (2281 bp)
			START in gap: 1 to 692 (691 bp)
			Align 1: 692 768 scaffold_29409 634 710
				Negative gap (overlap) between this and next alignment: 768 to 692 (-76 bp)
				Next Alignment: 692 769 scaffold_29409 717 794

			Previous gap was negative, modifying coordinates to ignore overlap
				Moving contig start from 717 to 794.
			Align 2: 769 769 scaffold_29409 794 794
				Gap between this and next alignment: 769 to 917 (147 bp)
				Next Alignment: 917 991 scaffold_2327 2037 1963

			Align 3: 917 991 scaffold_2327 2037 1963
			END in gap: 991 to 2281 (1290 bp)

ERROR: Reference Clostridium_sp_M62_1_gi_283767245_ref_NZ_ does not have any alignments!  Check that this is the same file used for alignment.
ERROR: Alignment Reference Headers: ['Clostridium_sp_M62_1_gi_283767238_ref_NZ_', 'Clostridium_sp_M62_1_gi_283767236_ref_NZ_', 'Clostridium_sp_M62_1_gi_283767237_ref_NZ_', 'Clostridium_sp_M62_1_gi_283767251_ref_NZ_', 'Clostridium_sp_M62_1_gi_283767242_ref_NZ_', 'Clostridium_sp_M62_1_gi_283767235_ref_NZ_', 'Clostridium_sp_M62_1_gi_283767246_ref_NZ_', 'Clostridium_sp_M62_1_gi_283767240_ref_NZ_', 'Clostridium_sp_M62_1_gi_283767248_ref_NZ_', 'Clostridium_sp_M62_1_gi_283767239_ref_NZ_']
ERROR: Reference Clostridium_sp_M62_1_gi_283767247_ref_NZ_ does not have any alignments!  Check that this is the same file used for alignment.
ERROR: Alignment Reference Headers: ['Clostridium_sp_M62_1_gi_283767238_ref_NZ_', 'Clostridium_sp_M62_1_gi_283767236_ref_NZ_', 'Clostridium_sp_M62_1_gi_283767237_ref_NZ_', 'Clostridium_sp_M62_1_gi_283767251_ref_NZ_', 'Clostridium_sp_M62_1_gi_283767242_ref_NZ_', 'Clostridium_sp_M62_1_gi_283767235_ref_NZ_', 'Clostridium_sp_M62_1_gi_283767246_ref_NZ_', 'Clostridium_sp_M62_1_gi_283767240_ref_NZ_', 'Clostridium_sp_M62_1_gi_283767248_ref_NZ_', 'Clostridium_sp_M62_1_gi_283767239_ref_NZ_']
	Reference Clostridium_sp_M62_1_gi_283767251_ref_NZ_: 1 total alignments. 1 total regions.
		Region: 1 to 706 (706 bp)
			START in gap: 1 to 540 (539 bp)
			Align 1: 540 614 scaffold_2327 1323 1249
			END in gap: 614 to 706 (92 bp)

ERROR: Reference Clostridium_sp_M62_1_gi_283767244_ref_NZ_ does not have any alignments!  Check that this is the same file used for alignment.
ERROR: Alignment Reference Headers: ['Clostridium_sp_M62_1_gi_283767238_ref_NZ_', 'Clostridium_sp_M62_1_gi_283767236_ref_NZ_', 'Clostridium_sp_M62_1_gi_283767237_ref_NZ_', 'Clostridium_sp_M62_1_gi_283767251_ref_NZ_', 'Clostridium_sp_M62_1_gi_283767242_ref_NZ_', 'Clostridium_sp_M62_1_gi_283767235_ref_NZ_', 'Clostridium_sp_M62_1_gi_283767246_ref_NZ_', 'Clostridium_sp_M62_1_gi_283767240_ref_NZ_', 'Clostridium_sp_M62_1_gi_283767248_ref_NZ_', 'Clostridium_sp_M62_1_gi_283767239_ref_NZ_']
ERROR: Reference Clostridium_sp_M62_1_gi_283767252_ref_NZ_ does not have any alignments!  Check that this is the same file used for alignment.
ERROR: Alignment Reference Headers: ['Clostridium_sp_M62_1_gi_283767238_ref_NZ_', 'Clostridium_sp_M62_1_gi_283767236_ref_NZ_', 'Clostridium_sp_M62_1_gi_283767237_ref_NZ_', 'Clostridium_sp_M62_1_gi_283767251_ref_NZ_', 'Clostridium_sp_M62_1_gi_283767242_ref_NZ_', 'Clostridium_sp_M62_1_gi_283767235_ref_NZ_', 'Clostridium_sp_M62_1_gi_283767246_ref_NZ_', 'Clostridium_sp_M62_1_gi_283767240_ref_NZ_', 'Clostridium_sp_M62_1_gi_283767248_ref_NZ_', 'Clostridium_sp_M62_1_gi_283767239_ref_NZ_']
	Reference Clostridium_sp_M62_1_gi_283767246_ref_NZ_: 9 total alignments. 1 total regions.
		Region: 1 to 30658 (30658 bp)
			START in gap: 1 to 1182 (1181 bp)
			Align 1: 1182 4017 scaffold_2161 7 2842
				Gap between this and next alignment: 4017 to 4305 (287 bp)
				Next Alignment: 4305 6075 scaffold_7305 1772 1

			Align 2: 4305 6075 scaffold_7305 1772 1
				Gap between this and next alignment: 6075 to 8155 (2079 bp)
				Next Alignment: 8155 10489 scaffold_3652 2335 1

			Align 3: 8155 10489 scaffold_3652 2335 1
				Gap between this and next alignment: 10489 to 10585 (95 bp)
				Next Alignment: 10585 11622 scaffold_13366 1038 1

			Align 4: 10585 11622 scaffold_13366 1038 1
				Gap between this and next alignment: 11622 to 11841 (218 bp)
				Next Alignment: 11841 13527 scaffold_7073 1 1687

			Align 5: 11841 13527 scaffold_7073 1 1687
				Gap between this and next alignment: 13527 to 13529 (1 bp)
				Next Alignment: 13529 13770 scaffold_7704 1 242

			Align 6: 13529 13770 scaffold_7704 1 242
				Gap between this and next alignment: 13770 to 13945 (174 bp)
				Next Alignment: 13945 15113 scaffold_7704 414 1582

			Align 7: 13945 15113 scaffold_7704 414 1582
				Gap between this and next alignment: 15113 to 15601 (487 bp)
				Next Alignment: 15601 16327 scaffold_18660 72 797

			Align 8: 15601 16327 scaffold_18660 72 797
				Gap between this and next alignment: 16327 to 16852 (524 bp)
				Next Alignment: 16852 17124 scaffold_11534 1165 893

			Align 9: 16852 17124 scaffold_11534 1165 893
			END in gap: 17124 to 30658 (13534 bp)

	Reference Clostridium_sp_M62_1_gi_283767236_ref_NZ_: 19 total alignments. 1 total regions.
		Region: 1 to 648183 (648183 bp)
			START in gap: 1 to 70099 (70098 bp)
			Align 1: 70099 70583 scaffold_3718 3595 4082
				Gap between this and next alignment: 70583 to 244013 (173429 bp)
				Next Alignment: 244013 244887 scaffold_16429 1 875

			Align 2: 244013 244887 scaffold_16429 1 875
				Gap between this and next alignment: 244887 to 245004 (116 bp)
				Next Alignment: 245004 246229 scaffold_23380 1 1229

			Align 3: 245004 246229 scaffold_23380 1 1229
				The next alignment (245568 246221 scaffold_39861 657 1) is redundant. Skipping.
				Gap between this and next alignment: 246229 to 246297 (67 bp)
				Next Alignment: 246297 250055 scaffold_2297 3759 1

			Align 5: 246297 250055 scaffold_2297 3759 1
				Gap between this and next alignment: 250055 to 258657 (8601 bp)
				Next Alignment: 258657 259259 scaffold_26543 603 1

			Align 6: 258657 259259 scaffold_26543 603 1
				Negative gap (overlap) between this and next alignment: 259259 to 259257 (-2 bp)
				Next Alignment: 259257 263275 scaffold_2124 4021 1

			Previous gap was negative, modifying coordinates to ignore overlap
				Moving contig start from 4021 to 4018.
			Align 7: 259260 263275 scaffold_2124 4018 1
				Negative gap (overlap) between this and next alignment: 263275 to 263177 (-98 bp)
				Next Alignment: 263177 263798 scaffold_25580 1 622

			Previous gap was negative, modifying coordinates to ignore overlap
				Moving contig start from 1 to 100.
			Align 8: 263276 263798 scaffold_25580 100 622
				Negative gap (overlap) between this and next alignment: 263798 to 263700 (-98 bp)
				Next Alignment: 263700 264992 scaffold_10067 1293 1

			Previous gap was negative, modifying coordinates to ignore overlap
				Moving contig start from 1293 to 1194.
			Align 9: 263799 264992 scaffold_10067 1194 1
				Gap between this and next alignment: 264992 to 274391 (9398 bp)
				Next Alignment: 274391 275767 scaffold_5824 538 1914

			Align 10: 274391 275767 scaffold_5824 538 1914
				Gap between this and next alignment: 275767 to 444137 (168369 bp)
				Next Alignment: 444137 444527 scaffold_842 391 1

			Align 11: 444137 444527 scaffold_842 391 1
				Gap between this and next alignment: 444527 to 447208 (2680 bp)
				Next Alignment: 447208 448160 scaffold_5452 1 948

			Align 12: 447208 448160 scaffold_5452 1 948
				Gap between this and next alignment: 448160 to 453742 (5581 bp)
				Next Alignment: 453742 455064 scaffold_9801 1323 1

			Align 13: 453742 455064 scaffold_9801 1323 1
				Gap between this and next alignment: 455064 to 461366 (6301 bp)
				Next Alignment: 461366 462139 scaffold_19414 774 1

			Align 14: 461366 462139 scaffold_19414 774 1
				Gap between this and next alignment: 462139 to 463115 (975 bp)
				Next Alignment: 463115 463802 scaffold_22471 688 1

			Align 15: 463115 463802 scaffold_22471 688 1
				Gap between this and next alignment: 463802 to 464824 (1021 bp)
				Next Alignment: 464824 465408 scaffold_27360 585 1

			Align 16: 464824 465408 scaffold_27360 585 1
				Gap between this and next alignment: 465408 to 466336 (927 bp)
				Next Alignment: 466336 466547 scaffold_12507 212 1

			Align 17: 466336 466547 scaffold_12507 212 1
				Gap between this and next alignment: 466547 to 472858 (6310 bp)
				Next Alignment: 472858 474160 scaffold_9970 1 1303

			Align 18: 472858 474160 scaffold_9970 1 1303
				Gap between this and next alignment: 474160 to 475710 (1549 bp)
				Next Alignment: 475710 476318 scaffold_26223 609 1

			Align 19: 475710 476318 scaffold_26223 609 1
			END in gap: 476318 to 648183 (171865 bp)

ERROR: Reference Clostridium_sp_M62_1_gi_283767250_ref_NZ_ does not have any alignments!  Check that this is the same file used for alignment.
ERROR: Alignment Reference Headers: ['Clostridium_sp_M62_1_gi_283767238_ref_NZ_', 'Clostridium_sp_M62_1_gi_283767236_ref_NZ_', 'Clostridium_sp_M62_1_gi_283767237_ref_NZ_', 'Clostridium_sp_M62_1_gi_283767251_ref_NZ_', 'Clostridium_sp_M62_1_gi_283767242_ref_NZ_', 'Clostridium_sp_M62_1_gi_283767235_ref_NZ_', 'Clostridium_sp_M62_1_gi_283767246_ref_NZ_', 'Clostridium_sp_M62_1_gi_283767240_ref_NZ_', 'Clostridium_sp_M62_1_gi_283767248_ref_NZ_', 'Clostridium_sp_M62_1_gi_283767239_ref_NZ_']
ERROR: Reference Clostridium_sp_M62_1_gi_283767258_ref_NZ_ does not have any alignments!  Check that this is the same file used for alignment.
ERROR: Alignment Reference Headers: ['Clostridium_sp_M62_1_gi_283767238_ref_NZ_', 'Clostridium_sp_M62_1_gi_283767236_ref_NZ_', 'Clostridium_sp_M62_1_gi_283767237_ref_NZ_', 'Clostridium_sp_M62_1_gi_283767251_ref_NZ_', 'Clostridium_sp_M62_1_gi_283767242_ref_NZ_', 'Clostridium_sp_M62_1_gi_283767235_ref_NZ_', 'Clostridium_sp_M62_1_gi_283767246_ref_NZ_', 'Clostridium_sp_M62_1_gi_283767240_ref_NZ_', 'Clostridium_sp_M62_1_gi_283767248_ref_NZ_', 'Clostridium_sp_M62_1_gi_283767239_ref_NZ_']
ERROR: Reference Clostridium_sp_M62_1_gi_283767259_ref_NZ_ does not have any alignments!  Check that this is the same file used for alignment.
ERROR: Alignment Reference Headers: ['Clostridium_sp_M62_1_gi_283767238_ref_NZ_', 'Clostridium_sp_M62_1_gi_283767236_ref_NZ_', 'Clostridium_sp_M62_1_gi_283767237_ref_NZ_', 'Clostridium_sp_M62_1_gi_283767251_ref_NZ_', 'Clostridium_sp_M62_1_gi_283767242_ref_NZ_', 'Clostridium_sp_M62_1_gi_283767235_ref_NZ_', 'Clostridium_sp_M62_1_gi_283767246_ref_NZ_', 'Clostridium_sp_M62_1_gi_283767240_ref_NZ_', 'Clostridium_sp_M62_1_gi_283767248_ref_NZ_', 'Clostridium_sp_M62_1_gi_283767239_ref_NZ_']
	Reference Clostridium_sp_M62_1_gi_283767235_ref_NZ_: 30 total alignments. 1 total regions.
		Region: 1 to 947737 (947737 bp)
			START in gap: 1 to 139696 (139695 bp)
			Align 1: 139696 140398 scaffold_21898 703 1
				Gap between this and next alignment: 140398 to 140443 (44 bp)
				Next Alignment: 140443 142396 scaffold_5680 1954 1

			Align 2: 140443 142396 scaffold_5680 1954 1
				Gap between this and next alignment: 142396 to 142578 (181 bp)
				Next Alignment: 142578 142744 scaffold_16057 1 167

			Align 3: 142578 142744 scaffold_16057 1 167
				Gap between this and next alignment: 142744 to 152914 (10169 bp)
				Next Alignment: 152914 153994 scaffold_27481 1 1071

			Align 4: 152914 153994 scaffold_27481 1 1071
				Negative gap (overlap) between this and next alignment: 153994 to 153896 (-98 bp)
				Next Alignment: 153896 154987 scaffold_12537 1092 1

			Previous gap was negative, modifying coordinates to ignore overlap
				Moving contig start from 1092 to 993.
			Align 5: 153995 154987 scaffold_12537 993 1
				Negative gap (overlap) between this and next alignment: 154987 to 154889 (-98 bp)
				Next Alignment: 154889 155599 scaffold_30832 1 704

			Previous gap was negative, modifying coordinates to ignore overlap
				Moving contig start from 1 to 100.
			Align 6: 154988 155599 scaffold_30832 100 704
				Gap between this and next alignment: 155599 to 155613 (13 bp)
				Next Alignment: 155613 155773 scaffold_1135 1 161

			Align 7: 155613 155773 scaffold_1135 1 161
				Negative gap (overlap) between this and next alignment: 155773 to 155741 (-32 bp)
				Next Alignment: 155741 156648 scaffold_1213 910 3

			Previous gap was negative, modifying coordinates to ignore overlap
				Moving contig start from 910 to 877.
			Align 8: 155774 156648 scaffold_1213 877 3
				Negative gap (overlap) between this and next alignment: 156648 to 156566 (-82 bp)
				Next Alignment: 156566 158101 scaffold_14514 1 1536

			Previous gap was negative, modifying coordinates to ignore overlap
				Moving contig start from 1 to 84.
			Align 9: 156649 158101 scaffold_14514 84 1536
				Gap between this and next alignment: 158101 to 159060 (958 bp)
				Next Alignment: 159060 160029 scaffold_14508 970 1

			Align 10: 159060 160029 scaffold_14508 970 1
				Gap between this and next alignment: 160029 to 162359 (2329 bp)
				Next Alignment: 162359 163728 scaffold_6879 1372 1

			Align 11: 162359 163728 scaffold_6879 1372 1
				Gap between this and next alignment: 163728 to 229224 (65495 bp)
				Next Alignment: 229224 231997 scaffold_2642 93 2869

			Align 12: 229224 231997 scaffold_2642 93 2869
				Gap between this and next alignment: 231997 to 250195 (18197 bp)
				Next Alignment: 250195 263801 scaffold_508 214 13821

			Align 13: 250195 263801 scaffold_508 214 13821
				Gap between this and next alignment: 263801 to 359871 (96069 bp)
				Next Alignment: 359871 359947 scaffold_29 347 271

			Align 14: 359871 359947 scaffold_29 347 271
				The next alignment (359871 359946 scaffold_43 94567 94642) is redundant. Skipping.
				Gap between this and next alignment: 359947 to 594542 (234594 bp)
				Next Alignment: 594542 602374 scaffold_1036 7833 1

			Align 16: 594542 602374 scaffold_1036 7833 1
				Gap between this and next alignment: 602374 to 602500 (125 bp)
				Next Alignment: 602500 602638 scaffold_17039 1 139

			Align 17: 602500 602638 scaffold_17039 1 139
				Gap between this and next alignment: 602638 to 641496 (38857 bp)
				Next Alignment: 641496 641605 scaffold_14030 111 1

			Align 18: 641496 641605 scaffold_14030 111 1
				Negative gap (overlap) between this and next alignment: 641605 to 641558 (-47 bp)
				Next Alignment: 641558 641777 scaffold_9437 1 220

			Previous gap was negative, modifying coordinates to ignore overlap
				Moving contig start from 1 to 49.
			Align 19: 641606 641777 scaffold_9437 49 220
				Gap between this and next alignment: 641777 to 641880 (102 bp)
				Next Alignment: 641880 643236 scaffold_9437 325 1683

			Align 20: 641880 643236 scaffold_9437 325 1683
				The next alignment (642617 643158 scaffold_28744 1 542) is redundant. Skipping.
				Gap between this and next alignment: 643236 to 646289 (3052 bp)
				Next Alignment: 646289 646436 scaffold_19529 1250 1103

			Align 22: 646289 646436 scaffold_19529 1250 1103
				Gap between this and next alignment: 646436 to 647034 (597 bp)
				Next Alignment: 647034 647438 scaffold_3560 2327 2732

			Align 23: 647034 647438 scaffold_3560 2327 2732
				Negative gap (overlap) between this and next alignment: 647438 to 647227 (-211 bp)
				Next Alignment: 647227 648917 scaffold_923 9169 7479

			Previous gap was negative, modifying coordinates to ignore overlap
				Moving contig start from 9169 to 8957.
			Align 24: 647439 648917 scaffold_923 8957 7479
				Gap between this and next alignment: 648917 to 716952 (68034 bp)
				Next Alignment: 716952 717050 scaffold_18403 1 99

			Align 25: 716952 717050 scaffold_18403 1 99
				Gap between this and next alignment: 717050 to 730113 (13062 bp)
				Next Alignment: 730113 733488 scaffold_6595 3374 1

			Align 26: 730113 733488 scaffold_6595 3374 1
				Gap between this and next alignment: 733488 to 749501 (16012 bp)
				Next Alignment: 749501 753898 scaffold_1900 4395 1

			Align 27: 749501 753898 scaffold_1900 4395 1
				Negative gap (overlap) between this and next alignment: 753898 to 753800 (-98 bp)
				Next Alignment: 753800 756141 scaffold_4397 1 2342

			Previous gap was negative, modifying coordinates to ignore overlap
				Moving contig start from 1 to 100.
			Align 28: 753899 756141 scaffold_4397 100 2342
				Gap between this and next alignment: 756141 to 759793 (3651 bp)
				Next Alignment: 759793 760438 scaffold_24368 646 1

			Align 29: 759793 760438 scaffold_24368 646 1
				Negative gap (overlap) between this and next alignment: 760438 to 760340 (-98 bp)
				Next Alignment: 760340 762188 scaffold_6151 1 1849

			Previous gap was negative, modifying coordinates to ignore overlap
				Moving contig start from 1 to 100.
			Align 30: 760439 762188 scaffold_6151 100 1849
			END in gap: 762188 to 947737 (185549 bp)

ERROR: Reference Clostridium_sp_M62_1_gi_283767249_ref_NZ_ does not have any alignments!  Check that this is the same file used for alignment.
ERROR: Alignment Reference Headers: ['Clostridium_sp_M62_1_gi_283767238_ref_NZ_', 'Clostridium_sp_M62_1_gi_283767236_ref_NZ_', 'Clostridium_sp_M62_1_gi_283767237_ref_NZ_', 'Clostridium_sp_M62_1_gi_283767251_ref_NZ_', 'Clostridium_sp_M62_1_gi_283767242_ref_NZ_', 'Clostridium_sp_M62_1_gi_283767235_ref_NZ_', 'Clostridium_sp_M62_1_gi_283767246_ref_NZ_', 'Clostridium_sp_M62_1_gi_283767240_ref_NZ_', 'Clostridium_sp_M62_1_gi_283767248_ref_NZ_', 'Clostridium_sp_M62_1_gi_283767239_ref_NZ_']
ERROR: Reference Clostridium_sp_M62_1_gi_283767256_ref_NZ_ does not have any alignments!  Check that this is the same file used for alignment.
ERROR: Alignment Reference Headers: ['Clostridium_sp_M62_1_gi_283767238_ref_NZ_', 'Clostridium_sp_M62_1_gi_283767236_ref_NZ_', 'Clostridium_sp_M62_1_gi_283767237_ref_NZ_', 'Clostridium_sp_M62_1_gi_283767251_ref_NZ_', 'Clostridium_sp_M62_1_gi_283767242_ref_NZ_', 'Clostridium_sp_M62_1_gi_283767235_ref_NZ_', 'Clostridium_sp_M62_1_gi_283767246_ref_NZ_', 'Clostridium_sp_M62_1_gi_283767240_ref_NZ_', 'Clostridium_sp_M62_1_gi_283767248_ref_NZ_', 'Clostridium_sp_M62_1_gi_283767239_ref_NZ_']
Analysis is finished!
Founded SNPs were written into /Molly/miheenko/quast_results/res_metahit_final/runs_per_reference/Clostridium_sp_M62_1/contigs_reports/nucmer_output/IDBA_UD.used_snps

Results:
	Local Misassemblies: 1
	Misassemblies: 1
		Relocations: 1
		Translocations: 0
		Inversions: 0
	Fake misassemblies matched with structural variations: 0
	Misassembled Contigs: 1
	Misassembled Contig Bases: 36911
	Misassemblies Inter-Contig Overlap: 0
Uncovered Regions: 0 (0)
Unaligned Contigs: 0 + 40 part
Partially Unaligned Contigs with Misassemblies: 3
Unaligned Contig Bases: 384708

Ambiguously Mapped Contigs: 0
Total Bases in Ambiguously Mapped Contigs: 0
Note that --allow-ambiguity option was set to "one" and only first alignment per each contig was used.

	Covered Bases: 132305

	SNPs: 2383
	Insertions: 55
	Deletions: 72

	Positive Gaps: 74
		Internal Gaps:  3
		External Gaps:  71
		External Gap Total:  3033033
		External Gap Average: 42719
	Negative Gaps: 17
		Internal Overlaps:  1
		External Overlaps:  16
		External Overlaps Total: -1481
		External Overlaps Average: -93
	Contigs with Redundant Alignments: 7 (2171)
