Aligning contigs to reference...
	Running Nucmer
Parsing coords...
Loading reference...
	Loaded [Clostridium_sp_M62_1_gi_283767235_ref_NZ_]
	Loaded [Clostridium_sp_M62_1_gi_283767236_ref_NZ_]
	Loaded [Clostridium_sp_M62_1_gi_283767237_ref_NZ_]
	Loaded [Clostridium_sp_M62_1_gi_283767238_ref_NZ_]
	Loaded [Clostridium_sp_M62_1_gi_283767239_ref_NZ_]
	Loaded [Clostridium_sp_M62_1_gi_283767240_ref_NZ_]
	Loaded [Clostridium_sp_M62_1_gi_283767241_ref_NZ_]
	Loaded [Clostridium_sp_M62_1_gi_283767242_ref_NZ_]
	Loaded [Clostridium_sp_M62_1_gi_283767243_ref_NZ_]
	Loaded [Clostridium_sp_M62_1_gi_283767244_ref_NZ_]
	Loaded [Clostridium_sp_M62_1_gi_283767245_ref_NZ_]
	Loaded [Clostridium_sp_M62_1_gi_283767246_ref_NZ_]
	Loaded [Clostridium_sp_M62_1_gi_283767247_ref_NZ_]
	Loaded [Clostridium_sp_M62_1_gi_283767248_ref_NZ_]
	Loaded [Clostridium_sp_M62_1_gi_283767249_ref_NZ_]
	Loaded [Clostridium_sp_M62_1_gi_283767250_ref_NZ_]
	Loaded [Clostridium_sp_M62_1_gi_283767251_ref_NZ_]
	Loaded [Clostridium_sp_M62_1_gi_283767252_ref_NZ_]
	Loaded [Clostridium_sp_M62_1_gi_283767253_ref_NZ_]
	Loaded [Clostridium_sp_M62_1_gi_283767254_ref_NZ_]
	Loaded [Clostridium_sp_M62_1_gi_283767255_ref_NZ_]
	Loaded [Clostridium_sp_M62_1_gi_283767256_ref_NZ_]
	Loaded [Clostridium_sp_M62_1_gi_283767257_ref_NZ_]
	Loaded [Clostridium_sp_M62_1_gi_283767258_ref_NZ_]
	Loaded [Clostridium_sp_M62_1_gi_283767259_ref_NZ_]
	Loaded [Clostridium_sp_M62_1_gi_283767260_ref_NZ_]
Loading SNPs...
Loading regions...
	No regions given, using whole reference.
	Total Regions: 26
	Total Region Length: 3842594
Analyzing contigs...
CONTIG: NODE_206_length_39677_cov_5.33065_ID_411 (39677bp)
Top Length: 14718  Top ID: 98.41
		This contig is misassembled. 3 total aligns.
			Real Alignment 1: 249085 263801 | 16672 1955 | 14717 14718 | 98.41 | Clostridium_sp_M62_1_gi_283767235_ref_NZ_ NODE_206_length_39677_cov_5.33065_ID_411
			  Extensive misassembly ( relocation, inconsistency = 1115 ) between these two alignments
			Real Alignment 2: 233777 245916 | 30858 18726 | 12140 12133 | 96.82 | Clostridium_sp_M62_1_gi_283767235_ref_NZ_ NODE_206_length_39677_cov_5.33065_ID_411
			  Extensive misassembly ( relocation, inconsistency = -4214 ) between these two alignments
			Real Alignment 3: 229224 231997 | 39628 36852 | 2774 2777 | 97.01 | Clostridium_sp_M62_1_gi_283767235_ref_NZ_ NODE_206_length_39677_cov_5.33065_ID_411
		This contig has significant unaligned parts (of length >= min-contig)! It can contain interspecies translocations

CONTIG: NODE_1084_length_11383_cov_8.81056_ID_2167 (11383bp)
Top Length: 7062  Top ID: 96.12
		This contig is misassembled. 2 total aligns.
			Real Alignment 1: 753972 755212 | 1241 1 | 1241 1241 | 97.9 | Clostridium_sp_M62_1_gi_283767235_ref_NZ_ NODE_1084_length_11383_cov_8.81056_ID_2167
			  Extensive misassembly ( relocation, inconsistency = -3081 ) between these two alignments
			Real Alignment 2: 746908 753972 | 11383 4322 | 7065 7062 | 96.12 | Clostridium_sp_M62_1_gi_283767235_ref_NZ_ NODE_1084_length_11383_cov_8.81056_ID_2167
		This contig has significant unaligned parts (of length >= min-contig)! It can contain interspecies translocations

CONTIG: NODE_1952_length_6828_cov_12.3375_ID_3903 (6828bp)
Top Length: 6828  Top ID: 95.84
		One align captures most of this contig: 755431 762258 | 1 6828 | 6828 6828 | 95.84 | Clostridium_sp_M62_1_gi_283767235_ref_NZ_ NODE_1952_length_6828_cov_12.3375_ID_3903

CONTIG: NODE_2494_length_5683_cov_1.89179_ID_4987 (5683bp)
Top Length: 3442  Top ID: 99.71
		This contig is misassembled. 2 total aligns.
			Real Alignment 1: 53312 54656 | 1344 1 | 1345 1344 | 95.4 | Clostridium_sp_M62_1_gi_283767235_ref_NZ_ NODE_2494_length_5683_cov_1.89179_ID_4987
			  Gap between these two alignments (local misassembly). Inconsistency = 0 
			Real Alignment 2: 49726 53167 | 4930 1489 | 3442 3442 | 99.71 | Clostridium_sp_M62_1_gi_283767235_ref_NZ_ NODE_2494_length_5683_cov_1.89179_ID_4987
		This contig has significant unaligned parts (of length >= min-contig)! It can contain interspecies translocations

CONTIG: NODE_3100_length_4810_cov_11.0419_ID_6199 (4810bp)
Top Length: 4705  Top ID: 97.13
		This contig is partially unaligned. (Aligned 4705 out of 4810 bases)
		Alignment: 734704 739408 | 1 4705 | 4705 4705 | 97.13 | Clostridium_sp_M62_1_gi_283767235_ref_NZ_ NODE_3100_length_4810_cov_11.0419_ID_6199
		Unaligned bases: 4706 to 4810 (105)

CONTIG: NODE_6291_length_2751_cov_3.94955_ID_12581 (2751bp)
Top Length: 853  Top ID: 96.01
		This contig is partially unaligned. (Aligned 853 out of 2751 bases)
		Alignment: 14463 15315 | 304 1156 | 853 853 | 96.01 | Clostridium_sp_M62_1_gi_283767235_ref_NZ_ NODE_6291_length_2751_cov_3.94955_ID_12581
		Unaligned bases: 1 to 303 (303)
		Unaligned bases: 1157 to 2751 (1595)
		This contig has both significant aligned and unaligned parts (of length >= min-contig)! It can contain interspecies translocations

CONTIG: NODE_7462_length_2381_cov_16.4901_ID_14923 (2381bp)
Top Length: 2381  Top ID: 99.75
		One align captures most of this contig: 152958 155338 | 2381 1 | 2381 2381 | 99.75 | Clostridium_sp_M62_1_gi_283767235_ref_NZ_ NODE_7462_length_2381_cov_16.4901_ID_14923

CONTIG: NODE_10932_length_1700_cov_1.13009_ID_21863 (1700bp)
Top Length: 1389  Top ID: 99.5
		This contig is partially unaligned. (Aligned 1389 out of 1700 bases)
		Alignment: 162359 163745 | 1389 1 | 1387 1389 | 99.5 | Clostridium_sp_M62_1_gi_283767235_ref_NZ_ NODE_10932_length_1700_cov_1.13009_ID_21863
		Unaligned bases: 1390 to 1700 (311)

CONTIG: NODE_11310_length_1647_cov_1.14573_ID_22619 (1647bp)
Top Length: 100  Top ID: 95.05
			Skipping redundant alignments after choosing the best set of alignments
		Skipping redundant alignment 646789 646889 | 1647 1548 | 101 100 | 95.05 | Clostridium_sp_M62_1_gi_283767235_ref_NZ_ NODE_11310_length_1647_cov_1.14573_ID_22619
		Skipping redundant alignment 447094 447194 | 1548 1647 | 101 100 | 95.05 | Clostridium_sp_M62_1_gi_283767236_ref_NZ_ NODE_11310_length_1647_cov_1.14573_ID_22619
		This contig is partially unaligned. (Aligned 100 out of 1647 bases)
		Alignment: 644645 644745 | 1647 1548 | 101 100 | 95.05 | Clostridium_sp_M62_1_gi_283767235_ref_NZ_ NODE_11310_length_1647_cov_1.14573_ID_22619
		Unaligned bases: 1 to 1547 (1547)

CONTIG: NODE_13125_length_1435_cov_3.39203_ID_26249 (1435bp)
Top Length: 168  Top ID: 97.62
		This contig is partially unaligned. (Aligned 168 out of 1435 bases)
		Alignment: 155606 155773 | 1 168 | 168 168 | 97.62 | Clostridium_sp_M62_1_gi_283767235_ref_NZ_ NODE_13125_length_1435_cov_3.39203_ID_26249
		Unaligned bases: 169 to 1435 (1267)

CONTIG: NODE_15371_length_1237_cov_20.4814_ID_30741 (1237bp)
Top Length: 1237  Top ID: 96.77
		This contig has 2 significant alignments. [An ambiguously mapped contig]
		Using only first of these alignment (option --ambiguity-usage is set to "one"):
		Alignment: 444604 445839 | 1 1237 | 1236 1237 | 96.77 | Clostridium_sp_M62_1_gi_283767236_ref_NZ_ NODE_15371_length_1237_cov_20.4814_ID_30741
		Skipping alignment  647214 648450 | 1237 1 | 1237 1237 | 95.96 | Clostridium_sp_M62_1_gi_283767235_ref_NZ_ NODE_15371_length_1237_cov_20.4814_ID_30741

CONTIG: NODE_17862_length_1074_cov_10.8616_ID_35723 (1074bp)
Top Length: 236  Top ID: 97.88
		This contig is partially unaligned. (Aligned 236 out of 1074 bases)
		Alignment: 647034 647268 | 839 1074 | 235 236 | 97.88 | Clostridium_sp_M62_1_gi_283767235_ref_NZ_ NODE_17862_length_1074_cov_10.8616_ID_35723
		Unaligned bases: 1 to 838 (838)

CONTIG: NODE_21337_length_906_cov_5.6275_ID_42673 (906bp)
Top Length: 906  Top ID: 96.03
		One align captures most of this contig: 703855 704759 | 906 1 | 905 906 | 96.03 | Clostridium_sp_M62_1_gi_283767235_ref_NZ_ NODE_21337_length_906_cov_5.6275_ID_42673

CONTIG: NODE_27899_length_695_cov_14.4766_ID_55797 (695bp)
Top Length: 695  Top ID: 97.84
		One align captures most of this contig: 762616 763310 | 695 1 | 695 695 | 97.84 | Clostridium_sp_M62_1_gi_283767235_ref_NZ_ NODE_27899_length_695_cov_14.4766_ID_55797

CONTIG: NODE_32120_length_610_cov_2.41261_ID_64239 (610bp)
Top Length: 268  Top ID: 100.0
		This contig is misassembled. 2 total aligns.
			Real Alignment 1: 156259 156495 | 237 1 | 237 237 | 100.0 | Clostridium_sp_M62_1_gi_283767235_ref_NZ_ NODE_32120_length_610_cov_2.41261_ID_64239
			  Fake misassembly between these two alignments: inconsistency = -1 , gap in the contig is small or absent or filled mostly with Ns (short indel: insertion of length 1; 0 mismatches)
			Real Alignment 2: 155887 156154 | 610 343 | 268 268 | 100.0 | Clostridium_sp_M62_1_gi_283767235_ref_NZ_ NODE_32120_length_610_cov_2.41261_ID_64239

CONTIG: NODE_33033_length_595_cov_1.05185_ID_66065 (595bp)
Top Length: 271  Top ID: 99.63
		This contig is misassembled. 2 total aligns.
			Real Alignment 1: 159112 159382 | 271 1 | 271 271 | 99.63 | Clostridium_sp_M62_1_gi_283767235_ref_NZ_ NODE_33033_length_595_cov_1.05185_ID_66065
			  Fake misassembly between these two alignments: inconsistency = -2 , gap in the contig is small or absent or filled mostly with Ns (short indel: insertion of length 2; 0 mismatches)
			Real Alignment 2: 158790 159023 | 595 362 | 234 234 | 98.29 | Clostridium_sp_M62_1_gi_283767235_ref_NZ_ NODE_33033_length_595_cov_1.05185_ID_66065

CONTIG: NODE_37893_length_530_cov_12.5958_ID_75785 (530bp)
Top Length: 100  Top ID: 99.0
			Skipping redundant alignments after choosing the best set of alignments
		Skipping redundant alignment 157741 157840 | 431 530 | 100 100 | 99.0 | Clostridium_sp_M62_1_gi_283767240_ref_NZ_ NODE_37893_length_530_cov_12.5958_ID_75785
		This contig is partially unaligned. (Aligned 100 out of 530 bases)
		Alignment: 641503 641602 | 431 530 | 100 100 | 99.0 | Clostridium_sp_M62_1_gi_283767235_ref_NZ_ NODE_37893_length_530_cov_12.5958_ID_75785
		Unaligned bases: 1 to 430 (430)

CONTIG: NODE_39229_length_515_cov_2.58913_ID_78457 (515bp)
Top Length: 515  Top ID: 99.03
		One align captures most of this contig: 13731 14245 | 1 515 | 515 515 | 99.03 | Clostridium_sp_M62_1_gi_283767235_ref_NZ_ NODE_39229_length_515_cov_2.58913_ID_78457

CONTIG: NODE_717_length_16286_cov_6.28526_ID_1433 (16286bp)
Top Length: 84  Top ID: 97.62
		This contig is partially unaligned. (Aligned 84 out of 16286 bases)
		Alignment: 156349 156431 | 84 1 | 83 84 | 97.62 | Clostridium_sp_M62_1_gi_283767240_ref_NZ_ NODE_717_length_16286_cov_6.28526_ID_1433
		Unaligned bases: 85 to 16286 (16202)

CONTIG: NODE_4634_length_3529_cov_3.08031_ID_9267 (3529bp)
Top Length: 163  Top ID: 95.12
		This contig is partially unaligned. (Aligned 163 out of 3529 bases)
		Alignment: 19 181 | 204 42 | 163 163 | 95.12 | Clostridium_sp_M62_1_gi_283767240_ref_NZ_ NODE_4634_length_3529_cov_3.08031_ID_9267
		Unaligned bases: 1 to 41 (41)
		Unaligned bases: 205 to 3529 (3325)

CONTIG: NODE_3225_length_4664_cov_1.11195_ID_6449 (4664bp)
Top Length: 1993  Top ID: 97.04
		This contig is misassembled. 3 total aligns.
			Real Alignment 1: 13945 14861 | 917 1 | 917 917 | 96.07 | Clostridium_sp_M62_1_gi_283767246_ref_NZ_ NODE_3225_length_4664_cov_1.11195_ID_6449
			  Gap between these two alignments (local misassembly). Inconsistency = 3 
			Real Alignment 2: 11787 13770 | 3081 1089 | 1984 1993 | 97.04 | Clostridium_sp_M62_1_gi_283767246_ref_NZ_ NODE_3225_length_4664_cov_1.11195_ID_6449
			  Fake misassembly between these two alignments: inconsistency = 2 , gap in the contig is small or absent or filled mostly with Ns (short indel: deletion of length 2; 0 mismatches)
			Real Alignment 3: 10648 11622 | 4218 3244 | 975 975 | 99.38 | Clostridium_sp_M62_1_gi_283767246_ref_NZ_ NODE_3225_length_4664_cov_1.11195_ID_6449
		This contig has significant unaligned parts (of length >= min-contig)! It can contain interspecies translocations

CONTIG: NODE_3967_length_3987_cov_1.38352_ID_7933 (3987bp)
Top Length: 2343  Top ID: 99.87
		This contig is partially unaligned. (Aligned 2343 out of 3987 bases)
		Alignment: 8155 10497 | 2343 1 | 2343 2343 | 99.87 | Clostridium_sp_M62_1_gi_283767246_ref_NZ_ NODE_3967_length_3987_cov_1.38352_ID_7933
		Unaligned bases: 2344 to 3987 (1644)
		This contig has both significant aligned and unaligned parts (of length >= min-contig)! It can contain interspecies translocations

CONTIG: NODE_5052_length_3296_cov_3.12774_ID_10103 (3296bp)
Top Length: 2532  Top ID: 98.54
		Skipping redundant alignment 215 494 | 1 281 | 280 281 | 96.44 | Clostridium_sp_M62_1_gi_283767249_ref_NZ_ NODE_5052_length_3296_cov_3.12774_ID_10103
		Skipping redundant alignment 26527 26708 | 182 1 | 182 182 | 96.7 | Clostridium_sp_M62_1_gi_283767246_ref_NZ_ NODE_5052_length_3296_cov_3.12774_ID_10103
		Skipping redundant alignment 4 225 | 1693 1472 | 222 222 | 99.1 | Clostridium_sp_M62_1_gi_283767246_ref_NZ_ NODE_5052_length_3296_cov_3.12774_ID_10103
		Skipping redundant alignment 595 1069 | 1844 2313 | 475 470 | 98.95 | Clostridium_sp_M62_1_gi_283767249_ref_NZ_ NODE_5052_length_3296_cov_3.12774_ID_10103
		Skipping redundant alignment 18573 18805 | 2210 1978 | 233 233 | 99.14 | Clostridium_sp_M62_1_gi_283767246_ref_NZ_ NODE_5052_length_3296_cov_3.12774_ID_10103
		Skipping redundant alignment 29850 29935 | 2532 2447 | 86 86 | 100.0 | Clostridium_sp_M62_1_gi_283767246_ref_NZ_ NODE_5052_length_3296_cov_3.12774_ID_10103
		Skipping redundant alignment 17530 17614 | 2532 2448 | 85 85 | 100.0 | Clostridium_sp_M62_1_gi_283767246_ref_NZ_ NODE_5052_length_3296_cov_3.12774_ID_10103
		Skipping redundant alignment 30119 30203 | 2532 2448 | 85 85 | 100.0 | Clostridium_sp_M62_1_gi_283767246_ref_NZ_ NODE_5052_length_3296_cov_3.12774_ID_10103
		Skipping redundant alignment 30310 30392 | 2532 2450 | 83 83 | 100.0 | Clostridium_sp_M62_1_gi_283767246_ref_NZ_ NODE_5052_length_3296_cov_3.12774_ID_10103
		Skipping redundant alignment 28994 29061 | 2532 2465 | 68 68 | 100.0 | Clostridium_sp_M62_1_gi_283767246_ref_NZ_ NODE_5052_length_3296_cov_3.12774_ID_10103
		This contig is partially unaligned. (Aligned 2532 out of 3296 bases)
		Alignment: 1244 3776 | 2532 1 | 2533 2532 | 98.54 | Clostridium_sp_M62_1_gi_283767246_ref_NZ_ NODE_5052_length_3296_cov_3.12774_ID_10103
		Unaligned bases: 2533 to 3296 (764)
		This contig has both significant aligned and unaligned parts (of length >= min-contig)! It can contain interspecies translocations

CONTIG: NODE_8697_length_2087_cov_1.43898_ID_17393 (2087bp)
Top Length: 1186  Top ID: 99.49
		This contig is partially unaligned. (Aligned 1186 out of 2087 bases)
		Alignment: 15939 17124 | 2087 902 | 1186 1186 | 99.49 | Clostridium_sp_M62_1_gi_283767246_ref_NZ_ NODE_8697_length_2087_cov_1.43898_ID_17393
		Unaligned bases: 1 to 901 (901)
		This contig has both significant aligned and unaligned parts (of length >= min-contig)! It can contain interspecies translocations

CONTIG: NODE_9928_length_1856_cov_1.00944_ID_19855 (1856bp)
Top Length: 177  Top ID: 96.61
		This contig is partially unaligned. (Aligned 177 out of 1856 bases)
		Alignment: 14949 15125 | 1680 1856 | 177 177 | 96.61 | Clostridium_sp_M62_1_gi_283767246_ref_NZ_ NODE_9928_length_1856_cov_1.00944_ID_19855
		Unaligned bases: 1 to 1679 (1679)

CONTIG: NODE_22843_length_850_cov_88.7119_ID_45685 (850bp)
Top Length: 850  Top ID: 95.19
		One align captures most of this contig: 154963 155812 | 1 850 | 850 850 | 95.19 | Clostridium_sp_M62_1_gi_283767242_ref_NZ_ NODE_22843_length_850_cov_88.7119_ID_45685

CONTIG: NODE_24545_length_789_cov_4.11989_ID_49089 (789bp)
Top Length: 193  Top ID: 95.38
		This contig is partially unaligned. (Aligned 193 out of 789 bases)
		Alignment: 160 353 | 789 597 | 194 193 | 95.38 | Clostridium_sp_M62_1_gi_283767248_ref_NZ_ NODE_24545_length_789_cov_4.11989_ID_49089
		Unaligned bases: 1 to 596 (596)

CONTIG: NODE_119_length_55339_cov_10.1017_ID_237 (55339bp)
Top Length: 8204  Top ID: 99.99
		This contig is misassembled. 3 total aligns.
			Warning! This contig is more unaligned than misassembled. Contig length is 55339 and total length of all aligns is 14549
		Alignment: 356741 357411 | 35993 35323 | 671 671 | 99.7 | Clostridium_sp_M62_1_gi_283767237_ref_NZ_ NODE_119_length_55339_cov_10.1017_ID_237
		Alignment: 351078 356749 | 43691 38018 | 5672 5674 | 99.96 | Clostridium_sp_M62_1_gi_283767237_ref_NZ_ NODE_119_length_55339_cov_10.1017_ID_237
		Alignment: 342883 351086 | 53176 44973 | 8204 8204 | 99.99 | Clostridium_sp_M62_1_gi_283767237_ref_NZ_ NODE_119_length_55339_cov_10.1017_ID_237
		Unaligned bases: 40790
		This contig has both significant aligned and unaligned parts (of length >= min-contig)! It can contain interspecies translocations
CONTIG: NODE_494_length_22016_cov_5.82419_ID_987 (22016bp)
Top Length: 21306  Top ID: 97.86
		This contig is partially unaligned. (Aligned 21306 out of 22016 bases)
		Alignment: 5414 26718 | 45 21350 | 21305 21306 | 97.86 | Clostridium_sp_M62_1_gi_283767237_ref_NZ_ NODE_494_length_22016_cov_5.82419_ID_987
		Unaligned bases: 1 to 44 (44)
		Unaligned bases: 21351 to 22016 (666)
		This contig has both significant aligned and unaligned parts (of length >= min-contig)! It can contain interspecies translocations

CONTIG: NODE_705_length_16522_cov_6.46123_ID_1409 (16522bp)
Top Length: 2598  Top ID: 97.0
		This contig is partially unaligned. (Aligned 2598 out of 16522 bases)
		Alignment: 2816 5413 | 12761 15358 | 2598 2598 | 97.0 | Clostridium_sp_M62_1_gi_283767237_ref_NZ_ NODE_705_length_16522_cov_6.46123_ID_1409
		Unaligned bases: 1 to 12760 (12760)
		Unaligned bases: 15359 to 16522 (1164)
		This contig has both significant aligned and unaligned parts (of length >= min-contig)! It can contain interspecies translocations

CONTIG: NODE_1109_length_11139_cov_8.33878_ID_2217 (11139bp)
Top Length: 10773  Top ID: 99.03
		This contig is partially unaligned. (Aligned 10773 out of 11139 bases)
		Alignment: 48163 58947 | 11139 367 | 10785 10773 | 99.03 | Clostridium_sp_M62_1_gi_283767237_ref_NZ_ NODE_1109_length_11139_cov_8.33878_ID_2217
		Unaligned bases: 1 to 366 (366)

CONTIG: NODE_3192_length_4706_cov_1.58848_ID_6383 (4706bp)
Top Length: 669  Top ID: 96.56
		This contig is misassembled. 2 total aligns.
			Warning! This contig is more unaligned than misassembled. Contig length is 4706 and total length of all aligns is 1032
		Alignment: 748 1416 | 4246 3578 | 669 669 | 96.56 | Clostridium_sp_M62_1_gi_283767237_ref_NZ_ NODE_3192_length_4706_cov_1.58848_ID_6383
		Alignment: 286 648 | 4706 4344 | 363 363 | 97.8 | Clostridium_sp_M62_1_gi_283767237_ref_NZ_ NODE_3192_length_4706_cov_1.58848_ID_6383
		Unaligned bases: 3674
		This contig has both significant aligned and unaligned parts (of length >= min-contig)! It can contain interspecies translocations
CONTIG: NODE_4632_length_3530_cov_9.53727_ID_9263 (3530bp)
Top Length: 2945  Top ID: 99.83
		This contig is partially unaligned. (Aligned 2945 out of 3530 bases)
		Alignment: 43970 46914 | 1 2945 | 2945 2945 | 99.83 | Clostridium_sp_M62_1_gi_283767237_ref_NZ_ NODE_4632_length_3530_cov_9.53727_ID_9263
		Unaligned bases: 2946 to 3530 (585)
		This contig has both significant aligned and unaligned parts (of length >= min-contig)! It can contain interspecies translocations

CONTIG: NODE_17424_length_1100_cov_0.921531_ID_34847 (1100bp)
Top Length: 1100  Top ID: 97.91
		One align captures most of this contig: 211979 213078 | 1 1100 | 1100 1100 | 97.91 | Clostridium_sp_M62_1_gi_283767237_ref_NZ_ NODE_17424_length_1100_cov_0.921531_ID_34847

CONTIG: NODE_18181_length_1056_cov_0.863137_ID_36361 (1056bp)
Top Length: 104  Top ID: 100.0
		This contig is partially unaligned. (Aligned 104 out of 1056 bases)
		Alignment: 152607 152710 | 696 593 | 104 104 | 100.0 | Clostridium_sp_M62_1_gi_283767237_ref_NZ_ NODE_18181_length_1056_cov_0.863137_ID_36361
		Unaligned bases: 1 to 592 (592)
		Unaligned bases: 697 to 1056 (360)

CONTIG: NODE_19726_length_976_cov_25.0575_ID_39451 (976bp)
Top Length: 976  Top ID: 99.49
		One align captures most of this contig: 41715 42690 | 976 1 | 976 976 | 99.49 | Clostridium_sp_M62_1_gi_283767237_ref_NZ_ NODE_19726_length_976_cov_25.0575_ID_39451

CONTIG: NODE_22445_length_864_cov_0.690977_ID_44889 (864bp)
Top Length: 791  Top ID: 97.35
		This contig is partially unaligned. (Aligned 791 out of 864 bases)
		Alignment: 205291 206081 | 1 791 | 791 791 | 97.35 | Clostridium_sp_M62_1_gi_283767237_ref_NZ_ NODE_22445_length_864_cov_0.690977_ID_44889
		Unaligned bases: 792 to 864 (73)

CONTIG: NODE_24198_length_800_cov_0.565101_ID_48395 (800bp)
Top Length: 796  Top ID: 95.98
		One align captures most of this contig: 243150 243945 | 800 5 | 796 796 | 95.98 | Clostridium_sp_M62_1_gi_283767237_ref_NZ_ NODE_24198_length_800_cov_0.565101_ID_48395

CONTIG: NODE_26397_length_733_cov_0.651917_ID_52793 (733bp)
Top Length: 731  Top ID: 96.31
		One align captures most of this contig: 245148 245878 | 731 1 | 731 731 | 96.31 | Clostridium_sp_M62_1_gi_283767237_ref_NZ_ NODE_26397_length_733_cov_0.651917_ID_52793

CONTIG: NODE_27579_length_703_cov_23.4398_ID_55157 (703bp)
Top Length: 703  Top ID: 99.86
		One align captures most of this contig: 40032 40734 | 703 1 | 703 703 | 99.86 | Clostridium_sp_M62_1_gi_283767237_ref_NZ_ NODE_27579_length_703_cov_23.4398_ID_55157

CONTIG: NODE_39044_length_517_cov_0.705628_ID_78087 (517bp)
Top Length: 232  Top ID: 97.41
		This contig is partially unaligned. (Aligned 232 out of 517 bases)
		Alignment: 154954 155185 | 1 232 | 232 232 | 97.41 | Clostridium_sp_M62_1_gi_283767237_ref_NZ_ NODE_39044_length_517_cov_0.705628_ID_78087
		Unaligned bases: 233 to 517 (285)

CONTIG: NODE_348_length_29539_cov_3.6262_ID_695 (29539bp)
Top Length: 4396  Top ID: 99.36
		Skipping redundant alignment 11743 12902 | 1776 618 | 1160 1159 | 97.84 | Clostridium_sp_M62_1_gi_283767235_ref_NZ_ NODE_348_length_29539_cov_3.6262_ID_695
		This contig is misassembled. 4 total aligns.
			Warning! This contig is more unaligned than misassembled. Contig length is 29539 and total length of all aligns is 9805
		Alignment: 159322 161722 | 1 2401 | 2401 2401 | 95.01 | Clostridium_sp_M62_1_gi_283767235_ref_NZ_ NODE_348_length_29539_cov_3.6262_ID_695
		Alignment: 456496 460891 | 4846 9241 | 4396 4396 | 99.36 | Clostridium_sp_M62_1_gi_283767236_ref_NZ_ NODE_348_length_29539_cov_3.6262_ID_695
		Alignment: 228220 231219 | 13508 10501 | 3000 3008 | 96.94 | Clostridium_sp_M62_1_gi_283767236_ref_NZ_ NODE_348_length_29539_cov_3.6262_ID_695
		Unaligned bases: 19734
		This contig has both significant aligned and unaligned parts (of length >= min-contig)! It can contain interspecies translocations
CONTIG: NODE_454_length_23678_cov_3.20103_ID_907 (23678bp)
Top Length: 103  Top ID: 99.03
		This contig is partially unaligned. (Aligned 103 out of 23678 bases)
		Alignment: 444137 444239 | 23558 23660 | 103 103 | 99.03 | Clostridium_sp_M62_1_gi_283767236_ref_NZ_ NODE_454_length_23678_cov_3.20103_ID_907
		Unaligned bases: 1 to 23557 (23557)
		Unaligned bases: 23661 to 23678 (18)

CONTIG: NODE_702_length_16575_cov_3.421_ID_1403 (16575bp)
Top Length: 524  Top ID: 97.71
		This contig is partially unaligned. (Aligned 524 out of 16575 bases)
		Alignment: 444135 444658 | 524 1 | 524 524 | 97.71 | Clostridium_sp_M62_1_gi_283767236_ref_NZ_ NODE_702_length_16575_cov_3.421_ID_1403
		Unaligned bases: 525 to 16575 (16051)
		This contig has both significant aligned and unaligned parts (of length >= min-contig)! It can contain interspecies translocations

CONTIG: NODE_1346_length_9349_cov_8.83107_ID_2691 (9349bp)
Top Length: 1063  Top ID: 97.27
		This contig is partially unaligned. (Aligned 1063 out of 9349 bases)
		Alignment: 469022 470082 | 1063 1 | 1061 1063 | 97.27 | Clostridium_sp_M62_1_gi_283767236_ref_NZ_ NODE_1346_length_9349_cov_8.83107_ID_2691
		Unaligned bases: 1064 to 9349 (8286)
		This contig has both significant aligned and unaligned parts (of length >= min-contig)! It can contain interspecies translocations

CONTIG: NODE_2457_length_5771_cov_7.5782_ID_4913 (5771bp)
Top Length: 2858  Top ID: 97.69
		This contig is partially unaligned. (Aligned 2858 out of 5771 bases)
		Alignment: 466047 468904 | 4972 2115 | 2858 2858 | 97.69 | Clostridium_sp_M62_1_gi_283767236_ref_NZ_ NODE_2457_length_5771_cov_7.5782_ID_4913
		Unaligned bases: 1 to 2114 (2114)
		Unaligned bases: 4973 to 5771 (799)
		This contig has both significant aligned and unaligned parts (of length >= min-contig)! It can contain interspecies translocations

CONTIG: NODE_3410_length_4483_cov_1.73893_ID_6819 (4483bp)
Top Length: 547  Top ID: 95.8
		This contig is partially unaligned. (Aligned 547 out of 4483 bases)
		Alignment: 471382 471928 | 4483 3937 | 547 547 | 95.8 | Clostridium_sp_M62_1_gi_283767236_ref_NZ_ NODE_3410_length_4483_cov_1.73893_ID_6819
		Unaligned bases: 1 to 3936 (3936)
		This contig has both significant aligned and unaligned parts (of length >= min-contig)! It can contain interspecies translocations

CONTIG: NODE_7061_length_2501_cov_7.88226_ID_14121 (2501bp)
Top Length: 1428  Top ID: 98.6
		This contig is partially unaligned. (Aligned 1428 out of 2501 bases)
		Alignment: 472934 474360 | 2501 1074 | 1427 1428 | 98.6 | Clostridium_sp_M62_1_gi_283767236_ref_NZ_ NODE_7061_length_2501_cov_7.88226_ID_14121
		Unaligned bases: 1 to 1073 (1073)
		This contig has both significant aligned and unaligned parts (of length >= min-contig)! It can contain interspecies translocations

CONTIG: NODE_9047_length_2022_cov_12.9568_ID_18093 (2022bp)
Top Length: 1252  Top ID: 96.01
		Skipping redundant alignment 157722 158625 | 752 1655 | 904 904 | 95.02 | Clostridium_sp_M62_1_gi_283767240_ref_NZ_ NODE_9047_length_2022_cov_12.9568_ID_18093
		Skipping redundant alignment 644155 644679 | 1498 2022 | 525 525 | 95.24 | Clostridium_sp_M62_1_gi_283767235_ref_NZ_ NODE_9047_length_2022_cov_12.9568_ID_18093
		Skipping redundant alignment 646537 646823 | 1736 2022 | 287 287 | 97.56 | Clostridium_sp_M62_1_gi_283767235_ref_NZ_ NODE_9047_length_2022_cov_12.9568_ID_18093
			Skipping redundant alignments after choosing the best set of alignments
		Skipping redundant alignment 447160 448411 | 2022 771 | 1252 1252 | 96.01 | Clostridium_sp_M62_1_gi_283767236_ref_NZ_ NODE_9047_length_2022_cov_12.9568_ID_18093
		This contig is partially unaligned. (Aligned 1252 out of 2022 bases)
		Alignment: 641499 642754 | 767 2022 | 1256 1256 | 95.23 | Clostridium_sp_M62_1_gi_283767235_ref_NZ_ NODE_9047_length_2022_cov_12.9568_ID_18093
		Unaligned bases: 1 to 766 (766)
		This contig has both significant aligned and unaligned parts (of length >= min-contig)! It can contain interspecies translocations

CONTIG: NODE_11774_length_1584_cov_1.02093_ID_23547 (1584bp)
Top Length: 1313  Top ID: 96.42
		This contig is partially unaligned. (Aligned 1313 out of 1584 bases)
		Alignment: 240581 241892 | 1337 25 | 1312 1313 | 96.42 | Clostridium_sp_M62_1_gi_283767236_ref_NZ_ NODE_11774_length_1584_cov_1.02093_ID_23547
		Unaligned bases: 1 to 24 (24)
		Unaligned bases: 1338 to 1584 (247)

CONTIG: NODE_12780_length_1469_cov_3.78925_ID_25559 (1469bp)
Top Length: 1469  Top ID: 97.48
		One align captures most of this contig: 246036 247504 | 1 1469 | 1469 1469 | 97.48 | Clostridium_sp_M62_1_gi_283767236_ref_NZ_ NODE_12780_length_1469_cov_3.78925_ID_25559

CONTIG: NODE_12912_length_1455_cov_4.50643_ID_25823 (1455bp)
Top Length: 1455  Top ID: 96.38
		One align captures most of this contig: 231084 232549 | 1 1455 | 1466 1455 | 96.38 | Clostridium_sp_M62_1_gi_283767236_ref_NZ_ NODE_12912_length_1455_cov_4.50643_ID_25823

CONTIG: NODE_13437_length_1404_cov_17.3832_ID_26873 (1404bp)
Top Length: 1404  Top ID: 98.01
		One align captures most of this contig: 470028 471431 | 1404 1 | 1404 1404 | 98.01 | Clostridium_sp_M62_1_gi_283767236_ref_NZ_ NODE_13437_length_1404_cov_17.3832_ID_26873

CONTIG: NODE_19390_length_992_cov_1.61259_ID_38779 (992bp)
Top Length: 992  Top ID: 95.77
		One align captures most of this contig: 243732 244723 | 992 1 | 992 992 | 95.77 | Clostridium_sp_M62_1_gi_283767236_ref_NZ_ NODE_19390_length_992_cov_1.61259_ID_38779

CONTIG: NODE_22499_length_862_cov_6.68773_ID_44997 (862bp)
Top Length: 862  Top ID: 98.72
		One align captures most of this contig: 475556 476417 | 862 1 | 862 862 | 98.72 | Clostridium_sp_M62_1_gi_283767236_ref_NZ_ NODE_22499_length_862_cov_6.68773_ID_44997

CONTIG: NODE_36766_length_544_cov_11.9652_ID_73531 (544bp)
Top Length: 544  Top ID: 99.63
		One align captures most of this contig: 472445 472988 | 544 1 | 544 544 | 99.63 | Clostridium_sp_M62_1_gi_283767236_ref_NZ_ NODE_36766_length_544_cov_11.9652_ID_73531

CONTIG: NODE_38082_length_528_cov_2.19873_ID_76163 (528bp)
Top Length: 528  Top ID: 98.3
		One align captures most of this contig: 242895 243422 | 528 1 | 528 528 | 98.3 | Clostridium_sp_M62_1_gi_283767236_ref_NZ_ NODE_38082_length_528_cov_2.19873_ID_76163

Analyzing coverage...
Writing SNPs into /Molly/miheenko/quast_results/res_metahit_final/runs_per_reference/Clostridium_sp_M62_1/contigs_reports/nucmer_output/SPAdes.used_snps
ERROR: Reference Clostridium_sp_M62_1_gi_283767254_ref_NZ_ does not have any alignments!  Check that this is the same file used for alignment.
ERROR: Alignment Reference Headers: ['Clostridium_sp_M62_1_gi_283767236_ref_NZ_', 'Clostridium_sp_M62_1_gi_283767242_ref_NZ_', 'Clostridium_sp_M62_1_gi_283767237_ref_NZ_', 'Clostridium_sp_M62_1_gi_283767235_ref_NZ_', 'Clostridium_sp_M62_1_gi_283767246_ref_NZ_', 'Clostridium_sp_M62_1_gi_283767240_ref_NZ_', 'Clostridium_sp_M62_1_gi_283767248_ref_NZ_']
ERROR: Reference Clostridium_sp_M62_1_gi_283767238_ref_NZ_ does not have any alignments!  Check that this is the same file used for alignment.
ERROR: Alignment Reference Headers: ['Clostridium_sp_M62_1_gi_283767236_ref_NZ_', 'Clostridium_sp_M62_1_gi_283767242_ref_NZ_', 'Clostridium_sp_M62_1_gi_283767237_ref_NZ_', 'Clostridium_sp_M62_1_gi_283767235_ref_NZ_', 'Clostridium_sp_M62_1_gi_283767246_ref_NZ_', 'Clostridium_sp_M62_1_gi_283767240_ref_NZ_', 'Clostridium_sp_M62_1_gi_283767248_ref_NZ_']
	Reference Clostridium_sp_M62_1_gi_283767242_ref_NZ_: 1 total alignments. 1 total regions.
		Region: 1 to 168311 (168311 bp)
			START in gap: 1 to 154963 (154962 bp)
			Align 1: 154963 155812 NODE_22843_length_850_cov_88.7119_ID_45685 1 850
			END in gap: 155812 to 168311 (12499 bp)

ERROR: Reference Clostridium_sp_M62_1_gi_283767257_ref_NZ_ does not have any alignments!  Check that this is the same file used for alignment.
ERROR: Alignment Reference Headers: ['Clostridium_sp_M62_1_gi_283767236_ref_NZ_', 'Clostridium_sp_M62_1_gi_283767242_ref_NZ_', 'Clostridium_sp_M62_1_gi_283767237_ref_NZ_', 'Clostridium_sp_M62_1_gi_283767235_ref_NZ_', 'Clostridium_sp_M62_1_gi_283767246_ref_NZ_', 'Clostridium_sp_M62_1_gi_283767240_ref_NZ_', 'Clostridium_sp_M62_1_gi_283767248_ref_NZ_']
ERROR: Reference Clostridium_sp_M62_1_gi_283767241_ref_NZ_ does not have any alignments!  Check that this is the same file used for alignment.
ERROR: Alignment Reference Headers: ['Clostridium_sp_M62_1_gi_283767236_ref_NZ_', 'Clostridium_sp_M62_1_gi_283767242_ref_NZ_', 'Clostridium_sp_M62_1_gi_283767237_ref_NZ_', 'Clostridium_sp_M62_1_gi_283767235_ref_NZ_', 'Clostridium_sp_M62_1_gi_283767246_ref_NZ_', 'Clostridium_sp_M62_1_gi_283767240_ref_NZ_', 'Clostridium_sp_M62_1_gi_283767248_ref_NZ_']
ERROR: Reference Clostridium_sp_M62_1_gi_283767255_ref_NZ_ does not have any alignments!  Check that this is the same file used for alignment.
ERROR: Alignment Reference Headers: ['Clostridium_sp_M62_1_gi_283767236_ref_NZ_', 'Clostridium_sp_M62_1_gi_283767242_ref_NZ_', 'Clostridium_sp_M62_1_gi_283767237_ref_NZ_', 'Clostridium_sp_M62_1_gi_283767235_ref_NZ_', 'Clostridium_sp_M62_1_gi_283767246_ref_NZ_', 'Clostridium_sp_M62_1_gi_283767240_ref_NZ_', 'Clostridium_sp_M62_1_gi_283767248_ref_NZ_']
ERROR: Reference Clostridium_sp_M62_1_gi_283767239_ref_NZ_ does not have any alignments!  Check that this is the same file used for alignment.
ERROR: Alignment Reference Headers: ['Clostridium_sp_M62_1_gi_283767236_ref_NZ_', 'Clostridium_sp_M62_1_gi_283767242_ref_NZ_', 'Clostridium_sp_M62_1_gi_283767237_ref_NZ_', 'Clostridium_sp_M62_1_gi_283767235_ref_NZ_', 'Clostridium_sp_M62_1_gi_283767246_ref_NZ_', 'Clostridium_sp_M62_1_gi_283767240_ref_NZ_', 'Clostridium_sp_M62_1_gi_283767248_ref_NZ_']
ERROR: Reference Clostridium_sp_M62_1_gi_283767260_ref_NZ_ does not have any alignments!  Check that this is the same file used for alignment.
ERROR: Alignment Reference Headers: ['Clostridium_sp_M62_1_gi_283767236_ref_NZ_', 'Clostridium_sp_M62_1_gi_283767242_ref_NZ_', 'Clostridium_sp_M62_1_gi_283767237_ref_NZ_', 'Clostridium_sp_M62_1_gi_283767235_ref_NZ_', 'Clostridium_sp_M62_1_gi_283767246_ref_NZ_', 'Clostridium_sp_M62_1_gi_283767240_ref_NZ_', 'Clostridium_sp_M62_1_gi_283767248_ref_NZ_']
ERROR: Reference Clostridium_sp_M62_1_gi_283767243_ref_NZ_ does not have any alignments!  Check that this is the same file used for alignment.
ERROR: Alignment Reference Headers: ['Clostridium_sp_M62_1_gi_283767236_ref_NZ_', 'Clostridium_sp_M62_1_gi_283767242_ref_NZ_', 'Clostridium_sp_M62_1_gi_283767237_ref_NZ_', 'Clostridium_sp_M62_1_gi_283767235_ref_NZ_', 'Clostridium_sp_M62_1_gi_283767246_ref_NZ_', 'Clostridium_sp_M62_1_gi_283767240_ref_NZ_', 'Clostridium_sp_M62_1_gi_283767248_ref_NZ_']
ERROR: Reference Clostridium_sp_M62_1_gi_283767253_ref_NZ_ does not have any alignments!  Check that this is the same file used for alignment.
ERROR: Alignment Reference Headers: ['Clostridium_sp_M62_1_gi_283767236_ref_NZ_', 'Clostridium_sp_M62_1_gi_283767242_ref_NZ_', 'Clostridium_sp_M62_1_gi_283767237_ref_NZ_', 'Clostridium_sp_M62_1_gi_283767235_ref_NZ_', 'Clostridium_sp_M62_1_gi_283767246_ref_NZ_', 'Clostridium_sp_M62_1_gi_283767240_ref_NZ_', 'Clostridium_sp_M62_1_gi_283767248_ref_NZ_']
	Reference Clostridium_sp_M62_1_gi_283767237_ref_NZ_: 17 total alignments. 1 total regions.
		Region: 1 to 463016 (463016 bp)
			START in gap: 1 to 286 (285 bp)
			Align 1: 286 648 NODE_3192_length_4706_cov_1.58848_ID_6383 4706 4344
				Gap between this and next alignment: 648 to 748 (99 bp)
				Next Alignment: 748 1416 NODE_3192_length_4706_cov_1.58848_ID_6383 4246 3578

			Align 2: 748 1416 NODE_3192_length_4706_cov_1.58848_ID_6383 4246 3578
				Gap between this and next alignment: 1416 to 2816 (1399 bp)
				Next Alignment: 2816 5413 NODE_705_length_16522_cov_6.46123_ID_1409 12761 15358

			Align 3: 2816 5413 NODE_705_length_16522_cov_6.46123_ID_1409 12761 15358
				Next Alignment: 5414 26718 NODE_494_length_22016_cov_5.82419_ID_987 45 21350

			Align 4: 5414 26718 NODE_494_length_22016_cov_5.82419_ID_987 45 21350
				Gap between this and next alignment: 26718 to 40032 (13313 bp)
				Next Alignment: 40032 40734 NODE_27579_length_703_cov_23.4398_ID_55157 703 1

			Align 5: 40032 40734 NODE_27579_length_703_cov_23.4398_ID_55157 703 1
				Gap between this and next alignment: 40734 to 41715 (980 bp)
				Next Alignment: 41715 42690 NODE_19726_length_976_cov_25.0575_ID_39451 976 1

			Align 6: 41715 42690 NODE_19726_length_976_cov_25.0575_ID_39451 976 1
				Gap between this and next alignment: 42690 to 43970 (1279 bp)
				Next Alignment: 43970 46914 NODE_4632_length_3530_cov_9.53727_ID_9263 1 2945

			Align 7: 43970 46914 NODE_4632_length_3530_cov_9.53727_ID_9263 1 2945
				Gap between this and next alignment: 46914 to 48163 (1248 bp)
				Next Alignment: 48163 58947 NODE_1109_length_11139_cov_8.33878_ID_2217 11139 367

			Align 8: 48163 58947 NODE_1109_length_11139_cov_8.33878_ID_2217 11139 367
				Gap between this and next alignment: 58947 to 152607 (93659 bp)
				Next Alignment: 152607 152710 NODE_18181_length_1056_cov_0.863137_ID_36361 696 593

			Align 9: 152607 152710 NODE_18181_length_1056_cov_0.863137_ID_36361 696 593
				Gap between this and next alignment: 152710 to 154954 (2243 bp)
				Next Alignment: 154954 155185 NODE_39044_length_517_cov_0.705628_ID_78087 1 232

			Align 10: 154954 155185 NODE_39044_length_517_cov_0.705628_ID_78087 1 232
				Gap between this and next alignment: 155185 to 205291 (50105 bp)
				Next Alignment: 205291 206081 NODE_22445_length_864_cov_0.690977_ID_44889 1 791

			Align 11: 205291 206081 NODE_22445_length_864_cov_0.690977_ID_44889 1 791
				Gap between this and next alignment: 206081 to 211979 (5897 bp)
				Next Alignment: 211979 213078 NODE_17424_length_1100_cov_0.921531_ID_34847 1 1100

			Align 12: 211979 213078 NODE_17424_length_1100_cov_0.921531_ID_34847 1 1100
				Gap between this and next alignment: 213078 to 243150 (30071 bp)
				Next Alignment: 243150 243945 NODE_24198_length_800_cov_0.565101_ID_48395 800 5

			Align 13: 243150 243945 NODE_24198_length_800_cov_0.565101_ID_48395 800 5
				Gap between this and next alignment: 243945 to 245148 (1202 bp)
				Next Alignment: 245148 245878 NODE_26397_length_733_cov_0.651917_ID_52793 731 1

			Align 14: 245148 245878 NODE_26397_length_733_cov_0.651917_ID_52793 731 1
				Gap between this and next alignment: 245878 to 342883 (97004 bp)
				Next Alignment: 342883 351086 NODE_119_length_55339_cov_10.1017_ID_237 53176 44973

			Align 15: 342883 351086 NODE_119_length_55339_cov_10.1017_ID_237 53176 44973
				Negative gap (overlap) between this and next alignment: 351086 to 351078 (-8 bp)
				Next Alignment: 351078 356749 NODE_119_length_55339_cov_10.1017_ID_237 43691 38018

			Previous gap was negative, modifying coordinates to ignore overlap
				Moving contig start from 43691 to 43682.
			Align 16: 351087 356749 NODE_119_length_55339_cov_10.1017_ID_237 43682 38018
				Negative gap (overlap) between this and next alignment: 356749 to 356741 (-8 bp)
				Next Alignment: 356741 357411 NODE_119_length_55339_cov_10.1017_ID_237 35993 35323

			Previous gap was negative, modifying coordinates to ignore overlap
				Moving contig start from 35993 to 35984.
			Align 17: 356750 357411 NODE_119_length_55339_cov_10.1017_ID_237 35984 35323
			END in gap: 357411 to 463016 (105605 bp)

	Reference Clostridium_sp_M62_1_gi_283767240_ref_NZ_: 2 total alignments. 1 total regions.
		Region: 1 to 235927 (235927 bp)
			START in gap: 1 to 19 (18 bp)
			Align 1: 19 181 NODE_4634_length_3529_cov_3.08031_ID_9267 204 42
				Gap between this and next alignment: 181 to 156349 (156167 bp)
				Next Alignment: 156349 156431 NODE_717_length_16286_cov_6.28526_ID_1433 84 1

			Align 2: 156349 156431 NODE_717_length_16286_cov_6.28526_ID_1433 84 1
			END in gap: 156431 to 235927 (79496 bp)

	Reference Clostridium_sp_M62_1_gi_283767248_ref_NZ_: 1 total alignments. 1 total regions.
		Region: 1 to 2281 (2281 bp)
			START in gap: 1 to 160 (159 bp)
			Align 1: 160 353 NODE_24545_length_789_cov_4.11989_ID_49089 789 597
			END in gap: 353 to 2281 (1928 bp)

ERROR: Reference Clostridium_sp_M62_1_gi_283767245_ref_NZ_ does not have any alignments!  Check that this is the same file used for alignment.
ERROR: Alignment Reference Headers: ['Clostridium_sp_M62_1_gi_283767236_ref_NZ_', 'Clostridium_sp_M62_1_gi_283767242_ref_NZ_', 'Clostridium_sp_M62_1_gi_283767237_ref_NZ_', 'Clostridium_sp_M62_1_gi_283767235_ref_NZ_', 'Clostridium_sp_M62_1_gi_283767246_ref_NZ_', 'Clostridium_sp_M62_1_gi_283767240_ref_NZ_', 'Clostridium_sp_M62_1_gi_283767248_ref_NZ_']
ERROR: Reference Clostridium_sp_M62_1_gi_283767247_ref_NZ_ does not have any alignments!  Check that this is the same file used for alignment.
ERROR: Alignment Reference Headers: ['Clostridium_sp_M62_1_gi_283767236_ref_NZ_', 'Clostridium_sp_M62_1_gi_283767242_ref_NZ_', 'Clostridium_sp_M62_1_gi_283767237_ref_NZ_', 'Clostridium_sp_M62_1_gi_283767235_ref_NZ_', 'Clostridium_sp_M62_1_gi_283767246_ref_NZ_', 'Clostridium_sp_M62_1_gi_283767240_ref_NZ_', 'Clostridium_sp_M62_1_gi_283767248_ref_NZ_']
ERROR: Reference Clostridium_sp_M62_1_gi_283767251_ref_NZ_ does not have any alignments!  Check that this is the same file used for alignment.
ERROR: Alignment Reference Headers: ['Clostridium_sp_M62_1_gi_283767236_ref_NZ_', 'Clostridium_sp_M62_1_gi_283767242_ref_NZ_', 'Clostridium_sp_M62_1_gi_283767237_ref_NZ_', 'Clostridium_sp_M62_1_gi_283767235_ref_NZ_', 'Clostridium_sp_M62_1_gi_283767246_ref_NZ_', 'Clostridium_sp_M62_1_gi_283767240_ref_NZ_', 'Clostridium_sp_M62_1_gi_283767248_ref_NZ_']
ERROR: Reference Clostridium_sp_M62_1_gi_283767244_ref_NZ_ does not have any alignments!  Check that this is the same file used for alignment.
ERROR: Alignment Reference Headers: ['Clostridium_sp_M62_1_gi_283767236_ref_NZ_', 'Clostridium_sp_M62_1_gi_283767242_ref_NZ_', 'Clostridium_sp_M62_1_gi_283767237_ref_NZ_', 'Clostridium_sp_M62_1_gi_283767235_ref_NZ_', 'Clostridium_sp_M62_1_gi_283767246_ref_NZ_', 'Clostridium_sp_M62_1_gi_283767240_ref_NZ_', 'Clostridium_sp_M62_1_gi_283767248_ref_NZ_']
ERROR: Reference Clostridium_sp_M62_1_gi_283767252_ref_NZ_ does not have any alignments!  Check that this is the same file used for alignment.
ERROR: Alignment Reference Headers: ['Clostridium_sp_M62_1_gi_283767236_ref_NZ_', 'Clostridium_sp_M62_1_gi_283767242_ref_NZ_', 'Clostridium_sp_M62_1_gi_283767237_ref_NZ_', 'Clostridium_sp_M62_1_gi_283767235_ref_NZ_', 'Clostridium_sp_M62_1_gi_283767246_ref_NZ_', 'Clostridium_sp_M62_1_gi_283767240_ref_NZ_', 'Clostridium_sp_M62_1_gi_283767248_ref_NZ_']
	Reference Clostridium_sp_M62_1_gi_283767246_ref_NZ_: 7 total alignments. 1 total regions.
		Region: 1 to 30658 (30658 bp)
			START in gap: 1 to 1244 (1243 bp)
			Align 1: 1244 3776 NODE_5052_length_3296_cov_3.12774_ID_10103 2532 1
				Gap between this and next alignment: 3776 to 8155 (4378 bp)
				Next Alignment: 8155 10497 NODE_3967_length_3987_cov_1.38352_ID_7933 2343 1

			Align 2: 8155 10497 NODE_3967_length_3987_cov_1.38352_ID_7933 2343 1
				Gap between this and next alignment: 10497 to 10648 (150 bp)
				Next Alignment: 10648 11622 NODE_3225_length_4664_cov_1.11195_ID_6449 4218 3244

			Align 3: 10648 11622 NODE_3225_length_4664_cov_1.11195_ID_6449 4218 3244
				Gap between this and next alignment: 11622 to 11787 (164 bp)
				Next Alignment: 11787 13770 NODE_3225_length_4664_cov_1.11195_ID_6449 3081 1089

			Align 4: 11787 13770 NODE_3225_length_4664_cov_1.11195_ID_6449 3081 1089
				Gap between this and next alignment: 13770 to 13945 (174 bp)
				Next Alignment: 13945 14861 NODE_3225_length_4664_cov_1.11195_ID_6449 917 1

			Align 5: 13945 14861 NODE_3225_length_4664_cov_1.11195_ID_6449 917 1
				Gap between this and next alignment: 14861 to 14949 (87 bp)
				Next Alignment: 14949 15125 NODE_9928_length_1856_cov_1.00944_ID_19855 1680 1856

			Align 6: 14949 15125 NODE_9928_length_1856_cov_1.00944_ID_19855 1680 1856
				Gap between this and next alignment: 15125 to 15939 (813 bp)
				Next Alignment: 15939 17124 NODE_8697_length_2087_cov_1.43898_ID_17393 2087 902

			Align 7: 15939 17124 NODE_8697_length_2087_cov_1.43898_ID_17393 2087 902
			END in gap: 17124 to 30658 (13534 bp)

	Reference Clostridium_sp_M62_1_gi_283767236_ref_NZ_: 17 total alignments. 1 total regions.
		Region: 1 to 648183 (648183 bp)
			START in gap: 1 to 228220 (228219 bp)
			Align 1: 228220 231219 NODE_348_length_29539_cov_3.6262_ID_695 13508 10501
				Negative gap (overlap) between this and next alignment: 231219 to 231084 (-135 bp)
				Next Alignment: 231084 232549 NODE_12912_length_1455_cov_4.50643_ID_25823 1 1455

			Previous gap was negative, modifying coordinates to ignore overlap
				Moving contig start from 1 to 137.
			Align 2: 231220 232549 NODE_12912_length_1455_cov_4.50643_ID_25823 137 1455
				Gap between this and next alignment: 232549 to 240581 (8031 bp)
				Next Alignment: 240581 241892 NODE_11774_length_1584_cov_1.02093_ID_23547 1337 25

			Align 3: 240581 241892 NODE_11774_length_1584_cov_1.02093_ID_23547 1337 25
				Gap between this and next alignment: 241892 to 242895 (1002 bp)
				Next Alignment: 242895 243422 NODE_38082_length_528_cov_2.19873_ID_76163 528 1

			Align 4: 242895 243422 NODE_38082_length_528_cov_2.19873_ID_76163 528 1
				Gap between this and next alignment: 243422 to 243732 (309 bp)
				Next Alignment: 243732 244723 NODE_19390_length_992_cov_1.61259_ID_38779 992 1

			Align 5: 243732 244723 NODE_19390_length_992_cov_1.61259_ID_38779 992 1
				Gap between this and next alignment: 244723 to 246036 (1312 bp)
				Next Alignment: 246036 247504 NODE_12780_length_1469_cov_3.78925_ID_25559 1 1469

			Align 6: 246036 247504 NODE_12780_length_1469_cov_3.78925_ID_25559 1 1469
				Gap between this and next alignment: 247504 to 444135 (196630 bp)
				Next Alignment: 444135 444658 NODE_702_length_16575_cov_3.421_ID_1403 524 1

			Align 7: 444135 444658 NODE_702_length_16575_cov_3.421_ID_1403 524 1
				The next alignment (444137 444239 NODE_454_length_23678_cov_3.20103_ID_907 23558 23660) is redundant. Skipping.
				Negative gap (overlap) between this and next alignment: 444658 to 444604 (-54 bp)
				Next Alignment: 444604 445839 NODE_15371_length_1237_cov_20.4814_ID_30741 1 1237

			Previous gap was negative, modifying coordinates to ignore overlap
				Moving contig start from 1 to 56.
			Align 9: 444659 445839 NODE_15371_length_1237_cov_20.4814_ID_30741 56 1237
				Gap between this and next alignment: 445839 to 456496 (10656 bp)
				Next Alignment: 456496 460891 NODE_348_length_29539_cov_3.6262_ID_695 4846 9241

			Align 10: 456496 460891 NODE_348_length_29539_cov_3.6262_ID_695 4846 9241
				Gap between this and next alignment: 460891 to 466047 (5155 bp)
				Next Alignment: 466047 468904 NODE_2457_length_5771_cov_7.5782_ID_4913 4972 2115

			Align 11: 466047 468904 NODE_2457_length_5771_cov_7.5782_ID_4913 4972 2115
				Gap between this and next alignment: 468904 to 469022 (117 bp)
				Next Alignment: 469022 470082 NODE_1346_length_9349_cov_8.83107_ID_2691 1063 1

			Align 12: 469022 470082 NODE_1346_length_9349_cov_8.83107_ID_2691 1063 1
				Negative gap (overlap) between this and next alignment: 470082 to 470028 (-54 bp)
				Next Alignment: 470028 471431 NODE_13437_length_1404_cov_17.3832_ID_26873 1404 1

			Previous gap was negative, modifying coordinates to ignore overlap
				Moving contig start from 1404 to 1349.
			Align 13: 470083 471431 NODE_13437_length_1404_cov_17.3832_ID_26873 1349 1
				Negative gap (overlap) between this and next alignment: 471431 to 471382 (-49 bp)
				Next Alignment: 471382 471928 NODE_3410_length_4483_cov_1.73893_ID_6819 4483 3937

			Previous gap was negative, modifying coordinates to ignore overlap
				Moving contig start from 4483 to 4433.
			Align 14: 471432 471928 NODE_3410_length_4483_cov_1.73893_ID_6819 4433 3937
				Gap between this and next alignment: 471928 to 472445 (516 bp)
				Next Alignment: 472445 472988 NODE_36766_length_544_cov_11.9652_ID_73531 544 1

			Align 15: 472445 472988 NODE_36766_length_544_cov_11.9652_ID_73531 544 1
				Negative gap (overlap) between this and next alignment: 472988 to 472934 (-54 bp)
				Next Alignment: 472934 474360 NODE_7061_length_2501_cov_7.88226_ID_14121 2501 1074

			Previous gap was negative, modifying coordinates to ignore overlap
				Moving contig start from 2501 to 2446.
			Align 16: 472989 474360 NODE_7061_length_2501_cov_7.88226_ID_14121 2446 1074
				Gap between this and next alignment: 474360 to 475556 (1195 bp)
				Next Alignment: 475556 476417 NODE_22499_length_862_cov_6.68773_ID_44997 862 1

			Align 17: 475556 476417 NODE_22499_length_862_cov_6.68773_ID_44997 862 1
			END in gap: 476417 to 648183 (171766 bp)

ERROR: Reference Clostridium_sp_M62_1_gi_283767250_ref_NZ_ does not have any alignments!  Check that this is the same file used for alignment.
ERROR: Alignment Reference Headers: ['Clostridium_sp_M62_1_gi_283767236_ref_NZ_', 'Clostridium_sp_M62_1_gi_283767242_ref_NZ_', 'Clostridium_sp_M62_1_gi_283767237_ref_NZ_', 'Clostridium_sp_M62_1_gi_283767235_ref_NZ_', 'Clostridium_sp_M62_1_gi_283767246_ref_NZ_', 'Clostridium_sp_M62_1_gi_283767240_ref_NZ_', 'Clostridium_sp_M62_1_gi_283767248_ref_NZ_']
ERROR: Reference Clostridium_sp_M62_1_gi_283767258_ref_NZ_ does not have any alignments!  Check that this is the same file used for alignment.
ERROR: Alignment Reference Headers: ['Clostridium_sp_M62_1_gi_283767236_ref_NZ_', 'Clostridium_sp_M62_1_gi_283767242_ref_NZ_', 'Clostridium_sp_M62_1_gi_283767237_ref_NZ_', 'Clostridium_sp_M62_1_gi_283767235_ref_NZ_', 'Clostridium_sp_M62_1_gi_283767246_ref_NZ_', 'Clostridium_sp_M62_1_gi_283767240_ref_NZ_', 'Clostridium_sp_M62_1_gi_283767248_ref_NZ_']
ERROR: Reference Clostridium_sp_M62_1_gi_283767259_ref_NZ_ does not have any alignments!  Check that this is the same file used for alignment.
ERROR: Alignment Reference Headers: ['Clostridium_sp_M62_1_gi_283767236_ref_NZ_', 'Clostridium_sp_M62_1_gi_283767242_ref_NZ_', 'Clostridium_sp_M62_1_gi_283767237_ref_NZ_', 'Clostridium_sp_M62_1_gi_283767235_ref_NZ_', 'Clostridium_sp_M62_1_gi_283767246_ref_NZ_', 'Clostridium_sp_M62_1_gi_283767240_ref_NZ_', 'Clostridium_sp_M62_1_gi_283767248_ref_NZ_']
	Reference Clostridium_sp_M62_1_gi_283767235_ref_NZ_: 25 total alignments. 1 total regions.
		Region: 1 to 947737 (947737 bp)
			START in gap: 1 to 13731 (13730 bp)
			Align 1: 13731 14245 NODE_39229_length_515_cov_2.58913_ID_78457 1 515
				Gap between this and next alignment: 14245 to 14463 (217 bp)
				Next Alignment: 14463 15315 NODE_6291_length_2751_cov_3.94955_ID_12581 304 1156

			Align 2: 14463 15315 NODE_6291_length_2751_cov_3.94955_ID_12581 304 1156
				Gap between this and next alignment: 15315 to 49726 (34410 bp)
				Next Alignment: 49726 53167 NODE_2494_length_5683_cov_1.89179_ID_4987 4930 1489

			Align 3: 49726 53167 NODE_2494_length_5683_cov_1.89179_ID_4987 4930 1489
				Gap between this and next alignment: 53167 to 53312 (144 bp)
				Next Alignment: 53312 54656 NODE_2494_length_5683_cov_1.89179_ID_4987 1344 1

			Align 4: 53312 54656 NODE_2494_length_5683_cov_1.89179_ID_4987 1344 1
				Gap between this and next alignment: 54656 to 152958 (98301 bp)
				Next Alignment: 152958 155338 NODE_7462_length_2381_cov_16.4901_ID_14923 2381 1

			Align 5: 152958 155338 NODE_7462_length_2381_cov_16.4901_ID_14923 2381 1
				Gap between this and next alignment: 155338 to 155606 (267 bp)
				Next Alignment: 155606 155773 NODE_13125_length_1435_cov_3.39203_ID_26249 1 168

			Align 6: 155606 155773 NODE_13125_length_1435_cov_3.39203_ID_26249 1 168
				Gap between this and next alignment: 155773 to 155887 (113 bp)
				Next Alignment: 155887 156154 NODE_32120_length_610_cov_2.41261_ID_64239 610 343

			Align 7: 155887 156154 NODE_32120_length_610_cov_2.41261_ID_64239 610 343
				Gap between this and next alignment: 156154 to 156259 (104 bp)
				Next Alignment: 156259 156495 NODE_32120_length_610_cov_2.41261_ID_64239 237 1

			Align 8: 156259 156495 NODE_32120_length_610_cov_2.41261_ID_64239 237 1
				Gap between this and next alignment: 156495 to 158790 (2294 bp)
				Next Alignment: 158790 159023 NODE_33033_length_595_cov_1.05185_ID_66065 595 362

			Align 9: 158790 159023 NODE_33033_length_595_cov_1.05185_ID_66065 595 362
				Gap between this and next alignment: 159023 to 159112 (88 bp)
				Next Alignment: 159112 159382 NODE_33033_length_595_cov_1.05185_ID_66065 271 1

			Align 10: 159112 159382 NODE_33033_length_595_cov_1.05185_ID_66065 271 1
				Negative gap (overlap) between this and next alignment: 159382 to 159322 (-60 bp)
				Next Alignment: 159322 161722 NODE_348_length_29539_cov_3.6262_ID_695 1 2401

			Previous gap was negative, modifying coordinates to ignore overlap
				Moving contig start from 1 to 62.
			Align 11: 159383 161722 NODE_348_length_29539_cov_3.6262_ID_695 62 2401
				Gap between this and next alignment: 161722 to 162359 (636 bp)
				Next Alignment: 162359 163745 NODE_10932_length_1700_cov_1.13009_ID_21863 1389 1

			Align 12: 162359 163745 NODE_10932_length_1700_cov_1.13009_ID_21863 1389 1
				Gap between this and next alignment: 163745 to 229224 (65478 bp)
				Next Alignment: 229224 231997 NODE_206_length_39677_cov_5.33065_ID_411 39628 36852

			Align 13: 229224 231997 NODE_206_length_39677_cov_5.33065_ID_411 39628 36852
				Gap between this and next alignment: 231997 to 233777 (1779 bp)
				Next Alignment: 233777 245916 NODE_206_length_39677_cov_5.33065_ID_411 30858 18726

			Align 14: 233777 245916 NODE_206_length_39677_cov_5.33065_ID_411 30858 18726
				Gap between this and next alignment: 245916 to 249085 (3168 bp)
				Next Alignment: 249085 263801 NODE_206_length_39677_cov_5.33065_ID_411 16672 1955

			Align 15: 249085 263801 NODE_206_length_39677_cov_5.33065_ID_411 16672 1955
				Gap between this and next alignment: 263801 to 641499 (377697 bp)
				Next Alignment: 641499 642754 NODE_9047_length_2022_cov_12.9568_ID_18093 767 2022

			Align 16: 641499 642754 NODE_9047_length_2022_cov_12.9568_ID_18093 767 2022
				The next alignment (641503 641602 NODE_37893_length_530_cov_12.5958_ID_75785 431 530) is redundant. Skipping.
				Gap between this and next alignment: 642754 to 644645 (1890 bp)
				Next Alignment: 644645 644745 NODE_11310_length_1647_cov_1.14573_ID_22619 1647 1548

			Align 18: 644645 644745 NODE_11310_length_1647_cov_1.14573_ID_22619 1647 1548
				Gap between this and next alignment: 644745 to 647034 (2288 bp)
				Next Alignment: 647034 647268 NODE_17862_length_1074_cov_10.8616_ID_35723 839 1074

			Align 19: 647034 647268 NODE_17862_length_1074_cov_10.8616_ID_35723 839 1074
				Gap between this and next alignment: 647268 to 703855 (56586 bp)
				Next Alignment: 703855 704759 NODE_21337_length_906_cov_5.6275_ID_42673 906 1

			Align 20: 703855 704759 NODE_21337_length_906_cov_5.6275_ID_42673 906 1
				Gap between this and next alignment: 704759 to 734704 (29944 bp)
				Next Alignment: 734704 739408 NODE_3100_length_4810_cov_11.0419_ID_6199 1 4705

			Align 21: 734704 739408 NODE_3100_length_4810_cov_11.0419_ID_6199 1 4705
				Gap between this and next alignment: 739408 to 746908 (7499 bp)
				Next Alignment: 746908 753972 NODE_1084_length_11383_cov_8.81056_ID_2167 11383 4322

			Align 22: 746908 753972 NODE_1084_length_11383_cov_8.81056_ID_2167 11383 4322
				Negative gap (overlap) between this and next alignment: 753972 to 753972 (0 bp)
				Next Alignment: 753972 755212 NODE_1084_length_11383_cov_8.81056_ID_2167 1241 1

			Previous gap was negative, modifying coordinates to ignore overlap
				Moving contig start from 1241 to 1240.
			Align 23: 753973 755212 NODE_1084_length_11383_cov_8.81056_ID_2167 1240 1
				Gap between this and next alignment: 755212 to 755431 (218 bp)
				Next Alignment: 755431 762258 NODE_1952_length_6828_cov_12.3375_ID_3903 1 6828

			Align 24: 755431 762258 NODE_1952_length_6828_cov_12.3375_ID_3903 1 6828
				Gap between this and next alignment: 762258 to 762616 (357 bp)
				Next Alignment: 762616 763310 NODE_27899_length_695_cov_14.4766_ID_55797 695 1

			Align 25: 762616 763310 NODE_27899_length_695_cov_14.4766_ID_55797 695 1
			END in gap: 763310 to 947737 (184427 bp)

ERROR: Reference Clostridium_sp_M62_1_gi_283767249_ref_NZ_ does not have any alignments!  Check that this is the same file used for alignment.
ERROR: Alignment Reference Headers: ['Clostridium_sp_M62_1_gi_283767236_ref_NZ_', 'Clostridium_sp_M62_1_gi_283767242_ref_NZ_', 'Clostridium_sp_M62_1_gi_283767237_ref_NZ_', 'Clostridium_sp_M62_1_gi_283767235_ref_NZ_', 'Clostridium_sp_M62_1_gi_283767246_ref_NZ_', 'Clostridium_sp_M62_1_gi_283767240_ref_NZ_', 'Clostridium_sp_M62_1_gi_283767248_ref_NZ_']
ERROR: Reference Clostridium_sp_M62_1_gi_283767256_ref_NZ_ does not have any alignments!  Check that this is the same file used for alignment.
ERROR: Alignment Reference Headers: ['Clostridium_sp_M62_1_gi_283767236_ref_NZ_', 'Clostridium_sp_M62_1_gi_283767242_ref_NZ_', 'Clostridium_sp_M62_1_gi_283767237_ref_NZ_', 'Clostridium_sp_M62_1_gi_283767235_ref_NZ_', 'Clostridium_sp_M62_1_gi_283767246_ref_NZ_', 'Clostridium_sp_M62_1_gi_283767240_ref_NZ_', 'Clostridium_sp_M62_1_gi_283767248_ref_NZ_']
Analysis is finished!
Founded SNPs were written into /Molly/miheenko/quast_results/res_metahit_final/runs_per_reference/Clostridium_sp_M62_1/contigs_reports/nucmer_output/SPAdes.used_snps

Results:
	Local Misassemblies: 2
	Misassemblies: 3
		Relocations: 3
		Translocations: 0
		Inversions: 0
	Fake misassemblies matched with structural variations: 0
	Misassembled Contigs: 2
	Misassembled Contig Bases: 51060
	Misassemblies Inter-Contig Overlap: 0
Uncovered Regions: 0 (0)
Unaligned Contigs: 0 + 32 part
Partially Unaligned Contigs with Misassemblies: 3
Unaligned Contig Bases: 169512

Ambiguously Mapped Contigs: 1
Total Bases in Ambiguously Mapped Contigs: 1237
Note that --allow-ambiguity option was set to "one" and only first alignment per each contig was used.

	Covered Bases: 159409

	SNPs: 3195
	Insertions: 73
	Deletions: 75

	Positive Gaps: 65
		Internal Gaps:  8
		External Gaps:  57
		External Gap Total:  2330984
		External Gap Average: 40894
	Negative Gaps: 9
		Internal Overlaps:  3
		External Overlaps:  6
		External Overlaps Total: -406
		External Overlaps Average: -68
	Contigs with Redundant Alignments: 2 (203)
