Aligning contigs to reference...
	Running Nucmer
Parsing coords...
Loading reference...
	Loaded [Bacteroides_fragilis_NCTC_9343_gi_60679597_ref_NC_0]
Loading SNPs...
Loading regions...
	No regions given, using whole reference.
	Total Regions: 1
	Total Region Length: 5205140
Analyzing contigs...
CONTIG: scaffold_836 (32007bp)
Top Length: 182  Top ID: 98.9
		This contig is partially unaligned. (Aligned 182 out of 32007 bases)
		Alignment: 3209666 3209847 | 1 182 | 182 182 | 98.9 | Bacteroides_fragilis_NCTC_9343_gi_60679597_ref_NC_0 scaffold_836
		Unaligned bases: 183 to 32007 (31825)

CONTIG: scaffold_1254 (12454bp)
Top Length: 167  Top ID: 95.21
		This contig is partially unaligned. (Aligned 167 out of 12454 bases)
		Alignment: 1957738 1957904 | 1 167 | 167 167 | 95.21 | Bacteroides_fragilis_NCTC_9343_gi_60679597_ref_NC_0 scaffold_1254
		Unaligned bases: 168 to 12454 (12287)

CONTIG: scaffold_1501 (8973bp)
Top Length: 97  Top ID: 95.88
		This contig is partially unaligned. (Aligned 97 out of 8973 bases)
		Alignment: 5196958 5197053 | 3426 3522 | 96 97 | 95.88 | Bacteroides_fragilis_NCTC_9343_gi_60679597_ref_NC_0 scaffold_1501
		Unaligned bases: 1 to 3425 (3425)
		Unaligned bases: 3523 to 8973 (5451)

CONTIG: scaffold_2980 (3547bp)
Top Length: 212  Top ID: 96.7
		This contig is partially unaligned. (Aligned 212 out of 3547 bases)
		Alignment: 4254172 4254383 | 1 212 | 212 212 | 96.7 | Bacteroides_fragilis_NCTC_9343_gi_60679597_ref_NC_0 scaffold_2980
		Unaligned bases: 213 to 3547 (3335)

CONTIG: scaffold_3522 (4121bp)
Top Length: 362  Top ID: 95.58
		This contig is partially unaligned. (Aligned 362 out of 4121 bases)
		Alignment: 2384784 2385145 | 379 18 | 362 362 | 95.58 | Bacteroides_fragilis_NCTC_9343_gi_60679597_ref_NC_0 scaffold_3522
		Unaligned bases: 1 to 17 (17)
		Unaligned bases: 380 to 4121 (3742)

CONTIG: scaffold_4233 (4285bp)
Top Length: 660  Top ID: 95.91
		This contig is partially unaligned. (Aligned 660 out of 4285 bases)
		Alignment: 2488769 2489428 | 3623 4282 | 660 660 | 95.91 | Bacteroides_fragilis_NCTC_9343_gi_60679597_ref_NC_0 scaffold_4233
		Unaligned bases: 1 to 3622 (3622)
		Unaligned bases: 4283 to 4285 (3)
		This contig has both significant aligned and unaligned parts (of length >= min-contig)! It can contain interspecies translocations

CONTIG: scaffold_4274 (4113bp)
Top Length: 112  Top ID: 99.11
		This contig is partially unaligned. (Aligned 112 out of 4113 bases)
		Alignment: 1070487 1070598 | 112 1 | 112 112 | 99.11 | Bacteroides_fragilis_NCTC_9343_gi_60679597_ref_NC_0 scaffold_4274
		Unaligned bases: 113 to 4113 (4001)

CONTIG: scaffold_4300 (2381bp)
Top Length: 368  Top ID: 97.55
		This contig is partially unaligned. (Aligned 368 out of 2381 bases)
		Alignment: 132899 133266 | 2381 2014 | 368 368 | 97.55 | Bacteroides_fragilis_NCTC_9343_gi_60679597_ref_NC_0 scaffold_4300
		Unaligned bases: 1 to 2013 (2013)

CONTIG: scaffold_4586 (3211bp)
Top Length: 156  Top ID: 98.72
		This contig is misassembled. 2 total aligns.
			Warning! This contig is more unaligned than misassembled. Contig length is 3211 and total length of all aligns is 251
		Alignment: 4863091 4863195 | 1 105 | 105 105 | 100.0 | Bacteroides_fragilis_NCTC_9343_gi_60679597_ref_NC_0 scaffold_4586
		Alignment: 4863395 4863550 | 96 251 | 156 156 | 98.72 | Bacteroides_fragilis_NCTC_9343_gi_60679597_ref_NC_0 scaffold_4586
		Unaligned bases: 2960
CONTIG: scaffold_7620 (1594bp)
Top Length: 82  Top ID: 97.56
		This contig is partially unaligned. (Aligned 82 out of 1594 bases)
		Alignment: 2079831 2079912 | 1 82 | 82 82 | 97.56 | Bacteroides_fragilis_NCTC_9343_gi_60679597_ref_NC_0 scaffold_7620
		Unaligned bases: 83 to 1594 (1512)

CONTIG: scaffold_8615 (2331bp)
Top Length: 594  Top ID: 95.96
		This contig is partially unaligned. (Aligned 594 out of 2331 bases)
		Alignment: 1523464 1524057 | 2331 1738 | 594 594 | 95.96 | Bacteroides_fragilis_NCTC_9343_gi_60679597_ref_NC_0 scaffold_8615
		Unaligned bases: 1 to 1737 (1737)
		This contig has both significant aligned and unaligned parts (of length >= min-contig)! It can contain interspecies translocations

CONTIG: scaffold_9130 (1396bp)
Top Length: 387  Top ID: 98.19
		This contig is partially unaligned. (Aligned 387 out of 1396 bases)
		Alignment: 4258400 4258786 | 1010 1396 | 387 387 | 98.19 | Bacteroides_fragilis_NCTC_9343_gi_60679597_ref_NC_0 scaffold_9130
		Unaligned bases: 1 to 1009 (1009)

CONTIG: scaffold_10071 (1293bp)
Top Length: 128  Top ID: 100.0
		This contig is partially unaligned. (Aligned 128 out of 1293 bases)
		Alignment: 187011 187138 | 1293 1166 | 128 128 | 100.0 | Bacteroides_fragilis_NCTC_9343_gi_60679597_ref_NC_0 scaffold_10071
		Unaligned bases: 1 to 1165 (1165)

CONTIG: scaffold_10385 (1264bp)
Top Length: 192  Top ID: 100.0
		This contig is partially unaligned. (Aligned 192 out of 1264 bases)
		Alignment: 4153631 4153822 | 1073 1264 | 192 192 | 100.0 | Bacteroides_fragilis_NCTC_9343_gi_60679597_ref_NC_0 scaffold_10385
		Unaligned bases: 1 to 1072 (1072)

CONTIG: scaffold_11608 (1160bp)
Top Length: 1160  Top ID: 99.48
		One align captures most of this contig: 1061715 1062874 | 1160 1 | 1160 1160 | 99.48 | Bacteroides_fragilis_NCTC_9343_gi_60679597_ref_NC_0 scaffold_11608

CONTIG: scaffold_11894 (1137bp)
Top Length: 1137  Top ID: 98.59
		One align captures most of this contig: 5185073 5186209 | 1 1137 | 1137 1137 | 98.59 | Bacteroides_fragilis_NCTC_9343_gi_60679597_ref_NC_0 scaffold_11894

CONTIG: scaffold_12183 (1117bp)
Top Length: 239  Top ID: 100.0
		This contig is partially unaligned. (Aligned 239 out of 1117 bases)
		Alignment: 718694 718932 | 1116 878 | 239 239 | 100.0 | Bacteroides_fragilis_NCTC_9343_gi_60679597_ref_NC_0 scaffold_12183
		Unaligned bases: 1 to 877 (877)
		Unaligned bases: 1117 to 1117 (1)

CONTIG: scaffold_12248 (1111bp)
Top Length: 241  Top ID: 99.59
		This contig is partially unaligned. (Aligned 241 out of 1111 bases)
		Alignment: 3399589 3399829 | 1 241 | 241 241 | 99.59 | Bacteroides_fragilis_NCTC_9343_gi_60679597_ref_NC_0 scaffold_12248
		Unaligned bases: 242 to 1111 (870)

CONTIG: scaffold_12314 (1107bp)
Top Length: 161  Top ID: 98.76
		This contig is partially unaligned. (Aligned 161 out of 1107 bases)
		Alignment: 3116875 3117035 | 947 1107 | 161 161 | 98.76 | Bacteroides_fragilis_NCTC_9343_gi_60679597_ref_NC_0 scaffold_12314
		Unaligned bases: 1 to 946 (946)

CONTIG: scaffold_12645 (1084bp)
Top Length: 1084  Top ID: 97.23
		One align captures most of this contig: 2070918 2072001 | 1084 1 | 1084 1084 | 97.23 | Bacteroides_fragilis_NCTC_9343_gi_60679597_ref_NC_0 scaffold_12645

CONTIG: scaffold_12856 (1070bp)
Top Length: 1070  Top ID: 99.35
		One align captures most of this contig: 579996 581065 | 1070 1 | 1070 1070 | 99.35 | Bacteroides_fragilis_NCTC_9343_gi_60679597_ref_NC_0 scaffold_12856

CONTIG: scaffold_12946 (1063bp)
Top Length: 1063  Top ID: 99.53
		One align captures most of this contig: 4255247 4256309 | 1063 1 | 1063 1063 | 99.53 | Bacteroides_fragilis_NCTC_9343_gi_60679597_ref_NC_0 scaffold_12946

CONTIG: scaffold_12998 (2084bp)
Top Length: 67  Top ID: 100.0
		This contig is partially unaligned. (Aligned 67 out of 2084 bases)
		Alignment: 1255188 1255254 | 1 67 | 67 67 | 100.0 | Bacteroides_fragilis_NCTC_9343_gi_60679597_ref_NC_0 scaffold_12998
		Unaligned bases: 68 to 2084 (2017)

CONTIG: scaffold_13004 (1059bp)
Top Length: 220  Top ID: 100.0
		This contig is partially unaligned. (Aligned 220 out of 1059 bases)
		Alignment: 5121875 5122094 | 1059 840 | 220 220 | 100.0 | Bacteroides_fragilis_NCTC_9343_gi_60679597_ref_NC_0 scaffold_13004
		Unaligned bases: 1 to 839 (839)

CONTIG: scaffold_13015 (1058bp)
Top Length: 1055  Top ID: 98.2
		One align captures most of this contig: 2049802 2050856 | 1058 4 | 1055 1055 | 98.2 | Bacteroides_fragilis_NCTC_9343_gi_60679597_ref_NC_0 scaffold_13015

CONTIG: scaffold_13143 (1051bp)
Top Length: 1051  Top ID: 99.14
		One align captures most of this contig: 4189825 4190875 | 1051 1 | 1051 1051 | 99.14 | Bacteroides_fragilis_NCTC_9343_gi_60679597_ref_NC_0 scaffold_13143

CONTIG: scaffold_13522 (1029bp)
Top Length: 1029  Top ID: 100.0
		One align captures most of this contig: 72652 73680 | 1029 1 | 1029 1029 | 100.0 | Bacteroides_fragilis_NCTC_9343_gi_60679597_ref_NC_0 scaffold_13522

CONTIG: scaffold_13647 (1020bp)
Top Length: 90  Top ID: 100.0
		This contig is partially unaligned. (Aligned 90 out of 1020 bases)
		Alignment: 2333731 2333820 | 931 1020 | 90 90 | 100.0 | Bacteroides_fragilis_NCTC_9343_gi_60679597_ref_NC_0 scaffold_13647
		Unaligned bases: 1 to 930 (930)

CONTIG: scaffold_13760 (1013bp)
Top Length: 357  Top ID: 99.44
		This contig is partially unaligned. (Aligned 357 out of 1013 bases)
		Alignment: 1434561 1434917 | 357 1 | 357 357 | 99.44 | Bacteroides_fragilis_NCTC_9343_gi_60679597_ref_NC_0 scaffold_13760
		Unaligned bases: 358 to 1013 (656)

CONTIG: scaffold_13929 (1003bp)
Top Length: 1003  Top ID: 99.5
		One align captures most of this contig: 303544 304546 | 1003 1 | 1003 1003 | 99.5 | Bacteroides_fragilis_NCTC_9343_gi_60679597_ref_NC_0 scaffold_13929

CONTIG: scaffold_14129 (993bp)
Top Length: 993  Top ID: 99.0
		One align captures most of this contig: 5006413 5007408 | 993 1 | 996 993 | 99.0 | Bacteroides_fragilis_NCTC_9343_gi_60679597_ref_NC_0 scaffold_14129

CONTIG: scaffold_14915 (948bp)
Top Length: 948  Top ID: 98.31
		One align captures most of this contig: 358287 359231 | 948 1 | 945 948 | 98.31 | Bacteroides_fragilis_NCTC_9343_gi_60679597_ref_NC_0 scaffold_14915

CONTIG: scaffold_14993 (944bp)
Top Length: 943  Top ID: 95.23
		One align captures most of this contig: 1519553 1520496 | 943 1 | 944 943 | 95.23 | Bacteroides_fragilis_NCTC_9343_gi_60679597_ref_NC_0 scaffold_14993

CONTIG: scaffold_15089 (938bp)
Top Length: 220  Top ID: 97.27
		This contig is partially unaligned. (Aligned 220 out of 938 bases)
		Alignment: 1063734 1063953 | 719 938 | 220 220 | 97.27 | Bacteroides_fragilis_NCTC_9343_gi_60679597_ref_NC_0 scaffold_15089
		Unaligned bases: 1 to 718 (718)

CONTIG: scaffold_15171 (934bp)
Top Length: 934  Top ID: 99.57
		One align captures most of this contig: 130220 131153 | 934 1 | 934 934 | 99.57 | Bacteroides_fragilis_NCTC_9343_gi_60679597_ref_NC_0 scaffold_15171

CONTIG: scaffold_15316 (928bp)
Top Length: 928  Top ID: 99.89
		One align captures most of this contig: 1176562 1177489 | 928 1 | 928 928 | 99.89 | Bacteroides_fragilis_NCTC_9343_gi_60679597_ref_NC_0 scaffold_15316

CONTIG: scaffold_15555 (915bp)
Top Length: 915  Top ID: 97.92
		One align captures most of this contig: 2030994 2031908 | 915 1 | 915 915 | 97.92 | Bacteroides_fragilis_NCTC_9343_gi_60679597_ref_NC_0 scaffold_15555

CONTIG: scaffold_15967 (896bp)
Top Length: 896  Top ID: 99.33
		One align captures most of this contig: 940850 941745 | 1 896 | 896 896 | 99.33 | Bacteroides_fragilis_NCTC_9343_gi_60679597_ref_NC_0 scaffold_15967

CONTIG: scaffold_15969 (896bp)
Top Length: 165  Top ID: 100.0
		This contig is partially unaligned. (Aligned 165 out of 896 bases)
		Alignment: 2108891 2109055 | 732 896 | 165 165 | 100.0 | Bacteroides_fragilis_NCTC_9343_gi_60679597_ref_NC_0 scaffold_15969
		Unaligned bases: 1 to 731 (731)

CONTIG: scaffold_16042 (892bp)
Top Length: 891  Top ID: 98.77
		One align captures most of this contig: 1532338 1533228 | 891 1 | 891 891 | 98.77 | Bacteroides_fragilis_NCTC_9343_gi_60679597_ref_NC_0 scaffold_16042

CONTIG: scaffold_17016 (854bp)
Top Length: 306  Top ID: 99.02
		This contig is partially unaligned. (Aligned 306 out of 854 bases)
		Alignment: 2065121 2065426 | 851 546 | 306 306 | 99.02 | Bacteroides_fragilis_NCTC_9343_gi_60679597_ref_NC_0 scaffold_17016
		Unaligned bases: 1 to 545 (545)
		Unaligned bases: 852 to 854 (3)

CONTIG: scaffold_17255 (844bp)
Top Length: 844  Top ID: 95.36
		One align captures most of this contig: 30231 31114 | 844 1 | 884 844 | 95.36 | Bacteroides_fragilis_NCTC_9343_gi_60679597_ref_NC_0 scaffold_17255

CONTIG: scaffold_17498 (836bp)
Top Length: 836  Top ID: 98.68
		One align captures most of this contig: 4932452 4933287 | 836 1 | 836 836 | 98.68 | Bacteroides_fragilis_NCTC_9343_gi_60679597_ref_NC_0 scaffold_17498

CONTIG: scaffold_17596 (833bp)
Top Length: 98  Top ID: 98.98
		This contig is partially unaligned. (Aligned 98 out of 833 bases)
		Alignment: 1002556 1002653 | 1 98 | 98 98 | 98.98 | Bacteroides_fragilis_NCTC_9343_gi_60679597_ref_NC_0 scaffold_17596
		Unaligned bases: 99 to 833 (735)

CONTIG: scaffold_17638 (831bp)
Top Length: 831  Top ID: 99.64
		One align captures most of this contig: 2296775 2297605 | 831 1 | 831 831 | 99.64 | Bacteroides_fragilis_NCTC_9343_gi_60679597_ref_NC_0 scaffold_17638

CONTIG: scaffold_17650 (831bp)
Top Length: 831  Top ID: 98.68
		One align captures most of this contig: 2794671 2795501 | 831 1 | 831 831 | 98.68 | Bacteroides_fragilis_NCTC_9343_gi_60679597_ref_NC_0 scaffold_17650

CONTIG: scaffold_18009 (819bp)
Top Length: 819  Top ID: 98.9
		One align captures most of this contig: 1258096 1258914 | 1 819 | 819 819 | 98.9 | Bacteroides_fragilis_NCTC_9343_gi_60679597_ref_NC_0 scaffold_18009

CONTIG: scaffold_18045 (818bp)
Top Length: 818  Top ID: 98.9
		One align captures most of this contig: 4965885 4966702 | 818 1 | 818 818 | 98.9 | Bacteroides_fragilis_NCTC_9343_gi_60679597_ref_NC_0 scaffold_18045

CONTIG: scaffold_18156 (813bp)
Top Length: 594  Top ID: 99.16
		This contig is partially unaligned. (Aligned 594 out of 813 bases)
		Alignment: 3346826 3347419 | 1 594 | 594 594 | 99.16 | Bacteroides_fragilis_NCTC_9343_gi_60679597_ref_NC_0 scaffold_18156
		Unaligned bases: 595 to 813 (219)

CONTIG: scaffold_18307 (808bp)
Top Length: 394  Top ID: 99.24
		This contig is partially unaligned. (Aligned 394 out of 808 bases)
		Alignment: 3059541 3059934 | 394 1 | 394 394 | 99.24 | Bacteroides_fragilis_NCTC_9343_gi_60679597_ref_NC_0 scaffold_18307
		Unaligned bases: 395 to 808 (414)

CONTIG: scaffold_18389 (805bp)
Top Length: 805  Top ID: 99.75
		One align captures most of this contig: 1937995 1938799 | 1 805 | 805 805 | 99.75 | Bacteroides_fragilis_NCTC_9343_gi_60679597_ref_NC_0 scaffold_18389

CONTIG: scaffold_18395 (805bp)
Top Length: 805  Top ID: 99.25
		One align captures most of this contig: 558359 559163 | 805 1 | 805 805 | 99.25 | Bacteroides_fragilis_NCTC_9343_gi_60679597_ref_NC_0 scaffold_18395

CONTIG: scaffold_18860 (791bp)
Top Length: 250  Top ID: 96.4
		This contig is partially unaligned. (Aligned 250 out of 791 bases)
		Alignment: 2078533 2078782 | 1 250 | 250 250 | 96.4 | Bacteroides_fragilis_NCTC_9343_gi_60679597_ref_NC_0 scaffold_18860
		Unaligned bases: 251 to 791 (541)

CONTIG: scaffold_18880 (790bp)
Top Length: 463  Top ID: 97.19
		This contig is misassembled. 2 total aligns.
			Real Alignment 1: 4660290 4660499 | 1 210 | 210 210 | 95.71 | Bacteroides_fragilis_NCTC_9343_gi_60679597_ref_NC_0 scaffold_18880
			  Gap between these two alignments (local misassembly). Inconsistency = 0 
			Real Alignment 2: 4660617 4661078 | 328 790 | 462 463 | 97.19 | Bacteroides_fragilis_NCTC_9343_gi_60679597_ref_NC_0 scaffold_18880

CONTIG: scaffold_19016 (786bp)
Top Length: 81  Top ID: 98.77
		This contig is partially unaligned. (Aligned 81 out of 786 bases)
		Alignment: 4865950 4866030 | 1 81 | 81 81 | 98.77 | Bacteroides_fragilis_NCTC_9343_gi_60679597_ref_NC_0 scaffold_19016
		Unaligned bases: 82 to 786 (705)

CONTIG: scaffold_19317 (776bp)
Top Length: 776  Top ID: 99.74
		One align captures most of this contig: 1414525 1415300 | 1 776 | 776 776 | 99.74 | Bacteroides_fragilis_NCTC_9343_gi_60679597_ref_NC_0 scaffold_19317

CONTIG: scaffold_19343 (775bp)
Top Length: 775  Top ID: 99.61
		One align captures most of this contig: 231627 232401 | 1 775 | 775 775 | 99.61 | Bacteroides_fragilis_NCTC_9343_gi_60679597_ref_NC_0 scaffold_19343

CONTIG: scaffold_19357 (775bp)
Top Length: 775  Top ID: 99.61
		One align captures most of this contig: 214327 215101 | 775 1 | 775 775 | 99.61 | Bacteroides_fragilis_NCTC_9343_gi_60679597_ref_NC_0 scaffold_19357

CONTIG: scaffold_19882 (760bp)
Top Length: 760  Top ID: 99.87
		One align captures most of this contig: 5066054 5066813 | 760 1 | 760 760 | 99.87 | Bacteroides_fragilis_NCTC_9343_gi_60679597_ref_NC_0 scaffold_19882

CONTIG: scaffold_20129 (752bp)
Top Length: 752  Top ID: 100.0
		One align captures most of this contig: 819275 820026 | 752 1 | 752 752 | 100.0 | Bacteroides_fragilis_NCTC_9343_gi_60679597_ref_NC_0 scaffold_20129

CONTIG: scaffold_20474 (742bp)
Top Length: 742  Top ID: 99.73
		One align captures most of this contig: 4375696 4376437 | 742 1 | 742 742 | 99.73 | Bacteroides_fragilis_NCTC_9343_gi_60679597_ref_NC_0 scaffold_20474

CONTIG: scaffold_20584 (739bp)
Top Length: 739  Top ID: 99.32
		One align captures most of this contig: 256239 256977 | 739 1 | 739 739 | 99.32 | Bacteroides_fragilis_NCTC_9343_gi_60679597_ref_NC_0 scaffold_20584

CONTIG: scaffold_20601 (739bp)
Top Length: 739  Top ID: 99.59
		One align captures most of this contig: 2672852 2673590 | 739 1 | 739 739 | 99.59 | Bacteroides_fragilis_NCTC_9343_gi_60679597_ref_NC_0 scaffold_20601

CONTIG: scaffold_20736 (959bp)
Top Length: 856  Top ID: 95.34
		This contig is partially unaligned. (Aligned 856 out of 959 bases)
		Alignment: 2024222 2025078 | 1 856 | 857 856 | 95.34 | Bacteroides_fragilis_NCTC_9343_gi_60679597_ref_NC_0 scaffold_20736
		Unaligned bases: 857 to 959 (103)

CONTIG: scaffold_20768 (734bp)
Top Length: 734  Top ID: 99.73
		One align captures most of this contig: 4422555 4423288 | 734 1 | 734 734 | 99.73 | Bacteroides_fragilis_NCTC_9343_gi_60679597_ref_NC_0 scaffold_20768

CONTIG: scaffold_20823 (732bp)
Top Length: 732  Top ID: 99.18
		One align captures most of this contig: 4505256 4505987 | 732 1 | 732 732 | 99.18 | Bacteroides_fragilis_NCTC_9343_gi_60679597_ref_NC_0 scaffold_20823

CONTIG: scaffold_20872 (730bp)
Top Length: 730  Top ID: 98.9
		One align captures most of this contig: 1445020 1445749 | 730 1 | 730 730 | 98.9 | Bacteroides_fragilis_NCTC_9343_gi_60679597_ref_NC_0 scaffold_20872

CONTIG: scaffold_20914 (729bp)
Top Length: 729  Top ID: 98.9
		One align captures most of this contig: 276450 277178 | 729 1 | 729 729 | 98.9 | Bacteroides_fragilis_NCTC_9343_gi_60679597_ref_NC_0 scaffold_20914

CONTIG: scaffold_21265 (719bp)
Top Length: 719  Top ID: 98.05
		One align captures most of this contig: 638957 639675 | 1 719 | 719 719 | 98.05 | Bacteroides_fragilis_NCTC_9343_gi_60679597_ref_NC_0 scaffold_21265

CONTIG: scaffold_21352 (717bp)
Top Length: 717  Top ID: 99.72
		One align captures most of this contig: 1124652 1125368 | 717 1 | 717 717 | 99.72 | Bacteroides_fragilis_NCTC_9343_gi_60679597_ref_NC_0 scaffold_21352

CONTIG: scaffold_21515 (713bp)
Top Length: 713  Top ID: 99.16
		One align captures most of this contig: 4622450 4623162 | 1 713 | 713 713 | 99.16 | Bacteroides_fragilis_NCTC_9343_gi_60679597_ref_NC_0 scaffold_21515

CONTIG: scaffold_21539 (712bp)
Top Length: 712  Top ID: 98.31
		One align captures most of this contig: 2668473 2669184 | 712 1 | 712 712 | 98.31 | Bacteroides_fragilis_NCTC_9343_gi_60679597_ref_NC_0 scaffold_21539

CONTIG: scaffold_21586 (711bp)
Top Length: 704  Top ID: 99.01
		One align captures most of this contig: 356687 357390 | 711 8 | 704 704 | 99.01 | Bacteroides_fragilis_NCTC_9343_gi_60679597_ref_NC_0 scaffold_21586

CONTIG: scaffold_21589 (711bp)
Top Length: 711  Top ID: 99.58
		One align captures most of this contig: 582163 582873 | 711 1 | 711 711 | 99.58 | Bacteroides_fragilis_NCTC_9343_gi_60679597_ref_NC_0 scaffold_21589

CONTIG: scaffold_21689 (708bp)
Top Length: 708  Top ID: 99.29
		One align captures most of this contig: 3135278 3135985 | 1 708 | 708 708 | 99.29 | Bacteroides_fragilis_NCTC_9343_gi_60679597_ref_NC_0 scaffold_21689

CONTIG: scaffold_21900 (702bp)
Top Length: 702  Top ID: 98.29
		One align captures most of this contig: 4450728 4451429 | 1 702 | 702 702 | 98.29 | Bacteroides_fragilis_NCTC_9343_gi_60679597_ref_NC_0 scaffold_21900

CONTIG: scaffold_21908 (702bp)
Top Length: 702  Top ID: 98.72
		One align captures most of this contig: 3803545 3804246 | 1 702 | 702 702 | 98.72 | Bacteroides_fragilis_NCTC_9343_gi_60679597_ref_NC_0 scaffold_21908

CONTIG: scaffold_21914 (702bp)
Top Length: 702  Top ID: 99.86
		One align captures most of this contig: 145100 145801 | 702 1 | 702 702 | 99.86 | Bacteroides_fragilis_NCTC_9343_gi_60679597_ref_NC_0 scaffold_21914

CONTIG: scaffold_21989 (700bp)
Top Length: 699  Top ID: 99.86
		One align captures most of this contig: 4455256 4455954 | 699 1 | 699 699 | 99.86 | Bacteroides_fragilis_NCTC_9343_gi_60679597_ref_NC_0 scaffold_21989

CONTIG: scaffold_22010 (700bp)
Top Length: 700  Top ID: 99.29
		One align captures most of this contig: 692391 693090 | 700 1 | 700 700 | 99.29 | Bacteroides_fragilis_NCTC_9343_gi_60679597_ref_NC_0 scaffold_22010

CONTIG: scaffold_22095 (698bp)
Top Length: 698  Top ID: 99.0
		One align captures most of this contig: 3493039 3493736 | 1 698 | 698 698 | 99.0 | Bacteroides_fragilis_NCTC_9343_gi_60679597_ref_NC_0 scaffold_22095

CONTIG: scaffold_22125 (697bp)
Top Length: 697  Top ID: 99.28
		One align captures most of this contig: 1099644 1100340 | 1 697 | 697 697 | 99.28 | Bacteroides_fragilis_NCTC_9343_gi_60679597_ref_NC_0 scaffold_22125

CONTIG: scaffold_22201 (695bp)
Top Length: 695  Top ID: 98.85
		One align captures most of this contig: 1028950 1029644 | 695 1 | 695 695 | 98.85 | Bacteroides_fragilis_NCTC_9343_gi_60679597_ref_NC_0 scaffold_22201

CONTIG: scaffold_22216 (695bp)
Top Length: 561  Top ID: 95.9
		This contig is partially unaligned. (Aligned 561 out of 695 bases)
		Alignment: 2021171 2021731 | 561 1 | 561 561 | 95.9 | Bacteroides_fragilis_NCTC_9343_gi_60679597_ref_NC_0 scaffold_22216
		Unaligned bases: 562 to 695 (134)

CONTIG: scaffold_22729 (1368bp)
Top Length: 595  Top ID: 96.97
		This contig is partially unaligned. (Aligned 595 out of 1368 bases)
		Alignment: 2073620 2074214 | 973 379 | 595 595 | 96.97 | Bacteroides_fragilis_NCTC_9343_gi_60679597_ref_NC_0 scaffold_22729
		Unaligned bases: 1 to 378 (378)
		Unaligned bases: 974 to 1368 (395)
		This contig has both significant aligned and unaligned parts (of length >= min-contig)! It can contain interspecies translocations

CONTIG: scaffold_22823 (679bp)
Top Length: 679  Top ID: 99.41
		One align captures most of this contig: 935424 936102 | 679 1 | 679 679 | 99.41 | Bacteroides_fragilis_NCTC_9343_gi_60679597_ref_NC_0 scaffold_22823

CONTIG: scaffold_22876 (678bp)
Top Length: 504  Top ID: 99.6
		This contig is partially unaligned. (Aligned 504 out of 678 bases)
		Alignment: 3893832 3894335 | 678 175 | 504 504 | 99.6 | Bacteroides_fragilis_NCTC_9343_gi_60679597_ref_NC_0 scaffold_22876
		Unaligned bases: 1 to 174 (174)

CONTIG: scaffold_22889 (678bp)
Top Length: 678  Top ID: 100.0
		One align captures most of this contig: 537222 537899 | 678 1 | 678 678 | 100.0 | Bacteroides_fragilis_NCTC_9343_gi_60679597_ref_NC_0 scaffold_22889

CONTIG: scaffold_23007 (675bp)
Top Length: 675  Top ID: 99.41
		One align captures most of this contig: 628117 628791 | 1 675 | 675 675 | 99.41 | Bacteroides_fragilis_NCTC_9343_gi_60679597_ref_NC_0 scaffold_23007

CONTIG: scaffold_23075 (673bp)
Top Length: 667  Top ID: 99.85
		One align captures most of this contig: 4880480 4881146 | 1 667 | 667 667 | 99.85 | Bacteroides_fragilis_NCTC_9343_gi_60679597_ref_NC_0 scaffold_23075

CONTIG: scaffold_23099 (673bp)
Top Length: 488  Top ID: 99.18
		This contig is partially unaligned. (Aligned 488 out of 673 bases)
		Alignment: 1299199 1299686 | 488 1 | 488 488 | 99.18 | Bacteroides_fragilis_NCTC_9343_gi_60679597_ref_NC_0 scaffold_23099
		Unaligned bases: 489 to 673 (185)

CONTIG: scaffold_23104 (673bp)
Top Length: 667  Top ID: 98.05
		One align captures most of this contig: 114169 114835 | 1 667 | 667 667 | 98.05 | Bacteroides_fragilis_NCTC_9343_gi_60679597_ref_NC_0 scaffold_23104

CONTIG: scaffold_23116 (673bp)
Top Length: 673  Top ID: 98.96
		One align captures most of this contig: 492613 493285 | 1 673 | 673 673 | 98.96 | Bacteroides_fragilis_NCTC_9343_gi_60679597_ref_NC_0 scaffold_23116

CONTIG: scaffold_23238 (670bp)
Top Length: 670  Top ID: 98.06
		One align captures most of this contig: 807751 808420 | 670 1 | 670 670 | 98.06 | Bacteroides_fragilis_NCTC_9343_gi_60679597_ref_NC_0 scaffold_23238

CONTIG: scaffold_23251 (670bp)
Top Length: 670  Top ID: 100.0
		One align captures most of this contig: 644856 645525 | 1 670 | 670 670 | 100.0 | Bacteroides_fragilis_NCTC_9343_gi_60679597_ref_NC_0 scaffold_23251

CONTIG: scaffold_23273 (669bp)
Top Length: 669  Top ID: 99.85
		One align captures most of this contig: 2883668 2884336 | 669 1 | 669 669 | 99.85 | Bacteroides_fragilis_NCTC_9343_gi_60679597_ref_NC_0 scaffold_23273

CONTIG: scaffold_23276 (1288bp)
Top Length: 93  Top ID: 100.0
		This contig is partially unaligned. (Aligned 93 out of 1288 bases)
		Alignment: 695314 695406 | 1 93 | 93 93 | 100.0 | Bacteroides_fragilis_NCTC_9343_gi_60679597_ref_NC_0 scaffold_23276
		Unaligned bases: 94 to 1288 (1195)

CONTIG: scaffold_23386 (1165bp)
Top Length: 1165  Top ID: 96.74
		One align captures most of this contig: 1051177 1052323 | 1165 1 | 1147 1165 | 96.74 | Bacteroides_fragilis_NCTC_9343_gi_60679597_ref_NC_0 scaffold_23386

CONTIG: scaffold_23418 (666bp)
Top Length: 666  Top ID: 98.95
		One align captures most of this contig: 4269088 4269753 | 666 1 | 666 666 | 98.95 | Bacteroides_fragilis_NCTC_9343_gi_60679597_ref_NC_0 scaffold_23418

CONTIG: scaffold_23512 (664bp)
Top Length: 664  Top ID: 100.0
		One align captures most of this contig: 4294442 4295105 | 1 664 | 664 664 | 100.0 | Bacteroides_fragilis_NCTC_9343_gi_60679597_ref_NC_0 scaffold_23512

CONTIG: scaffold_23577 (663bp)
Top Length: 660  Top ID: 99.55
		One align captures most of this contig: 2524715 2525374 | 660 1 | 660 660 | 99.55 | Bacteroides_fragilis_NCTC_9343_gi_60679597_ref_NC_0 scaffold_23577

CONTIG: scaffold_23783 (658bp)
Top Length: 658  Top ID: 99.7
		One align captures most of this contig: 5088043 5088700 | 1 658 | 658 658 | 99.7 | Bacteroides_fragilis_NCTC_9343_gi_60679597_ref_NC_0 scaffold_23783

CONTIG: scaffold_24003 (653bp)
Top Length: 653  Top ID: 99.69
		One align captures most of this contig: 3785152 3785804 | 1 653 | 653 653 | 99.69 | Bacteroides_fragilis_NCTC_9343_gi_60679597_ref_NC_0 scaffold_24003

CONTIG: scaffold_24019 (653bp)
Top Length: 653  Top ID: 99.85
		One align captures most of this contig: 4027060 4027712 | 1 653 | 653 653 | 99.85 | Bacteroides_fragilis_NCTC_9343_gi_60679597_ref_NC_0 scaffold_24019

CONTIG: scaffold_24046 (653bp)
Top Length: 653  Top ID: 99.23
		One align captures most of this contig: 83289 83941 | 653 1 | 653 653 | 99.23 | Bacteroides_fragilis_NCTC_9343_gi_60679597_ref_NC_0 scaffold_24046

CONTIG: scaffold_24076 (1138bp)
Top Length: 650  Top ID: 96.62
		This contig is misassembled. 2 total aligns.
			Real Alignment 1: 1522317 1522687 | 371 1 | 371 371 | 95.69 | Bacteroides_fragilis_NCTC_9343_gi_60679597_ref_NC_0 scaffold_24076
			  Fake misassembly between these two alignments: inconsistency = -5 , gap in the contig is small or absent or filled mostly with Ns (short indel: insertion of length 5; 0 mismatches)
			Real Alignment 2: 1521555 1522204 | 1138 489 | 650 650 | 96.62 | Bacteroides_fragilis_NCTC_9343_gi_60679597_ref_NC_0 scaffold_24076

CONTIG: scaffold_24192 (649bp)
Top Length: 649  Top ID: 99.08
		One align captures most of this contig: 1926044 1926692 | 649 1 | 649 649 | 99.08 | Bacteroides_fragilis_NCTC_9343_gi_60679597_ref_NC_0 scaffold_24192

CONTIG: scaffold_24255 (648bp)
Top Length: 645  Top ID: 99.38
		One align captures most of this contig: 5181515 5182159 | 4 648 | 645 645 | 99.38 | Bacteroides_fragilis_NCTC_9343_gi_60679597_ref_NC_0 scaffold_24255

CONTIG: scaffold_24257 (648bp)
Top Length: 648  Top ID: 98.77
		One align captures most of this contig: 2013327 2013974 | 1 648 | 648 648 | 98.77 | Bacteroides_fragilis_NCTC_9343_gi_60679597_ref_NC_0 scaffold_24257

CONTIG: scaffold_24429 (645bp)
Top Length: 645  Top ID: 99.84
		One align captures most of this contig: 877650 878294 | 645 1 | 645 645 | 99.84 | Bacteroides_fragilis_NCTC_9343_gi_60679597_ref_NC_0 scaffold_24429

CONTIG: scaffold_24536 (642bp)
Top Length: 642  Top ID: 98.44
		One align captures most of this contig: 4076107 4076748 | 642 1 | 642 642 | 98.44 | Bacteroides_fragilis_NCTC_9343_gi_60679597_ref_NC_0 scaffold_24536

CONTIG: scaffold_24571 (641bp)
Top Length: 641  Top ID: 99.53
		One align captures most of this contig: 3791752 3792392 | 1 641 | 641 641 | 99.53 | Bacteroides_fragilis_NCTC_9343_gi_60679597_ref_NC_0 scaffold_24571

CONTIG: scaffold_24576 (641bp)
Top Length: 641  Top ID: 99.53
		One align captures most of this contig: 1193287 1193927 | 641 1 | 641 641 | 99.53 | Bacteroides_fragilis_NCTC_9343_gi_60679597_ref_NC_0 scaffold_24576

CONTIG: scaffold_24656 (640bp)
Top Length: 640  Top ID: 99.22
		One align captures most of this contig: 311055 311694 | 1 640 | 640 640 | 99.22 | Bacteroides_fragilis_NCTC_9343_gi_60679597_ref_NC_0 scaffold_24656

CONTIG: scaffold_24712 (639bp)
Top Length: 638  Top ID: 99.53
		One align captures most of this contig: 886252 886889 | 1 638 | 638 638 | 99.53 | Bacteroides_fragilis_NCTC_9343_gi_60679597_ref_NC_0 scaffold_24712

CONTIG: scaffold_24753 (638bp)
Top Length: 638  Top ID: 99.53
		One align captures most of this contig: 3862605 3863242 | 1 638 | 638 638 | 99.53 | Bacteroides_fragilis_NCTC_9343_gi_60679597_ref_NC_0 scaffold_24753

CONTIG: scaffold_24812 (636bp)
Top Length: 636  Top ID: 98.58
		One align captures most of this contig: 4264118 4264753 | 1 636 | 636 636 | 98.58 | Bacteroides_fragilis_NCTC_9343_gi_60679597_ref_NC_0 scaffold_24812

CONTIG: scaffold_24821 (636bp)
Top Length: 636  Top ID: 99.84
		One align captures most of this contig: 3498684 3499319 | 636 1 | 636 636 | 99.84 | Bacteroides_fragilis_NCTC_9343_gi_60679597_ref_NC_0 scaffold_24821

CONTIG: scaffold_24831 (636bp)
Top Length: 636  Top ID: 99.21
		One align captures most of this contig: 4609901 4610536 | 1 636 | 636 636 | 99.21 | Bacteroides_fragilis_NCTC_9343_gi_60679597_ref_NC_0 scaffold_24831

CONTIG: scaffold_25152 (630bp)
Top Length: 630  Top ID: 99.21
		One align captures most of this contig: 3516451 3517080 | 1 630 | 630 630 | 99.21 | Bacteroides_fragilis_NCTC_9343_gi_60679597_ref_NC_0 scaffold_25152

CONTIG: scaffold_25312 (627bp)
Top Length: 627  Top ID: 99.2
		One align captures most of this contig: 2633524 2634150 | 627 1 | 627 627 | 99.2 | Bacteroides_fragilis_NCTC_9343_gi_60679597_ref_NC_0 scaffold_25312

CONTIG: scaffold_25488 (623bp)
Top Length: 623  Top ID: 99.2
		One align captures most of this contig: 5047961 5048583 | 1 623 | 623 623 | 99.2 | Bacteroides_fragilis_NCTC_9343_gi_60679597_ref_NC_0 scaffold_25488

CONTIG: scaffold_25509 (623bp)
Top Length: 623  Top ID: 97.11
		One align captures most of this contig: 4993840 4994462 | 1 623 | 623 623 | 97.11 | Bacteroides_fragilis_NCTC_9343_gi_60679597_ref_NC_0 scaffold_25509

CONTIG: scaffold_25518 (623bp)
Top Length: 623  Top ID: 99.52
		One align captures most of this contig: 5187461 5188083 | 1 623 | 623 623 | 99.52 | Bacteroides_fragilis_NCTC_9343_gi_60679597_ref_NC_0 scaffold_25518

CONTIG: scaffold_25525 (623bp)
Top Length: 623  Top ID: 99.84
		One align captures most of this contig: 455552 456174 | 1 623 | 623 623 | 99.84 | Bacteroides_fragilis_NCTC_9343_gi_60679597_ref_NC_0 scaffold_25525

CONTIG: scaffold_25683 (619bp)
Top Length: 619  Top ID: 100.0
		One align captures most of this contig: 1976860 1977478 | 619 1 | 619 619 | 100.0 | Bacteroides_fragilis_NCTC_9343_gi_60679597_ref_NC_0 scaffold_25683

CONTIG: scaffold_25737 (618bp)
Top Length: 618  Top ID: 99.68
		One align captures most of this contig: 3983420 3984037 | 618 1 | 618 618 | 99.68 | Bacteroides_fragilis_NCTC_9343_gi_60679597_ref_NC_0 scaffold_25737

CONTIG: scaffold_25789 (617bp)
Top Length: 617  Top ID: 98.54
		One align captures most of this contig: 4195052 4195668 | 617 1 | 617 617 | 98.54 | Bacteroides_fragilis_NCTC_9343_gi_60679597_ref_NC_0 scaffold_25789

CONTIG: scaffold_25791 (617bp)
Top Length: 617  Top ID: 97.73
		One align captures most of this contig: 4110338 4110954 | 617 1 | 617 617 | 97.73 | Bacteroides_fragilis_NCTC_9343_gi_60679597_ref_NC_0 scaffold_25791

CONTIG: scaffold_25828 (617bp)
Top Length: 617  Top ID: 100.0
		One align captures most of this contig: 1202515 1203131 | 617 1 | 617 617 | 100.0 | Bacteroides_fragilis_NCTC_9343_gi_60679597_ref_NC_0 scaffold_25828

CONTIG: scaffold_25900 (615bp)
Top Length: 615  Top ID: 99.19
		One align captures most of this contig: 753213 753827 | 1 615 | 615 615 | 99.19 | Bacteroides_fragilis_NCTC_9343_gi_60679597_ref_NC_0 scaffold_25900

CONTIG: scaffold_25940 (615bp)
Top Length: 615  Top ID: 99.19
		One align captures most of this contig: 4098467 4099081 | 1 615 | 615 615 | 99.19 | Bacteroides_fragilis_NCTC_9343_gi_60679597_ref_NC_0 scaffold_25940

CONTIG: scaffold_25946 (614bp)
Top Length: 614  Top ID: 99.51
		One align captures most of this contig: 2921309 2921922 | 1 614 | 614 614 | 99.51 | Bacteroides_fragilis_NCTC_9343_gi_60679597_ref_NC_0 scaffold_25946

CONTIG: scaffold_25958 (614bp)
Top Length: 614  Top ID: 99.84
		One align captures most of this contig: 266708 267321 | 614 1 | 614 614 | 99.84 | Bacteroides_fragilis_NCTC_9343_gi_60679597_ref_NC_0 scaffold_25958

CONTIG: scaffold_26127 (611bp)
Top Length: 538  Top ID: 99.44
		This contig is partially unaligned. (Aligned 538 out of 611 bases)
		Alignment: 5091995 5092532 | 74 611 | 538 538 | 99.44 | Bacteroides_fragilis_NCTC_9343_gi_60679597_ref_NC_0 scaffold_26127
		Unaligned bases: 1 to 73 (73)

CONTIG: scaffold_26230 (609bp)
Top Length: 609  Top ID: 99.34
		One align captures most of this contig: 4626701 4627309 | 609 1 | 609 609 | 99.34 | Bacteroides_fragilis_NCTC_9343_gi_60679597_ref_NC_0 scaffold_26230

CONTIG: scaffold_26273 (608bp)
Top Length: 608  Top ID: 98.03
		One align captures most of this contig: 3918883 3919490 | 1 608 | 608 608 | 98.03 | Bacteroides_fragilis_NCTC_9343_gi_60679597_ref_NC_0 scaffold_26273

CONTIG: scaffold_26281 (608bp)
Top Length: 608  Top ID: 99.51
		One align captures most of this contig: 3668495 3669102 | 1 608 | 608 608 | 99.51 | Bacteroides_fragilis_NCTC_9343_gi_60679597_ref_NC_0 scaffold_26281

CONTIG: scaffold_26288 (608bp)
Top Length: 608  Top ID: 99.67
		One align captures most of this contig: 446448 447055 | 1 608 | 608 608 | 99.67 | Bacteroides_fragilis_NCTC_9343_gi_60679597_ref_NC_0 scaffold_26288

CONTIG: scaffold_26367 (606bp)
Top Length: 606  Top ID: 99.01
		One align captures most of this contig: 628839 629444 | 606 1 | 606 606 | 99.01 | Bacteroides_fragilis_NCTC_9343_gi_60679597_ref_NC_0 scaffold_26367

CONTIG: scaffold_26391 (606bp)
Top Length: 606  Top ID: 98.84
		One align captures most of this contig: 125717 126322 | 606 1 | 606 606 | 98.84 | Bacteroides_fragilis_NCTC_9343_gi_60679597_ref_NC_0 scaffold_26391

CONTIG: scaffold_26441 (605bp)
Top Length: 605  Top ID: 99.5
		One align captures most of this contig: 4649761 4650365 | 1 605 | 605 605 | 99.5 | Bacteroides_fragilis_NCTC_9343_gi_60679597_ref_NC_0 scaffold_26441

CONTIG: scaffold_26478 (604bp)
Top Length: 604  Top ID: 99.34
		One align captures most of this contig: 640674 641277 | 604 1 | 604 604 | 99.34 | Bacteroides_fragilis_NCTC_9343_gi_60679597_ref_NC_0 scaffold_26478

CONTIG: scaffold_26488 (604bp)
Top Length: 604  Top ID: 99.83
		One align captures most of this contig: 5008250 5008853 | 1 604 | 604 604 | 99.83 | Bacteroides_fragilis_NCTC_9343_gi_60679597_ref_NC_0 scaffold_26488

CONTIG: scaffold_26513 (603bp)
Top Length: 603  Top ID: 99.0
		One align captures most of this contig: 4407230 4407832 | 1 603 | 603 603 | 99.0 | Bacteroides_fragilis_NCTC_9343_gi_60679597_ref_NC_0 scaffold_26513

CONTIG: scaffold_26708 (600bp)
Top Length: 600  Top ID: 100.0
		One align captures most of this contig: 3755738 3756337 | 600 1 | 600 600 | 100.0 | Bacteroides_fragilis_NCTC_9343_gi_60679597_ref_NC_0 scaffold_26708

CONTIG: scaffold_26732 (599bp)
Top Length: 599  Top ID: 99.83
		One align captures most of this contig: 241736 242334 | 599 1 | 599 599 | 99.83 | Bacteroides_fragilis_NCTC_9343_gi_60679597_ref_NC_0 scaffold_26732

CONTIG: scaffold_26795 (598bp)
Top Length: 474  Top ID: 99.79
		This contig is partially unaligned. (Aligned 474 out of 598 bases)
		Alignment: 767776 768249 | 125 598 | 474 474 | 99.79 | Bacteroides_fragilis_NCTC_9343_gi_60679597_ref_NC_0 scaffold_26795
		Unaligned bases: 1 to 124 (124)

CONTIG: scaffold_26984 (594bp)
Top Length: 594  Top ID: 99.33
		One align captures most of this contig: 5025625 5026218 | 1 594 | 594 594 | 99.33 | Bacteroides_fragilis_NCTC_9343_gi_60679597_ref_NC_0 scaffold_26984

CONTIG: scaffold_27055 (592bp)
Top Length: 592  Top ID: 99.49
		One align captures most of this contig: 929998 930589 | 1 592 | 592 592 | 99.49 | Bacteroides_fragilis_NCTC_9343_gi_60679597_ref_NC_0 scaffold_27055

CONTIG: scaffold_27070 (592bp)
Top Length: 592  Top ID: 99.66
		One align captures most of this contig: 688037 688628 | 592 1 | 592 592 | 99.66 | Bacteroides_fragilis_NCTC_9343_gi_60679597_ref_NC_0 scaffold_27070

CONTIG: scaffold_27076 (592bp)
Top Length: 592  Top ID: 97.97
		One align captures most of this contig: 345656 346247 | 592 1 | 592 592 | 97.97 | Bacteroides_fragilis_NCTC_9343_gi_60679597_ref_NC_0 scaffold_27076

CONTIG: scaffold_27116 (590bp)
Top Length: 590  Top ID: 99.32
		One align captures most of this contig: 4977324 4977913 | 590 1 | 590 590 | 99.32 | Bacteroides_fragilis_NCTC_9343_gi_60679597_ref_NC_0 scaffold_27116

CONTIG: scaffold_27171 (589bp)
Top Length: 278  Top ID: 98.56
		This contig is partially unaligned. (Aligned 278 out of 589 bases)
		Alignment: 512591 512868 | 589 312 | 278 278 | 98.56 | Bacteroides_fragilis_NCTC_9343_gi_60679597_ref_NC_0 scaffold_27171
		Unaligned bases: 1 to 311 (311)

CONTIG: scaffold_27203 (588bp)
Top Length: 588  Top ID: 99.49
		One align captures most of this contig: 5089439 5090026 | 588 1 | 588 588 | 99.49 | Bacteroides_fragilis_NCTC_9343_gi_60679597_ref_NC_0 scaffold_27203

CONTIG: scaffold_27205 (588bp)
Top Length: 588  Top ID: 99.15
		One align captures most of this contig: 199167 199754 | 1 588 | 588 588 | 99.15 | Bacteroides_fragilis_NCTC_9343_gi_60679597_ref_NC_0 scaffold_27205

CONTIG: scaffold_27234 (588bp)
Top Length: 552  Top ID: 96.92
		This contig is partially unaligned. (Aligned 552 out of 588 bases)
		Alignment: 3131055 3131606 | 552 1 | 552 552 | 96.92 | Bacteroides_fragilis_NCTC_9343_gi_60679597_ref_NC_0 scaffold_27234
		Unaligned bases: 553 to 588 (36)

CONTIG: scaffold_27239 (588bp)
Top Length: 588  Top ID: 99.66
		One align captures most of this contig: 2989917 2990504 | 1 588 | 588 588 | 99.66 | Bacteroides_fragilis_NCTC_9343_gi_60679597_ref_NC_0 scaffold_27239

CONTIG: scaffold_27256 (587bp)
Top Length: 587  Top ID: 99.32
		One align captures most of this contig: 233895 234481 | 587 1 | 587 587 | 99.32 | Bacteroides_fragilis_NCTC_9343_gi_60679597_ref_NC_0 scaffold_27256

CONTIG: scaffold_27275 (587bp)
Top Length: 587  Top ID: 99.83
		One align captures most of this contig: 684611 685197 | 587 1 | 587 587 | 99.83 | Bacteroides_fragilis_NCTC_9343_gi_60679597_ref_NC_0 scaffold_27275

CONTIG: scaffold_27281 (587bp)
Top Length: 587  Top ID: 98.81
		One align captures most of this contig: 2959167 2959753 | 587 1 | 587 587 | 98.81 | Bacteroides_fragilis_NCTC_9343_gi_60679597_ref_NC_0 scaffold_27281

CONTIG: scaffold_27421 (583bp)
Top Length: 583  Top ID: 99.49
		One align captures most of this contig: 4670712 4671294 | 1 583 | 583 583 | 99.49 | Bacteroides_fragilis_NCTC_9343_gi_60679597_ref_NC_0 scaffold_27421

CONTIG: scaffold_27474 (582bp)
Top Length: 582  Top ID: 99.31
		One align captures most of this contig: 4144822 4145403 | 1 582 | 582 582 | 99.31 | Bacteroides_fragilis_NCTC_9343_gi_60679597_ref_NC_0 scaffold_27474

CONTIG: scaffold_27639 (577bp)
Top Length: 395  Top ID: 99.49
		This contig is partially unaligned. (Aligned 395 out of 577 bases)
		Alignment: 5146157 5146551 | 183 577 | 395 395 | 99.49 | Bacteroides_fragilis_NCTC_9343_gi_60679597_ref_NC_0 scaffold_27639
		Unaligned bases: 1 to 182 (182)

CONTIG: scaffold_27850 (571bp)
Top Length: 571  Top ID: 98.77
		One align captures most of this contig: 920603 921173 | 1 571 | 571 571 | 98.77 | Bacteroides_fragilis_NCTC_9343_gi_60679597_ref_NC_0 scaffold_27850

CONTIG: scaffold_27866 (570bp)
Top Length: 570  Top ID: 99.3
		One align captures most of this contig: 3807014 3807583 | 570 1 | 570 570 | 99.3 | Bacteroides_fragilis_NCTC_9343_gi_60679597_ref_NC_0 scaffold_27866

CONTIG: scaffold_27916 (568bp)
Top Length: 568  Top ID: 96.83
		One align captures most of this contig: 2077592 2078159 | 1 568 | 568 568 | 96.83 | Bacteroides_fragilis_NCTC_9343_gi_60679597_ref_NC_0 scaffold_27916

CONTIG: scaffold_27963 (566bp)
Top Length: 566  Top ID: 100.0
		One align captures most of this contig: 3756581 3757146 | 566 1 | 566 566 | 100.0 | Bacteroides_fragilis_NCTC_9343_gi_60679597_ref_NC_0 scaffold_27963

CONTIG: scaffold_28018 (564bp)
Top Length: 564  Top ID: 99.47
		One align captures most of this contig: 4837817 4838380 | 1 564 | 564 564 | 99.47 | Bacteroides_fragilis_NCTC_9343_gi_60679597_ref_NC_0 scaffold_28018

CONTIG: scaffold_28198 (558bp)
Top Length: 167  Top ID: 98.2
		This contig is partially unaligned. (Aligned 167 out of 558 bases)
		Alignment: 4860185 4860351 | 167 1 | 167 167 | 98.2 | Bacteroides_fragilis_NCTC_9343_gi_60679597_ref_NC_0 scaffold_28198
		Unaligned bases: 168 to 558 (391)

CONTIG: scaffold_28222 (558bp)
Top Length: 490  Top ID: 99.18
		This contig is partially unaligned. (Aligned 490 out of 558 bases)
		Alignment: 2092422 2092911 | 25 514 | 490 490 | 99.18 | Bacteroides_fragilis_NCTC_9343_gi_60679597_ref_NC_0 scaffold_28222
		Unaligned bases: 1 to 24 (24)
		Unaligned bases: 515 to 558 (44)

CONTIG: scaffold_28262 (557bp)
Top Length: 557  Top ID: 99.82
		One align captures most of this contig: 1106730 1107286 | 1 557 | 557 557 | 99.82 | Bacteroides_fragilis_NCTC_9343_gi_60679597_ref_NC_0 scaffold_28262

CONTIG: scaffold_28332 (554bp)
Top Length: 535  Top ID: 99.07
		This contig is partially unaligned. (Aligned 535 out of 554 bases)
		Alignment: 825320 825854 | 1 535 | 535 535 | 99.07 | Bacteroides_fragilis_NCTC_9343_gi_60679597_ref_NC_0 scaffold_28332
		Unaligned bases: 536 to 554 (19)

CONTIG: scaffold_28451 (550bp)
Top Length: 491  Top ID: 97.76
		This contig is partially unaligned. (Aligned 491 out of 550 bases)
		Alignment: 1039661 1040151 | 1 491 | 491 491 | 97.76 | Bacteroides_fragilis_NCTC_9343_gi_60679597_ref_NC_0 scaffold_28451
		Unaligned bases: 492 to 550 (59)

CONTIG: scaffold_28470 (550bp)
Top Length: 550  Top ID: 100.0
		One align captures most of this contig: 990887 991436 | 1 550 | 550 550 | 100.0 | Bacteroides_fragilis_NCTC_9343_gi_60679597_ref_NC_0 scaffold_28470

CONTIG: scaffold_28508 (548bp)
Top Length: 548  Top ID: 100.0
		One align captures most of this contig: 478328 478875 | 1 548 | 548 548 | 100.0 | Bacteroides_fragilis_NCTC_9343_gi_60679597_ref_NC_0 scaffold_28508

CONTIG: scaffold_28564 (547bp)
Top Length: 547  Top ID: 99.63
		One align captures most of this contig: 1471183 1471729 | 1 547 | 547 547 | 99.63 | Bacteroides_fragilis_NCTC_9343_gi_60679597_ref_NC_0 scaffold_28564

CONTIG: scaffold_28615 (546bp)
Top Length: 546  Top ID: 99.82
		One align captures most of this contig: 830222 830767 | 546 1 | 546 546 | 99.82 | Bacteroides_fragilis_NCTC_9343_gi_60679597_ref_NC_0 scaffold_28615

CONTIG: scaffold_28634 (545bp)
Top Length: 545  Top ID: 98.9
		One align captures most of this contig: 2920381 2920925 | 1 545 | 545 545 | 98.9 | Bacteroides_fragilis_NCTC_9343_gi_60679597_ref_NC_0 scaffold_28634

CONTIG: scaffold_28647 (545bp)
Top Length: 252  Top ID: 100.0
		This contig is partially unaligned. (Aligned 252 out of 545 bases)
		Alignment: 3124930 3125181 | 545 294 | 252 252 | 100.0 | Bacteroides_fragilis_NCTC_9343_gi_60679597_ref_NC_0 scaffold_28647
		Unaligned bases: 1 to 293 (293)

CONTIG: scaffold_28656 (544bp)
Top Length: 544  Top ID: 99.08
		One align captures most of this contig: 4713476 4714019 | 544 1 | 544 544 | 99.08 | Bacteroides_fragilis_NCTC_9343_gi_60679597_ref_NC_0 scaffold_28656

CONTIG: scaffold_28714 (543bp)
Top Length: 536  Top ID: 99.07
		One align captures most of this contig: 1670436 1670971 | 543 8 | 536 536 | 99.07 | Bacteroides_fragilis_NCTC_9343_gi_60679597_ref_NC_0 scaffold_28714

CONTIG: scaffold_28741 (542bp)
Top Length: 542  Top ID: 99.26
		One align captures most of this contig: 4940295 4940836 | 542 1 | 542 542 | 99.26 | Bacteroides_fragilis_NCTC_9343_gi_60679597_ref_NC_0 scaffold_28741

CONTIG: scaffold_28807 (540bp)
Top Length: 540  Top ID: 99.07
		One align captures most of this contig: 4420927 4421466 | 540 1 | 540 540 | 99.07 | Bacteroides_fragilis_NCTC_9343_gi_60679597_ref_NC_0 scaffold_28807

CONTIG: scaffold_28830 (539bp)
Top Length: 539  Top ID: 99.26
		One align captures most of this contig: 4728731 4729269 | 1 539 | 539 539 | 99.26 | Bacteroides_fragilis_NCTC_9343_gi_60679597_ref_NC_0 scaffold_28830

CONTIG: scaffold_28850 (539bp)
Top Length: 522  Top ID: 95.02
		This contig is partially unaligned. (Aligned 522 out of 539 bases)
		Alignment: 4334152 4334673 | 539 18 | 522 522 | 95.02 | Bacteroides_fragilis_NCTC_9343_gi_60679597_ref_NC_0 scaffold_28850
		Unaligned bases: 1 to 17 (17)

CONTIG: scaffold_28899 (537bp)
Top Length: 537  Top ID: 99.63
		One align captures most of this contig: 3951632 3952168 | 1 537 | 537 537 | 99.63 | Bacteroides_fragilis_NCTC_9343_gi_60679597_ref_NC_0 scaffold_28899

CONTIG: scaffold_28933 (536bp)
Top Length: 536  Top ID: 99.07
		One align captures most of this contig: 2176411 2176946 | 1 536 | 536 536 | 99.07 | Bacteroides_fragilis_NCTC_9343_gi_60679597_ref_NC_0 scaffold_28933

CONTIG: scaffold_28937 (536bp)
Top Length: 536  Top ID: 100.0
		One align captures most of this contig: 5074658 5075193 | 1 536 | 536 536 | 100.0 | Bacteroides_fragilis_NCTC_9343_gi_60679597_ref_NC_0 scaffold_28937

CONTIG: scaffold_28950 (536bp)
Top Length: 536  Top ID: 99.63
		One align captures most of this contig: 4216560 4217095 | 536 1 | 536 536 | 99.63 | Bacteroides_fragilis_NCTC_9343_gi_60679597_ref_NC_0 scaffold_28950

CONTIG: scaffold_28959 (535bp)
Top Length: 535  Top ID: 99.25
		One align captures most of this contig: 4983506 4984040 | 535 1 | 535 535 | 99.25 | Bacteroides_fragilis_NCTC_9343_gi_60679597_ref_NC_0 scaffold_28959

CONTIG: scaffold_29071 (533bp)
Top Length: 532  Top ID: 99.44
		One align captures most of this contig: 687279 687810 | 533 2 | 532 532 | 99.44 | Bacteroides_fragilis_NCTC_9343_gi_60679597_ref_NC_0 scaffold_29071

CONTIG: scaffold_29078 (533bp)
Top Length: 533  Top ID: 99.25
		One align captures most of this contig: 4938534 4939066 | 533 1 | 533 533 | 99.25 | Bacteroides_fragilis_NCTC_9343_gi_60679597_ref_NC_0 scaffold_29078

CONTIG: scaffold_29079 (889bp)
Top Length: 889  Top ID: 98.88
		One align captures most of this contig: 4949451 4950337 | 889 1 | 887 889 | 98.88 | Bacteroides_fragilis_NCTC_9343_gi_60679597_ref_NC_0 scaffold_29079

CONTIG: scaffold_29091 (533bp)
Top Length: 533  Top ID: 100.0
		One align captures most of this contig: 2925675 2926207 | 533 1 | 533 533 | 100.0 | Bacteroides_fragilis_NCTC_9343_gi_60679597_ref_NC_0 scaffold_29091

CONTIG: scaffold_29147 (531bp)
Top Length: 531  Top ID: 98.49
		One align captures most of this contig: 4435832 4436362 | 1 531 | 531 531 | 98.49 | Bacteroides_fragilis_NCTC_9343_gi_60679597_ref_NC_0 scaffold_29147

CONTIG: scaffold_29180 (530bp)
Top Length: 515  Top ID: 99.03
		This contig is partially unaligned. (Aligned 515 out of 530 bases)
		Alignment: 114763 115277 | 530 16 | 515 515 | 99.03 | Bacteroides_fragilis_NCTC_9343_gi_60679597_ref_NC_0 scaffold_29180
		Unaligned bases: 1 to 15 (15)

CONTIG: scaffold_29191 (530bp)
Top Length: 530  Top ID: 97.17
		One align captures most of this contig: 4956989 4957518 | 1 530 | 530 530 | 97.17 | Bacteroides_fragilis_NCTC_9343_gi_60679597_ref_NC_0 scaffold_29191

CONTIG: scaffold_29204 (530bp)
Top Length: 530  Top ID: 99.81
		One align captures most of this contig: 519308 519837 | 530 1 | 530 530 | 99.81 | Bacteroides_fragilis_NCTC_9343_gi_60679597_ref_NC_0 scaffold_29204

CONTIG: scaffold_29287 (528bp)
Top Length: 528  Top ID: 99.62
		One align captures most of this contig: 4435323 4435850 | 1 528 | 528 528 | 99.62 | Bacteroides_fragilis_NCTC_9343_gi_60679597_ref_NC_0 scaffold_29287

CONTIG: scaffold_29308 (527bp)
Top Length: 527  Top ID: 97.53
		One align captures most of this contig: 5170736 5171259 | 527 1 | 524 527 | 97.53 | Bacteroides_fragilis_NCTC_9343_gi_60679597_ref_NC_0 scaffold_29308

CONTIG: scaffold_29310 (527bp)
Top Length: 527  Top ID: 99.81
		One align captures most of this contig: 4926146 4926672 | 1 527 | 527 527 | 99.81 | Bacteroides_fragilis_NCTC_9343_gi_60679597_ref_NC_0 scaffold_29310

CONTIG: scaffold_29321 (527bp)
Top Length: 527  Top ID: 98.86
		One align captures most of this contig: 4005096 4005622 | 527 1 | 527 527 | 98.86 | Bacteroides_fragilis_NCTC_9343_gi_60679597_ref_NC_0 scaffold_29321

CONTIG: scaffold_29479 (523bp)
Top Length: 523  Top ID: 99.43
		One align captures most of this contig: 577321 577844 | 523 1 | 524 523 | 99.43 | Bacteroides_fragilis_NCTC_9343_gi_60679597_ref_NC_0 scaffold_29479

CONTIG: scaffold_29511 (523bp)
Top Length: 523  Top ID: 99.43
		One align captures most of this contig: 1830730 1831252 | 523 1 | 523 523 | 99.43 | Bacteroides_fragilis_NCTC_9343_gi_60679597_ref_NC_0 scaffold_29511

CONTIG: scaffold_29579 (521bp)
Top Length: 168  Top ID: 100.0
		This contig is partially unaligned. (Aligned 168 out of 521 bases)
		Alignment: 4396790 4396957 | 168 1 | 168 168 | 100.0 | Bacteroides_fragilis_NCTC_9343_gi_60679597_ref_NC_0 scaffold_29579
		Unaligned bases: 169 to 521 (353)

CONTIG: scaffold_29658 (519bp)
Top Length: 519  Top ID: 99.81
		One align captures most of this contig: 249677 250195 | 1 519 | 519 519 | 99.81 | Bacteroides_fragilis_NCTC_9343_gi_60679597_ref_NC_0 scaffold_29658

CONTIG: scaffold_29769 (517bp)
Top Length: 517  Top ID: 99.61
		One align captures most of this contig: 295265 295781 | 517 1 | 517 517 | 99.61 | Bacteroides_fragilis_NCTC_9343_gi_60679597_ref_NC_0 scaffold_29769

CONTIG: scaffold_29823 (516bp)
Top Length: 516  Top ID: 99.61
		One align captures most of this contig: 3088022 3088537 | 1 516 | 516 516 | 99.61 | Bacteroides_fragilis_NCTC_9343_gi_60679597_ref_NC_0 scaffold_29823

CONTIG: scaffold_29825 (516bp)
Top Length: 516  Top ID: 99.81
		One align captures most of this contig: 5106098 5106613 | 516 1 | 516 516 | 99.81 | Bacteroides_fragilis_NCTC_9343_gi_60679597_ref_NC_0 scaffold_29825

CONTIG: scaffold_29838 (515bp)
Top Length: 515  Top ID: 99.03
		One align captures most of this contig: 2928871 2929385 | 515 1 | 515 515 | 99.03 | Bacteroides_fragilis_NCTC_9343_gi_60679597_ref_NC_0 scaffold_29838

CONTIG: scaffold_29900 (514bp)
Top Length: 382  Top ID: 99.48
		This contig is partially unaligned. (Aligned 382 out of 514 bases)
		Alignment: 344777 345158 | 1 382 | 382 382 | 99.48 | Bacteroides_fragilis_NCTC_9343_gi_60679597_ref_NC_0 scaffold_29900
		Unaligned bases: 383 to 514 (132)

CONTIG: scaffold_29980 (847bp)
Top Length: 67  Top ID: 100.0
		This contig is partially unaligned. (Aligned 67 out of 847 bases)
		Alignment: 923539 923605 | 777 711 | 67 67 | 100.0 | Bacteroides_fragilis_NCTC_9343_gi_60679597_ref_NC_0 scaffold_29980
		Unaligned bases: 1 to 710 (710)
		Unaligned bases: 778 to 847 (70)

CONTIG: scaffold_30044 (511bp)
Top Length: 511  Top ID: 98.63
		One align captures most of this contig: 319252 319761 | 1 511 | 510 511 | 98.63 | Bacteroides_fragilis_NCTC_9343_gi_60679597_ref_NC_0 scaffold_30044

CONTIG: scaffold_30085 (510bp)
Top Length: 510  Top ID: 97.65
		One align captures most of this contig: 2232941 2233450 | 1 510 | 510 510 | 97.65 | Bacteroides_fragilis_NCTC_9343_gi_60679597_ref_NC_0 scaffold_30085

CONTIG: scaffold_30137 (508bp)
Top Length: 508  Top ID: 98.62
		One align captures most of this contig: 3060026 3060533 | 508 1 | 508 508 | 98.62 | Bacteroides_fragilis_NCTC_9343_gi_60679597_ref_NC_0 scaffold_30137

CONTIG: scaffold_30222 (507bp)
Top Length: 507  Top ID: 99.61
		One align captures most of this contig: 1962756 1963262 | 1 507 | 507 507 | 99.61 | Bacteroides_fragilis_NCTC_9343_gi_60679597_ref_NC_0 scaffold_30222

CONTIG: scaffold_30257 (506bp)
Top Length: 506  Top ID: 98.42
		One align captures most of this contig: 2056692 2057197 | 506 1 | 506 506 | 98.42 | Bacteroides_fragilis_NCTC_9343_gi_60679597_ref_NC_0 scaffold_30257

CONTIG: scaffold_30300 (505bp)
Top Length: 505  Top ID: 99.6
		One align captures most of this contig: 77091 77595 | 1 505 | 505 505 | 99.6 | Bacteroides_fragilis_NCTC_9343_gi_60679597_ref_NC_0 scaffold_30300

CONTIG: scaffold_30425 (502bp)
Top Length: 502  Top ID: 98.8
		One align captures most of this contig: 3960589 3961090 | 1 502 | 502 502 | 98.8 | Bacteroides_fragilis_NCTC_9343_gi_60679597_ref_NC_0 scaffold_30425

CONTIG: scaffold_30500 (501bp)
Top Length: 501  Top ID: 99.2
		One align captures most of this contig: 573909 574409 | 501 1 | 501 501 | 99.2 | Bacteroides_fragilis_NCTC_9343_gi_60679597_ref_NC_0 scaffold_30500

CONTIG: scaffold_30511 (501bp)
Top Length: 501  Top ID: 99.2
		One align captures most of this contig: 5188924 5189424 | 1 501 | 501 501 | 99.2 | Bacteroides_fragilis_NCTC_9343_gi_60679597_ref_NC_0 scaffold_30511

CONTIG: scaffold_30525 (500bp)
Top Length: 483  Top ID: 99.17
		This contig is partially unaligned. (Aligned 483 out of 500 bases)
		Alignment: 4230647 4231129 | 499 17 | 483 483 | 99.17 | Bacteroides_fragilis_NCTC_9343_gi_60679597_ref_NC_0 scaffold_30525
		Unaligned bases: 1 to 16 (16)
		Unaligned bases: 500 to 500 (1)

CONTIG: scaffold_30528 (500bp)
Top Length: 500  Top ID: 99.6
		One align captures most of this contig: 1614451 1614950 | 500 1 | 500 500 | 99.6 | Bacteroides_fragilis_NCTC_9343_gi_60679597_ref_NC_0 scaffold_30528

CONTIG: scaffold_30744 (921bp)
Top Length: 921  Top ID: 99.35
		One align captures most of this contig: 466326 467246 | 1 921 | 921 921 | 99.35 | Bacteroides_fragilis_NCTC_9343_gi_60679597_ref_NC_0 scaffold_30744

CONTIG: scaffold_31337 (922bp)
Top Length: 922  Top ID: 98.16
		One align captures most of this contig: 347097 348016 | 1 922 | 920 922 | 98.16 | Bacteroides_fragilis_NCTC_9343_gi_60679597_ref_NC_0 scaffold_31337

CONTIG: scaffold_33049 (777bp)
Top Length: 777  Top ID: 98.97
		One align captures most of this contig: 3811197 3811966 | 1 777 | 770 777 | 98.97 | Bacteroides_fragilis_NCTC_9343_gi_60679597_ref_NC_0 scaffold_33049

CONTIG: scaffold_34888 (759bp)
Top Length: 756  Top ID: 95.64
		One align captures most of this contig: 599653 600409 | 756 1 | 757 756 | 95.64 | Bacteroides_fragilis_NCTC_9343_gi_60679597_ref_NC_0 scaffold_34888

CONTIG: scaffold_36249 (710bp)
Top Length: 710  Top ID: 99.58
		One align captures most of this contig: 3842380 3843089 | 1 710 | 710 710 | 99.58 | Bacteroides_fragilis_NCTC_9343_gi_60679597_ref_NC_0 scaffold_36249

CONTIG: scaffold_36941 (600bp)
Top Length: 132  Top ID: 99.24
		This contig is partially unaligned. (Aligned 132 out of 600 bases)
		Alignment: 3477185 3477316 | 252 383 | 132 132 | 99.24 | Bacteroides_fragilis_NCTC_9343_gi_60679597_ref_NC_0 scaffold_36941
		Unaligned bases: 1 to 251 (251)
		Unaligned bases: 384 to 600 (217)

CONTIG: scaffold_37004 (682bp)
Top Length: 655  Top ID: 95.93
		This contig is partially unaligned. (Aligned 655 out of 682 bases)
		Alignment: 169850 170512 | 1 655 | 663 655 | 95.93 | Bacteroides_fragilis_NCTC_9343_gi_60679597_ref_NC_0 scaffold_37004
		Unaligned bases: 656 to 682 (27)

CONTIG: scaffold_38731 (693bp)
Top Length: 693  Top ID: 99.42
		One align captures most of this contig: 357399 358090 | 1 693 | 692 693 | 99.42 | Bacteroides_fragilis_NCTC_9343_gi_60679597_ref_NC_0 scaffold_38731

CONTIG: scaffold_39609 (657bp)
Top Length: 655  Top ID: 96.79
		One align captures most of this contig: 396576 397230 | 657 3 | 655 655 | 96.79 | Bacteroides_fragilis_NCTC_9343_gi_60679597_ref_NC_0 scaffold_39609

Analyzing coverage...
Writing SNPs into /Molly/gurevich/MetaQUAST/res_final/res_metahit_final/runs_per_reference/Bacteroides_fragilis_NCTC_9343/contigs_reports/nucmer_output/IDBA_UD.used_snps
	Reference Bacteroides_fragilis_NCTC_9343_gi_60679597_ref_NC_0: 236 total alignments. 1 total regions.
		Region: 1 to 5205140 (5205140 bp)
			START in gap: 1 to 30231 (30230 bp)
			Align 1: 30231 31114 scaffold_17255 844 1
				Gap between this and next alignment: 31114 to 72652 (41537 bp)
				Next Alignment: 72652 73680 scaffold_13522 1029 1

			Align 2: 72652 73680 scaffold_13522 1029 1
				Gap between this and next alignment: 73680 to 77091 (3410 bp)
				Next Alignment: 77091 77595 scaffold_30300 1 505

			Align 3: 77091 77595 scaffold_30300 1 505
				Gap between this and next alignment: 77595 to 83289 (5693 bp)
				Next Alignment: 83289 83941 scaffold_24046 653 1

			Align 4: 83289 83941 scaffold_24046 653 1
				Gap between this and next alignment: 83941 to 114169 (30227 bp)
				Next Alignment: 114169 114835 scaffold_23104 1 667

			Align 5: 114169 114835 scaffold_23104 1 667
				Negative gap (overlap) between this and next alignment: 114835 to 114763 (-72 bp)
				Next Alignment: 114763 115277 scaffold_29180 530 16

			Previous gap was negative, modifying coordinates to ignore overlap
				Moving contig start from 530 to 457.
			Align 6: 114836 115277 scaffold_29180 457 16
				Gap between this and next alignment: 115277 to 125717 (10439 bp)
				Next Alignment: 125717 126322 scaffold_26391 606 1

			Align 7: 125717 126322 scaffold_26391 606 1
				Gap between this and next alignment: 126322 to 130220 (3897 bp)
				Next Alignment: 130220 131153 scaffold_15171 934 1

			Align 8: 130220 131153 scaffold_15171 934 1
				Gap between this and next alignment: 131153 to 132899 (1745 bp)
				Next Alignment: 132899 133266 scaffold_4300 2381 2014

			Align 9: 132899 133266 scaffold_4300 2381 2014
				Gap between this and next alignment: 133266 to 145100 (11833 bp)
				Next Alignment: 145100 145801 scaffold_21914 702 1

			Align 10: 145100 145801 scaffold_21914 702 1
				Gap between this and next alignment: 145801 to 169850 (24048 bp)
				Next Alignment: 169850 170512 scaffold_37004 1 655

			Align 11: 169850 170512 scaffold_37004 1 655
				Gap between this and next alignment: 170512 to 187011 (16498 bp)
				Next Alignment: 187011 187138 scaffold_10071 1293 1166

			Align 12: 187011 187138 scaffold_10071 1293 1166
				Gap between this and next alignment: 187138 to 199167 (12028 bp)
				Next Alignment: 199167 199754 scaffold_27205 1 588

			Align 13: 199167 199754 scaffold_27205 1 588
				Gap between this and next alignment: 199754 to 214327 (14572 bp)
				Next Alignment: 214327 215101 scaffold_19357 775 1

			Align 14: 214327 215101 scaffold_19357 775 1
				Gap between this and next alignment: 215101 to 231627 (16525 bp)
				Next Alignment: 231627 232401 scaffold_19343 1 775

			Align 15: 231627 232401 scaffold_19343 1 775
				Gap between this and next alignment: 232401 to 233895 (1493 bp)
				Next Alignment: 233895 234481 scaffold_27256 587 1

			Align 16: 233895 234481 scaffold_27256 587 1
				Gap between this and next alignment: 234481 to 241736 (7254 bp)
				Next Alignment: 241736 242334 scaffold_26732 599 1

			Align 17: 241736 242334 scaffold_26732 599 1
				Gap between this and next alignment: 242334 to 249677 (7342 bp)
				Next Alignment: 249677 250195 scaffold_29658 1 519

			Align 18: 249677 250195 scaffold_29658 1 519
				Gap between this and next alignment: 250195 to 256239 (6043 bp)
				Next Alignment: 256239 256977 scaffold_20584 739 1

			Align 19: 256239 256977 scaffold_20584 739 1
				Gap between this and next alignment: 256977 to 266708 (9730 bp)
				Next Alignment: 266708 267321 scaffold_25958 614 1

			Align 20: 266708 267321 scaffold_25958 614 1
				Gap between this and next alignment: 267321 to 276450 (9128 bp)
				Next Alignment: 276450 277178 scaffold_20914 729 1

			Align 21: 276450 277178 scaffold_20914 729 1
				Gap between this and next alignment: 277178 to 295265 (18086 bp)
				Next Alignment: 295265 295781 scaffold_29769 517 1

			Align 22: 295265 295781 scaffold_29769 517 1
				Gap between this and next alignment: 295781 to 303544 (7762 bp)
				Next Alignment: 303544 304546 scaffold_13929 1003 1

			Align 23: 303544 304546 scaffold_13929 1003 1
				Gap between this and next alignment: 304546 to 311055 (6508 bp)
				Next Alignment: 311055 311694 scaffold_24656 1 640

			Align 24: 311055 311694 scaffold_24656 1 640
				Gap between this and next alignment: 311694 to 319252 (7557 bp)
				Next Alignment: 319252 319761 scaffold_30044 1 511

			Align 25: 319252 319761 scaffold_30044 1 511
				Gap between this and next alignment: 319761 to 344777 (25015 bp)
				Next Alignment: 344777 345158 scaffold_29900 1 382

			Align 26: 344777 345158 scaffold_29900 1 382
				Gap between this and next alignment: 345158 to 345656 (497 bp)
				Next Alignment: 345656 346247 scaffold_27076 592 1

			Align 27: 345656 346247 scaffold_27076 592 1
				Gap between this and next alignment: 346247 to 347097 (849 bp)
				Next Alignment: 347097 348016 scaffold_31337 1 922

			Align 28: 347097 348016 scaffold_31337 1 922
				Gap between this and next alignment: 348016 to 356687 (8670 bp)
				Next Alignment: 356687 357390 scaffold_21586 711 8

			Align 29: 356687 357390 scaffold_21586 711 8
				Gap between this and next alignment: 357390 to 357399 (8 bp)
				Next Alignment: 357399 358090 scaffold_38731 1 693

			Align 30: 357399 358090 scaffold_38731 1 693
				Gap between this and next alignment: 358090 to 358287 (196 bp)
				Next Alignment: 358287 359231 scaffold_14915 948 1

			Align 31: 358287 359231 scaffold_14915 948 1
				Gap between this and next alignment: 359231 to 396576 (37344 bp)
				Next Alignment: 396576 397230 scaffold_39609 657 3

			Align 32: 396576 397230 scaffold_39609 657 3
				Gap between this and next alignment: 397230 to 446448 (49217 bp)
				Next Alignment: 446448 447055 scaffold_26288 1 608

			Align 33: 446448 447055 scaffold_26288 1 608
				Gap between this and next alignment: 447055 to 455552 (8496 bp)
				Next Alignment: 455552 456174 scaffold_25525 1 623

			Align 34: 455552 456174 scaffold_25525 1 623
				Gap between this and next alignment: 456174 to 466326 (10151 bp)
				Next Alignment: 466326 467246 scaffold_30744 1 921

			Align 35: 466326 467246 scaffold_30744 1 921
				Gap between this and next alignment: 467246 to 478328 (11081 bp)
				Next Alignment: 478328 478875 scaffold_28508 1 548

			Align 36: 478328 478875 scaffold_28508 1 548
				Gap between this and next alignment: 478875 to 492613 (13737 bp)
				Next Alignment: 492613 493285 scaffold_23116 1 673

			Align 37: 492613 493285 scaffold_23116 1 673
				Gap between this and next alignment: 493285 to 512591 (19305 bp)
				Next Alignment: 512591 512868 scaffold_27171 589 312

			Align 38: 512591 512868 scaffold_27171 589 312
				Gap between this and next alignment: 512868 to 519308 (6439 bp)
				Next Alignment: 519308 519837 scaffold_29204 530 1

			Align 39: 519308 519837 scaffold_29204 530 1
				Gap between this and next alignment: 519837 to 537222 (17384 bp)
				Next Alignment: 537222 537899 scaffold_22889 678 1

			Align 40: 537222 537899 scaffold_22889 678 1
				Gap between this and next alignment: 537899 to 558359 (20459 bp)
				Next Alignment: 558359 559163 scaffold_18395 805 1

			Align 41: 558359 559163 scaffold_18395 805 1
				Gap between this and next alignment: 559163 to 573909 (14745 bp)
				Next Alignment: 573909 574409 scaffold_30500 501 1

			Align 42: 573909 574409 scaffold_30500 501 1
				Gap between this and next alignment: 574409 to 577321 (2911 bp)
				Next Alignment: 577321 577844 scaffold_29479 523 1

			Align 43: 577321 577844 scaffold_29479 523 1
				Gap between this and next alignment: 577844 to 579996 (2151 bp)
				Next Alignment: 579996 581065 scaffold_12856 1070 1

			Align 44: 579996 581065 scaffold_12856 1070 1
				Gap between this and next alignment: 581065 to 582163 (1097 bp)
				Next Alignment: 582163 582873 scaffold_21589 711 1

			Align 45: 582163 582873 scaffold_21589 711 1
				Gap between this and next alignment: 582873 to 599653 (16779 bp)
				Next Alignment: 599653 600409 scaffold_34888 756 1

			Align 46: 599653 600409 scaffold_34888 756 1
				Gap between this and next alignment: 600409 to 628117 (27707 bp)
				Next Alignment: 628117 628791 scaffold_23007 1 675

			Align 47: 628117 628791 scaffold_23007 1 675
				Gap between this and next alignment: 628791 to 628839 (47 bp)
				Next Alignment: 628839 629444 scaffold_26367 606 1

			Align 48: 628839 629444 scaffold_26367 606 1
				Gap between this and next alignment: 629444 to 638957 (9512 bp)
				Next Alignment: 638957 639675 scaffold_21265 1 719

			Align 49: 638957 639675 scaffold_21265 1 719
				Gap between this and next alignment: 639675 to 640674 (998 bp)
				Next Alignment: 640674 641277 scaffold_26478 604 1

			Align 50: 640674 641277 scaffold_26478 604 1
				Gap between this and next alignment: 641277 to 644856 (3578 bp)
				Next Alignment: 644856 645525 scaffold_23251 1 670

			Align 51: 644856 645525 scaffold_23251 1 670
				Gap between this and next alignment: 645525 to 684611 (39085 bp)
				Next Alignment: 684611 685197 scaffold_27275 587 1

			Align 52: 684611 685197 scaffold_27275 587 1
				Gap between this and next alignment: 685197 to 687279 (2081 bp)
				Next Alignment: 687279 687810 scaffold_29071 533 2

			Align 53: 687279 687810 scaffold_29071 533 2
				Gap between this and next alignment: 687810 to 688037 (226 bp)
				Next Alignment: 688037 688628 scaffold_27070 592 1

			Align 54: 688037 688628 scaffold_27070 592 1
				Gap between this and next alignment: 688628 to 692391 (3762 bp)
				Next Alignment: 692391 693090 scaffold_22010 700 1

			Align 55: 692391 693090 scaffold_22010 700 1
				Gap between this and next alignment: 693090 to 695314 (2223 bp)
				Next Alignment: 695314 695406 scaffold_23276 1 93

			Align 56: 695314 695406 scaffold_23276 1 93
				Gap between this and next alignment: 695406 to 718694 (23287 bp)
				Next Alignment: 718694 718932 scaffold_12183 1116 878

			Align 57: 718694 718932 scaffold_12183 1116 878
				Gap between this and next alignment: 718932 to 753213 (34280 bp)
				Next Alignment: 753213 753827 scaffold_25900 1 615

			Align 58: 753213 753827 scaffold_25900 1 615
				Gap between this and next alignment: 753827 to 767776 (13948 bp)
				Next Alignment: 767776 768249 scaffold_26795 125 598

			Align 59: 767776 768249 scaffold_26795 125 598
				Gap between this and next alignment: 768249 to 807751 (39501 bp)
				Next Alignment: 807751 808420 scaffold_23238 670 1

			Align 60: 807751 808420 scaffold_23238 670 1
				Gap between this and next alignment: 808420 to 819275 (10854 bp)
				Next Alignment: 819275 820026 scaffold_20129 752 1

			Align 61: 819275 820026 scaffold_20129 752 1
				Gap between this and next alignment: 820026 to 825320 (5293 bp)
				Next Alignment: 825320 825854 scaffold_28332 1 535

			Align 62: 825320 825854 scaffold_28332 1 535
				Gap between this and next alignment: 825854 to 830222 (4367 bp)
				Next Alignment: 830222 830767 scaffold_28615 546 1

			Align 63: 830222 830767 scaffold_28615 546 1
				Gap between this and next alignment: 830767 to 877650 (46882 bp)
				Next Alignment: 877650 878294 scaffold_24429 645 1

			Align 64: 877650 878294 scaffold_24429 645 1
				Gap between this and next alignment: 878294 to 886252 (7957 bp)
				Next Alignment: 886252 886889 scaffold_24712 1 638

			Align 65: 886252 886889 scaffold_24712 1 638
				Gap between this and next alignment: 886889 to 920603 (33713 bp)
				Next Alignment: 920603 921173 scaffold_27850 1 571

			Align 66: 920603 921173 scaffold_27850 1 571
				Gap between this and next alignment: 921173 to 923539 (2365 bp)
				Next Alignment: 923539 923605 scaffold_29980 777 711

			Align 67: 923539 923605 scaffold_29980 777 711
				Gap between this and next alignment: 923605 to 929998 (6392 bp)
				Next Alignment: 929998 930589 scaffold_27055 1 592

			Align 68: 929998 930589 scaffold_27055 1 592
				Gap between this and next alignment: 930589 to 935424 (4834 bp)
				Next Alignment: 935424 936102 scaffold_22823 679 1

			Align 69: 935424 936102 scaffold_22823 679 1
				Gap between this and next alignment: 936102 to 940850 (4747 bp)
				Next Alignment: 940850 941745 scaffold_15967 1 896

			Align 70: 940850 941745 scaffold_15967 1 896
				Gap between this and next alignment: 941745 to 990887 (49141 bp)
				Next Alignment: 990887 991436 scaffold_28470 1 550

			Align 71: 990887 991436 scaffold_28470 1 550
				Gap between this and next alignment: 991436 to 1002556 (11119 bp)
				Next Alignment: 1002556 1002653 scaffold_17596 1 98

			Align 72: 1002556 1002653 scaffold_17596 1 98
				Gap between this and next alignment: 1002653 to 1028950 (26296 bp)
				Next Alignment: 1028950 1029644 scaffold_22201 695 1

			Align 73: 1028950 1029644 scaffold_22201 695 1
				Gap between this and next alignment: 1029644 to 1039661 (10016 bp)
				Next Alignment: 1039661 1040151 scaffold_28451 1 491

			Align 74: 1039661 1040151 scaffold_28451 1 491
				Gap between this and next alignment: 1040151 to 1051177 (11025 bp)
				Next Alignment: 1051177 1052323 scaffold_23386 1165 1

			Align 75: 1051177 1052323 scaffold_23386 1165 1
				Gap between this and next alignment: 1052323 to 1061715 (9391 bp)
				Next Alignment: 1061715 1062874 scaffold_11608 1160 1

			Align 76: 1061715 1062874 scaffold_11608 1160 1
				Gap between this and next alignment: 1062874 to 1063734 (859 bp)
				Next Alignment: 1063734 1063953 scaffold_15089 719 938

			Align 77: 1063734 1063953 scaffold_15089 719 938
				Gap between this and next alignment: 1063953 to 1070487 (6533 bp)
				Next Alignment: 1070487 1070598 scaffold_4274 112 1

			Align 78: 1070487 1070598 scaffold_4274 112 1
				Gap between this and next alignment: 1070598 to 1099644 (29045 bp)
				Next Alignment: 1099644 1100340 scaffold_22125 1 697

			Align 79: 1099644 1100340 scaffold_22125 1 697
				Gap between this and next alignment: 1100340 to 1106730 (6389 bp)
				Next Alignment: 1106730 1107286 scaffold_28262 1 557

			Align 80: 1106730 1107286 scaffold_28262 1 557
				Gap between this and next alignment: 1107286 to 1124652 (17365 bp)
				Next Alignment: 1124652 1125368 scaffold_21352 717 1

			Align 81: 1124652 1125368 scaffold_21352 717 1
				Gap between this and next alignment: 1125368 to 1176562 (51193 bp)
				Next Alignment: 1176562 1177489 scaffold_15316 928 1

			Align 82: 1176562 1177489 scaffold_15316 928 1
				Gap between this and next alignment: 1177489 to 1193287 (15797 bp)
				Next Alignment: 1193287 1193927 scaffold_24576 641 1

			Align 83: 1193287 1193927 scaffold_24576 641 1
				Gap between this and next alignment: 1193927 to 1202515 (8587 bp)
				Next Alignment: 1202515 1203131 scaffold_25828 617 1

			Align 84: 1202515 1203131 scaffold_25828 617 1
				Gap between this and next alignment: 1203131 to 1255188 (52056 bp)
				Next Alignment: 1255188 1255254 scaffold_12998 1 67

			Align 85: 1255188 1255254 scaffold_12998 1 67
				Gap between this and next alignment: 1255254 to 1258096 (2841 bp)
				Next Alignment: 1258096 1258914 scaffold_18009 1 819

			Align 86: 1258096 1258914 scaffold_18009 1 819
				Gap between this and next alignment: 1258914 to 1299199 (40284 bp)
				Next Alignment: 1299199 1299686 scaffold_23099 488 1

			Align 87: 1299199 1299686 scaffold_23099 488 1
				Gap between this and next alignment: 1299686 to 1414525 (114838 bp)
				Next Alignment: 1414525 1415300 scaffold_19317 1 776

			Align 88: 1414525 1415300 scaffold_19317 1 776
				Gap between this and next alignment: 1415300 to 1434561 (19260 bp)
				Next Alignment: 1434561 1434917 scaffold_13760 357 1

			Align 89: 1434561 1434917 scaffold_13760 357 1
				Gap between this and next alignment: 1434917 to 1445020 (10102 bp)
				Next Alignment: 1445020 1445749 scaffold_20872 730 1

			Align 90: 1445020 1445749 scaffold_20872 730 1
				Gap between this and next alignment: 1445749 to 1471183 (25433 bp)
				Next Alignment: 1471183 1471729 scaffold_28564 1 547

			Align 91: 1471183 1471729 scaffold_28564 1 547
				Gap between this and next alignment: 1471729 to 1519553 (47823 bp)
				Next Alignment: 1519553 1520496 scaffold_14993 943 1

			Align 92: 1519553 1520496 scaffold_14993 943 1
				Gap between this and next alignment: 1520496 to 1521555 (1058 bp)
				Next Alignment: 1521555 1522204 scaffold_24076 1138 489

			Align 93: 1521555 1522204 scaffold_24076 1138 489
				Gap between this and next alignment: 1522204 to 1522317 (112 bp)
				Next Alignment: 1522317 1522687 scaffold_24076 371 1

			Align 94: 1522317 1522687 scaffold_24076 371 1
				Gap between this and next alignment: 1522687 to 1523464 (776 bp)
				Next Alignment: 1523464 1524057 scaffold_8615 2331 1738

			Align 95: 1523464 1524057 scaffold_8615 2331 1738
				Gap between this and next alignment: 1524057 to 1532338 (8280 bp)
				Next Alignment: 1532338 1533228 scaffold_16042 891 1

			Align 96: 1532338 1533228 scaffold_16042 891 1
				Gap between this and next alignment: 1533228 to 1614451 (81222 bp)
				Next Alignment: 1614451 1614950 scaffold_30528 500 1

			Align 97: 1614451 1614950 scaffold_30528 500 1
				Gap between this and next alignment: 1614950 to 1670436 (55485 bp)
				Next Alignment: 1670436 1670971 scaffold_28714 543 8

			Align 98: 1670436 1670971 scaffold_28714 543 8
				Gap between this and next alignment: 1670971 to 1830730 (159758 bp)
				Next Alignment: 1830730 1831252 scaffold_29511 523 1

			Align 99: 1830730 1831252 scaffold_29511 523 1
				Gap between this and next alignment: 1831252 to 1926044 (94791 bp)
				Next Alignment: 1926044 1926692 scaffold_24192 649 1

			Align 100: 1926044 1926692 scaffold_24192 649 1
				Gap between this and next alignment: 1926692 to 1937995 (11302 bp)
				Next Alignment: 1937995 1938799 scaffold_18389 1 805

			Align 101: 1937995 1938799 scaffold_18389 1 805
				Gap between this and next alignment: 1938799 to 1957738 (18938 bp)
				Next Alignment: 1957738 1957904 scaffold_1254 1 167

			Align 102: 1957738 1957904 scaffold_1254 1 167
				Gap between this and next alignment: 1957904 to 1962756 (4851 bp)
				Next Alignment: 1962756 1963262 scaffold_30222 1 507

			Align 103: 1962756 1963262 scaffold_30222 1 507
				Gap between this and next alignment: 1963262 to 1976860 (13597 bp)
				Next Alignment: 1976860 1977478 scaffold_25683 619 1

			Align 104: 1976860 1977478 scaffold_25683 619 1
				Gap between this and next alignment: 1977478 to 2013327 (35848 bp)
				Next Alignment: 2013327 2013974 scaffold_24257 1 648

			Align 105: 2013327 2013974 scaffold_24257 1 648
				Gap between this and next alignment: 2013974 to 2021171 (7196 bp)
				Next Alignment: 2021171 2021731 scaffold_22216 561 1

			Align 106: 2021171 2021731 scaffold_22216 561 1
				Gap between this and next alignment: 2021731 to 2024222 (2490 bp)
				Next Alignment: 2024222 2025078 scaffold_20736 1 856

			Align 107: 2024222 2025078 scaffold_20736 1 856
				Gap between this and next alignment: 2025078 to 2030994 (5915 bp)
				Next Alignment: 2030994 2031908 scaffold_15555 915 1

			Align 108: 2030994 2031908 scaffold_15555 915 1
				Gap between this and next alignment: 2031908 to 2049802 (17893 bp)
				Next Alignment: 2049802 2050856 scaffold_13015 1058 4

			Align 109: 2049802 2050856 scaffold_13015 1058 4
				Gap between this and next alignment: 2050856 to 2056692 (5835 bp)
				Next Alignment: 2056692 2057197 scaffold_30257 506 1

			Align 110: 2056692 2057197 scaffold_30257 506 1
				Gap between this and next alignment: 2057197 to 2065121 (7923 bp)
				Next Alignment: 2065121 2065426 scaffold_17016 851 546

			Align 111: 2065121 2065426 scaffold_17016 851 546
				Gap between this and next alignment: 2065426 to 2070918 (5491 bp)
				Next Alignment: 2070918 2072001 scaffold_12645 1084 1

			Align 112: 2070918 2072001 scaffold_12645 1084 1
				Gap between this and next alignment: 2072001 to 2073620 (1618 bp)
				Next Alignment: 2073620 2074214 scaffold_22729 973 379

			Align 113: 2073620 2074214 scaffold_22729 973 379
				Gap between this and next alignment: 2074214 to 2077592 (3377 bp)
				Next Alignment: 2077592 2078159 scaffold_27916 1 568

			Align 114: 2077592 2078159 scaffold_27916 1 568
				Gap between this and next alignment: 2078159 to 2078533 (373 bp)
				Next Alignment: 2078533 2078782 scaffold_18860 1 250

			Align 115: 2078533 2078782 scaffold_18860 1 250
				Gap between this and next alignment: 2078782 to 2079831 (1048 bp)
				Next Alignment: 2079831 2079912 scaffold_7620 1 82

			Align 116: 2079831 2079912 scaffold_7620 1 82
				Gap between this and next alignment: 2079912 to 2092422 (12509 bp)
				Next Alignment: 2092422 2092911 scaffold_28222 25 514

			Align 117: 2092422 2092911 scaffold_28222 25 514
				Gap between this and next alignment: 2092911 to 2108891 (15979 bp)
				Next Alignment: 2108891 2109055 scaffold_15969 732 896

			Align 118: 2108891 2109055 scaffold_15969 732 896
				Gap between this and next alignment: 2109055 to 2176411 (67355 bp)
				Next Alignment: 2176411 2176946 scaffold_28933 1 536

			Align 119: 2176411 2176946 scaffold_28933 1 536
				Gap between this and next alignment: 2176946 to 2232941 (55994 bp)
				Next Alignment: 2232941 2233450 scaffold_30085 1 510

			Align 120: 2232941 2233450 scaffold_30085 1 510
				Gap between this and next alignment: 2233450 to 2296775 (63324 bp)
				Next Alignment: 2296775 2297605 scaffold_17638 831 1

			Align 121: 2296775 2297605 scaffold_17638 831 1
				Gap between this and next alignment: 2297605 to 2333731 (36125 bp)
				Next Alignment: 2333731 2333820 scaffold_13647 931 1020

			Align 122: 2333731 2333820 scaffold_13647 931 1020
				Gap between this and next alignment: 2333820 to 2384784 (50963 bp)
				Next Alignment: 2384784 2385145 scaffold_3522 379 18

			Align 123: 2384784 2385145 scaffold_3522 379 18
				Gap between this and next alignment: 2385145 to 2488769 (103623 bp)
				Next Alignment: 2488769 2489428 scaffold_4233 3623 4282

			Align 124: 2488769 2489428 scaffold_4233 3623 4282
				Gap between this and next alignment: 2489428 to 2524715 (35286 bp)
				Next Alignment: 2524715 2525374 scaffold_23577 660 1

			Align 125: 2524715 2525374 scaffold_23577 660 1
				Gap between this and next alignment: 2525374 to 2633524 (108149 bp)
				Next Alignment: 2633524 2634150 scaffold_25312 627 1

			Align 126: 2633524 2634150 scaffold_25312 627 1
				Gap between this and next alignment: 2634150 to 2668473 (34322 bp)
				Next Alignment: 2668473 2669184 scaffold_21539 712 1

			Align 127: 2668473 2669184 scaffold_21539 712 1
				Gap between this and next alignment: 2669184 to 2672852 (3667 bp)
				Next Alignment: 2672852 2673590 scaffold_20601 739 1

			Align 128: 2672852 2673590 scaffold_20601 739 1
				Gap between this and next alignment: 2673590 to 2794671 (121080 bp)
				Next Alignment: 2794671 2795501 scaffold_17650 831 1

			Align 129: 2794671 2795501 scaffold_17650 831 1
				Gap between this and next alignment: 2795501 to 2883668 (88166 bp)
				Next Alignment: 2883668 2884336 scaffold_23273 669 1

			Align 130: 2883668 2884336 scaffold_23273 669 1
				Gap between this and next alignment: 2884336 to 2920381 (36044 bp)
				Next Alignment: 2920381 2920925 scaffold_28634 1 545

			Align 131: 2920381 2920925 scaffold_28634 1 545
				Gap between this and next alignment: 2920925 to 2921309 (383 bp)
				Next Alignment: 2921309 2921922 scaffold_25946 1 614

			Align 132: 2921309 2921922 scaffold_25946 1 614
				Gap between this and next alignment: 2921922 to 2925675 (3752 bp)
				Next Alignment: 2925675 2926207 scaffold_29091 533 1

			Align 133: 2925675 2926207 scaffold_29091 533 1
				Gap between this and next alignment: 2926207 to 2928871 (2663 bp)
				Next Alignment: 2928871 2929385 scaffold_29838 515 1

			Align 134: 2928871 2929385 scaffold_29838 515 1
				Gap between this and next alignment: 2929385 to 2959167 (29781 bp)
				Next Alignment: 2959167 2959753 scaffold_27281 587 1

			Align 135: 2959167 2959753 scaffold_27281 587 1
				Gap between this and next alignment: 2959753 to 2989917 (30163 bp)
				Next Alignment: 2989917 2990504 scaffold_27239 1 588

			Align 136: 2989917 2990504 scaffold_27239 1 588
				Gap between this and next alignment: 2990504 to 3059541 (69036 bp)
				Next Alignment: 3059541 3059934 scaffold_18307 394 1

			Align 137: 3059541 3059934 scaffold_18307 394 1
				Gap between this and next alignment: 3059934 to 3060026 (91 bp)
				Next Alignment: 3060026 3060533 scaffold_30137 508 1

			Align 138: 3060026 3060533 scaffold_30137 508 1
				Gap between this and next alignment: 3060533 to 3088022 (27488 bp)
				Next Alignment: 3088022 3088537 scaffold_29823 1 516

			Align 139: 3088022 3088537 scaffold_29823 1 516
				Gap between this and next alignment: 3088537 to 3116875 (28337 bp)
				Next Alignment: 3116875 3117035 scaffold_12314 947 1107

			Align 140: 3116875 3117035 scaffold_12314 947 1107
				Gap between this and next alignment: 3117035 to 3124930 (7894 bp)
				Next Alignment: 3124930 3125181 scaffold_28647 545 294

			Align 141: 3124930 3125181 scaffold_28647 545 294
				Gap between this and next alignment: 3125181 to 3131055 (5873 bp)
				Next Alignment: 3131055 3131606 scaffold_27234 552 1

			Align 142: 3131055 3131606 scaffold_27234 552 1
				Gap between this and next alignment: 3131606 to 3135278 (3671 bp)
				Next Alignment: 3135278 3135985 scaffold_21689 1 708

			Align 143: 3135278 3135985 scaffold_21689 1 708
				Gap between this and next alignment: 3135985 to 3209666 (73680 bp)
				Next Alignment: 3209666 3209847 scaffold_836 1 182

			Align 144: 3209666 3209847 scaffold_836 1 182
				Gap between this and next alignment: 3209847 to 3346826 (136978 bp)
				Next Alignment: 3346826 3347419 scaffold_18156 1 594

			Align 145: 3346826 3347419 scaffold_18156 1 594
				Gap between this and next alignment: 3347419 to 3399589 (52169 bp)
				Next Alignment: 3399589 3399829 scaffold_12248 1 241

			Align 146: 3399589 3399829 scaffold_12248 1 241
				Gap between this and next alignment: 3399829 to 3477185 (77355 bp)
				Next Alignment: 3477185 3477316 scaffold_36941 252 383

			Align 147: 3477185 3477316 scaffold_36941 252 383
				Gap between this and next alignment: 3477316 to 3493039 (15722 bp)
				Next Alignment: 3493039 3493736 scaffold_22095 1 698

			Align 148: 3493039 3493736 scaffold_22095 1 698
				Gap between this and next alignment: 3493736 to 3498684 (4947 bp)
				Next Alignment: 3498684 3499319 scaffold_24821 636 1

			Align 149: 3498684 3499319 scaffold_24821 636 1
				Gap between this and next alignment: 3499319 to 3516451 (17131 bp)
				Next Alignment: 3516451 3517080 scaffold_25152 1 630

			Align 150: 3516451 3517080 scaffold_25152 1 630
				Gap between this and next alignment: 3517080 to 3668495 (151414 bp)
				Next Alignment: 3668495 3669102 scaffold_26281 1 608

			Align 151: 3668495 3669102 scaffold_26281 1 608
				Gap between this and next alignment: 3669102 to 3755738 (86635 bp)
				Next Alignment: 3755738 3756337 scaffold_26708 600 1

			Align 152: 3755738 3756337 scaffold_26708 600 1
				Gap between this and next alignment: 3756337 to 3756581 (243 bp)
				Next Alignment: 3756581 3757146 scaffold_27963 566 1

			Align 153: 3756581 3757146 scaffold_27963 566 1
				Gap between this and next alignment: 3757146 to 3785152 (28005 bp)
				Next Alignment: 3785152 3785804 scaffold_24003 1 653

			Align 154: 3785152 3785804 scaffold_24003 1 653
				Gap between this and next alignment: 3785804 to 3791752 (5947 bp)
				Next Alignment: 3791752 3792392 scaffold_24571 1 641

			Align 155: 3791752 3792392 scaffold_24571 1 641
				Gap between this and next alignment: 3792392 to 3803545 (11152 bp)
				Next Alignment: 3803545 3804246 scaffold_21908 1 702

			Align 156: 3803545 3804246 scaffold_21908 1 702
				Gap between this and next alignment: 3804246 to 3807014 (2767 bp)
				Next Alignment: 3807014 3807583 scaffold_27866 570 1

			Align 157: 3807014 3807583 scaffold_27866 570 1
				Gap between this and next alignment: 3807583 to 3811197 (3613 bp)
				Next Alignment: 3811197 3811966 scaffold_33049 1 777

			Align 158: 3811197 3811966 scaffold_33049 1 777
				Gap between this and next alignment: 3811966 to 3842380 (30413 bp)
				Next Alignment: 3842380 3843089 scaffold_36249 1 710

			Align 159: 3842380 3843089 scaffold_36249 1 710
				Gap between this and next alignment: 3843089 to 3862605 (19515 bp)
				Next Alignment: 3862605 3863242 scaffold_24753 1 638

			Align 160: 3862605 3863242 scaffold_24753 1 638
				Gap between this and next alignment: 3863242 to 3893832 (30589 bp)
				Next Alignment: 3893832 3894335 scaffold_22876 678 175

			Align 161: 3893832 3894335 scaffold_22876 678 175
				Gap between this and next alignment: 3894335 to 3918883 (24547 bp)
				Next Alignment: 3918883 3919490 scaffold_26273 1 608

			Align 162: 3918883 3919490 scaffold_26273 1 608
				Gap between this and next alignment: 3919490 to 3951632 (32141 bp)
				Next Alignment: 3951632 3952168 scaffold_28899 1 537

			Align 163: 3951632 3952168 scaffold_28899 1 537
				Gap between this and next alignment: 3952168 to 3960589 (8420 bp)
				Next Alignment: 3960589 3961090 scaffold_30425 1 502

			Align 164: 3960589 3961090 scaffold_30425 1 502
				Gap between this and next alignment: 3961090 to 3983420 (22329 bp)
				Next Alignment: 3983420 3984037 scaffold_25737 618 1

			Align 165: 3983420 3984037 scaffold_25737 618 1
				Gap between this and next alignment: 3984037 to 4005096 (21058 bp)
				Next Alignment: 4005096 4005622 scaffold_29321 527 1

			Align 166: 4005096 4005622 scaffold_29321 527 1
				Gap between this and next alignment: 4005622 to 4027060 (21437 bp)
				Next Alignment: 4027060 4027712 scaffold_24019 1 653

			Align 167: 4027060 4027712 scaffold_24019 1 653
				Gap between this and next alignment: 4027712 to 4076107 (48394 bp)
				Next Alignment: 4076107 4076748 scaffold_24536 642 1

			Align 168: 4076107 4076748 scaffold_24536 642 1
				Gap between this and next alignment: 4076748 to 4098467 (21718 bp)
				Next Alignment: 4098467 4099081 scaffold_25940 1 615

			Align 169: 4098467 4099081 scaffold_25940 1 615
				Gap between this and next alignment: 4099081 to 4110338 (11256 bp)
				Next Alignment: 4110338 4110954 scaffold_25791 617 1

			Align 170: 4110338 4110954 scaffold_25791 617 1
				Gap between this and next alignment: 4110954 to 4144822 (33867 bp)
				Next Alignment: 4144822 4145403 scaffold_27474 1 582

			Align 171: 4144822 4145403 scaffold_27474 1 582
				Gap between this and next alignment: 4145403 to 4153631 (8227 bp)
				Next Alignment: 4153631 4153822 scaffold_10385 1073 1264

			Align 172: 4153631 4153822 scaffold_10385 1073 1264
				Gap between this and next alignment: 4153822 to 4189825 (36002 bp)
				Next Alignment: 4189825 4190875 scaffold_13143 1051 1

			Align 173: 4189825 4190875 scaffold_13143 1051 1
				Gap between this and next alignment: 4190875 to 4195052 (4176 bp)
				Next Alignment: 4195052 4195668 scaffold_25789 617 1

			Align 174: 4195052 4195668 scaffold_25789 617 1
				Gap between this and next alignment: 4195668 to 4216560 (20891 bp)
				Next Alignment: 4216560 4217095 scaffold_28950 536 1

			Align 175: 4216560 4217095 scaffold_28950 536 1
				Gap between this and next alignment: 4217095 to 4230647 (13551 bp)
				Next Alignment: 4230647 4231129 scaffold_30525 499 17

			Align 176: 4230647 4231129 scaffold_30525 499 17
				Gap between this and next alignment: 4231129 to 4254172 (23042 bp)
				Next Alignment: 4254172 4254383 scaffold_2980 1 212

			Align 177: 4254172 4254383 scaffold_2980 1 212
				Gap between this and next alignment: 4254383 to 4255247 (863 bp)
				Next Alignment: 4255247 4256309 scaffold_12946 1063 1

			Align 178: 4255247 4256309 scaffold_12946 1063 1
				Gap between this and next alignment: 4256309 to 4258400 (2090 bp)
				Next Alignment: 4258400 4258786 scaffold_9130 1010 1396

			Align 179: 4258400 4258786 scaffold_9130 1010 1396
				Gap between this and next alignment: 4258786 to 4264118 (5331 bp)
				Next Alignment: 4264118 4264753 scaffold_24812 1 636

			Align 180: 4264118 4264753 scaffold_24812 1 636
				Gap between this and next alignment: 4264753 to 4269088 (4334 bp)
				Next Alignment: 4269088 4269753 scaffold_23418 666 1

			Align 181: 4269088 4269753 scaffold_23418 666 1
				Gap between this and next alignment: 4269753 to 4294442 (24688 bp)
				Next Alignment: 4294442 4295105 scaffold_23512 1 664

			Align 182: 4294442 4295105 scaffold_23512 1 664
				Gap between this and next alignment: 4295105 to 4334152 (39046 bp)
				Next Alignment: 4334152 4334673 scaffold_28850 539 18

			Align 183: 4334152 4334673 scaffold_28850 539 18
				Gap between this and next alignment: 4334673 to 4375696 (41022 bp)
				Next Alignment: 4375696 4376437 scaffold_20474 742 1

			Align 184: 4375696 4376437 scaffold_20474 742 1
				Gap between this and next alignment: 4376437 to 4396790 (20352 bp)
				Next Alignment: 4396790 4396957 scaffold_29579 168 1

			Align 185: 4396790 4396957 scaffold_29579 168 1
				Gap between this and next alignment: 4396957 to 4407230 (10272 bp)
				Next Alignment: 4407230 4407832 scaffold_26513 1 603

			Align 186: 4407230 4407832 scaffold_26513 1 603
				Gap between this and next alignment: 4407832 to 4420927 (13094 bp)
				Next Alignment: 4420927 4421466 scaffold_28807 540 1

			Align 187: 4420927 4421466 scaffold_28807 540 1
				Gap between this and next alignment: 4421466 to 4422555 (1088 bp)
				Next Alignment: 4422555 4423288 scaffold_20768 734 1

			Align 188: 4422555 4423288 scaffold_20768 734 1
				Gap between this and next alignment: 4423288 to 4435323 (12034 bp)
				Next Alignment: 4435323 4435850 scaffold_29287 1 528

			Align 189: 4435323 4435850 scaffold_29287 1 528
				Negative gap (overlap) between this and next alignment: 4435850 to 4435832 (-18 bp)
				Next Alignment: 4435832 4436362 scaffold_29147 1 531

			Previous gap was negative, modifying coordinates to ignore overlap
				Moving contig start from 1 to 20.
			Align 190: 4435851 4436362 scaffold_29147 20 531
				Gap between this and next alignment: 4436362 to 4450728 (14365 bp)
				Next Alignment: 4450728 4451429 scaffold_21900 1 702

			Align 191: 4450728 4451429 scaffold_21900 1 702
				Gap between this and next alignment: 4451429 to 4455256 (3826 bp)
				Next Alignment: 4455256 4455954 scaffold_21989 699 1

			Align 192: 4455256 4455954 scaffold_21989 699 1
				Gap between this and next alignment: 4455954 to 4505256 (49301 bp)
				Next Alignment: 4505256 4505987 scaffold_20823 732 1

			Align 193: 4505256 4505987 scaffold_20823 732 1
				Gap between this and next alignment: 4505987 to 4609901 (103913 bp)
				Next Alignment: 4609901 4610536 scaffold_24831 1 636

			Align 194: 4609901 4610536 scaffold_24831 1 636
				Gap between this and next alignment: 4610536 to 4622450 (11913 bp)
				Next Alignment: 4622450 4623162 scaffold_21515 1 713

			Align 195: 4622450 4623162 scaffold_21515 1 713
				Gap between this and next alignment: 4623162 to 4626701 (3538 bp)
				Next Alignment: 4626701 4627309 scaffold_26230 609 1

			Align 196: 4626701 4627309 scaffold_26230 609 1
				Gap between this and next alignment: 4627309 to 4649761 (22451 bp)
				Next Alignment: 4649761 4650365 scaffold_26441 1 605

			Align 197: 4649761 4650365 scaffold_26441 1 605
				Gap between this and next alignment: 4650365 to 4660290 (9924 bp)
				Next Alignment: 4660290 4660499 scaffold_18880 1 210

			Align 198: 4660290 4660499 scaffold_18880 1 210
				Gap between this and next alignment: 4660499 to 4660617 (117 bp)
				Next Alignment: 4660617 4661078 scaffold_18880 328 790

			Align 199: 4660617 4661078 scaffold_18880 328 790
				Gap between this and next alignment: 4661078 to 4670712 (9633 bp)
				Next Alignment: 4670712 4671294 scaffold_27421 1 583

			Align 200: 4670712 4671294 scaffold_27421 1 583
				Gap between this and next alignment: 4671294 to 4713476 (42181 bp)
				Next Alignment: 4713476 4714019 scaffold_28656 544 1

			Align 201: 4713476 4714019 scaffold_28656 544 1
				Gap between this and next alignment: 4714019 to 4728731 (14711 bp)
				Next Alignment: 4728731 4729269 scaffold_28830 1 539

			Align 202: 4728731 4729269 scaffold_28830 1 539
				Gap between this and next alignment: 4729269 to 4837817 (108547 bp)
				Next Alignment: 4837817 4838380 scaffold_28018 1 564

			Align 203: 4837817 4838380 scaffold_28018 1 564
				Gap between this and next alignment: 4838380 to 4860185 (21804 bp)
				Next Alignment: 4860185 4860351 scaffold_28198 167 1

			Align 204: 4860185 4860351 scaffold_28198 167 1
				Gap between this and next alignment: 4860351 to 4863091 (2739 bp)
				Next Alignment: 4863091 4863195 scaffold_4586 1 105

			Align 205: 4863091 4863195 scaffold_4586 1 105
				Gap between this and next alignment: 4863195 to 4863395 (199 bp)
				Next Alignment: 4863395 4863550 scaffold_4586 96 251

			Align 206: 4863395 4863550 scaffold_4586 96 251
				Gap between this and next alignment: 4863550 to 4865950 (2399 bp)
				Next Alignment: 4865950 4866030 scaffold_19016 1 81

			Align 207: 4865950 4866030 scaffold_19016 1 81
				Gap between this and next alignment: 4866030 to 4880480 (14449 bp)
				Next Alignment: 4880480 4881146 scaffold_23075 1 667

			Align 208: 4880480 4881146 scaffold_23075 1 667
				Gap between this and next alignment: 4881146 to 4926146 (44999 bp)
				Next Alignment: 4926146 4926672 scaffold_29310 1 527

			Align 209: 4926146 4926672 scaffold_29310 1 527
				Gap between this and next alignment: 4926672 to 4932452 (5779 bp)
				Next Alignment: 4932452 4933287 scaffold_17498 836 1

			Align 210: 4932452 4933287 scaffold_17498 836 1
				Gap between this and next alignment: 4933287 to 4938534 (5246 bp)
				Next Alignment: 4938534 4939066 scaffold_29078 533 1

			Align 211: 4938534 4939066 scaffold_29078 533 1
				Gap between this and next alignment: 4939066 to 4940295 (1228 bp)
				Next Alignment: 4940295 4940836 scaffold_28741 542 1

			Align 212: 4940295 4940836 scaffold_28741 542 1
				Gap between this and next alignment: 4940836 to 4949451 (8614 bp)
				Next Alignment: 4949451 4950337 scaffold_29079 889 1

			Align 213: 4949451 4950337 scaffold_29079 889 1
				Gap between this and next alignment: 4950337 to 4956989 (6651 bp)
				Next Alignment: 4956989 4957518 scaffold_29191 1 530

			Align 214: 4956989 4957518 scaffold_29191 1 530
				Gap between this and next alignment: 4957518 to 4965885 (8366 bp)
				Next Alignment: 4965885 4966702 scaffold_18045 818 1

			Align 215: 4965885 4966702 scaffold_18045 818 1
				Gap between this and next alignment: 4966702 to 4977324 (10621 bp)
				Next Alignment: 4977324 4977913 scaffold_27116 590 1

			Align 216: 4977324 4977913 scaffold_27116 590 1
				Gap between this and next alignment: 4977913 to 4983506 (5592 bp)
				Next Alignment: 4983506 4984040 scaffold_28959 535 1

			Align 217: 4983506 4984040 scaffold_28959 535 1
				Gap between this and next alignment: 4984040 to 4993840 (9799 bp)
				Next Alignment: 4993840 4994462 scaffold_25509 1 623

			Align 218: 4993840 4994462 scaffold_25509 1 623
				Gap between this and next alignment: 4994462 to 5006413 (11950 bp)
				Next Alignment: 5006413 5007408 scaffold_14129 993 1

			Align 219: 5006413 5007408 scaffold_14129 993 1
				Gap between this and next alignment: 5007408 to 5008250 (841 bp)
				Next Alignment: 5008250 5008853 scaffold_26488 1 604

			Align 220: 5008250 5008853 scaffold_26488 1 604
				Gap between this and next alignment: 5008853 to 5025625 (16771 bp)
				Next Alignment: 5025625 5026218 scaffold_26984 1 594

			Align 221: 5025625 5026218 scaffold_26984 1 594
				Gap between this and next alignment: 5026218 to 5047961 (21742 bp)
				Next Alignment: 5047961 5048583 scaffold_25488 1 623

			Align 222: 5047961 5048583 scaffold_25488 1 623
				Gap between this and next alignment: 5048583 to 5066054 (17470 bp)
				Next Alignment: 5066054 5066813 scaffold_19882 760 1

			Align 223: 5066054 5066813 scaffold_19882 760 1
				Gap between this and next alignment: 5066813 to 5074658 (7844 bp)
				Next Alignment: 5074658 5075193 scaffold_28937 1 536

			Align 224: 5074658 5075193 scaffold_28937 1 536
				Gap between this and next alignment: 5075193 to 5088043 (12849 bp)
				Next Alignment: 5088043 5088700 scaffold_23783 1 658

			Align 225: 5088043 5088700 scaffold_23783 1 658
				Gap between this and next alignment: 5088700 to 5089439 (738 bp)
				Next Alignment: 5089439 5090026 scaffold_27203 588 1

			Align 226: 5089439 5090026 scaffold_27203 588 1
				Gap between this and next alignment: 5090026 to 5091995 (1968 bp)
				Next Alignment: 5091995 5092532 scaffold_26127 74 611

			Align 227: 5091995 5092532 scaffold_26127 74 611
				Gap between this and next alignment: 5092532 to 5106098 (13565 bp)
				Next Alignment: 5106098 5106613 scaffold_29825 516 1

			Align 228: 5106098 5106613 scaffold_29825 516 1
				Gap between this and next alignment: 5106613 to 5121875 (15261 bp)
				Next Alignment: 5121875 5122094 scaffold_13004 1059 840

			Align 229: 5121875 5122094 scaffold_13004 1059 840
				Gap between this and next alignment: 5122094 to 5146157 (24062 bp)
				Next Alignment: 5146157 5146551 scaffold_27639 183 577

			Align 230: 5146157 5146551 scaffold_27639 183 577
				Gap between this and next alignment: 5146551 to 5170736 (24184 bp)
				Next Alignment: 5170736 5171259 scaffold_29308 527 1

			Align 231: 5170736 5171259 scaffold_29308 527 1
				Gap between this and next alignment: 5171259 to 5181515 (10255 bp)
				Next Alignment: 5181515 5182159 scaffold_24255 4 648

			Align 232: 5181515 5182159 scaffold_24255 4 648
				Gap between this and next alignment: 5182159 to 5185073 (2913 bp)
				Next Alignment: 5185073 5186209 scaffold_11894 1 1137

			Align 233: 5185073 5186209 scaffold_11894 1 1137
				Gap between this and next alignment: 5186209 to 5187461 (1251 bp)
				Next Alignment: 5187461 5188083 scaffold_25518 1 623

			Align 234: 5187461 5188083 scaffold_25518 1 623
				Gap between this and next alignment: 5188083 to 5188924 (840 bp)
				Next Alignment: 5188924 5189424 scaffold_30511 1 501

			Align 235: 5188924 5189424 scaffold_30511 1 501
				Gap between this and next alignment: 5189424 to 5196958 (7533 bp)
				Next Alignment: 5196958 5197053 scaffold_1501 3426 3522

			Align 236: 5196958 5197053 scaffold_1501 3426 3522
			END in gap: 5197053 to 5205140 (8087 bp)

Analysis is finished!
Founded SNPs were written into /Molly/gurevich/MetaQUAST/res_final/res_metahit_final/runs_per_reference/Bacteroides_fragilis_NCTC_9343/contigs_reports/nucmer_output/IDBA_UD.used_snps

Results:
	Local Misassemblies: 1
	Misassemblies: 0
		Relocations: 0
		Translocations: 0
		Inversions: 0
	Fake misassemblies matched with structural variations: 0
	Misassembled Contigs: 0
	Misassembled Contig Bases: 0
	Misassemblies Inter-Contig Overlap: 0
Uncovered Regions: 0 (0)
Unaligned Contigs: 0 + 53 part
Partially Unaligned Contigs with Misassemblies: 1
Unaligned Contig Bases: 96852

Ambiguously Mapped Contigs: 0
Total Bases in Ambiguously Mapped Contigs: 0
Note that --allow-ambiguity option was set to "one" and only first alignment per each contig was used.

	Covered Bases: 138523

	SNPs: 1363
	Insertions: 48
	Deletions: 59

	Positive Gaps: 235
		Internal Gaps:  3
		External Gaps:  232
		External Gap Total:  5066189
		External Gap Average: 21837
	Negative Gaps: 2
		Internal Overlaps:  0
		External Overlaps:  2
		External Overlaps Total: -90
		External Overlaps Average: -45
	Contigs with Redundant Alignments: 0 (0)
