Aligning contigs to reference...
	Running Nucmer
Parsing coords...
Loading reference...
	Loaded [Bacteroides_fragilis_NCTC_9343_gi_60679597_ref_NC_0]
Loading SNPs...
Loading regions...
	No regions given, using whole reference.
	Total Regions: 1
	Total Region Length: 5205140
Analyzing contigs...
CONTIG: scaffold357__2.6 (629bp)
Top Length: 231  Top ID: 100.0
		This contig is misassembled. 3 total aligns.
			Real Alignment 1: 5073599 5073829 | 231 1 | 231 231 | 100.0 | Bacteroides_fragilis_NCTC_9343_gi_60679597_ref_NC_0 scaffold357__2.6
			  Gap between these two alignments (local misassembly). Inconsistency = 143 
			Real Alignment 2: 5073303 5073371 | 384 316 | 69 69 | 100.0 | Bacteroides_fragilis_NCTC_9343_gi_60679597_ref_NC_0 scaffold357__2.6
			  Gap between these two alignments (local misassembly). Inconsistency = 154 
			Real Alignment 3: 5072904 5073085 | 629 448 | 182 182 | 99.45 | Bacteroides_fragilis_NCTC_9343_gi_60679597_ref_NC_0 scaffold357__2.6

CONTIG: scaffold1446__2.8 (677bp)
Top Length: 179  Top ID: 100.0
		This contig is misassembled. 4 total aligns.
			Real Alignment 1: 105811 105946 | 1 136 | 136 136 | 97.79 | Bacteroides_fragilis_NCTC_9343_gi_60679597_ref_NC_0 scaffold1446__2.8
			  Gap between these two alignments (local misassembly). Inconsistency = 150 
			Real Alignment 2: 106137 106205 | 177 245 | 69 69 | 100.0 | Bacteroides_fragilis_NCTC_9343_gi_60679597_ref_NC_0 scaffold1446__2.8
			  Gap between these two alignments (local misassembly). Inconsistency = 135 
			Real Alignment 3: 106419 106597 | 324 502 | 179 179 | 100.0 | Bacteroides_fragilis_NCTC_9343_gi_60679597_ref_NC_0 scaffold1446__2.8
			  Gap between these two alignments (local misassembly). Inconsistency = 145 
			Real Alignment 4: 106788 106917 | 548 677 | 130 130 | 100.0 | Bacteroides_fragilis_NCTC_9343_gi_60679597_ref_NC_0 scaffold1446__2.8

CONTIG: scaffold3493__2.9 (1055bp)
Top Length: 523  Top ID: 95.04
		This contig is partially unaligned. (Aligned 523 out of 1055 bases)
		Alignment: 1485077 1485599 | 533 1055 | 523 523 | 95.04 | Bacteroides_fragilis_NCTC_9343_gi_60679597_ref_NC_0 scaffold3493__2.9
		Unaligned bases: 1 to 532 (532)
		This contig has both significant aligned and unaligned parts (of length >= min-contig)! It can contain interspecies translocations

CONTIG: scaffold3843__1.9 (592bp)
Top Length: 264  Top ID: 97.73
		This contig is misassembled. 3 total aligns.
			Real Alignment 1: 2229692 2229793 | 1 102 | 102 102 | 99.02 | Bacteroides_fragilis_NCTC_9343_gi_60679597_ref_NC_0 scaffold3843__1.9
			  Gap between these two alignments (local misassembly). Inconsistency = 143 
			Real Alignment 2: 2230000 2230263 | 166 429 | 264 264 | 97.73 | Bacteroides_fragilis_NCTC_9343_gi_60679597_ref_NC_0 scaffold3843__1.9
			  Gap between these two alignments (local misassembly). Inconsistency = 132 
			Real Alignment 3: 2230397 2230558 | 431 592 | 162 162 | 98.77 | Bacteroides_fragilis_NCTC_9343_gi_60679597_ref_NC_0 scaffold3843__1.9

CONTIG: scaffold9291__2.0 (589bp)
Top Length: 107  Top ID: 99.07
		This contig is misassembled. 4 total aligns.
			Real Alignment 1: 4607692 4607797 | 1 106 | 106 106 | 100.0 | Bacteroides_fragilis_NCTC_9343_gi_60679597_ref_NC_0 scaffold9291__2.0
			  Gap between these two alignments (local misassembly). Inconsistency = 144 
			Real Alignment 2: 4608047 4608153 | 212 318 | 107 107 | 99.07 | Bacteroides_fragilis_NCTC_9343_gi_60679597_ref_NC_0 scaffold9291__2.0
			  Gap between these two alignments (local misassembly). Inconsistency = 149 
			Real Alignment 3: 4608355 4608440 | 371 456 | 86 86 | 98.84 | Bacteroides_fragilis_NCTC_9343_gi_60679597_ref_NC_0 scaffold9291__2.0
			  Gap between these two alignments (local misassembly). Inconsistency = 151 
			Real Alignment 4: 4608643 4608724 | 508 589 | 82 82 | 100.0 | Bacteroides_fragilis_NCTC_9343_gi_60679597_ref_NC_0 scaffold9291__2.0

CONTIG: scaffold12766__2.7 (612bp)
Top Length: 109  Top ID: 97.25
		This contig is partially unaligned. (Aligned 109 out of 612 bases)
		Alignment: 1501482 1501590 | 1 109 | 109 109 | 97.25 | Bacteroides_fragilis_NCTC_9343_gi_60679597_ref_NC_0 scaffold12766__2.7
		Unaligned bases: 110 to 612 (503)

CONTIG: scaffold12946__2.7 (519bp)
Top Length: 122  Top ID: 100.0
		This contig is misassembled. 3 total aligns.
			Real Alignment 1: 4255027 4255135 | 1 109 | 109 109 | 98.17 | Bacteroides_fragilis_NCTC_9343_gi_60679597_ref_NC_0 scaffold12946__2.7
			  Gap between these two alignments (local misassembly). Inconsistency = 135 
			Real Alignment 2: 4255370 4255491 | 209 330 | 122 122 | 100.0 | Bacteroides_fragilis_NCTC_9343_gi_60679597_ref_NC_0 scaffold12946__2.7
			  Gap between these two alignments (local misassembly). Inconsistency = 154 
			Real Alignment 3: 4255729 4255834 | 414 519 | 106 106 | 100.0 | Bacteroides_fragilis_NCTC_9343_gi_60679597_ref_NC_0 scaffold12946__2.7

CONTIG: scaffold18084__2.0 (523bp)
Top Length: 178  Top ID: 98.88
		This contig is misassembled. 3 total aligns.
			Real Alignment 1: 114936 115049 | 114 1 | 114 114 | 98.25 | Bacteroides_fragilis_NCTC_9343_gi_60679597_ref_NC_0 scaffold18084__2.0
			  Gap between these two alignments (local misassembly). Inconsistency = 141 
			Real Alignment 2: 114532 114709 | 377 200 | 178 178 | 98.88 | Bacteroides_fragilis_NCTC_9343_gi_60679597_ref_NC_0 scaffold18084__2.0
			  Gap between these two alignments (local misassembly). Inconsistency = 154 
			Real Alignment 3: 114232 114363 | 523 392 | 132 132 | 96.97 | Bacteroides_fragilis_NCTC_9343_gi_60679597_ref_NC_0 scaffold18084__2.0

CONTIG: scaffold20635__2.3 (573bp)
Top Length: 144  Top ID: 100.0
		This contig is misassembled. 4 total aligns.
			Real Alignment 1: 1145082 1145197 | 116 1 | 116 116 | 100.0 | Bacteroides_fragilis_NCTC_9343_gi_60679597_ref_NC_0 scaffold20635__2.3
			  Gap between these two alignments (local misassembly). Inconsistency = 144 
			Real Alignment 2: 1144822 1144936 | 232 118 | 115 115 | 100.0 | Bacteroides_fragilis_NCTC_9343_gi_60679597_ref_NC_0 scaffold20635__2.3
			  Gap between these two alignments (local misassembly). Inconsistency = 137 
			Real Alignment 3: 1144535 1144678 | 382 239 | 144 144 | 100.0 | Bacteroides_fragilis_NCTC_9343_gi_60679597_ref_NC_0 scaffold20635__2.3
			  Gap between these two alignments (local misassembly). Inconsistency = 136 
			Real Alignment 4: 1144208 1144310 | 573 471 | 103 103 | 98.06 | Bacteroides_fragilis_NCTC_9343_gi_60679597_ref_NC_0 scaffold20635__2.3

CONTIG: scaffold24486__2.3 (507bp)
Top Length: 107  Top ID: 99.07
		This contig is misassembled. 2 total aligns.
			Warning! This contig is more unaligned than misassembled. Contig length is 507 and total length of all aligns is 209
		Alignment: 4977753 4977859 | 308 202 | 107 107 | 99.07 | Bacteroides_fragilis_NCTC_9343_gi_60679597_ref_NC_0 scaffold24486__2.3
		Alignment: 4977416 4977517 | 497 396 | 102 102 | 99.02 | Bacteroides_fragilis_NCTC_9343_gi_60679597_ref_NC_0 scaffold24486__2.3
		Unaligned bases: 298
CONTIG: scaffold28274__2.7 (952bp)
Top Length: 206  Top ID: 95.63
		This contig is misassembled. 3 total aligns.
			Warning! This contig is more unaligned than misassembled. Contig length is 952 and total length of all aligns is 459
		Alignment: 1499854 1499954 | 26 126 | 101 101 | 97.03 | Bacteroides_fragilis_NCTC_9343_gi_60679597_ref_NC_0 scaffold28274__2.7
		Alignment: 1500444 1500649 | 311 516 | 206 206 | 95.63 | Bacteroides_fragilis_NCTC_9343_gi_60679597_ref_NC_0 scaffold28274__2.7
		Alignment: 1501085 1501236 | 687 838 | 152 152 | 95.39 | Bacteroides_fragilis_NCTC_9343_gi_60679597_ref_NC_0 scaffold28274__2.7
		Unaligned bases: 493
CONTIG: scaffold34573__2.3 (516bp)
Top Length: 187  Top ID: 96.26
		This contig is misassembled. 2 total aligns.
			Real Alignment 1: 2047927 2048030 | 320 217 | 104 104 | 97.12 | Bacteroides_fragilis_NCTC_9343_gi_60679597_ref_NC_0 scaffold34573__2.3
			  Gap between these two alignments (local misassembly). Inconsistency = 158 
			Real Alignment 2: 2047573 2047759 | 516 330 | 187 187 | 96.26 | Bacteroides_fragilis_NCTC_9343_gi_60679597_ref_NC_0 scaffold34573__2.3

CONTIG: scaffold36862__3.8 (921bp)
Top Length: 358  Top ID: 95.53
		This contig is partially unaligned. (Aligned 358 out of 921 bases)
		Alignment: 1511033 1511390 | 530 173 | 358 358 | 95.53 | Bacteroides_fragilis_NCTC_9343_gi_60679597_ref_NC_0 scaffold36862__3.8
		Unaligned bases: 1 to 172 (172)
		Unaligned bases: 531 to 921 (391)

CONTIG: scaffold40293__2.0 (544bp)
Top Length: 217  Top ID: 100.0
		This contig is misassembled. 2 total aligns.
			Real Alignment 1: 5137548 5137764 | 180 396 | 217 217 | 100.0 | Bacteroides_fragilis_NCTC_9343_gi_60679597_ref_NC_0 scaffold40293__2.0
			  Gap between these two alignments (local misassembly). Inconsistency = 146 
			Real Alignment 2: 5137933 5138058 | 419 544 | 126 126 | 99.21 | Bacteroides_fragilis_NCTC_9343_gi_60679597_ref_NC_0 scaffold40293__2.0

CONTIG: scaffold44330__2.0 (542bp)
Top Length: 182  Top ID: 97.25
		This contig is misassembled. 3 total aligns.
			Real Alignment 1: 4062696 4062855 | 1 160 | 160 160 | 99.38 | Bacteroides_fragilis_NCTC_9343_gi_60679597_ref_NC_0 scaffold44330__2.0
			  Gap between these two alignments (local misassembly). Inconsistency = 147 
			Real Alignment 2: 4063028 4063209 | 186 367 | 182 182 | 97.25 | Bacteroides_fragilis_NCTC_9343_gi_60679597_ref_NC_0 scaffold44330__2.0
			  Gap between these two alignments (local misassembly). Inconsistency = 135 
			Real Alignment 3: 4063376 4063519 | 399 542 | 144 144 | 98.61 | Bacteroides_fragilis_NCTC_9343_gi_60679597_ref_NC_0 scaffold44330__2.0

CONTIG: scaffold45425__7.8 (5521bp)
Top Length: 165  Top ID: 99.39
		This contig is partially unaligned. (Aligned 165 out of 5521 bases)
		Alignment: 69829 69993 | 165 1 | 165 165 | 99.39 | Bacteroides_fragilis_NCTC_9343_gi_60679597_ref_NC_0 scaffold45425__7.8
		Unaligned bases: 166 to 5521 (5356)

CONTIG: scaffold47843__4.4 (526bp)
Top Length: 176  Top ID: 98.3
		This contig is partially unaligned. (Aligned 176 out of 526 bases)
		Alignment: 1485630 1485805 | 1 176 | 176 176 | 98.3 | Bacteroides_fragilis_NCTC_9343_gi_60679597_ref_NC_0 scaffold47843__4.4
		Unaligned bases: 177 to 526 (350)

CONTIG: scaffold48273__1.6 (574bp)
Top Length: 181  Top ID: 100.0
		This contig is misassembled. 3 total aligns.
			Real Alignment 1: 1177222 1177399 | 178 1 | 178 178 | 98.88 | Bacteroides_fragilis_NCTC_9343_gi_60679597_ref_NC_0 scaffold48273__1.6
			  Gap between these two alignments (local misassembly). Inconsistency = 116 
			Real Alignment 2: 1176957 1177104 | 327 180 | 148 148 | 100.0 | Bacteroides_fragilis_NCTC_9343_gi_60679597_ref_NC_0 scaffold48273__1.6
			  Gap between these two alignments (local misassembly). Inconsistency = 142 
			Real Alignment 3: 1176568 1176748 | 574 394 | 181 181 | 100.0 | Bacteroides_fragilis_NCTC_9343_gi_60679597_ref_NC_0 scaffold48273__1.6

CONTIG: scaffold51068__1.4 (501bp)
Top Length: 301  Top ID: 99.34
		This contig is misassembled. 2 total aligns.
			Real Alignment 1: 4663615 4663812 | 198 1 | 198 198 | 97.47 | Bacteroides_fragilis_NCTC_9343_gi_60679597_ref_NC_0 scaffold51068__1.4
			  Gap between these two alignments (local misassembly). Inconsistency = 132 
			Real Alignment 2: 4663180 4663480 | 501 201 | 301 301 | 99.34 | Bacteroides_fragilis_NCTC_9343_gi_60679597_ref_NC_0 scaffold51068__1.4

CONTIG: C720722__4.0 (511bp)
Top Length: 511  Top ID: 95.3
		One align captures most of this contig: 1502736 1503246 | 511 1 | 511 511 | 95.3 | Bacteroides_fragilis_NCTC_9343_gi_60679597_ref_NC_0 C720722__4.0

CONTIG: C729756_39.0 (609bp)
Top Length: 608  Top ID: 96.22
		One align captures most of this contig: 3870858 3871465 | 609 2 | 608 608 | 96.22 | Bacteroides_fragilis_NCTC_9343_gi_60679597_ref_NC_0 C729756_39.0

CONTIG: C743598_32.0 (887bp)
Top Length: 887  Top ID: 95.38
		One align captures most of this contig: 3871964 3872847 | 887 1 | 884 887 | 95.38 | Bacteroides_fragilis_NCTC_9343_gi_60679597_ref_NC_0 C743598_32.0

CONTIG: C747964__2.0 (1059bp)
Top Length: 203  Top ID: 95.57
		This contig is partially unaligned. (Aligned 203 out of 1059 bases)
		Alignment: 1490381 1490583 | 203 1 | 203 203 | 95.57 | Bacteroides_fragilis_NCTC_9343_gi_60679597_ref_NC_0 C747964__2.0
		Unaligned bases: 204 to 1059 (856)

Analyzing coverage...
Writing SNPs into /Molly/gurevich/MetaQUAST/res_final/res_metahit_final/runs_per_reference/Bacteroides_fragilis_NCTC_9343/contigs_reports/nucmer_output/SOAPdenovo2.used_snps
	Reference Bacteroides_fragilis_NCTC_9343_gi_60679597_ref_NC_0: 50 total alignments. 1 total regions.
		Region: 1 to 5205140 (5205140 bp)
			START in gap: 1 to 69829 (69828 bp)
			Align 1: 69829 69993 scaffold45425__7.8 165 1
				Gap between this and next alignment: 69993 to 105811 (35817 bp)
				Next Alignment: 105811 105946 scaffold1446__2.8 1 136

			Align 2: 105811 105946 scaffold1446__2.8 1 136
				Gap between this and next alignment: 105946 to 106137 (190 bp)
				Next Alignment: 106137 106205 scaffold1446__2.8 177 245

			Align 3: 106137 106205 scaffold1446__2.8 177 245
				Gap between this and next alignment: 106205 to 106419 (213 bp)
				Next Alignment: 106419 106597 scaffold1446__2.8 324 502

			Align 4: 106419 106597 scaffold1446__2.8 324 502
				Gap between this and next alignment: 106597 to 106788 (190 bp)
				Next Alignment: 106788 106917 scaffold1446__2.8 548 677

			Align 5: 106788 106917 scaffold1446__2.8 548 677
				Gap between this and next alignment: 106917 to 114232 (7314 bp)
				Next Alignment: 114232 114363 scaffold18084__2.0 523 392

			Align 6: 114232 114363 scaffold18084__2.0 523 392
				Gap between this and next alignment: 114363 to 114532 (168 bp)
				Next Alignment: 114532 114709 scaffold18084__2.0 377 200

			Align 7: 114532 114709 scaffold18084__2.0 377 200
				Gap between this and next alignment: 114709 to 114936 (226 bp)
				Next Alignment: 114936 115049 scaffold18084__2.0 114 1

			Align 8: 114936 115049 scaffold18084__2.0 114 1
				Gap between this and next alignment: 115049 to 1144208 (1029158 bp)
				Next Alignment: 1144208 1144310 scaffold20635__2.3 573 471

			Align 9: 1144208 1144310 scaffold20635__2.3 573 471
				Gap between this and next alignment: 1144310 to 1144535 (224 bp)
				Next Alignment: 1144535 1144678 scaffold20635__2.3 382 239

			Align 10: 1144535 1144678 scaffold20635__2.3 382 239
				Gap between this and next alignment: 1144678 to 1144822 (143 bp)
				Next Alignment: 1144822 1144936 scaffold20635__2.3 232 118

			Align 11: 1144822 1144936 scaffold20635__2.3 232 118
				Gap between this and next alignment: 1144936 to 1145082 (145 bp)
				Next Alignment: 1145082 1145197 scaffold20635__2.3 116 1

			Align 12: 1145082 1145197 scaffold20635__2.3 116 1
				Gap between this and next alignment: 1145197 to 1176568 (31370 bp)
				Next Alignment: 1176568 1176748 scaffold48273__1.6 574 394

			Align 13: 1176568 1176748 scaffold48273__1.6 574 394
				Gap between this and next alignment: 1176748 to 1176957 (208 bp)
				Next Alignment: 1176957 1177104 scaffold48273__1.6 327 180

			Align 14: 1176957 1177104 scaffold48273__1.6 327 180
				Gap between this and next alignment: 1177104 to 1177222 (117 bp)
				Next Alignment: 1177222 1177399 scaffold48273__1.6 178 1

			Align 15: 1177222 1177399 scaffold48273__1.6 178 1
				Gap between this and next alignment: 1177399 to 1485077 (307677 bp)
				Next Alignment: 1485077 1485599 scaffold3493__2.9 533 1055

			Align 16: 1485077 1485599 scaffold3493__2.9 533 1055
				Gap between this and next alignment: 1485599 to 1485630 (30 bp)
				Next Alignment: 1485630 1485805 scaffold47843__4.4 1 176

			Align 17: 1485630 1485805 scaffold47843__4.4 1 176
				Gap between this and next alignment: 1485805 to 1490381 (4575 bp)
				Next Alignment: 1490381 1490583 C747964__2.0 203 1

			Align 18: 1490381 1490583 C747964__2.0 203 1
				Gap between this and next alignment: 1490583 to 1499854 (9270 bp)
				Next Alignment: 1499854 1499954 scaffold28274__2.7 26 126

			Align 19: 1499854 1499954 scaffold28274__2.7 26 126
				Gap between this and next alignment: 1499954 to 1500444 (489 bp)
				Next Alignment: 1500444 1500649 scaffold28274__2.7 311 516

			Align 20: 1500444 1500649 scaffold28274__2.7 311 516
				Gap between this and next alignment: 1500649 to 1501085 (435 bp)
				Next Alignment: 1501085 1501236 scaffold28274__2.7 687 838

			Align 21: 1501085 1501236 scaffold28274__2.7 687 838
				Gap between this and next alignment: 1501236 to 1501482 (245 bp)
				Next Alignment: 1501482 1501590 scaffold12766__2.7 1 109

			Align 22: 1501482 1501590 scaffold12766__2.7 1 109
				Gap between this and next alignment: 1501590 to 1502736 (1145 bp)
				Next Alignment: 1502736 1503246 C720722__4.0 511 1

			Align 23: 1502736 1503246 C720722__4.0 511 1
				Gap between this and next alignment: 1503246 to 1511033 (7786 bp)
				Next Alignment: 1511033 1511390 scaffold36862__3.8 530 173

			Align 24: 1511033 1511390 scaffold36862__3.8 530 173
				Gap between this and next alignment: 1511390 to 2047573 (536182 bp)
				Next Alignment: 2047573 2047759 scaffold34573__2.3 516 330

			Align 25: 2047573 2047759 scaffold34573__2.3 516 330
				Gap between this and next alignment: 2047759 to 2047927 (167 bp)
				Next Alignment: 2047927 2048030 scaffold34573__2.3 320 217

			Align 26: 2047927 2048030 scaffold34573__2.3 320 217
				Gap between this and next alignment: 2048030 to 2229692 (181661 bp)
				Next Alignment: 2229692 2229793 scaffold3843__1.9 1 102

			Align 27: 2229692 2229793 scaffold3843__1.9 1 102
				Gap between this and next alignment: 2229793 to 2230000 (206 bp)
				Next Alignment: 2230000 2230263 scaffold3843__1.9 166 429

			Align 28: 2230000 2230263 scaffold3843__1.9 166 429
				Gap between this and next alignment: 2230263 to 2230397 (133 bp)
				Next Alignment: 2230397 2230558 scaffold3843__1.9 431 592

			Align 29: 2230397 2230558 scaffold3843__1.9 431 592
				Gap between this and next alignment: 2230558 to 3870858 (1640299 bp)
				Next Alignment: 3870858 3871465 C729756_39.0 609 2

			Align 30: 3870858 3871465 C729756_39.0 609 2
				Gap between this and next alignment: 3871465 to 3871964 (498 bp)
				Next Alignment: 3871964 3872847 C743598_32.0 887 1

			Align 31: 3871964 3872847 C743598_32.0 887 1
				Gap between this and next alignment: 3872847 to 4062696 (189848 bp)
				Next Alignment: 4062696 4062855 scaffold44330__2.0 1 160

			Align 32: 4062696 4062855 scaffold44330__2.0 1 160
				Gap between this and next alignment: 4062855 to 4063028 (172 bp)
				Next Alignment: 4063028 4063209 scaffold44330__2.0 186 367

			Align 33: 4063028 4063209 scaffold44330__2.0 186 367
				Gap between this and next alignment: 4063209 to 4063376 (166 bp)
				Next Alignment: 4063376 4063519 scaffold44330__2.0 399 542

			Align 34: 4063376 4063519 scaffold44330__2.0 399 542
				Gap between this and next alignment: 4063519 to 4255027 (191507 bp)
				Next Alignment: 4255027 4255135 scaffold12946__2.7 1 109

			Align 35: 4255027 4255135 scaffold12946__2.7 1 109
				Gap between this and next alignment: 4255135 to 4255370 (234 bp)
				Next Alignment: 4255370 4255491 scaffold12946__2.7 209 330

			Align 36: 4255370 4255491 scaffold12946__2.7 209 330
				Gap between this and next alignment: 4255491 to 4255729 (237 bp)
				Next Alignment: 4255729 4255834 scaffold12946__2.7 414 519

			Align 37: 4255729 4255834 scaffold12946__2.7 414 519
				Gap between this and next alignment: 4255834 to 4607692 (351857 bp)
				Next Alignment: 4607692 4607797 scaffold9291__2.0 1 106

			Align 38: 4607692 4607797 scaffold9291__2.0 1 106
				Gap between this and next alignment: 4607797 to 4608047 (249 bp)
				Next Alignment: 4608047 4608153 scaffold9291__2.0 212 318

			Align 39: 4608047 4608153 scaffold9291__2.0 212 318
				Gap between this and next alignment: 4608153 to 4608355 (201 bp)
				Next Alignment: 4608355 4608440 scaffold9291__2.0 371 456

			Align 40: 4608355 4608440 scaffold9291__2.0 371 456
				Gap between this and next alignment: 4608440 to 4608643 (202 bp)
				Next Alignment: 4608643 4608724 scaffold9291__2.0 508 589

			Align 41: 4608643 4608724 scaffold9291__2.0 508 589
				Gap between this and next alignment: 4608724 to 4663180 (54455 bp)
				Next Alignment: 4663180 4663480 scaffold51068__1.4 501 201

			Align 42: 4663180 4663480 scaffold51068__1.4 501 201
				Gap between this and next alignment: 4663480 to 4663615 (134 bp)
				Next Alignment: 4663615 4663812 scaffold51068__1.4 198 1

			Align 43: 4663615 4663812 scaffold51068__1.4 198 1
				Gap between this and next alignment: 4663812 to 4977416 (313603 bp)
				Next Alignment: 4977416 4977517 scaffold24486__2.3 497 396

			Align 44: 4977416 4977517 scaffold24486__2.3 497 396
				Gap between this and next alignment: 4977517 to 4977753 (235 bp)
				Next Alignment: 4977753 4977859 scaffold24486__2.3 308 202

			Align 45: 4977753 4977859 scaffold24486__2.3 308 202
				Gap between this and next alignment: 4977859 to 5072904 (95044 bp)
				Next Alignment: 5072904 5073085 scaffold357__2.6 629 448

			Align 46: 5072904 5073085 scaffold357__2.6 629 448
				Gap between this and next alignment: 5073085 to 5073303 (217 bp)
				Next Alignment: 5073303 5073371 scaffold357__2.6 384 316

			Align 47: 5073303 5073371 scaffold357__2.6 384 316
				Gap between this and next alignment: 5073371 to 5073599 (227 bp)
				Next Alignment: 5073599 5073829 scaffold357__2.6 231 1

			Align 48: 5073599 5073829 scaffold357__2.6 231 1
				Gap between this and next alignment: 5073829 to 5137548 (63718 bp)
				Next Alignment: 5137548 5137764 scaffold40293__2.0 180 396

			Align 49: 5137548 5137764 scaffold40293__2.0 180 396
				Gap between this and next alignment: 5137764 to 5137933 (168 bp)
				Next Alignment: 5137933 5138058 scaffold40293__2.0 419 544

			Align 50: 5137933 5138058 scaffold40293__2.0 419 544
			END in gap: 5138058 to 5205140 (67082 bp)

Analysis is finished!
Founded SNPs were written into /Molly/gurevich/MetaQUAST/res_final/res_metahit_final/runs_per_reference/Bacteroides_fragilis_NCTC_9343/contigs_reports/nucmer_output/SOAPdenovo2.used_snps

Results:
	Local Misassemblies: 24
	Misassemblies: 0
		Relocations: 0
		Translocations: 0
		Inversions: 0
	Fake misassemblies matched with structural variations: 0
	Misassembled Contigs: 0
	Misassembled Contig Bases: 0
	Misassemblies Inter-Contig Overlap: 0
Uncovered Regions: 0 (0)
Unaligned Contigs: 0 + 8 part
Partially Unaligned Contigs with Misassemblies: 2
Unaligned Contig Bases: 8951

Ambiguously Mapped Contigs: 0
Total Bases in Ambiguously Mapped Contigs: 0
Note that --allow-ambiguity option was set to "one" and only first alignment per each contig was used.

	Covered Bases: 9475

	SNPs: 217
	Insertions: 4
	Deletions: 1

	Positive Gaps: 51
		Internal Gaps:  27
		External Gaps:  24
		External Gap Total:  5189969
		External Gap Average: 216249
	Negative Gaps: 0
		Internal Overlaps:  0
		External Overlaps:  0
		External Overlaps Total:  0
		External Overlaps Average: 0
	Contigs with Redundant Alignments: 0 (0)
