/home/gurevich/rep/quast/quast.pyc -t 16 -j  --meta  --bed-file /Molly/gurevich/MetaQUAST/res_final/res_metahit_final/combined_reference/structural_variations/combined_reference.bed --no-check-meta  --contig-thresholds 1000,5000,10000,25000,50000 -o /Molly/gurevich/MetaQUAST/res_final/res_metahit_final/not_aligned --labels "IDBA_UD, Ray, SOAPdenovo2, SPAdes" /Molly/gurevich/MetaQUAST/res_final/res_metahit_final/quast_corrected_input/IDBA_UD_not_aligned_anywhere.fasta /Molly/gurevich/MetaQUAST/res_final/res_metahit_final/quast_corrected_input/Ray_not_aligned_anywhere.fasta /Molly/gurevich/MetaQUAST/res_final/res_metahit_final/quast_corrected_input/SOAPdenovo2_not_aligned_anywhere.fasta /Molly/gurevich/MetaQUAST/res_final/res_metahit_final/quast_corrected_input/SPAdes_not_aligned_anywhere.fasta

Started: 2015-11-09 20:33:10

Logging to /Molly/gurevich/MetaQUAST/res_final/res_metahit_final/not_aligned/quast.log

NOTICE: Output directory already exists. Existing Nucmer alignments can be used.

Contigs:
  1  /Molly/gurevich/MetaQUAST/res_final/res_metahit_final/quast_corrected_input/IDBA_UD_not_aligned_anywhere.fasta ==> IDBA_UD
  2  /Molly/gurevich/MetaQUAST/res_final/res_metahit_final/quast_corrected_input/Ray_not_aligned_anywhere.fasta ==> Ray
  3  /Molly/gurevich/MetaQUAST/res_final/res_metahit_final/quast_corrected_input/SOAPdenovo2_not_aligned_anywhere.fasta ==> SOAPdenovo2
  4  /Molly/gurevich/MetaQUAST/res_final/res_metahit_final/quast_corrected_input/SPAdes_not_aligned_anywhere.fasta ==> SPAdes

2015-11-09 20:33:13
Running Basic statistics processor...
  Contig files: 
    1  IDBA_UD
    2  Ray
    3  SOAPdenovo2
    4  SPAdes
  Calculating N50 and L50...
    1  IDBA_UD, N50 = 2962, L50 = 2009, Total length = 38837027, GC % = 43.49, # N's per 100 kbp =  314.09
    2  Ray, N50 = 4810, L50 = 677, Total length = 15942170, GC % = 42.63, # N's per 100 kbp =  2426.23
    3  SOAPdenovo2, N50 = 1743, L50 = 3648, Total length = 28626572, GC % = 42.42, # N's per 100 kbp =  3638.02
    4  SPAdes, N50 = 2960, L50 = 3134, Total length = 52077982, GC % = 43.71, # N's per 100 kbp =  1903.07
  Drawing Nx plot...
    saved to /Molly/gurevich/MetaQUAST/res_final/res_metahit_final/not_aligned/basic_stats/Nx_plot.pdf
  Drawing cumulative plot...
    saved to /Molly/gurevich/MetaQUAST/res_final/res_metahit_final/not_aligned/basic_stats/cumulative_plot.pdf
  Drawing GC content plot...
    saved to /Molly/gurevich/MetaQUAST/res_final/res_metahit_final/not_aligned/basic_stats/GC_content_plot.pdf
Done.

NOTICE: Genes are not predicted by default. Use --gene-finding option to enable it.

2015-11-09 20:33:24
Drawing large plots...
This may take a while: press Ctrl-C to skip this step..
  1 of 1: Creating PDF with all tables and plots...
Done

2015-11-09 20:33:25
RESULTS:
  Text versions of total report are saved to /Molly/gurevich/MetaQUAST/res_final/res_metahit_final/not_aligned/report.txt, report.tsv, and report.tex
  Text versions of transposed total report are saved to /Molly/gurevich/MetaQUAST/res_final/res_metahit_final/not_aligned/transposed_report.txt, transposed_report.tsv, and transposed_report.tex
  HTML version (interactive tables and plots) saved to /Molly/gurevich/MetaQUAST/res_final/res_metahit_final/not_aligned/report.html
  PDF version (tables and plots) saved to /Molly/gurevich/MetaQUAST/res_final/res_metahit_final/not_aligned/report.pdf
    saved to /Molly/gurevich/MetaQUAST/res_final/res_metahit_final/summary/PDF/#_contigs.pdf
    saved to /Molly/gurevich/MetaQUAST/res_final/res_metahit_final/summary/PDF/Largest_contig.pdf
    saved to /Molly/gurevich/MetaQUAST/res_final/res_metahit_final/summary/PDF/Total_length.pdf
    saved to /Molly/gurevich/MetaQUAST/res_final/res_metahit_final/summary/PDF/Total_length_(>=_1000_bp).pdf
    saved to /Molly/gurevich/MetaQUAST/res_final/res_metahit_final/summary/PDF/Total_length_(>=_10000_bp).pdf
    saved to /Molly/gurevich/MetaQUAST/res_final/res_metahit_final/summary/PDF/Total_length_(>=_50000_bp).pdf
    saved to /Molly/gurevich/MetaQUAST/res_final/res_metahit_final/summary/PDF/#_misassemblies.pdf
    saved to /Molly/gurevich/MetaQUAST/res_final/res_metahit_final/summary/PDF/IDBA_UD_misassemblies.pdf
    saved to /Molly/gurevich/MetaQUAST/res_final/res_metahit_final/summary/PDF/Ray_misassemblies.pdf
    saved to /Molly/gurevich/MetaQUAST/res_final/res_metahit_final/summary/PDF/SOAPdenovo2_misassemblies.pdf
    saved to /Molly/gurevich/MetaQUAST/res_final/res_metahit_final/summary/PDF/SPAdes_misassemblies.pdf
    saved to /Molly/gurevich/MetaQUAST/res_final/res_metahit_final/summary/PDF/Misassembled_contigs_length.pdf
    saved to /Molly/gurevich/MetaQUAST/res_final/res_metahit_final/summary/PDF/#_mismatches_per_100_kbp.pdf
    saved to /Molly/gurevich/MetaQUAST/res_final/res_metahit_final/summary/PDF/#_indels_per_100_kbp.pdf
    saved to /Molly/gurevich/MetaQUAST/res_final/res_metahit_final/summary/PDF/#_N's_per_100_kbp.pdf
    saved to /Molly/gurevich/MetaQUAST/res_final/res_metahit_final/summary/PDF/Genome_fraction_(%).pdf
    saved to /Molly/gurevich/MetaQUAST/res_final/res_metahit_final/summary/PDF/Duplication_ratio.pdf
    saved to /Molly/gurevich/MetaQUAST/res_final/res_metahit_final/summary/PDF/NGA50.pdf
