Aligning contigs to reference...
	Using existing Nucmer alignments...
Parsing coords...
Loading reference...
	Loaded [Clostridium_sp_L2-50_gi_223667800_ref_NZ_]
Loading SNPs...
Loading regions...
	No regions given, using whole reference.
	Total Regions: 1
	Total Region Length: 2954616
Analyzing contigs...
CONTIG: scaffold1083__4.4 (1263bp)
Top Length: 225  Top ID: 99.11
		This contig is misassembled. 2 total aligns.
			Warning! This contig is more unaligned than misassembled. Contig length is 1263 and total length of all aligns is 422
		Alignment: 241893 242089 | 197 1 | 197 197 | 95.96 | Clostridium_sp_L2-50_gi_223667800_ref_NZ_ scaffold1083__4.4
		Alignment: 240238 240462 | 1263 1039 | 225 225 | 99.11 | Clostridium_sp_L2-50_gi_223667800_ref_NZ_ scaffold1083__4.4
		Unaligned bases: 841
CONTIG: scaffold3877__2.9 (584bp)
Top Length: 207  Top ID: 97.58
		This contig is misassembled. 3 total aligns.
			Real Alignment 1: 466082 466183 | 1 102 | 102 102 | 100.0 | Clostridium_sp_L2-50_gi_223667800_ref_NZ_ scaffold3877__2.9
			  Gap between these two alignments (local misassembly). Inconsistency = 154 
			Real Alignment 2: 466449 466566 | 214 331 | 118 118 | 100.0 | Clostridium_sp_L2-50_gi_223667800_ref_NZ_ scaffold3877__2.9
			  Gap between these two alignments (local misassembly). Inconsistency = 155 
			Real Alignment 3: 466768 466974 | 378 584 | 207 207 | 97.58 | Clostridium_sp_L2-50_gi_223667800_ref_NZ_ scaffold3877__2.9

CONTIG: scaffold4817__4.0 (2316bp)
Top Length: 1758  Top ID: 99.89
		This contig is misassembled. 4 total aligns.
			Real Alignment 1: 507797 507899 | 103 1 | 103 103 | 100.0 | Clostridium_sp_L2-50_gi_223667800_ref_NZ_ scaffold4817__4.0
			  Gap between these two alignments (local misassembly). Inconsistency = 153 
			Real Alignment 2: 507430 507561 | 317 186 | 132 132 | 100.0 | Clostridium_sp_L2-50_gi_223667800_ref_NZ_ scaffold4817__4.0
			  Gap between these two alignments (local misassembly). Inconsistency = 148 
			Real Alignment 3: 507118 507280 | 481 319 | 163 163 | 100.0 | Clostridium_sp_L2-50_gi_223667800_ref_NZ_ scaffold4817__4.0
			  Gap between these two alignments (local misassembly). Inconsistency = 149 
			Real Alignment 4: 505134 506891 | 2316 559 | 1758 1758 | 99.89 | Clostridium_sp_L2-50_gi_223667800_ref_NZ_ scaffold4817__4.0

CONTIG: scaffold8082__2.8 (739bp)
Top Length: 191  Top ID: 100.0
		This contig is partially unaligned. (Aligned 191 out of 739 bases)
		Alignment: 301100 301290 | 377 187 | 191 191 | 100.0 | Clostridium_sp_L2-50_gi_223667800_ref_NZ_ scaffold8082__2.8
		Unaligned bases: 1 to 186 (186)
		Unaligned bases: 378 to 739 (362)

CONTIG: scaffold8479_13.8 (574bp)
Top Length: 357  Top ID: 98.88
		This contig is partially unaligned. (Aligned 357 out of 574 bases)
		Alignment: 1375648 1376004 | 209 565 | 357 357 | 98.88 | Clostridium_sp_L2-50_gi_223667800_ref_NZ_ scaffold8479_13.8
		Unaligned bases: 1 to 208 (208)
		Unaligned bases: 566 to 574 (9)

CONTIG: scaffold10679__3.4 (516bp)
Top Length: 198  Top ID: 100.0
		This contig is misassembled. 2 total aligns.
			Real Alignment 1: 492569 492675 | 107 1 | 107 107 | 99.07 | Clostridium_sp_L2-50_gi_223667800_ref_NZ_ scaffold10679__3.4
			  Gap between these two alignments (local misassembly). Inconsistency = 150 
			Real Alignment 2: 492187 492384 | 339 142 | 198 198 | 100.0 | Clostridium_sp_L2-50_gi_223667800_ref_NZ_ scaffold10679__3.4

CONTIG: scaffold11626__5.7 (894bp)
Top Length: 725  Top ID: 96.97
		This contig is partially unaligned. (Aligned 725 out of 894 bases)
		Alignment: 243723 244447 | 725 1 | 725 725 | 96.97 | Clostridium_sp_L2-50_gi_223667800_ref_NZ_ scaffold11626__5.7
		Unaligned bases: 726 to 894 (169)

CONTIG: scaffold12243__3.3 (820bp)
Top Length: 254  Top ID: 97.64
		This contig is misassembled. 2 total aligns.
			Warning! This contig is more unaligned than misassembled. Contig length is 820 and total length of all aligns is 363
		Alignment: 233631 233739 | 109 1 | 109 109 | 100.0 | Clostridium_sp_L2-50_gi_223667800_ref_NZ_ scaffold12243__3.3
		Alignment: 232745 232997 | 749 496 | 253 254 | 97.64 | Clostridium_sp_L2-50_gi_223667800_ref_NZ_ scaffold12243__3.3
		Unaligned bases: 457
CONTIG: scaffold12378__5.3 (504bp)
Top Length: 394  Top ID: 98.48
		This contig is partially unaligned. (Aligned 394 out of 504 bases)
		Alignment: 228531 228924 | 111 504 | 394 394 | 98.48 | Clostridium_sp_L2-50_gi_223667800_ref_NZ_ scaffold12378__5.3
		Unaligned bases: 1 to 110 (110)

CONTIG: scaffold12696__7.6 (887bp)
Top Length: 312  Top ID: 99.04
		This contig is misassembled. 2 total aligns.
			Real Alignment 1: 1395948 1396259 | 312 1 | 312 312 | 99.04 | Clostridium_sp_L2-50_gi_223667800_ref_NZ_ scaffold12696__7.6
			  Overlap between these two alignments (local misassembly). Inconsistency = -216 
			Real Alignment 2: 1395592 1395874 | 884 602 | 283 283 | 98.23 | Clostridium_sp_L2-50_gi_223667800_ref_NZ_ scaffold12696__7.6

CONTIG: scaffold16304__3.9 (614bp)
Top Length: 283  Top ID: 100.0
		This contig is misassembled. 2 total aligns.
			Real Alignment 1: 440936 441134 | 330 132 | 199 199 | 97.99 | Clostridium_sp_L2-50_gi_223667800_ref_NZ_ scaffold16304__3.9
			  Gap between these two alignments (local misassembly). Inconsistency = 152 
			Real Alignment 2: 440500 440782 | 614 332 | 283 283 | 100.0 | Clostridium_sp_L2-50_gi_223667800_ref_NZ_ scaffold16304__3.9

CONTIG: scaffold16825__4.8 (787bp)
Top Length: 220  Top ID: 97.73
		This contig is misassembled. 3 total aligns.
			Real Alignment 1: 243592 243690 | 99 1 | 99 99 | 100.0 | Clostridium_sp_L2-50_gi_223667800_ref_NZ_ scaffold16825__4.8
			  Gap between these two alignments (local misassembly). Inconsistency = 145 
			Real Alignment 2: 243169 243388 | 377 158 | 220 220 | 97.73 | Clostridium_sp_L2-50_gi_223667800_ref_NZ_ scaffold16825__4.8
			  Gap between these two alignments (local misassembly). Inconsistency = 307 
			Real Alignment 3: 242554 242675 | 685 564 | 122 122 | 98.36 | Clostridium_sp_L2-50_gi_223667800_ref_NZ_ scaffold16825__4.8

CONTIG: scaffold19371__4.1 (802bp)
Top Length: 154  Top ID: 98.7
		This contig is misassembled. 3 total aligns.
			Real Alignment 1: 457718 457832 | 1 115 | 115 115 | 98.26 | Clostridium_sp_L2-50_gi_223667800_ref_NZ_ scaffold19371__4.1
			  Gap between these two alignments (local misassembly). Inconsistency = 427 
			Real Alignment 2: 458651 458791 | 507 647 | 141 141 | 100.0 | Clostridium_sp_L2-50_gi_223667800_ref_NZ_ scaffold19371__4.1
			  Gap between these two alignments (local misassembly). Inconsistency = 135 
			Real Alignment 3: 458928 459081 | 649 802 | 154 154 | 98.7 | Clostridium_sp_L2-50_gi_223667800_ref_NZ_ scaffold19371__4.1

CONTIG: scaffold20014__5.5 (541bp)
Top Length: 136  Top ID: 97.79
		This contig is misassembled. 2 total aligns.
			Warning! This contig is more unaligned than misassembled. Contig length is 541 and total length of all aligns is 252
		Alignment: 469463 469578 | 1 116 | 116 116 | 100.0 | Clostridium_sp_L2-50_gi_223667800_ref_NZ_ scaffold20014__5.5
		Alignment: 469752 469887 | 135 270 | 136 136 | 97.79 | Clostridium_sp_L2-50_gi_223667800_ref_NZ_ scaffold20014__5.5
		Unaligned bases: 289
CONTIG: scaffold20024__5.6 (814bp)
Top Length: 246  Top ID: 95.93
		This contig is partially unaligned. (Aligned 246 out of 814 bases)
		Alignment: 2188754 2188999 | 1 246 | 246 246 | 95.93 | Clostridium_sp_L2-50_gi_223667800_ref_NZ_ scaffold20024__5.6
		Unaligned bases: 247 to 814 (568)

CONTIG: scaffold20740__2.5 (828bp)
Top Length: 164  Top ID: 100.0
		This contig is partially unaligned. (Aligned 164 out of 828 bases)
		Alignment: 444958 445121 | 665 828 | 164 164 | 100.0 | Clostridium_sp_L2-50_gi_223667800_ref_NZ_ scaffold20740__2.5
		Unaligned bases: 1 to 664 (664)

CONTIG: scaffold21659__5.1 (955bp)
Top Length: 568  Top ID: 97.36
		This contig is misassembled. 3 total aligns.
			Real Alignment 1: 224222 224415 | 194 1 | 194 194 | 100.0 | Clostridium_sp_L2-50_gi_223667800_ref_NZ_ scaffold21659__5.1
			  Gap between these two alignments (local misassembly). Inconsistency = 146 
			Real Alignment 2: 223885 224074 | 386 196 | 190 191 | 97.91 | Clostridium_sp_L2-50_gi_223667800_ref_NZ_ scaffold21659__5.1
			  Gap between these two alignments (local misassembly). Inconsistency = 136 
			Real Alignment 3: 223180 223747 | 955 388 | 568 568 | 97.36 | Clostridium_sp_L2-50_gi_223667800_ref_NZ_ scaffold21659__5.1

CONTIG: scaffold22636__2.5 (1050bp)
Top Length: 533  Top ID: 99.44
		This contig is misassembled. 4 total aligns.
			Real Alignment 1: 463482 463596 | 115 1 | 115 115 | 100.0 | Clostridium_sp_L2-50_gi_223667800_ref_NZ_ scaffold22636__2.5
			  Gap between these two alignments (local misassembly). Inconsistency = 150 
			Real Alignment 2: 463022 463256 | 425 191 | 235 235 | 100.0 | Clostridium_sp_L2-50_gi_223667800_ref_NZ_ scaffold22636__2.5
			  Gap between these two alignments (local misassembly). Inconsistency = 150 
			Real Alignment 3: 462338 462870 | 959 427 | 533 533 | 99.44 | Clostridium_sp_L2-50_gi_223667800_ref_NZ_ scaffold22636__2.5
			  Gap between these two alignments (local misassembly). Inconsistency = 150 
			Real Alignment 4: 462097 462164 | 1050 983 | 68 68 | 100.0 | Clostridium_sp_L2-50_gi_223667800_ref_NZ_ scaffold22636__2.5

CONTIG: scaffold22983__2.7 (693bp)
Top Length: 570  Top ID: 99.65
		This contig is misassembled. 2 total aligns.
			Real Alignment 1: 2150148 2150266 | 1 119 | 119 119 | 99.16 | Clostridium_sp_L2-50_gi_223667800_ref_NZ_ scaffold22983__2.7
			  Gap between these two alignments (local misassembly). Inconsistency = 134 
			Real Alignment 2: 2150405 2150974 | 124 693 | 570 570 | 99.65 | Clostridium_sp_L2-50_gi_223667800_ref_NZ_ scaffold22983__2.7

CONTIG: scaffold25433__2.8 (700bp)
Top Length: 492  Top ID: 99.19
		This contig is misassembled. 2 total aligns.
			Real Alignment 1: 449763 449884 | 1 122 | 122 122 | 95.9 | Clostridium_sp_L2-50_gi_223667800_ref_NZ_ scaffold25433__2.8
			  Gap between these two alignments (local misassembly). Inconsistency = 143 
			Real Alignment 2: 450111 450602 | 206 697 | 492 492 | 99.19 | Clostridium_sp_L2-50_gi_223667800_ref_NZ_ scaffold25433__2.8

CONTIG: scaffold26242__3.0 (715bp)
Top Length: 546  Top ID: 99.82
		This contig is misassembled. 2 total aligns.
			Real Alignment 1: 486739 486861 | 123 1 | 123 123 | 98.37 | Clostridium_sp_L2-50_gi_223667800_ref_NZ_ scaffold26242__3.0
			  Gap between these two alignments (local misassembly). Inconsistency = 151 
			Real Alignment 2: 485996 486541 | 715 170 | 546 546 | 99.82 | Clostridium_sp_L2-50_gi_223667800_ref_NZ_ scaffold26242__3.0

CONTIG: scaffold27103__2.5 (574bp)
Top Length: 143  Top ID: 97.9
		This contig is misassembled. 2 total aligns.
			Warning! This contig is more unaligned than misassembled. Contig length is 574 and total length of all aligns is 267
		Alignment: 2009474 2009597 | 1 124 | 124 124 | 98.39 | Clostridium_sp_L2-50_gi_223667800_ref_NZ_ scaffold27103__2.5
		Alignment: 2009796 2009938 | 180 322 | 143 143 | 97.9 | Clostridium_sp_L2-50_gi_223667800_ref_NZ_ scaffold27103__2.5
		Unaligned bases: 307
CONTIG: scaffold27212_14.2 (1582bp)
Top Length: 1359  Top ID: 99.71
		This contig is partially unaligned. (Aligned 1359 out of 1582 bases)
		Alignment: 2169879 2171237 | 222 1580 | 1359 1359 | 99.71 | Clostridium_sp_L2-50_gi_223667800_ref_NZ_ scaffold27212_14.2
		Unaligned bases: 1 to 221 (221)
		Unaligned bases: 1581 to 1582 (2)

CONTIG: scaffold27696__3.3 (627bp)
Top Length: 178  Top ID: 100.0
		This contig is misassembled. 3 total aligns.
			Real Alignment 1: 464187 464311 | 1 125 | 125 125 | 99.2 | Clostridium_sp_L2-50_gi_223667800_ref_NZ_ scaffold27696__3.3
			  Gap between these two alignments (local misassembly). Inconsistency = 147 
			Real Alignment 2: 464533 464710 | 200 377 | 178 178 | 100.0 | Clostridium_sp_L2-50_gi_223667800_ref_NZ_ scaffold27696__3.3
			  Gap between these two alignments (local misassembly). Inconsistency = 132 
			Real Alignment 3: 464934 465092 | 469 627 | 159 159 | 99.37 | Clostridium_sp_L2-50_gi_223667800_ref_NZ_ scaffold27696__3.3

CONTIG: scaffold30496__4.0 (705bp)
Top Length: 437  Top ID: 97.48
		This contig is misassembled. 3 total aligns.
			Real Alignment 1: 2012203 2012639 | 1 437 | 437 437 | 97.48 | Clostridium_sp_L2-50_gi_223667800_ref_NZ_ scaffold30496__4.0
			  Gap between these two alignments (local misassembly). Inconsistency = 143 
			Real Alignment 2: 2012784 2012881 | 439 536 | 98 98 | 98.98 | Clostridium_sp_L2-50_gi_223667800_ref_NZ_ scaffold30496__4.0
			  Gap between these two alignments (local misassembly). Inconsistency = 130 
			Real Alignment 3: 2013013 2013180 | 538 705 | 168 168 | 98.21 | Clostridium_sp_L2-50_gi_223667800_ref_NZ_ scaffold30496__4.0

CONTIG: scaffold31272__3.0 (520bp)
Top Length: 233  Top ID: 97.0
		This contig is misassembled. 2 total aligns.
			Real Alignment 1: 447829 448061 | 247 15 | 233 233 | 97.0 | Clostridium_sp_L2-50_gi_223667800_ref_NZ_ scaffold31272__3.0
			  Gap between these two alignments (local misassembly). Inconsistency = 145 
			Real Alignment 2: 447559 447656 | 372 275 | 98 98 | 98.98 | Clostridium_sp_L2-50_gi_223667800_ref_NZ_ scaffold31272__3.0

CONTIG: scaffold32394__5.2 (1151bp)
Top Length: 509  Top ID: 99.41
		This contig is misassembled. 3 total aligns.
			Real Alignment 1: 1386854 1386985 | 132 1 | 132 132 | 100.0 | Clostridium_sp_L2-50_gi_223667800_ref_NZ_ scaffold32394__5.2
			  Gap between these two alignments (local misassembly). Inconsistency = 141 
			Real Alignment 2: 1386110 1386618 | 735 227 | 509 509 | 99.41 | Clostridium_sp_L2-50_gi_223667800_ref_NZ_ scaffold32394__5.2
			  Gap between these two alignments (local misassembly). Inconsistency = 157 
			Real Alignment 3: 1385537 1385843 | 1151 845 | 307 307 | 99.02 | Clostridium_sp_L2-50_gi_223667800_ref_NZ_ scaffold32394__5.2

CONTIG: scaffold32497__6.7 (2801bp)
Top Length: 559  Top ID: 98.03
		This contig is partially unaligned. (Aligned 559 out of 2801 bases)
		Alignment: 2188186 2188744 | 226 784 | 559 559 | 98.03 | Clostridium_sp_L2-50_gi_223667800_ref_NZ_ scaffold32497__6.7
		Unaligned bases: 1 to 225 (225)
		Unaligned bases: 785 to 2801 (2017)
		This contig has both significant aligned and unaligned parts (of length >= min-contig)! It can contain interspecies translocations

CONTIG: scaffold34702__2.5 (722bp)
Top Length: 537  Top ID: 98.88
		This contig is misassembled. 2 total aligns.
			Real Alignment 1: 500609 500744 | 136 1 | 136 136 | 100.0 | Clostridium_sp_L2-50_gi_223667800_ref_NZ_ scaffold34702__2.5
			  Gap between these two alignments (local misassembly). Inconsistency = 129 
			Real Alignment 2: 499894 500430 | 722 186 | 537 537 | 98.88 | Clostridium_sp_L2-50_gi_223667800_ref_NZ_ scaffold34702__2.5

CONTIG: scaffold34973__5.6 (1103bp)
Top Length: 628  Top ID: 97.62
		This contig is misassembled. 3 total aligns.
			Excluding internal overlap of size 1 between Alignment 1 and 2:  1390043 1390338 | 628 924 | 296 297 --> 1390044 1390338 | 629 924 | 295 296
			Real Alignment 1: 1389276 1389904 | 1 628 | 629 628 | 97.62 | Clostridium_sp_L2-50_gi_223667800_ref_NZ_ scaffold34973__5.6
			  Gap between these two alignments (local misassembly). Inconsistency = 139 
			Real Alignment 2: 1390044 1390338 | 629 924 | 295 296 | 97.64 | Clostridium_sp_L2-50_gi_223667800_ref_NZ_ scaffold34973__5.6
			  Gap between these two alignments (local misassembly). Inconsistency = 153 
			Real Alignment 3: 1390541 1390670 | 974 1103 | 130 130 | 96.92 | Clostridium_sp_L2-50_gi_223667800_ref_NZ_ scaffold34973__5.6

CONTIG: scaffold38376__2.8 (702bp)
Top Length: 161  Top ID: 99.38
		This contig is misassembled. 4 total aligns.
			Real Alignment 1: 466168 466310 | 143 1 | 143 143 | 99.3 | Clostridium_sp_L2-50_gi_223667800_ref_NZ_ scaffold38376__2.8
			  Gap between these two alignments (local misassembly). Inconsistency = 151 
			Real Alignment 2: 465875 465939 | 285 221 | 65 65 | 100.0 | Clostridium_sp_L2-50_gi_223667800_ref_NZ_ scaffold38376__2.8
			  Gap between these two alignments (local misassembly). Inconsistency = 154 
			Real Alignment 3: 465461 465621 | 545 385 | 161 161 | 99.38 | Clostridium_sp_L2-50_gi_223667800_ref_NZ_ scaffold38376__2.8
			  Gap between these two alignments (local misassembly). Inconsistency = 141 
			Real Alignment 4: 465163 465230 | 702 635 | 68 68 | 100.0 | Clostridium_sp_L2-50_gi_223667800_ref_NZ_ scaffold38376__2.8

CONTIG: scaffold40074__5.2 (647bp)
Top Length: 419  Top ID: 99.76
		This contig is misassembled. 2 total aligns.
			Real Alignment 1: 224075 224222 | 1 148 | 148 148 | 100.0 | Clostridium_sp_L2-50_gi_223667800_ref_NZ_ scaffold40074__5.2
			  Gap between these two alignments (local misassembly). Inconsistency = 145 
			Real Alignment 2: 224448 224866 | 229 647 | 419 419 | 99.76 | Clostridium_sp_L2-50_gi_223667800_ref_NZ_ scaffold40074__5.2

CONTIG: scaffold40304__7.1 (576bp)
Top Length: 398  Top ID: 99.75
		This contig is partially unaligned. (Aligned 398 out of 576 bases)
		Alignment: 2172832 2173229 | 574 177 | 398 398 | 99.75 | Clostridium_sp_L2-50_gi_223667800_ref_NZ_ scaffold40304__7.1
		Unaligned bases: 1 to 176 (176)
		Unaligned bases: 575 to 576 (2)

CONTIG: scaffold41039__4.8 (1082bp)
Top Length: 672  Top ID: 100.0
		This contig is partially unaligned. (Aligned 672 out of 1082 bases)
		Alignment: 469881 470552 | 411 1082 | 672 672 | 100.0 | Clostridium_sp_L2-50_gi_223667800_ref_NZ_ scaffold41039__4.8
		Unaligned bases: 1 to 410 (410)

CONTIG: scaffold41845__3.0 (590bp)
Top Length: 388  Top ID: 99.48
		This contig is partially unaligned. (Aligned 388 out of 590 bases)
		Alignment: 487483 487870 | 203 590 | 388 388 | 99.48 | Clostridium_sp_L2-50_gi_223667800_ref_NZ_ scaffold41845__3.0
		Unaligned bases: 1 to 202 (202)

CONTIG: scaffold42981__5.1 (1165bp)
Top Length: 431  Top ID: 98.14
		This contig is misassembled. 3 total aligns.
			Real Alignment 1: 461277 461707 | 759 329 | 431 431 | 98.14 | Clostridium_sp_L2-50_gi_223667800_ref_NZ_ scaffold42981__5.1
			  Gap between these two alignments (local misassembly). Inconsistency = 144 
			Real Alignment 2: 461067 461131 | 825 761 | 65 65 | 100.0 | Clostridium_sp_L2-50_gi_223667800_ref_NZ_ scaffold42981__5.1
			  Extensive misassembly ( relocation, inconsistency = 3348 ) between these two alignments
			Real Alignment 3: 457379 457717 | 1165 827 | 339 339 | 97.94 | Clostridium_sp_L2-50_gi_223667800_ref_NZ_ scaffold42981__5.1

CONTIG: scaffold43502__2.0 (513bp)
Top Length: 172  Top ID: 98.26
		This contig is misassembled. 3 total aligns.
			Real Alignment 1: 217749 217906 | 158 1 | 158 158 | 100.0 | Clostridium_sp_L2-50_gi_223667800_ref_NZ_ scaffold43502__2.0
			  Gap between these two alignments (local misassembly). Inconsistency = 153 
			Real Alignment 2: 217400 217571 | 354 183 | 172 172 | 98.26 | Clostridium_sp_L2-50_gi_223667800_ref_NZ_ scaffold43502__2.0
			  Gap between these two alignments (local misassembly). Inconsistency = 141 
			Real Alignment 3: 217100 217246 | 513 367 | 147 147 | 97.28 | Clostridium_sp_L2-50_gi_223667800_ref_NZ_ scaffold43502__2.0

CONTIG: scaffold44073__7.0 (862bp)
Top Length: 652  Top ID: 95.4
		This contig is partially unaligned. (Aligned 652 out of 862 bases)
		Alignment: 237295 237946 | 862 211 | 652 652 | 95.4 | Clostridium_sp_L2-50_gi_223667800_ref_NZ_ scaffold44073__7.0
		Unaligned bases: 1 to 210 (210)

CONTIG: scaffold44585__3.9 (500bp)
Top Length: 161  Top ID: 98.76
		This contig is partially unaligned. (Aligned 161 out of 500 bases)
		Alignment: 2153633 2153793 | 1 161 | 161 161 | 98.76 | Clostridium_sp_L2-50_gi_223667800_ref_NZ_ scaffold44585__3.9
		Unaligned bases: 162 to 500 (339)

CONTIG: scaffold48048__4.0 (687bp)
Top Length: 177  Top ID: 98.87
		This contig is partially unaligned. (Aligned 177 out of 687 bases)
		Alignment: 202958 203134 | 177 1 | 177 177 | 98.87 | Clostridium_sp_L2-50_gi_223667800_ref_NZ_ scaffold48048__4.0
		Unaligned bases: 178 to 687 (510)

CONTIG: scaffold49905__8.3 (595bp)
Top Length: 333  Top ID: 97.3
		This contig is misassembled. 2 total aligns.
			Real Alignment 1: 1387932 1388119 | 188 1 | 188 188 | 100.0 | Clostridium_sp_L2-50_gi_223667800_ref_NZ_ scaffold49905__8.3
			  Gap between these two alignments (local misassembly). Inconsistency = 153 
			Real Alignment 2: 1387372 1387704 | 595 263 | 333 333 | 97.3 | Clostridium_sp_L2-50_gi_223667800_ref_NZ_ scaffold49905__8.3

CONTIG: scaffold51405__2.8 (1197bp)
Top Length: 598  Top ID: 96.99
		This contig is misassembled. 2 total aligns.
			Real Alignment 1: 224889 225486 | 229 826 | 598 598 | 96.99 | Clostridium_sp_L2-50_gi_223667800_ref_NZ_ scaffold51405__2.8
			  Gap between these two alignments (local misassembly). Inconsistency = 142 
			Real Alignment 2: 225630 225999 | 828 1197 | 370 370 | 98.65 | Clostridium_sp_L2-50_gi_223667800_ref_NZ_ scaffold51405__2.8

CONTIG: scaffold52598__2.7 (699bp)
Top Length: 480  Top ID: 98.54
		This contig is partially unaligned. (Aligned 480 out of 699 bases)
		Alignment: 222672 223151 | 219 698 | 480 480 | 98.54 | Clostridium_sp_L2-50_gi_223667800_ref_NZ_ scaffold52598__2.7
		Unaligned bases: 1 to 218 (218)
		Unaligned bases: 699 to 699 (1)

CONTIG: scaffold52620__4.3 (638bp)
Top Length: 379  Top ID: 96.58
		This contig is misassembled. 2 total aligns.
			Real Alignment 1: 234857 235073 | 1 217 | 217 217 | 100.0 | Clostridium_sp_L2-50_gi_223667800_ref_NZ_ scaffold52620__4.3
			  Gap between these two alignments (local misassembly). Inconsistency = 151 
			Real Alignment 2: 235267 235645 | 260 638 | 379 379 | 96.58 | Clostridium_sp_L2-50_gi_223667800_ref_NZ_ scaffold52620__4.3

CONTIG: scaffold53332__4.4 (520bp)
Top Length: 291  Top ID: 100.0
		This contig is misassembled. 2 total aligns.
			Real Alignment 1: 442476 442703 | 1 228 | 228 228 | 100.0 | Clostridium_sp_L2-50_gi_223667800_ref_NZ_ scaffold53332__4.4
			  Gap between these two alignments (local misassembly). Inconsistency = 141 
			Real Alignment 2: 442846 443136 | 230 520 | 291 291 | 100.0 | Clostridium_sp_L2-50_gi_223667800_ref_NZ_ scaffold53332__4.4

CONTIG: scaffold53439__4.6 (1609bp)
Top Length: 1315  Top ID: 99.16
		This contig is misassembled. 2 total aligns.
			Real Alignment 1: 491328 491557 | 230 1 | 230 230 | 99.57 | Clostridium_sp_L2-50_gi_223667800_ref_NZ_ scaffold53439__4.6
			  Gap between these two alignments (local misassembly). Inconsistency = 148 
			Real Alignment 2: 489801 491115 | 1609 295 | 1315 1315 | 99.16 | Clostridium_sp_L2-50_gi_223667800_ref_NZ_ scaffold53439__4.6

CONTIG: scaffold53593__3.7 (846bp)
Top Length: 578  Top ID: 98.96
		This contig is misassembled. 2 total aligns.
			Real Alignment 1: 207663 207895 | 233 1 | 233 233 | 96.14 | Clostridium_sp_L2-50_gi_223667800_ref_NZ_ scaffold53593__3.7
			  Gap between these two alignments (local misassembly). Inconsistency = 147 
			Real Alignment 2: 206903 207480 | 846 269 | 578 578 | 98.96 | Clostridium_sp_L2-50_gi_223667800_ref_NZ_ scaffold53593__3.7

CONTIG: scaffold53947__6.8 (536bp)
Top Length: 295  Top ID: 96.95
		This contig is misassembled. 2 total aligns.
			Real Alignment 1: 1386647 1386880 | 1 234 | 234 234 | 98.29 | Clostridium_sp_L2-50_gi_223667800_ref_NZ_ scaffold53947__6.8
			  Gap between these two alignments (local misassembly). Inconsistency = 139 
			Real Alignment 2: 1387027 1387321 | 242 536 | 295 295 | 96.95 | Clostridium_sp_L2-50_gi_223667800_ref_NZ_ scaffold53947__6.8

CONTIG: scaffold54269__3.6 (522bp)
Top Length: 251  Top ID: 96.41
		This contig is partially unaligned. (Aligned 251 out of 522 bases)
		Alignment: 239513 239763 | 272 522 | 251 251 | 96.41 | Clostridium_sp_L2-50_gi_223667800_ref_NZ_ scaffold54269__3.6
		Unaligned bases: 1 to 271 (271)

CONTIG: scaffold54345__3.0 (732bp)
Top Length: 404  Top ID: 99.5
		This contig is misassembled. 2 total aligns.
			Real Alignment 1: 493414 493662 | 249 1 | 249 249 | 99.2 | Clostridium_sp_L2-50_gi_223667800_ref_NZ_ scaffold54345__3.0
			  Gap between these two alignments (local misassembly). Inconsistency = 143 
			Real Alignment 2: 492788 493191 | 732 329 | 404 404 | 99.5 | Clostridium_sp_L2-50_gi_223667800_ref_NZ_ scaffold54345__3.0

CONTIG: scaffold55034__5.5 (925bp)
Top Length: 656  Top ID: 100.0
		This contig is misassembled. 2 total aligns.
			Real Alignment 1: 484960 485227 | 1 268 | 268 268 | 99.25 | Clostridium_sp_L2-50_gi_223667800_ref_NZ_ scaffold55034__5.5
			  Gap between these two alignments (local misassembly). Inconsistency = 145 
			Real Alignment 2: 485374 486029 | 270 925 | 656 656 | 100.0 | Clostridium_sp_L2-50_gi_223667800_ref_NZ_ scaffold55034__5.5

CONTIG: scaffold55733__5.8 (1108bp)
Top Length: 439  Top ID: 99.54
		This contig is misassembled. 3 total aligns.
			Real Alignment 1: 106390 106680 | 1 291 | 291 291 | 99.31 | Clostridium_sp_L2-50_gi_223667800_ref_NZ_ scaffold55733__5.8
			  Gap between these two alignments (local misassembly). Inconsistency = 145 
			Real Alignment 2: 106844 107202 | 310 668 | 359 359 | 99.44 | Clostridium_sp_L2-50_gi_223667800_ref_NZ_ scaffold55733__5.8
			  Gap between these two alignments (local misassembly). Inconsistency = 150 
			Real Alignment 3: 107354 107792 | 670 1108 | 439 439 | 99.54 | Clostridium_sp_L2-50_gi_223667800_ref_NZ_ scaffold55733__5.8

CONTIG: scaffold55826__5.9 (2677bp)
Top Length: 1603  Top ID: 99.94
		This contig is misassembled. 3 total aligns.
			Real Alignment 1: 249486 249780 | 295 1 | 295 295 | 97.63 | Clostridium_sp_L2-50_gi_223667800_ref_NZ_ scaffold55826__5.9
			  Gap between these two alignments (local misassembly). Inconsistency = 156 
			Real Alignment 2: 247717 249319 | 1908 306 | 1603 1603 | 99.94 | Clostridium_sp_L2-50_gi_223667800_ref_NZ_ scaffold55826__5.9
			  Gap between these two alignments (local misassembly). Inconsistency = 153 
			Real Alignment 3: 246800 247495 | 2672 1977 | 696 696 | 99.43 | Clostridium_sp_L2-50_gi_223667800_ref_NZ_ scaffold55826__5.9

CONTIG: scaffold55928__3.0 (651bp)
Top Length: 299  Top ID: 98.66
			Skipping redundant alignments after choosing the best set of alignments
		Skipping redundant alignment 2126595 2126893 | 1 299 | 299 299 | 98.66 | Clostridium_sp_L2-50_gi_223667800_ref_NZ_ scaffold55928__3.0
		This contig is partially unaligned. (Aligned 299 out of 651 bases)
		Alignment: 308181 308479 | 299 1 | 299 299 | 98.66 | Clostridium_sp_L2-50_gi_223667800_ref_NZ_ scaffold55928__3.0
		Unaligned bases: 300 to 651 (352)

CONTIG: scaffold55956__6.2 (1694bp)
Top Length: 1308  Top ID: 99.69
		This contig is misassembled. 2 total aligns.
			Real Alignment 1: 484121 484420 | 300 1 | 300 300 | 100.0 | Clostridium_sp_L2-50_gi_223667800_ref_NZ_ scaffold55956__6.2
			  Gap between these two alignments (local misassembly). Inconsistency = 148 
			Real Alignment 2: 482579 483886 | 1694 387 | 1308 1308 | 99.69 | Clostridium_sp_L2-50_gi_223667800_ref_NZ_ scaffold55956__6.2

CONTIG: scaffold56013__4.7 (923bp)
Top Length: 545  Top ID: 99.27
		This contig is misassembled. 2 total aligns.
			Real Alignment 1: 481728 482030 | 303 1 | 303 303 | 100.0 | Clostridium_sp_L2-50_gi_223667800_ref_NZ_ scaffold56013__4.7
			  Gap between these two alignments (local misassembly). Inconsistency = 162 
			Real Alignment 2: 480946 481490 | 923 379 | 545 545 | 99.27 | Clostridium_sp_L2-50_gi_223667800_ref_NZ_ scaffold56013__4.7

CONTIG: scaffold56075__4.5 (1683bp)
Top Length: 1282  Top ID: 100.0
		This contig is misassembled. 2 total aligns.
			Real Alignment 1: 430286 430590 | 305 1 | 305 305 | 99.34 | Clostridium_sp_L2-50_gi_223667800_ref_NZ_ scaffold56075__4.5
			  Gap between these two alignments (local misassembly). Inconsistency = 151 
			Real Alignment 2: 428757 430038 | 1683 402 | 1282 1282 | 100.0 | Clostridium_sp_L2-50_gi_223667800_ref_NZ_ scaffold56075__4.5

CONTIG: scaffold56154__6.1 (649bp)
Top Length: 339  Top ID: 99.41
		This contig is misassembled. 2 total aligns.
			Real Alignment 1: 236740 237048 | 309 1 | 309 309 | 99.68 | Clostridium_sp_L2-50_gi_223667800_ref_NZ_ scaffold56154__6.1
			  Gap between these two alignments (local misassembly). Inconsistency = 119 
			Real Alignment 2: 236281 236619 | 649 311 | 339 339 | 99.41 | Clostridium_sp_L2-50_gi_223667800_ref_NZ_ scaffold56154__6.1

CONTIG: scaffold56670__3.8 (1410bp)
Top Length: 552  Top ID: 99.46
		This contig is misassembled. 3 total aligns.
			Real Alignment 1: 226542 226891 | 1 350 | 350 350 | 98.86 | Clostridium_sp_L2-50_gi_223667800_ref_NZ_ scaffold56670__3.8
			  Gap between these two alignments (local misassembly). Inconsistency = 151 
			Real Alignment 2: 227083 227634 | 391 942 | 552 552 | 99.46 | Clostridium_sp_L2-50_gi_223667800_ref_NZ_ scaffold56670__3.8
			  Gap between these two alignments (local misassembly). Inconsistency = 154 
			Real Alignment 3: 227842 228256 | 996 1410 | 415 415 | 98.07 | Clostridium_sp_L2-50_gi_223667800_ref_NZ_ scaffold56670__3.8

CONTIG: scaffold56710__4.3 (1068bp)
Top Length: 683  Top ID: 99.85
		This contig is misassembled. 2 total aligns.
			Real Alignment 1: 471280 471633 | 1 354 | 354 354 | 100.0 | Clostridium_sp_L2-50_gi_223667800_ref_NZ_ scaffold56710__4.3
			  Gap between these two alignments (local misassembly). Inconsistency = 153 
			Real Alignment 2: 471818 472500 | 386 1068 | 683 683 | 99.85 | Clostridium_sp_L2-50_gi_223667800_ref_NZ_ scaffold56710__4.3

CONTIG: scaffold56855__3.6 (1975bp)
Top Length: 1519  Top ID: 99.08
		This contig is misassembled. 2 total aligns.
			Real Alignment 1: 105811 106179 | 369 1 | 369 369 | 99.19 | Clostridium_sp_L2-50_gi_223667800_ref_NZ_ scaffold56855__3.6
			  Gap between these two alignments (local misassembly). Inconsistency = 143 
			Real Alignment 2: 104088 105606 | 1949 431 | 1519 1519 | 99.08 | Clostridium_sp_L2-50_gi_223667800_ref_NZ_ scaffold56855__3.6

CONTIG: scaffold56913__3.0 (746bp)
Top Length: 374  Top ID: 97.59
		This contig is misassembled. 2 total aligns.
			Real Alignment 1: 230259 230632 | 377 4 | 374 374 | 97.59 | Clostridium_sp_L2-50_gi_223667800_ref_NZ_ scaffold56913__3.0
			  Gap between these two alignments (local misassembly). Inconsistency = 152 
			Real Alignment 2: 229738 230091 | 746 393 | 354 354 | 98.31 | Clostridium_sp_L2-50_gi_223667800_ref_NZ_ scaffold56913__3.0

CONTIG: scaffold56964__9.2 (788bp)
Top Length: 328  Top ID: 100.0
		Skipping redundant alignment 2126349 2126656 | 337 29 | 308 309 | 99.68 | Clostridium_sp_L2-50_gi_223667800_ref_NZ_ scaffold56964__9.2
		This contig is partially unaligned. (Aligned 328 out of 788 bases)
		Alignment: 308418 308745 | 29 356 | 328 328 | 100.0 | Clostridium_sp_L2-50_gi_223667800_ref_NZ_ scaffold56964__9.2
		Unaligned bases: 1 to 28 (28)
		Unaligned bases: 357 to 788 (432)

CONTIG: scaffold57109__3.4 (935bp)
Top Length: 479  Top ID: 98.96
		This contig is misassembled. 2 total aligns.
			Real Alignment 1: 494697 495107 | 411 1 | 411 411 | 99.76 | Clostridium_sp_L2-50_gi_223667800_ref_NZ_ scaffold57109__3.4
			  Gap between these two alignments (local misassembly). Inconsistency = 155 
			Real Alignment 2: 494018 494496 | 935 457 | 479 479 | 98.96 | Clostridium_sp_L2-50_gi_223667800_ref_NZ_ scaffold57109__3.4

CONTIG: scaffold57323__7.7 (996bp)
Top Length: 543  Top ID: 99.08
		This contig is misassembled. 2 total aligns.
			Real Alignment 1: 1393438 1393889 | 1 452 | 452 452 | 97.35 | Clostridium_sp_L2-50_gi_223667800_ref_NZ_ scaffold57323__7.7
			  Gap between these two alignments (local misassembly). Inconsistency = 135 
			Real Alignment 2: 1394026 1394568 | 454 996 | 543 543 | 99.08 | Clostridium_sp_L2-50_gi_223667800_ref_NZ_ scaffold57323__7.7

CONTIG: scaffold57423__6.2 (1946bp)
Top Length: 474  Top ID: 96.2
		This contig is misassembled. 2 total aligns.
			Warning! This contig is more unaligned than misassembled. Contig length is 1946 and total length of all aligns is 737
		Alignment: 1403737 1404210 | 1 474 | 474 474 | 96.2 | Clostridium_sp_L2-50_gi_223667800_ref_NZ_ scaffold57423__6.2
		Alignment: 1404402 1404664 | 523 785 | 263 263 | 99.24 | Clostridium_sp_L2-50_gi_223667800_ref_NZ_ scaffold57423__6.2
		Unaligned bases: 1209
		This contig has both significant aligned and unaligned parts (of length >= min-contig)! It can contain interspecies translocations
CONTIG: scaffold57589__4.9 (2174bp)
Top Length: 1541  Top ID: 98.9
		This contig is misassembled. 2 total aligns.
			Real Alignment 1: 244490 245088 | 1 606 | 599 606 | 96.04 | Clostridium_sp_L2-50_gi_223667800_ref_NZ_ scaffold57589__4.9
			  Gap between these two alignments (local misassembly). Inconsistency = 156 
			Real Alignment 2: 245272 246812 | 634 2174 | 1541 1541 | 98.9 | Clostridium_sp_L2-50_gi_223667800_ref_NZ_ scaffold57589__4.9

CONTIG: scaffold57687__6.7 (669bp)
Top Length: 568  Top ID: 98.24
		This contig is partially unaligned. (Aligned 568 out of 669 bases)
		Alignment: 1388341 1388908 | 568 1 | 568 568 | 98.24 | Clostridium_sp_L2-50_gi_223667800_ref_NZ_ scaffold57687__6.7
		Unaligned bases: 569 to 669 (101)

CONTIG: scaffold57812__3.9 (716bp)
Top Length: 627  Top ID: 99.04
		This contig is partially unaligned. (Aligned 627 out of 716 bases)
		Alignment: 2173565 2174191 | 1 627 | 627 627 | 99.04 | Clostridium_sp_L2-50_gi_223667800_ref_NZ_ scaffold57812__3.9
		Unaligned bases: 628 to 716 (89)

CONTIG: C719956_14.0 (504bp)
Top Length: 502  Top ID: 99.4
		One align captures most of this contig: 2164841 2165342 | 3 504 | 502 502 | 99.4 | Clostridium_sp_L2-50_gi_223667800_ref_NZ_ C719956_14.0

CONTIG: C720444_20.0 (508bp)
Top Length: 508  Top ID: 100.0
		One align captures most of this contig: 2166864 2167371 | 508 1 | 508 508 | 100.0 | Clostridium_sp_L2-50_gi_223667800_ref_NZ_ C720444_20.0

CONTIG: C721246__5.0 (516bp)
Top Length: 494  Top ID: 97.17
		This contig is partially unaligned. (Aligned 494 out of 516 bases)
		Alignment: 1390931 1391424 | 516 23 | 494 494 | 97.17 | Clostridium_sp_L2-50_gi_223667800_ref_NZ_ C721246__5.0
		Unaligned bases: 1 to 22 (22)

CONTIG: C721382_17.0 (517bp)
Top Length: 517  Top ID: 96.71
		One align captures most of this contig: 1392320 1392836 | 1 517 | 517 517 | 96.71 | Clostridium_sp_L2-50_gi_223667800_ref_NZ_ C721382_17.0

CONTIG: C721938_10.0 (522bp)
Top Length: 522  Top ID: 99.43
		One align captures most of this contig: 455072 455593 | 522 1 | 522 522 | 99.43 | Clostridium_sp_L2-50_gi_223667800_ref_NZ_ C721938_10.0

CONTIG: C722260_10.0 (525bp)
Top Length: 525  Top ID: 99.24
		One align captures most of this contig: 1402798 1403322 | 1 525 | 525 525 | 99.24 | Clostridium_sp_L2-50_gi_223667800_ref_NZ_ C722260_10.0

CONTIG: C723786__2.0 (540bp)
Top Length: 540  Top ID: 97.96
		One align captures most of this contig: 497121 497660 | 540 1 | 540 540 | 97.96 | Clostridium_sp_L2-50_gi_223667800_ref_NZ_ C723786__2.0

CONTIG: C724176_24.0 (544bp)
Top Length: 544  Top ID: 95.41
		One align captures most of this contig: 2152018 2152561 | 1 544 | 544 544 | 95.41 | Clostridium_sp_L2-50_gi_223667800_ref_NZ_ C724176_24.0

CONTIG: C724232__3.0 (544bp)
Top Length: 544  Top ID: 99.82
		One align captures most of this contig: 495832 496375 | 1 544 | 544 544 | 99.82 | Clostridium_sp_L2-50_gi_223667800_ref_NZ_ C724232__3.0

CONTIG: C727482__7.0 (581bp)
Top Length: 581  Top ID: 99.48
		One align captures most of this contig: 1943019 1943599 | 1 581 | 581 581 | 99.48 | Clostridium_sp_L2-50_gi_223667800_ref_NZ_ C727482__7.0

CONTIG: C727854__7.0 (586bp)
Top Length: 586  Top ID: 100.0
		One align captures most of this contig: 478220 478805 | 1 586 | 586 586 | 100.0 | Clostridium_sp_L2-50_gi_223667800_ref_NZ_ C727854__7.0

CONTIG: C731164__3.0 (628bp)
Top Length: 628  Top ID: 99.84
		One align captures most of this contig: 2148348 2148975 | 628 1 | 628 628 | 99.84 | Clostridium_sp_L2-50_gi_223667800_ref_NZ_ C731164__3.0

CONTIG: C731626_48.0 (633bp)
Top Length: 633  Top ID: 99.84
		One align captures most of this contig: 2162332 2162964 | 1 633 | 633 633 | 99.84 | Clostridium_sp_L2-50_gi_223667800_ref_NZ_ C731626_48.0

CONTIG: C732000__5.0 (639bp)
Top Length: 639  Top ID: 100.0
		One align captures most of this contig: 477033 477671 | 639 1 | 639 639 | 100.0 | Clostridium_sp_L2-50_gi_223667800_ref_NZ_ C732000__5.0

CONTIG: C732504__5.0 (646bp)
Top Length: 646  Top ID: 99.85
		One align captures most of this contig: 470600 471245 | 646 1 | 646 646 | 99.85 | Clostridium_sp_L2-50_gi_223667800_ref_NZ_ C732504__5.0

CONTIG: C733078_37.0 (654bp)
Top Length: 654  Top ID: 98.47
		One align captures most of this contig: 2181641 2182294 | 1 654 | 654 654 | 98.47 | Clostridium_sp_L2-50_gi_223667800_ref_NZ_ C733078_37.0

CONTIG: C733518_12.0 (661bp)
Top Length: 661  Top ID: 99.24
		One align captures most of this contig: 1396282 1396942 | 1 661 | 661 661 | 99.24 | Clostridium_sp_L2-50_gi_223667800_ref_NZ_ C733518_12.0

CONTIG: C734260__5.0 (672bp)
Top Length: 672  Top ID: 100.0
		One align captures most of this contig: 488477 489148 | 672 1 | 672 672 | 100.0 | Clostridium_sp_L2-50_gi_223667800_ref_NZ_ C734260__5.0

CONTIG: C734438__4.0 (674bp)
Top Length: 674  Top ID: 99.11
		One align captures most of this contig: 235638 236311 | 1 674 | 674 674 | 99.11 | Clostridium_sp_L2-50_gi_223667800_ref_NZ_ C734438__4.0

CONTIG: C735988__3.0 (700bp)
Top Length: 318  Top ID: 96.86
		This contig is partially unaligned. (Aligned 318 out of 700 bases)
		Alignment: 2130634 2130951 | 318 1 | 318 318 | 96.86 | Clostridium_sp_L2-50_gi_223667800_ref_NZ_ C735988__3.0
		Unaligned bases: 319 to 700 (382)

CONTIG: C735994__3.0 (701bp)
Top Length: 701  Top ID: 99.29
		One align captures most of this contig: 427157 427857 | 1 701 | 701 701 | 99.29 | Clostridium_sp_L2-50_gi_223667800_ref_NZ_ C735994__3.0

CONTIG: C736212__4.0 (705bp)
Top Length: 705  Top ID: 99.57
		One align captures most of this contig: 474318 475022 | 1 705 | 705 705 | 99.57 | Clostridium_sp_L2-50_gi_223667800_ref_NZ_ C736212__4.0

CONTIG: C737140__5.0 (722bp)
Top Length: 722  Top ID: 99.17
		One align captures most of this contig: 228948 229668 | 1 722 | 721 722 | 99.17 | Clostridium_sp_L2-50_gi_223667800_ref_NZ_ C737140__5.0

CONTIG: C739768_12.0 (780bp)
Top Length: 751  Top ID: 98.67
		This contig is partially unaligned. (Aligned 751 out of 780 bases)
		Alignment: 1396984 1397730 | 27 777 | 747 751 | 98.67 | Clostridium_sp_L2-50_gi_223667800_ref_NZ_ C739768_12.0
		Unaligned bases: 1 to 26 (26)
		Unaligned bases: 778 to 780 (3)

CONTIG: C739972__3.0 (785bp)
Top Length: 785  Top ID: 99.36
		One align captures most of this contig: 500750 501534 | 1 785 | 785 785 | 99.36 | Clostridium_sp_L2-50_gi_223667800_ref_NZ_ C739972__3.0

CONTIG: C740124__5.0 (789bp)
Top Length: 789  Top ID: 99.75
		One align captures most of this contig: 430787 431575 | 789 1 | 789 789 | 99.75 | Clostridium_sp_L2-50_gi_223667800_ref_NZ_ C740124__5.0

CONTIG: C740426__4.0 (797bp)
Top Length: 797  Top ID: 99.5
		One align captures most of this contig: 472492 473288 | 1 797 | 797 797 | 99.5 | Clostridium_sp_L2-50_gi_223667800_ref_NZ_ C740426__4.0

CONTIG: C740826__5.0 (807bp)
Top Length: 807  Top ID: 100.0
		One align captures most of this contig: 437333 438139 | 1 807 | 807 807 | 100.0 | Clostridium_sp_L2-50_gi_223667800_ref_NZ_ C740826__5.0

CONTIG: C741176__3.0 (815bp)
Top Length: 815  Top ID: 99.51
		One align captures most of this contig: 432956 433770 | 1 815 | 815 815 | 99.51 | Clostridium_sp_L2-50_gi_223667800_ref_NZ_ C741176__3.0

CONTIG: C741656__3.0 (829bp)
Top Length: 829  Top ID: 99.4
		One align captures most of this contig: 499023 499851 | 1 829 | 829 829 | 99.4 | Clostridium_sp_L2-50_gi_223667800_ref_NZ_ C741656__3.0

CONTIG: C742418_10.0 (850bp)
Top Length: 519  Top ID: 97.3
		This contig is partially unaligned. (Aligned 519 out of 850 bases)
		Alignment: 2658988 2659505 | 31 549 | 518 519 | 97.3 | Clostridium_sp_L2-50_gi_223667800_ref_NZ_ C742418_10.0
		Unaligned bases: 1 to 30 (30)
		Unaligned bases: 550 to 850 (301)

CONTIG: C742766_12.0 (860bp)
Top Length: 860  Top ID: 97.33
		One align captures most of this contig: 1375996 1376855 | 860 1 | 860 860 | 97.33 | Clostridium_sp_L2-50_gi_223667800_ref_NZ_ C742766_12.0

CONTIG: C744322__4.0 (911bp)
Top Length: 911  Top ID: 99.45
		One align captures most of this contig: 479160 480070 | 911 1 | 911 911 | 99.45 | Clostridium_sp_L2-50_gi_223667800_ref_NZ_ C744322__4.0

CONTIG: C744484__7.0 (916bp)
Top Length: 916  Top ID: 99.34
		One align captures most of this contig: 1379144 1380059 | 916 1 | 916 916 | 99.34 | Clostridium_sp_L2-50_gi_223667800_ref_NZ_ C744484__7.0

CONTIG: C745866__5.0 (965bp)
Top Length: 965  Top ID: 100.0
		One align captures most of this contig: 431614 432578 | 1 965 | 965 965 | 100.0 | Clostridium_sp_L2-50_gi_223667800_ref_NZ_ C745866__5.0

CONTIG: C746108__5.0 (975bp)
Top Length: 975  Top ID: 99.28
		One align captures most of this contig: 475024 475998 | 975 1 | 975 975 | 99.28 | Clostridium_sp_L2-50_gi_223667800_ref_NZ_ C746108__5.0

CONTIG: C747828_15.0 (1052bp)
Top Length: 1040  Top ID: 99.71
		This contig is partially unaligned. (Aligned 1040 out of 1052 bases)
		Alignment: 2171195 2172233 | 1040 1 | 1039 1040 | 99.71 | Clostridium_sp_L2-50_gi_223667800_ref_NZ_ C747828_15.0
		Unaligned bases: 1041 to 1052 (12)

CONTIG: C747874__3.0 (1054bp)
Top Length: 1054  Top ID: 99.34
		One align captures most of this contig: 473281 474333 | 1 1054 | 1053 1054 | 99.34 | Clostridium_sp_L2-50_gi_223667800_ref_NZ_ C747874__3.0

CONTIG: C747982__4.0 (1061bp)
Top Length: 1061  Top ID: 99.43
		One align captures most of this contig: 1380082 1381142 | 1 1061 | 1061 1061 | 99.43 | Clostridium_sp_L2-50_gi_223667800_ref_NZ_ C747982__4.0

CONTIG: C748446__6.0 (1083bp)
Top Length: 1082  Top ID: 99.35
		One align captures most of this contig: 205773 206854 | 1083 2 | 1082 1082 | 99.35 | Clostridium_sp_L2-50_gi_223667800_ref_NZ_ C748446__6.0

CONTIG: C749330__6.0 (1125bp)
Top Length: 1125  Top ID: 99.82
		One align captures most of this contig: 475939 477063 | 1 1125 | 1125 1125 | 99.82 | Clostridium_sp_L2-50_gi_223667800_ref_NZ_ C749330__6.0

CONTIG: C749556_14.0 (1138bp)
Top Length: 1138  Top ID: 98.15
		One align captures most of this contig: 1401165 1402302 | 1 1138 | 1138 1138 | 98.15 | Clostridium_sp_L2-50_gi_223667800_ref_NZ_ C749556_14.0

CONTIG: C750884__9.0 (1213bp)
Top Length: 1210  Top ID: 99.09
		One align captures most of this contig: 1377219 1378428 | 1 1210 | 1210 1210 | 99.09 | Clostridium_sp_L2-50_gi_223667800_ref_NZ_ C750884__9.0

CONTIG: C751126__7.0 (1227bp)
Top Length: 1227  Top ID: 100.0
		One align captures most of this contig: 434510 435736 | 1227 1 | 1227 1227 | 100.0 | Clostridium_sp_L2-50_gi_223667800_ref_NZ_ C751126__7.0

CONTIG: C752534_61.0 (1320bp)
Top Length: 1320  Top ID: 99.77
		One align captures most of this contig: 2160654 2161973 | 1320 1 | 1320 1320 | 99.77 | Clostridium_sp_L2-50_gi_223667800_ref_NZ_ C752534_61.0

CONTIG: C753398__9.0 (1386bp)
Top Length: 1386  Top ID: 97.4
		One align captures most of this contig: 1399800 1401185 | 1386 1 | 1386 1386 | 97.4 | Clostridium_sp_L2-50_gi_223667800_ref_NZ_ C753398__9.0

CONTIG: C755716__5.0 (1618bp)
Top Length: 1618  Top ID: 100.0
		One align captures most of this contig: 435738 437355 | 1 1618 | 1618 1618 | 100.0 | Clostridium_sp_L2-50_gi_223667800_ref_NZ_ C755716__5.0

CONTIG: C755970__9.0 (1644bp)
Top Length: 1641  Top ID: 98.29
		One align captures most of this contig: 1398133 1399773 | 1 1641 | 1641 1641 | 98.29 | Clostridium_sp_L2-50_gi_223667800_ref_NZ_ C755970__9.0

CONTIG: C758196__4.0 (1954bp)
Top Length: 1954  Top ID: 99.74
		One align captures most of this contig: 424846 426799 | 1 1954 | 1954 1954 | 99.74 | Clostridium_sp_L2-50_gi_223667800_ref_NZ_ C758196__4.0

CONTIG: C761556_17.0 (2715bp)
Top Length: 2715  Top ID: 99.89
		One align captures most of this contig: 1940288 1943002 | 1 2715 | 2715 2715 | 99.89 | Clostridium_sp_L2-50_gi_223667800_ref_NZ_ C761556_17.0

CONTIG: C762446__4.0 (3059bp)
Top Length: 3059  Top ID: 99.74
		One align captures most of this contig: 501528 504586 | 1 3059 | 3059 3059 | 99.74 | Clostridium_sp_L2-50_gi_223667800_ref_NZ_ C762446__4.0

CONTIG: C765886__9.0 (6614bp)
Top Length: 504  Top ID: 99.8
		This contig is partially unaligned. (Aligned 504 out of 6614 bases)
		Alignment: 291265 291768 | 736 1239 | 504 504 | 99.8 | Clostridium_sp_L2-50_gi_223667800_ref_NZ_ C765886__9.0
		Unaligned bases: 1 to 735 (735)
		Unaligned bases: 1240 to 6614 (5375)
		This contig has both significant aligned and unaligned parts (of length >= min-contig)! It can contain interspecies translocations

Analyzing coverage...
Writing SNPs into /Molly/gurevich/MetaQUAST/res_final/res_metahit_final/runs_per_reference/Clostridium_sp_L2-50/contigs_reports/nucmer_output/SOAPdenovo2.used_snps
	Reference Clostridium_sp_L2-50_gi_223667800_ref_NZ_: 189 total alignments. 1 total regions.
		Region: 1 to 2954616 (2954616 bp)
			START in gap: 1 to 104088 (104087 bp)
			Align 1: 104088 105606 scaffold56855__3.6 1949 431
				Gap between this and next alignment: 105606 to 105811 (204 bp)
				Next Alignment: 105811 106179 scaffold56855__3.6 369 1

			Align 2: 105811 106179 scaffold56855__3.6 369 1
				Gap between this and next alignment: 106179 to 106390 (210 bp)
				Next Alignment: 106390 106680 scaffold55733__5.8 1 291

			Align 3: 106390 106680 scaffold55733__5.8 1 291
				Gap between this and next alignment: 106680 to 106844 (163 bp)
				Next Alignment: 106844 107202 scaffold55733__5.8 310 668

			Align 4: 106844 107202 scaffold55733__5.8 310 668
				Gap between this and next alignment: 107202 to 107354 (151 bp)
				Next Alignment: 107354 107792 scaffold55733__5.8 670 1108

			Align 5: 107354 107792 scaffold55733__5.8 670 1108
				Gap between this and next alignment: 107792 to 202958 (95165 bp)
				Next Alignment: 202958 203134 scaffold48048__4.0 177 1

			Align 6: 202958 203134 scaffold48048__4.0 177 1
				Gap between this and next alignment: 203134 to 205773 (2638 bp)
				Next Alignment: 205773 206854 C748446__6.0 1083 2

			Align 7: 205773 206854 C748446__6.0 1083 2
				Gap between this and next alignment: 206854 to 206903 (48 bp)
				Next Alignment: 206903 207480 scaffold53593__3.7 846 269

			Align 8: 206903 207480 scaffold53593__3.7 846 269
				Gap between this and next alignment: 207480 to 207663 (182 bp)
				Next Alignment: 207663 207895 scaffold53593__3.7 233 1

			Align 9: 207663 207895 scaffold53593__3.7 233 1
				Gap between this and next alignment: 207895 to 217100 (9204 bp)
				Next Alignment: 217100 217246 scaffold43502__2.0 513 367

			Align 10: 217100 217246 scaffold43502__2.0 513 367
				Gap between this and next alignment: 217246 to 217400 (153 bp)
				Next Alignment: 217400 217571 scaffold43502__2.0 354 183

			Align 11: 217400 217571 scaffold43502__2.0 354 183
				Gap between this and next alignment: 217571 to 217749 (177 bp)
				Next Alignment: 217749 217906 scaffold43502__2.0 158 1

			Align 12: 217749 217906 scaffold43502__2.0 158 1
				Gap between this and next alignment: 217906 to 222672 (4765 bp)
				Next Alignment: 222672 223151 scaffold52598__2.7 219 698

			Align 13: 222672 223151 scaffold52598__2.7 219 698
				Gap between this and next alignment: 223151 to 223180 (28 bp)
				Next Alignment: 223180 223747 scaffold21659__5.1 955 388

			Align 14: 223180 223747 scaffold21659__5.1 955 388
				Gap between this and next alignment: 223747 to 223885 (137 bp)
				Next Alignment: 223885 224074 scaffold21659__5.1 386 196

			Align 15: 223885 224074 scaffold21659__5.1 386 196
				Next Alignment: 224075 224222 scaffold40074__5.2 1 148

			Align 16: 224075 224222 scaffold40074__5.2 1 148
				Negative gap (overlap) between this and next alignment: 224222 to 224222 (0 bp)
				Next Alignment: 224222 224415 scaffold21659__5.1 194 1

			Previous gap was negative, modifying coordinates to ignore overlap
				Moving contig start from 194 to 193.
			Align 17: 224223 224415 scaffold21659__5.1 193 1
				Gap between this and next alignment: 224415 to 224448 (32 bp)
				Next Alignment: 224448 224866 scaffold40074__5.2 229 647

			Align 18: 224448 224866 scaffold40074__5.2 229 647
				Gap between this and next alignment: 224866 to 224889 (22 bp)
				Next Alignment: 224889 225486 scaffold51405__2.8 229 826

			Align 19: 224889 225486 scaffold51405__2.8 229 826
				Gap between this and next alignment: 225486 to 225630 (143 bp)
				Next Alignment: 225630 225999 scaffold51405__2.8 828 1197

			Align 20: 225630 225999 scaffold51405__2.8 828 1197
				Gap between this and next alignment: 225999 to 226542 (542 bp)
				Next Alignment: 226542 226891 scaffold56670__3.8 1 350

			Align 21: 226542 226891 scaffold56670__3.8 1 350
				Gap between this and next alignment: 226891 to 227083 (191 bp)
				Next Alignment: 227083 227634 scaffold56670__3.8 391 942

			Align 22: 227083 227634 scaffold56670__3.8 391 942
				Gap between this and next alignment: 227634 to 227842 (207 bp)
				Next Alignment: 227842 228256 scaffold56670__3.8 996 1410

			Align 23: 227842 228256 scaffold56670__3.8 996 1410
				Gap between this and next alignment: 228256 to 228531 (274 bp)
				Next Alignment: 228531 228924 scaffold12378__5.3 111 504

			Align 24: 228531 228924 scaffold12378__5.3 111 504
				Gap between this and next alignment: 228924 to 228948 (23 bp)
				Next Alignment: 228948 229668 C737140__5.0 1 722

			Align 25: 228948 229668 C737140__5.0 1 722
				Gap between this and next alignment: 229668 to 229738 (69 bp)
				Next Alignment: 229738 230091 scaffold56913__3.0 746 393

			Align 26: 229738 230091 scaffold56913__3.0 746 393
				Gap between this and next alignment: 230091 to 230259 (167 bp)
				Next Alignment: 230259 230632 scaffold56913__3.0 377 4

			Align 27: 230259 230632 scaffold56913__3.0 377 4
				Gap between this and next alignment: 230632 to 232745 (2112 bp)
				Next Alignment: 232745 232997 scaffold12243__3.3 749 496

			Align 28: 232745 232997 scaffold12243__3.3 749 496
				Gap between this and next alignment: 232997 to 233631 (633 bp)
				Next Alignment: 233631 233739 scaffold12243__3.3 109 1

			Align 29: 233631 233739 scaffold12243__3.3 109 1
				Gap between this and next alignment: 233739 to 234857 (1117 bp)
				Next Alignment: 234857 235073 scaffold52620__4.3 1 217

			Align 30: 234857 235073 scaffold52620__4.3 1 217
				Gap between this and next alignment: 235073 to 235267 (193 bp)
				Next Alignment: 235267 235645 scaffold52620__4.3 260 638

			Align 31: 235267 235645 scaffold52620__4.3 260 638
				Negative gap (overlap) between this and next alignment: 235645 to 235638 (-7 bp)
				Next Alignment: 235638 236311 C734438__4.0 1 674

			Previous gap was negative, modifying coordinates to ignore overlap
				Moving contig start from 1 to 9.
			Align 32: 235646 236311 C734438__4.0 9 674
				Negative gap (overlap) between this and next alignment: 236311 to 236281 (-30 bp)
				Next Alignment: 236281 236619 scaffold56154__6.1 649 311

			Previous gap was negative, modifying coordinates to ignore overlap
				Moving contig start from 649 to 618.
			Align 33: 236312 236619 scaffold56154__6.1 618 311
				Gap between this and next alignment: 236619 to 236740 (120 bp)
				Next Alignment: 236740 237048 scaffold56154__6.1 309 1

			Align 34: 236740 237048 scaffold56154__6.1 309 1
				Gap between this and next alignment: 237048 to 237295 (246 bp)
				Next Alignment: 237295 237946 scaffold44073__7.0 862 211

			Align 35: 237295 237946 scaffold44073__7.0 862 211
				Gap between this and next alignment: 237946 to 239513 (1566 bp)
				Next Alignment: 239513 239763 scaffold54269__3.6 272 522

			Align 36: 239513 239763 scaffold54269__3.6 272 522
				Gap between this and next alignment: 239763 to 240238 (474 bp)
				Next Alignment: 240238 240462 scaffold1083__4.4 1263 1039

			Align 37: 240238 240462 scaffold1083__4.4 1263 1039
				Gap between this and next alignment: 240462 to 241893 (1430 bp)
				Next Alignment: 241893 242089 scaffold1083__4.4 197 1

			Align 38: 241893 242089 scaffold1083__4.4 197 1
				Gap between this and next alignment: 242089 to 242554 (464 bp)
				Next Alignment: 242554 242675 scaffold16825__4.8 685 564

			Align 39: 242554 242675 scaffold16825__4.8 685 564
				Gap between this and next alignment: 242675 to 243169 (493 bp)
				Next Alignment: 243169 243388 scaffold16825__4.8 377 158

			Align 40: 243169 243388 scaffold16825__4.8 377 158
				Gap between this and next alignment: 243388 to 243592 (203 bp)
				Next Alignment: 243592 243690 scaffold16825__4.8 99 1

			Align 41: 243592 243690 scaffold16825__4.8 99 1
				Gap between this and next alignment: 243690 to 243723 (32 bp)
				Next Alignment: 243723 244447 scaffold11626__5.7 725 1

			Align 42: 243723 244447 scaffold11626__5.7 725 1
				Gap between this and next alignment: 244447 to 244490 (42 bp)
				Next Alignment: 244490 245088 scaffold57589__4.9 1 606

			Align 43: 244490 245088 scaffold57589__4.9 1 606
				Gap between this and next alignment: 245088 to 245272 (183 bp)
				Next Alignment: 245272 246812 scaffold57589__4.9 634 2174

			Align 44: 245272 246812 scaffold57589__4.9 634 2174
				Negative gap (overlap) between this and next alignment: 246812 to 246800 (-12 bp)
				Next Alignment: 246800 247495 scaffold55826__5.9 2672 1977

			Previous gap was negative, modifying coordinates to ignore overlap
				Moving contig start from 2672 to 2659.
			Align 45: 246813 247495 scaffold55826__5.9 2659 1977
				Gap between this and next alignment: 247495 to 247717 (221 bp)
				Next Alignment: 247717 249319 scaffold55826__5.9 1908 306

			Align 46: 247717 249319 scaffold55826__5.9 1908 306
				Gap between this and next alignment: 249319 to 249486 (166 bp)
				Next Alignment: 249486 249780 scaffold55826__5.9 295 1

			Align 47: 249486 249780 scaffold55826__5.9 295 1
				Gap between this and next alignment: 249780 to 291265 (41484 bp)
				Next Alignment: 291265 291768 C765886__9.0 736 1239

			Align 48: 291265 291768 C765886__9.0 736 1239
				Gap between this and next alignment: 291768 to 301100 (9331 bp)
				Next Alignment: 301100 301290 scaffold8082__2.8 377 187

			Align 49: 301100 301290 scaffold8082__2.8 377 187
				Gap between this and next alignment: 301290 to 308181 (6890 bp)
				Next Alignment: 308181 308479 scaffold55928__3.0 299 1

			Align 50: 308181 308479 scaffold55928__3.0 299 1
				Negative gap (overlap) between this and next alignment: 308479 to 308418 (-61 bp)
				Next Alignment: 308418 308745 scaffold56964__9.2 29 356

			Previous gap was negative, modifying coordinates to ignore overlap
				Moving contig start from 29 to 91.
			Align 51: 308480 308745 scaffold56964__9.2 91 356
				Gap between this and next alignment: 308745 to 424846 (116100 bp)
				Next Alignment: 424846 426799 C758196__4.0 1 1954

			Align 52: 424846 426799 C758196__4.0 1 1954
				Gap between this and next alignment: 426799 to 427157 (357 bp)
				Next Alignment: 427157 427857 C735994__3.0 1 701

			Align 53: 427157 427857 C735994__3.0 1 701
				Gap between this and next alignment: 427857 to 428757 (899 bp)
				Next Alignment: 428757 430038 scaffold56075__4.5 1683 402

			Align 54: 428757 430038 scaffold56075__4.5 1683 402
				Gap between this and next alignment: 430038 to 430286 (247 bp)
				Next Alignment: 430286 430590 scaffold56075__4.5 305 1

			Align 55: 430286 430590 scaffold56075__4.5 305 1
				Gap between this and next alignment: 430590 to 430787 (196 bp)
				Next Alignment: 430787 431575 C740124__5.0 789 1

			Align 56: 430787 431575 C740124__5.0 789 1
				Gap between this and next alignment: 431575 to 431614 (38 bp)
				Next Alignment: 431614 432578 C745866__5.0 1 965

			Align 57: 431614 432578 C745866__5.0 1 965
				Gap between this and next alignment: 432578 to 432956 (377 bp)
				Next Alignment: 432956 433770 C741176__3.0 1 815

			Align 58: 432956 433770 C741176__3.0 1 815
				Gap between this and next alignment: 433770 to 434510 (739 bp)
				Next Alignment: 434510 435736 C751126__7.0 1227 1

			Align 59: 434510 435736 C751126__7.0 1227 1
				Gap between this and next alignment: 435736 to 435738 (1 bp)
				Next Alignment: 435738 437355 C755716__5.0 1 1618

			Align 60: 435738 437355 C755716__5.0 1 1618
				Negative gap (overlap) between this and next alignment: 437355 to 437333 (-22 bp)
				Next Alignment: 437333 438139 C740826__5.0 1 807

			Previous gap was negative, modifying coordinates to ignore overlap
				Moving contig start from 1 to 24.
			Align 61: 437356 438139 C740826__5.0 24 807
				Gap between this and next alignment: 438139 to 440500 (2360 bp)
				Next Alignment: 440500 440782 scaffold16304__3.9 614 332

			Align 62: 440500 440782 scaffold16304__3.9 614 332
				Gap between this and next alignment: 440782 to 440936 (153 bp)
				Next Alignment: 440936 441134 scaffold16304__3.9 330 132

			Align 63: 440936 441134 scaffold16304__3.9 330 132
				Gap between this and next alignment: 441134 to 442476 (1341 bp)
				Next Alignment: 442476 442703 scaffold53332__4.4 1 228

			Align 64: 442476 442703 scaffold53332__4.4 1 228
				Gap between this and next alignment: 442703 to 442846 (142 bp)
				Next Alignment: 442846 443136 scaffold53332__4.4 230 520

			Align 65: 442846 443136 scaffold53332__4.4 230 520
				Gap between this and next alignment: 443136 to 444958 (1821 bp)
				Next Alignment: 444958 445121 scaffold20740__2.5 665 828

			Align 66: 444958 445121 scaffold20740__2.5 665 828
				Gap between this and next alignment: 445121 to 447559 (2437 bp)
				Next Alignment: 447559 447656 scaffold31272__3.0 372 275

			Align 67: 447559 447656 scaffold31272__3.0 372 275
				Gap between this and next alignment: 447656 to 447829 (172 bp)
				Next Alignment: 447829 448061 scaffold31272__3.0 247 15

			Align 68: 447829 448061 scaffold31272__3.0 247 15
				Gap between this and next alignment: 448061 to 449763 (1701 bp)
				Next Alignment: 449763 449884 scaffold25433__2.8 1 122

			Align 69: 449763 449884 scaffold25433__2.8 1 122
				Gap between this and next alignment: 449884 to 450111 (226 bp)
				Next Alignment: 450111 450602 scaffold25433__2.8 206 697

			Align 70: 450111 450602 scaffold25433__2.8 206 697
				Gap between this and next alignment: 450602 to 455072 (4469 bp)
				Next Alignment: 455072 455593 C721938_10.0 522 1

			Align 71: 455072 455593 C721938_10.0 522 1
				Gap between this and next alignment: 455593 to 457379 (1785 bp)
				Next Alignment: 457379 457717 scaffold42981__5.1 1165 827

			Align 72: 457379 457717 scaffold42981__5.1 1165 827
				Next Alignment: 457718 457832 scaffold19371__4.1 1 115

			Align 73: 457718 457832 scaffold19371__4.1 1 115
				Gap between this and next alignment: 457832 to 458651 (818 bp)
				Next Alignment: 458651 458791 scaffold19371__4.1 507 647

			Align 74: 458651 458791 scaffold19371__4.1 507 647
				Gap between this and next alignment: 458791 to 458928 (136 bp)
				Next Alignment: 458928 459081 scaffold19371__4.1 649 802

			Align 75: 458928 459081 scaffold19371__4.1 649 802
				Gap between this and next alignment: 459081 to 461067 (1985 bp)
				Next Alignment: 461067 461131 scaffold42981__5.1 825 761

			Align 76: 461067 461131 scaffold42981__5.1 825 761
				Gap between this and next alignment: 461131 to 461277 (145 bp)
				Next Alignment: 461277 461707 scaffold42981__5.1 759 329

			Align 77: 461277 461707 scaffold42981__5.1 759 329
				Gap between this and next alignment: 461707 to 462097 (389 bp)
				Next Alignment: 462097 462164 scaffold22636__2.5 1050 983

			Align 78: 462097 462164 scaffold22636__2.5 1050 983
				Gap between this and next alignment: 462164 to 462338 (173 bp)
				Next Alignment: 462338 462870 scaffold22636__2.5 959 427

			Align 79: 462338 462870 scaffold22636__2.5 959 427
				Gap between this and next alignment: 462870 to 463022 (151 bp)
				Next Alignment: 463022 463256 scaffold22636__2.5 425 191

			Align 80: 463022 463256 scaffold22636__2.5 425 191
				Gap between this and next alignment: 463256 to 463482 (225 bp)
				Next Alignment: 463482 463596 scaffold22636__2.5 115 1

			Align 81: 463482 463596 scaffold22636__2.5 115 1
				Gap between this and next alignment: 463596 to 464187 (590 bp)
				Next Alignment: 464187 464311 scaffold27696__3.3 1 125

			Align 82: 464187 464311 scaffold27696__3.3 1 125
				Gap between this and next alignment: 464311 to 464533 (221 bp)
				Next Alignment: 464533 464710 scaffold27696__3.3 200 377

			Align 83: 464533 464710 scaffold27696__3.3 200 377
				Gap between this and next alignment: 464710 to 464934 (223 bp)
				Next Alignment: 464934 465092 scaffold27696__3.3 469 627

			Align 84: 464934 465092 scaffold27696__3.3 469 627
				Gap between this and next alignment: 465092 to 465163 (70 bp)
				Next Alignment: 465163 465230 scaffold38376__2.8 702 635

			Align 85: 465163 465230 scaffold38376__2.8 702 635
				Gap between this and next alignment: 465230 to 465461 (230 bp)
				Next Alignment: 465461 465621 scaffold38376__2.8 545 385

			Align 86: 465461 465621 scaffold38376__2.8 545 385
				Gap between this and next alignment: 465621 to 465875 (253 bp)
				Next Alignment: 465875 465939 scaffold38376__2.8 285 221

			Align 87: 465875 465939 scaffold38376__2.8 285 221
				Gap between this and next alignment: 465939 to 466082 (142 bp)
				Next Alignment: 466082 466183 scaffold3877__2.9 1 102

			Align 88: 466082 466183 scaffold3877__2.9 1 102
				Negative gap (overlap) between this and next alignment: 466183 to 466168 (-15 bp)
				Next Alignment: 466168 466310 scaffold38376__2.8 143 1

			Previous gap was negative, modifying coordinates to ignore overlap
				Moving contig start from 143 to 127.
			Align 89: 466184 466310 scaffold38376__2.8 127 1
				Gap between this and next alignment: 466310 to 466449 (138 bp)
				Next Alignment: 466449 466566 scaffold3877__2.9 214 331

			Align 90: 466449 466566 scaffold3877__2.9 214 331
				Gap between this and next alignment: 466566 to 466768 (201 bp)
				Next Alignment: 466768 466974 scaffold3877__2.9 378 584

			Align 91: 466768 466974 scaffold3877__2.9 378 584
				Gap between this and next alignment: 466974 to 469463 (2488 bp)
				Next Alignment: 469463 469578 scaffold20014__5.5 1 116

			Align 92: 469463 469578 scaffold20014__5.5 1 116
				Gap between this and next alignment: 469578 to 469752 (173 bp)
				Next Alignment: 469752 469887 scaffold20014__5.5 135 270

			Align 93: 469752 469887 scaffold20014__5.5 135 270
				Negative gap (overlap) between this and next alignment: 469887 to 469881 (-6 bp)
				Next Alignment: 469881 470552 scaffold41039__4.8 411 1082

			Previous gap was negative, modifying coordinates to ignore overlap
				Moving contig start from 411 to 418.
			Align 94: 469888 470552 scaffold41039__4.8 418 1082
				Gap between this and next alignment: 470552 to 470600 (47 bp)
				Next Alignment: 470600 471245 C732504__5.0 646 1

			Align 95: 470600 471245 C732504__5.0 646 1
				Gap between this and next alignment: 471245 to 471280 (34 bp)
				Next Alignment: 471280 471633 scaffold56710__4.3 1 354

			Align 96: 471280 471633 scaffold56710__4.3 1 354
				Gap between this and next alignment: 471633 to 471818 (184 bp)
				Next Alignment: 471818 472500 scaffold56710__4.3 386 1068

			Align 97: 471818 472500 scaffold56710__4.3 386 1068
				Negative gap (overlap) between this and next alignment: 472500 to 472492 (-8 bp)
				Next Alignment: 472492 473288 C740426__4.0 1 797

			Previous gap was negative, modifying coordinates to ignore overlap
				Moving contig start from 1 to 10.
			Align 98: 472501 473288 C740426__4.0 10 797
				Negative gap (overlap) between this and next alignment: 473288 to 473281 (-7 bp)
				Next Alignment: 473281 474333 C747874__3.0 1 1054

			Previous gap was negative, modifying coordinates to ignore overlap
				Moving contig start from 1 to 9.
			Align 99: 473289 474333 C747874__3.0 9 1054
				Negative gap (overlap) between this and next alignment: 474333 to 474318 (-15 bp)
				Next Alignment: 474318 475022 C736212__4.0 1 705

			Previous gap was negative, modifying coordinates to ignore overlap
				Moving contig start from 1 to 17.
			Align 100: 474334 475022 C736212__4.0 17 705
				Gap between this and next alignment: 475022 to 475024 (1 bp)
				Next Alignment: 475024 475998 C746108__5.0 975 1

			Align 101: 475024 475998 C746108__5.0 975 1
				Negative gap (overlap) between this and next alignment: 475998 to 475939 (-59 bp)
				Next Alignment: 475939 477063 C749330__6.0 1 1125

			Previous gap was negative, modifying coordinates to ignore overlap
				Moving contig start from 1 to 61.
			Align 102: 475999 477063 C749330__6.0 61 1125
				Negative gap (overlap) between this and next alignment: 477063 to 477033 (-30 bp)
				Next Alignment: 477033 477671 C732000__5.0 639 1

			Previous gap was negative, modifying coordinates to ignore overlap
				Moving contig start from 639 to 608.
			Align 103: 477064 477671 C732000__5.0 608 1
				Gap between this and next alignment: 477671 to 478220 (548 bp)
				Next Alignment: 478220 478805 C727854__7.0 1 586

			Align 104: 478220 478805 C727854__7.0 1 586
				Gap between this and next alignment: 478805 to 479160 (354 bp)
				Next Alignment: 479160 480070 C744322__4.0 911 1

			Align 105: 479160 480070 C744322__4.0 911 1
				Gap between this and next alignment: 480070 to 480946 (875 bp)
				Next Alignment: 480946 481490 scaffold56013__4.7 923 379

			Align 106: 480946 481490 scaffold56013__4.7 923 379
				Gap between this and next alignment: 481490 to 481728 (237 bp)
				Next Alignment: 481728 482030 scaffold56013__4.7 303 1

			Align 107: 481728 482030 scaffold56013__4.7 303 1
				Gap between this and next alignment: 482030 to 482579 (548 bp)
				Next Alignment: 482579 483886 scaffold55956__6.2 1694 387

			Align 108: 482579 483886 scaffold55956__6.2 1694 387
				Gap between this and next alignment: 483886 to 484121 (234 bp)
				Next Alignment: 484121 484420 scaffold55956__6.2 300 1

			Align 109: 484121 484420 scaffold55956__6.2 300 1
				Gap between this and next alignment: 484420 to 484960 (539 bp)
				Next Alignment: 484960 485227 scaffold55034__5.5 1 268

			Align 110: 484960 485227 scaffold55034__5.5 1 268
				Gap between this and next alignment: 485227 to 485374 (146 bp)
				Next Alignment: 485374 486029 scaffold55034__5.5 270 925

			Align 111: 485374 486029 scaffold55034__5.5 270 925
				Negative gap (overlap) between this and next alignment: 486029 to 485996 (-33 bp)
				Next Alignment: 485996 486541 scaffold26242__3.0 715 170

			Previous gap was negative, modifying coordinates to ignore overlap
				Moving contig start from 715 to 681.
			Align 112: 486030 486541 scaffold26242__3.0 681 170
				Gap between this and next alignment: 486541 to 486739 (197 bp)
				Next Alignment: 486739 486861 scaffold26242__3.0 123 1

			Align 113: 486739 486861 scaffold26242__3.0 123 1
				Gap between this and next alignment: 486861 to 487483 (621 bp)
				Next Alignment: 487483 487870 scaffold41845__3.0 203 590

			Align 114: 487483 487870 scaffold41845__3.0 203 590
				Gap between this and next alignment: 487870 to 488477 (606 bp)
				Next Alignment: 488477 489148 C734260__5.0 672 1

			Align 115: 488477 489148 C734260__5.0 672 1
				Gap between this and next alignment: 489148 to 489801 (652 bp)
				Next Alignment: 489801 491115 scaffold53439__4.6 1609 295

			Align 116: 489801 491115 scaffold53439__4.6 1609 295
				Gap between this and next alignment: 491115 to 491328 (212 bp)
				Next Alignment: 491328 491557 scaffold53439__4.6 230 1

			Align 117: 491328 491557 scaffold53439__4.6 230 1
				Gap between this and next alignment: 491557 to 492187 (629 bp)
				Next Alignment: 492187 492384 scaffold10679__3.4 339 142

			Align 118: 492187 492384 scaffold10679__3.4 339 142
				Gap between this and next alignment: 492384 to 492569 (184 bp)
				Next Alignment: 492569 492675 scaffold10679__3.4 107 1

			Align 119: 492569 492675 scaffold10679__3.4 107 1
				Gap between this and next alignment: 492675 to 492788 (112 bp)
				Next Alignment: 492788 493191 scaffold54345__3.0 732 329

			Align 120: 492788 493191 scaffold54345__3.0 732 329
				Gap between this and next alignment: 493191 to 493414 (222 bp)
				Next Alignment: 493414 493662 scaffold54345__3.0 249 1

			Align 121: 493414 493662 scaffold54345__3.0 249 1
				Gap between this and next alignment: 493662 to 494018 (355 bp)
				Next Alignment: 494018 494496 scaffold57109__3.4 935 457

			Align 122: 494018 494496 scaffold57109__3.4 935 457
				Gap between this and next alignment: 494496 to 494697 (200 bp)
				Next Alignment: 494697 495107 scaffold57109__3.4 411 1

			Align 123: 494697 495107 scaffold57109__3.4 411 1
				Gap between this and next alignment: 495107 to 495832 (724 bp)
				Next Alignment: 495832 496375 C724232__3.0 1 544

			Align 124: 495832 496375 C724232__3.0 1 544
				Gap between this and next alignment: 496375 to 497121 (745 bp)
				Next Alignment: 497121 497660 C723786__2.0 540 1

			Align 125: 497121 497660 C723786__2.0 540 1
				Gap between this and next alignment: 497660 to 499023 (1362 bp)
				Next Alignment: 499023 499851 C741656__3.0 1 829

			Align 126: 499023 499851 C741656__3.0 1 829
				Gap between this and next alignment: 499851 to 499894 (42 bp)
				Next Alignment: 499894 500430 scaffold34702__2.5 722 186

			Align 127: 499894 500430 scaffold34702__2.5 722 186
				Gap between this and next alignment: 500430 to 500609 (178 bp)
				Next Alignment: 500609 500744 scaffold34702__2.5 136 1

			Align 128: 500609 500744 scaffold34702__2.5 136 1
				Gap between this and next alignment: 500744 to 500750 (5 bp)
				Next Alignment: 500750 501534 C739972__3.0 1 785

			Align 129: 500750 501534 C739972__3.0 1 785
				Negative gap (overlap) between this and next alignment: 501534 to 501528 (-6 bp)
				Next Alignment: 501528 504586 C762446__4.0 1 3059

			Previous gap was negative, modifying coordinates to ignore overlap
				Moving contig start from 1 to 8.
			Align 130: 501535 504586 C762446__4.0 8 3059
				Gap between this and next alignment: 504586 to 505134 (547 bp)
				Next Alignment: 505134 506891 scaffold4817__4.0 2316 559

			Align 131: 505134 506891 scaffold4817__4.0 2316 559
				Gap between this and next alignment: 506891 to 507118 (226 bp)
				Next Alignment: 507118 507280 scaffold4817__4.0 481 319

			Align 132: 507118 507280 scaffold4817__4.0 481 319
				Gap between this and next alignment: 507280 to 507430 (149 bp)
				Next Alignment: 507430 507561 scaffold4817__4.0 317 186

			Align 133: 507430 507561 scaffold4817__4.0 317 186
				Gap between this and next alignment: 507561 to 507797 (235 bp)
				Next Alignment: 507797 507899 scaffold4817__4.0 103 1

			Align 134: 507797 507899 scaffold4817__4.0 103 1
				Gap between this and next alignment: 507899 to 1375648 (867748 bp)
				Next Alignment: 1375648 1376004 scaffold8479_13.8 209 565

			Align 135: 1375648 1376004 scaffold8479_13.8 209 565
				Negative gap (overlap) between this and next alignment: 1376004 to 1375996 (-8 bp)
				Next Alignment: 1375996 1376855 C742766_12.0 860 1

			Previous gap was negative, modifying coordinates to ignore overlap
				Moving contig start from 860 to 851.
			Align 136: 1376005 1376855 C742766_12.0 851 1
				Gap between this and next alignment: 1376855 to 1377219 (363 bp)
				Next Alignment: 1377219 1378428 C750884__9.0 1 1210

			Align 137: 1377219 1378428 C750884__9.0 1 1210
				Gap between this and next alignment: 1378428 to 1379144 (715 bp)
				Next Alignment: 1379144 1380059 C744484__7.0 916 1

			Align 138: 1379144 1380059 C744484__7.0 916 1
				Gap between this and next alignment: 1380059 to 1380082 (22 bp)
				Next Alignment: 1380082 1381142 C747982__4.0 1 1061

			Align 139: 1380082 1381142 C747982__4.0 1 1061
				Gap between this and next alignment: 1381142 to 1385537 (4394 bp)
				Next Alignment: 1385537 1385843 scaffold32394__5.2 1151 845

			Align 140: 1385537 1385843 scaffold32394__5.2 1151 845
				Gap between this and next alignment: 1385843 to 1386110 (266 bp)
				Next Alignment: 1386110 1386618 scaffold32394__5.2 735 227

			Align 141: 1386110 1386618 scaffold32394__5.2 735 227
				Gap between this and next alignment: 1386618 to 1386647 (28 bp)
				Next Alignment: 1386647 1386880 scaffold53947__6.8 1 234

			Align 142: 1386647 1386880 scaffold53947__6.8 1 234
				Negative gap (overlap) between this and next alignment: 1386880 to 1386854 (-26 bp)
				Next Alignment: 1386854 1386985 scaffold32394__5.2 132 1

			Previous gap was negative, modifying coordinates to ignore overlap
				Moving contig start from 132 to 105.
			Align 143: 1386881 1386985 scaffold32394__5.2 105 1
				Gap between this and next alignment: 1386985 to 1387027 (41 bp)
				Next Alignment: 1387027 1387321 scaffold53947__6.8 242 536

			Align 144: 1387027 1387321 scaffold53947__6.8 242 536
				Gap between this and next alignment: 1387321 to 1387372 (50 bp)
				Next Alignment: 1387372 1387704 scaffold49905__8.3 595 263

			Align 145: 1387372 1387704 scaffold49905__8.3 595 263
				Gap between this and next alignment: 1387704 to 1387932 (227 bp)
				Next Alignment: 1387932 1388119 scaffold49905__8.3 188 1

			Align 146: 1387932 1388119 scaffold49905__8.3 188 1
				Gap between this and next alignment: 1388119 to 1388341 (221 bp)
				Next Alignment: 1388341 1388908 scaffold57687__6.7 568 1

			Align 147: 1388341 1388908 scaffold57687__6.7 568 1
				Gap between this and next alignment: 1388908 to 1389276 (367 bp)
				Next Alignment: 1389276 1389904 scaffold34973__5.6 1 628

			Align 148: 1389276 1389904 scaffold34973__5.6 1 628
				Gap between this and next alignment: 1389904 to 1390044 (139 bp)
				Next Alignment: 1390044 1390338 scaffold34973__5.6 629 924

			Align 149: 1390044 1390338 scaffold34973__5.6 629 924
				Gap between this and next alignment: 1390338 to 1390541 (202 bp)
				Next Alignment: 1390541 1390670 scaffold34973__5.6 974 1103

			Align 150: 1390541 1390670 scaffold34973__5.6 974 1103
				Gap between this and next alignment: 1390670 to 1390931 (260 bp)
				Next Alignment: 1390931 1391424 C721246__5.0 516 23

			Align 151: 1390931 1391424 C721246__5.0 516 23
				Gap between this and next alignment: 1391424 to 1392320 (895 bp)
				Next Alignment: 1392320 1392836 C721382_17.0 1 517

			Align 152: 1392320 1392836 C721382_17.0 1 517
				Gap between this and next alignment: 1392836 to 1393438 (601 bp)
				Next Alignment: 1393438 1393889 scaffold57323__7.7 1 452

			Align 153: 1393438 1393889 scaffold57323__7.7 1 452
				Gap between this and next alignment: 1393889 to 1394026 (136 bp)
				Next Alignment: 1394026 1394568 scaffold57323__7.7 454 996

			Align 154: 1394026 1394568 scaffold57323__7.7 454 996
				Gap between this and next alignment: 1394568 to 1395592 (1023 bp)
				Next Alignment: 1395592 1395874 scaffold12696__7.6 884 602

			Align 155: 1395592 1395874 scaffold12696__7.6 884 602
				Gap between this and next alignment: 1395874 to 1395948 (73 bp)
				Next Alignment: 1395948 1396259 scaffold12696__7.6 312 1

			Align 156: 1395948 1396259 scaffold12696__7.6 312 1
				Gap between this and next alignment: 1396259 to 1396282 (22 bp)
				Next Alignment: 1396282 1396942 C733518_12.0 1 661

			Align 157: 1396282 1396942 C733518_12.0 1 661
				Gap between this and next alignment: 1396942 to 1396984 (41 bp)
				Next Alignment: 1396984 1397730 C739768_12.0 27 777

			Align 158: 1396984 1397730 C739768_12.0 27 777
				Gap between this and next alignment: 1397730 to 1398133 (402 bp)
				Next Alignment: 1398133 1399773 C755970__9.0 1 1641

			Align 159: 1398133 1399773 C755970__9.0 1 1641
				Gap between this and next alignment: 1399773 to 1399800 (26 bp)
				Next Alignment: 1399800 1401185 C753398__9.0 1386 1

			Align 160: 1399800 1401185 C753398__9.0 1386 1
				Negative gap (overlap) between this and next alignment: 1401185 to 1401165 (-20 bp)
				Next Alignment: 1401165 1402302 C749556_14.0 1 1138

			Previous gap was negative, modifying coordinates to ignore overlap
				Moving contig start from 1 to 22.
			Align 161: 1401186 1402302 C749556_14.0 22 1138
				Gap between this and next alignment: 1402302 to 1402798 (495 bp)
				Next Alignment: 1402798 1403322 C722260_10.0 1 525

			Align 162: 1402798 1403322 C722260_10.0 1 525
				Gap between this and next alignment: 1403322 to 1403737 (414 bp)
				Next Alignment: 1403737 1404210 scaffold57423__6.2 1 474

			Align 163: 1403737 1404210 scaffold57423__6.2 1 474
				Gap between this and next alignment: 1404210 to 1404402 (191 bp)
				Next Alignment: 1404402 1404664 scaffold57423__6.2 523 785

			Align 164: 1404402 1404664 scaffold57423__6.2 523 785
				Gap between this and next alignment: 1404664 to 1940288 (535623 bp)
				Next Alignment: 1940288 1943002 C761556_17.0 1 2715

			Align 165: 1940288 1943002 C761556_17.0 1 2715
				Gap between this and next alignment: 1943002 to 1943019 (16 bp)
				Next Alignment: 1943019 1943599 C727482__7.0 1 581

			Align 166: 1943019 1943599 C727482__7.0 1 581
				Gap between this and next alignment: 1943599 to 2009474 (65874 bp)
				Next Alignment: 2009474 2009597 scaffold27103__2.5 1 124

			Align 167: 2009474 2009597 scaffold27103__2.5 1 124
				Gap between this and next alignment: 2009597 to 2009796 (198 bp)
				Next Alignment: 2009796 2009938 scaffold27103__2.5 180 322

			Align 168: 2009796 2009938 scaffold27103__2.5 180 322
				Gap between this and next alignment: 2009938 to 2012203 (2264 bp)
				Next Alignment: 2012203 2012639 scaffold30496__4.0 1 437

			Align 169: 2012203 2012639 scaffold30496__4.0 1 437
				Gap between this and next alignment: 2012639 to 2012784 (144 bp)
				Next Alignment: 2012784 2012881 scaffold30496__4.0 439 536

			Align 170: 2012784 2012881 scaffold30496__4.0 439 536
				Gap between this and next alignment: 2012881 to 2013013 (131 bp)
				Next Alignment: 2013013 2013180 scaffold30496__4.0 538 705

			Align 171: 2013013 2013180 scaffold30496__4.0 538 705
				Gap between this and next alignment: 2013180 to 2130634 (117453 bp)
				Next Alignment: 2130634 2130951 C735988__3.0 318 1

			Align 172: 2130634 2130951 C735988__3.0 318 1
				Gap between this and next alignment: 2130951 to 2148348 (17396 bp)
				Next Alignment: 2148348 2148975 C731164__3.0 628 1

			Align 173: 2148348 2148975 C731164__3.0 628 1
				Gap between this and next alignment: 2148975 to 2150148 (1172 bp)
				Next Alignment: 2150148 2150266 scaffold22983__2.7 1 119

			Align 174: 2150148 2150266 scaffold22983__2.7 1 119
				Gap between this and next alignment: 2150266 to 2150405 (138 bp)
				Next Alignment: 2150405 2150974 scaffold22983__2.7 124 693

			Align 175: 2150405 2150974 scaffold22983__2.7 124 693
				Gap between this and next alignment: 2150974 to 2152018 (1043 bp)
				Next Alignment: 2152018 2152561 C724176_24.0 1 544

			Align 176: 2152018 2152561 C724176_24.0 1 544
				Gap between this and next alignment: 2152561 to 2153633 (1071 bp)
				Next Alignment: 2153633 2153793 scaffold44585__3.9 1 161

			Align 177: 2153633 2153793 scaffold44585__3.9 1 161
				Gap between this and next alignment: 2153793 to 2160654 (6860 bp)
				Next Alignment: 2160654 2161973 C752534_61.0 1320 1

			Align 178: 2160654 2161973 C752534_61.0 1320 1
				Gap between this and next alignment: 2161973 to 2162332 (358 bp)
				Next Alignment: 2162332 2162964 C731626_48.0 1 633

			Align 179: 2162332 2162964 C731626_48.0 1 633
				Gap between this and next alignment: 2162964 to 2164841 (1876 bp)
				Next Alignment: 2164841 2165342 C719956_14.0 3 504

			Align 180: 2164841 2165342 C719956_14.0 3 504
				Gap between this and next alignment: 2165342 to 2166864 (1521 bp)
				Next Alignment: 2166864 2167371 C720444_20.0 508 1

			Align 181: 2166864 2167371 C720444_20.0 508 1
				Gap between this and next alignment: 2167371 to 2169879 (2507 bp)
				Next Alignment: 2169879 2171237 scaffold27212_14.2 222 1580

			Align 182: 2169879 2171237 scaffold27212_14.2 222 1580
				Negative gap (overlap) between this and next alignment: 2171237 to 2171195 (-42 bp)
				Next Alignment: 2171195 2172233 C747828_15.0 1040 1

			Previous gap was negative, modifying coordinates to ignore overlap
				Moving contig start from 1040 to 996.
			Align 183: 2171238 2172233 C747828_15.0 996 1
				Gap between this and next alignment: 2172233 to 2172832 (598 bp)
				Next Alignment: 2172832 2173229 scaffold40304__7.1 574 177

			Align 184: 2172832 2173229 scaffold40304__7.1 574 177
				Gap between this and next alignment: 2173229 to 2173565 (335 bp)
				Next Alignment: 2173565 2174191 scaffold57812__3.9 1 627

			Align 185: 2173565 2174191 scaffold57812__3.9 1 627
				Gap between this and next alignment: 2174191 to 2181641 (7449 bp)
				Next Alignment: 2181641 2182294 C733078_37.0 1 654

			Align 186: 2181641 2182294 C733078_37.0 1 654
				Gap between this and next alignment: 2182294 to 2188186 (5891 bp)
				Next Alignment: 2188186 2188744 scaffold32497__6.7 226 784

			Align 187: 2188186 2188744 scaffold32497__6.7 226 784
				Gap between this and next alignment: 2188744 to 2188754 (9 bp)
				Next Alignment: 2188754 2188999 scaffold20024__5.6 1 246

			Align 188: 2188754 2188999 scaffold20024__5.6 1 246
				Gap between this and next alignment: 2188999 to 2658988 (469988 bp)
				Next Alignment: 2658988 2659505 C742418_10.0 31 549

			Align 189: 2658988 2659505 C742418_10.0 31 549
			END in gap: 2659505 to 2954616 (295111 bp)

Analysis is finished!
Founded SNPs were written into /Molly/gurevich/MetaQUAST/res_final/res_metahit_final/runs_per_reference/Clostridium_sp_L2-50/contigs_reports/nucmer_output/SOAPdenovo2.used_snps

Results:
	Local Misassemblies: 62
	Misassemblies: 1
		Relocations: 1
		Translocations: 0
		Inversions: 0
	Fake misassemblies matched with structural variations: 0
	Misassembled Contigs: 1
	Misassembled Contig Bases: 1165
	Misassemblies Inter-Contig Overlap: 0
Uncovered Regions: 0 (0)
Unaligned Contigs: 0 + 31 part
Partially Unaligned Contigs with Misassemblies: 5
Unaligned Contig Bases: 18071

Ambiguously Mapped Contigs: 0
Total Bases in Ambiguously Mapped Contigs: 0
Note that --allow-ambiguity option was set to "one" and only first alignment per each contig was used.

	Covered Bases: 97584

	SNPs: 889
	Insertions: 20
	Deletions: 4

	Positive Gaps: 169
		Internal Gaps:  61
		External Gaps:  108
		External Gap Total:  2843177
		External Gap Average: 26326
	Negative Gaps: 19
		Internal Overlaps:  0
		External Overlaps:  19
		External Overlaps Total: -407
		External Overlaps Average: -21
	Contigs with Redundant Alignments: 0 (0)
