Aligning contigs to reference...
	Using existing Nucmer alignments...
Parsing coords...
Loading reference...
	Loaded [Clostridium_sp_L2-50_gi_223667800_ref_NZ_]
Loading SNPs...
Loading regions...
	No regions given, using whole reference.
	Total Regions: 1
	Total Region Length: 2954616
Analyzing contigs...
CONTIG: NODE_15_length_120419_cov_4.31413_ID_29 (120419bp)
Top Length: 323  Top ID: 97.21
		This contig is partially unaligned. (Aligned 323 out of 120419 bases)
		Alignment: 1944871 1945193 | 54463 54141 | 323 323 | 97.21 | Clostridium_sp_L2-50_gi_223667800_ref_NZ_ NODE_15_length_120419_cov_4.31413_ID_29
		Unaligned bases: 1 to 54140 (54140)
		Unaligned bases: 54464 to 120419 (65956)

CONTIG: NODE_61_length_73276_cov_5.18476_ID_121 (73276bp)
Top Length: 1713  Top ID: 97.49
		This contig is partially unaligned. (Aligned 1713 out of 73276 bases)
		Alignment: 2184588 2186301 | 71564 73276 | 1714 1713 | 97.49 | Clostridium_sp_L2-50_gi_223667800_ref_NZ_ NODE_61_length_73276_cov_5.18476_ID_121
		Unaligned bases: 1 to 71563 (71563)
		This contig has both significant aligned and unaligned parts (of length >= min-contig)! It can contain interspecies translocations

CONTIG: NODE_210_length_38995_cov_6.24291_ID_419 (38995bp)
Top Length: 519  Top ID: 97.3
		This contig is partially unaligned. (Aligned 519 out of 38995 bases)
		Alignment: 2658988 2659505 | 38259 38777 | 518 519 | 97.3 | Clostridium_sp_L2-50_gi_223667800_ref_NZ_ NODE_210_length_38995_cov_6.24291_ID_419
		Unaligned bases: 1 to 38258 (38258)
		Unaligned bases: 38778 to 38995 (218)
		This contig has both significant aligned and unaligned parts (of length >= min-contig)! It can contain interspecies translocations

CONTIG: NODE_266_length_34085_cov_6.75959_ID_531 (34085bp)
Top Length: 88  Top ID: 95.51
		Skipping redundant alignment 365679 365755 | 20540 20464 | 77 77 | 98.7 | Clostridium_sp_L2-50_gi_223667800_ref_NZ_ NODE_266_length_34085_cov_6.75959_ID_531
		Skipping redundant alignment 365404 365476 | 20536 20464 | 73 73 | 100.0 | Clostridium_sp_L2-50_gi_223667800_ref_NZ_ NODE_266_length_34085_cov_6.75959_ID_531
		This contig is partially unaligned. (Aligned 88 out of 34085 bases)
		Alignment: 711367 711454 | 20453 20540 | 88 88 | 95.51 | Clostridium_sp_L2-50_gi_223667800_ref_NZ_ NODE_266_length_34085_cov_6.75959_ID_531
		Unaligned bases: 1 to 20452 (20452)
		Unaligned bases: 20541 to 34085 (13545)

CONTIG: NODE_396_length_26521_cov_4.60625_ID_791 (26521bp)
Top Length: 504  Top ID: 99.8
		This contig is partially unaligned. (Aligned 504 out of 26521 bases)
		Alignment: 291265 291768 | 5903 5400 | 504 504 | 99.8 | Clostridium_sp_L2-50_gi_223667800_ref_NZ_ NODE_396_length_26521_cov_4.60625_ID_791
		Unaligned bases: 1 to 5399 (5399)
		Unaligned bases: 5904 to 26521 (20618)
		This contig has both significant aligned and unaligned parts (of length >= min-contig)! It can contain interspecies translocations

CONTIG: NODE_401_length_26166_cov_5.78086_ID_801 (26166bp)
Top Length: 79  Top ID: 98.73
		This contig is partially unaligned. (Aligned 79 out of 26166 bases)
		Alignment: 1801546 1801623 | 12525 12603 | 78 79 | 98.73 | Clostridium_sp_L2-50_gi_223667800_ref_NZ_ NODE_401_length_26166_cov_5.78086_ID_801
		Unaligned bases: 1 to 12524 (12524)
		Unaligned bases: 12604 to 26166 (13563)

CONTIG: NODE_566_length_19964_cov_1.74198_ID_1131 (19964bp)
Top Length: 11098  Top ID: 98.41
		This contig is misassembled. 2 total aligns.
			Real Alignment 1: 1384802 1395899 | 5508 16605 | 11098 11098 | 98.41 | Clostridium_sp_L2-50_gi_223667800_ref_NZ_ NODE_566_length_19964_cov_1.74198_ID_1131
			  Overlap between these two alignments (local misassembly). Inconsistency = -218 
			Real Alignment 2: 1395948 1396986 | 16872 17910 | 1039 1039 | 98.94 | Clostridium_sp_L2-50_gi_223667800_ref_NZ_ NODE_566_length_19964_cov_1.74198_ID_1131
		This contig has significant unaligned parts (of length >= min-contig)! It can contain interspecies translocations

CONTIG: NODE_634_length_18081_cov_3.36214_ID_1267 (18081bp)
Top Length: 84  Top ID: 100.0
		This contig is partially unaligned. (Aligned 84 out of 18081 bases)
		Alignment: 1260547 1260630 | 1038 955 | 84 84 | 100.0 | Clostridium_sp_L2-50_gi_223667800_ref_NZ_ NODE_634_length_18081_cov_3.36214_ID_1267
		Unaligned bases: 1 to 954 (954)
		Unaligned bases: 1039 to 18081 (17043)

CONTIG: NODE_695_length_16660_cov_6.54767_ID_1389 (16660bp)
Top Length: 76  Top ID: 100.0
		This contig is partially unaligned. (Aligned 76 out of 16660 bases)
		Alignment: 1801548 1801623 | 4977 5052 | 76 76 | 100.0 | Clostridium_sp_L2-50_gi_223667800_ref_NZ_ NODE_695_length_16660_cov_6.54767_ID_1389
		Unaligned bases: 1 to 4976 (4976)
		Unaligned bases: 5053 to 16660 (11608)

CONTIG: NODE_744_length_15691_cov_1.97595_ID_1487 (15691bp)
Top Length: 15302  Top ID: 99.56
		This contig is partially unaligned. (Aligned 15302 out of 15691 bases)
		Alignment: 424847 440137 | 15569 268 | 15291 15302 | 99.56 | Clostridium_sp_L2-50_gi_223667800_ref_NZ_ NODE_744_length_15691_cov_1.97595_ID_1487
		Unaligned bases: 1 to 267 (267)
		Unaligned bases: 15570 to 15691 (122)

CONTIG: NODE_842_length_13996_cov_6.26705_ID_1683 (13996bp)
Top Length: 1749  Top ID: 96.46
		This contig is partially unaligned. (Aligned 1749 out of 13996 bases)
		Alignment: 2167861 2169607 | 13996 12248 | 1747 1749 | 96.46 | Clostridium_sp_L2-50_gi_223667800_ref_NZ_ NODE_842_length_13996_cov_6.26705_ID_1683
		Unaligned bases: 1 to 12247 (12247)
		This contig has both significant aligned and unaligned parts (of length >= min-contig)! It can contain interspecies translocations

CONTIG: NODE_862_length_13667_cov_1.70276_ID_1723 (13667bp)
Top Length: 13667  Top ID: 99.59
		One align captures most of this contig: 484688 498326 | 1 13667 | 13639 13667 | 99.59 | Clostridium_sp_L2-50_gi_223667800_ref_NZ_ NODE_862_length_13667_cov_1.70276_ID_1723

CONTIG: NODE_948_length_12801_cov_5.40805_ID_1895 (12801bp)
Top Length: 3232  Top ID: 98.48
			Skipping redundant alignments after choosing the best set of alignments
		Skipping redundant alignment 2142086 2145319 | 1572 4803 | 3234 3232 | 98.48 | Clostridium_sp_L2-50_gi_223667800_ref_NZ_ NODE_948_length_12801_cov_5.40805_ID_1895
		This contig is partially unaligned. (Aligned 3232 out of 12801 bases)
		Alignment: 294961 298195 | 1570 4803 | 3235 3234 | 97.71 | Clostridium_sp_L2-50_gi_223667800_ref_NZ_ NODE_948_length_12801_cov_5.40805_ID_1895
		Unaligned bases: 1 to 1569 (1569)
		Unaligned bases: 4804 to 12801 (7998)
		This contig has both significant aligned and unaligned parts (of length >= min-contig)! It can contain interspecies translocations

CONTIG: NODE_951_length_12780_cov_1.99898_ID_1901 (12780bp)
Top Length: 2747  Top ID: 98.0
		This contig is partially unaligned. (Aligned 2747 out of 12780 bases)
		Alignment: 450485 453231 | 9665 12411 | 2747 2747 | 98.0 | Clostridium_sp_L2-50_gi_223667800_ref_NZ_ NODE_951_length_12780_cov_1.99898_ID_1901
		Unaligned bases: 1 to 9664 (9664)
		Unaligned bases: 12412 to 12780 (369)
		This contig has both significant aligned and unaligned parts (of length >= min-contig)! It can contain interspecies translocations

CONTIG: NODE_1345_length_9359_cov_1.88639_ID_2689 (9359bp)
Top Length: 9353  Top ID: 99.36
		One align captures most of this contig: 498274 507629 | 9353 1 | 9356 9353 | 99.36 | Clostridium_sp_L2-50_gi_223667800_ref_NZ_ NODE_1345_length_9359_cov_1.88639_ID_2689

CONTIG: NODE_1346_length_9349_cov_8.83107_ID_2691 (9349bp)
Top Length: 4333  Top ID: 97.16
		This contig is partially unaligned. (Aligned 4333 out of 9349 bases)
		Alignment: 2180155 2184482 | 4988 9320 | 4328 4333 | 97.16 | Clostridium_sp_L2-50_gi_223667800_ref_NZ_ NODE_1346_length_9349_cov_8.83107_ID_2691
		Unaligned bases: 1 to 4987 (4987)
		Unaligned bases: 9321 to 9349 (29)
		This contig has both significant aligned and unaligned parts (of length >= min-contig)! It can contain interspecies translocations

CONTIG: NODE_1438_length_8905_cov_1.1826_ID_2875 (8905bp)
Top Length: 8009  Top ID: 97.02
		This contig is partially unaligned. (Aligned 8009 out of 8905 bases)
		Alignment: 226887 234896 | 5 8013 | 8010 8009 | 97.02 | Clostridium_sp_L2-50_gi_223667800_ref_NZ_ NODE_1438_length_8905_cov_1.1826_ID_2875
		Unaligned bases: 1 to 4 (4)
		Unaligned bases: 8014 to 8905 (892)
		This contig has both significant aligned and unaligned parts (of length >= min-contig)! It can contain interspecies translocations

CONTIG: NODE_1491_length_8583_cov_1.84662_ID_2981 (8583bp)
Top Length: 3439  Top ID: 98.14
		This contig is partially unaligned. (Aligned 3439 out of 8583 bases)
		Alignment: 1375619 1379056 | 6217 2779 | 3438 3439 | 98.14 | Clostridium_sp_L2-50_gi_223667800_ref_NZ_ NODE_1491_length_8583_cov_1.84662_ID_2981
		Unaligned bases: 1 to 2778 (2778)
		Unaligned bases: 6218 to 8583 (2366)
		This contig has both significant aligned and unaligned parts (of length >= min-contig)! It can contain interspecies translocations

CONTIG: NODE_1660_length_7866_cov_2.21073_ID_3319 (7866bp)
Top Length: 7866  Top ID: 99.97
		One align captures most of this contig: 469843 477707 | 7866 1 | 7865 7866 | 99.97 | Clostridium_sp_L2-50_gi_223667800_ref_NZ_ NODE_1660_length_7866_cov_2.21073_ID_3319

CONTIG: NODE_1770_length_7383_cov_3.38169_ID_3539 (7383bp)
Top Length: 1380  Top ID: 97.68
		This contig is partially unaligned. (Aligned 1380 out of 7383 bases)
		Alignment: 293377 294756 | 72 1451 | 1380 1380 | 97.68 | Clostridium_sp_L2-50_gi_223667800_ref_NZ_ NODE_1770_length_7383_cov_3.38169_ID_3539
		Unaligned bases: 1 to 71 (71)
		Unaligned bases: 1452 to 7383 (5932)
		This contig has both significant aligned and unaligned parts (of length >= min-contig)! It can contain interspecies translocations

CONTIG: NODE_1830_length_7228_cov_7.54022_ID_3659 (7228bp)
Top Length: 190  Top ID: 95.79
		Skipping redundant alignment 685881 685965 | 7228 7144 | 85 85 | 100.0 | Clostridium_sp_L2-50_gi_223667800_ref_NZ_ NODE_1830_length_7228_cov_7.54022_ID_3659
		This contig is partially unaligned. (Aligned 190 out of 7228 bases)
		Alignment: 618100 618289 | 7039 7228 | 190 190 | 95.79 | Clostridium_sp_L2-50_gi_223667800_ref_NZ_ NODE_1830_length_7228_cov_7.54022_ID_3659
		Unaligned bases: 1 to 7038 (7038)

CONTIG: NODE_1851_length_7148_cov_1.95531_ID_3701 (7148bp)
Top Length: 5103  Top ID: 97.94
		This contig is partially unaligned. (Aligned 5103 out of 7148 bases)
		Alignment: 1399559 1404661 | 3 5105 | 5103 5103 | 97.94 | Clostridium_sp_L2-50_gi_223667800_ref_NZ_ NODE_1851_length_7148_cov_1.95531_ID_3701
		Unaligned bases: 1 to 2 (2)
		Unaligned bases: 5106 to 7148 (2043)
		This contig has both significant aligned and unaligned parts (of length >= min-contig)! It can contain interspecies translocations

CONTIG: NODE_1876_length_7085_cov_1.46117_ID_3751 (7085bp)
Top Length: 401  Top ID: 97.51
		This contig is partially unaligned. (Aligned 401 out of 7085 bases)
		Alignment: 2130634 2131034 | 3855 4255 | 401 401 | 97.51 | Clostridium_sp_L2-50_gi_223667800_ref_NZ_ NODE_1876_length_7085_cov_1.46117_ID_3751
		Unaligned bases: 1 to 3854 (3854)
		Unaligned bases: 4256 to 7085 (2830)

CONTIG: NODE_1981_length_6753_cov_4.25157_ID_3961 (6753bp)
Top Length: 3801  Top ID: 99.71
		This contig is partially unaligned. (Aligned 3801 out of 6753 bases)
		Alignment: 1939218 1943018 | 4260 460 | 3801 3801 | 99.71 | Clostridium_sp_L2-50_gi_223667800_ref_NZ_ NODE_1981_length_6753_cov_4.25157_ID_3961
		Unaligned bases: 1 to 459 (459)
		Unaligned bases: 4261 to 6753 (2493)
		This contig has both significant aligned and unaligned parts (of length >= min-contig)! It can contain interspecies translocations

CONTIG: NODE_2060_length_6565_cov_1.5616_ID_4119 (6565bp)
Top Length: 4470  Top ID: 98.93
		This contig is partially unaligned. (Aligned 4470 out of 6565 bases)
		Alignment: 465418 469887 | 6154 1685 | 4470 4470 | 98.93 | Clostridium_sp_L2-50_gi_223667800_ref_NZ_ NODE_2060_length_6565_cov_1.5616_ID_4119
		Unaligned bases: 1 to 1684 (1684)
		Unaligned bases: 6155 to 6565 (411)
		This contig has both significant aligned and unaligned parts (of length >= min-contig)! It can contain interspecies translocations

CONTIG: NODE_2071_length_6538_cov_1.43437_ID_4141 (6538bp)
Top Length: 5007  Top ID: 97.02
		This contig is partially unaligned. (Aligned 5007 out of 6538 bases)
		Alignment: 222031 227053 | 6537 1531 | 5023 5007 | 97.02 | Clostridium_sp_L2-50_gi_223667800_ref_NZ_ NODE_2071_length_6538_cov_1.43437_ID_4141
		Unaligned bases: 1 to 1530 (1530)
		Unaligned bases: 6538 to 6538 (1)
		This contig has both significant aligned and unaligned parts (of length >= min-contig)! It can contain interspecies translocations

CONTIG: NODE_3047_length_4862_cov_2.37903_ID_6093 (4862bp)
Top Length: 4861  Top ID: 97.51
		One align captures most of this contig: 202024 206885 | 1 4861 | 4862 4861 | 97.51 | Clostridium_sp_L2-50_gi_223667800_ref_NZ_ NODE_3047_length_4862_cov_2.37903_ID_6093

CONTIG: NODE_3127_length_4786_cov_6.06996_ID_6253 (4786bp)
Top Length: 4786  Top ID: 98.08
		Marking as insignificant: 298107 300618 | 1 2513 | 2512 2513 | 96.34 | Clostridium_sp_L2-50_gi_223667800_ref_NZ_ NODE_3127_length_4786_cov_6.06996_ID_6253
		One align captures most of this contig: 2145231 2150015 | 1 4786 | 4785 4786 | 98.08 | Clostridium_sp_L2-50_gi_223667800_ref_NZ_ NODE_3127_length_4786_cov_6.06996_ID_6253

CONTIG: NODE_3141_length_4770_cov_1.08568_ID_6281 (4770bp)
Top Length: 2911  Top ID: 97.18
		This contig is misassembled. 3 total aligns.
			Real Alignment 1: 443633 446543 | 3 2913 | 2911 2911 | 97.18 | Clostridium_sp_L2-50_gi_223667800_ref_NZ_ NODE_3141_length_4770_cov_1.08568_ID_6281
			  Gap between these two alignments (local misassembly). Inconsistency = 0 
			Real Alignment 2: 446818 447357 | 3188 3727 | 540 540 | 96.85 | Clostridium_sp_L2-50_gi_223667800_ref_NZ_ NODE_3141_length_4770_cov_1.08568_ID_6281
			  Fake misassembly between these two alignments: inconsistency = 3 , gap in the contig is small or absent or filled mostly with Ns (short indel: deletion of length 3; 0 mismatches)
			Real Alignment 3: 447535 448403 | 3902 4770 | 869 869 | 97.47 | Clostridium_sp_L2-50_gi_223667800_ref_NZ_ NODE_3141_length_4770_cov_1.08568_ID_6281

CONTIG: NODE_3263_length_4629_cov_1.34893_ID_6525 (4629bp)
Top Length: 4629  Top ID: 98.73
		One align captures most of this contig: 455946 460551 | 4629 1 | 4606 4629 | 98.73 | Clostridium_sp_L2-50_gi_223667800_ref_NZ_ NODE_3263_length_4629_cov_1.34893_ID_6525

CONTIG: NODE_3297_length_4590_cov_4.36318_ID_6593 (4590bp)
Top Length: 4088  Top ID: 99.41
		This contig is partially unaligned. (Aligned 4088 out of 4590 bases)
		Alignment: 2169542 2173628 | 1 4088 | 4087 4088 | 99.41 | Clostridium_sp_L2-50_gi_223667800_ref_NZ_ NODE_3297_length_4590_cov_4.36318_ID_6593
		Unaligned bases: 4089 to 4590 (502)
		This contig has both significant aligned and unaligned parts (of length >= min-contig)! It can contain interspecies translocations

CONTIG: NODE_3359_length_4529_cov_1.63858_ID_6717 (4529bp)
Top Length: 3715  Top ID: 99.46
		This contig is partially unaligned. (Aligned 3715 out of 4529 bases)
		Alignment: 104088 107802 | 815 4529 | 3715 3715 | 99.46 | Clostridium_sp_L2-50_gi_223667800_ref_NZ_ NODE_3359_length_4529_cov_1.63858_ID_6717
		Unaligned bases: 1 to 814 (814)
		This contig has both significant aligned and unaligned parts (of length >= min-contig)! It can contain interspecies translocations

CONTIG: NODE_3367_length_4517_cov_2.02264_ID_6733 (4517bp)
Top Length: 3411  Top ID: 99.06
		This contig is partially unaligned. (Aligned 3411 out of 4517 bases)
		Alignment: 477547 480959 | 3411 1 | 3413 3411 | 99.06 | Clostridium_sp_L2-50_gi_223667800_ref_NZ_ NODE_3367_length_4517_cov_2.02264_ID_6733
		Unaligned bases: 3412 to 4517 (1106)
		This contig has both significant aligned and unaligned parts (of length >= min-contig)! It can contain interspecies translocations

CONTIG: NODE_3523_length_4365_cov_5.75406_ID_7045 (4365bp)
Top Length: 4365  Top ID: 99.63
		One align captures most of this contig: 2163548 2167911 | 4365 1 | 4364 4365 | 99.63 | Clostridium_sp_L2-50_gi_223667800_ref_NZ_ NODE_3523_length_4365_cov_5.75406_ID_7045

CONTIG: NODE_3765_length_4151_cov_1.91748_ID_7529 (4151bp)
Top Length: 3772  Top ID: 99.63
		This contig is partially unaligned. (Aligned 3772 out of 4151 bases)
		Alignment: 480896 484667 | 1 3772 | 3772 3772 | 99.63 | Clostridium_sp_L2-50_gi_223667800_ref_NZ_ NODE_3765_length_4151_cov_1.91748_ID_7529
		Unaligned bases: 3773 to 4151 (379)

CONTIG: NODE_3845_length_4076_cov_2.02263_ID_7689 (4076bp)
Top Length: 3422  Top ID: 98.36
		This contig is misassembled. 2 total aligns.
			Real Alignment 1: 238125 238425 | 301 1 | 301 301 | 98.68 | Clostridium_sp_L2-50_gi_223667800_ref_NZ_ NODE_3845_length_4076_cov_2.02263_ID_7689
			  Overlap between these two alignments (local misassembly). Inconsistency = -206 
			Real Alignment 2: 234556 237977 | 4076 655 | 3422 3422 | 98.36 | Clostridium_sp_L2-50_gi_223667800_ref_NZ_ NODE_3845_length_4076_cov_2.02263_ID_7689

CONTIG: NODE_4802_length_3424_cov_1.29207_ID_9603 (3424bp)
Top Length: 2849  Top ID: 97.51
		This contig is misassembled. 2 total aligns.
			Real Alignment 1: 440819 443665 | 2860 12 | 2847 2849 | 97.51 | Clostridium_sp_L2-50_gi_223667800_ref_NZ_ NODE_4802_length_3424_cov_1.29207_ID_9603
			  Fake misassembly between these two alignments: inconsistency = -2 , gap in the contig is small or absent or filled mostly with Ns (short indel: insertion of length 2; 57 mismatches)
			Real Alignment 2: 440257 440682 | 3424 2999 | 426 426 | 98.83 | Clostridium_sp_L2-50_gi_223667800_ref_NZ_ NODE_4802_length_3424_cov_1.29207_ID_9603

CONTIG: NODE_4895_length_3377_cov_1.82089_ID_9789 (3377bp)
Top Length: 2565  Top ID: 96.96
		This contig is partially unaligned. (Aligned 2565 out of 3377 bases)
		Alignment: 453323 455887 | 813 3377 | 2565 2565 | 96.96 | Clostridium_sp_L2-50_gi_223667800_ref_NZ_ NODE_4895_length_3377_cov_1.82089_ID_9789
		Unaligned bases: 1 to 812 (812)
		This contig has both significant aligned and unaligned parts (of length >= min-contig)! It can contain interspecies translocations

CONTIG: NODE_5112_length_3261_cov_9.24298_ID_10223 (3261bp)
Top Length: 190  Top ID: 95.79
		Skipping redundant alignment 685881 685965 | 3261 3177 | 85 85 | 100.0 | Clostridium_sp_L2-50_gi_223667800_ref_NZ_ NODE_5112_length_3261_cov_9.24298_ID_10223
		This contig is partially unaligned. (Aligned 190 out of 3261 bases)
		Alignment: 618100 618289 | 3072 3261 | 190 190 | 95.79 | Clostridium_sp_L2-50_gi_223667800_ref_NZ_ NODE_5112_length_3261_cov_9.24298_ID_10223
		Unaligned bases: 1 to 3071 (3071)

CONTIG: NODE_5335_length_3155_cov_1.20935_ID_10669 (3155bp)
Top Length: 3147  Top ID: 97.87
		One align captures most of this contig: 462361 465507 | 3147 1 | 3147 3147 | 97.87 | Clostridium_sp_L2-50_gi_223667800_ref_NZ_ NODE_5335_length_3155_cov_1.20935_ID_10669

CONTIG: NODE_6308_length_2745_cov_2.31041_ID_12615 (2745bp)
Top Length: 2696  Top ID: 98.48
		This contig is partially unaligned. (Aligned 2696 out of 2745 bases)
		Alignment: 1396984 1399675 | 2696 1 | 2692 2696 | 98.48 | Clostridium_sp_L2-50_gi_223667800_ref_NZ_ NODE_6308_length_2745_cov_2.31041_ID_12615
		Unaligned bases: 2697 to 2745 (49)

CONTIG: NODE_6576_length_2653_cov_5.25943_ID_13151 (2653bp)
Top Length: 2281  Top ID: 98.11
		This contig is partially unaligned. (Aligned 2281 out of 2653 bases)
		Alignment: 2186236 2188516 | 1 2281 | 2281 2281 | 98.11 | Clostridium_sp_L2-50_gi_223667800_ref_NZ_ NODE_6576_length_2653_cov_5.25943_ID_13151
		Unaligned bases: 2282 to 2653 (372)

CONTIG: NODE_7352_length_2416_cov_2.80136_ID_14703 (2416bp)
Top Length: 76  Top ID: 100.0
		This contig is partially unaligned. (Aligned 76 out of 2416 bases)
		Alignment: 623846 623921 | 92 167 | 76 76 | 100.0 | Clostridium_sp_L2-50_gi_223667800_ref_NZ_ NODE_7352_length_2416_cov_2.80136_ID_14703
		Unaligned bases: 1 to 91 (91)
		Unaligned bases: 168 to 2416 (2249)

CONTIG: NODE_8227_length_2186_cov_1.42421_ID_16453 (2186bp)
Top Length: 1181  Top ID: 99.92
		This contig is partially unaligned. (Aligned 1181 out of 2186 bases)
		Alignment: 2150256 2151436 | 2186 1006 | 1181 1181 | 99.92 | Clostridium_sp_L2-50_gi_223667800_ref_NZ_ NODE_8227_length_2186_cov_1.42421_ID_16453
		Unaligned bases: 1 to 1005 (1005)
		This contig has both significant aligned and unaligned parts (of length >= min-contig)! It can contain interspecies translocations

CONTIG: NODE_8284_length_2174_cov_2.31619_ID_16567 (2174bp)
Top Length: 162  Top ID: 99.38
		This contig is partially unaligned. (Aligned 162 out of 2174 bases)
		Alignment: 2013359 2013520 | 2013 2174 | 162 162 | 99.38 | Clostridium_sp_L2-50_gi_223667800_ref_NZ_ NODE_8284_length_2174_cov_2.31619_ID_16567
		Unaligned bases: 1 to 2012 (2012)

CONTIG: NODE_9353_length_1967_cov_0.804393_ID_18705 (1967bp)
Top Length: 758  Top ID: 99.74
		This contig is misassembled. 3 total aligns.
			Real Alignment 1: 217371 217960 | 1 590 | 590 590 | 99.32 | Clostridium_sp_L2-50_gi_223667800_ref_NZ_ NODE_9353_length_1967_cov_0.804393_ID_18705
			  Fake misassembly between these two alignments: inconsistency = 3 , gap in the contig is small or absent or filled mostly with Ns (short indel: deletion of length 3; 6 mismatches)
			Real Alignment 2: 218089 218389 | 716 1016 | 301 301 | 98.67 | Clostridium_sp_L2-50_gi_223667800_ref_NZ_ NODE_9353_length_1967_cov_0.804393_ID_18705
			  Fake misassembly between these two alignments: inconsistency = -6 , gap in the contig is small or absent or filled mostly with Ns (long indel: insertion of length 6; 0 mismatches)
			Real Alignment 3: 218577 219334 | 1210 1967 | 758 758 | 99.74 | Clostridium_sp_L2-50_gi_223667800_ref_NZ_ NODE_9353_length_1967_cov_0.804393_ID_18705

CONTIG: NODE_9489_length_1937_cov_1.13921_ID_18977 (1937bp)
Top Length: 181  Top ID: 95.65
		This contig is partially unaligned. (Aligned 181 out of 1937 bases)
		Alignment: 2013209 2013391 | 1757 1937 | 183 181 | 95.65 | Clostridium_sp_L2-50_gi_223667800_ref_NZ_ NODE_9489_length_1937_cov_1.13921_ID_18977
		Unaligned bases: 1 to 1756 (1756)

CONTIG: NODE_10069_length_1830_cov_1.05972_ID_20137 (1830bp)
Top Length: 211  Top ID: 96.68
		This contig is partially unaligned. (Aligned 211 out of 1830 bases)
		Alignment: 103103 103313 | 1 211 | 211 211 | 96.68 | Clostridium_sp_L2-50_gi_223667800_ref_NZ_ NODE_10069_length_1830_cov_1.05972_ID_20137
		Unaligned bases: 212 to 1830 (1619)

CONTIG: NODE_10715_length_1733_cov_1.23063_ID_21429 (1733bp)
Top Length: 1733  Top ID: 99.6
		One align captures most of this contig: 448911 450643 | 1733 1 | 1733 1733 | 99.6 | Clostridium_sp_L2-50_gi_223667800_ref_NZ_ NODE_10715_length_1733_cov_1.23063_ID_21429

CONTIG: NODE_12454_length_1504_cov_0.723257_ID_24907 (1504bp)
Top Length: 549  Top ID: 96.72
			Skipping redundant alignments after choosing the best set of alignments
		Skipping redundant alignment 2125769 2126317 | 51 599 | 549 549 | 96.72 | Clostridium_sp_L2-50_gi_223667800_ref_NZ_ NODE_12454_length_1504_cov_0.723257_ID_24907
		This contig is misassembled. 4 total aligns.
			Real Alignment 1: 303274 303822 | 599 51 | 549 549 | 96.72 | Clostridium_sp_L2-50_gi_223667800_ref_NZ_ NODE_12454_length_1504_cov_0.723257_ID_24907
			  Fake misassembly between these two alignments: inconsistency = -1 , gap in the contig is small or absent or filled mostly with Ns (short indel: insertion of length 1; 0 mismatches)
			Real Alignment 2: 302899 303119 | 975 755 | 221 221 | 99.55 | Clostridium_sp_L2-50_gi_223667800_ref_NZ_ NODE_12454_length_1504_cov_0.723257_ID_24907
			  Fake misassembly between these two alignments: inconsistency = -16 , gap in the contig is small or absent or filled mostly with Ns (long indel: insertion of length 16; 18 mismatches)
			Real Alignment 3: 302387 302763 | 1504 1127 | 377 378 | 98.15 | Clostridium_sp_L2-50_gi_223667800_ref_NZ_ NODE_12454_length_1504_cov_0.723257_ID_24907

CONTIG: NODE_14838_length_1279_cov_28.1961_ID_29675 (1279bp)
Top Length: 80  Top ID: 96.25
		Skipping redundant alignment 369524 369601 | 411 334 | 78 78 | 96.15 | Clostridium_sp_L2-50_gi_223667800_ref_NZ_ NODE_14838_length_1279_cov_28.1961_ID_29675
		Skipping redundant alignment 619780 619857 | 334 411 | 78 78 | 96.15 | Clostridium_sp_L2-50_gi_223667800_ref_NZ_ NODE_14838_length_1279_cov_28.1961_ID_29675
		This contig is partially unaligned. (Aligned 80 out of 1279 bases)
		Alignment: 1486901 1486980 | 334 413 | 80 80 | 96.25 | Clostridium_sp_L2-50_gi_223667800_ref_NZ_ NODE_14838_length_1279_cov_28.1961_ID_29675
		Unaligned bases: 1 to 333 (333)
		Unaligned bases: 414 to 1279 (866)

CONTIG: NODE_15027_length_1264_cov_1.26551_ID_30053 (1264bp)
Top Length: 1090  Top ID: 97.34
		This contig is partially unaligned. (Aligned 1090 out of 1264 bases)
		Alignment: 461155 462244 | 1090 1 | 1090 1090 | 97.34 | Clostridium_sp_L2-50_gi_223667800_ref_NZ_ NODE_15027_length_1264_cov_1.26551_ID_30053
		Unaligned bases: 1091 to 1264 (174)

CONTIG: NODE_17570_length_1091_cov_3.61004_ID_35139 (1091bp)
Top Length: 671  Top ID: 95.39
		This contig is partially unaligned. (Aligned 671 out of 1091 bases)
		Alignment: 2184017 2184685 | 671 1 | 669 671 | 95.39 | Clostridium_sp_L2-50_gi_223667800_ref_NZ_ NODE_17570_length_1091_cov_3.61004_ID_35139
		Unaligned bases: 672 to 1091 (420)

CONTIG: NODE_18811_length_1021_cov_0.956522_ID_37621 (1021bp)
Top Length: 671  Top ID: 97.02
		This contig is partially unaligned. (Aligned 671 out of 1021 bases)
		Alignment: 448336 449006 | 1021 351 | 671 671 | 97.02 | Clostridium_sp_L2-50_gi_223667800_ref_NZ_ NODE_18811_length_1021_cov_0.956522_ID_37621
		Unaligned bases: 1 to 350 (350)

CONTIG: NODE_19443_length_989_cov_0.948608_ID_38885 (989bp)
Top Length: 336  Top ID: 98.51
		This contig is partially unaligned. (Aligned 336 out of 989 bases)
		Alignment: 251724 252059 | 336 1 | 336 336 | 98.51 | Clostridium_sp_L2-50_gi_223667800_ref_NZ_ NODE_19443_length_989_cov_0.948608_ID_38885
		Unaligned bases: 337 to 989 (653)

CONTIG: NODE_19726_length_976_cov_25.0575_ID_39451 (976bp)
Top Length: 976  Top ID: 98.87
		One align captures most of this contig: 2063907 2064882 | 976 1 | 976 976 | 98.87 | Clostridium_sp_L2-50_gi_223667800_ref_NZ_ NODE_19726_length_976_cov_25.0575_ID_39451

CONTIG: NODE_21577_length_897_cov_0.864608_ID_43153 (897bp)
Top Length: 897  Top ID: 97.44
		One align captures most of this contig: 213717 214605 | 1 897 | 889 897 | 97.44 | Clostridium_sp_L2-50_gi_223667800_ref_NZ_ NODE_21577_length_897_cov_0.864608_ID_43153

CONTIG: NODE_23916_length_811_cov_1.22354_ID_47831 (811bp)
Top Length: 483  Top ID: 96.49
		This contig is partially unaligned. (Aligned 483 out of 811 bases)
		Alignment: 2179499 2179982 | 1 483 | 484 483 | 96.49 | Clostridium_sp_L2-50_gi_223667800_ref_NZ_ NODE_23916_length_811_cov_1.22354_ID_47831
		Unaligned bases: 484 to 811 (328)

CONTIG: NODE_24146_length_802_cov_1.23025_ID_48291 (802bp)
Top Length: 178  Top ID: 96.63
		This contig is partially unaligned. (Aligned 178 out of 802 bases)
		Alignment: 2113304 2113481 | 191 14 | 178 178 | 96.63 | Clostridium_sp_L2-50_gi_223667800_ref_NZ_ NODE_24146_length_802_cov_1.23025_ID_48291
		Unaligned bases: 1 to 13 (13)
		Unaligned bases: 192 to 802 (611)

CONTIG: NODE_27324_length_710_cov_2.1374_ID_54647 (710bp)
Top Length: 710  Top ID: 100.0
		One align captures most of this contig: 2173574 2174283 | 1 710 | 710 710 | 100.0 | Clostridium_sp_L2-50_gi_223667800_ref_NZ_ NODE_27324_length_710_cov_2.1374_ID_54647

CONTIG: NODE_30378_length_641_cov_7.50683_ID_60755 (641bp)
Top Length: 432  Top ID: 97.69
		This contig is partially unaligned. (Aligned 432 out of 641 bases)
		Alignment: 220199 220630 | 157 588 | 432 432 | 97.69 | Clostridium_sp_L2-50_gi_223667800_ref_NZ_ NODE_30378_length_641_cov_7.50683_ID_60755
		Unaligned bases: 1 to 156 (156)
		Unaligned bases: 589 to 641 (53)

CONTIG: NODE_30726_length_634_cov_0.74266_ID_61451 (634bp)
Top Length: 510  Top ID: 99.02
		This contig is partially unaligned. (Aligned 510 out of 634 bases)
		Alignment: 2140621 2141130 | 634 125 | 510 510 | 99.02 | Clostridium_sp_L2-50_gi_223667800_ref_NZ_ NODE_30726_length_634_cov_0.74266_ID_61451
		Unaligned bases: 1 to 124 (124)

CONTIG: NODE_35359_length_561_cov_0.964427_ID_70717 (561bp)
Top Length: 561  Top ID: 97.68
		One align captures most of this contig: 301072 301632 | 1 561 | 561 561 | 97.68 | Clostridium_sp_L2-50_gi_223667800_ref_NZ_ NODE_35359_length_561_cov_0.964427_ID_70717

Analyzing coverage...
Writing SNPs into /Molly/gurevich/MetaQUAST/res_final/res_metahit_final/runs_per_reference/Clostridium_sp_L2-50/contigs_reports/nucmer_output/SPAdes.used_snps
	Reference Clostridium_sp_L2-50_gi_223667800_ref_NZ_: 72 total alignments. 1 total regions.
		Region: 1 to 2954616 (2954616 bp)
			START in gap: 1 to 103103 (103102 bp)
			Align 1: 103103 103313 NODE_10069_length_1830_cov_1.05972_ID_20137 1 211
				Gap between this and next alignment: 103313 to 104088 (774 bp)
				Next Alignment: 104088 107802 NODE_3359_length_4529_cov_1.63858_ID_6717 815 4529

			Align 2: 104088 107802 NODE_3359_length_4529_cov_1.63858_ID_6717 815 4529
				Gap between this and next alignment: 107802 to 202024 (94221 bp)
				Next Alignment: 202024 206885 NODE_3047_length_4862_cov_2.37903_ID_6093 1 4861

			Align 3: 202024 206885 NODE_3047_length_4862_cov_2.37903_ID_6093 1 4861
				Gap between this and next alignment: 206885 to 213717 (6831 bp)
				Next Alignment: 213717 214605 NODE_21577_length_897_cov_0.864608_ID_43153 1 897

			Align 4: 213717 214605 NODE_21577_length_897_cov_0.864608_ID_43153 1 897
				Gap between this and next alignment: 214605 to 217371 (2765 bp)
				Next Alignment: 217371 217960 NODE_9353_length_1967_cov_0.804393_ID_18705 1 590

			Align 5: 217371 217960 NODE_9353_length_1967_cov_0.804393_ID_18705 1 590
				Gap between this and next alignment: 217960 to 218089 (128 bp)
				Next Alignment: 218089 218389 NODE_9353_length_1967_cov_0.804393_ID_18705 716 1016

			Align 6: 218089 218389 NODE_9353_length_1967_cov_0.804393_ID_18705 716 1016
				Gap between this and next alignment: 218389 to 218577 (187 bp)
				Next Alignment: 218577 219334 NODE_9353_length_1967_cov_0.804393_ID_18705 1210 1967

			Align 7: 218577 219334 NODE_9353_length_1967_cov_0.804393_ID_18705 1210 1967
				Gap between this and next alignment: 219334 to 220199 (864 bp)
				Next Alignment: 220199 220630 NODE_30378_length_641_cov_7.50683_ID_60755 157 588

			Align 8: 220199 220630 NODE_30378_length_641_cov_7.50683_ID_60755 157 588
				Gap between this and next alignment: 220630 to 222031 (1400 bp)
				Next Alignment: 222031 227053 NODE_2071_length_6538_cov_1.43437_ID_4141 6537 1531

			Align 9: 222031 227053 NODE_2071_length_6538_cov_1.43437_ID_4141 6537 1531
				Negative gap (overlap) between this and next alignment: 227053 to 226887 (-166 bp)
				Next Alignment: 226887 234896 NODE_1438_length_8905_cov_1.1826_ID_2875 5 8013

			Previous gap was negative, modifying coordinates to ignore overlap
				Moving contig start from 5 to 172.
			Align 10: 227054 234896 NODE_1438_length_8905_cov_1.1826_ID_2875 172 8013
				Negative gap (overlap) between this and next alignment: 234896 to 234556 (-340 bp)
				Next Alignment: 234556 237977 NODE_3845_length_4076_cov_2.02263_ID_7689 4076 655

			Previous gap was negative, modifying coordinates to ignore overlap
				Moving contig start from 4076 to 3735.
			Align 11: 234897 237977 NODE_3845_length_4076_cov_2.02263_ID_7689 3735 655
				Gap between this and next alignment: 237977 to 238125 (147 bp)
				Next Alignment: 238125 238425 NODE_3845_length_4076_cov_2.02263_ID_7689 301 1

			Align 12: 238125 238425 NODE_3845_length_4076_cov_2.02263_ID_7689 301 1
				Gap between this and next alignment: 238425 to 251724 (13298 bp)
				Next Alignment: 251724 252059 NODE_19443_length_989_cov_0.948608_ID_38885 336 1

			Align 13: 251724 252059 NODE_19443_length_989_cov_0.948608_ID_38885 336 1
				Gap between this and next alignment: 252059 to 291265 (39205 bp)
				Next Alignment: 291265 291768 NODE_396_length_26521_cov_4.60625_ID_791 5903 5400

			Align 14: 291265 291768 NODE_396_length_26521_cov_4.60625_ID_791 5903 5400
				Gap between this and next alignment: 291768 to 293377 (1608 bp)
				Next Alignment: 293377 294756 NODE_1770_length_7383_cov_3.38169_ID_3539 72 1451

			Align 15: 293377 294756 NODE_1770_length_7383_cov_3.38169_ID_3539 72 1451
				Gap between this and next alignment: 294756 to 294961 (204 bp)
				Next Alignment: 294961 298195 NODE_948_length_12801_cov_5.40805_ID_1895 1570 4803

			Align 16: 294961 298195 NODE_948_length_12801_cov_5.40805_ID_1895 1570 4803
				Gap between this and next alignment: 298195 to 301072 (2876 bp)
				Next Alignment: 301072 301632 NODE_35359_length_561_cov_0.964427_ID_70717 1 561

			Align 17: 301072 301632 NODE_35359_length_561_cov_0.964427_ID_70717 1 561
				Gap between this and next alignment: 301632 to 302387 (754 bp)
				Next Alignment: 302387 302763 NODE_12454_length_1504_cov_0.723257_ID_24907 1504 1127

			Align 18: 302387 302763 NODE_12454_length_1504_cov_0.723257_ID_24907 1504 1127
				Gap between this and next alignment: 302763 to 302899 (135 bp)
				Next Alignment: 302899 303119 NODE_12454_length_1504_cov_0.723257_ID_24907 975 755

			Align 19: 302899 303119 NODE_12454_length_1504_cov_0.723257_ID_24907 975 755
				Gap between this and next alignment: 303119 to 303274 (154 bp)
				Next Alignment: 303274 303822 NODE_12454_length_1504_cov_0.723257_ID_24907 599 51

			Align 20: 303274 303822 NODE_12454_length_1504_cov_0.723257_ID_24907 599 51
				Gap between this and next alignment: 303822 to 424847 (121024 bp)
				Next Alignment: 424847 440137 NODE_744_length_15691_cov_1.97595_ID_1487 15569 268

			Align 21: 424847 440137 NODE_744_length_15691_cov_1.97595_ID_1487 15569 268
				Gap between this and next alignment: 440137 to 440257 (119 bp)
				Next Alignment: 440257 440682 NODE_4802_length_3424_cov_1.29207_ID_9603 3424 2999

			Align 22: 440257 440682 NODE_4802_length_3424_cov_1.29207_ID_9603 3424 2999
				Gap between this and next alignment: 440682 to 440819 (136 bp)
				Next Alignment: 440819 443665 NODE_4802_length_3424_cov_1.29207_ID_9603 2860 12

			Align 23: 440819 443665 NODE_4802_length_3424_cov_1.29207_ID_9603 2860 12
				Negative gap (overlap) between this and next alignment: 443665 to 443633 (-32 bp)
				Next Alignment: 443633 446543 NODE_3141_length_4770_cov_1.08568_ID_6281 3 2913

			Previous gap was negative, modifying coordinates to ignore overlap
				Moving contig start from 3 to 36.
			Align 24: 443666 446543 NODE_3141_length_4770_cov_1.08568_ID_6281 36 2913
				Gap between this and next alignment: 446543 to 446818 (274 bp)
				Next Alignment: 446818 447357 NODE_3141_length_4770_cov_1.08568_ID_6281 3188 3727

			Align 25: 446818 447357 NODE_3141_length_4770_cov_1.08568_ID_6281 3188 3727
				Gap between this and next alignment: 447357 to 447535 (177 bp)
				Next Alignment: 447535 448403 NODE_3141_length_4770_cov_1.08568_ID_6281 3902 4770

			Align 26: 447535 448403 NODE_3141_length_4770_cov_1.08568_ID_6281 3902 4770
				Negative gap (overlap) between this and next alignment: 448403 to 448336 (-67 bp)
				Next Alignment: 448336 449006 NODE_18811_length_1021_cov_0.956522_ID_37621 1021 351

			Previous gap was negative, modifying coordinates to ignore overlap
				Moving contig start from 1021 to 953.
			Align 27: 448404 449006 NODE_18811_length_1021_cov_0.956522_ID_37621 953 351
				Negative gap (overlap) between this and next alignment: 449006 to 448911 (-95 bp)
				Next Alignment: 448911 450643 NODE_10715_length_1733_cov_1.23063_ID_21429 1733 1

			Previous gap was negative, modifying coordinates to ignore overlap
				Moving contig start from 1733 to 1637.
			Align 28: 449007 450643 NODE_10715_length_1733_cov_1.23063_ID_21429 1637 1
				Negative gap (overlap) between this and next alignment: 450643 to 450485 (-158 bp)
				Next Alignment: 450485 453231 NODE_951_length_12780_cov_1.99898_ID_1901 9665 12411

			Previous gap was negative, modifying coordinates to ignore overlap
				Moving contig start from 9665 to 9824.
			Align 29: 450644 453231 NODE_951_length_12780_cov_1.99898_ID_1901 9824 12411
				Gap between this and next alignment: 453231 to 453323 (91 bp)
				Next Alignment: 453323 455887 NODE_4895_length_3377_cov_1.82089_ID_9789 813 3377

			Align 30: 453323 455887 NODE_4895_length_3377_cov_1.82089_ID_9789 813 3377
				Gap between this and next alignment: 455887 to 455946 (58 bp)
				Next Alignment: 455946 460551 NODE_3263_length_4629_cov_1.34893_ID_6525 4629 1

			Align 31: 455946 460551 NODE_3263_length_4629_cov_1.34893_ID_6525 4629 1
				Gap between this and next alignment: 460551 to 461155 (603 bp)
				Next Alignment: 461155 462244 NODE_15027_length_1264_cov_1.26551_ID_30053 1090 1

			Align 32: 461155 462244 NODE_15027_length_1264_cov_1.26551_ID_30053 1090 1
				Gap between this and next alignment: 462244 to 462361 (116 bp)
				Next Alignment: 462361 465507 NODE_5335_length_3155_cov_1.20935_ID_10669 3147 1

			Align 33: 462361 465507 NODE_5335_length_3155_cov_1.20935_ID_10669 3147 1
				Negative gap (overlap) between this and next alignment: 465507 to 465418 (-89 bp)
				Next Alignment: 465418 469887 NODE_2060_length_6565_cov_1.5616_ID_4119 6154 1685

			Previous gap was negative, modifying coordinates to ignore overlap
				Moving contig start from 6154 to 6064.
			Align 34: 465508 469887 NODE_2060_length_6565_cov_1.5616_ID_4119 6064 1685
				Negative gap (overlap) between this and next alignment: 469887 to 469843 (-44 bp)
				Next Alignment: 469843 477707 NODE_1660_length_7866_cov_2.21073_ID_3319 7866 1

			Previous gap was negative, modifying coordinates to ignore overlap
				Moving contig start from 7866 to 7821.
			Align 35: 469888 477707 NODE_1660_length_7866_cov_2.21073_ID_3319 7821 1
				Negative gap (overlap) between this and next alignment: 477707 to 477547 (-160 bp)
				Next Alignment: 477547 480959 NODE_3367_length_4517_cov_2.02264_ID_6733 3411 1

			Previous gap was negative, modifying coordinates to ignore overlap
				Moving contig start from 3411 to 3252.
			Align 36: 477708 480959 NODE_3367_length_4517_cov_2.02264_ID_6733 3252 1
				Negative gap (overlap) between this and next alignment: 480959 to 480896 (-63 bp)
				Next Alignment: 480896 484667 NODE_3765_length_4151_cov_1.91748_ID_7529 1 3772

			Previous gap was negative, modifying coordinates to ignore overlap
				Moving contig start from 1 to 65.
			Align 37: 480960 484667 NODE_3765_length_4151_cov_1.91748_ID_7529 65 3772
				Gap between this and next alignment: 484667 to 484688 (20 bp)
				Next Alignment: 484688 498326 NODE_862_length_13667_cov_1.70276_ID_1723 1 13667

			Align 38: 484688 498326 NODE_862_length_13667_cov_1.70276_ID_1723 1 13667
				Negative gap (overlap) between this and next alignment: 498326 to 498274 (-52 bp)
				Next Alignment: 498274 507629 NODE_1345_length_9359_cov_1.88639_ID_2689 9353 1

			Previous gap was negative, modifying coordinates to ignore overlap
				Moving contig start from 9353 to 9300.
			Align 39: 498327 507629 NODE_1345_length_9359_cov_1.88639_ID_2689 9300 1
				Gap between this and next alignment: 507629 to 618100 (110470 bp)
				Next Alignment: 618100 618289 NODE_1830_length_7228_cov_7.54022_ID_3659 7039 7228

			Align 40: 618100 618289 NODE_1830_length_7228_cov_7.54022_ID_3659 7039 7228
				The next alignment (618100 618289 NODE_5112_length_3261_cov_9.24298_ID_10223 3072 3261) is redundant. Skipping.
				Gap between this and next alignment: 618289 to 623846 (5556 bp)
				Next Alignment: 623846 623921 NODE_7352_length_2416_cov_2.80136_ID_14703 92 167

			Align 42: 623846 623921 NODE_7352_length_2416_cov_2.80136_ID_14703 92 167
				Gap between this and next alignment: 623921 to 711367 (87445 bp)
				Next Alignment: 711367 711454 NODE_266_length_34085_cov_6.75959_ID_531 20453 20540

			Align 43: 711367 711454 NODE_266_length_34085_cov_6.75959_ID_531 20453 20540
				Gap between this and next alignment: 711454 to 1260547 (549092 bp)
				Next Alignment: 1260547 1260630 NODE_634_length_18081_cov_3.36214_ID_1267 1038 955

			Align 44: 1260547 1260630 NODE_634_length_18081_cov_3.36214_ID_1267 1038 955
				Gap between this and next alignment: 1260630 to 1375619 (114988 bp)
				Next Alignment: 1375619 1379056 NODE_1491_length_8583_cov_1.84662_ID_2981 6217 2779

			Align 45: 1375619 1379056 NODE_1491_length_8583_cov_1.84662_ID_2981 6217 2779
				Gap between this and next alignment: 1379056 to 1384802 (5745 bp)
				Next Alignment: 1384802 1395899 NODE_566_length_19964_cov_1.74198_ID_1131 5508 16605

			Align 46: 1384802 1395899 NODE_566_length_19964_cov_1.74198_ID_1131 5508 16605
				Gap between this and next alignment: 1395899 to 1395948 (48 bp)
				Next Alignment: 1395948 1396986 NODE_566_length_19964_cov_1.74198_ID_1131 16872 17910

			Align 47: 1395948 1396986 NODE_566_length_19964_cov_1.74198_ID_1131 16872 17910
				Negative gap (overlap) between this and next alignment: 1396986 to 1396984 (-2 bp)
				Next Alignment: 1396984 1399675 NODE_6308_length_2745_cov_2.31041_ID_12615 2696 1

			Previous gap was negative, modifying coordinates to ignore overlap
				Moving contig start from 2696 to 2693.
			Align 48: 1396987 1399675 NODE_6308_length_2745_cov_2.31041_ID_12615 2693 1
				Negative gap (overlap) between this and next alignment: 1399675 to 1399559 (-116 bp)
				Next Alignment: 1399559 1404661 NODE_1851_length_7148_cov_1.95531_ID_3701 3 5105

			Previous gap was negative, modifying coordinates to ignore overlap
				Moving contig start from 3 to 120.
			Align 49: 1399676 1404661 NODE_1851_length_7148_cov_1.95531_ID_3701 120 5105
				Gap between this and next alignment: 1404661 to 1486901 (82239 bp)
				Next Alignment: 1486901 1486980 NODE_14838_length_1279_cov_28.1961_ID_29675 334 413

			Align 50: 1486901 1486980 NODE_14838_length_1279_cov_28.1961_ID_29675 334 413
				Gap between this and next alignment: 1486980 to 1801546 (314565 bp)
				Next Alignment: 1801546 1801623 NODE_401_length_26166_cov_5.78086_ID_801 12525 12603

			Align 51: 1801546 1801623 NODE_401_length_26166_cov_5.78086_ID_801 12525 12603
				The next alignment (1801548 1801623 NODE_695_length_16660_cov_6.54767_ID_1389 4977 5052) is redundant. Skipping.
				Gap between this and next alignment: 1801623 to 1939218 (137594 bp)
				Next Alignment: 1939218 1943018 NODE_1981_length_6753_cov_4.25157_ID_3961 4260 460

			Align 53: 1939218 1943018 NODE_1981_length_6753_cov_4.25157_ID_3961 4260 460
				Gap between this and next alignment: 1943018 to 1944871 (1852 bp)
				Next Alignment: 1944871 1945193 NODE_15_length_120419_cov_4.31413_ID_29 54463 54141

			Align 54: 1944871 1945193 NODE_15_length_120419_cov_4.31413_ID_29 54463 54141
				Gap between this and next alignment: 1945193 to 2013209 (68015 bp)
				Next Alignment: 2013209 2013391 NODE_9489_length_1937_cov_1.13921_ID_18977 1757 1937

			Align 55: 2013209 2013391 NODE_9489_length_1937_cov_1.13921_ID_18977 1757 1937
				Negative gap (overlap) between this and next alignment: 2013391 to 2013359 (-32 bp)
				Next Alignment: 2013359 2013520 NODE_8284_length_2174_cov_2.31619_ID_16567 2013 2174

			Previous gap was negative, modifying coordinates to ignore overlap
				Moving contig start from 2013 to 2046.
			Align 56: 2013392 2013520 NODE_8284_length_2174_cov_2.31619_ID_16567 2046 2174
				Gap between this and next alignment: 2013520 to 2063907 (50386 bp)
				Next Alignment: 2063907 2064882 NODE_19726_length_976_cov_25.0575_ID_39451 976 1

			Align 57: 2063907 2064882 NODE_19726_length_976_cov_25.0575_ID_39451 976 1
				Gap between this and next alignment: 2064882 to 2113304 (48421 bp)
				Next Alignment: 2113304 2113481 NODE_24146_length_802_cov_1.23025_ID_48291 191 14

			Align 58: 2113304 2113481 NODE_24146_length_802_cov_1.23025_ID_48291 191 14
				Gap between this and next alignment: 2113481 to 2130634 (17152 bp)
				Next Alignment: 2130634 2131034 NODE_1876_length_7085_cov_1.46117_ID_3751 3855 4255

			Align 59: 2130634 2131034 NODE_1876_length_7085_cov_1.46117_ID_3751 3855 4255
				Gap between this and next alignment: 2131034 to 2140621 (9586 bp)
				Next Alignment: 2140621 2141130 NODE_30726_length_634_cov_0.74266_ID_61451 634 125

			Align 60: 2140621 2141130 NODE_30726_length_634_cov_0.74266_ID_61451 634 125
				Gap between this and next alignment: 2141130 to 2145231 (4100 bp)
				Next Alignment: 2145231 2150015 NODE_3127_length_4786_cov_6.06996_ID_6253 1 4786

			Align 61: 2145231 2150015 NODE_3127_length_4786_cov_6.06996_ID_6253 1 4786
				Gap between this and next alignment: 2150015 to 2150256 (240 bp)
				Next Alignment: 2150256 2151436 NODE_8227_length_2186_cov_1.42421_ID_16453 2186 1006

			Align 62: 2150256 2151436 NODE_8227_length_2186_cov_1.42421_ID_16453 2186 1006
				Gap between this and next alignment: 2151436 to 2163548 (12111 bp)
				Next Alignment: 2163548 2167911 NODE_3523_length_4365_cov_5.75406_ID_7045 4365 1

			Align 63: 2163548 2167911 NODE_3523_length_4365_cov_5.75406_ID_7045 4365 1
				Negative gap (overlap) between this and next alignment: 2167911 to 2167861 (-50 bp)
				Next Alignment: 2167861 2169607 NODE_842_length_13996_cov_6.26705_ID_1683 13996 12248

			Previous gap was negative, modifying coordinates to ignore overlap
				Moving contig start from 13996 to 13945.
			Align 64: 2167912 2169607 NODE_842_length_13996_cov_6.26705_ID_1683 13945 12248
				Negative gap (overlap) between this and next alignment: 2169607 to 2169542 (-65 bp)
				Next Alignment: 2169542 2173628 NODE_3297_length_4590_cov_4.36318_ID_6593 1 4088

			Previous gap was negative, modifying coordinates to ignore overlap
				Moving contig start from 1 to 67.
			Align 65: 2169608 2173628 NODE_3297_length_4590_cov_4.36318_ID_6593 67 4088
				Negative gap (overlap) between this and next alignment: 2173628 to 2173574 (-54 bp)
				Next Alignment: 2173574 2174283 NODE_27324_length_710_cov_2.1374_ID_54647 1 710

			Previous gap was negative, modifying coordinates to ignore overlap
				Moving contig start from 1 to 56.
			Align 66: 2173629 2174283 NODE_27324_length_710_cov_2.1374_ID_54647 56 710
				Gap between this and next alignment: 2174283 to 2179499 (5215 bp)
				Next Alignment: 2179499 2179982 NODE_23916_length_811_cov_1.22354_ID_47831 1 483

			Align 67: 2179499 2179982 NODE_23916_length_811_cov_1.22354_ID_47831 1 483
				Gap between this and next alignment: 2179982 to 2180155 (172 bp)
				Next Alignment: 2180155 2184482 NODE_1346_length_9349_cov_8.83107_ID_2691 4988 9320

			Align 68: 2180155 2184482 NODE_1346_length_9349_cov_8.83107_ID_2691 4988 9320
				Negative gap (overlap) between this and next alignment: 2184482 to 2184017 (-465 bp)
				Next Alignment: 2184017 2184685 NODE_17570_length_1091_cov_3.61004_ID_35139 671 1

			Previous gap was negative, modifying coordinates to ignore overlap
				Moving contig start from 671 to 202.
			Align 69: 2184483 2184685 NODE_17570_length_1091_cov_3.61004_ID_35139 202 1
				Negative gap (overlap) between this and next alignment: 2184685 to 2184588 (-97 bp)
				Next Alignment: 2184588 2186301 NODE_61_length_73276_cov_5.18476_ID_121 71564 73276

			Previous gap was negative, modifying coordinates to ignore overlap
				Moving contig start from 71564 to 71662.
			Align 70: 2184686 2186301 NODE_61_length_73276_cov_5.18476_ID_121 71662 73276
				Negative gap (overlap) between this and next alignment: 2186301 to 2186236 (-65 bp)
				Next Alignment: 2186236 2188516 NODE_6576_length_2653_cov_5.25943_ID_13151 1 2281

			Previous gap was negative, modifying coordinates to ignore overlap
				Moving contig start from 1 to 67.
			Align 71: 2186302 2188516 NODE_6576_length_2653_cov_5.25943_ID_13151 67 2281
				Gap between this and next alignment: 2188516 to 2658988 (470471 bp)
				Next Alignment: 2658988 2659505 NODE_210_length_38995_cov_6.24291_ID_419 38259 38777

			Align 72: 2658988 2659505 NODE_210_length_38995_cov_6.24291_ID_419 38259 38777
			END in gap: 2659505 to 2954616 (295111 bp)

Analysis is finished!
Founded SNPs were written into /Molly/gurevich/MetaQUAST/res_final/res_metahit_final/runs_per_reference/Clostridium_sp_L2-50/contigs_reports/nucmer_output/SPAdes.used_snps

Results:
	Local Misassemblies: 3
	Misassemblies: 0
		Relocations: 0
		Translocations: 0
		Inversions: 0
	Fake misassemblies matched with structural variations: 0
	Misassembled Contigs: 0
	Misassembled Contig Bases: 0
	Misassemblies Inter-Contig Overlap: 0
Uncovered Regions: 0 (0)
Unaligned Contigs: 0 + 44 part
Partially Unaligned Contigs with Misassemblies: 0
Unaligned Contig Bases: 442375

Ambiguously Mapped Contigs: 0
Total Bases in Ambiguously Mapped Contigs: 0
Note that --allow-ambiguity option was set to "one" and only first alignment per each contig was used.

	Covered Bases: 172771

	SNPs: 2108
	Insertions: 150
	Deletions: 67

	Positive Gaps: 51
		Internal Gaps:  9
		External Gaps:  42
		External Gap Total:  2780459
		External Gap Average: 66201
	Negative Gaps: 20
		Internal Overlaps:  0
		External Overlaps:  20
		External Overlaps Total: -2212
		External Overlaps Average: -111
	Contigs with Redundant Alignments: 2 (266)
