Aligning contigs to reference...
	Running Nucmer
Parsing coords...
Loading reference...
	Loaded [Ruminococcus_sp_SR1_5_gi_479152295_ref_NC_]
Loading SNPs...
Loading regions...
	No regions given, using whole reference.
	Total Regions: 1
	Total Region Length: 3545606
Analyzing contigs...
CONTIG: scaffold_28 (182993bp)
Top Length: 170  Top ID: 95.88
		This contig is partially unaligned. (Aligned 170 out of 182993 bases)
		Alignment: 1965402 1965571 | 118946 119115 | 170 170 | 95.88 | Ruminococcus_sp_SR1_5_gi_479152295_ref_NC_ scaffold_28
		Unaligned bases: 1 to 118945 (118945)
		Unaligned bases: 119116 to 182993 (63878)

CONTIG: scaffold_250 (27793bp)
Top Length: 1060  Top ID: 95.87
		This contig is partially unaligned. (Aligned 1060 out of 27793 bases)
		Alignment: 3129036 3130100 | 32 1091 | 1065 1060 | 95.87 | Ruminococcus_sp_SR1_5_gi_479152295_ref_NC_ scaffold_250
		Unaligned bases: 1 to 31 (31)
		Unaligned bases: 1092 to 27793 (26702)
		This contig has both significant aligned and unaligned parts (of length >= min-contig)! It can contain interspecies translocations

CONTIG: scaffold_364 (28733bp)
Top Length: 252  Top ID: 96.83
		This contig is partially unaligned. (Aligned 252 out of 28733 bases)
		Alignment: 3026614 3026865 | 5514 5263 | 252 252 | 96.83 | Ruminococcus_sp_SR1_5_gi_479152295_ref_NC_ scaffold_364
		Unaligned bases: 1 to 5262 (5262)
		Unaligned bases: 5515 to 28733 (23219)

CONTIG: scaffold_517 (18647bp)
Top Length: 86  Top ID: 100.0
		This contig is partially unaligned. (Aligned 86 out of 18647 bases)
		Alignment: 187827 187912 | 18562 18647 | 86 86 | 100.0 | Ruminococcus_sp_SR1_5_gi_479152295_ref_NC_ scaffold_517
		Unaligned bases: 1 to 18561 (18561)

CONTIG: scaffold_950 (12565bp)
Top Length: 510  Top ID: 97.45
		This contig is partially unaligned. (Aligned 510 out of 12565 bases)
		Alignment: 3382146 3382655 | 8530 8021 | 510 510 | 97.45 | Ruminococcus_sp_SR1_5_gi_479152295_ref_NC_ scaffold_950
		Unaligned bases: 1 to 8020 (8020)
		Unaligned bases: 8531 to 12565 (4035)
		This contig has both significant aligned and unaligned parts (of length >= min-contig)! It can contain interspecies translocations

CONTIG: scaffold_1004 (11345bp)
Top Length: 152  Top ID: 96.05
		This contig is partially unaligned. (Aligned 152 out of 11345 bases)
		Alignment: 2642210 2642361 | 11344 11193 | 152 152 | 96.05 | Ruminococcus_sp_SR1_5_gi_479152295_ref_NC_ scaffold_1004
		Unaligned bases: 1 to 11192 (11192)
		Unaligned bases: 11345 to 11345 (1)

CONTIG: scaffold_1213 (12243bp)
Top Length: 8467  Top ID: 95.01
		This contig is misassembled. 2 total aligns.
			Real Alignment 1: 269675 278140 | 881 9347 | 8466 8467 | 95.01 | Ruminococcus_sp_SR1_5_gi_479152295_ref_NC_ scaffold_1213
			  Gap between these two alignments (local misassembly). Inconsistency = 567 
			Real Alignment 2: 278722 279283 | 9362 9923 | 562 562 | 96.62 | Ruminococcus_sp_SR1_5_gi_479152295_ref_NC_ scaffold_1213
		This contig has significant unaligned parts (of length >= min-contig)! It can contain interspecies translocations

CONTIG: scaffold_1790 (11986bp)
Top Length: 4909  Top ID: 99.45
		This contig is misassembled. 2 total aligns.
			Warning! This contig is more unaligned than misassembled. Contig length is 11986 and total length of all aligns is 5049
		Alignment: 3263212 3263351 | 6755 6616 | 140 140 | 99.29 | Ruminococcus_sp_SR1_5_gi_479152295_ref_NC_ scaffold_1790
		Alignment: 3258323 3263227 | 11986 7078 | 4905 4909 | 99.45 | Ruminococcus_sp_SR1_5_gi_479152295_ref_NC_ scaffold_1790
		Unaligned bases: 6937
		This contig has both significant aligned and unaligned parts (of length >= min-contig)! It can contain interspecies translocations
CONTIG: scaffold_1870 (6728bp)
Top Length: 91  Top ID: 97.8
		This contig is partially unaligned. (Aligned 91 out of 6728 bases)
		Alignment: 262303 262393 | 957 867 | 91 91 | 97.8 | Ruminococcus_sp_SR1_5_gi_479152295_ref_NC_ scaffold_1870
		Unaligned bases: 1 to 866 (866)
		Unaligned bases: 958 to 6728 (5771)

CONTIG: scaffold_2259 (3822bp)
Top Length: 98  Top ID: 100.0
		This contig is partially unaligned. (Aligned 98 out of 3822 bases)
		Alignment: 632481 632578 | 98 1 | 98 98 | 100.0 | Ruminococcus_sp_SR1_5_gi_479152295_ref_NC_ scaffold_2259
		Unaligned bases: 99 to 3822 (3724)

CONTIG: scaffold_2422 (4166bp)
Top Length: 4166  Top ID: 99.76
		One align captures most of this contig: 1376750 1380910 | 4166 1 | 4161 4166 | 99.76 | Ruminococcus_sp_SR1_5_gi_479152295_ref_NC_ scaffold_2422

CONTIG: scaffold_2527 (3505bp)
Top Length: 3505  Top ID: 99.43
		One align captures most of this contig: 1389999 1393500 | 1 3505 | 3502 3505 | 99.43 | Ruminococcus_sp_SR1_5_gi_479152295_ref_NC_ scaffold_2527

CONTIG: scaffold_2668 (3355bp)
Top Length: 82  Top ID: 98.78
		Skipping redundant alignment 14225 14300 | 3130 3205 | 76 76 | 100.0 | Ruminococcus_sp_SR1_5_gi_479152295_ref_NC_ scaffold_2668
		This contig is partially unaligned. (Aligned 82 out of 3355 bases)
		Alignment: 1093714 1093795 | 3205 3124 | 82 82 | 98.78 | Ruminococcus_sp_SR1_5_gi_479152295_ref_NC_ scaffold_2668
		Unaligned bases: 1 to 3123 (3123)
		Unaligned bases: 3206 to 3355 (150)

CONTIG: scaffold_4117 (3252bp)
Top Length: 3252  Top ID: 99.69
		One align captures most of this contig: 300696 303946 | 1 3252 | 3251 3252 | 99.69 | Ruminococcus_sp_SR1_5_gi_479152295_ref_NC_ scaffold_4117

CONTIG: scaffold_4314 (2374bp)
Top Length: 2374  Top ID: 99.71
		One align captures most of this contig: 1381168 1383539 | 2374 1 | 2372 2374 | 99.71 | Ruminococcus_sp_SR1_5_gi_479152295_ref_NC_ scaffold_4314

CONTIG: scaffold_4531 (2295bp)
Top Length: 2012  Top ID: 98.76
		This contig is misassembled. 2 total aligns.
			Real Alignment 1: 3133792 3134003 | 276 65 | 212 212 | 100.0 | Ruminococcus_sp_SR1_5_gi_479152295_ref_NC_ scaffold_4531
			  Extensive misassembly ( relocation, inconsistency = 1041 ) between these two alignments
			Real Alignment 2: 3130734 3132743 | 2295 284 | 2010 2012 | 98.76 | Ruminococcus_sp_SR1_5_gi_479152295_ref_NC_ scaffold_4531

CONTIG: scaffold_4696 (3007bp)
Top Length: 1013  Top ID: 95.16
		This contig is misassembled. 3 total aligns.
			Real Alignment 1: 2426400 2427412 | 41 1053 | 1013 1013 | 95.16 | Ruminococcus_sp_SR1_5_gi_479152295_ref_NC_ scaffold_4696
			  Gap between these two alignments (local misassembly). Inconsistency = 223 
			Excluding internal overlap of size 1 between Alignment 2 and 3:  2428371 2428826 | 1669 2124 | 456 456 --> 2428372 2428826 | 1670 2124 | 455 455
			Real Alignment 2: 2427636 2428251 | 1054 1669 | 616 616 | 99.03 | Ruminococcus_sp_SR1_5_gi_479152295_ref_NC_ scaffold_4696
			  Gap between these two alignments (local misassembly). Inconsistency = 120 
			Real Alignment 3: 2428372 2428826 | 1670 2124 | 455 455 | 98.9 | Ruminococcus_sp_SR1_5_gi_479152295_ref_NC_ scaffold_4696
		This contig has significant unaligned parts (of length >= min-contig)! It can contain interspecies translocations

CONTIG: scaffold_5222 (2070bp)
Top Length: 2037  Top ID: 99.71
		This contig is partially unaligned. (Aligned 2037 out of 2070 bases)
		Alignment: 1374701 1376735 | 2037 1 | 2035 2037 | 99.71 | Ruminococcus_sp_SR1_5_gi_479152295_ref_NC_ scaffold_5222
		Unaligned bases: 2038 to 2070 (33)

CONTIG: scaffold_6400 (1800bp)
Top Length: 668  Top ID: 100.0
		This contig is partially unaligned. (Aligned 668 out of 1800 bases)
		Alignment: 2055699 2056366 | 1800 1133 | 668 668 | 100.0 | Ruminococcus_sp_SR1_5_gi_479152295_ref_NC_ scaffold_6400
		Unaligned bases: 1 to 1132 (1132)
		This contig has both significant aligned and unaligned parts (of length >= min-contig)! It can contain interspecies translocations

CONTIG: scaffold_6807 (2581bp)
Top Length: 100  Top ID: 100.0
		This contig is partially unaligned. (Aligned 100 out of 2581 bases)
		Alignment: 2515672 2515771 | 2581 2482 | 100 100 | 100.0 | Ruminococcus_sp_SR1_5_gi_479152295_ref_NC_ scaffold_6807
		Unaligned bases: 1 to 2481 (2481)

CONTIG: scaffold_6891 (1714bp)
Top Length: 1714  Top ID: 98.89
		One align captures most of this contig: 3020734 3022447 | 1 1714 | 1714 1714 | 98.89 | Ruminococcus_sp_SR1_5_gi_479152295_ref_NC_ scaffold_6891

CONTIG: scaffold_7532 (1608bp)
Top Length: 227  Top ID: 95.18
		This contig is partially unaligned. (Aligned 227 out of 1608 bases)
		Alignment: 2375643 2375870 | 1562 1336 | 228 227 | 95.18 | Ruminococcus_sp_SR1_5_gi_479152295_ref_NC_ scaffold_7532
		Unaligned bases: 1 to 1335 (1335)
		Unaligned bases: 1563 to 1608 (46)

CONTIG: scaffold_7538 (1607bp)
Top Length: 1604  Top ID: 98.32
		One align captures most of this contig: 79792 81395 | 1604 1 | 1604 1604 | 98.32 | Ruminococcus_sp_SR1_5_gi_479152295_ref_NC_ scaffold_7538

CONTIG: scaffold_7588 (1599bp)
Top Length: 1483  Top ID: 97.91
		This contig is partially unaligned. (Aligned 1483 out of 1599 bases)
		Alignment: 740926 742406 | 117 1599 | 1481 1483 | 97.91 | Ruminococcus_sp_SR1_5_gi_479152295_ref_NC_ scaffold_7588
		Unaligned bases: 1 to 116 (116)

CONTIG: scaffold_7703 (1962bp)
Top Length: 145  Top ID: 97.93
		This contig is partially unaligned. (Aligned 145 out of 1962 bases)
		Alignment: 1410195 1410339 | 145 1 | 145 145 | 97.93 | Ruminococcus_sp_SR1_5_gi_479152295_ref_NC_ scaffold_7703
		Unaligned bases: 146 to 1962 (1817)

CONTIG: scaffold_7746 (1832bp)
Top Length: 209  Top ID: 98.09
		This contig is partially unaligned. (Aligned 209 out of 1832 bases)
		Alignment: 2383492 2383699 | 787 995 | 208 209 | 98.09 | Ruminococcus_sp_SR1_5_gi_479152295_ref_NC_ scaffold_7746
		Unaligned bases: 1 to 786 (786)
		Unaligned bases: 996 to 1832 (837)

CONTIG: scaffold_7977 (1545bp)
Top Length: 1545  Top ID: 97.73
		One align captures most of this contig: 2393622 2395166 | 1 1545 | 1545 1545 | 97.73 | Ruminococcus_sp_SR1_5_gi_479152295_ref_NC_ scaffold_7977

CONTIG: scaffold_8711 (1444bp)
Top Length: 1444  Top ID: 98.75
		One align captures most of this contig: 2390182 2391625 | 1444 1 | 1444 1444 | 98.75 | Ruminococcus_sp_SR1_5_gi_479152295_ref_NC_ scaffold_8711

CONTIG: scaffold_8970 (1415bp)
Top Length: 202  Top ID: 98.02
		This contig is partially unaligned. (Aligned 202 out of 1415 bases)
		Alignment: 214908 215108 | 1214 1415 | 201 202 | 98.02 | Ruminococcus_sp_SR1_5_gi_479152295_ref_NC_ scaffold_8970
		Unaligned bases: 1 to 1213 (1213)

CONTIG: scaffold_9012 (1410bp)
Top Length: 1410  Top ID: 96.67
		One align captures most of this contig: 306787 308196 | 1 1410 | 1410 1410 | 96.67 | Ruminococcus_sp_SR1_5_gi_479152295_ref_NC_ scaffold_9012

CONTIG: scaffold_9249 (1382bp)
Top Length: 1382  Top ID: 99.64
		One align captures most of this contig: 2417700 2419081 | 1382 1 | 1382 1382 | 99.64 | Ruminococcus_sp_SR1_5_gi_479152295_ref_NC_ scaffold_9249

CONTIG: scaffold_9588 (1345bp)
Top Length: 571  Top ID: 99.3
		This contig is partially unaligned. (Aligned 571 out of 1345 bases)
		Alignment: 2380740 2381310 | 1345 775 | 571 571 | 99.3 | Ruminococcus_sp_SR1_5_gi_479152295_ref_NC_ scaffold_9588
		Unaligned bases: 1 to 774 (774)
		This contig has both significant aligned and unaligned parts (of length >= min-contig)! It can contain interspecies translocations

CONTIG: scaffold_9752 (2568bp)
Top Length: 1146  Top ID: 99.48
		This contig is partially unaligned. (Aligned 1146 out of 2568 bases)
		Alignment: 2058312 2059455 | 2568 1423 | 1144 1146 | 99.48 | Ruminococcus_sp_SR1_5_gi_479152295_ref_NC_ scaffold_9752
		Unaligned bases: 1 to 1422 (1422)
		This contig has both significant aligned and unaligned parts (of length >= min-contig)! It can contain interspecies translocations

CONTIG: scaffold_10577 (2363bp)
Top Length: 1032  Top ID: 97.58
		This contig is partially unaligned. (Aligned 1032 out of 2363 bases)
		Alignment: 753751 754780 | 1 1032 | 1030 1032 | 97.58 | Ruminococcus_sp_SR1_5_gi_479152295_ref_NC_ scaffold_10577
		Unaligned bases: 1033 to 2363 (1331)
		This contig has both significant aligned and unaligned parts (of length >= min-contig)! It can contain interspecies translocations

CONTIG: scaffold_10737 (1231bp)
Top Length: 1231  Top ID: 98.05
		One align captures most of this contig: 211202 212432 | 1231 1 | 1231 1231 | 98.05 | Ruminococcus_sp_SR1_5_gi_479152295_ref_NC_ scaffold_10737

CONTIG: scaffold_10830 (1223bp)
Top Length: 68  Top ID: 100.0
		This contig is partially unaligned. (Aligned 68 out of 1223 bases)
		Alignment: 641488 641555 | 38 105 | 68 68 | 100.0 | Ruminococcus_sp_SR1_5_gi_479152295_ref_NC_ scaffold_10830
		Unaligned bases: 1 to 37 (37)
		Unaligned bases: 106 to 1223 (1118)

CONTIG: scaffold_11083 (1204bp)
Top Length: 491  Top ID: 99.19
		This contig is partially unaligned. (Aligned 491 out of 1204 bases)
		Alignment: 2588750 2589240 | 1 491 | 491 491 | 99.19 | Ruminococcus_sp_SR1_5_gi_479152295_ref_NC_ scaffold_11083
		Unaligned bases: 492 to 1204 (713)

CONTIG: scaffold_11231 (1190bp)
Top Length: 1184  Top ID: 96.2
		One align captures most of this contig: 2377266 2378447 | 1190 7 | 1182 1184 | 96.2 | Ruminococcus_sp_SR1_5_gi_479152295_ref_NC_ scaffold_11231

CONTIG: scaffold_11233 (1190bp)
Top Length: 105  Top ID: 99.05
		This contig is partially unaligned. (Aligned 105 out of 1190 bases)
		Alignment: 1559714 1559818 | 1190 1086 | 105 105 | 99.05 | Ruminococcus_sp_SR1_5_gi_479152295_ref_NC_ scaffold_11233
		Unaligned bases: 1 to 1085 (1085)

CONTIG: scaffold_11358 (1181bp)
Top Length: 1181  Top ID: 99.58
		One align captures most of this contig: 2412469 2413647 | 1 1181 | 1179 1181 | 99.58 | Ruminococcus_sp_SR1_5_gi_479152295_ref_NC_ scaffold_11358

CONTIG: scaffold_11363 (1180bp)
Top Length: 1180  Top ID: 99.83
		One align captures most of this contig: 358222 359401 | 1 1180 | 1180 1180 | 99.83 | Ruminococcus_sp_SR1_5_gi_479152295_ref_NC_ scaffold_11363

CONTIG: scaffold_12011 (1289bp)
Top Length: 408  Top ID: 97.8
		This contig is partially unaligned. (Aligned 408 out of 1289 bases)
		Alignment: 214720 215127 | 408 1 | 408 408 | 97.8 | Ruminococcus_sp_SR1_5_gi_479152295_ref_NC_ scaffold_12011
		Unaligned bases: 409 to 1289 (881)

CONTIG: scaffold_12826 (1073bp)
Top Length: 174  Top ID: 100.0
		This contig is partially unaligned. (Aligned 174 out of 1073 bases)
		Alignment: 3514709 3514882 | 1073 900 | 174 174 | 100.0 | Ruminococcus_sp_SR1_5_gi_479152295_ref_NC_ scaffold_12826
		Unaligned bases: 1 to 899 (899)

CONTIG: scaffold_12879 (1068bp)
Top Length: 141  Top ID: 99.29
		This contig is partially unaligned. (Aligned 141 out of 1068 bases)
		Alignment: 36167 36306 | 141 1 | 140 141 | 99.29 | Ruminococcus_sp_SR1_5_gi_479152295_ref_NC_ scaffold_12879
		Unaligned bases: 142 to 1068 (927)

CONTIG: scaffold_13544 (1027bp)
Top Length: 1025  Top ID: 98.93
		One align captures most of this contig: 826804 827828 | 1027 3 | 1025 1025 | 98.93 | Ruminococcus_sp_SR1_5_gi_479152295_ref_NC_ scaffold_13544

CONTIG: scaffold_13582 (1025bp)
Top Length: 1023  Top ID: 98.73
		One align captures most of this contig: 2389227 2390247 | 1023 1 | 1021 1023 | 98.73 | Ruminococcus_sp_SR1_5_gi_479152295_ref_NC_ scaffold_13582

CONTIG: scaffold_13819 (1010bp)
Top Length: 1010  Top ID: 98.51
		One align captures most of this contig: 2291736 2292744 | 1 1010 | 1009 1010 | 98.51 | Ruminococcus_sp_SR1_5_gi_479152295_ref_NC_ scaffold_13819

CONTIG: scaffold_13843 (1008bp)
Top Length: 1008  Top ID: 96.34
		One align captures most of this contig: 733259 734261 | 1 1008 | 1003 1008 | 96.34 | Ruminococcus_sp_SR1_5_gi_479152295_ref_NC_ scaffold_13843

CONTIG: scaffold_13857 (1008bp)
Top Length: 1008  Top ID: 99.31
		One align captures most of this contig: 215029 216036 | 1 1008 | 1008 1008 | 99.31 | Ruminococcus_sp_SR1_5_gi_479152295_ref_NC_ scaffold_13857

CONTIG: scaffold_14046 (997bp)
Top Length: 997  Top ID: 98.5
		One align captures most of this contig: 717543 718537 | 997 1 | 995 997 | 98.5 | Ruminococcus_sp_SR1_5_gi_479152295_ref_NC_ scaffold_14046

CONTIG: scaffold_14088 (995bp)
Top Length: 303  Top ID: 95.05
		This contig is partially unaligned. (Aligned 303 out of 995 bases)
		Alignment: 2374782 2375084 | 995 693 | 303 303 | 95.05 | Ruminococcus_sp_SR1_5_gi_479152295_ref_NC_ scaffold_14088
		Unaligned bases: 1 to 692 (692)

CONTIG: scaffold_14105 (994bp)
Top Length: 994  Top ID: 98.79
		One align captures most of this contig: 2236738 2237731 | 1 994 | 994 994 | 98.79 | Ruminococcus_sp_SR1_5_gi_479152295_ref_NC_ scaffold_14105

CONTIG: scaffold_14169 (990bp)
Top Length: 987  Top ID: 99.29
		One align captures most of this contig: 365560 366544 | 4 990 | 985 987 | 99.29 | Ruminococcus_sp_SR1_5_gi_479152295_ref_NC_ scaffold_14169

CONTIG: scaffold_14805 (954bp)
Top Length: 317  Top ID: 95.9
		This contig is partially unaligned. (Aligned 317 out of 954 bases)
		Alignment: 2376914 2377229 | 638 954 | 316 317 | 95.9 | Ruminococcus_sp_SR1_5_gi_479152295_ref_NC_ scaffold_14805
		Unaligned bases: 1 to 637 (637)

CONTIG: scaffold_15227 (932bp)
Top Length: 777  Top ID: 98.58
		This contig is partially unaligned. (Aligned 777 out of 932 bases)
		Alignment: 2238314 2239089 | 932 156 | 776 777 | 98.58 | Ruminococcus_sp_SR1_5_gi_479152295_ref_NC_ scaffold_15227
		Unaligned bases: 1 to 155 (155)

CONTIG: scaffold_15238 (931bp)
Top Length: 931  Top ID: 99.14
		One align captures most of this contig: 363038 363964 | 1 931 | 927 931 | 99.14 | Ruminococcus_sp_SR1_5_gi_479152295_ref_NC_ scaffold_15238

CONTIG: scaffold_15287 (929bp)
Top Length: 648  Top ID: 98.3
		This contig is partially unaligned. (Aligned 648 out of 929 bases)
		Alignment: 2234991 2235638 | 648 1 | 648 648 | 98.3 | Ruminococcus_sp_SR1_5_gi_479152295_ref_NC_ scaffold_15287
		Unaligned bases: 649 to 929 (281)

CONTIG: scaffold_15334 (927bp)
Top Length: 564  Top ID: 98.05
		This contig is partially unaligned. (Aligned 564 out of 927 bases)
		Alignment: 3203854 3204416 | 148 711 | 563 564 | 98.05 | Ruminococcus_sp_SR1_5_gi_479152295_ref_NC_ scaffold_15334
		Unaligned bases: 1 to 147 (147)
		Unaligned bases: 712 to 927 (216)

CONTIG: scaffold_15683 (908bp)
Top Length: 908  Top ID: 96.59
		One align captures most of this contig: 346475 347382 | 908 1 | 908 908 | 96.59 | Ruminococcus_sp_SR1_5_gi_479152295_ref_NC_ scaffold_15683

CONTIG: scaffold_15727 (906bp)
Top Length: 518  Top ID: 98.65
		This contig is partially unaligned. (Aligned 518 out of 906 bases)
		Alignment: 2382045 2382561 | 518 1 | 517 518 | 98.65 | Ruminococcus_sp_SR1_5_gi_479152295_ref_NC_ scaffold_15727
		Unaligned bases: 519 to 906 (388)

CONTIG: scaffold_16207 (885bp)
Top Length: 201  Top ID: 95.02
		This contig is partially unaligned. (Aligned 201 out of 885 bases)
		Alignment: 1863720 1863920 | 571 771 | 201 201 | 95.02 | Ruminococcus_sp_SR1_5_gi_479152295_ref_NC_ scaffold_16207
		Unaligned bases: 1 to 570 (570)
		Unaligned bases: 772 to 885 (114)

CONTIG: scaffold_16317 (880bp)
Top Length: 880  Top ID: 96.02
		One align captures most of this contig: 2372767 2373646 | 880 1 | 880 880 | 96.02 | Ruminococcus_sp_SR1_5_gi_479152295_ref_NC_ scaffold_16317

CONTIG: scaffold_16813 (861bp)
Top Length: 861  Top ID: 99.42
		One align captures most of this contig: 219722 220583 | 1 861 | 862 861 | 99.42 | Ruminococcus_sp_SR1_5_gi_479152295_ref_NC_ scaffold_16813

CONTIG: scaffold_16917 (857bp)
Top Length: 836  Top ID: 99.52
		This contig is partially unaligned. (Aligned 836 out of 857 bases)
		Alignment: 76866 77701 | 22 857 | 836 836 | 99.52 | Ruminococcus_sp_SR1_5_gi_479152295_ref_NC_ scaffold_16917
		Unaligned bases: 1 to 21 (21)

CONTIG: scaffold_16922 (857bp)
Top Length: 88  Top ID: 100.0
		This contig is partially unaligned. (Aligned 88 out of 857 bases)
		Alignment: 556703 556790 | 725 812 | 88 88 | 100.0 | Ruminococcus_sp_SR1_5_gi_479152295_ref_NC_ scaffold_16922
		Unaligned bases: 1 to 724 (724)
		Unaligned bases: 813 to 857 (45)

CONTIG: scaffold_17159 (847bp)
Top Length: 240  Top ID: 99.17
		This contig is partially unaligned. (Aligned 240 out of 847 bases)
		Alignment: 1132543 1132782 | 608 847 | 240 240 | 99.17 | Ruminococcus_sp_SR1_5_gi_479152295_ref_NC_ scaffold_17159
		Unaligned bases: 1 to 607 (607)

CONTIG: scaffold_17263 (843bp)
Top Length: 843  Top ID: 97.2
		One align captures most of this contig: 721714 722571 | 843 1 | 858 843 | 97.2 | Ruminococcus_sp_SR1_5_gi_479152295_ref_NC_ scaffold_17263

CONTIG: scaffold_17689 (830bp)
Top Length: 830  Top ID: 98.8
		One align captures most of this contig: 2591005 2591834 | 830 1 | 830 830 | 98.8 | Ruminococcus_sp_SR1_5_gi_479152295_ref_NC_ scaffold_17689

CONTIG: scaffold_17713 (829bp)
Top Length: 829  Top ID: 97.71
		One align captures most of this contig: 719973 720801 | 1 829 | 829 829 | 97.71 | Ruminococcus_sp_SR1_5_gi_479152295_ref_NC_ scaffold_17713

CONTIG: scaffold_17766 (827bp)
Top Length: 827  Top ID: 99.52
		One align captures most of this contig: 285952 286778 | 1 827 | 827 827 | 99.52 | Ruminococcus_sp_SR1_5_gi_479152295_ref_NC_ scaffold_17766

CONTIG: scaffold_18137 (814bp)
Top Length: 82  Top ID: 97.56
		This contig is partially unaligned. (Aligned 82 out of 814 bases)
		Alignment: 3385206 3385287 | 196 115 | 82 82 | 97.56 | Ruminococcus_sp_SR1_5_gi_479152295_ref_NC_ scaffold_18137
		Unaligned bases: 1 to 114 (114)
		Unaligned bases: 197 to 814 (618)

CONTIG: scaffold_18194 (812bp)
Top Length: 812  Top ID: 98.52
		One align captures most of this contig: 1908200 1909011 | 1 812 | 812 812 | 98.52 | Ruminococcus_sp_SR1_5_gi_479152295_ref_NC_ scaffold_18194

CONTIG: scaffold_18462 (1129bp)
Top Length: 1129  Top ID: 99.12
		One align captures most of this contig: 2061173 2062301 | 1129 1 | 1129 1129 | 99.12 | Ruminococcus_sp_SR1_5_gi_479152295_ref_NC_ scaffold_18462

CONTIG: scaffold_18482 (802bp)
Top Length: 159  Top ID: 96.86
		This contig is partially unaligned. (Aligned 159 out of 802 bases)
		Alignment: 1028275 1028433 | 1 159 | 159 159 | 96.86 | Ruminococcus_sp_SR1_5_gi_479152295_ref_NC_ scaffold_18482
		Unaligned bases: 160 to 802 (643)

CONTIG: scaffold_19344 (775bp)
Top Length: 773  Top ID: 99.09
		One align captures most of this contig: 3176051 3176822 | 1 773 | 772 773 | 99.09 | Ruminococcus_sp_SR1_5_gi_479152295_ref_NC_ scaffold_19344

CONTIG: scaffold_19354 (775bp)
Top Length: 680  Top ID: 98.82
		This contig is partially unaligned. (Aligned 680 out of 775 bases)
		Alignment: 1455501 1456180 | 96 775 | 680 680 | 98.82 | Ruminococcus_sp_SR1_5_gi_479152295_ref_NC_ scaffold_19354
		Unaligned bases: 1 to 95 (95)

CONTIG: scaffold_19933 (759bp)
Top Length: 759  Top ID: 95.52
		One align captures most of this contig: 761331 762089 | 1 759 | 759 759 | 95.52 | Ruminococcus_sp_SR1_5_gi_479152295_ref_NC_ scaffold_19933

CONTIG: scaffold_19994 (1111bp)
Top Length: 1042  Top ID: 96.93
		This contig is partially unaligned. (Aligned 1042 out of 1111 bases)
		Alignment: 763887 764916 | 1044 3 | 1030 1042 | 96.93 | Ruminococcus_sp_SR1_5_gi_479152295_ref_NC_ scaffold_19994
		Unaligned bases: 1 to 2 (2)
		Unaligned bases: 1045 to 1111 (67)

CONTIG: scaffold_20037 (950bp)
Top Length: 604  Top ID: 97.52
		This contig is partially unaligned. (Aligned 604 out of 950 bases)
		Alignment: 345969 346573 | 347 950 | 605 604 | 97.52 | Ruminococcus_sp_SR1_5_gi_479152295_ref_NC_ scaffold_20037
		Unaligned bases: 1 to 346 (346)

CONTIG: scaffold_20145 (752bp)
Top Length: 238  Top ID: 99.58
		This contig is partially unaligned. (Aligned 238 out of 752 bases)
		Alignment: 1169109 1169346 | 515 752 | 238 238 | 99.58 | Ruminococcus_sp_SR1_5_gi_479152295_ref_NC_ scaffold_20145
		Unaligned bases: 1 to 514 (514)

CONTIG: scaffold_20377 (745bp)
Top Length: 315  Top ID: 97.14
		This contig is misassembled. 2 total aligns.
			Excluding internal overlap of size 10 between Alignment 1 and 2:  1251084 1251304 | 525 745 | 221 221 --> 1251094 1251304 | 535 745 | 211 211
			Real Alignment 1: 1251393 1251707 | 534 220 | 315 315 | 97.14 | Ruminococcus_sp_SR1_5_gi_479152295_ref_NC_ scaffold_20377
			  Extensive misassembly ( inversion ) between these two alignments
			Real Alignment 2: 1251094 1251304 | 535 745 | 211 211 | 97.74 | Ruminococcus_sp_SR1_5_gi_479152295_ref_NC_ scaffold_20377

CONTIG: scaffold_20988 (727bp)
Top Length: 727  Top ID: 99.59
		One align captures most of this contig: 2052256 2052982 | 1 727 | 727 727 | 99.59 | Ruminococcus_sp_SR1_5_gi_479152295_ref_NC_ scaffold_20988

CONTIG: scaffold_21008 (727bp)
Top Length: 689  Top ID: 96.23
		This contig is partially unaligned. (Aligned 689 out of 727 bases)
		Alignment: 1093938 1094626 | 689 1 | 689 689 | 96.23 | Ruminococcus_sp_SR1_5_gi_479152295_ref_NC_ scaffold_21008
		Unaligned bases: 690 to 727 (38)

CONTIG: scaffold_21124 (723bp)
Top Length: 723  Top ID: 99.31
		One align captures most of this contig: 2227043 2227765 | 1 723 | 723 723 | 99.31 | Ruminococcus_sp_SR1_5_gi_479152295_ref_NC_ scaffold_21124

CONTIG: scaffold_21593 (711bp)
Top Length: 711  Top ID: 99.44
		One align captures most of this contig: 312753 313462 | 711 1 | 710 711 | 99.44 | Ruminococcus_sp_SR1_5_gi_479152295_ref_NC_ scaffold_21593

CONTIG: scaffold_21634 (709bp)
Top Length: 654  Top ID: 98.93
		This contig is partially unaligned. (Aligned 654 out of 709 bases)
		Alignment: 260560 261213 | 654 1 | 654 654 | 98.93 | Ruminococcus_sp_SR1_5_gi_479152295_ref_NC_ scaffold_21634
		Unaligned bases: 655 to 709 (55)

CONTIG: scaffold_21849 (704bp)
Top Length: 702  Top ID: 97.29
		One align captures most of this contig: 845647 846348 | 702 1 | 702 702 | 97.29 | Ruminococcus_sp_SR1_5_gi_479152295_ref_NC_ scaffold_21849

CONTIG: scaffold_22156 (696bp)
Top Length: 158  Top ID: 100.0
		This contig is partially unaligned. (Aligned 158 out of 696 bases)
		Alignment: 3258264 3258421 | 158 1 | 158 158 | 100.0 | Ruminococcus_sp_SR1_5_gi_479152295_ref_NC_ scaffold_22156
		Unaligned bases: 159 to 696 (538)

CONTIG: scaffold_22177 (695bp)
Top Length: 695  Top ID: 98.99
		One align captures most of this contig: 355546 356239 | 1 695 | 694 695 | 98.99 | Ruminococcus_sp_SR1_5_gi_479152295_ref_NC_ scaffold_22177

CONTIG: scaffold_22335 (692bp)
Top Length: 96  Top ID: 97.92
		This contig is partially unaligned. (Aligned 96 out of 692 bases)
		Alignment: 3271117 3271212 | 597 692 | 96 96 | 97.92 | Ruminococcus_sp_SR1_5_gi_479152295_ref_NC_ scaffold_22335
		Unaligned bases: 1 to 596 (596)

CONTIG: scaffold_22447 (1139bp)
Top Length: 1139  Top ID: 97.89
		One align captures most of this contig: 3035424 3036552 | 1 1139 | 1129 1139 | 97.89 | Ruminococcus_sp_SR1_5_gi_479152295_ref_NC_ scaffold_22447

CONTIG: scaffold_22471 (688bp)
Top Length: 688  Top ID: 95.49
		One align captures most of this contig: 306595 307282 | 1 688 | 688 688 | 95.49 | Ruminococcus_sp_SR1_5_gi_479152295_ref_NC_ scaffold_22471

CONTIG: scaffold_22641 (684bp)
Top Length: 590  Top ID: 98.82
		This contig is partially unaligned. (Aligned 590 out of 684 bases)
		Alignment: 216004 216592 | 1 590 | 589 590 | 98.82 | Ruminococcus_sp_SR1_5_gi_479152295_ref_NC_ scaffold_22641
		Unaligned bases: 591 to 684 (94)

CONTIG: scaffold_23081 (673bp)
Top Length: 665  Top ID: 98.8
		One align captures most of this contig: 1250083 1250747 | 670 6 | 665 665 | 98.8 | Ruminococcus_sp_SR1_5_gi_479152295_ref_NC_ scaffold_23081

CONTIG: scaffold_23194 (1101bp)
Top Length: 122  Top ID: 100.0
		This contig is partially unaligned. (Aligned 122 out of 1101 bases)
		Alignment: 2517355 2517476 | 122 1 | 122 122 | 100.0 | Ruminococcus_sp_SR1_5_gi_479152295_ref_NC_ scaffold_23194
		Unaligned bases: 123 to 1101 (979)

CONTIG: scaffold_23259 (669bp)
Top Length: 669  Top ID: 96.71
		One align captures most of this contig: 201286 201954 | 1 669 | 669 669 | 96.71 | Ruminococcus_sp_SR1_5_gi_479152295_ref_NC_ scaffold_23259

CONTIG: scaffold_23888 (656bp)
Top Length: 656  Top ID: 99.09
		One align captures most of this contig: 2603830 2604485 | 1 656 | 656 656 | 99.09 | Ruminococcus_sp_SR1_5_gi_479152295_ref_NC_ scaffold_23888

CONTIG: scaffold_24567 (641bp)
Top Length: 641  Top ID: 99.69
		One align captures most of this contig: 1155402 1156042 | 641 1 | 641 641 | 99.69 | Ruminococcus_sp_SR1_5_gi_479152295_ref_NC_ scaffold_24567

CONTIG: scaffold_24597 (641bp)
Top Length: 242  Top ID: 96.69
		This contig is partially unaligned. (Aligned 242 out of 641 bases)
		Alignment: 1716527 1716768 | 1 242 | 242 242 | 96.69 | Ruminococcus_sp_SR1_5_gi_479152295_ref_NC_ scaffold_24597
		Unaligned bases: 243 to 641 (399)

CONTIG: scaffold_25063 (631bp)
Top Length: 631  Top ID: 99.21
		One align captures most of this contig: 2682436 2683066 | 1 631 | 631 631 | 99.21 | Ruminococcus_sp_SR1_5_gi_479152295_ref_NC_ scaffold_25063

CONTIG: scaffold_25267 (627bp)
Top Length: 627  Top ID: 97.77
		One align captures most of this contig: 2236111 2236736 | 1 627 | 626 627 | 97.77 | Ruminococcus_sp_SR1_5_gi_479152295_ref_NC_ scaffold_25267

CONTIG: scaffold_25408 (625bp)
Top Length: 623  Top ID: 99.52
		One align captures most of this contig: 2663059 2663681 | 623 1 | 623 623 | 99.52 | Ruminococcus_sp_SR1_5_gi_479152295_ref_NC_ scaffold_25408

CONTIG: scaffold_25419 (624bp)
Top Length: 624  Top ID: 99.84
		One align captures most of this contig: 1893810 1894433 | 624 1 | 624 624 | 99.84 | Ruminococcus_sp_SR1_5_gi_479152295_ref_NC_ scaffold_25419

CONTIG: scaffold_25541 (622bp)
Top Length: 616  Top ID: 96.75
		One align captures most of this contig: 2383763 2384378 | 7 622 | 616 616 | 96.75 | Ruminococcus_sp_SR1_5_gi_479152295_ref_NC_ scaffold_25541

CONTIG: scaffold_25542 (622bp)
Top Length: 622  Top ID: 100.0
		One align captures most of this contig: 2050624 2051245 | 1 622 | 622 622 | 100.0 | Ruminococcus_sp_SR1_5_gi_479152295_ref_NC_ scaffold_25542

CONTIG: scaffold_25797 (617bp)
Top Length: 617  Top ID: 99.51
		One align captures most of this contig: 2065203 2065819 | 1 617 | 617 617 | 99.51 | Ruminococcus_sp_SR1_5_gi_479152295_ref_NC_ scaffold_25797

CONTIG: scaffold_25817 (617bp)
Top Length: 617  Top ID: 95.14
		One align captures most of this contig: 3382817 3383433 | 1 617 | 617 617 | 95.14 | Ruminococcus_sp_SR1_5_gi_479152295_ref_NC_ scaffold_25817

CONTIG: scaffold_25894 (616bp)
Top Length: 616  Top ID: 97.89
		One align captures most of this contig: 212713 213326 | 1 616 | 614 616 | 97.89 | Ruminococcus_sp_SR1_5_gi_479152295_ref_NC_ scaffold_25894

CONTIG: scaffold_26324 (607bp)
Top Length: 607  Top ID: 98.68
		One align captures most of this contig: 3195562 3196166 | 1 607 | 605 607 | 98.68 | Ruminococcus_sp_SR1_5_gi_479152295_ref_NC_ scaffold_26324

CONTIG: scaffold_26393 (606bp)
Top Length: 606  Top ID: 97.36
		One align captures most of this contig: 138458 139060 | 1 606 | 603 606 | 97.36 | Ruminococcus_sp_SR1_5_gi_479152295_ref_NC_ scaffold_26393

CONTIG: scaffold_26500 (604bp)
Top Length: 604  Top ID: 99.83
		One align captures most of this contig: 1400037 1400640 | 604 1 | 604 604 | 99.83 | Ruminococcus_sp_SR1_5_gi_479152295_ref_NC_ scaffold_26500

CONTIG: scaffold_26542 (603bp)
Top Length: 603  Top ID: 98.51
		One align captures most of this contig: 1789826 1790427 | 603 1 | 602 603 | 98.51 | Ruminococcus_sp_SR1_5_gi_479152295_ref_NC_ scaffold_26542

CONTIG: scaffold_26809 (598bp)
Top Length: 598  Top ID: 99.16
		One align captures most of this contig: 313992 314588 | 598 1 | 597 598 | 99.16 | Ruminococcus_sp_SR1_5_gi_479152295_ref_NC_ scaffold_26809

CONTIG: scaffold_26829 (597bp)
Top Length: 597  Top ID: 99.83
		One align captures most of this contig: 2400118 2400714 | 597 1 | 597 597 | 99.83 | Ruminococcus_sp_SR1_5_gi_479152295_ref_NC_ scaffold_26829

CONTIG: scaffold_27431 (583bp)
Top Length: 583  Top ID: 97.77
		One align captures most of this contig: 316292 316873 | 583 1 | 582 583 | 97.77 | Ruminococcus_sp_SR1_5_gi_479152295_ref_NC_ scaffold_27431

CONTIG: scaffold_27527 (580bp)
Top Length: 580  Top ID: 98.28
		One align captures most of this contig: 2451365 2451944 | 1 580 | 580 580 | 98.28 | Ruminococcus_sp_SR1_5_gi_479152295_ref_NC_ scaffold_27527

CONTIG: scaffold_27601 (578bp)
Top Length: 578  Top ID: 97.75
		One align captures most of this contig: 1334280 1334855 | 578 1 | 576 578 | 97.75 | Ruminococcus_sp_SR1_5_gi_479152295_ref_NC_ scaffold_27601

CONTIG: scaffold_27602 (578bp)
Top Length: 578  Top ID: 98.79
		One align captures most of this contig: 321876 322453 | 578 1 | 578 578 | 98.79 | Ruminococcus_sp_SR1_5_gi_479152295_ref_NC_ scaffold_27602

CONTIG: scaffold_27635 (577bp)
Top Length: 575  Top ID: 95.48
		One align captures most of this contig: 3130150 3130723 | 1 575 | 574 575 | 95.48 | Ruminococcus_sp_SR1_5_gi_479152295_ref_NC_ scaffold_27635

CONTIG: scaffold_27820 (572bp)
Top Length: 484  Top ID: 99.17
		This contig is partially unaligned. (Aligned 484 out of 572 bases)
		Alignment: 3505368 3505851 | 1 484 | 484 484 | 99.17 | Ruminococcus_sp_SR1_5_gi_479152295_ref_NC_ scaffold_27820
		Unaligned bases: 485 to 572 (88)

CONTIG: scaffold_27993 (565bp)
Top Length: 224  Top ID: 97.32
		This contig is partially unaligned. (Aligned 224 out of 565 bases)
		Alignment: 2705829 2706052 | 224 1 | 224 224 | 97.32 | Ruminococcus_sp_SR1_5_gi_479152295_ref_NC_ scaffold_27993
		Unaligned bases: 225 to 565 (341)

CONTIG: scaffold_28377 (552bp)
Top Length: 533  Top ID: 96.81
		This contig is partially unaligned. (Aligned 533 out of 552 bases)
		Alignment: 1373718 1374250 | 552 20 | 533 533 | 96.81 | Ruminococcus_sp_SR1_5_gi_479152295_ref_NC_ scaffold_28377
		Unaligned bases: 1 to 19 (19)

CONTIG: scaffold_28458 (550bp)
Top Length: 550  Top ID: 98.73
		One align captures most of this contig: 1310754 1311303 | 1 550 | 550 550 | 98.73 | Ruminococcus_sp_SR1_5_gi_479152295_ref_NC_ scaffold_28458

CONTIG: scaffold_28476 (550bp)
Top Length: 89  Top ID: 100.0
		This contig is partially unaligned. (Aligned 89 out of 550 bases)
		Alignment: 3170043 3170131 | 1 89 | 89 89 | 100.0 | Ruminococcus_sp_SR1_5_gi_479152295_ref_NC_ scaffold_28476
		Unaligned bases: 90 to 550 (461)

CONTIG: scaffold_28597 (546bp)
Top Length: 493  Top ID: 97.57
		This contig is partially unaligned. (Aligned 493 out of 546 bases)
		Alignment: 1343285 1343777 | 546 54 | 493 493 | 97.57 | Ruminococcus_sp_SR1_5_gi_479152295_ref_NC_ scaffold_28597
		Unaligned bases: 1 to 53 (53)

CONTIG: scaffold_28707 (543bp)
Top Length: 543  Top ID: 99.45
		One align captures most of this contig: 244899 245441 | 543 1 | 543 543 | 99.45 | Ruminococcus_sp_SR1_5_gi_479152295_ref_NC_ scaffold_28707

CONTIG: scaffold_28790 (540bp)
Top Length: 540  Top ID: 98.89
		One align captures most of this contig: 2901861 2902400 | 1 540 | 540 540 | 98.89 | Ruminococcus_sp_SR1_5_gi_479152295_ref_NC_ scaffold_28790

CONTIG: scaffold_28941 (536bp)
Top Length: 536  Top ID: 98.14
		One align captures most of this contig: 3182193 3182728 | 1 536 | 536 536 | 98.14 | Ruminococcus_sp_SR1_5_gi_479152295_ref_NC_ scaffold_28941

CONTIG: scaffold_29242 (529bp)
Top Length: 159  Top ID: 98.74
		This contig is partially unaligned. (Aligned 159 out of 529 bases)
		Alignment: 1303664 1303822 | 529 371 | 159 159 | 98.74 | Ruminococcus_sp_SR1_5_gi_479152295_ref_NC_ scaffold_29242
		Unaligned bases: 1 to 370 (370)

CONTIG: scaffold_29356 (883bp)
Top Length: 200  Top ID: 95.5
		This contig is partially unaligned. (Aligned 200 out of 883 bases)
		Alignment: 2703659 2703858 | 200 1 | 200 200 | 95.5 | Ruminococcus_sp_SR1_5_gi_479152295_ref_NC_ scaffold_29356
		Unaligned bases: 201 to 883 (683)

CONTIG: scaffold_29569 (882bp)
Top Length: 95  Top ID: 95.79
		This contig is partially unaligned. (Aligned 95 out of 882 bases)
		Alignment: 3400020 3400114 | 95 1 | 95 95 | 95.79 | Ruminococcus_sp_SR1_5_gi_479152295_ref_NC_ scaffold_29569
		Unaligned bases: 96 to 882 (787)

CONTIG: scaffold_29793 (516bp)
Top Length: 446  Top ID: 95.07
		This contig is partially unaligned. (Aligned 446 out of 516 bases)
		Alignment: 2184472 2184917 | 516 71 | 446 446 | 95.07 | Ruminococcus_sp_SR1_5_gi_479152295_ref_NC_ scaffold_29793
		Unaligned bases: 1 to 70 (70)

CONTIG: scaffold_29832 (515bp)
Top Length: 515  Top ID: 97.28
		One align captures most of this contig: 822815 823329 | 1 515 | 515 515 | 97.28 | Ruminococcus_sp_SR1_5_gi_479152295_ref_NC_ scaffold_29832

CONTIG: scaffold_29928 (513bp)
Top Length: 513  Top ID: 99.03
		One align captures most of this contig: 347771 348283 | 1 513 | 513 513 | 99.03 | Ruminococcus_sp_SR1_5_gi_479152295_ref_NC_ scaffold_29928

CONTIG: scaffold_29947 (513bp)
Top Length: 427  Top ID: 97.89
		This contig is partially unaligned. (Aligned 427 out of 513 bases)
		Alignment: 367745 368170 | 70 496 | 426 427 | 97.89 | Ruminococcus_sp_SR1_5_gi_479152295_ref_NC_ scaffold_29947
		Unaligned bases: 1 to 69 (69)
		Unaligned bases: 497 to 513 (17)

CONTIG: scaffold_30322 (505bp)
Top Length: 505  Top ID: 96.04
		One align captures most of this contig: 330791 331295 | 505 1 | 505 505 | 96.04 | Ruminococcus_sp_SR1_5_gi_479152295_ref_NC_ scaffold_30322

CONTIG: scaffold_30329 (504bp)
Top Length: 234  Top ID: 95.3
		This contig is partially unaligned. (Aligned 234 out of 504 bases)
		Alignment: 2373638 2373871 | 291 58 | 234 234 | 95.3 | Ruminococcus_sp_SR1_5_gi_479152295_ref_NC_ scaffold_30329
		Unaligned bases: 1 to 57 (57)
		Unaligned bases: 292 to 504 (213)

CONTIG: scaffold_30532 (500bp)
Top Length: 115  Top ID: 97.39
		This contig is partially unaligned. (Aligned 115 out of 500 bases)
		Alignment: 2580108 2580222 | 149 263 | 115 115 | 97.39 | Ruminococcus_sp_SR1_5_gi_479152295_ref_NC_ scaffold_30532
		Unaligned bases: 1 to 148 (148)
		Unaligned bases: 264 to 500 (237)

CONTIG: scaffold_30716 (860bp)
Top Length: 860  Top ID: 95.83
		One align captures most of this contig: 303848 304708 | 860 1 | 861 860 | 95.83 | Ruminococcus_sp_SR1_5_gi_479152295_ref_NC_ scaffold_30716

CONTIG: scaffold_31253 (818bp)
Top Length: 81  Top ID: 97.53
		This contig is partially unaligned. (Aligned 81 out of 818 bases)
		Alignment: 1441269 1441349 | 1 81 | 81 81 | 97.53 | Ruminococcus_sp_SR1_5_gi_479152295_ref_NC_ scaffold_31253
		Unaligned bases: 82 to 818 (737)

CONTIG: scaffold_34805 (753bp)
Top Length: 751  Top ID: 98.67
		One align captures most of this contig: 2067248 2067997 | 751 1 | 750 751 | 98.67 | Ruminococcus_sp_SR1_5_gi_479152295_ref_NC_ scaffold_34805

Analyzing coverage...
Writing SNPs into /Molly/miheenko/quast_results/res_metahit_final/runs_per_reference/Ruminococcus_sp_SR1_5/contigs_reports/nucmer_output/IDBA_UD.used_snps
	Reference Ruminococcus_sp_SR1_5_gi_479152295_ref_NC_: 147 total alignments. 1 total regions.
		Region: 1 to 3545606 (3545606 bp)
			START in gap: 1 to 36167 (36166 bp)
			Align 1: 36167 36306 scaffold_12879 141 1
				Gap between this and next alignment: 36306 to 76866 (40559 bp)
				Next Alignment: 76866 77701 scaffold_16917 22 857

			Align 2: 76866 77701 scaffold_16917 22 857
				Gap between this and next alignment: 77701 to 79792 (2090 bp)
				Next Alignment: 79792 81395 scaffold_7538 1604 1

			Align 3: 79792 81395 scaffold_7538 1604 1
				Gap between this and next alignment: 81395 to 138458 (57062 bp)
				Next Alignment: 138458 139060 scaffold_26393 1 606

			Align 4: 138458 139060 scaffold_26393 1 606
				Gap between this and next alignment: 139060 to 187827 (48766 bp)
				Next Alignment: 187827 187912 scaffold_517 18562 18647

			Align 5: 187827 187912 scaffold_517 18562 18647
				Gap between this and next alignment: 187912 to 201286 (13373 bp)
				Next Alignment: 201286 201954 scaffold_23259 1 669

			Align 6: 201286 201954 scaffold_23259 1 669
				Gap between this and next alignment: 201954 to 211202 (9247 bp)
				Next Alignment: 211202 212432 scaffold_10737 1231 1

			Align 7: 211202 212432 scaffold_10737 1231 1
				Gap between this and next alignment: 212432 to 212713 (280 bp)
				Next Alignment: 212713 213326 scaffold_25894 1 616

			Align 8: 212713 213326 scaffold_25894 1 616
				Gap between this and next alignment: 213326 to 214720 (1393 bp)
				Next Alignment: 214720 215127 scaffold_12011 408 1

			Align 9: 214720 215127 scaffold_12011 408 1
				The next alignment (214908 215108 scaffold_8970 1214 1415) is redundant. Skipping.
				Negative gap (overlap) between this and next alignment: 215127 to 215029 (-98 bp)
				Next Alignment: 215029 216036 scaffold_13857 1 1008

			Previous gap was negative, modifying coordinates to ignore overlap
				Moving contig start from 1 to 100.
			Align 11: 215128 216036 scaffold_13857 100 1008
				Negative gap (overlap) between this and next alignment: 216036 to 216004 (-32 bp)
				Next Alignment: 216004 216592 scaffold_22641 1 590

			Previous gap was negative, modifying coordinates to ignore overlap
				Moving contig start from 1 to 34.
			Align 12: 216037 216592 scaffold_22641 34 590
				Gap between this and next alignment: 216592 to 219722 (3129 bp)
				Next Alignment: 219722 220583 scaffold_16813 1 861

			Align 13: 219722 220583 scaffold_16813 1 861
				Gap between this and next alignment: 220583 to 244899 (24315 bp)
				Next Alignment: 244899 245441 scaffold_28707 543 1

			Align 14: 244899 245441 scaffold_28707 543 1
				Gap between this and next alignment: 245441 to 260560 (15118 bp)
				Next Alignment: 260560 261213 scaffold_21634 654 1

			Align 15: 260560 261213 scaffold_21634 654 1
				Gap between this and next alignment: 261213 to 262303 (1089 bp)
				Next Alignment: 262303 262393 scaffold_1870 957 867

			Align 16: 262303 262393 scaffold_1870 957 867
				Gap between this and next alignment: 262393 to 269675 (7281 bp)
				Next Alignment: 269675 278140 scaffold_1213 881 9347

			Align 17: 269675 278140 scaffold_1213 881 9347
				Gap between this and next alignment: 278140 to 278722 (581 bp)
				Next Alignment: 278722 279283 scaffold_1213 9362 9923

			Align 18: 278722 279283 scaffold_1213 9362 9923
				Gap between this and next alignment: 279283 to 285952 (6668 bp)
				Next Alignment: 285952 286778 scaffold_17766 1 827

			Align 19: 285952 286778 scaffold_17766 1 827
				Gap between this and next alignment: 286778 to 300696 (13917 bp)
				Next Alignment: 300696 303946 scaffold_4117 1 3252

			Align 20: 300696 303946 scaffold_4117 1 3252
				Negative gap (overlap) between this and next alignment: 303946 to 303848 (-98 bp)
				Next Alignment: 303848 304708 scaffold_30716 860 1

			Previous gap was negative, modifying coordinates to ignore overlap
				Moving contig start from 860 to 761.
			Align 21: 303947 304708 scaffold_30716 761 1
				Gap between this and next alignment: 304708 to 306595 (1886 bp)
				Next Alignment: 306595 307282 scaffold_22471 1 688

			Align 22: 306595 307282 scaffold_22471 1 688
				Negative gap (overlap) between this and next alignment: 307282 to 306787 (-495 bp)
				Next Alignment: 306787 308196 scaffold_9012 1 1410

			Previous gap was negative, modifying coordinates to ignore overlap
				Moving contig start from 1 to 497.
			Align 23: 307283 308196 scaffold_9012 497 1410
				Gap between this and next alignment: 308196 to 312753 (4556 bp)
				Next Alignment: 312753 313462 scaffold_21593 711 1

			Align 24: 312753 313462 scaffold_21593 711 1
				Gap between this and next alignment: 313462 to 313992 (529 bp)
				Next Alignment: 313992 314588 scaffold_26809 598 1

			Align 25: 313992 314588 scaffold_26809 598 1
				Gap between this and next alignment: 314588 to 316292 (1703 bp)
				Next Alignment: 316292 316873 scaffold_27431 583 1

			Align 26: 316292 316873 scaffold_27431 583 1
				Gap between this and next alignment: 316873 to 321876 (5002 bp)
				Next Alignment: 321876 322453 scaffold_27602 578 1

			Align 27: 321876 322453 scaffold_27602 578 1
				Gap between this and next alignment: 322453 to 330791 (8337 bp)
				Next Alignment: 330791 331295 scaffold_30322 505 1

			Align 28: 330791 331295 scaffold_30322 505 1
				Gap between this and next alignment: 331295 to 345969 (14673 bp)
				Next Alignment: 345969 346573 scaffold_20037 347 950

			Align 29: 345969 346573 scaffold_20037 347 950
				Negative gap (overlap) between this and next alignment: 346573 to 346475 (-98 bp)
				Next Alignment: 346475 347382 scaffold_15683 908 1

			Previous gap was negative, modifying coordinates to ignore overlap
				Moving contig start from 908 to 809.
			Align 30: 346574 347382 scaffold_15683 809 1
				Gap between this and next alignment: 347382 to 347771 (388 bp)
				Next Alignment: 347771 348283 scaffold_29928 1 513

			Align 31: 347771 348283 scaffold_29928 1 513
				Gap between this and next alignment: 348283 to 355546 (7262 bp)
				Next Alignment: 355546 356239 scaffold_22177 1 695

			Align 32: 355546 356239 scaffold_22177 1 695
				Gap between this and next alignment: 356239 to 358222 (1982 bp)
				Next Alignment: 358222 359401 scaffold_11363 1 1180

			Align 33: 358222 359401 scaffold_11363 1 1180
				Gap between this and next alignment: 359401 to 363038 (3636 bp)
				Next Alignment: 363038 363964 scaffold_15238 1 931

			Align 34: 363038 363964 scaffold_15238 1 931
				Gap between this and next alignment: 363964 to 365560 (1595 bp)
				Next Alignment: 365560 366544 scaffold_14169 4 990

			Align 35: 365560 366544 scaffold_14169 4 990
				Gap between this and next alignment: 366544 to 367745 (1200 bp)
				Next Alignment: 367745 368170 scaffold_29947 70 496

			Align 36: 367745 368170 scaffold_29947 70 496
				Gap between this and next alignment: 368170 to 556703 (188532 bp)
				Next Alignment: 556703 556790 scaffold_16922 725 812

			Align 37: 556703 556790 scaffold_16922 725 812
				Gap between this and next alignment: 556790 to 632481 (75690 bp)
				Next Alignment: 632481 632578 scaffold_2259 98 1

			Align 38: 632481 632578 scaffold_2259 98 1
				Gap between this and next alignment: 632578 to 641488 (8909 bp)
				Next Alignment: 641488 641555 scaffold_10830 38 105

			Align 39: 641488 641555 scaffold_10830 38 105
				Gap between this and next alignment: 641555 to 717543 (75987 bp)
				Next Alignment: 717543 718537 scaffold_14046 997 1

			Align 40: 717543 718537 scaffold_14046 997 1
				Gap between this and next alignment: 718537 to 719973 (1435 bp)
				Next Alignment: 719973 720801 scaffold_17713 1 829

			Align 41: 719973 720801 scaffold_17713 1 829
				Gap between this and next alignment: 720801 to 721714 (912 bp)
				Next Alignment: 721714 722571 scaffold_17263 843 1

			Align 42: 721714 722571 scaffold_17263 843 1
				Gap between this and next alignment: 722571 to 733259 (10687 bp)
				Next Alignment: 733259 734261 scaffold_13843 1 1008

			Align 43: 733259 734261 scaffold_13843 1 1008
				Gap between this and next alignment: 734261 to 740926 (6664 bp)
				Next Alignment: 740926 742406 scaffold_7588 117 1599

			Align 44: 740926 742406 scaffold_7588 117 1599
				Gap between this and next alignment: 742406 to 753751 (11344 bp)
				Next Alignment: 753751 754780 scaffold_10577 1 1032

			Align 45: 753751 754780 scaffold_10577 1 1032
				Gap between this and next alignment: 754780 to 761331 (6550 bp)
				Next Alignment: 761331 762089 scaffold_19933 1 759

			Align 46: 761331 762089 scaffold_19933 1 759
				Gap between this and next alignment: 762089 to 763887 (1797 bp)
				Next Alignment: 763887 764916 scaffold_19994 1044 3

			Align 47: 763887 764916 scaffold_19994 1044 3
				Gap between this and next alignment: 764916 to 822815 (57898 bp)
				Next Alignment: 822815 823329 scaffold_29832 1 515

			Align 48: 822815 823329 scaffold_29832 1 515
				Gap between this and next alignment: 823329 to 826804 (3474 bp)
				Next Alignment: 826804 827828 scaffold_13544 1027 3

			Align 49: 826804 827828 scaffold_13544 1027 3
				Gap between this and next alignment: 827828 to 845647 (17818 bp)
				Next Alignment: 845647 846348 scaffold_21849 702 1

			Align 50: 845647 846348 scaffold_21849 702 1
				Gap between this and next alignment: 846348 to 1028275 (181926 bp)
				Next Alignment: 1028275 1028433 scaffold_18482 1 159

			Align 51: 1028275 1028433 scaffold_18482 1 159
				Gap between this and next alignment: 1028433 to 1093714 (65280 bp)
				Next Alignment: 1093714 1093795 scaffold_2668 3205 3124

			Align 52: 1093714 1093795 scaffold_2668 3205 3124
				Gap between this and next alignment: 1093795 to 1093938 (142 bp)
				Next Alignment: 1093938 1094626 scaffold_21008 689 1

			Align 53: 1093938 1094626 scaffold_21008 689 1
				Gap between this and next alignment: 1094626 to 1132543 (37916 bp)
				Next Alignment: 1132543 1132782 scaffold_17159 608 847

			Align 54: 1132543 1132782 scaffold_17159 608 847
				Gap between this and next alignment: 1132782 to 1155402 (22619 bp)
				Next Alignment: 1155402 1156042 scaffold_24567 641 1

			Align 55: 1155402 1156042 scaffold_24567 641 1
				Gap between this and next alignment: 1156042 to 1169109 (13066 bp)
				Next Alignment: 1169109 1169346 scaffold_20145 515 752

			Align 56: 1169109 1169346 scaffold_20145 515 752
				Gap between this and next alignment: 1169346 to 1250083 (80736 bp)
				Next Alignment: 1250083 1250747 scaffold_23081 670 6

			Align 57: 1250083 1250747 scaffold_23081 670 6
				Gap between this and next alignment: 1250747 to 1251094 (346 bp)
				Next Alignment: 1251094 1251304 scaffold_20377 535 745

			Align 58: 1251094 1251304 scaffold_20377 535 745
				Gap between this and next alignment: 1251304 to 1251393 (88 bp)
				Next Alignment: 1251393 1251707 scaffold_20377 534 220

			Align 59: 1251393 1251707 scaffold_20377 534 220
				Gap between this and next alignment: 1251707 to 1303664 (51956 bp)
				Next Alignment: 1303664 1303822 scaffold_29242 529 371

			Align 60: 1303664 1303822 scaffold_29242 529 371
				Gap between this and next alignment: 1303822 to 1310754 (6931 bp)
				Next Alignment: 1310754 1311303 scaffold_28458 1 550

			Align 61: 1310754 1311303 scaffold_28458 1 550
				Gap between this and next alignment: 1311303 to 1334280 (22976 bp)
				Next Alignment: 1334280 1334855 scaffold_27601 578 1

			Align 62: 1334280 1334855 scaffold_27601 578 1
				Gap between this and next alignment: 1334855 to 1343285 (8429 bp)
				Next Alignment: 1343285 1343777 scaffold_28597 546 54

			Align 63: 1343285 1343777 scaffold_28597 546 54
				Gap between this and next alignment: 1343777 to 1373718 (29940 bp)
				Next Alignment: 1373718 1374250 scaffold_28377 552 20

			Align 64: 1373718 1374250 scaffold_28377 552 20
				Gap between this and next alignment: 1374250 to 1374701 (450 bp)
				Next Alignment: 1374701 1376735 scaffold_5222 2037 1

			Align 65: 1374701 1376735 scaffold_5222 2037 1
				Gap between this and next alignment: 1376735 to 1376750 (14 bp)
				Next Alignment: 1376750 1380910 scaffold_2422 4166 1

			Align 66: 1376750 1380910 scaffold_2422 4166 1
				Gap between this and next alignment: 1380910 to 1381168 (257 bp)
				Next Alignment: 1381168 1383539 scaffold_4314 2374 1

			Align 67: 1381168 1383539 scaffold_4314 2374 1
				Gap between this and next alignment: 1383539 to 1389999 (6459 bp)
				Next Alignment: 1389999 1393500 scaffold_2527 1 3505

			Align 68: 1389999 1393500 scaffold_2527 1 3505
				Gap between this and next alignment: 1393500 to 1400037 (6536 bp)
				Next Alignment: 1400037 1400640 scaffold_26500 604 1

			Align 69: 1400037 1400640 scaffold_26500 604 1
				Gap between this and next alignment: 1400640 to 1410195 (9554 bp)
				Next Alignment: 1410195 1410339 scaffold_7703 145 1

			Align 70: 1410195 1410339 scaffold_7703 145 1
				Gap between this and next alignment: 1410339 to 1441269 (30929 bp)
				Next Alignment: 1441269 1441349 scaffold_31253 1 81

			Align 71: 1441269 1441349 scaffold_31253 1 81
				Gap between this and next alignment: 1441349 to 1455501 (14151 bp)
				Next Alignment: 1455501 1456180 scaffold_19354 96 775

			Align 72: 1455501 1456180 scaffold_19354 96 775
				Gap between this and next alignment: 1456180 to 1559714 (103533 bp)
				Next Alignment: 1559714 1559818 scaffold_11233 1190 1086

			Align 73: 1559714 1559818 scaffold_11233 1190 1086
				Gap between this and next alignment: 1559818 to 1716527 (156708 bp)
				Next Alignment: 1716527 1716768 scaffold_24597 1 242

			Align 74: 1716527 1716768 scaffold_24597 1 242
				Gap between this and next alignment: 1716768 to 1789826 (73057 bp)
				Next Alignment: 1789826 1790427 scaffold_26542 603 1

			Align 75: 1789826 1790427 scaffold_26542 603 1
				Gap between this and next alignment: 1790427 to 1863720 (73292 bp)
				Next Alignment: 1863720 1863920 scaffold_16207 571 771

			Align 76: 1863720 1863920 scaffold_16207 571 771
				Gap between this and next alignment: 1863920 to 1893810 (29889 bp)
				Next Alignment: 1893810 1894433 scaffold_25419 624 1

			Align 77: 1893810 1894433 scaffold_25419 624 1
				Gap between this and next alignment: 1894433 to 1908200 (13766 bp)
				Next Alignment: 1908200 1909011 scaffold_18194 1 812

			Align 78: 1908200 1909011 scaffold_18194 1 812
				Gap between this and next alignment: 1909011 to 1965402 (56390 bp)
				Next Alignment: 1965402 1965571 scaffold_28 118946 119115

			Align 79: 1965402 1965571 scaffold_28 118946 119115
				Gap between this and next alignment: 1965571 to 2050624 (85052 bp)
				Next Alignment: 2050624 2051245 scaffold_25542 1 622

			Align 80: 2050624 2051245 scaffold_25542 1 622
				Gap between this and next alignment: 2051245 to 2052256 (1010 bp)
				Next Alignment: 2052256 2052982 scaffold_20988 1 727

			Align 81: 2052256 2052982 scaffold_20988 1 727
				Gap between this and next alignment: 2052982 to 2055699 (2716 bp)
				Next Alignment: 2055699 2056366 scaffold_6400 1800 1133

			Align 82: 2055699 2056366 scaffold_6400 1800 1133
				Gap between this and next alignment: 2056366 to 2058312 (1945 bp)
				Next Alignment: 2058312 2059455 scaffold_9752 2568 1423

			Align 83: 2058312 2059455 scaffold_9752 2568 1423
				Gap between this and next alignment: 2059455 to 2061173 (1717 bp)
				Next Alignment: 2061173 2062301 scaffold_18462 1129 1

			Align 84: 2061173 2062301 scaffold_18462 1129 1
				Gap between this and next alignment: 2062301 to 2065203 (2901 bp)
				Next Alignment: 2065203 2065819 scaffold_25797 1 617

			Align 85: 2065203 2065819 scaffold_25797 1 617
				Gap between this and next alignment: 2065819 to 2067248 (1428 bp)
				Next Alignment: 2067248 2067997 scaffold_34805 751 1

			Align 86: 2067248 2067997 scaffold_34805 751 1
				Gap between this and next alignment: 2067997 to 2184472 (116474 bp)
				Next Alignment: 2184472 2184917 scaffold_29793 516 71

			Align 87: 2184472 2184917 scaffold_29793 516 71
				Gap between this and next alignment: 2184917 to 2227043 (42125 bp)
				Next Alignment: 2227043 2227765 scaffold_21124 1 723

			Align 88: 2227043 2227765 scaffold_21124 1 723
				Gap between this and next alignment: 2227765 to 2234991 (7225 bp)
				Next Alignment: 2234991 2235638 scaffold_15287 648 1

			Align 89: 2234991 2235638 scaffold_15287 648 1
				Gap between this and next alignment: 2235638 to 2236111 (472 bp)
				Next Alignment: 2236111 2236736 scaffold_25267 1 627

			Align 90: 2236111 2236736 scaffold_25267 1 627
				Gap between this and next alignment: 2236736 to 2236738 (1 bp)
				Next Alignment: 2236738 2237731 scaffold_14105 1 994

			Align 91: 2236738 2237731 scaffold_14105 1 994
				Gap between this and next alignment: 2237731 to 2238314 (582 bp)
				Next Alignment: 2238314 2239089 scaffold_15227 932 156

			Align 92: 2238314 2239089 scaffold_15227 932 156
				Gap between this and next alignment: 2239089 to 2291736 (52646 bp)
				Next Alignment: 2291736 2292744 scaffold_13819 1 1010

			Align 93: 2291736 2292744 scaffold_13819 1 1010
				Gap between this and next alignment: 2292744 to 2372767 (80022 bp)
				Next Alignment: 2372767 2373646 scaffold_16317 880 1

			Align 94: 2372767 2373646 scaffold_16317 880 1
				Negative gap (overlap) between this and next alignment: 2373646 to 2373638 (-8 bp)
				Next Alignment: 2373638 2373871 scaffold_30329 291 58

			Previous gap was negative, modifying coordinates to ignore overlap
				Moving contig start from 291 to 282.
			Align 95: 2373647 2373871 scaffold_30329 282 58
				Gap between this and next alignment: 2373871 to 2374782 (910 bp)
				Next Alignment: 2374782 2375084 scaffold_14088 995 693

			Align 96: 2374782 2375084 scaffold_14088 995 693
				Gap between this and next alignment: 2375084 to 2375643 (558 bp)
				Next Alignment: 2375643 2375870 scaffold_7532 1562 1336

			Align 97: 2375643 2375870 scaffold_7532 1562 1336
				Gap between this and next alignment: 2375870 to 2376914 (1043 bp)
				Next Alignment: 2376914 2377229 scaffold_14805 638 954

			Align 98: 2376914 2377229 scaffold_14805 638 954
				Gap between this and next alignment: 2377229 to 2377266 (36 bp)
				Next Alignment: 2377266 2378447 scaffold_11231 1190 7

			Align 99: 2377266 2378447 scaffold_11231 1190 7
				Gap between this and next alignment: 2378447 to 2380740 (2292 bp)
				Next Alignment: 2380740 2381310 scaffold_9588 1345 775

			Align 100: 2380740 2381310 scaffold_9588 1345 775
				Gap between this and next alignment: 2381310 to 2382045 (734 bp)
				Next Alignment: 2382045 2382561 scaffold_15727 518 1

			Align 101: 2382045 2382561 scaffold_15727 518 1
				Gap between this and next alignment: 2382561 to 2383492 (930 bp)
				Next Alignment: 2383492 2383699 scaffold_7746 787 995

			Align 102: 2383492 2383699 scaffold_7746 787 995
				Gap between this and next alignment: 2383699 to 2383763 (63 bp)
				Next Alignment: 2383763 2384378 scaffold_25541 7 622

			Align 103: 2383763 2384378 scaffold_25541 7 622
				Gap between this and next alignment: 2384378 to 2389227 (4848 bp)
				Next Alignment: 2389227 2390247 scaffold_13582 1023 1

			Align 104: 2389227 2390247 scaffold_13582 1023 1
				Negative gap (overlap) between this and next alignment: 2390247 to 2390182 (-65 bp)
				Next Alignment: 2390182 2391625 scaffold_8711 1444 1

			Previous gap was negative, modifying coordinates to ignore overlap
				Moving contig start from 1444 to 1378.
			Align 105: 2390248 2391625 scaffold_8711 1378 1
				Gap between this and next alignment: 2391625 to 2393622 (1996 bp)
				Next Alignment: 2393622 2395166 scaffold_7977 1 1545

			Align 106: 2393622 2395166 scaffold_7977 1 1545
				Gap between this and next alignment: 2395166 to 2400118 (4951 bp)
				Next Alignment: 2400118 2400714 scaffold_26829 597 1

			Align 107: 2400118 2400714 scaffold_26829 597 1
				Gap between this and next alignment: 2400714 to 2412469 (11754 bp)
				Next Alignment: 2412469 2413647 scaffold_11358 1 1181

			Align 108: 2412469 2413647 scaffold_11358 1 1181
				Gap between this and next alignment: 2413647 to 2417700 (4052 bp)
				Next Alignment: 2417700 2419081 scaffold_9249 1382 1

			Align 109: 2417700 2419081 scaffold_9249 1382 1
				Gap between this and next alignment: 2419081 to 2426400 (7318 bp)
				Next Alignment: 2426400 2427412 scaffold_4696 41 1053

			Align 110: 2426400 2427412 scaffold_4696 41 1053
				Gap between this and next alignment: 2427412 to 2427636 (223 bp)
				Next Alignment: 2427636 2428251 scaffold_4696 1054 1669

			Align 111: 2427636 2428251 scaffold_4696 1054 1669
				Gap between this and next alignment: 2428251 to 2428372 (120 bp)
				Next Alignment: 2428372 2428826 scaffold_4696 1670 2124

			Align 112: 2428372 2428826 scaffold_4696 1670 2124
				Gap between this and next alignment: 2428826 to 2451365 (22538 bp)
				Next Alignment: 2451365 2451944 scaffold_27527 1 580

			Align 113: 2451365 2451944 scaffold_27527 1 580
				Gap between this and next alignment: 2451944 to 2515672 (63727 bp)
				Next Alignment: 2515672 2515771 scaffold_6807 2581 2482

			Align 114: 2515672 2515771 scaffold_6807 2581 2482
				Gap between this and next alignment: 2515771 to 2517355 (1583 bp)
				Next Alignment: 2517355 2517476 scaffold_23194 122 1

			Align 115: 2517355 2517476 scaffold_23194 122 1
				Gap between this and next alignment: 2517476 to 2580108 (62631 bp)
				Next Alignment: 2580108 2580222 scaffold_30532 149 263

			Align 116: 2580108 2580222 scaffold_30532 149 263
				Gap between this and next alignment: 2580222 to 2588750 (8527 bp)
				Next Alignment: 2588750 2589240 scaffold_11083 1 491

			Align 117: 2588750 2589240 scaffold_11083 1 491
				Gap between this and next alignment: 2589240 to 2591005 (1764 bp)
				Next Alignment: 2591005 2591834 scaffold_17689 830 1

			Align 118: 2591005 2591834 scaffold_17689 830 1
				Gap between this and next alignment: 2591834 to 2603830 (11995 bp)
				Next Alignment: 2603830 2604485 scaffold_23888 1 656

			Align 119: 2603830 2604485 scaffold_23888 1 656
				Gap between this and next alignment: 2604485 to 2642210 (37724 bp)
				Next Alignment: 2642210 2642361 scaffold_1004 11344 11193

			Align 120: 2642210 2642361 scaffold_1004 11344 11193
				Gap between this and next alignment: 2642361 to 2663059 (20697 bp)
				Next Alignment: 2663059 2663681 scaffold_25408 623 1

			Align 121: 2663059 2663681 scaffold_25408 623 1
				Gap between this and next alignment: 2663681 to 2682436 (18754 bp)
				Next Alignment: 2682436 2683066 scaffold_25063 1 631

			Align 122: 2682436 2683066 scaffold_25063 1 631
				Gap between this and next alignment: 2683066 to 2703659 (20592 bp)
				Next Alignment: 2703659 2703858 scaffold_29356 200 1

			Align 123: 2703659 2703858 scaffold_29356 200 1
				Gap between this and next alignment: 2703858 to 2705829 (1970 bp)
				Next Alignment: 2705829 2706052 scaffold_27993 224 1

			Align 124: 2705829 2706052 scaffold_27993 224 1
				Gap between this and next alignment: 2706052 to 2901861 (195808 bp)
				Next Alignment: 2901861 2902400 scaffold_28790 1 540

			Align 125: 2901861 2902400 scaffold_28790 1 540
				Gap between this and next alignment: 2902400 to 3020734 (118333 bp)
				Next Alignment: 3020734 3022447 scaffold_6891 1 1714

			Align 126: 3020734 3022447 scaffold_6891 1 1714
				Gap between this and next alignment: 3022447 to 3026614 (4166 bp)
				Next Alignment: 3026614 3026865 scaffold_364 5514 5263

			Align 127: 3026614 3026865 scaffold_364 5514 5263
				Gap between this and next alignment: 3026865 to 3035424 (8558 bp)
				Next Alignment: 3035424 3036552 scaffold_22447 1 1139

			Align 128: 3035424 3036552 scaffold_22447 1 1139
				Gap between this and next alignment: 3036552 to 3129036 (92483 bp)
				Next Alignment: 3129036 3130100 scaffold_250 32 1091

			Align 129: 3129036 3130100 scaffold_250 32 1091
				Gap between this and next alignment: 3130100 to 3130150 (49 bp)
				Next Alignment: 3130150 3130723 scaffold_27635 1 575

			Align 130: 3130150 3130723 scaffold_27635 1 575
				Gap between this and next alignment: 3130723 to 3130734 (10 bp)
				Next Alignment: 3130734 3132743 scaffold_4531 2295 284

			Align 131: 3130734 3132743 scaffold_4531 2295 284
				Gap between this and next alignment: 3132743 to 3133792 (1048 bp)
				Next Alignment: 3133792 3134003 scaffold_4531 276 65

			Align 132: 3133792 3134003 scaffold_4531 276 65
				Gap between this and next alignment: 3134003 to 3170043 (36039 bp)
				Next Alignment: 3170043 3170131 scaffold_28476 1 89

			Align 133: 3170043 3170131 scaffold_28476 1 89
				Gap between this and next alignment: 3170131 to 3176051 (5919 bp)
				Next Alignment: 3176051 3176822 scaffold_19344 1 773

			Align 134: 3176051 3176822 scaffold_19344 1 773
				Gap between this and next alignment: 3176822 to 3182193 (5370 bp)
				Next Alignment: 3182193 3182728 scaffold_28941 1 536

			Align 135: 3182193 3182728 scaffold_28941 1 536
				Gap between this and next alignment: 3182728 to 3195562 (12833 bp)
				Next Alignment: 3195562 3196166 scaffold_26324 1 607

			Align 136: 3195562 3196166 scaffold_26324 1 607
				Gap between this and next alignment: 3196166 to 3203854 (7687 bp)
				Next Alignment: 3203854 3204416 scaffold_15334 148 711

			Align 137: 3203854 3204416 scaffold_15334 148 711
				Gap between this and next alignment: 3204416 to 3258264 (53847 bp)
				Next Alignment: 3258264 3258421 scaffold_22156 158 1

			Align 138: 3258264 3258421 scaffold_22156 158 1
				Negative gap (overlap) between this and next alignment: 3258421 to 3258323 (-98 bp)
				Next Alignment: 3258323 3263227 scaffold_1790 11986 7078

			Previous gap was negative, modifying coordinates to ignore overlap
				Moving contig start from 11986 to 11887.
			Align 139: 3258422 3263227 scaffold_1790 11887 7078
				Negative gap (overlap) between this and next alignment: 3263227 to 3263212 (-15 bp)
				Next Alignment: 3263212 3263351 scaffold_1790 6755 6616

			Previous gap was negative, modifying coordinates to ignore overlap
				Moving contig start from 6755 to 6738.
			Align 140: 3263228 3263351 scaffold_1790 6738 6616
				Gap between this and next alignment: 3263351 to 3271117 (7765 bp)
				Next Alignment: 3271117 3271212 scaffold_22335 597 692

			Align 141: 3271117 3271212 scaffold_22335 597 692
				Gap between this and next alignment: 3271212 to 3382146 (110933 bp)
				Next Alignment: 3382146 3382655 scaffold_950 8530 8021

			Align 142: 3382146 3382655 scaffold_950 8530 8021
				Gap between this and next alignment: 3382655 to 3382817 (161 bp)
				Next Alignment: 3382817 3383433 scaffold_25817 1 617

			Align 143: 3382817 3383433 scaffold_25817 1 617
				Gap between this and next alignment: 3383433 to 3385206 (1772 bp)
				Next Alignment: 3385206 3385287 scaffold_18137 196 115

			Align 144: 3385206 3385287 scaffold_18137 196 115
				Gap between this and next alignment: 3385287 to 3400020 (14732 bp)
				Next Alignment: 3400020 3400114 scaffold_29569 95 1

			Align 145: 3400020 3400114 scaffold_29569 95 1
				Gap between this and next alignment: 3400114 to 3505368 (105253 bp)
				Next Alignment: 3505368 3505851 scaffold_27820 1 484

			Align 146: 3505368 3505851 scaffold_27820 1 484
				Gap between this and next alignment: 3505851 to 3514709 (8857 bp)
				Next Alignment: 3514709 3514882 scaffold_12826 1073 900

			Align 147: 3514709 3514882 scaffold_12826 1073 900
			END in gap: 3514882 to 3545606 (30724 bp)

Analysis is finished!
Founded SNPs were written into /Molly/miheenko/quast_results/res_metahit_final/runs_per_reference/Ruminococcus_sp_SR1_5/contigs_reports/nucmer_output/IDBA_UD.used_snps

Results:
	Local Misassemblies: 3
	Misassemblies: 2
		Relocations: 1
		Translocations: 0
		Inversions: 1
	Fake misassemblies matched with structural variations: 0
	Misassembled Contigs: 2
	Misassembled Contig Bases: 3040
	Misassemblies Inter-Contig Overlap: 0
Uncovered Regions: 0 (0)
Unaligned Contigs: 0 + 63 part
Partially Unaligned Contigs with Misassemblies: 1
Unaligned Contig Bases: 333445

Ambiguously Mapped Contigs: 0
Total Bases in Ambiguously Mapped Contigs: 0
Note that --allow-ambiguity option was set to "one" and only first alignment per each contig was used.

	Covered Bases: 113797

	SNPs: 1852
	Insertions: 115
	Deletions: 45

	Positive Gaps: 138
		Internal Gaps:  5
		External Gaps:  133
		External Gap Total:  3429749
		External Gap Average: 25788
	Negative Gaps: 9
		Internal Overlaps:  1
		External Overlaps:  8
		External Overlaps Total: -992
		External Overlaps Average: -124
	Contigs with Redundant Alignments: 1 (201)
