Aligning contigs to reference...
	Running Nucmer
Parsing coords...
Loading reference...
	Loaded [Ruminococcus_sp_SR1_5_gi_479152295_ref_NC_]
Loading SNPs...
Loading regions...
	No regions given, using whole reference.
	Total Regions: 1
	Total Region Length: 3545606
Analyzing contigs...
CONTIG: scaffold-2473 (7902bp)
Top Length: 4415  Top ID: 99.52
		This contig is misassembled. 3 total aligns.
			Real Alignment 1: 3258264 3258812 | 1 549 | 549 549 | 99.45 | Ruminococcus_sp_SR1_5_gi_479152295_ref_NC_ scaffold-2473
			  Overlap between these two alignments (local misassembly). Inconsistency = -185 
			Real Alignment 2: 3258814 3263227 | 736 5150 | 4414 4415 | 99.52 | Ruminococcus_sp_SR1_5_gi_479152295_ref_NC_ scaffold-2473
			  Overlap between these two alignments (local misassembly). Inconsistency = -338 
			Real Alignment 3: 3263212 3263351 | 5473 5612 | 140 140 | 99.29 | Ruminococcus_sp_SR1_5_gi_479152295_ref_NC_ scaffold-2473
		This contig has significant unaligned parts (of length >= min-contig)! It can contain interspecies translocations

CONTIG: scaffold-2523 (2807bp)
Top Length: 1943  Top ID: 97.02
		This contig is misassembled. 2 total aligns.
			Real Alignment 1: 733940 734633 | 1 694 | 694 694 | 98.27 | Ruminococcus_sp_SR1_5_gi_479152295_ref_NC_ scaffold-2523
			  Overlap between these two alignments (local misassembly). Inconsistency = -633 
			Real Alignment 2: 734171 736115 | 865 2807 | 1945 1943 | 97.02 | Ruminococcus_sp_SR1_5_gi_479152295_ref_NC_ scaffold-2523

CONTIG: scaffold-2594 (7669bp)
Top Length: 510  Top ID: 97.45
		This contig is partially unaligned. (Aligned 510 out of 7669 bases)
		Alignment: 3382146 3382655 | 7636 7127 | 510 510 | 97.45 | Ruminococcus_sp_SR1_5_gi_479152295_ref_NC_ scaffold-2594
		Unaligned bases: 1 to 7126 (7126)
		Unaligned bases: 7637 to 7669 (33)
		This contig has both significant aligned and unaligned parts (of length >= min-contig)! It can contain interspecies translocations

CONTIG: scaffold-4731 (787bp)
Top Length: 616  Top ID: 99.03
		This contig is misassembled. 2 total aligns.
			Real Alignment 1: 2427636 2428251 | 682 67 | 616 616 | 99.03 | Ruminococcus_sp_SR1_5_gi_479152295_ref_NC_ scaffold-4731
			  Gap between these two alignments (local misassembly). Inconsistency = 223 
			Real Alignment 2: 2427308 2427412 | 787 683 | 105 105 | 100.0 | Ruminococcus_sp_SR1_5_gi_479152295_ref_NC_ scaffold-4731

CONTIG: scaffold-4894 (704bp)
Top Length: 704  Top ID: 99.86
		One align captures most of this contig: 1378473 1379176 | 1 704 | 704 704 | 99.86 | Ruminococcus_sp_SR1_5_gi_479152295_ref_NC_ scaffold-4894

CONTIG: scaffold-6336 (561bp)
Top Length: 561  Top ID: 99.64
		One align captures most of this contig: 1384561 1385121 | 1 561 | 561 561 | 99.64 | Ruminococcus_sp_SR1_5_gi_479152295_ref_NC_ scaffold-6336

CONTIG: scaffold-6553 (535bp)
Top Length: 534  Top ID: 98.69
		One align captures most of this contig: 753756 754289 | 535 2 | 534 534 | 98.69 | Ruminococcus_sp_SR1_5_gi_479152295_ref_NC_ scaffold-6553

CONTIG: scaffold-8413 (564bp)
Top Length: 424  Top ID: 98.82
		This contig is misassembled. 2 total aligns.
			Real Alignment 1: 240296 240434 | 139 1 | 139 139 | 98.56 | Ruminococcus_sp_SR1_5_gi_479152295_ref_NC_ scaffold-8413
			  Extensive misassembly ( relocation, inconsistency = 2182475 ) between these two alignments
			Real Alignment 2: 2422911 2423334 | 141 564 | 424 424 | 98.82 | Ruminococcus_sp_SR1_5_gi_479152295_ref_NC_ scaffold-8413

CONTIG: scaffold-34311 (2223bp)
Top Length: 2223  Top ID: 99.55
		One align captures most of this contig: 2418763 2420986 | 2223 1 | 2224 2223 | 99.55 | Ruminococcus_sp_SR1_5_gi_479152295_ref_NC_ scaffold-34311

CONTIG: scaffold-79609 (599bp)
Top Length: 599  Top ID: 97.83
		One align captures most of this contig: 2247741 2248339 | 1 599 | 599 599 | 97.83 | Ruminococcus_sp_SR1_5_gi_479152295_ref_NC_ scaffold-79609

CONTIG: scaffold-84735 (2678bp)
Top Length: 2678  Top ID: 99.81
		One align captures most of this contig: 301494 304168 | 2678 1 | 2675 2678 | 99.81 | Ruminococcus_sp_SR1_5_gi_479152295_ref_NC_ scaffold-84735

CONTIG: scaffold-104759 (532bp)
Top Length: 532  Top ID: 97.56
		One align captures most of this contig: 1910458 1910988 | 1 532 | 531 532 | 97.56 | Ruminococcus_sp_SR1_5_gi_479152295_ref_NC_ scaffold-104759

CONTIG: scaffold-119991 (759bp)
Top Length: 145  Top ID: 98.62
		This contig is partially unaligned. (Aligned 145 out of 759 bases)
		Alignment: 2417474 2417618 | 759 615 | 145 145 | 98.62 | Ruminococcus_sp_SR1_5_gi_479152295_ref_NC_ scaffold-119991
		Unaligned bases: 1 to 614 (614)

CONTIG: scaffold-195340 (6042bp)
Top Length: 341  Top ID: 96.77
		This contig is misassembled. 2 total aligns.
			Warning! This contig is more unaligned than misassembled. Contig length is 6042 and total length of all aligns is 593
		Alignment: 3023925 3024265 | 1 341 | 341 341 | 96.77 | Ruminococcus_sp_SR1_5_gi_479152295_ref_NC_ scaffold-195340
		Alignment: 3026614 3026865 | 2207 2458 | 252 252 | 96.83 | Ruminococcus_sp_SR1_5_gi_479152295_ref_NC_ scaffold-195340
		Unaligned bases: 5449
		This contig has both significant aligned and unaligned parts (of length >= min-contig)! It can contain interspecies translocations
CONTIG: scaffold-195344 (8080bp)
Top Length: 1476  Top ID: 98.92
		This contig is partially unaligned. (Aligned 1476 out of 8080 bases)
		Alignment: 214720 216193 | 7755 6280 | 1474 1476 | 98.92 | Ruminococcus_sp_SR1_5_gi_479152295_ref_NC_ scaffold-195344
		Unaligned bases: 1 to 6279 (6279)
		Unaligned bases: 7756 to 8080 (325)
		This contig has both significant aligned and unaligned parts (of length >= min-contig)! It can contain interspecies translocations

Analyzing coverage...
Writing SNPs into /Molly/miheenko/quast_results/res_metahit_final/runs_per_reference/Ruminococcus_sp_SR1_5/contigs_reports/nucmer_output/Ray.used_snps
	Reference Ruminococcus_sp_SR1_5_gi_479152295_ref_NC_: 21 total alignments. 1 total regions.
		Region: 1 to 3545606 (3545606 bp)
			START in gap: 1 to 214720 (214719 bp)
			Align 1: 214720 216193 scaffold-195344 7755 6280
				Gap between this and next alignment: 216193 to 240296 (24102 bp)
				Next Alignment: 240296 240434 scaffold-8413 139 1

			Align 2: 240296 240434 scaffold-8413 139 1
				Gap between this and next alignment: 240434 to 301494 (61059 bp)
				Next Alignment: 301494 304168 scaffold-84735 2678 1

			Align 3: 301494 304168 scaffold-84735 2678 1
				Gap between this and next alignment: 304168 to 733940 (429771 bp)
				Next Alignment: 733940 734633 scaffold-2523 1 694

			Align 4: 733940 734633 scaffold-2523 1 694
				Negative gap (overlap) between this and next alignment: 734633 to 734171 (-462 bp)
				Next Alignment: 734171 736115 scaffold-2523 865 2807

			Previous gap was negative, modifying coordinates to ignore overlap
				Moving contig start from 865 to 1328.
			Align 5: 734634 736115 scaffold-2523 1328 2807
				Gap between this and next alignment: 736115 to 753756 (17640 bp)
				Next Alignment: 753756 754289 scaffold-6553 535 2

			Align 6: 753756 754289 scaffold-6553 535 2
				Gap between this and next alignment: 754289 to 1378473 (624183 bp)
				Next Alignment: 1378473 1379176 scaffold-4894 1 704

			Align 7: 1378473 1379176 scaffold-4894 1 704
				Gap between this and next alignment: 1379176 to 1384561 (5384 bp)
				Next Alignment: 1384561 1385121 scaffold-6336 1 561

			Align 8: 1384561 1385121 scaffold-6336 1 561
				Gap between this and next alignment: 1385121 to 1910458 (525336 bp)
				Next Alignment: 1910458 1910988 scaffold-104759 1 532

			Align 9: 1910458 1910988 scaffold-104759 1 532
				Gap between this and next alignment: 1910988 to 2247741 (336752 bp)
				Next Alignment: 2247741 2248339 scaffold-79609 1 599

			Align 10: 2247741 2248339 scaffold-79609 1 599
				Gap between this and next alignment: 2248339 to 2417474 (169134 bp)
				Next Alignment: 2417474 2417618 scaffold-119991 759 615

			Align 11: 2417474 2417618 scaffold-119991 759 615
				Gap between this and next alignment: 2417618 to 2418763 (1144 bp)
				Next Alignment: 2418763 2420986 scaffold-34311 2223 1

			Align 12: 2418763 2420986 scaffold-34311 2223 1
				Gap between this and next alignment: 2420986 to 2422911 (1924 bp)
				Next Alignment: 2422911 2423334 scaffold-8413 141 564

			Align 13: 2422911 2423334 scaffold-8413 141 564
				Gap between this and next alignment: 2423334 to 2427308 (3973 bp)
				Next Alignment: 2427308 2427412 scaffold-4731 787 683

			Align 14: 2427308 2427412 scaffold-4731 787 683
				Gap between this and next alignment: 2427412 to 2427636 (223 bp)
				Next Alignment: 2427636 2428251 scaffold-4731 682 67

			Align 15: 2427636 2428251 scaffold-4731 682 67
				Gap between this and next alignment: 2428251 to 3023925 (595673 bp)
				Next Alignment: 3023925 3024265 scaffold-195340 1 341

			Align 16: 3023925 3024265 scaffold-195340 1 341
				Gap between this and next alignment: 3024265 to 3026614 (2348 bp)
				Next Alignment: 3026614 3026865 scaffold-195340 2207 2458

			Align 17: 3026614 3026865 scaffold-195340 2207 2458
				Gap between this and next alignment: 3026865 to 3258264 (231398 bp)
				Next Alignment: 3258264 3258812 scaffold-2473 1 549

			Align 18: 3258264 3258812 scaffold-2473 1 549
				Gap between this and next alignment: 3258812 to 3258814 (1 bp)
				Next Alignment: 3258814 3263227 scaffold-2473 736 5150

			Align 19: 3258814 3263227 scaffold-2473 736 5150
				Negative gap (overlap) between this and next alignment: 3263227 to 3263212 (-15 bp)
				Next Alignment: 3263212 3263351 scaffold-2473 5473 5612

			Previous gap was negative, modifying coordinates to ignore overlap
				Moving contig start from 5473 to 5490.
			Align 20: 3263228 3263351 scaffold-2473 5490 5612
				Gap between this and next alignment: 3263351 to 3382146 (118794 bp)
				Next Alignment: 3382146 3382655 scaffold-2594 7636 7127

			Align 21: 3382146 3382655 scaffold-2594 7636 7127
			END in gap: 3382655 to 3545606 (162951 bp)

Analysis is finished!
Founded SNPs were written into /Molly/miheenko/quast_results/res_metahit_final/runs_per_reference/Ruminococcus_sp_SR1_5/contigs_reports/nucmer_output/Ray.used_snps

Results:
	Local Misassemblies: 4
	Misassemblies: 1
		Relocations: 1
		Translocations: 0
		Inversions: 0
	Fake misassemblies matched with structural variations: 0
	Misassembled Contigs: 1
	Misassembled Contig Bases: 564
	Misassemblies Inter-Contig Overlap: 0
Uncovered Regions: 0 (0)
Unaligned Contigs: 0 + 4 part
Partially Unaligned Contigs with Misassemblies: 1
Unaligned Contig Bases: 19826

Ambiguously Mapped Contigs: 0
Total Bases in Ambiguously Mapped Contigs: 0
Note that --allow-ambiguity option was set to "one" and only first alignment per each contig was used.

	Covered Bases: 19097

	SNPs: 182
	Insertions: 9
	Deletions: 5

	Positive Gaps: 20
		Internal Gaps:  3
		External Gaps:  17
		External Gap Total:  3523937
		External Gap Average: 207290
	Negative Gaps: 2
		Internal Overlaps:  2
		External Overlaps:  0
		External Overlaps Total:  0
		External Overlaps Average: 0
	Contigs with Redundant Alignments: 0 (0)
