Aligning contigs to reference...
	Using existing Nucmer alignments...
Parsing coords...
Loading reference...
	Loaded [Eubacterium_biforme_gi_224515307_ref_NZ_]
Loading SNPs...
Loading regions...
	No regions given, using whole reference.
	Total Regions: 1
	Total Region Length: 2517763
Analyzing contigs...
CONTIG: NODE_40_length_85969_cov_7.38487_ID_79 (85969bp)
Top Length: 749  Top ID: 98.0
		This contig is misassembled. 2 total aligns.
			Warning! This contig is more unaligned than misassembled. Contig length is 85969 and total length of all aligns is 1350
		Alignment: 541039 541787 | 5464 4716 | 749 749 | 98.0 | Eubacterium_biforme_gi_224515307_ref_NZ_ NODE_40_length_85969_cov_7.38487_ID_79
		Alignment: 744624 745227 | 85915 85315 | 604 601 | 96.85 | Eubacterium_biforme_gi_224515307_ref_NZ_ NODE_40_length_85969_cov_7.38487_ID_79
		Unaligned bases: 84619
		This contig has both significant aligned and unaligned parts (of length >= min-contig)! It can contain interspecies translocations
CONTIG: NODE_113_length_57182_cov_10.214_ID_225 (57182bp)
Top Length: 12054  Top ID: 97.18
		This contig is misassembled. 6 total aligns.
			Real Alignment 1: 746298 746928 | 2889 3519 | 631 631 | 97.78 | Eubacterium_biforme_gi_224515307_ref_NZ_ NODE_113_length_57182_cov_10.214_ID_225
			  Overlap between these two alignments (local misassembly). Inconsistency = -2 
			Real Alignment 2: 747239 755477 | 3832 12070 | 8239 8239 | 96.49 | Eubacterium_biforme_gi_224515307_ref_NZ_ NODE_113_length_57182_cov_10.214_ID_225
			  Extensive misassembly ( relocation, inconsistency = 10060 ) between these two alignments
			Real Alignment 3: 768134 777213 | 14667 23741 | 9080 9075 | 96.29 | Eubacterium_biforme_gi_224515307_ref_NZ_ NODE_113_length_57182_cov_10.214_ID_225
			  Extensive misassembly ( relocation, inconsistency = 24047 ) between these two alignments
			Excluding internal overlap of size 12 between Alignment 4 and 5:  802708 804350 | 25189 26831 | 1643 1643 --> 802708 804338 | 25189 26819 | 1631 1631
			Real Alignment 4: 802708 804338 | 25189 26819 | 1631 1631 | 97.69 | Eubacterium_biforme_gi_224515307_ref_NZ_ NODE_113_length_57182_cov_10.214_ID_225
			  Extensive misassembly ( relocation, inconsistency = 2091 ) between these two alignments
			Real Alignment 5: 806430 818493 | 26820 38873 | 12064 12054 | 97.18 | Eubacterium_biforme_gi_224515307_ref_NZ_ NODE_113_length_57182_cov_10.214_ID_225
			  Overlap between these two alignments (local misassembly). Inconsistency = -805 
			Real Alignment 6: 827387 829584 | 48572 50769 | 2198 2198 | 96.31 | Eubacterium_biforme_gi_224515307_ref_NZ_ NODE_113_length_57182_cov_10.214_ID_225
		This contig has significant unaligned parts (of length >= min-contig)! It can contain interspecies translocations

CONTIG: NODE_2162_length_6365_cov_1.65674_ID_4323 (6365bp)
Top Length: 1344  Top ID: 95.98
		This contig is partially unaligned. (Aligned 1344 out of 6365 bases)
		Alignment: 783795 785138 | 2204 861 | 1344 1344 | 95.98 | Eubacterium_biforme_gi_224515307_ref_NZ_ NODE_2162_length_6365_cov_1.65674_ID_4323
		Unaligned bases: 1 to 860 (860)
		Unaligned bases: 2205 to 6365 (4161)
		This contig has both significant aligned and unaligned parts (of length >= min-contig)! It can contain interspecies translocations

CONTIG: NODE_2366_length_5944_cov_1.73748_ID_4731 (5944bp)
Top Length: 5626  Top ID: 97.99
		This contig is partially unaligned. (Aligned 5626 out of 5944 bases)
		Alignment: 757325 762940 | 5626 1 | 5616 5626 | 97.99 | Eubacterium_biforme_gi_224515307_ref_NZ_ NODE_2366_length_5944_cov_1.73748_ID_4731
		Unaligned bases: 5627 to 5944 (318)

CONTIG: NODE_2743_length_5292_cov_1.08192_ID_5485 (5292bp)
Top Length: 113  Top ID: 97.35
		This contig is partially unaligned. (Aligned 113 out of 5292 bases)
		Alignment: 793750 793862 | 4078 4190 | 113 113 | 97.35 | Eubacterium_biforme_gi_224515307_ref_NZ_ NODE_2743_length_5292_cov_1.08192_ID_5485
		Unaligned bases: 1 to 4077 (4077)
		Unaligned bases: 4191 to 5292 (1102)

CONTIG: NODE_3164_length_4738_cov_7.40102_ID_6327 (4738bp)
Top Length: 2940  Top ID: 99.01
		This contig is partially unaligned. (Aligned 2940 out of 4738 bases)
		Alignment: 740342 743282 | 945 3884 | 2941 2940 | 99.01 | Eubacterium_biforme_gi_224515307_ref_NZ_ NODE_3164_length_4738_cov_7.40102_ID_6327
		Unaligned bases: 1 to 944 (944)
		Unaligned bases: 3885 to 4738 (854)
		This contig has both significant aligned and unaligned parts (of length >= min-contig)! It can contain interspecies translocations

CONTIG: NODE_6592_length_2650_cov_0.954528_ID_13183 (2650bp)
Top Length: 2650  Top ID: 96.79
		One align captures most of this contig: 785104 787753 | 1 2650 | 2650 2650 | 96.79 | Eubacterium_biforme_gi_224515307_ref_NZ_ NODE_6592_length_2650_cov_0.954528_ID_13183

CONTIG: NODE_15369_length_1237_cov_1.34095_ID_30737 (1237bp)
Top Length: 828  Top ID: 98.79
		This contig is misassembled. 2 total aligns.
			Excluding internal overlap of size 9 between Alignment 1 and 2:  804615 805030 | 1237 822 | 416 416 --> 804615 805021 | 1237 831 | 407 407
			Real Alignment 1: 805556 806384 | 830 3 | 829 828 | 98.79 | Eubacterium_biforme_gi_224515307_ref_NZ_ NODE_15369_length_1237_cov_1.34095_ID_30737
			  Gap between these two alignments (local misassembly). Inconsistency = 534 
			Real Alignment 2: 804615 805021 | 1237 831 | 407 407 | 97.84 | Eubacterium_biforme_gi_224515307_ref_NZ_ NODE_15369_length_1237_cov_1.34095_ID_30737

CONTIG: NODE_15831_length_1201_cov_0.913613_ID_31661 (1201bp)
Top Length: 1189  Top ID: 97.56
		One align captures most of this contig: 793907 795075 | 1201 13 | 1169 1189 | 97.56 | Eubacterium_biforme_gi_224515307_ref_NZ_ NODE_15831_length_1201_cov_0.913613_ID_31661

CONTIG: NODE_24886_length_779_cov_0.751381_ID_49771 (779bp)
Top Length: 399  Top ID: 100.0
		This contig is misassembled. 2 total aligns.
			Real Alignment 1: 793338 793736 | 399 1 | 399 399 | 100.0 | Eubacterium_biforme_gi_224515307_ref_NZ_ NODE_24886_length_779_cov_0.751381_ID_49771
			  Fake misassembly between these two alignments: inconsistency = -2 , gap in the contig is small or absent or filled mostly with Ns (short indel: insertion of length 2; 0 mismatches)
			Real Alignment 2: 792960 793240 | 779 499 | 281 281 | 99.64 | Eubacterium_biforme_gi_224515307_ref_NZ_ NODE_24886_length_779_cov_0.751381_ID_49771

CONTIG: NODE_25602_length_756_cov_0.934379_ID_51203 (756bp)
Top Length: 212  Top ID: 98.58
		This contig is partially unaligned. (Aligned 212 out of 756 bases)
		Alignment: 800842 801053 | 545 756 | 212 212 | 98.58 | Eubacterium_biforme_gi_224515307_ref_NZ_ NODE_25602_length_756_cov_0.934379_ID_51203
		Unaligned bases: 1 to 544 (544)

CONTIG: NODE_27391_length_708_cov_0.782542_ID_54781 (708bp)
Top Length: 708  Top ID: 99.44
		One align captures most of this contig: 745221 745928 | 1 708 | 708 708 | 99.44 | Eubacterium_biforme_gi_224515307_ref_NZ_ NODE_27391_length_708_cov_0.782542_ID_54781

CONTIG: NODE_29153_length_666_cov_0.685761_ID_58305 (666bp)
Top Length: 636  Top ID: 99.21
		This contig is partially unaligned. (Aligned 636 out of 666 bases)
		Alignment: 795456 796091 | 1 636 | 636 636 | 99.21 | Eubacterium_biforme_gi_224515307_ref_NZ_ NODE_29153_length_666_cov_0.685761_ID_58305
		Unaligned bases: 637 to 666 (30)

Analyzing coverage...
Writing SNPs into /Molly/gurevich/MetaQUAST/res_final/res_metahit_final/runs_per_reference/Eubacterium_biforme/contigs_reports/nucmer_output/SPAdes.used_snps
	Reference Eubacterium_biforme_gi_224515307_ref_NZ_: 21 total alignments. 1 total regions.
		Region: 1 to 2517763 (2517763 bp)
			START in gap: 1 to 541039 (541038 bp)
			Align 1: 541039 541787 NODE_40_length_85969_cov_7.38487_ID_79 5464 4716
				Gap between this and next alignment: 541787 to 740342 (198554 bp)
				Next Alignment: 740342 743282 NODE_3164_length_4738_cov_7.40102_ID_6327 945 3884

			Align 2: 740342 743282 NODE_3164_length_4738_cov_7.40102_ID_6327 945 3884
				Gap between this and next alignment: 743282 to 744624 (1341 bp)
				Next Alignment: 744624 745227 NODE_40_length_85969_cov_7.38487_ID_79 85915 85315

			Align 3: 744624 745227 NODE_40_length_85969_cov_7.38487_ID_79 85915 85315
				Negative gap (overlap) between this and next alignment: 745227 to 745221 (-6 bp)
				Next Alignment: 745221 745928 NODE_27391_length_708_cov_0.782542_ID_54781 1 708

			Previous gap was negative, modifying coordinates to ignore overlap
				Moving contig start from 1 to 8.
			Align 4: 745228 745928 NODE_27391_length_708_cov_0.782542_ID_54781 8 708
				Gap between this and next alignment: 745928 to 746298 (369 bp)
				Next Alignment: 746298 746928 NODE_113_length_57182_cov_10.214_ID_225 2889 3519

			Align 5: 746298 746928 NODE_113_length_57182_cov_10.214_ID_225 2889 3519
				Gap between this and next alignment: 746928 to 747239 (310 bp)
				Next Alignment: 747239 755477 NODE_113_length_57182_cov_10.214_ID_225 3832 12070

			Align 6: 747239 755477 NODE_113_length_57182_cov_10.214_ID_225 3832 12070
				Gap between this and next alignment: 755477 to 757325 (1847 bp)
				Next Alignment: 757325 762940 NODE_2366_length_5944_cov_1.73748_ID_4731 5626 1

			Align 7: 757325 762940 NODE_2366_length_5944_cov_1.73748_ID_4731 5626 1
				Gap between this and next alignment: 762940 to 768134 (5193 bp)
				Next Alignment: 768134 777213 NODE_113_length_57182_cov_10.214_ID_225 14667 23741

			Align 8: 768134 777213 NODE_113_length_57182_cov_10.214_ID_225 14667 23741
				Gap between this and next alignment: 777213 to 783795 (6581 bp)
				Next Alignment: 783795 785138 NODE_2162_length_6365_cov_1.65674_ID_4323 2204 861

			Align 9: 783795 785138 NODE_2162_length_6365_cov_1.65674_ID_4323 2204 861
				Negative gap (overlap) between this and next alignment: 785138 to 785104 (-34 bp)
				Next Alignment: 785104 787753 NODE_6592_length_2650_cov_0.954528_ID_13183 1 2650

			Previous gap was negative, modifying coordinates to ignore overlap
				Moving contig start from 1 to 36.
			Align 10: 785139 787753 NODE_6592_length_2650_cov_0.954528_ID_13183 36 2650
				Gap between this and next alignment: 787753 to 792960 (5206 bp)
				Next Alignment: 792960 793240 NODE_24886_length_779_cov_0.751381_ID_49771 779 499

			Align 11: 792960 793240 NODE_24886_length_779_cov_0.751381_ID_49771 779 499
				Gap between this and next alignment: 793240 to 793338 (97 bp)
				Next Alignment: 793338 793736 NODE_24886_length_779_cov_0.751381_ID_49771 399 1

			Align 12: 793338 793736 NODE_24886_length_779_cov_0.751381_ID_49771 399 1
				Gap between this and next alignment: 793736 to 793750 (13 bp)
				Next Alignment: 793750 793862 NODE_2743_length_5292_cov_1.08192_ID_5485 4078 4190

			Align 13: 793750 793862 NODE_2743_length_5292_cov_1.08192_ID_5485 4078 4190
				Gap between this and next alignment: 793862 to 793907 (44 bp)
				Next Alignment: 793907 795075 NODE_15831_length_1201_cov_0.913613_ID_31661 1201 13

			Align 14: 793907 795075 NODE_15831_length_1201_cov_0.913613_ID_31661 1201 13
				Gap between this and next alignment: 795075 to 795456 (380 bp)
				Next Alignment: 795456 796091 NODE_29153_length_666_cov_0.685761_ID_58305 1 636

			Align 15: 795456 796091 NODE_29153_length_666_cov_0.685761_ID_58305 1 636
				Gap between this and next alignment: 796091 to 800842 (4750 bp)
				Next Alignment: 800842 801053 NODE_25602_length_756_cov_0.934379_ID_51203 545 756

			Align 16: 800842 801053 NODE_25602_length_756_cov_0.934379_ID_51203 545 756
				Gap between this and next alignment: 801053 to 802708 (1654 bp)
				Next Alignment: 802708 804338 NODE_113_length_57182_cov_10.214_ID_225 25189 26819

			Align 17: 802708 804338 NODE_113_length_57182_cov_10.214_ID_225 25189 26819
				Gap between this and next alignment: 804338 to 804615 (276 bp)
				Next Alignment: 804615 805021 NODE_15369_length_1237_cov_1.34095_ID_30737 1237 831

			Align 18: 804615 805021 NODE_15369_length_1237_cov_1.34095_ID_30737 1237 831
				Gap between this and next alignment: 805021 to 805556 (534 bp)
				Next Alignment: 805556 806384 NODE_15369_length_1237_cov_1.34095_ID_30737 830 3

			Align 19: 805556 806384 NODE_15369_length_1237_cov_1.34095_ID_30737 830 3
				Gap between this and next alignment: 806384 to 806430 (45 bp)
				Next Alignment: 806430 818493 NODE_113_length_57182_cov_10.214_ID_225 26820 38873

			Align 20: 806430 818493 NODE_113_length_57182_cov_10.214_ID_225 26820 38873
				Gap between this and next alignment: 818493 to 827387 (8893 bp)
				Next Alignment: 827387 829584 NODE_113_length_57182_cov_10.214_ID_225 48572 50769

			Align 21: 827387 829584 NODE_113_length_57182_cov_10.214_ID_225 48572 50769
			END in gap: 829584 to 2517763 (1688179 bp)

Analysis is finished!
Founded SNPs were written into /Molly/gurevich/MetaQUAST/res_final/res_metahit_final/runs_per_reference/Eubacterium_biforme/contigs_reports/nucmer_output/SPAdes.used_snps

Results:
	Local Misassemblies: 3
	Misassemblies: 3
		Relocations: 3
		Translocations: 0
		Inversions: 0
	Fake misassemblies matched with structural variations: 0
	Misassembled Contigs: 1
	Misassembled Contig Bases: 57182
	Misassemblies Inter-Contig Overlap: 0
Uncovered Regions: 0 (0)
Unaligned Contigs: 0 + 7 part
Partially Unaligned Contigs with Misassemblies: 1
Unaligned Contig Bases: 97509

Ambiguously Mapped Contigs: 0
Total Bases in Ambiguously Mapped Contigs: 0
Note that --allow-ambiguity option was set to "one" and only first alignment per each contig was used.

	Covered Bases: 52459

	SNPs: 1300
	Insertions: 34
	Deletions: 32

	Positive Gaps: 20
		Internal Gaps:  4
		External Gaps:  16
		External Gap Total:  2455470
		External Gap Average: 153467
	Negative Gaps: 2
		Internal Overlaps:  0
		External Overlaps:  2
		External Overlaps Total: -40
		External Overlaps Average: -20
	Contigs with Redundant Alignments: 0 (0)
