Aligning contigs to reference...
	Running Nucmer
Parsing coords...
Loading reference...
	Loaded [Bacteroides_sp_1_1_6_gi_384096973_ref_NZ_]
	Loaded [Bacteroides_sp_1_1_6_gi_384096974_ref_NZ_]
	Loaded [Bacteroides_sp_1_1_6_gi_384096975_ref_NZ_]
	Loaded [Bacteroides_sp_1_1_6_gi_384096976_ref_NZ_]
	Loaded [Bacteroides_sp_1_1_6_gi_384096977_ref_NZ_]
	Loaded [Bacteroides_sp_1_1_6_gi_384096978_ref_NZ_]
	Loaded [Bacteroides_sp_1_1_6_gi_384096979_ref_NZ_]
	Loaded [Bacteroides_sp_1_1_6_gi_384096980_ref_NZ_]
	Loaded [Bacteroides_sp_1_1_6_gi_384096981_ref_NZ_]
	Loaded [Bacteroides_sp_1_1_6_gi_384096982_ref_NZ_]
	Loaded [Bacteroides_sp_1_1_6_gi_384096983_ref_NZ_]
	Loaded [Bacteroides_sp_1_1_6_gi_384096984_ref_NZ_]
	Loaded [Bacteroides_sp_1_1_6_gi_384096985_ref_NZ_]
	Loaded [Bacteroides_sp_1_1_6_gi_384096986_ref_NZ_]
	Loaded [Bacteroides_sp_1_1_6_gi_384096987_ref_NZ_]
Loading SNPs...
Loading regions...
	No regions given, using whole reference.
	Total Regions: 15
	Total Region Length: 6760735
Analyzing contigs...
CONTIG: scaffold-5332 (645bp)
Top Length: 645  Top ID: 99.84
		One align captures most of this contig: 55903 56547 | 645 1 | 645 645 | 99.84 | Bacteroides_sp_1_1_6_gi_384096976_ref_NZ_ scaffold-5332

CONTIG: scaffold-6202 (561bp)
Top Length: 561  Top ID: 99.64
		One align captures most of this contig: 33122 33682 | 1 561 | 561 561 | 99.64 | Bacteroides_sp_1_1_6_gi_384096976_ref_NZ_ scaffold-6202

CONTIG: scaffold-3295 (1155bp)
Top Length: 1155  Top ID: 99.74
		Marking as insignificant: 101039 101154 | 1040 1155 | 116 116 | 100.0 | Bacteroides_sp_1_1_6_gi_384096980_ref_NZ_ scaffold-3295
		Marking as insignificant: 221063 221237 | 1 175 | 175 175 | 100.0 | Bacteroides_sp_1_1_6_gi_384096987_ref_NZ_ scaffold-3295
		Marking as insignificant: 332727 332909 | 1155 973 | 183 183 | 100.0 | Bacteroides_sp_1_1_6_gi_384096974_ref_NZ_ scaffold-3295
		Marking as insignificant: 403673 403865 | 1155 963 | 193 193 | 100.0 | Bacteroides_sp_1_1_6_gi_384096980_ref_NZ_ scaffold-3295
		Marking as insignificant: 559895 560117 | 1155 933 | 223 223 | 100.0 | Bacteroides_sp_1_1_6_gi_384096982_ref_NZ_ scaffold-3295
		Marking as insignificant: 413863 414090 | 928 1155 | 228 228 | 99.56 | Bacteroides_sp_1_1_6_gi_384096987_ref_NZ_ scaffold-3295
		Marking as insignificant: 277573 277799 | 1155 928 | 227 228 | 99.56 | Bacteroides_sp_1_1_6_gi_384096987_ref_NZ_ scaffold-3295
		Marking as insignificant: 145260 145486 | 1155 929 | 227 227 | 100.0 | Bacteroides_sp_1_1_6_gi_384096987_ref_NZ_ scaffold-3295
		Marking as insignificant: 1304252 1304478 | 929 1155 | 227 227 | 100.0 | Bacteroides_sp_1_1_6_gi_384096986_ref_NZ_ scaffold-3295
		Marking as insignificant: 179868 180095 | 928 1155 | 228 228 | 100.0 | Bacteroides_sp_1_1_6_gi_384096987_ref_NZ_ scaffold-3295
		Marking as insignificant: 407343 407575 | 233 1 | 233 233 | 100.0 | Bacteroides_sp_1_1_6_gi_384096983_ref_NZ_ scaffold-3295
		Marking as insignificant: 148022 148257 | 236 1 | 236 236 | 100.0 | Bacteroides_sp_1_1_6_gi_384096976_ref_NZ_ scaffold-3295
		Marking as insignificant: 147677 147921 | 1155 911 | 245 245 | 100.0 | Bacteroides_sp_1_1_6_gi_384096976_ref_NZ_ scaffold-3295
		Marking as insignificant: 221342 221588 | 910 1155 | 247 246 | 99.6 | Bacteroides_sp_1_1_6_gi_384096987_ref_NZ_ scaffold-3295
		Marking as insignificant: 373957 374202 | 910 1155 | 246 246 | 100.0 | Bacteroides_sp_1_1_6_gi_384096985_ref_NZ_ scaffold-3295
		Marking as insignificant: 403966 404214 | 249 1 | 249 249 | 100.0 | Bacteroides_sp_1_1_6_gi_384096980_ref_NZ_ scaffold-3295
		Marking as insignificant: 406983 407242 | 1155 897 | 260 259 | 99.62 | Bacteroides_sp_1_1_6_gi_384096983_ref_NZ_ scaffold-3295
		Marking as insignificant: 990215 990473 | 259 1 | 259 259 | 100.0 | Bacteroides_sp_1_1_6_gi_384096974_ref_NZ_ scaffold-3295
		Marking as insignificant: 902049 902314 | 1155 893 | 266 263 | 98.87 | Bacteroides_sp_1_1_6_gi_384096974_ref_NZ_ scaffold-3295
		Marking as insignificant: 1303885 1304151 | 1 267 | 267 267 | 100.0 | Bacteroides_sp_1_1_6_gi_384096986_ref_NZ_ scaffold-3295
		Marking as insignificant: 176137 176407 | 1155 885 | 271 271 | 100.0 | Bacteroides_sp_1_1_6_gi_384096976_ref_NZ_ scaffold-3295
		Marking as insignificant: 989844 990114 | 1155 885 | 271 271 | 100.0 | Bacteroides_sp_1_1_6_gi_384096974_ref_NZ_ scaffold-3295
		Marking as insignificant: 145587 145860 | 273 1 | 274 273 | 99.64 | Bacteroides_sp_1_1_6_gi_384096987_ref_NZ_ scaffold-3295
		Marking as insignificant: 902416 902688 | 273 1 | 273 273 | 100.0 | Bacteroides_sp_1_1_6_gi_384096974_ref_NZ_ scaffold-3295
		Marking as insignificant: 277900 278172 | 273 1 | 273 273 | 100.0 | Bacteroides_sp_1_1_6_gi_384096987_ref_NZ_ scaffold-3295
		Marking as insignificant: 560221 560494 | 274 1 | 274 274 | 100.0 | Bacteroides_sp_1_1_6_gi_384096982_ref_NZ_ scaffold-3295
		Marking as insignificant: 476749 477028 | 1 280 | 280 280 | 100.0 | Bacteroides_sp_1_1_6_gi_384096986_ref_NZ_ scaffold-3295
		Marking as insignificant: 1066182 1066466 | 871 1155 | 285 285 | 100.0 | Bacteroides_sp_1_1_6_gi_384096986_ref_NZ_ scaffold-3295
		Marking as insignificant: 768515 768801 | 869 1155 | 287 287 | 100.0 | Bacteroides_sp_1_1_6_gi_384096986_ref_NZ_ scaffold-3295
		Marking as insignificant: 896501 896788 | 1155 868 | 288 288 | 100.0 | Bacteroides_sp_1_1_6_gi_384096982_ref_NZ_ scaffold-3295
		Marking as insignificant: 477133 477421 | 867 1155 | 289 289 | 100.0 | Bacteroides_sp_1_1_6_gi_384096986_ref_NZ_ scaffold-3295
		Marking as insignificant: 100650 100938 | 1 290 | 289 290 | 99.66 | Bacteroides_sp_1_1_6_gi_384096980_ref_NZ_ scaffold-3295
		Marking as insignificant: 373567 373856 | 1 290 | 290 290 | 100.0 | Bacteroides_sp_1_1_6_gi_384096985_ref_NZ_ scaffold-3295
		Marking as insignificant: 176508 176800 | 293 1 | 293 293 | 100.0 | Bacteroides_sp_1_1_6_gi_384096976_ref_NZ_ scaffold-3295
		Marking as insignificant: 179472 179767 | 1 295 | 296 295 | 99.66 | Bacteroides_sp_1_1_6_gi_384096987_ref_NZ_ scaffold-3295
		Marking as insignificant: 333010 333305 | 296 1 | 296 296 | 100.0 | Bacteroides_sp_1_1_6_gi_384096974_ref_NZ_ scaffold-3295
		Marking as insignificant: 413463 413762 | 1 300 | 300 300 | 100.0 | Bacteroides_sp_1_1_6_gi_384096987_ref_NZ_ scaffold-3295
		Marking as insignificant: 896890 897191 | 302 1 | 302 302 | 100.0 | Bacteroides_sp_1_1_6_gi_384096982_ref_NZ_ scaffold-3295
		Marking as insignificant: 1065773 1066081 | 1 309 | 309 309 | 100.0 | Bacteroides_sp_1_1_6_gi_384096986_ref_NZ_ scaffold-3295
		Marking as insignificant: 768106 768414 | 1 309 | 309 309 | 100.0 | Bacteroides_sp_1_1_6_gi_384096986_ref_NZ_ scaffold-3295
		One align captures most of this contig: 396905 398061 | 1 1155 | 1157 1155 | 99.74 | Bacteroides_sp_1_1_6_gi_384096980_ref_NZ_ scaffold-3295

CONTIG: scaffold-3558 (1615bp)
Top Length: 1605  Top ID: 100.0
		Marking as insignificant: 226139 226300 | 172 11 | 162 162 | 100.0 | Bacteroides_sp_1_1_6_gi_384096974_ref_NZ_ scaffold-3558
		Marking as insignificant: 1071947 1072153 | 457 251 | 207 207 | 100.0 | Bacteroides_sp_1_1_6_gi_384096974_ref_NZ_ scaffold-3558
		Marking as insignificant: 373966 374206 | 4 244 | 241 241 | 99.17 | Bacteroides_sp_1_1_6_gi_384096980_ref_NZ_ scaffold-3558
		Marking as insignificant: 374307 374551 | 1370 1614 | 245 245 | 100.0 | Bacteroides_sp_1_1_6_gi_384096980_ref_NZ_ scaffold-3558
		Marking as insignificant: 70556 70800 | 1370 1614 | 245 245 | 100.0 | Bacteroides_sp_1_1_6_gi_384096975_ref_NZ_ scaffold-3558
		Marking as insignificant: 1128581 1128825 | 255 11 | 245 245 | 100.0 | Bacteroides_sp_1_1_6_gi_384096974_ref_NZ_ scaffold-3558
		Marking as insignificant: 76260 76508 | 1366 1614 | 249 249 | 100.0 | Bacteroides_sp_1_1_6_gi_384096987_ref_NZ_ scaffold-3558
		Marking as insignificant: 67821 68070 | 1614 1364 | 250 251 | 99.6 | Bacteroides_sp_1_1_6_gi_384096985_ref_NZ_ scaffold-3558
		Marking as insignificant: 144058 144314 | 11 266 | 257 256 | 99.61 | Bacteroides_sp_1_1_6_gi_384096974_ref_NZ_ scaffold-3558
		Marking as insignificant: 144416 144683 | 1353 1614 | 268 262 | 97.76 | Bacteroides_sp_1_1_6_gi_384096974_ref_NZ_ scaffold-3558
		Marking as insignificant: 75894 76159 | 11 276 | 266 266 | 100.0 | Bacteroides_sp_1_1_6_gi_384096987_ref_NZ_ scaffold-3558
		Marking as insignificant: 1071578 1071846 | 1614 1346 | 269 269 | 100.0 | Bacteroides_sp_1_1_6_gi_384096974_ref_NZ_ scaffold-3558
		Marking as insignificant: 175501 175773 | 11 283 | 273 273 | 100.0 | Bacteroides_sp_1_1_6_gi_384096987_ref_NZ_ scaffold-3558
		Marking as insignificant: 175874 176152 | 1337 1615 | 279 279 | 100.0 | Bacteroides_sp_1_1_6_gi_384096987_ref_NZ_ scaffold-3558
		Marking as insignificant: 225754 226038 | 1615 1331 | 285 285 | 100.0 | Bacteroides_sp_1_1_6_gi_384096974_ref_NZ_ scaffold-3558
		Marking as insignificant: 68171 68456 | 295 10 | 286 286 | 100.0 | Bacteroides_sp_1_1_6_gi_384096985_ref_NZ_ scaffold-3558
		Marking as insignificant: 70168 70455 | 11 298 | 288 288 | 100.0 | Bacteroides_sp_1_1_6_gi_384096975_ref_NZ_ scaffold-3558
		One align captures most of this contig: 370669 372273 | 11 1615 | 1605 1605 | 100.0 | Bacteroides_sp_1_1_6_gi_384096980_ref_NZ_ scaffold-3558

CONTIG: scaffold-3822 (1491bp)
Top Length: 1491  Top ID: 99.66
		One align captures most of this contig: 136064 137554 | 1491 1 | 1491 1491 | 99.66 | Bacteroides_sp_1_1_6_gi_384096980_ref_NZ_ scaffold-3822

CONTIG: scaffold-4421 (791bp)
Top Length: 791  Top ID: 99.62
		One align captures most of this contig: 70204 70994 | 791 1 | 791 791 | 99.62 | Bacteroides_sp_1_1_6_gi_384096980_ref_NZ_ scaffold-4421

CONTIG: scaffold-5379 (615bp)
Top Length: 615  Top ID: 99.35
		One align captures most of this contig: 71003 71617 | 615 1 | 615 615 | 99.35 | Bacteroides_sp_1_1_6_gi_384096980_ref_NZ_ scaffold-5379

CONTIG: scaffold-6670 (526bp)
Top Length: 526  Top ID: 100.0
		One align captures most of this contig: 157454 157979 | 1 526 | 526 526 | 100.0 | Bacteroides_sp_1_1_6_gi_384096980_ref_NZ_ scaffold-6670

CONTIG: scaffold-6832 (572bp)
Top Length: 572  Top ID: 100.0
		One align captures most of this contig: 375642 376213 | 572 1 | 572 572 | 100.0 | Bacteroides_sp_1_1_6_gi_384096980_ref_NZ_ scaffold-6832

CONTIG: scaffold-8595 (639bp)
Top Length: 639  Top ID: 99.69
		One align captures most of this contig: 199913 200551 | 639 1 | 639 639 | 99.69 | Bacteroides_sp_1_1_6_gi_384096980_ref_NZ_ scaffold-8595

CONTIG: scaffold-10613 (1582bp)
Top Length: 1580  Top ID: 96.71
		One align captures most of this contig: 527140 528719 | 1 1580 | 1580 1580 | 96.71 | Bacteroides_sp_1_1_6_gi_384096980_ref_NZ_ scaffold-10613

CONTIG: scaffold-25832 (573bp)
Top Length: 573  Top ID: 100.0
		One align captures most of this contig: 390553 391125 | 1 573 | 573 573 | 100.0 | Bacteroides_sp_1_1_6_gi_384096980_ref_NZ_ scaffold-25832

CONTIG: scaffold-40937 (506bp)
Top Length: 506  Top ID: 95.45
		One align captures most of this contig: 520530 521035 | 1 506 | 506 506 | 95.45 | Bacteroides_sp_1_1_6_gi_384096980_ref_NZ_ scaffold-40937

CONTIG: scaffold-643 (9508bp)
Top Length: 1382  Top ID: 97.04
		This contig is partially unaligned. (Aligned 1382 out of 9508 bases)
		Alignment: 1026850 1028231 | 8631 7250 | 1382 1382 | 97.04 | Bacteroides_sp_1_1_6_gi_384096974_ref_NZ_ scaffold-643
		Unaligned bases: 1 to 7249 (7249)
		Unaligned bases: 8632 to 9508 (877)
		This contig has both significant aligned and unaligned parts (of length >= min-contig)! It can contain interspecies translocations

CONTIG: scaffold-1284 (10371bp)
Top Length: 2295  Top ID: 97.21
		This contig is partially unaligned. (Aligned 2295 out of 10371 bases)
		Alignment: 1043460 1045755 | 8076 10370 | 2296 2295 | 97.21 | Bacteroides_sp_1_1_6_gi_384096974_ref_NZ_ scaffold-1284
		Unaligned bases: 1 to 8075 (8075)
		Unaligned bases: 10371 to 10371 (1)
		This contig has both significant aligned and unaligned parts (of length >= min-contig)! It can contain interspecies translocations

CONTIG: scaffold-1999 (1045bp)
Top Length: 526  Top ID: 99.81
		This contig is misassembled. 2 total aligns.
			Real Alignment 1: 243522 244047 | 526 1 | 526 526 | 99.81 | Bacteroides_sp_1_1_6_gi_384096974_ref_NZ_ scaffold-1999
			  Overlap between these two alignments (local misassembly). Inconsistency = -214 
			Real Alignment 2: 243220 243704 | 1042 558 | 485 485 | 99.38 | Bacteroides_sp_1_1_6_gi_384096974_ref_NZ_ scaffold-1999

CONTIG: scaffold-3273 (2220bp)
Top Length: 1191  Top ID: 99.92
		This contig is misassembled. 2 total aligns.
			Real Alignment 1: 899726 900917 | 1191 1 | 1192 1191 | 99.92 | Bacteroides_sp_1_1_6_gi_384096974_ref_NZ_ scaffold-3273
			  Extensive misassembly ( translocation ) between these two alignments
			Real Alignment 2: 36898 37084 | 1610 1796 | 187 187 | 97.33 | Bacteroides_sp_1_1_6_gi_384096983_ref_NZ_ scaffold-3273
		This contig has significant unaligned parts (of length >= min-contig)! It can contain interspecies translocations

CONTIG: scaffold-4268 (762bp)
Top Length: 762  Top ID: 100.0
		One align captures most of this contig: 721639 722400 | 1 762 | 762 762 | 100.0 | Bacteroides_sp_1_1_6_gi_384096974_ref_NZ_ scaffold-4268

CONTIG: scaffold-4562 (713bp)
Top Length: 713  Top ID: 100.0
		One align captures most of this contig: 384896 385608 | 713 1 | 713 713 | 100.0 | Bacteroides_sp_1_1_6_gi_384096974_ref_NZ_ scaffold-4562

CONTIG: scaffold-4976 (685bp)
Top Length: 685  Top ID: 99.85
		One align captures most of this contig: 202538 203222 | 1 685 | 685 685 | 99.85 | Bacteroides_sp_1_1_6_gi_384096974_ref_NZ_ scaffold-4976

CONTIG: scaffold-5801 (591bp)
Top Length: 591  Top ID: 100.0
		One align captures most of this contig: 651278 651868 | 1 591 | 591 591 | 100.0 | Bacteroides_sp_1_1_6_gi_384096974_ref_NZ_ scaffold-5801

CONTIG: scaffold-6255 (568bp)
Top Length: 568  Top ID: 99.47
		One align captures most of this contig: 626657 627225 | 568 1 | 569 568 | 99.47 | Bacteroides_sp_1_1_6_gi_384096974_ref_NZ_ scaffold-6255

CONTIG: scaffold-6689 (500bp)
Top Length: 500  Top ID: 99.8
		One align captures most of this contig: 422497 422996 | 1 500 | 500 500 | 99.8 | Bacteroides_sp_1_1_6_gi_384096974_ref_NZ_ scaffold-6689

CONTIG: scaffold-6753 (526bp)
Top Length: 526  Top ID: 99.81
		One align captures most of this contig: 82358 82883 | 1 526 | 526 526 | 99.81 | Bacteroides_sp_1_1_6_gi_384096974_ref_NZ_ scaffold-6753

CONTIG: scaffold-6857 (514bp)
Top Length: 514  Top ID: 99.81
		One align captures most of this contig: 253900 254413 | 514 1 | 514 514 | 99.81 | Bacteroides_sp_1_1_6_gi_384096974_ref_NZ_ scaffold-6857

CONTIG: scaffold-7791 (517bp)
Top Length: 517  Top ID: 99.81
		One align captures most of this contig: 250117 250633 | 1 517 | 517 517 | 99.81 | Bacteroides_sp_1_1_6_gi_384096974_ref_NZ_ scaffold-7791

CONTIG: scaffold-7806 (649bp)
Top Length: 649  Top ID: 99.85
		One align captures most of this contig: 352599 353247 | 649 1 | 649 649 | 99.85 | Bacteroides_sp_1_1_6_gi_384096974_ref_NZ_ scaffold-7806

CONTIG: scaffold-14184 (530bp)
Top Length: 530  Top ID: 99.62
		One align captures most of this contig: 204388 204917 | 530 1 | 530 530 | 99.62 | Bacteroides_sp_1_1_6_gi_384096974_ref_NZ_ scaffold-14184

CONTIG: scaffold-17910 (500bp)
Top Length: 500  Top ID: 99.6
		One align captures most of this contig: 237929 238428 | 1 500 | 500 500 | 99.6 | Bacteroides_sp_1_1_6_gi_384096974_ref_NZ_ scaffold-17910

CONTIG: scaffold-90069 (602bp)
Top Length: 602  Top ID: 99.67
		One align captures most of this contig: 241849 242450 | 602 1 | 602 602 | 99.67 | Bacteroides_sp_1_1_6_gi_384096974_ref_NZ_ scaffold-90069

CONTIG: scaffold-103614 (657bp)
Top Length: 656  Top ID: 98.63
		One align captures most of this contig: 599240 599895 | 657 2 | 656 656 | 98.63 | Bacteroides_sp_1_1_6_gi_384096974_ref_NZ_ scaffold-103614

CONTIG: scaffold-76703 (570bp)
Top Length: 570  Top ID: 96.67
		One align captures most of this contig: 10694 11263 | 570 1 | 570 570 | 96.67 | Bacteroides_sp_1_1_6_gi_384096984_ref_NZ_ scaffold-76703

CONTIG: scaffold-1842 (1241bp)
Top Length: 605  Top ID: 99.67
		This contig is misassembled. 2 total aligns.
			Real Alignment 1: 449547 450119 | 573 1 | 573 573 | 100.0 | Bacteroides_sp_1_1_6_gi_384096986_ref_NZ_ scaffold-1842
			  Overlap between these two alignments (local misassembly). Inconsistency = -146 
			Real Alignment 2: 449025 449629 | 1241 637 | 605 605 | 99.67 | Bacteroides_sp_1_1_6_gi_384096986_ref_NZ_ scaffold-1842

CONTIG: scaffold-1984 (1208bp)
Top Length: 562  Top ID: 100.0
		This contig is misassembled. 2 total aligns.
			Real Alignment 1: 837323 837792 | 470 1 | 470 470 | 100.0 | Bacteroides_sp_1_1_6_gi_384096986_ref_NZ_ scaffold-1984
			  Overlap between these two alignments (local misassembly). Inconsistency = -177 
			Real Alignment 2: 836762 837323 | 1208 647 | 562 562 | 100.0 | Bacteroides_sp_1_1_6_gi_384096986_ref_NZ_ scaffold-1984

CONTIG: scaffold-2579 (17183bp)
Top Length: 96  Top ID: 95.83
		This contig is partially unaligned. (Aligned 96 out of 17183 bases)
		Alignment: 598818 598913 | 17183 17088 | 96 96 | 95.83 | Bacteroides_sp_1_1_6_gi_384096986_ref_NZ_ scaffold-2579
		Unaligned bases: 1 to 17087 (17087)

CONTIG: scaffold-3471 (995bp)
Top Length: 995  Top ID: 99.9
		One align captures most of this contig: 883826 884820 | 1 995 | 995 995 | 99.9 | Bacteroides_sp_1_1_6_gi_384096986_ref_NZ_ scaffold-3471

CONTIG: scaffold-3699 (950bp)
Top Length: 950  Top ID: 99.89
		One align captures most of this contig: 917399 918348 | 1 950 | 950 950 | 99.89 | Bacteroides_sp_1_1_6_gi_384096986_ref_NZ_ scaffold-3699

CONTIG: scaffold-4226 (796bp)
Top Length: 796  Top ID: 100.0
		One align captures most of this contig: 1315157 1315952 | 1 796 | 796 796 | 100.0 | Bacteroides_sp_1_1_6_gi_384096986_ref_NZ_ scaffold-4226

CONTIG: scaffold-4683 (758bp)
Top Length: 758  Top ID: 99.87
		One align captures most of this contig: 989025 989782 | 758 1 | 758 758 | 99.87 | Bacteroides_sp_1_1_6_gi_384096986_ref_NZ_ scaffold-4683

CONTIG: scaffold-4816 (710bp)
Top Length: 710  Top ID: 100.0
		One align captures most of this contig: 885019 885728 | 710 1 | 710 710 | 100.0 | Bacteroides_sp_1_1_6_gi_384096986_ref_NZ_ scaffold-4816

CONTIG: scaffold-4862 (702bp)
Top Length: 702  Top ID: 99.72
		One align captures most of this contig: 778434 779135 | 702 1 | 702 702 | 99.72 | Bacteroides_sp_1_1_6_gi_384096986_ref_NZ_ scaffold-4862

CONTIG: scaffold-4866 (709bp)
Top Length: 709  Top ID: 99.72
		One align captures most of this contig: 926325 927033 | 1 709 | 709 709 | 99.72 | Bacteroides_sp_1_1_6_gi_384096986_ref_NZ_ scaffold-4866

CONTIG: scaffold-4962 (686bp)
Top Length: 686  Top ID: 100.0
		One align captures most of this contig: 1288442 1289127 | 1 686 | 686 686 | 100.0 | Bacteroides_sp_1_1_6_gi_384096986_ref_NZ_ scaffold-4962

CONTIG: scaffold-4979 (695bp)
Top Length: 695  Top ID: 100.0
		One align captures most of this contig: 756835 757529 | 695 1 | 695 695 | 100.0 | Bacteroides_sp_1_1_6_gi_384096986_ref_NZ_ scaffold-4979

CONTIG: scaffold-5115 (670bp)
Top Length: 670  Top ID: 100.0
		One align captures most of this contig: 921821 922490 | 670 1 | 670 670 | 100.0 | Bacteroides_sp_1_1_6_gi_384096986_ref_NZ_ scaffold-5115

CONTIG: scaffold-5529 (602bp)
Top Length: 602  Top ID: 98.84
		One align captures most of this contig: 1138957 1139558 | 1 602 | 602 602 | 98.84 | Bacteroides_sp_1_1_6_gi_384096986_ref_NZ_ scaffold-5529

CONTIG: scaffold-5673 (602bp)
Top Length: 602  Top ID: 100.0
		One align captures most of this contig: 762666 763267 | 602 1 | 602 602 | 100.0 | Bacteroides_sp_1_1_6_gi_384096986_ref_NZ_ scaffold-5673

CONTIG: scaffold-5724 (588bp)
Top Length: 588  Top ID: 100.0
		One align captures most of this contig: 925734 926321 | 1 588 | 588 588 | 100.0 | Bacteroides_sp_1_1_6_gi_384096986_ref_NZ_ scaffold-5724

CONTIG: scaffold-5796 (591bp)
Top Length: 591  Top ID: 99.66
		One align captures most of this contig: 1298983 1299573 | 591 1 | 591 591 | 99.66 | Bacteroides_sp_1_1_6_gi_384096986_ref_NZ_ scaffold-5796

CONTIG: scaffold-5876 (599bp)
Top Length: 599  Top ID: 99.83
		One align captures most of this contig: 766943 767541 | 599 1 | 599 599 | 99.83 | Bacteroides_sp_1_1_6_gi_384096986_ref_NZ_ scaffold-5876

CONTIG: scaffold-5891 (619bp)
Top Length: 619  Top ID: 99.84
		One align captures most of this contig: 102808 103426 | 1 619 | 619 619 | 99.84 | Bacteroides_sp_1_1_6_gi_384096986_ref_NZ_ scaffold-5891

CONTIG: scaffold-5916 (551bp)
Top Length: 551  Top ID: 100.0
		One align captures most of this contig: 920193 920743 | 551 1 | 551 551 | 100.0 | Bacteroides_sp_1_1_6_gi_384096986_ref_NZ_ scaffold-5916

CONTIG: scaffold-6054 (1376bp)
Top Length: 1376  Top ID: 99.85
		Marking as insignificant: 158733 158994 | 262 1 | 262 262 | 100.0 | Bacteroides_sp_1_1_6_gi_384096987_ref_NZ_ scaffold-6054
		Marking as insignificant: 158335 158632 | 1376 1081 | 298 296 | 99.33 | Bacteroides_sp_1_1_6_gi_384096987_ref_NZ_ scaffold-6054
		One align captures most of this contig: 720912 722287 | 1 1376 | 1376 1376 | 99.85 | Bacteroides_sp_1_1_6_gi_384096986_ref_NZ_ scaffold-6054

CONTIG: scaffold-6270 (557bp)
Top Length: 557  Top ID: 99.82
		One align captures most of this contig: 1052373 1052929 | 557 1 | 557 557 | 99.82 | Bacteroides_sp_1_1_6_gi_384096986_ref_NZ_ scaffold-6270

CONTIG: scaffold-6272 (566bp)
Top Length: 566  Top ID: 99.29
		One align captures most of this contig: 446338 446903 | 566 1 | 566 566 | 99.29 | Bacteroides_sp_1_1_6_gi_384096986_ref_NZ_ scaffold-6272

CONTIG: scaffold-6448 (579bp)
Top Length: 579  Top ID: 100.0
		One align captures most of this contig: 780183 780761 | 579 1 | 579 579 | 100.0 | Bacteroides_sp_1_1_6_gi_384096986_ref_NZ_ scaffold-6448

CONTIG: scaffold-6450 (518bp)
Top Length: 518  Top ID: 100.0
		One align captures most of this contig: 1306131 1306648 | 518 1 | 518 518 | 100.0 | Bacteroides_sp_1_1_6_gi_384096986_ref_NZ_ scaffold-6450

CONTIG: scaffold-6503 (545bp)
Top Length: 545  Top ID: 100.0
		One align captures most of this contig: 761769 762313 | 545 1 | 545 545 | 100.0 | Bacteroides_sp_1_1_6_gi_384096986_ref_NZ_ scaffold-6503

CONTIG: scaffold-6509 (585bp)
Top Length: 585  Top ID: 99.83
		One align captures most of this contig: 756231 756815 | 585 1 | 585 585 | 99.83 | Bacteroides_sp_1_1_6_gi_384096986_ref_NZ_ scaffold-6509

CONTIG: scaffold-6603 (507bp)
Top Length: 507  Top ID: 99.21
		One align captures most of this contig: 930160 930666 | 507 1 | 507 507 | 99.21 | Bacteroides_sp_1_1_6_gi_384096986_ref_NZ_ scaffold-6603

CONTIG: scaffold-6615 (530bp)
Top Length: 530  Top ID: 99.81
		One align captures most of this contig: 779318 779847 | 1 530 | 530 530 | 99.81 | Bacteroides_sp_1_1_6_gi_384096986_ref_NZ_ scaffold-6615

CONTIG: scaffold-6970 (505bp)
Top Length: 505  Top ID: 99.8
		One align captures most of this contig: 241352 241857 | 1 505 | 506 505 | 99.8 | Bacteroides_sp_1_1_6_gi_384096986_ref_NZ_ scaffold-6970

CONTIG: scaffold-7351 (577bp)
Top Length: 577  Top ID: 99.83
		One align captures most of this contig: 131733 132309 | 1 577 | 577 577 | 99.83 | Bacteroides_sp_1_1_6_gi_384096986_ref_NZ_ scaffold-7351

CONTIG: scaffold-7582 (563bp)
Top Length: 563  Top ID: 99.11
		One align captures most of this contig: 1127526 1128088 | 1 563 | 563 563 | 99.11 | Bacteroides_sp_1_1_6_gi_384096986_ref_NZ_ scaffold-7582

CONTIG: scaffold-8802 (500bp)
Top Length: 500  Top ID: 99.6
		One align captures most of this contig: 781383 781882 | 500 1 | 500 500 | 99.6 | Bacteroides_sp_1_1_6_gi_384096986_ref_NZ_ scaffold-8802

CONTIG: scaffold-9507 (534bp)
Top Length: 534  Top ID: 97.38
		One align captures most of this contig: 624311 624844 | 534 1 | 534 534 | 97.38 | Bacteroides_sp_1_1_6_gi_384096986_ref_NZ_ scaffold-9507

CONTIG: scaffold-9508 (728bp)
Top Length: 728  Top ID: 99.31
		One align captures most of this contig: 1044663 1045390 | 1 728 | 728 728 | 99.31 | Bacteroides_sp_1_1_6_gi_384096986_ref_NZ_ scaffold-9508

CONTIG: scaffold-9651 (534bp)
Top Length: 534  Top ID: 99.81
		One align captures most of this contig: 116637 117170 | 1 534 | 534 534 | 99.81 | Bacteroides_sp_1_1_6_gi_384096986_ref_NZ_ scaffold-9651

CONTIG: scaffold-10704 (503bp)
Top Length: 503  Top ID: 99.6
		One align captures most of this contig: 1285353 1285855 | 503 1 | 503 503 | 99.6 | Bacteroides_sp_1_1_6_gi_384096986_ref_NZ_ scaffold-10704

CONTIG: scaffold-11308 (659bp)
Top Length: 659  Top ID: 100.0
		One align captures most of this contig: 100541 101199 | 659 1 | 659 659 | 100.0 | Bacteroides_sp_1_1_6_gi_384096986_ref_NZ_ scaffold-11308

CONTIG: scaffold-11378 (531bp)
Top Length: 531  Top ID: 99.81
		One align captures most of this contig: 1248726 1249256 | 531 1 | 531 531 | 99.81 | Bacteroides_sp_1_1_6_gi_384096986_ref_NZ_ scaffold-11378

CONTIG: scaffold-15962 (500bp)
Top Length: 500  Top ID: 99.2
		One align captures most of this contig: 974600 975099 | 500 1 | 500 500 | 99.2 | Bacteroides_sp_1_1_6_gi_384096986_ref_NZ_ scaffold-15962

CONTIG: scaffold-17003 (538bp)
Top Length: 538  Top ID: 99.26
		One align captures most of this contig: 159709 160246 | 538 1 | 538 538 | 99.26 | Bacteroides_sp_1_1_6_gi_384096986_ref_NZ_ scaffold-17003

CONTIG: scaffold-51265 (626bp)
Top Length: 623  Top ID: 99.52
		One align captures most of this contig: 1022423 1023045 | 1 623 | 623 623 | 99.52 | Bacteroides_sp_1_1_6_gi_384096986_ref_NZ_ scaffold-51265

CONTIG: scaffold-5530 (601bp)
Top Length: 601  Top ID: 99.33
		One align captures most of this contig: 192195 192795 | 601 1 | 601 601 | 99.33 | Bacteroides_sp_1_1_6_gi_384096987_ref_NZ_ scaffold-5530

CONTIG: scaffold-9411 (520bp)
Top Length: 520  Top ID: 99.62
		One align captures most of this contig: 191213 191732 | 520 1 | 520 520 | 99.62 | Bacteroides_sp_1_1_6_gi_384096987_ref_NZ_ scaffold-9411

CONTIG: scaffold-5640 (594bp)
Top Length: 594  Top ID: 99.49
		One align captures most of this contig: 45372 45965 | 1 594 | 594 594 | 99.49 | Bacteroides_sp_1_1_6_gi_384096973_ref_NZ_ scaffold-5640

CONTIG: scaffold-6113 (539bp)
Top Length: 539  Top ID: 99.07
		One align captures most of this contig: 54367 54905 | 539 1 | 539 539 | 99.07 | Bacteroides_sp_1_1_6_gi_384096973_ref_NZ_ scaffold-6113

CONTIG: scaffold-2589 (14202bp)
Top Length: 14202  Top ID: 99.91
		One align captures most of this contig: 57698 71899 | 14202 1 | 14202 14202 | 99.91 | Bacteroides_sp_1_1_6_gi_384096983_ref_NZ_ scaffold-2589

CONTIG: scaffold-5328 (605bp)
Top Length: 605  Top ID: 99.83
		One align captures most of this contig: 510944 511548 | 605 1 | 605 605 | 99.83 | Bacteroides_sp_1_1_6_gi_384096983_ref_NZ_ scaffold-5328

CONTIG: scaffold-5357 (641bp)
Top Length: 641  Top ID: 100.0
		One align captures most of this contig: 493679 494319 | 641 1 | 641 641 | 100.0 | Bacteroides_sp_1_1_6_gi_384096983_ref_NZ_ scaffold-5357

CONTIG: scaffold-6598 (3346bp)
Top Length: 3346  Top ID: 99.94
		One align captures most of this contig: 46324 49669 | 1 3346 | 3346 3346 | 99.94 | Bacteroides_sp_1_1_6_gi_384096983_ref_NZ_ scaffold-6598

CONTIG: scaffold-2944 (5096bp)
Top Length: 3891  Top ID: 100.0
		This contig is misassembled. 2 total aligns.
			Real Alignment 1: 1 1205 | 1205 1 | 1205 1205 | 100.0 | Bacteroides_sp_1_1_6_gi_384096981_ref_NZ_ scaffold-2944
			  Fake misassembly (caused by linear representation of circular genome) between these two alignments
			Real Alignment 2: 248 4138 | 5096 1206 | 3891 3891 | 100.0 | Bacteroides_sp_1_1_6_gi_384096981_ref_NZ_ scaffold-2944

CONTIG: scaffold-53 (88128bp)
Top Length: 27256  Top ID: 99.97
		This contig is misassembled. 9 total aligns.
			Real Alignment 1: 1172514 1198619 | 1 26106 | 26106 26106 | 99.99 | Bacteroides_sp_1_1_6_gi_384096974_ref_NZ_ scaffold-53
			  Overlap between these two alignments (local misassembly). Inconsistency = -144 
			Excluding internal overlap of size 2 between Alignment 2 and 3:  445410 447214 | 30202 28398 | 1805 1805 --> 445410 447212 | 30202 28400 | 1803 1803
			Real Alignment 2: 1198607 1200768 | 26238 28399 | 2162 2162 | 99.95 | Bacteroides_sp_1_1_6_gi_384096974_ref_NZ_ scaffold-53
			  Extensive misassembly ( translocation ) between these two alignments
			Excluding internal overlap of size 27 between Alignment 3 and 4:  445218 445436 | 30176 30394 | 219 219 --> 445245 445436 | 30203 30394 | 192 192
			Real Alignment 3: 445410 447212 | 30202 28400 | 1803 1803 | 100.0 | Bacteroides_sp_1_1_6_gi_384096985_ref_NZ_ scaffold-53
			  Extensive misassembly ( relocation, inconsistency = -1968 ) between these two alignments
			Excluding internal overlap of size 27 between Alignment 4 and 5:  445245 445436 | 30203 30394 | 192 192 --> 445245 445409 | 30203 30367 | 165 165
			Real Alignment 4: 445245 445409 | 30203 30367 | 165 165 | 99.09 | Bacteroides_sp_1_1_6_gi_384096985_ref_NZ_ scaffold-53
			  Extensive misassembly ( relocation, inconsistency = -1697 ) between these two alignments
			Real Alignment 5: 443713 445244 | 31899 30368 | 1532 1532 | 99.93 | Bacteroides_sp_1_1_6_gi_384096985_ref_NZ_ scaffold-53
			  Extensive misassembly ( relocation, inconsistency = -402133 ) between these two alignments
			Real Alignment 6: 43370 49303 | 32158 38091 | 5934 5934 | 97.74 | Bacteroides_sp_1_1_6_gi_384096985_ref_NZ_ scaffold-53
			  Extensive misassembly ( relocation, inconsistency = 347774 ) between these two alignments
			Real Alignment 7: 403905 431159 | 72174 44919 | 27255 27256 | 99.97 | Bacteroides_sp_1_1_6_gi_384096985_ref_NZ_ scaffold-53
			  Overlap between these two alignments (local misassembly). Inconsistency = -99 
			Real Alignment 8: 394405 403915 | 81773 72263 | 9511 9511 | 99.98 | Bacteroides_sp_1_1_6_gi_384096985_ref_NZ_ scaffold-53
			  Overlap between these two alignments (local misassembly). Inconsistency = -175 
			Real Alignment 9: 388225 394412 | 88128 81941 | 6188 6188 | 99.97 | Bacteroides_sp_1_1_6_gi_384096985_ref_NZ_ scaffold-53
		This contig has significant unaligned parts (of length >= min-contig)! It can contain interspecies translocations

CONTIG: scaffold-3493 (1038bp)
Top Length: 1038  Top ID: 99.9
		One align captures most of this contig: 289448 290485 | 1038 1 | 1038 1038 | 99.9 | Bacteroides_sp_1_1_6_gi_384096985_ref_NZ_ scaffold-3493

CONTIG: scaffold-4914 (666bp)
Top Length: 666  Top ID: 100.0
		One align captures most of this contig: 201053 201718 | 666 1 | 666 666 | 100.0 | Bacteroides_sp_1_1_6_gi_384096985_ref_NZ_ scaffold-4914

CONTIG: scaffold-5863 (568bp)
Top Length: 568  Top ID: 100.0
		One align captures most of this contig: 189724 190291 | 568 1 | 568 568 | 100.0 | Bacteroides_sp_1_1_6_gi_384096985_ref_NZ_ scaffold-5863

CONTIG: scaffold-6627 (529bp)
Top Length: 529  Top ID: 100.0
		One align captures most of this contig: 128603 129131 | 529 1 | 529 529 | 100.0 | Bacteroides_sp_1_1_6_gi_384096985_ref_NZ_ scaffold-6627

CONTIG: scaffold-34262 (795bp)
Top Length: 795  Top ID: 98.49
		One align captures most of this contig: 333274 334068 | 1 795 | 795 795 | 98.49 | Bacteroides_sp_1_1_6_gi_384096985_ref_NZ_ scaffold-34262

CONTIG: scaffold-700 (8523bp)
Top Length: 89  Top ID: 95.51
		This contig is partially unaligned. (Aligned 89 out of 8523 bases)
		Alignment: 32498 32584 | 6749 6661 | 87 89 | 95.51 | Bacteroides_sp_1_1_6_gi_384096982_ref_NZ_ scaffold-700
		Unaligned bases: 1 to 6660 (6660)
		Unaligned bases: 6750 to 8523 (1774)

CONTIG: scaffold-5539 (600bp)
Top Length: 600  Top ID: 99.83
		One align captures most of this contig: 574931 575530 | 1 600 | 600 600 | 99.83 | Bacteroides_sp_1_1_6_gi_384096982_ref_NZ_ scaffold-5539

CONTIG: scaffold-5967 (709bp)
Top Length: 709  Top ID: 99.86
		One align captures most of this contig: 1148510 1149218 | 1 709 | 709 709 | 99.86 | Bacteroides_sp_1_1_6_gi_384096982_ref_NZ_ scaffold-5967

CONTIG: scaffold-5982 (648bp)
Top Length: 648  Top ID: 99.23
		One align captures most of this contig: 306374 307021 | 648 1 | 648 648 | 99.23 | Bacteroides_sp_1_1_6_gi_384096982_ref_NZ_ scaffold-5982

CONTIG: scaffold-6109 (566bp)
Top Length: 566  Top ID: 100.0
		One align captures most of this contig: 571304 571869 | 1 566 | 566 566 | 100.0 | Bacteroides_sp_1_1_6_gi_384096982_ref_NZ_ scaffold-6109

CONTIG: scaffold-7553 (539bp)
Top Length: 539  Top ID: 99.63
		One align captures most of this contig: 529736 530274 | 1 539 | 539 539 | 99.63 | Bacteroides_sp_1_1_6_gi_384096982_ref_NZ_ scaffold-7553

Analyzing coverage...
Writing SNPs into /Molly/gurevich/MetaQUAST/res_final/res_metahit_final/runs_per_reference/Bacteroides_sp_1_1_6/contigs_reports/nucmer_output/Ray.used_snps
ERROR: Reference Bacteroides_sp_1_1_6_gi_384096979_ref_NZ_ does not have any alignments!  Check that this is the same file used for alignment.
ERROR: Alignment Reference Headers: ['Bacteroides_sp_1_1_6_gi_384096984_ref_NZ_', 'Bacteroides_sp_1_1_6_gi_384096985_ref_NZ_', 'Bacteroides_sp_1_1_6_gi_384096983_ref_NZ_', 'Bacteroides_sp_1_1_6_gi_384096974_ref_NZ_', 'Bacteroides_sp_1_1_6_gi_384096976_ref_NZ_', 'Bacteroides_sp_1_1_6_gi_384096980_ref_NZ_', 'Bacteroides_sp_1_1_6_gi_384096982_ref_NZ_', 'Bacteroides_sp_1_1_6_gi_384096986_ref_NZ_', 'Bacteroides_sp_1_1_6_gi_384096987_ref_NZ_', 'Bacteroides_sp_1_1_6_gi_384096981_ref_NZ_', 'Bacteroides_sp_1_1_6_gi_384096973_ref_NZ_']
ERROR: Reference Bacteroides_sp_1_1_6_gi_384096978_ref_NZ_ does not have any alignments!  Check that this is the same file used for alignment.
ERROR: Alignment Reference Headers: ['Bacteroides_sp_1_1_6_gi_384096984_ref_NZ_', 'Bacteroides_sp_1_1_6_gi_384096985_ref_NZ_', 'Bacteroides_sp_1_1_6_gi_384096983_ref_NZ_', 'Bacteroides_sp_1_1_6_gi_384096974_ref_NZ_', 'Bacteroides_sp_1_1_6_gi_384096976_ref_NZ_', 'Bacteroides_sp_1_1_6_gi_384096980_ref_NZ_', 'Bacteroides_sp_1_1_6_gi_384096982_ref_NZ_', 'Bacteroides_sp_1_1_6_gi_384096986_ref_NZ_', 'Bacteroides_sp_1_1_6_gi_384096987_ref_NZ_', 'Bacteroides_sp_1_1_6_gi_384096981_ref_NZ_', 'Bacteroides_sp_1_1_6_gi_384096973_ref_NZ_']
	Reference Bacteroides_sp_1_1_6_gi_384096983_ref_NZ_: 5 total alignments. 1 total regions.
		Region: 1 to 538978 (538978 bp)
			START in gap: 1 to 36898 (36897 bp)
			Align 1: 36898 37084 scaffold-3273 1610 1796
				Gap between this and next alignment: 37084 to 46324 (9239 bp)
				Next Alignment: 46324 49669 scaffold-6598 1 3346

			Align 2: 46324 49669 scaffold-6598 1 3346
				Gap between this and next alignment: 49669 to 57698 (8028 bp)
				Next Alignment: 57698 71899 scaffold-2589 14202 1

			Align 3: 57698 71899 scaffold-2589 14202 1
				Gap between this and next alignment: 71899 to 493679 (421779 bp)
				Next Alignment: 493679 494319 scaffold-5357 641 1

			Align 4: 493679 494319 scaffold-5357 641 1
				Gap between this and next alignment: 494319 to 510944 (16624 bp)
				Next Alignment: 510944 511548 scaffold-5328 605 1

			Align 5: 510944 511548 scaffold-5328 605 1
			END in gap: 511548 to 538978 (27430 bp)

	Reference Bacteroides_sp_1_1_6_gi_384096974_ref_NZ_: 21 total alignments. 1 total regions.
		Region: 1 to 1201016 (1201016 bp)
			START in gap: 1 to 82358 (82357 bp)
			Align 1: 82358 82883 scaffold-6753 1 526
				Gap between this and next alignment: 82883 to 202538 (119654 bp)
				Next Alignment: 202538 203222 scaffold-4976 1 685

			Align 2: 202538 203222 scaffold-4976 1 685
				Gap between this and next alignment: 203222 to 204388 (1165 bp)
				Next Alignment: 204388 204917 scaffold-14184 530 1

			Align 3: 204388 204917 scaffold-14184 530 1
				Gap between this and next alignment: 204917 to 237929 (33011 bp)
				Next Alignment: 237929 238428 scaffold-17910 1 500

			Align 4: 237929 238428 scaffold-17910 1 500
				Gap between this and next alignment: 238428 to 241849 (3420 bp)
				Next Alignment: 241849 242450 scaffold-90069 602 1

			Align 5: 241849 242450 scaffold-90069 602 1
				Gap between this and next alignment: 242450 to 243220 (769 bp)
				Next Alignment: 243220 243704 scaffold-1999 1042 558

			Align 6: 243220 243704 scaffold-1999 1042 558
				Negative gap (overlap) between this and next alignment: 243704 to 243522 (-182 bp)
				Next Alignment: 243522 244047 scaffold-1999 526 1

			Previous gap was negative, modifying coordinates to ignore overlap
				Moving contig start from 526 to 343.
			Align 7: 243705 244047 scaffold-1999 343 1
				Gap between this and next alignment: 244047 to 250117 (6069 bp)
				Next Alignment: 250117 250633 scaffold-7791 1 517

			Align 8: 250117 250633 scaffold-7791 1 517
				Gap between this and next alignment: 250633 to 253900 (3266 bp)
				Next Alignment: 253900 254413 scaffold-6857 514 1

			Align 9: 253900 254413 scaffold-6857 514 1
				Gap between this and next alignment: 254413 to 352599 (98185 bp)
				Next Alignment: 352599 353247 scaffold-7806 649 1

			Align 10: 352599 353247 scaffold-7806 649 1
				Gap between this and next alignment: 353247 to 384896 (31648 bp)
				Next Alignment: 384896 385608 scaffold-4562 713 1

			Align 11: 384896 385608 scaffold-4562 713 1
				Gap between this and next alignment: 385608 to 422497 (36888 bp)
				Next Alignment: 422497 422996 scaffold-6689 1 500

			Align 12: 422497 422996 scaffold-6689 1 500
				Gap between this and next alignment: 422996 to 599240 (176243 bp)
				Next Alignment: 599240 599895 scaffold-103614 657 2

			Align 13: 599240 599895 scaffold-103614 657 2
				Gap between this and next alignment: 599895 to 626657 (26761 bp)
				Next Alignment: 626657 627225 scaffold-6255 568 1

			Align 14: 626657 627225 scaffold-6255 568 1
				Gap between this and next alignment: 627225 to 651278 (24052 bp)
				Next Alignment: 651278 651868 scaffold-5801 1 591

			Align 15: 651278 651868 scaffold-5801 1 591
				Gap between this and next alignment: 651868 to 721639 (69770 bp)
				Next Alignment: 721639 722400 scaffold-4268 1 762

			Align 16: 721639 722400 scaffold-4268 1 762
				Gap between this and next alignment: 722400 to 899726 (177325 bp)
				Next Alignment: 899726 900917 scaffold-3273 1191 1

			Align 17: 899726 900917 scaffold-3273 1191 1
				Gap between this and next alignment: 900917 to 1026850 (125932 bp)
				Next Alignment: 1026850 1028231 scaffold-643 8631 7250

			Align 18: 1026850 1028231 scaffold-643 8631 7250
				Gap between this and next alignment: 1028231 to 1043460 (15228 bp)
				Next Alignment: 1043460 1045755 scaffold-1284 8076 10370

			Align 19: 1043460 1045755 scaffold-1284 8076 10370
				Gap between this and next alignment: 1045755 to 1172514 (126758 bp)
				Next Alignment: 1172514 1198619 scaffold-53 1 26106

			Align 20: 1172514 1198619 scaffold-53 1 26106
				Negative gap (overlap) between this and next alignment: 1198619 to 1198607 (-12 bp)
				Next Alignment: 1198607 1200768 scaffold-53 26238 28399

			Previous gap was negative, modifying coordinates to ignore overlap
				Moving contig start from 26238 to 26251.
			Align 21: 1198620 1200768 scaffold-53 26251 28399
			END in gap: 1200768 to 1201016 (248 bp)

	Reference Bacteroides_sp_1_1_6_gi_384096985_ref_NZ_: 12 total alignments. 1 total regions.
		Region: 1 to 447489 (447489 bp)
			START in gap: 1 to 43370 (43369 bp)
			Align 1: 43370 49303 scaffold-53 32158 38091
				Gap between this and next alignment: 49303 to 128603 (79299 bp)
				Next Alignment: 128603 129131 scaffold-6627 529 1

			Align 2: 128603 129131 scaffold-6627 529 1
				Gap between this and next alignment: 129131 to 189724 (60592 bp)
				Next Alignment: 189724 190291 scaffold-5863 568 1

			Align 3: 189724 190291 scaffold-5863 568 1
				Gap between this and next alignment: 190291 to 201053 (10761 bp)
				Next Alignment: 201053 201718 scaffold-4914 666 1

			Align 4: 201053 201718 scaffold-4914 666 1
				Gap between this and next alignment: 201718 to 289448 (87729 bp)
				Next Alignment: 289448 290485 scaffold-3493 1038 1

			Align 5: 289448 290485 scaffold-3493 1038 1
				Gap between this and next alignment: 290485 to 333274 (42788 bp)
				Next Alignment: 333274 334068 scaffold-34262 1 795

			Align 6: 333274 334068 scaffold-34262 1 795
				Gap between this and next alignment: 334068 to 388225 (54156 bp)
				Next Alignment: 388225 394412 scaffold-53 88128 81941

			Align 7: 388225 394412 scaffold-53 88128 81941
				Negative gap (overlap) between this and next alignment: 394412 to 394405 (-7 bp)
				Next Alignment: 394405 403915 scaffold-53 81773 72263

			Previous gap was negative, modifying coordinates to ignore overlap
				Moving contig start from 81773 to 81765.
			Align 8: 394413 403915 scaffold-53 81765 72263
				Negative gap (overlap) between this and next alignment: 403915 to 403905 (-10 bp)
				Next Alignment: 403905 431159 scaffold-53 72174 44919

			Previous gap was negative, modifying coordinates to ignore overlap
				Moving contig start from 72174 to 72163.
			Align 9: 403916 431159 scaffold-53 72163 44919
				Gap between this and next alignment: 431159 to 443713 (12553 bp)
				Next Alignment: 443713 445244 scaffold-53 31899 30368

			Align 10: 443713 445244 scaffold-53 31899 30368
				Next Alignment: 445245 445409 scaffold-53 30203 30367

			Align 11: 445245 445409 scaffold-53 30203 30367
				Next Alignment: 445410 447212 scaffold-53 30202 28400

			Align 12: 445410 447212 scaffold-53 30202 28400
			END in gap: 447212 to 447489 (277 bp)

	Reference Bacteroides_sp_1_1_6_gi_384096976_ref_NZ_: 2 total alignments. 1 total regions.
		Region: 1 to 243262 (243262 bp)
			START in gap: 1 to 33122 (33121 bp)
			Align 1: 33122 33682 scaffold-6202 1 561
				Gap between this and next alignment: 33682 to 55903 (22220 bp)
				Next Alignment: 55903 56547 scaffold-5332 645 1

			Align 2: 55903 56547 scaffold-5332 645 1
			END in gap: 56547 to 243262 (186715 bp)

	Reference Bacteroides_sp_1_1_6_gi_384096980_ref_NZ_: 11 total alignments. 1 total regions.
		Region: 1 to 572001 (572001 bp)
			START in gap: 1 to 70204 (70203 bp)
			Align 1: 70204 70994 scaffold-4421 791 1
				Gap between this and next alignment: 70994 to 71003 (8 bp)
				Next Alignment: 71003 71617 scaffold-5379 615 1

			Align 2: 71003 71617 scaffold-5379 615 1
				Gap between this and next alignment: 71617 to 136064 (64446 bp)
				Next Alignment: 136064 137554 scaffold-3822 1491 1

			Align 3: 136064 137554 scaffold-3822 1491 1
				Gap between this and next alignment: 137554 to 157454 (19899 bp)
				Next Alignment: 157454 157979 scaffold-6670 1 526

			Align 4: 157454 157979 scaffold-6670 1 526
				Gap between this and next alignment: 157979 to 199913 (41933 bp)
				Next Alignment: 199913 200551 scaffold-8595 639 1

			Align 5: 199913 200551 scaffold-8595 639 1
				Gap between this and next alignment: 200551 to 370669 (170117 bp)
				Next Alignment: 370669 372273 scaffold-3558 11 1615

			Align 6: 370669 372273 scaffold-3558 11 1615
				Gap between this and next alignment: 372273 to 375642 (3368 bp)
				Next Alignment: 375642 376213 scaffold-6832 572 1

			Align 7: 375642 376213 scaffold-6832 572 1
				Gap between this and next alignment: 376213 to 390553 (14339 bp)
				Next Alignment: 390553 391125 scaffold-25832 1 573

			Align 8: 390553 391125 scaffold-25832 1 573
				Gap between this and next alignment: 391125 to 396905 (5779 bp)
				Next Alignment: 396905 398061 scaffold-3295 1 1155

			Align 9: 396905 398061 scaffold-3295 1 1155
				Gap between this and next alignment: 398061 to 520530 (122468 bp)
				Next Alignment: 520530 521035 scaffold-40937 1 506

			Align 10: 520530 521035 scaffold-40937 1 506
				Gap between this and next alignment: 521035 to 527140 (6104 bp)
				Next Alignment: 527140 528719 scaffold-10613 1 1580

			Align 11: 527140 528719 scaffold-10613 1 1580
			END in gap: 528719 to 572001 (43282 bp)

	Reference Bacteroides_sp_1_1_6_gi_384096984_ref_NZ_: 1 total alignments. 1 total regions.
		Region: 1 to 20846 (20846 bp)
			START in gap: 1 to 10694 (10693 bp)
			Align 1: 10694 11263 scaffold-76703 570 1
			END in gap: 11263 to 20846 (9583 bp)

	Reference Bacteroides_sp_1_1_6_gi_384096982_ref_NZ_: 6 total alignments. 1 total regions.
		Region: 1 to 1221565 (1221565 bp)
			START in gap: 1 to 32498 (32497 bp)
			Align 1: 32498 32584 scaffold-700 6749 6661
				Gap between this and next alignment: 32584 to 306374 (273789 bp)
				Next Alignment: 306374 307021 scaffold-5982 648 1

			Align 2: 306374 307021 scaffold-5982 648 1
				Gap between this and next alignment: 307021 to 529736 (222714 bp)
				Next Alignment: 529736 530274 scaffold-7553 1 539

			Align 3: 529736 530274 scaffold-7553 1 539
				Gap between this and next alignment: 530274 to 571304 (41029 bp)
				Next Alignment: 571304 571869 scaffold-6109 1 566

			Align 4: 571304 571869 scaffold-6109 1 566
				Gap between this and next alignment: 571869 to 574931 (3061 bp)
				Next Alignment: 574931 575530 scaffold-5539 1 600

			Align 5: 574931 575530 scaffold-5539 1 600
				Gap between this and next alignment: 575530 to 1148510 (572979 bp)
				Next Alignment: 1148510 1149218 scaffold-5967 1 709

			Align 6: 1148510 1149218 scaffold-5967 1 709
			END in gap: 1149218 to 1221565 (72347 bp)

ERROR: Reference Bacteroides_sp_1_1_6_gi_384096975_ref_NZ_ does not have any alignments!  Check that this is the same file used for alignment.
ERROR: Alignment Reference Headers: ['Bacteroides_sp_1_1_6_gi_384096984_ref_NZ_', 'Bacteroides_sp_1_1_6_gi_384096985_ref_NZ_', 'Bacteroides_sp_1_1_6_gi_384096983_ref_NZ_', 'Bacteroides_sp_1_1_6_gi_384096974_ref_NZ_', 'Bacteroides_sp_1_1_6_gi_384096976_ref_NZ_', 'Bacteroides_sp_1_1_6_gi_384096980_ref_NZ_', 'Bacteroides_sp_1_1_6_gi_384096982_ref_NZ_', 'Bacteroides_sp_1_1_6_gi_384096986_ref_NZ_', 'Bacteroides_sp_1_1_6_gi_384096987_ref_NZ_', 'Bacteroides_sp_1_1_6_gi_384096981_ref_NZ_', 'Bacteroides_sp_1_1_6_gi_384096973_ref_NZ_']
	Reference Bacteroides_sp_1_1_6_gi_384096986_ref_NZ_: 44 total alignments. 1 total regions.
		Region: 1 to 1327443 (1327443 bp)
			START in gap: 1 to 100541 (100540 bp)
			Align 1: 100541 101199 scaffold-11308 659 1
				Gap between this and next alignment: 101199 to 102808 (1608 bp)
				Next Alignment: 102808 103426 scaffold-5891 1 619

			Align 2: 102808 103426 scaffold-5891 1 619
				Gap between this and next alignment: 103426 to 116637 (13210 bp)
				Next Alignment: 116637 117170 scaffold-9651 1 534

			Align 3: 116637 117170 scaffold-9651 1 534
				Gap between this and next alignment: 117170 to 131733 (14562 bp)
				Next Alignment: 131733 132309 scaffold-7351 1 577

			Align 4: 131733 132309 scaffold-7351 1 577
				Gap between this and next alignment: 132309 to 159709 (27399 bp)
				Next Alignment: 159709 160246 scaffold-17003 538 1

			Align 5: 159709 160246 scaffold-17003 538 1
				Gap between this and next alignment: 160246 to 241352 (81105 bp)
				Next Alignment: 241352 241857 scaffold-6970 1 505

			Align 6: 241352 241857 scaffold-6970 1 505
				Gap between this and next alignment: 241857 to 446338 (204480 bp)
				Next Alignment: 446338 446903 scaffold-6272 566 1

			Align 7: 446338 446903 scaffold-6272 566 1
				Gap between this and next alignment: 446903 to 449025 (2121 bp)
				Next Alignment: 449025 449629 scaffold-1842 1241 637

			Align 8: 449025 449629 scaffold-1842 1241 637
				Negative gap (overlap) between this and next alignment: 449629 to 449547 (-82 bp)
				Next Alignment: 449547 450119 scaffold-1842 573 1

			Previous gap was negative, modifying coordinates to ignore overlap
				Moving contig start from 573 to 490.
			Align 9: 449630 450119 scaffold-1842 490 1
				Gap between this and next alignment: 450119 to 598818 (148698 bp)
				Next Alignment: 598818 598913 scaffold-2579 17183 17088

			Align 10: 598818 598913 scaffold-2579 17183 17088
				Gap between this and next alignment: 598913 to 624311 (25397 bp)
				Next Alignment: 624311 624844 scaffold-9507 534 1

			Align 11: 624311 624844 scaffold-9507 534 1
				Gap between this and next alignment: 624844 to 720912 (96067 bp)
				Next Alignment: 720912 722287 scaffold-6054 1 1376

			Align 12: 720912 722287 scaffold-6054 1 1376
				Gap between this and next alignment: 722287 to 756231 (33943 bp)
				Next Alignment: 756231 756815 scaffold-6509 585 1

			Align 13: 756231 756815 scaffold-6509 585 1
				Gap between this and next alignment: 756815 to 756835 (19 bp)
				Next Alignment: 756835 757529 scaffold-4979 695 1

			Align 14: 756835 757529 scaffold-4979 695 1
				Gap between this and next alignment: 757529 to 761769 (4239 bp)
				Next Alignment: 761769 762313 scaffold-6503 545 1

			Align 15: 761769 762313 scaffold-6503 545 1
				Gap between this and next alignment: 762313 to 762666 (352 bp)
				Next Alignment: 762666 763267 scaffold-5673 602 1

			Align 16: 762666 763267 scaffold-5673 602 1
				Gap between this and next alignment: 763267 to 766943 (3675 bp)
				Next Alignment: 766943 767541 scaffold-5876 599 1

			Align 17: 766943 767541 scaffold-5876 599 1
				Gap between this and next alignment: 767541 to 778434 (10892 bp)
				Next Alignment: 778434 779135 scaffold-4862 702 1

			Align 18: 778434 779135 scaffold-4862 702 1
				Gap between this and next alignment: 779135 to 779318 (182 bp)
				Next Alignment: 779318 779847 scaffold-6615 1 530

			Align 19: 779318 779847 scaffold-6615 1 530
				Gap between this and next alignment: 779847 to 780183 (335 bp)
				Next Alignment: 780183 780761 scaffold-6448 579 1

			Align 20: 780183 780761 scaffold-6448 579 1
				Gap between this and next alignment: 780761 to 781383 (621 bp)
				Next Alignment: 781383 781882 scaffold-8802 500 1

			Align 21: 781383 781882 scaffold-8802 500 1
				Gap between this and next alignment: 781882 to 836762 (54879 bp)
				Next Alignment: 836762 837323 scaffold-1984 1208 647

			Align 22: 836762 837323 scaffold-1984 1208 647
				Negative gap (overlap) between this and next alignment: 837323 to 837323 (0 bp)
				Next Alignment: 837323 837792 scaffold-1984 470 1

			Previous gap was negative, modifying coordinates to ignore overlap
				Moving contig start from 470 to 469.
			Align 23: 837324 837792 scaffold-1984 469 1
				Gap between this and next alignment: 837792 to 883826 (46033 bp)
				Next Alignment: 883826 884820 scaffold-3471 1 995

			Align 24: 883826 884820 scaffold-3471 1 995
				Gap between this and next alignment: 884820 to 885019 (198 bp)
				Next Alignment: 885019 885728 scaffold-4816 710 1

			Align 25: 885019 885728 scaffold-4816 710 1
				Gap between this and next alignment: 885728 to 917399 (31670 bp)
				Next Alignment: 917399 918348 scaffold-3699 1 950

			Align 26: 917399 918348 scaffold-3699 1 950
				Gap between this and next alignment: 918348 to 920193 (1844 bp)
				Next Alignment: 920193 920743 scaffold-5916 551 1

			Align 27: 920193 920743 scaffold-5916 551 1
				Gap between this and next alignment: 920743 to 921821 (1077 bp)
				Next Alignment: 921821 922490 scaffold-5115 670 1

			Align 28: 921821 922490 scaffold-5115 670 1
				Gap between this and next alignment: 922490 to 925734 (3243 bp)
				Next Alignment: 925734 926321 scaffold-5724 1 588

			Align 29: 925734 926321 scaffold-5724 1 588
				Gap between this and next alignment: 926321 to 926325 (3 bp)
				Next Alignment: 926325 927033 scaffold-4866 1 709

			Align 30: 926325 927033 scaffold-4866 1 709
				Gap between this and next alignment: 927033 to 930160 (3126 bp)
				Next Alignment: 930160 930666 scaffold-6603 507 1

			Align 31: 930160 930666 scaffold-6603 507 1
				Gap between this and next alignment: 930666 to 974600 (43933 bp)
				Next Alignment: 974600 975099 scaffold-15962 500 1

			Align 32: 974600 975099 scaffold-15962 500 1
				Gap between this and next alignment: 975099 to 989025 (13925 bp)
				Next Alignment: 989025 989782 scaffold-4683 758 1

			Align 33: 989025 989782 scaffold-4683 758 1
				Gap between this and next alignment: 989782 to 1022423 (32640 bp)
				Next Alignment: 1022423 1023045 scaffold-51265 1 623

			Align 34: 1022423 1023045 scaffold-51265 1 623
				Gap between this and next alignment: 1023045 to 1044663 (21617 bp)
				Next Alignment: 1044663 1045390 scaffold-9508 1 728

			Align 35: 1044663 1045390 scaffold-9508 1 728
				Gap between this and next alignment: 1045390 to 1052373 (6982 bp)
				Next Alignment: 1052373 1052929 scaffold-6270 557 1

			Align 36: 1052373 1052929 scaffold-6270 557 1
				Gap between this and next alignment: 1052929 to 1127526 (74596 bp)
				Next Alignment: 1127526 1128088 scaffold-7582 1 563

			Align 37: 1127526 1128088 scaffold-7582 1 563
				Gap between this and next alignment: 1128088 to 1138957 (10868 bp)
				Next Alignment: 1138957 1139558 scaffold-5529 1 602

			Align 38: 1138957 1139558 scaffold-5529 1 602
				Gap between this and next alignment: 1139558 to 1248726 (109167 bp)
				Next Alignment: 1248726 1249256 scaffold-11378 531 1

			Align 39: 1248726 1249256 scaffold-11378 531 1
				Gap between this and next alignment: 1249256 to 1285353 (36096 bp)
				Next Alignment: 1285353 1285855 scaffold-10704 503 1

			Align 40: 1285353 1285855 scaffold-10704 503 1
				Gap between this and next alignment: 1285855 to 1288442 (2586 bp)
				Next Alignment: 1288442 1289127 scaffold-4962 1 686

			Align 41: 1288442 1289127 scaffold-4962 1 686
				Gap between this and next alignment: 1289127 to 1298983 (9855 bp)
				Next Alignment: 1298983 1299573 scaffold-5796 591 1

			Align 42: 1298983 1299573 scaffold-5796 591 1
				Gap between this and next alignment: 1299573 to 1306131 (6557 bp)
				Next Alignment: 1306131 1306648 scaffold-6450 518 1

			Align 43: 1306131 1306648 scaffold-6450 518 1
				Gap between this and next alignment: 1306648 to 1315157 (8508 bp)
				Next Alignment: 1315157 1315952 scaffold-4226 1 796

			Align 44: 1315157 1315952 scaffold-4226 1 796
			END in gap: 1315952 to 1327443 (11491 bp)

	Reference Bacteroides_sp_1_1_6_gi_384096987_ref_NZ_: 2 total alignments. 1 total regions.
		Region: 1 to 426872 (426872 bp)
			START in gap: 1 to 191213 (191212 bp)
			Align 1: 191213 191732 scaffold-9411 520 1
				Gap between this and next alignment: 191732 to 192195 (462 bp)
				Next Alignment: 192195 192795 scaffold-5530 601 1

			Align 2: 192195 192795 scaffold-5530 601 1
			END in gap: 192795 to 426872 (234077 bp)

ERROR: Reference Bacteroides_sp_1_1_6_gi_384096977_ref_NZ_ does not have any alignments!  Check that this is the same file used for alignment.
ERROR: Alignment Reference Headers: ['Bacteroides_sp_1_1_6_gi_384096984_ref_NZ_', 'Bacteroides_sp_1_1_6_gi_384096985_ref_NZ_', 'Bacteroides_sp_1_1_6_gi_384096983_ref_NZ_', 'Bacteroides_sp_1_1_6_gi_384096974_ref_NZ_', 'Bacteroides_sp_1_1_6_gi_384096976_ref_NZ_', 'Bacteroides_sp_1_1_6_gi_384096980_ref_NZ_', 'Bacteroides_sp_1_1_6_gi_384096982_ref_NZ_', 'Bacteroides_sp_1_1_6_gi_384096986_ref_NZ_', 'Bacteroides_sp_1_1_6_gi_384096987_ref_NZ_', 'Bacteroides_sp_1_1_6_gi_384096981_ref_NZ_', 'Bacteroides_sp_1_1_6_gi_384096973_ref_NZ_']
	Reference Bacteroides_sp_1_1_6_gi_384096981_ref_NZ_: 2 total alignments. 1 total regions.
		Region: 1 to 4138 (4138 bp)
			Align 1: 1 1205 scaffold-2944 1205 1
				Negative gap (overlap) between this and next alignment: 1205 to 248 (-957 bp)
				Next Alignment: 248 4138 scaffold-2944 5096 1206

			Previous gap was negative, modifying coordinates to ignore overlap
				Moving contig start from 5096 to 4138.
			Align 2: 1206 4138 scaffold-2944 4138 1206
			END in current alignment.  Modifying 4138 to 4138.

	Reference Bacteroides_sp_1_1_6_gi_384096973_ref_NZ_: 2 total alignments. 1 total regions.
		Region: 1 to 235786 (235786 bp)
			START in gap: 1 to 45372 (45371 bp)
			Align 1: 45372 45965 scaffold-5640 1 594
				Gap between this and next alignment: 45965 to 54367 (8401 bp)
				Next Alignment: 54367 54905 scaffold-6113 539 1

			Align 2: 54367 54905 scaffold-6113 539 1
			END in gap: 54905 to 235786 (180881 bp)

Analysis is finished!
Founded SNPs were written into /Molly/gurevich/MetaQUAST/res_final/res_metahit_final/runs_per_reference/Bacteroides_sp_1_1_6/contigs_reports/nucmer_output/Ray.used_snps

Results:
	Local Misassemblies: 6
	Misassemblies: 6
		Relocations: 4
		Translocations: 2
		Inversions: 0
	Fake misassemblies matched with structural variations: 0
	Misassembled Contigs: 2
	Misassembled Contig Bases: 90348
	Misassemblies Inter-Contig Overlap: 0
Uncovered Regions: 0 (0)
Unaligned Contigs: 0 + 4 part
Partially Unaligned Contigs with Misassemblies: 0
Unaligned Contig Bases: 41723

Ambiguously Mapped Contigs: 0
Total Bases in Ambiguously Mapped Contigs: 0
Note that --allow-ambiguity option was set to "one" and only first alignment per each contig was used.

	Covered Bases: 165689

	SNPs: 524
	Insertions: 6
	Deletions: 9

	Positive Gaps: 108
		Internal Gaps:  1
		External Gaps:  107
		External Gap Total:  6061154
		External Gap Average: 56646
	Negative Gaps: 7
		Internal Overlaps:  7
		External Overlaps:  0
		External Overlaps Total:  0
		External Overlaps Average: 0
	Contigs with Redundant Alignments: 0 (0)
