Aligning contigs to reference...
	Running Nucmer
Parsing coords...
Loading reference...
	Loaded [Bacteroides_sp_XB1A_gi_479162165_ref_NC_]
Loading SNPs...
Loading regions...
	No regions given, using whole reference.
	Total Regions: 1
	Total Region Length: 5976145
Analyzing contigs...
CONTIG: scaffold-503 (5912bp)
Top Length: 442  Top ID: 99.77
		This contig is partially unaligned. (Aligned 442 out of 5912 bases)
		Alignment: 3046495 3046936 | 5471 5912 | 442 442 | 99.77 | Bacteroides_sp_XB1A_gi_479162165_ref_NC_ scaffold-503
		Unaligned bases: 1 to 5470 (5470)

CONTIG: scaffold-2111 (15570bp)
Top Length: 323  Top ID: 99.69
		This contig is partially unaligned. (Aligned 323 out of 15570 bases)
		Alignment: 3046494 3046816 | 323 1 | 323 323 | 99.69 | Bacteroides_sp_XB1A_gi_479162165_ref_NC_ scaffold-2111
		Unaligned bases: 324 to 15570 (15247)

CONTIG: scaffold-2589 (14202bp)
Top Length: 14202  Top ID: 99.94
		One align captures most of this contig: 1599183 1613384 | 1 14202 | 14202 14202 | 99.94 | Bacteroides_sp_XB1A_gi_479162165_ref_NC_ scaffold-2589

CONTIG: scaffold-2780 (5070bp)
Top Length: 2479  Top ID: 99.92
		This contig is partially unaligned. (Aligned 2479 out of 5070 bases)
		Alignment: 1616841 1619318 | 2241 4719 | 2478 2479 | 99.92 | Bacteroides_sp_XB1A_gi_479162165_ref_NC_ scaffold-2780
		Unaligned bases: 1 to 2240 (2240)
		Unaligned bases: 4720 to 5070 (351)
		This contig has both significant aligned and unaligned parts (of length >= min-contig)! It can contain interspecies translocations

CONTIG: scaffold-2863 (4245bp)
Top Length: 3720  Top ID: 99.89
		This contig is partially unaligned. (Aligned 3720 out of 4245 bases)
		Alignment: 1613129 1616848 | 1 3720 | 3720 3720 | 99.89 | Bacteroides_sp_XB1A_gi_479162165_ref_NC_ scaffold-2863
		Unaligned bases: 3721 to 4245 (525)
		This contig has both significant aligned and unaligned parts (of length >= min-contig)! It can contain interspecies translocations

CONTIG: scaffold-3502 (1036bp)
Top Length: 1036  Top ID: 100.0
		One align captures most of this contig: 3046499 3047534 | 1 1036 | 1036 1036 | 100.0 | Bacteroides_sp_XB1A_gi_479162165_ref_NC_ scaffold-3502

CONTIG: scaffold-4005 (6015bp)
Top Length: 176  Top ID: 100.0
		This contig is partially unaligned. (Aligned 176 out of 6015 bases)
		Alignment: 3047363 3047538 | 6015 5840 | 176 176 | 100.0 | Bacteroides_sp_XB1A_gi_479162165_ref_NC_ scaffold-4005
		Unaligned bases: 1 to 5839 (5839)

CONTIG: scaffold-4608 (833bp)
Top Length: 833  Top ID: 99.88
		One align captures most of this contig: 1084181 1085013 | 1 833 | 833 833 | 99.88 | Bacteroides_sp_XB1A_gi_479162165_ref_NC_ scaffold-4608

CONTIG: scaffold-4773 (718bp)
Top Length: 718  Top ID: 99.86
		One align captures most of this contig: 5230637 5231354 | 1 718 | 718 718 | 99.86 | Bacteroides_sp_XB1A_gi_479162165_ref_NC_ scaffold-4773

CONTIG: scaffold-5118 (665bp)
Top Length: 665  Top ID: 100.0
		One align captures most of this contig: 2529402 2530066 | 665 1 | 665 665 | 100.0 | Bacteroides_sp_XB1A_gi_479162165_ref_NC_ scaffold-5118

CONTIG: scaffold-5180 (657bp)
Top Length: 656  Top ID: 99.7
		One align captures most of this contig: 1079864 1080519 | 1 656 | 656 656 | 99.7 | Bacteroides_sp_XB1A_gi_479162165_ref_NC_ scaffold-5180

CONTIG: scaffold-5748 (613bp)
Top Length: 613  Top ID: 100.0
		One align captures most of this contig: 1105548 1106160 | 1 613 | 613 613 | 100.0 | Bacteroides_sp_XB1A_gi_479162165_ref_NC_ scaffold-5748

CONTIG: scaffold-6055 (549bp)
Top Length: 549  Top ID: 99.27
		One align captures most of this contig: 2224912 2225460 | 549 1 | 549 549 | 99.27 | Bacteroides_sp_XB1A_gi_479162165_ref_NC_ scaffold-6055

CONTIG: scaffold-6187 (571bp)
Top Length: 571  Top ID: 99.65
		One align captures most of this contig: 3170600 3171170 | 571 1 | 571 571 | 99.65 | Bacteroides_sp_XB1A_gi_479162165_ref_NC_ scaffold-6187

CONTIG: scaffold-6359 (527bp)
Top Length: 527  Top ID: 99.43
		One align captures most of this contig: 5903539 5904065 | 1 527 | 527 527 | 99.43 | Bacteroides_sp_XB1A_gi_479162165_ref_NC_ scaffold-6359

CONTIG: scaffold-6575 (973bp)
Top Length: 973  Top ID: 99.49
		One align captures most of this contig: 5087014 5087986 | 973 1 | 973 973 | 99.49 | Bacteroides_sp_XB1A_gi_479162165_ref_NC_ scaffold-6575

CONTIG: scaffold-6604 (507bp)
Top Length: 507  Top ID: 99.61
		One align captures most of this contig: 2528522 2529028 | 507 1 | 507 507 | 99.61 | Bacteroides_sp_XB1A_gi_479162165_ref_NC_ scaffold-6604

CONTIG: scaffold-6857 (514bp)
Top Length: 514  Top ID: 99.03
		One align captures most of this contig: 3860247 3860760 | 514 1 | 514 514 | 99.03 | Bacteroides_sp_XB1A_gi_479162165_ref_NC_ scaffold-6857

CONTIG: scaffold-6988 (504bp)
Top Length: 504  Top ID: 100.0
		One align captures most of this contig: 4136678 4137181 | 504 1 | 504 504 | 100.0 | Bacteroides_sp_XB1A_gi_479162165_ref_NC_ scaffold-6988

CONTIG: scaffold-7448 (619bp)
Top Length: 619  Top ID: 100.0
		One align captures most of this contig: 2226950 2227568 | 619 1 | 619 619 | 100.0 | Bacteroides_sp_XB1A_gi_479162165_ref_NC_ scaffold-7448

CONTIG: scaffold-10949 (650bp)
Top Length: 650  Top ID: 99.38
		One align captures most of this contig: 5858051 5858700 | 1 650 | 650 650 | 99.38 | Bacteroides_sp_XB1A_gi_479162165_ref_NC_ scaffold-10949

CONTIG: scaffold-11278 (562bp)
Top Length: 562  Top ID: 99.82
		One align captures most of this contig: 2230160 2230721 | 562 1 | 562 562 | 99.82 | Bacteroides_sp_XB1A_gi_479162165_ref_NC_ scaffold-11278

CONTIG: scaffold-21561 (2293bp)
Top Length: 354  Top ID: 100.0
		This contig is partially unaligned. (Aligned 354 out of 2293 bases)
		Alignment: 3046499 3046852 | 354 1 | 354 354 | 100.0 | Bacteroides_sp_XB1A_gi_479162165_ref_NC_ scaffold-21561
		Unaligned bases: 355 to 2293 (1939)

CONTIG: scaffold-164513 (633bp)
Top Length: 629  Top ID: 99.52
		One align captures most of this contig: 2254763 2255391 | 5 633 | 629 629 | 99.52 | Bacteroides_sp_XB1A_gi_479162165_ref_NC_ scaffold-164513

Analyzing coverage...
Writing SNPs into /Molly/gurevich/MetaQUAST/res_final/res_metahit_final/runs_per_reference/Bacteroides_sp_XB1A/contigs_reports/nucmer_output/Ray.used_snps
	Reference Bacteroides_sp_XB1A_gi_479162165_ref_NC_: 24 total alignments. 1 total regions.
		Region: 1 to 5976145 (5976145 bp)
			START in gap: 1 to 1079864 (1079863 bp)
			Align 1: 1079864 1080519 scaffold-5180 1 656
				Gap between this and next alignment: 1080519 to 1084181 (3661 bp)
				Next Alignment: 1084181 1085013 scaffold-4608 1 833

			Align 2: 1084181 1085013 scaffold-4608 1 833
				Gap between this and next alignment: 1085013 to 1105548 (20534 bp)
				Next Alignment: 1105548 1106160 scaffold-5748 1 613

			Align 3: 1105548 1106160 scaffold-5748 1 613
				Gap between this and next alignment: 1106160 to 1599183 (493022 bp)
				Next Alignment: 1599183 1613384 scaffold-2589 1 14202

			Align 4: 1599183 1613384 scaffold-2589 1 14202
				Negative gap (overlap) between this and next alignment: 1613384 to 1613129 (-255 bp)
				Next Alignment: 1613129 1616848 scaffold-2863 1 3720

			Previous gap was negative, modifying coordinates to ignore overlap
				Moving contig start from 1 to 257.
			Align 5: 1613385 1616848 scaffold-2863 257 3720
				Negative gap (overlap) between this and next alignment: 1616848 to 1616841 (-7 bp)
				Next Alignment: 1616841 1619318 scaffold-2780 2241 4719

			Previous gap was negative, modifying coordinates to ignore overlap
				Moving contig start from 2241 to 2249.
			Align 6: 1616849 1619318 scaffold-2780 2249 4719
				Gap between this and next alignment: 1619318 to 2224912 (605593 bp)
				Next Alignment: 2224912 2225460 scaffold-6055 549 1

			Align 7: 2224912 2225460 scaffold-6055 549 1
				Gap between this and next alignment: 2225460 to 2226950 (1489 bp)
				Next Alignment: 2226950 2227568 scaffold-7448 619 1

			Align 8: 2226950 2227568 scaffold-7448 619 1
				Gap between this and next alignment: 2227568 to 2230160 (2591 bp)
				Next Alignment: 2230160 2230721 scaffold-11278 562 1

			Align 9: 2230160 2230721 scaffold-11278 562 1
				Gap between this and next alignment: 2230721 to 2254763 (24041 bp)
				Next Alignment: 2254763 2255391 scaffold-164513 5 633

			Align 10: 2254763 2255391 scaffold-164513 5 633
				Gap between this and next alignment: 2255391 to 2528522 (273130 bp)
				Next Alignment: 2528522 2529028 scaffold-6604 507 1

			Align 11: 2528522 2529028 scaffold-6604 507 1
				Gap between this and next alignment: 2529028 to 2529402 (373 bp)
				Next Alignment: 2529402 2530066 scaffold-5118 665 1

			Align 12: 2529402 2530066 scaffold-5118 665 1
				Gap between this and next alignment: 2530066 to 3046494 (516427 bp)
				Next Alignment: 3046494 3046816 scaffold-2111 323 1

			Align 13: 3046494 3046816 scaffold-2111 323 1
				Negative gap (overlap) between this and next alignment: 3046816 to 3046495 (-321 bp)
				Next Alignment: 3046495 3046936 scaffold-503 5471 5912

			Previous gap was negative, modifying coordinates to ignore overlap
				Moving contig start from 5471 to 5793.
			Align 14: 3046817 3046936 scaffold-503 5793 5912
				Negative gap (overlap) between this and next alignment: 3046936 to 3046499 (-437 bp)
				Next Alignment: 3046499 3047534 scaffold-3502 1 1036

			Previous gap was negative, modifying coordinates to ignore overlap
				Moving contig start from 1 to 439.
			Align 15: 3046937 3047534 scaffold-3502 439 1036
				The next alignment (3046499 3046852 scaffold-21561 354 1) is redundant. Skipping.
				Negative gap (overlap) between this and next alignment: 3047534 to 3047363 (-171 bp)
				Next Alignment: 3047363 3047538 scaffold-4005 6015 5840

			Previous gap was negative, modifying coordinates to ignore overlap
				Moving contig start from 6015 to 5843.
			Align 17: 3047535 3047538 scaffold-4005 5843 5840
				Gap between this and next alignment: 3047538 to 3170600 (123061 bp)
				Next Alignment: 3170600 3171170 scaffold-6187 571 1

			Align 18: 3170600 3171170 scaffold-6187 571 1
				Gap between this and next alignment: 3171170 to 3860247 (689076 bp)
				Next Alignment: 3860247 3860760 scaffold-6857 514 1

			Align 19: 3860247 3860760 scaffold-6857 514 1
				Gap between this and next alignment: 3860760 to 4136678 (275917 bp)
				Next Alignment: 4136678 4137181 scaffold-6988 504 1

			Align 20: 4136678 4137181 scaffold-6988 504 1
				Gap between this and next alignment: 4137181 to 5087014 (949832 bp)
				Next Alignment: 5087014 5087986 scaffold-6575 973 1

			Align 21: 5087014 5087986 scaffold-6575 973 1
				Gap between this and next alignment: 5087986 to 5230637 (142650 bp)
				Next Alignment: 5230637 5231354 scaffold-4773 1 718

			Align 22: 5230637 5231354 scaffold-4773 1 718
				Gap between this and next alignment: 5231354 to 5858051 (626696 bp)
				Next Alignment: 5858051 5858700 scaffold-10949 1 650

			Align 23: 5858051 5858700 scaffold-10949 1 650
				Gap between this and next alignment: 5858700 to 5903539 (44838 bp)
				Next Alignment: 5903539 5904065 scaffold-6359 1 527

			Align 24: 5903539 5904065 scaffold-6359 1 527
			END in gap: 5904065 to 5976145 (72080 bp)

Analysis is finished!
Founded SNPs were written into /Molly/gurevich/MetaQUAST/res_final/res_metahit_final/runs_per_reference/Bacteroides_sp_XB1A/contigs_reports/nucmer_output/Ray.used_snps

Results:
	Local Misassemblies: 0
	Misassemblies: 0
		Relocations: 0
		Translocations: 0
		Inversions: 0
	Fake misassemblies matched with structural variations: 0
	Misassembled Contigs: 0
	Misassembled Contig Bases: 0
	Misassemblies Inter-Contig Overlap: 0
Uncovered Regions: 0 (0)
Unaligned Contigs: 0 + 6 part
Partially Unaligned Contigs with Misassemblies: 0
Unaligned Contig Bases: 31611

Ambiguously Mapped Contigs: 0
Total Bases in Ambiguously Mapped Contigs: 0
Note that --allow-ambiguity option was set to "one" and only first alignment per each contig was used.

	Covered Bases: 31271

	SNPs: 47
	Insertions: 1
	Deletions: 0

	Positive Gaps: 19
		Internal Gaps:  0
		External Gaps:  19
		External Gap Total:  5944874
		External Gap Average: 312888
	Negative Gaps: 5
		Internal Overlaps:  0
		External Overlaps:  5
		External Overlaps Total: -1191
		External Overlaps Average: -238
	Contigs with Redundant Alignments: 1 (354)
