Aligning contigs to reference...
	Using existing Nucmer alignments...
Parsing coords...
Loading reference...
	Loaded [Parabacteroides_distasonis_ATCC_8503_gi_150006674_ref_NC_]
Loading SNPs...
Loading regions...
	No regions given, using whole reference.
	Total Regions: 1
	Total Region Length: 4811379
Analyzing contigs...
CONTIG: scaffold-1 (79037bp)
Top Length: 4420  Top ID: 98.82
		Skipping redundant alignment 3940297 3942047 | 27190 25392 | 1751 1799 | 95.33 | Parabacteroides_distasonis_ATCC_8503_gi_150006674_ref_NC_ scaffold-1
			Skipping redundant alignments after choosing the best set of alignments
		Skipping redundant alignment 3929565 3932552 | 31218 28231 | 2988 2988 | 96.72 | Parabacteroides_distasonis_ATCC_8503_gi_150006674_ref_NC_ scaffold-1
		Skipping redundant alignment 3942040 3946459 | 25227 20808 | 4420 4420 | 98.05 | Parabacteroides_distasonis_ATCC_8503_gi_150006674_ref_NC_ scaffold-1
		This contig is misassembled. 6 total aligns.
			Warning! This contig is more unaligned than misassembled. Contig length is 79037 and total length of all aligns is 10050
		Alignment: 2625371 2629789 | 25227 20808 | 4419 4420 | 98.82 | Parabacteroides_distasonis_ATCC_8503_gi_150006674_ref_NC_ scaffold-1
		Alignment: 2622752 2625378 | 28033 25392 | 2627 2642 | 97.58 | Parabacteroides_distasonis_ATCC_8503_gi_150006674_ref_NC_ scaffold-1
		Alignment: 2618196 2621184 | 31218 28231 | 2989 2988 | 95.88 | Parabacteroides_distasonis_ATCC_8503_gi_150006674_ref_NC_ scaffold-1
		Unaligned bases: 68987
		This contig has both significant aligned and unaligned parts (of length >= min-contig)! It can contain interspecies translocations
CONTIG: scaffold-48 (27618bp)
Top Length: 379  Top ID: 99.47
		Skipping redundant alignment 342063 342437 | 1 375 | 375 375 | 99.73 | Parabacteroides_distasonis_ATCC_8503_gi_150006674_ref_NC_ scaffold-48
		Skipping redundant alignment 2514071 2514444 | 1 374 | 374 374 | 99.73 | Parabacteroides_distasonis_ATCC_8503_gi_150006674_ref_NC_ scaffold-48
		Skipping redundant alignment 4646615 4646988 | 1 374 | 374 374 | 99.73 | Parabacteroides_distasonis_ATCC_8503_gi_150006674_ref_NC_ scaffold-48
			Skipping redundant alignments after choosing the best set of alignments
		Skipping redundant alignment 867105 867480 | 376 1 | 376 376 | 99.73 | Parabacteroides_distasonis_ATCC_8503_gi_150006674_ref_NC_ scaffold-48
		Skipping redundant alignment 4734152 4734530 | 1 379 | 379 379 | 99.47 | Parabacteroides_distasonis_ATCC_8503_gi_150006674_ref_NC_ scaffold-48
		This contig is partially unaligned. (Aligned 379 out of 27618 bases)
		Alignment: 849368 849743 | 376 1 | 376 376 | 99.73 | Parabacteroides_distasonis_ATCC_8503_gi_150006674_ref_NC_ scaffold-48
		Unaligned bases: 377 to 27618 (27242)

CONTIG: scaffold-1580 (22189bp)
Top Length: 900  Top ID: 96.23
		This contig is misassembled. 2 total aligns.
			Warning! This contig is more unaligned than misassembled. Contig length is 22189 and total length of all aligns is 1584
		Alignment: 1020724 1021406 | 16384 15701 | 683 684 | 97.08 | Parabacteroides_distasonis_ATCC_8503_gi_150006674_ref_NC_ scaffold-1580
		Alignment: 1016720 1017620 | 22140 21241 | 901 900 | 96.23 | Parabacteroides_distasonis_ATCC_8503_gi_150006674_ref_NC_ scaffold-1580
		Unaligned bases: 20605
		This contig has both significant aligned and unaligned parts (of length >= min-contig)! It can contain interspecies translocations
CONTIG: scaffold-1935 (31424bp)
Top Length: 374  Top ID: 99.73
			Skipping redundant alignments after choosing the best set of alignments
		Skipping redundant alignment 849370 849743 | 31051 31424 | 374 374 | 99.73 | Parabacteroides_distasonis_ATCC_8503_gi_150006674_ref_NC_ scaffold-1935
		Skipping redundant alignment 867107 867480 | 31051 31424 | 374 374 | 99.73 | Parabacteroides_distasonis_ATCC_8503_gi_150006674_ref_NC_ scaffold-1935
		Skipping redundant alignment 2514071 2514444 | 31424 31051 | 374 374 | 99.73 | Parabacteroides_distasonis_ATCC_8503_gi_150006674_ref_NC_ scaffold-1935
		Skipping redundant alignment 4646615 4646988 | 31424 31051 | 374 374 | 99.73 | Parabacteroides_distasonis_ATCC_8503_gi_150006674_ref_NC_ scaffold-1935
		Skipping redundant alignment 4734152 4734525 | 31424 31051 | 374 374 | 99.73 | Parabacteroides_distasonis_ATCC_8503_gi_150006674_ref_NC_ scaffold-1935
		This contig is partially unaligned. (Aligned 374 out of 31424 bases)
		Alignment: 342063 342436 | 31424 31051 | 374 374 | 99.73 | Parabacteroides_distasonis_ATCC_8503_gi_150006674_ref_NC_ scaffold-1935
		Unaligned bases: 1 to 31050 (31050)

CONTIG: scaffold-2561 (60017bp)
Top Length: 2911  Top ID: 97.73
			Skipping redundant alignments after choosing the best set of alignments
		Skipping redundant alignment 339882 340262 | 381 1 | 381 381 | 100.0 | Parabacteroides_distasonis_ATCC_8503_gi_150006674_ref_NC_ scaffold-2561
		Skipping redundant alignment 851544 851925 | 1 382 | 382 382 | 100.0 | Parabacteroides_distasonis_ATCC_8503_gi_150006674_ref_NC_ scaffold-2561
		Skipping redundant alignment 869281 869661 | 1 381 | 381 381 | 100.0 | Parabacteroides_distasonis_ATCC_8503_gi_150006674_ref_NC_ scaffold-2561
		Skipping redundant alignment 4644434 4644814 | 381 1 | 381 381 | 100.0 | Parabacteroides_distasonis_ATCC_8503_gi_150006674_ref_NC_ scaffold-2561
		Skipping redundant alignment 4731971 4732351 | 381 1 | 381 381 | 100.0 | Parabacteroides_distasonis_ATCC_8503_gi_150006674_ref_NC_ scaffold-2561
		This contig is misassembled. 8 total aligns.
			Warning! This contig is more unaligned than misassembled. Contig length is 60017 and total length of all aligns is 5501
		Alignment: 2511890 2512270 | 381 1 | 381 381 | 100.0 | Parabacteroides_distasonis_ATCC_8503_gi_150006674_ref_NC_ scaffold-2561
		Alignment: 2545397 2547604 | 27918 25710 | 2208 2209 | 96.11 | Parabacteroides_distasonis_ATCC_8503_gi_150006674_ref_NC_ scaffold-2561
		Alignment: 2508981 2511891 | 58065 55155 | 2911 2911 | 97.73 | Parabacteroides_distasonis_ATCC_8503_gi_150006674_ref_NC_ scaffold-2561
		Unaligned bases: 54516
		This contig has both significant aligned and unaligned parts (of length >= min-contig)! It can contain interspecies translocations
CONTIG: scaffold-2631 (4919bp)
Top Length: 386  Top ID: 99.74
		Skipping redundant alignment 339882 340262 | 4539 4919 | 381 381 | 100.0 | Parabacteroides_distasonis_ATCC_8503_gi_150006674_ref_NC_ scaffold-2631
		Skipping redundant alignment 851544 851924 | 4919 4539 | 381 381 | 100.0 | Parabacteroides_distasonis_ATCC_8503_gi_150006674_ref_NC_ scaffold-2631
		Skipping redundant alignment 869281 869661 | 4919 4539 | 381 381 | 100.0 | Parabacteroides_distasonis_ATCC_8503_gi_150006674_ref_NC_ scaffold-2631
		Skipping redundant alignment 2511890 2512270 | 4539 4919 | 381 381 | 100.0 | Parabacteroides_distasonis_ATCC_8503_gi_150006674_ref_NC_ scaffold-2631
		Skipping redundant alignment 4644434 4644814 | 4539 4919 | 381 381 | 100.0 | Parabacteroides_distasonis_ATCC_8503_gi_150006674_ref_NC_ scaffold-2631
		This contig is partially unaligned. (Aligned 386 out of 4919 bases)
		Alignment: 4731966 4732351 | 4534 4919 | 386 386 | 99.74 | Parabacteroides_distasonis_ATCC_8503_gi_150006674_ref_NC_ scaffold-2631
		Unaligned bases: 1 to 4533 (4533)

CONTIG: scaffold-2659 (15539bp)
Top Length: 382  Top ID: 100.0
			Skipping redundant alignments after choosing the best set of alignments
		Skipping redundant alignment 851544 851924 | 15539 15159 | 381 381 | 100.0 | Parabacteroides_distasonis_ATCC_8503_gi_150006674_ref_NC_ scaffold-2659
		Skipping redundant alignment 869281 869661 | 15539 15159 | 381 381 | 100.0 | Parabacteroides_distasonis_ATCC_8503_gi_150006674_ref_NC_ scaffold-2659
		Skipping redundant alignment 2511890 2512270 | 15159 15539 | 381 381 | 100.0 | Parabacteroides_distasonis_ATCC_8503_gi_150006674_ref_NC_ scaffold-2659
		Skipping redundant alignment 4644433 4644814 | 15158 15539 | 382 382 | 100.0 | Parabacteroides_distasonis_ATCC_8503_gi_150006674_ref_NC_ scaffold-2659
		Skipping redundant alignment 4731971 4732351 | 15159 15539 | 381 381 | 100.0 | Parabacteroides_distasonis_ATCC_8503_gi_150006674_ref_NC_ scaffold-2659
		This contig is partially unaligned. (Aligned 382 out of 15539 bases)
		Alignment: 339881 340262 | 15158 15539 | 382 382 | 100.0 | Parabacteroides_distasonis_ATCC_8503_gi_150006674_ref_NC_ scaffold-2659
		Unaligned bases: 1 to 15157 (15157)

CONTIG: scaffold-2800 (7588bp)
Top Length: 383  Top ID: 100.0
			Skipping redundant alignments after choosing the best set of alignments
		Skipping redundant alignment 851544 851924 | 7588 7208 | 381 381 | 100.0 | Parabacteroides_distasonis_ATCC_8503_gi_150006674_ref_NC_ scaffold-2800
		Skipping redundant alignment 869281 869661 | 7588 7208 | 381 381 | 100.0 | Parabacteroides_distasonis_ATCC_8503_gi_150006674_ref_NC_ scaffold-2800
		Skipping redundant alignment 2511890 2512270 | 7208 7588 | 381 381 | 100.0 | Parabacteroides_distasonis_ATCC_8503_gi_150006674_ref_NC_ scaffold-2800
		Skipping redundant alignment 4644432 4644814 | 7206 7588 | 383 383 | 100.0 | Parabacteroides_distasonis_ATCC_8503_gi_150006674_ref_NC_ scaffold-2800
		Skipping redundant alignment 4731971 4732351 | 7208 7588 | 381 381 | 100.0 | Parabacteroides_distasonis_ATCC_8503_gi_150006674_ref_NC_ scaffold-2800
		This contig is partially unaligned. (Aligned 383 out of 7588 bases)
		Alignment: 339881 340262 | 7207 7588 | 382 382 | 100.0 | Parabacteroides_distasonis_ATCC_8503_gi_150006674_ref_NC_ scaffold-2800
		Unaligned bases: 1 to 7206 (7206)

CONTIG: scaffold-4746 (1088bp)
Top Length: 86  Top ID: 97.67
		Skipping redundant alignment 186869 186946 | 817 740 | 78 78 | 100.0 | Parabacteroides_distasonis_ATCC_8503_gi_150006674_ref_NC_ scaffold-4746
		Skipping redundant alignment 1399265 1399349 | 741 825 | 85 85 | 97.65 | Parabacteroides_distasonis_ATCC_8503_gi_150006674_ref_NC_ scaffold-4746
		This contig is partially unaligned. (Aligned 86 out of 1088 bases)
		Alignment: 2667538 2667622 | 819 734 | 85 86 | 97.67 | Parabacteroides_distasonis_ATCC_8503_gi_150006674_ref_NC_ scaffold-4746
		Unaligned bases: 1 to 733 (733)
		Unaligned bases: 820 to 1088 (269)

CONTIG: scaffold-7346 (1800bp)
Top Length: 383  Top ID: 100.0
			Skipping redundant alignments after choosing the best set of alignments
		Skipping redundant alignment 851544 851924 | 1800 1420 | 381 381 | 100.0 | Parabacteroides_distasonis_ATCC_8503_gi_150006674_ref_NC_ scaffold-7346
		Skipping redundant alignment 869281 869661 | 1800 1420 | 381 381 | 100.0 | Parabacteroides_distasonis_ATCC_8503_gi_150006674_ref_NC_ scaffold-7346
		Skipping redundant alignment 2511890 2512270 | 1420 1800 | 381 381 | 100.0 | Parabacteroides_distasonis_ATCC_8503_gi_150006674_ref_NC_ scaffold-7346
		Skipping redundant alignment 4644432 4644814 | 1418 1800 | 383 383 | 100.0 | Parabacteroides_distasonis_ATCC_8503_gi_150006674_ref_NC_ scaffold-7346
		Skipping redundant alignment 4731971 4732351 | 1420 1800 | 381 381 | 100.0 | Parabacteroides_distasonis_ATCC_8503_gi_150006674_ref_NC_ scaffold-7346
		This contig is partially unaligned. (Aligned 383 out of 1800 bases)
		Alignment: 339881 340262 | 1419 1800 | 382 382 | 100.0 | Parabacteroides_distasonis_ATCC_8503_gi_150006674_ref_NC_ scaffold-7346
		Unaligned bases: 1 to 1418 (1418)

CONTIG: scaffold-53011 (2555bp)
Top Length: 2555  Top ID: 99.96
		This contig has 6 significant alignments. [An ambiguously mapped contig]
		Using only first of these alignment (option --ambiguity-usage is set to "one"):
		Alignment: 339882 342436 | 2555 1 | 2555 2555 | 99.96 | Parabacteroides_distasonis_ATCC_8503_gi_150006674_ref_NC_ scaffold-53011
		Skipping alignment  849370 851924 | 1 2555 | 2555 2555 | 99.96 | Parabacteroides_distasonis_ATCC_8503_gi_150006674_ref_NC_ scaffold-53011
		Skipping alignment  867107 869661 | 1 2555 | 2555 2555 | 99.96 | Parabacteroides_distasonis_ATCC_8503_gi_150006674_ref_NC_ scaffold-53011
		Skipping alignment  2511890 2514444 | 2555 1 | 2555 2555 | 99.96 | Parabacteroides_distasonis_ATCC_8503_gi_150006674_ref_NC_ scaffold-53011
		Skipping alignment  4644434 4646988 | 2555 1 | 2555 2555 | 99.96 | Parabacteroides_distasonis_ATCC_8503_gi_150006674_ref_NC_ scaffold-53011
		Skipping alignment  4731971 4734525 | 2555 1 | 2555 2555 | 99.96 | Parabacteroides_distasonis_ATCC_8503_gi_150006674_ref_NC_ scaffold-53011

CONTIG: scaffold-60460 (1496bp)
Top Length: 375  Top ID: 99.73
			Skipping redundant alignments after choosing the best set of alignments
		Skipping redundant alignment 849369 849743 | 375 1 | 375 375 | 99.73 | Parabacteroides_distasonis_ATCC_8503_gi_150006674_ref_NC_ scaffold-60460
		Skipping redundant alignment 867106 867480 | 375 1 | 375 375 | 99.73 | Parabacteroides_distasonis_ATCC_8503_gi_150006674_ref_NC_ scaffold-60460
		Skipping redundant alignment 2514071 2514444 | 1 374 | 374 374 | 99.73 | Parabacteroides_distasonis_ATCC_8503_gi_150006674_ref_NC_ scaffold-60460
		Skipping redundant alignment 4646615 4646988 | 1 374 | 374 374 | 99.73 | Parabacteroides_distasonis_ATCC_8503_gi_150006674_ref_NC_ scaffold-60460
		Skipping redundant alignment 4734152 4734525 | 1 374 | 374 374 | 99.73 | Parabacteroides_distasonis_ATCC_8503_gi_150006674_ref_NC_ scaffold-60460
		This contig is partially unaligned. (Aligned 375 out of 1496 bases)
		Alignment: 342063 342437 | 1 375 | 375 375 | 99.73 | Parabacteroides_distasonis_ATCC_8503_gi_150006674_ref_NC_ scaffold-60460
		Unaligned bases: 376 to 1496 (1121)

CONTIG: scaffold-109027 (1014bp)
Top Length: 380  Top ID: 99.47
		Skipping redundant alignment 4734152 4734527 | 1 376 | 376 376 | 99.73 | Parabacteroides_distasonis_ATCC_8503_gi_150006674_ref_NC_ scaffold-109027
		Skipping redundant alignment 342063 342436 | 1 374 | 374 374 | 99.73 | Parabacteroides_distasonis_ATCC_8503_gi_150006674_ref_NC_ scaffold-109027
		Skipping redundant alignment 849370 849743 | 374 1 | 374 374 | 99.73 | Parabacteroides_distasonis_ATCC_8503_gi_150006674_ref_NC_ scaffold-109027
		Skipping redundant alignment 867107 867480 | 374 1 | 374 374 | 99.73 | Parabacteroides_distasonis_ATCC_8503_gi_150006674_ref_NC_ scaffold-109027
		Skipping redundant alignment 2514071 2514444 | 1 374 | 374 374 | 99.73 | Parabacteroides_distasonis_ATCC_8503_gi_150006674_ref_NC_ scaffold-109027
		This contig is partially unaligned. (Aligned 380 out of 1014 bases)
		Alignment: 4646615 4646994 | 1 380 | 380 380 | 99.47 | Parabacteroides_distasonis_ATCC_8503_gi_150006674_ref_NC_ scaffold-109027
		Unaligned bases: 381 to 1014 (634)

CONTIG: scaffold-156821 (3547bp)
Top Length: 386  Top ID: 99.74
		Skipping redundant alignment 851544 851925 | 1 382 | 382 382 | 100.0 | Parabacteroides_distasonis_ATCC_8503_gi_150006674_ref_NC_ scaffold-156821
		Skipping redundant alignment 869281 869661 | 1 381 | 381 381 | 100.0 | Parabacteroides_distasonis_ATCC_8503_gi_150006674_ref_NC_ scaffold-156821
		Skipping redundant alignment 2511890 2512270 | 381 1 | 381 381 | 100.0 | Parabacteroides_distasonis_ATCC_8503_gi_150006674_ref_NC_ scaffold-156821
		Skipping redundant alignment 4644434 4644814 | 381 1 | 381 381 | 100.0 | Parabacteroides_distasonis_ATCC_8503_gi_150006674_ref_NC_ scaffold-156821
		Skipping redundant alignment 4731971 4732351 | 381 1 | 381 381 | 100.0 | Parabacteroides_distasonis_ATCC_8503_gi_150006674_ref_NC_ scaffold-156821
		This contig is partially unaligned. (Aligned 386 out of 3547 bases)
		Alignment: 339877 340262 | 386 1 | 386 386 | 99.74 | Parabacteroides_distasonis_ATCC_8503_gi_150006674_ref_NC_ scaffold-156821
		Unaligned bases: 387 to 3547 (3161)

CONTIG: scaffold-195400 (48365bp)
Top Length: 374  Top ID: 99.73
			Skipping redundant alignments after choosing the best set of alignments
		Skipping redundant alignment 849370 849743 | 47992 48365 | 374 374 | 99.73 | Parabacteroides_distasonis_ATCC_8503_gi_150006674_ref_NC_ scaffold-195400
		Skipping redundant alignment 867107 867480 | 47992 48365 | 374 374 | 99.73 | Parabacteroides_distasonis_ATCC_8503_gi_150006674_ref_NC_ scaffold-195400
		Skipping redundant alignment 2514071 2514444 | 48365 47992 | 374 374 | 99.73 | Parabacteroides_distasonis_ATCC_8503_gi_150006674_ref_NC_ scaffold-195400
		Skipping redundant alignment 4646615 4646988 | 48365 47992 | 374 374 | 99.73 | Parabacteroides_distasonis_ATCC_8503_gi_150006674_ref_NC_ scaffold-195400
		Skipping redundant alignment 4734152 4734525 | 48365 47992 | 374 374 | 99.73 | Parabacteroides_distasonis_ATCC_8503_gi_150006674_ref_NC_ scaffold-195400
		This contig is partially unaligned. (Aligned 374 out of 48365 bases)
		Alignment: 342063 342436 | 48365 47992 | 374 374 | 99.73 | Parabacteroides_distasonis_ATCC_8503_gi_150006674_ref_NC_ scaffold-195400
		Unaligned bases: 1 to 47991 (47991)

Analyzing coverage...
Writing SNPs into /Molly/gurevich/MetaQUAST/res_final/res_metahit_final/runs_per_reference/Parabacteroides_distasonis_ATCC_8503/contigs_reports/nucmer_output/Ray.used_snps
	Reference Parabacteroides_distasonis_ATCC_8503_gi_150006674_ref_NC_: 20 total alignments. 1 total regions.
		Region: 1 to 4811379 (4811379 bp)
			START in gap: 1 to 339877 (339876 bp)
			Align 1: 339877 340262 scaffold-156821 386 1
				The next alignment (339881 340262 scaffold-2659 15158 15539) is redundant. Skipping.
				The next alignment (339881 340262 scaffold-2800 7207 7588) is redundant. Skipping.
				The next alignment (339881 340262 scaffold-7346 1419 1800) is redundant. Skipping.
				Negative gap (overlap) between this and next alignment: 340262 to 339882 (-380 bp)
				Next Alignment: 339882 342436 scaffold-53011 2555 1

			Previous gap was negative, modifying coordinates to ignore overlap
				Moving contig start from 2555 to 2174.
			Align 5: 340263 342436 scaffold-53011 2174 1
				The next alignment (342063 342436 scaffold-1935 31424 31051) is redundant. Skipping.
				Negative gap (overlap) between this and next alignment: 342436 to 342063 (-373 bp)
				Next Alignment: 342063 342437 scaffold-60460 1 375

			Previous gap was negative, modifying coordinates to ignore overlap
				Moving contig start from 1 to 375.
			Align 7: 342437 342437 scaffold-60460 375 375
				The next alignment (342063 342436 scaffold-195400 48365 47992) is redundant. Skipping.
				Gap between this and next alignment: 342437 to 849368 (506930 bp)
				Next Alignment: 849368 849743 scaffold-48 376 1

			Align 9: 849368 849743 scaffold-48 376 1
				Gap between this and next alignment: 849743 to 1016720 (166976 bp)
				Next Alignment: 1016720 1017620 scaffold-1580 22140 21241

			Align 10: 1016720 1017620 scaffold-1580 22140 21241
				Gap between this and next alignment: 1017620 to 1020724 (3103 bp)
				Next Alignment: 1020724 1021406 scaffold-1580 16384 15701

			Align 11: 1020724 1021406 scaffold-1580 16384 15701
				Gap between this and next alignment: 1021406 to 2508981 (1487574 bp)
				Next Alignment: 2508981 2511891 scaffold-2561 58065 55155

			Align 12: 2508981 2511891 scaffold-2561 58065 55155
				Negative gap (overlap) between this and next alignment: 2511891 to 2511890 (-1 bp)
				Next Alignment: 2511890 2512270 scaffold-2561 381 1

			Previous gap was negative, modifying coordinates to ignore overlap
				Moving contig start from 381 to 379.
			Align 13: 2511892 2512270 scaffold-2561 379 1
				Gap between this and next alignment: 2512270 to 2545397 (33126 bp)
				Next Alignment: 2545397 2547604 scaffold-2561 27918 25710

			Align 14: 2545397 2547604 scaffold-2561 27918 25710
				Gap between this and next alignment: 2547604 to 2618196 (70591 bp)
				Next Alignment: 2618196 2621184 scaffold-1 31218 28231

			Align 15: 2618196 2621184 scaffold-1 31218 28231
				Gap between this and next alignment: 2621184 to 2622752 (1567 bp)
				Next Alignment: 2622752 2625378 scaffold-1 28033 25392

			Align 16: 2622752 2625378 scaffold-1 28033 25392
				Negative gap (overlap) between this and next alignment: 2625378 to 2625371 (-7 bp)
				Next Alignment: 2625371 2629789 scaffold-1 25227 20808

			Previous gap was negative, modifying coordinates to ignore overlap
				Moving contig start from 25227 to 25219.
			Align 17: 2625379 2629789 scaffold-1 25219 20808
				Gap between this and next alignment: 2629789 to 2667538 (37748 bp)
				Next Alignment: 2667538 2667622 scaffold-4746 819 734

			Align 18: 2667538 2667622 scaffold-4746 819 734
				Gap between this and next alignment: 2667622 to 4646615 (1978992 bp)
				Next Alignment: 4646615 4646994 scaffold-109027 1 380

			Align 19: 4646615 4646994 scaffold-109027 1 380
				Gap between this and next alignment: 4646994 to 4731966 (84971 bp)
				Next Alignment: 4731966 4732351 scaffold-2631 4534 4919

			Align 20: 4731966 4732351 scaffold-2631 4534 4919
			END in gap: 4732351 to 4811379 (79028 bp)

Analysis is finished!
Founded SNPs were written into /Molly/gurevich/MetaQUAST/res_final/res_metahit_final/runs_per_reference/Parabacteroides_distasonis_ATCC_8503/contigs_reports/nucmer_output/Ray.used_snps

Results:
	Local Misassemblies: 0
	Misassemblies: 0
		Relocations: 0
		Translocations: 0
		Inversions: 0
	Fake misassemblies matched with structural variations: 0
	Misassembled Contigs: 0
	Misassembled Contig Bases: 0
	Misassemblies Inter-Contig Overlap: 0
Uncovered Regions: 0 (0)
Unaligned Contigs: 0 + 14 part
Partially Unaligned Contigs with Misassemblies: 3
Unaligned Contig Bases: 284623

Ambiguously Mapped Contigs: 1
Total Bases in Ambiguously Mapped Contigs: 2555
Note that --allow-ambiguity option was set to "one" and only first alignment per each contig was used.

	Covered Bases: 20897

	SNPs: 430
	Insertions: 20
	Deletions: 3

	Positive Gaps: 12
		Internal Gaps:  3
		External Gaps:  9
		External Gap Total:  4752686
		External Gap Average: 528076
	Negative Gaps: 4
		Internal Overlaps:  2
		External Overlaps:  2
		External Overlaps Total: -753
		External Overlaps Average: -376
	Contigs with Redundant Alignments: 3 (1894)
