Aligning contigs to reference...
	Using existing Nucmer alignments...
Parsing coords...
Loading reference...
	Loaded [Alistipes_putredinis_gi_224021120_ref_NZ_]
	Loaded [Alistipes_putredinis_gi_224021121_ref_NZ_]
	Loaded [Alistipes_putredinis_gi_224021122_ref_NZ_]
	Loaded [Alistipes_putredinis_gi_224021123_ref_NZ_]
	Loaded [Alistipes_putredinis_gi_224021124_ref_NZ_]
	Loaded [Alistipes_putredinis_gi_224021125_ref_NZ_]
	Loaded [Alistipes_putredinis_gi_224021126_ref_NZ_]
	Loaded [Alistipes_putredinis_gi_224021127_ref_NZ_]
	Loaded [Alistipes_putredinis_gi_224021128_ref_NZ_]
	Loaded [Alistipes_putredinis_gi_224021129_ref_NZ_]
	Loaded [Alistipes_putredinis_gi_224021130_ref_NZ_]
	Loaded [Alistipes_putredinis_gi_224021131_ref_NZ_]
Loading SNPs...
Loading regions...
	No regions given, using whole reference.
	Total Regions: 12
	Total Region Length: 2550678
Analyzing contigs...
CONTIG: scaffold_6574 (1767bp)
Top Length: 1731  Top ID: 99.71
		This contig is partially unaligned. (Aligned 1731 out of 1767 bases)
		Alignment: 415659 417389 | 1 1731 | 1731 1731 | 99.71 | Alistipes_putredinis_gi_224021129_ref_NZ_ scaffold_6574
		Unaligned bases: 1732 to 1767 (36)

CONTIG: scaffold_12439 (1099bp)
Top Length: 1099  Top ID: 99.82
		One align captures most of this contig: 417582 418680 | 1099 1 | 1099 1099 | 99.82 | Alistipes_putredinis_gi_224021129_ref_NZ_ scaffold_12439

CONTIG: scaffold_14710 (959bp)
Top Length: 959  Top ID: 98.96
		One align captures most of this contig: 420137 421095 | 1 959 | 959 959 | 98.96 | Alistipes_putredinis_gi_224021129_ref_NZ_ scaffold_14710

CONTIG: scaffold_17464 (837bp)
Top Length: 837  Top ID: 99.76
		One align captures most of this contig: 419337 420173 | 1 837 | 837 837 | 99.76 | Alistipes_putredinis_gi_224021129_ref_NZ_ scaffold_17464

CONTIG: scaffold_19121 (783bp)
Top Length: 783  Top ID: 99.87
		One align captures most of this contig: 414548 415330 | 783 1 | 783 783 | 99.87 | Alistipes_putredinis_gi_224021129_ref_NZ_ scaffold_19121

CONTIG: scaffold_19346 (775bp)
Top Length: 775  Top ID: 97.42
		One align captures most of this contig: 112976 113750 | 1 775 | 775 775 | 97.42 | Alistipes_putredinis_gi_224021129_ref_NZ_ scaffold_19346

CONTIG: scaffold_28489 (549bp)
Top Length: 247  Top ID: 99.19
		This contig is partially unaligned. (Aligned 247 out of 549 bases)
		Alignment: 421210 421456 | 297 51 | 247 247 | 99.19 | Alistipes_putredinis_gi_224021129_ref_NZ_ scaffold_28489
		Unaligned bases: 1 to 50 (50)
		Unaligned bases: 298 to 549 (252)

CONTIG: scaffold_28575 (547bp)
Top Length: 547  Top ID: 97.07
		One align captures most of this contig: 111697 112234 | 1 547 | 538 547 | 97.07 | Alistipes_putredinis_gi_224021129_ref_NZ_ scaffold_28575

CONTIG: scaffold_29842 (515bp)
Top Length: 330  Top ID: 96.06
		This contig is partially unaligned. (Aligned 330 out of 515 bases)
		Alignment: 108702 109031 | 331 2 | 330 330 | 96.06 | Alistipes_putredinis_gi_224021129_ref_NZ_ scaffold_29842
		Unaligned bases: 1 to 1 (1)
		Unaligned bases: 332 to 515 (184)

CONTIG: scaffold_224 (80521bp)
Top Length: 97  Top ID: 98.97
		This contig is partially unaligned. (Aligned 97 out of 80521 bases)
		Alignment: 907869 907965 | 80521 80425 | 97 97 | 98.97 | Alistipes_putredinis_gi_224021127_ref_NZ_ scaffold_224
		Unaligned bases: 1 to 80424 (80424)

CONTIG: scaffold_298 (25097bp)
Top Length: 97  Top ID: 98.97
		This contig is partially unaligned. (Aligned 97 out of 25097 bases)
		Alignment: 907869 907965 | 1 97 | 97 97 | 98.97 | Alistipes_putredinis_gi_224021127_ref_NZ_ scaffold_298
		Unaligned bases: 98 to 25097 (25000)

CONTIG: scaffold_310 (51194bp)
Top Length: 102  Top ID: 99.02
		This contig is partially unaligned. (Aligned 102 out of 51194 bases)
		Alignment: 907867 907968 | 51194 51093 | 102 102 | 99.02 | Alistipes_putredinis_gi_224021127_ref_NZ_ scaffold_310
		Unaligned bases: 1 to 51092 (51092)

CONTIG: scaffold_636 (34804bp)
Top Length: 97  Top ID: 98.97
		This contig is partially unaligned. (Aligned 97 out of 34804 bases)
		Alignment: 907869 907965 | 34804 34708 | 97 97 | 98.97 | Alistipes_putredinis_gi_224021127_ref_NZ_ scaffold_636
		Unaligned bases: 1 to 34707 (34707)

CONTIG: scaffold_637 (25794bp)
Top Length: 97  Top ID: 98.97
		This contig is partially unaligned. (Aligned 97 out of 25794 bases)
		Alignment: 907869 907965 | 25794 25698 | 97 97 | 98.97 | Alistipes_putredinis_gi_224021127_ref_NZ_ scaffold_637
		Unaligned bases: 1 to 25697 (25697)

CONTIG: scaffold_720 (11651bp)
Top Length: 97  Top ID: 98.97
		This contig is partially unaligned. (Aligned 97 out of 11651 bases)
		Alignment: 907869 907965 | 1 97 | 97 97 | 98.97 | Alistipes_putredinis_gi_224021127_ref_NZ_ scaffold_720
		Unaligned bases: 98 to 11651 (11554)

CONTIG: scaffold_841 (9710bp)
Top Length: 97  Top ID: 98.97
		This contig is partially unaligned. (Aligned 97 out of 9710 bases)
		Alignment: 907869 907965 | 1 97 | 97 97 | 98.97 | Alistipes_putredinis_gi_224021127_ref_NZ_ scaffold_841
		Unaligned bases: 98 to 9710 (9613)

CONTIG: scaffold_4831 (2188bp)
Top Length: 570  Top ID: 100.0
		This contig is partially unaligned. (Aligned 570 out of 2188 bases)
		Alignment: 559305 559874 | 1 570 | 570 570 | 100.0 | Alistipes_putredinis_gi_224021127_ref_NZ_ scaffold_4831
		Unaligned bases: 571 to 2188 (1618)
		This contig has both significant aligned and unaligned parts (of length >= min-contig)! It can contain interspecies translocations

CONTIG: scaffold_5315 (2041bp)
Top Length: 1712  Top ID: 99.77
		Skipping redundant alignment 1 917 | 1057 1973 | 917 917 | 99.78 | Alistipes_putredinis_gi_224021131_ref_NZ_ scaffold_5315
		Skipping redundant alignment 1600 2188 | 1381 1973 | 589 593 | 97.99 | Alistipes_putredinis_gi_224021122_ref_NZ_ scaffold_5315
		Skipping redundant alignment 227146 227614 | 1973 1505 | 469 469 | 99.79 | Alistipes_putredinis_gi_224021131_ref_NZ_ scaffold_5315
			Skipping redundant alignments after choosing the best set of alignments
		Skipping redundant alignment 114807 116516 | 263 1973 | 1710 1711 | 99.82 | Alistipes_putredinis_gi_224021131_ref_NZ_ scaffold_5315
		This contig is partially unaligned. (Aligned 1712 out of 2041 bases)
		Alignment: 898269 899979 | 1973 262 | 1711 1712 | 99.77 | Alistipes_putredinis_gi_224021127_ref_NZ_ scaffold_5315
		Unaligned bases: 1 to 261 (261)
		Unaligned bases: 1974 to 2041 (68)

CONTIG: scaffold_7392 (1632bp)
Top Length: 288  Top ID: 95.86
		This contig is partially unaligned. (Aligned 288 out of 1632 bases)
		Alignment: 907966 908254 | 585 298 | 289 288 | 95.86 | Alistipes_putredinis_gi_224021127_ref_NZ_ scaffold_7392
		Unaligned bases: 1 to 297 (297)
		Unaligned bases: 586 to 1632 (1047)

CONTIG: scaffold_8910 (1422bp)
Top Length: 1244  Top ID: 95.5
		This contig is partially unaligned. (Aligned 1244 out of 1422 bases)
		Alignment: 769339 770582 | 1421 178 | 1244 1244 | 95.5 | Alistipes_putredinis_gi_224021127_ref_NZ_ scaffold_8910
		Unaligned bases: 1 to 177 (177)
		Unaligned bases: 1422 to 1422 (1)

CONTIG: scaffold_9315 (1374bp)
Top Length: 1374  Top ID: 99.71
		One align captures most of this contig: 550778 552151 | 1 1374 | 1374 1374 | 99.71 | Alistipes_putredinis_gi_224021127_ref_NZ_ scaffold_9315

CONTIG: scaffold_14976 (945bp)
Top Length: 945  Top ID: 95.03
		One align captures most of this contig: 906591 907533 | 945 1 | 943 945 | 95.03 | Alistipes_putredinis_gi_224021127_ref_NZ_ scaffold_14976

CONTIG: scaffold_18405 (1433bp)
Top Length: 805  Top ID: 99.88
		This contig is misassembled. 2 total aligns.
			Real Alignment 1: 187366 187836 | 535 63 | 471 473 | 98.94 | Alistipes_putredinis_gi_224021127_ref_NZ_ scaffold_18405
			  Fake misassembly between these two alignments: inconsistency = -1 , gap in the contig is small or absent or filled mostly with Ns (short indel: insertion of length 1; 0 mismatches)
			Real Alignment 2: 186469 187273 | 1433 629 | 805 805 | 99.88 | Alistipes_putredinis_gi_224021127_ref_NZ_ scaffold_18405

CONTIG: scaffold_21045 (725bp)
Top Length: 725  Top ID: 99.72
		One align captures most of this contig: 905787 906511 | 1 725 | 725 725 | 99.72 | Alistipes_putredinis_gi_224021127_ref_NZ_ scaffold_21045

CONTIG: scaffold_24397 (645bp)
Top Length: 122  Top ID: 95.9
		Skipping redundant alignment 747904 747977 | 182 109 | 74 74 | 100.0 | Alistipes_putredinis_gi_224021127_ref_NZ_ scaffold_24397
		This contig is partially unaligned. (Aligned 122 out of 645 bases)
		Alignment: 736522 736643 | 230 109 | 122 122 | 95.9 | Alistipes_putredinis_gi_224021127_ref_NZ_ scaffold_24397
		Unaligned bases: 1 to 108 (108)
		Unaligned bases: 231 to 645 (415)

CONTIG: scaffold_25146 (630bp)
Top Length: 624  Top ID: 95.04
		One align captures most of this contig: 895373 895997 | 630 7 | 625 624 | 95.04 | Alistipes_putredinis_gi_224021127_ref_NZ_ scaffold_25146

CONTIG: scaffold_28295 (555bp)
Top Length: 371  Top ID: 95.69
		This contig is partially unaligned. (Aligned 371 out of 555 bases)
		Alignment: 557745 558115 | 555 185 | 371 371 | 95.69 | Alistipes_putredinis_gi_224021127_ref_NZ_ scaffold_28295
		Unaligned bases: 1 to 184 (184)

CONTIG: scaffold_587 (14202bp)
Top Length: 14187  Top ID: 99.49
		One align captures most of this contig: 56792 70979 | 16 14202 | 14188 14187 | 99.49 | Alistipes_putredinis_gi_224021130_ref_NZ_ scaffold_587

CONTIG: scaffold_3901 (3380bp)
Top Length: 955  Top ID: 96.88
		This contig is partially unaligned. (Aligned 955 out of 3380 bases)
		Alignment: 151079 152039 | 1314 2268 | 961 955 | 96.88 | Alistipes_putredinis_gi_224021130_ref_NZ_ scaffold_3901
		Unaligned bases: 1 to 1313 (1313)
		Unaligned bases: 2269 to 3380 (1112)
		This contig has both significant aligned and unaligned parts (of length >= min-contig)! It can contain interspecies translocations

CONTIG: scaffold_13358 (1652bp)
Top Length: 1038  Top ID: 97.11
		This contig is partially unaligned. (Aligned 1038 out of 1652 bases)
		Alignment: 118278 119315 | 1 1038 | 1038 1038 | 97.11 | Alistipes_putredinis_gi_224021130_ref_NZ_ scaffold_13358
		Unaligned bases: 1039 to 1652 (614)
		This contig has both significant aligned and unaligned parts (of length >= min-contig)! It can contain interspecies translocations

CONTIG: scaffold_18185 (1436bp)
Top Length: 1336  Top ID: 97.16
		This contig is partially unaligned. (Aligned 1336 out of 1436 bases)
		Alignment: 138452 139774 | 16 1351 | 1323 1336 | 97.16 | Alistipes_putredinis_gi_224021130_ref_NZ_ scaffold_18185
		Unaligned bases: 1 to 15 (15)
		Unaligned bases: 1352 to 1436 (85)

CONTIG: scaffold_21360 (717bp)
Top Length: 717  Top ID: 98.61
		One align captures most of this contig: 119992 120708 | 717 1 | 717 717 | 98.61 | Alistipes_putredinis_gi_224021130_ref_NZ_ scaffold_21360

Analyzing coverage...
Writing SNPs into /Molly/gurevich/MetaQUAST/res_final/res_metahit_final/runs_per_reference/Alistipes_putredinis/contigs_reports/nucmer_output/IDBA_UD.used_snps
ERROR: Reference Alistipes_putredinis_gi_224021125_ref_NZ_ does not have any alignments!  Check that this is the same file used for alignment.
ERROR: Alignment Reference Headers: ['Alistipes_putredinis_gi_224021130_ref_NZ_', 'Alistipes_putredinis_gi_224021129_ref_NZ_', 'Alistipes_putredinis_gi_224021127_ref_NZ_']
ERROR: Reference Alistipes_putredinis_gi_224021124_ref_NZ_ does not have any alignments!  Check that this is the same file used for alignment.
ERROR: Alignment Reference Headers: ['Alistipes_putredinis_gi_224021130_ref_NZ_', 'Alistipes_putredinis_gi_224021129_ref_NZ_', 'Alistipes_putredinis_gi_224021127_ref_NZ_']
ERROR: Reference Alistipes_putredinis_gi_224021122_ref_NZ_ does not have any alignments!  Check that this is the same file used for alignment.
ERROR: Alignment Reference Headers: ['Alistipes_putredinis_gi_224021130_ref_NZ_', 'Alistipes_putredinis_gi_224021129_ref_NZ_', 'Alistipes_putredinis_gi_224021127_ref_NZ_']
ERROR: Reference Alistipes_putredinis_gi_224021128_ref_NZ_ does not have any alignments!  Check that this is the same file used for alignment.
ERROR: Alignment Reference Headers: ['Alistipes_putredinis_gi_224021130_ref_NZ_', 'Alistipes_putredinis_gi_224021129_ref_NZ_', 'Alistipes_putredinis_gi_224021127_ref_NZ_']
ERROR: Reference Alistipes_putredinis_gi_224021121_ref_NZ_ does not have any alignments!  Check that this is the same file used for alignment.
ERROR: Alignment Reference Headers: ['Alistipes_putredinis_gi_224021130_ref_NZ_', 'Alistipes_putredinis_gi_224021129_ref_NZ_', 'Alistipes_putredinis_gi_224021127_ref_NZ_']
ERROR: Reference Alistipes_putredinis_gi_224021123_ref_NZ_ does not have any alignments!  Check that this is the same file used for alignment.
ERROR: Alignment Reference Headers: ['Alistipes_putredinis_gi_224021130_ref_NZ_', 'Alistipes_putredinis_gi_224021129_ref_NZ_', 'Alistipes_putredinis_gi_224021127_ref_NZ_']
	Reference Alistipes_putredinis_gi_224021130_ref_NZ_: 5 total alignments. 1 total regions.
		Region: 1 to 479642 (479642 bp)
			START in gap: 1 to 56792 (56791 bp)
			Align 1: 56792 70979 scaffold_587 16 14202
				Gap between this and next alignment: 70979 to 118278 (47298 bp)
				Next Alignment: 118278 119315 scaffold_13358 1 1038

			Align 2: 118278 119315 scaffold_13358 1 1038
				Gap between this and next alignment: 119315 to 119992 (676 bp)
				Next Alignment: 119992 120708 scaffold_21360 717 1

			Align 3: 119992 120708 scaffold_21360 717 1
				Gap between this and next alignment: 120708 to 138452 (17743 bp)
				Next Alignment: 138452 139774 scaffold_18185 16 1351

			Align 4: 138452 139774 scaffold_18185 16 1351
				Gap between this and next alignment: 139774 to 151079 (11304 bp)
				Next Alignment: 151079 152039 scaffold_3901 1314 2268

			Align 5: 151079 152039 scaffold_3901 1314 2268
			END in gap: 152039 to 479642 (327603 bp)

ERROR: Reference Alistipes_putredinis_gi_224021131_ref_NZ_ does not have any alignments!  Check that this is the same file used for alignment.
ERROR: Alignment Reference Headers: ['Alistipes_putredinis_gi_224021130_ref_NZ_', 'Alistipes_putredinis_gi_224021129_ref_NZ_', 'Alistipes_putredinis_gi_224021127_ref_NZ_']
	Reference Alistipes_putredinis_gi_224021129_ref_NZ_: 9 total alignments. 1 total regions.
		Region: 1 to 626692 (626692 bp)
			START in gap: 1 to 108702 (108701 bp)
			Align 1: 108702 109031 scaffold_29842 331 2
				Gap between this and next alignment: 109031 to 111697 (2665 bp)
				Next Alignment: 111697 112234 scaffold_28575 1 547

			Align 2: 111697 112234 scaffold_28575 1 547
				Gap between this and next alignment: 112234 to 112976 (741 bp)
				Next Alignment: 112976 113750 scaffold_19346 1 775

			Align 3: 112976 113750 scaffold_19346 1 775
				Gap between this and next alignment: 113750 to 414548 (300797 bp)
				Next Alignment: 414548 415330 scaffold_19121 783 1

			Align 4: 414548 415330 scaffold_19121 783 1
				Gap between this and next alignment: 415330 to 415659 (328 bp)
				Next Alignment: 415659 417389 scaffold_6574 1 1731

			Align 5: 415659 417389 scaffold_6574 1 1731
				Gap between this and next alignment: 417389 to 417582 (192 bp)
				Next Alignment: 417582 418680 scaffold_12439 1099 1

			Align 6: 417582 418680 scaffold_12439 1099 1
				Gap between this and next alignment: 418680 to 419337 (656 bp)
				Next Alignment: 419337 420173 scaffold_17464 1 837

			Align 7: 419337 420173 scaffold_17464 1 837
				Negative gap (overlap) between this and next alignment: 420173 to 420137 (-36 bp)
				Next Alignment: 420137 421095 scaffold_14710 1 959

			Previous gap was negative, modifying coordinates to ignore overlap
				Moving contig start from 1 to 38.
			Align 8: 420174 421095 scaffold_14710 38 959
				Gap between this and next alignment: 421095 to 421210 (114 bp)
				Next Alignment: 421210 421456 scaffold_28489 297 51

			Align 9: 421210 421456 scaffold_28489 297 51
			END in gap: 421456 to 626692 (205236 bp)

	Reference Alistipes_putredinis_gi_224021127_ref_NZ_: 19 total alignments. 1 total regions.
		Region: 1 to 1197641 (1197641 bp)
			START in gap: 1 to 186469 (186468 bp)
			Align 1: 186469 187273 scaffold_18405 1433 629
				Gap between this and next alignment: 187273 to 187366 (92 bp)
				Next Alignment: 187366 187836 scaffold_18405 535 63

			Align 2: 187366 187836 scaffold_18405 535 63
				Gap between this and next alignment: 187836 to 550778 (362941 bp)
				Next Alignment: 550778 552151 scaffold_9315 1 1374

			Align 3: 550778 552151 scaffold_9315 1 1374
				Gap between this and next alignment: 552151 to 557745 (5593 bp)
				Next Alignment: 557745 558115 scaffold_28295 555 185

			Align 4: 557745 558115 scaffold_28295 555 185
				Gap between this and next alignment: 558115 to 559305 (1189 bp)
				Next Alignment: 559305 559874 scaffold_4831 1 570

			Align 5: 559305 559874 scaffold_4831 1 570
				Gap between this and next alignment: 559874 to 736522 (176647 bp)
				Next Alignment: 736522 736643 scaffold_24397 230 109

			Align 6: 736522 736643 scaffold_24397 230 109
				Gap between this and next alignment: 736643 to 769339 (32695 bp)
				Next Alignment: 769339 770582 scaffold_8910 1421 178

			Align 7: 769339 770582 scaffold_8910 1421 178
				Gap between this and next alignment: 770582 to 895373 (124790 bp)
				Next Alignment: 895373 895997 scaffold_25146 630 7

			Align 8: 895373 895997 scaffold_25146 630 7
				Gap between this and next alignment: 895997 to 898269 (2271 bp)
				Next Alignment: 898269 899979 scaffold_5315 1973 262

			Align 9: 898269 899979 scaffold_5315 1973 262
				Gap between this and next alignment: 899979 to 905787 (5807 bp)
				Next Alignment: 905787 906511 scaffold_21045 1 725

			Align 10: 905787 906511 scaffold_21045 1 725
				Gap between this and next alignment: 906511 to 906591 (79 bp)
				Next Alignment: 906591 907533 scaffold_14976 945 1

			Align 11: 906591 907533 scaffold_14976 945 1
				Gap between this and next alignment: 907533 to 907867 (333 bp)
				Next Alignment: 907867 907968 scaffold_310 51194 51093

			Align 12: 907867 907968 scaffold_310 51194 51093
				The next alignment (907869 907965 scaffold_224 80521 80425) is redundant. Skipping.
				The next alignment (907869 907965 scaffold_298 1 97) is redundant. Skipping.
				The next alignment (907869 907965 scaffold_636 34804 34708) is redundant. Skipping.
				The next alignment (907869 907965 scaffold_637 25794 25698) is redundant. Skipping.
				The next alignment (907869 907965 scaffold_720 1 97) is redundant. Skipping.
				The next alignment (907869 907965 scaffold_841 1 97) is redundant. Skipping.
				Negative gap (overlap) between this and next alignment: 907968 to 907966 (-2 bp)
				Next Alignment: 907966 908254 scaffold_7392 585 298

			Previous gap was negative, modifying coordinates to ignore overlap
				Moving contig start from 585 to 582.
			Align 19: 907969 908254 scaffold_7392 582 298
			END in gap: 908254 to 1197641 (289387 bp)

ERROR: Reference Alistipes_putredinis_gi_224021126_ref_NZ_ does not have any alignments!  Check that this is the same file used for alignment.
ERROR: Alignment Reference Headers: ['Alistipes_putredinis_gi_224021130_ref_NZ_', 'Alistipes_putredinis_gi_224021129_ref_NZ_', 'Alistipes_putredinis_gi_224021127_ref_NZ_']
ERROR: Reference Alistipes_putredinis_gi_224021120_ref_NZ_ does not have any alignments!  Check that this is the same file used for alignment.
ERROR: Alignment Reference Headers: ['Alistipes_putredinis_gi_224021130_ref_NZ_', 'Alistipes_putredinis_gi_224021129_ref_NZ_', 'Alistipes_putredinis_gi_224021127_ref_NZ_']
Analysis is finished!
Founded SNPs were written into /Molly/gurevich/MetaQUAST/res_final/res_metahit_final/runs_per_reference/Alistipes_putredinis/contigs_reports/nucmer_output/IDBA_UD.used_snps

Results:
	Local Misassemblies: 0
	Misassemblies: 0
		Relocations: 0
		Translocations: 0
		Inversions: 0
	Fake misassemblies matched with structural variations: 0
	Misassembled Contigs: 0
	Misassembled Contig Bases: 0
	Misassemblies Inter-Contig Overlap: 0
Uncovered Regions: 0 (0)
Unaligned Contigs: 0 + 19 part
Partially Unaligned Contigs with Misassemblies: 0
Unaligned Contig Bases: 245925

Ambiguously Mapped Contigs: 0
Total Bases in Ambiguously Mapped Contigs: 0
Note that --allow-ambiguity option was set to "one" and only first alignment per each contig was used.

	Covered Bases: 34838

	SNPs: 394
	Insertions: 31
	Deletions: 12

	Positive Gaps: 28
		Internal Gaps:  1
		External Gaps:  27
		External Gap Total:  2269045
		External Gap Average: 84039
	Negative Gaps: 2
		Internal Overlaps:  0
		External Overlaps:  2
		External Overlaps Total: -38
		External Overlaps Average: -19
	Contigs with Redundant Alignments: 1 (582)
