Correcting contig files...
  /Users/vladsaveliev/Dropbox/bio/quast/quast-website/../data/input/305034655494f38ea9c9599226f50c99/ECOLI2.fasta ==> ECOLI2
  /Users/vladsaveliev/Dropbox/bio/quast/quast-website/../data/input/305034655494f38ea9c9599226f50c99/ECOLI6.fasta ==> ECOLI6
  /Users/vladsaveliev/Dropbox/bio/quast/quast-website/../data/input/305034655494f38ea9c9599226f50c99/ECOLI3.fasta ==> ECOLI3
  /Users/vladsaveliev/Dropbox/bio/quast/quast-website/../data/input/305034655494f38ea9c9599226f50c99/ECOLI7.fasta ==> ECOLI7
  Done.
Reference genome:
  /Users/vladsaveliev/Dropbox/bio/quast/data/results/305034655494f38ea9c9599226f50c99/08_Oct_2012_15:53:17.866506/regular_report/corrected_input/reference.fasta , Reference length = 4639675 , Reference GC % = 50.79
Contigs files: 
  #1: ECOLI2
  #2: ECOLI6
  #3: ECOLI3
  #4: ECOLI7
Calculating N50 and L50...
  #1: ECOLI2 , N50 = 69064 , L50 = 21 , Total length = 4757489 , GC % =  50.98 , N's % =  0.00000
  #2: ECOLI6 , N50 = 113742 , L50 = 13 , Total length = 4830505 , GC % =  51.12 , N's % =  0.00000
  #3: ECOLI3 , N50 = 56923 , L50 = 26 , Total length = 4469433 , GC % =  50.83 , N's % =  0.00000
  #4: ECOLI7 , N50 = 133713 , L50 = 12 , Total length = 4770377 , GC % =  50.98 , N's % =  0.00000
Making MUMmer... (it may take several minutes on the first run)
Running contigs analyzer...
  #1: ECOLI2 ...
    Logging to files /Users/vladsaveliev/Dropbox/bio/quast/data/results/305034655494f38ea9c9599226f50c99/08_Oct_2012_15:53:17.866506/regular_report/contigs_reports/contigs_report_ECOLI2.stdout and contigs_report_ECOLI2.stderr...
    Running Nucmer... 
    Running SympAlign...
    Cleaned 1434 down to 932
    Additionally cleaned 932 down to 105
    Sympaligning is finished.
    Analysis is finished.
  #2: ECOLI6 ...
    Logging to files /Users/vladsaveliev/Dropbox/bio/quast/data/results/305034655494f38ea9c9599226f50c99/08_Oct_2012_15:53:17.866506/regular_report/contigs_reports/contigs_report_ECOLI6.stdout and contigs_report_ECOLI6.stderr...
    Running Nucmer... 
    Running SympAlign...
    Cleaned 966 down to 344
    Additionally cleaned 344 down to 77
    Sympaligning is finished.
    Analysis is finished.
  #3: ECOLI3 ...
    Logging to files /Users/vladsaveliev/Dropbox/bio/quast/data/results/305034655494f38ea9c9599226f50c99/08_Oct_2012_15:53:17.866506/regular_report/contigs_reports/contigs_report_ECOLI3.stdout and contigs_report_ECOLI3.stderr...
    Running Nucmer... 
    Running SympAlign...
    Cleaned 1714 down to 1226
    Additionally cleaned 1226 down to 99
    Sympaligning is finished.
    Analysis is finished.
  #4: ECOLI7 ...
    Logging to files /Users/vladsaveliev/Dropbox/bio/quast/data/results/305034655494f38ea9c9599226f50c99/08_Oct_2012_15:53:17.866506/regular_report/contigs_reports/contigs_report_ECOLI7.stdout and contigs_report_ECOLI7.stderr...
    Running Nucmer... 
    Running SympAlign...
    Cleaned 833 down to 229
    Additionally cleaned 229 down to 71
    Sympaligning is finished.
    Analysis is finished.
  Creating total report...
    Saved to /Users/vladsaveliev/Dropbox/bio/quast/data/results/305034655494f38ea9c9599226f50c99/08_Oct_2012_15:53:17.866506/regular_report/contigs_reports/misassemblies_report.txt , misassemblies_report.tsv and misassemblies_report.tex
  Creating total report...
    Saved to /Users/vladsaveliev/Dropbox/bio/quast/data/results/305034655494f38ea9c9599226f50c99/08_Oct_2012_15:53:17.866506/regular_report/contigs_reports/unaligned_report.txt , unaligned_report.tsv and unaligned_report.tex
  Done.
Running NA-NGA tool...
Processing .coords files...
  #1: ECOLI2
  #2: ECOLI6
  #3: ECOLI3
  #4: ECOLI7
Calculating NA50 and NGA50...
  #1: ECOLI2 , NA50 = 64523 , NGA50 = 67177 , LA50 = 22 , LGA50 = 21
  #2: ECOLI6 , NA50 = 113741 , NGA50 = 113741 , LA50 = 13 , LGA50 = 13
  #3: ECOLI3 , NA50 = 53912 , NGA50 = 51013 , LA50 = 27 , LGA50 = 29
  #4: ECOLI7 , NA50 = 133713 , NGA50 = 133713 , LA50 = 12 , LGA50 = 12
Running Genome analyzer...
  Loaded 4324 genes
  Loaded 884 operons
  #1: ECOLI2 ...
  #2: ECOLI6 ...
  #3: ECOLI3 ...
  #4: ECOLI7 ...
  Done
Summarizing...
  Creating total report...
    Saved to /Users/vladsaveliev/Dropbox/bio/quast/data/results/305034655494f38ea9c9599226f50c99/08_Oct_2012_15:53:17.866506/regular_report/report.txt , report.tsv and report.tex
  Transposed version of total report...
    Saved to /Users/vladsaveliev/Dropbox/bio/quast/data/results/305034655494f38ea9c9599226f50c99/08_Oct_2012_15:53:17.866506/regular_report/transposed_report.txt , transposed_report.tsv and transposed_report.tex
  HTML version of total report...
    Saved to /Users/vladsaveliev/Dropbox/bio/quast/data/results/305034655494f38ea9c9599226f50c99/08_Oct_2012_15:53:17.866506/regular_report/report.html
Done.
