/home/gurevich/rep/quast/quast.pyc -t 16 -j  --meta  --bed-file /Molly/gurevich/MetaQUAST/res_final/res_cami_final/combined_reference/structural_variations/combined_reference.bed --no-check-meta  --contig-thresholds 1000,5000,10000,25000,50000 -R /Molly/gurevich/MetaQUAST/res_final/res_cami_final/quast_corrected_input/Geobacillus_sp_JF8.fasta -o /Molly/gurevich/MetaQUAST/res_final/res_cami_final/runs_per_reference/Geobacillus_sp_JF8 --labels "Gold_Assembly, IDBA_UD, Ray, SOAPdenovo2, SPAdes" /Molly/gurevich/MetaQUAST/res_final/res_cami_final/quast_corrected_input/Gold_Assembly_to_Geobacillus_sp_JF8.fasta /Molly/gurevich/MetaQUAST/res_final/res_cami_final/quast_corrected_input/IDBA_UD_to_Geobacillus_sp_JF8.fasta /Molly/gurevich/MetaQUAST/res_final/res_cami_final/quast_corrected_input/Ray_to_Geobacillus_sp_JF8.fasta /Molly/gurevich/MetaQUAST/res_final/res_cami_final/quast_corrected_input/SOAPdenovo2_to_Geobacillus_sp_JF8.fasta /Molly/gurevich/MetaQUAST/res_final/res_cami_final/quast_corrected_input/SPAdes_to_Geobacillus_sp_JF8.fasta

Started: 2015-11-09 19:49:04

Logging to /Molly/gurevich/MetaQUAST/res_final/res_cami_final/runs_per_reference/Geobacillus_sp_JF8/quast.log

NOTICE: Output directory already exists. Existing Nucmer alignments can be used.

Reference:
  /Molly/gurevich/MetaQUAST/res_final/res_cami_final/quast_corrected_input/Geobacillus_sp_JF8.fasta ==> Geobacillus_sp_JF8

Contigs:
  1  /Molly/gurevich/MetaQUAST/res_final/res_cami_final/quast_corrected_input/Gold_Assembly_to_Geobacillus_sp_JF8.fasta ==> Gold_Assembly
  2  /Molly/gurevich/MetaQUAST/res_final/res_cami_final/quast_corrected_input/IDBA_UD_to_Geobacillus_sp_JF8.fasta ==> IDBA_UD
  3  /Molly/gurevich/MetaQUAST/res_final/res_cami_final/quast_corrected_input/Ray_to_Geobacillus_sp_JF8.fasta ==> Ray
  4  /Molly/gurevich/MetaQUAST/res_final/res_cami_final/quast_corrected_input/SOAPdenovo2_to_Geobacillus_sp_JF8.fasta ==> SOAPdenovo2
  5  /Molly/gurevich/MetaQUAST/res_final/res_cami_final/quast_corrected_input/SPAdes_to_Geobacillus_sp_JF8.fasta ==> SPAdes

2015-11-09 19:49:04
Running Basic statistics processor...
  Reference genome:
    Geobacillus_sp_JF8.fasta, Reference length = 3446630, Reference GC % = 52.87
  Contig files: 
    1  Gold_Assembly
    2  IDBA_UD
    3  Ray
    4  SOAPdenovo2
    5  SPAdes
  Calculating N50 and L50...
    1  Gold_Assembly, N50 = 2780101, L50 = 1, Total length = 3486242, GC % = 52.79, # N's per 100 kbp =  0.00
    2  IDBA_UD, N50 = 53507, L50 = 21, Total length = 3388753, GC % = 52.75, # N's per 100 kbp =  0.00
    3  Ray, N50 = 1564, L50 = 619, Total length = 2913946, GC % = 52.77, # N's per 100 kbp =  45.64
    4  SOAPdenovo2, N50 = 6453, L50 = 157, Total length = 3281683, GC % = 52.81, # N's per 100 kbp =  27.36
    5  SPAdes, N50 = 35251, L50 = 30, Total length = 3338536, GC % = 52.81, # N's per 100 kbp =  43.88
  Drawing Nx plot...
    saved to /Molly/gurevich/MetaQUAST/res_final/res_cami_final/runs_per_reference/Geobacillus_sp_JF8/basic_stats/Nx_plot.pdf
  Drawing NGx plot...
    saved to /Molly/gurevich/MetaQUAST/res_final/res_cami_final/runs_per_reference/Geobacillus_sp_JF8/basic_stats/NGx_plot.pdf
  Drawing cumulative plot...
    saved to /Molly/gurevich/MetaQUAST/res_final/res_cami_final/runs_per_reference/Geobacillus_sp_JF8/basic_stats/cumulative_plot.pdf
  Drawing GC content plot...
    saved to /Molly/gurevich/MetaQUAST/res_final/res_cami_final/runs_per_reference/Geobacillus_sp_JF8/basic_stats/GC_content_plot.pdf
Done.

2015-11-09 19:49:08
Running Contig analyzer...
  1  Gold_Assembly
  2  IDBA_UD
  3  Ray
  4  SOAPdenovo2
  5  SPAdes
  1  Logging to files /Molly/gurevich/MetaQUAST/res_final/res_cami_final/runs_per_reference/Geobacillus_sp_JF8/contigs_reports/contigs_report_Gold_Assembly.stdout and contigs_report_Gold_Assembly.stderr...
  2  Logging to files /Molly/gurevich/MetaQUAST/res_final/res_cami_final/runs_per_reference/Geobacillus_sp_JF8/contigs_reports/contigs_report_IDBA_UD.stdout and contigs_report_IDBA_UD.stderr...
  5  Logging to files /Molly/gurevich/MetaQUAST/res_final/res_cami_final/runs_per_reference/Geobacillus_sp_JF8/contigs_reports/contigs_report_SPAdes.stdout and contigs_report_SPAdes.stderr...
  5  Using existing Nucmer alignments... 
  2  Using existing Nucmer alignments... 
  1  Using existing Nucmer alignments... 
  3  Logging to files /Molly/gurevich/MetaQUAST/res_final/res_cami_final/runs_per_reference/Geobacillus_sp_JF8/contigs_reports/contigs_report_Ray.stdout and contigs_report_Ray.stderr...
  4  Logging to files /Molly/gurevich/MetaQUAST/res_final/res_cami_final/runs_per_reference/Geobacillus_sp_JF8/contigs_reports/contigs_report_SOAPdenovo2.stdout and contigs_report_SOAPdenovo2.stderr...
  3  Using existing Nucmer alignments... 
  4  Using existing Nucmer alignments... 
  3  Alignments: runs_per_reference/Geobacillus_sp_JF8/contigs_reports/alignments_Ray.tsv
  3  Analysis is finished.

  2  Alignments: runs_per_reference/Geobacillus_sp_JF8/contigs_reports/alignments_IDBA_UD.tsv
  2  Analysis is finished.

  1  Alignments: runs_per_reference/Geobacillus_sp_JF8/contigs_reports/alignments_Gold_Assembly.tsv
  1  Analysis is finished.

  4  Alignments: runs_per_reference/Geobacillus_sp_JF8/contigs_reports/alignments_SOAPdenovo2.tsv
  5  Alignments: runs_per_reference/Geobacillus_sp_JF8/contigs_reports/alignments_SPAdes.tsv
  4  Analysis is finished.

  5  Analysis is finished.

  Creating total report...
    saved to /Molly/gurevich/MetaQUAST/res_final/res_cami_final/runs_per_reference/Geobacillus_sp_JF8/contigs_reports/misassemblies_report.txt, misassemblies_report.tsv, and misassemblies_report.tex
  Transposed version of total report...
    saved to /Molly/gurevich/MetaQUAST/res_final/res_cami_final/runs_per_reference/Geobacillus_sp_JF8/contigs_reports/transposed_report_misassemblies.txt, transposed_report_misassemblies.tsv, and transposed_report_misassemblies.tex
  Creating total report...
    saved to /Molly/gurevich/MetaQUAST/res_final/res_cami_final/runs_per_reference/Geobacillus_sp_JF8/contigs_reports/unaligned_report.txt, unaligned_report.tsv, and unaligned_report.tex
  Drawing misassemblies by types plot...
    saved to /Molly/gurevich/MetaQUAST/res_final/res_cami_final/runs_per_reference/Geobacillus_sp_JF8/contigs_reports/misassemblies_plot.pdf
Done.

2015-11-09 19:49:12
Running NA-NGA calculation...
  1  Gold_Assembly, Largest alignment = 2780101, NA50 = 2780101, NGA50 = 2780101, LA50 = 1, LGA50 = 1
  2  IDBA_UD, Largest alignment = 129379, NA50 = 53507, NGA50 = 53507, LA50 = 21, LGA50 = 21
  3  Ray, Largest alignment = 6009, NA50 = 1559, NGA50 = 1360, LA50 = 620, LGA50 = 803
  4  SOAPdenovo2, Largest alignment = 31946, NA50 = 6453, NGA50 = 6228, LA50 = 157, LGA50 = 170
  5  SPAdes, Largest alignment = 156247, NA50 = 34414, NGA50 = 33076, LA50 = 30, LGA50 = 32
  Drawing cumulative plot...
    saved to /Molly/gurevich/MetaQUAST/res_final/res_cami_final/runs_per_reference/Geobacillus_sp_JF8/aligned_stats/cumulative_plot.pdf
  Drawing NAx plot...
    saved to /Molly/gurevich/MetaQUAST/res_final/res_cami_final/runs_per_reference/Geobacillus_sp_JF8/aligned_stats/NAx_plot.pdf
  Drawing NGAx plot...
    saved to /Molly/gurevich/MetaQUAST/res_final/res_cami_final/runs_per_reference/Geobacillus_sp_JF8/aligned_stats/NGAx_plot.pdf
Done.

2015-11-09 19:49:14
Running Genome analyzer...
  NOTICE: No file with genes provided. Use the -G option if you want to specify it.
  NOTICE: No file with operons provided. Use the -O option if you want to specify it.
  1  Gold_Assembly
  2  IDBA_UD
  3  Ray
  4  SOAPdenovo2
  5  SPAdes
  3  Analysis is finished.
  2  Analysis is finished.
  4  Analysis is finished.
  5  Analysis is finished.
  1  Analysis is finished.
  Drawing Genome fraction, % histogram...
    saved to /Molly/gurevich/MetaQUAST/res_final/res_cami_final/runs_per_reference/Geobacillus_sp_JF8/genome_stats/genome_fraction_histogram.pdf
Done.

NOTICE: Genes are not predicted by default. Use --gene-finding option to enable it.

2015-11-09 19:49:17
Drawing large plots...
This may take a while: press Ctrl-C to skip this step..
  1 of 2: Creating contig alignment plot...
  2 of 2: Creating PDF with all tables and plots...
Done

2015-11-09 19:49:33
RESULTS:
  Text versions of total report are saved to /Molly/gurevich/MetaQUAST/res_final/res_cami_final/runs_per_reference/Geobacillus_sp_JF8/report.txt, report.tsv, and report.tex
  Text versions of transposed total report are saved to /Molly/gurevich/MetaQUAST/res_final/res_cami_final/runs_per_reference/Geobacillus_sp_JF8/transposed_report.txt, transposed_report.tsv, and transposed_report.tex
  HTML version (interactive tables and plots) saved to /Molly/gurevich/MetaQUAST/res_final/res_cami_final/runs_per_reference/Geobacillus_sp_JF8/report.html
  PDF version (tables and plots) saved to /Molly/gurevich/MetaQUAST/res_final/res_cami_final/runs_per_reference/Geobacillus_sp_JF8/report.pdf
  Contig alignment plot: /Molly/gurevich/MetaQUAST/res_final/res_cami_final/runs_per_reference/Geobacillus_sp_JF8/alignment.svg
