Aligning contigs to reference...
	Using existing Nucmer alignments...
Parsing coords...
Loading reference...
	Loaded [Thermus_sp_CCB_US3_UF1_gi_384438400_ref_NC_]
Loading SNPs...
Loading regions...
	No regions given, using whole reference.
	Total Regions: 1
	Total Region Length: 2243772
Analyzing contigs...
CONTIG: NODE_3_length_486704_cov_18.1406_ID_5 (486704bp)
Top Length: 486704  Top ID: 99.99
		One align captures most of this contig: 480709 967412 | 486704 1 | 486704 486704 | 99.99 | Thermus_sp_CCB_US3_UF1_gi_384438400_ref_NC_ NODE_3_length_486704_cov_18.1406_ID_5

CONTIG: NODE_14_length_295255_cov_18.2856_ID_27 (295255bp)
Top Length: 295255  Top ID: 99.99
		Marking as insignificant: 275011 275172 | 295094 295255 | 162 162 | 99.38 | Thermus_sp_CCB_US3_UF1_gi_384438400_ref_NC_ NODE_14_length_295255_cov_18.2856_ID_27
		Marking as insignificant: 1882626 1882787 | 295094 295255 | 162 162 | 100.0 | Thermus_sp_CCB_US3_UF1_gi_384438400_ref_NC_ NODE_14_length_295255_cov_18.2856_ID_27
		Marking as insignificant: 1748415 1748576 | 295094 295255 | 162 162 | 100.0 | Thermus_sp_CCB_US3_UF1_gi_384438400_ref_NC_ NODE_14_length_295255_cov_18.2856_ID_27
		Marking as insignificant: 1737092 1737253 | 295094 295255 | 162 162 | 100.0 | Thermus_sp_CCB_US3_UF1_gi_384438400_ref_NC_ NODE_14_length_295255_cov_18.2856_ID_27
		Marking as insignificant: 1735179 1735340 | 295255 295094 | 162 162 | 100.0 | Thermus_sp_CCB_US3_UF1_gi_384438400_ref_NC_ NODE_14_length_295255_cov_18.2856_ID_27
		Marking as insignificant: 1131783 1131944 | 295255 295094 | 162 162 | 100.0 | Thermus_sp_CCB_US3_UF1_gi_384438400_ref_NC_ NODE_14_length_295255_cov_18.2856_ID_27
		Marking as insignificant: 271322 271483 | 295255 295094 | 162 162 | 100.0 | Thermus_sp_CCB_US3_UF1_gi_384438400_ref_NC_ NODE_14_length_295255_cov_18.2856_ID_27
		Marking as insignificant: 228736 228897 | 295094 295255 | 162 162 | 100.0 | Thermus_sp_CCB_US3_UF1_gi_384438400_ref_NC_ NODE_14_length_295255_cov_18.2856_ID_27
		Marking as insignificant: 173728 173889 | 295255 295094 | 162 162 | 100.0 | Thermus_sp_CCB_US3_UF1_gi_384438400_ref_NC_ NODE_14_length_295255_cov_18.2856_ID_27
		Marking as insignificant: 145933 146094 | 295255 295094 | 162 162 | 100.0 | Thermus_sp_CCB_US3_UF1_gi_384438400_ref_NC_ NODE_14_length_295255_cov_18.2856_ID_27
		Marking as insignificant: 87676 87837 | 295255 295094 | 162 162 | 100.0 | Thermus_sp_CCB_US3_UF1_gi_384438400_ref_NC_ NODE_14_length_295255_cov_18.2856_ID_27
		One align captures most of this contig: 1435534 1730788 | 1 295255 | 295255 295255 | 99.99 | Thermus_sp_CCB_US3_UF1_gi_384438400_ref_NC_ NODE_14_length_295255_cov_18.2856_ID_27

CONTIG: NODE_25_length_203410_cov_18.215_ID_49 (203410bp)
Top Length: 203410  Top ID: 99.99
		Marking as insignificant: 1757846 1757924 | 79 1 | 79 79 | 100.0 | Thermus_sp_CCB_US3_UF1_gi_384438400_ref_NC_ NODE_25_length_203410_cov_18.215_ID_49
		Marking as insignificant: 1749594 1749672 | 1 79 | 79 79 | 100.0 | Thermus_sp_CCB_US3_UF1_gi_384438400_ref_NC_ NODE_25_length_203410_cov_18.215_ID_49
		Marking as insignificant: 1734083 1734161 | 79 1 | 79 79 | 100.0 | Thermus_sp_CCB_US3_UF1_gi_384438400_ref_NC_ NODE_25_length_203410_cov_18.215_ID_49
		Marking as insignificant: 1731806 1731884 | 1 79 | 79 79 | 100.0 | Thermus_sp_CCB_US3_UF1_gi_384438400_ref_NC_ NODE_25_length_203410_cov_18.215_ID_49
		Marking as insignificant: 1130687 1130765 | 79 1 | 79 79 | 100.0 | Thermus_sp_CCB_US3_UF1_gi_384438400_ref_NC_ NODE_25_length_203410_cov_18.215_ID_49
		Marking as insignificant: 270226 270304 | 79 1 | 79 79 | 100.0 | Thermus_sp_CCB_US3_UF1_gi_384438400_ref_NC_ NODE_25_length_203410_cov_18.215_ID_49
		Marking as insignificant: 229915 229993 | 1 79 | 79 79 | 100.0 | Thermus_sp_CCB_US3_UF1_gi_384438400_ref_NC_ NODE_25_length_203410_cov_18.215_ID_49
		Marking as insignificant: 144837 144915 | 79 1 | 79 79 | 100.0 | Thermus_sp_CCB_US3_UF1_gi_384438400_ref_NC_ NODE_25_length_203410_cov_18.215_ID_49
		Marking as insignificant: 86580 86658 | 79 1 | 79 79 | 100.0 | Thermus_sp_CCB_US3_UF1_gi_384438400_ref_NC_ NODE_25_length_203410_cov_18.215_ID_49
		Marking as insignificant: 1883805 1883884 | 1 80 | 80 80 | 100.0 | Thermus_sp_CCB_US3_UF1_gi_384438400_ref_NC_ NODE_25_length_203410_cov_18.215_ID_49
		Marking as insignificant: 172627 172710 | 84 1 | 84 84 | 98.81 | Thermus_sp_CCB_US3_UF1_gi_384438400_ref_NC_ NODE_25_length_203410_cov_18.215_ID_49
		One align captures most of this contig: 276190 479599 | 1 203410 | 203410 203410 | 99.99 | Thermus_sp_CCB_US3_UF1_gi_384438400_ref_NC_ NODE_25_length_203410_cov_18.215_ID_49

CONTIG: NODE_46_length_150321_cov_18.3098_ID_91 (150321bp)
Top Length: 150321  Top ID: 100.0
		One align captures most of this contig: 1181830 1332150 | 150321 1 | 150321 150321 | 100.0 | Thermus_sp_CCB_US3_UF1_gi_384438400_ref_NC_ NODE_46_length_150321_cov_18.3098_ID_91

CONTIG: NODE_50_length_141503_cov_18.4361_ID_99 (141503bp)
Top Length: 141503  Top ID: 99.99
		Marking as insignificant: 1861078 1862076 | 141503 140504 | 999 1000 | 98.6 | Thermus_sp_CCB_US3_UF1_gi_384438400_ref_NC_ NODE_50_length_141503_cov_18.4361_ID_99
		One align captures most of this contig: 1965180 2106682 | 141503 1 | 141503 141503 | 99.99 | Thermus_sp_CCB_US3_UF1_gi_384438400_ref_NC_ NODE_50_length_141503_cov_18.4361_ID_99

CONTIG: NODE_52_length_139380_cov_18.2738_ID_103 (139380bp)
Top Length: 139380  Top ID: 99.99
		Marking as insignificant: 1332379 1332491 | 139380 139268 | 113 113 | 97.35 | Thermus_sp_CCB_US3_UF1_gi_384438400_ref_NC_ NODE_52_length_139380_cov_18.2738_ID_103
		One align captures most of this contig: 968482 1107861 | 1 139380 | 139380 139380 | 99.99 | Thermus_sp_CCB_US3_UF1_gi_384438400_ref_NC_ NODE_52_length_139380_cov_18.2738_ID_103

CONTIG: NODE_70_length_106187_cov_18.1936_ID_139 (106187bp)
Top Length: 106155  Top ID: 99.99
		One align captures most of this contig: 2137593 2243747 | 106187 33 | 106155 106155 | 99.99 | Thermus_sp_CCB_US3_UF1_gi_384438400_ref_NC_ NODE_70_length_106187_cov_18.1936_ID_139

CONTIG: NODE_73_length_101599_cov_18.3078_ID_145 (101599bp)
Top Length: 101599  Top ID: 100.0
		One align captures most of this contig: 1758942 1860540 | 101599 1 | 101599 101599 | 100.0 | Thermus_sp_CCB_US3_UF1_gi_384438400_ref_NC_ NODE_73_length_101599_cov_18.3078_ID_145

CONTIG: NODE_84_length_88127_cov_19.0987_ID_167 (88127bp)
Top Length: 78501  Top ID: 99.99
		This contig is misassembled. 2 total aligns.
			Excluding internal overlap of size 3380 between Alignment 1 and 2:  2123518 2136522 | 13006 1 | 13005 13006 --> 2126898 2136522 | 9626 1 | 9625 9626
			Real Alignment 1: 2126898 2136522 | 9626 1 | 9625 9626 | 99.95 | Thermus_sp_CCB_US3_UF1_gi_384438400_ref_NC_ NODE_84_length_88127_cov_19.0987_ID_167
			  Extensive misassembly ( relocation, inconsistency = -250381 ) between these two alignments
			Real Alignment 2: 1886142 1964642 | 9627 88127 | 78501 78501 | 99.99 | Thermus_sp_CCB_US3_UF1_gi_384438400_ref_NC_ NODE_84_length_88127_cov_19.0987_ID_167

CONTIG: NODE_95_length_83194_cov_18.1835_ID_189 (83194bp)
Top Length: 83194  Top ID: 100.0
		One align captures most of this contig: 1332426 1415619 | 83194 1 | 83194 83194 | 100.0 | Thermus_sp_CCB_US3_UF1_gi_384438400_ref_NC_ NODE_95_length_83194_cov_18.1835_ID_189

CONTIG: NODE_144_length_56682_cov_18.2907_ID_287 (56682bp)
Top Length: 56682  Top ID: 100.0
		One align captures most of this contig: 2 56683 | 1 56682 | 56682 56682 | 100.0 | Thermus_sp_CCB_US3_UF1_gi_384438400_ref_NC_ NODE_144_length_56682_cov_18.2907_ID_287

CONTIG: NODE_176_length_48869_cov_18.0445_ID_351 (48869bp)
Top Length: 48869  Top ID: 100.0
		One align captures most of this contig: 1131890 1180758 | 1 48869 | 48869 48869 | 100.0 | Thermus_sp_CCB_US3_UF1_gi_384438400_ref_NC_ NODE_176_length_48869_cov_18.0445_ID_351

CONTIG: NODE_229_length_41530_cov_18.2052_ID_457 (41530bp)
Top Length: 41530  Top ID: 100.0
		One align captures most of this contig: 87783 129312 | 41530 1 | 41530 41530 | 100.0 | Thermus_sp_CCB_US3_UF1_gi_384438400_ref_NC_ NODE_229_length_41530_cov_18.2052_ID_457

CONTIG: NODE_264_length_36995_cov_18.2157_ID_527 (36995bp)
Top Length: 36995  Top ID: 100.0
		One align captures most of this contig: 229939 266933 | 36995 1 | 36995 36995 | 100.0 | Thermus_sp_CCB_US3_UF1_gi_384438400_ref_NC_ NODE_264_length_36995_cov_18.2157_ID_527

CONTIG: NODE_351_length_29911_cov_18.1505_ID_701 (29911bp)
Top Length: 29911  Top ID: 100.0
		One align captures most of this contig: 198880 228790 | 29911 1 | 29911 29911 | 100.0 | Thermus_sp_CCB_US3_UF1_gi_384438400_ref_NC_ NODE_351_length_29911_cov_18.1505_ID_701

CONTIG: NODE_401_length_26753_cov_19.2025_ID_801 (26753bp)
Top Length: 26753  Top ID: 100.0
		Marking as insignificant: 275011 275172 | 162 1 | 162 162 | 99.38 | Thermus_sp_CCB_US3_UF1_gi_384438400_ref_NC_ NODE_401_length_26753_cov_19.2025_ID_801
		Marking as insignificant: 1882626 1882787 | 162 1 | 162 162 | 100.0 | Thermus_sp_CCB_US3_UF1_gi_384438400_ref_NC_ NODE_401_length_26753_cov_19.2025_ID_801
		Marking as insignificant: 1737092 1737253 | 162 1 | 162 162 | 100.0 | Thermus_sp_CCB_US3_UF1_gi_384438400_ref_NC_ NODE_401_length_26753_cov_19.2025_ID_801
		Marking as insignificant: 1735179 1735340 | 1 162 | 162 162 | 100.0 | Thermus_sp_CCB_US3_UF1_gi_384438400_ref_NC_ NODE_401_length_26753_cov_19.2025_ID_801
		Marking as insignificant: 1730627 1730788 | 162 1 | 162 162 | 100.0 | Thermus_sp_CCB_US3_UF1_gi_384438400_ref_NC_ NODE_401_length_26753_cov_19.2025_ID_801
		Marking as insignificant: 1131783 1131944 | 1 162 | 162 162 | 100.0 | Thermus_sp_CCB_US3_UF1_gi_384438400_ref_NC_ NODE_401_length_26753_cov_19.2025_ID_801
		Marking as insignificant: 271322 271483 | 1 162 | 162 162 | 100.0 | Thermus_sp_CCB_US3_UF1_gi_384438400_ref_NC_ NODE_401_length_26753_cov_19.2025_ID_801
		Marking as insignificant: 228736 228897 | 162 1 | 162 162 | 100.0 | Thermus_sp_CCB_US3_UF1_gi_384438400_ref_NC_ NODE_401_length_26753_cov_19.2025_ID_801
		Marking as insignificant: 173728 173889 | 1 162 | 162 162 | 100.0 | Thermus_sp_CCB_US3_UF1_gi_384438400_ref_NC_ NODE_401_length_26753_cov_19.2025_ID_801
		Marking as insignificant: 87676 87837 | 1 162 | 162 162 | 100.0 | Thermus_sp_CCB_US3_UF1_gi_384438400_ref_NC_ NODE_401_length_26753_cov_19.2025_ID_801
		Marking as insignificant: 1748413 1748576 | 164 1 | 164 164 | 100.0 | Thermus_sp_CCB_US3_UF1_gi_384438400_ref_NC_ NODE_401_length_26753_cov_19.2025_ID_801
		One align captures most of this contig: 145933 172685 | 1 26753 | 26753 26753 | 100.0 | Thermus_sp_CCB_US3_UF1_gi_384438400_ref_NC_ NODE_401_length_26753_cov_19.2025_ID_801

CONTIG: NODE_464_length_23975_cov_18.5219_ID_927 (23975bp)
Top Length: 23975  Top ID: 100.0
		One align captures most of this contig: 173835 197809 | 1 23975 | 23975 23975 | 100.0 | Thermus_sp_CCB_US3_UF1_gi_384438400_ref_NC_ NODE_464_length_23975_cov_18.5219_ID_927

CONTIG: NODE_508_length_22652_cov_18.3754_ID_1015 (22652bp)
Top Length: 22652  Top ID: 100.0
		One align captures most of this contig: 1108090 1130741 | 22652 1 | 22652 22652 | 100.0 | Thermus_sp_CCB_US3_UF1_gi_384438400_ref_NC_ NODE_508_length_22652_cov_18.3754_ID_1015

CONTIG: NODE_605_length_19358_cov_17.7836_ID_1209 (19358bp)
Top Length: 19358  Top ID: 99.99
		One align captures most of this contig: 1861970 1881327 | 19358 1 | 19358 19358 | 99.99 | Thermus_sp_CCB_US3_UF1_gi_384438400_ref_NC_ NODE_605_length_19358_cov_17.7836_ID_1209

CONTIG: NODE_634_length_18617_cov_17.7781_ID_1267 (18617bp)
Top Length: 18617  Top ID: 100.0
		One align captures most of this contig: 1415848 1434464 | 18617 1 | 18617 18617 | 100.0 | Thermus_sp_CCB_US3_UF1_gi_384438400_ref_NC_ NODE_634_length_18617_cov_17.7781_ID_1267

CONTIG: NODE_653_length_17996_cov_18.5879_ID_1305 (17996bp)
Top Length: 17996  Top ID: 100.0
		One align captures most of this contig: 68639 86634 | 17996 1 | 17996 17996 | 100.0 | Thermus_sp_CCB_US3_UF1_gi_384438400_ref_NC_ NODE_653_length_17996_cov_18.5879_ID_1305

CONTIG: NODE_764_length_15823_cov_18.9656_ID_1527 (15823bp)
Top Length: 15823  Top ID: 100.0
		One align captures most of this contig: 2107792 2123614 | 15823 1 | 15823 15823 | 100.0 | Thermus_sp_CCB_US3_UF1_gi_384438400_ref_NC_ NODE_764_length_15823_cov_18.9656_ID_1527

CONTIG: NODE_822_length_14510_cov_18.8203_ID_1643 (14510bp)
Top Length: 14510  Top ID: 100.0
		One align captures most of this contig: 130382 144891 | 1 14510 | 14510 14510 | 100.0 | Thermus_sp_CCB_US3_UF1_gi_384438400_ref_NC_ NODE_822_length_14510_cov_18.8203_ID_1643

CONTIG: NODE_1221_length_9472_cov_18.435_ID_2441 (9472bp)
Top Length: 9472  Top ID: 100.0
		One align captures most of this contig: 58098 67569 | 9472 1 | 9472 9472 | 100.0 | Thermus_sp_CCB_US3_UF1_gi_384438400_ref_NC_ NODE_1221_length_9472_cov_18.435_ID_2441

CONTIG: NODE_1272_length_9020_cov_18.4976_ID_2543 (9020bp)
Top Length: 9020  Top ID: 100.0
		One align captures most of this contig: 1739450 1748469 | 9020 1 | 9020 9020 | 100.0 | Thermus_sp_CCB_US3_UF1_gi_384438400_ref_NC_ NODE_1272_length_9020_cov_18.4976_ID_2543

CONTIG: NODE_1378_length_8283_cov_18.3036_ID_2755 (8283bp)
Top Length: 8283  Top ID: 100.0
		One align captures most of this contig: 1749618 1757900 | 1 8283 | 8283 8283 | 100.0 | Thermus_sp_CCB_US3_UF1_gi_384438400_ref_NC_ NODE_1378_length_8283_cov_18.3036_ID_2755

CONTIG: NODE_4742_length_2313_cov_18.2896_ID_9483 (2313bp)
Top Length: 2313  Top ID: 100.0
		One align captures most of this contig: 272753 275065 | 2313 1 | 2313 2313 | 100.0 | Thermus_sp_CCB_US3_UF1_gi_384438400_ref_NC_ NODE_4742_length_2313_cov_18.2896_ID_9483

CONTIG: NODE_4755_length_2308_cov_19.6427_ID_9509 (2308bp)
Top Length: 2308  Top ID: 100.0
		One align captures most of this contig: 1731830 1734137 | 1 2308 | 2308 2308 | 100.0 | Thermus_sp_CCB_US3_UF1_gi_384438400_ref_NC_ NODE_4755_length_2308_cov_19.6427_ID_9509

CONTIG: NODE_4822_length_2276_cov_18.9464_ID_9643 (2276bp)
Top Length: 2276  Top ID: 100.0
		One align captures most of this contig: 268005 270280 | 2276 1 | 2276 2276 | 100.0 | Thermus_sp_CCB_US3_UF1_gi_384438400_ref_NC_ NODE_4822_length_2276_cov_18.9464_ID_9643

CONTIG: NODE_5831_length_1861_cov_18.3643_ID_11661 (1861bp)
Top Length: 1861  Top ID: 100.0
		One align captures most of this contig: 1735286 1737146 | 1 1861 | 1861 1861 | 100.0 | Thermus_sp_CCB_US3_UF1_gi_384438400_ref_NC_ NODE_5831_length_1861_cov_18.3643_ID_11661

CONTIG: NODE_8645_length_1219_cov_34.5816_ID_17289 (1219bp)
Top Length: 1219  Top ID: 100.0
		This contig has 2 significant alignments. [An ambiguously mapped contig]
		Using only first of these alignment (option --ambiguity-usage is set to "one"):
		Alignment: 479545 480763 | 1219 1 | 1219 1219 | 100.0 | Thermus_sp_CCB_US3_UF1_gi_384438400_ref_NC_ NODE_8645_length_1219_cov_34.5816_ID_17289
		Skipping alignment  2106628 2107846 | 1 1219 | 1219 1219 | 100.0 | Thermus_sp_CCB_US3_UF1_gi_384438400_ref_NC_ NODE_8645_length_1219_cov_34.5816_ID_17289

CONTIG: NODE_8901_length_1179_cov_184.402_ID_17801 (1179bp)
Top Length: 1179  Top ID: 100.0
		This contig has 10 significant alignments. [An ambiguously mapped contig]
		Using only first of these alignment (option --ambiguity-usage is set to "one"):
		Alignment: 67515 68693 | 1179 1 | 1179 1179 | 100.0 | Thermus_sp_CCB_US3_UF1_gi_384438400_ref_NC_ NODE_8901_length_1179_cov_184.402_ID_17801
		Skipping alignment  129258 130436 | 1 1179 | 1179 1179 | 100.0 | Thermus_sp_CCB_US3_UF1_gi_384438400_ref_NC_ NODE_8901_length_1179_cov_184.402_ID_17801
		Skipping alignment  197756 198934 | 1179 1 | 1179 1179 | 100.0 | Thermus_sp_CCB_US3_UF1_gi_384438400_ref_NC_ NODE_8901_length_1179_cov_184.402_ID_17801
		Skipping alignment  266880 268058 | 1 1179 | 1179 1179 | 100.0 | Thermus_sp_CCB_US3_UF1_gi_384438400_ref_NC_ NODE_8901_length_1179_cov_184.402_ID_17801
		Skipping alignment  271628 272806 | 1179 1 | 1179 1179 | 100.0 | Thermus_sp_CCB_US3_UF1_gi_384438400_ref_NC_ NODE_8901_length_1179_cov_184.402_ID_17801
		Skipping alignment  967358 968536 | 1 1179 | 1179 1179 | 100.0 | Thermus_sp_CCB_US3_UF1_gi_384438400_ref_NC_ NODE_8901_length_1179_cov_184.402_ID_17801
		Skipping alignment  1180704 1181882 | 1 1179 | 1179 1179 | 100.0 | Thermus_sp_CCB_US3_UF1_gi_384438400_ref_NC_ NODE_8901_length_1179_cov_184.402_ID_17801
		Skipping alignment  1434410 1435588 | 1 1179 | 1179 1179 | 100.0 | Thermus_sp_CCB_US3_UF1_gi_384438400_ref_NC_ NODE_8901_length_1179_cov_184.402_ID_17801
		Skipping alignment  1738326 1739504 | 1179 1 | 1179 1179 | 100.0 | Thermus_sp_CCB_US3_UF1_gi_384438400_ref_NC_ NODE_8901_length_1179_cov_184.402_ID_17801
		Skipping alignment  2136468 2137646 | 1 1179 | 1179 1179 | 100.0 | Thermus_sp_CCB_US3_UF1_gi_384438400_ref_NC_ NODE_8901_length_1179_cov_184.402_ID_17801

CONTIG: NODE_9295_length_1127_cov_252.304_ID_18589 (1127bp)
Top Length: 1127  Top ID: 100.0
		This contig has 13 significant alignments. [An ambiguously mapped contig]
		Using only first of these alignment (option --ambiguity-usage is set to "one"):
		Alignment: 86604 87730 | 1127 1 | 1127 1127 | 100.0 | Thermus_sp_CCB_US3_UF1_gi_384438400_ref_NC_ NODE_9295_length_1127_cov_252.304_ID_18589
		Skipping alignment  144861 145987 | 1127 1 | 1127 1127 | 100.0 | Thermus_sp_CCB_US3_UF1_gi_384438400_ref_NC_ NODE_9295_length_1127_cov_252.304_ID_18589
		Skipping alignment  172656 173782 | 1127 1 | 1127 1127 | 100.0 | Thermus_sp_CCB_US3_UF1_gi_384438400_ref_NC_ NODE_9295_length_1127_cov_252.304_ID_18589
		Skipping alignment  228843 229969 | 1 1127 | 1127 1127 | 100.0 | Thermus_sp_CCB_US3_UF1_gi_384438400_ref_NC_ NODE_9295_length_1127_cov_252.304_ID_18589
		Skipping alignment  270250 271376 | 1127 1 | 1127 1127 | 100.0 | Thermus_sp_CCB_US3_UF1_gi_384438400_ref_NC_ NODE_9295_length_1127_cov_252.304_ID_18589
		Skipping alignment  1130711 1131837 | 1127 1 | 1127 1127 | 100.0 | Thermus_sp_CCB_US3_UF1_gi_384438400_ref_NC_ NODE_9295_length_1127_cov_252.304_ID_18589
		Skipping alignment  1730734 1731860 | 1 1127 | 1127 1127 | 100.0 | Thermus_sp_CCB_US3_UF1_gi_384438400_ref_NC_ NODE_9295_length_1127_cov_252.304_ID_18589
		Skipping alignment  1734107 1735233 | 1127 1 | 1127 1127 | 100.0 | Thermus_sp_CCB_US3_UF1_gi_384438400_ref_NC_ NODE_9295_length_1127_cov_252.304_ID_18589
		Skipping alignment  1737199 1738325 | 1 1127 | 1127 1127 | 100.0 | Thermus_sp_CCB_US3_UF1_gi_384438400_ref_NC_ NODE_9295_length_1127_cov_252.304_ID_18589
		Skipping alignment  1748522 1749648 | 1 1127 | 1127 1127 | 100.0 | Thermus_sp_CCB_US3_UF1_gi_384438400_ref_NC_ NODE_9295_length_1127_cov_252.304_ID_18589
		Skipping alignment  1757870 1758996 | 1127 1 | 1127 1127 | 100.0 | Thermus_sp_CCB_US3_UF1_gi_384438400_ref_NC_ NODE_9295_length_1127_cov_252.304_ID_18589
		Skipping alignment  1882733 1883859 | 1 1127 | 1127 1127 | 100.0 | Thermus_sp_CCB_US3_UF1_gi_384438400_ref_NC_ NODE_9295_length_1127_cov_252.304_ID_18589
		Skipping alignment  275118 276244 | 1 1127 | 1127 1127 | 99.91 | Thermus_sp_CCB_US3_UF1_gi_384438400_ref_NC_ NODE_9295_length_1127_cov_252.304_ID_18589

CONTIG: NODE_9700_length_1077_cov_38.4452_ID_19399 (1077bp)
Top Length: 1077  Top ID: 99.07
		Marking as insignificant: 1884488 1885564 | 1 1077 | 1077 1077 | 96.19 | Thermus_sp_CCB_US3_UF1_gi_384438400_ref_NC_ NODE_9700_length_1077_cov_38.4452_ID_19399
		One align captures most of this contig: 57076 58152 | 1077 1 | 1077 1077 | 99.07 | Thermus_sp_CCB_US3_UF1_gi_384438400_ref_NC_ NODE_9700_length_1077_cov_38.4452_ID_19399

CONTIG: NODE_10315_length_1008_cov_34.4092_ID_20629 (1008bp)
Top Length: 1008  Top ID: 99.9
		One align captures most of this contig: 1881273 1882280 | 1 1008 | 1008 1008 | 99.9 | Thermus_sp_CCB_US3_UF1_gi_384438400_ref_NC_ NODE_10315_length_1008_cov_34.4092_ID_20629

CONTIG: NODE_14027_length_713_cov_20.0957_ID_28053 (713bp)
Top Length: 713  Top ID: 100.0
		One align captures most of this contig: 1883830 1884542 | 713 1 | 713 713 | 100.0 | Thermus_sp_CCB_US3_UF1_gi_384438400_ref_NC_ NODE_14027_length_713_cov_20.0957_ID_28053

CONTIG: NODE_15540_length_639_cov_60.4418_ID_31079 (639bp)
Top Length: 639  Top ID: 96.27
		This contig has 2 significant alignments. [An ambiguously mapped contig]
		Using only first of these alignment (option --ambiguity-usage is set to "one"):
		Alignment: 1860486 1861129 | 639 1 | 644 639 | 96.27 | Thermus_sp_CCB_US3_UF1_gi_384438400_ref_NC_ NODE_15540_length_639_cov_60.4418_ID_31079
		Skipping alignment  1964588 1965231 | 639 1 | 644 639 | 96.27 | Thermus_sp_CCB_US3_UF1_gi_384438400_ref_NC_ NODE_15540_length_639_cov_60.4418_ID_31079

Analyzing coverage...
Writing SNPs into /Molly/gurevich/MetaQUAST/res_final/res_cami_final/runs_per_reference/Thermus_sp_CCB_US3_UF1/contigs_reports/nucmer_output/SPAdes.used_snps
	Reference Thermus_sp_CCB_US3_UF1_gi_384438400_ref_NC_: 38 total alignments. 1 total regions.
		Region: 1 to 2243772 (2243772 bp)
			START in gap: 1 to 2 (1 bp)
			Align 1: 2 56683 NODE_144_length_56682_cov_18.2907_ID_287 1 56682
				Gap between this and next alignment: 56683 to 57076 (392 bp)
				Next Alignment: 57076 58152 NODE_9700_length_1077_cov_38.4452_ID_19399 1077 1

			Align 2: 57076 58152 NODE_9700_length_1077_cov_38.4452_ID_19399 1077 1
				Negative gap (overlap) between this and next alignment: 58152 to 58098 (-54 bp)
				Next Alignment: 58098 67569 NODE_1221_length_9472_cov_18.435_ID_2441 9472 1

			Previous gap was negative, modifying coordinates to ignore overlap
				Moving contig start from 9472 to 9417.
			Align 3: 58153 67569 NODE_1221_length_9472_cov_18.435_ID_2441 9417 1
				Negative gap (overlap) between this and next alignment: 67569 to 67515 (-54 bp)
				Next Alignment: 67515 68693 NODE_8901_length_1179_cov_184.402_ID_17801 1179 1

			Previous gap was negative, modifying coordinates to ignore overlap
				Moving contig start from 1179 to 1124.
			Align 4: 67570 68693 NODE_8901_length_1179_cov_184.402_ID_17801 1124 1
				Negative gap (overlap) between this and next alignment: 68693 to 68639 (-54 bp)
				Next Alignment: 68639 86634 NODE_653_length_17996_cov_18.5879_ID_1305 17996 1

			Previous gap was negative, modifying coordinates to ignore overlap
				Moving contig start from 17996 to 17941.
			Align 5: 68694 86634 NODE_653_length_17996_cov_18.5879_ID_1305 17941 1
				Negative gap (overlap) between this and next alignment: 86634 to 86604 (-30 bp)
				Next Alignment: 86604 87730 NODE_9295_length_1127_cov_252.304_ID_18589 1127 1

			Previous gap was negative, modifying coordinates to ignore overlap
				Moving contig start from 1127 to 1096.
			Align 6: 86635 87730 NODE_9295_length_1127_cov_252.304_ID_18589 1096 1
				Gap between this and next alignment: 87730 to 87783 (52 bp)
				Next Alignment: 87783 129312 NODE_229_length_41530_cov_18.2052_ID_457 41530 1

			Align 7: 87783 129312 NODE_229_length_41530_cov_18.2052_ID_457 41530 1
				Gap between this and next alignment: 129312 to 130382 (1069 bp)
				Next Alignment: 130382 144891 NODE_822_length_14510_cov_18.8203_ID_1643 1 14510

			Align 8: 130382 144891 NODE_822_length_14510_cov_18.8203_ID_1643 1 14510
				Gap between this and next alignment: 144891 to 145933 (1041 bp)
				Next Alignment: 145933 172685 NODE_401_length_26753_cov_19.2025_ID_801 1 26753

			Align 9: 145933 172685 NODE_401_length_26753_cov_19.2025_ID_801 1 26753
				Gap between this and next alignment: 172685 to 173835 (1149 bp)
				Next Alignment: 173835 197809 NODE_464_length_23975_cov_18.5219_ID_927 1 23975

			Align 10: 173835 197809 NODE_464_length_23975_cov_18.5219_ID_927 1 23975
				Gap between this and next alignment: 197809 to 198880 (1070 bp)
				Next Alignment: 198880 228790 NODE_351_length_29911_cov_18.1505_ID_701 29911 1

			Align 11: 198880 228790 NODE_351_length_29911_cov_18.1505_ID_701 29911 1
				Gap between this and next alignment: 228790 to 229939 (1148 bp)
				Next Alignment: 229939 266933 NODE_264_length_36995_cov_18.2157_ID_527 36995 1

			Align 12: 229939 266933 NODE_264_length_36995_cov_18.2157_ID_527 36995 1
				Gap between this and next alignment: 266933 to 268005 (1071 bp)
				Next Alignment: 268005 270280 NODE_4822_length_2276_cov_18.9464_ID_9643 2276 1

			Align 13: 268005 270280 NODE_4822_length_2276_cov_18.9464_ID_9643 2276 1
				Gap between this and next alignment: 270280 to 272753 (2472 bp)
				Next Alignment: 272753 275065 NODE_4742_length_2313_cov_18.2896_ID_9483 2313 1

			Align 14: 272753 275065 NODE_4742_length_2313_cov_18.2896_ID_9483 2313 1
				Gap between this and next alignment: 275065 to 276190 (1124 bp)
				Next Alignment: 276190 479599 NODE_25_length_203410_cov_18.215_ID_49 1 203410

			Align 15: 276190 479599 NODE_25_length_203410_cov_18.215_ID_49 1 203410
				Negative gap (overlap) between this and next alignment: 479599 to 479545 (-54 bp)
				Next Alignment: 479545 480763 NODE_8645_length_1219_cov_34.5816_ID_17289 1219 1

			Previous gap was negative, modifying coordinates to ignore overlap
				Moving contig start from 1219 to 1164.
			Align 16: 479600 480763 NODE_8645_length_1219_cov_34.5816_ID_17289 1164 1
				Negative gap (overlap) between this and next alignment: 480763 to 480709 (-54 bp)
				Next Alignment: 480709 967412 NODE_3_length_486704_cov_18.1406_ID_5 486704 1

			Previous gap was negative, modifying coordinates to ignore overlap
				Moving contig start from 486704 to 486649.
			Align 17: 480764 967412 NODE_3_length_486704_cov_18.1406_ID_5 486649 1
				Gap between this and next alignment: 967412 to 968482 (1069 bp)
				Next Alignment: 968482 1107861 NODE_52_length_139380_cov_18.2738_ID_103 1 139380

			Align 18: 968482 1107861 NODE_52_length_139380_cov_18.2738_ID_103 1 139380
				Gap between this and next alignment: 1107861 to 1108090 (228 bp)
				Next Alignment: 1108090 1130741 NODE_508_length_22652_cov_18.3754_ID_1015 22652 1

			Align 19: 1108090 1130741 NODE_508_length_22652_cov_18.3754_ID_1015 22652 1
				Gap between this and next alignment: 1130741 to 1131890 (1148 bp)
				Next Alignment: 1131890 1180758 NODE_176_length_48869_cov_18.0445_ID_351 1 48869

			Align 20: 1131890 1180758 NODE_176_length_48869_cov_18.0445_ID_351 1 48869
				Gap between this and next alignment: 1180758 to 1181830 (1071 bp)
				Next Alignment: 1181830 1332150 NODE_46_length_150321_cov_18.3098_ID_91 150321 1

			Align 21: 1181830 1332150 NODE_46_length_150321_cov_18.3098_ID_91 150321 1
				Gap between this and next alignment: 1332150 to 1332426 (275 bp)
				Next Alignment: 1332426 1415619 NODE_95_length_83194_cov_18.1835_ID_189 83194 1

			Align 22: 1332426 1415619 NODE_95_length_83194_cov_18.1835_ID_189 83194 1
				Gap between this and next alignment: 1415619 to 1415848 (228 bp)
				Next Alignment: 1415848 1434464 NODE_634_length_18617_cov_17.7781_ID_1267 18617 1

			Align 23: 1415848 1434464 NODE_634_length_18617_cov_17.7781_ID_1267 18617 1
				Gap between this and next alignment: 1434464 to 1435534 (1069 bp)
				Next Alignment: 1435534 1730788 NODE_14_length_295255_cov_18.2856_ID_27 1 295255

			Align 24: 1435534 1730788 NODE_14_length_295255_cov_18.2856_ID_27 1 295255
				Gap between this and next alignment: 1730788 to 1731830 (1041 bp)
				Next Alignment: 1731830 1734137 NODE_4755_length_2308_cov_19.6427_ID_9509 1 2308

			Align 25: 1731830 1734137 NODE_4755_length_2308_cov_19.6427_ID_9509 1 2308
				Gap between this and next alignment: 1734137 to 1735286 (1148 bp)
				Next Alignment: 1735286 1737146 NODE_5831_length_1861_cov_18.3643_ID_11661 1 1861

			Align 26: 1735286 1737146 NODE_5831_length_1861_cov_18.3643_ID_11661 1 1861
				Gap between this and next alignment: 1737146 to 1739450 (2303 bp)
				Next Alignment: 1739450 1748469 NODE_1272_length_9020_cov_18.4976_ID_2543 9020 1

			Align 27: 1739450 1748469 NODE_1272_length_9020_cov_18.4976_ID_2543 9020 1
				Gap between this and next alignment: 1748469 to 1749618 (1148 bp)
				Next Alignment: 1749618 1757900 NODE_1378_length_8283_cov_18.3036_ID_2755 1 8283

			Align 28: 1749618 1757900 NODE_1378_length_8283_cov_18.3036_ID_2755 1 8283
				Gap between this and next alignment: 1757900 to 1758942 (1041 bp)
				Next Alignment: 1758942 1860540 NODE_73_length_101599_cov_18.3078_ID_145 101599 1

			Align 29: 1758942 1860540 NODE_73_length_101599_cov_18.3078_ID_145 101599 1
				Negative gap (overlap) between this and next alignment: 1860540 to 1860486 (-54 bp)
				Next Alignment: 1860486 1861129 NODE_15540_length_639_cov_60.4418_ID_31079 639 1

			Previous gap was negative, modifying coordinates to ignore overlap
				Moving contig start from 639 to 584.
			Align 30: 1860541 1861129 NODE_15540_length_639_cov_60.4418_ID_31079 584 1
				Gap between this and next alignment: 1861129 to 1861970 (840 bp)
				Next Alignment: 1861970 1881327 NODE_605_length_19358_cov_17.7836_ID_1209 19358 1

			Align 31: 1861970 1881327 NODE_605_length_19358_cov_17.7836_ID_1209 19358 1
				Negative gap (overlap) between this and next alignment: 1881327 to 1881273 (-54 bp)
				Next Alignment: 1881273 1882280 NODE_10315_length_1008_cov_34.4092_ID_20629 1 1008

			Previous gap was negative, modifying coordinates to ignore overlap
				Moving contig start from 1 to 56.
			Align 32: 1881328 1882280 NODE_10315_length_1008_cov_34.4092_ID_20629 56 1008
				Gap between this and next alignment: 1882280 to 1883830 (1549 bp)
				Next Alignment: 1883830 1884542 NODE_14027_length_713_cov_20.0957_ID_28053 713 1

			Align 33: 1883830 1884542 NODE_14027_length_713_cov_20.0957_ID_28053 713 1
				Gap between this and next alignment: 1884542 to 1886142 (1599 bp)
				Next Alignment: 1886142 1964642 NODE_84_length_88127_cov_19.0987_ID_167 9627 88127

			Align 34: 1886142 1964642 NODE_84_length_88127_cov_19.0987_ID_167 9627 88127
				Gap between this and next alignment: 1964642 to 1965180 (537 bp)
				Next Alignment: 1965180 2106682 NODE_50_length_141503_cov_18.4361_ID_99 141503 1

			Align 35: 1965180 2106682 NODE_50_length_141503_cov_18.4361_ID_99 141503 1
				Gap between this and next alignment: 2106682 to 2107792 (1109 bp)
				Next Alignment: 2107792 2123614 NODE_764_length_15823_cov_18.9656_ID_1527 15823 1

			Align 36: 2107792 2123614 NODE_764_length_15823_cov_18.9656_ID_1527 15823 1
				Gap between this and next alignment: 2123614 to 2126898 (3283 bp)
				Next Alignment: 2126898 2136522 NODE_84_length_88127_cov_19.0987_ID_167 9626 1

			Align 37: 2126898 2136522 NODE_84_length_88127_cov_19.0987_ID_167 9626 1
				Gap between this and next alignment: 2136522 to 2137593 (1070 bp)
				Next Alignment: 2137593 2243747 NODE_70_length_106187_cov_18.1936_ID_139 106187 33

			Align 38: 2137593 2243747 NODE_70_length_106187_cov_18.1936_ID_139 106187 33
			END in gap: 2243747 to 2243772 (25 bp)

Analysis is finished!
Founded SNPs were written into /Molly/gurevich/MetaQUAST/res_final/res_cami_final/runs_per_reference/Thermus_sp_CCB_US3_UF1/contigs_reports/nucmer_output/SPAdes.used_snps

Results:
	Local Misassemblies: 0
	Misassemblies: 1
		Relocations: 1
		Translocations: 0
		Inversions: 0
	Fake misassemblies matched with structural variations: 0
	Misassembled Contigs: 1
	Misassembled Contig Bases: 88127
	Misassemblies Inter-Contig Overlap: 0
Uncovered Regions: 0 (0)
Unaligned Contigs: 0 + 0 part
Partially Unaligned Contigs with Misassemblies: 0
Unaligned Contig Bases: 0

Ambiguously Mapped Contigs: 4
Total Bases in Ambiguously Mapped Contigs: 4164
Note that --allow-ambiguity option was set to "one" and only first alignment per each contig was used.

	Covered Bases: 2211402

	SNPs: 50
	Insertions: 0
	Deletions: 5

	Positive Gaps: 31
		Internal Gaps:  0
		External Gaps:  31
		External Gap Total:  32370
		External Gap Average: 1044
	Negative Gaps: 8
		Internal Overlaps:  0
		External Overlaps:  8
		External Overlaps Total: -408
		External Overlaps Average: -51
	Contigs with Redundant Alignments: 0 (0)
