Aligning contigs to reference...
	Using existing Nucmer alignments...
Parsing coords...
Loading reference...
	Loaded [Thermus_sp_CCB_US3_UF1_gi_384438400_ref_NC_]
Loading SNPs...
Loading regions...
	No regions given, using whole reference.
	Total Regions: 1
	Total Region Length: 2243772
Analyzing contigs...
CONTIG: scaffold_4 (486791bp)
Top Length: 486791  Top ID: 100.0
		Marking as insignificant: 2136468 2136565 | 98 1 | 98 98 | 100.0 | Thermus_sp_CCB_US3_UF1_gi_384438400_ref_NC_ scaffold_4
		Marking as insignificant: 1739407 1739504 | 1 98 | 98 98 | 100.0 | Thermus_sp_CCB_US3_UF1_gi_384438400_ref_NC_ scaffold_4
		Marking as insignificant: 1434410 1434507 | 98 1 | 98 98 | 100.0 | Thermus_sp_CCB_US3_UF1_gi_384438400_ref_NC_ scaffold_4
		Marking as insignificant: 1180704 1180801 | 98 1 | 98 98 | 100.0 | Thermus_sp_CCB_US3_UF1_gi_384438400_ref_NC_ scaffold_4
		Marking as insignificant: 198837 198934 | 1 98 | 98 98 | 100.0 | Thermus_sp_CCB_US3_UF1_gi_384438400_ref_NC_ scaffold_4
		Marking as insignificant: 129258 129355 | 98 1 | 98 98 | 100.0 | Thermus_sp_CCB_US3_UF1_gi_384438400_ref_NC_ scaffold_4
		Marking as insignificant: 68596 68693 | 1 98 | 98 98 | 100.0 | Thermus_sp_CCB_US3_UF1_gi_384438400_ref_NC_ scaffold_4
		Marking as insignificant: 2106628 2106726 | 486693 486791 | 99 99 | 100.0 | Thermus_sp_CCB_US3_UF1_gi_384438400_ref_NC_ scaffold_4
		Marking as insignificant: 272709 272807 | 1 99 | 99 99 | 100.0 | Thermus_sp_CCB_US3_UF1_gi_384438400_ref_NC_ scaffold_4
		Marking as insignificant: 266879 266977 | 99 1 | 99 99 | 100.0 | Thermus_sp_CCB_US3_UF1_gi_384438400_ref_NC_ scaffold_4
		One align captures most of this contig: 480665 967455 | 486791 1 | 486791 486791 | 100.0 | Thermus_sp_CCB_US3_UF1_gi_384438400_ref_NC_ scaffold_4

CONTIG: scaffold_17 (242521bp)
Top Length: 242521  Top ID: 100.0
		Marking as insignificant: 968440 968536 | 242521 242425 | 97 97 | 100.0 | Thermus_sp_CCB_US3_UF1_gi_384438400_ref_NC_ scaffold_17
		Marking as insignificant: 130340 130436 | 242521 242425 | 97 97 | 100.0 | Thermus_sp_CCB_US3_UF1_gi_384438400_ref_NC_ scaffold_17
		Marking as insignificant: 67515 67611 | 242425 242521 | 97 97 | 100.0 | Thermus_sp_CCB_US3_UF1_gi_384438400_ref_NC_ scaffold_17
		Marking as insignificant: 2137550 2137647 | 242521 242424 | 98 98 | 100.0 | Thermus_sp_CCB_US3_UF1_gi_384438400_ref_NC_ scaffold_17
		Marking as insignificant: 1738325 1738422 | 242424 242521 | 98 98 | 100.0 | Thermus_sp_CCB_US3_UF1_gi_384438400_ref_NC_ scaffold_17
		Marking as insignificant: 271627 271724 | 242424 242521 | 98 98 | 100.0 | Thermus_sp_CCB_US3_UF1_gi_384438400_ref_NC_ scaffold_17
		Marking as insignificant: 267962 268059 | 242521 242424 | 98 98 | 100.0 | Thermus_sp_CCB_US3_UF1_gi_384438400_ref_NC_ scaffold_17
		Marking as insignificant: 197755 197852 | 242424 242521 | 98 98 | 100.0 | Thermus_sp_CCB_US3_UF1_gi_384438400_ref_NC_ scaffold_17
		Marking as insignificant: 1703663 1703761 | 99 1 | 99 99 | 100.0 | Thermus_sp_CCB_US3_UF1_gi_384438400_ref_NC_ scaffold_17
		Marking as insignificant: 1181786 1181884 | 242521 242423 | 99 99 | 100.0 | Thermus_sp_CCB_US3_UF1_gi_384438400_ref_NC_ scaffold_17
		One align captures most of this contig: 1435492 1678012 | 242521 1 | 242521 242521 | 100.0 | Thermus_sp_CCB_US3_UF1_gi_384438400_ref_NC_ scaffold_17

CONTIG: scaffold_27 (203473bp)
Top Length: 203473  Top ID: 100.0
		Marking as insignificant: 1738252 1738325 | 203473 203400 | 74 74 | 100.0 | Thermus_sp_CCB_US3_UF1_gi_384438400_ref_NC_ scaffold_27
		Marking as insignificant: 1757846 1757943 | 203376 203473 | 98 98 | 100.0 | Thermus_sp_CCB_US3_UF1_gi_384438400_ref_NC_ scaffold_27
		Marking as insignificant: 1749575 1749672 | 203473 203376 | 98 98 | 100.0 | Thermus_sp_CCB_US3_UF1_gi_384438400_ref_NC_ scaffold_27
		Marking as insignificant: 1734083 1734180 | 203376 203473 | 98 98 | 100.0 | Thermus_sp_CCB_US3_UF1_gi_384438400_ref_NC_ scaffold_27
		Marking as insignificant: 1731787 1731884 | 203473 203376 | 98 98 | 100.0 | Thermus_sp_CCB_US3_UF1_gi_384438400_ref_NC_ scaffold_27
		Marking as insignificant: 1130687 1130784 | 203376 203473 | 98 98 | 100.0 | Thermus_sp_CCB_US3_UF1_gi_384438400_ref_NC_ scaffold_27
		Marking as insignificant: 270226 270323 | 203376 203473 | 98 98 | 100.0 | Thermus_sp_CCB_US3_UF1_gi_384438400_ref_NC_ scaffold_27
		Marking as insignificant: 229896 229993 | 203473 203376 | 98 98 | 100.0 | Thermus_sp_CCB_US3_UF1_gi_384438400_ref_NC_ scaffold_27
		Marking as insignificant: 144837 144934 | 203376 203473 | 98 98 | 100.0 | Thermus_sp_CCB_US3_UF1_gi_384438400_ref_NC_ scaffold_27
		Marking as insignificant: 86580 86677 | 203376 203473 | 98 98 | 100.0 | Thermus_sp_CCB_US3_UF1_gi_384438400_ref_NC_ scaffold_27
		Marking as insignificant: 2107748 2107846 | 1 99 | 99 99 | 100.0 | Thermus_sp_CCB_US3_UF1_gi_384438400_ref_NC_ scaffold_27
		Marking as insignificant: 1883786 1883884 | 203473 203375 | 99 99 | 100.0 | Thermus_sp_CCB_US3_UF1_gi_384438400_ref_NC_ scaffold_27
		Marking as insignificant: 172627 172729 | 203371 203473 | 103 103 | 99.03 | Thermus_sp_CCB_US3_UF1_gi_384438400_ref_NC_ scaffold_27
		One align captures most of this contig: 276171 479643 | 203473 1 | 203473 203473 | 100.0 | Thermus_sp_CCB_US3_UF1_gi_384438400_ref_NC_ scaffold_27

CONTIG: scaffold_46 (150394bp)
Top Length: 150394  Top ID: 100.0
		Marking as insignificant: 968440 968536 | 1 97 | 97 97 | 100.0 | Thermus_sp_CCB_US3_UF1_gi_384438400_ref_NC_ scaffold_46
		Marking as insignificant: 67515 67611 | 97 1 | 97 97 | 100.0 | Thermus_sp_CCB_US3_UF1_gi_384438400_ref_NC_ scaffold_46
		Marking as insignificant: 2137550 2137647 | 1 98 | 98 98 | 100.0 | Thermus_sp_CCB_US3_UF1_gi_384438400_ref_NC_ scaffold_46
		Marking as insignificant: 1738325 1738422 | 98 1 | 98 98 | 100.0 | Thermus_sp_CCB_US3_UF1_gi_384438400_ref_NC_ scaffold_46
		Marking as insignificant: 271627 271724 | 98 1 | 98 98 | 100.0 | Thermus_sp_CCB_US3_UF1_gi_384438400_ref_NC_ scaffold_46
		Marking as insignificant: 267962 268059 | 1 98 | 98 98 | 100.0 | Thermus_sp_CCB_US3_UF1_gi_384438400_ref_NC_ scaffold_46
		Marking as insignificant: 197755 197852 | 98 1 | 98 98 | 100.0 | Thermus_sp_CCB_US3_UF1_gi_384438400_ref_NC_ scaffold_46
		Marking as insignificant: 1108061 1108159 | 150394 150296 | 99 99 | 98.99 | Thermus_sp_CCB_US3_UF1_gi_384438400_ref_NC_ scaffold_46
		Marking as insignificant: 1435492 1435590 | 1 99 | 99 99 | 100.0 | Thermus_sp_CCB_US3_UF1_gi_384438400_ref_NC_ scaffold_46
		Marking as insignificant: 130340 130445 | 1 106 | 106 106 | 98.11 | Thermus_sp_CCB_US3_UF1_gi_384438400_ref_NC_ scaffold_46
		One align captures most of this contig: 1181786 1332179 | 1 150394 | 150394 150394 | 100.0 | Thermus_sp_CCB_US3_UF1_gi_384438400_ref_NC_ scaffold_46

CONTIG: scaffold_50 (140699bp)
Top Length: 140699  Top ID: 100.0
		Marking as insignificant: 480665 480763 | 140699 140601 | 99 99 | 100.0 | Thermus_sp_CCB_US3_UF1_gi_384438400_ref_NC_ scaffold_50
		One align captures most of this contig: 1966028 2106726 | 1 140699 | 140699 140699 | 100.0 | Thermus_sp_CCB_US3_UF1_gi_384438400_ref_NC_ scaffold_50

CONTIG: scaffold_51 (140501bp)
Top Length: 140501  Top ID: 100.0
		Marking as insignificant: 1332382 1332491 | 1 110 | 110 110 | 97.27 | Thermus_sp_CCB_US3_UF1_gi_384438400_ref_NC_ scaffold_51
		Marking as insignificant: 2136468 2137646 | 140501 139323 | 1179 1179 | 100.0 | Thermus_sp_CCB_US3_UF1_gi_384438400_ref_NC_ scaffold_51
		Marking as insignificant: 1738326 1739504 | 139323 140501 | 1179 1179 | 100.0 | Thermus_sp_CCB_US3_UF1_gi_384438400_ref_NC_ scaffold_51
		Marking as insignificant: 1434410 1435588 | 140501 139323 | 1179 1179 | 100.0 | Thermus_sp_CCB_US3_UF1_gi_384438400_ref_NC_ scaffold_51
		Marking as insignificant: 1180704 1181882 | 140501 139323 | 1179 1179 | 100.0 | Thermus_sp_CCB_US3_UF1_gi_384438400_ref_NC_ scaffold_51
		Marking as insignificant: 271628 272806 | 139323 140501 | 1179 1179 | 100.0 | Thermus_sp_CCB_US3_UF1_gi_384438400_ref_NC_ scaffold_51
		Marking as insignificant: 266880 268058 | 140501 139323 | 1179 1179 | 100.0 | Thermus_sp_CCB_US3_UF1_gi_384438400_ref_NC_ scaffold_51
		Marking as insignificant: 197756 198934 | 139323 140501 | 1179 1179 | 100.0 | Thermus_sp_CCB_US3_UF1_gi_384438400_ref_NC_ scaffold_51
		Marking as insignificant: 129258 130436 | 140501 139323 | 1179 1179 | 100.0 | Thermus_sp_CCB_US3_UF1_gi_384438400_ref_NC_ scaffold_51
		Marking as insignificant: 67515 68693 | 139323 140501 | 1179 1179 | 100.0 | Thermus_sp_CCB_US3_UF1_gi_384438400_ref_NC_ scaffold_51
		One align captures most of this contig: 967358 1107858 | 140501 1 | 140501 140501 | 100.0 | Thermus_sp_CCB_US3_UF1_gi_384438400_ref_NC_ scaffold_51

CONTIG: scaffold_73 (101687bp)
Top Length: 101687  Top ID: 100.0
		Marking as insignificant: 1964588 1964686 | 99 1 | 99 99 | 100.0 | Thermus_sp_CCB_US3_UF1_gi_384438400_ref_NC_ scaffold_73
		Marking as insignificant: 1882733 1882831 | 101589 101687 | 99 99 | 100.0 | Thermus_sp_CCB_US3_UF1_gi_384438400_ref_NC_ scaffold_73
		Marking as insignificant: 1748522 1748620 | 101589 101687 | 99 99 | 100.0 | Thermus_sp_CCB_US3_UF1_gi_384438400_ref_NC_ scaffold_73
		Marking as insignificant: 1737199 1737297 | 101589 101687 | 99 99 | 100.0 | Thermus_sp_CCB_US3_UF1_gi_384438400_ref_NC_ scaffold_73
		Marking as insignificant: 1735135 1735233 | 101687 101589 | 99 99 | 100.0 | Thermus_sp_CCB_US3_UF1_gi_384438400_ref_NC_ scaffold_73
		Marking as insignificant: 1730734 1730832 | 101589 101687 | 99 99 | 100.0 | Thermus_sp_CCB_US3_UF1_gi_384438400_ref_NC_ scaffold_73
		Marking as insignificant: 1131739 1131837 | 101687 101589 | 99 99 | 100.0 | Thermus_sp_CCB_US3_UF1_gi_384438400_ref_NC_ scaffold_73
		Marking as insignificant: 271278 271376 | 101687 101589 | 99 99 | 100.0 | Thermus_sp_CCB_US3_UF1_gi_384438400_ref_NC_ scaffold_73
		Marking as insignificant: 228843 228941 | 101589 101687 | 99 99 | 100.0 | Thermus_sp_CCB_US3_UF1_gi_384438400_ref_NC_ scaffold_73
		Marking as insignificant: 173684 173782 | 101687 101589 | 99 99 | 100.0 | Thermus_sp_CCB_US3_UF1_gi_384438400_ref_NC_ scaffold_73
		Marking as insignificant: 145889 145987 | 101687 101589 | 99 99 | 100.0 | Thermus_sp_CCB_US3_UF1_gi_384438400_ref_NC_ scaffold_73
		Marking as insignificant: 87632 87730 | 101687 101589 | 99 99 | 100.0 | Thermus_sp_CCB_US3_UF1_gi_384438400_ref_NC_ scaffold_73
		One align captures most of this contig: 1758898 1860584 | 101687 1 | 101687 101687 | 100.0 | Thermus_sp_CCB_US3_UF1_gi_384438400_ref_NC_ scaffold_73

CONTIG: scaffold_90 (83267bp)
Top Length: 83267  Top ID: 99.99
		Marking as insignificant: 1108061 1108159 | 83267 83169 | 99 99 | 98.99 | Thermus_sp_CCB_US3_UF1_gi_384438400_ref_NC_ scaffold_90
		Marking as insignificant: 1107749 1107858 | 110 1 | 110 110 | 98.18 | Thermus_sp_CCB_US3_UF1_gi_384438400_ref_NC_ scaffold_90
		One align captures most of this contig: 1332382 1415648 | 1 83267 | 83267 83267 | 99.99 | Thermus_sp_CCB_US3_UF1_gi_384438400_ref_NC_ scaffold_90

CONTIG: scaffold_103 (75355bp)
Top Length: 75355  Top ID: 100.0
		Marking as insignificant: 968440 968536 | 1 97 | 97 97 | 100.0 | Thermus_sp_CCB_US3_UF1_gi_384438400_ref_NC_ scaffold_103
		Marking as insignificant: 130340 130436 | 1 97 | 97 97 | 100.0 | Thermus_sp_CCB_US3_UF1_gi_384438400_ref_NC_ scaffold_103
		Marking as insignificant: 67515 67611 | 97 1 | 97 97 | 100.0 | Thermus_sp_CCB_US3_UF1_gi_384438400_ref_NC_ scaffold_103
		Marking as insignificant: 1435492 1435589 | 1 98 | 98 98 | 100.0 | Thermus_sp_CCB_US3_UF1_gi_384438400_ref_NC_ scaffold_103
		Marking as insignificant: 1181786 1181883 | 1 98 | 98 98 | 100.0 | Thermus_sp_CCB_US3_UF1_gi_384438400_ref_NC_ scaffold_103
		Marking as insignificant: 271627 271724 | 98 1 | 98 98 | 100.0 | Thermus_sp_CCB_US3_UF1_gi_384438400_ref_NC_ scaffold_103
		Marking as insignificant: 1738324 1738422 | 99 1 | 99 99 | 100.0 | Thermus_sp_CCB_US3_UF1_gi_384438400_ref_NC_ scaffold_103
		Marking as insignificant: 267962 268060 | 1 99 | 99 99 | 100.0 | Thermus_sp_CCB_US3_UF1_gi_384438400_ref_NC_ scaffold_103
		Marking as insignificant: 197754 197852 | 99 1 | 99 99 | 100.0 | Thermus_sp_CCB_US3_UF1_gi_384438400_ref_NC_ scaffold_103
		One align captures most of this contig: 2137550 2212904 | 1 75355 | 75355 75355 | 100.0 | Thermus_sp_CCB_US3_UF1_gi_384438400_ref_NC_ scaffold_103

CONTIG: scaffold_105 (75307bp)
Top Length: 75307  Top ID: 100.0
		Marking as insignificant: 1860486 1860584 | 99 1 | 99 99 | 100.0 | Thermus_sp_CCB_US3_UF1_gi_384438400_ref_NC_ scaffold_105
		Marking as insignificant: 2123518 2123658 | 75166 75307 | 141 142 | 97.18 | Thermus_sp_CCB_US3_UF1_gi_384438400_ref_NC_ scaffold_105
		One align captures most of this contig: 1889380 1964686 | 75307 1 | 75307 75307 | 100.0 | Thermus_sp_CCB_US3_UF1_gi_384438400_ref_NC_ scaffold_105

CONTIG: scaffold_167 (56765bp)
Top Length: 56765  Top ID: 99.99
		One align captures most of this contig: 2 56766 | 1 56765 | 56765 56765 | 99.99 | Thermus_sp_CCB_US3_UF1_gi_384438400_ref_NC_ scaffold_167

CONTIG: scaffold_200 (48952bp)
Top Length: 48952  Top ID: 100.0
		Marking as insignificant: 1882626 1882721 | 96 1 | 96 96 | 100.0 | Thermus_sp_CCB_US3_UF1_gi_384438400_ref_NC_ scaffold_200
		Marking as insignificant: 1748415 1748510 | 96 1 | 96 96 | 100.0 | Thermus_sp_CCB_US3_UF1_gi_384438400_ref_NC_ scaffold_200
		Marking as insignificant: 1735245 1735340 | 1 96 | 96 96 | 100.0 | Thermus_sp_CCB_US3_UF1_gi_384438400_ref_NC_ scaffold_200
		Marking as insignificant: 1730627 1730722 | 96 1 | 96 96 | 100.0 | Thermus_sp_CCB_US3_UF1_gi_384438400_ref_NC_ scaffold_200
		Marking as insignificant: 271388 271483 | 1 96 | 96 96 | 100.0 | Thermus_sp_CCB_US3_UF1_gi_384438400_ref_NC_ scaffold_200
		Marking as insignificant: 228736 228831 | 96 1 | 96 96 | 100.0 | Thermus_sp_CCB_US3_UF1_gi_384438400_ref_NC_ scaffold_200
		Marking as insignificant: 173794 173889 | 1 96 | 96 96 | 100.0 | Thermus_sp_CCB_US3_UF1_gi_384438400_ref_NC_ scaffold_200
		Marking as insignificant: 145999 146094 | 1 96 | 96 96 | 100.0 | Thermus_sp_CCB_US3_UF1_gi_384438400_ref_NC_ scaffold_200
		Marking as insignificant: 87742 87837 | 1 96 | 96 96 | 100.0 | Thermus_sp_CCB_US3_UF1_gi_384438400_ref_NC_ scaffold_200
		Marking as insignificant: 2136468 2136564 | 48856 48952 | 97 97 | 100.0 | Thermus_sp_CCB_US3_UF1_gi_384438400_ref_NC_ scaffold_200
		Marking as insignificant: 1739408 1739504 | 48952 48856 | 97 97 | 100.0 | Thermus_sp_CCB_US3_UF1_gi_384438400_ref_NC_ scaffold_200
		Marking as insignificant: 1737091 1737187 | 97 1 | 97 97 | 100.0 | Thermus_sp_CCB_US3_UF1_gi_384438400_ref_NC_ scaffold_200
		Marking as insignificant: 1434410 1434506 | 48856 48952 | 97 97 | 100.0 | Thermus_sp_CCB_US3_UF1_gi_384438400_ref_NC_ scaffold_200
		Marking as insignificant: 967358 967454 | 48856 48952 | 97 97 | 100.0 | Thermus_sp_CCB_US3_UF1_gi_384438400_ref_NC_ scaffold_200
		Marking as insignificant: 272710 272806 | 48952 48856 | 97 97 | 100.0 | Thermus_sp_CCB_US3_UF1_gi_384438400_ref_NC_ scaffold_200
		Marking as insignificant: 266880 266976 | 48856 48952 | 97 97 | 100.0 | Thermus_sp_CCB_US3_UF1_gi_384438400_ref_NC_ scaffold_200
		Marking as insignificant: 68597 68693 | 48952 48856 | 97 97 | 100.0 | Thermus_sp_CCB_US3_UF1_gi_384438400_ref_NC_ scaffold_200
		Marking as insignificant: 275008 275106 | 99 1 | 99 99 | 100.0 | Thermus_sp_CCB_US3_UF1_gi_384438400_ref_NC_ scaffold_200
		Marking as insignificant: 198838 198936 | 48952 48854 | 99 99 | 100.0 | Thermus_sp_CCB_US3_UF1_gi_384438400_ref_NC_ scaffold_200
		Marking as insignificant: 129245 129354 | 48843 48952 | 110 110 | 98.18 | Thermus_sp_CCB_US3_UF1_gi_384438400_ref_NC_ scaffold_200
		One align captures most of this contig: 1131849 1180800 | 1 48952 | 48952 48952 | 100.0 | Thermus_sp_CCB_US3_UF1_gi_384438400_ref_NC_ scaffold_200

CONTIG: scaffold_246 (41596bp)
Top Length: 41596  Top ID: 100.0
		Marking as insignificant: 2136468 2136545 | 41519 41596 | 78 78 | 100.0 | Thermus_sp_CCB_US3_UF1_gi_384438400_ref_NC_ scaffold_246
		Marking as insignificant: 1739427 1739504 | 41596 41519 | 78 78 | 100.0 | Thermus_sp_CCB_US3_UF1_gi_384438400_ref_NC_ scaffold_246
		Marking as insignificant: 1434410 1434487 | 41519 41596 | 78 78 | 100.0 | Thermus_sp_CCB_US3_UF1_gi_384438400_ref_NC_ scaffold_246
		Marking as insignificant: 967358 967435 | 41519 41596 | 78 78 | 100.0 | Thermus_sp_CCB_US3_UF1_gi_384438400_ref_NC_ scaffold_246
		Marking as insignificant: 272729 272806 | 41596 41519 | 78 78 | 100.0 | Thermus_sp_CCB_US3_UF1_gi_384438400_ref_NC_ scaffold_246
		Marking as insignificant: 266880 266957 | 41519 41596 | 78 78 | 100.0 | Thermus_sp_CCB_US3_UF1_gi_384438400_ref_NC_ scaffold_246
		Marking as insignificant: 68616 68693 | 41596 41519 | 78 78 | 100.0 | Thermus_sp_CCB_US3_UF1_gi_384438400_ref_NC_ scaffold_246
		Marking as insignificant: 198857 198936 | 41596 41517 | 80 80 | 100.0 | Thermus_sp_CCB_US3_UF1_gi_384438400_ref_NC_ scaffold_246
		Marking as insignificant: 1180691 1180781 | 41506 41596 | 91 91 | 97.8 | Thermus_sp_CCB_US3_UF1_gi_384438400_ref_NC_ scaffold_246
		Marking as insignificant: 1748415 1748512 | 98 1 | 98 98 | 100.0 | Thermus_sp_CCB_US3_UF1_gi_384438400_ref_NC_ scaffold_246
		Marking as insignificant: 1737092 1737189 | 98 1 | 98 98 | 100.0 | Thermus_sp_CCB_US3_UF1_gi_384438400_ref_NC_ scaffold_246
		Marking as insignificant: 1730627 1730724 | 98 1 | 98 98 | 100.0 | Thermus_sp_CCB_US3_UF1_gi_384438400_ref_NC_ scaffold_246
		Marking as insignificant: 1131847 1131944 | 1 98 | 98 98 | 100.0 | Thermus_sp_CCB_US3_UF1_gi_384438400_ref_NC_ scaffold_246
		Marking as insignificant: 275011 275108 | 98 1 | 98 98 | 100.0 | Thermus_sp_CCB_US3_UF1_gi_384438400_ref_NC_ scaffold_246
		Marking as insignificant: 145997 146094 | 1 98 | 98 98 | 100.0 | Thermus_sp_CCB_US3_UF1_gi_384438400_ref_NC_ scaffold_246
		Marking as insignificant: 1882625 1882723 | 99 1 | 99 99 | 100.0 | Thermus_sp_CCB_US3_UF1_gi_384438400_ref_NC_ scaffold_246
		Marking as insignificant: 1735243 1735341 | 1 99 | 99 99 | 100.0 | Thermus_sp_CCB_US3_UF1_gi_384438400_ref_NC_ scaffold_246
		Marking as insignificant: 271386 271484 | 1 99 | 99 99 | 100.0 | Thermus_sp_CCB_US3_UF1_gi_384438400_ref_NC_ scaffold_246
		Marking as insignificant: 228735 228833 | 99 1 | 99 99 | 100.0 | Thermus_sp_CCB_US3_UF1_gi_384438400_ref_NC_ scaffold_246
		Marking as insignificant: 173792 173890 | 1 99 | 99 99 | 100.0 | Thermus_sp_CCB_US3_UF1_gi_384438400_ref_NC_ scaffold_246
		One align captures most of this contig: 87740 129335 | 1 41596 | 41596 41596 | 100.0 | Thermus_sp_CCB_US3_UF1_gi_384438400_ref_NC_ scaffold_246

CONTIG: scaffold_276 (37082bp)
Top Length: 37082  Top ID: 100.0
		Marking as insignificant: 1738252 1738325 | 1 74 | 74 74 | 100.0 | Thermus_sp_CCB_US3_UF1_gi_384438400_ref_NC_ scaffold_276
		Marking as insignificant: 2136468 2136565 | 36985 37082 | 98 98 | 100.0 | Thermus_sp_CCB_US3_UF1_gi_384438400_ref_NC_ scaffold_276
		Marking as insignificant: 1883786 1883883 | 1 98 | 98 98 | 100.0 | Thermus_sp_CCB_US3_UF1_gi_384438400_ref_NC_ scaffold_276
		Marking as insignificant: 1739407 1739504 | 37082 36985 | 98 98 | 100.0 | Thermus_sp_CCB_US3_UF1_gi_384438400_ref_NC_ scaffold_276
		Marking as insignificant: 1731787 1731884 | 1 98 | 98 98 | 100.0 | Thermus_sp_CCB_US3_UF1_gi_384438400_ref_NC_ scaffold_276
		Marking as insignificant: 1434410 1434507 | 36985 37082 | 98 98 | 100.0 | Thermus_sp_CCB_US3_UF1_gi_384438400_ref_NC_ scaffold_276
		Marking as insignificant: 1180704 1180801 | 36985 37082 | 98 98 | 100.0 | Thermus_sp_CCB_US3_UF1_gi_384438400_ref_NC_ scaffold_276
		Marking as insignificant: 276171 276268 | 1 98 | 98 98 | 100.0 | Thermus_sp_CCB_US3_UF1_gi_384438400_ref_NC_ scaffold_276
		Marking as insignificant: 270226 270323 | 98 1 | 98 98 | 100.0 | Thermus_sp_CCB_US3_UF1_gi_384438400_ref_NC_ scaffold_276
		Marking as insignificant: 198837 198934 | 37082 36985 | 98 98 | 100.0 | Thermus_sp_CCB_US3_UF1_gi_384438400_ref_NC_ scaffold_276
		Marking as insignificant: 172632 172729 | 98 1 | 98 98 | 100.0 | Thermus_sp_CCB_US3_UF1_gi_384438400_ref_NC_ scaffold_276
		Marking as insignificant: 144837 144934 | 98 1 | 98 98 | 100.0 | Thermus_sp_CCB_US3_UF1_gi_384438400_ref_NC_ scaffold_276
		Marking as insignificant: 129258 129355 | 36985 37082 | 98 98 | 100.0 | Thermus_sp_CCB_US3_UF1_gi_384438400_ref_NC_ scaffold_276
		Marking as insignificant: 68596 68693 | 37082 36985 | 98 98 | 100.0 | Thermus_sp_CCB_US3_UF1_gi_384438400_ref_NC_ scaffold_276
		Marking as insignificant: 1757845 1757943 | 99 1 | 99 99 | 100.0 | Thermus_sp_CCB_US3_UF1_gi_384438400_ref_NC_ scaffold_276
		Marking as insignificant: 1749575 1749673 | 1 99 | 99 99 | 100.0 | Thermus_sp_CCB_US3_UF1_gi_384438400_ref_NC_ scaffold_276
		Marking as insignificant: 1130686 1130784 | 99 1 | 99 99 | 100.0 | Thermus_sp_CCB_US3_UF1_gi_384438400_ref_NC_ scaffold_276
		Marking as insignificant: 967357 967455 | 36984 37082 | 99 99 | 100.0 | Thermus_sp_CCB_US3_UF1_gi_384438400_ref_NC_ scaffold_276
		Marking as insignificant: 272709 272807 | 37082 36984 | 99 99 | 100.0 | Thermus_sp_CCB_US3_UF1_gi_384438400_ref_NC_ scaffold_276
		Marking as insignificant: 86579 86677 | 99 1 | 99 99 | 100.0 | Thermus_sp_CCB_US3_UF1_gi_384438400_ref_NC_ scaffold_276
		Marking as insignificant: 1734075 1734180 | 106 1 | 106 106 | 99.06 | Thermus_sp_CCB_US3_UF1_gi_384438400_ref_NC_ scaffold_276
		One align captures most of this contig: 229896 266977 | 1 37082 | 37082 37082 | 100.0 | Thermus_sp_CCB_US3_UF1_gi_384438400_ref_NC_ scaffold_276

CONTIG: scaffold_346 (29991bp)
Top Length: 29991  Top ID: 100.0
		Marking as insignificant: 1737092 1737184 | 29899 29991 | 93 93 | 100.0 | Thermus_sp_CCB_US3_UF1_gi_384438400_ref_NC_ scaffold_346
		Marking as insignificant: 1730627 1730719 | 29899 29991 | 93 93 | 100.0 | Thermus_sp_CCB_US3_UF1_gi_384438400_ref_NC_ scaffold_346
		Marking as insignificant: 1131852 1131944 | 29991 29899 | 93 93 | 100.0 | Thermus_sp_CCB_US3_UF1_gi_384438400_ref_NC_ scaffold_346
		Marking as insignificant: 275011 275103 | 29899 29991 | 93 93 | 100.0 | Thermus_sp_CCB_US3_UF1_gi_384438400_ref_NC_ scaffold_346
		Marking as insignificant: 146002 146094 | 29991 29899 | 93 93 | 100.0 | Thermus_sp_CCB_US3_UF1_gi_384438400_ref_NC_ scaffold_346
		Marking as insignificant: 1882625 1882718 | 29898 29991 | 94 94 | 100.0 | Thermus_sp_CCB_US3_UF1_gi_384438400_ref_NC_ scaffold_346
		Marking as insignificant: 87745 87838 | 29991 29898 | 94 94 | 100.0 | Thermus_sp_CCB_US3_UF1_gi_384438400_ref_NC_ scaffold_346
		Marking as insignificant: 173797 173891 | 29991 29897 | 95 95 | 100.0 | Thermus_sp_CCB_US3_UF1_gi_384438400_ref_NC_ scaffold_346
		Marking as insignificant: 271391 271486 | 29991 29896 | 96 96 | 100.0 | Thermus_sp_CCB_US3_UF1_gi_384438400_ref_NC_ scaffold_346
		Marking as insignificant: 2136468 2136564 | 97 1 | 97 97 | 100.0 | Thermus_sp_CCB_US3_UF1_gi_384438400_ref_NC_ scaffold_346
		Marking as insignificant: 1739408 1739504 | 1 97 | 97 97 | 100.0 | Thermus_sp_CCB_US3_UF1_gi_384438400_ref_NC_ scaffold_346
		Marking as insignificant: 1434410 1434506 | 97 1 | 97 97 | 100.0 | Thermus_sp_CCB_US3_UF1_gi_384438400_ref_NC_ scaffold_346
		Marking as insignificant: 967358 967454 | 97 1 | 97 97 | 100.0 | Thermus_sp_CCB_US3_UF1_gi_384438400_ref_NC_ scaffold_346
		Marking as insignificant: 272710 272806 | 1 97 | 97 97 | 100.0 | Thermus_sp_CCB_US3_UF1_gi_384438400_ref_NC_ scaffold_346
		Marking as insignificant: 266880 266976 | 97 1 | 97 97 | 100.0 | Thermus_sp_CCB_US3_UF1_gi_384438400_ref_NC_ scaffold_346
		Marking as insignificant: 68597 68693 | 1 97 | 97 97 | 100.0 | Thermus_sp_CCB_US3_UF1_gi_384438400_ref_NC_ scaffold_346
		Marking as insignificant: 1748409 1748507 | 29894 29991 | 99 98 | 98.99 | Thermus_sp_CCB_US3_UF1_gi_384438400_ref_NC_ scaffold_346
		Marking as insignificant: 1735248 1735346 | 29991 29893 | 99 99 | 100.0 | Thermus_sp_CCB_US3_UF1_gi_384438400_ref_NC_ scaffold_346
		Marking as insignificant: 1180702 1180800 | 99 1 | 99 99 | 100.0 | Thermus_sp_CCB_US3_UF1_gi_384438400_ref_NC_ scaffold_346
		Marking as insignificant: 129256 129354 | 99 1 | 99 99 | 100.0 | Thermus_sp_CCB_US3_UF1_gi_384438400_ref_NC_ scaffold_346
		One align captures most of this contig: 198838 228828 | 1 29991 | 29991 29991 | 100.0 | Thermus_sp_CCB_US3_UF1_gi_384438400_ref_NC_ scaffold_346

CONTIG: scaffold_349 (29743bp)
Top Length: 29743  Top ID: 100.0
		Marking as insignificant: 2213066 2213184 | 29743 29625 | 119 119 | 95.83 | Thermus_sp_CCB_US3_UF1_gi_384438400_ref_NC_ scaffold_349
		One align captures most of this contig: 2214020 2243762 | 29743 1 | 29743 29743 | 100.0 | Thermus_sp_CCB_US3_UF1_gi_384438400_ref_NC_ scaffold_349

CONTIG: scaffold_409 (26731bp)
Top Length: 26731  Top ID: 100.0
		Marking as insignificant: 1738253 1738325 | 1 73 | 73 73 | 100.0 | Thermus_sp_CCB_US3_UF1_gi_384438400_ref_NC_ scaffold_409
		Marking as insignificant: 1882626 1882722 | 26635 26731 | 97 97 | 100.0 | Thermus_sp_CCB_US3_UF1_gi_384438400_ref_NC_ scaffold_409
		Marking as insignificant: 1757846 1757942 | 97 1 | 97 97 | 100.0 | Thermus_sp_CCB_US3_UF1_gi_384438400_ref_NC_ scaffold_409
		Marking as insignificant: 1749576 1749672 | 1 97 | 97 97 | 100.0 | Thermus_sp_CCB_US3_UF1_gi_384438400_ref_NC_ scaffold_409
		Marking as insignificant: 1737092 1737188 | 26635 26731 | 97 97 | 100.0 | Thermus_sp_CCB_US3_UF1_gi_384438400_ref_NC_ scaffold_409
		Marking as insignificant: 1735244 1735340 | 26731 26635 | 97 97 | 100.0 | Thermus_sp_CCB_US3_UF1_gi_384438400_ref_NC_ scaffold_409
		Marking as insignificant: 1734083 1734179 | 97 1 | 97 97 | 100.0 | Thermus_sp_CCB_US3_UF1_gi_384438400_ref_NC_ scaffold_409
		Marking as insignificant: 1731788 1731884 | 1 97 | 97 97 | 100.0 | Thermus_sp_CCB_US3_UF1_gi_384438400_ref_NC_ scaffold_409
		Marking as insignificant: 1730627 1730723 | 26635 26731 | 97 97 | 100.0 | Thermus_sp_CCB_US3_UF1_gi_384438400_ref_NC_ scaffold_409
		Marking as insignificant: 1131848 1131944 | 26731 26635 | 97 97 | 100.0 | Thermus_sp_CCB_US3_UF1_gi_384438400_ref_NC_ scaffold_409
		Marking as insignificant: 1130687 1130783 | 97 1 | 97 97 | 100.0 | Thermus_sp_CCB_US3_UF1_gi_384438400_ref_NC_ scaffold_409
		Marking as insignificant: 275011 275107 | 26635 26731 | 97 97 | 100.0 | Thermus_sp_CCB_US3_UF1_gi_384438400_ref_NC_ scaffold_409
		Marking as insignificant: 271387 271483 | 26731 26635 | 97 97 | 100.0 | Thermus_sp_CCB_US3_UF1_gi_384438400_ref_NC_ scaffold_409
		Marking as insignificant: 270226 270322 | 97 1 | 97 97 | 100.0 | Thermus_sp_CCB_US3_UF1_gi_384438400_ref_NC_ scaffold_409
		Marking as insignificant: 229897 229993 | 1 97 | 97 97 | 100.0 | Thermus_sp_CCB_US3_UF1_gi_384438400_ref_NC_ scaffold_409
		Marking as insignificant: 228736 228832 | 26635 26731 | 97 97 | 100.0 | Thermus_sp_CCB_US3_UF1_gi_384438400_ref_NC_ scaffold_409
		Marking as insignificant: 173793 173889 | 26731 26635 | 97 97 | 100.0 | Thermus_sp_CCB_US3_UF1_gi_384438400_ref_NC_ scaffold_409
		Marking as insignificant: 144837 144933 | 97 1 | 97 97 | 100.0 | Thermus_sp_CCB_US3_UF1_gi_384438400_ref_NC_ scaffold_409
		Marking as insignificant: 87741 87837 | 26731 26635 | 97 97 | 100.0 | Thermus_sp_CCB_US3_UF1_gi_384438400_ref_NC_ scaffold_409
		Marking as insignificant: 86580 86676 | 97 1 | 97 97 | 100.0 | Thermus_sp_CCB_US3_UF1_gi_384438400_ref_NC_ scaffold_409
		Marking as insignificant: 1883787 1883885 | 1 99 | 99 99 | 100.0 | Thermus_sp_CCB_US3_UF1_gi_384438400_ref_NC_ scaffold_409
		Marking as insignificant: 1748413 1748511 | 26633 26731 | 99 99 | 100.0 | Thermus_sp_CCB_US3_UF1_gi_384438400_ref_NC_ scaffold_409
		Marking as insignificant: 276172 276273 | 1 102 | 102 102 | 99.02 | Thermus_sp_CCB_US3_UF1_gi_384438400_ref_NC_ scaffold_409
		One align captures most of this contig: 145998 172728 | 26731 1 | 26731 26731 | 100.0 | Thermus_sp_CCB_US3_UF1_gi_384438400_ref_NC_ scaffold_409

CONTIG: scaffold_412 (26677bp)
Top Length: 26677  Top ID: 100.0
		Marking as insignificant: 1882626 1882724 | 99 1 | 99 99 | 100.0 | Thermus_sp_CCB_US3_UF1_gi_384438400_ref_NC_ scaffold_412
		Marking as insignificant: 1748415 1748513 | 99 1 | 99 99 | 100.0 | Thermus_sp_CCB_US3_UF1_gi_384438400_ref_NC_ scaffold_412
		Marking as insignificant: 1737092 1737190 | 99 1 | 99 99 | 100.0 | Thermus_sp_CCB_US3_UF1_gi_384438400_ref_NC_ scaffold_412
		Marking as insignificant: 1735242 1735340 | 1 99 | 99 99 | 100.0 | Thermus_sp_CCB_US3_UF1_gi_384438400_ref_NC_ scaffold_412
		Marking as insignificant: 1131846 1131944 | 1 99 | 99 99 | 100.0 | Thermus_sp_CCB_US3_UF1_gi_384438400_ref_NC_ scaffold_412
		Marking as insignificant: 275011 275109 | 99 1 | 99 99 | 100.0 | Thermus_sp_CCB_US3_UF1_gi_384438400_ref_NC_ scaffold_412
		Marking as insignificant: 271385 271483 | 1 99 | 99 99 | 100.0 | Thermus_sp_CCB_US3_UF1_gi_384438400_ref_NC_ scaffold_412
		Marking as insignificant: 228736 228834 | 99 1 | 99 99 | 100.0 | Thermus_sp_CCB_US3_UF1_gi_384438400_ref_NC_ scaffold_412
		Marking as insignificant: 173791 173889 | 1 99 | 99 99 | 100.0 | Thermus_sp_CCB_US3_UF1_gi_384438400_ref_NC_ scaffold_412
		Marking as insignificant: 145996 146094 | 1 99 | 99 99 | 100.0 | Thermus_sp_CCB_US3_UF1_gi_384438400_ref_NC_ scaffold_412
		Marking as insignificant: 87739 87837 | 1 99 | 99 99 | 100.0 | Thermus_sp_CCB_US3_UF1_gi_384438400_ref_NC_ scaffold_412
		Marking as insignificant: 1678300 1678410 | 26677 26567 | 111 111 | 97.3 | Thermus_sp_CCB_US3_UF1_gi_384438400_ref_NC_ scaffold_412
		One align captures most of this contig: 1704049 1730725 | 26677 1 | 26677 26677 | 100.0 | Thermus_sp_CCB_US3_UF1_gi_384438400_ref_NC_ scaffold_412

CONTIG: scaffold_439 (25462bp)
Top Length: 25462  Top ID: 100.0
		Marking as insignificant: 1677914 1678012 | 25364 25462 | 99 99 | 100.0 | Thermus_sp_CCB_US3_UF1_gi_384438400_ref_NC_ scaffold_439
		Marking as insignificant: 1704049 1704159 | 1 111 | 111 111 | 97.3 | Thermus_sp_CCB_US3_UF1_gi_384438400_ref_NC_ scaffold_439
		One align captures most of this contig: 1678300 1703761 | 1 25462 | 25462 25462 | 100.0 | Thermus_sp_CCB_US3_UF1_gi_384438400_ref_NC_ scaffold_439

CONTIG: scaffold_464 (24059bp)
Top Length: 24059  Top ID: 100.0
		Marking as insignificant: 968441 968536 | 24059 23964 | 96 96 | 100.0 | Thermus_sp_CCB_US3_UF1_gi_384438400_ref_NC_ scaffold_464
		Marking as insignificant: 130341 130436 | 24059 23964 | 96 96 | 100.0 | Thermus_sp_CCB_US3_UF1_gi_384438400_ref_NC_ scaffold_464
		Marking as insignificant: 67515 67610 | 23964 24059 | 96 96 | 100.0 | Thermus_sp_CCB_US3_UF1_gi_384438400_ref_NC_ scaffold_464
		Marking as insignificant: 1748415 1748511 | 97 1 | 97 97 | 100.0 | Thermus_sp_CCB_US3_UF1_gi_384438400_ref_NC_ scaffold_464
		Marking as insignificant: 1737092 1737188 | 97 1 | 97 97 | 100.0 | Thermus_sp_CCB_US3_UF1_gi_384438400_ref_NC_ scaffold_464
		Marking as insignificant: 1730627 1730723 | 97 1 | 97 97 | 100.0 | Thermus_sp_CCB_US3_UF1_gi_384438400_ref_NC_ scaffold_464
		Marking as insignificant: 1435493 1435589 | 24059 23963 | 97 97 | 100.0 | Thermus_sp_CCB_US3_UF1_gi_384438400_ref_NC_ scaffold_464
		Marking as insignificant: 1181787 1181883 | 24059 23963 | 97 97 | 100.0 | Thermus_sp_CCB_US3_UF1_gi_384438400_ref_NC_ scaffold_464
		Marking as insignificant: 1131848 1131944 | 1 97 | 97 97 | 100.0 | Thermus_sp_CCB_US3_UF1_gi_384438400_ref_NC_ scaffold_464
		Marking as insignificant: 275011 275107 | 97 1 | 97 97 | 100.0 | Thermus_sp_CCB_US3_UF1_gi_384438400_ref_NC_ scaffold_464
		Marking as insignificant: 271627 271723 | 23963 24059 | 97 97 | 100.0 | Thermus_sp_CCB_US3_UF1_gi_384438400_ref_NC_ scaffold_464
		Marking as insignificant: 145998 146094 | 1 97 | 97 97 | 100.0 | Thermus_sp_CCB_US3_UF1_gi_384438400_ref_NC_ scaffold_464
		Marking as insignificant: 2137551 2137648 | 24059 23962 | 98 98 | 100.0 | Thermus_sp_CCB_US3_UF1_gi_384438400_ref_NC_ scaffold_464
		Marking as insignificant: 1882625 1882722 | 98 1 | 98 98 | 100.0 | Thermus_sp_CCB_US3_UF1_gi_384438400_ref_NC_ scaffold_464
		Marking as insignificant: 87741 87838 | 1 98 | 98 98 | 100.0 | Thermus_sp_CCB_US3_UF1_gi_384438400_ref_NC_ scaffold_464
		Marking as insignificant: 1738323 1738421 | 23961 24059 | 99 99 | 100.0 | Thermus_sp_CCB_US3_UF1_gi_384438400_ref_NC_ scaffold_464
		Marking as insignificant: 1735244 1735342 | 1 99 | 99 99 | 100.0 | Thermus_sp_CCB_US3_UF1_gi_384438400_ref_NC_ scaffold_464
		Marking as insignificant: 271387 271485 | 1 99 | 99 99 | 100.0 | Thermus_sp_CCB_US3_UF1_gi_384438400_ref_NC_ scaffold_464
		Marking as insignificant: 267963 268061 | 24059 23961 | 99 99 | 100.0 | Thermus_sp_CCB_US3_UF1_gi_384438400_ref_NC_ scaffold_464
		Marking as insignificant: 228734 228832 | 99 1 | 99 99 | 100.0 | Thermus_sp_CCB_US3_UF1_gi_384438400_ref_NC_ scaffold_464
		One align captures most of this contig: 173793 197851 | 1 24059 | 24059 24059 | 100.0 | Thermus_sp_CCB_US3_UF1_gi_384438400_ref_NC_ scaffold_464

CONTIG: scaffold_501 (22738bp)
Top Length: 22738  Top ID: 100.0
		Marking as insignificant: 1738253 1738325 | 22738 22666 | 73 73 | 100.0 | Thermus_sp_CCB_US3_UF1_gi_384438400_ref_NC_ scaffold_501
		Marking as insignificant: 1883787 1883883 | 22738 22642 | 97 97 | 100.0 | Thermus_sp_CCB_US3_UF1_gi_384438400_ref_NC_ scaffold_501
		Marking as insignificant: 1731788 1731884 | 22738 22642 | 97 97 | 100.0 | Thermus_sp_CCB_US3_UF1_gi_384438400_ref_NC_ scaffold_501
		Marking as insignificant: 276172 276268 | 22738 22642 | 97 97 | 100.0 | Thermus_sp_CCB_US3_UF1_gi_384438400_ref_NC_ scaffold_501
		Marking as insignificant: 270226 270322 | 22642 22738 | 97 97 | 100.0 | Thermus_sp_CCB_US3_UF1_gi_384438400_ref_NC_ scaffold_501
		Marking as insignificant: 172632 172728 | 22642 22738 | 97 97 | 100.0 | Thermus_sp_CCB_US3_UF1_gi_384438400_ref_NC_ scaffold_501
		Marking as insignificant: 144837 144933 | 22642 22738 | 97 97 | 100.0 | Thermus_sp_CCB_US3_UF1_gi_384438400_ref_NC_ scaffold_501
		Marking as insignificant: 1749576 1749673 | 22738 22641 | 98 98 | 100.0 | Thermus_sp_CCB_US3_UF1_gi_384438400_ref_NC_ scaffold_501
		Marking as insignificant: 1734082 1734179 | 22641 22738 | 98 98 | 100.0 | Thermus_sp_CCB_US3_UF1_gi_384438400_ref_NC_ scaffold_501
		Marking as insignificant: 229897 229994 | 22738 22641 | 98 98 | 100.0 | Thermus_sp_CCB_US3_UF1_gi_384438400_ref_NC_ scaffold_501
		Marking as insignificant: 86579 86676 | 22641 22738 | 98 98 | 100.0 | Thermus_sp_CCB_US3_UF1_gi_384438400_ref_NC_ scaffold_501
		Marking as insignificant: 1757839 1757942 | 22636 22738 | 104 103 | 99.04 | Thermus_sp_CCB_US3_UF1_gi_384438400_ref_NC_ scaffold_501
		Marking as insignificant: 1415550 1415663 | 114 1 | 114 114 | 99.12 | Thermus_sp_CCB_US3_UF1_gi_384438400_ref_NC_ scaffold_501
		Marking as insignificant: 1332081 1332194 | 114 1 | 114 114 | 99.12 | Thermus_sp_CCB_US3_UF1_gi_384438400_ref_NC_ scaffold_501
		One align captures most of this contig: 1108046 1130783 | 1 22738 | 22738 22738 | 100.0 | Thermus_sp_CCB_US3_UF1_gi_384438400_ref_NC_ scaffold_501

CONTIG: scaffold_590 (19446bp)
Top Length: 19446  Top ID: 100.0
		One align captures most of this contig: 1861926 1881371 | 1 19446 | 19446 19446 | 100.0 | Thermus_sp_CCB_US3_UF1_gi_384438400_ref_NC_ scaffold_590

CONTIG: scaffold_615 (18943bp)
Top Length: 18943  Top ID: 100.0
		Marking as insignificant: 2136468 2136565 | 98 1 | 98 98 | 100.0 | Thermus_sp_CCB_US3_UF1_gi_384438400_ref_NC_ scaffold_615
		Marking as insignificant: 1180704 1180801 | 98 1 | 98 98 | 100.0 | Thermus_sp_CCB_US3_UF1_gi_384438400_ref_NC_ scaffold_615
		Marking as insignificant: 967358 967455 | 98 1 | 98 98 | 100.0 | Thermus_sp_CCB_US3_UF1_gi_384438400_ref_NC_ scaffold_615
		Marking as insignificant: 272709 272806 | 1 98 | 98 98 | 100.0 | Thermus_sp_CCB_US3_UF1_gi_384438400_ref_NC_ scaffold_615
		Marking as insignificant: 266880 266977 | 98 1 | 98 98 | 100.0 | Thermus_sp_CCB_US3_UF1_gi_384438400_ref_NC_ scaffold_615
		Marking as insignificant: 198837 198934 | 1 98 | 98 98 | 100.0 | Thermus_sp_CCB_US3_UF1_gi_384438400_ref_NC_ scaffold_615
		Marking as insignificant: 129258 129355 | 98 1 | 98 98 | 100.0 | Thermus_sp_CCB_US3_UF1_gi_384438400_ref_NC_ scaffold_615
		Marking as insignificant: 68596 68693 | 1 98 | 98 98 | 100.0 | Thermus_sp_CCB_US3_UF1_gi_384438400_ref_NC_ scaffold_615
		Marking as insignificant: 1739407 1739505 | 1 99 | 99 99 | 100.0 | Thermus_sp_CCB_US3_UF1_gi_384438400_ref_NC_ scaffold_615
		Marking as insignificant: 1332096 1332447 | 18943 18592 | 352 352 | 96.88 | Thermus_sp_CCB_US3_UF1_gi_384438400_ref_NC_ scaffold_615
		Marking as insignificant: 1107793 1108144 | 18592 18943 | 352 352 | 98.3 | Thermus_sp_CCB_US3_UF1_gi_384438400_ref_NC_ scaffold_615
		One align captures most of this contig: 1415565 1434507 | 18943 1 | 18943 18943 | 100.0 | Thermus_sp_CCB_US3_UF1_gi_384438400_ref_NC_ scaffold_615

CONTIG: scaffold_643 (18081bp)
Top Length: 18081  Top ID: 100.0
		Marking as insignificant: 1738253 1738325 | 18081 18009 | 73 73 | 100.0 | Thermus_sp_CCB_US3_UF1_gi_384438400_ref_NC_ scaffold_643
		Marking as insignificant: 1883787 1883883 | 18081 17985 | 97 97 | 100.0 | Thermus_sp_CCB_US3_UF1_gi_384438400_ref_NC_ scaffold_643
		Marking as insignificant: 1731788 1731884 | 18081 17985 | 97 97 | 100.0 | Thermus_sp_CCB_US3_UF1_gi_384438400_ref_NC_ scaffold_643
		Marking as insignificant: 276172 276268 | 18081 17985 | 97 97 | 100.0 | Thermus_sp_CCB_US3_UF1_gi_384438400_ref_NC_ scaffold_643
		Marking as insignificant: 270226 270322 | 17985 18081 | 97 97 | 100.0 | Thermus_sp_CCB_US3_UF1_gi_384438400_ref_NC_ scaffold_643
		Marking as insignificant: 172632 172728 | 17985 18081 | 97 97 | 100.0 | Thermus_sp_CCB_US3_UF1_gi_384438400_ref_NC_ scaffold_643
		Marking as insignificant: 144837 144933 | 17985 18081 | 97 97 | 100.0 | Thermus_sp_CCB_US3_UF1_gi_384438400_ref_NC_ scaffold_643
		Marking as insignificant: 1757845 1757942 | 17984 18081 | 98 98 | 100.0 | Thermus_sp_CCB_US3_UF1_gi_384438400_ref_NC_ scaffold_643
		Marking as insignificant: 1739407 1739504 | 1 98 | 98 98 | 100.0 | Thermus_sp_CCB_US3_UF1_gi_384438400_ref_NC_ scaffold_643
		Marking as insignificant: 1734082 1734179 | 17984 18081 | 98 98 | 100.0 | Thermus_sp_CCB_US3_UF1_gi_384438400_ref_NC_ scaffold_643
		Marking as insignificant: 1434410 1434507 | 98 1 | 98 98 | 100.0 | Thermus_sp_CCB_US3_UF1_gi_384438400_ref_NC_ scaffold_643
		Marking as insignificant: 1180704 1180801 | 98 1 | 98 98 | 100.0 | Thermus_sp_CCB_US3_UF1_gi_384438400_ref_NC_ scaffold_643
		Marking as insignificant: 1130686 1130783 | 17984 18081 | 98 98 | 100.0 | Thermus_sp_CCB_US3_UF1_gi_384438400_ref_NC_ scaffold_643
		Marking as insignificant: 967358 967455 | 98 1 | 98 98 | 100.0 | Thermus_sp_CCB_US3_UF1_gi_384438400_ref_NC_ scaffold_643
		Marking as insignificant: 272709 272806 | 1 98 | 98 98 | 100.0 | Thermus_sp_CCB_US3_UF1_gi_384438400_ref_NC_ scaffold_643
		Marking as insignificant: 266880 266977 | 98 1 | 98 98 | 100.0 | Thermus_sp_CCB_US3_UF1_gi_384438400_ref_NC_ scaffold_643
		Marking as insignificant: 229897 229994 | 18081 17984 | 98 98 | 100.0 | Thermus_sp_CCB_US3_UF1_gi_384438400_ref_NC_ scaffold_643
		Marking as insignificant: 198837 198934 | 1 98 | 98 98 | 100.0 | Thermus_sp_CCB_US3_UF1_gi_384438400_ref_NC_ scaffold_643
		Marking as insignificant: 129258 129355 | 98 1 | 98 98 | 100.0 | Thermus_sp_CCB_US3_UF1_gi_384438400_ref_NC_ scaffold_643
		Marking as insignificant: 2136467 2136565 | 99 1 | 99 99 | 100.0 | Thermus_sp_CCB_US3_UF1_gi_384438400_ref_NC_ scaffold_643
		Marking as insignificant: 1749576 1749674 | 18081 17983 | 99 99 | 100.0 | Thermus_sp_CCB_US3_UF1_gi_384438400_ref_NC_ scaffold_643
		One align captures most of this contig: 68596 86676 | 1 18081 | 18081 18081 | 100.0 | Thermus_sp_CCB_US3_UF1_gi_384438400_ref_NC_ scaffold_643

CONTIG: scaffold_737 (15911bp)
Top Length: 15911  Top ID: 100.0
		Marking as insignificant: 479545 479643 | 15813 15911 | 99 99 | 100.0 | Thermus_sp_CCB_US3_UF1_gi_384438400_ref_NC_ scaffold_737
		Marking as insignificant: 1889380 1889521 | 1 141 | 142 141 | 97.18 | Thermus_sp_CCB_US3_UF1_gi_384438400_ref_NC_ scaffold_737
		One align captures most of this contig: 2107748 2123658 | 15911 1 | 15911 15911 | 100.0 | Thermus_sp_CCB_US3_UF1_gi_384438400_ref_NC_ scaffold_737

CONTIG: scaffold_797 (14596bp)
Top Length: 14596  Top ID: 100.0
		Marking as insignificant: 1738252 1738325 | 1 74 | 74 74 | 100.0 | Thermus_sp_CCB_US3_UF1_gi_384438400_ref_NC_ scaffold_797
		Marking as insignificant: 2137549 2137646 | 14596 14499 | 98 98 | 100.0 | Thermus_sp_CCB_US3_UF1_gi_384438400_ref_NC_ scaffold_797
		Marking as insignificant: 1883786 1883883 | 1 98 | 98 98 | 100.0 | Thermus_sp_CCB_US3_UF1_gi_384438400_ref_NC_ scaffold_797
		Marking as insignificant: 1757846 1757943 | 98 1 | 98 98 | 100.0 | Thermus_sp_CCB_US3_UF1_gi_384438400_ref_NC_ scaffold_797
		Marking as insignificant: 1749575 1749672 | 1 98 | 98 98 | 100.0 | Thermus_sp_CCB_US3_UF1_gi_384438400_ref_NC_ scaffold_797
		Marking as insignificant: 1738326 1738423 | 14499 14596 | 98 98 | 100.0 | Thermus_sp_CCB_US3_UF1_gi_384438400_ref_NC_ scaffold_797
		Marking as insignificant: 1734083 1734180 | 98 1 | 98 98 | 100.0 | Thermus_sp_CCB_US3_UF1_gi_384438400_ref_NC_ scaffold_797
		Marking as insignificant: 1435491 1435588 | 14596 14499 | 98 98 | 100.0 | Thermus_sp_CCB_US3_UF1_gi_384438400_ref_NC_ scaffold_797
		Marking as insignificant: 1130687 1130784 | 98 1 | 98 98 | 100.0 | Thermus_sp_CCB_US3_UF1_gi_384438400_ref_NC_ scaffold_797
		Marking as insignificant: 968439 968536 | 14596 14499 | 98 98 | 100.0 | Thermus_sp_CCB_US3_UF1_gi_384438400_ref_NC_ scaffold_797
		Marking as insignificant: 276171 276268 | 1 98 | 98 98 | 100.0 | Thermus_sp_CCB_US3_UF1_gi_384438400_ref_NC_ scaffold_797
		Marking as insignificant: 271628 271725 | 14499 14596 | 98 98 | 100.0 | Thermus_sp_CCB_US3_UF1_gi_384438400_ref_NC_ scaffold_797
		Marking as insignificant: 270226 270323 | 98 1 | 98 98 | 100.0 | Thermus_sp_CCB_US3_UF1_gi_384438400_ref_NC_ scaffold_797
		Marking as insignificant: 267961 268058 | 14596 14499 | 98 98 | 100.0 | Thermus_sp_CCB_US3_UF1_gi_384438400_ref_NC_ scaffold_797
		Marking as insignificant: 229896 229993 | 1 98 | 98 98 | 100.0 | Thermus_sp_CCB_US3_UF1_gi_384438400_ref_NC_ scaffold_797
		Marking as insignificant: 197756 197853 | 14499 14596 | 98 98 | 100.0 | Thermus_sp_CCB_US3_UF1_gi_384438400_ref_NC_ scaffold_797
		Marking as insignificant: 172632 172729 | 98 1 | 98 98 | 100.0 | Thermus_sp_CCB_US3_UF1_gi_384438400_ref_NC_ scaffold_797
		Marking as insignificant: 86580 86677 | 98 1 | 98 98 | 100.0 | Thermus_sp_CCB_US3_UF1_gi_384438400_ref_NC_ scaffold_797
		Marking as insignificant: 1731787 1731885 | 1 99 | 99 99 | 100.0 | Thermus_sp_CCB_US3_UF1_gi_384438400_ref_NC_ scaffold_797
		Marking as insignificant: 67514 67612 | 14498 14596 | 99 99 | 100.0 | Thermus_sp_CCB_US3_UF1_gi_384438400_ref_NC_ scaffold_797
		Marking as insignificant: 1181785 1181891 | 14596 14490 | 107 107 | 98.13 | Thermus_sp_CCB_US3_UF1_gi_384438400_ref_NC_ scaffold_797
		One align captures most of this contig: 130339 144934 | 14596 1 | 14596 14596 | 100.0 | Thermus_sp_CCB_US3_UF1_gi_384438400_ref_NC_ scaffold_797

CONTIG: scaffold_939 (12310bp)
Top Length: 104  Top ID: 99.04
		This contig is partially unaligned. (Aligned 104 out of 12310 bases)
		Alignment: 1882182 1882285 | 12310 12207 | 104 104 | 99.04 | Thermus_sp_CCB_US3_UF1_gi_384438400_ref_NC_ scaffold_939
		Unaligned bases: 1 to 12206 (12206)

CONTIG: scaffold_1142 (9768bp)
Top Length: 9768  Top ID: 100.0
		Marking as insignificant: 1739407 1739504 | 9768 9671 | 98 98 | 100.0 | Thermus_sp_CCB_US3_UF1_gi_384438400_ref_NC_ scaffold_1142
		Marking as insignificant: 1434410 1434507 | 9671 9768 | 98 98 | 100.0 | Thermus_sp_CCB_US3_UF1_gi_384438400_ref_NC_ scaffold_1142
		Marking as insignificant: 1180704 1180801 | 9671 9768 | 98 98 | 100.0 | Thermus_sp_CCB_US3_UF1_gi_384438400_ref_NC_ scaffold_1142
		Marking as insignificant: 967358 967455 | 9671 9768 | 98 98 | 100.0 | Thermus_sp_CCB_US3_UF1_gi_384438400_ref_NC_ scaffold_1142
		Marking as insignificant: 272709 272806 | 9768 9671 | 98 98 | 100.0 | Thermus_sp_CCB_US3_UF1_gi_384438400_ref_NC_ scaffold_1142
		Marking as insignificant: 266880 266977 | 9671 9768 | 98 98 | 100.0 | Thermus_sp_CCB_US3_UF1_gi_384438400_ref_NC_ scaffold_1142
		Marking as insignificant: 198837 198934 | 9768 9671 | 98 98 | 100.0 | Thermus_sp_CCB_US3_UF1_gi_384438400_ref_NC_ scaffold_1142
		Marking as insignificant: 129258 129355 | 9671 9768 | 98 98 | 100.0 | Thermus_sp_CCB_US3_UF1_gi_384438400_ref_NC_ scaffold_1142
		Marking as insignificant: 1886142 1886240 | 99 1 | 99 99 | 100.0 | Thermus_sp_CCB_US3_UF1_gi_384438400_ref_NC_ scaffold_1142
		Marking as insignificant: 68596 68694 | 9768 9670 | 99 99 | 100.0 | Thermus_sp_CCB_US3_UF1_gi_384438400_ref_NC_ scaffold_1142
		One align captures most of this contig: 2126798 2136565 | 1 9768 | 9768 9768 | 100.0 | Thermus_sp_CCB_US3_UF1_gi_384438400_ref_NC_ scaffold_1142

CONTIG: scaffold_1178 (9559bp)
Top Length: 9559  Top ID: 100.0
		Marking as insignificant: 2137549 2137646 | 1 98 | 98 98 | 100.0 | Thermus_sp_CCB_US3_UF1_gi_384438400_ref_NC_ scaffold_1178
		Marking as insignificant: 1738326 1738423 | 98 1 | 98 98 | 100.0 | Thermus_sp_CCB_US3_UF1_gi_384438400_ref_NC_ scaffold_1178
		Marking as insignificant: 1435491 1435588 | 1 98 | 98 98 | 100.0 | Thermus_sp_CCB_US3_UF1_gi_384438400_ref_NC_ scaffold_1178
		Marking as insignificant: 1181785 1181882 | 1 98 | 98 98 | 100.0 | Thermus_sp_CCB_US3_UF1_gi_384438400_ref_NC_ scaffold_1178
		Marking as insignificant: 968439 968536 | 1 98 | 98 98 | 100.0 | Thermus_sp_CCB_US3_UF1_gi_384438400_ref_NC_ scaffold_1178
		Marking as insignificant: 271628 271725 | 98 1 | 98 98 | 100.0 | Thermus_sp_CCB_US3_UF1_gi_384438400_ref_NC_ scaffold_1178
		Marking as insignificant: 267961 268058 | 1 98 | 98 98 | 100.0 | Thermus_sp_CCB_US3_UF1_gi_384438400_ref_NC_ scaffold_1178
		Marking as insignificant: 197756 197853 | 98 1 | 98 98 | 100.0 | Thermus_sp_CCB_US3_UF1_gi_384438400_ref_NC_ scaffold_1178
		Marking as insignificant: 130339 130437 | 1 99 | 99 99 | 100.0 | Thermus_sp_CCB_US3_UF1_gi_384438400_ref_NC_ scaffold_1178
		One align captures most of this contig: 58054 67612 | 9559 1 | 9559 9559 | 100.0 | Thermus_sp_CCB_US3_UF1_gi_384438400_ref_NC_ scaffold_1178

CONTIG: scaffold_1232 (9105bp)
Top Length: 9105  Top ID: 100.0
		Marking as insignificant: 1882626 1882722 | 9009 9105 | 97 97 | 100.0 | Thermus_sp_CCB_US3_UF1_gi_384438400_ref_NC_ scaffold_1232
		Marking as insignificant: 1737092 1737188 | 9009 9105 | 97 97 | 100.0 | Thermus_sp_CCB_US3_UF1_gi_384438400_ref_NC_ scaffold_1232
		Marking as insignificant: 1730627 1730723 | 9009 9105 | 97 97 | 100.0 | Thermus_sp_CCB_US3_UF1_gi_384438400_ref_NC_ scaffold_1232
		Marking as insignificant: 1131848 1131944 | 9105 9009 | 97 97 | 100.0 | Thermus_sp_CCB_US3_UF1_gi_384438400_ref_NC_ scaffold_1232
		Marking as insignificant: 275011 275107 | 9009 9105 | 97 97 | 100.0 | Thermus_sp_CCB_US3_UF1_gi_384438400_ref_NC_ scaffold_1232
		Marking as insignificant: 271387 271483 | 9105 9009 | 97 97 | 100.0 | Thermus_sp_CCB_US3_UF1_gi_384438400_ref_NC_ scaffold_1232
		Marking as insignificant: 173793 173889 | 9105 9009 | 97 97 | 100.0 | Thermus_sp_CCB_US3_UF1_gi_384438400_ref_NC_ scaffold_1232
		Marking as insignificant: 87741 87837 | 9105 9009 | 97 97 | 100.0 | Thermus_sp_CCB_US3_UF1_gi_384438400_ref_NC_ scaffold_1232
		Marking as insignificant: 2136468 2136565 | 98 1 | 98 98 | 100.0 | Thermus_sp_CCB_US3_UF1_gi_384438400_ref_NC_ scaffold_1232
		Marking as insignificant: 1180704 1180801 | 98 1 | 98 98 | 100.0 | Thermus_sp_CCB_US3_UF1_gi_384438400_ref_NC_ scaffold_1232
		Marking as insignificant: 967358 967455 | 98 1 | 98 98 | 100.0 | Thermus_sp_CCB_US3_UF1_gi_384438400_ref_NC_ scaffold_1232
		Marking as insignificant: 272709 272806 | 1 98 | 98 98 | 100.0 | Thermus_sp_CCB_US3_UF1_gi_384438400_ref_NC_ scaffold_1232
		Marking as insignificant: 266880 266977 | 98 1 | 98 98 | 100.0 | Thermus_sp_CCB_US3_UF1_gi_384438400_ref_NC_ scaffold_1232
		Marking as insignificant: 198837 198934 | 1 98 | 98 98 | 100.0 | Thermus_sp_CCB_US3_UF1_gi_384438400_ref_NC_ scaffold_1232
		Marking as insignificant: 129258 129355 | 98 1 | 98 98 | 100.0 | Thermus_sp_CCB_US3_UF1_gi_384438400_ref_NC_ scaffold_1232
		Marking as insignificant: 68596 68693 | 1 98 | 98 98 | 100.0 | Thermus_sp_CCB_US3_UF1_gi_384438400_ref_NC_ scaffold_1232
		Marking as insignificant: 1434409 1434507 | 99 1 | 99 99 | 100.0 | Thermus_sp_CCB_US3_UF1_gi_384438400_ref_NC_ scaffold_1232
		Marking as insignificant: 145998 146096 | 9105 9007 | 99 99 | 100.0 | Thermus_sp_CCB_US3_UF1_gi_384438400_ref_NC_ scaffold_1232
		Marking as insignificant: 1735244 1735345 | 9105 9003 | 102 103 | 99.03 | Thermus_sp_CCB_US3_UF1_gi_384438400_ref_NC_ scaffold_1232
		Marking as insignificant: 228731 228832 | 9003 9105 | 102 103 | 99.03 | Thermus_sp_CCB_US3_UF1_gi_384438400_ref_NC_ scaffold_1232
		One align captures most of this contig: 1739407 1748511 | 1 9105 | 9105 9105 | 100.0 | Thermus_sp_CCB_US3_UF1_gi_384438400_ref_NC_ scaffold_1232

CONTIG: scaffold_1327 (8367bp)
Top Length: 8367  Top ID: 100.0
		Marking as insignificant: 1738253 1738325 | 1 73 | 73 73 | 100.0 | Thermus_sp_CCB_US3_UF1_gi_384438400_ref_NC_ scaffold_1327
		Marking as insignificant: 1738253 1738325 | 8367 8295 | 73 73 | 100.0 | Thermus_sp_CCB_US3_UF1_gi_384438400_ref_NC_ scaffold_1327
		Marking as insignificant: 1883787 1883883 | 8367 8271 | 97 97 | 100.0 | Thermus_sp_CCB_US3_UF1_gi_384438400_ref_NC_ scaffold_1327
		Marking as insignificant: 1883787 1883883 | 1 97 | 97 97 | 100.0 | Thermus_sp_CCB_US3_UF1_gi_384438400_ref_NC_ scaffold_1327
		Marking as insignificant: 1731788 1731884 | 1 97 | 97 97 | 100.0 | Thermus_sp_CCB_US3_UF1_gi_384438400_ref_NC_ scaffold_1327
		Marking as insignificant: 1731788 1731884 | 8367 8271 | 97 97 | 100.0 | Thermus_sp_CCB_US3_UF1_gi_384438400_ref_NC_ scaffold_1327
		Marking as insignificant: 276172 276268 | 1 97 | 97 97 | 100.0 | Thermus_sp_CCB_US3_UF1_gi_384438400_ref_NC_ scaffold_1327
		Marking as insignificant: 276172 276268 | 8367 8271 | 97 97 | 100.0 | Thermus_sp_CCB_US3_UF1_gi_384438400_ref_NC_ scaffold_1327
		Marking as insignificant: 270226 270322 | 97 1 | 97 97 | 100.0 | Thermus_sp_CCB_US3_UF1_gi_384438400_ref_NC_ scaffold_1327
		Marking as insignificant: 270226 270322 | 8271 8367 | 97 97 | 100.0 | Thermus_sp_CCB_US3_UF1_gi_384438400_ref_NC_ scaffold_1327
		Marking as insignificant: 172632 172728 | 8271 8367 | 97 97 | 100.0 | Thermus_sp_CCB_US3_UF1_gi_384438400_ref_NC_ scaffold_1327
		Marking as insignificant: 172632 172728 | 97 1 | 97 97 | 100.0 | Thermus_sp_CCB_US3_UF1_gi_384438400_ref_NC_ scaffold_1327
		Marking as insignificant: 144837 144933 | 8271 8367 | 97 97 | 100.0 | Thermus_sp_CCB_US3_UF1_gi_384438400_ref_NC_ scaffold_1327
		Marking as insignificant: 144837 144933 | 97 1 | 97 97 | 100.0 | Thermus_sp_CCB_US3_UF1_gi_384438400_ref_NC_ scaffold_1327
		Marking as insignificant: 1757845 1757942 | 8270 8367 | 98 98 | 100.0 | Thermus_sp_CCB_US3_UF1_gi_384438400_ref_NC_ scaffold_1327
		Marking as insignificant: 1749576 1749673 | 1 98 | 98 98 | 100.0 | Thermus_sp_CCB_US3_UF1_gi_384438400_ref_NC_ scaffold_1327
		Marking as insignificant: 1734082 1734179 | 98 1 | 98 98 | 100.0 | Thermus_sp_CCB_US3_UF1_gi_384438400_ref_NC_ scaffold_1327
		Marking as insignificant: 1734082 1734179 | 8270 8367 | 98 98 | 100.0 | Thermus_sp_CCB_US3_UF1_gi_384438400_ref_NC_ scaffold_1327
		Marking as insignificant: 1130686 1130783 | 8270 8367 | 98 98 | 100.0 | Thermus_sp_CCB_US3_UF1_gi_384438400_ref_NC_ scaffold_1327
		Marking as insignificant: 229897 229994 | 1 98 | 98 98 | 100.0 | Thermus_sp_CCB_US3_UF1_gi_384438400_ref_NC_ scaffold_1327
		Marking as insignificant: 229897 229994 | 8367 8270 | 98 98 | 100.0 | Thermus_sp_CCB_US3_UF1_gi_384438400_ref_NC_ scaffold_1327
		Marking as insignificant: 86579 86676 | 98 1 | 98 98 | 100.0 | Thermus_sp_CCB_US3_UF1_gi_384438400_ref_NC_ scaffold_1327
		Marking as insignificant: 86578 86676 | 8269 8367 | 99 99 | 100.0 | Thermus_sp_CCB_US3_UF1_gi_384438400_ref_NC_ scaffold_1327
		Marking as insignificant: 1130681 1130783 | 104 1 | 103 104 | 99.04 | Thermus_sp_CCB_US3_UF1_gi_384438400_ref_NC_ scaffold_1327
		One align captures most of this contig: 1749576 1757942 | 8367 1 | 8367 8367 | 100.0 | Thermus_sp_CCB_US3_UF1_gi_384438400_ref_NC_ scaffold_1327

CONTIG: scaffold_1620 (6584bp)
Top Length: 99  Top ID: 100.0
		This contig is partially unaligned. (Aligned 99 out of 6584 bases)
		Alignment: 1881273 1881371 | 6486 6584 | 99 99 | 100.0 | Thermus_sp_CCB_US3_UF1_gi_384438400_ref_NC_ scaffold_1620
		Unaligned bases: 1 to 6485 (6485)

CONTIG: scaffold_3190 (3337bp)
Top Length: 3337  Top ID: 99.91
		This contig has 2 significant alignments. [An ambiguously mapped contig]
		Using only first of these alignment (option --ambiguity-usage is set to "one"):
		Alignment: 1886142 1889478 | 1 3337 | 3337 3337 | 99.91 | Thermus_sp_CCB_US3_UF1_gi_384438400_ref_NC_ scaffold_3190
		Skipping alignment  2123560 2126896 | 3337 1 | 3337 3337 | 99.91 | Thermus_sp_CCB_US3_UF1_gi_384438400_ref_NC_ scaffold_3190

CONTIG: scaffold_4445 (2398bp)
Top Length: 2398  Top ID: 100.0
		Marking as insignificant: 1882626 1882721 | 96 1 | 96 96 | 100.0 | Thermus_sp_CCB_US3_UF1_gi_384438400_ref_NC_ scaffold_4445
		Marking as insignificant: 1748415 1748510 | 96 1 | 96 96 | 100.0 | Thermus_sp_CCB_US3_UF1_gi_384438400_ref_NC_ scaffold_4445
		Marking as insignificant: 1735245 1735340 | 1 96 | 96 96 | 100.0 | Thermus_sp_CCB_US3_UF1_gi_384438400_ref_NC_ scaffold_4445
		Marking as insignificant: 1730627 1730722 | 96 1 | 96 96 | 100.0 | Thermus_sp_CCB_US3_UF1_gi_384438400_ref_NC_ scaffold_4445
		Marking as insignificant: 271388 271483 | 1 96 | 96 96 | 100.0 | Thermus_sp_CCB_US3_UF1_gi_384438400_ref_NC_ scaffold_4445
		Marking as insignificant: 228736 228831 | 96 1 | 96 96 | 100.0 | Thermus_sp_CCB_US3_UF1_gi_384438400_ref_NC_ scaffold_4445
		Marking as insignificant: 173794 173889 | 1 96 | 96 96 | 100.0 | Thermus_sp_CCB_US3_UF1_gi_384438400_ref_NC_ scaffold_4445
		Marking as insignificant: 145999 146094 | 1 96 | 96 96 | 100.0 | Thermus_sp_CCB_US3_UF1_gi_384438400_ref_NC_ scaffold_4445
		Marking as insignificant: 87742 87837 | 1 96 | 96 96 | 100.0 | Thermus_sp_CCB_US3_UF1_gi_384438400_ref_NC_ scaffold_4445
		Marking as insignificant: 2136468 2136565 | 2301 2398 | 98 98 | 100.0 | Thermus_sp_CCB_US3_UF1_gi_384438400_ref_NC_ scaffold_4445
		Marking as insignificant: 1739407 1739504 | 2398 2301 | 98 98 | 100.0 | Thermus_sp_CCB_US3_UF1_gi_384438400_ref_NC_ scaffold_4445
		Marking as insignificant: 1434410 1434507 | 2301 2398 | 98 98 | 100.0 | Thermus_sp_CCB_US3_UF1_gi_384438400_ref_NC_ scaffold_4445
		Marking as insignificant: 1180704 1180801 | 2301 2398 | 98 98 | 100.0 | Thermus_sp_CCB_US3_UF1_gi_384438400_ref_NC_ scaffold_4445
		Marking as insignificant: 198837 198934 | 2398 2301 | 98 98 | 100.0 | Thermus_sp_CCB_US3_UF1_gi_384438400_ref_NC_ scaffold_4445
		Marking as insignificant: 129258 129355 | 2301 2398 | 98 98 | 100.0 | Thermus_sp_CCB_US3_UF1_gi_384438400_ref_NC_ scaffold_4445
		Marking as insignificant: 68596 68693 | 2398 2301 | 98 98 | 100.0 | Thermus_sp_CCB_US3_UF1_gi_384438400_ref_NC_ scaffold_4445
		Marking as insignificant: 1131849 1131947 | 1 99 | 99 99 | 100.0 | Thermus_sp_CCB_US3_UF1_gi_384438400_ref_NC_ scaffold_4445
		Marking as insignificant: 967357 967455 | 2300 2398 | 99 99 | 100.0 | Thermus_sp_CCB_US3_UF1_gi_384438400_ref_NC_ scaffold_4445
		Marking as insignificant: 266879 266977 | 2300 2398 | 99 99 | 100.0 | Thermus_sp_CCB_US3_UF1_gi_384438400_ref_NC_ scaffold_4445
		Marking as insignificant: 1737087 1737187 | 102 1 | 101 102 | 99.02 | Thermus_sp_CCB_US3_UF1_gi_384438400_ref_NC_ scaffold_4445
		One align captures most of this contig: 272709 275106 | 2398 1 | 2398 2398 | 100.0 | Thermus_sp_CCB_US3_UF1_gi_384438400_ref_NC_ scaffold_4445

CONTIG: scaffold_4451 (2394bp)
Top Length: 2394  Top ID: 100.0
		Marking as insignificant: 1738252 1738325 | 1 74 | 74 74 | 100.0 | Thermus_sp_CCB_US3_UF1_gi_384438400_ref_NC_ scaffold_4451
		Marking as insignificant: 1738252 1738325 | 2394 2321 | 74 74 | 100.0 | Thermus_sp_CCB_US3_UF1_gi_384438400_ref_NC_ scaffold_4451
		Marking as insignificant: 1883786 1883883 | 1 98 | 98 98 | 100.0 | Thermus_sp_CCB_US3_UF1_gi_384438400_ref_NC_ scaffold_4451
		Marking as insignificant: 1883786 1883883 | 2394 2297 | 98 98 | 100.0 | Thermus_sp_CCB_US3_UF1_gi_384438400_ref_NC_ scaffold_4451
		Marking as insignificant: 1757846 1757943 | 2297 2394 | 98 98 | 100.0 | Thermus_sp_CCB_US3_UF1_gi_384438400_ref_NC_ scaffold_4451
		Marking as insignificant: 1749575 1749672 | 2394 2297 | 98 98 | 100.0 | Thermus_sp_CCB_US3_UF1_gi_384438400_ref_NC_ scaffold_4451
		Marking as insignificant: 1734083 1734180 | 2297 2394 | 98 98 | 100.0 | Thermus_sp_CCB_US3_UF1_gi_384438400_ref_NC_ scaffold_4451
		Marking as insignificant: 1731787 1731884 | 1 98 | 98 98 | 100.0 | Thermus_sp_CCB_US3_UF1_gi_384438400_ref_NC_ scaffold_4451
		Marking as insignificant: 1130687 1130784 | 2297 2394 | 98 98 | 100.0 | Thermus_sp_CCB_US3_UF1_gi_384438400_ref_NC_ scaffold_4451
		Marking as insignificant: 276171 276268 | 2394 2297 | 98 98 | 100.0 | Thermus_sp_CCB_US3_UF1_gi_384438400_ref_NC_ scaffold_4451
		Marking as insignificant: 276171 276268 | 1 98 | 98 98 | 100.0 | Thermus_sp_CCB_US3_UF1_gi_384438400_ref_NC_ scaffold_4451
		Marking as insignificant: 270226 270323 | 2297 2394 | 98 98 | 100.0 | Thermus_sp_CCB_US3_UF1_gi_384438400_ref_NC_ scaffold_4451
		Marking as insignificant: 270226 270323 | 98 1 | 98 98 | 100.0 | Thermus_sp_CCB_US3_UF1_gi_384438400_ref_NC_ scaffold_4451
		Marking as insignificant: 229896 229993 | 2394 2297 | 98 98 | 100.0 | Thermus_sp_CCB_US3_UF1_gi_384438400_ref_NC_ scaffold_4451
		Marking as insignificant: 172632 172729 | 2297 2394 | 98 98 | 100.0 | Thermus_sp_CCB_US3_UF1_gi_384438400_ref_NC_ scaffold_4451
		Marking as insignificant: 172632 172729 | 98 1 | 98 98 | 100.0 | Thermus_sp_CCB_US3_UF1_gi_384438400_ref_NC_ scaffold_4451
		Marking as insignificant: 144837 144934 | 98 1 | 98 98 | 100.0 | Thermus_sp_CCB_US3_UF1_gi_384438400_ref_NC_ scaffold_4451
		Marking as insignificant: 86580 86677 | 2297 2394 | 98 98 | 100.0 | Thermus_sp_CCB_US3_UF1_gi_384438400_ref_NC_ scaffold_4451
		Marking as insignificant: 1757845 1757943 | 99 1 | 99 99 | 100.0 | Thermus_sp_CCB_US3_UF1_gi_384438400_ref_NC_ scaffold_4451
		Marking as insignificant: 1749575 1749673 | 1 99 | 99 99 | 100.0 | Thermus_sp_CCB_US3_UF1_gi_384438400_ref_NC_ scaffold_4451
		Marking as insignificant: 1130686 1130784 | 99 1 | 99 99 | 100.0 | Thermus_sp_CCB_US3_UF1_gi_384438400_ref_NC_ scaffold_4451
		Marking as insignificant: 144836 144934 | 2296 2394 | 99 99 | 100.0 | Thermus_sp_CCB_US3_UF1_gi_384438400_ref_NC_ scaffold_4451
		Marking as insignificant: 86579 86677 | 99 1 | 99 99 | 100.0 | Thermus_sp_CCB_US3_UF1_gi_384438400_ref_NC_ scaffold_4451
		Marking as insignificant: 229896 230001 | 1 106 | 106 106 | 99.06 | Thermus_sp_CCB_US3_UF1_gi_384438400_ref_NC_ scaffold_4451
		One align captures most of this contig: 1731787 1734180 | 2394 1 | 2394 2394 | 100.0 | Thermus_sp_CCB_US3_UF1_gi_384438400_ref_NC_ scaffold_4451

CONTIG: scaffold_4514 (2362bp)
Top Length: 2362  Top ID: 100.0
		Marking as insignificant: 1738251 1738325 | 2362 2288 | 75 75 | 100.0 | Thermus_sp_CCB_US3_UF1_gi_384438400_ref_NC_ scaffold_4514
		Marking as insignificant: 968441 968536 | 1 96 | 96 96 | 100.0 | Thermus_sp_CCB_US3_UF1_gi_384438400_ref_NC_ scaffold_4514
		Marking as insignificant: 130341 130436 | 1 96 | 96 96 | 100.0 | Thermus_sp_CCB_US3_UF1_gi_384438400_ref_NC_ scaffold_4514
		Marking as insignificant: 67515 67610 | 96 1 | 96 96 | 100.0 | Thermus_sp_CCB_US3_UF1_gi_384438400_ref_NC_ scaffold_4514
		Marking as insignificant: 1435493 1435589 | 1 97 | 97 97 | 100.0 | Thermus_sp_CCB_US3_UF1_gi_384438400_ref_NC_ scaffold_4514
		Marking as insignificant: 1181787 1181883 | 1 97 | 97 97 | 100.0 | Thermus_sp_CCB_US3_UF1_gi_384438400_ref_NC_ scaffold_4514
		Marking as insignificant: 271627 271723 | 97 1 | 97 97 | 100.0 | Thermus_sp_CCB_US3_UF1_gi_384438400_ref_NC_ scaffold_4514
		Marking as insignificant: 2137551 2137648 | 1 98 | 98 98 | 100.0 | Thermus_sp_CCB_US3_UF1_gi_384438400_ref_NC_ scaffold_4514
		Marking as insignificant: 1757846 1757944 | 2264 2362 | 99 99 | 100.0 | Thermus_sp_CCB_US3_UF1_gi_384438400_ref_NC_ scaffold_4514
		Marking as insignificant: 1749574 1749672 | 2362 2264 | 99 99 | 100.0 | Thermus_sp_CCB_US3_UF1_gi_384438400_ref_NC_ scaffold_4514
		Marking as insignificant: 1734083 1734181 | 2264 2362 | 99 99 | 100.0 | Thermus_sp_CCB_US3_UF1_gi_384438400_ref_NC_ scaffold_4514
		Marking as insignificant: 1731786 1731884 | 2362 2264 | 99 99 | 100.0 | Thermus_sp_CCB_US3_UF1_gi_384438400_ref_NC_ scaffold_4514
		Marking as insignificant: 1130687 1130785 | 2264 2362 | 99 99 | 100.0 | Thermus_sp_CCB_US3_UF1_gi_384438400_ref_NC_ scaffold_4514
		Marking as insignificant: 276170 276268 | 2362 2264 | 99 99 | 100.0 | Thermus_sp_CCB_US3_UF1_gi_384438400_ref_NC_ scaffold_4514
		Marking as insignificant: 229895 229993 | 2362 2264 | 99 99 | 100.0 | Thermus_sp_CCB_US3_UF1_gi_384438400_ref_NC_ scaffold_4514
		Marking as insignificant: 197753 197851 | 99 1 | 99 99 | 100.0 | Thermus_sp_CCB_US3_UF1_gi_384438400_ref_NC_ scaffold_4514
		Marking as insignificant: 172632 172730 | 2264 2362 | 99 99 | 100.0 | Thermus_sp_CCB_US3_UF1_gi_384438400_ref_NC_ scaffold_4514
		Marking as insignificant: 144837 144935 | 2264 2362 | 99 99 | 100.0 | Thermus_sp_CCB_US3_UF1_gi_384438400_ref_NC_ scaffold_4514
		Marking as insignificant: 86580 86678 | 2264 2362 | 99 99 | 100.0 | Thermus_sp_CCB_US3_UF1_gi_384438400_ref_NC_ scaffold_4514
		Marking as insignificant: 1738322 1738421 | 100 1 | 100 100 | 100.0 | Thermus_sp_CCB_US3_UF1_gi_384438400_ref_NC_ scaffold_4514
		Marking as insignificant: 1883785 1883890 | 2362 2257 | 106 106 | 98.11 | Thermus_sp_CCB_US3_UF1_gi_384438400_ref_NC_ scaffold_4514
		One align captures most of this contig: 267963 270324 | 1 2362 | 2362 2362 | 100.0 | Thermus_sp_CCB_US3_UF1_gi_384438400_ref_NC_ scaffold_4514

CONTIG: scaffold_5463 (1942bp)
Top Length: 1942  Top ID: 100.0
		Marking as insignificant: 1737092 1737184 | 1850 1942 | 93 93 | 100.0 | Thermus_sp_CCB_US3_UF1_gi_384438400_ref_NC_ scaffold_5463
		Marking as insignificant: 1730627 1730719 | 1850 1942 | 93 93 | 100.0 | Thermus_sp_CCB_US3_UF1_gi_384438400_ref_NC_ scaffold_5463
		Marking as insignificant: 1131852 1131944 | 1942 1850 | 93 93 | 100.0 | Thermus_sp_CCB_US3_UF1_gi_384438400_ref_NC_ scaffold_5463
		Marking as insignificant: 275011 275103 | 1850 1942 | 93 93 | 100.0 | Thermus_sp_CCB_US3_UF1_gi_384438400_ref_NC_ scaffold_5463
		Marking as insignificant: 146002 146094 | 1942 1850 | 93 93 | 100.0 | Thermus_sp_CCB_US3_UF1_gi_384438400_ref_NC_ scaffold_5463
		Marking as insignificant: 1882625 1882718 | 1849 1942 | 94 94 | 100.0 | Thermus_sp_CCB_US3_UF1_gi_384438400_ref_NC_ scaffold_5463
		Marking as insignificant: 87745 87838 | 1942 1849 | 94 94 | 100.0 | Thermus_sp_CCB_US3_UF1_gi_384438400_ref_NC_ scaffold_5463
		Marking as insignificant: 173797 173891 | 1942 1848 | 95 95 | 100.0 | Thermus_sp_CCB_US3_UF1_gi_384438400_ref_NC_ scaffold_5463
		Marking as insignificant: 271391 271486 | 1942 1847 | 96 96 | 100.0 | Thermus_sp_CCB_US3_UF1_gi_384438400_ref_NC_ scaffold_5463
		Marking as insignificant: 1748409 1748507 | 1845 1942 | 99 98 | 98.99 | Thermus_sp_CCB_US3_UF1_gi_384438400_ref_NC_ scaffold_5463
		Marking as insignificant: 1882626 1882723 | 98 1 | 98 98 | 100.0 | Thermus_sp_CCB_US3_UF1_gi_384438400_ref_NC_ scaffold_5463
		Marking as insignificant: 1748415 1748512 | 98 1 | 98 98 | 100.0 | Thermus_sp_CCB_US3_UF1_gi_384438400_ref_NC_ scaffold_5463
		Marking as insignificant: 1735243 1735340 | 1 98 | 98 98 | 100.0 | Thermus_sp_CCB_US3_UF1_gi_384438400_ref_NC_ scaffold_5463
		Marking as insignificant: 1730627 1730724 | 98 1 | 98 98 | 100.0 | Thermus_sp_CCB_US3_UF1_gi_384438400_ref_NC_ scaffold_5463
		Marking as insignificant: 271386 271483 | 1 98 | 98 98 | 100.0 | Thermus_sp_CCB_US3_UF1_gi_384438400_ref_NC_ scaffold_5463
		Marking as insignificant: 228736 228833 | 98 1 | 98 98 | 100.0 | Thermus_sp_CCB_US3_UF1_gi_384438400_ref_NC_ scaffold_5463
		Marking as insignificant: 173792 173889 | 1 98 | 98 98 | 100.0 | Thermus_sp_CCB_US3_UF1_gi_384438400_ref_NC_ scaffold_5463
		Marking as insignificant: 145997 146094 | 1 98 | 98 98 | 100.0 | Thermus_sp_CCB_US3_UF1_gi_384438400_ref_NC_ scaffold_5463
		Marking as insignificant: 87740 87837 | 1 98 | 98 98 | 100.0 | Thermus_sp_CCB_US3_UF1_gi_384438400_ref_NC_ scaffold_5463
		Marking as insignificant: 1131847 1131945 | 1 99 | 99 99 | 100.0 | Thermus_sp_CCB_US3_UF1_gi_384438400_ref_NC_ scaffold_5463
		Marking as insignificant: 228730 228828 | 1844 1942 | 99 99 | 100.0 | Thermus_sp_CCB_US3_UF1_gi_384438400_ref_NC_ scaffold_5463
		Marking as insignificant: 275005 275108 | 103 1 | 104 103 | 99.04 | Thermus_sp_CCB_US3_UF1_gi_384438400_ref_NC_ scaffold_5463
		One align captures most of this contig: 1735248 1737189 | 1942 1 | 1942 1942 | 100.0 | Thermus_sp_CCB_US3_UF1_gi_384438400_ref_NC_ scaffold_5463

CONTIG: scaffold_8338 (1219bp)
Top Length: 1219  Top ID: 100.0
		This contig has 2 significant alignments. [An ambiguously mapped contig]
		Using only first of these alignment (option --ambiguity-usage is set to "one"):
		Alignment: 479545 480763 | 1 1219 | 1219 1219 | 100.0 | Thermus_sp_CCB_US3_UF1_gi_384438400_ref_NC_ scaffold_8338
		Skipping alignment  2106628 2107846 | 1219 1 | 1219 1219 | 100.0 | Thermus_sp_CCB_US3_UF1_gi_384438400_ref_NC_ scaffold_8338

CONTIG: scaffold_8763 (1151bp)
Top Length: 1151  Top ID: 100.0
		Marking as insignificant: 1737199 1738325 | 1 1127 | 1127 1127 | 100.0 | Thermus_sp_CCB_US3_UF1_gi_384438400_ref_NC_ scaffold_8763
		This contig has 12 significant alignments. [An ambiguously mapped contig]
		Using only first of these alignment (option --ambiguity-usage is set to "one"):
		Alignment: 86580 87730 | 1151 1 | 1151 1151 | 100.0 | Thermus_sp_CCB_US3_UF1_gi_384438400_ref_NC_ scaffold_8763
		Skipping alignment  144837 145987 | 1151 1 | 1151 1151 | 100.0 | Thermus_sp_CCB_US3_UF1_gi_384438400_ref_NC_ scaffold_8763
		Skipping alignment  172632 173782 | 1151 1 | 1151 1151 | 100.0 | Thermus_sp_CCB_US3_UF1_gi_384438400_ref_NC_ scaffold_8763
		Skipping alignment  228843 229993 | 1 1151 | 1151 1151 | 100.0 | Thermus_sp_CCB_US3_UF1_gi_384438400_ref_NC_ scaffold_8763
		Skipping alignment  270226 271376 | 1151 1 | 1151 1151 | 100.0 | Thermus_sp_CCB_US3_UF1_gi_384438400_ref_NC_ scaffold_8763
		Skipping alignment  1130687 1131837 | 1151 1 | 1151 1151 | 100.0 | Thermus_sp_CCB_US3_UF1_gi_384438400_ref_NC_ scaffold_8763
		Skipping alignment  1730734 1731884 | 1 1151 | 1151 1151 | 100.0 | Thermus_sp_CCB_US3_UF1_gi_384438400_ref_NC_ scaffold_8763
		Skipping alignment  1734083 1735233 | 1151 1 | 1151 1151 | 100.0 | Thermus_sp_CCB_US3_UF1_gi_384438400_ref_NC_ scaffold_8763
		Skipping alignment  1748522 1749672 | 1 1151 | 1151 1151 | 100.0 | Thermus_sp_CCB_US3_UF1_gi_384438400_ref_NC_ scaffold_8763
		Skipping alignment  1757846 1758996 | 1151 1 | 1151 1151 | 100.0 | Thermus_sp_CCB_US3_UF1_gi_384438400_ref_NC_ scaffold_8763
		Skipping alignment  1882733 1883883 | 1 1151 | 1151 1151 | 100.0 | Thermus_sp_CCB_US3_UF1_gi_384438400_ref_NC_ scaffold_8763
		Skipping alignment  275118 276268 | 1 1151 | 1151 1151 | 99.91 | Thermus_sp_CCB_US3_UF1_gi_384438400_ref_NC_ scaffold_8763

CONTIG: scaffold_9270 (1077bp)
Top Length: 1077  Top ID: 100.0
		Marking as insignificant: 1884488 1885564 | 1077 1 | 1077 1077 | 95.26 | Thermus_sp_CCB_US3_UF1_gi_384438400_ref_NC_ scaffold_9270
		One align captures most of this contig: 57076 58152 | 1 1077 | 1077 1077 | 100.0 | Thermus_sp_CCB_US3_UF1_gi_384438400_ref_NC_ scaffold_9270

CONTIG: scaffold_9445 (1053bp)
Top Length: 1053  Top ID: 99.91
		Marking as insignificant: 2212777 2213164 | 666 1053 | 388 388 | 99.23 | Thermus_sp_CCB_US3_UF1_gi_384438400_ref_NC_ scaffold_9445
		One align captures most of this contig: 2213066 2214118 | 1 1053 | 1053 1053 | 99.91 | Thermus_sp_CCB_US3_UF1_gi_384438400_ref_NC_ scaffold_9445

CONTIG: scaffold_9780 (1008bp)
Top Length: 1008  Top ID: 99.9
		One align captures most of this contig: 1881273 1882280 | 1008 1 | 1008 1008 | 99.9 | Thermus_sp_CCB_US3_UF1_gi_384438400_ref_NC_ scaffold_9780

CONTIG: scaffold_10173 (963bp)
Top Length: 963  Top ID: 100.0
		This contig has 2 significant alignments. [An ambiguously mapped contig]
		Using only first of these alignment (option --ambiguity-usage is set to "one"):
		Alignment: 1965164 1966126 | 963 1 | 963 963 | 100.0 | Thermus_sp_CCB_US3_UF1_gi_384438400_ref_NC_ scaffold_10173
		Skipping alignment  1861062 1862024 | 963 1 | 963 963 | 99.9 | Thermus_sp_CCB_US3_UF1_gi_384438400_ref_NC_ scaffold_10173

CONTIG: scaffold_11853 (800bp)
Top Length: 800  Top ID: 100.0
		Marking as insignificant: 1738253 1738325 | 1 73 | 73 73 | 100.0 | Thermus_sp_CCB_US3_UF1_gi_384438400_ref_NC_ scaffold_11853
		Marking as insignificant: 1757846 1757942 | 97 1 | 97 97 | 100.0 | Thermus_sp_CCB_US3_UF1_gi_384438400_ref_NC_ scaffold_11853
		Marking as insignificant: 1749576 1749672 | 1 97 | 97 97 | 100.0 | Thermus_sp_CCB_US3_UF1_gi_384438400_ref_NC_ scaffold_11853
		Marking as insignificant: 1734083 1734179 | 97 1 | 97 97 | 100.0 | Thermus_sp_CCB_US3_UF1_gi_384438400_ref_NC_ scaffold_11853
		Marking as insignificant: 1731788 1731884 | 1 97 | 97 97 | 100.0 | Thermus_sp_CCB_US3_UF1_gi_384438400_ref_NC_ scaffold_11853
		Marking as insignificant: 1130687 1130783 | 97 1 | 97 97 | 100.0 | Thermus_sp_CCB_US3_UF1_gi_384438400_ref_NC_ scaffold_11853
		Marking as insignificant: 229897 229993 | 1 97 | 97 97 | 100.0 | Thermus_sp_CCB_US3_UF1_gi_384438400_ref_NC_ scaffold_11853
		Marking as insignificant: 144837 144933 | 97 1 | 97 97 | 100.0 | Thermus_sp_CCB_US3_UF1_gi_384438400_ref_NC_ scaffold_11853
		Marking as insignificant: 86580 86676 | 97 1 | 97 97 | 100.0 | Thermus_sp_CCB_US3_UF1_gi_384438400_ref_NC_ scaffold_11853
		Marking as insignificant: 276172 276269 | 1 98 | 98 98 | 100.0 | Thermus_sp_CCB_US3_UF1_gi_384438400_ref_NC_ scaffold_11853
		Marking as insignificant: 172630 172728 | 99 1 | 99 99 | 100.0 | Thermus_sp_CCB_US3_UF1_gi_384438400_ref_NC_ scaffold_11853
		Marking as insignificant: 270219 270322 | 104 1 | 104 104 | 98.08 | Thermus_sp_CCB_US3_UF1_gi_384438400_ref_NC_ scaffold_11853
		One align captures most of this contig: 1883787 1884586 | 1 800 | 800 800 | 100.0 | Thermus_sp_CCB_US3_UF1_gi_384438400_ref_NC_ scaffold_11853

CONTIG: scaffold_12197 (775bp)
Top Length: 772  Top ID: 100.0
		Marking as insignificant: 2126798 2126896 | 1 99 | 99 99 | 100.0 | Thermus_sp_CCB_US3_UF1_gi_384438400_ref_NC_ scaffold_12197
		One align captures most of this contig: 1885469 1886240 | 772 1 | 772 772 | 100.0 | Thermus_sp_CCB_US3_UF1_gi_384438400_ref_NC_ scaffold_12197

CONTIG: scaffold_13771 (664bp)
Top Length: 664  Top ID: 100.0
		This contig has 2 significant alignments. [An ambiguously mapped contig]
		Using only first of these alignment (option --ambiguity-usage is set to "one"):
		Alignment: 1860486 1861149 | 664 1 | 664 664 | 100.0 | Thermus_sp_CCB_US3_UF1_gi_384438400_ref_NC_ scaffold_13771
		Skipping alignment  1964588 1965251 | 664 1 | 664 664 | 100.0 | Thermus_sp_CCB_US3_UF1_gi_384438400_ref_NC_ scaffold_13771

CONTIG: scaffold_15349 (584bp)
Top Length: 584  Top ID: 100.0
		One align captures most of this contig: 1884842 1885425 | 1 584 | 584 584 | 100.0 | Thermus_sp_CCB_US3_UF1_gi_384438400_ref_NC_ scaffold_15349

CONTIG: scaffold_16429 (542bp)
Top Length: 542  Top ID: 100.0
		Marking as insignificant: 1748415 1748512 | 98 1 | 98 98 | 100.0 | Thermus_sp_CCB_US3_UF1_gi_384438400_ref_NC_ scaffold_16429
		Marking as insignificant: 1737092 1737189 | 98 1 | 98 98 | 100.0 | Thermus_sp_CCB_US3_UF1_gi_384438400_ref_NC_ scaffold_16429
		Marking as insignificant: 1730627 1730724 | 98 1 | 98 98 | 100.0 | Thermus_sp_CCB_US3_UF1_gi_384438400_ref_NC_ scaffold_16429
		Marking as insignificant: 1131847 1131944 | 1 98 | 98 98 | 100.0 | Thermus_sp_CCB_US3_UF1_gi_384438400_ref_NC_ scaffold_16429
		Marking as insignificant: 275011 275108 | 98 1 | 98 98 | 100.0 | Thermus_sp_CCB_US3_UF1_gi_384438400_ref_NC_ scaffold_16429
		Marking as insignificant: 145997 146094 | 1 98 | 98 98 | 100.0 | Thermus_sp_CCB_US3_UF1_gi_384438400_ref_NC_ scaffold_16429
		Marking as insignificant: 1735243 1735341 | 1 99 | 99 99 | 100.0 | Thermus_sp_CCB_US3_UF1_gi_384438400_ref_NC_ scaffold_16429
		Marking as insignificant: 271386 271484 | 1 99 | 99 99 | 100.0 | Thermus_sp_CCB_US3_UF1_gi_384438400_ref_NC_ scaffold_16429
		Marking as insignificant: 228735 228833 | 99 1 | 99 99 | 100.0 | Thermus_sp_CCB_US3_UF1_gi_384438400_ref_NC_ scaffold_16429
		Marking as insignificant: 173792 173890 | 1 99 | 99 99 | 100.0 | Thermus_sp_CCB_US3_UF1_gi_384438400_ref_NC_ scaffold_16429
		Marking as insignificant: 87740 87838 | 1 99 | 99 99 | 100.0 | Thermus_sp_CCB_US3_UF1_gi_384438400_ref_NC_ scaffold_16429
		One align captures most of this contig: 1882182 1882723 | 542 1 | 542 542 | 100.0 | Thermus_sp_CCB_US3_UF1_gi_384438400_ref_NC_ scaffold_16429

Analyzing coverage...
Writing SNPs into /Molly/gurevich/MetaQUAST/res_final/res_cami_final/runs_per_reference/Thermus_sp_CCB_US3_UF1/contigs_reports/nucmer_output/IDBA_UD.used_snps
	Reference Thermus_sp_CCB_US3_UF1_gi_384438400_ref_NC_: 48 total alignments. 1 total regions.
		Region: 1 to 2243772 (2243772 bp)
			START in gap: 1 to 2 (1 bp)
			Align 1: 2 56766 scaffold_167 1 56765
				Gap between this and next alignment: 56766 to 57076 (309 bp)
				Next Alignment: 57076 58152 scaffold_9270 1 1077

			Align 2: 57076 58152 scaffold_9270 1 1077
				Negative gap (overlap) between this and next alignment: 58152 to 58054 (-98 bp)
				Next Alignment: 58054 67612 scaffold_1178 9559 1

			Previous gap was negative, modifying coordinates to ignore overlap
				Moving contig start from 9559 to 9460.
			Align 3: 58153 67612 scaffold_1178 9460 1
				Gap between this and next alignment: 67612 to 68596 (983 bp)
				Next Alignment: 68596 86676 scaffold_643 1 18081

			Align 4: 68596 86676 scaffold_643 1 18081
				Negative gap (overlap) between this and next alignment: 86676 to 86580 (-96 bp)
				Next Alignment: 86580 87730 scaffold_8763 1151 1

			Previous gap was negative, modifying coordinates to ignore overlap
				Moving contig start from 1151 to 1054.
			Align 5: 86677 87730 scaffold_8763 1054 1
				Gap between this and next alignment: 87730 to 87740 (9 bp)
				Next Alignment: 87740 129335 scaffold_246 1 41596

			Align 6: 87740 129335 scaffold_246 1 41596
				Gap between this and next alignment: 129335 to 130339 (1003 bp)
				Next Alignment: 130339 144934 scaffold_797 14596 1

			Align 7: 130339 144934 scaffold_797 14596 1
				Gap between this and next alignment: 144934 to 145998 (1063 bp)
				Next Alignment: 145998 172728 scaffold_409 26731 1

			Align 8: 145998 172728 scaffold_409 26731 1
				Gap between this and next alignment: 172728 to 173793 (1064 bp)
				Next Alignment: 173793 197851 scaffold_464 1 24059

			Align 9: 173793 197851 scaffold_464 1 24059
				Gap between this and next alignment: 197851 to 198838 (986 bp)
				Next Alignment: 198838 228828 scaffold_346 1 29991

			Align 10: 198838 228828 scaffold_346 1 29991
				Gap between this and next alignment: 228828 to 229896 (1067 bp)
				Next Alignment: 229896 266977 scaffold_276 1 37082

			Align 11: 229896 266977 scaffold_276 1 37082
				Gap between this and next alignment: 266977 to 267963 (985 bp)
				Next Alignment: 267963 270324 scaffold_4514 1 2362

			Align 12: 267963 270324 scaffold_4514 1 2362
				Gap between this and next alignment: 270324 to 272709 (2384 bp)
				Next Alignment: 272709 275106 scaffold_4445 2398 1

			Align 13: 272709 275106 scaffold_4445 2398 1
				Gap between this and next alignment: 275106 to 276171 (1064 bp)
				Next Alignment: 276171 479643 scaffold_27 203473 1

			Align 14: 276171 479643 scaffold_27 203473 1
				Negative gap (overlap) between this and next alignment: 479643 to 479545 (-98 bp)
				Next Alignment: 479545 480763 scaffold_8338 1 1219

			Previous gap was negative, modifying coordinates to ignore overlap
				Moving contig start from 1 to 100.
			Align 15: 479644 480763 scaffold_8338 100 1219
				Negative gap (overlap) between this and next alignment: 480763 to 480665 (-98 bp)
				Next Alignment: 480665 967455 scaffold_4 486791 1

			Previous gap was negative, modifying coordinates to ignore overlap
				Moving contig start from 486791 to 486692.
			Align 16: 480764 967455 scaffold_4 486692 1
				Negative gap (overlap) between this and next alignment: 967455 to 967358 (-97 bp)
				Next Alignment: 967358 1107858 scaffold_51 140501 1

			Previous gap was negative, modifying coordinates to ignore overlap
				Moving contig start from 140501 to 140403.
			Align 17: 967456 1107858 scaffold_51 140403 1
				Gap between this and next alignment: 1107858 to 1108046 (187 bp)
				Next Alignment: 1108046 1130783 scaffold_501 1 22738

			Align 18: 1108046 1130783 scaffold_501 1 22738
				Gap between this and next alignment: 1130783 to 1131849 (1065 bp)
				Next Alignment: 1131849 1180800 scaffold_200 1 48952

			Align 19: 1131849 1180800 scaffold_200 1 48952
				Gap between this and next alignment: 1180800 to 1181786 (985 bp)
				Next Alignment: 1181786 1332179 scaffold_46 1 150394

			Align 20: 1181786 1332179 scaffold_46 1 150394
				Gap between this and next alignment: 1332179 to 1332382 (202 bp)
				Next Alignment: 1332382 1415648 scaffold_90 1 83267

			Align 21: 1332382 1415648 scaffold_90 1 83267
				Negative gap (overlap) between this and next alignment: 1415648 to 1415565 (-83 bp)
				Next Alignment: 1415565 1434507 scaffold_615 18943 1

			Previous gap was negative, modifying coordinates to ignore overlap
				Moving contig start from 18943 to 18859.
			Align 22: 1415649 1434507 scaffold_615 18859 1
				Gap between this and next alignment: 1434507 to 1435492 (984 bp)
				Next Alignment: 1435492 1678012 scaffold_17 242521 1

			Align 23: 1435492 1678012 scaffold_17 242521 1
				Gap between this and next alignment: 1678012 to 1678300 (287 bp)
				Next Alignment: 1678300 1703761 scaffold_439 1 25462

			Align 24: 1678300 1703761 scaffold_439 1 25462
				Gap between this and next alignment: 1703761 to 1704049 (287 bp)
				Next Alignment: 1704049 1730725 scaffold_412 26677 1

			Align 25: 1704049 1730725 scaffold_412 26677 1
				Gap between this and next alignment: 1730725 to 1731787 (1061 bp)
				Next Alignment: 1731787 1734180 scaffold_4451 2394 1

			Align 26: 1731787 1734180 scaffold_4451 2394 1
				Gap between this and next alignment: 1734180 to 1735248 (1067 bp)
				Next Alignment: 1735248 1737189 scaffold_5463 1942 1

			Align 27: 1735248 1737189 scaffold_5463 1942 1
				Gap between this and next alignment: 1737189 to 1739407 (2217 bp)
				Next Alignment: 1739407 1748511 scaffold_1232 1 9105

			Align 28: 1739407 1748511 scaffold_1232 1 9105
				Gap between this and next alignment: 1748511 to 1749576 (1064 bp)
				Next Alignment: 1749576 1757942 scaffold_1327 8367 1

			Align 29: 1749576 1757942 scaffold_1327 8367 1
				Gap between this and next alignment: 1757942 to 1758898 (955 bp)
				Next Alignment: 1758898 1860584 scaffold_73 101687 1

			Align 30: 1758898 1860584 scaffold_73 101687 1
				Negative gap (overlap) between this and next alignment: 1860584 to 1860486 (-98 bp)
				Next Alignment: 1860486 1861149 scaffold_13771 664 1

			Previous gap was negative, modifying coordinates to ignore overlap
				Moving contig start from 664 to 565.
			Align 31: 1860585 1861149 scaffold_13771 565 1
				Gap between this and next alignment: 1861149 to 1861926 (776 bp)
				Next Alignment: 1861926 1881371 scaffold_590 1 19446

			Align 32: 1861926 1881371 scaffold_590 1 19446
				The next alignment (1881273 1881371 scaffold_1620 6486 6584) is redundant. Skipping.
				Negative gap (overlap) between this and next alignment: 1881371 to 1881273 (-98 bp)
				Next Alignment: 1881273 1882280 scaffold_9780 1008 1

			Previous gap was negative, modifying coordinates to ignore overlap
				Moving contig start from 1008 to 909.
			Align 34: 1881372 1882280 scaffold_9780 909 1
				Negative gap (overlap) between this and next alignment: 1882280 to 1882182 (-98 bp)
				Next Alignment: 1882182 1882285 scaffold_939 12310 12207

			Previous gap was negative, modifying coordinates to ignore overlap
				Moving contig start from 12310 to 12211.
			Align 35: 1882281 1882285 scaffold_939 12211 12207
				Negative gap (overlap) between this and next alignment: 1882285 to 1882182 (-103 bp)
				Next Alignment: 1882182 1882723 scaffold_16429 542 1

			Previous gap was negative, modifying coordinates to ignore overlap
				Moving contig start from 542 to 438.
			Align 36: 1882286 1882723 scaffold_16429 438 1
				Gap between this and next alignment: 1882723 to 1883787 (1063 bp)
				Next Alignment: 1883787 1884586 scaffold_11853 1 800

			Align 37: 1883787 1884586 scaffold_11853 1 800
				Gap between this and next alignment: 1884586 to 1884842 (255 bp)
				Next Alignment: 1884842 1885425 scaffold_15349 1 584

			Align 38: 1884842 1885425 scaffold_15349 1 584
				Gap between this and next alignment: 1885425 to 1885469 (43 bp)
				Next Alignment: 1885469 1886240 scaffold_12197 772 1

			Align 39: 1885469 1886240 scaffold_12197 772 1
				Negative gap (overlap) between this and next alignment: 1886240 to 1886142 (-98 bp)
				Next Alignment: 1886142 1889478 scaffold_3190 1 3337

			Previous gap was negative, modifying coordinates to ignore overlap
				Moving contig start from 1 to 100.
			Align 40: 1886241 1889478 scaffold_3190 100 3337
				Negative gap (overlap) between this and next alignment: 1889478 to 1889380 (-98 bp)
				Next Alignment: 1889380 1964686 scaffold_105 75307 1

			Previous gap was negative, modifying coordinates to ignore overlap
				Moving contig start from 75307 to 75208.
			Align 41: 1889479 1964686 scaffold_105 75208 1
				Gap between this and next alignment: 1964686 to 1965164 (477 bp)
				Next Alignment: 1965164 1966126 scaffold_10173 963 1

			Align 42: 1965164 1966126 scaffold_10173 963 1
				Negative gap (overlap) between this and next alignment: 1966126 to 1966028 (-98 bp)
				Next Alignment: 1966028 2106726 scaffold_50 1 140699

			Previous gap was negative, modifying coordinates to ignore overlap
				Moving contig start from 1 to 100.
			Align 43: 1966127 2106726 scaffold_50 100 140699
				Gap between this and next alignment: 2106726 to 2107748 (1021 bp)
				Next Alignment: 2107748 2123658 scaffold_737 15911 1

			Align 44: 2107748 2123658 scaffold_737 15911 1
				Gap between this and next alignment: 2123658 to 2126798 (3139 bp)
				Next Alignment: 2126798 2136565 scaffold_1142 1 9768

			Align 45: 2126798 2136565 scaffold_1142 1 9768
				Gap between this and next alignment: 2136565 to 2137550 (984 bp)
				Next Alignment: 2137550 2212904 scaffold_103 1 75355

			Align 46: 2137550 2212904 scaffold_103 1 75355
				Gap between this and next alignment: 2212904 to 2213066 (161 bp)
				Next Alignment: 2213066 2214118 scaffold_9445 1 1053

			Align 47: 2213066 2214118 scaffold_9445 1 1053
				Negative gap (overlap) between this and next alignment: 2214118 to 2214020 (-98 bp)
				Next Alignment: 2214020 2243762 scaffold_349 29743 1

			Previous gap was negative, modifying coordinates to ignore overlap
				Moving contig start from 29743 to 29644.
			Align 48: 2214119 2243762 scaffold_349 29644 1
			END in gap: 2243762 to 2243772 (10 bp)

Analysis is finished!
Founded SNPs were written into /Molly/gurevich/MetaQUAST/res_final/res_cami_final/runs_per_reference/Thermus_sp_CCB_US3_UF1/contigs_reports/nucmer_output/IDBA_UD.used_snps

Results:
	Local Misassemblies: 0
	Misassemblies: 0
		Relocations: 0
		Translocations: 0
		Inversions: 0
	Fake misassemblies matched with structural variations: 0
	Misassembled Contigs: 0
	Misassembled Contig Bases: 0
	Misassemblies Inter-Contig Overlap: 0
Uncovered Regions: 0 (0)
Unaligned Contigs: 0 + 2 part
Partially Unaligned Contigs with Misassemblies: 0
Unaligned Contig Bases: 18691

Ambiguously Mapped Contigs: 5
Total Bases in Ambiguously Mapped Contigs: 7334
Note that --allow-ambiguity option was set to "one" and only first alignment per each contig was used.

	Covered Bases: 2214564

	SNPs: 8
	Insertions: 0
	Deletions: 0

	Positive Gaps: 34
		Internal Gaps:  0
		External Gaps:  34
		External Gap Total:  29208
		External Gap Average: 859
	Negative Gaps: 14
		Internal Overlaps:  0
		External Overlaps:  14
		External Overlaps Total: -1359
		External Overlaps Average: -97
	Contigs with Redundant Alignments: 1 (99)
