Aligning contigs to reference...
	Using existing Nucmer alignments...
Parsing coords...
Loading reference...
	Loaded [Chloroflexi_bacterium_SCGC_AB-629-P13_gi_486332849_ref_NZ_]
	Loaded [Chloroflexi_bacterium_SCGC_AB-629-P13_gi_486333049_ref_NZ_]
	Loaded [Chloroflexi_bacterium_SCGC_AB-629-P13_gi_486333220_ref_NZ_]
	Loaded [Chloroflexi_bacterium_SCGC_AB-629-P13_gi_486333486_ref_NZ_]
	Loaded [Chloroflexi_bacterium_SCGC_AB-629-P13_gi_486333972_ref_NZ_]
	Loaded [Chloroflexi_bacterium_SCGC_AB-629-P13_gi_486334296_ref_NZ_]
	Loaded [Chloroflexi_bacterium_SCGC_AB-629-P13_gi_486334592_ref_NZ_]
	Loaded [Chloroflexi_bacterium_SCGC_AB-629-P13_gi_486334865_ref_NZ_]
	Loaded [Chloroflexi_bacterium_SCGC_AB-629-P13_gi_486335073_ref_NZ_]
	Loaded [Chloroflexi_bacterium_SCGC_AB-629-P13_gi_486335405_ref_NZ_]
	Loaded [Chloroflexi_bacterium_SCGC_AB-629-P13_gi_486335545_ref_NZ_]
	Loaded [Chloroflexi_bacterium_SCGC_AB-629-P13_gi_486335614_ref_NZ_]
	Loaded [Chloroflexi_bacterium_SCGC_AB-629-P13_gi_486335652_ref_NZ_]
	Loaded [Chloroflexi_bacterium_SCGC_AB-629-P13_gi_486335927_ref_NZ_]
	Loaded [Chloroflexi_bacterium_SCGC_AB-629-P13_gi_486336058_ref_NZ_]
	Loaded [Chloroflexi_bacterium_SCGC_AB-629-P13_gi_486336302_ref_NZ_]
	Loaded [Chloroflexi_bacterium_SCGC_AB-629-P13_gi_486336483_ref_NZ_]
	Loaded [Chloroflexi_bacterium_SCGC_AB-629-P13_gi_486336721_ref_NZ_]
	Loaded [Chloroflexi_bacterium_SCGC_AB-629-P13_gi_486336978_ref_NZ_]
	Loaded [Chloroflexi_bacterium_SCGC_AB-629-P13_gi_486337135_ref_NZ_]
	Loaded [Chloroflexi_bacterium_SCGC_AB-629-P13_gi_486337368_ref_NZ_]
	Loaded [Chloroflexi_bacterium_SCGC_AB-629-P13_gi_486337492_ref_NZ_]
	Loaded [Chloroflexi_bacterium_SCGC_AB-629-P13_gi_486337693_ref_NZ_]
	Loaded [Chloroflexi_bacterium_SCGC_AB-629-P13_gi_486337922_ref_NZ_]
	Loaded [Chloroflexi_bacterium_SCGC_AB-629-P13_gi_486338079_ref_NZ_]
	Loaded [Chloroflexi_bacterium_SCGC_AB-629-P13_gi_486338278_ref_NZ_]
	Loaded [Chloroflexi_bacterium_SCGC_AB-629-P13_gi_486338497_ref_NZ_]
	Loaded [Chloroflexi_bacterium_SCGC_AB-629-P13_gi_486338732_ref_NZ_]
	Loaded [Chloroflexi_bacterium_SCGC_AB-629-P13_gi_486338958_ref_NZ_]
	Loaded [Chloroflexi_bacterium_SCGC_AB-629-P13_gi_486339236_ref_NZ_]
	Loaded [Chloroflexi_bacterium_SCGC_AB-629-P13_gi_486339898_ref_NZ_]
	Loaded [Chloroflexi_bacterium_SCGC_AB-629-P13_gi_486340024_ref_NZ_]
	Loaded [Chloroflexi_bacterium_SCGC_AB-629-P13_gi_486340138_ref_NZ_]
	Loaded [Chloroflexi_bacterium_SCGC_AB-629-P13_gi_486340152_ref_NZ_]
	Loaded [Chloroflexi_bacterium_SCGC_AB-629-P13_gi_486340193_ref_NZ_]
	Loaded [Chloroflexi_bacterium_SCGC_AB-629-P13_gi_486340218_ref_NZ_]
	Loaded [Chloroflexi_bacterium_SCGC_AB-629-P13_gi_486340238_ref_NZ_]
	Loaded [Chloroflexi_bacterium_SCGC_AB-629-P13_gi_486340255_ref_NZ_]
	Loaded [Chloroflexi_bacterium_SCGC_AB-629-P13_gi_486340370_ref_NZ_]
	Loaded [Chloroflexi_bacterium_SCGC_AB-629-P13_gi_486340399_ref_NZ_]
	Loaded [Chloroflexi_bacterium_SCGC_AB-629-P13_gi_486340494_ref_NZ_]
	Loaded [Chloroflexi_bacterium_SCGC_AB-629-P13_gi_486340677_ref_NZ_]
	Loaded [Chloroflexi_bacterium_SCGC_AB-629-P13_gi_486340833_ref_NZ_]
	Loaded [Chloroflexi_bacterium_SCGC_AB-629-P13_gi_486341017_ref_NZ_]
	Loaded [Chloroflexi_bacterium_SCGC_AB-629-P13_gi_486341195_ref_NZ_]
	Loaded [Chloroflexi_bacterium_SCGC_AB-629-P13_gi_486341393_ref_NZ_]
	Loaded [Chloroflexi_bacterium_SCGC_AB-629-P13_gi_486341656_ref_NZ_]
	Loaded [Chloroflexi_bacterium_SCGC_AB-629-P13_gi_486341859_ref_NZ_]
	Loaded [Chloroflexi_bacterium_SCGC_AB-629-P13_gi_486342077_ref_NZ_]
	Loaded [Chloroflexi_bacterium_SCGC_AB-629-P13_gi_486342303_ref_NZ_]
	Loaded [Chloroflexi_bacterium_SCGC_AB-629-P13_gi_486342355_ref_NZ_]
	Loaded [Chloroflexi_bacterium_SCGC_AB-629-P13_gi_486342567_ref_NZ_]
	Loaded [Chloroflexi_bacterium_SCGC_AB-629-P13_gi_486342708_ref_NZ_]
	Loaded [Chloroflexi_bacterium_SCGC_AB-629-P13_gi_486342870_ref_NZ_]
	Loaded [Chloroflexi_bacterium_SCGC_AB-629-P13_gi_486343066_ref_NZ_]
	Loaded [Chloroflexi_bacterium_SCGC_AB-629-P13_gi_486343234_ref_NZ_]
	Loaded [Chloroflexi_bacterium_SCGC_AB-629-P13_gi_486343393_ref_NZ_]
	Loaded [Chloroflexi_bacterium_SCGC_AB-629-P13_gi_486343639_ref_NZ_]
	Loaded [Chloroflexi_bacterium_SCGC_AB-629-P13_gi_486343815_ref_NZ_]
	Loaded [Chloroflexi_bacterium_SCGC_AB-629-P13_gi_486344039_ref_NZ_]
	Loaded [Chloroflexi_bacterium_SCGC_AB-629-P13_gi_486344205_ref_NZ_]
	Loaded [Chloroflexi_bacterium_SCGC_AB-629-P13_gi_486344295_ref_NZ_]
	Loaded [Chloroflexi_bacterium_SCGC_AB-629-P13_gi_486344506_ref_NZ_]
Loading SNPs...
Loading regions...
	No regions given, using whole reference.
	Total Regions: 63
	Total Region Length: 842801
Analyzing contigs...
CONTIG: scaffold-33740 (1313bp)
Top Length: 1313  Top ID: 100.0
		One align captures most of this contig: 12 1324 | 1 1313 | 1313 1313 | 100.0 | Chloroflexi_bacterium_SCGC_AB-629-P13_gi_486341859_ref_NZ_ scaffold-33740

CONTIG: scaffold-212 (17750bp)
Top Length: 17750  Top ID: 100.0
		One align captures most of this contig: 9218 26967 | 1 17750 | 17750 17750 | 100.0 | Chloroflexi_bacterium_SCGC_AB-629-P13_gi_486344205_ref_NZ_ scaffold-212

CONTIG: scaffold-542 (11070bp)
Top Length: 9230  Top ID: 100.0
		This contig is misassembled. 2 total aligns.
			Excluding internal overlap of size 50 between Alignment 1 and 2:  1 1890 | 9181 11070 | 1890 1890 --> 51 1890 | 9231 11070 | 1840 1840
			Real Alignment 1: 1 9230 | 9230 1 | 9230 9230 | 100.0 | Chloroflexi_bacterium_SCGC_AB-629-P13_gi_486344205_ref_NZ_ scaffold-542
			  Extensive misassembly ( translocation ) between these two alignments
			Real Alignment 2: 51 1890 | 9231 11070 | 1840 1840 | 100.0 | Chloroflexi_bacterium_SCGC_AB-629-P13_gi_486340255_ref_NZ_ scaffold-542

CONTIG: scaffold-3434 (1261bp)
Top Length: 1261  Top ID: 100.0
		One align captures most of this contig: 21 1281 | 1261 1 | 1261 1261 | 100.0 | Chloroflexi_bacterium_SCGC_AB-629-P13_gi_486342355_ref_NZ_ scaffold-3434

CONTIG: scaffold-1083 (63818bp)
Top Length: 34378  Top ID: 100.0
		Skipping redundant alignment 1 99 | 6295 6196 | 99 100 | 99.0 | Chloroflexi_bacterium_SCGC_AB-629-P13_gi_486343066_ref_NZ_ scaffold-1083
		Skipping redundant alignment 19934 20028 | 55872 55778 | 95 95 | 100.0 | Chloroflexi_bacterium_SCGC_AB-629-P13_gi_486333972_ref_NZ_ scaffold-1083
		Skipping redundant alignment 2104 2285 | 63818 63637 | 182 182 | 100.0 | Chloroflexi_bacterium_SCGC_AB-629-P13_gi_486335614_ref_NZ_ scaffold-1083
		This contig is misassembled. 8 total aligns.
			Excluding internal overlap of size 95 between Alignment 1 and 2:  28032 28256 | 1 225 | 225 225 --> 28032 28161 | 1 130 | 130 130
			Real Alignment 1: 28032 28161 | 1 130 | 130 130 | 100.0 | Chloroflexi_bacterium_SCGC_AB-629-P13_gi_486341393_ref_NZ_ scaffold-1083
			  Extensive misassembly ( relocation, inconsistency = -28161 ) between these two alignments
			Excluding internal overlap of size 95 between Alignment 2 and 3:  34371 39432 | 39475 34414 | 5062 5062 --> 34371 39337 | 39475 34509 | 4967 4967
			Real Alignment 2: 1 34378 | 131 34508 | 34378 34378 | 100.0 | Chloroflexi_bacterium_SCGC_AB-629-P13_gi_486341393_ref_NZ_ scaffold-1083
			  Extensive misassembly ( inversion ) between these two alignments
			Excluding internal overlap of size 166 between Alignment 3 and 4:  34371 39337 | 39475 34509 | 4967 4967 --> 34537 39337 | 39309 34509 | 4801 4801
			Real Alignment 3: 34537 39337 | 39309 34509 | 4801 4801 | 100.0 | Chloroflexi_bacterium_SCGC_AB-629-P13_gi_486341393_ref_NZ_ scaffold-1083
			  Extensive misassembly ( translocation ) between these two alignments
			Excluding internal overlap of size 226 between Alignment 4 and 5:  1078 5876 | 63818 59020 | 4799 4799 --> 1078 5650 | 63818 59246 | 4573 4573
			Real Alignment 4: 1 19936 | 39310 59245 | 19936 19936 | 100.0 | Chloroflexi_bacterium_SCGC_AB-629-P13_gi_486333972_ref_NZ_ scaffold-1083
			  Extensive misassembly ( translocation ) between these two alignments
			Real Alignment 5: 1078 5650 | 63818 59246 | 4573 4573 | 100.0 | Chloroflexi_bacterium_SCGC_AB-629-P13_gi_486338079_ref_NZ_ scaffold-1083

CONTIG: scaffold-631 (15331bp)
Top Length: 8383  Top ID: 100.0
		Skipping redundant alignment 2370 2479 | 111 1 | 110 111 | 96.4 | Chloroflexi_bacterium_SCGC_AB-629-P13_gi_486336721_ref_NZ_ scaffold-631
		Skipping redundant alignment 1 112 | 2479 2369 | 112 111 | 96.43 | Chloroflexi_bacterium_SCGC_AB-629-P13_gi_486336721_ref_NZ_ scaffold-631
		This contig is misassembled. 5 total aligns.
			Excluding internal overlap of size 95 between Alignment 1 and 2:  1 4206 | 12494 8289 | 4206 4206 --> 1 4111 | 12494 8384 | 4111 4111
			Real Alignment 1: 2 8384 | 1 8383 | 8383 8383 | 100.0 | Chloroflexi_bacterium_SCGC_AB-629-P13_gi_486336721_ref_NZ_ scaffold-631
			  Extensive misassembly ( translocation ) between these two alignments
			Excluding internal overlap of size 95 between Alignment 2 and 3:  4203 7134 | 12400 15331 | 2932 2932 --> 4298 7134 | 12495 15331 | 2837 2837
			Real Alignment 2: 1 4111 | 12494 8384 | 4111 4111 | 100.0 | Chloroflexi_bacterium_SCGC_AB-629-P13_gi_486337368_ref_NZ_ scaffold-631
			  Extensive misassembly ( inversion ) between these two alignments
			Real Alignment 3: 4298 7134 | 12495 15331 | 2837 2837 | 100.0 | Chloroflexi_bacterium_SCGC_AB-629-P13_gi_486337368_ref_NZ_ scaffold-631

CONTIG: scaffold-486 (25799bp)
Top Length: 25581  Top ID: 100.0
		Marking as insignificant: 1 95 | 19846 19940 | 95 95 | 100.0 | Chloroflexi_bacterium_SCGC_AB-629-P13_gi_486344295_ref_NZ_ scaffold-486
		Marking as insignificant: 25483 25581 | 7931 8029 | 99 99 | 98.99 | Chloroflexi_bacterium_SCGC_AB-629-P13_gi_486344295_ref_NZ_ scaffold-486
		Marking as insignificant: 17553 17702 | 1 150 | 150 150 | 99.33 | Chloroflexi_bacterium_SCGC_AB-629-P13_gi_486344295_ref_NZ_ scaffold-486
		Marking as insignificant: 5693 5954 | 25538 25799 | 262 262 | 100.0 | Chloroflexi_bacterium_SCGC_AB-629-P13_gi_486344295_ref_NZ_ scaffold-486
		One align captures most of this contig: 1 25581 | 25632 52 | 25581 25581 | 100.0 | Chloroflexi_bacterium_SCGC_AB-629-P13_gi_486344295_ref_NZ_ scaffold-486

CONTIG: scaffold-586 (14187bp)
Top Length: 14187  Top ID: 100.0
		Marking as insignificant: 1 102 | 4004 3902 | 102 103 | 98.06 | Chloroflexi_bacterium_SCGC_AB-629-P13_gi_486334592_ref_NZ_ scaffold-586
		Marking as insignificant: 17308 17511 | 1 204 | 204 204 | 100.0 | Chloroflexi_bacterium_SCGC_AB-629-P13_gi_486340193_ref_NZ_ scaffold-586
		One align captures most of this contig: 4127 18313 | 14187 1 | 14187 14187 | 100.0 | Chloroflexi_bacterium_SCGC_AB-629-P13_gi_486334592_ref_NZ_ scaffold-586

CONTIG: scaffold-1464 (13915bp)
Top Length: 10285  Top ID: 99.98
		Skipping redundant alignment 14401 14480 | 5521 5442 | 80 80 | 100.0 | Chloroflexi_bacterium_SCGC_AB-629-P13_gi_486334592_ref_NZ_ scaffold-1464
		This contig is misassembled. 3 total aligns.
			Excluding internal overlap of size 102 between Alignment 1 and 2:  1 3732 | 3732 1 | 3732 3732 --> 103 3732 | 3630 1 | 3630 3630
			Real Alignment 1: 103 3732 | 3630 1 | 3630 3630 | 100.0 | Chloroflexi_bacterium_SCGC_AB-629-P13_gi_486334592_ref_NZ_ scaffold-1464
			  Extensive misassembly ( relocation, inconsistency = -14310 ) between these two alignments
			Real Alignment 2: 4127 14412 | 13915 3631 | 10286 10285 | 99.98 | Chloroflexi_bacterium_SCGC_AB-629-P13_gi_486334592_ref_NZ_ scaffold-1464

CONTIG: scaffold-3293 (1326bp)
Top Length: 1326  Top ID: 100.0
		One align captures most of this contig: 2 1327 | 1326 1 | 1326 1326 | 100.0 | Chloroflexi_bacterium_SCGC_AB-629-P13_gi_486342303_ref_NZ_ scaffold-3293

CONTIG: scaffold-2471 (1916bp)
Top Length: 1916  Top ID: 100.0
		One align captures most of this contig: 11 1926 | 1 1916 | 1916 1916 | 100.0 | Chloroflexi_bacterium_SCGC_AB-629-P13_gi_486340370_ref_NZ_ scaffold-2471

CONTIG: scaffold-2866 (1489bp)
Top Length: 1489  Top ID: 100.0
		One align captures most of this contig: 28 1516 | 1 1489 | 1489 1489 | 100.0 | Chloroflexi_bacterium_SCGC_AB-629-P13_gi_486341195_ref_NZ_ scaffold-2866

CONTIG: scaffold-195 (39508bp)
Top Length: 39378  Top ID: 100.0
		Marking as insignificant: 39338 39432 | 5001 5095 | 95 95 | 100.0 | Chloroflexi_bacterium_SCGC_AB-629-P13_gi_486341393_ref_NZ_ scaffold-195
		Marking as insignificant: 1 99 | 33214 33313 | 99 100 | 99.0 | Chloroflexi_bacterium_SCGC_AB-629-P13_gi_486343066_ref_NZ_ scaffold-195
		Marking as insignificant: 1 166 | 4843 5008 | 166 166 | 100.0 | Chloroflexi_bacterium_SCGC_AB-629-P13_gi_486333972_ref_NZ_ scaffold-195
		Marking as insignificant: 28032 28256 | 39508 39284 | 225 225 | 100.0 | Chloroflexi_bacterium_SCGC_AB-629-P13_gi_486341393_ref_NZ_ scaffold-195
		One align captures most of this contig: 1 39378 | 39378 1 | 39378 39378 | 100.0 | Chloroflexi_bacterium_SCGC_AB-629-P13_gi_486341393_ref_NZ_ scaffold-195

CONTIG: scaffold-76245 (10676bp)
Top Length: 6479  Top ID: 100.0
		This contig is misassembled. 3 total aligns.
			Excluding internal overlap of size 95 between Alignment 1 and 2:  1 3184 | 6385 9568 | 3184 3184 --> 96 3184 | 6480 9568 | 3089 3089
			Real Alignment 1: 3180 9658 | 6479 1 | 6479 6479 | 100.0 | Chloroflexi_bacterium_SCGC_AB-629-P13_gi_486336302_ref_NZ_ scaffold-76245
			  Extensive misassembly ( relocation, inconsistency = -9563 ) between these two alignments
			Excluding internal overlap of size 95 between Alignment 2 and 3:  26 1228 | 10676 9474 | 1203 1203 --> 26 1133 | 10676 9569 | 1108 1108
			Real Alignment 2: 96 3184 | 6480 9568 | 3089 3089 | 100.0 | Chloroflexi_bacterium_SCGC_AB-629-P13_gi_486336302_ref_NZ_ scaffold-76245
			  Extensive misassembly ( translocation ) between these two alignments
			Real Alignment 3: 26 1133 | 10676 9569 | 1108 1108 | 100.0 | Chloroflexi_bacterium_SCGC_AB-629-P13_gi_486342567_ref_NZ_ scaffold-76245

CONTIG: scaffold-447 (37305bp)
Top Length: 37305  Top ID: 100.0
		Marking as insignificant: 31280 31369 | 1 90 | 90 90 | 100.0 | Chloroflexi_bacterium_SCGC_AB-629-P13_gi_486343393_ref_NZ_ scaffold-447
		Marking as insignificant: 37227 37321 | 5948 6042 | 95 95 | 100.0 | Chloroflexi_bacterium_SCGC_AB-629-P13_gi_486343393_ref_NZ_ scaffold-447
		One align captures most of this contig: 12 37316 | 37305 1 | 37305 37305 | 100.0 | Chloroflexi_bacterium_SCGC_AB-629-P13_gi_486343393_ref_NZ_ scaffold-447

CONTIG: scaffold-66202 (1153bp)
Top Length: 1153  Top ID: 100.0
		One align captures most of this contig: 6 1158 | 1 1153 | 1153 1153 | 100.0 | Chloroflexi_bacterium_SCGC_AB-629-P13_gi_486342708_ref_NZ_ scaffold-66202

CONTIG: scaffold-757 (5696bp)
Top Length: 5696  Top ID: 100.0
		One align captures most of this contig: 8 5703 | 5696 1 | 5696 5696 | 100.0 | Chloroflexi_bacterium_SCGC_AB-629-P13_gi_486338278_ref_NZ_ scaffold-757

CONTIG: scaffold-219 (17339bp)
Top Length: 17339  Top ID: 100.0
		One align captures most of this contig: 27 17365 | 1 17339 | 17339 17339 | 100.0 | Chloroflexi_bacterium_SCGC_AB-629-P13_gi_486335073_ref_NZ_ scaffold-219

CONTIG: scaffold-233 (25365bp)
Top Length: 25365  Top ID: 100.0
		One align captures most of this contig: 7 25371 | 25365 1 | 25365 25365 | 100.0 | Chloroflexi_bacterium_SCGC_AB-629-P13_gi_486344506_ref_NZ_ scaffold-233

CONTIG: scaffold-884 (5487bp)
Top Length: 5487  Top ID: 100.0
		One align captures most of this contig: 16 5502 | 5487 1 | 5487 5487 | 100.0 | Chloroflexi_bacterium_SCGC_AB-629-P13_gi_486338497_ref_NZ_ scaffold-884

CONTIG: scaffold-171 (48541bp)
Top Length: 48541  Top ID: 100.0
		Marking as insignificant: 5184 5277 | 48448 48541 | 94 94 | 100.0 | Chloroflexi_bacterium_SCGC_AB-629-P13_gi_486337922_ref_NZ_ scaffold-171
		Marking as insignificant: 1 95 | 43265 43359 | 95 95 | 100.0 | Chloroflexi_bacterium_SCGC_AB-629-P13_gi_486337922_ref_NZ_ scaffold-171
		One align captures most of this contig: 2 48542 | 48541 1 | 48541 48541 | 100.0 | Chloroflexi_bacterium_SCGC_AB-629-P13_gi_486337922_ref_NZ_ scaffold-171

CONTIG: scaffold-4203 (1049bp)
Top Length: 1049  Top ID: 100.0
		One align captures most of this contig: 4 1052 | 1 1049 | 1049 1049 | 100.0 | Chloroflexi_bacterium_SCGC_AB-629-P13_gi_486343639_ref_NZ_ scaffold-4203

CONTIG: scaffold-913 (5188bp)
Top Length: 5188  Top ID: 100.0
		Marking as insignificant: 5504 5612 | 5163 5055 | 109 109 | 97.25 | Chloroflexi_bacterium_SCGC_AB-629-P13_gi_486335614_ref_NZ_ scaffold-913
		Marking as insignificant: 5512 5645 | 5188 5055 | 134 134 | 97.76 | Chloroflexi_bacterium_SCGC_AB-629-P13_gi_486335614_ref_NZ_ scaffold-913
		One align captures most of this contig: 5611 10798 | 5188 1 | 5188 5188 | 100.0 | Chloroflexi_bacterium_SCGC_AB-629-P13_gi_486335614_ref_NZ_ scaffold-913

CONTIG: scaffold-1790 (5544bp)
Top Length: 3366  Top ID: 99.91
		Skipping redundant alignment 5603 5733 | 131 1 | 131 131 | 100.0 | Chloroflexi_bacterium_SCGC_AB-629-P13_gi_486335614_ref_NZ_ scaffold-1790
		Skipping redundant alignment 1 1259 | 4286 5544 | 1259 1259 | 100.0 | Chloroflexi_bacterium_SCGC_AB-629-P13_gi_486338079_ref_NZ_ scaffold-1790
			Skipping redundant alignments after choosing the best set of alignments
		Skipping redundant alignment 2270 5667 | 3366 1 | 3398 3366 | 98.94 | Chloroflexi_bacterium_SCGC_AB-629-P13_gi_486335614_ref_NZ_ scaffold-1790
		This contig is misassembled. 5 total aligns.
			Excluding internal overlap of size 107 between Alignment 1 and 2:  1 2285 | 3260 5544 | 2285 2285 --> 108 2285 | 3367 5544 | 2178 2178
			Real Alignment 1: 2270 5634 | 3366 1 | 3365 3366 | 99.91 | Chloroflexi_bacterium_SCGC_AB-629-P13_gi_486335614_ref_NZ_ scaffold-1790
			  Extensive misassembly ( relocation, inconsistency = -5527 ) between these two alignments
			Real Alignment 2: 108 2285 | 3367 5544 | 2178 2178 | 100.0 | Chloroflexi_bacterium_SCGC_AB-629-P13_gi_486335614_ref_NZ_ scaffold-1790

CONTIG: scaffold-1551 (16050bp)
Top Length: 6141  Top ID: 100.0
		This contig is misassembled. 3 total aligns.
			Excluding internal overlap of size 291 between Alignment 1 and 2:  5778 11031 | 5851 11104 | 5254 5254 --> 6069 11031 | 6142 11104 | 4963 4963
			Real Alignment 1: 14 6154 | 1 6141 | 6141 6141 | 100.0 | Chloroflexi_bacterium_SCGC_AB-629-P13_gi_486337693_ref_NZ_ scaffold-1551
			  Extensive misassembly ( translocation ) between these two alignments
			Excluding internal overlap of size 95 between Alignment 2 and 3:  6069 11031 | 6142 11104 | 4963 4963 --> 6069 10936 | 6142 11009 | 4868 4868
			Real Alignment 2: 6069 10936 | 6142 11009 | 4868 4868 | 100.0 | Chloroflexi_bacterium_SCGC_AB-629-P13_gi_486335545_ref_NZ_ scaffold-1551
			  Extensive misassembly ( inversion ) between these two alignments
			Real Alignment 3: 741 5781 | 16050 11010 | 5041 5041 | 100.0 | Chloroflexi_bacterium_SCGC_AB-629-P13_gi_486335545_ref_NZ_ scaffold-1551

CONTIG: scaffold-1062 (4105bp)
Top Length: 4105  Top ID: 100.0
		One align captures most of this contig: 4195 8299 | 4105 1 | 4105 4105 | 100.0 | Chloroflexi_bacterium_SCGC_AB-629-P13_gi_486336978_ref_NZ_ scaffold-1062

CONTIG: scaffold-1242 (4160bp)
Top Length: 4160  Top ID: 100.0
		One align captures most of this contig: 17 4176 | 4160 1 | 4160 4160 | 100.0 | Chloroflexi_bacterium_SCGC_AB-629-P13_gi_486336978_ref_NZ_ scaffold-1242

CONTIG: scaffold-7688 (3040bp)
Top Length: 1988  Top ID: 100.0
		This contig is misassembled. 2 total aligns.
			Excluding internal overlap of size 95 between Alignment 1 and 2:  6 1152 | 3040 1894 | 1147 1147 --> 6 1057 | 3040 1989 | 1052 1052
			Real Alignment 1: 1 1988 | 1988 1 | 1988 1988 | 100.0 | Chloroflexi_bacterium_SCGC_AB-629-P13_gi_486340138_ref_NZ_ scaffold-7688
			  Extensive misassembly ( translocation ) between these two alignments
			Real Alignment 2: 6 1057 | 3040 1989 | 1052 1052 | 100.0 | Chloroflexi_bacterium_SCGC_AB-629-P13_gi_486342870_ref_NZ_ scaffold-7688

CONTIG: scaffold-21192 (1659bp)
Top Length: 1659  Top ID: 100.0
		One align captures most of this contig: 12 1670 | 1 1659 | 1659 1659 | 100.0 | Chloroflexi_bacterium_SCGC_AB-629-P13_gi_486340677_ref_NZ_ scaffold-21192

CONTIG: scaffold-720 (36864bp)
Top Length: 30484  Top ID: 100.0
		This contig is misassembled. 2 total aligns.
			Excluding internal overlap of size 95 between Alignment 1 and 2:  1 6475 | 6475 1 | 6475 6475 --> 96 6475 | 6380 1 | 6380 6380
			Real Alignment 1: 96 6475 | 6380 1 | 6380 6380 | 100.0 | Chloroflexi_bacterium_SCGC_AB-629-P13_gi_486340193_ref_NZ_ scaffold-720
			  Extensive misassembly ( relocation, inconsistency = 11029 ) between these two alignments
			Real Alignment 2: 17505 47988 | 6381 36864 | 30484 30484 | 100.0 | Chloroflexi_bacterium_SCGC_AB-629-P13_gi_486340193_ref_NZ_ scaffold-720

CONTIG: scaffold-2948 (1402bp)
Top Length: 1402  Top ID: 100.0
		One align captures most of this contig: 3 1404 | 1402 1 | 1402 1402 | 100.0 | Chloroflexi_bacterium_SCGC_AB-629-P13_gi_486341656_ref_NZ_ scaffold-2948

CONTIG: scaffold-392 (17918bp)
Top Length: 17918  Top ID: 100.0
		One align captures most of this contig: 7 17924 | 1 17918 | 17918 17918 | 100.0 | Chloroflexi_bacterium_SCGC_AB-629-P13_gi_486334865_ref_NZ_ scaffold-392

CONTIG: scaffold-674 (25374bp)
Top Length: 16954  Top ID: 99.99
		Skipping redundant alignment 82037 82235 | 1 199 | 199 199 | 100.0 | Chloroflexi_bacterium_SCGC_AB-629-P13_gi_486332849_ref_NZ_ scaffold-674
		Skipping redundant alignment 81660 81729 | 13052 13121 | 70 70 | 100.0 | Chloroflexi_bacterium_SCGC_AB-629-P13_gi_486332849_ref_NZ_ scaffold-674
		This contig is misassembled. 5 total aligns.
			Excluding internal overlap of size 101 between Alignment 1 and 2:  1 1699 | 16854 18552 | 1699 1699 --> 102 1699 | 16955 18552 | 1598 1598
			Real Alignment 1: 1691 18644 | 16954 1 | 16954 16954 | 99.99 | Chloroflexi_bacterium_SCGC_AB-629-P13_gi_486334296_ref_NZ_ scaffold-674
			  Extensive misassembly ( relocation, inconsistency = -18543 ) between these two alignments
			Excluding internal overlap of size 241 between Alignment 2 and 3:  102 1699 | 16955 18552 | 1598 1598 --> 102 1458 | 16955 18311 | 1357 1357
			Real Alignment 2: 102 1458 | 16955 18311 | 1357 1357 | 100.0 | Chloroflexi_bacterium_SCGC_AB-629-P13_gi_486334296_ref_NZ_ scaffold-674
			  Extensive misassembly ( translocation ) between these two alignments
			Real Alignment 3: 1 7063 | 18312 25374 | 7063 7063 | 100.0 | Chloroflexi_bacterium_SCGC_AB-629-P13_gi_486337492_ref_NZ_ scaffold-674

CONTIG: scaffold-82826 (999bp)
Top Length: 999  Top ID: 100.0
		One align captures most of this contig: 3 1001 | 1 999 | 999 999 | 100.0 | Chloroflexi_bacterium_SCGC_AB-629-P13_gi_486343815_ref_NZ_ scaffold-82826

CONTIG: scaffold-1085 (3758bp)
Top Length: 3758  Top ID: 100.0
		One align captures most of this contig: 21 3778 | 1 3758 | 3758 3758 | 100.0 | Chloroflexi_bacterium_SCGC_AB-629-P13_gi_486338958_ref_NZ_ scaffold-1085

CONTIG: scaffold-8058 (1090bp)
Top Length: 1090  Top ID: 100.0
		One align captures most of this contig: 3800 4889 | 1 1090 | 1090 1090 | 100.0 | Chloroflexi_bacterium_SCGC_AB-629-P13_gi_486338958_ref_NZ_ scaffold-8058

CONTIG: scaffold-798 (5381bp)
Top Length: 5381  Top ID: 100.0
		One align captures most of this contig: 2 5382 | 1 5381 | 5381 5381 | 100.0 | Chloroflexi_bacterium_SCGC_AB-629-P13_gi_486338732_ref_NZ_ scaffold-798

CONTIG: scaffold-172 (62948bp)
Top Length: 62734  Top ID: 100.0
		Marking as insignificant: 55420 55507 | 62948 62861 | 88 88 | 100.0 | Chloroflexi_bacterium_SCGC_AB-629-P13_gi_486335652_ref_NZ_ scaffold-172
		Marking as insignificant: 62647 62741 | 55721 55627 | 95 95 | 100.0 | Chloroflexi_bacterium_SCGC_AB-629-P13_gi_486335652_ref_NZ_ scaffold-172
		Marking as insignificant: 1 95 | 1343 1249 | 95 95 | 100.0 | Chloroflexi_bacterium_SCGC_AB-629-P13_gi_486335652_ref_NZ_ scaffold-172
		Marking as insignificant: 1035 1343 | 309 1 | 309 309 | 100.0 | Chloroflexi_bacterium_SCGC_AB-629-P13_gi_486335652_ref_NZ_ scaffold-172
		One align captures most of this contig: 1 62734 | 215 62948 | 62734 62734 | 100.0 | Chloroflexi_bacterium_SCGC_AB-629-P13_gi_486335652_ref_NZ_ scaffold-172

CONTIG: scaffold-2342 (2011bp)
Top Length: 2011  Top ID: 100.0
		One align captures most of this contig: 3 2013 | 1 2011 | 2011 2011 | 100.0 | Chloroflexi_bacterium_SCGC_AB-629-P13_gi_486340152_ref_NZ_ scaffold-2342

CONTIG: scaffold-528 (11779bp)
Top Length: 11779  Top ID: 100.0
		One align captures most of this contig: 5 11783 | 11779 1 | 11779 11779 | 100.0 | Chloroflexi_bacterium_SCGC_AB-629-P13_gi_486335405_ref_NZ_ scaffold-528

CONTIG: scaffold-2324 (1737bp)
Top Length: 1737  Top ID: 100.0
		One align captures most of this contig: 18 1754 | 1 1737 | 1737 1737 | 100.0 | Chloroflexi_bacterium_SCGC_AB-629-P13_gi_486340399_ref_NZ_ scaffold-2324

CONTIG: scaffold-248 (82616bp)
Top Length: 82616  Top ID: 100.0
		Marking as insignificant: 77367 77451 | 1 85 | 85 85 | 100.0 | Chloroflexi_bacterium_SCGC_AB-629-P13_gi_486333049_ref_NZ_ scaffold-248
		Marking as insignificant: 82553 82647 | 5187 5281 | 95 95 | 100.0 | Chloroflexi_bacterium_SCGC_AB-629-P13_gi_486333049_ref_NZ_ scaffold-248
		One align captures most of this contig: 22 82637 | 82616 1 | 82616 82616 | 100.0 | Chloroflexi_bacterium_SCGC_AB-629-P13_gi_486333049_ref_NZ_ scaffold-248

CONTIG: scaffold-255 (18784bp)
Top Length: 18644  Top ID: 100.0
		Marking as insignificant: 81660 81729 | 5733 5664 | 70 70 | 100.0 | Chloroflexi_bacterium_SCGC_AB-629-P13_gi_486332849_ref_NZ_ scaffold-255
		Marking as insignificant: 1 101 | 1931 1831 | 101 101 | 99.01 | Chloroflexi_bacterium_SCGC_AB-629-P13_gi_486334296_ref_NZ_ scaffold-255
		Marking as insignificant: 82037 82235 | 18784 18586 | 199 199 | 100.0 | Chloroflexi_bacterium_SCGC_AB-629-P13_gi_486332849_ref_NZ_ scaffold-255
		Marking as insignificant: 1691 1931 | 241 1 | 241 241 | 99.59 | Chloroflexi_bacterium_SCGC_AB-629-P13_gi_486334296_ref_NZ_ scaffold-255
		Marking as insignificant: 1 241 | 1599 1839 | 241 241 | 100.0 | Chloroflexi_bacterium_SCGC_AB-629-P13_gi_486337492_ref_NZ_ scaffold-255
		One align captures most of this contig: 1 18644 | 141 18784 | 18644 18644 | 100.0 | Chloroflexi_bacterium_SCGC_AB-629-P13_gi_486334296_ref_NZ_ scaffold-255

CONTIG: scaffold-624 (7552bp)
Top Length: 7552  Top ID: 100.0
		One align captures most of this contig: 16 7567 | 7552 1 | 7552 7552 | 100.0 | Chloroflexi_bacterium_SCGC_AB-629-P13_gi_486337135_ref_NZ_ scaffold-624

CONTIG: scaffold-3375 (1551bp)
Top Length: 1551  Top ID: 100.0
		One align captures most of this contig: 20 1570 | 1 1551 | 1551 1551 | 100.0 | Chloroflexi_bacterium_SCGC_AB-629-P13_gi_486340833_ref_NZ_ scaffold-3375

CONTIG: scaffold-1838 (2147bp)
Top Length: 2147  Top ID: 100.0
		One align captures most of this contig: 17 2163 | 1 2147 | 2147 2147 | 100.0 | Chloroflexi_bacterium_SCGC_AB-629-P13_gi_486340024_ref_NZ_ scaffold-1838

CONTIG: scaffold-140 (76086bp)
Top Length: 76086  Top ID: 100.0
		Marking as insignificant: 5353 5441 | 89 1 | 89 89 | 100.0 | Chloroflexi_bacterium_SCGC_AB-629-P13_gi_486332849_ref_NZ_ scaffold-140
		Marking as insignificant: 1 95 | 5441 5347 | 95 95 | 100.0 | Chloroflexi_bacterium_SCGC_AB-629-P13_gi_486332849_ref_NZ_ scaffold-140
		One align captures most of this contig: 7 76092 | 1 76086 | 76086 76086 | 100.0 | Chloroflexi_bacterium_SCGC_AB-629-P13_gi_486332849_ref_NZ_ scaffold-140

CONTIG: scaffold-190 (36427bp)
Top Length: 36427  Top ID: 100.0
		Marking as insignificant: 116558 116642 | 1 85 | 85 85 | 100.0 | Chloroflexi_bacterium_SCGC_AB-629-P13_gi_486332849_ref_NZ_ scaffold-190
		Marking as insignificant: 118386 118480 | 1829 1923 | 95 95 | 100.0 | Chloroflexi_bacterium_SCGC_AB-629-P13_gi_486332849_ref_NZ_ scaffold-190
		Marking as insignificant: 18446 18637 | 36236 36427 | 192 192 | 100.0 | Chloroflexi_bacterium_SCGC_AB-629-P13_gi_486334296_ref_NZ_ scaffold-190
		One align captures most of this contig: 82044 118470 | 36427 1 | 36427 36427 | 100.0 | Chloroflexi_bacterium_SCGC_AB-629-P13_gi_486332849_ref_NZ_ scaffold-190

CONTIG: scaffold-1195 (4337bp)
Top Length: 4337  Top ID: 99.98
		Marking as insignificant: 5524 5593 | 3941 3872 | 70 70 | 100.0 | Chloroflexi_bacterium_SCGC_AB-629-P13_gi_486334296_ref_NZ_ scaffold-1195
		Marking as insignificant: 18556 18908 | 4337 3985 | 353 353 | 100.0 | Chloroflexi_bacterium_SCGC_AB-629-P13_gi_486334296_ref_NZ_ scaffold-1195
		One align captures most of this contig: 77789 82125 | 1 4337 | 4337 4337 | 99.98 | Chloroflexi_bacterium_SCGC_AB-629-P13_gi_486332849_ref_NZ_ scaffold-1195

CONTIG: scaffold-38100 (699bp)
Top Length: 699  Top ID: 100.0
		One align captures most of this contig: 75912 76610 | 1 699 | 699 699 | 100.0 | Chloroflexi_bacterium_SCGC_AB-629-P13_gi_486332849_ref_NZ_ scaffold-38100

CONTIG: scaffold-97170 (610bp)
Top Length: 610  Top ID: 100.0
		One align captures most of this contig: 77360 77969 | 1 610 | 610 610 | 100.0 | Chloroflexi_bacterium_SCGC_AB-629-P13_gi_486332849_ref_NZ_ scaffold-97170

CONTIG: scaffold-4341 (1313bp)
Top Length: 1313  Top ID: 100.0
		One align captures most of this contig: 12 1324 | 1 1313 | 1313 1313 | 100.0 | Chloroflexi_bacterium_SCGC_AB-629-P13_gi_486342077_ref_NZ_ scaffold-4341

CONTIG: scaffold-1305 (3565bp)
Top Length: 1865  Top ID: 100.0
		This contig is misassembled. 2 total aligns.
			Excluding internal overlap of size 162 between Alignment 1 and 2:  20 1881 | 3565 1704 | 1862 1862 --> 20 1719 | 3565 1866 | 1700 1700
			Real Alignment 1: 1 1865 | 1865 1 | 1865 1865 | 100.0 | Chloroflexi_bacterium_SCGC_AB-629-P13_gi_486335927_ref_NZ_ scaffold-1305
			  Extensive misassembly ( translocation ) between these two alignments
			Real Alignment 2: 20 1719 | 3565 1866 | 1700 1700 | 100.0 | Chloroflexi_bacterium_SCGC_AB-629-P13_gi_486340218_ref_NZ_ scaffold-1305

CONTIG: scaffold-1399 (3693bp)
Top Length: 3693  Top ID: 100.0
		One align captures most of this contig: 1876 5568 | 1 3693 | 3693 3693 | 100.0 | Chloroflexi_bacterium_SCGC_AB-629-P13_gi_486335927_ref_NZ_ scaffold-1399

CONTIG: scaffold-1968 (4708bp)
Top Length: 4708  Top ID: 100.0
		One align captures most of this contig: 5595 10302 | 1 4708 | 4708 4708 | 100.0 | Chloroflexi_bacterium_SCGC_AB-629-P13_gi_486335927_ref_NZ_ scaffold-1968

CONTIG: scaffold-3673 (1166bp)
Top Length: 1166  Top ID: 100.0
		One align captures most of this contig: 5 1170 | 1 1166 | 1166 1166 | 100.0 | Chloroflexi_bacterium_SCGC_AB-629-P13_gi_486343234_ref_NZ_ scaffold-3673

CONTIG: scaffold-1369 (2802bp)
Top Length: 2802  Top ID: 100.0
		One align captures most of this contig: 22 2823 | 2802 1 | 2802 2802 | 100.0 | Chloroflexi_bacterium_SCGC_AB-629-P13_gi_486339236_ref_NZ_ scaffold-1369

CONTIG: scaffold-355 (21080bp)
Top Length: 15493  Top ID: 100.0
		Skipping redundant alignment 1 95 | 145 239 | 95 95 | 100.0 | Chloroflexi_bacterium_SCGC_AB-629-P13_gi_486333486_ref_NZ_ scaffold-355
		This contig is misassembled. 3 total aligns.
			Excluding internal overlap of size 95 between Alignment 1 and 2:  15255 20936 | 15399 21080 | 5682 5682 --> 15350 20936 | 15494 21080 | 5587 5587
			Real Alignment 1: 1 15493 | 15493 1 | 15493 15493 | 100.0 | Chloroflexi_bacterium_SCGC_AB-629-P13_gi_486333486_ref_NZ_ scaffold-355
			  Extensive misassembly ( inversion ) between these two alignments
			Real Alignment 2: 15350 20936 | 15494 21080 | 5587 5587 | 100.0 | Chloroflexi_bacterium_SCGC_AB-629-P13_gi_486333486_ref_NZ_ scaffold-355

CONTIG: scaffold-10306 (1709bp)
Top Length: 1709  Top ID: 100.0
		One align captures most of this contig: 15 1723 | 1 1709 | 1709 1709 | 100.0 | Chloroflexi_bacterium_SCGC_AB-629-P13_gi_486340494_ref_NZ_ scaffold-10306

CONTIG: scaffold-2767 (1570bp)
Top Length: 1570  Top ID: 100.0
		One align captures most of this contig: 4 1573 | 1570 1 | 1570 1570 | 100.0 | Chloroflexi_bacterium_SCGC_AB-629-P13_gi_486341017_ref_NZ_ scaffold-2767

CONTIG: scaffold-1664 (2399bp)
Top Length: 2399  Top ID: 100.0
		One align captures most of this contig: 6 2404 | 1 2399 | 2399 2399 | 100.0 | Chloroflexi_bacterium_SCGC_AB-629-P13_gi_486339898_ref_NZ_ scaffold-1664

CONTIG: scaffold-10783 (984bp)
Top Length: 984  Top ID: 100.0
		One align captures most of this contig: 4 987 | 984 1 | 984 984 | 100.0 | Chloroflexi_bacterium_SCGC_AB-629-P13_gi_486344039_ref_NZ_ scaffold-10783

CONTIG: scaffold-2430 (1939bp)
Top Length: 1939  Top ID: 100.0
		One align captures most of this contig: 5 1943 | 1 1939 | 1939 1939 | 100.0 | Chloroflexi_bacterium_SCGC_AB-629-P13_gi_486340238_ref_NZ_ scaffold-2430

CONTIG: scaffold-597 (8491bp)
Top Length: 8461  Top ID: 100.0
		Marking as insignificant: 9255 9324 | 866 935 | 70 70 | 100.0 | Chloroflexi_bacterium_SCGC_AB-629-P13_gi_486333220_ref_NZ_ scaffold-597
		Marking as insignificant: 8390 8489 | 1 100 | 100 100 | 100.0 | Chloroflexi_bacterium_SCGC_AB-629-P13_gi_486333220_ref_NZ_ scaffold-597
		One align captures most of this contig: 864 9324 | 8491 31 | 8461 8461 | 100.0 | Chloroflexi_bacterium_SCGC_AB-629-P13_gi_486333220_ref_NZ_ scaffold-597

CONTIG: scaffold-1291 (15080bp)
Top Length: 15080  Top ID: 100.0
		Marking as insignificant: 20013 20105 | 15080 14988 | 93 93 | 100.0 | Chloroflexi_bacterium_SCGC_AB-629-P13_gi_486333220_ref_NZ_ scaffold-1291
		Marking as insignificant: 24327 24421 | 10766 10672 | 95 95 | 100.0 | Chloroflexi_bacterium_SCGC_AB-629-P13_gi_486333220_ref_NZ_ scaffold-1291
		One align captures most of this contig: 9340 24419 | 1 15080 | 15080 15080 | 100.0 | Chloroflexi_bacterium_SCGC_AB-629-P13_gi_486333220_ref_NZ_ scaffold-1291

CONTIG: scaffold-8552 (1732bp)
Top Length: 1732  Top ID: 100.0
		One align captures most of this contig: 5 1736 | 1 1732 | 1732 1732 | 100.0 | Chloroflexi_bacterium_SCGC_AB-629-P13_gi_486333220_ref_NZ_ scaffold-8552

CONTIG: scaffold-469 (9833bp)
Top Length: 9833  Top ID: 100.0
		One align captures most of this contig: 3 9835 | 9833 1 | 9833 9833 | 100.0 | Chloroflexi_bacterium_SCGC_AB-629-P13_gi_486336058_ref_NZ_ scaffold-469

CONTIG: scaffold-472 (9602bp)
Top Length: 9602  Top ID: 100.0
		One align captures most of this contig: 4 9605 | 1 9602 | 9602 9602 | 100.0 | Chloroflexi_bacterium_SCGC_AB-629-P13_gi_486336483_ref_NZ_ scaffold-472

Analyzing coverage...
Writing SNPs into /Molly/gurevich/MetaQUAST/res_final/res_cami_final/runs_per_reference/Chloroflexi_bacterium_SCGC_AB-629-P13/contigs_reports/nucmer_output/Ray.used_snps
	Reference Chloroflexi_bacterium_SCGC_AB-629-P13_gi_486338278_ref_NZ_: 1 total alignments. 1 total regions.
		Region: 1 to 5706 (5706 bp)
			START in gap: 1 to 8 (7 bp)
			Align 1: 8 5703 scaffold-757 5696 1
			END in gap: 5703 to 5706 (3 bp)

	Reference Chloroflexi_bacterium_SCGC_AB-629-P13_gi_486343639_ref_NZ_: 1 total alignments. 1 total regions.
		Region: 1 to 1060 (1060 bp)
			START in gap: 1 to 4 (3 bp)
			Align 1: 4 1052 scaffold-4203 1 1049
			END in gap: 1052 to 1060 (8 bp)

	Reference Chloroflexi_bacterium_SCGC_AB-629-P13_gi_486336721_ref_NZ_: 1 total alignments. 1 total regions.
		Region: 1 to 8384 (8384 bp)
			START in gap: 1 to 2 (1 bp)
			Align 1: 2 8384 scaffold-631 1 8383
			END in current alignment.  Modifying 8384 to 8384.

	Reference Chloroflexi_bacterium_SCGC_AB-629-P13_gi_486338732_ref_NZ_: 1 total alignments. 1 total regions.
		Region: 1 to 5400 (5400 bp)
			START in gap: 1 to 2 (1 bp)
			Align 1: 2 5382 scaffold-798 1 5381
			END in gap: 5382 to 5400 (18 bp)

	Reference Chloroflexi_bacterium_SCGC_AB-629-P13_gi_486340255_ref_NZ_: 1 total alignments. 1 total regions.
		Region: 1 to 1902 (1902 bp)
			START in gap: 1 to 51 (50 bp)
			Align 1: 51 1890 scaffold-542 9231 11070
			END in gap: 1890 to 1902 (12 bp)

	Reference Chloroflexi_bacterium_SCGC_AB-629-P13_gi_486335614_ref_NZ_: 3 total alignments. 1 total regions.
		Region: 1 to 10807 (10807 bp)
			START in gap: 1 to 108 (107 bp)
			Align 1: 108 2285 scaffold-1790 3367 5544
				Negative gap (overlap) between this and next alignment: 2285 to 2270 (-15 bp)
				Next Alignment: 2270 5634 scaffold-1790 3366 1

			Previous gap was negative, modifying coordinates to ignore overlap
				Moving contig start from 3366 to 3349.
			Align 2: 2286 5634 scaffold-1790 3349 1
				Negative gap (overlap) between this and next alignment: 5634 to 5611 (-23 bp)
				Next Alignment: 5611 10798 scaffold-913 5188 1

			Previous gap was negative, modifying coordinates to ignore overlap
				Moving contig start from 5188 to 5164.
			Align 3: 5635 10798 scaffold-913 5164 1
			END in gap: 10798 to 10807 (9 bp)

	Reference Chloroflexi_bacterium_SCGC_AB-629-P13_gi_486342355_ref_NZ_: 1 total alignments. 1 total regions.
		Region: 1 to 1284 (1284 bp)
			START in gap: 1 to 21 (20 bp)
			Align 1: 21 1281 scaffold-3434 1261 1
			END in gap: 1281 to 1284 (3 bp)

	Reference Chloroflexi_bacterium_SCGC_AB-629-P13_gi_486340152_ref_NZ_: 1 total alignments. 1 total regions.
		Region: 1 to 2026 (2026 bp)
			START in gap: 1 to 3 (2 bp)
			Align 1: 3 2013 scaffold-2342 1 2011
			END in gap: 2013 to 2026 (13 bp)

	Reference Chloroflexi_bacterium_SCGC_AB-629-P13_gi_486333049_ref_NZ_: 1 total alignments. 1 total regions.
		Region: 1 to 82647 (82647 bp)
			START in gap: 1 to 22 (21 bp)
			Align 1: 22 82637 scaffold-248 82616 1
			END in gap: 82637 to 82647 (10 bp)

	Reference Chloroflexi_bacterium_SCGC_AB-629-P13_gi_486335405_ref_NZ_: 1 total alignments. 1 total regions.
		Region: 1 to 11791 (11791 bp)
			START in gap: 1 to 5 (4 bp)
			Align 1: 5 11783 scaffold-528 11779 1
			END in gap: 11783 to 11791 (8 bp)

	Reference Chloroflexi_bacterium_SCGC_AB-629-P13_gi_486343815_ref_NZ_: 1 total alignments. 1 total regions.
		Region: 1 to 1005 (1005 bp)
			START in gap: 1 to 3 (2 bp)
			Align 1: 3 1001 scaffold-82826 1 999
			END in gap: 1001 to 1005 (4 bp)

	Reference Chloroflexi_bacterium_SCGC_AB-629-P13_gi_486344295_ref_NZ_: 1 total alignments. 1 total regions.
		Region: 1 to 25581 (25581 bp)
			Align 1: 1 25581 scaffold-486 25632 52
			END in current alignment.  Modifying 25581 to 25581.

	Reference Chloroflexi_bacterium_SCGC_AB-629-P13_gi_486335545_ref_NZ_: 2 total alignments. 1 total regions.
		Region: 1 to 11031 (11031 bp)
			START in gap: 1 to 741 (740 bp)
			Align 1: 741 5781 scaffold-1551 16050 11010
				Gap between this and next alignment: 5781 to 6069 (287 bp)
				Next Alignment: 6069 10936 scaffold-1551 6142 11009

			Align 2: 6069 10936 scaffold-1551 6142 11009
			END in gap: 10936 to 11031 (95 bp)

	Reference Chloroflexi_bacterium_SCGC_AB-629-P13_gi_486335073_ref_NZ_: 1 total alignments. 1 total regions.
		Region: 1 to 17370 (17370 bp)
			START in gap: 1 to 27 (26 bp)
			Align 1: 27 17365 scaffold-219 1 17339
			END in gap: 17365 to 17370 (5 bp)

	Reference Chloroflexi_bacterium_SCGC_AB-629-P13_gi_486344506_ref_NZ_: 1 total alignments. 1 total regions.
		Region: 1 to 25375 (25375 bp)
			START in gap: 1 to 7 (6 bp)
			Align 1: 7 25371 scaffold-233 25365 1
			END in gap: 25371 to 25375 (4 bp)

	Reference Chloroflexi_bacterium_SCGC_AB-629-P13_gi_486333972_ref_NZ_: 1 total alignments. 1 total regions.
		Region: 1 to 20028 (20028 bp)
			Align 1: 1 19936 scaffold-1083 39310 59245
			END in gap: 19936 to 20028 (92 bp)

	Reference Chloroflexi_bacterium_SCGC_AB-629-P13_gi_486337693_ref_NZ_: 1 total alignments. 1 total regions.
		Region: 1 to 6154 (6154 bp)
			START in gap: 1 to 14 (13 bp)
			Align 1: 14 6154 scaffold-1551 1 6141
			END in current alignment.  Modifying 6154 to 6154.

	Reference Chloroflexi_bacterium_SCGC_AB-629-P13_gi_486336483_ref_NZ_: 1 total alignments. 1 total regions.
		Region: 1 to 9612 (9612 bp)
			START in gap: 1 to 4 (3 bp)
			Align 1: 4 9605 scaffold-472 1 9602
			END in gap: 9605 to 9612 (7 bp)

	Reference Chloroflexi_bacterium_SCGC_AB-629-P13_gi_486340677_ref_NZ_: 1 total alignments. 1 total regions.
		Region: 1 to 1673 (1673 bp)
			START in gap: 1 to 12 (11 bp)
			Align 1: 12 1670 scaffold-21192 1 1659
			END in gap: 1670 to 1673 (3 bp)

	Reference Chloroflexi_bacterium_SCGC_AB-629-P13_gi_486340218_ref_NZ_: 1 total alignments. 1 total regions.
		Region: 1 to 1881 (1881 bp)
			START in gap: 1 to 20 (19 bp)
			Align 1: 20 1719 scaffold-1305 3565 1866
			END in gap: 1719 to 1881 (162 bp)

	Reference Chloroflexi_bacterium_SCGC_AB-629-P13_gi_486339236_ref_NZ_: 1 total alignments. 1 total regions.
		Region: 1 to 2830 (2830 bp)
			START in gap: 1 to 22 (21 bp)
			Align 1: 22 2823 scaffold-1369 2802 1
			END in gap: 2823 to 2830 (7 bp)

	Reference Chloroflexi_bacterium_SCGC_AB-629-P13_gi_486342077_ref_NZ_: 1 total alignments. 1 total regions.
		Region: 1 to 1333 (1333 bp)
			START in gap: 1 to 12 (11 bp)
			Align 1: 12 1324 scaffold-4341 1 1313
			END in gap: 1324 to 1333 (9 bp)

	Reference Chloroflexi_bacterium_SCGC_AB-629-P13_gi_486338958_ref_NZ_: 2 total alignments. 1 total regions.
		Region: 1 to 4902 (4902 bp)
			START in gap: 1 to 21 (20 bp)
			Align 1: 21 3778 scaffold-1085 1 3758
				Gap between this and next alignment: 3778 to 3800 (21 bp)
				Next Alignment: 3800 4889 scaffold-8058 1 1090

			Align 2: 3800 4889 scaffold-8058 1 1090
			END in gap: 4889 to 4902 (13 bp)

	Reference Chloroflexi_bacterium_SCGC_AB-629-P13_gi_486334592_ref_NZ_: 3 total alignments. 1 total regions.
		Region: 1 to 18330 (18330 bp)
			START in gap: 1 to 103 (102 bp)
			Align 1: 103 3732 scaffold-1464 3630 1
				Gap between this and next alignment: 3732 to 4127 (394 bp)
				Next Alignment: 4127 18313 scaffold-586 14187 1

			Align 2: 4127 18313 scaffold-586 14187 1
				The next alignment (4127 14412 scaffold-1464 13915 3631) is redundant. Skipping.

	Reference Chloroflexi_bacterium_SCGC_AB-629-P13_gi_486342303_ref_NZ_: 1 total alignments. 1 total regions.
		Region: 1 to 1328 (1328 bp)
			START in gap: 1 to 2 (1 bp)
			Align 1: 2 1327 scaffold-3293 1326 1
			END in gap: 1327 to 1328 (1 bp)

	Reference Chloroflexi_bacterium_SCGC_AB-629-P13_gi_486337135_ref_NZ_: 1 total alignments. 1 total regions.
		Region: 1 to 7579 (7579 bp)
			START in gap: 1 to 16 (15 bp)
			Align 1: 16 7567 scaffold-624 7552 1
			END in gap: 7567 to 7579 (12 bp)

	Reference Chloroflexi_bacterium_SCGC_AB-629-P13_gi_486340193_ref_NZ_: 2 total alignments. 1 total regions.
		Region: 1 to 47993 (47993 bp)
			START in gap: 1 to 96 (95 bp)
			Align 1: 96 6475 scaffold-720 6380 1
				Gap between this and next alignment: 6475 to 17505 (11029 bp)
				Next Alignment: 17505 47988 scaffold-720 6381 36864

			Align 2: 17505 47988 scaffold-720 6381 36864
			END in gap: 47988 to 47993 (5 bp)

	Reference Chloroflexi_bacterium_SCGC_AB-629-P13_gi_486333486_ref_NZ_: 2 total alignments. 1 total regions.
		Region: 1 to 20941 (20941 bp)
			Align 1: 1 15493 scaffold-355 15493 1
				Negative gap (overlap) between this and next alignment: 15493 to 15350 (-143 bp)
				Next Alignment: 15350 20936 scaffold-355 15494 21080

			Previous gap was negative, modifying coordinates to ignore overlap
				Moving contig start from 15494 to 15638.
			Align 2: 15494 20936 scaffold-355 15638 21080
			END in gap: 20936 to 20941 (5 bp)

	Reference Chloroflexi_bacterium_SCGC_AB-629-P13_gi_486344205_ref_NZ_: 2 total alignments. 1 total regions.
		Region: 1 to 26975 (26975 bp)
			Align 1: 1 9230 scaffold-542 9230 1
				Negative gap (overlap) between this and next alignment: 9230 to 9218 (-12 bp)
				Next Alignment: 9218 26967 scaffold-212 1 17750

			Previous gap was negative, modifying coordinates to ignore overlap
				Moving contig start from 1 to 14.
			Align 2: 9231 26967 scaffold-212 14 17750
			END in gap: 26967 to 26975 (8 bp)

	Reference Chloroflexi_bacterium_SCGC_AB-629-P13_gi_486334296_ref_NZ_: 3 total alignments. 1 total regions.
		Region: 1 to 18965 (18965 bp)
			Align 1: 1 18644 scaffold-255 141 18784
				The next alignment (102 1458 scaffold-674 16955 18311) is redundant. Skipping.
				The next alignment (1691 18644 scaffold-674 16954 1) is redundant. Skipping.

	Reference Chloroflexi_bacterium_SCGC_AB-629-P13_gi_486337922_ref_NZ_: 1 total alignments. 1 total regions.
		Region: 1 to 48554 (48554 bp)
			START in gap: 1 to 2 (1 bp)
			Align 1: 2 48542 scaffold-171 48541 1
			END in gap: 48542 to 48554 (12 bp)

	Reference Chloroflexi_bacterium_SCGC_AB-629-P13_gi_486341859_ref_NZ_: 1 total alignments. 1 total regions.
		Region: 1 to 1342 (1342 bp)
			START in gap: 1 to 12 (11 bp)
			Align 1: 12 1324 scaffold-33740 1 1313
			END in gap: 1324 to 1342 (18 bp)

	Reference Chloroflexi_bacterium_SCGC_AB-629-P13_gi_486338079_ref_NZ_: 1 total alignments. 1 total regions.
		Region: 1 to 5876 (5876 bp)
			START in gap: 1 to 1078 (1077 bp)
			Align 1: 1078 5650 scaffold-1083 63818 59246
			END in gap: 5650 to 5876 (226 bp)

	Reference Chloroflexi_bacterium_SCGC_AB-629-P13_gi_486335927_ref_NZ_: 3 total alignments. 1 total regions.
		Region: 1 to 10312 (10312 bp)
			Align 1: 1 1865 scaffold-1305 1865 1
				Gap between this and next alignment: 1865 to 1876 (10 bp)
				Next Alignment: 1876 5568 scaffold-1399 1 3693

			Align 2: 1876 5568 scaffold-1399 1 3693
				Gap between this and next alignment: 5568 to 5595 (26 bp)
				Next Alignment: 5595 10302 scaffold-1968 1 4708

			Align 3: 5595 10302 scaffold-1968 1 4708
			END in gap: 10302 to 10312 (10 bp)

	Reference Chloroflexi_bacterium_SCGC_AB-629-P13_gi_486340370_ref_NZ_: 1 total alignments. 1 total regions.
		Region: 1 to 1940 (1940 bp)
			START in gap: 1 to 11 (10 bp)
			Align 1: 11 1926 scaffold-2471 1 1916
			END in gap: 1926 to 1940 (14 bp)

	Reference Chloroflexi_bacterium_SCGC_AB-629-P13_gi_486335652_ref_NZ_: 1 total alignments. 1 total regions.
		Region: 1 to 62741 (62741 bp)
			Align 1: 1 62734 scaffold-172 215 62948
			END in gap: 62734 to 62741 (7 bp)

	Reference Chloroflexi_bacterium_SCGC_AB-629-P13_gi_486340494_ref_NZ_: 1 total alignments. 1 total regions.
		Region: 1 to 1733 (1733 bp)
			START in gap: 1 to 15 (14 bp)
			Align 1: 15 1723 scaffold-10306 1 1709
			END in gap: 1723 to 1733 (10 bp)

	Reference Chloroflexi_bacterium_SCGC_AB-629-P13_gi_486340399_ref_NZ_: 1 total alignments. 1 total regions.
		Region: 1 to 1755 (1755 bp)
			START in gap: 1 to 18 (17 bp)
			Align 1: 18 1754 scaffold-2324 1 1737
			END in gap: 1754 to 1755 (1 bp)

	Reference Chloroflexi_bacterium_SCGC_AB-629-P13_gi_486341195_ref_NZ_: 1 total alignments. 1 total regions.
		Region: 1 to 1535 (1535 bp)
			START in gap: 1 to 28 (27 bp)
			Align 1: 28 1516 scaffold-2866 1 1489
			END in gap: 1516 to 1535 (19 bp)

ERROR: Reference Chloroflexi_bacterium_SCGC_AB-629-P13_gi_486343066_ref_NZ_ does not have any alignments!  Check that this is the same file used for alignment.
ERROR: Alignment Reference Headers: ['Chloroflexi_bacterium_SCGC_AB-629-P13_gi_486340255_ref_NZ_', 'Chloroflexi_bacterium_SCGC_AB-629-P13_gi_486343639_ref_NZ_', 'Chloroflexi_bacterium_SCGC_AB-629-P13_gi_486336721_ref_NZ_', 'Chloroflexi_bacterium_SCGC_AB-629-P13_gi_486339898_ref_NZ_', 'Chloroflexi_bacterium_SCGC_AB-629-P13_gi_486338278_ref_NZ_', 'Chloroflexi_bacterium_SCGC_AB-629-P13_gi_486335614_ref_NZ_', 'Chloroflexi_bacterium_SCGC_AB-629-P13_gi_486340152_ref_NZ_', 'Chloroflexi_bacterium_SCGC_AB-629-P13_gi_486333049_ref_NZ_', 'Chloroflexi_bacterium_SCGC_AB-629-P13_gi_486335405_ref_NZ_', 'Chloroflexi_bacterium_SCGC_AB-629-P13_gi_486343815_ref_NZ_', 'Chloroflexi_bacterium_SCGC_AB-629-P13_gi_486335545_ref_NZ_', 'Chloroflexi_bacterium_SCGC_AB-629-P13_gi_486341017_ref_NZ_', 'Chloroflexi_bacterium_SCGC_AB-629-P13_gi_486344295_ref_NZ_', 'Chloroflexi_bacterium_SCGC_AB-629-P13_gi_486335073_ref_NZ_', 'Chloroflexi_bacterium_SCGC_AB-629-P13_gi_486344506_ref_NZ_', 'Chloroflexi_bacterium_SCGC_AB-629-P13_gi_486335927_ref_NZ_', 'Chloroflexi_bacterium_SCGC_AB-629-P13_gi_486337693_ref_NZ_', 'Chloroflexi_bacterium_SCGC_AB-629-P13_gi_486336483_ref_NZ_', 'Chloroflexi_bacterium_SCGC_AB-629-P13_gi_486332849_ref_NZ_', 'Chloroflexi_bacterium_SCGC_AB-629-P13_gi_486340218_ref_NZ_', 'Chloroflexi_bacterium_SCGC_AB-629-P13_gi_486339236_ref_NZ_', 'Chloroflexi_bacterium_SCGC_AB-629-P13_gi_486342077_ref_NZ_', 'Chloroflexi_bacterium_SCGC_AB-629-P13_gi_486340677_ref_NZ_', 'Chloroflexi_bacterium_SCGC_AB-629-P13_gi_486334592_ref_NZ_', 'Chloroflexi_bacterium_SCGC_AB-629-P13_gi_486342303_ref_NZ_', 'Chloroflexi_bacterium_SCGC_AB-629-P13_gi_486337135_ref_NZ_', 'Chloroflexi_bacterium_SCGC_AB-629-P13_gi_486340193_ref_NZ_', 'Chloroflexi_bacterium_SCGC_AB-629-P13_gi_486333486_ref_NZ_', 'Chloroflexi_bacterium_SCGC_AB-629-P13_gi_486344205_ref_NZ_', 'Chloroflexi_bacterium_SCGC_AB-629-P13_gi_486334296_ref_NZ_', 'Chloroflexi_bacterium_SCGC_AB-629-P13_gi_486342355_ref_NZ_', 'Chloroflexi_bacterium_SCGC_AB-629-P13_gi_486344039_ref_NZ_', 'Chloroflexi_bacterium_SCGC_AB-629-P13_gi_486341859_ref_NZ_', 'Chloroflexi_bacterium_SCGC_AB-629-P13_gi_486338079_ref_NZ_', 'Chloroflexi_bacterium_SCGC_AB-629-P13_gi_486338958_ref_NZ_', 'Chloroflexi_bacterium_SCGC_AB-629-P13_gi_486333972_ref_NZ_', 'Chloroflexi_bacterium_SCGC_AB-629-P13_gi_486340370_ref_NZ_', 'Chloroflexi_bacterium_SCGC_AB-629-P13_gi_486340494_ref_NZ_', 'Chloroflexi_bacterium_SCGC_AB-629-P13_gi_486340399_ref_NZ_', 'Chloroflexi_bacterium_SCGC_AB-629-P13_gi_486341195_ref_NZ_', 'Chloroflexi_bacterium_SCGC_AB-629-P13_gi_486341656_ref_NZ_', 'Chloroflexi_bacterium_SCGC_AB-629-P13_gi_486338732_ref_NZ_', 'Chloroflexi_bacterium_SCGC_AB-629-P13_gi_486333220_ref_NZ_', 'Chloroflexi_bacterium_SCGC_AB-629-P13_gi_486340238_ref_NZ_', 'Chloroflexi_bacterium_SCGC_AB-629-P13_gi_486343393_ref_NZ_', 'Chloroflexi_bacterium_SCGC_AB-629-P13_gi_486340833_ref_NZ_', 'Chloroflexi_bacterium_SCGC_AB-629-P13_gi_486337368_ref_NZ_', 'Chloroflexi_bacterium_SCGC_AB-629-P13_gi_486340024_ref_NZ_', 'Chloroflexi_bacterium_SCGC_AB-629-P13_gi_486336978_ref_NZ_', 'Chloroflexi_bacterium_SCGC_AB-629-P13_gi_486336302_ref_NZ_', 'Chloroflexi_bacterium_SCGC_AB-629-P13_gi_486337492_ref_NZ_', 'Chloroflexi_bacterium_SCGC_AB-629-P13_gi_486343234_ref_NZ_', 'Chloroflexi_bacterium_SCGC_AB-629-P13_gi_486341393_ref_NZ_', 'Chloroflexi_bacterium_SCGC_AB-629-P13_gi_486338497_ref_NZ_', 'Chloroflexi_bacterium_SCGC_AB-629-P13_gi_486340138_ref_NZ_', 'Chloroflexi_bacterium_SCGC_AB-629-P13_gi_486342567_ref_NZ_', 'Chloroflexi_bacterium_SCGC_AB-629-P13_gi_486337922_ref_NZ_', 'Chloroflexi_bacterium_SCGC_AB-629-P13_gi_486335652_ref_NZ_', 'Chloroflexi_bacterium_SCGC_AB-629-P13_gi_486334865_ref_NZ_', 'Chloroflexi_bacterium_SCGC_AB-629-P13_gi_486342708_ref_NZ_', 'Chloroflexi_bacterium_SCGC_AB-629-P13_gi_486342870_ref_NZ_', 'Chloroflexi_bacterium_SCGC_AB-629-P13_gi_486336058_ref_NZ_']
	Reference Chloroflexi_bacterium_SCGC_AB-629-P13_gi_486341656_ref_NZ_: 1 total alignments. 1 total regions.
		Region: 1 to 1406 (1406 bp)
			START in gap: 1 to 3 (2 bp)
			Align 1: 3 1404 scaffold-2948 1402 1
			END in gap: 1404 to 1406 (2 bp)

	Reference Chloroflexi_bacterium_SCGC_AB-629-P13_gi_486339898_ref_NZ_: 1 total alignments. 1 total regions.
		Region: 1 to 2420 (2420 bp)
			START in gap: 1 to 6 (5 bp)
			Align 1: 6 2404 scaffold-1664 1 2399
			END in gap: 2404 to 2420 (16 bp)

	Reference Chloroflexi_bacterium_SCGC_AB-629-P13_gi_486333220_ref_NZ_: 3 total alignments. 1 total regions.
		Region: 1 to 24421 (24421 bp)
			START in gap: 1 to 5 (4 bp)
			Align 1: 5 1736 scaffold-8552 1 1732
				Negative gap (overlap) between this and next alignment: 1736 to 864 (-872 bp)
				Next Alignment: 864 9324 scaffold-597 8491 31

			Previous gap was negative, modifying coordinates to ignore overlap
				Moving contig start from 8491 to 7618.
			Align 2: 1737 9324 scaffold-597 7618 31
				Gap between this and next alignment: 9324 to 9340 (15 bp)
				Next Alignment: 9340 24419 scaffold-1291 1 15080

			Align 3: 9340 24419 scaffold-1291 1 15080
			END in gap: 24419 to 24421 (2 bp)

	Reference Chloroflexi_bacterium_SCGC_AB-629-P13_gi_486340238_ref_NZ_: 1 total alignments. 1 total regions.
		Region: 1 to 1956 (1956 bp)
			START in gap: 1 to 5 (4 bp)
			Align 1: 5 1943 scaffold-2430 1 1939
			END in gap: 1943 to 1956 (13 bp)

	Reference Chloroflexi_bacterium_SCGC_AB-629-P13_gi_486343393_ref_NZ_: 1 total alignments. 1 total regions.
		Region: 1 to 37321 (37321 bp)
			START in gap: 1 to 12 (11 bp)
			Align 1: 12 37316 scaffold-447 37305 1
			END in gap: 37316 to 37321 (5 bp)

	Reference Chloroflexi_bacterium_SCGC_AB-629-P13_gi_486340833_ref_NZ_: 1 total alignments. 1 total regions.
		Region: 1 to 1587 (1587 bp)
			START in gap: 1 to 20 (19 bp)
			Align 1: 20 1570 scaffold-3375 1 1551
			END in gap: 1570 to 1587 (17 bp)

	Reference Chloroflexi_bacterium_SCGC_AB-629-P13_gi_486337368_ref_NZ_: 2 total alignments. 1 total regions.
		Region: 1 to 7144 (7144 bp)
			Align 1: 1 4111 scaffold-631 12494 8384
				Gap between this and next alignment: 4111 to 4298 (186 bp)
				Next Alignment: 4298 7134 scaffold-631 12495 15331

			Align 2: 4298 7134 scaffold-631 12495 15331
			END in gap: 7134 to 7144 (10 bp)

	Reference Chloroflexi_bacterium_SCGC_AB-629-P13_gi_486340024_ref_NZ_: 1 total alignments. 1 total regions.
		Region: 1 to 2182 (2182 bp)
			START in gap: 1 to 17 (16 bp)
			Align 1: 17 2163 scaffold-1838 1 2147
			END in gap: 2163 to 2182 (19 bp)

	Reference Chloroflexi_bacterium_SCGC_AB-629-P13_gi_486336978_ref_NZ_: 2 total alignments. 1 total regions.
		Region: 1 to 8313 (8313 bp)
			START in gap: 1 to 17 (16 bp)
			Align 1: 17 4176 scaffold-1242 4160 1
				Gap between this and next alignment: 4176 to 4195 (18 bp)
				Next Alignment: 4195 8299 scaffold-1062 4105 1

			Align 2: 4195 8299 scaffold-1062 4105 1
			END in gap: 8299 to 8313 (14 bp)

	Reference Chloroflexi_bacterium_SCGC_AB-629-P13_gi_486334865_ref_NZ_: 1 total alignments. 1 total regions.
		Region: 1 to 17925 (17925 bp)
			START in gap: 1 to 7 (6 bp)
			Align 1: 7 17924 scaffold-392 1 17918
			END in gap: 17924 to 17925 (1 bp)

	Reference Chloroflexi_bacterium_SCGC_AB-629-P13_gi_486337492_ref_NZ_: 1 total alignments. 1 total regions.
		Region: 1 to 7068 (7068 bp)
			Align 1: 1 7063 scaffold-674 18312 25374
			END in gap: 7063 to 7068 (5 bp)

	Reference Chloroflexi_bacterium_SCGC_AB-629-P13_gi_486343234_ref_NZ_: 1 total alignments. 1 total regions.
		Region: 1 to 1180 (1180 bp)
			START in gap: 1 to 5 (4 bp)
			Align 1: 5 1170 scaffold-3673 1 1166
			END in gap: 1170 to 1180 (10 bp)

	Reference Chloroflexi_bacterium_SCGC_AB-629-P13_gi_486341393_ref_NZ_: 4 total alignments. 1 total regions.
		Region: 1 to 39432 (39432 bp)
			Align 1: 1 34378 scaffold-1083 131 34508
				Negative gap (overlap) between this and next alignment: 34378 to 1 (-34377 bp)
				Next Alignment: 1 39378 scaffold-195 39378 1

			Previous gap was negative, modifying coordinates to ignore overlap
				Moving contig start from 39378 to 5000.
			Align 2: 34379 39378 scaffold-195 5000 1
				The next alignment (28032 28161 scaffold-1083 1 130) is redundant. Skipping.
				The next alignment (34537 39337 scaffold-1083 39309 34509) is redundant. Skipping.

	Reference Chloroflexi_bacterium_SCGC_AB-629-P13_gi_486338497_ref_NZ_: 1 total alignments. 1 total regions.
		Region: 1 to 5520 (5520 bp)
			START in gap: 1 to 16 (15 bp)
			Align 1: 16 5502 scaffold-884 5487 1
			END in gap: 5502 to 5520 (18 bp)

	Reference Chloroflexi_bacterium_SCGC_AB-629-P13_gi_486332849_ref_NZ_: 5 total alignments. 1 total regions.
		Region: 1 to 118480 (118480 bp)
			START in gap: 1 to 7 (6 bp)
			Align 1: 7 76092 scaffold-140 1 76086
				Negative gap (overlap) between this and next alignment: 76092 to 75912 (-180 bp)
				Next Alignment: 75912 76610 scaffold-38100 1 699

			Previous gap was negative, modifying coordinates to ignore overlap
				Moving contig start from 1 to 182.
			Align 2: 76093 76610 scaffold-38100 182 699
				Gap between this and next alignment: 76610 to 77360 (749 bp)
				Next Alignment: 77360 77969 scaffold-97170 1 610

			Align 3: 77360 77969 scaffold-97170 1 610
				Negative gap (overlap) between this and next alignment: 77969 to 77789 (-180 bp)
				Next Alignment: 77789 82125 scaffold-1195 1 4337

			Previous gap was negative, modifying coordinates to ignore overlap
				Moving contig start from 1 to 182.
			Align 4: 77970 82125 scaffold-1195 182 4337
				Negative gap (overlap) between this and next alignment: 82125 to 82044 (-81 bp)
				Next Alignment: 82044 118470 scaffold-190 36427 1

			Previous gap was negative, modifying coordinates to ignore overlap
				Moving contig start from 36427 to 36345.
			Align 5: 82126 118470 scaffold-190 36345 1
			END in gap: 118470 to 118480 (10 bp)

	Reference Chloroflexi_bacterium_SCGC_AB-629-P13_gi_486340138_ref_NZ_: 1 total alignments. 1 total regions.
		Region: 1 to 1997 (1997 bp)
			Align 1: 1 1988 scaffold-7688 1988 1
			END in gap: 1988 to 1997 (9 bp)

	Reference Chloroflexi_bacterium_SCGC_AB-629-P13_gi_486342567_ref_NZ_: 1 total alignments. 1 total regions.
		Region: 1 to 1228 (1228 bp)
			START in gap: 1 to 26 (25 bp)
			Align 1: 26 1133 scaffold-76245 10676 9569
			END in gap: 1133 to 1228 (95 bp)

	Reference Chloroflexi_bacterium_SCGC_AB-629-P13_gi_486344039_ref_NZ_: 1 total alignments. 1 total regions.
		Region: 1 to 1001 (1001 bp)
			START in gap: 1 to 4 (3 bp)
			Align 1: 4 987 scaffold-10783 984 1
			END in gap: 987 to 1001 (14 bp)

	Reference Chloroflexi_bacterium_SCGC_AB-629-P13_gi_486341017_ref_NZ_: 1 total alignments. 1 total regions.
		Region: 1 to 1578 (1578 bp)
			START in gap: 1 to 4 (3 bp)
			Align 1: 4 1573 scaffold-2767 1570 1
			END in gap: 1573 to 1578 (5 bp)

	Reference Chloroflexi_bacterium_SCGC_AB-629-P13_gi_486336302_ref_NZ_: 2 total alignments. 1 total regions.
		Region: 1 to 9672 (9672 bp)
			START in gap: 1 to 96 (95 bp)
			Align 1: 96 3184 scaffold-76245 6480 9568
				Negative gap (overlap) between this and next alignment: 3184 to 3180 (-4 bp)
				Next Alignment: 3180 9658 scaffold-76245 6479 1

			Previous gap was negative, modifying coordinates to ignore overlap
				Moving contig start from 6479 to 6474.
			Align 2: 3185 9658 scaffold-76245 6474 1
			END in gap: 9658 to 9672 (14 bp)

	Reference Chloroflexi_bacterium_SCGC_AB-629-P13_gi_486342708_ref_NZ_: 1 total alignments. 1 total regions.
		Region: 1 to 1163 (1163 bp)
			START in gap: 1 to 6 (5 bp)
			Align 1: 6 1158 scaffold-66202 1 1153
			END in gap: 1158 to 1163 (5 bp)

	Reference Chloroflexi_bacterium_SCGC_AB-629-P13_gi_486342870_ref_NZ_: 1 total alignments. 1 total regions.
		Region: 1 to 1152 (1152 bp)
			START in gap: 1 to 6 (5 bp)
			Align 1: 6 1057 scaffold-7688 3040 1989
			END in gap: 1057 to 1152 (95 bp)

	Reference Chloroflexi_bacterium_SCGC_AB-629-P13_gi_486336058_ref_NZ_: 1 total alignments. 1 total regions.
		Region: 1 to 9848 (9848 bp)
			START in gap: 1 to 3 (2 bp)
			Align 1: 3 9835 scaffold-469 9833 1
			END in gap: 9835 to 9848 (13 bp)

Analysis is finished!
Founded SNPs were written into /Molly/gurevich/MetaQUAST/res_final/res_cami_final/runs_per_reference/Chloroflexi_bacterium_SCGC_AB-629-P13/contigs_reports/nucmer_output/Ray.used_snps

Results:
	Local Misassemblies: 0
	Misassemblies: 19
		Relocations: 6
		Translocations: 9
		Inversions: 4
	Fake misassemblies matched with structural variations: 0
	Misassembled Contigs: 12
	Misassembled Contig Bases: 226327
	Misassemblies Inter-Contig Overlap: 0
Uncovered Regions: 0 (0)
Unaligned Contigs: 0 + 0 part
Partially Unaligned Contigs with Misassemblies: 0
Unaligned Contig Bases: 0

Ambiguously Mapped Contigs: 0
Total Bases in Ambiguously Mapped Contigs: 0
Note that --allow-ambiguity option was set to "one" and only first alignment per each contig was used.

	Covered Bases: 824619

	SNPs: 0
	Insertions: 0
	Deletions: 33

	Positive Gaps: 117
		Internal Gaps:  3
		External Gaps:  114
		External Gap Total:  5162
		External Gap Average: 45
	Negative Gaps: 10
		Internal Overlaps:  3
		External Overlaps:  7
		External Overlaps Total: -35725
		External Overlaps Average: -5104
	Contigs with Redundant Alignments: 3 (33528)
