Aligning contigs to reference...
	Using existing Nucmer alignments...
Parsing coords...
Loading reference...
	Loaded [Chloroflexi_bacterium_SCGC_AB-629-P13_gi_486332849_ref_NZ_]
	Loaded [Chloroflexi_bacterium_SCGC_AB-629-P13_gi_486333049_ref_NZ_]
	Loaded [Chloroflexi_bacterium_SCGC_AB-629-P13_gi_486333220_ref_NZ_]
	Loaded [Chloroflexi_bacterium_SCGC_AB-629-P13_gi_486333486_ref_NZ_]
	Loaded [Chloroflexi_bacterium_SCGC_AB-629-P13_gi_486333972_ref_NZ_]
	Loaded [Chloroflexi_bacterium_SCGC_AB-629-P13_gi_486334296_ref_NZ_]
	Loaded [Chloroflexi_bacterium_SCGC_AB-629-P13_gi_486334592_ref_NZ_]
	Loaded [Chloroflexi_bacterium_SCGC_AB-629-P13_gi_486334865_ref_NZ_]
	Loaded [Chloroflexi_bacterium_SCGC_AB-629-P13_gi_486335073_ref_NZ_]
	Loaded [Chloroflexi_bacterium_SCGC_AB-629-P13_gi_486335405_ref_NZ_]
	Loaded [Chloroflexi_bacterium_SCGC_AB-629-P13_gi_486335545_ref_NZ_]
	Loaded [Chloroflexi_bacterium_SCGC_AB-629-P13_gi_486335614_ref_NZ_]
	Loaded [Chloroflexi_bacterium_SCGC_AB-629-P13_gi_486335652_ref_NZ_]
	Loaded [Chloroflexi_bacterium_SCGC_AB-629-P13_gi_486335927_ref_NZ_]
	Loaded [Chloroflexi_bacterium_SCGC_AB-629-P13_gi_486336058_ref_NZ_]
	Loaded [Chloroflexi_bacterium_SCGC_AB-629-P13_gi_486336302_ref_NZ_]
	Loaded [Chloroflexi_bacterium_SCGC_AB-629-P13_gi_486336483_ref_NZ_]
	Loaded [Chloroflexi_bacterium_SCGC_AB-629-P13_gi_486336721_ref_NZ_]
	Loaded [Chloroflexi_bacterium_SCGC_AB-629-P13_gi_486336978_ref_NZ_]
	Loaded [Chloroflexi_bacterium_SCGC_AB-629-P13_gi_486337135_ref_NZ_]
	Loaded [Chloroflexi_bacterium_SCGC_AB-629-P13_gi_486337368_ref_NZ_]
	Loaded [Chloroflexi_bacterium_SCGC_AB-629-P13_gi_486337492_ref_NZ_]
	Loaded [Chloroflexi_bacterium_SCGC_AB-629-P13_gi_486337693_ref_NZ_]
	Loaded [Chloroflexi_bacterium_SCGC_AB-629-P13_gi_486337922_ref_NZ_]
	Loaded [Chloroflexi_bacterium_SCGC_AB-629-P13_gi_486338079_ref_NZ_]
	Loaded [Chloroflexi_bacterium_SCGC_AB-629-P13_gi_486338278_ref_NZ_]
	Loaded [Chloroflexi_bacterium_SCGC_AB-629-P13_gi_486338497_ref_NZ_]
	Loaded [Chloroflexi_bacterium_SCGC_AB-629-P13_gi_486338732_ref_NZ_]
	Loaded [Chloroflexi_bacterium_SCGC_AB-629-P13_gi_486338958_ref_NZ_]
	Loaded [Chloroflexi_bacterium_SCGC_AB-629-P13_gi_486339236_ref_NZ_]
	Loaded [Chloroflexi_bacterium_SCGC_AB-629-P13_gi_486339898_ref_NZ_]
	Loaded [Chloroflexi_bacterium_SCGC_AB-629-P13_gi_486340024_ref_NZ_]
	Loaded [Chloroflexi_bacterium_SCGC_AB-629-P13_gi_486340138_ref_NZ_]
	Loaded [Chloroflexi_bacterium_SCGC_AB-629-P13_gi_486340152_ref_NZ_]
	Loaded [Chloroflexi_bacterium_SCGC_AB-629-P13_gi_486340193_ref_NZ_]
	Loaded [Chloroflexi_bacterium_SCGC_AB-629-P13_gi_486340218_ref_NZ_]
	Loaded [Chloroflexi_bacterium_SCGC_AB-629-P13_gi_486340238_ref_NZ_]
	Loaded [Chloroflexi_bacterium_SCGC_AB-629-P13_gi_486340255_ref_NZ_]
	Loaded [Chloroflexi_bacterium_SCGC_AB-629-P13_gi_486340370_ref_NZ_]
	Loaded [Chloroflexi_bacterium_SCGC_AB-629-P13_gi_486340399_ref_NZ_]
	Loaded [Chloroflexi_bacterium_SCGC_AB-629-P13_gi_486340494_ref_NZ_]
	Loaded [Chloroflexi_bacterium_SCGC_AB-629-P13_gi_486340677_ref_NZ_]
	Loaded [Chloroflexi_bacterium_SCGC_AB-629-P13_gi_486340833_ref_NZ_]
	Loaded [Chloroflexi_bacterium_SCGC_AB-629-P13_gi_486341017_ref_NZ_]
	Loaded [Chloroflexi_bacterium_SCGC_AB-629-P13_gi_486341195_ref_NZ_]
	Loaded [Chloroflexi_bacterium_SCGC_AB-629-P13_gi_486341393_ref_NZ_]
	Loaded [Chloroflexi_bacterium_SCGC_AB-629-P13_gi_486341656_ref_NZ_]
	Loaded [Chloroflexi_bacterium_SCGC_AB-629-P13_gi_486341859_ref_NZ_]
	Loaded [Chloroflexi_bacterium_SCGC_AB-629-P13_gi_486342077_ref_NZ_]
	Loaded [Chloroflexi_bacterium_SCGC_AB-629-P13_gi_486342303_ref_NZ_]
	Loaded [Chloroflexi_bacterium_SCGC_AB-629-P13_gi_486342355_ref_NZ_]
	Loaded [Chloroflexi_bacterium_SCGC_AB-629-P13_gi_486342567_ref_NZ_]
	Loaded [Chloroflexi_bacterium_SCGC_AB-629-P13_gi_486342708_ref_NZ_]
	Loaded [Chloroflexi_bacterium_SCGC_AB-629-P13_gi_486342870_ref_NZ_]
	Loaded [Chloroflexi_bacterium_SCGC_AB-629-P13_gi_486343066_ref_NZ_]
	Loaded [Chloroflexi_bacterium_SCGC_AB-629-P13_gi_486343234_ref_NZ_]
	Loaded [Chloroflexi_bacterium_SCGC_AB-629-P13_gi_486343393_ref_NZ_]
	Loaded [Chloroflexi_bacterium_SCGC_AB-629-P13_gi_486343639_ref_NZ_]
	Loaded [Chloroflexi_bacterium_SCGC_AB-629-P13_gi_486343815_ref_NZ_]
	Loaded [Chloroflexi_bacterium_SCGC_AB-629-P13_gi_486344039_ref_NZ_]
	Loaded [Chloroflexi_bacterium_SCGC_AB-629-P13_gi_486344205_ref_NZ_]
	Loaded [Chloroflexi_bacterium_SCGC_AB-629-P13_gi_486344295_ref_NZ_]
	Loaded [Chloroflexi_bacterium_SCGC_AB-629-P13_gi_486344506_ref_NZ_]
Loading SNPs...
Loading regions...
	No regions given, using whole reference.
	Total Regions: 63
	Total Region Length: 842801
Analyzing contigs...
CONTIG: scaffold_3128 (3392bp)
Top Length: 1198  Top ID: 100.0
		This contig is partially unaligned. (Aligned 1198 out of 3392 bases)
		Alignment: 4 1201 | 1 1198 | 1198 1198 | 100.0 | Chloroflexi_bacterium_SCGC_AB-629-P13_gi_486341859_ref_NZ_ scaffold_3128
		Unaligned bases: 1199 to 3392 (2194)
		This contig has both significant aligned and unaligned parts (of length >= min-contig)! It can contain interspecies translocations

CONTIG: scaffold_365 (28824bp)
Top Length: 26973  Top ID: 100.0
		This contig is misassembled. 2 total aligns.
			Excluding internal overlap of size 50 between Alignment 1 and 2:  1 1901 | 1901 1 | 1901 1901 --> 51 1901 | 1851 1 | 1851 1851
			Real Alignment 1: 51 1901 | 1851 1 | 1851 1851 | 100.0 | Chloroflexi_bacterium_SCGC_AB-629-P13_gi_486340255_ref_NZ_ scaffold_365
			  Extensive misassembly ( translocation ) between these two alignments
			Real Alignment 2: 1 26973 | 1852 28824 | 26973 26973 | 100.0 | Chloroflexi_bacterium_SCGC_AB-629-P13_gi_486344205_ref_NZ_ scaffold_365

CONTIG: scaffold_3782 (2812bp)
Top Length: 1573  Top ID: 100.0
		This contig is misassembled. 2 total aligns.
			Excluding internal overlap of size 43 between Alignment 1 and 2:  1 1282 | 1282 1 | 1282 1282 --> 44 1282 | 1239 1 | 1239 1239
			Real Alignment 1: 44 1282 | 1239 1 | 1239 1239 | 100.0 | Chloroflexi_bacterium_SCGC_AB-629-P13_gi_486342355_ref_NZ_ scaffold_3782
			  Extensive misassembly ( translocation ) between these two alignments
			Real Alignment 2: 1 1573 | 1240 2812 | 1573 1573 | 100.0 | Chloroflexi_bacterium_SCGC_AB-629-P13_gi_486341017_ref_NZ_ scaffold_3782

CONTIG: scaffold_8420 (1208bp)
Top Length: 1208  Top ID: 100.0
		Marking as insignificant: 3091 3184 | 1208 1115 | 94 94 | 100.0 | Chloroflexi_bacterium_SCGC_AB-629-P13_gi_486336302_ref_NZ_ scaffold_8420
		One align captures most of this contig: 20 1227 | 1 1208 | 1208 1208 | 100.0 | Chloroflexi_bacterium_SCGC_AB-629-P13_gi_486342567_ref_NZ_ scaffold_8420

CONTIG: scaffold_415 (26543bp)
Top Length: 19869  Top ID: 100.0
		Skipping redundant alignment 2270 2373 | 105 1 | 104 105 | 97.14 | Chloroflexi_bacterium_SCGC_AB-629-P13_gi_486335614_ref_NZ_ scaffold_415
		Skipping redundant alignment 19934 20028 | 10048 10142 | 95 95 | 100.0 | Chloroflexi_bacterium_SCGC_AB-629-P13_gi_486333972_ref_NZ_ scaffold_415
		Skipping redundant alignment 34371 34469 | 26445 26543 | 99 99 | 100.0 | Chloroflexi_bacterium_SCGC_AB-629-P13_gi_486341393_ref_NZ_ scaffold_415
		This contig is misassembled. 6 total aligns.
			Excluding internal overlap of size 1259 between Alignment 1 and 2:  3 2285 | 1 2283 | 2283 2283 --> 3 1026 | 1 1024 | 1024 1024
			Real Alignment 1: 3 1026 | 1 1024 | 1024 1024 | 100.0 | Chloroflexi_bacterium_SCGC_AB-629-P13_gi_486335614_ref_NZ_ scaffold_415
			  Extensive misassembly ( translocation ) between these two alignments
			Excluding internal overlap of size 226 between Alignment 2 and 3:  1 5876 | 1025 6900 | 5876 5876 --> 1 5650 | 1025 6674 | 5650 5650
			Real Alignment 2: 1 5650 | 1025 6674 | 5650 5650 | 100.0 | Chloroflexi_bacterium_SCGC_AB-629-P13_gi_486338079_ref_NZ_ scaffold_415
			  Extensive misassembly ( translocation ) between these two alignments
			Real Alignment 3: 68 19936 | 26543 6675 | 19869 19869 | 100.0 | Chloroflexi_bacterium_SCGC_AB-629-P13_gi_486333972_ref_NZ_ scaffold_415

CONTIG: scaffold_763 (15339bp)
Top Length: 8383  Top ID: 100.0
		Skipping redundant alignment 2370 2479 | 111 1 | 110 111 | 96.4 | Chloroflexi_bacterium_SCGC_AB-629-P13_gi_486336721_ref_NZ_ scaffold_763
		Skipping redundant alignment 1 112 | 2479 2369 | 112 111 | 96.43 | Chloroflexi_bacterium_SCGC_AB-629-P13_gi_486336721_ref_NZ_ scaffold_763
		This contig is misassembled. 5 total aligns.
			Excluding internal overlap of size 95 between Alignment 1 and 2:  1 4206 | 12494 8289 | 4206 4206 --> 1 4111 | 12494 8384 | 4111 4111
			Real Alignment 1: 2 8384 | 1 8383 | 8383 8383 | 100.0 | Chloroflexi_bacterium_SCGC_AB-629-P13_gi_486336721_ref_NZ_ scaffold_763
			  Extensive misassembly ( translocation ) between these two alignments
			Excluding internal overlap of size 95 between Alignment 2 and 3:  4203 7142 | 12400 15339 | 2940 2940 --> 4298 7142 | 12495 15339 | 2845 2845
			Real Alignment 2: 1 4111 | 12494 8384 | 4111 4111 | 100.0 | Chloroflexi_bacterium_SCGC_AB-629-P13_gi_486337368_ref_NZ_ scaffold_763
			  Extensive misassembly ( inversion ) between these two alignments
			Real Alignment 3: 4298 7142 | 12495 15339 | 2845 2845 | 100.0 | Chloroflexi_bacterium_SCGC_AB-629-P13_gi_486337368_ref_NZ_ scaffold_763

CONTIG: scaffold_434 (25562bp)
Top Length: 25562  Top ID: 100.0
		Marking as insignificant: 17620 17702 | 25562 25480 | 83 83 | 98.8 | Chloroflexi_bacterium_SCGC_AB-629-P13_gi_486344295_ref_NZ_ scaffold_434
		Marking as insignificant: 5693 5784 | 92 1 | 92 92 | 100.0 | Chloroflexi_bacterium_SCGC_AB-629-P13_gi_486344295_ref_NZ_ scaffold_434
		Marking as insignificant: 1 95 | 5784 5690 | 95 95 | 100.0 | Chloroflexi_bacterium_SCGC_AB-629-P13_gi_486344295_ref_NZ_ scaffold_434
		Marking as insignificant: 25483 25581 | 17699 17601 | 99 99 | 98.99 | Chloroflexi_bacterium_SCGC_AB-629-P13_gi_486344295_ref_NZ_ scaffold_434
		One align captures most of this contig: 4 25565 | 1 25562 | 25562 25562 | 100.0 | Chloroflexi_bacterium_SCGC_AB-629-P13_gi_486344295_ref_NZ_ scaffold_434

CONTIG: scaffold_787 (14814bp)
Top Length: 11010  Top ID: 100.0
		Skipping redundant alignment 1 102 | 5 107 | 102 103 | 98.06 | Chloroflexi_bacterium_SCGC_AB-629-P13_gi_486334592_ref_NZ_ scaffold_787
		Skipping redundant alignment 12521 12600 | 96 175 | 80 80 | 100.0 | Chloroflexi_bacterium_SCGC_AB-629-P13_gi_486334592_ref_NZ_ scaffold_787
		This contig is misassembled. 4 total aligns.
			Excluding internal overlap of size 221 between Alignment 1 and 2:  14306 18330 | 1 4025 | 4025 4025 --> 14306 18109 | 1 3804 | 3804 3804
			Real Alignment 1: 14306 18109 | 1 3804 | 3804 3804 | 100.0 | Chloroflexi_bacterium_SCGC_AB-629-P13_gi_486334592_ref_NZ_ scaffold_787
			  Extensive misassembly ( translocation ) between these two alignments
			Real Alignment 2: 6502 17511 | 14814 3805 | 11010 11010 | 100.0 | Chloroflexi_bacterium_SCGC_AB-629-P13_gi_486340193_ref_NZ_ scaffold_787

CONTIG: scaffold_1078 (10279bp)
Top Length: 10279  Top ID: 100.0
		Marking as insignificant: 14401 14480 | 8396 8475 | 80 80 | 100.0 | Chloroflexi_bacterium_SCGC_AB-629-P13_gi_486334592_ref_NZ_ scaffold_1078
		Marking as insignificant: 1 95 | 10185 10279 | 95 95 | 100.0 | Chloroflexi_bacterium_SCGC_AB-629-P13_gi_486334592_ref_NZ_ scaffold_1078
		One align captures most of this contig: 4126 14404 | 1 10279 | 10279 10279 | 100.0 | Chloroflexi_bacterium_SCGC_AB-629-P13_gi_486334592_ref_NZ_ scaffold_1078

CONTIG: scaffold_2808 (3737bp)
Top Length: 3733  Top ID: 100.0
		Marking as insignificant: 14306 14412 | 3737 3632 | 107 106 | 98.13 | Chloroflexi_bacterium_SCGC_AB-629-P13_gi_486334592_ref_NZ_ scaffold_2808
		One align captures most of this contig: 1 3733 | 3733 1 | 3733 3733 | 100.0 | Chloroflexi_bacterium_SCGC_AB-629-P13_gi_486334592_ref_NZ_ scaffold_2808

CONTIG: scaffold_5514 (1919bp)
Top Length: 1919  Top ID: 100.0
		One align captures most of this contig: 8 1926 | 1919 1 | 1919 1919 | 100.0 | Chloroflexi_bacterium_SCGC_AB-629-P13_gi_486340370_ref_NZ_ scaffold_5514

CONTIG: scaffold_6884 (1506bp)
Top Length: 1506  Top ID: 100.0
		One align captures most of this contig: 13 1518 | 1506 1 | 1506 1506 | 100.0 | Chloroflexi_bacterium_SCGC_AB-629-P13_gi_486341195_ref_NZ_ scaffold_6884

CONTIG: scaffold_298 (34467bp)
Top Length: 34467  Top ID: 100.0
		Marking as insignificant: 39338 39432 | 34376 34282 | 95 95 | 100.0 | Chloroflexi_bacterium_SCGC_AB-629-P13_gi_486341393_ref_NZ_ scaffold_298
		Marking as insignificant: 1 95 | 28160 28254 | 95 95 | 100.0 | Chloroflexi_bacterium_SCGC_AB-629-P13_gi_486341393_ref_NZ_ scaffold_298
		Marking as insignificant: 68 166 | 34467 34369 | 99 99 | 100.0 | Chloroflexi_bacterium_SCGC_AB-629-P13_gi_486333972_ref_NZ_ scaffold_298
		Marking as insignificant: 1 99 | 6163 6064 | 99 100 | 99.0 | Chloroflexi_bacterium_SCGC_AB-629-P13_gi_486343066_ref_NZ_ scaffold_298
		One align captures most of this contig: 3 34469 | 1 34467 | 34467 34467 | 100.0 | Chloroflexi_bacterium_SCGC_AB-629-P13_gi_486341393_ref_NZ_ scaffold_298

CONTIG: scaffold_2082 (5055bp)
Top Length: 5055  Top ID: 100.0
		Marking as insignificant: 34291 34378 | 1 88 | 88 88 | 100.0 | Chloroflexi_bacterium_SCGC_AB-629-P13_gi_486341393_ref_NZ_ scaffold_2082
		Marking as insignificant: 1 166 | 4890 5055 | 166 166 | 100.0 | Chloroflexi_bacterium_SCGC_AB-629-P13_gi_486333972_ref_NZ_ scaffold_2082
		One align captures most of this contig: 34371 39425 | 5055 1 | 5055 5055 | 100.0 | Chloroflexi_bacterium_SCGC_AB-629-P13_gi_486341393_ref_NZ_ scaffold_2082

CONTIG: scaffold_275 (37299bp)
Top Length: 37299  Top ID: 100.0
		Marking as insignificant: 31291 31369 | 1 79 | 79 79 | 100.0 | Chloroflexi_bacterium_SCGC_AB-629-P13_gi_486343393_ref_NZ_ scaffold_275
		Marking as insignificant: 37227 37321 | 5937 6031 | 95 95 | 100.0 | Chloroflexi_bacterium_SCGC_AB-629-P13_gi_486343393_ref_NZ_ scaffold_275
		One align captures most of this contig: 7 37305 | 37299 1 | 37299 37299 | 100.0 | Chloroflexi_bacterium_SCGC_AB-629-P13_gi_486343393_ref_NZ_ scaffold_275

CONTIG: scaffold_8722 (1157bp)
Top Length: 1157  Top ID: 100.0
		One align captures most of this contig: 4 1160 | 1157 1 | 1157 1157 | 100.0 | Chloroflexi_bacterium_SCGC_AB-629-P13_gi_486342708_ref_NZ_ scaffold_8722

CONTIG: scaffold_3763 (2829bp)
Top Length: 2829  Top ID: 100.0
		One align captures most of this contig: 2 2830 | 2829 1 | 2829 2829 | 100.0 | Chloroflexi_bacterium_SCGC_AB-629-P13_gi_486339236_ref_NZ_ scaffold_3763

CONTIG: scaffold_670 (17365bp)
Top Length: 17365  Top ID: 100.0
		One align captures most of this contig: 5 17369 | 1 17365 | 17365 17365 | 100.0 | Chloroflexi_bacterium_SCGC_AB-629-P13_gi_486335073_ref_NZ_ scaffold_670

CONTIG: scaffold_441 (25372bp)
Top Length: 25372  Top ID: 100.0
		One align captures most of this contig: 1 25372 | 25372 1 | 25372 25372 | 100.0 | Chloroflexi_bacterium_SCGC_AB-629-P13_gi_486344506_ref_NZ_ scaffold_441

CONTIG: scaffold_203 (48546bp)
Top Length: 48546  Top ID: 100.0
		Marking as insignificant: 5184 5275 | 48455 48546 | 92 92 | 100.0 | Chloroflexi_bacterium_SCGC_AB-629-P13_gi_486337922_ref_NZ_ scaffold_203
		Marking as insignificant: 1 95 | 43272 43366 | 95 95 | 100.0 | Chloroflexi_bacterium_SCGC_AB-629-P13_gi_486337922_ref_NZ_ scaffold_203
		One align captures most of this contig: 4 48549 | 48546 1 | 48546 48546 | 100.0 | Chloroflexi_bacterium_SCGC_AB-629-P13_gi_486337922_ref_NZ_ scaffold_203

CONTIG: scaffold_9437 (1054bp)
Top Length: 1054  Top ID: 100.0
		One align captures most of this contig: 3 1056 | 1054 1 | 1054 1054 | 100.0 | Chloroflexi_bacterium_SCGC_AB-629-P13_gi_486343639_ref_NZ_ scaffold_9437

CONTIG: scaffold_2049 (5148bp)
Top Length: 5148  Top ID: 100.0
		Marking as insignificant: 5504 5579 | 5134 5059 | 76 76 | 96.05 | Chloroflexi_bacterium_SCGC_AB-629-P13_gi_486335614_ref_NZ_ scaffold_2049
		Marking as insignificant: 5523 5612 | 5148 5059 | 90 90 | 96.67 | Chloroflexi_bacterium_SCGC_AB-629-P13_gi_486335614_ref_NZ_ scaffold_2049
		One align captures most of this contig: 5655 10802 | 5148 1 | 5148 5148 | 100.0 | Chloroflexi_bacterium_SCGC_AB-629-P13_gi_486335614_ref_NZ_ scaffold_2049

CONTIG: scaffold_3125 (3393bp)
Top Length: 3393  Top ID: 100.0
		Marking as insignificant: 5636 5714 | 79 1 | 79 79 | 100.0 | Chloroflexi_bacterium_SCGC_AB-629-P13_gi_486335614_ref_NZ_ scaffold_3125
		Marking as insignificant: 1164 1259 | 3393 3298 | 96 96 | 100.0 | Chloroflexi_bacterium_SCGC_AB-629-P13_gi_486338079_ref_NZ_ scaffold_3125
		Marking as insignificant: 1 107 | 3208 3313 | 107 106 | 97.2 | Chloroflexi_bacterium_SCGC_AB-629-P13_gi_486335614_ref_NZ_ scaffold_3125
		This contig has 2 significant alignments. [An ambiguously mapped contig]
		Using only first of these alignment (option --ambiguity-usage is set to "one"):
		Alignment: 2190 5582 | 3393 1 | 3393 3393 | 100.0 | Chloroflexi_bacterium_SCGC_AB-629-P13_gi_486335614_ref_NZ_ scaffold_3125
		Skipping alignment  2190 5615 | 3393 1 | 3426 3393 | 99.04 | Chloroflexi_bacterium_SCGC_AB-629-P13_gi_486335614_ref_NZ_ scaffold_3125

CONTIG: scaffold_2016 (5243bp)
Top Length: 5243  Top ID: 100.0
		Marking as insignificant: 5698 5781 | 1 84 | 84 84 | 100.0 | Chloroflexi_bacterium_SCGC_AB-629-P13_gi_486335545_ref_NZ_ scaffold_2016
		Marking as insignificant: 5864 6154 | 5243 4953 | 291 291 | 100.0 | Chloroflexi_bacterium_SCGC_AB-629-P13_gi_486337693_ref_NZ_ scaffold_2016
		One align captures most of this contig: 5778 11020 | 5243 1 | 5243 5243 | 100.0 | Chloroflexi_bacterium_SCGC_AB-629-P13_gi_486335545_ref_NZ_ scaffold_2016

CONTIG: scaffold_2034 (5191bp)
Top Length: 5191  Top ID: 100.0
		Marking as insignificant: 10937 11031 | 5096 5002 | 95 95 | 100.0 | Chloroflexi_bacterium_SCGC_AB-629-P13_gi_486335545_ref_NZ_ scaffold_2034
		Marking as insignificant: 5864 5962 | 5093 5191 | 99 99 | 100.0 | Chloroflexi_bacterium_SCGC_AB-629-P13_gi_486337693_ref_NZ_ scaffold_2034
		One align captures most of this contig: 686 5876 | 1 5191 | 5191 5191 | 100.0 | Chloroflexi_bacterium_SCGC_AB-629-P13_gi_486335545_ref_NZ_ scaffold_2034

CONTIG: scaffold_13942 (655bp)
Top Length: 655  Top ID: 99.85
		One align captures most of this contig: 29 683 | 1 655 | 655 655 | 99.85 | Chloroflexi_bacterium_SCGC_AB-629-P13_gi_486335545_ref_NZ_ scaffold_13942

CONTIG: scaffold_5266 (2021bp)
Top Length: 2021  Top ID: 100.0
		One align captures most of this contig: 3 2023 | 2021 1 | 2021 2021 | 100.0 | Chloroflexi_bacterium_SCGC_AB-629-P13_gi_486340152_ref_NZ_ scaffold_5266

CONTIG: scaffold_2541 (4166bp)
Top Length: 4166  Top ID: 100.0
		One align captures most of this contig: 12 4177 | 1 4166 | 4166 4166 | 100.0 | Chloroflexi_bacterium_SCGC_AB-629-P13_gi_486336978_ref_NZ_ scaffold_2541

CONTIG: scaffold_2565 (4117bp)
Top Length: 4117  Top ID: 100.0
		One align captures most of this contig: 4185 8301 | 1 4117 | 4117 4117 | 100.0 | Chloroflexi_bacterium_SCGC_AB-629-P13_gi_486336978_ref_NZ_ scaffold_2565

CONTIG: scaffold_3502 (3045bp)
Top Length: 1988  Top ID: 100.0
		This contig is misassembled. 2 total aligns.
			Excluding internal overlap of size 95 between Alignment 1 and 2:  1 1152 | 1 1152 | 1152 1152 --> 1 1057 | 1 1057 | 1057 1057
			Real Alignment 1: 1 1057 | 1 1057 | 1057 1057 | 100.0 | Chloroflexi_bacterium_SCGC_AB-629-P13_gi_486342870_ref_NZ_ scaffold_3502
			  Extensive misassembly ( translocation ) between these two alignments
			Real Alignment 2: 1 1988 | 1058 3045 | 1988 1988 | 100.0 | Chloroflexi_bacterium_SCGC_AB-629-P13_gi_486340138_ref_NZ_ scaffold_3502

CONTIG: scaffold_8642 (1170bp)
Top Length: 1170  Top ID: 100.0
		One align captures most of this contig: 2 1171 | 1170 1 | 1170 1170 | 100.0 | Chloroflexi_bacterium_SCGC_AB-629-P13_gi_486343234_ref_NZ_ scaffold_8642

CONTIG: scaffold_2776 (3775bp)
Top Length: 3775  Top ID: 100.0
		One align captures most of this contig: 6 3780 | 3775 1 | 3775 3775 | 100.0 | Chloroflexi_bacterium_SCGC_AB-629-P13_gi_486338958_ref_NZ_ scaffold_2776

CONTIG: scaffold_9013 (1112bp)
Top Length: 1112  Top ID: 100.0
		One align captures most of this contig: 3790 4901 | 1112 1 | 1112 1112 | 100.0 | Chloroflexi_bacterium_SCGC_AB-629-P13_gi_486338958_ref_NZ_ scaffold_9013

CONTIG: scaffold_6275 (1666bp)
Top Length: 1666  Top ID: 100.0
		One align captures most of this contig: 7 1672 | 1666 1 | 1666 1666 | 100.0 | Chloroflexi_bacterium_SCGC_AB-629-P13_gi_486340677_ref_NZ_ scaffold_6275

CONTIG: scaffold_278 (36874bp)
Top Length: 30484  Top ID: 100.0
		This contig is misassembled. 2 total aligns.
			Excluding internal overlap of size 95 between Alignment 1 and 2:  1 6485 | 30390 36874 | 6485 6485 --> 96 6485 | 30485 36874 | 6390 6390
			Real Alignment 1: 17505 47988 | 30484 1 | 30484 30484 | 100.0 | Chloroflexi_bacterium_SCGC_AB-629-P13_gi_486340193_ref_NZ_ scaffold_278
			  Extensive misassembly ( relocation, inconsistency = -47893 ) between these two alignments
			Real Alignment 2: 96 6485 | 30485 36874 | 6390 6390 | 100.0 | Chloroflexi_bacterium_SCGC_AB-629-P13_gi_486340193_ref_NZ_ scaffold_278

CONTIG: scaffold_647 (17921bp)
Top Length: 17921  Top ID: 100.0
		One align captures most of this contig: 3 17923 | 17921 1 | 17921 17921 | 100.0 | Chloroflexi_bacterium_SCGC_AB-629-P13_gi_486334865_ref_NZ_ scaffold_647

CONTIG: scaffold_442 (25274bp)
Top Length: 16854  Top ID: 99.99
		Skipping redundant alignment 82137 82235 | 1 99 | 99 99 | 100.0 | Chloroflexi_bacterium_SCGC_AB-629-P13_gi_486332849_ref_NZ_ scaffold_442
		Skipping redundant alignment 81660 81729 | 12952 13021 | 70 70 | 100.0 | Chloroflexi_bacterium_SCGC_AB-629-P13_gi_486332849_ref_NZ_ scaffold_442
		This contig is misassembled. 5 total aligns.
			Excluding internal overlap of size 101 between Alignment 1 and 2:  1 1699 | 16754 18452 | 1699 1699 --> 102 1699 | 16855 18452 | 1598 1598
			Real Alignment 1: 1691 18544 | 16854 1 | 16854 16854 | 99.99 | Chloroflexi_bacterium_SCGC_AB-629-P13_gi_486334296_ref_NZ_ scaffold_442
			  Extensive misassembly ( relocation, inconsistency = -18443 ) between these two alignments
			Excluding internal overlap of size 241 between Alignment 2 and 3:  102 1699 | 16855 18452 | 1598 1598 --> 102 1458 | 16855 18211 | 1357 1357
			Real Alignment 2: 102 1458 | 16855 18211 | 1357 1357 | 100.0 | Chloroflexi_bacterium_SCGC_AB-629-P13_gi_486334296_ref_NZ_ scaffold_442
			  Extensive misassembly ( translocation ) between these two alignments
			Real Alignment 3: 1 7063 | 18212 25274 | 7063 7063 | 100.0 | Chloroflexi_bacterium_SCGC_AB-629-P13_gi_486337492_ref_NZ_ scaffold_442

CONTIG: scaffold_9849 (1000bp)
Top Length: 1000  Top ID: 100.0
		One align captures most of this contig: 2 1001 | 1000 1 | 1000 1000 | 100.0 | Chloroflexi_bacterium_SCGC_AB-629-P13_gi_486343815_ref_NZ_ scaffold_9849

CONTIG: scaffold_1853 (5702bp)
Top Length: 5702  Top ID: 100.0
		One align captures most of this contig: 4 5705 | 5702 1 | 5702 5702 | 100.0 | Chloroflexi_bacterium_SCGC_AB-629-P13_gi_486338278_ref_NZ_ scaffold_1853

CONTIG: scaffold_1963 (5387bp)
Top Length: 5387  Top ID: 100.0
		One align captures most of this contig: 2 5388 | 1 5387 | 5387 5387 | 100.0 | Chloroflexi_bacterium_SCGC_AB-629-P13_gi_486338732_ref_NZ_ scaffold_1963

CONTIG: scaffold_146 (62736bp)
Top Length: 62736  Top ID: 99.99
		Marking as insignificant: 1035 1127 | 93 1 | 93 93 | 98.92 | Chloroflexi_bacterium_SCGC_AB-629-P13_gi_486335652_ref_NZ_ scaffold_146
		Marking as insignificant: 55416 55507 | 62736 62645 | 92 92 | 100.0 | Chloroflexi_bacterium_SCGC_AB-629-P13_gi_486335652_ref_NZ_ scaffold_146
		Marking as insignificant: 62647 62741 | 55505 55411 | 95 95 | 100.0 | Chloroflexi_bacterium_SCGC_AB-629-P13_gi_486335652_ref_NZ_ scaffold_146
		Marking as insignificant: 1 95 | 1127 1033 | 95 95 | 100.0 | Chloroflexi_bacterium_SCGC_AB-629-P13_gi_486335652_ref_NZ_ scaffold_146
		One align captures most of this contig: 3 62738 | 1 62736 | 62736 62736 | 99.99 | Chloroflexi_bacterium_SCGC_AB-629-P13_gi_486335652_ref_NZ_ scaffold_146

CONTIG: scaffold_976 (11788bp)
Top Length: 11788  Top ID: 100.0
		One align captures most of this contig: 4 11791 | 11788 1 | 11788 11788 | 100.0 | Chloroflexi_bacterium_SCGC_AB-629-P13_gi_486335405_ref_NZ_ scaffold_976

CONTIG: scaffold_6038 (1738bp)
Top Length: 1738  Top ID: 100.0
		One align captures most of this contig: 18 1755 | 1738 1 | 1738 1738 | 100.0 | Chloroflexi_bacterium_SCGC_AB-629-P13_gi_486340399_ref_NZ_ scaffold_6038

CONTIG: scaffold_1435 (7576bp)
Top Length: 7576  Top ID: 99.97
		One align captures most of this contig: 3 7578 | 7576 1 | 7576 7576 | 99.97 | Chloroflexi_bacterium_SCGC_AB-629-P13_gi_486337135_ref_NZ_ scaffold_1435

CONTIG: scaffold_543 (20934bp)
Top Length: 20934  Top ID: 100.0
		Marking as insignificant: 15255 15346 | 20843 20934 | 92 92 | 100.0 | Chloroflexi_bacterium_SCGC_AB-629-P13_gi_486333486_ref_NZ_ scaffold_543
		Marking as insignificant: 1 95 | 5589 5683 | 95 95 | 100.0 | Chloroflexi_bacterium_SCGC_AB-629-P13_gi_486333486_ref_NZ_ scaffold_543
		One align captures most of this contig: 4 20937 | 20934 1 | 20934 20934 | 100.0 | Chloroflexi_bacterium_SCGC_AB-629-P13_gi_486333486_ref_NZ_ scaffold_543

CONTIG: scaffold_6683 (1556bp)
Top Length: 1556  Top ID: 100.0
		One align captures most of this contig: 17 1572 | 1 1556 | 1556 1556 | 100.0 | Chloroflexi_bacterium_SCGC_AB-629-P13_gi_486340833_ref_NZ_ scaffold_6683

CONTIG: scaffold_4915 (2160bp)
Top Length: 2160  Top ID: 100.0
		One align captures most of this contig: 4 2163 | 2160 1 | 2160 2160 | 100.0 | Chloroflexi_bacterium_SCGC_AB-629-P13_gi_486340024_ref_NZ_ scaffold_4915

CONTIG: scaffold_91 (82584bp)
Top Length: 82584  Top ID: 100.0
		Marking as insignificant: 82553 82647 | 5149 5243 | 95 95 | 100.0 | Chloroflexi_bacterium_SCGC_AB-629-P13_gi_486333049_ref_NZ_ scaffold_91
		One align captures most of this contig: 16 82599 | 82584 1 | 82584 82584 | 100.0 | Chloroflexi_bacterium_SCGC_AB-629-P13_gi_486333049_ref_NZ_ scaffold_91

CONTIG: scaffold_102 (75999bp)
Top Length: 75999  Top ID: 100.0
		Marking as insignificant: 5353 5436 | 75916 75999 | 84 84 | 100.0 | Chloroflexi_bacterium_SCGC_AB-629-P13_gi_486332849_ref_NZ_ scaffold_102
		Marking as insignificant: 1 95 | 70564 70658 | 95 95 | 100.0 | Chloroflexi_bacterium_SCGC_AB-629-P13_gi_486332849_ref_NZ_ scaffold_102
		One align captures most of this contig: 12 76010 | 75999 1 | 75999 75999 | 100.0 | Chloroflexi_bacterium_SCGC_AB-629-P13_gi_486332849_ref_NZ_ scaffold_102

CONTIG: scaffold_281 (36334bp)
Top Length: 36334  Top ID: 100.0
		Marking as insignificant: 116558 116642 | 36334 36250 | 85 85 | 100.0 | Chloroflexi_bacterium_SCGC_AB-629-P13_gi_486332849_ref_NZ_ scaffold_281
		Marking as insignificant: 118386 118480 | 34506 34412 | 95 95 | 100.0 | Chloroflexi_bacterium_SCGC_AB-629-P13_gi_486332849_ref_NZ_ scaffold_281
		Marking as insignificant: 18446 18544 | 99 1 | 99 99 | 100.0 | Chloroflexi_bacterium_SCGC_AB-629-P13_gi_486334296_ref_NZ_ scaffold_281
		One align captures most of this contig: 82137 118470 | 1 36334 | 36334 36334 | 100.0 | Chloroflexi_bacterium_SCGC_AB-629-P13_gi_486332849_ref_NZ_ scaffold_281

CONTIG: scaffold_2426 (4365bp)
Top Length: 4365  Top ID: 99.98
		Marking as insignificant: 5524 5593 | 507 576 | 70 70 | 100.0 | Chloroflexi_bacterium_SCGC_AB-629-P13_gi_486334296_ref_NZ_ scaffold_2426
		Marking as insignificant: 18446 18908 | 1 463 | 463 463 | 100.0 | Chloroflexi_bacterium_SCGC_AB-629-P13_gi_486334296_ref_NZ_ scaffold_2426
		One align captures most of this contig: 77871 82235 | 4365 1 | 4365 4365 | 99.98 | Chloroflexi_bacterium_SCGC_AB-629-P13_gi_486332849_ref_NZ_ scaffold_2426

CONTIG: scaffold_15002 (600bp)
Top Length: 600  Top ID: 100.0
		One align captures most of this contig: 75994 76593 | 1 600 | 600 600 | 100.0 | Chloroflexi_bacterium_SCGC_AB-629-P13_gi_486332849_ref_NZ_ scaffold_15002

CONTIG: scaffold_16780 (530bp)
Top Length: 530  Top ID: 100.0
		One align captures most of this contig: 77358 77887 | 530 1 | 530 530 | 100.0 | Chloroflexi_bacterium_SCGC_AB-629-P13_gi_486332849_ref_NZ_ scaffold_16780

CONTIG: scaffold_1788 (5952bp)
Top Length: 5952  Top ID: 100.0
		Marking as insignificant: 5778 5876 | 5854 5952 | 99 99 | 100.0 | Chloroflexi_bacterium_SCGC_AB-629-P13_gi_486335545_ref_NZ_ scaffold_1788
		One align captures most of this contig: 11 5962 | 1 5952 | 5952 5952 | 100.0 | Chloroflexi_bacterium_SCGC_AB-629-P13_gi_486337693_ref_NZ_ scaffold_1788

CONTIG: scaffold_7798 (1316bp)
Top Length: 1316  Top ID: 100.0
		One align captures most of this contig: 9 1324 | 1 1316 | 1316 1316 | 100.0 | Chloroflexi_bacterium_SCGC_AB-629-P13_gi_486342077_ref_NZ_ scaffold_7798

CONTIG: scaffold_2223 (4726bp)
Top Length: 4725  Top ID: 100.0
		One align captures most of this contig: 5587 10311 | 4726 2 | 4725 4725 | 100.0 | Chloroflexi_bacterium_SCGC_AB-629-P13_gi_486335927_ref_NZ_ scaffold_2223

CONTIG: scaffold_2835 (3707bp)
Top Length: 3707  Top ID: 99.97
		One align captures most of this contig: 1875 5581 | 3707 1 | 3707 3707 | 99.97 | Chloroflexi_bacterium_SCGC_AB-629-P13_gi_486335927_ref_NZ_ scaffold_2835

CONTIG: scaffold_2966 (3565bp)
Top Length: 1865  Top ID: 100.0
		This contig is misassembled. 2 total aligns.
			Excluding internal overlap of size 162 between Alignment 1 and 2:  20 1881 | 3565 1704 | 1862 1862 --> 20 1719 | 3565 1866 | 1700 1700
			Real Alignment 1: 1 1865 | 1865 1 | 1865 1865 | 100.0 | Chloroflexi_bacterium_SCGC_AB-629-P13_gi_486335927_ref_NZ_ scaffold_2966
			  Extensive misassembly ( translocation ) between these two alignments
			Real Alignment 2: 20 1719 | 3565 1866 | 1700 1700 | 100.0 | Chloroflexi_bacterium_SCGC_AB-629-P13_gi_486340218_ref_NZ_ scaffold_2966

CONTIG: scaffold_8943 (1122bp)
Top Length: 1122  Top ID: 100.0
		Marking as insignificant: 6066 6163 | 1026 1122 | 98 97 | 98.98 | Chloroflexi_bacterium_SCGC_AB-629-P13_gi_486341393_ref_NZ_ scaffold_8943
		One align captures most of this contig: 3 1124 | 1122 1 | 1122 1122 | 100.0 | Chloroflexi_bacterium_SCGC_AB-629-P13_gi_486343066_ref_NZ_ scaffold_8943

CONTIG: scaffold_6086 (1719bp)
Top Length: 1719  Top ID: 100.0
		One align captures most of this contig: 5 1723 | 1719 1 | 1719 1719 | 100.0 | Chloroflexi_bacterium_SCGC_AB-629-P13_gi_486340494_ref_NZ_ scaffold_6086

CONTIG: scaffold_1923 (5508bp)
Top Length: 5508  Top ID: 100.0
		One align captures most of this contig: 10 5517 | 1 5508 | 5508 5508 | 100.0 | Chloroflexi_bacterium_SCGC_AB-629-P13_gi_486338497_ref_NZ_ scaffold_1923

CONTIG: scaffold_4424 (2406bp)
Top Length: 2406  Top ID: 100.0
		One align captures most of this contig: 1 2406 | 1 2406 | 2406 2406 | 100.0 | Chloroflexi_bacterium_SCGC_AB-629-P13_gi_486339898_ref_NZ_ scaffold_4424

CONTIG: scaffold_9909 (993bp)
Top Length: 990  Top ID: 100.0
		One align captures most of this contig: 2 991 | 1 990 | 990 990 | 100.0 | Chloroflexi_bacterium_SCGC_AB-629-P13_gi_486344039_ref_NZ_ scaffold_9909

CONTIG: scaffold_7366 (1403bp)
Top Length: 1403  Top ID: 100.0
		One align captures most of this contig: 3 1405 | 1 1403 | 1403 1403 | 100.0 | Chloroflexi_bacterium_SCGC_AB-629-P13_gi_486341656_ref_NZ_ scaffold_7366

CONTIG: scaffold_5459 (1942bp)
Top Length: 1942  Top ID: 100.0
		One align captures most of this contig: 5 1946 | 1 1942 | 1942 1942 | 100.0 | Chloroflexi_bacterium_SCGC_AB-629-P13_gi_486340238_ref_NZ_ scaffold_5459

CONTIG: scaffold_7739 (1327bp)
Top Length: 1327  Top ID: 100.0
		One align captures most of this contig: 2 1328 | 1327 1 | 1327 1327 | 100.0 | Chloroflexi_bacterium_SCGC_AB-629-P13_gi_486342303_ref_NZ_ scaffold_7739

CONTIG: scaffold_779 (15084bp)
Top Length: 15084  Top ID: 100.0
		Marking as insignificant: 20013 20105 | 15084 14992 | 93 93 | 100.0 | Chloroflexi_bacterium_SCGC_AB-629-P13_gi_486333220_ref_NZ_ scaffold_779
		Marking as insignificant: 24327 24421 | 10770 10676 | 95 95 | 100.0 | Chloroflexi_bacterium_SCGC_AB-629-P13_gi_486333220_ref_NZ_ scaffold_779
		One align captures most of this contig: 9336 24419 | 1 15084 | 15084 15084 | 100.0 | Chloroflexi_bacterium_SCGC_AB-629-P13_gi_486333220_ref_NZ_ scaffold_779

CONTIG: scaffold_1205 (9318bp)
Top Length: 9318  Top ID: 100.0
		Marking as insignificant: 8422 8489 | 9318 9251 | 68 68 | 100.0 | Chloroflexi_bacterium_SCGC_AB-629-P13_gi_486333220_ref_NZ_ scaffold_1205
		Marking as insignificant: 9255 9324 | 8485 8416 | 70 70 | 100.0 | Chloroflexi_bacterium_SCGC_AB-629-P13_gi_486333220_ref_NZ_ scaffold_1205
		One align captures most of this contig: 5 9322 | 1 9318 | 9318 9318 | 100.0 | Chloroflexi_bacterium_SCGC_AB-629-P13_gi_486333220_ref_NZ_ scaffold_1205

CONTIG: scaffold_1160 (9657bp)
Top Length: 9657  Top ID: 100.0
		Marking as insignificant: 3180 3271 | 9566 9657 | 92 92 | 100.0 | Chloroflexi_bacterium_SCGC_AB-629-P13_gi_486336302_ref_NZ_ scaffold_1160
		Marking as insignificant: 1134 1228 | 6477 6571 | 95 95 | 100.0 | Chloroflexi_bacterium_SCGC_AB-629-P13_gi_486342567_ref_NZ_ scaffold_1160
		Marking as insignificant: 1 95 | 6387 6481 | 95 95 | 100.0 | Chloroflexi_bacterium_SCGC_AB-629-P13_gi_486336302_ref_NZ_ scaffold_1160
		One align captures most of this contig: 4 9660 | 9657 1 | 9657 9657 | 100.0 | Chloroflexi_bacterium_SCGC_AB-629-P13_gi_486336302_ref_NZ_ scaffold_1160

CONTIG: scaffold_1136 (9834bp)
Top Length: 9834  Top ID: 100.0
		One align captures most of this contig: 2 9835 | 9834 1 | 9834 9834 | 100.0 | Chloroflexi_bacterium_SCGC_AB-629-P13_gi_486336058_ref_NZ_ scaffold_1136

CONTIG: scaffold_1169 (9603bp)
Top Length: 9603  Top ID: 100.0
		One align captures most of this contig: 3 9605 | 1 9603 | 9603 9603 | 100.0 | Chloroflexi_bacterium_SCGC_AB-629-P13_gi_486336483_ref_NZ_ scaffold_1169

Analyzing coverage...
Writing SNPs into /Molly/gurevich/MetaQUAST/res_final/res_cami_final/runs_per_reference/Chloroflexi_bacterium_SCGC_AB-629-P13/contigs_reports/nucmer_output/IDBA_UD.used_snps
	Reference Chloroflexi_bacterium_SCGC_AB-629-P13_gi_486338278_ref_NZ_: 1 total alignments. 1 total regions.
		Region: 1 to 5706 (5706 bp)
			START in gap: 1 to 4 (3 bp)
			Align 1: 4 5705 scaffold_1853 5702 1
			END in gap: 5705 to 5706 (1 bp)

	Reference Chloroflexi_bacterium_SCGC_AB-629-P13_gi_486343639_ref_NZ_: 1 total alignments. 1 total regions.
		Region: 1 to 1060 (1060 bp)
			START in gap: 1 to 3 (2 bp)
			Align 1: 3 1056 scaffold_9437 1054 1
			END in gap: 1056 to 1060 (4 bp)

	Reference Chloroflexi_bacterium_SCGC_AB-629-P13_gi_486336721_ref_NZ_: 1 total alignments. 1 total regions.
		Region: 1 to 8384 (8384 bp)
			START in gap: 1 to 2 (1 bp)
			Align 1: 2 8384 scaffold_763 1 8383
			END in current alignment.  Modifying 8384 to 8384.

	Reference Chloroflexi_bacterium_SCGC_AB-629-P13_gi_486338732_ref_NZ_: 1 total alignments. 1 total regions.
		Region: 1 to 5400 (5400 bp)
			START in gap: 1 to 2 (1 bp)
			Align 1: 2 5388 scaffold_1963 1 5387
			END in gap: 5388 to 5400 (12 bp)

	Reference Chloroflexi_bacterium_SCGC_AB-629-P13_gi_486340255_ref_NZ_: 1 total alignments. 1 total regions.
		Region: 1 to 1902 (1902 bp)
			START in gap: 1 to 51 (50 bp)
			Align 1: 51 1901 scaffold_365 1851 1
			END in gap: 1901 to 1902 (1 bp)

	Reference Chloroflexi_bacterium_SCGC_AB-629-P13_gi_486335614_ref_NZ_: 3 total alignments. 1 total regions.
		Region: 1 to 10807 (10807 bp)
			START in gap: 1 to 3 (2 bp)
			Align 1: 3 1026 scaffold_415 1 1024
				Gap between this and next alignment: 1026 to 2190 (1163 bp)
				Next Alignment: 2190 5582 scaffold_3125 3393 1

			Align 2: 2190 5582 scaffold_3125 3393 1
				Gap between this and next alignment: 5582 to 5655 (72 bp)
				Next Alignment: 5655 10802 scaffold_2049 5148 1

			Align 3: 5655 10802 scaffold_2049 5148 1
			END in gap: 10802 to 10807 (5 bp)

	Reference Chloroflexi_bacterium_SCGC_AB-629-P13_gi_486342355_ref_NZ_: 1 total alignments. 1 total regions.
		Region: 1 to 1284 (1284 bp)
			START in gap: 1 to 44 (43 bp)
			Align 1: 44 1282 scaffold_3782 1239 1
			END in gap: 1282 to 1284 (2 bp)

	Reference Chloroflexi_bacterium_SCGC_AB-629-P13_gi_486340152_ref_NZ_: 1 total alignments. 1 total regions.
		Region: 1 to 2026 (2026 bp)
			START in gap: 1 to 3 (2 bp)
			Align 1: 3 2023 scaffold_5266 2021 1
			END in gap: 2023 to 2026 (3 bp)

	Reference Chloroflexi_bacterium_SCGC_AB-629-P13_gi_486333049_ref_NZ_: 1 total alignments. 1 total regions.
		Region: 1 to 82647 (82647 bp)
			START in gap: 1 to 16 (15 bp)
			Align 1: 16 82599 scaffold_91 82584 1
			END in gap: 82599 to 82647 (48 bp)

	Reference Chloroflexi_bacterium_SCGC_AB-629-P13_gi_486335405_ref_NZ_: 1 total alignments. 1 total regions.
		Region: 1 to 11791 (11791 bp)
			START in gap: 1 to 4 (3 bp)
			Align 1: 4 11791 scaffold_976 11788 1
			END in current alignment.  Modifying 11791 to 11791.

	Reference Chloroflexi_bacterium_SCGC_AB-629-P13_gi_486343815_ref_NZ_: 1 total alignments. 1 total regions.
		Region: 1 to 1005 (1005 bp)
			START in gap: 1 to 2 (1 bp)
			Align 1: 2 1001 scaffold_9849 1000 1
			END in gap: 1001 to 1005 (4 bp)

	Reference Chloroflexi_bacterium_SCGC_AB-629-P13_gi_486344295_ref_NZ_: 1 total alignments. 1 total regions.
		Region: 1 to 25581 (25581 bp)
			START in gap: 1 to 4 (3 bp)
			Align 1: 4 25565 scaffold_434 1 25562
			END in gap: 25565 to 25581 (16 bp)

	Reference Chloroflexi_bacterium_SCGC_AB-629-P13_gi_486335545_ref_NZ_: 3 total alignments. 1 total regions.
		Region: 1 to 11031 (11031 bp)
			START in gap: 1 to 29 (28 bp)
			Align 1: 29 683 scaffold_13942 1 655
				Gap between this and next alignment: 683 to 686 (2 bp)
				Next Alignment: 686 5876 scaffold_2034 1 5191

			Align 2: 686 5876 scaffold_2034 1 5191
				Negative gap (overlap) between this and next alignment: 5876 to 5778 (-98 bp)
				Next Alignment: 5778 11020 scaffold_2016 5243 1

			Previous gap was negative, modifying coordinates to ignore overlap
				Moving contig start from 5243 to 5144.
			Align 3: 5877 11020 scaffold_2016 5144 1
			END in gap: 11020 to 11031 (11 bp)

	Reference Chloroflexi_bacterium_SCGC_AB-629-P13_gi_486335073_ref_NZ_: 1 total alignments. 1 total regions.
		Region: 1 to 17370 (17370 bp)
			START in gap: 1 to 5 (4 bp)
			Align 1: 5 17369 scaffold_670 1 17365
			END in gap: 17369 to 17370 (1 bp)

	Reference Chloroflexi_bacterium_SCGC_AB-629-P13_gi_486344506_ref_NZ_: 1 total alignments. 1 total regions.
		Region: 1 to 25375 (25375 bp)
			Align 1: 1 25372 scaffold_441 25372 1
			END in gap: 25372 to 25375 (3 bp)

	Reference Chloroflexi_bacterium_SCGC_AB-629-P13_gi_486333972_ref_NZ_: 1 total alignments. 1 total regions.
		Region: 1 to 20028 (20028 bp)
			START in gap: 1 to 68 (67 bp)
			Align 1: 68 19936 scaffold_415 26543 6675
			END in gap: 19936 to 20028 (92 bp)

	Reference Chloroflexi_bacterium_SCGC_AB-629-P13_gi_486337693_ref_NZ_: 1 total alignments. 1 total regions.
		Region: 1 to 6154 (6154 bp)
			START in gap: 1 to 11 (10 bp)
			Align 1: 11 5962 scaffold_1788 1 5952
			END in gap: 5962 to 6154 (192 bp)

	Reference Chloroflexi_bacterium_SCGC_AB-629-P13_gi_486336483_ref_NZ_: 1 total alignments. 1 total regions.
		Region: 1 to 9612 (9612 bp)
			START in gap: 1 to 3 (2 bp)
			Align 1: 3 9605 scaffold_1169 1 9603
			END in gap: 9605 to 9612 (7 bp)

	Reference Chloroflexi_bacterium_SCGC_AB-629-P13_gi_486340677_ref_NZ_: 1 total alignments. 1 total regions.
		Region: 1 to 1673 (1673 bp)
			START in gap: 1 to 7 (6 bp)
			Align 1: 7 1672 scaffold_6275 1666 1
			END in gap: 1672 to 1673 (1 bp)

	Reference Chloroflexi_bacterium_SCGC_AB-629-P13_gi_486340218_ref_NZ_: 1 total alignments. 1 total regions.
		Region: 1 to 1881 (1881 bp)
			START in gap: 1 to 20 (19 bp)
			Align 1: 20 1719 scaffold_2966 3565 1866
			END in gap: 1719 to 1881 (162 bp)

	Reference Chloroflexi_bacterium_SCGC_AB-629-P13_gi_486339236_ref_NZ_: 1 total alignments. 1 total regions.
		Region: 1 to 2830 (2830 bp)
			START in gap: 1 to 2 (1 bp)
			Align 1: 2 2830 scaffold_3763 2829 1
			END in current alignment.  Modifying 2830 to 2830.

	Reference Chloroflexi_bacterium_SCGC_AB-629-P13_gi_486342077_ref_NZ_: 1 total alignments. 1 total regions.
		Region: 1 to 1333 (1333 bp)
			START in gap: 1 to 9 (8 bp)
			Align 1: 9 1324 scaffold_7798 1 1316
			END in gap: 1324 to 1333 (9 bp)

	Reference Chloroflexi_bacterium_SCGC_AB-629-P13_gi_486338958_ref_NZ_: 2 total alignments. 1 total regions.
		Region: 1 to 4902 (4902 bp)
			START in gap: 1 to 6 (5 bp)
			Align 1: 6 3780 scaffold_2776 3775 1
				Gap between this and next alignment: 3780 to 3790 (9 bp)
				Next Alignment: 3790 4901 scaffold_9013 1112 1

			Align 2: 3790 4901 scaffold_9013 1112 1
			END in gap: 4901 to 4902 (1 bp)

	Reference Chloroflexi_bacterium_SCGC_AB-629-P13_gi_486334592_ref_NZ_: 3 total alignments. 1 total regions.
		Region: 1 to 18330 (18330 bp)
			Align 1: 1 3733 scaffold_2808 3733 1
				Gap between this and next alignment: 3733 to 4126 (392 bp)
				Next Alignment: 4126 14404 scaffold_1078 1 10279

			Align 2: 4126 14404 scaffold_1078 1 10279
				Negative gap (overlap) between this and next alignment: 14404 to 14306 (-98 bp)
				Next Alignment: 14306 18109 scaffold_787 1 3804

			Previous gap was negative, modifying coordinates to ignore overlap
				Moving contig start from 1 to 100.
			Align 3: 14405 18109 scaffold_787 100 3804
			END in gap: 18109 to 18330 (221 bp)

	Reference Chloroflexi_bacterium_SCGC_AB-629-P13_gi_486342303_ref_NZ_: 1 total alignments. 1 total regions.
		Region: 1 to 1328 (1328 bp)
			START in gap: 1 to 2 (1 bp)
			Align 1: 2 1328 scaffold_7739 1327 1
			END in current alignment.  Modifying 1328 to 1328.

	Reference Chloroflexi_bacterium_SCGC_AB-629-P13_gi_486337135_ref_NZ_: 1 total alignments. 1 total regions.
		Region: 1 to 7579 (7579 bp)
			START in gap: 1 to 3 (2 bp)
			Align 1: 3 7578 scaffold_1435 7576 1
			END in gap: 7578 to 7579 (1 bp)

	Reference Chloroflexi_bacterium_SCGC_AB-629-P13_gi_486340193_ref_NZ_: 3 total alignments. 1 total regions.
		Region: 1 to 47993 (47993 bp)
			START in gap: 1 to 96 (95 bp)
			Align 1: 96 6485 scaffold_278 30485 36874
				Gap between this and next alignment: 6485 to 6502 (16 bp)
				Next Alignment: 6502 17511 scaffold_787 14814 3805

			Align 2: 6502 17511 scaffold_787 14814 3805
				Negative gap (overlap) between this and next alignment: 17511 to 17505 (-6 bp)
				Next Alignment: 17505 47988 scaffold_278 30484 1

			Previous gap was negative, modifying coordinates to ignore overlap
				Moving contig start from 30484 to 30477.
			Align 3: 17512 47988 scaffold_278 30477 1
			END in gap: 47988 to 47993 (5 bp)

	Reference Chloroflexi_bacterium_SCGC_AB-629-P13_gi_486333486_ref_NZ_: 1 total alignments. 1 total regions.
		Region: 1 to 20941 (20941 bp)
			START in gap: 1 to 4 (3 bp)
			Align 1: 4 20937 scaffold_543 20934 1
			END in gap: 20937 to 20941 (4 bp)

	Reference Chloroflexi_bacterium_SCGC_AB-629-P13_gi_486344205_ref_NZ_: 1 total alignments. 1 total regions.
		Region: 1 to 26975 (26975 bp)
			Align 1: 1 26973 scaffold_365 1852 28824
			END in gap: 26973 to 26975 (2 bp)

	Reference Chloroflexi_bacterium_SCGC_AB-629-P13_gi_486334296_ref_NZ_: 2 total alignments. 1 total regions.
		Region: 1 to 18965 (18965 bp)
			START in gap: 1 to 102 (101 bp)
			Align 1: 102 1458 scaffold_442 16855 18211
				Gap between this and next alignment: 1458 to 1691 (232 bp)
				Next Alignment: 1691 18544 scaffold_442 16854 1

			Align 2: 1691 18544 scaffold_442 16854 1
			END in gap: 18544 to 18965 (421 bp)

	Reference Chloroflexi_bacterium_SCGC_AB-629-P13_gi_486337922_ref_NZ_: 1 total alignments. 1 total regions.
		Region: 1 to 48554 (48554 bp)
			START in gap: 1 to 4 (3 bp)
			Align 1: 4 48549 scaffold_203 48546 1
			END in gap: 48549 to 48554 (5 bp)

	Reference Chloroflexi_bacterium_SCGC_AB-629-P13_gi_486341859_ref_NZ_: 1 total alignments. 1 total regions.
		Region: 1 to 1342 (1342 bp)
			START in gap: 1 to 4 (3 bp)
			Align 1: 4 1201 scaffold_3128 1 1198
			END in gap: 1201 to 1342 (141 bp)

	Reference Chloroflexi_bacterium_SCGC_AB-629-P13_gi_486338079_ref_NZ_: 1 total alignments. 1 total regions.
		Region: 1 to 5876 (5876 bp)
			Align 1: 1 5650 scaffold_415 1025 6674
			END in gap: 5650 to 5876 (226 bp)

	Reference Chloroflexi_bacterium_SCGC_AB-629-P13_gi_486335927_ref_NZ_: 3 total alignments. 1 total regions.
		Region: 1 to 10312 (10312 bp)
			Align 1: 1 1865 scaffold_2966 1865 1
				Gap between this and next alignment: 1865 to 1875 (9 bp)
				Next Alignment: 1875 5581 scaffold_2835 3707 1

			Align 2: 1875 5581 scaffold_2835 3707 1
				Gap between this and next alignment: 5581 to 5587 (5 bp)
				Next Alignment: 5587 10311 scaffold_2223 4726 2

			Align 3: 5587 10311 scaffold_2223 4726 2
			END in gap: 10311 to 10312 (1 bp)

	Reference Chloroflexi_bacterium_SCGC_AB-629-P13_gi_486340370_ref_NZ_: 1 total alignments. 1 total regions.
		Region: 1 to 1940 (1940 bp)
			START in gap: 1 to 8 (7 bp)
			Align 1: 8 1926 scaffold_5514 1919 1
			END in gap: 1926 to 1940 (14 bp)

	Reference Chloroflexi_bacterium_SCGC_AB-629-P13_gi_486335652_ref_NZ_: 1 total alignments. 1 total regions.
		Region: 1 to 62741 (62741 bp)
			START in gap: 1 to 3 (2 bp)
			Align 1: 3 62738 scaffold_146 1 62736
			END in gap: 62738 to 62741 (3 bp)

	Reference Chloroflexi_bacterium_SCGC_AB-629-P13_gi_486340494_ref_NZ_: 1 total alignments. 1 total regions.
		Region: 1 to 1733 (1733 bp)
			START in gap: 1 to 5 (4 bp)
			Align 1: 5 1723 scaffold_6086 1719 1
			END in gap: 1723 to 1733 (10 bp)

	Reference Chloroflexi_bacterium_SCGC_AB-629-P13_gi_486340399_ref_NZ_: 1 total alignments. 1 total regions.
		Region: 1 to 1755 (1755 bp)
			START in gap: 1 to 18 (17 bp)
			Align 1: 18 1755 scaffold_6038 1738 1
			END in current alignment.  Modifying 1755 to 1755.

	Reference Chloroflexi_bacterium_SCGC_AB-629-P13_gi_486341195_ref_NZ_: 1 total alignments. 1 total regions.
		Region: 1 to 1535 (1535 bp)
			START in gap: 1 to 13 (12 bp)
			Align 1: 13 1518 scaffold_6884 1506 1
			END in gap: 1518 to 1535 (17 bp)

	Reference Chloroflexi_bacterium_SCGC_AB-629-P13_gi_486343066_ref_NZ_: 1 total alignments. 1 total regions.
		Region: 1 to 1126 (1126 bp)
			START in gap: 1 to 3 (2 bp)
			Align 1: 3 1124 scaffold_8943 1122 1
			END in gap: 1124 to 1126 (2 bp)

	Reference Chloroflexi_bacterium_SCGC_AB-629-P13_gi_486341656_ref_NZ_: 1 total alignments. 1 total regions.
		Region: 1 to 1406 (1406 bp)
			START in gap: 1 to 3 (2 bp)
			Align 1: 3 1405 scaffold_7366 1 1403
			END in gap: 1405 to 1406 (1 bp)

	Reference Chloroflexi_bacterium_SCGC_AB-629-P13_gi_486339898_ref_NZ_: 1 total alignments. 1 total regions.
		Region: 1 to 2420 (2420 bp)
			Align 1: 1 2406 scaffold_4424 1 2406
			END in gap: 2406 to 2420 (14 bp)

	Reference Chloroflexi_bacterium_SCGC_AB-629-P13_gi_486333220_ref_NZ_: 2 total alignments. 1 total regions.
		Region: 1 to 24421 (24421 bp)
			START in gap: 1 to 5 (4 bp)
			Align 1: 5 9322 scaffold_1205 1 9318
				Gap between this and next alignment: 9322 to 9336 (13 bp)
				Next Alignment: 9336 24419 scaffold_779 1 15084

			Align 2: 9336 24419 scaffold_779 1 15084
			END in gap: 24419 to 24421 (2 bp)

	Reference Chloroflexi_bacterium_SCGC_AB-629-P13_gi_486340238_ref_NZ_: 1 total alignments. 1 total regions.
		Region: 1 to 1956 (1956 bp)
			START in gap: 1 to 5 (4 bp)
			Align 1: 5 1946 scaffold_5459 1 1942
			END in gap: 1946 to 1956 (10 bp)

	Reference Chloroflexi_bacterium_SCGC_AB-629-P13_gi_486343393_ref_NZ_: 1 total alignments. 1 total regions.
		Region: 1 to 37321 (37321 bp)
			START in gap: 1 to 7 (6 bp)
			Align 1: 7 37305 scaffold_275 37299 1
			END in gap: 37305 to 37321 (16 bp)

	Reference Chloroflexi_bacterium_SCGC_AB-629-P13_gi_486340833_ref_NZ_: 1 total alignments. 1 total regions.
		Region: 1 to 1587 (1587 bp)
			START in gap: 1 to 17 (16 bp)
			Align 1: 17 1572 scaffold_6683 1 1556
			END in gap: 1572 to 1587 (15 bp)

	Reference Chloroflexi_bacterium_SCGC_AB-629-P13_gi_486337368_ref_NZ_: 2 total alignments. 1 total regions.
		Region: 1 to 7144 (7144 bp)
			Align 1: 1 4111 scaffold_763 12494 8384
				Gap between this and next alignment: 4111 to 4298 (186 bp)
				Next Alignment: 4298 7142 scaffold_763 12495 15339

			Align 2: 4298 7142 scaffold_763 12495 15339
			END in gap: 7142 to 7144 (2 bp)

	Reference Chloroflexi_bacterium_SCGC_AB-629-P13_gi_486340024_ref_NZ_: 1 total alignments. 1 total regions.
		Region: 1 to 2182 (2182 bp)
			START in gap: 1 to 4 (3 bp)
			Align 1: 4 2163 scaffold_4915 2160 1
			END in gap: 2163 to 2182 (19 bp)

	Reference Chloroflexi_bacterium_SCGC_AB-629-P13_gi_486336978_ref_NZ_: 2 total alignments. 1 total regions.
		Region: 1 to 8313 (8313 bp)
			START in gap: 1 to 12 (11 bp)
			Align 1: 12 4177 scaffold_2541 1 4166
				Gap between this and next alignment: 4177 to 4185 (7 bp)
				Next Alignment: 4185 8301 scaffold_2565 1 4117

			Align 2: 4185 8301 scaffold_2565 1 4117
			END in gap: 8301 to 8313 (12 bp)

	Reference Chloroflexi_bacterium_SCGC_AB-629-P13_gi_486334865_ref_NZ_: 1 total alignments. 1 total regions.
		Region: 1 to 17925 (17925 bp)
			START in gap: 1 to 3 (2 bp)
			Align 1: 3 17923 scaffold_647 17921 1
			END in gap: 17923 to 17925 (2 bp)

	Reference Chloroflexi_bacterium_SCGC_AB-629-P13_gi_486337492_ref_NZ_: 1 total alignments. 1 total regions.
		Region: 1 to 7068 (7068 bp)
			Align 1: 1 7063 scaffold_442 18212 25274
			END in gap: 7063 to 7068 (5 bp)

	Reference Chloroflexi_bacterium_SCGC_AB-629-P13_gi_486343234_ref_NZ_: 1 total alignments. 1 total regions.
		Region: 1 to 1180 (1180 bp)
			START in gap: 1 to 2 (1 bp)
			Align 1: 2 1171 scaffold_8642 1170 1
			END in gap: 1171 to 1180 (9 bp)

	Reference Chloroflexi_bacterium_SCGC_AB-629-P13_gi_486341393_ref_NZ_: 2 total alignments. 1 total regions.
		Region: 1 to 39432 (39432 bp)
			START in gap: 1 to 3 (2 bp)
			Align 1: 3 34469 scaffold_298 1 34467
				Negative gap (overlap) between this and next alignment: 34469 to 34371 (-98 bp)
				Next Alignment: 34371 39425 scaffold_2082 5055 1

			Previous gap was negative, modifying coordinates to ignore overlap
				Moving contig start from 5055 to 4956.
			Align 2: 34470 39425 scaffold_2082 4956 1
			END in gap: 39425 to 39432 (7 bp)

	Reference Chloroflexi_bacterium_SCGC_AB-629-P13_gi_486338497_ref_NZ_: 1 total alignments. 1 total regions.
		Region: 1 to 5520 (5520 bp)
			START in gap: 1 to 10 (9 bp)
			Align 1: 10 5517 scaffold_1923 1 5508
			END in gap: 5517 to 5520 (3 bp)

	Reference Chloroflexi_bacterium_SCGC_AB-629-P13_gi_486332849_ref_NZ_: 5 total alignments. 1 total regions.
		Region: 1 to 118480 (118480 bp)
			START in gap: 1 to 12 (11 bp)
			Align 1: 12 76010 scaffold_102 75999 1
				Negative gap (overlap) between this and next alignment: 76010 to 75994 (-16 bp)
				Next Alignment: 75994 76593 scaffold_15002 1 600

			Previous gap was negative, modifying coordinates to ignore overlap
				Moving contig start from 1 to 18.
			Align 2: 76011 76593 scaffold_15002 18 600
				Gap between this and next alignment: 76593 to 77358 (764 bp)
				Next Alignment: 77358 77887 scaffold_16780 530 1

			Align 3: 77358 77887 scaffold_16780 530 1
				Negative gap (overlap) between this and next alignment: 77887 to 77871 (-16 bp)
				Next Alignment: 77871 82235 scaffold_2426 4365 1

			Previous gap was negative, modifying coordinates to ignore overlap
				Moving contig start from 4365 to 4348.
			Align 4: 77888 82235 scaffold_2426 4348 1
				Negative gap (overlap) between this and next alignment: 82235 to 82137 (-98 bp)
				Next Alignment: 82137 118470 scaffold_281 1 36334

			Previous gap was negative, modifying coordinates to ignore overlap
				Moving contig start from 1 to 100.
			Align 5: 82236 118470 scaffold_281 100 36334
			END in gap: 118470 to 118480 (10 bp)

	Reference Chloroflexi_bacterium_SCGC_AB-629-P13_gi_486340138_ref_NZ_: 1 total alignments. 1 total regions.
		Region: 1 to 1997 (1997 bp)
			Align 1: 1 1988 scaffold_3502 1058 3045
			END in gap: 1988 to 1997 (9 bp)

	Reference Chloroflexi_bacterium_SCGC_AB-629-P13_gi_486342567_ref_NZ_: 1 total alignments. 1 total regions.
		Region: 1 to 1228 (1228 bp)
			START in gap: 1 to 20 (19 bp)
			Align 1: 20 1227 scaffold_8420 1 1208
			END in gap: 1227 to 1228 (1 bp)

	Reference Chloroflexi_bacterium_SCGC_AB-629-P13_gi_486344039_ref_NZ_: 1 total alignments. 1 total regions.
		Region: 1 to 1001 (1001 bp)
			START in gap: 1 to 2 (1 bp)
			Align 1: 2 991 scaffold_9909 1 990
			END in gap: 991 to 1001 (10 bp)

	Reference Chloroflexi_bacterium_SCGC_AB-629-P13_gi_486341017_ref_NZ_: 1 total alignments. 1 total regions.
		Region: 1 to 1578 (1578 bp)
			Align 1: 1 1573 scaffold_3782 1240 2812
			END in gap: 1573 to 1578 (5 bp)

	Reference Chloroflexi_bacterium_SCGC_AB-629-P13_gi_486336302_ref_NZ_: 1 total alignments. 1 total regions.
		Region: 1 to 9672 (9672 bp)
			START in gap: 1 to 4 (3 bp)
			Align 1: 4 9660 scaffold_1160 9657 1
			END in gap: 9660 to 9672 (12 bp)

	Reference Chloroflexi_bacterium_SCGC_AB-629-P13_gi_486342708_ref_NZ_: 1 total alignments. 1 total regions.
		Region: 1 to 1163 (1163 bp)
			START in gap: 1 to 4 (3 bp)
			Align 1: 4 1160 scaffold_8722 1157 1
			END in gap: 1160 to 1163 (3 bp)

	Reference Chloroflexi_bacterium_SCGC_AB-629-P13_gi_486342870_ref_NZ_: 1 total alignments. 1 total regions.
		Region: 1 to 1152 (1152 bp)
			Align 1: 1 1057 scaffold_3502 1 1057
			END in gap: 1057 to 1152 (95 bp)

	Reference Chloroflexi_bacterium_SCGC_AB-629-P13_gi_486336058_ref_NZ_: 1 total alignments. 1 total regions.
		Region: 1 to 9848 (9848 bp)
			START in gap: 1 to 2 (1 bp)
			Align 1: 2 9835 scaffold_1136 9834 1
			END in gap: 9835 to 9848 (13 bp)

Analysis is finished!
Founded SNPs were written into /Molly/gurevich/MetaQUAST/res_final/res_cami_final/runs_per_reference/Chloroflexi_bacterium_SCGC_AB-629-P13/contigs_reports/nucmer_output/IDBA_UD.used_snps

Results:
	Local Misassemblies: 0
	Misassemblies: 12
		Relocations: 2
		Translocations: 9
		Inversions: 1
	Fake misassemblies matched with structural variations: 0
	Misassembled Contigs: 9
	Misassembled Contig Bases: 157090
	Misassemblies Inter-Contig Overlap: 0
Uncovered Regions: 0 (0)
Unaligned Contigs: 0 + 1 part
Partially Unaligned Contigs with Misassemblies: 0
Unaligned Contig Bases: 2194

Ambiguously Mapped Contigs: 1
Total Bases in Ambiguously Mapped Contigs: 3393
Note that --allow-ambiguity option was set to "one" and only first alignment per each contig was used.

	Covered Bases: 837382

	SNPs: 6
	Insertions: 0
	Deletions: 33

	Positive Gaps: 123
		Internal Gaps:  2
		External Gaps:  121
		External Gap Total:  5001
		External Gap Average: 41
	Negative Gaps: 7
		Internal Overlaps:  0
		External Overlaps:  7
		External Overlaps Total: -430
		External Overlaps Average: -61
	Contigs with Redundant Alignments: 0 (0)
